nodes: [10, 11, 18, 19, 45, 55, 57, 67, 72, 83, 87, 106, 107, 113] num of nodes:  14
[[10, 118, 119, 28, 77], [8, 80, 75, 11, 125], [1, 103, 123, 18, 47], [8, 80, 75, 19, 31], [24, 45, 35, 41, 90, 54], [22, 74, 63, 42, 55], [20, 79, 97, 57, 48, 110], [43, 74, 127, 67, 51], [2, 72, 3, 21, 115], [17, 32, 40, 82, 83], [9, 87, 27, 100, 60, 53], [9, 32, 96, 106, 30], [13, 39, 128, 69, 107], [4, 116, 44, 13, 113]]
len of cliques:  14
length of seeds:  14
i =  0 [9, 15, 17, 24, 25, 26, 27, 30, 32, 35, 40, 41, 45, 46, 49, 53, 54, 59, 60, 61, 65, 68, 78, 82, 83, 87, 89, 90, 93, 96, 100, 106]
i =  1 [128, 4, 10, 13, 14, 16, 20, 23, 28, 29, 36, 37, 39, 44, 48, 57, 66, 69, 77, 79, 85, 94, 97, 107, 110, 112, 113, 114, 116, 117, 118, 119]
i =  2 [9, 15, 17, 24, 25, 26, 27, 30, 32, 35, 40, 41, 45, 46, 49, 53, 54, 59, 60, 61, 65, 68, 78, 82, 83, 87, 89, 90, 93, 96, 100, 106]
i =  3 [128, 4, 10, 13, 14, 16, 20, 23, 28, 29, 36, 37, 39, 44, 48, 57, 66, 69, 77, 79, 85, 94, 97, 107, 110, 112, 113, 114, 116, 117, 118, 119]
i =  4 [1, 6, 7, 8, 11, 12, 18, 19, 31, 33, 38, 47, 50, 52, 56, 62, 71, 73, 75, 80, 81, 86, 88, 99, 102, 103, 104, 109, 121, 123, 124, 125]
i =  5 [1, 6, 7, 8, 11, 12, 18, 19, 31, 33, 38, 47, 50, 52, 56, 62, 71, 73, 75, 80, 81, 86, 88, 99, 102, 103, 104, 109, 121, 123, 124, 125]
i =  6 [1, 6, 7, 8, 11, 12, 18, 19, 31, 33, 38, 47, 50, 52, 56, 62, 71, 73, 75, 80, 81, 86, 88, 99, 102, 103, 104, 109, 121, 123, 124, 125]
i =  7 [2, 3, 5, 21, 22, 34, 42, 43, 51, 55, 58, 63, 64, 67, 70, 72, 74, 76, 84, 91, 92, 95, 98, 101, 105, 108, 111, 115, 120, 122, 126, 127]
i =  8 [2, 3, 5, 21, 22, 34, 42, 43, 51, 55, 58, 63, 64, 67, 70, 72, 74, 76, 84, 91, 92, 95, 98, 101, 105, 108, 111, 115, 120, 122, 126, 127]
i =  9 [2, 3, 5, 21, 22, 34, 42, 43, 51, 55, 58, 63, 64, 67, 70, 72, 74, 76, 84, 91, 92, 95, 98, 101, 105, 108, 111, 115, 120, 122, 126, 127]
i =  10 [9, 15, 17, 24, 25, 26, 27, 30, 32, 35, 40, 41, 45, 46, 49, 53, 54, 59, 60, 61, 65, 68, 78, 82, 83, 87, 89, 90, 93, 96, 100, 106]
i =  11 [9, 15, 17, 24, 25, 26, 27, 30, 32, 35, 40, 41, 45, 46, 49, 53, 54, 59, 60, 61, 65, 68, 78, 82, 83, 87, 89, 90, 93, 96, 100, 106]
i =  12 [128, 4, 10, 13, 14, 16, 20, 23, 28, 29, 36, 37, 39, 44, 48, 57, 66, 69, 77, 79, 85, 94, 97, 107, 110, 112, 113, 114, 116, 117, 118, 119]
i =  13 [128, 4, 10, 13, 14, 16, 20, 23, 28, 29, 36, 37, 39, 44, 48, 57, 66, 69, 77, 79, 85, 94, 97, 107, 110, 112, 113, 114, 116, 117, 118, 119]
complete deal_communities
commplete get_all_nature_community
----------------------------------The detection result is: 

all communities: 
i =  1 : [9, 15, 17, 24, 25, 26, 27, 30, 32, 35, 40, 41, 45, 46, 49, 53, 54, 59, 60, 61, 65, 68, 78, 82, 83, 87, 89, 90, 93, 96, 100, 106]
i =  2 : [4, 10, 13, 14, 16, 20, 23, 28, 29, 36, 37, 39, 44, 48, 57, 66, 69, 77, 79, 85, 94, 97, 107, 110, 112, 113, 114, 116, 117, 118, 119, 128]
i =  3 : [1, 6, 7, 8, 11, 12, 18, 19, 31, 33, 38, 47, 50, 52, 56, 62, 71, 73, 75, 80, 81, 86, 88, 99, 102, 103, 104, 109, 121, 123, 124, 125]
i =  4 : [2, 3, 5, 21, 22, 34, 42, 43, 51, 55, 58, 63, 64, 67, 70, 72, 74, 76, 84, 91, 92, 95, 98, 101, 105, 108, 111, 115, 120, 122, 126, 127]
overlapping nodes are:  [] 
 NOO is:  0
total time is:  4.60349416733
