nodes: [30, 41, 54, 55, 58, 60, 61, 65, 74, 75, 83, 89, 106, 107, 115, 124] num of nodes:  16
[[2, 4, 19, 30, 120], [2, 6, 41, 44, 126], [5, 32, 78, 54, 104], [8, 11, 55, 122, 15], [33, 46, 116, 101, 58, 81], [29, 42, 60, 92, 69], [9, 68, 34, 87, 61], [20, 24, 95, 65, 114], [1, 56, 72, 74, 117], [39, 75, 125, 69], [21, 52, 83, 24, 48], [8, 11, 89, 122, 15], [27, 45, 40, 80, 106, 110], [1, 56, 72, 98, 107], [28, 32, 115, 31, 67, 45], [39, 124, 92, 128, 59]]
len of cliques:  16
length of seeds:  15
i =  0 [128, 18, 29, 33, 36, 39, 42, 46, 58, 59, 60, 62, 64, 69, 70, 75, 76, 77, 79, 81, 84, 85, 88, 90, 92, 101, 109, 113, 116, 124, 125, 127]
i =  1 [5, 9, 26, 27, 28, 31, 32, 34, 40, 45, 53, 54, 61, 63, 67, 68, 73, 78, 80, 87, 93, 97, 99, 100, 104, 105, 106, 110, 115, 118, 119, 123]
i =  2 [5, 9, 26, 27, 28, 31, 32, 34, 40, 45, 53, 54, 61, 63, 67, 68, 73, 78, 80, 87, 93, 97, 99, 100, 104, 105, 106, 110, 115, 118, 119, 123]
i =  3 [2, 3, 4, 6, 8, 10, 11, 12, 13, 14, 15, 17, 19, 22, 23, 30, 41, 43, 44, 55, 66, 82, 86, 89, 91, 102, 108, 112, 120, 121, 122, 126]
i =  4 [2, 3, 4, 6, 8, 10, 11, 12, 13, 14, 15, 17, 19, 22, 23, 30, 41, 43, 44, 55, 66, 82, 86, 89, 91, 102, 108, 112, 120, 121, 122, 126]
i =  5 [5, 9, 26, 27, 28, 31, 32, 34, 40, 45, 53, 54, 61, 63, 67, 68, 73, 78, 80, 87, 93, 97, 99, 100, 104, 105, 106, 110, 115, 118, 119, 123]
i =  6 [2, 3, 4, 6, 8, 10, 11, 12, 13, 14, 15, 17, 19, 22, 23, 30, 41, 43, 44, 55, 66, 82, 86, 89, 91, 102, 108, 112, 120, 121, 122, 126]
i =  7 [128, 18, 29, 33, 36, 39, 42, 46, 58, 59, 60, 62, 64, 69, 70, 75, 76, 77, 79, 81, 84, 85, 88, 90, 92, 101, 109, 113, 116, 124, 125, 127]
i =  8 [5, 9, 26, 27, 28, 31, 32, 34, 40, 45, 53, 54, 61, 63, 67, 68, 73, 78, 80, 87, 93, 97, 99, 100, 104, 105, 106, 110, 115, 118, 119, 123]
i =  9 [1, 7, 16, 20, 21, 24, 25, 35, 37, 38, 47, 48, 49, 50, 51, 52, 56, 57, 65, 71, 72, 74, 83, 94, 95, 96, 98, 103, 107, 111, 114, 117]
i =  10 [1, 7, 16, 20, 21, 24, 25, 35, 37, 38, 47, 48, 49, 50, 51, 52, 56, 57, 65, 71, 72, 74, 83, 94, 95, 96, 98, 103, 107, 111, 114, 117]
i =  11 [1, 7, 16, 20, 21, 24, 25, 35, 37, 38, 47, 48, 49, 50, 51, 52, 56, 57, 65, 71, 72, 74, 83, 94, 95, 96, 98, 103, 107, 111, 114, 117]
i =  12 [2, 3, 4, 6, 8, 10, 11, 12, 13, 14, 15, 17, 19, 22, 23, 30, 41, 43, 44, 55, 66, 82, 86, 89, 91, 102, 108, 112, 120, 121, 122, 126]
i =  13 [1, 7, 16, 20, 21, 24, 25, 35, 37, 38, 47, 48, 49, 50, 51, 52, 56, 57, 65, 71, 72, 74, 83, 94, 95, 96, 98, 103, 107, 111, 114, 117]
i =  14 [128, 18, 29, 33, 36, 39, 42, 46, 58, 59, 60, 62, 64, 69, 70, 75, 76, 77, 79, 81, 84, 85, 88, 90, 92, 101, 109, 113, 116, 124, 125, 127]
complete deal_communities
commplete get_all_nature_community
----------------------------------The detection result is: 

all communities: 
i =  1 : [18, 29, 33, 36, 39, 42, 46, 58, 59, 60, 62, 64, 69, 70, 75, 76, 77, 79, 81, 84, 85, 88, 90, 92, 101, 109, 113, 116, 124, 125, 127, 128]
i =  2 : [5, 9, 26, 27, 28, 31, 32, 34, 40, 45, 53, 54, 61, 63, 67, 68, 73, 78, 80, 87, 93, 97, 99, 100, 104, 105, 106, 110, 115, 118, 119, 123]
i =  3 : [2, 3, 4, 6, 8, 10, 11, 12, 13, 14, 15, 17, 19, 22, 23, 30, 41, 43, 44, 55, 66, 82, 86, 89, 91, 102, 108, 112, 120, 121, 122, 126]
i =  4 : [1, 7, 16, 20, 21, 24, 25, 35, 37, 38, 47, 48, 49, 50, 51, 52, 56, 57, 65, 71, 72, 74, 83, 94, 95, 96, 98, 103, 107, 111, 114, 117]
overlapping nodes are:  [] 
 NOO is:  0
total time is:  9.35699391365
