lens of ground_truth:  22
ground_truth is: [[5, 30, 55, 79, 137, 150, 155, 165, 177, 187, 229, 233, 276, 317, 358, 400, 405, 411, 458, 464, 466, 492, 540, 543, 565, 599, 624, 625, 658, 668, 669, 700, 707, 748, 754, 780, 876, 909], [25, 37, 45, 89, 96, 152, 194, 195, 218, 231, 282, 295, 322, 359, 366, 386, 474, 527, 535, 550, 579, 621, 664, 673, 696, 759, 818, 827, 832, 868, 943, 947], [24, 31, 73, 76, 118, 128, 131, 199, 210, 245, 261, 287, 341, 351, 468, 637, 646, 701, 751, 756, 784, 887, 907, 925, 943], [40, 46, 82, 95, 100, 101, 106, 123, 163, 164, 179, 217, 262, 268, 289, 311, 481, 482, 490, 525, 532, 534, 611, 636, 674, 680, 708, 709, 711, 829, 831, 862, 962], [18, 26, 88, 107, 109, 124, 147, 183, 254, 275, 278, 304, 410, 414, 419, 432, 439, 471, 537, 591, 594, 643, 663, 672, 738, 811], [8, 13, 17, 46, 63, 86, 92, 103, 126, 132, 154, 169, 174, 187, 214, 222, 224, 235, 271, 279, 283, 285, 310, 325, 332, 337, 361, 363, 365, 372, 394, 398, 400, 418, 423, 440, 443, 503, 505, 513, 518, 522, 528, 530, 539, 549, 553, 557, 561, 576, 581, 584, 587, 628, 632, 639, 651, 652, 679, 682, 689, 695, 705, 760, 797, 804, 812, 815, 849, 852, 857, 867, 903, 906, 918, 919, 922, 949, 950, 955, 962, 963, 969, 989], [41, 49, 53, 145, 166, 206, 208, 234, 244, 246, 345, 407, 473, 529, 544, 562, 571, 648, 665, 666, 677, 823, 848], [3, 70, 72, 90, 93, 97, 116, 127, 143, 151, 172, 179, 193, 202, 209, 239, 247, 267, 272, 277, 328, 331, 342, 353, 382, 426, 433, 442, 453, 504, 516, 541, 554, 578, 586, 622, 642, 658, 683, 724, 731, 745, 753, 777, 793, 798, 824, 839, 850, 851, 853, 854, 870, 877, 879, 881, 882, 884, 889, 898, 902, 925, 938, 941, 977, 980, 993], [1, 9, 42, 104, 167, 188, 228, 307, 320, 326, 377, 573, 577, 580, 608, 640, 649, 659, 686, 710, 817, 853, 917, 963], [15, 22, 23, 36, 54, 56, 64, 77, 87, 130, 133, 190, 211, 226, 242, 249, 253, 274, 285, 292, 297, 329, 389, 395, 434, 436, 437, 467, 475, 476, 479, 488, 494, 517, 551, 575, 634, 650, 692, 693, 703, 716, 723, 736, 740, 761, 762, 783, 828, 883, 887, 893, 908, 912, 918, 924, 926, 928, 930, 942, 944, 961, 967, 976, 979, 990], [6, 21, 28, 43, 77, 98, 111, 114, 157, 169, 172, 182, 184, 207, 215, 241, 251, 252, 255, 262, 266, 299, 312, 319, 350, 373, 395, 403, 406, 446, 456, 459, 480, 486, 489, 490, 569, 588, 601, 609, 612, 655, 657, 676, 683, 698, 746, 763, 767, 771, 800, 807, 823, 833, 866, 868, 895, 899, 932, 933, 934, 945, 947, 948, 982, 983, 987, 995, 997, 999], [65, 78, 105, 138, 154, 170, 212, 281, 303, 336, 357, 396, 438, 449, 450, 462, 497, 515, 567, 570, 635, 653, 670, 691, 712, 755, 769, 775, 827], [16, 27, 51, 68, 81, 121, 227, 250, 257, 259, 263, 264, 265, 288, 291, 356, 357, 360, 413, 441, 452, 460, 461, 472, 483, 506, 512, 536, 564, 582, 592, 606, 615, 630, 631, 690, 699, 722, 730, 741, 743, 781, 790, 796, 834, 841, 849, 869, 886, 911, 959, 965, 973, 974, 981, 986, 997], [4, 34, 57, 62, 85, 102, 108, 113, 117, 125, 129, 156, 168, 230, 248, 270, 272, 280, 308, 327, 334, 335, 340, 355, 374, 388, 390, 420, 425, 429, 430, 435, 447, 454, 457, 488, 496, 501, 511, 514, 547, 563, 605, 629, 684, 702, 713, 728, 749, 750, 770, 785, 795, 802, 803, 809, 826, 846, 858, 859, 863, 865, 872, 874, 892, 896, 901, 905, 935, 939, 946, 951, 956, 968, 982], [99, 135, 142, 162, 192, 198, 245, 269, 369, 387, 404, 445, 485, 491, 610, 618, 638, 645, 667, 671, 688, 704, 714, 721, 782, 810, 836, 888, 924], [39, 47, 52, 69, 134, 161, 191, 223, 232, 238, 306, 320, 329, 344, 352, 364, 380, 392, 396, 412, 552, 558, 559, 619, 678, 681, 705, 727, 739, 757, 765, 766, 773, 792, 805, 813, 817, 820, 835, 838, 873, 888, 897, 904, 920, 923, 952, 964, 966, 971, 975], [60, 61, 94, 115, 116, 119, 122, 159, 204, 240, 305, 347, 372, 375, 381, 384, 398, 524, 546, 548, 574, 616, 661, 719, 758, 779, 786, 801, 855], [35, 74, 136, 148, 178, 196, 213, 225, 256, 321, 328, 363, 401, 416, 427, 465, 519, 523, 614, 660, 720, 774, 789, 794, 810, 816, 821, 830, 837, 880, 891, 935], [10, 22, 23, 32, 48, 50, 75, 141, 144, 149, 158, 181, 201, 220, 236, 284, 286, 292, 298, 300, 309, 318, 338, 370, 371, 383, 385, 408, 431, 451, 462, 502, 510, 520, 522, 526, 581, 585, 598, 600, 603, 604, 623, 626, 662, 682, 697, 718, 729, 735, 744, 788, 791, 844, 857, 883, 895, 910, 914, 915, 931, 936, 953, 970, 972, 984, 985, 988], [3, 12, 19, 33, 112, 140, 160, 171, 173, 205, 219, 293, 296, 301, 324, 343, 348, 349, 387, 402, 415, 421, 424, 443, 470, 477, 487, 495, 507, 509, 533, 538, 566, 583, 593, 595, 602, 617, 641, 656, 715, 717, 726, 733, 752, 776, 778, 787, 806, 814, 819, 825, 843, 856, 861, 871, 900, 913, 916, 927, 937, 940, 945, 957, 991, 992, 993], [7, 11, 20, 44, 58, 59, 67, 83, 84, 110, 120, 145, 146, 176, 180, 185, 186, 189, 197, 200, 203, 216, 237, 243, 258, 273, 290, 294, 310, 313, 315, 316, 319, 323, 330, 333, 339, 367, 368, 379, 391, 393, 409, 417, 428, 440, 444, 448, 459, 463, 465, 469, 493, 521, 542, 545, 555, 556, 561, 572, 590, 597, 613, 619, 627, 633, 647, 668, 675, 677, 685, 687, 706, 725, 732, 747, 768, 772, 840, 845, 848, 852, 856, 860, 870, 890, 903, 907, 917, 921, 958, 990, 992, 996, 998, 1000], [2, 14, 29, 38, 50, 66, 71, 80, 91, 111, 139, 149, 153, 168, 175, 198, 207, 221, 260, 302, 314, 346, 354, 362, 376, 378, 397, 399, 422, 447, 455, 478, 484, 493, 498, 499, 500, 508, 531, 560, 568, 589, 596, 607, 610, 620, 628, 644, 654, 671, 685, 692, 694, 734, 737, 742, 764, 770, 782, 799, 808, 815, 822, 826, 841, 842, 847, 864, 869, 875, 878, 885, 894, 929, 948, 954, 960, 978, 994]]
print random_nodes: [[997], [155], [863], [860], [994], [917], [212], [177], [65], [260], [272], [16], [5], [711], [460], [781], [522], [375], [615], [632], [110], [789], [119], [939], [812], [90], [50], [941], [15], [446], [394], [645]]
args__________ ([[997]],)
args__________ ([[155]],)
args__________ ([[863]],)
args__________ ([[860]],)
args__________ ([[994]],)
args__________ ([[917]],)
args__________ ([[212]],)
args__________ ([[177]],)
args__________ ([[65]],)
args__________ ([[260]],)
args__________ ([[272]],)
args__________ ([[16]],)
args__________ ([[5]],)
args__________ ([[711]],)
args__________ ([[460]],)
args__________ ([[781]],)
args__________ ([[522]],)
args__________ ([[375]],)
args__________ ([[615]],)
args__________ ([[632]],)
args__________ ([[110]],)
args__________ ([[789]],)
args__________ ([[119]],)
args__________ ([[939]],)
args__________ ([[812]],)
args__________ ([[90]],)
args__________ ([[50]],)
args__________ ([[941]],)
args__________ ([[15]],)
args__________ ([[446]],)
args__________ ([[394]],)
args__________ ([[645]],)
finish process_num processes get single node nature community___________________
length of left_nodes_list__________:  357
print random_nodes: [[853], [663], [419], [234], [343], [201], [963], [363], [410], [475], [23], [509], [208], [913], [666], [729], [437], [752], [585], [985], [817], [967], [581], [383], [857], [761], [329], [232], [261], [396], [341], [242]]
args__________ ([[853]],)
args__________ ([[663]],)
args__________ ([[419]],)
args__________ ([[234]],)
args__________ ([[343]],)
args__________ ([[201]],)
args__________ ([[963]],)
args__________ ([[363]],)
args__________ ([[410]],)
args__________ ([[475]],)
args__________ ([[23]],)
args__________ ([[509]],)
args__________ ([[208]],)
args__________ ([[913]],)
args__________ ([[666]],)
args__________ ([[729]],)
args__________ ([[437]],)
args__________ ([[752]],)
args__________ ([[585]],)
args__________ ([[985]],)
args__________ ([[817]],)
args__________ ([[967]],)
args__________ ([[581]],)
args__________ ([[383]],)
args__________ ([[857]],)
args__________ ([[761]],)
args__________ ([[329]],)
args__________ ([[232]],)
args__________ ([[261]],)
args__________ ([[396]],)
args__________ ([[341]],)
args__________ ([[242]],)
finish process_num processes get single node nature community___________________
length of left_nodes_list__________:  68
print random_nodes: [[870], [459], [172], [945], [619], [149], [320], [823], [993], [310], [610], [207], [187], [826], [925], [841], [992], [628], [856], [387], [262], [168], [692], [671], [947], [848], [935], [658], [400], [677], [285], [465]]
args__________ ([[870]],)
args__________ ([[459]],)
args__________ ([[172]],)
args__________ ([[945]],)
args__________ ([[619]],)
args__________ ([[149]],)
args__________ ([[320]],)
args__________ ([[823]],)
args__________ ([[993]],)
args__________ ([[310]],)
args__________ ([[610]],)
args__________ ([[207]],)
args__________ ([[187]],)
args__________ ([[826]],)
args__________ ([[925]],)
args__________ ([[841]],)
args__________ ([[992]],)
args__________ ([[628]],)
args__________ ([[856]],)
args__________ ([[387]],)
args__________ ([[262]],)
args__________ ([[168]],)
args__________ ([[692]],)
args__________ ([[671]],)
args__________ ([[947]],)
args__________ ([[848]],)
args__________ ([[935]],)
args__________ ([[658]],)
args__________ ([[400]],)
args__________ ([[677]],)
args__________ ([[285]],)
args__________ ([[465]],)
finish process_num processes get single node nature community___________________
length of left_nodes_list__________:  32
print random_nodes: [[328], [440], [810], [868], [943], [888], [990], [918], [895], [827], [443], [883], [770], [668], [319], [948], [357], [490], [887], [815], [849], [462], [782], [962], [488], [907], [982], [869], [683], [447], [111], [924]]
args__________ ([[328]],)
args__________ ([[440]],)
args__________ ([[810]],)
args__________ ([[868]],)
args__________ ([[943]],)
args__________ ([[888]],)
args__________ ([[990]],)
args__________ ([[918]],)
args__________ ([[895]],)
args__________ ([[827]],)
args__________ ([[443]],)
args__________ ([[883]],)
args__________ ([[770]],)
args__________ ([[668]],)
args__________ ([[319]],)
args__________ ([[948]],)
args__________ ([[357]],)
args__________ ([[490]],)
args__________ ([[887]],)
args__________ ([[815]],)
args__________ ([[849]],)
args__________ ([[462]],)
args__________ ([[782]],)
args__________ ([[962]],)
args__________ ([[488]],)
args__________ ([[907]],)
args__________ ([[982]],)
args__________ ([[869]],)
args__________ ([[683]],)
args__________ ([[447]],)
args__________ ([[111]],)
args__________ ([[924]],)
finish process_num processes get single node nature community___________________
length of left_nodes_list__________:  0
commplete get_all_nature_community, length:  128
after deal_communities, length:______________ 96
fits_dic 96
above ave fitness communities 60 [0.6376811594202898, 0.6138107416879796, 0.6742209631728046, 0.5866209262435678, 0.6666666666666666, 0.6968325791855203, 0.6044776119402985, 0.6711681296421337, 0.8421052631578947, 0.6995645863570392, 0.7504990019960079, 0.6459694989106753, 0.8421052631578947, 0.6746031746031746, 0.6210141139571353, 0.6866485013623979, 0.6866485013623979, 0.6361746361746362, 0.6420765027322405, 0.7378309137489325, 0.7331887201735358, 0.6877192982456141, 0.6150819672131147, 0.6507666098807495, 0.6903137789904502, 0.6337209302325582, 0.6378378378378379, 0.5959271168274384, 0.6252478519497686, 0.7446808510638298, 0.6087507926442612, 0.6484118291347207, 0.6378986866791745, 0.6811397557666214, 0.6493688639551192, 0.6135986733001658, 0.6554621848739496, 0.6579710144927536, 0.7407407407407407, 0.6746987951807228, 0.6044021415823915, 0.6706989247311828, 0.6042908224076281, 0.6286701208981001, 0.5946617008069522, 0.6250812215724496, 0.6498194945848376, 0.6391116594694632, 0.675645342312009, 0.7440476190476191, 0.5893074119076549, 0.7430997876857749, 0.6677852348993288, 0.6106770833333334, 0.7219343696027634, 0.6548042704626335, 0.6217038539553753, 0.7000736919675755, 0.6027568922305765, 0.6997929606625258]
----------------------------------The detection result is: 

all communities: 
i =  1 : [4, 34, 57, 62, 85, 92, 102, 103, 108, 113, 117, 125, 128, 129, 156, 230, 248, 270, 280, 308, 327, 334, 335, 340, 355, 374, 388, 390, 420, 425, 429, 430, 435, 454, 457, 496, 501, 511, 514, 547, 563, 605, 629, 684, 702, 713, 728, 749, 750, 785, 795, 802, 803, 809, 846, 858, 859, 863, 865, 872, 874, 892, 896, 901, 905, 939, 946, 951, 956, 968]
i =  2 : [1, 9, 42, 104, 167, 188, 228, 307, 326, 377, 573, 577, 580, 608, 640, 649, 659, 686, 710, 917]
i =  3 : [4, 34, 57, 62, 85, 102, 108, 113, 117, 125, 129, 156, 230, 248, 270, 272, 280, 308, 327, 334, 335, 340, 355, 374, 388, 390, 420, 425, 429, 430, 435, 454, 457, 496, 501, 511, 514, 547, 563, 605, 629, 684, 702, 713, 728, 749, 750, 785, 795, 802, 803, 809, 846, 858, 859, 863, 865, 872, 874, 892, 896, 901, 905, 939, 946, 951, 956, 968]
i =  4 : [16, 65, 78, 105, 138, 154, 170, 212, 250, 259, 281, 303, 336, 438, 449, 450, 497, 515, 567, 570, 635, 653, 670, 691, 712, 755, 769, 775]
i =  5 : [5, 25, 37, 45, 89, 96, 152, 194, 195, 218, 231, 282, 295, 322, 359, 366, 386, 474, 527, 535, 550, 579, 621, 664, 673, 696, 759, 818, 832]
i =  6 : [16, 27, 51, 68, 81, 121, 178, 227, 250, 257, 259, 263, 264, 265, 288, 291, 356, 360, 413, 441, 452, 460, 461, 472, 483, 506, 512, 536, 564, 582, 592, 606, 615, 630, 631, 690, 699, 722, 730, 741, 743, 781, 790, 796, 834, 886, 911, 959, 965, 973, 974, 981, 986]
i =  7 : [2, 14, 29, 38, 50, 66, 71, 80, 91, 139, 153, 175, 221, 260, 302, 314, 346, 354, 362, 376, 378, 397, 399, 422, 455, 478, 484, 493, 498, 499, 500, 508, 531, 560, 568, 589, 596, 607, 620, 644, 654, 685, 694, 734, 737, 742, 764, 799, 808, 822, 842, 847, 864, 875, 878, 885, 894, 929, 954, 960, 978, 994]
i =  8 : [3, 70, 72, 90, 93, 97, 127, 143, 151, 193, 202, 209, 239, 247, 267, 277, 331, 342, 353, 382, 426, 433, 442, 453, 504, 516, 541, 554, 578, 586, 622, 642, 724, 731, 745, 753, 777, 793, 798, 824, 839, 850, 851, 854, 877, 879, 881, 882, 884, 889, 898, 902, 938, 941, 977, 980]
i =  9 : [18, 26, 88, 107, 109, 124, 147, 183, 254, 275, 278, 304, 410, 414, 419, 432, 439, 471, 537, 591, 594, 643, 663, 672, 738, 811]
i =  10 : [5, 30, 55, 79, 137, 150, 155, 165, 177, 229, 233, 234, 276, 317, 358, 405, 411, 458, 464, 466, 492, 540, 543, 565, 599, 624, 625, 669, 700, 707, 748, 754, 780, 876, 909]
i =  11 : [60, 61, 94, 115, 119, 122, 159, 201, 204, 240, 305, 347, 375, 381, 384, 524, 546, 548, 574, 616, 661, 719, 758, 779, 786, 801, 855]
i =  12 : [4, 34, 57, 62, 85, 102, 108, 113, 117, 125, 129, 156, 230, 248, 270, 280, 308, 327, 334, 335, 340, 355, 363, 372, 374, 388, 390, 420, 425, 429, 430, 435, 454, 457, 496, 501, 511, 514, 547, 563, 605, 629, 684, 702, 713, 728, 749, 750, 785, 795, 802, 803, 809, 846, 858, 859, 863, 865, 872, 874, 892, 896, 901, 905, 939, 946, 951, 956, 968]
i =  13 : [18, 26, 88, 107, 109, 124, 147, 183, 254, 275, 278, 304, 410, 414, 419, 432, 439, 471, 537, 591, 594, 643, 663, 672, 738, 811]
i =  14 : [10, 23, 32, 48, 50, 75, 141, 144, 158, 181, 201, 220, 236, 284, 286, 298, 300, 309, 318, 338, 370, 371, 383, 385, 408, 431, 451, 502, 510, 520, 526, 585, 598, 600, 603, 604, 623, 626, 662, 697, 718, 729, 735, 744, 788, 791, 844, 910, 914, 915, 931, 936, 953, 970, 972, 984, 985, 988]
i =  15 : [4, 17, 34, 57, 62, 85, 102, 108, 113, 117, 125, 129, 156, 174, 230, 248, 270, 280, 308, 327, 334, 335, 340, 355, 374, 388, 390, 420, 425, 429, 430, 435, 454, 457, 496, 501, 509, 511, 514, 547, 563, 605, 629, 684, 702, 713, 728, 749, 750, 785, 795, 802, 803, 809, 846, 858, 859, 863, 865, 872, 874, 892, 896, 901, 905, 939, 946, 951, 956, 968]
i =  16 : [10, 22, 32, 48, 75, 141, 144, 158, 181, 201, 220, 236, 284, 286, 298, 300, 309, 318, 338, 370, 371, 383, 385, 408, 431, 451, 502, 510, 520, 526, 585, 598, 600, 603, 604, 623, 626, 662, 697, 718, 729, 735, 744, 788, 791, 844, 910, 914, 915, 931, 936, 953, 970, 972, 984, 985, 988]
i =  17 : [10, 22, 32, 48, 75, 141, 144, 158, 181, 201, 220, 236, 284, 286, 298, 300, 309, 318, 338, 370, 371, 383, 385, 408, 431, 451, 502, 510, 520, 526, 585, 598, 600, 603, 604, 623, 626, 662, 697, 718, 729, 735, 744, 788, 791, 844, 910, 914, 915, 931, 936, 953, 970, 972, 984, 985, 988]
i =  18 : [6, 15, 23, 36, 54, 56, 64, 87, 130, 133, 190, 211, 226, 242, 249, 253, 274, 297, 389, 434, 436, 437, 467, 475, 476, 479, 494, 517, 551, 575, 634, 650, 693, 703, 716, 723, 736, 740, 761, 762, 783, 828, 893, 908, 912, 926, 928, 930, 942, 944, 961, 967, 976, 979]
i =  19 : [15, 22, 36, 54, 56, 64, 87, 130, 133, 190, 211, 226, 242, 249, 253, 274, 297, 329, 389, 395, 434, 436, 437, 467, 475, 476, 479, 494, 517, 551, 575, 634, 650, 693, 703, 716, 723, 736, 740, 761, 762, 783, 828, 893, 908, 912, 926, 928, 930, 942, 944, 961, 967, 976, 979]
i =  20 : [39, 47, 52, 69, 134, 161, 191, 223, 232, 238, 306, 344, 352, 364, 380, 392, 412, 552, 558, 559, 678, 681, 727, 739, 757, 765, 766, 773, 792, 805, 813, 820, 835, 838, 873, 897, 904, 920, 923, 952, 964, 966, 971, 975]
i =  21 : [65, 78, 105, 138, 170, 212, 281, 303, 336, 396, 438, 449, 450, 497, 515, 567, 570, 635, 653, 670, 691, 712, 755, 769, 775]
i =  22 : [40, 82, 95, 100, 101, 106, 123, 163, 164, 217, 262, 268, 289, 311, 459, 481, 482, 525, 532, 534, 611, 636, 674, 680, 708, 709, 711, 829, 831, 862]
i =  23 : [2, 14, 29, 38, 66, 71, 80, 91, 139, 153, 172, 175, 221, 260, 302, 314, 346, 354, 362, 376, 378, 397, 399, 422, 455, 478, 484, 498, 499, 500, 508, 531, 560, 568, 589, 596, 607, 620, 644, 654, 694, 734, 737, 742, 764, 799, 808, 822, 842, 847, 864, 875, 878, 885, 894, 929, 954, 960, 978, 994]
i =  24 : [40, 82, 95, 100, 101, 106, 123, 163, 164, 217, 268, 289, 311, 481, 482, 525, 532, 534, 611, 619, 636, 674, 680, 708, 709, 711, 829, 831, 862]
i =  25 : [10, 32, 48, 75, 141, 144, 149, 158, 181, 201, 220, 236, 284, 286, 298, 300, 309, 318, 338, 370, 371, 383, 385, 408, 431, 451, 502, 510, 520, 526, 585, 598, 600, 603, 604, 623, 626, 662, 697, 718, 729, 735, 744, 788, 791, 844, 910, 914, 915, 931, 936, 953, 970, 972, 984, 985, 988]
i =  26 : [1, 9, 42, 104, 167, 188, 228, 307, 320, 326, 377, 573, 577, 580, 608, 640, 649, 659, 686, 710]
i =  27 : [41, 49, 53, 166, 206, 208, 234, 244, 246, 345, 407, 473, 529, 544, 562, 571, 648, 665, 666, 823]
i =  28 : [12, 19, 33, 70, 112, 140, 160, 171, 173, 179, 205, 219, 293, 296, 301, 324, 343, 348, 349, 402, 415, 421, 424, 470, 477, 487, 495, 507, 509, 533, 538, 566, 583, 593, 595, 602, 617, 641, 656, 715, 717, 726, 733, 752, 776, 778, 787, 806, 814, 819, 825, 843, 861, 871, 900, 913, 916, 927, 937, 940, 957, 991, 993]
i =  29 : [2, 14, 29, 38, 66, 71, 80, 91, 139, 153, 175, 207, 221, 260, 302, 314, 346, 354, 362, 376, 378, 397, 399, 422, 455, 478, 484, 498, 499, 500, 508, 531, 560, 568, 589, 596, 607, 620, 644, 654, 694, 734, 737, 742, 764, 799, 808, 822, 842, 847, 864, 875, 878, 885, 894, 929, 954, 960, 978, 994]
i =  30 : [5, 30, 55, 79, 137, 150, 155, 165, 177, 187, 229, 233, 276, 317, 358, 405, 411, 458, 464, 466, 492, 540, 543, 565, 599, 624, 625, 669, 700, 707, 748, 754, 780, 876, 909]
i =  31 : [2, 14, 29, 38, 66, 71, 80, 91, 139, 153, 175, 221, 260, 302, 314, 346, 354, 362, 376, 378, 397, 399, 422, 455, 478, 484, 498, 499, 500, 508, 531, 560, 568, 589, 596, 607, 620, 644, 654, 694, 734, 737, 742, 764, 799, 808, 822, 826, 842, 847, 864, 875, 878, 885, 894, 929, 954, 960, 978, 994]
i =  32 : [4, 34, 57, 62, 85, 102, 108, 113, 117, 125, 129, 156, 230, 248, 270, 280, 308, 327, 334, 335, 340, 355, 374, 388, 390, 420, 425, 429, 430, 435, 454, 457, 496, 501, 511, 514, 547, 563, 605, 628, 629, 684, 702, 713, 728, 749, 750, 785, 795, 802, 803, 809, 846, 858, 859, 863, 865, 872, 874, 892, 896, 901, 905, 939, 946, 951, 956, 968]
i =  33 : [25, 37, 45, 89, 96, 152, 194, 195, 218, 231, 282, 295, 322, 359, 366, 386, 387, 474, 527, 535, 550, 579, 621, 664, 673, 696, 759, 818, 832]
i =  34 : [10, 32, 48, 75, 141, 144, 158, 168, 181, 201, 220, 236, 284, 286, 298, 300, 309, 318, 338, 370, 371, 383, 385, 408, 431, 451, 502, 510, 520, 526, 585, 598, 600, 603, 604, 623, 626, 662, 697, 718, 729, 735, 744, 788, 791, 844, 910, 914, 915, 931, 936, 953, 970, 972, 984, 985, 988]
i =  35 : [15, 36, 54, 56, 64, 87, 130, 133, 190, 211, 226, 242, 249, 253, 274, 297, 389, 434, 436, 437, 467, 475, 476, 479, 494, 517, 551, 575, 634, 650, 692, 693, 703, 716, 723, 736, 740, 761, 762, 783, 828, 893, 908, 912, 926, 928, 930, 942, 944, 961, 967, 976, 979]
i =  36 : [25, 37, 45, 89, 96, 152, 194, 195, 218, 231, 282, 295, 322, 359, 366, 386, 474, 527, 535, 550, 579, 621, 664, 673, 696, 759, 818, 832, 947]
i =  37 : [41, 49, 53, 166, 206, 208, 234, 244, 246, 345, 407, 473, 529, 544, 562, 571, 648, 665, 666, 848]
i =  38 : [35, 74, 136, 148, 178, 196, 213, 225, 256, 321, 401, 416, 427, 519, 523, 614, 660, 720, 774, 789, 794, 816, 821, 830, 837, 880, 891, 935]
i =  39 : [5, 30, 55, 79, 137, 150, 155, 165, 177, 229, 233, 276, 317, 358, 405, 411, 458, 464, 466, 492, 540, 543, 565, 599, 624, 625, 658, 669, 700, 707, 748, 754, 780, 876, 909]
i =  40 : [41, 49, 53, 166, 206, 208, 234, 244, 246, 345, 407, 473, 529, 544, 562, 571, 648, 665, 666, 677]
i =  41 : [7, 11, 20, 44, 58, 59, 67, 83, 84, 110, 120, 146, 176, 180, 185, 186, 189, 197, 200, 203, 216, 237, 243, 258, 273, 290, 294, 313, 315, 316, 323, 330, 333, 339, 367, 368, 379, 391, 393, 409, 417, 428, 444, 448, 463, 465, 469, 521, 542, 545, 555, 556, 572, 590, 597, 613, 627, 633, 647, 675, 687, 706, 725, 732, 747, 768, 772, 840, 845, 860, 890, 921, 958, 996, 998, 1000]
i =  42 : [70, 72, 90, 93, 97, 127, 143, 151, 193, 202, 209, 239, 247, 267, 277, 328, 331, 342, 353, 382, 426, 433, 442, 453, 504, 516, 541, 554, 578, 586, 622, 642, 724, 731, 745, 753, 777, 793, 798, 824, 839, 850, 851, 854, 877, 879, 881, 882, 884, 889, 898, 902, 938, 941, 977, 980]
i =  43 : [7, 11, 20, 44, 58, 59, 67, 83, 84, 110, 120, 146, 176, 180, 185, 186, 189, 197, 200, 203, 216, 237, 243, 258, 273, 290, 294, 313, 315, 316, 323, 330, 333, 339, 367, 368, 379, 391, 393, 409, 417, 428, 440, 444, 448, 463, 469, 521, 542, 545, 555, 556, 572, 590, 597, 613, 627, 633, 647, 675, 687, 706, 725, 732, 747, 768, 772, 840, 845, 860, 890, 921, 958, 996, 998, 1000]
i =  44 : [25, 37, 45, 89, 96, 152, 194, 195, 218, 231, 282, 295, 322, 359, 366, 386, 474, 527, 535, 550, 579, 621, 664, 673, 696, 759, 818, 832, 868]
i =  45 : [7, 15, 36, 54, 56, 64, 67, 77, 87, 130, 133, 190, 211, 226, 242, 249, 253, 274, 297, 389, 434, 436, 437, 467, 475, 476, 479, 494, 517, 551, 575, 634, 650, 693, 703, 716, 723, 736, 740, 761, 762, 783, 828, 893, 908, 912, 926, 928, 930, 942, 944, 961, 967, 976, 979, 990]
i =  46 : [15, 22, 36, 54, 56, 64, 87, 130, 133, 190, 211, 226, 242, 249, 253, 274, 285, 297, 389, 434, 436, 437, 467, 475, 476, 479, 494, 517, 551, 575, 634, 650, 693, 703, 716, 723, 736, 740, 761, 762, 783, 828, 893, 908, 912, 918, 926, 928, 930, 942, 944, 961, 967, 976, 979]
i =  47 : [25, 37, 45, 89, 96, 152, 194, 195, 218, 231, 282, 295, 322, 359, 366, 386, 474, 527, 535, 550, 579, 621, 664, 673, 696, 759, 818, 827, 832]
i =  48 : [10, 32, 36, 48, 75, 141, 144, 158, 181, 201, 220, 236, 284, 286, 298, 300, 309, 318, 338, 370, 371, 383, 385, 408, 431, 451, 502, 510, 520, 526, 585, 598, 600, 603, 604, 623, 626, 662, 697, 718, 729, 735, 744, 788, 791, 844, 883, 910, 914, 915, 931, 936, 953, 970, 972, 984, 985, 988]
i =  49 : [4, 34, 57, 62, 85, 102, 108, 113, 117, 125, 129, 156, 230, 248, 270, 280, 308, 327, 334, 335, 340, 355, 374, 388, 390, 420, 425, 429, 430, 435, 454, 457, 496, 501, 511, 514, 547, 563, 605, 629, 684, 702, 713, 728, 749, 750, 770, 785, 795, 802, 803, 809, 846, 858, 859, 863, 865, 872, 874, 892, 896, 901, 905, 939, 946, 951, 956, 968]
i =  50 : [5, 30, 55, 79, 137, 150, 155, 165, 177, 229, 233, 276, 317, 358, 405, 411, 458, 464, 466, 492, 540, 543, 565, 599, 624, 625, 668, 669, 700, 707, 748, 754, 780, 876, 909]
i =  51 : [2, 14, 29, 38, 66, 71, 80, 91, 139, 153, 175, 221, 260, 302, 314, 346, 354, 362, 376, 378, 397, 399, 422, 455, 478, 484, 498, 499, 500, 508, 531, 560, 568, 589, 596, 607, 620, 644, 654, 694, 734, 737, 742, 764, 799, 808, 822, 842, 847, 864, 875, 878, 885, 894, 929, 948, 954, 960, 978, 994]
i =  52 : [65, 78, 105, 138, 154, 170, 212, 281, 303, 336, 357, 438, 449, 450, 497, 515, 567, 570, 635, 653, 670, 691, 712, 755, 769, 775]
i =  53 : [40, 82, 95, 100, 101, 106, 123, 163, 164, 217, 255, 268, 289, 311, 481, 482, 490, 525, 532, 534, 611, 636, 674, 680, 708, 709, 711, 829, 831, 862]
i =  54 : [2, 14, 29, 38, 66, 71, 80, 91, 139, 153, 175, 221, 260, 302, 314, 346, 354, 362, 376, 378, 397, 399, 422, 455, 462, 478, 484, 498, 499, 500, 508, 531, 560, 568, 589, 596, 607, 620, 644, 654, 694, 734, 737, 742, 764, 799, 808, 822, 842, 847, 864, 875, 878, 885, 894, 929, 954, 960, 978, 994]
i =  55 : [40, 82, 95, 100, 101, 106, 123, 163, 164, 217, 268, 289, 311, 481, 482, 525, 532, 534, 611, 636, 674, 680, 708, 709, 711, 829, 831, 862, 962]
i =  56 : [15, 36, 54, 56, 64, 87, 130, 133, 190, 211, 226, 242, 249, 253, 274, 297, 389, 434, 436, 437, 467, 475, 476, 479, 488, 494, 517, 551, 575, 634, 650, 693, 703, 716, 723, 736, 740, 761, 762, 783, 828, 893, 908, 912, 926, 928, 930, 942, 944, 961, 967, 976, 979]
i =  57 : [4, 6, 34, 57, 62, 77, 85, 102, 108, 113, 117, 125, 129, 156, 230, 248, 270, 280, 308, 327, 334, 335, 340, 355, 374, 388, 390, 420, 425, 429, 430, 435, 454, 457, 496, 501, 511, 514, 547, 563, 605, 629, 684, 702, 713, 728, 749, 750, 785, 795, 802, 803, 809, 846, 858, 859, 863, 865, 872, 874, 892, 896, 901, 905, 939, 946, 951, 956, 968, 982]
i =  58 : [16, 27, 51, 68, 81, 121, 227, 250, 257, 259, 263, 264, 265, 288, 291, 356, 360, 413, 441, 452, 460, 461, 472, 483, 506, 512, 536, 564, 582, 592, 606, 615, 630, 631, 690, 699, 722, 730, 741, 743, 781, 790, 796, 834, 869, 886, 911, 959, 965, 973, 974, 981, 986]
i =  59 : [2, 14, 29, 38, 66, 71, 80, 91, 139, 153, 175, 221, 260, 302, 314, 346, 354, 362, 376, 378, 397, 399, 422, 447, 455, 478, 484, 498, 499, 500, 508, 531, 560, 568, 589, 596, 607, 610, 620, 644, 654, 694, 734, 737, 742, 764, 799, 808, 822, 842, 847, 864, 875, 878, 885, 894, 929, 954, 960, 978, 994]
i =  60 : [65, 78, 105, 111, 138, 154, 170, 212, 281, 303, 336, 438, 449, 450, 497, 515, 567, 570, 635, 653, 670, 691, 712, 755, 769, 775]
overlapping nodes are:  [1, 2, 4, 5, 6, 7, 9, 10, 11, 14, 15, 16, 18, 20, 22, 23, 25, 26, 27, 29, 30, 32, 34, 36, 37, 38, 40, 41, 42, 44, 45, 48, 49, 50, 51, 53, 54, 55, 56, 57, 58, 59, 62, 64, 65, 66, 67, 68, 70, 71, 72, 75, 77, 78, 79, 80, 81, 82, 83, 84, 85, 87, 88, 89, 90, 91, 93, 95, 96, 97, 100, 101, 102, 104, 105, 106, 107, 108, 109, 110, 113, 117, 120, 121, 123, 124, 125, 127, 129, 130, 133, 137, 138, 139, 141, 143, 144, 146, 147, 150, 151, 152, 153, 154, 155, 156, 158, 163, 164, 165, 166, 167, 170, 175, 176, 177, 178, 180, 181, 183, 185, 186, 188, 189, 190, 193, 194, 195, 197, 200, 201, 202, 203, 206, 208, 209, 211, 212, 216, 217, 218, 220, 221, 226, 227, 228, 229, 230, 231, 233, 234, 236, 237, 239, 242, 243, 244, 246, 247, 248, 249, 250, 253, 254, 257, 258, 259, 260, 263, 264, 265, 267, 268, 270, 273, 274, 275, 276, 277, 278, 280, 281, 282, 284, 286, 288, 289, 290, 291, 294, 295, 297, 298, 300, 302, 303, 304, 307, 308, 309, 311, 313, 314, 315, 316, 317, 318, 322, 323, 326, 327, 330, 331, 333, 334, 335, 336, 338, 339, 340, 342, 345, 346, 353, 354, 355, 356, 358, 359, 360, 362, 366, 367, 368, 370, 371, 374, 376, 377, 378, 379, 382, 383, 385, 386, 388, 389, 390, 391, 393, 397, 399, 405, 407, 408, 409, 410, 411, 413, 414, 417, 419, 420, 422, 425, 426, 428, 429, 430, 431, 432, 433, 434, 435, 436, 437, 438, 439, 441, 442, 444, 448, 449, 450, 451, 452, 453, 454, 455, 457, 458, 460, 461, 463, 464, 466, 467, 469, 471, 472, 473, 474, 475, 476, 478, 479, 481, 482, 483, 484, 492, 494, 496, 497, 498, 499, 500, 501, 502, 504, 506, 508, 509, 510, 511, 512, 514, 515, 516, 517, 520, 521, 525, 526, 527, 529, 531, 532, 534, 535, 536, 537, 540, 541, 542, 543, 544, 545, 547, 550, 551, 554, 555, 556, 560, 562, 563, 564, 565, 567, 568, 570, 571, 572, 573, 575, 577, 578, 579, 580, 582, 585, 586, 589, 590, 591, 592, 594, 596, 597, 598, 599, 600, 603, 604, 605, 606, 607, 608, 611, 613, 615, 620, 621, 622, 623, 624, 625, 626, 627, 629, 630, 631, 633, 634, 635, 636, 640, 642, 643, 644, 647, 648, 649, 650, 653, 654, 659, 662, 663, 664, 665, 666, 669, 670, 672, 673, 674, 675, 680, 684, 686, 687, 690, 691, 693, 694, 696, 697, 699, 700, 702, 703, 706, 707, 708, 709, 710, 711, 712, 713, 716, 718, 722, 723, 724, 725, 728, 729, 730, 731, 732, 734, 735, 736, 737, 738, 740, 741, 742, 743, 744, 745, 747, 748, 749, 750, 753, 754, 755, 759, 761, 762, 764, 768, 769, 772, 775, 777, 780, 781, 783, 785, 788, 790, 791, 793, 795, 796, 798, 799, 802, 803, 808, 809, 811, 818, 822, 824, 828, 829, 831, 832, 834, 839, 840, 842, 844, 845, 846, 847, 850, 851, 854, 858, 859, 860, 862, 863, 864, 865, 872, 874, 875, 876, 877, 878, 879, 881, 882, 884, 885, 886, 889, 890, 892, 893, 894, 896, 898, 901, 902, 905, 908, 909, 910, 911, 912, 914, 915, 921, 926, 928, 929, 930, 931, 936, 938, 939, 941, 942, 944, 946, 951, 953, 954, 956, 958, 959, 960, 961, 965, 967, 968, 970, 972, 973, 974, 976, 977, 978, 979, 980, 981, 984, 985, 986, 988, 994, 996, 998, 1000] 
 NOO is:  602
total time is:  248.250305891
