lens of ground_truth:  22
ground_truth is: [[4, 34, 35, 47, 75, 82, 90, 94, 114, 115, 137, 153, 160, 180, 185, 189, 190, 216, 249, 257, 267, 269, 282, 287, 292, 293, 298, 346, 351, 367, 374, 396, 411, 415, 419, 444, 449, 451, 461, 534, 543, 564, 590, 597, 598, 632, 633, 643, 646, 656, 725, 737, 746, 754, 767, 784, 797, 823, 839, 860, 865, 869, 872, 877, 881, 896, 903, 905, 915, 919, 926, 941, 949, 953, 968, 972, 974, 983, 984, 985, 987, 989, 993, 995, 996], [2, 12, 41, 44, 116, 140, 157, 172, 182, 187, 213, 260, 307, 310, 353, 360, 385, 412, 417, 441, 479, 556, 571, 593, 618, 676, 677, 723, 751, 752, 763], [22, 37, 43, 48, 53, 82, 88, 143, 175, 197, 211, 232, 246, 250, 271, 275, 290, 329, 333, 343, 346, 347, 357, 395, 398, 407, 416, 418, 428, 429, 431, 467, 521, 525, 552, 553, 555, 563, 565, 609, 613, 619, 627, 635, 649, 660, 714, 731, 757, 768, 774, 780, 786, 801, 803, 813, 817, 839, 846, 876, 885, 905, 920, 921, 956, 958, 961, 963, 970], [8, 16, 17, 40, 51, 59, 101, 123, 149, 154, 155, 167, 184, 222, 245, 246, 362, 407, 452, 487, 502, 506, 528, 547, 577, 615, 616, 633, 686, 724, 744, 839, 852, 858, 859, 917, 927, 935], [21, 34, 107, 125, 200, 226, 268, 344, 365, 391, 432, 462, 468, 489, 501, 510, 514, 520, 561, 572, 602, 622, 708, 720, 759, 783, 798, 812, 844, 868, 882, 898], [6, 25, 34, 110, 117, 118, 147, 155, 225, 228, 231, 237, 273, 302, 311, 313, 349, 359, 375, 390, 475, 488, 496, 500, 508, 517, 520, 523, 530, 533, 562, 575, 579, 595, 596, 597, 644, 652, 667, 671, 674, 675, 682, 730, 739, 750, 758, 777, 788, 819, 827, 831, 836, 844, 856, 891, 904, 907, 924, 929, 931, 946, 960, 964, 981, 982, 997], [7, 23, 39, 61, 63, 86, 105, 106, 114, 137, 138, 142, 181, 188, 190, 212, 224, 238, 239, 242, 288, 294, 307, 314, 318, 321, 323, 329, 331, 336, 344, 366, 368, 376, 383, 401, 402, 410, 447, 453, 461, 464, 495, 516, 522, 538, 545, 546, 558, 594, 628, 631, 673, 704, 707, 715, 722, 734, 758, 764, 784, 785, 786, 791, 804, 813, 820, 830, 862, 884, 888, 897, 910, 935, 937, 944, 945, 954, 967, 978, 990, 991, 994, 999, 1000], [3, 13, 15, 20, 31, 53, 67, 71, 73, 82, 86, 119, 143, 145, 152, 157, 159, 163, 166, 177, 197, 200, 202, 215, 235, 241, 246, 251, 262, 298, 305, 318, 323, 326, 346, 361, 369, 393, 414, 434, 436, 444, 451, 473, 498, 525, 527, 541, 556, 578, 581, 588, 597, 600, 620, 632, 651, 675, 676, 681, 701, 702, 710, 715, 735, 761, 768, 769, 784, 797, 863, 871, 874, 880, 883, 887, 899, 906, 911, 920, 925, 930, 947, 957, 960, 962, 969, 975, 986, 998], [5, 49, 88, 100, 124, 136, 195, 203, 223, 254, 265, 384, 419, 442, 457, 529, 542, 583, 648, 684, 688, 728, 735, 778, 797, 818, 821, 847, 993], [1, 7, 38, 62, 69, 84, 90, 92, 112, 131, 143, 150, 164, 168, 261, 356, 426, 476, 482, 503, 535, 541, 544, 570, 574, 587, 607, 654, 672, 700, 770, 795, 829, 841, 861, 889], [10, 45, 108, 179, 236, 243, 300, 320, 331, 334, 337, 345, 348, 350, 363, 405, 532, 539, 573, 592, 608, 610, 615, 640, 642, 650, 664, 665, 666, 689, 717, 719, 753, 789, 813, 815, 838, 890, 895, 920, 942, 979, 999], [18, 19, 29, 60, 72, 79, 111, 158, 161, 174, 191, 199, 212, 253, 295, 308, 316, 368, 381, 404, 410, 459, 473, 484, 485, 568, 611, 637, 638, 641, 658, 668, 683, 690, 707, 729, 733, 734, 771, 845, 848, 857, 886, 909, 934, 938, 959, 966], [14, 27, 50, 83, 102, 183, 196, 233, 260, 321, 341, 433, 444, 473, 477, 524, 531, 536, 589, 605, 606, 657, 678, 679, 692, 742, 772, 786, 870, 975], [54, 76, 99, 104, 118, 126, 129, 146, 155, 178, 192, 200, 202, 206, 215, 218, 244, 269, 289, 322, 339, 344, 368, 369, 371, 394, 397, 400, 403, 406, 413, 427, 450, 451, 454, 458, 463, 464, 471, 481, 483, 488, 512, 515, 520, 525, 562, 576, 579, 584, 590, 601, 617, 621, 653, 669, 696, 703, 739, 740, 761, 768, 773, 802, 805, 826, 831, 844, 846, 850, 866, 875, 902, 908, 918, 922, 932, 982, 992], [7, 23, 28, 32, 55, 58, 73, 74, 77, 106, 120, 128, 134, 137, 142, 198, 204, 207, 208, 209, 212, 216, 220, 230, 239, 260, 262, 281, 286, 296, 299, 306, 309, 317, 323, 327, 329, 331, 340, 366, 370, 373, 378, 383, 388, 410, 435, 438, 443, 445, 455, 461, 465, 470, 491, 516, 541, 550, 557, 569, 587, 604, 612, 615, 626, 630, 632, 645, 669, 675, 707, 711, 715, 716, 734, 744, 748, 758, 766, 787, 810, 822, 824, 830, 832, 851, 855, 873, 944, 952, 955, 960, 978, 993, 999], [73, 81, 85, 171, 201, 214, 221, 256, 274, 278, 283, 342, 369, 380, 387, 537, 614, 624, 662, 680, 706, 721, 762, 809, 846, 987], [9, 11, 52, 53, 93, 96, 144, 153, 157, 186, 193, 197, 202, 215, 216, 219, 247, 262, 269, 272, 279, 280, 284, 298, 303, 312, 319, 330, 332, 338, 355, 399, 407, 409, 419, 446, 456, 466, 474, 492, 499, 504, 505, 509, 516, 556, 562, 567, 579, 587, 590, 599, 625, 633, 655, 659, 669, 670, 687, 693, 705, 713, 724, 739, 741, 755, 761, 790, 799, 800, 831, 878, 901, 906, 912, 922, 936, 940, 943, 948, 951, 975, 982], [23, 30, 42, 57, 64, 87, 88, 89, 106, 113, 114, 130, 135, 141, 151, 153, 156, 162, 165, 170, 176, 190, 194, 210, 239, 258, 259, 263, 277, 285, 297, 304, 307, 318, 321, 324, 328, 335, 354, 358, 366, 377, 379, 382, 383, 392, 408, 422, 425, 439, 480, 488, 493, 518, 519, 540, 551, 560, 639, 691, 697, 699, 709, 760, 765, 779, 796, 825, 830, 840, 854, 879, 892, 906, 923, 928, 935, 939, 944, 950, 965, 971, 973, 976, 977, 978, 980, 988], [24, 33, 36, 46, 66, 95, 98, 103, 122, 127, 133, 139, 142, 229, 264, 291, 301, 386, 448, 464, 469, 472, 490, 507, 549, 559, 566, 580, 712, 732, 738, 744, 749, 794, 807, 808, 814, 833, 837, 853, 894, 900, 905, 914, 916, 922, 933], [26, 56, 65, 78, 86, 90, 91, 109, 132, 173, 205, 227, 248, 276, 430, 440, 494, 511, 513, 526, 548, 585, 634, 694, 726, 736, 775, 776, 782, 792, 834, 843, 867, 987], [68, 70, 80, 97, 121, 169, 217, 266, 270, 315, 352, 372, 423, 424, 437, 460, 478, 486, 582, 586, 603, 663, 676, 695, 698, 724, 745, 747, 806, 816, 828, 842, 864, 893, 913], [118, 148, 234, 240, 252, 255, 325, 364, 389, 420, 421, 497, 554, 591, 623, 629, 636, 647, 661, 685, 718, 727, 735, 743, 756, 781, 793, 811, 835, 849]]
print random_nodes: [[800], [266], [561], [555], [554], [297], [193], [461], [521], [126], [494], [652], [337], [372], [542], [384], [450], [52], [984], [710], [516], [436], [219], [640], [175], [330], [464], [819], [373], [632], [302], [171]]
args__________ ([[800]],)
args__________ ([[266]],)
args__________ ([[561]],)
args__________ ([[555]],)
args__________ ([[554]],)
args__________ ([[297]],)
args__________ ([[193]],)
args__________ ([[461]],)
args__________ ([[521]],)
args__________ ([[126]],)
args__________ ([[494]],)
args__________ ([[652]],)
args__________ ([[337]],)
args__________ ([[372]],)
args__________ ([[542]],)
args__________ ([[384]],)
args__________ ([[450]],)
args__________ ([[52]],)
args__________ ([[984]],)
args__________ ([[710]],)
args__________ ([[516]],)
args__________ ([[436]],)
args__________ ([[219]],)
args__________ ([[640]],)
args__________ ([[175]],)
args__________ ([[330]],)
args__________ ([[464]],)
args__________ ([[819]],)
args__________ ([[373]],)
args__________ ([[632]],)
args__________ ([[302]],)
args__________ ([[171]],)
finish process_num processes get single node nature community___________________
length of left_nodes_list__________:  286
print random_nodes: [[844], [870], [794], [791], [92], [137], [722], [808], [83], [294], [314], [139], [224], [95], [260], [8], [122], [675], [12], [84], [829], [477], [127], [2], [291], [545], [118], [679], [910], [182], [541], [678]]
args__________ ([[844]],)
args__________ ([[870]],)
args__________ ([[794]],)
args__________ ([[791]],)
args__________ ([[92]],)
args__________ ([[137]],)
args__________ ([[722]],)
args__________ ([[808]],)
args__________ ([[83]],)
args__________ ([[294]],)
args__________ ([[314]],)
args__________ ([[139]],)
args__________ ([[224]],)
args__________ ([[95]],)
args__________ ([[260]],)
args__________ ([[8]],)
args__________ ([[122]],)
args__________ ([[675]],)
args__________ ([[12]],)
args__________ ([[84]],)
args__________ ([[829]],)
args__________ ([[477]],)
args__________ ([[127]],)
args__________ ([[2]],)
args__________ ([[291]],)
args__________ ([[545]],)
args__________ ([[118]],)
args__________ ([[679]],)
args__________ ([[910]],)
args__________ ([[182]],)
args__________ ([[541]],)
args__________ ([[678]],)
finish process_num processes get single node nature community___________________
length of left_nodes_list__________:  74
print random_nodes: [[451], [784], [444], [978], [590], [369], [987], [298], [935], [758], [944], [368], [262], [786], [383], [707], [669], [960], [86], [344], [831], [318], [157], [999], [797], [676], [473], [246], [906], [846], [190], [239]]
args__________ ([[451]],)
args__________ ([[784]],)
args__________ ([[444]],)
args__________ ([[978]],)
args__________ ([[590]],)
args__________ ([[369]],)
args__________ ([[987]],)
args__________ ([[298]],)
args__________ ([[935]],)
args__________ ([[758]],)
args__________ ([[944]],)
args__________ ([[368]],)
args__________ ([[262]],)
args__________ ([[786]],)
args__________ ([[383]],)
args__________ ([[707]],)
args__________ ([[669]],)
args__________ ([[960]],)
args__________ ([[86]],)
args__________ ([[344]],)
args__________ ([[831]],)
args__________ ([[318]],)
args__________ ([[157]],)
args__________ ([[999]],)
args__________ ([[797]],)
args__________ ([[676]],)
args__________ ([[473]],)
args__________ ([[246]],)
args__________ ([[906]],)
args__________ ([[846]],)
args__________ ([[190]],)
args__________ ([[239]],)
finish process_num processes get single node nature community___________________
length of left_nodes_list__________:  37
print random_nodes: [[346], [114], [587], [366], [739], [768], [143], [597], [982], [715], [525], [735], [761], [307], [734], [839], [724], [813], [920], [830], [556], [615], [90], [993], [410], [975], [633], [200], [488], [331], [905], [744]]
args__________ ([[346]],)
args__________ ([[114]],)
args__________ ([[587]],)
args__________ ([[366]],)
args__________ ([[739]],)
args__________ ([[768]],)
args__________ ([[143]],)
args__________ ([[597]],)
args__________ ([[982]],)
args__________ ([[715]],)
args__________ ([[525]],)
args__________ ([[735]],)
args__________ ([[761]],)
args__________ ([[307]],)
args__________ ([[734]],)
args__________ ([[839]],)
args__________ ([[724]],)
args__________ ([[813]],)
args__________ ([[920]],)
args__________ ([[830]],)
args__________ ([[556]],)
args__________ ([[615]],)
args__________ ([[90]],)
args__________ ([[993]],)
args__________ ([[410]],)
args__________ ([[975]],)
args__________ ([[633]],)
args__________ ([[200]],)
args__________ ([[488]],)
args__________ ([[331]],)
args__________ ([[905]],)
args__________ ([[744]],)
finish process_num processes get single node nature community___________________
length of left_nodes_list__________:  5
print random_nodes: [[562], [922], [419], [579], [520]]
args__________ ([[562]],)
args__________ ([[922]],)
args__________ ([[419]],)
args__________ ([[579]],)
args__________ ([[520]],)
finish process_num processes get single node nature community___________________
length of left_nodes_list__________:  0
commplete get_all_nature_community, length:  133
after deal_communities, length:______________ 95
fits_dic 95
above ave fitness communities 50 [0.6126126126126126, 0.6697819314641744, 0.6841186736474695, 0.6666666666666666, 0.6332046332046332, 0.6456863809007054, 0.6441441441441441, 0.7087857847976308, 0.6830723340790454, 0.6594761171032357, 0.591743119266055, 0.7331189710610932, 0.7331189710610932, 0.6109324758842444, 0.6405693950177936, 0.6958333333333333, 0.8207885304659498, 0.7331189710610932, 0.668, 0.7539936102236422, 0.6103703703703703, 0.6538461538461539, 0.7402799377916018, 0.7115789473684211, 0.7109375, 0.5906735751295337, 0.5895061728395061, 0.6614785992217899, 0.7593818984547461, 0.6039783001808319, 0.6327868852459017, 0.6130728775356874, 0.7198795180722891, 0.5875706214689266, 0.7177177177177178, 0.7002237136465325, 0.59375, 0.680161943319838, 0.7934272300469484, 0.6140845070422535, 0.6782006920415224, 0.7685393258426966, 0.6855123674911661, 0.6902788244159759, 0.6666666666666666, 0.6280193236714976, 0.7589743589743589, 0.6026750590086546, 0.6747404844290658, 0.5985970381917382]
----------------------------------The detection result is: 

all communities: 
i =  1 : [9, 11, 43, 52, 93, 96, 144, 186, 193, 219, 247, 272, 279, 280, 284, 303, 312, 319, 330, 332, 338, 355, 399, 409, 446, 456, 466, 474, 492, 499, 504, 505, 509, 567, 599, 625, 655, 659, 670, 687, 693, 705, 713, 741, 755, 790, 799, 800, 878, 901, 912, 936, 940, 943, 948, 951]
i =  2 : [22, 37, 43, 48, 175, 197, 211, 232, 250, 271, 275, 290, 333, 343, 347, 357, 395, 398, 416, 418, 428, 429, 431, 467, 521, 552, 553, 555, 563, 565, 609, 613, 619, 627, 635, 649, 660, 714, 731, 757, 774, 780, 801, 803, 817, 876, 885, 921, 956, 958, 961, 963, 970]
i =  3 : [30, 42, 57, 64, 87, 89, 113, 130, 135, 141, 151, 156, 162, 165, 170, 176, 194, 210, 258, 259, 263, 277, 285, 297, 304, 324, 328, 335, 354, 358, 377, 379, 382, 392, 408, 422, 425, 439, 480, 493, 518, 519, 540, 551, 560, 639, 691, 697, 699, 709, 760, 765, 779, 796, 825, 840, 854, 879, 892, 923, 928, 939, 950, 965, 971, 973, 976, 977, 980, 988]
i =  4 : [5, 49, 66, 88, 100, 124, 136, 195, 203, 223, 254, 265, 384, 442, 457, 529, 542, 583, 648, 684, 688, 728, 778, 818, 821, 847]
i =  5 : [9, 11, 52, 93, 96, 144, 186, 193, 202, 219, 247, 272, 279, 280, 284, 303, 312, 319, 330, 332, 338, 355, 399, 409, 446, 456, 466, 474, 492, 499, 504, 505, 509, 567, 599, 625, 655, 659, 670, 687, 693, 705, 713, 741, 755, 790, 799, 800, 878, 901, 912, 936, 940, 943, 948, 951]
i =  6 : [4, 35, 47, 75, 94, 115, 160, 180, 185, 189, 249, 257, 267, 269, 282, 287, 292, 293, 351, 367, 374, 396, 411, 415, 449, 534, 543, 564, 598, 643, 646, 656, 725, 737, 746, 754, 767, 823, 860, 865, 869, 872, 877, 881, 896, 903, 915, 919, 926, 941, 949, 953, 968, 972, 974, 983, 984, 985, 989, 995, 996]
i =  7 : [22, 37, 43, 48, 141, 175, 211, 232, 250, 271, 275, 290, 321, 333, 343, 347, 357, 395, 398, 416, 418, 428, 429, 431, 467, 521, 552, 553, 555, 563, 565, 609, 613, 619, 627, 635, 649, 660, 714, 731, 757, 774, 780, 801, 803, 817, 876, 885, 921, 956, 958, 961, 963, 970]
i =  8 : [18, 19, 29, 60, 72, 79, 111, 158, 161, 174, 191, 199, 253, 295, 308, 316, 381, 404, 459, 464, 484, 485, 568, 611, 637, 638, 641, 658, 668, 683, 690, 729, 733, 771, 845, 848, 857, 886, 909, 934, 938, 959, 966]
i =  9 : [6, 25, 36, 110, 117, 147, 225, 228, 231, 237, 273, 302, 311, 313, 349, 359, 375, 390, 475, 496, 500, 508, 517, 523, 530, 533, 575, 595, 596, 644, 652, 667, 671, 674, 682, 730, 750, 777, 788, 819, 827, 836, 856, 891, 904, 907, 924, 929, 931, 946, 964, 981, 997]
i =  10 : [22, 37, 43, 48, 175, 211, 232, 250, 271, 275, 290, 302, 333, 343, 347, 357, 395, 398, 416, 418, 428, 429, 431, 467, 521, 552, 553, 555, 563, 565, 609, 613, 619, 627, 635, 649, 660, 714, 731, 757, 774, 780, 801, 803, 817, 876, 885, 921, 956, 958, 961, 963, 970]
i =  11 : [54, 76, 99, 104, 126, 129, 146, 178, 192, 206, 218, 244, 289, 322, 339, 371, 394, 397, 400, 403, 406, 413, 427, 450, 454, 458, 463, 471, 481, 483, 512, 515, 576, 584, 601, 617, 621, 653, 696, 703, 740, 773, 802, 805, 826, 844, 850, 866, 875, 902, 908, 918, 932, 992]
i =  12 : [24, 33, 36, 46, 66, 95, 98, 103, 122, 127, 133, 139, 229, 264, 291, 301, 386, 448, 469, 472, 490, 507, 549, 559, 566, 580, 712, 732, 738, 749, 794, 807, 808, 814, 833, 837, 853, 894, 900, 914, 916, 933]
i =  13 : [24, 33, 36, 46, 66, 95, 98, 103, 122, 127, 133, 139, 229, 264, 291, 301, 386, 448, 469, 472, 490, 507, 549, 559, 566, 580, 712, 732, 738, 749, 794, 807, 808, 814, 833, 837, 853, 894, 900, 914, 916, 933]
i =  14 : [8, 14, 16, 17, 40, 51, 59, 101, 123, 149, 154, 167, 184, 222, 245, 294, 362, 452, 487, 502, 506, 528, 547, 577, 616, 686, 852, 858, 859, 917, 927]
i =  15 : [57, 64, 68, 70, 72, 80, 97, 121, 169, 217, 260, 266, 270, 315, 352, 372, 423, 424, 437, 460, 478, 486, 582, 586, 603, 663, 695, 698, 745, 747, 806, 816, 828, 842, 864, 893, 913]
i =  16 : [2, 12, 41, 44, 84, 116, 140, 150, 172, 182, 187, 213, 310, 353, 360, 385, 412, 417, 441, 479, 571, 593, 618, 677, 723, 751, 752, 763]
i =  17 : [1, 38, 62, 69, 84, 92, 112, 131, 150, 164, 168, 261, 356, 426, 476, 482, 503, 535, 544, 570, 574, 607, 654, 672, 700, 770, 795, 829, 841, 861, 889]
i =  18 : [24, 33, 36, 46, 66, 95, 98, 103, 122, 127, 133, 139, 229, 264, 291, 301, 386, 448, 469, 472, 490, 507, 549, 559, 566, 580, 712, 732, 738, 749, 794, 807, 808, 814, 833, 837, 853, 894, 900, 914, 916, 933]
i =  19 : [2, 12, 23, 41, 44, 116, 140, 172, 182, 187, 213, 310, 353, 360, 385, 412, 417, 441, 479, 545, 571, 593, 618, 677, 723, 751, 752, 763]
i =  20 : [26, 56, 65, 78, 91, 109, 132, 173, 205, 227, 248, 276, 430, 440, 451, 494, 511, 513, 526, 548, 585, 634, 694, 726, 736, 775, 776, 782, 792, 834, 843, 867]
i =  21 : [9, 11, 52, 93, 96, 144, 162, 186, 193, 219, 247, 272, 279, 280, 284, 298, 303, 312, 319, 330, 332, 338, 355, 399, 409, 446, 456, 466, 474, 492, 499, 504, 505, 509, 567, 599, 625, 655, 659, 670, 687, 693, 705, 713, 741, 755, 790, 799, 800, 878, 901, 912, 936, 940, 943, 948, 951]
i =  22 : [26, 56, 63, 65, 78, 91, 109, 132, 173, 205, 227, 248, 276, 430, 440, 494, 511, 513, 526, 548, 585, 634, 694, 726, 736, 758, 775, 776, 782, 792, 834, 843, 867]
i =  23 : [148, 234, 240, 252, 255, 262, 325, 364, 389, 420, 421, 497, 554, 591, 623, 629, 636, 647, 661, 685, 718, 727, 743, 756, 781, 793, 811, 835, 849]
i =  24 : [14, 27, 50, 83, 102, 183, 196, 233, 341, 433, 477, 524, 531, 536, 589, 605, 606, 657, 678, 679, 692, 742, 772, 786, 870]
i =  25 : [18, 19, 29, 60, 72, 79, 111, 158, 161, 174, 191, 199, 253, 295, 308, 316, 381, 404, 459, 484, 485, 568, 611, 637, 638, 641, 658, 668, 683, 690, 707, 729, 733, 771, 845, 848, 857, 886, 909, 934, 938, 959, 966]
i =  26 : [2, 12, 41, 44, 116, 140, 157, 172, 178, 182, 187, 213, 310, 353, 360, 385, 397, 412, 417, 441, 479, 571, 593, 618, 669, 677, 723, 751, 752, 763]
i =  27 : [54, 76, 99, 104, 108, 126, 129, 146, 178, 192, 206, 218, 244, 289, 322, 339, 344, 371, 394, 397, 400, 403, 406, 413, 427, 450, 454, 458, 463, 471, 481, 483, 512, 515, 576, 584, 601, 617, 621, 653, 696, 703, 740, 773, 802, 805, 826, 850, 866, 875, 902, 908, 918, 932, 992]
i =  28 : [5, 49, 100, 124, 136, 195, 203, 223, 254, 265, 384, 442, 457, 529, 542, 583, 648, 684, 688, 728, 778, 797, 818, 821, 847]
i =  29 : [2, 12, 41, 44, 116, 140, 172, 182, 187, 213, 310, 353, 360, 385, 412, 417, 441, 479, 571, 593, 618, 676, 677, 723, 751, 752, 763]
i =  30 : [2, 12, 23, 41, 44, 116, 140, 172, 182, 187, 213, 310, 353, 360, 385, 412, 417, 441, 479, 571, 593, 618, 677, 723, 751, 752, 763, 906]
i =  31 : [8, 16, 17, 40, 51, 59, 101, 123, 149, 154, 167, 184, 190, 222, 245, 362, 407, 452, 487, 502, 506, 528, 547, 577, 616, 686, 852, 858, 859, 917, 927]
i =  32 : [9, 11, 52, 93, 96, 144, 186, 193, 219, 247, 272, 279, 280, 284, 303, 312, 319, 330, 332, 338, 346, 355, 399, 409, 446, 456, 466, 474, 492, 499, 504, 505, 509, 567, 599, 625, 655, 659, 670, 687, 693, 705, 713, 741, 755, 790, 799, 800, 878, 901, 912, 936, 940, 943, 948, 951]
i =  33 : [26, 56, 65, 78, 90, 91, 109, 114, 132, 173, 205, 227, 248, 276, 430, 440, 494, 511, 513, 526, 548, 585, 634, 694, 726, 736, 775, 776, 782, 792, 834, 843, 867]
i =  34 : [1, 9, 11, 52, 93, 96, 144, 157, 186, 193, 219, 247, 272, 279, 280, 284, 303, 312, 319, 330, 332, 338, 355, 399, 409, 446, 456, 466, 474, 492, 499, 504, 505, 509, 567, 587, 599, 625, 655, 659, 670, 687, 693, 705, 713, 741, 755, 790, 799, 800, 878, 901, 912, 936, 940, 943, 948, 951]
i =  35 : [105, 143, 148, 234, 240, 252, 255, 325, 364, 389, 420, 421, 497, 554, 591, 623, 629, 636, 647, 661, 685, 718, 727, 743, 756, 781, 793, 811, 835, 849]
i =  36 : [10, 45, 108, 179, 236, 243, 300, 320, 334, 337, 345, 348, 350, 363, 405, 532, 539, 573, 592, 597, 608, 610, 640, 642, 650, 664, 665, 666, 689, 717, 719, 753, 789, 815, 838, 890, 895, 942, 979]
i =  37 : [6, 11, 25, 104, 110, 117, 147, 225, 228, 231, 237, 273, 302, 311, 313, 349, 359, 375, 390, 409, 475, 496, 500, 508, 517, 523, 530, 533, 575, 595, 596, 644, 652, 667, 671, 674, 682, 730, 750, 777, 788, 819, 827, 836, 856, 891, 904, 907, 924, 929, 931, 946, 964, 981, 982, 997]
i =  38 : [5, 49, 100, 124, 136, 195, 203, 223, 254, 265, 384, 442, 457, 529, 542, 583, 648, 684, 688, 728, 735, 778, 818, 821, 847]
i =  39 : [2, 12, 41, 44, 116, 140, 172, 182, 187, 213, 307, 310, 353, 360, 385, 412, 417, 441, 479, 571, 593, 618, 677, 723, 751, 752, 763]
i =  40 : [22, 37, 43, 48, 94, 175, 211, 232, 250, 271, 275, 290, 333, 343, 347, 357, 395, 398, 416, 418, 428, 429, 431, 467, 521, 552, 553, 555, 563, 565, 609, 613, 619, 627, 635, 649, 660, 714, 731, 757, 774, 780, 801, 803, 817, 839, 876, 885, 921, 956, 958, 961, 963, 970]
i =  41 : [8, 16, 17, 40, 51, 59, 101, 123, 149, 154, 167, 184, 222, 245, 362, 452, 487, 502, 506, 528, 547, 577, 616, 686, 724, 852, 858, 859, 917, 927]
i =  42 : [2, 12, 41, 44, 116, 140, 172, 182, 187, 213, 310, 353, 360, 385, 412, 417, 441, 479, 556, 571, 593, 618, 677, 723, 751, 752, 763]
i =  43 : [8, 16, 17, 40, 51, 59, 101, 123, 149, 154, 167, 184, 222, 245, 362, 452, 487, 502, 506, 528, 547, 577, 615, 616, 686, 852, 858, 859, 917, 927]
i =  44 : [6, 25, 90, 110, 117, 147, 225, 228, 231, 237, 273, 302, 311, 313, 349, 359, 375, 390, 475, 496, 500, 508, 517, 523, 530, 533, 575, 595, 596, 644, 652, 667, 671, 674, 682, 730, 750, 777, 788, 819, 827, 836, 856, 891, 904, 907, 924, 929, 931, 946, 964, 981, 997]
i =  45 : [14, 27, 50, 83, 102, 183, 196, 233, 341, 433, 477, 524, 531, 536, 589, 605, 606, 657, 678, 679, 692, 742, 772, 870, 975]
i =  46 : [8, 16, 17, 40, 51, 59, 96, 101, 123, 149, 154, 167, 184, 222, 245, 362, 452, 487, 502, 506, 528, 547, 577, 616, 633, 686, 852, 858, 859, 917, 927]
i =  47 : [21, 107, 125, 200, 226, 268, 365, 391, 432, 462, 468, 489, 501, 510, 514, 561, 572, 602, 622, 708, 720, 759, 783, 798, 812, 868, 882, 898]
i =  48 : [54, 76, 99, 104, 126, 129, 146, 178, 192, 206, 218, 244, 289, 322, 339, 371, 394, 397, 400, 403, 406, 413, 427, 450, 454, 458, 463, 471, 481, 483, 488, 512, 515, 576, 584, 601, 617, 621, 653, 696, 703, 740, 773, 802, 805, 826, 850, 866, 875, 902, 908, 918, 932, 992]
i =  49 : [8, 16, 17, 40, 51, 59, 101, 123, 149, 154, 167, 184, 222, 245, 362, 452, 487, 502, 506, 528, 547, 577, 616, 686, 744, 852, 858, 859, 917, 927]
i =  50 : [54, 76, 99, 104, 126, 129, 130, 146, 178, 192, 206, 218, 244, 289, 322, 339, 371, 394, 397, 400, 403, 406, 413, 427, 450, 454, 458, 463, 471, 481, 483, 512, 515, 562, 576, 584, 601, 617, 621, 653, 696, 703, 740, 773, 802, 805, 826, 850, 866, 875, 902, 908, 918, 932, 992]
overlapping nodes are:  [1, 2, 5, 6, 8, 9, 11, 12, 14, 16, 17, 18, 19, 22, 23, 24, 25, 26, 27, 29, 33, 36, 37, 40, 41, 43, 44, 46, 48, 49, 50, 51, 52, 54, 56, 57, 59, 60, 64, 65, 66, 72, 76, 78, 79, 83, 84, 90, 91, 93, 94, 95, 96, 98, 99, 100, 101, 102, 103, 104, 108, 109, 110, 111, 116, 117, 122, 123, 124, 126, 127, 129, 130, 132, 133, 136, 139, 140, 141, 144, 146, 147, 148, 149, 150, 154, 157, 158, 161, 162, 167, 172, 173, 174, 175, 178, 182, 183, 184, 186, 187, 191, 192, 193, 195, 196, 199, 203, 205, 206, 211, 213, 218, 219, 222, 223, 225, 227, 228, 229, 231, 232, 233, 234, 237, 240, 244, 245, 247, 248, 250, 252, 253, 254, 255, 264, 265, 271, 272, 273, 275, 276, 279, 280, 284, 289, 290, 291, 295, 301, 302, 303, 308, 310, 311, 312, 313, 316, 319, 322, 325, 330, 332, 333, 338, 339, 341, 343, 347, 349, 353, 355, 357, 359, 360, 362, 364, 371, 375, 381, 384, 385, 386, 389, 390, 394, 395, 397, 398, 399, 400, 403, 404, 406, 409, 412, 413, 416, 417, 418, 420, 421, 427, 428, 429, 430, 431, 433, 440, 441, 442, 446, 448, 450, 452, 454, 456, 457, 458, 459, 463, 466, 467, 469, 471, 472, 474, 475, 477, 479, 481, 483, 484, 485, 487, 490, 492, 494, 496, 497, 499, 500, 502, 504, 505, 506, 507, 508, 509, 511, 512, 513, 515, 517, 521, 523, 524, 526, 528, 529, 530, 531, 533, 536, 542, 547, 548, 549, 552, 553, 554, 555, 559, 563, 565, 566, 567, 568, 571, 575, 576, 577, 580, 583, 584, 585, 589, 591, 593, 595, 596, 599, 601, 605, 606, 609, 611, 613, 616, 617, 618, 619, 621, 623, 625, 627, 629, 634, 635, 636, 637, 638, 641, 644, 647, 648, 649, 652, 653, 655, 657, 658, 659, 660, 661, 667, 668, 670, 671, 674, 677, 678, 679, 682, 683, 684, 685, 686, 687, 688, 690, 692, 693, 694, 696, 703, 705, 712, 713, 714, 718, 723, 726, 727, 728, 729, 730, 731, 732, 733, 736, 738, 740, 741, 742, 743, 749, 750, 751, 752, 755, 756, 757, 763, 771, 772, 773, 774, 775, 776, 777, 778, 780, 781, 782, 788, 790, 792, 793, 794, 799, 800, 801, 802, 803, 805, 807, 808, 811, 814, 817, 818, 819, 821, 826, 827, 833, 834, 835, 836, 837, 843, 845, 847, 848, 849, 850, 852, 853, 856, 857, 858, 859, 866, 867, 870, 875, 876, 878, 885, 886, 891, 894, 900, 901, 902, 904, 907, 908, 909, 912, 914, 916, 917, 918, 921, 924, 927, 929, 931, 932, 933, 934, 936, 938, 940, 943, 946, 948, 951, 956, 958, 959, 961, 963, 964, 966, 970, 981, 992, 997] 
 NOO is:  471
total time is:  275.956202984
