lens of ground_truth:  25
ground_truth is: [[11, 104, 111, 148, 149, 161, 174, 197, 218, 223, 227, 230, 257, 279, 281, 288, 296, 297, 298, 330, 354, 386, 389, 406, 422, 436, 441, 457, 476, 477, 480, 507, 513, 538, 549, 551, 591, 596, 603, 607, 634, 638, 678, 679, 680, 694, 699, 701, 710, 718, 721, 722, 790, 814, 820, 821, 822, 828, 832, 890, 904, 909, 910, 912, 917, 936, 969, 972, 987, 998], [20, 26, 29, 44, 50, 53, 90, 126, 131, 140, 146, 157, 161, 182, 188, 200, 209, 221, 230, 232, 235, 254, 255, 276, 281, 286, 311, 319, 332, 335, 341, 396, 406, 417, 448, 457, 460, 463, 470, 485, 492, 518, 528, 538, 545, 566, 583, 605, 661, 685, 694, 702, 720, 721, 729, 730, 774, 778, 785, 794, 807, 808, 809, 825, 833, 837, 841, 843, 871, 878, 881, 891, 913, 914, 916, 921, 928, 932, 933, 935, 938, 939, 941, 943, 976, 982, 985, 999], [2, 16, 48, 51, 56, 77, 91, 135, 168, 184, 199, 213, 220, 302, 311, 322, 324, 325, 336, 342, 358, 360, 367, 392, 394, 403, 433, 435, 438, 447, 458, 504, 509, 518, 523, 537, 545, 551, 573, 574, 587, 589, 609, 650, 668, 685, 700, 703, 714, 740, 751, 765, 796, 806, 817, 831, 836, 840, 863, 891, 902, 905, 925, 956, 959, 972], [22, 33, 35, 43, 93, 147, 164, 175, 187, 189, 209, 235, 248, 263, 287, 351, 385, 398, 407, 416, 432, 466, 549, 568, 569, 577, 599, 629, 636, 708, 723, 748, 759, 772, 780, 812, 815, 819, 913, 943, 945, 988, 990, 994, 999], [26, 28, 29, 39, 40, 53, 66, 72, 73, 74, 80, 113, 127, 169, 176, 224, 233, 245, 294, 302, 318, 319, 345, 351, 356, 365, 367, 368, 379, 384, 404, 406, 411, 414, 418, 425, 448, 453, 457, 502, 510, 514, 537, 548, 549, 558, 563, 570, 588, 632, 637, 666, 674, 720, 722, 727, 734, 739, 741, 761, 767, 800, 811, 820, 825, 831, 846, 852, 878, 888, 897, 931, 932, 933, 950, 967, 986], [34, 57, 76, 89, 97, 140, 163, 174, 204, 205, 210, 214, 222, 248, 257, 264, 269, 277, 298, 346, 353, 362, 370, 386, 387, 395, 426, 441, 446, 471, 501, 517, 535, 538, 610, 640, 684, 686, 696, 711, 713, 733, 738, 744, 756, 771, 781, 788, 789, 814, 822, 835, 838, 842, 855, 864, 875, 903, 928, 936, 937, 959, 972, 991], [38, 82, 115, 170, 200, 202, 225, 230, 265, 285, 292, 349, 371, 397, 431, 434, 439, 497, 571, 627, 664, 675, 720, 732, 740, 787, 788, 801, 865, 898, 901, 928], [17, 23, 25, 55, 75, 76, 125, 156, 174, 209, 216, 217, 242, 246, 340, 341, 350, 365, 378, 455, 459, 467, 470, 520, 575, 592, 612, 635, 643, 672, 715, 728, 754, 768, 782, 803, 810, 877, 882, 963], [21, 26, 37, 40, 53, 57, 70, 122, 124, 140, 144, 145, 146, 148, 161, 183, 195, 209, 221, 230, 236, 237, 243, 247, 281, 282, 288, 298, 302, 306, 311, 319, 323, 351, 367, 370, 374, 383, 385, 401, 441, 448, 457, 486, 492, 499, 505, 516, 537, 538, 545, 550, 618, 621, 652, 682, 685, 689, 694, 708, 712, 721, 737, 741, 749, 763, 771, 774, 779, 808, 814, 822, 825, 831, 843, 849, 862, 870, 878, 880, 886, 889, 891, 913, 915, 926, 928, 932, 934, 939, 948, 952, 959, 965, 975, 1000], [5, 20, 41, 99, 105, 116, 142, 226, 250, 254, 255, 258, 261, 266, 290, 298, 301, 331, 341, 395, 440, 460, 470, 498, 506, 530, 553, 559, 622, 626, 648, 653, 661, 677, 679, 723, 755, 757, 780, 783, 786, 909, 943, 970, 999], [4, 9, 19, 20, 64, 65, 92, 109, 140, 182, 252, 256, 267, 280, 284, 300, 337, 363, 379, 380, 385, 390, 395, 400, 449, 474, 491, 504, 535, 540, 544, 545, 551, 581, 616, 631, 633, 644, 649, 657, 661, 665, 667, 673, 692, 725, 737, 745, 747, 802, 807, 808, 811, 818, 829, 831, 839, 843, 845, 860, 907, 918, 920, 936, 941, 953, 993], [1, 14, 26, 40, 47, 53, 63, 76, 84, 87, 146, 183, 208, 221, 231, 234, 241, 255, 271, 293, 302, 314, 339, 351, 364, 365, 367, 372, 395, 410, 419, 430, 464, 483, 486, 488, 492, 503, 525, 537, 543, 552, 554, 561, 572, 601, 624, 639, 666, 737, 740, 741, 780, 788, 799, 808, 820, 822, 825, 843, 878, 884, 913, 932, 941, 951, 955, 957, 971, 984, 992, 997], [57, 69, 100, 110, 114, 132, 133, 138, 159, 177, 180, 193, 198, 215, 248, 257, 262, 281, 310, 332, 334, 355, 365, 386, 405, 443, 445, 448, 451, 460, 486, 496, 511, 527, 620, 666, 720, 742, 752, 775, 783, 788, 795, 807, 873, 894, 900, 909, 911, 936, 942, 944, 977, 989], [30, 67, 83, 160, 173, 249, 272, 274, 428, 452, 504, 532, 539, 567, 576, 611, 660, 662, 705, 726, 753, 762, 795], [7, 8, 15, 61, 141, 152, 154, 183, 221, 288, 307, 311, 316, 361, 370, 379, 391, 415, 444, 456, 460, 461, 462, 478, 518, 521, 534, 556, 597, 625, 666, 723, 736, 741, 783, 811, 820, 826, 844, 851, 868, 876, 879, 893, 974, 980], [13, 36, 59, 78, 118, 146, 148, 155, 165, 166, 169, 178, 183, 190, 191, 244, 260, 270, 305, 309, 326, 333, 359, 366, 379, 381, 386, 406, 421, 441, 470, 492, 500, 531, 541, 549, 598, 606, 628, 654, 658, 679, 685, 690, 694, 706, 717, 722, 735, 758, 780, 804, 816, 824, 853, 854, 858, 859, 867, 887, 891, 906, 919, 922, 927, 933, 939, 958, 959, 966], [10, 29, 32, 71, 96, 117, 121, 136, 158, 169, 182, 200, 203, 235, 240, 248, 251, 255, 288, 291, 295, 304, 320, 329, 332, 373, 409, 427, 495, 528, 535, 542, 564, 565, 623, 646, 671, 681, 688, 708, 740, 769, 773, 774, 777, 784, 792, 793, 795, 797, 805, 813, 869, 895, 949, 962, 973], [42, 57, 62, 123, 137, 212, 229, 303, 315, 347, 382, 454, 486, 489, 533, 579, 580, 593, 602, 641, 656, 719, 721, 746, 771, 791, 794, 939, 972], [31, 54, 95, 98, 112, 162, 171, 219, 283, 312, 388, 393, 399, 546, 560, 645, 655, 697, 716, 723, 724, 731, 766, 774], [79, 103, 119, 148, 151, 289, 321, 352, 370, 408, 420, 423, 424, 465, 472, 484, 493, 617, 663, 669], [45, 49, 106, 107, 128, 134, 139, 169, 201, 211, 273, 278, 299, 327, 343, 376, 429, 437, 479, 515, 529, 547, 551, 595, 614, 630, 651, 670, 764, 794, 827, 861, 874, 885, 923, 924], [24, 40, 58, 86, 101, 130, 153, 167, 172, 181, 254, 257, 328, 369, 375, 402, 412, 526, 528, 557, 584, 585, 594, 600, 613, 615, 704, 707, 722, 737, 743, 760, 798, 814, 834, 872, 892, 899, 909, 929, 941, 946, 960, 964, 968, 981, 983, 995, 999], [18, 46, 52, 76, 94, 102, 120, 129, 143, 174, 185, 192, 194, 196, 207, 238, 259, 317, 413, 475, 481, 482, 487, 508, 518, 519, 522, 524, 555, 562, 578, 590, 698, 708, 709, 770, 776, 795, 848, 857, 866, 896, 908, 940, 954, 978], [3, 20, 27, 29, 68, 88, 179, 182, 200, 206, 228, 235, 254, 268, 275, 308, 319, 332, 338, 341, 344, 348, 377, 442, 450, 469, 473, 494, 504, 512, 528, 535, 536, 582, 608, 619, 659, 661, 676, 683, 691, 750, 783, 794, 807, 847, 856, 883, 930, 933, 943, 947, 961, 979, 996], [6, 12, 60, 81, 85, 108, 150, 161, 186, 239, 253, 313, 357, 385, 468, 490, 586, 604, 642, 647, 679, 687, 693, 695, 771, 811, 823, 830, 850]]
print random_nodes: [[530], [721], [309], [74], [403], [282], [276], [545], [359], [956], [926], [679], [619], [135], [682], [205], [166], [140], [836], [873], [979], [784], [247], [503], [685], [424], [911], [513], [362], [736], [827], [279]]
args__________ ([[530]],)
args__________ ([[721]],)
args__________ ([[309]],)
args__________ ([[74]],)
args__________ ([[403]],)
args__________ ([[282]],)
args__________ ([[276]],)
args__________ ([[545]],)
args__________ ([[359]],)
args__________ ([[956]],)
args__________ ([[926]],)
args__________ ([[679]],)
args__________ ([[619]],)
args__________ ([[135]],)
args__________ ([[682]],)
args__________ ([[205]],)
args__________ ([[166]],)
args__________ ([[140]],)
args__________ ([[836]],)
args__________ ([[873]],)
args__________ ([[979]],)
args__________ ([[784]],)
args__________ ([[247]],)
args__________ ([[503]],)
args__________ ([[685]],)
args__________ ([[424]],)
args__________ ([[911]],)
args__________ ([[513]],)
args__________ ([[362]],)
args__________ ([[736]],)
args__________ ([[827]],)
args__________ ([[279]],)
finish process_num processes get single node nature community___________________
length of left_nodes_list__________:  405
print random_nodes: [[170], [249], [932], [737], [485], [834], [739], [967], [774], [431], [830], [341], [35], [726], [645], [898], [502], [467], [723], [6], [570], [988], [434], [801], [283], [583], [936], [255], [976], [93], [388], [457]]
args__________ ([[170]],)
args__________ ([[249]],)
args__________ ([[932]],)
args__________ ([[737]],)
args__________ ([[485]],)
args__________ ([[834]],)
args__________ ([[739]],)
args__________ ([[967]],)
args__________ ([[774]],)
args__________ ([[431]],)
args__________ ([[830]],)
args__________ ([[341]],)
args__________ ([[35]],)
args__________ ([[726]],)
args__________ ([[645]],)
args__________ ([[898]],)
args__________ ([[502]],)
args__________ ([[467]],)
args__________ ([[723]],)
args__________ ([[6]],)
args__________ ([[570]],)
args__________ ([[988]],)
args__________ ([[434]],)
args__________ ([[801]],)
args__________ ([[283]],)
args__________ ([[583]],)
args__________ ([[936]],)
args__________ ([[255]],)
args__________ ([[976]],)
args__________ ([[93]],)
args__________ ([[388]],)
args__________ ([[457]],)
finish process_num processes get single node nature community___________________
length of left_nodes_list__________:  76
print random_nodes: [[722], [385], [231], [807], [200], [661], [406], [40], [831], [941], [535], [379], [972], [820], [248], [395], [161], [822], [182], [825], [794], [441], [843], [780], [928], [528], [795], [298], [221], [174], [470], [351]]
args__________ ([[722]],)
args__________ ([[385]],)
args__________ ([[231]],)
args__________ ([[807]],)
args__________ ([[200]],)
args__________ ([[661]],)
args__________ ([[406]],)
args__________ ([[40]],)
args__________ ([[831]],)
args__________ ([[941]],)
args__________ ([[535]],)
args__________ ([[379]],)
args__________ ([[972]],)
args__________ ([[820]],)
args__________ ([[248]],)
args__________ ([[395]],)
args__________ ([[161]],)
args__________ ([[822]],)
args__________ ([[182]],)
args__________ ([[825]],)
args__________ ([[794]],)
args__________ ([[441]],)
args__________ ([[843]],)
args__________ ([[780]],)
args__________ ([[928]],)
args__________ ([[528]],)
args__________ ([[795]],)
args__________ ([[298]],)
args__________ ([[221]],)
args__________ ([[174]],)
args__________ ([[470]],)
args__________ ([[351]],)
finish process_num processes get single node nature community___________________
length of left_nodes_list__________:  37
print random_nodes: [[959], [288], [254], [486], [146], [504], [551], [933], [209], [183], [771], [740], [367], [808], [708], [518], [788], [999], [783], [913], [814], [365], [319], [537], [939], [666], [943], [741], [891], [878], [720], [694]]
args__________ ([[959]],)
args__________ ([[288]],)
args__________ ([[254]],)
args__________ ([[486]],)
args__________ ([[146]],)
args__________ ([[504]],)
args__________ ([[551]],)
args__________ ([[933]],)
args__________ ([[209]],)
args__________ ([[183]],)
args__________ ([[771]],)
args__________ ([[740]],)
args__________ ([[367]],)
args__________ ([[808]],)
args__________ ([[708]],)
args__________ ([[518]],)
args__________ ([[788]],)
args__________ ([[999]],)
args__________ ([[783]],)
args__________ ([[913]],)
args__________ ([[814]],)
args__________ ([[365]],)
args__________ ([[319]],)
args__________ ([[537]],)
args__________ ([[939]],)
args__________ ([[666]],)
args__________ ([[943]],)
args__________ ([[741]],)
args__________ ([[891]],)
args__________ ([[878]],)
args__________ ([[720]],)
args__________ ([[694]],)
finish process_num processes get single node nature community___________________
length of left_nodes_list__________:  5
print random_nodes: [[811], [460], [909], [538], [370]]
args__________ ([[811]],)
args__________ ([[460]],)
args__________ ([[909]],)
args__________ ([[538]],)
args__________ ([[370]],)
finish process_num processes get single node nature community___________________
length of left_nodes_list__________:  0
commplete get_all_nature_community, length:  133
after deal_communities, length:______________ 97
fits_dic 97
above ave fitness communities 60 [0.6341463414634146, 0.6774716369529984, 0.6436781609195402, 0.6774716369529984, 0.609715242881072, 0.6706586826347305, 0.6706484641638225, 0.6573099415204678, 0.6107678729037952, 0.7975460122699386, 0.6431642304385211, 0.8603988603988604, 0.653941908713693, 0.7290076335877863, 0.6972477064220184, 0.6304728546409807, 0.8603988603988604, 0.6565656565656566, 0.6061674008810573, 0.6208609271523179, 0.7213822894168467, 0.5899280575539568, 0.6236378876781223, 0.6286701208981001, 0.6166529266281946, 0.5665171898355755, 0.7317073170731707, 0.587037037037037, 0.7581699346405228, 0.7337662337662337, 0.6444444444444445, 0.6529680365296804, 0.5770491803278689, 0.5884194053208138, 0.6328310864393338, 0.6878306878306878, 0.708029197080292, 0.5918944392082941, 0.6512396694214876, 0.6816999132697311, 0.5780730897009967, 0.6744186046511628, 0.6319702602230484, 0.6204465334900118, 0.6111535523300229, 0.651277823577906, 0.6536675951717734, 0.6185344827586207, 0.581532416502947, 0.6259414225941422, 0.6688453159041394, 0.6185397867104184, 0.620253164556962, 0.6851851851851852, 0.639871382636656, 0.613896218117854, 0.6514285714285715, 0.6407079646017699, 0.6050420168067226, 0.7840531561461794]
----------------------------------The detection result is: 

all communities: 
i =  1 : [4, 9, 19, 64, 65, 92, 109, 252, 256, 267, 280, 284, 300, 337, 363, 380, 390, 400, 449, 474, 491, 540, 544, 581, 616, 631, 633, 644, 649, 657, 665, 667, 673, 692, 721, 725, 745, 747, 802, 818, 829, 839, 845, 860, 907, 918, 920, 953, 993]
i =  2 : [13, 36, 59, 78, 118, 155, 165, 166, 178, 190, 191, 244, 260, 270, 305, 309, 326, 333, 359, 366, 381, 421, 500, 531, 541, 598, 606, 628, 654, 658, 690, 706, 717, 735, 758, 804, 816, 824, 853, 854, 858, 859, 867, 887, 906, 919, 922, 927, 958, 966]
i =  3 : [42, 62, 123, 137, 212, 229, 282, 303, 315, 347, 382, 454, 489, 533, 579, 580, 593, 602, 641, 656, 719, 746, 791]
i =  4 : [13, 36, 59, 78, 118, 155, 165, 166, 178, 190, 191, 244, 260, 270, 305, 309, 326, 333, 359, 366, 381, 421, 500, 531, 541, 598, 606, 628, 654, 658, 690, 706, 717, 735, 758, 804, 816, 824, 853, 854, 858, 859, 867, 887, 906, 919, 922, 927, 958, 966]
i =  5 : [5, 41, 99, 105, 116, 142, 226, 250, 258, 261, 266, 290, 301, 331, 440, 498, 506, 530, 553, 559, 622, 626, 648, 653, 677, 679, 755, 757, 786, 970]
i =  6 : [2, 16, 48, 51, 56, 77, 91, 135, 168, 184, 199, 213, 220, 302, 322, 324, 325, 336, 342, 358, 360, 392, 394, 403, 433, 435, 438, 447, 458, 509, 523, 573, 574, 587, 589, 609, 650, 668, 700, 703, 714, 751, 765, 796, 806, 817, 836, 840, 863, 902, 905, 925, 956]
i =  7 : [2, 16, 48, 51, 56, 77, 91, 135, 168, 184, 199, 213, 220, 322, 324, 325, 336, 342, 358, 360, 392, 394, 403, 433, 435, 438, 447, 458, 509, 523, 573, 574, 587, 589, 609, 650, 668, 685, 700, 703, 714, 751, 765, 796, 806, 817, 836, 840, 863, 902, 905, 925, 956]
i =  8 : [44, 69, 100, 110, 114, 132, 133, 138, 159, 177, 180, 193, 198, 215, 262, 310, 334, 355, 405, 443, 445, 451, 496, 511, 527, 620, 742, 752, 775, 873, 894, 900, 911, 942, 944, 977, 989]
i =  9 : [34, 89, 94, 97, 140, 163, 204, 205, 210, 214, 222, 264, 269, 277, 346, 353, 362, 387, 426, 446, 471, 501, 517, 610, 640, 684, 686, 696, 711, 713, 733, 738, 744, 756, 781, 789, 835, 838, 842, 855, 864, 875, 903, 937, 991]
i =  10 : [45, 49, 106, 107, 128, 134, 139, 201, 211, 273, 278, 299, 327, 343, 376, 429, 437, 479, 515, 529, 547, 595, 614, 630, 651, 670, 764, 827, 861, 874, 885, 923, 924]
i =  11 : [11, 43, 104, 111, 149, 197, 218, 223, 227, 279, 296, 297, 330, 354, 389, 422, 436, 476, 477, 480, 507, 513, 591, 596, 603, 607, 634, 638, 678, 680, 699, 701, 710, 718, 790, 821, 828, 832, 890, 904, 910, 912, 917, 969, 987, 998]
i =  12 : [30, 67, 83, 160, 173, 249, 272, 274, 428, 452, 532, 539, 567, 576, 611, 660, 662, 705, 726, 753, 762]
i =  13 : [4, 9, 19, 64, 65, 92, 109, 252, 256, 267, 280, 284, 300, 337, 363, 380, 390, 400, 449, 474, 491, 540, 544, 581, 616, 631, 633, 644, 649, 657, 665, 667, 673, 692, 725, 737, 745, 747, 802, 818, 829, 839, 845, 860, 907, 918, 920, 953, 993]
i =  14 : [24, 58, 86, 101, 130, 153, 167, 172, 181, 328, 369, 375, 402, 412, 526, 557, 584, 585, 594, 600, 613, 615, 704, 707, 743, 760, 798, 834, 872, 892, 899, 929, 946, 960, 964, 968, 981, 983, 995]
i =  15 : [31, 54, 95, 98, 112, 162, 171, 219, 283, 312, 388, 393, 399, 546, 560, 645, 655, 697, 716, 724, 731, 766, 774]
i =  16 : [5, 41, 99, 105, 116, 142, 226, 250, 258, 261, 266, 290, 301, 331, 341, 440, 498, 506, 530, 553, 559, 622, 626, 648, 653, 677, 755, 757, 786, 970]
i =  17 : [30, 67, 83, 160, 173, 249, 272, 274, 428, 452, 532, 539, 567, 576, 611, 660, 662, 705, 726, 753, 762]
i =  18 : [2, 16, 48, 51, 56, 77, 91, 135, 168, 184, 199, 213, 220, 322, 324, 325, 336, 342, 358, 360, 392, 394, 403, 433, 435, 438, 447, 458, 509, 523, 573, 574, 587, 589, 609, 650, 668, 700, 703, 714, 723, 751, 765, 796, 806, 817, 836, 840, 863, 902, 905, 925, 956]
i =  19 : [18, 46, 52, 94, 102, 120, 129, 143, 163, 185, 192, 194, 196, 207, 238, 259, 317, 413, 471, 475, 481, 482, 487, 508, 519, 522, 524, 555, 562, 578, 590, 698, 709, 770, 776, 848, 857, 866, 896, 908, 936, 940, 954, 978]
i =  20 : [28, 39, 66, 72, 73, 74, 80, 113, 127, 176, 224, 233, 245, 294, 318, 345, 356, 368, 384, 404, 411, 414, 418, 425, 453, 457, 502, 510, 514, 548, 558, 563, 570, 588, 632, 637, 674, 727, 734, 739, 761, 767, 800, 846, 852, 888, 897, 931, 950, 967, 986]
i =  21 : [6, 12, 60, 81, 85, 108, 150, 186, 239, 253, 313, 357, 385, 468, 490, 586, 604, 642, 647, 687, 693, 695, 823, 830, 850]
i =  22 : [2, 29, 69, 100, 110, 114, 132, 133, 138, 159, 177, 180, 193, 198, 215, 262, 310, 334, 355, 405, 443, 445, 451, 496, 511, 527, 620, 742, 752, 775, 807, 873, 894, 900, 911, 942, 944, 977, 989]
i =  23 : [28, 39, 66, 72, 73, 74, 80, 113, 127, 176, 200, 224, 233, 245, 294, 318, 345, 356, 368, 384, 404, 411, 414, 418, 425, 453, 502, 510, 514, 548, 558, 563, 570, 588, 632, 637, 674, 727, 734, 739, 761, 767, 800, 846, 852, 888, 897, 931, 950, 967, 986]
i =  24 : [5, 41, 99, 105, 116, 142, 226, 250, 258, 261, 266, 290, 301, 331, 440, 498, 506, 530, 553, 559, 622, 626, 648, 653, 661, 677, 755, 757, 786, 970]
i =  25 : [28, 39, 66, 72, 73, 74, 80, 113, 127, 176, 224, 233, 245, 294, 318, 345, 356, 368, 384, 404, 406, 411, 414, 418, 425, 453, 502, 510, 514, 548, 558, 563, 570, 588, 632, 637, 674, 727, 734, 739, 761, 767, 800, 846, 852, 888, 897, 931, 950, 967, 986]
i =  26 : [9, 28, 39, 66, 72, 73, 74, 80, 92, 113, 127, 176, 224, 233, 245, 294, 318, 345, 356, 368, 384, 404, 411, 414, 418, 425, 453, 502, 510, 514, 548, 558, 563, 570, 588, 632, 637, 674, 727, 734, 739, 761, 767, 800, 831, 846, 852, 888, 897, 931, 950, 967, 986]
i =  27 : [17, 23, 25, 55, 75, 125, 156, 216, 217, 242, 246, 340, 350, 378, 379, 455, 459, 467, 520, 575, 592, 612, 635, 643, 672, 715, 728, 754, 768, 782, 803, 810, 877, 882, 963]
i =  28 : [1, 14, 47, 63, 84, 87, 208, 231, 234, 241, 271, 293, 314, 339, 364, 372, 410, 419, 430, 464, 483, 488, 503, 525, 543, 552, 554, 561, 572, 601, 624, 639, 799, 820, 884, 951, 955, 957, 971, 984, 992, 997]
i =  29 : [79, 103, 119, 151, 248, 289, 321, 352, 408, 420, 423, 424, 465, 472, 484, 493, 617, 663, 669]
i =  30 : [18, 46, 52, 94, 102, 120, 129, 143, 185, 192, 194, 196, 207, 238, 259, 317, 395, 413, 475, 481, 482, 487, 508, 519, 522, 524, 555, 562, 578, 590, 698, 709, 770, 776, 848, 857, 866, 896, 908, 940, 954, 978]
i =  31 : [42, 62, 123, 137, 212, 229, 303, 315, 347, 382, 454, 489, 533, 579, 580, 593, 602, 641, 656, 719, 746, 791, 794]
i =  32 : [69, 100, 110, 114, 132, 133, 138, 159, 177, 180, 193, 198, 215, 262, 310, 334, 355, 405, 443, 445, 451, 496, 511, 527, 620, 742, 752, 775, 795, 873, 894, 900, 911, 942, 944, 977, 989]
i =  33 : [34, 57, 76, 89, 97, 163, 174, 204, 205, 210, 214, 222, 264, 269, 277, 346, 353, 362, 387, 426, 436, 446, 471, 501, 517, 610, 640, 684, 686, 696, 711, 713, 733, 738, 744, 756, 781, 789, 835, 838, 842, 855, 864, 875, 903, 937, 991]
i =  34 : [28, 39, 66, 72, 73, 74, 80, 113, 127, 176, 224, 233, 237, 245, 294, 318, 345, 351, 356, 368, 384, 404, 411, 414, 418, 425, 453, 502, 510, 514, 548, 558, 563, 570, 588, 632, 637, 674, 727, 734, 739, 761, 767, 800, 846, 852, 888, 897, 931, 950, 967, 986]
i =  35 : [2, 16, 48, 51, 56, 77, 91, 135, 168, 184, 199, 213, 220, 322, 324, 325, 336, 342, 358, 360, 392, 394, 403, 433, 435, 438, 447, 458, 509, 523, 573, 574, 587, 589, 609, 650, 668, 700, 703, 714, 751, 765, 796, 806, 817, 836, 840, 863, 902, 905, 925, 956, 959]
i =  36 : [4, 9, 19, 64, 65, 92, 109, 252, 256, 267, 280, 284, 288, 300, 337, 363, 380, 390, 400, 449, 474, 491, 540, 544, 581, 616, 631, 633, 644, 649, 657, 665, 667, 673, 692, 725, 745, 747, 802, 818, 829, 839, 845, 860, 907, 918, 920, 953, 993]
i =  37 : [38, 82, 115, 170, 202, 225, 254, 265, 285, 292, 349, 371, 397, 431, 434, 439, 497, 571, 627, 664, 675, 732, 787, 801, 865, 898, 901]
i =  38 : [1, 14, 47, 63, 84, 87, 146, 208, 231, 234, 241, 271, 293, 314, 339, 364, 372, 410, 419, 430, 464, 483, 488, 503, 525, 543, 552, 554, 561, 572, 601, 624, 639, 799, 884, 951, 955, 957, 971, 984, 992, 997]
i =  39 : [2, 16, 48, 51, 56, 77, 91, 105, 135, 168, 184, 199, 213, 220, 322, 324, 325, 336, 342, 358, 360, 392, 394, 403, 433, 435, 438, 447, 458, 504, 509, 523, 573, 574, 587, 589, 609, 650, 668, 700, 703, 714, 751, 765, 796, 806, 817, 836, 840, 863, 902, 905, 925, 956]
i =  40 : [2, 16, 48, 51, 56, 77, 91, 135, 168, 184, 199, 213, 220, 322, 324, 325, 336, 342, 358, 360, 392, 394, 403, 433, 435, 438, 447, 458, 509, 523, 551, 573, 574, 587, 589, 609, 650, 668, 700, 703, 714, 751, 765, 796, 806, 817, 836, 840, 863, 902, 905, 925, 956]
i =  41 : [10, 32, 71, 96, 117, 121, 126, 136, 158, 203, 240, 251, 291, 295, 304, 320, 329, 373, 409, 427, 495, 542, 564, 565, 623, 646, 671, 681, 688, 769, 773, 777, 784, 792, 793, 797, 805, 813, 869, 895, 933, 949, 962, 973]
i =  42 : [7, 8, 15, 61, 141, 152, 154, 183, 307, 316, 361, 391, 415, 444, 456, 461, 462, 478, 521, 534, 556, 597, 625, 736, 826, 844, 851, 868, 876, 879, 893, 974, 980]
i =  43 : [6, 12, 38, 60, 81, 85, 108, 150, 186, 239, 253, 313, 357, 468, 490, 586, 604, 642, 647, 687, 693, 695, 771, 823, 830, 850]
i =  44 : [22, 33, 35, 43, 84, 93, 147, 164, 175, 187, 189, 263, 287, 398, 407, 416, 432, 466, 568, 569, 577, 599, 629, 636, 740, 748, 759, 772, 812, 815, 819, 945, 988, 990, 994]
i =  45 : [2, 9, 16, 48, 51, 56, 77, 91, 135, 168, 184, 199, 213, 220, 322, 324, 325, 336, 342, 358, 360, 367, 392, 394, 403, 433, 435, 438, 447, 458, 509, 523, 573, 574, 587, 589, 609, 650, 668, 700, 703, 714, 751, 765, 796, 806, 817, 831, 836, 840, 863, 902, 905, 925, 956]
i =  46 : [4, 9, 19, 64, 65, 92, 109, 252, 256, 267, 280, 284, 300, 337, 363, 380, 390, 400, 449, 474, 491, 540, 544, 581, 616, 631, 633, 644, 649, 657, 665, 667, 673, 692, 725, 745, 747, 802, 808, 818, 829, 839, 845, 860, 907, 918, 920, 953, 993]
i =  47 : [10, 32, 71, 96, 117, 121, 136, 145, 158, 203, 240, 251, 291, 295, 304, 320, 329, 373, 409, 427, 495, 542, 564, 565, 623, 646, 671, 681, 688, 708, 769, 773, 777, 784, 792, 793, 797, 805, 813, 869, 895, 949, 962, 973]
i =  48 : [69, 99, 100, 110, 114, 132, 133, 138, 159, 177, 180, 193, 198, 215, 262, 310, 334, 355, 405, 443, 445, 451, 496, 511, 527, 620, 742, 752, 775, 783, 873, 894, 900, 911, 942, 944, 977, 989]
i =  49 : [31, 54, 95, 98, 112, 162, 171, 219, 283, 312, 388, 393, 399, 546, 560, 645, 655, 697, 716, 724, 731, 766, 913]
i =  50 : [28, 39, 66, 72, 73, 74, 80, 113, 127, 176, 224, 233, 245, 294, 318, 345, 356, 365, 368, 384, 404, 411, 414, 418, 425, 453, 502, 510, 514, 548, 558, 563, 570, 588, 632, 637, 674, 727, 734, 739, 761, 767, 800, 846, 852, 888, 897, 931, 950, 967, 986]
i =  51 : [3, 27, 68, 88, 179, 206, 228, 268, 275, 308, 319, 338, 344, 348, 377, 442, 450, 469, 473, 494, 512, 536, 582, 608, 619, 659, 676, 683, 691, 750, 847, 856, 883, 930, 947, 961, 979, 996]
i =  52 : [28, 39, 53, 66, 72, 73, 74, 80, 113, 127, 176, 224, 233, 245, 294, 318, 345, 356, 368, 384, 404, 411, 414, 418, 425, 453, 502, 510, 514, 537, 548, 558, 563, 570, 588, 632, 637, 674, 727, 734, 739, 761, 767, 800, 846, 852, 888, 897, 931, 950, 967, 986]
i =  53 : [42, 62, 123, 137, 212, 229, 303, 315, 347, 382, 454, 489, 533, 579, 580, 593, 602, 641, 656, 719, 746, 791, 939]
i =  54 : [31, 54, 95, 98, 112, 162, 171, 219, 283, 312, 388, 393, 399, 546, 560, 645, 655, 666, 697, 716, 724, 731, 766]
i =  55 : [38, 82, 115, 157, 170, 202, 225, 265, 285, 292, 349, 371, 397, 431, 434, 439, 497, 571, 627, 664, 675, 720, 732, 787, 801, 865, 898, 901]
i =  56 : [10, 32, 71, 96, 117, 121, 131, 136, 158, 188, 203, 240, 251, 291, 295, 304, 320, 329, 373, 409, 427, 495, 542, 564, 565, 623, 646, 671, 681, 688, 694, 769, 773, 777, 784, 792, 793, 797, 805, 813, 869, 895, 949, 962, 973]
i =  57 : [6, 12, 60, 81, 85, 108, 150, 174, 186, 239, 253, 313, 357, 468, 490, 586, 604, 642, 647, 687, 693, 695, 811, 823, 830, 850]
i =  58 : [5, 41, 99, 105, 116, 142, 226, 250, 258, 261, 266, 290, 301, 331, 440, 460, 498, 506, 530, 553, 559, 622, 626, 648, 653, 677, 755, 757, 786, 970]
i =  59 : [69, 100, 110, 114, 132, 133, 138, 159, 177, 180, 193, 198, 215, 262, 310, 334, 355, 405, 443, 445, 451, 496, 511, 527, 620, 742, 752, 775, 873, 894, 900, 909, 911, 942, 944, 977, 989]
i =  60 : [79, 103, 119, 151, 289, 321, 352, 370, 408, 420, 423, 424, 465, 472, 484, 493, 617, 663, 669]
overlapping nodes are:  [1, 2, 4, 5, 6, 9, 10, 12, 13, 14, 16, 18, 19, 28, 30, 31, 32, 34, 36, 38, 39, 41, 42, 43, 46, 47, 48, 51, 52, 54, 56, 59, 60, 62, 63, 64, 65, 66, 67, 69, 71, 72, 73, 74, 77, 78, 79, 80, 81, 82, 83, 84, 85, 87, 89, 91, 92, 94, 95, 96, 97, 98, 99, 100, 102, 103, 105, 108, 109, 110, 112, 113, 114, 115, 116, 117, 118, 119, 120, 121, 123, 127, 129, 132, 133, 135, 136, 137, 138, 142, 143, 150, 151, 155, 158, 159, 160, 162, 163, 165, 166, 168, 170, 171, 173, 174, 176, 177, 178, 180, 184, 185, 186, 190, 191, 192, 193, 194, 196, 198, 199, 202, 203, 204, 205, 207, 208, 210, 212, 213, 214, 215, 219, 220, 222, 224, 225, 226, 229, 231, 233, 234, 238, 239, 240, 241, 244, 245, 249, 250, 251, 252, 253, 256, 258, 259, 260, 261, 262, 264, 265, 266, 267, 269, 270, 271, 272, 274, 277, 280, 283, 284, 285, 289, 290, 291, 292, 293, 294, 295, 300, 301, 303, 304, 305, 309, 310, 312, 313, 314, 315, 317, 318, 320, 321, 322, 324, 325, 326, 329, 331, 333, 334, 336, 337, 339, 342, 345, 346, 347, 349, 352, 353, 355, 356, 357, 358, 359, 360, 362, 363, 364, 366, 368, 371, 372, 373, 380, 381, 382, 384, 387, 388, 390, 392, 393, 394, 397, 399, 400, 403, 404, 405, 408, 409, 410, 411, 413, 414, 418, 419, 420, 421, 423, 424, 425, 426, 427, 428, 430, 431, 433, 434, 435, 436, 438, 439, 440, 443, 445, 446, 447, 449, 451, 452, 453, 454, 458, 464, 465, 468, 471, 472, 474, 475, 481, 482, 483, 484, 487, 488, 489, 490, 491, 493, 495, 496, 497, 498, 500, 501, 502, 503, 506, 508, 509, 510, 511, 514, 517, 519, 522, 523, 524, 525, 527, 530, 531, 532, 533, 539, 540, 541, 542, 543, 544, 546, 548, 552, 553, 554, 555, 558, 559, 560, 561, 562, 563, 564, 565, 567, 570, 571, 572, 573, 574, 576, 578, 579, 580, 581, 586, 587, 588, 589, 590, 593, 598, 601, 602, 604, 606, 609, 610, 611, 616, 617, 620, 622, 623, 624, 626, 627, 628, 631, 632, 633, 637, 639, 640, 641, 642, 644, 645, 646, 647, 648, 649, 650, 653, 654, 655, 656, 657, 658, 660, 662, 663, 664, 665, 667, 668, 669, 671, 673, 674, 675, 677, 681, 684, 686, 687, 688, 690, 692, 693, 695, 696, 697, 698, 700, 703, 705, 706, 709, 711, 713, 714, 716, 717, 719, 724, 725, 726, 727, 731, 732, 733, 734, 735, 738, 739, 742, 744, 745, 746, 747, 751, 752, 753, 755, 756, 757, 758, 761, 762, 765, 766, 767, 769, 770, 773, 775, 776, 777, 781, 784, 786, 787, 789, 791, 792, 793, 796, 797, 799, 800, 801, 802, 804, 805, 806, 813, 816, 817, 818, 823, 824, 829, 830, 831, 835, 836, 838, 839, 840, 842, 845, 846, 848, 850, 852, 853, 854, 855, 857, 858, 859, 860, 863, 864, 865, 866, 867, 869, 873, 875, 884, 887, 888, 894, 895, 896, 897, 898, 900, 901, 902, 903, 905, 906, 907, 908, 911, 918, 919, 920, 922, 925, 927, 931, 937, 940, 942, 944, 949, 950, 951, 953, 954, 955, 956, 957, 958, 962, 966, 967, 970, 971, 973, 977, 978, 984, 986, 989, 991, 992, 993, 997] 
 NOO is:  569
total time is:  229.522660971
