lens of ground_truth:  27
ground_truth is: [[17, 39, 43, 56, 72, 103, 115, 125, 132, 205, 234, 266, 295, 377, 379, 416, 439, 440, 449, 456, 457, 469, 471, 549, 552, 565, 571, 613, 703, 715, 721, 739, 773, 775, 811, 841, 868, 930, 950], [19, 20, 23, 26, 27, 28, 46, 71, 86, 94, 97, 124, 143, 180, 207, 242, 263, 282, 288, 304, 339, 346, 379, 398, 401, 405, 438, 441, 451, 457, 458, 460, 466, 467, 477, 498, 500, 509, 511, 525, 532, 534, 554, 591, 601, 667, 675, 681, 683, 685, 687, 693, 728, 755, 757, 758, 759, 760, 766, 776, 786, 815, 830, 838, 843, 854, 856, 876, 887, 902, 904, 907, 912, 916, 922, 953, 954, 963, 971, 972, 978, 980], [4, 10, 19, 32, 54, 62, 70, 102, 107, 134, 137, 142, 151, 166, 187, 188, 191, 221, 234, 238, 266, 268, 284, 295, 303, 313, 318, 327, 329, 371, 384, 385, 394, 401, 411, 422, 423, 426, 495, 502, 520, 528, 539, 542, 543, 554, 559, 622, 642, 660, 664, 671, 682, 705, 707, 708, 710, 724, 727, 729, 738, 761, 822, 829, 868, 880, 888, 890, 894, 895, 896, 898, 915, 927, 930, 932, 940, 944, 949, 951, 969, 970, 977], [19, 52, 113, 149, 183, 203, 212, 227, 245, 328, 330, 338, 369, 376, 450, 483, 520, 526, 539, 573, 579, 651, 691, 701, 745, 769, 805], [35, 88, 150, 155, 157, 163, 206, 255, 261, 273, 324, 361, 432, 452, 536, 581, 623, 636, 661, 674, 868], [21, 100, 107, 158, 159, 160, 240, 272, 277, 290, 356, 366, 401, 455, 570, 574, 578, 603, 641, 696, 720, 723, 730, 732, 797, 800, 836], [7, 16, 33, 36, 37, 67, 73, 91, 95, 97, 104, 107, 111, 124, 142, 152, 191, 196, 256, 259, 285, 291, 294, 398, 413, 442, 464, 465, 520, 525, 532, 535, 538, 545, 548, 595, 598, 690, 698, 716, 759, 772, 802, 823, 834, 836, 837, 842, 851, 862, 866, 870, 895, 903, 905, 913, 915, 928, 985, 989, 998, 999, 1000], [4, 10, 22, 26, 62, 94, 105, 137, 145, 166, 175, 188, 191, 225, 234, 247, 257, 266, 268, 275, 293, 295, 303, 319, 364, 383, 384, 398, 411, 426, 437, 457, 495, 502, 509, 516, 519, 525, 528, 554, 575, 577, 600, 660, 669, 673, 678, 685, 709, 710, 724, 725, 734, 747, 761, 778, 781, 785, 788, 821, 826, 858, 863, 880, 908, 909, 911, 912, 929, 940, 941, 942, 960, 976, 977, 988], [34, 94, 181, 189, 265, 279, 340, 346, 350, 378, 403, 429, 431, 443, 461, 463, 512, 591, 638, 645, 702, 711, 712, 912], [32, 40, 49, 50, 145, 216, 243, 268, 336, 355, 406, 425, 488, 496, 541, 551, 594, 628, 659, 836, 930], [71, 74, 77, 86, 99, 101, 124, 143, 147, 165, 170, 188, 239, 284, 304, 305, 306, 322, 339, 341, 346, 357, 363, 390, 397, 398, 405, 413, 466, 482, 484, 494, 495, 497, 518, 555, 562, 566, 637, 640, 644, 655, 687, 689, 692, 702, 755, 760, 768, 819, 824, 833, 838, 840, 855, 859, 871, 884, 907, 914, 931, 935, 943, 963, 986, 990, 998], [9, 58, 68, 128, 146, 190, 217, 254, 307, 326, 351, 374, 381, 388, 446, 504, 523, 540, 546, 557, 583, 590, 602, 614, 744, 809, 977], [92, 142, 145, 166, 169, 175, 192, 213, 236, 266, 268, 286, 296, 303, 317, 349, 352, 368, 373, 394, 401, 415, 442, 489, 509, 567, 604, 607, 647, 672, 695, 699, 706, 726, 742, 762, 780, 788, 792, 852, 867, 870, 875, 887, 917, 921, 933, 946, 967, 994], [4, 18, 26, 31, 41, 53, 61, 62, 64, 86, 107, 117, 120, 127, 134, 137, 140, 145, 148, 164, 173, 175, 176, 188, 195, 218, 228, 237, 252, 295, 323, 347, 348, 358, 384, 394, 400, 411, 426, 441, 442, 495, 501, 510, 522, 528, 539, 554, 585, 591, 606, 622, 625, 634, 649, 660, 665, 685, 704, 710, 724, 756, 758, 761, 763, 791, 801, 804, 828, 839, 861, 880, 895, 902, 911, 915, 920, 940, 945, 954, 969, 983, 987, 998], [38, 45, 84, 89, 167, 208, 223, 269, 276, 280, 359, 468, 485, 529, 550, 556, 564, 597, 650, 671, 751, 930, 978], [15, 96, 136, 154, 171, 178, 199, 264, 334, 365, 380, 391, 417, 418, 420, 421, 505, 548, 561, 611, 629, 686, 771, 793, 837, 911], [5, 55, 83, 112, 114, 123, 135, 230, 258, 343, 344, 372, 459, 472, 492, 587, 593, 608, 648, 658, 692, 702, 717, 743, 750, 808, 818, 828, 846, 874, 912], [2, 4, 10, 24, 32, 46, 62, 66, 80, 81, 87, 133, 134, 137, 142, 145, 166, 168, 179, 184, 188, 191, 202, 209, 226, 234, 266, 274, 284, 303, 304, 312, 353, 394, 395, 411, 424, 426, 434, 441, 475, 486, 498, 500, 506, 509, 528, 532, 537, 548, 568, 582, 596, 605, 671, 705, 714, 758, 764, 770, 783, 798, 817, 825, 837, 845, 853, 860, 868, 876, 878, 880, 892, 895, 902, 904, 911, 915, 923, 926, 930, 940, 954, 977, 979, 995], [24, 43, 46, 63, 71, 121, 130, 143, 156, 241, 249, 284, 297, 304, 310, 320, 339, 345, 346, 379, 398, 405, 413, 427, 433, 436, 441, 454, 466, 490, 491, 498, 500, 502, 514, 524, 527, 530, 539, 591, 609, 618, 631, 633, 656, 676, 687, 692, 705, 735, 752, 755, 759, 760, 779, 788, 813, 828, 835, 836, 837, 838, 864, 870, 876, 887, 904, 907, 910, 912, 926, 934, 937, 938, 963, 968, 969, 973, 978, 981, 984], [12, 25, 118, 161, 174, 198, 281, 284, 301, 308, 314, 342, 354, 386, 428, 435, 448, 457, 474, 478, 525, 619, 620, 624, 685, 694, 702, 718, 722, 787, 812, 827, 847, 848, 865, 881, 883, 886, 891, 901, 948, 964, 974], [60, 65, 86, 94, 97, 126, 283, 289, 300, 321, 331, 337, 346, 362, 367, 404, 419, 462, 473, 499, 531, 572, 580, 591, 610, 652, 662, 719, 767, 774], [78, 186, 201, 204, 220, 229, 233, 262, 270, 278, 292, 311, 370, 405, 410, 412, 444, 453, 476, 553, 558, 653, 749, 754], [6, 8, 13, 14, 47, 48, 69, 76, 79, 82, 110, 144, 182, 200, 210, 222, 271, 316, 332, 335, 445, 470, 533, 584, 589, 592, 630, 679, 680, 741, 753, 807, 832, 844, 869, 870, 876, 887], [3, 4, 11, 19, 24, 26, 32, 43, 46, 51, 109, 119, 134, 142, 153, 166, 172, 175, 191, 193, 194, 197, 214, 215, 232, 234, 267, 268, 295, 299, 303, 309, 333, 382, 394, 402, 407, 411, 426, 442, 457, 500, 502, 520, 528, 532, 539, 548, 569, 586, 616, 622, 635, 643, 654, 657, 660, 670, 671, 688, 705, 710, 724, 736, 740, 758, 761, 784, 788, 816, 820, 828, 868, 880, 882, 885, 889, 893, 902, 904, 919, 926, 940, 952, 954, 957, 958, 962, 965, 975, 977, 991], [10, 19, 24, 26, 32, 43, 44, 46, 62, 71, 75, 85, 86, 90, 94, 124, 129, 134, 137, 139, 175, 185, 224, 231, 244, 250, 260, 287, 339, 375, 384, 389, 396, 401, 405, 408, 414, 441, 442, 447, 479, 480, 481, 495, 498, 500, 502, 509, 520, 521, 525, 532, 548, 554, 563, 612, 622, 627, 660, 666, 671, 692, 700, 702, 705, 710, 724, 733, 746, 758, 759, 761, 765, 777, 788, 790, 794, 795, 796, 814, 828, 857, 873, 876, 879, 895, 899, 902, 904, 911, 915, 926, 939, 947, 954, 959, 969, 978, 998], [1, 10, 43, 97, 107, 108, 122, 124, 131, 138, 143, 162, 177, 211, 219, 235, 298, 302, 315, 360, 379, 387, 393, 399, 413, 430, 466, 493, 503, 507, 508, 588, 615, 622, 639, 646, 677, 684, 687, 692, 697, 755, 760, 782, 810, 831, 837, 838, 849, 850, 872, 877, 897, 906, 907, 956, 961, 963, 966, 992, 998], [24, 29, 30, 42, 57, 59, 71, 93, 97, 98, 106, 116, 141, 143, 246, 248, 251, 253, 304, 325, 339, 379, 384, 392, 409, 413, 466, 487, 498, 513, 515, 517, 544, 547, 560, 576, 599, 617, 621, 626, 632, 663, 668, 685, 687, 713, 731, 737, 748, 755, 759, 760, 789, 799, 803, 806, 836, 838, 870, 887, 900, 907, 918, 924, 925, 926, 936, 955, 963, 969, 978, 982, 993, 996, 997]]
print random_nodes: [[348], [211], [495], [69], [22], [290], [233], [566], [693], [94], [697], [982], [119], [682], [699], [544], [628], [215], [369], [100], [606], [925], [122], [782], [605], [394], [97], [53], [331], [996], [129], [70]]
args__________ ([[348]],)
args__________ ([[211]],)
args__________ ([[495]],)
args__________ ([[69]],)
args__________ ([[22]],)
args__________ ([[290]],)
args__________ ([[233]],)
args__________ ([[566]],)
args__________ ([[693]],)
args__________ ([[94]],)
args__________ ([[697]],)
args__________ ([[982]],)
args__________ ([[119]],)
args__________ ([[682]],)
args__________ ([[699]],)
args__________ ([[544]],)
args__________ ([[628]],)
args__________ ([[215]],)
args__________ ([[369]],)
args__________ ([[100]],)
args__________ ([[606]],)
args__________ ([[925]],)
args__________ ([[122]],)
args__________ ([[782]],)
args__________ ([[605]],)
args__________ ([[394]],)
args__________ ([[97]],)
args__________ ([[53]],)
args__________ ([[331]],)
args__________ ([[996]],)
args__________ ([[129]],)
args__________ ([[70]],)
finish process_num processes get single node nature community___________________
length of left_nodes_list__________:  492
print random_nodes: [[977], [758], [962], [291], [774], [964], [287], [717], [437], [654], [873], [386], [289], [975], [191], [276], [739], [926], [391], [464], [293], [185], [161], [885], [25], [45], [420], [130], [258], [976], [648], [751]]
args__________ ([[977]],)
args__________ ([[758]],)
args__________ ([[962]],)
args__________ ([[291]],)
args__________ ([[774]],)
args__________ ([[964]],)
args__________ ([[287]],)
args__________ ([[717]],)
args__________ ([[437]],)
args__________ ([[654]],)
args__________ ([[873]],)
args__________ ([[386]],)
args__________ ([[289]],)
args__________ ([[975]],)
args__________ ([[191]],)
args__________ ([[276]],)
args__________ ([[739]],)
args__________ ([[926]],)
args__________ ([[391]],)
args__________ ([[464]],)
args__________ ([[293]],)
args__________ ([[185]],)
args__________ ([[161]],)
args__________ ([[885]],)
args__________ ([[25]],)
args__________ ([[45]],)
args__________ ([[420]],)
args__________ ([[130]],)
args__________ ([[258]],)
args__________ ([[976]],)
args__________ ([[648]],)
args__________ ([[751]],)
finish process_num processes get single node nature community___________________
length of left_nodes_list__________:  135
print random_nodes: [[532], [660], [71], [887], [241], [134], [303], [156], [157], [137], [868], [124], [86], [779], [838], [940], [121], [155], [150], [902], [490], [345], [548], [502], [432], [509], [384], [398], [441], [656], [520], [379]]
args__________ ([[532]],)
args__________ ([[660]],)
args__________ ([[71]],)
args__________ ([[887]],)
args__________ ([[241]],)
args__________ ([[134]],)
args__________ ([[303]],)
args__________ ([[156]],)
args__________ ([[157]],)
args__________ ([[137]],)
args__________ ([[868]],)
args__________ ([[124]],)
args__________ ([[86]],)
args__________ ([[779]],)
args__________ ([[838]],)
args__________ ([[940]],)
args__________ ([[121]],)
args__________ ([[155]],)
args__________ ([[150]],)
args__________ ([[902]],)
args__________ ([[490]],)
args__________ ([[345]],)
args__________ ([[548]],)
args__________ ([[502]],)
args__________ ([[432]],)
args__________ ([[509]],)
args__________ ([[384]],)
args__________ ([[398]],)
args__________ ([[441]],)
args__________ ([[656]],)
args__________ ([[520]],)
args__________ ([[379]],)
finish process_num processes get single node nature community___________________
length of left_nodes_list__________:  51
print random_nodes: [[836], [895], [930], [954], [528], [24], [870], [702], [915], [426], [880], [912], [457], [907], [284], [591], [268], [346], [498], [188], [755], [969], [413], [466], [911], [761], [998], [19], [978], [145], [724], [837]]
args__________ ([[836]],)
args__________ ([[895]],)
args__________ ([[930]],)
args__________ ([[954]],)
args__________ ([[528]],)
args__________ ([[24]],)
args__________ ([[870]],)
args__________ ([[702]],)
args__________ ([[915]],)
args__________ ([[426]],)
args__________ ([[880]],)
args__________ ([[912]],)
args__________ ([[457]],)
args__________ ([[907]],)
args__________ ([[284]],)
args__________ ([[591]],)
args__________ ([[268]],)
args__________ ([[346]],)
args__________ ([[498]],)
args__________ ([[188]],)
args__________ ([[755]],)
args__________ ([[969]],)
args__________ ([[413]],)
args__________ ([[466]],)
args__________ ([[911]],)
args__________ ([[761]],)
args__________ ([[998]],)
args__________ ([[19]],)
args__________ ([[978]],)
args__________ ([[145]],)
args__________ ([[724]],)
args__________ ([[837]],)
finish process_num processes get single node nature community___________________
length of left_nodes_list__________:  19
print random_nodes: [[759], [405], [671], [788], [828], [687], [46], [692], [411], [401], [963], [685], [710], [876], [760], [266], [904], [500], [175]]
args__________ ([[759]],)
args__________ ([[405]],)
args__________ ([[671]],)
args__________ ([[788]],)
args__________ ([[828]],)
args__________ ([[687]],)
args__________ ([[46]],)
args__________ ([[692]],)
args__________ ([[411]],)
args__________ ([[401]],)
args__________ ([[963]],)
args__________ ([[685]],)
args__________ ([[710]],)
args__________ ([[876]],)
args__________ ([[760]],)
args__________ ([[266]],)
args__________ ([[904]],)
args__________ ([[500]],)
args__________ ([[175]],)
finish process_num processes get single node nature community___________________
length of left_nodes_list__________:  0
commplete get_all_nature_community, length:  147
after deal_communities, length:______________ 106
fits_dic 106
above ave fitness communities 68 [0.5575959933222037, 0.7355623100303952, 0.6480836236933798, 0.714859437751004, 0.5596184419713831, 0.7335329341317365, 0.6260434056761269, 0.5109489051094891, 0.6489208633093525, 0.7050359712230215, 0.5586497890295359, 0.6230636833046471, 0.5247851949768672, 0.5308537616229924, 0.7457627118644068, 0.5166795965865012, 0.8015564202334631, 0.5266666666666666, 0.532051282051282, 0.5869394177812746, 0.5298457411133467, 0.7602591792656588, 0.6876061120543294, 0.5227722772277228, 0.6575342465753424, 0.8015564202334631, 0.5316455696202531, 0.6702702702702703, 0.5213549337260678, 0.5960264900662252, 0.5248508946322068, 0.7797356828193832, 0.5728571428571428, 0.6675712347354138, 0.6492146596858639, 0.5416997617156474, 0.5766590389016019, 0.55, 0.5398457583547558, 0.5797101449275363, 0.718562874251497, 0.5679287305122495, 0.573394495412844, 0.6337914308811641, 0.6101694915254238, 0.750392464678179, 0.6721311475409836, 0.6594594594594595, 0.5537190082644629, 0.5935386927122465, 0.6344605475040258, 0.6666666666666666, 0.5065359477124183, 0.5022488755622189, 0.7845804988662132, 0.5487804878048781, 0.5420240137221269, 0.6595744680851063, 0.7123287671232876, 0.631578947368421, 0.5957446808510638, 0.7707808564231738, 0.7293889427740058, 0.5833333333333334, 0.6775067750677507, 0.6549815498154982, 0.703862660944206, 0.7353535353535353]
----------------------------------The detection result is: 

all communities: 
i =  1 : [20, 23, 27, 28, 180, 207, 242, 263, 282, 288, 339, 438, 451, 458, 460, 467, 477, 511, 534, 601, 667, 675, 681, 683, 693, 728, 757, 766, 776, 786, 815, 830, 843, 854, 856, 916, 922, 953, 971, 972, 980]
i =  2 : [34, 94, 181, 189, 265, 279, 340, 350, 378, 403, 429, 431, 443, 461, 463, 512, 638, 645, 711, 712]
i =  3 : [1, 108, 118, 122, 131, 138, 162, 177, 211, 219, 235, 298, 302, 315, 360, 387, 393, 399, 430, 493, 503, 507, 508, 588, 615, 639, 646, 677, 684, 697, 782, 810, 831, 849, 850, 872, 877, 897, 906, 956, 961, 966, 992]
i =  4 : [92, 166, 169, 192, 213, 236, 286, 296, 317, 349, 352, 368, 373, 415, 489, 567, 604, 607, 647, 672, 695, 699, 706, 726, 742, 762, 780, 792, 852, 867, 875, 917, 921, 933, 946, 967, 994]
i =  5 : [52, 93, 113, 149, 183, 203, 212, 227, 245, 328, 330, 338, 369, 376, 450, 483, 526, 539, 544, 573, 579, 651, 691, 701, 745, 769, 805]
i =  6 : [6, 8, 13, 14, 47, 48, 69, 76, 79, 82, 100, 110, 144, 182, 200, 210, 222, 271, 316, 332, 335, 445, 470, 533, 584, 589, 592, 630, 679, 680, 741, 753, 807, 832, 844, 869]
i =  7 : [1, 75, 85, 107, 108, 122, 131, 138, 162, 177, 211, 219, 235, 298, 302, 315, 360, 387, 393, 399, 430, 493, 503, 507, 508, 588, 615, 639, 646, 677, 684, 697, 782, 810, 831, 849, 850, 872, 877, 897, 906, 956, 961, 966, 992]
i =  8 : [18, 31, 41, 53, 61, 64, 97, 117, 120, 125, 127, 140, 148, 164, 173, 176, 195, 218, 228, 237, 252, 323, 331, 347, 348, 358, 400, 501, 510, 522, 585, 606, 625, 634, 649, 665, 704, 756, 763, 791, 801, 804, 839, 861, 920, 945, 983, 987]
i =  9 : [12, 29, 30, 42, 57, 59, 93, 98, 106, 116, 141, 246, 248, 251, 253, 325, 392, 409, 487, 513, 515, 517, 544, 547, 560, 576, 599, 617, 621, 626, 632, 663, 668, 713, 731, 737, 748, 789, 799, 803, 806, 900, 918, 924, 925, 936, 955, 982, 993, 996, 997]
i =  10 : [40, 49, 50, 129, 216, 243, 336, 355, 406, 425, 488, 496, 541, 551, 594, 628, 659]
i =  11 : [54, 70, 102, 151, 187, 221, 238, 295, 313, 318, 327, 329, 371, 385, 422, 423, 542, 543, 559, 642, 664, 682, 707, 708, 727, 729, 738, 822, 829, 888, 890, 894, 896, 898, 927, 932, 944, 949, 951, 970]
i =  12 : [9, 58, 68, 128, 146, 190, 217, 254, 307, 326, 351, 374, 381, 388, 446, 504, 523, 540, 546, 557, 583, 590, 602, 614, 744, 809, 977]
i =  13 : [3, 4, 11, 43, 51, 109, 119, 153, 172, 193, 194, 197, 214, 215, 232, 267, 299, 309, 333, 382, 402, 407, 569, 586, 616, 635, 643, 654, 657, 670, 688, 736, 740, 784, 816, 820, 882, 885, 889, 893, 919, 952, 957, 958, 962, 965, 975, 991]
i =  14 : [18, 31, 41, 53, 61, 64, 73, 117, 120, 127, 140, 148, 164, 173, 176, 195, 218, 228, 237, 252, 291, 323, 347, 348, 358, 400, 501, 510, 522, 585, 606, 625, 634, 649, 665, 704, 756, 763, 791, 801, 804, 839, 861, 920, 945, 983, 987]
i =  15 : [6, 60, 65, 126, 283, 289, 300, 321, 331, 337, 362, 367, 404, 419, 462, 473, 499, 531, 572, 580, 610, 652, 662, 719, 767, 774]
i =  16 : [44, 75, 85, 90, 129, 139, 185, 224, 231, 244, 250, 260, 287, 375, 389, 396, 408, 414, 447, 479, 480, 481, 521, 563, 612, 622, 627, 666, 700, 733, 746, 765, 777, 790, 794, 795, 796, 814, 857, 873, 879, 899, 939, 947, 959]
i =  17 : [5, 55, 83, 112, 114, 123, 135, 230, 258, 343, 344, 372, 459, 472, 492, 587, 593, 608, 648, 658, 717, 743, 750, 808, 818, 846, 874]
i =  18 : [3, 11, 22, 51, 109, 119, 153, 172, 193, 194, 197, 214, 215, 232, 267, 299, 309, 333, 382, 402, 407, 569, 586, 616, 635, 643, 654, 657, 670, 688, 736, 740, 784, 816, 820, 882, 885, 889, 893, 919, 952, 957, 958, 962, 965, 975, 991]
i =  19 : [26, 44, 75, 85, 90, 129, 139, 185, 224, 231, 244, 250, 260, 287, 375, 389, 396, 408, 414, 447, 479, 480, 481, 521, 563, 612, 627, 666, 700, 733, 746, 765, 777, 790, 794, 795, 796, 814, 857, 873, 879, 899, 939, 947, 959]
i =  20 : [1, 108, 122, 131, 138, 162, 177, 211, 219, 235, 298, 302, 304, 315, 360, 386, 387, 393, 399, 430, 493, 503, 507, 508, 588, 615, 639, 646, 677, 684, 697, 782, 810, 831, 849, 850, 872, 877, 897, 906, 956, 961, 966, 992]
i =  21 : [3, 11, 32, 51, 109, 119, 153, 172, 193, 194, 197, 214, 215, 232, 267, 299, 309, 333, 382, 402, 407, 569, 586, 616, 635, 643, 654, 657, 670, 688, 736, 740, 784, 816, 820, 882, 885, 889, 893, 919, 952, 957, 958, 962, 965, 975, 991]
i =  22 : [60, 65, 126, 191, 283, 289, 300, 321, 331, 337, 362, 367, 404, 419, 462, 473, 499, 531, 572, 580, 610, 652, 662, 719, 767, 774]
i =  23 : [7, 8, 16, 33, 36, 37, 67, 73, 91, 95, 104, 111, 152, 196, 256, 259, 285, 291, 294, 464, 465, 535, 538, 545, 595, 598, 690, 698, 716, 772, 802, 823, 834, 842, 851, 862, 866, 903, 905, 913, 928, 985, 989, 999, 1000]
i =  24 : [3, 11, 51, 109, 119, 153, 172, 193, 194, 197, 214, 215, 232, 267, 295, 299, 309, 333, 382, 402, 407, 569, 586, 616, 635, 643, 654, 657, 670, 688, 736, 740, 784, 816, 820, 882, 885, 889, 893, 919, 952, 957, 958, 962, 965, 975, 991]
i =  25 : [34, 130, 181, 189, 265, 279, 340, 350, 378, 403, 429, 431, 443, 461, 463, 512, 638, 645, 711, 712]
i =  26 : [5, 55, 83, 112, 114, 123, 135, 230, 258, 343, 344, 372, 459, 472, 492, 587, 593, 608, 648, 658, 717, 743, 750, 808, 818, 846, 874]
i =  27 : [20, 23, 27, 28, 180, 207, 242, 244, 263, 282, 288, 438, 451, 458, 460, 467, 477, 511, 532, 534, 601, 667, 675, 681, 683, 693, 728, 757, 766, 776, 786, 815, 830, 843, 854, 856, 916, 922, 953, 971, 972, 980]
i =  28 : [38, 45, 84, 89, 167, 208, 223, 269, 276, 280, 359, 468, 485, 529, 550, 556, 564, 597, 650, 660, 751]
i =  29 : [9, 58, 59, 68, 128, 146, 190, 217, 254, 307, 326, 351, 374, 381, 388, 392, 446, 504, 523, 540, 546, 557, 583, 590, 602, 614, 744, 809, 887]
i =  30 : [22, 105, 225, 247, 257, 275, 293, 303, 319, 364, 383, 437, 516, 519, 575, 577, 600, 669, 673, 678, 709, 725, 734, 747, 778, 781, 785, 821, 826, 858, 863, 908, 909, 929, 941, 942, 960, 976, 988]
i =  31 : [35, 39, 88, 115, 150, 155, 157, 163, 206, 255, 261, 273, 324, 361, 432, 452, 536, 581, 623, 636, 661, 674, 868]
i =  32 : [60, 65, 86, 126, 283, 289, 300, 321, 331, 337, 362, 367, 404, 419, 462, 473, 499, 531, 572, 580, 610, 652, 662, 719, 767, 774]
i =  33 : [74, 77, 99, 101, 108, 143, 147, 165, 170, 239, 305, 306, 322, 341, 357, 363, 390, 397, 482, 484, 494, 497, 518, 555, 562, 566, 637, 640, 644, 655, 689, 768, 819, 824, 833, 838, 840, 855, 859, 871, 884, 914, 931, 935, 943, 986, 990]
i =  34 : [6, 8, 13, 14, 47, 48, 69, 76, 79, 82, 110, 144, 181, 182, 200, 210, 222, 271, 316, 332, 335, 445, 470, 502, 533, 584, 589, 592, 630, 679, 680, 741, 753, 807, 832, 844, 869]
i =  35 : [1, 108, 122, 131, 138, 162, 177, 211, 219, 235, 298, 302, 315, 360, 387, 393, 399, 430, 493, 503, 507, 508, 509, 588, 615, 639, 646, 677, 684, 697, 782, 810, 831, 849, 850, 872, 877, 897, 906, 956, 961, 966, 992]
i =  36 : [63, 121, 130, 156, 241, 249, 275, 297, 310, 320, 345, 398, 427, 433, 436, 454, 490, 491, 514, 524, 527, 530, 609, 618, 631, 633, 656, 676, 735, 752, 779, 813, 835, 864, 910, 934, 937, 938, 968, 973, 981, 984]
i =  37 : [38, 41, 45, 84, 89, 167, 208, 223, 269, 276, 280, 297, 359, 441, 468, 485, 529, 550, 556, 564, 597, 650, 751]
i =  38 : [3, 63, 71, 121, 130, 156, 241, 249, 297, 310, 320, 345, 427, 433, 436, 454, 490, 491, 514, 524, 527, 530, 609, 618, 631, 633, 656, 676, 735, 752, 779, 813, 835, 864, 910, 934, 937, 938, 968, 973, 981, 984]
i =  39 : [17, 40, 49, 50, 216, 243, 336, 355, 406, 425, 488, 496, 541, 551, 594, 628, 659, 930]
i =  40 : [22, 105, 225, 247, 257, 275, 293, 319, 364, 383, 437, 516, 519, 528, 575, 577, 600, 669, 673, 678, 709, 725, 734, 747, 778, 781, 785, 821, 826, 858, 863, 908, 909, 929, 941, 942, 960, 976, 988]
i =  41 : [24, 34, 181, 189, 265, 279, 340, 350, 378, 403, 429, 431, 443, 461, 463, 512, 638, 645, 711, 712]
i =  42 : [6, 8, 13, 14, 38, 47, 48, 69, 76, 79, 82, 110, 144, 169, 182, 200, 210, 222, 271, 286, 316, 332, 335, 368, 445, 470, 533, 584, 589, 592, 630, 679, 680, 741, 753, 807, 832, 844, 869, 870]
i =  43 : [34, 181, 189, 265, 279, 301, 340, 350, 378, 403, 429, 431, 443, 461, 463, 512, 638, 645, 702, 711, 712]
i =  44 : [74, 77, 99, 101, 147, 165, 170, 239, 305, 306, 322, 341, 357, 363, 390, 397, 426, 482, 484, 494, 497, 518, 555, 562, 566, 637, 640, 644, 655, 689, 768, 819, 824, 833, 840, 855, 859, 871, 884, 914, 931, 935, 943, 986, 990]
i =  45 : [34, 181, 189, 265, 279, 340, 350, 378, 403, 429, 431, 443, 461, 463, 512, 638, 645, 711, 712, 912]
i =  46 : [17, 39, 56, 72, 103, 115, 125, 132, 205, 377, 416, 439, 440, 449, 456, 457, 469, 471, 549, 552, 565, 571, 613, 703, 715, 721, 739, 773, 775, 811, 841, 950]
i =  47 : [34, 181, 189, 265, 279, 340, 350, 378, 403, 429, 431, 443, 461, 463, 512, 591, 638, 645, 711, 712]
i =  48 : [34, 119, 181, 189, 265, 279, 340, 346, 350, 378, 403, 429, 431, 443, 461, 463, 512, 638, 645, 711, 712]
i =  49 : [20, 23, 27, 28, 180, 207, 242, 263, 282, 288, 438, 451, 458, 460, 467, 477, 498, 511, 534, 601, 667, 675, 681, 683, 693, 728, 757, 766, 776, 786, 815, 830, 843, 854, 856, 916, 922, 953, 971, 972, 980]
i =  50 : [74, 77, 99, 101, 147, 165, 170, 239, 305, 306, 322, 341, 357, 363, 390, 397, 482, 484, 494, 497, 518, 555, 562, 566, 637, 640, 644, 655, 689, 755, 768, 819, 824, 833, 840, 855, 859, 871, 884, 914, 931, 935, 943, 986, 990]
i =  51 : [74, 77, 99, 101, 147, 165, 170, 239, 305, 306, 322, 341, 357, 363, 390, 397, 413, 482, 484, 494, 497, 518, 555, 562, 566, 637, 640, 644, 655, 689, 768, 819, 824, 833, 840, 855, 859, 871, 884, 914, 931, 935, 943, 986, 990]
i =  52 : [7, 16, 33, 36, 37, 67, 73, 91, 95, 104, 111, 152, 196, 256, 259, 285, 291, 294, 464, 465, 466, 535, 538, 545, 595, 598, 690, 698, 716, 772, 802, 823, 834, 842, 851, 862, 866, 903, 905, 913, 928, 985, 989, 999, 1000]
i =  53 : [2, 66, 80, 81, 87, 133, 168, 179, 184, 202, 209, 226, 274, 312, 353, 395, 424, 434, 475, 486, 506, 537, 568, 582, 596, 605, 714, 764, 770, 783, 798, 817, 825, 845, 853, 860, 878, 892, 911, 923, 979, 995]
i =  54 : [44, 75, 85, 90, 129, 139, 185, 224, 231, 244, 250, 260, 287, 375, 389, 396, 408, 414, 447, 479, 480, 481, 521, 563, 612, 627, 666, 700, 733, 746, 761, 765, 777, 790, 794, 795, 796, 814, 857, 873, 879, 899, 939, 947, 959]
i =  55 : [19, 52, 113, 149, 183, 203, 212, 227, 245, 328, 330, 338, 369, 376, 450, 483, 526, 573, 579, 651, 691, 701, 745, 769, 805]
i =  56 : [18, 31, 41, 53, 61, 64, 112, 117, 120, 127, 140, 145, 148, 164, 173, 176, 195, 218, 228, 237, 252, 323, 347, 348, 358, 400, 501, 510, 522, 585, 606, 625, 634, 649, 665, 704, 756, 763, 791, 801, 804, 839, 861, 920, 945, 983, 987]
i =  57 : [18, 31, 41, 53, 61, 64, 117, 120, 127, 140, 148, 164, 173, 176, 195, 218, 228, 237, 252, 323, 347, 348, 358, 400, 501, 510, 522, 585, 606, 625, 634, 649, 665, 704, 724, 756, 763, 791, 801, 804, 839, 861, 920, 945, 983, 987]
i =  58 : [15, 96, 136, 154, 171, 178, 199, 264, 334, 365, 380, 391, 417, 418, 420, 421, 505, 561, 611, 629, 686, 771, 793, 837]
i =  59 : [21, 100, 158, 159, 160, 240, 272, 277, 290, 356, 366, 455, 570, 574, 578, 603, 641, 671, 696, 720, 723, 730, 732, 797, 800]
i =  60 : [15, 96, 136, 154, 171, 178, 199, 264, 334, 365, 380, 391, 417, 418, 420, 421, 505, 561, 611, 629, 686, 771, 788, 793]
i =  61 : [78, 186, 201, 204, 220, 225, 229, 233, 262, 270, 278, 292, 311, 370, 410, 412, 444, 453, 476, 553, 558, 653, 749, 754, 828]
i =  62 : [78, 186, 201, 204, 220, 229, 233, 262, 270, 278, 292, 311, 370, 410, 411, 412, 444, 453, 476, 553, 558, 653, 749, 754]
i =  63 : [12, 25, 118, 161, 174, 198, 281, 301, 308, 314, 342, 354, 386, 401, 428, 435, 448, 474, 478, 619, 620, 624, 694, 718, 722, 787, 812, 827, 847, 848, 865, 881, 883, 886, 891, 901, 948, 964, 974]
i =  64 : [74, 77, 99, 101, 147, 165, 170, 239, 305, 306, 322, 341, 357, 363, 390, 397, 482, 484, 494, 497, 518, 555, 562, 566, 637, 640, 644, 655, 689, 768, 819, 824, 833, 840, 855, 859, 871, 884, 914, 931, 935, 943, 963, 986, 990]
i =  65 : [6, 8, 13, 14, 47, 48, 69, 76, 79, 82, 110, 144, 182, 200, 210, 222, 271, 316, 332, 335, 445, 470, 533, 584, 589, 592, 630, 679, 680, 741, 753, 807, 832, 844, 869, 876]
i =  66 : [92, 169, 192, 213, 236, 286, 296, 317, 349, 352, 368, 373, 415, 489, 567, 604, 607, 647, 672, 695, 699, 706, 726, 742, 760, 762, 780, 792, 852, 867, 875, 917, 921, 933, 946, 967, 994]
i =  67 : [6, 8, 13, 14, 47, 48, 69, 76, 79, 82, 110, 144, 182, 200, 210, 222, 266, 271, 316, 332, 335, 337, 445, 470, 533, 584, 589, 592, 630, 679, 680, 741, 753, 807, 832, 844, 869]
i =  68 : [21, 100, 158, 159, 160, 240, 272, 277, 290, 356, 366, 455, 500, 570, 574, 578, 603, 641, 696, 720, 723, 730, 732, 797, 800]
overlapping nodes are:  [1, 3, 5, 6, 7, 8, 9, 11, 12, 13, 14, 15, 16, 17, 18, 20, 21, 22, 23, 27, 28, 31, 33, 34, 36, 37, 38, 39, 40, 41, 44, 45, 47, 48, 49, 50, 51, 52, 53, 55, 58, 59, 60, 61, 63, 64, 65, 67, 68, 69, 73, 74, 75, 76, 77, 78, 79, 82, 83, 84, 85, 89, 90, 91, 92, 93, 95, 96, 99, 100, 101, 104, 105, 108, 109, 110, 111, 112, 113, 114, 115, 117, 118, 119, 120, 121, 122, 123, 125, 126, 127, 128, 129, 130, 131, 135, 136, 138, 139, 140, 144, 146, 147, 148, 149, 152, 153, 154, 156, 158, 159, 160, 162, 164, 165, 167, 169, 170, 171, 172, 173, 176, 177, 178, 180, 181, 182, 183, 185, 186, 189, 190, 192, 193, 194, 195, 196, 197, 199, 200, 201, 203, 204, 207, 208, 210, 211, 212, 213, 214, 215, 216, 217, 218, 219, 220, 222, 223, 224, 225, 227, 228, 229, 230, 231, 232, 233, 235, 236, 237, 239, 240, 241, 242, 243, 244, 245, 247, 249, 250, 252, 254, 256, 257, 258, 259, 260, 262, 263, 264, 265, 267, 269, 270, 271, 272, 275, 276, 277, 278, 279, 280, 282, 283, 285, 286, 287, 288, 289, 290, 291, 292, 293, 294, 295, 296, 297, 298, 299, 300, 301, 302, 305, 306, 307, 309, 310, 311, 315, 316, 317, 319, 320, 321, 322, 323, 326, 328, 330, 331, 332, 333, 334, 335, 336, 337, 338, 340, 341, 343, 344, 345, 347, 348, 349, 350, 351, 352, 355, 356, 357, 358, 359, 360, 362, 363, 364, 365, 366, 367, 368, 369, 370, 372, 373, 374, 375, 376, 378, 380, 381, 382, 383, 386, 387, 388, 389, 390, 391, 392, 393, 396, 397, 399, 400, 402, 403, 404, 406, 407, 408, 410, 412, 414, 415, 417, 418, 419, 420, 421, 425, 427, 429, 430, 431, 433, 436, 437, 438, 443, 444, 445, 446, 447, 450, 451, 453, 454, 455, 458, 459, 460, 461, 462, 463, 464, 465, 467, 468, 470, 472, 473, 476, 477, 479, 480, 481, 482, 483, 484, 485, 488, 489, 490, 491, 492, 493, 494, 496, 497, 499, 501, 503, 504, 505, 507, 508, 510, 511, 512, 514, 516, 518, 519, 521, 522, 523, 524, 526, 527, 529, 530, 531, 533, 534, 535, 538, 540, 541, 544, 545, 546, 550, 551, 553, 555, 556, 557, 558, 561, 562, 563, 564, 566, 567, 569, 570, 572, 573, 574, 575, 577, 578, 579, 580, 583, 584, 585, 586, 587, 588, 589, 590, 592, 593, 594, 595, 597, 598, 600, 601, 602, 603, 604, 606, 607, 608, 609, 610, 611, 612, 614, 615, 616, 618, 625, 627, 628, 629, 630, 631, 633, 634, 635, 637, 638, 639, 640, 641, 643, 644, 645, 646, 647, 648, 649, 650, 651, 652, 653, 654, 655, 656, 657, 658, 659, 662, 665, 666, 667, 669, 670, 672, 673, 675, 676, 677, 678, 679, 680, 681, 683, 684, 686, 688, 689, 690, 691, 693, 695, 696, 697, 698, 699, 700, 701, 704, 706, 709, 711, 712, 716, 717, 719, 720, 723, 725, 726, 728, 730, 732, 733, 734, 735, 736, 740, 741, 742, 743, 744, 745, 746, 747, 749, 750, 751, 752, 753, 754, 756, 757, 762, 763, 765, 766, 767, 768, 769, 771, 772, 774, 776, 777, 778, 779, 780, 781, 782, 784, 785, 786, 790, 791, 792, 793, 794, 795, 796, 797, 800, 801, 802, 804, 805, 807, 808, 809, 810, 813, 814, 815, 816, 818, 819, 820, 821, 823, 824, 826, 830, 831, 832, 833, 834, 835, 839, 840, 842, 843, 844, 846, 849, 850, 851, 852, 854, 855, 856, 857, 858, 859, 861, 862, 863, 864, 866, 867, 869, 871, 872, 873, 874, 875, 877, 879, 882, 884, 885, 889, 893, 897, 899, 903, 905, 906, 908, 909, 910, 913, 914, 916, 917, 919, 920, 921, 922, 928, 929, 931, 933, 934, 935, 937, 938, 939, 941, 942, 943, 945, 946, 947, 952, 953, 956, 957, 958, 959, 960, 961, 962, 965, 966, 967, 968, 971, 972, 973, 975, 976, 980, 981, 983, 984, 985, 986, 987, 988, 989, 990, 991, 992, 994, 999, 1000] 
 NOO is:  694
total time is:  255.512141943
