lens of ground_truth:  31
ground_truth is: [[33, 91, 111, 127, 129, 130, 190, 202, 269, 310, 336, 346, 372, 411, 456, 509, 526, 544, 597, 702, 728, 729, 790, 791, 844, 960, 986], [7, 76, 89, 90, 108, 137, 148, 177, 209, 231, 239, 253, 291, 318, 391, 396, 495, 515, 518, 525, 542, 630, 631, 645, 661, 662, 691, 745, 757, 810, 826, 833, 849, 858, 871, 890, 926], [4, 22, 23, 47, 59, 88, 89, 110, 149, 240, 258, 267, 276, 280, 290, 291, 367, 386, 390, 394, 412, 417, 448, 453, 481, 490, 494, 502, 505, 521, 531, 576, 592, 634, 651, 681, 690, 697, 715, 728, 747, 762, 771, 785, 787, 789, 793, 829, 833, 844, 854, 857, 866, 881, 890, 920, 932, 939, 941, 945, 947, 952, 957, 961, 972, 977, 980, 987, 991, 996], [35, 44, 74, 111, 145, 157, 193, 265, 267, 274, 291, 294, 328, 338, 363, 379, 381, 401, 437, 448, 478, 623, 653, 660, 708, 710, 720, 775, 808, 819, 838, 854, 861, 907], [24, 65, 128, 186, 208, 246, 331, 390, 452, 525, 563, 587, 588, 613, 641, 659, 696, 706, 709, 737, 738, 815, 823, 855, 863, 873, 875, 986, 996], [20, 32, 34, 35, 67, 92, 97, 100, 183, 187, 214, 237, 239, 254, 281, 347, 363, 385, 395, 436, 464, 515, 519, 539, 553, 554, 592, 621, 646, 710, 727, 749, 754, 774, 778, 820, 832, 873, 878, 908, 929, 937, 939, 944, 948, 990], [3, 82, 85, 102, 106, 176, 189, 242, 250, 289, 296, 297, 325, 332, 361, 398, 438, 585, 646, 722, 768, 789, 807, 822, 844, 945, 971], [75, 94, 109, 135, 163, 169, 211, 218, 279, 331, 382, 415, 472, 486, 577, 611, 617, 633, 668, 686], [2, 4, 22, 24, 27, 34, 40, 54, 89, 110, 111, 123, 129, 139, 151, 155, 160, 178, 188, 193, 240, 259, 261, 267, 272, 280, 316, 329, 334, 357, 366, 370, 387, 390, 412, 442, 443, 445, 450, 463, 480, 490, 513, 521, 528, 535, 551, 557, 562, 565, 574, 575, 576, 592, 605, 634, 638, 640, 670, 685, 722, 726, 728, 736, 747, 752, 763, 771, 785, 787, 789, 793, 796, 804, 833, 854, 870, 890, 900, 905, 917, 920, 935, 939, 951, 957, 960, 964, 968, 971, 980, 987, 991, 996, 997], [22, 36, 49, 69, 115, 119, 162, 230, 242, 261, 267, 331, 369, 390, 409, 412, 420, 442, 449, 462, 477, 490, 493, 506, 517, 521, 535, 547, 571, 573, 576, 592, 634, 636, 687, 699, 704, 726, 732, 742, 746, 747, 761, 767, 772, 774, 785, 787, 789, 796, 841, 844, 854, 867, 890, 896, 902, 911, 920, 935, 939, 970, 971, 976, 980, 991, 998], [39, 71, 248, 275, 301, 314, 320, 324, 405, 422, 514, 581, 603, 608, 644, 667, 669, 673, 717, 748, 796, 825], [77, 100, 144, 164, 165, 167, 226, 243, 244, 278, 291, 337, 359, 376, 384, 395, 429, 442, 448, 475, 533, 546, 550, 601, 609, 610, 654, 712, 728, 742, 780, 783, 799, 833, 836, 876, 879, 884, 901, 960, 974, 981, 989, 995, 999, 1000], [16, 22, 60, 134, 142, 158, 178, 199, 215, 225, 255, 271, 287, 292, 300, 312, 327, 331, 357, 363, 370, 380, 394, 403, 410, 432, 471, 503, 520, 523, 535, 543, 545, 584, 595, 596, 601, 612, 629, 652, 689, 719, 724, 751, 764, 789, 793, 804, 872, 873, 882, 913, 915, 942, 945, 950, 959, 973, 985, 999], [80, 122, 129, 141, 142, 187, 191, 192, 212, 232, 242, 247, 329, 341, 388, 407, 427, 431, 436, 440, 455, 473, 484, 485, 515, 542, 545, 558, 620, 646, 666, 761, 782, 792, 793, 796, 824, 825, 846, 850, 874, 889, 921, 940, 942, 943, 965, 966, 969, 994], [24, 25, 46, 53, 172, 203, 210, 219, 288, 319, 340, 417, 446, 479, 515, 530, 590, 618, 647, 679, 683, 694, 710, 740, 759, 942, 943], [17, 37, 78, 113, 132, 150, 174, 212, 233, 235, 242, 266, 330, 341, 342, 363, 395, 421, 425, 433, 537, 538, 540, 542, 572, 620, 632, 698, 714, 744, 753, 774, 803, 839, 843, 860, 869, 880, 894, 895, 904, 919, 920, 923, 936, 993], [4, 18, 22, 34, 35, 40, 66, 70, 95, 101, 110, 111, 117, 126, 129, 142, 146, 147, 156, 178, 180, 193, 212, 227, 240, 242, 257, 261, 277, 280, 329, 341, 357, 394, 417, 430, 436, 442, 448, 450, 460, 482, 496, 521, 525, 535, 542, 561, 562, 567, 580, 601, 620, 682, 684, 710, 722, 726, 728, 742, 763, 774, 793, 804, 811, 825, 828, 831, 842, 845, 848, 852, 854, 870, 892, 899, 900, 928, 931, 935, 943, 951, 954, 957, 960, 965, 967, 971, 979, 987, 999], [1, 21, 35, 62, 93, 100, 110, 111, 121, 129, 131, 133, 142, 173, 178, 182, 187, 193, 261, 291, 306, 326, 329, 346, 351, 354, 357, 363, 365, 395, 436, 450, 515, 562, 601, 606, 620, 646, 663, 680, 698, 710, 716, 718, 722, 763, 766, 804, 825, 828, 835, 853, 854, 856, 870, 873, 893, 897, 900, 943, 945, 951, 958, 962, 965, 975, 978, 999], [4, 19, 24, 40, 41, 42, 72, 83, 89, 98, 100, 114, 175, 177, 239, 240, 267, 280, 295, 298, 303, 315, 323, 339, 344, 350, 356, 362, 370, 394, 412, 442, 444, 450, 454, 476, 489, 490, 516, 521, 522, 524, 562, 576, 578, 592, 615, 619, 634, 650, 677, 723, 726, 728, 739, 742, 747, 756, 771, 781, 782, 784, 785, 786, 787, 804, 806, 828, 844, 870, 887, 890, 909, 924, 935, 951, 956, 957, 965, 982, 986], [24, 57, 159, 177, 184, 187, 228, 236, 313, 321, 329, 331, 333, 345, 346, 353, 359, 394, 412, 417, 490, 498, 548, 560, 566, 582, 598, 601, 622, 627, 628, 634, 674, 705, 711, 741, 747, 761, 770, 782, 787, 824, 886, 890, 912, 922, 934, 939, 943, 953, 960, 986, 991], [4, 24, 34, 38, 40, 50, 89, 96, 104, 107, 110, 111, 136, 197, 205, 240, 261, 267, 280, 284, 285, 307, 309, 335, 359, 370, 371, 390, 394, 406, 412, 442, 450, 490, 511, 521, 525, 549, 562, 569, 576, 593, 616, 634, 664, 671, 713, 726, 730, 747, 763, 771, 773, 774, 785, 787, 789, 796, 801, 818, 821, 828, 833, 862, 865, 870, 873, 883, 916, 920, 935, 939, 942, 949, 951, 957, 971, 980, 983, 984, 987, 991, 996], [34, 61, 79, 86, 87, 116, 212, 221, 223, 239, 268, 346, 349, 363, 370, 395, 408, 439, 448, 487, 491, 515, 534, 536, 542, 570, 600, 601, 646, 649, 698, 725, 774, 785, 793, 805, 812, 813, 824, 825, 873, 891, 906, 927, 930, 938], [30, 31, 124, 125, 140, 143, 181, 229, 245, 262, 264, 291, 302, 305, 355, 360, 373, 436, 470, 501, 510, 614, 777, 788, 800, 814, 827, 847, 942], [28, 40, 63, 99, 161, 168, 207, 251, 260, 286, 317, 346, 364, 374, 459, 564, 604, 625, 655, 672, 678, 695, 698, 742, 824, 996], [4, 5, 10, 11, 22, 34, 40, 45, 51, 52, 110, 118, 170, 177, 178, 179, 193, 213, 239, 240, 242, 252, 261, 280, 311, 331, 341, 357, 359, 370, 390, 402, 413, 417, 450, 461, 497, 525, 532, 535, 545, 562, 592, 599, 620, 635, 656, 665, 698, 703, 707, 722, 726, 742, 750, 760, 761, 763, 765, 769, 782, 794, 802, 804, 824, 828, 844, 864, 870, 900, 914, 920, 925, 935, 942, 945, 951, 957, 960, 971, 980, 986, 987, 992, 996, 999], [8, 12, 64, 81, 89, 152, 166, 187, 220, 222, 239, 352, 392, 419, 423, 424, 428, 488, 541, 545, 579, 607, 643, 676, 701, 743, 796, 817, 830, 833, 840, 851, 898, 903, 991], [9, 35, 48, 58, 105, 142, 154, 171, 177, 198, 216, 273, 299, 304, 322, 341, 375, 383, 417, 418, 434, 447, 474, 507, 576, 586, 589, 620, 624, 642, 657, 692, 700, 721, 734, 761, 782, 797, 868, 900, 910, 918, 933, 945, 946, 955, 965, 980, 986, 988], [14, 73, 120, 153, 195, 204, 217, 270, 283, 293, 400, 404, 414, 426, 492, 499, 500, 512, 529, 591, 594, 602, 658, 698, 733, 735, 771, 834], [26, 43, 100, 103, 196, 200, 206, 241, 256, 282, 343, 368, 393, 397, 399, 416, 441, 457, 465, 466, 467, 545, 675, 693, 755, 795, 798, 809, 828], [6, 29, 35, 112, 138, 185, 212, 224, 234, 238, 308, 348, 358, 359, 458, 468, 469, 504, 508, 545, 552, 556, 583, 637, 639, 688, 710, 758, 816, 877], [13, 15, 55, 56, 68, 84, 100, 129, 142, 177, 178, 187, 193, 194, 201, 212, 249, 263, 329, 341, 346, 357, 359, 377, 378, 389, 395, 435, 436, 448, 451, 483, 525, 527, 535, 542, 555, 559, 568, 626, 646, 648, 722, 731, 761, 763, 771, 776, 779, 782, 824, 825, 837, 859, 885, 888, 900, 943, 963, 965, 987, 999]]
print random_nodes: [[353], [464], [331], [850], [945], [691], [870], [969], [172], [50], [758], [70], [851], [912], [365], [732], [641], [978], [301], [439], [660], [562], [470], [383], [637], [532], [307], [742], [473], [673], [832], [757]]
args__________ ([[353]],)
args__________ ([[464]],)
args__________ ([[331]],)
args__________ ([[850]],)
args__________ ([[945]],)
args__________ ([[691]],)
args__________ ([[870]],)
args__________ ([[969]],)
args__________ ([[172]],)
args__________ ([[50]],)
args__________ ([[758]],)
args__________ ([[70]],)
args__________ ([[851]],)
args__________ ([[912]],)
args__________ ([[365]],)
args__________ ([[732]],)
args__________ ([[641]],)
args__________ ([[978]],)
args__________ ([[301]],)
args__________ ([[439]],)
args__________ ([[660]],)
args__________ ([[562]],)
args__________ ([[470]],)
args__________ ([[383]],)
args__________ ([[637]],)
args__________ ([[532]],)
args__________ ([[307]],)
args__________ ([[742]],)
args__________ ([[473]],)
args__________ ([[673]],)
args__________ ([[832]],)
args__________ ([[757]],)
finish process_num processes get single node nature community___________________
length of left_nodes_list__________:  365
print random_nodes: [[429], [540], [16], [963], [14], [787], [500], [84], [780], [465], [776], [341], [710], [894], [837], [241], [983], [542], [755], [987], [596], [47], [226], [916], [178], [941], [456], [150], [370], [240], [309], [714]]
args__________ ([[429]],)
args__________ ([[540]],)
args__________ ([[16]],)
args__________ ([[963]],)
args__________ ([[14]],)
args__________ ([[787]],)
args__________ ([[500]],)
args__________ ([[84]],)
args__________ ([[780]],)
args__________ ([[465]],)
args__________ ([[776]],)
args__________ ([[341]],)
args__________ ([[710]],)
args__________ ([[894]],)
args__________ ([[837]],)
args__________ ([[241]],)
args__________ ([[983]],)
args__________ ([[542]],)
args__________ ([[755]],)
args__________ ([[987]],)
args__________ ([[596]],)
args__________ ([[47]],)
args__________ ([[226]],)
args__________ ([[916]],)
args__________ ([[178]],)
args__________ ([[941]],)
args__________ ([[456]],)
args__________ ([[150]],)
args__________ ([[370]],)
args__________ ([[240]],)
args__________ ([[309]],)
args__________ ([[714]],)
finish process_num processes get single node nature community___________________
length of left_nodes_list__________:  80
print random_nodes: [[890], [545], [193], [951], [960], [971], [359], [515], [804], [782], [390], [395], [592], [525], [991], [129], [965], [722], [796], [329], [89], [900], [261], [177], [311], [986], [34], [942], [824], [100], [535], [828]]
args__________ ([[890]],)
args__________ ([[545]],)
args__________ ([[193]],)
args__________ ([[951]],)
args__________ ([[960]],)
args__________ ([[971]],)
args__________ ([[359]],)
args__________ ([[515]],)
args__________ ([[804]],)
args__________ ([[782]],)
args__________ ([[390]],)
args__________ ([[395]],)
args__________ ([[592]],)
args__________ ([[525]],)
args__________ ([[991]],)
args__________ ([[129]],)
args__________ ([[965]],)
args__________ ([[722]],)
args__________ ([[796]],)
args__________ ([[329]],)
args__________ ([[89]],)
args__________ ([[900]],)
args__________ ([[261]],)
args__________ ([[177]],)
args__________ ([[311]],)
args__________ ([[986]],)
args__________ ([[34]],)
args__________ ([[942]],)
args__________ ([[824]],)
args__________ ([[100]],)
args__________ ([[535]],)
args__________ ([[828]],)
finish process_num processes get single node nature community___________________
length of left_nodes_list__________:  46
print random_nodes: [[412], [793], [239], [943], [35], [601], [634], [935], [394], [111], [854], [763], [576], [142], [620], [999], [291], [436], [212], [267], [110], [774], [785], [728], [789], [450], [698], [873], [187], [726], [825], [980]]
args__________ ([[412]],)
args__________ ([[793]],)
args__________ ([[239]],)
args__________ ([[943]],)
args__________ ([[35]],)
args__________ ([[601]],)
args__________ ([[634]],)
args__________ ([[935]],)
args__________ ([[394]],)
args__________ ([[111]],)
args__________ ([[854]],)
args__________ ([[763]],)
args__________ ([[576]],)
args__________ ([[142]],)
args__________ ([[620]],)
args__________ ([[999]],)
args__________ ([[291]],)
args__________ ([[436]],)
args__________ ([[212]],)
args__________ ([[267]],)
args__________ ([[110]],)
args__________ ([[774]],)
args__________ ([[785]],)
args__________ ([[728]],)
args__________ ([[789]],)
args__________ ([[450]],)
args__________ ([[698]],)
args__________ ([[873]],)
args__________ ([[187]],)
args__________ ([[726]],)
args__________ ([[825]],)
args__________ ([[980]],)
finish process_num processes get single node nature community___________________
length of left_nodes_list__________:  14
print random_nodes: [[646], [833], [996], [417], [521], [920], [844], [442], [771], [957], [363], [761], [747], [939]]
args__________ ([[646]],)
args__________ ([[833]],)
args__________ ([[996]],)
args__________ ([[417]],)
args__________ ([[521]],)
args__________ ([[920]],)
args__________ ([[844]],)
args__________ ([[442]],)
args__________ ([[771]],)
args__________ ([[957]],)
args__________ ([[363]],)
args__________ ([[761]],)
args__________ ([[747]],)
args__________ ([[939]],)
finish process_num processes get single node nature community___________________
length of left_nodes_list__________:  0
commplete get_all_nature_community, length:  142
after deal_communities, length:______________ 108
fits_dic 108
above ave fitness communities 52 [0.5891677675033025, 0.7239101717305152, 0.7882736156351792, 0.5412844036697247, 0.6521145975443383, 0.5643939393939394, 0.7719928186714542, 0.6379310344827587, 0.8230277185501066, 0.7129186602870813, 0.6758241758241759, 0.7415990730011588, 0.5274261603375527, 0.5855263157894737, 0.5968586387434555, 0.7569892473118279, 0.5654993514915694, 0.7010309278350515, 0.7569988801791714, 0.6733668341708543, 0.5402184707050646, 0.7647058823529411, 0.5851318944844125, 0.5955249569707401, 0.6285714285714286, 0.5739910313901345, 0.7378964941569283, 0.5579937304075235, 0.7473460721868365, 0.5708812260536399, 0.7130434782608696, 0.7376623376623377, 0.6555555555555556, 0.7145708582834331, 0.5956175298804781, 0.6433378196500673, 0.5584158415841585, 0.5416666666666666, 0.6028225806451613, 0.7366255144032922, 0.6984126984126984, 0.6918489065606361, 0.5438247011952191, 0.6711798839458414, 0.6421207658321061, 0.5605214152700186, 0.6684782608695652, 0.7426160337552743, 0.6353591160220995, 0.7397260273972602, 0.7243243243243244, 0.6499102333931778]
----------------------------------The detection result is: 

all communities: 
i =  1 : [57, 59, 149, 159, 184, 228, 236, 313, 321, 333, 345, 353, 498, 548, 560, 566, 582, 598, 622, 627, 628, 674, 705, 711, 741, 770, 886, 912, 922, 934, 953]
i =  2 : [20, 32, 67, 92, 97, 183, 214, 237, 254, 281, 347, 385, 464, 519, 539, 553, 554, 621, 727, 749, 754, 778, 820, 832, 878, 908, 929, 937, 944, 948, 990]
i =  3 : [75, 94, 109, 135, 163, 169, 211, 218, 279, 331, 382, 415, 472, 486, 577, 611, 617, 633, 668, 686]
i =  4 : [3, 82, 85, 102, 106, 176, 189, 250, 289, 296, 297, 325, 332, 361, 398, 438, 585, 768, 807, 822, 945]
i =  5 : [22, 80, 122, 141, 191, 192, 232, 247, 388, 407, 427, 431, 440, 455, 473, 484, 485, 558, 666, 792, 846, 850, 874, 889, 921, 940, 966, 969, 994]
i =  6 : [19, 41, 42, 50, 72, 83, 98, 114, 175, 295, 298, 303, 315, 323, 339, 344, 350, 356, 362, 444, 454, 476, 489, 516, 522, 524, 578, 615, 619, 650, 677, 723, 739, 756, 781, 784, 786, 806, 887, 909, 924, 956, 982]
i =  7 : [8, 12, 64, 81, 152, 166, 220, 222, 352, 392, 419, 423, 424, 428, 488, 541, 579, 607, 643, 676, 701, 743, 817, 830, 840, 851, 898, 903]
i =  8 : [26, 57, 159, 184, 228, 236, 313, 321, 333, 345, 353, 498, 548, 560, 566, 582, 598, 622, 627, 628, 674, 705, 711, 741, 770, 886, 912, 922, 934, 953]
i =  9 : [44, 74, 145, 157, 265, 274, 294, 328, 338, 379, 381, 401, 437, 478, 623, 653, 660, 708, 720, 775, 808, 819, 838, 861, 907]
i =  10 : [9, 48, 58, 105, 154, 171, 198, 216, 273, 299, 304, 322, 375, 383, 418, 434, 447, 474, 507, 586, 589, 624, 642, 657, 692, 700, 721, 734, 797, 868, 910, 918, 933, 946, 955, 988]
i =  11 : [28, 63, 99, 161, 168, 207, 251, 260, 286, 317, 364, 374, 459, 564, 604, 625, 655, 672, 678, 695, 742]
i =  12 : [77, 144, 164, 165, 167, 226, 243, 244, 278, 337, 376, 384, 429, 475, 533, 546, 550, 609, 610, 654, 712, 780, 783, 799, 836, 876, 879, 884, 901, 974, 981, 989, 995, 1000]
i =  13 : [33, 91, 127, 130, 132, 190, 202, 269, 310, 336, 346, 372, 411, 456, 509, 526, 540, 544, 597, 702, 729, 790, 791]
i =  14 : [14, 73, 120, 123, 139, 153, 188, 195, 204, 217, 270, 272, 283, 293, 400, 404, 414, 426, 492, 499, 500, 512, 529, 591, 594, 602, 605, 658, 733, 735, 834]
i =  15 : [3, 15, 82, 84, 85, 102, 106, 176, 189, 250, 289, 296, 297, 325, 332, 361, 398, 438, 585, 768, 807, 822]
i =  16 : [11, 26, 43, 103, 196, 200, 206, 241, 256, 282, 343, 368, 393, 397, 399, 416, 441, 457, 465, 466, 467, 675, 693, 755, 795, 798, 809]
i =  17 : [61, 79, 86, 87, 116, 173, 182, 221, 223, 268, 341, 349, 408, 439, 487, 491, 534, 536, 570, 600, 649, 725, 805, 812, 813, 891, 906, 927, 930, 938]
i =  18 : [25, 46, 53, 172, 203, 210, 219, 288, 319, 340, 446, 479, 530, 590, 618, 647, 679, 683, 694, 710, 740, 759]
i =  19 : [17, 37, 78, 109, 113, 132, 150, 174, 233, 235, 266, 330, 342, 421, 425, 433, 537, 538, 540, 572, 632, 714, 744, 753, 803, 839, 843, 860, 869, 880, 894, 895, 904, 919, 923, 936, 993]
i =  20 : [25, 46, 53, 172, 203, 210, 219, 288, 319, 340, 446, 479, 530, 542, 590, 618, 647, 679, 683, 694, 740, 759]
i =  21 : [23, 47, 59, 88, 149, 226, 258, 276, 290, 367, 386, 453, 481, 494, 502, 505, 531, 651, 681, 690, 697, 715, 762, 829, 857, 866, 881, 932, 941, 947, 952, 961, 972, 977]
i =  22 : [7, 76, 90, 108, 137, 148, 178, 209, 231, 253, 318, 391, 396, 495, 518, 630, 631, 645, 661, 662, 691, 745, 757, 810, 826, 849, 858, 871, 926]
i =  23 : [28, 63, 99, 150, 161, 168, 207, 235, 251, 260, 286, 317, 364, 374, 459, 564, 604, 625, 655, 672, 678, 695]
i =  24 : [14, 17, 73, 120, 153, 195, 204, 217, 270, 283, 293, 400, 404, 414, 426, 492, 499, 500, 512, 529, 591, 594, 602, 658, 714, 733, 735, 834]
i =  25 : [75, 94, 109, 135, 163, 169, 211, 218, 279, 382, 415, 472, 486, 545, 547, 577, 611, 617, 633, 668, 686]
i =  26 : [33, 91, 127, 130, 190, 202, 269, 310, 336, 372, 411, 456, 509, 526, 544, 597, 702, 729, 790, 791, 960]
i =  27 : [7, 76, 90, 108, 137, 148, 209, 231, 253, 318, 359, 391, 396, 495, 518, 630, 631, 645, 661, 662, 691, 745, 757, 810, 826, 849, 858, 871, 926]
i =  28 : [26, 43, 103, 164, 165, 196, 200, 206, 241, 256, 282, 343, 368, 393, 397, 399, 416, 441, 457, 465, 466, 467, 675, 693, 755, 782, 795, 798, 809]
i =  29 : [26, 43, 103, 196, 200, 206, 241, 256, 282, 343, 368, 390, 393, 397, 399, 416, 441, 457, 465, 466, 467, 675, 693, 755, 795, 798, 809]
i =  30 : [19, 41, 42, 72, 83, 98, 114, 175, 295, 298, 303, 315, 323, 339, 344, 350, 356, 362, 395, 444, 454, 476, 489, 516, 522, 524, 578, 615, 619, 650, 677, 723, 739, 756, 781, 784, 786, 806, 887, 909, 924, 956, 982]
i =  31 : [33, 91, 127, 129, 130, 190, 202, 269, 310, 336, 372, 411, 456, 509, 526, 544, 597, 702, 729, 790, 791]
i =  32 : [39, 71, 248, 275, 301, 314, 320, 324, 405, 422, 514, 581, 603, 608, 644, 667, 669, 673, 717, 748, 796]
i =  33 : [26, 32, 43, 103, 196, 200, 206, 241, 256, 282, 329, 343, 368, 393, 397, 399, 416, 441, 457, 465, 466, 467, 675, 693, 755, 795, 798, 809]
i =  34 : [65, 128, 186, 208, 246, 261, 452, 563, 587, 588, 613, 641, 659, 696, 706, 709, 737, 738, 815, 823, 855, 863, 875]
i =  35 : [19, 41, 42, 72, 83, 98, 114, 175, 177, 295, 298, 303, 315, 323, 339, 344, 350, 356, 362, 444, 454, 476, 489, 516, 522, 524, 578, 615, 619, 650, 677, 723, 739, 756, 781, 784, 786, 806, 887, 909, 924, 956, 982]
i =  36 : [34, 80, 122, 141, 191, 192, 232, 247, 388, 407, 427, 431, 440, 455, 473, 484, 485, 558, 666, 792, 846, 850, 874, 889, 921, 940, 966, 969, 994]
i =  37 : [25, 31, 46, 53, 172, 203, 210, 219, 288, 319, 340, 446, 479, 530, 590, 618, 647, 679, 683, 694, 740, 759, 942]
i =  38 : [13, 15, 55, 56, 68, 84, 194, 201, 249, 263, 377, 378, 389, 435, 451, 483, 527, 555, 559, 568, 626, 648, 731, 776, 779, 824, 837, 859, 885, 888, 963]
i =  39 : [19, 41, 42, 72, 83, 98, 114, 175, 239, 295, 298, 303, 315, 323, 339, 344, 350, 356, 362, 444, 454, 476, 489, 516, 522, 524, 578, 615, 619, 650, 677, 723, 739, 756, 781, 784, 786, 806, 887, 909, 924, 956, 982]
i =  40 : [35, 65, 128, 186, 208, 246, 452, 563, 587, 588, 613, 641, 659, 696, 706, 709, 737, 738, 815, 823, 855, 863, 875]
i =  41 : [26, 43, 103, 196, 200, 206, 241, 256, 282, 343, 368, 393, 397, 399, 416, 441, 457, 465, 466, 467, 576, 675, 693, 755, 795, 798, 809]
i =  42 : [16, 60, 134, 142, 158, 199, 215, 225, 255, 271, 287, 292, 300, 312, 327, 380, 403, 410, 432, 471, 503, 520, 523, 543, 584, 595, 596, 612, 629, 652, 689, 719, 724, 751, 764, 872, 882, 913, 915, 950, 959, 973, 985]
i =  43 : [23, 47, 59, 88, 149, 258, 276, 290, 291, 367, 386, 453, 481, 494, 502, 505, 531, 651, 681, 690, 697, 715, 762, 829, 857, 866, 881, 932, 941, 947, 952, 961, 972, 977]
i =  44 : [16, 60, 134, 158, 199, 215, 225, 255, 267, 271, 287, 292, 300, 312, 327, 380, 403, 410, 432, 471, 503, 520, 523, 543, 584, 595, 596, 612, 629, 652, 689, 719, 724, 751, 764, 872, 882, 913, 915, 950, 959, 973, 985]
i =  45 : [61, 79, 86, 87, 116, 221, 223, 268, 349, 408, 439, 487, 491, 534, 536, 570, 600, 649, 725, 774, 805, 812, 813, 891, 906, 927, 930, 938]
i =  46 : [19, 41, 42, 72, 83, 98, 114, 175, 295, 298, 303, 315, 323, 339, 344, 350, 356, 362, 444, 454, 476, 489, 516, 522, 524, 578, 615, 619, 650, 677, 723, 739, 756, 781, 784, 785, 786, 806, 887, 909, 924, 956, 982]
i =  47 : [28, 63, 99, 161, 168, 207, 251, 260, 286, 317, 364, 374, 459, 564, 604, 625, 655, 672, 678, 695, 698]
i =  48 : [26, 43, 103, 187, 196, 200, 206, 241, 256, 282, 343, 368, 393, 397, 399, 416, 441, 457, 465, 466, 467, 675, 693, 755, 795, 798, 809]
i =  49 : [3, 82, 85, 102, 106, 176, 189, 250, 289, 296, 297, 325, 332, 361, 398, 438, 585, 646, 768, 807, 822]
i =  50 : [25, 46, 53, 172, 203, 210, 219, 288, 319, 340, 417, 446, 479, 530, 590, 618, 647, 679, 683, 694, 740, 759]
i =  51 : [25, 46, 53, 172, 203, 210, 219, 288, 319, 340, 442, 446, 479, 530, 590, 618, 647, 679, 683, 694, 740, 759]
i =  52 : [30, 31, 38, 124, 125, 140, 143, 181, 229, 245, 262, 264, 302, 305, 355, 360, 373, 470, 501, 510, 614, 771, 777, 788, 800, 814, 827, 847]
overlapping nodes are:  [3, 7, 14, 15, 16, 17, 19, 23, 25, 26, 28, 31, 32, 33, 41, 42, 43, 46, 47, 53, 57, 59, 60, 61, 63, 65, 72, 73, 75, 76, 79, 80, 82, 83, 84, 85, 86, 87, 88, 90, 91, 94, 98, 99, 102, 103, 106, 108, 109, 114, 116, 120, 122, 127, 128, 130, 132, 134, 135, 137, 141, 148, 149, 150, 153, 158, 159, 161, 163, 164, 165, 168, 169, 172, 175, 176, 184, 186, 189, 190, 191, 192, 195, 196, 199, 200, 202, 203, 204, 206, 207, 208, 209, 210, 211, 215, 217, 218, 219, 221, 223, 225, 226, 228, 231, 232, 235, 236, 241, 246, 247, 250, 251, 253, 255, 256, 258, 260, 268, 269, 270, 271, 276, 279, 282, 283, 286, 287, 288, 289, 290, 292, 293, 295, 296, 297, 298, 300, 303, 310, 312, 313, 315, 317, 318, 319, 321, 323, 325, 327, 332, 333, 336, 339, 340, 343, 344, 345, 349, 350, 353, 356, 361, 362, 364, 367, 368, 372, 374, 380, 382, 386, 388, 391, 393, 396, 397, 398, 399, 400, 403, 404, 407, 408, 410, 411, 414, 415, 416, 426, 427, 431, 432, 438, 439, 440, 441, 444, 446, 452, 453, 454, 455, 456, 457, 459, 465, 466, 467, 471, 472, 473, 476, 479, 481, 484, 485, 486, 487, 489, 491, 492, 494, 495, 498, 499, 500, 502, 503, 505, 509, 512, 516, 518, 520, 522, 523, 524, 526, 529, 530, 531, 534, 536, 540, 543, 544, 548, 558, 560, 563, 564, 566, 570, 577, 578, 582, 584, 585, 587, 588, 590, 591, 594, 595, 596, 597, 598, 600, 602, 604, 611, 612, 613, 615, 617, 618, 619, 622, 625, 627, 628, 629, 630, 631, 633, 641, 645, 647, 649, 650, 651, 652, 655, 658, 659, 661, 662, 666, 668, 672, 674, 675, 677, 678, 679, 681, 683, 686, 689, 690, 691, 693, 694, 695, 696, 697, 702, 705, 706, 709, 711, 714, 715, 719, 723, 724, 725, 729, 733, 735, 737, 738, 739, 740, 741, 745, 751, 755, 756, 757, 759, 762, 764, 768, 770, 781, 784, 786, 790, 791, 792, 795, 798, 805, 806, 807, 809, 810, 812, 813, 815, 822, 823, 826, 829, 834, 846, 849, 850, 855, 857, 858, 863, 866, 871, 872, 874, 875, 881, 882, 886, 887, 889, 891, 906, 909, 912, 913, 915, 921, 922, 924, 926, 927, 930, 932, 934, 938, 940, 941, 947, 950, 952, 953, 956, 959, 961, 966, 969, 972, 973, 977, 982, 985, 994] 
 NOO is:  416
total time is:  206.879462957
