lens of ground_truth:  30
ground_truth is: [[3, 14, 15, 28, 53, 57, 59, 64, 95, 97, 102, 107, 113, 117, 126, 140, 146, 147, 165, 166, 196, 214, 217, 225, 231, 240, 259, 273, 299, 338, 368, 379, 389, 390, 407, 408, 414, 417, 422, 429, 431, 432, 463, 499, 501, 502, 508, 509, 541, 551, 572, 586, 595, 597, 604, 615, 618, 636, 664, 699, 705, 715, 726, 730, 755, 780, 785, 786, 793, 832, 833, 834, 860, 873, 890, 895, 905, 920, 934, 937, 957, 965, 982, 991, 996], [1, 40, 66, 87, 101, 126, 150, 180, 240, 301, 338, 348, 432, 449, 489, 491, 501, 530, 541, 575, 598, 618, 623, 643, 662, 663, 678, 730, 778, 780, 785, 788, 800, 819, 823, 826, 856, 863, 880, 895, 903, 917, 929, 944, 971], [27, 37, 50, 59, 63, 97, 107, 112, 118, 122, 126, 136, 137, 146, 175, 202, 287, 318, 330, 357, 390, 407, 432, 433, 443, 448, 498, 499, 501, 502, 505, 541, 551, 567, 572, 573, 615, 618, 634, 640, 643, 646, 664, 677, 688, 693, 699, 701, 730, 760, 780, 782, 785, 796, 810, 820, 825, 849, 860, 900, 901, 904, 924, 937, 938, 940, 943, 956, 958, 973, 981, 995, 999], [16, 31, 48, 60, 106, 107, 116, 198, 207, 263, 297, 308, 312, 326, 378, 407, 461, 481, 505, 528, 540, 553, 560, 607, 785, 847], [90, 99, 126, 149, 156, 195, 227, 337, 413, 442, 470, 473, 475, 476, 487, 491, 532, 535, 579, 610, 616, 691, 730, 737, 744, 771, 802, 835, 883, 899, 907, 920, 921, 927, 934, 935], [28, 36, 46, 68, 120, 125, 182, 184, 212, 215, 224, 241, 255, 276, 298, 307, 340, 354, 386, 387, 407, 531, 592, 602, 628, 641, 685, 686, 720, 730, 746, 762, 770, 775, 780, 787, 886, 905, 916, 947, 951, 952, 983], [7, 55, 56, 175, 212, 213, 267, 291, 293, 295, 300, 323, 336, 452, 465, 562, 565, 571, 581, 605, 620, 660, 698, 699, 732, 750, 814, 821, 868, 885, 892, 897, 902, 909, 912, 925, 932], [17, 43, 57, 59, 140, 222, 236, 240, 257, 268, 279, 303, 324, 359, 364, 377, 407, 460, 493, 557, 594, 672, 706, 715, 731, 747, 749, 754, 757, 795], [8, 15, 27, 39, 45, 67, 72, 80, 94, 114, 122, 128, 132, 140, 143, 160, 166, 175, 187, 191, 193, 212, 213, 242, 246, 273, 306, 309, 325, 329, 330, 352, 390, 403, 436, 463, 477, 497, 502, 505, 512, 530, 569, 627, 635, 639, 645, 665, 669, 693, 715, 722, 748, 752, 772, 782, 828, 867, 876, 878, 886, 891, 895, 902, 908, 922, 934, 938, 949, 968, 970], [3, 9, 14, 15, 24, 28, 48, 53, 59, 63, 97, 98, 107, 117, 122, 140, 142, 146, 179, 214, 231, 235, 240, 273, 329, 338, 343, 368, 370, 381, 398, 408, 422, 454, 478, 479, 491, 497, 499, 501, 502, 509, 532, 534, 541, 544, 551, 553, 566, 567, 572, 573, 580, 584, 631, 664, 665, 699, 722, 725, 726, 728, 740, 742, 744, 773, 776, 815, 850, 860, 862, 865, 873, 877, 883, 895, 906, 915, 920, 931, 933, 934, 935, 937, 944, 958, 965, 969, 977, 988, 989, 991], [34, 54, 75, 79, 92, 122, 127, 128, 145, 229, 294, 311, 322, 329, 351, 404, 451, 456, 458, 500, 554, 578, 582, 608, 615, 658, 682, 689, 695, 767, 799, 801, 841, 845, 853, 901, 923], [3, 15, 27, 28, 36, 41, 48, 53, 57, 63, 96, 107, 112, 123, 128, 134, 140, 148, 166, 170, 175, 202, 218, 240, 244, 269, 327, 330, 338, 344, 361, 390, 408, 434, 463, 477, 485, 494, 497, 502, 506, 523, 530, 567, 569, 570, 572, 573, 600, 624, 657, 664, 669, 674, 693, 699, 715, 744, 779, 782, 785, 804, 847, 859, 860, 875, 886, 895, 901, 902, 911, 920, 930, 934, 937, 938, 941, 945, 958, 963, 978, 981, 991], [12, 26, 27, 76, 83, 112, 123, 126, 129, 146, 175, 197, 202, 234, 256, 346, 365, 372, 432, 463, 483, 501, 503, 510, 536, 541, 548, 573, 615, 617, 618, 619, 643, 665, 693, 697, 730, 736, 780, 782, 790, 829, 833, 886, 894, 901, 928, 938, 945, 965, 979, 980, 981, 997, 998], [3, 15, 27, 28, 38, 48, 51, 53, 57, 59, 63, 69, 70, 74, 78, 82, 89, 103, 117, 122, 128, 146, 178, 202, 212, 213, 214, 237, 240, 253, 270, 329, 371, 383, 390, 397, 410, 422, 447, 477, 486, 488, 497, 499, 502, 505, 509, 530, 538, 539, 551, 552, 553, 567, 568, 569, 572, 573, 606, 612, 614, 664, 665, 667, 669, 693, 715, 722, 733, 735, 743, 748, 756, 764, 782, 785, 792, 870, 872, 886, 895, 902, 905, 920, 934, 937, 938, 953, 958, 959, 981, 986, 987, 990, 991], [35, 77, 154, 177, 190, 208, 243, 249, 250, 338, 356, 363, 369, 393, 424, 425, 462, 464, 509, 603, 654, 684, 694, 789, 791, 883, 886], [11, 100, 111, 123, 139, 169, 173, 181, 186, 213, 226, 283, 292, 302, 349, 358, 412, 418, 428, 446, 447, 453, 484, 497, 569, 585, 664, 683, 687, 734, 738, 739, 748, 769, 783, 847, 877, 902, 946], [15, 27, 36, 48, 58, 62, 88, 112, 130, 163, 167, 175, 202, 210, 213, 231, 289, 329, 333, 334, 382, 390, 396, 407, 409, 447, 463, 477, 505, 524, 530, 542, 589, 593, 643, 644, 665, 669, 675, 693, 700, 713, 715, 716, 729, 748, 855, 901, 905, 938, 939, 954, 955, 974, 981, 994, 1000], [5, 18, 23, 44, 81, 93, 108, 135, 152, 339, 345, 368, 423, 474, 507, 519, 533, 632, 680, 699, 833], [10, 14, 25, 53, 57, 97, 115, 117, 133, 204, 205, 212, 213, 216, 231, 273, 281, 288, 290, 350, 374, 394, 395, 422, 435, 478, 491, 501, 509, 511, 516, 532, 547, 553, 567, 583, 609, 618, 630, 643, 647, 650, 655, 665, 668, 673, 714, 722, 726, 744, 765, 805, 815, 822, 833, 873, 877, 920, 935, 945, 958, 965, 984, 988], [2, 36, 42, 63, 109, 110, 123, 128, 155, 192, 212, 213, 262, 275, 305, 315, 342, 347, 422, 445, 447, 467, 496, 505, 514, 530, 569, 590, 633, 653, 669, 707, 753, 777, 803, 827, 847, 854, 864, 882, 887, 902, 905], [3, 6, 14, 57, 73, 97, 105, 117, 131, 140, 166, 203, 214, 231, 261, 272, 273, 304, 310, 320, 330, 360, 368, 408, 411, 415, 427, 432, 437, 447, 459, 463, 471, 478, 490, 499, 509, 521, 532, 551, 559, 564, 588, 596, 613, 626, 656, 661, 703, 718, 722, 726, 758, 766, 782, 815, 833, 847, 873, 883, 935, 937, 944, 948, 964, 967, 976, 981, 988, 991], [27, 30, 36, 48, 59, 63, 107, 112, 122, 126, 138, 153, 159, 162, 171, 175, 194, 202, 284, 314, 329, 330, 338, 341, 385, 390, 405, 416, 426, 432, 438, 447, 450, 463, 477, 495, 497, 505, 530, 549, 567, 572, 573, 638, 642, 643, 693, 704, 710, 719, 745, 748, 782, 797, 815, 852, 860, 877, 879, 886, 901, 905, 918, 938, 944, 950, 958, 981, 992], [14, 33, 59, 91, 97, 117, 146, 164, 166, 174, 223, 231, 239, 271, 278, 317, 328, 368, 391, 419, 421, 422, 439, 466, 478, 491, 501, 504, 522, 532, 541, 574, 659, 702, 709, 715, 726, 744, 774, 806, 807, 817, 843, 869, 873, 883, 893, 935, 936, 944, 945, 965, 972, 988], [3, 14, 28, 53, 61, 112, 117, 121, 151, 161, 166, 183, 202, 206, 211, 214, 228, 265, 266, 273, 355, 362, 406, 408, 422, 441, 457, 478, 491, 532, 551, 553, 615, 618, 643, 648, 676, 722, 726, 741, 744, 763, 780, 781, 815, 833, 836, 839, 846, 858, 866, 873, 877, 883, 888, 889, 913, 920, 926, 935, 944, 945, 960, 961, 965, 988, 991, 993], [13, 29, 104, 112, 233, 258, 277, 384, 401, 407, 430, 480, 520, 537, 543, 545, 553, 599, 601, 621, 666, 711, 721, 748, 768, 808, 811], [3, 14, 15, 28, 32, 48, 49, 53, 57, 63, 86, 107, 122, 123, 140, 141, 166, 209, 214, 221, 231, 240, 254, 273, 280, 316, 329, 335, 338, 367, 368, 373, 376, 380, 402, 408, 420, 469, 478, 491, 497, 499, 502, 509, 527, 532, 551, 553, 558, 563, 567, 572, 573, 591, 615, 618, 625, 629, 637, 664, 665, 692, 722, 726, 744, 780, 785, 794, 815, 831, 833, 842, 844, 860, 871, 873, 877, 883, 884, 895, 934, 935, 937, 942, 944, 945, 958, 962, 965, 966, 988, 991], [22, 36, 47, 65, 123, 128, 144, 157, 158, 172, 214, 232, 238, 248, 252, 285, 319, 330, 332, 388, 399, 477, 513, 518, 561, 569, 577, 652, 669, 696, 699, 712, 723, 759, 813, 838, 847, 851, 861, 898, 905], [36, 71, 85, 123, 124, 128, 176, 185, 199, 200, 201, 212, 220, 230, 245, 313, 330, 375, 400, 440, 477, 499, 517, 526, 529, 556, 569, 611, 622, 669, 679, 690, 748, 812, 818, 837, 847, 896, 902, 910, 914], [4, 19, 52, 84, 119, 168, 188, 219, 264, 274, 282, 286, 296, 353, 366, 392, 455, 468, 482, 550, 615, 651, 681, 708, 717, 751, 784, 809, 816, 840, 848, 881, 901], [20, 21, 97, 126, 146, 189, 247, 251, 260, 321, 331, 368, 408, 432, 444, 447, 472, 478, 492, 515, 525, 541, 546, 555, 576, 587, 649, 670, 671, 724, 727, 730, 761, 798, 815, 824, 830, 857, 860, 874, 877, 919, 945, 975, 985, 988]]
print random_nodes: [[860], [879], [619], [365], [520], [712], [796], [916], [929], [501], [269], [504], [2], [577], [165], [925], [547], [193], [961], [580], [768], [507], [953], [652], [528], [59], [648], [11], [14], [564], [235], [876]]
args__________ ([[860]],)
args__________ ([[879]],)
args__________ ([[619]],)
args__________ ([[365]],)
args__________ ([[520]],)
args__________ ([[712]],)
args__________ ([[796]],)
args__________ ([[916]],)
args__________ ([[929]],)
args__________ ([[501]],)
args__________ ([[269]],)
args__________ ([[504]],)
args__________ ([[2]],)
args__________ ([[577]],)
args__________ ([[165]],)
args__________ ([[925]],)
args__________ ([[547]],)
args__________ ([[193]],)
args__________ ([[961]],)
args__________ ([[580]],)
args__________ ([[768]],)
args__________ ([[507]],)
args__________ ([[953]],)
args__________ ([[652]],)
args__________ ([[528]],)
args__________ ([[59]],)
args__________ ([[648]],)
args__________ ([[11]],)
args__________ ([[14]],)
args__________ ([[564]],)
args__________ ([[235]],)
args__________ ([[876]],)
finish process_num processes get single node nature community___________________
length of left_nodes_list__________:  342
print random_nodes: [[149], [122], [382], [991], [407], [935], [944], [251], [92], [195], [556], [377], [214], [785], [84], [491], [463], [213], [542], [128], [761], [853], [107], [541], [1000], [109], [243], [338], [622], [247], [716], [200]]
args__________ ([[149]],)
args__________ ([[122]],)
args__________ ([[382]],)
args__________ ([[991]],)
args__________ ([[407]],)
args__________ ([[935]],)
args__________ ([[944]],)
args__________ ([[251]],)
args__________ ([[92]],)
args__________ ([[195]],)
args__________ ([[556]],)
args__________ ([[377]],)
args__________ ([[214]],)
args__________ ([[785]],)
args__________ ([[84]],)
args__________ ([[491]],)
args__________ ([[463]],)
args__________ ([[213]],)
args__________ ([[542]],)
args__________ ([[128]],)
args__________ ([[761]],)
args__________ ([[853]],)
args__________ ([[107]],)
args__________ ([[541]],)
args__________ ([[1000]],)
args__________ ([[109]],)
args__________ ([[243]],)
args__________ ([[338]],)
args__________ ([[622]],)
args__________ ([[247]],)
args__________ ([[716]],)
args__________ ([[200]],)
finish process_num processes get single node nature community___________________
length of left_nodes_list__________:  73
print random_nodes: [[63], [146], [231], [166], [988], [175], [615], [965], [664], [618], [815], [945], [958], [699], [422], [895], [532], [97], [905], [273], [48], [202], [782], [883], [886], [780], [937], [53], [833], [329], [748], [551]]
args__________ ([[63]],)
args__________ ([[146]],)
args__________ ([[231]],)
args__________ ([[166]],)
args__________ ([[988]],)
args__________ ([[175]],)
args__________ ([[615]],)
args__________ ([[965]],)
args__________ ([[664]],)
args__________ ([[618]],)
args__________ ([[815]],)
args__________ ([[945]],)
args__________ ([[958]],)
args__________ ([[699]],)
args__________ ([[422]],)
args__________ ([[895]],)
args__________ ([[532]],)
args__________ ([[97]],)
args__________ ([[905]],)
args__________ ([[273]],)
args__________ ([[48]],)
args__________ ([[202]],)
args__________ ([[782]],)
args__________ ([[883]],)
args__________ ([[886]],)
args__________ ([[780]],)
args__________ ([[937]],)
args__________ ([[53]],)
args__________ ([[833]],)
args__________ ([[329]],)
args__________ ([[748]],)
args__________ ([[551]],)
finish process_num processes get single node nature community___________________
length of left_nodes_list__________:  36
print random_nodes: [[715], [502], [744], [408], [567], [902], [553], [920], [669], [665], [368], [123], [643], [730], [432], [212], [572], [934], [981], [447], [509], [901], [847], [873], [477], [877], [505], [478], [938], [36], [530], [499]]
args__________ ([[715]],)
args__________ ([[502]],)
args__________ ([[744]],)
args__________ ([[408]],)
args__________ ([[567]],)
args__________ ([[902]],)
args__________ ([[553]],)
args__________ ([[920]],)
args__________ ([[669]],)
args__________ ([[665]],)
args__________ ([[368]],)
args__________ ([[123]],)
args__________ ([[643]],)
args__________ ([[730]],)
args__________ ([[432]],)
args__________ ([[212]],)
args__________ ([[572]],)
args__________ ([[934]],)
args__________ ([[981]],)
args__________ ([[447]],)
args__________ ([[509]],)
args__________ ([[901]],)
args__________ ([[847]],)
args__________ ([[873]],)
args__________ ([[477]],)
args__________ ([[877]],)
args__________ ([[505]],)
args__________ ([[478]],)
args__________ ([[938]],)
args__________ ([[36]],)
args__________ ([[530]],)
args__________ ([[499]],)
finish process_num processes get single node nature community___________________
length of left_nodes_list__________:  4
print random_nodes: [[240], [693], [726], [390]]
args__________ ([[240]],)
args__________ ([[693]],)
args__________ ([[726]],)
args__________ ([[390]],)
finish process_num processes get single node nature community___________________
length of left_nodes_list__________:  0
commplete get_all_nature_community, length:  132
after deal_communities, length:______________ 103
fits_dic 103
above ave fitness communities 59 [0.5955204216073782, 0.6502732240437158, 0.6215686274509804, 0.7130214917825537, 0.5454545454545454, 0.576551724137931, 0.7852604828462516, 0.6844741235392321, 0.5697211155378487, 0.5581818181818182, 0.7320261437908496, 0.8283752860411899, 0.5920177383592018, 0.655282817502668, 0.5556561085972851, 0.7151898734177216, 0.7320261437908496, 0.7397260273972602, 0.6022099447513812, 0.751269035532995, 0.6904231625835189, 0.6238317757009346, 0.716323296354992, 0.6380368098159509, 0.7334273624823695, 0.5745257452574526, 0.6236559139784946, 0.5497382198952879, 0.6970684039087948, 0.543859649122807, 0.6125, 0.5953177257525084, 0.6332046332046332, 0.5932835820895522, 0.6076923076923076, 0.5722222222222222, 0.6646153846153846, 0.6339969372128637, 0.6967741935483871, 0.6923076923076923, 0.6167400881057269, 0.5292740046838408, 0.5916114790286976, 0.7244094488188977, 0.6724511930585684, 0.6696296296296296, 0.7558386411889597, 0.7026194144838213, 0.656084656084656, 0.6070460704607046, 0.6266506602641057, 0.6804123711340206, 0.6997742663656885, 0.6972477064220184, 0.5611866501854141, 0.7068965517241379, 0.6416666666666667, 0.5171568627450981, 0.6796992481203008]
----------------------------------The detection result is: 

all communities: 
i =  1 : [27, 30, 138, 153, 159, 162, 171, 194, 284, 314, 341, 385, 405, 416, 426, 438, 450, 495, 549, 638, 642, 704, 710, 719, 745, 797, 852, 879, 918, 950, 992]
i =  2 : [12, 26, 76, 83, 129, 197, 234, 256, 346, 365, 372, 483, 503, 510, 536, 548, 617, 619, 697, 736, 790, 829, 894, 928, 979, 980, 997, 998]
i =  3 : [37, 50, 118, 136, 137, 287, 318, 357, 433, 443, 448, 498, 634, 640, 646, 677, 688, 701, 760, 796, 810, 820, 825, 849, 900, 904, 924, 940, 943, 956, 973, 995, 999]
i =  4 : [1, 40, 66, 87, 101, 150, 180, 301, 348, 449, 489, 575, 598, 623, 662, 663, 678, 778, 788, 800, 819, 823, 826, 856, 863, 880, 903, 917, 929, 971]
i =  5 : [10, 25, 115, 133, 204, 205, 216, 281, 288, 290, 350, 374, 394, 395, 435, 501, 511, 516, 547, 583, 609, 630, 647, 650, 655, 668, 673, 714, 765, 805, 822, 984]
i =  6 : [2, 10, 25, 115, 133, 204, 205, 216, 281, 288, 290, 350, 374, 394, 395, 435, 511, 516, 547, 583, 609, 630, 647, 650, 655, 668, 673, 714, 765, 805, 822, 984]
i =  7 : [7, 55, 56, 267, 291, 293, 295, 300, 323, 336, 452, 465, 562, 565, 571, 581, 605, 620, 660, 698, 732, 750, 814, 821, 868, 885, 892, 897, 909, 912, 925, 932]
i =  8 : [11, 100, 111, 139, 169, 173, 181, 186, 193, 226, 283, 292, 302, 349, 358, 412, 418, 428, 446, 453, 484, 585, 683, 687, 734, 738, 739, 769, 783, 946]
i =  9 : [61, 112, 121, 136, 151, 161, 183, 206, 211, 228, 265, 266, 355, 362, 406, 441, 457, 648, 676, 741, 763, 781, 836, 839, 846, 858, 866, 888, 889, 913, 926, 960, 961, 993]
i =  10 : [38, 51, 69, 70, 74, 78, 82, 89, 103, 117, 178, 237, 253, 270, 371, 383, 397, 410, 486, 488, 538, 539, 552, 568, 606, 612, 614, 667, 733, 735, 743, 756, 764, 792, 870, 872, 953, 959, 986, 987, 990]
i =  11 : [20, 21, 189, 247, 251, 260, 321, 331, 444, 472, 492, 515, 525, 546, 555, 576, 587, 649, 670, 671, 724, 727, 761, 798, 824, 830, 857, 874, 919, 975, 985]
i =  12 : [17, 43, 222, 236, 257, 268, 279, 303, 324, 359, 364, 377, 460, 493, 557, 594, 672, 706, 731, 747, 749, 754, 757, 795]
i =  13 : [3, 58, 62, 88, 130, 163, 167, 210, 214, 289, 333, 334, 382, 396, 409, 524, 542, 589, 593, 644, 675, 700, 713, 716, 729, 855, 939, 954, 955, 974, 994, 1000]
i =  14 : [46, 68, 120, 125, 182, 184, 215, 224, 241, 255, 264, 276, 298, 307, 340, 354, 386, 387, 491, 531, 592, 602, 628, 641, 685, 686, 720, 746, 762, 770, 775, 787, 916, 947, 951, 952, 983]
i =  15 : [38, 51, 69, 70, 74, 78, 82, 89, 103, 178, 213, 237, 253, 270, 371, 383, 397, 410, 486, 488, 538, 539, 552, 568, 606, 612, 614, 667, 733, 735, 743, 756, 764, 792, 870, 872, 953, 959, 986, 987, 990]
i =  16 : [71, 85, 124, 128, 176, 185, 199, 200, 201, 220, 230, 245, 313, 375, 400, 440, 517, 526, 529, 556, 611, 622, 679, 690, 812, 818, 837, 896, 910, 914]
i =  17 : [20, 21, 189, 247, 251, 260, 321, 331, 444, 472, 492, 515, 525, 546, 555, 576, 587, 649, 670, 671, 724, 727, 761, 798, 824, 830, 857, 874, 919, 975, 985]
i =  18 : [16, 31, 60, 106, 107, 116, 198, 207, 263, 297, 308, 312, 326, 378, 461, 481, 528, 540, 560, 607]
i =  19 : [16, 31, 60, 106, 116, 198, 207, 235, 263, 297, 308, 312, 326, 378, 461, 481, 528, 540, 541, 560, 607]
i =  20 : [2, 42, 109, 110, 155, 192, 262, 275, 305, 315, 342, 347, 445, 467, 496, 514, 590, 633, 653, 707, 753, 777, 803, 827, 854, 864, 882, 887]
i =  21 : [35, 77, 154, 177, 190, 208, 239, 243, 249, 250, 356, 363, 369, 393, 424, 425, 462, 464, 603, 654, 684, 694, 789, 791]
i =  22 : [54, 58, 62, 75, 88, 130, 163, 167, 210, 289, 333, 334, 382, 396, 409, 524, 542, 589, 593, 644, 675, 700, 713, 716, 729, 855, 939, 954, 955, 974, 994, 1000]
i =  23 : [71, 85, 124, 126, 176, 185, 199, 200, 201, 220, 230, 245, 313, 375, 400, 440, 517, 526, 529, 556, 611, 622, 679, 690, 812, 818, 837, 896, 910, 914]
i =  24 : [33, 35, 63, 77, 154, 177, 190, 208, 243, 249, 250, 356, 363, 369, 393, 424, 425, 462, 464, 603, 654, 684, 694, 789, 791]
i =  25 : [34, 54, 75, 79, 92, 127, 145, 146, 229, 294, 311, 322, 351, 404, 451, 456, 458, 500, 554, 578, 582, 608, 658, 682, 689, 695, 767, 799, 801, 841, 845, 853, 923]
i =  26 : [5, 18, 23, 44, 81, 93, 108, 135, 152, 231, 339, 345, 423, 474, 507, 519, 533, 595, 632, 680]
i =  27 : [22, 47, 65, 69, 144, 157, 158, 172, 232, 238, 248, 252, 285, 319, 332, 388, 399, 513, 518, 561, 577, 615, 652, 696, 712, 723, 759, 813, 838, 851, 861, 898]
i =  28 : [10, 25, 115, 133, 204, 205, 216, 281, 288, 290, 350, 374, 394, 395, 435, 511, 516, 547, 583, 609, 618, 630, 647, 650, 655, 668, 673, 714, 765, 805, 822, 984]
i =  29 : [5, 18, 23, 44, 81, 93, 108, 135, 152, 339, 345, 423, 474, 507, 519, 533, 632, 680, 699]
i =  30 : [8, 39, 45, 67, 72, 80, 94, 114, 132, 143, 160, 187, 191, 193, 242, 246, 306, 309, 325, 352, 403, 436, 512, 627, 635, 639, 645, 752, 772, 828, 867, 876, 878, 891, 895, 908, 922, 949, 968, 970]
i =  31 : [33, 91, 164, 174, 223, 239, 271, 278, 317, 328, 391, 419, 421, 439, 466, 504, 522, 532, 574, 659, 702, 709, 774, 806, 807, 817, 843, 869, 893, 936, 972]
i =  32 : [6, 73, 97, 105, 131, 203, 261, 272, 304, 310, 320, 360, 411, 415, 427, 437, 459, 471, 490, 521, 559, 564, 588, 596, 613, 626, 656, 661, 703, 718, 758, 766, 948, 964, 967, 976]
i =  33 : [4, 19, 52, 84, 119, 144, 168, 188, 219, 264, 274, 282, 286, 296, 353, 366, 392, 455, 468, 482, 550, 651, 681, 708, 717, 751, 784, 809, 816, 840, 848, 881, 905]
i =  34 : [35, 77, 105, 154, 177, 190, 208, 243, 249, 250, 356, 363, 369, 393, 424, 425, 462, 464, 603, 654, 684, 694, 789, 791, 883]
i =  35 : [35, 77, 154, 177, 190, 208, 243, 249, 250, 356, 363, 369, 393, 424, 425, 462, 464, 603, 654, 684, 694, 789, 791, 886]
i =  36 : [11, 100, 111, 139, 169, 173, 181, 186, 226, 283, 292, 302, 349, 358, 376, 412, 418, 428, 446, 453, 484, 585, 683, 687, 734, 738, 739, 769, 780, 783, 946]
i =  37 : [5, 18, 23, 44, 81, 93, 108, 135, 152, 339, 345, 423, 474, 507, 519, 533, 632, 680, 833]
i =  38 : [11, 100, 111, 139, 169, 173, 181, 186, 226, 283, 292, 302, 349, 358, 412, 418, 428, 446, 453, 484, 585, 683, 687, 734, 738, 739, 748, 769, 783, 946]
i =  39 : [16, 31, 60, 106, 116, 198, 207, 263, 297, 308, 312, 326, 378, 408, 461, 481, 528, 540, 560, 607]
i =  40 : [16, 31, 60, 106, 116, 198, 207, 263, 297, 308, 312, 326, 378, 461, 481, 528, 540, 560, 567, 607]
i =  41 : [11, 100, 111, 139, 169, 173, 181, 186, 226, 283, 292, 302, 349, 358, 412, 418, 428, 446, 453, 484, 585, 683, 687, 734, 738, 739, 769, 783, 902, 946]
i =  42 : [16, 31, 49, 60, 106, 116, 178, 198, 205, 207, 263, 297, 308, 312, 326, 378, 461, 481, 528, 540, 553, 560, 607]
i =  43 : [6, 73, 105, 131, 203, 261, 272, 304, 310, 320, 360, 368, 411, 415, 427, 437, 459, 471, 490, 521, 559, 564, 588, 596, 613, 626, 656, 661, 703, 718, 758, 766, 948, 964, 967, 976]
i =  44 : [22, 47, 65, 123, 144, 157, 158, 172, 232, 238, 248, 252, 285, 319, 332, 388, 399, 513, 518, 561, 577, 652, 696, 712, 723, 759, 813, 838, 851, 861, 898]
i =  45 : [35, 77, 154, 177, 190, 208, 243, 249, 250, 356, 363, 369, 393, 424, 425, 462, 464, 603, 643, 654, 684, 694, 789, 791]
i =  46 : [71, 85, 124, 176, 185, 199, 200, 201, 220, 230, 245, 313, 375, 400, 440, 517, 526, 529, 556, 611, 622, 679, 690, 730, 812, 818, 837, 896, 910, 914]
i =  47 : [13, 29, 104, 212, 233, 258, 277, 384, 401, 430, 480, 520, 537, 543, 545, 599, 601, 621, 666, 711, 721, 768, 808, 811]
i =  48 : [90, 99, 149, 156, 195, 227, 337, 413, 442, 447, 470, 473, 475, 476, 487, 535, 579, 610, 616, 691, 737, 771, 802, 835, 899, 907, 921, 927]
i =  49 : [4, 19, 52, 84, 96, 119, 168, 188, 219, 264, 274, 282, 286, 296, 353, 366, 392, 455, 468, 482, 550, 651, 681, 708, 717, 751, 784, 809, 816, 840, 848, 881, 901]
i =  50 : [6, 16, 31, 60, 106, 116, 198, 207, 263, 297, 308, 312, 326, 378, 461, 481, 528, 540, 560, 607, 847]
i =  51 : [34, 54, 75, 79, 92, 109, 127, 145, 229, 294, 311, 322, 351, 404, 451, 456, 458, 500, 554, 578, 582, 608, 658, 682, 689, 695, 767, 799, 801, 841, 845, 853, 873, 923]
i =  52 : [22, 47, 65, 144, 157, 158, 172, 232, 238, 248, 252, 285, 319, 332, 388, 399, 477, 513, 518, 561, 577, 652, 696, 712, 723, 759, 813, 838, 851, 861, 898]
i =  53 : [35, 77, 154, 177, 190, 208, 243, 249, 250, 356, 363, 369, 393, 424, 425, 462, 464, 505, 603, 654, 684, 694, 789, 791]
i =  54 : [90, 99, 149, 156, 195, 227, 337, 413, 442, 470, 473, 475, 476, 478, 487, 535, 579, 610, 616, 691, 737, 771, 802, 835, 899, 907, 921, 927]
i =  55 : [30, 36, 107, 138, 153, 159, 162, 171, 194, 284, 314, 341, 385, 405, 416, 426, 438, 450, 495, 549, 638, 642, 704, 710, 719, 745, 797, 852, 879, 918, 950, 992]
i =  56 : [11, 100, 111, 139, 169, 173, 181, 186, 226, 240, 283, 292, 302, 349, 358, 412, 418, 428, 446, 453, 484, 585, 683, 687, 734, 738, 739, 769, 783, 946]
i =  57 : [22, 47, 65, 69, 144, 157, 158, 172, 232, 238, 248, 252, 285, 319, 332, 388, 399, 513, 518, 561, 577, 652, 693, 696, 712, 723, 759, 813, 838, 851, 861, 898]
i =  58 : [10, 25, 115, 133, 204, 205, 216, 281, 288, 290, 350, 374, 394, 395, 435, 511, 516, 547, 583, 609, 630, 647, 650, 655, 668, 673, 714, 726, 765, 805, 822, 984]
i =  59 : [71, 85, 124, 176, 185, 199, 200, 201, 220, 230, 245, 313, 375, 390, 400, 440, 517, 526, 529, 556, 611, 622, 679, 690, 812, 818, 837, 896, 910, 914]
overlapping nodes are:  [2, 4, 5, 6, 10, 11, 16, 18, 19, 20, 21, 22, 23, 25, 30, 31, 33, 34, 35, 38, 44, 47, 51, 52, 54, 58, 60, 62, 65, 69, 70, 71, 73, 74, 75, 77, 78, 79, 81, 82, 84, 85, 88, 89, 90, 92, 93, 99, 100, 103, 105, 106, 107, 108, 109, 111, 115, 116, 119, 124, 127, 130, 131, 133, 135, 136, 138, 139, 144, 145, 149, 152, 153, 154, 156, 157, 158, 159, 162, 163, 167, 168, 169, 171, 172, 173, 176, 177, 178, 181, 185, 186, 188, 189, 190, 193, 194, 195, 198, 199, 200, 201, 203, 204, 205, 207, 208, 210, 216, 219, 220, 226, 227, 229, 230, 232, 237, 238, 239, 243, 245, 247, 248, 249, 250, 251, 252, 253, 260, 261, 263, 264, 270, 272, 274, 281, 282, 283, 284, 285, 286, 288, 289, 290, 292, 294, 296, 297, 302, 304, 308, 310, 311, 312, 313, 314, 319, 320, 321, 322, 326, 331, 332, 333, 334, 337, 339, 341, 345, 349, 350, 351, 353, 356, 358, 360, 363, 366, 369, 371, 374, 375, 378, 382, 383, 385, 388, 392, 393, 394, 395, 396, 397, 399, 400, 404, 405, 409, 410, 411, 412, 413, 415, 416, 418, 423, 424, 425, 426, 427, 428, 435, 437, 438, 440, 442, 444, 446, 450, 451, 453, 455, 456, 458, 459, 461, 462, 464, 468, 470, 471, 472, 473, 474, 475, 476, 481, 482, 484, 486, 487, 488, 490, 492, 495, 500, 507, 511, 513, 515, 516, 517, 518, 519, 521, 524, 525, 526, 528, 529, 533, 535, 538, 539, 540, 542, 546, 547, 549, 550, 552, 554, 555, 556, 559, 560, 561, 564, 568, 576, 577, 578, 579, 582, 583, 585, 587, 588, 589, 593, 596, 603, 606, 607, 608, 609, 610, 611, 612, 613, 614, 616, 622, 626, 630, 632, 638, 642, 644, 647, 649, 650, 651, 652, 654, 655, 656, 658, 661, 667, 668, 670, 671, 673, 675, 679, 680, 681, 682, 683, 684, 687, 689, 690, 691, 694, 695, 696, 700, 703, 704, 708, 710, 712, 713, 714, 716, 717, 718, 719, 723, 724, 727, 729, 733, 734, 735, 737, 738, 739, 743, 745, 751, 756, 758, 759, 761, 764, 765, 766, 767, 769, 771, 783, 784, 789, 791, 792, 797, 798, 799, 801, 802, 805, 809, 812, 813, 816, 818, 822, 824, 830, 835, 837, 838, 840, 841, 845, 848, 851, 852, 853, 855, 857, 861, 870, 872, 874, 879, 881, 896, 898, 899, 907, 910, 914, 918, 919, 921, 923, 927, 939, 946, 948, 950, 953, 954, 955, 959, 964, 967, 974, 975, 976, 984, 985, 986, 987, 990, 992, 994, 1000] 
 NOO is:  442
total time is:  157.887319088
