lens of ground_truth:  33
ground_truth is: [[4, 25, 34, 40, 43, 136, 138, 165, 205, 215, 222, 224, 253, 278, 283, 299, 340, 350, 363, 377, 409, 412, 418, 468, 475, 479, 485, 511, 515, 534, 541, 551, 583, 585, 598, 605, 634, 658, 664, 675, 723, 731, 750, 757, 788, 792, 795, 798, 800, 834, 864, 871, 872, 882, 924, 930, 941, 943, 955, 964, 969, 974, 990, 998, 999], [7, 38, 47, 62, 67, 80, 90, 97, 122, 138, 142, 155, 163, 165, 172, 182, 214, 222, 238, 245, 252, 254, 258, 260, 262, 265, 271, 273, 297, 327, 329, 352, 377, 386, 390, 410, 417, 427, 440, 447, 475, 494, 503, 512, 543, 555, 571, 574, 577, 591, 618, 620, 626, 641, 656, 657, 676, 692, 708, 718, 719, 743, 770, 790, 799, 801, 817, 823, 828, 829, 838, 839, 871, 872, 878, 899, 916, 936, 951, 959, 970, 985, 990, 997], [13, 26, 46, 48, 68, 85, 188, 235, 266, 270, 299, 313, 379, 401, 421, 451, 529, 567, 621, 649, 709, 720, 727, 753, 779, 849, 859, 881, 883, 884, 897, 959], [7, 25, 34, 79, 131, 132, 139, 180, 190, 209, 211, 216, 222, 224, 244, 257, 258, 265, 299, 340, 350, 363, 365, 377, 400, 445, 453, 475, 487, 491, 516, 532, 533, 534, 538, 543, 552, 556, 560, 574, 577, 583, 592, 611, 620, 633, 636, 655, 657, 658, 664, 668, 698, 728, 763, 776, 778, 788, 828, 829, 834, 839, 856, 864, 871, 895, 930, 941, 943, 954, 959, 964, 969, 985, 990, 993, 999], [5, 45, 47, 49, 86, 97, 98, 130, 137, 142, 150, 155, 159, 163, 172, 173, 181, 203, 207, 208, 230, 254, 262, 271, 273, 297, 338, 353, 386, 390, 432, 446, 447, 494, 501, 515, 523, 527, 541, 555, 579, 586, 614, 619, 626, 656, 657, 658, 669, 682, 685, 718, 735, 738, 774, 822, 828, 829, 839, 885, 909, 915, 917, 936, 939, 942, 959, 966, 985, 991], [25, 33, 34, 41, 50, 70, 88, 101, 102, 122, 218, 224, 258, 269, 308, 353, 363, 396, 402, 423, 429, 438, 439, 465, 511, 513, 534, 541, 547, 576, 583, 600, 607, 612, 634, 658, 671, 673, 683, 728, 770, 784, 788, 816, 834, 850, 920, 921, 925, 930, 933, 934, 941, 943, 944, 964, 982, 984, 999], [113, 149, 161, 186, 219, 228, 267, 279, 284, 287, 300, 326, 350, 351, 368, 462, 486, 505, 515, 516, 554, 611, 644, 656, 669, 716, 772, 796, 806, 852, 943], [7, 40, 52, 67, 99, 122, 138, 152, 155, 180, 211, 222, 223, 231, 239, 249, 258, 265, 299, 311, 340, 353, 363, 369, 377, 396, 432, 435, 453, 475, 515, 539, 541, 543, 555, 559, 561, 571, 574, 577, 601, 620, 641, 657, 658, 696, 705, 736, 743, 756, 762, 763, 778, 782, 788, 790, 828, 829, 838, 839, 871, 872, 911, 915, 924, 941, 943, 946, 952, 958, 959, 962, 964, 969, 975, 980, 981, 985, 990, 1000], [9, 17, 47, 67, 86, 97, 108, 169, 176, 180, 198, 200, 211, 238, 246, 254, 258, 262, 271, 273, 297, 380, 386, 396, 404, 427, 435, 436, 473, 494, 515, 544, 558, 571, 602, 650, 656, 694, 714, 719, 771, 778, 799, 815, 836, 844, 864, 873, 880, 881, 918, 922, 928, 936, 950, 969, 971, 983], [34, 47, 62, 67, 73, 86, 97, 120, 122, 142, 148, 155, 163, 168, 172, 174, 211, 238, 245, 254, 265, 271, 297, 305, 307, 325, 353, 385, 386, 390, 406, 427, 435, 447, 463, 490, 494, 514, 542, 543, 571, 574, 577, 609, 617, 620, 626, 629, 641, 647, 657, 659, 677, 679, 718, 719, 743, 747, 763, 775, 790, 799, 807, 822, 828, 829, 837, 838, 854, 879, 881, 893, 924, 936, 985], [21, 30, 63, 87, 94, 122, 145, 172, 212, 232, 262, 344, 349, 373, 375, 391, 397, 432, 437, 476, 499, 543, 569, 634, 656, 667, 674, 695, 718, 770, 812, 831, 901, 964], [6, 7, 19, 24, 25, 62, 220, 227, 245, 273, 335, 336, 345, 346, 354, 393, 425, 519, 553, 563, 704, 707, 722, 730, 739, 748, 768], [7, 12, 25, 34, 35, 40, 91, 103, 134, 138, 155, 163, 165, 177, 180, 185, 202, 222, 224, 225, 243, 265, 304, 309, 340, 350, 363, 377, 388, 396, 415, 432, 435, 447, 456, 506, 511, 516, 522, 528, 534, 543, 555, 574, 577, 587, 611, 620, 624, 630, 634, 641, 651, 664, 675, 728, 743, 752, 754, 784, 788, 790, 793, 813, 829, 833, 834, 838, 839, 853, 864, 871, 875, 903, 915, 930, 940, 945, 948, 959, 976, 977, 985, 990, 999], [18, 74, 78, 89, 97, 172, 238, 245, 254, 258, 297, 316, 381, 386, 390, 443, 484, 494, 540, 626, 627, 628, 645, 656, 664, 675, 690, 691, 706, 719, 737, 759, 770, 799, 804, 814, 828, 830, 857, 863, 871, 872, 881, 914, 919, 924, 932, 936, 960, 994], [1, 29, 56, 58, 59, 210, 211, 237, 255, 343, 420, 449, 450, 483, 555, 634, 640, 660, 669, 711, 729, 781, 784, 790, 794, 805, 855, 868, 869], [23, 25, 32, 40, 44, 53, 54, 62, 76, 138, 157, 165, 180, 224, 238, 294, 324, 331, 333, 337, 340, 347, 350, 363, 366, 372, 377, 396, 430, 432, 453, 475, 492, 511, 516, 521, 549, 564, 575, 625, 634, 664, 666, 675, 725, 728, 743, 784, 788, 834, 838, 851, 864, 887, 904, 913, 915, 924, 930, 941, 964, 978, 987, 992, 999], [22, 34, 40, 97, 100, 106, 109, 135, 180, 193, 241, 299, 306, 317, 340, 348, 378, 390, 394, 396, 403, 453, 478, 481, 516, 572, 583, 590, 593, 611, 648, 664, 681, 697, 710, 728, 769, 780, 784, 788, 810, 865, 872, 898, 900, 915, 924, 930, 941, 947, 964], [15, 16, 34, 55, 151, 165, 180, 222, 224, 291, 315, 334, 340, 350, 363, 398, 407, 414, 435, 441, 444, 464, 482, 511, 516, 530, 534, 541, 550, 583, 595, 611, 635, 637, 658, 664, 669, 670, 675, 689, 699, 718, 728, 740, 745, 763, 778, 784, 811, 822, 826, 834, 864, 872, 888, 889, 930, 969, 988, 990, 999], [3, 61, 64, 112, 119, 123, 141, 147, 156, 160, 170, 226, 234, 250, 258, 264, 319, 356, 427, 433, 548, 654, 732, 758, 789], [72, 142, 165, 195, 222, 265, 275, 285, 301, 302, 422, 511, 557, 582, 611, 712, 719, 751, 755, 761, 783, 784, 788, 803, 872], [92, 124, 133, 171, 184, 281, 293, 295, 310, 312, 392, 419, 453, 461, 495, 496, 511, 580, 584, 589, 594, 641, 669, 700, 703, 741, 743, 797, 802, 809, 870, 894, 924], [10, 42, 129, 197, 240, 271, 314, 322, 361, 363, 431, 434, 470, 493, 524, 537, 573, 653, 678, 715, 718, 728, 749, 799, 820, 824, 832, 866, 874], [20, 27, 116, 144, 320, 323, 358, 371, 460, 474, 534, 545, 588, 597, 622, 623, 631, 675, 680, 726, 734, 770, 790], [47, 51, 62, 65, 67, 82, 86, 97, 122, 142, 155, 163, 167, 172, 211, 238, 245, 262, 265, 297, 341, 353, 359, 376, 386, 390, 396, 411, 427, 435, 447, 494, 504, 516, 525, 571, 583, 599, 604, 626, 639, 646, 652, 657, 665, 719, 743, 763, 765, 770, 777, 787, 799, 822, 825, 828, 838, 839, 846, 881, 926, 936, 937, 967, 968, 986], [40, 47, 62, 67, 77, 86, 93, 107, 122, 128, 138, 142, 163, 166, 192, 194, 199, 211, 245, 271, 273, 297, 299, 342, 353, 360, 367, 386, 389, 408, 413, 427, 432, 435, 447, 453, 494, 515, 520, 543, 555, 562, 565, 571, 574, 577, 606, 620, 626, 641, 643, 656, 669, 719, 733, 763, 778, 799, 822, 829, 840, 842, 881, 905, 906, 915, 923, 936, 957, 959, 969, 973, 985, 989], [8, 14, 84, 164, 172, 183, 187, 189, 245, 259, 262, 263, 290, 395, 452, 466, 488, 489, 507, 515, 526, 570, 581, 608, 656, 663, 718, 770, 785, 786, 886, 890, 891, 902], [57, 118, 126, 140, 175, 178, 236, 251, 254, 261, 276, 289, 303, 328, 350, 355, 416, 459, 475, 509, 518, 541, 613, 632, 634, 669, 684, 688, 773, 835, 848, 877, 912, 943, 999], [7, 25, 40, 47, 62, 67, 86, 111, 117, 122, 138, 142, 143, 155, 163, 165, 179, 180, 196, 201, 222, 224, 229, 238, 245, 258, 265, 271, 273, 282, 296, 299, 318, 353, 377, 396, 424, 426, 427, 432, 447, 453, 454, 458, 475, 515, 534, 536, 541, 543, 555, 571, 574, 577, 615, 620, 626, 641, 657, 658, 672, 713, 743, 760, 763, 766, 778, 790, 791, 818, 822, 828, 829, 834, 838, 839, 841, 861, 864, 871, 881, 896, 908, 915, 924, 941, 943, 949, 953, 959, 969, 985, 990], [7, 11, 37, 39, 47, 62, 66, 67, 86, 127, 138, 142, 155, 158, 163, 211, 233, 238, 242, 254, 262, 271, 273, 280, 288, 297, 353, 357, 383, 384, 386, 387, 390, 427, 432, 447, 467, 471, 472, 494, 531, 546, 566, 571, 611, 634, 638, 642, 657, 718, 719, 778, 808, 821, 822, 839, 862, 867, 881, 910, 915, 927, 936, 963, 979, 995], [28, 36, 60, 69, 81, 83, 154, 217, 247, 272, 274, 298, 364, 382, 399, 428, 469, 480, 502, 535, 578, 610, 626, 717, 744, 790, 838, 843], [40, 75, 104, 105, 114, 115, 121, 204, 206, 221, 277, 370, 442, 455, 497, 508, 596, 662, 675, 687, 742, 746, 864, 941], [2, 7, 25, 31, 34, 95, 96, 162, 165, 213, 224, 248, 268, 286, 299, 332, 340, 350, 377, 435, 453, 475, 510, 511, 516, 534, 541, 555, 574, 577, 583, 616, 620, 641, 658, 661, 664, 669, 675, 686, 693, 701, 721, 724, 728, 763, 778, 784, 827, 834, 845, 847, 858, 871, 872, 876, 892, 929, 930, 931, 935, 938, 943, 964, 965, 969, 972, 990, 996, 999], [71, 86, 97, 110, 125, 146, 153, 172, 191, 254, 256, 262, 273, 292, 321, 330, 339, 362, 374, 390, 405, 448, 457, 477, 498, 500, 517, 568, 583, 603, 611, 702, 764, 767, 770, 799, 819, 822, 860, 907, 956, 961]]
print random_nodes: [[352], [596], [286], [263], [97], [987], [755], [618], [719], [176], [341], [821], [415], [392], [601], [344], [464], [998], [185], [810], [1000], [529], [167], [564], [720], [105], [224], [702], [152], [257], [319], [869]]
args__________ ([[352]],)
args__________ ([[596]],)
args__________ ([[286]],)
args__________ ([[263]],)
args__________ ([[97]],)
args__________ ([[987]],)
args__________ ([[755]],)
args__________ ([[618]],)
args__________ ([[719]],)
args__________ ([[176]],)
args__________ ([[341]],)
args__________ ([[821]],)
args__________ ([[415]],)
args__________ ([[392]],)
args__________ ([[601]],)
args__________ ([[344]],)
args__________ ([[464]],)
args__________ ([[998]],)
args__________ ([[185]],)
args__________ ([[810]],)
args__________ ([[1000]],)
args__________ ([[529]],)
args__________ ([[167]],)
args__________ ([[564]],)
args__________ ([[720]],)
args__________ ([[105]],)
args__________ ([[224]],)
args__________ ([[702]],)
args__________ ([[152]],)
args__________ ([[257]],)
args__________ ([[319]],)
args__________ ([[869]],)
finish process_num processes get single node nature community___________________
length of left_nodes_list__________:  444
print random_nodes: [[353], [535], [622], [724], [50], [832], [691], [828], [271], [990], [28], [120], [470], [620], [682], [747], [994], [102], [964], [323], [484], [770], [950], [879], [228], [267], [73], [494], [845], [166], [335], [734]]
args__________ ([[353]],)
args__________ ([[535]],)
args__________ ([[622]],)
args__________ ([[724]],)
args__________ ([[50]],)
args__________ ([[832]],)
args__________ ([[691]],)
args__________ ([[828]],)
args__________ ([[271]],)
args__________ ([[990]],)
args__________ ([[28]],)
args__________ ([[120]],)
args__________ ([[470]],)
args__________ ([[620]],)
args__________ ([[682]],)
args__________ ([[747]],)
args__________ ([[994]],)
args__________ ([[102]],)
args__________ ([[964]],)
args__________ ([[323]],)
args__________ ([[484]],)
args__________ ([[770]],)
args__________ ([[950]],)
args__________ ([[879]],)
args__________ ([[228]],)
args__________ ([[267]],)
args__________ ([[73]],)
args__________ ([[494]],)
args__________ ([[845]],)
args__________ ([[166]],)
args__________ ([[335]],)
args__________ ([[734]],)
finish process_num processes get single node nature community___________________
length of left_nodes_list__________:  111
print random_nodes: [[454], [896], [834], [350], [881], [841], [778], [784], [340], [122], [196], [155], [577], [475], [615], [273], [541], [201], [930], [788], [799], [763], [766], [386], [969], [245], [143], [296], [297], [138], [713], [435]]
args__________ ([[454]],)
args__________ ([[896]],)
args__________ ([[834]],)
args__________ ([[350]],)
args__________ ([[881]],)
args__________ ([[841]],)
args__________ ([[778]],)
args__________ ([[784]],)
args__________ ([[340]],)
args__________ ([[122]],)
args__________ ([[196]],)
args__________ ([[155]],)
args__________ ([[577]],)
args__________ ([[475]],)
args__________ ([[615]],)
args__________ ([[273]],)
args__________ ([[541]],)
args__________ ([[201]],)
args__________ ([[930]],)
args__________ ([[788]],)
args__________ ([[799]],)
args__________ ([[763]],)
args__________ ([[766]],)
args__________ ([[386]],)
args__________ ([[969]],)
args__________ ([[245]],)
args__________ ([[143]],)
args__________ ([[296]],)
args__________ ([[297]],)
args__________ ([[138]],)
args__________ ([[713]],)
args__________ ([[435]],)
finish process_num processes get single node nature community___________________
length of left_nodes_list__________:  54
print random_nodes: [[915], [658], [583], [571], [943], [262], [839], [211], [142], [838], [864], [872], [959], [657], [871], [999], [299], [574], [985], [25], [515], [40], [427], [396], [432], [656], [534], [718], [555], [516], [829], [669]]
args__________ ([[915]],)
args__________ ([[658]],)
args__________ ([[583]],)
args__________ ([[571]],)
args__________ ([[943]],)
args__________ ([[262]],)
args__________ ([[839]],)
args__________ ([[211]],)
args__________ ([[142]],)
args__________ ([[838]],)
args__________ ([[864]],)
args__________ ([[872]],)
args__________ ([[959]],)
args__________ ([[657]],)
args__________ ([[871]],)
args__________ ([[999]],)
args__________ ([[299]],)
args__________ ([[574]],)
args__________ ([[985]],)
args__________ ([[25]],)
args__________ ([[515]],)
args__________ ([[40]],)
args__________ ([[427]],)
args__________ ([[396]],)
args__________ ([[432]],)
args__________ ([[656]],)
args__________ ([[534]],)
args__________ ([[718]],)
args__________ ([[555]],)
args__________ ([[516]],)
args__________ ([[829]],)
args__________ ([[669]],)
finish process_num processes get single node nature community___________________
length of left_nodes_list__________:  19
print random_nodes: [[634], [611], [453], [790], [728], [543], [941], [258], [626], [675], [822], [641], [254], [363], [924], [447], [743], [390], [936]]
args__________ ([[634]],)
args__________ ([[611]],)
args__________ ([[453]],)
args__________ ([[790]],)
args__________ ([[728]],)
args__________ ([[543]],)
args__________ ([[941]],)
args__________ ([[258]],)
args__________ ([[626]],)
args__________ ([[675]],)
args__________ ([[822]],)
args__________ ([[641]],)
args__________ ([[254]],)
args__________ ([[363]],)
args__________ ([[924]],)
args__________ ([[447]],)
args__________ ([[743]],)
args__________ ([[390]],)
args__________ ([[936]],)
finish process_num processes get single node nature community___________________
length of left_nodes_list__________:  0
commplete get_all_nature_community, length:  147
after deal_communities, length:______________ 104
fits_dic 104
above ave fitness communities 54 [0.7477638640429338, 0.7230769230769231, 0.5863874345549738, 0.6714490674318508, 0.6256983240223464, 0.7115044247787611, 0.6281690140845071, 0.7245053272450532, 0.6145833333333334, 0.8110599078341014, 0.625, 0.613607188703466, 0.6826029216467463, 0.638623326959847, 0.6871165644171779, 0.7551487414187643, 0.6215384615384615, 0.6264044943820225, 0.7145969498910676, 0.6733466933867736, 0.676056338028169, 0.7855421686746988, 0.7253886010362695, 0.7485380116959064, 0.6546184738955824, 0.6392405063291139, 0.5603448275862069, 0.6457399103139013, 0.7006369426751592, 0.593128390596745, 0.7450980392156863, 0.6518987341772152, 0.5756097560975609, 0.5604113110539846, 0.7404063205417607, 0.7253886010362695, 0.6264744429882044, 0.5710526315789474, 0.5426573426573427, 0.7033898305084746, 0.6600846262341326, 0.8109452736318408, 0.6776859504132231, 0.6714082503556188, 0.6820512820512821, 0.7278382581648523, 0.6776180698151951, 0.7486910994764397, 0.6506024096385542, 0.66, 0.7490196078431373, 0.6868686868686869, 0.6629055007052186, 0.6594090202177294]
----------------------------------The detection result is: 

all communities: 
i =  1 : [8, 14, 84, 95, 164, 183, 187, 189, 259, 263, 290, 395, 452, 466, 488, 489, 507, 526, 570, 581, 608, 663, 785, 786, 886, 890, 891, 902]
i =  2 : [72, 195, 275, 285, 301, 302, 422, 557, 582, 712, 751, 755, 761, 783, 803]
i =  3 : [12, 35, 91, 103, 134, 176, 177, 185, 202, 225, 243, 304, 309, 388, 415, 456, 506, 522, 528, 587, 624, 630, 651, 752, 754, 793, 813, 833, 853, 875, 903, 940, 945, 948, 976, 977]
i =  4 : [51, 65, 82, 167, 341, 359, 376, 411, 504, 525, 599, 604, 639, 646, 652, 665, 765, 777, 787, 825, 846, 926, 937, 967, 968, 986]
i =  5 : [22, 34, 97, 100, 106, 109, 135, 193, 241, 306, 317, 348, 378, 394, 403, 478, 481, 572, 590, 593, 648, 681, 697, 710, 769, 780, 810, 865, 898, 900, 947]
i =  6 : [57, 118, 126, 140, 167, 175, 178, 236, 251, 261, 276, 289, 303, 328, 355, 416, 459, 509, 518, 613, 632, 684, 688, 773, 835, 848, 877, 912]
i =  7 : [22, 100, 106, 109, 135, 193, 224, 241, 306, 317, 348, 378, 394, 403, 478, 481, 572, 590, 593, 648, 681, 697, 710, 769, 780, 810, 865, 898, 900, 947]
i =  8 : [71, 94, 110, 125, 146, 153, 191, 256, 292, 321, 330, 339, 362, 374, 405, 448, 457, 477, 498, 500, 517, 568, 603, 702, 764, 767, 819, 860, 907, 956, 961]
i =  9 : [13, 19, 26, 46, 48, 68, 85, 152, 188, 235, 266, 270, 313, 379, 401, 421, 451, 529, 567, 621, 649, 664, 709, 720, 727, 753, 779, 849, 859, 883, 884, 897]
i =  10 : [1, 29, 56, 58, 59, 210, 237, 255, 343, 420, 449, 450, 483, 640, 660, 711, 729, 781, 794, 805, 855, 868, 869]
i =  11 : [11, 37, 39, 66, 127, 158, 233, 242, 280, 288, 353, 357, 383, 384, 387, 467, 471, 472, 531, 546, 566, 638, 642, 808, 821, 862, 867, 910, 927, 963, 979, 995]
i =  12 : [23, 32, 44, 53, 54, 76, 157, 271, 294, 324, 331, 333, 337, 347, 366, 372, 430, 492, 521, 549, 564, 575, 625, 666, 725, 851, 887, 904, 913, 978, 987, 992]
i =  13 : [18, 74, 78, 89, 316, 381, 443, 484, 540, 627, 628, 645, 690, 691, 706, 737, 759, 804, 814, 830, 857, 863, 914, 919, 932, 960, 994]
i =  14 : [113, 149, 161, 186, 219, 228, 267, 279, 284, 287, 300, 326, 351, 368, 462, 486, 505, 554, 644, 716, 770, 772, 796, 806, 852]
i =  15 : [9, 17, 108, 169, 176, 198, 200, 246, 380, 404, 436, 473, 544, 558, 602, 650, 694, 714, 771, 815, 836, 844, 873, 880, 918, 922, 928, 950, 971, 983]
i =  16 : [28, 36, 60, 69, 81, 83, 154, 217, 247, 272, 274, 298, 364, 382, 399, 428, 469, 480, 494, 502, 535, 578, 610, 717, 744, 843]
i =  17 : [2, 31, 95, 96, 162, 213, 248, 268, 286, 332, 510, 616, 661, 686, 693, 701, 721, 724, 827, 845, 847, 858, 876, 892, 929, 931, 935, 938, 965, 972, 996]
i =  18 : [77, 93, 107, 128, 166, 192, 194, 199, 342, 360, 367, 389, 408, 413, 520, 562, 565, 606, 643, 733, 840, 842, 905, 906, 923, 957, 973, 989]
i =  19 : [6, 19, 24, 131, 139, 220, 227, 335, 336, 345, 346, 354, 393, 425, 519, 553, 563, 704, 707, 722, 730, 739, 748, 768]
i =  20 : [113, 149, 161, 186, 219, 228, 267, 279, 284, 287, 300, 326, 350, 351, 368, 462, 486, 505, 554, 644, 716, 772, 796, 806, 852]
i =  21 : [3, 61, 64, 67, 112, 119, 123, 141, 147, 156, 160, 170, 226, 234, 250, 264, 319, 356, 433, 548, 654, 732, 758, 784, 789]
i =  22 : [6, 19, 24, 220, 227, 335, 336, 340, 345, 346, 354, 393, 425, 519, 553, 563, 704, 707, 722, 730, 739, 748, 768]
i =  23 : [92, 122, 124, 133, 171, 184, 281, 293, 295, 310, 312, 392, 419, 461, 495, 496, 580, 584, 589, 594, 700, 703, 741, 797, 802, 809, 870, 894]
i =  24 : [75, 104, 105, 114, 115, 121, 155, 204, 206, 221, 277, 370, 442, 455, 497, 508, 596, 662, 687, 742, 746]
i =  25 : [21, 30, 63, 87, 94, 145, 212, 232, 344, 349, 373, 375, 391, 397, 437, 476, 499, 541, 569, 667, 674, 695, 812, 831, 901]
i =  26 : [57, 118, 126, 140, 175, 178, 201, 236, 251, 261, 276, 289, 303, 328, 355, 377, 416, 459, 509, 518, 613, 632, 684, 688, 773, 835, 848, 877, 912]
i =  27 : [10, 42, 86, 129, 197, 240, 314, 322, 361, 431, 434, 470, 493, 524, 537, 556, 573, 653, 678, 715, 749, 788, 820, 824, 832, 866, 874]
i =  28 : [3, 61, 64, 73, 112, 119, 123, 141, 147, 156, 160, 170, 226, 234, 250, 264, 319, 356, 433, 548, 654, 732, 758, 789, 799]
i =  29 : [28, 36, 60, 69, 81, 83, 154, 217, 247, 272, 274, 298, 364, 382, 386, 399, 428, 469, 480, 502, 511, 535, 578, 610, 717, 744, 843]
i =  30 : [28, 36, 60, 69, 81, 83, 154, 217, 247, 272, 274, 298, 364, 382, 399, 428, 469, 480, 502, 535, 578, 610, 717, 744, 843, 969]
i =  31 : [8, 14, 84, 143, 164, 183, 187, 189, 259, 263, 290, 395, 452, 466, 488, 489, 507, 526, 570, 581, 608, 663, 785, 786, 886, 890, 891, 902]
i =  32 : [33, 41, 50, 70, 88, 101, 102, 218, 269, 297, 308, 402, 423, 429, 438, 439, 465, 513, 547, 576, 600, 607, 612, 671, 673, 683, 816, 850, 920, 921, 925, 933, 934, 944, 982, 984]
i =  33 : [4, 43, 136, 138, 205, 215, 253, 278, 283, 409, 412, 418, 468, 479, 485, 551, 585, 598, 605, 723, 731, 750, 757, 792, 795, 798, 800, 882, 955, 974, 998]
i =  34 : [15, 16, 55, 151, 291, 315, 334, 398, 407, 414, 435, 441, 444, 464, 482, 530, 550, 595, 635, 637, 670, 689, 699, 740, 745, 811, 826, 888, 889, 988]
i =  35 : [28, 36, 60, 69, 81, 83, 154, 217, 247, 272, 274, 298, 364, 382, 399, 428, 469, 480, 502, 535, 571, 578, 610, 717, 744, 843]
i =  36 : [92, 124, 133, 171, 184, 262, 281, 293, 295, 310, 312, 392, 419, 461, 495, 496, 580, 584, 589, 594, 700, 703, 741, 797, 802, 809, 870, 894]
i =  37 : [71, 110, 125, 146, 153, 182, 191, 256, 292, 321, 330, 339, 362, 374, 405, 448, 457, 477, 498, 500, 517, 568, 603, 702, 764, 767, 819, 839, 860, 907, 956, 961]
i =  38 : [15, 16, 55, 151, 211, 291, 315, 334, 398, 407, 414, 441, 444, 464, 482, 530, 550, 595, 635, 637, 670, 689, 699, 740, 745, 811, 826, 888, 889, 988]
i =  39 : [73, 120, 142, 148, 168, 174, 305, 307, 325, 385, 406, 463, 490, 514, 542, 609, 617, 629, 647, 659, 677, 679, 747, 775, 807, 837, 854, 879, 893]
i =  40 : [28, 36, 60, 69, 81, 83, 154, 217, 247, 272, 274, 298, 364, 382, 399, 428, 469, 480, 502, 535, 578, 610, 717, 744, 838, 843]
i =  41 : [13, 26, 46, 48, 68, 85, 188, 235, 266, 270, 313, 379, 401, 421, 451, 529, 567, 621, 649, 709, 720, 727, 753, 779, 849, 859, 871, 883, 884, 897]
i =  42 : [6, 19, 24, 25, 220, 227, 335, 336, 345, 346, 354, 393, 425, 519, 553, 563, 704, 707, 722, 730, 739, 748, 768]
i =  43 : [21, 30, 63, 87, 94, 145, 212, 232, 344, 349, 373, 375, 391, 397, 432, 437, 476, 499, 569, 667, 674, 695, 812, 831, 901]
i =  44 : [13, 26, 46, 48, 68, 85, 173, 188, 235, 266, 270, 313, 379, 401, 421, 451, 529, 567, 621, 649, 709, 718, 720, 727, 753, 779, 849, 859, 883, 884, 897]
i =  45 : [20, 27, 116, 144, 320, 323, 358, 371, 460, 474, 545, 555, 588, 597, 622, 623, 631, 680, 726, 734]
i =  46 : [13, 26, 46, 48, 68, 85, 188, 235, 266, 270, 313, 379, 401, 421, 451, 529, 567, 621, 649, 669, 709, 720, 727, 753, 779, 849, 859, 883, 884, 897]
i =  47 : [28, 36, 60, 69, 81, 83, 154, 217, 247, 272, 274, 298, 364, 382, 399, 428, 469, 480, 502, 511, 535, 578, 610, 634, 717, 744, 843]
i =  48 : [3, 61, 64, 112, 119, 123, 141, 147, 156, 160, 170, 226, 234, 250, 264, 319, 356, 433, 548, 611, 654, 732, 758, 789]
i =  49 : [20, 27, 116, 144, 320, 323, 358, 371, 460, 474, 545, 588, 597, 622, 623, 631, 680, 726, 734, 790]
i =  50 : [28, 36, 60, 69, 72, 81, 83, 154, 217, 247, 272, 274, 298, 364, 382, 399, 428, 469, 480, 502, 535, 578, 610, 717, 728, 744, 843]
i =  51 : [10, 42, 129, 197, 240, 258, 314, 322, 361, 431, 434, 470, 493, 524, 537, 573, 653, 678, 715, 749, 820, 824, 832, 866, 874]
i =  52 : [71, 110, 125, 146, 153, 191, 256, 292, 321, 330, 339, 362, 374, 405, 448, 457, 477, 498, 500, 517, 568, 603, 626, 702, 764, 767, 819, 860, 907, 956, 961]
i =  53 : [13, 26, 46, 48, 68, 85, 136, 188, 235, 266, 270, 313, 379, 401, 421, 451, 529, 567, 621, 649, 675, 709, 720, 727, 753, 779, 849, 859, 883, 884, 897]
i =  54 : [92, 124, 133, 171, 184, 281, 293, 295, 299, 310, 312, 392, 419, 461, 495, 496, 580, 584, 589, 594, 641, 700, 703, 741, 797, 802, 809, 870, 894]
overlapping nodes are:  [3, 6, 8, 10, 13, 14, 15, 16, 19, 20, 21, 22, 24, 26, 27, 28, 30, 36, 42, 46, 48, 55, 57, 60, 61, 63, 64, 68, 69, 71, 72, 73, 81, 83, 84, 85, 87, 92, 94, 95, 100, 106, 109, 110, 112, 113, 116, 118, 119, 123, 124, 125, 126, 129, 133, 135, 136, 140, 141, 144, 145, 146, 147, 149, 151, 153, 154, 156, 160, 161, 164, 167, 170, 171, 175, 176, 178, 183, 184, 186, 187, 188, 189, 191, 193, 197, 212, 217, 219, 220, 226, 227, 228, 232, 234, 235, 236, 240, 241, 247, 250, 251, 256, 259, 261, 263, 264, 266, 267, 270, 272, 274, 276, 279, 281, 284, 287, 289, 290, 291, 292, 293, 295, 298, 300, 303, 306, 310, 312, 313, 314, 315, 317, 319, 320, 321, 322, 323, 326, 328, 330, 334, 335, 336, 339, 344, 345, 346, 348, 349, 351, 354, 355, 356, 358, 361, 362, 364, 368, 371, 373, 374, 375, 378, 379, 382, 391, 392, 393, 394, 395, 397, 398, 399, 401, 403, 405, 407, 414, 416, 419, 421, 425, 428, 431, 433, 434, 437, 441, 444, 448, 451, 452, 457, 459, 460, 461, 462, 464, 466, 469, 470, 474, 476, 477, 478, 480, 481, 482, 486, 488, 489, 493, 495, 496, 498, 499, 500, 502, 505, 507, 509, 511, 517, 518, 519, 524, 526, 529, 530, 535, 537, 545, 548, 550, 553, 554, 563, 567, 568, 569, 570, 572, 573, 578, 580, 581, 584, 588, 589, 590, 593, 594, 595, 597, 603, 608, 610, 613, 621, 622, 623, 631, 632, 635, 637, 644, 648, 649, 653, 654, 663, 667, 670, 674, 678, 680, 681, 684, 688, 689, 695, 697, 699, 700, 702, 703, 704, 707, 709, 710, 715, 716, 717, 720, 722, 726, 727, 730, 732, 734, 739, 740, 741, 744, 745, 748, 749, 753, 758, 764, 767, 768, 769, 772, 773, 779, 780, 785, 786, 789, 796, 797, 802, 806, 809, 810, 811, 812, 819, 820, 824, 826, 831, 832, 835, 843, 848, 849, 852, 859, 860, 865, 866, 870, 874, 877, 883, 884, 886, 888, 889, 890, 891, 894, 897, 898, 900, 901, 902, 907, 912, 947, 956, 961, 988] 
 NOO is:  366
total time is:  190.571990013
