lens of ground_truth:  20
ground_truth is: [[9, 18, 88, 174, 234, 236, 288, 340, 350, 356, 401, 403, 509, 533, 555, 580, 619, 660, 677, 712, 718, 730, 742, 769, 778, 818, 840], [11, 72, 78, 86, 100, 116, 121, 124, 129, 148, 164, 338, 347, 383, 389, 393, 408, 436, 466, 488, 530, 582, 590, 596, 607, 621, 641, 646, 659, 693, 793, 804, 813, 842, 861, 865, 868, 884, 885, 905, 914, 924, 926, 943], [19, 45, 50, 52, 95, 98, 103, 108, 170, 187, 189, 219, 249, 299, 362, 373, 427, 430, 501, 596, 612, 629, 666, 757, 762, 776, 797, 813, 829, 830, 839, 856, 870, 873, 900], [55, 71, 87, 91, 101, 113, 126, 130, 136, 142, 152, 153, 181, 193, 205, 222, 239, 257, 259, 286, 311, 319, 341, 355, 367, 369, 380, 388, 413, 419, 426, 457, 461, 473, 485, 493, 498, 503, 531, 556, 565, 583, 597, 611, 612, 616, 640, 642, 678, 682, 694, 705, 717, 727, 728, 782, 809, 811, 817, 821, 851, 869, 883, 886, 897, 898, 899, 928, 951, 958, 969, 971, 972, 985, 986], [23, 25, 41, 46, 56, 59, 62, 90, 156, 182, 190, 218, 226, 238, 248, 255, 262, 266, 268, 271, 283, 304, 322, 325, 330, 335, 343, 344, 384, 390, 399, 407, 410, 437, 456, 460, 483, 504, 514, 515, 524, 527, 539, 544, 570, 572, 581, 605, 623, 627, 628, 648, 653, 675, 683, 690, 703, 704, 708, 713, 724, 745, 746, 783, 796, 825, 832, 838, 852, 860, 863, 890, 893, 916, 920, 923, 938, 945, 947, 990, 996, 997], [2, 37, 39, 79, 83, 92, 102, 110, 112, 120, 127, 168, 169, 171, 200, 227, 244, 260, 263, 309, 312, 316, 321, 323, 331, 335, 346, 368, 374, 375, 387, 394, 399, 400, 411, 413, 416, 417, 431, 483, 495, 500, 534, 541, 559, 562, 577, 584, 587, 609, 632, 635, 639, 647, 659, 668, 680, 702, 710, 719, 725, 734, 756, 779, 812, 824, 828, 834, 845, 854, 862, 875, 887, 889, 912, 913, 922, 938, 941, 954, 957, 973, 978, 979, 981, 991, 993, 994, 998, 999], [16, 38, 42, 63, 119, 134, 193, 196, 237, 261, 296, 305, 329, 351, 360, 363, 385, 405, 443, 448, 529, 545, 622, 689, 695, 748, 789, 807, 808, 846, 894, 901, 975], [1, 3, 22, 48, 70, 164, 176, 184, 213, 267, 275, 279, 310, 361, 381, 418, 424, 428, 477, 489, 492, 494, 546, 561, 592, 600, 664, 671, 701, 721, 755, 775, 806, 827, 831, 892, 919, 929, 948, 962, 991], [14, 24, 26, 29, 30, 54, 60, 81, 90, 104, 107, 114, 123, 127, 131, 147, 166, 174, 186, 192, 197, 206, 211, 225, 231, 258, 273, 276, 285, 287, 290, 301, 379, 392, 427, 435, 441, 447, 450, 462, 470, 471, 507, 508, 511, 519, 540, 551, 553, 569, 610, 611, 637, 645, 681, 706, 732, 737, 738, 750, 753, 754, 767, 780, 785, 786, 802, 848, 878, 918, 960], [8, 17, 36, 85, 112, 117, 118, 132, 151, 191, 224, 250, 280, 294, 317, 349, 353, 397, 440, 446, 464, 496, 502, 535, 586, 614, 665, 667, 684, 740, 749, 765, 773, 781, 803, 822, 844, 879, 917, 961, 965], [32, 53, 57, 76, 115, 141, 144, 150, 194, 207, 220, 223, 241, 242, 295, 306, 314, 326, 348, 358, 370, 372, 377, 396, 402, 414, 439, 442, 467, 468, 472, 480, 487, 517, 518, 523, 526, 537, 542, 634, 650, 655, 656, 662, 697, 700, 714, 715, 716, 720, 723, 736, 741, 751, 760, 764, 772, 784, 817, 840, 841, 871, 874, 881, 886, 910, 921, 931, 950, 963, 975, 988, 989], [21, 65, 84, 109, 111, 252, 254, 284, 313, 332, 339, 357, 365, 376, 449, 452, 469, 482, 523, 595, 633, 661, 735, 816, 820, 851, 974], [10, 13, 20, 51, 102, 125, 149, 155, 160, 178, 183, 247, 318, 438, 459, 486, 566, 574, 618, 625, 626, 638, 674, 692, 709, 722, 761, 777, 791, 814, 815, 818, 876, 882, 927, 933, 935, 944, 949, 952], [7, 82, 106, 154, 156, 172, 208, 228, 232, 240, 246, 248, 253, 270, 274, 297, 328, 345, 382, 386, 406, 425, 474, 506, 550, 588, 603, 608, 620, 663, 676, 685, 759, 770, 794, 799, 801, 836, 847, 855, 864, 880, 888, 903, 904, 930, 967, 980], [34, 138, 163, 179, 198, 199, 201, 202, 221, 245, 266, 281, 352, 392, 395, 412, 422, 525, 571, 579, 589, 594, 699, 747], [4, 5, 31, 61, 69, 94, 122, 143, 146, 159, 167, 210, 264, 276, 277, 308, 334, 364, 366, 390, 404, 420, 433, 434, 445, 453, 454, 465, 479, 484, 490, 505, 510, 513, 520, 536, 551, 558, 560, 564, 623, 643, 652, 654, 669, 688, 696, 733, 752, 758, 763, 796, 800, 833, 850, 859, 902, 906, 907, 915, 925, 937, 939, 955, 974, 982, 987], [12, 15, 28, 33, 40, 53, 57, 58, 67, 69, 74, 81, 89, 99, 104, 135, 162, 168, 170, 177, 185, 188, 195, 209, 212, 249, 254, 258, 269, 280, 293, 298, 302, 303, 324, 336, 354, 371, 391, 415, 421, 429, 451, 453, 466, 476, 478, 518, 538, 543, 547, 554, 557, 573, 578, 585, 591, 598, 614, 635, 649, 654, 670, 672, 687, 688, 707, 726, 743, 754, 768, 774, 787, 790, 795, 798, 837, 853, 891, 895, 909, 911, 936, 940, 946, 956, 959, 964, 966, 983, 992, 994], [6, 27, 96, 133, 154, 161, 173, 187, 216, 265, 333, 339, 359, 444, 499, 521, 548, 549, 563, 575, 576, 602, 630, 657, 673, 686, 858, 875, 895, 986], [47, 62, 66, 73, 97, 126, 204, 207, 212, 229, 256, 272, 278, 289, 291, 320, 327, 330, 337, 342, 378, 398, 409, 432, 462, 463, 475, 481, 491, 512, 557, 587, 601, 604, 613, 615, 617, 636, 651, 658, 679, 698, 711, 729, 731, 739, 771, 788, 791, 792, 794, 835, 843, 857, 872, 874, 891, 894, 896, 934, 942, 953, 995, 1000], [33, 35, 43, 44, 49, 64, 68, 75, 77, 80, 93, 105, 120, 128, 137, 139, 140, 144, 145, 157, 158, 165, 175, 180, 203, 214, 215, 217, 230, 233, 235, 243, 251, 282, 292, 300, 307, 315, 370, 391, 406, 423, 455, 458, 459, 478, 480, 495, 497, 507, 508, 515, 516, 522, 528, 529, 532, 552, 553, 567, 568, 593, 599, 606, 615, 624, 628, 631, 644, 678, 691, 700, 702, 744, 766, 805, 809, 810, 819, 823, 826, 849, 854, 866, 867, 871, 877, 908, 932, 937, 964, 968, 970, 976, 977, 984]]
nodes: [266, 466, 495, 518, 615, 628, 730, 741, 747, 750, 783, 795, 800, 804, 808, 853, 862, 867, 870, 878, 891, 904, 908, 911, 923, 926, 937, 948, 952, 960, 961, 963, 964, 967, 971, 973, 974, 975, 978, 982, 985, 986, 990, 991, 1000] num of nodes:  45
[[266, 708, 996, 997, 945], [466, 884, 924, 868, 621], [495, 941, 979, 887], [141, 910, 518, 714], [522, 976, 615, 877], [304, 945, 916, 628, 997], [356, 742, 712, 718, 660, 730, 619, 555, 580], [348, 931, 841, 784, 772, 741], [199, 747, 594, 699, 525, 579, 221, 395], [24, 753, 750, 918, 785], [653, 945, 860, 890, 996, 783], [573, 940, 578, 795, 992, 936], [445, 939, 859, 696, 800, 902], [590, 905, 943, 793, 842, 861, 865, 914, 804], [16, 807, 901, 360, 808, 748, 695], [429, 992, 726, 946, 853, 983], [710, 998, 889, 957, 834, 862], [243, 849, 691, 984, 867], [501, 900, 870, 776, 873, 797, 856, 629, 762, 830, 829, 757], [107, 878, 767, 737, 802], [649, 956, 966, 909, 891, 837], [228, 904, 980, 930, 880, 770, 759], [235, 908, 866, 624, 826], [585, 936, 983, 911, 837, 790], [25, 916, 544, 920, 923], [393, 861, 926, 943, 914, 865, 842, 905, 641], [558, 833, 939, 955, 937, 987], [494, 929, 962, 892, 775, 600, 701, 919, 948, 671], [486, 933, 935, 876, 944, 882, 949, 952, 761, 927, 777, 722], [14, 785, 960, 681, 780], [353, 961, 844, 917, 965, 586, 765, 749, 822], [537, 931, 963, 950, 716, 871], [44, 977, 976, 744, 964], [603, 930, 801, 980, 836, 967, 770, 759], [259, 951, 640, 782, 971, 958], [999, 912, 845, 979, 828, 973], [284, 816, 820, 661, 735, 482, 595, 974], [329, 807, 901, 363, 789, 545, 975], [559, 941, 957, 998, 978, 913], [364, 987, 906, 758, 925, 982], [181, 972, 782, 969, 951, 985], [359, 858, 686, 673, 986, 630, 575], [304, 945, 916, 990, 863, 860], [671, 929, 962, 721, 919, 892, 831, 701, 775, 991], [320, 792, 953, 711, 1000, 857, 771]]
len of cliques:  45
length of seeds:  45
seeds:  [[501, 900, 870, 776, 873, 797, 856, 629, 762, 830, 829, 757], [486, 933, 935, 876, 944, 882, 949, 952, 761, 927, 777, 722], [494, 929, 962, 892, 775, 600, 701, 919, 948, 671], [671, 929, 962, 721, 919, 892, 831, 701, 775, 991], [356, 742, 712, 718, 660, 730, 619, 555, 580], [590, 905, 943, 793, 842, 861, 865, 914, 804], [393, 861, 926, 943, 914, 865, 842, 905, 641], [353, 961, 844, 917, 965, 586, 765, 749, 822], [199, 747, 594, 699, 525, 579, 221, 395], [603, 930, 801, 980, 836, 967, 770, 759], [284, 816, 820, 661, 735, 482, 595, 974], [16, 807, 901, 360, 808, 748, 695], [228, 904, 980, 930, 880, 770, 759], [329, 807, 901, 363, 789, 545, 975], [359, 858, 686, 673, 986, 630, 575], [320, 792, 953, 711, 1000, 857, 771], [348, 931, 841, 784, 772, 741], [653, 945, 860, 890, 996, 783], [573, 940, 578, 795, 992, 936], [445, 939, 859, 696, 800, 902], [429, 992, 726, 946, 853, 983], [710, 998, 889, 957, 834, 862], [649, 956, 966, 909, 891, 837], [585, 936, 983, 911, 837, 790], [558, 833, 939, 955, 937, 987], [537, 931, 963, 950, 716, 871], [259, 951, 640, 782, 971, 958], [999, 912, 845, 979, 828, 973], [559, 941, 957, 998, 978, 913], [364, 987, 906, 758, 925, 982], [181, 972, 782, 969, 951, 985], [304, 945, 916, 990, 863, 860], [266, 708, 996, 997, 945], [466, 884, 924, 868, 621], [304, 945, 916, 628, 997], [24, 753, 750, 918, 785], [243, 849, 691, 984, 867], [107, 878, 767, 737, 802], [235, 908, 866, 624, 826], [25, 916, 544, 920, 923], [14, 785, 960, 681, 780], [44, 977, 976, 744, 964], [495, 941, 979, 887], [141, 910, 518, 714], [522, 976, 615, 877]]
seeds_fitness [0.34196891191709844, 0.2619047619047619, 0.20224719101123595, 0.1549053356282272, 0.2823529411764706, 0.15384615384615385, 0.15517241379310345, 0.17603911980440098, 0.2916666666666667, 0.11313131313131314, 0.18122977346278318, 0.1423728813559322, 0.08786610878661087, 0.109375, 0.1268882175226586, 0.07368421052631578, 0.055970149253731345, 0.042432814710042434, 0.04792332268370607, 0.053475935828877004, 0.04354136429608128, 0.04160887656033287, 0.04160887656033287, 0.04405286343612335, 0.04484304932735426, 0.04643962848297214, 0.05, 0.037082818294190356, 0.036991368680641186, 0.05067567567567568, 0.04559270516717325, 0.04484304932735426, 0.030211480362537766, 0.046948356807511735, 0.03361344537815126, 0.045351473922902494, 0.03824091778202677, 0.04987531172069826, 0.042283298097251586, 0.034782608695652174, 0.04950495049504951, 0.03225806451612903, 0.018867924528301886, 0.032, 0.027210884353741496]
after sort list of tuple: [(0, 0.34196891191709844), (8, 0.2916666666666667), (4, 0.2823529411764706), (1, 0.2619047619047619), (2, 0.20224719101123595), (10, 0.18122977346278318), (7, 0.17603911980440098), (6, 0.15517241379310345), (3, 0.1549053356282272), (5, 0.15384615384615385), (11, 0.1423728813559322), (14, 0.1268882175226586), (9, 0.11313131313131314), (13, 0.109375), (12, 0.08786610878661087), (15, 0.07368421052631578), (16, 0.055970149253731345), (19, 0.053475935828877004), (29, 0.05067567567567568), (26, 0.05), (37, 0.04987531172069826), (40, 0.04950495049504951), (18, 0.04792332268370607), (33, 0.046948356807511735), (25, 0.04643962848297214), (30, 0.04559270516717325), (35, 0.045351473922902494), (24, 0.04484304932735426), (31, 0.04484304932735426), (23, 0.04405286343612335), (20, 0.04354136429608128), (17, 0.042432814710042434), (38, 0.042283298097251586), (21, 0.04160887656033287), (22, 0.04160887656033287), (36, 0.03824091778202677), (27, 0.037082818294190356), (28, 0.036991368680641186), (39, 0.034782608695652174), (34, 0.03361344537815126), (41, 0.03225806451612903), (43, 0.032), (32, 0.030211480362537766), (44, 0.027210884353741496), (42, 0.018867924528301886)]
seeds_sorted [[501, 900, 870, 776, 873, 797, 856, 629, 762, 830, 829, 757], [199, 747, 594, 699, 525, 579, 221, 395], [356, 742, 712, 718, 660, 730, 619, 555, 580], [486, 933, 935, 876, 944, 882, 949, 952, 761, 927, 777, 722], [494, 929, 962, 892, 775, 600, 701, 919, 948, 671], [284, 816, 820, 661, 735, 482, 595, 974], [353, 961, 844, 917, 965, 586, 765, 749, 822], [393, 861, 926, 943, 914, 865, 842, 905, 641], [671, 929, 962, 721, 919, 892, 831, 701, 775, 991], [590, 905, 943, 793, 842, 861, 865, 914, 804], [16, 807, 901, 360, 808, 748, 695], [359, 858, 686, 673, 986, 630, 575], [603, 930, 801, 980, 836, 967, 770, 759], [329, 807, 901, 363, 789, 545, 975], [228, 904, 980, 930, 880, 770, 759], [320, 792, 953, 711, 1000, 857, 771], [348, 931, 841, 784, 772, 741], [445, 939, 859, 696, 800, 902], [364, 987, 906, 758, 925, 982], [259, 951, 640, 782, 971, 958], [107, 878, 767, 737, 802], [14, 785, 960, 681, 780], [573, 940, 578, 795, 992, 936], [466, 884, 924, 868, 621], [537, 931, 963, 950, 716, 871], [181, 972, 782, 969, 951, 985], [24, 753, 750, 918, 785], [558, 833, 939, 955, 937, 987], [304, 945, 916, 990, 863, 860], [585, 936, 983, 911, 837, 790], [429, 992, 726, 946, 853, 983], [653, 945, 860, 890, 996, 783], [235, 908, 866, 624, 826], [710, 998, 889, 957, 834, 862], [649, 956, 966, 909, 891, 837], [243, 849, 691, 984, 867], [999, 912, 845, 979, 828, 973], [559, 941, 957, 998, 978, 913], [25, 916, 544, 920, 923], [304, 945, 916, 628, 997], [44, 977, 976, 744, 964], [141, 910, 518, 714], [266, 708, 996, 997, 945], [522, 976, 615, 877], [495, 941, 979, 887]]
args__________ ([[501, 900, 870, 776, 873, 797, 856, 629, 762, 830, 829, 757], [495, 941, 979, 887]],)
args__________ ([[199, 747, 594, 699, 525, 579, 221, 395], [522, 976, 615, 877]],)
args__________ ([[356, 742, 712, 718, 660, 730, 619, 555, 580], [266, 708, 996, 997, 945]],)
args__________ ([[486, 933, 935, 876, 944, 882, 949, 952, 761, 927, 777, 722], [141, 910, 518, 714]],)
args__________ ([[494, 929, 962, 892, 775, 600, 701, 919, 948, 671], [44, 977, 976, 744, 964]],)
args__________ ([[284, 816, 820, 661, 735, 482, 595, 974], [304, 945, 916, 628, 997]],)
args__________ ([[353, 961, 844, 917, 965, 586, 765, 749, 822], [25, 916, 544, 920, 923]],)
args__________ ([[393, 861, 926, 943, 914, 865, 842, 905, 641], [559, 941, 957, 998, 978, 913]],)
args__________ ([[671, 929, 962, 721, 919, 892, 831, 701, 775, 991], [999, 912, 845, 979, 828, 973]],)
args__________ ([[590, 905, 943, 793, 842, 861, 865, 914, 804], [243, 849, 691, 984, 867]],)
args__________ ([[16, 807, 901, 360, 808, 748, 695], [649, 956, 966, 909, 891, 837]],)
args__________ ([[359, 858, 686, 673, 986, 630, 575], [710, 998, 889, 957, 834, 862]],)
args__________ ([[603, 930, 801, 980, 836, 967, 770, 759], [235, 908, 866, 624, 826]],)
args__________ ([[329, 807, 901, 363, 789, 545, 975]],)
args__________ ([[228, 904, 980, 930, 880, 770, 759]],)
args__________ ([[320, 792, 953, 711, 1000, 857, 771]],)
args__________ ([[348, 931, 841, 784, 772, 741]],)
args__________ ([[445, 939, 859, 696, 800, 902]],)
args__________ ([[364, 987, 906, 758, 925, 982]],)
args__________ ([[259, 951, 640, 782, 971, 958]],)
args__________ ([[107, 878, 767, 737, 802]],)
args__________ ([[14, 785, 960, 681, 780]],)
args__________ ([[573, 940, 578, 795, 992, 936]],)
args__________ ([[466, 884, 924, 868, 621]],)
args__________ ([[537, 931, 963, 950, 716, 871]],)
args__________ ([[181, 972, 782, 969, 951, 985]],)
args__________ ([[24, 753, 750, 918, 785]],)
args__________ ([[558, 833, 939, 955, 937, 987]],)
args__________ ([[304, 945, 916, 990, 863, 860]],)
args__________ ([[585, 936, 983, 911, 837, 790]],)
args__________ ([[429, 992, 726, 946, 853, 983]],)
args__________ ([[653, 945, 860, 890, 996, 783]],)
finish process___________________
seed_node 994
seed_community:  [768, 726, 774, 135, 649, 12, 909, 15, 303, 67, 790, 185, 538, 795, 28, 798, 415, 672, 162, 547, 293, 40, 298, 940, 429, 302, 687, 177, 946, 371, 670, 57, 58, 543, 956, 573, 959, 578, 195, 324, 837, 966, 585, 74, 994, 269, 336, 81, 853, 598, 983, 89, 591, 476, 421, 992, 354, 99, 911, 209, 188, 743, 451, 936, 787, 707, 554]
seed_node 938
seed_community:  [384, 704, 514, 262, 648, 407, 524, 653, 271, 916, 23, 920, 25, 410, 283, 325, 544, 539, 41, 938, 683, 46, 304, 945, 690, 947, 437, 182, 56, 825, 570, 59, 572, 190, 703, 832, 322, 708, 581, 838, 456, 713, 923, 675, 852, 343, 344, 218, 527, 860, 605, 990, 863, 783, 226, 996, 997, 745, 746, 238, 627, 62, 268, 504, 724, 890, 460, 893, 255]
seed_node 894
seed_community:  [385, 261, 134, 16, 789, 901, 545, 38, 807, 296, 42, 305, 695, 443, 63, 448, 196, 329, 846, 689, 351, 360, 363, 748, 237, 622, 808, 119, 894, 405]
seed_node 895
seed_community:  [133, 6, 265, 657, 27, 858, 673, 548, 549, 173, 686, 563, 521, 444, 575, 576, 161, 333, 216, 602, 96, 359, 499, 630, 895]
seed_node 874
seed_community:  [256, 512, 771, 651, 398, 272, 658, 788, 278, 729, 792, 409, 289, 896, 291, 934, 679, 711, 942, 47, 432, 953, 698, 320, 66, 835, 731, 327, 73, 843, 204, 463, 337, 995, 342, 601, 475, 604, 229, 481, 739, 857, 613, 97, 1000, 617, 874, 491, 872, 378, 636]
seed_node 875
seed_community:  [133, 6, 521, 657, 27, 986, 673, 548, 549, 173, 686, 563, 602, 265, 444, 575, 576, 161, 333, 216, 858, 96, 359, 875, 499, 630, 895]
seed_node 886
seed_community:  [640, 257, 898, 259, 388, 341, 897, 136, 87, 130, 142, 728, 531, 985, 152, 153, 367, 286, 928, 457, 419, 113, 682, 811, 556, 565, 694, 951, 958, 319, 705, 782, 971, 181, 71, 969, 311, 972, 461, 205, 821, 642, 727, 717, 473, 91, 222, 101, 355, 869, 616, 380, 583, 485, 493, 239, 369, 498, 883, 886, 503, 55, 899, 426, 597]
seed_node 851
seed_community:  [65, 109, 21, 284, 816, 820, 313, 449, 452, 332, 595, 84, 469, 735, 482, 357, 365, 111, 851, 376, 633, 252, 661]
seed_node 854
seed_community:  [128, 105, 644, 854, 137, 522, 139, 908, 528, 529, 532, 593, 516, 282, 157, 158, 977, 35, 292, 165, 423, 552, 810, 43, 44, 307, 175, 49, 691, 180, 567, 568, 826, 315, 970, 64, 599, 203, 68, 455, 968, 140, 458, 75, 77, 80, 849, 214, 215, 984, 217, 932, 93, 606, 805, 976, 866, 867, 300, 230, 145, 744, 233, 235, 823, 877, 624, 497, 243, 766, 631, 819]
seed_node 840
seed_community:  [769, 9, 778, 401, 18, 403, 660, 533, 288, 677, 555, 840, 580, 712, 718, 340, 88, 730, 350, 356, 742, 234, 619, 236, 509]
seed_node 809
seed_community:  [640, 897, 130, 259, 388, 257, 136, 87, 642, 142, 222, 531, 951, 985, 152, 153, 239, 286, 928, 717, 419, 113, 809, 426, 811, 556, 969, 181, 694, 311, 899, 958, 565, 705, 782, 71, 457, 971, 972, 461, 205, 821, 341, 727, 728, 473, 91, 898, 869, 355, 101, 616, 583, 485, 493, 367, 369, 498, 883, 503, 55, 319, 380, 682, 597]
seed_node 813
seed_community:  [900, 776, 813, 19, 666, 797, 299, 45, 430, 50, 52, 829, 830, 373, 839, 501, 757, 856, 219, 95, 98, 870, 103, 873, 362, 108, 189, 629, 762]
seed_node 817
seed_community:  [772, 517, 650, 396, 141, 526, 655, 784, 402, 662, 537, 921, 542, 32, 931, 295, 220, 989, 817, 306, 115, 414, 950, 439, 57, 442, 194, 963, 326, 841, 714, 715, 716, 372, 720, 760, 467, 468, 910, 697, 472, 348, 314, 223, 736, 656, 741, 358, 487, 988, 751, 76, 881, 242, 723, 150, 241, 377, 634, 764]
seed_node 818
seed_community:  [777, 10, 13, 20, 149, 155, 927, 160, 674, 933, 935, 178, 814, 815, 944, 818, 51, 692, 949, 438, 183, 952, 318, 709, 626, 722, 486, 618, 566, 876, 625, 882, 574, 247, 761, 125, 638]
seed_node 791
seed_community:  [777, 10, 13, 20, 149, 791, 155, 927, 160, 674, 933, 935, 882, 814, 815, 944, 178, 51, 692, 949, 438, 183, 952, 574, 709, 722, 486, 618, 566, 876, 625, 626, 318, 247, 761, 125, 638]
seed_node 794
seed_community:  [770, 7, 904, 386, 270, 274, 663, 794, 799, 801, 930, 676, 550, 425, 903, 172, 685, 864, 836, 880, 967, 328, 759, 588, 847, 208, 82, 980, 855, 345, 474, 603, 608, 228, 232, 106, 620, 240, 246, 297, 888, 506, 253, 382]
seed_node 796
seed_community:  [384, 832, 514, 262, 648, 407, 268, 653, 399, 916, 23, 920, 25, 410, 283, 796, 218, 527, 325, 544, 675, 41, 683, 46, 304, 945, 690, 947, 437, 182, 56, 825, 570, 59, 572, 190, 703, 704, 539, 322, 708, 581, 838, 456, 713, 923, 852, 343, 344, 90, 271, 860, 605, 990, 863, 783, 226, 996, 997, 745, 746, 238, 627, 504, 724, 890, 460, 893, 524, 255]
seed_node 754
seed_community:  [768, 726, 774, 135, 649, 12, 909, 15, 303, 787, 790, 67, 538, 795, 28, 798, 543, 672, 162, 547, 293, 936, 554, 940, 429, 302, 687, 177, 946, 670, 837, 185, 58, 415, 956, 573, 959, 578, 707, 324, 69, 966, 585, 74, 269, 336, 81, 853, 598, 983, 89, 591, 476, 421, 992, 354, 99, 911, 195, 209, 188, 743, 451, 40, 754, 371, 298]
seed_node 702
seed_community:  [2, 387, 260, 263, 394, 779, 912, 913, 431, 534, 922, 411, 668, 541, 416, 417, 244, 37, 734, 39, 680, 169, 171, 812, 941, 321, 559, 584, 562, 309, 312, 500, 954, 316, 957, 702, 577, 834, 323, 710, 993, 200, 79, 331, 845, 973, 824, 978, 83, 725, 346, 719, 92, 862, 609, 227, 998, 999, 828, 647, 110, 375, 368, 400, 979, 756, 374, 887, 632, 889, 639, 981]
seed_node 678
seed_community:  [640, 897, 898, 259, 388, 341, 257, 136, 87, 130, 142, 728, 531, 985, 152, 153, 239, 286, 928, 457, 419, 678, 369, 682, 811, 556, 565, 694, 311, 899, 958, 319, 705, 782, 971, 181, 71, 969, 951, 972, 205, 461, 821, 642, 727, 717, 473, 91, 222, 101, 355, 869, 616, 583, 485, 493, 367, 113, 498, 883, 503, 55, 380, 426, 597]
seed_node 688
seed_community:  [513, 643, 4, 5, 902, 264, 906, 907, 652, 143, 146, 915, 404, 277, 536, 925, 31, 800, 560, 859, 420, 167, 939, 558, 669, 688, 520, 434, 564, 696, 308, 159, 61, 833, 454, 334, 433, 850, 982, 987, 733, 94, 479, 955, 484, 465, 490, 364, 210, 366, 445, 752, 758, 505, 122, 763, 510]
seed_node 654
seed_community:  [513, 643, 4, 5, 902, 264, 906, 907, 652, 654, 143, 146, 915, 404, 277, 536, 925, 159, 800, 987, 420, 167, 939, 558, 669, 560, 520, 434, 564, 696, 308, 31, 61, 833, 454, 334, 433, 210, 982, 859, 733, 94, 479, 955, 484, 465, 490, 364, 850, 366, 445, 752, 758, 505, 122, 763, 510]
seed_node 659
seed_community:  [129, 389, 646, 641, 393, 11, 530, 659, 148, 408, 793, 924, 926, 804, 943, 436, 693, 905, 884, 914, 582, 72, 842, 590, 338, 78, 86, 100, 347, 861, 607, 865, 868, 488, 621, 116, 885, 121, 124, 383]
seed_node 623
seed_community:  [384, 704, 514, 262, 648, 266, 407, 524, 653, 271, 916, 23, 920, 25, 410, 283, 325, 544, 675, 41, 683, 46, 304, 945, 690, 947, 437, 182, 56, 825, 570, 59, 572, 190, 703, 832, 539, 322, 708, 581, 838, 456, 713, 923, 852, 343, 344, 218, 527, 860, 605, 990, 863, 783, 226, 996, 997, 745, 746, 238, 623, 627, 268, 504, 724, 890, 460, 893, 255]
seed_node 635
seed_community:  [768, 726, 774, 135, 649, 12, 909, 15, 303, 451, 790, 538, 795, 28, 798, 415, 672, 162, 547, 293, 168, 298, 940, 429, 302, 687, 177, 946, 371, 670, 185, 58, 543, 956, 573, 959, 578, 707, 324, 837, 966, 585, 74, 269, 336, 209, 936, 853, 598, 983, 89, 591, 476, 421, 992, 354, 99, 911, 195, 743, 104, 188, 67, 40, 787, 635, 554, 254]
seed_node 587
seed_community:  [896, 512, 771, 651, 398, 272, 658, 788, 278, 729, 792, 409, 289, 291, 934, 679, 327, 942, 47, 432, 953, 698, 320, 66, 835, 731, 711, 73, 587, 204, 463, 337, 739, 342, 601, 475, 604, 613, 97, 995, 857, 229, 872, 617, 843, 491, 1000, 481, 256, 378, 636]
seed_node 596
seed_community:  [900, 776, 19, 666, 797, 299, 45, 430, 50, 52, 829, 830, 757, 839, 501, 629, 596, 856, 219, 95, 98, 870, 103, 873, 362, 108, 189, 373, 762]
seed_node 611
seed_community:  [640, 257, 130, 259, 388, 897, 136, 727, 642, 782, 222, 531, 473, 152, 153, 239, 286, 928, 717, 419, 113, 426, 811, 556, 142, 969, 821, 694, 951, 899, 958, 565, 705, 971, 181, 583, 457, 311, 972, 205, 461, 611, 341, 87, 728, 985, 71, 91, 898, 869, 355, 101, 616, 485, 493, 367, 369, 498, 883, 503, 55, 319, 380, 682, 597]
seed_node 612
seed_community:  [900, 776, 19, 666, 797, 299, 45, 430, 50, 52, 829, 830, 501, 373, 629, 856, 219, 95, 98, 612, 870, 103, 873, 362, 108, 189, 839, 757, 762]
seed_node 614
seed_community:  [132, 773, 8, 151, 781, 17, 917, 535, 665, 667, 803, 36, 294, 684, 822, 440, 317, 446, 191, 961, 965, 586, 844, 397, 464, 118, 85, 349, 224, 353, 740, 614, 749, 879, 496, 117, 502, 250, 765]
seed_node 551
seed_community:  [513, 643, 4, 5, 902, 520, 906, 907, 652, 143, 146, 915, 404, 277, 536, 623, 925, 159, 800, 859, 420, 551, 939, 558, 669, 560, 433, 434, 308, 696, 564, 31, 61, 833, 454, 334, 465, 210, 982, 987, 733, 94, 479, 955, 484, 490, 167, 364, 850, 366, 445, 752, 510, 758, 505, 122, 763, 264]
seed_node 557
seed_community:  [256, 512, 771, 651, 398, 272, 658, 788, 278, 729, 792, 409, 289, 896, 291, 934, 679, 327, 557, 942, 47, 432, 953, 698, 320, 66, 835, 731, 711, 73, 843, 204, 463, 337, 739, 342, 601, 475, 604, 613, 481, 995, 857, 229, 97, 872, 617, 491, 1000, 378, 636]
seed_node 523
seed_community:  [65, 523, 365, 661, 284, 816, 820, 313, 449, 452, 332, 595, 84, 469, 735, 482, 357, 109, 111, 851, 376, 633, 252, 21]
seed_node 480
seed_community:  [881, 772, 150, 518, 650, 396, 141, 910, 655, 656, 402, 662, 921, 537, 542, 517, 32, 931, 295, 220, 306, 414, 950, 439, 697, 314, 480, 194, 963, 326, 841, 714, 715, 716, 442, 720, 467, 468, 526, 723, 472, 348, 989, 223, 736, 784, 741, 358, 487, 988, 751, 76, 241, 242, 115, 372, 760, 377, 634, 764]
seed_node 483
seed_community:  [384, 832, 514, 262, 648, 266, 23, 268, 653, 783, 916, 407, 920, 25, 410, 283, 581, 544, 923, 41, 683, 46, 304, 945, 690, 947, 437, 182, 56, 825, 570, 59, 572, 190, 703, 704, 539, 322, 708, 325, 838, 456, 713, 460, 335, 271, 675, 724, 343, 344, 218, 527, 860, 605, 990, 863, 226, 483, 996, 997, 745, 746, 238, 627, 62, 504, 852, 890, 893, 524, 255]
seed_node 507
seed_community:  [128, 644, 243, 137, 522, 139, 908, 233, 528, 145, 532, 849, 516, 282, 157, 158, 35, 292, 165, 423, 552, 937, 810, 43, 44, 307, 175, 49, 691, 180, 567, 568, 826, 315, 970, 64, 75, 68, 455, 968, 140, 458, 203, 77, 976, 977, 214, 215, 984, 217, 932, 93, 606, 805, 80, 866, 867, 300, 230, 593, 744, 105, 235, 823, 877, 624, 497, 599, 766, 631, 507, 819]
seed_node 508
seed_community:  [128, 644, 243, 137, 522, 139, 908, 233, 528, 145, 532, 406, 516, 282, 157, 158, 35, 292, 165, 423, 552, 810, 43, 44, 307, 175, 49, 691, 180, 567, 568, 826, 315, 458, 64, 75, 68, 455, 968, 140, 970, 203, 77, 976, 977, 214, 215, 984, 217, 932, 93, 606, 805, 80, 866, 867, 300, 230, 849, 744, 105, 235, 823, 877, 593, 624, 497, 599, 766, 631, 508, 819]
seed_node 515
seed_community:  [384, 704, 514, 515, 262, 648, 407, 524, 653, 271, 916, 23, 920, 25, 410, 283, 325, 544, 539, 41, 683, 46, 304, 945, 690, 947, 437, 182, 56, 825, 570, 59, 572, 62, 703, 832, 322, 708, 581, 838, 456, 713, 923, 675, 852, 343, 344, 218, 527, 860, 605, 990, 863, 783, 226, 996, 997, 745, 746, 238, 627, 190, 268, 504, 724, 890, 460, 893, 255]
seed_node 453
seed_community:  [513, 643, 4, 5, 902, 264, 906, 907, 652, 143, 146, 915, 404, 277, 536, 925, 31, 800, 859, 420, 167, 939, 558, 669, 560, 520, 434, 564, 696, 308, 159, 445, 833, 453, 454, 334, 433, 210, 982, 987, 733, 94, 479, 955, 484, 465, 490, 364, 850, 366, 61, 752, 758, 505, 122, 763, 510]
seed_node 459
seed_community:  [777, 10, 13, 20, 149, 155, 927, 160, 674, 933, 935, 882, 814, 815, 944, 178, 51, 692, 949, 566, 183, 952, 574, 709, 459, 722, 486, 438, 618, 876, 625, 626, 318, 247, 761, 125, 638]
seed_node 462
seed_community:  [256, 512, 771, 651, 398, 272, 658, 788, 278, 729, 792, 409, 289, 896, 291, 934, 679, 711, 942, 47, 432, 953, 698, 320, 66, 835, 731, 327, 73, 843, 204, 462, 463, 337, 995, 342, 601, 475, 604, 229, 481, 739, 857, 613, 97, 872, 617, 491, 1000, 378, 636]
seed_node 390
seed_community:  [513, 643, 4, 5, 390, 520, 906, 907, 652, 143, 146, 915, 404, 277, 536, 669, 31, 800, 859, 420, 902, 167, 939, 558, 925, 560, 433, 434, 564, 696, 308, 159, 61, 833, 454, 334, 465, 850, 982, 987, 733, 94, 479, 955, 484, 490, 364, 210, 366, 445, 752, 510, 758, 505, 122, 763, 264]
seed_node 391
seed_community:  [768, 726, 774, 391, 649, 12, 909, 911, 303, 67, 790, 538, 795, 28, 798, 415, 672, 33, 162, 547, 421, 40, 554, 135, 940, 429, 302, 687, 177, 946, 371, 670, 185, 58, 543, 188, 573, 959, 578, 451, 324, 837, 966, 15, 585, 74, 269, 336, 81, 853, 598, 983, 89, 591, 476, 478, 293, 992, 354, 99, 195, 209, 956, 743, 936, 787, 707, 298, 170]
seed_node 392
seed_community:  [392, 138, 395, 525, 281, 412, 34, 163, 422, 179, 699, 579, 198, 199, 201, 202, 589, 594, 221, 352, 571, 747, 245]
seed_node 413
seed_community:  [2, 387, 260, 577, 394, 779, 912, 913, 431, 534, 922, 411, 668, 413, 416, 417, 862, 37, 39, 680, 169, 171, 812, 941, 559, 200, 562, 756, 309, 312, 500, 954, 828, 957, 321, 834, 323, 710, 993, 584, 331, 973, 845, 824, 978, 979, 725, 719, 346, 79, 92, 734, 263, 609, 227, 998, 999, 316, 647, 110, 375, 368, 400, 83, 244, 374, 887, 632, 889, 639, 541, 981]
seed_node 427
seed_community:  [299, 900, 776, 19, 666, 797, 427, 45, 430, 50, 52, 189, 830, 373, 839, 501, 757, 856, 219, 95, 98, 870, 103, 873, 362, 108, 829, 629, 762]
seed_node 330
seed_community:  [512, 896, 771, 651, 398, 272, 658, 788, 278, 729, 792, 409, 289, 291, 934, 679, 711, 942, 47, 432, 953, 698, 320, 66, 835, 731, 327, 73, 330, 843, 204, 463, 337, 739, 342, 601, 475, 604, 229, 97, 995, 857, 613, 1000, 617, 491, 872, 481, 256, 378, 636, 126]
seed_node 339
seed_community:  [449, 109, 661, 284, 816, 820, 313, 65, 452, 332, 339, 84, 469, 851, 735, 482, 357, 365, 111, 595, 376, 633, 252, 21]
seed_node 370
seed_community:  [772, 517, 650, 396, 141, 910, 655, 656, 402, 662, 537, 921, 542, 32, 931, 295, 220, 370, 989, 306, 414, 950, 439, 697, 314, 194, 963, 326, 841, 714, 715, 716, 372, 720, 467, 468, 526, 723, 472, 241, 348, 442, 223, 736, 784, 741, 358, 487, 988, 751, 76, 881, 242, 115, 150, 760, 377, 634, 764]
seed_node 249
seed_community:  [900, 776, 19, 666, 797, 299, 45, 430, 50, 52, 829, 830, 629, 839, 501, 757, 856, 219, 95, 98, 870, 103, 873, 362, 108, 189, 373, 249, 762]
seed_node 276
seed_community:  [513, 643, 4, 5, 902, 264, 906, 907, 652, 143, 146, 915, 276, 277, 536, 669, 31, 800, 987, 420, 167, 939, 558, 925, 560, 520, 434, 564, 696, 308, 159, 445, 833, 454, 334, 433, 210, 982, 505, 859, 733, 94, 479, 955, 484, 465, 490, 364, 850, 366, 61, 752, 758, 404, 122, 763, 510]
seed_node 280
seed_community:  [132, 773, 8, 535, 781, 17, 917, 151, 280, 665, 667, 803, 36, 294, 684, 822, 440, 317, 446, 191, 961, 965, 586, 844, 397, 464, 118, 85, 349, 224, 353, 740, 749, 879, 496, 117, 502, 250, 765]
seed_node 144
seed_community:  [772, 150, 650, 396, 141, 910, 655, 144, 402, 662, 921, 537, 542, 517, 32, 931, 295, 220, 989, 306, 414, 950, 439, 697, 442, 194, 963, 326, 841, 714, 715, 716, 881, 720, 467, 468, 526, 723, 472, 348, 314, 223, 736, 656, 741, 358, 487, 988, 751, 76, 241, 242, 115, 372, 760, 377, 634, 764, 784]
seed_node 154
seed_community:  [133, 6, 521, 657, 154, 27, 602, 161, 548, 549, 173, 686, 563, 265, 444, 575, 576, 673, 333, 216, 858, 96, 359, 499, 630]
seed_node 156
seed_community:  [770, 903, 904, 386, 270, 274, 663, 156, 799, 240, 930, 676, 550, 425, 7, 172, 685, 864, 836, 967, 328, 588, 847, 208, 82, 980, 855, 345, 474, 603, 297, 608, 228, 232, 106, 620, 253, 880, 246, 759, 888, 506, 801, 382]
seed_node 164
seed_community:  [129, 389, 646, 641, 393, 11, 621, 530, 148, 408, 793, 924, 926, 164, 943, 436, 693, 905, 884, 100, 582, 72, 842, 78, 338, 590, 86, 804, 347, 861, 607, 865, 868, 488, 914, 116, 885, 121, 124, 383]
seed_node 174
seed_community:  [769, 9, 778, 401, 18, 403, 660, 533, 288, 677, 555, 174, 580, 712, 718, 340, 88, 730, 350, 356, 742, 234, 619, 236, 509]
seed_node 187
seed_community:  [900, 776, 19, 666, 797, 299, 45, 430, 50, 52, 187, 829, 830, 501, 373, 629, 856, 219, 95, 98, 870, 103, 873, 362, 108, 189, 839, 757, 762]
seed_node 193
seed_community:  [640, 897, 130, 899, 388, 311, 705, 136, 727, 642, 142, 531, 473, 152, 153, 461, 239, 286, 928, 419, 369, 682, 811, 556, 969, 898, 565, 694, 951, 958, 181, 193, 782, 71, 457, 971, 972, 205, 717, 821, 341, 87, 728, 985, 91, 101, 257, 222, 485, 355, 869, 259, 583, 493, 616, 367, 113, 498, 883, 503, 55, 319, 380, 426, 597]
seed_node 207
seed_community:  [772, 517, 650, 396, 141, 526, 655, 784, 402, 662, 537, 921, 542, 32, 931, 295, 348, 989, 306, 115, 414, 950, 439, 57, 314, 53, 194, 963, 150, 326, 841, 714, 715, 716, 207, 720, 760, 467, 468, 910, 697, 472, 220, 442, 223, 736, 656, 741, 358, 487, 988, 751, 76, 881, 242, 723, 372, 241, 377, 634, 764]
seed_node 212
seed_community:  [768, 726, 774, 135, 649, 12, 269, 15, 303, 787, 790, 67, 538, 795, 28, 798, 415, 672, 33, 162, 547, 421, 40, 298, 940, 429, 302, 687, 177, 946, 670, 185, 58, 543, 956, 573, 959, 578, 451, 324, 837, 966, 585, 74, 591, 336, 81, 212, 853, 598, 983, 89, 911, 476, 293, 992, 354, 99, 195, 209, 188, 743, 909, 936, 371, 707, 554]
seed_node 102
seed_community:  [777, 10, 13, 20, 149, 155, 927, 160, 674, 933, 935, 882, 814, 815, 944, 178, 51, 692, 949, 438, 183, 952, 574, 709, 722, 486, 102, 618, 566, 876, 625, 626, 318, 247, 761, 125, 638]
seed_node 112
seed_community:  [132, 773, 8, 535, 397, 17, 917, 151, 665, 667, 112, 803, 36, 294, 684, 822, 440, 317, 446, 191, 961, 965, 586, 844, 781, 464, 85, 349, 224, 353, 740, 502, 749, 879, 496, 117, 118, 250, 765]
i =  0 [900, 776, 19, 666, 797, 299, 45, 430, 50, 52, 829, 830, 501, 373, 757, 856, 219, 95, 98, 870, 103, 873, 362, 108, 189, 839, 629, 762]
i =  1 [2, 387, 260, 321, 394, 779, 912, 913, 431, 534, 922, 411, 668, 541, 416, 417, 244, 37, 734, 39, 680, 169, 171, 812, 941, 559, 584, 562, 309, 824, 500, 954, 828, 957, 577, 834, 323, 710, 609, 200, 331, 845, 973, 312, 978, 979, 725, 719, 346, 79, 92, 375, 862, 263, 993, 227, 998, 999, 316, 647, 110, 495, 368, 400, 83, 756, 374, 887, 632, 889, 639, 981]
i =  2 [138, 395, 525, 281, 412, 34, 163, 422, 179, 571, 579, 198, 199, 201, 202, 589, 594, 221, 352, 699, 747, 245]
i =  3 [128, 644, 243, 137, 522, 139, 908, 528, 145, 532, 593, 516, 282, 157, 158, 33, 35, 932, 165, 423, 552, 553, 810, 43, 44, 307, 175, 49, 691, 180, 567, 568, 615, 826, 315, 700, 970, 64, 203, 68, 455, 968, 140, 458, 75, 77, 80, 849, 631, 214, 215, 984, 217, 93, 606, 805, 976, 866, 867, 292, 300, 230, 977, 744, 233, 235, 823, 877, 624, 497, 599, 766, 105, 251, 819]
i =  4 [769, 9, 778, 401, 18, 403, 660, 533, 288, 677, 555, 580, 712, 718, 340, 88, 730, 350, 356, 742, 234, 619, 236, 509]
i =  5 [384, 704, 514, 262, 648, 266, 407, 524, 653, 271, 916, 23, 920, 25, 410, 283, 581, 544, 675, 41, 683, 46, 304, 945, 690, 947, 437, 182, 56, 825, 570, 59, 572, 62, 703, 832, 539, 322, 708, 325, 838, 456, 713, 923, 504, 852, 343, 344, 218, 527, 860, 605, 990, 863, 783, 226, 996, 997, 745, 746, 238, 627, 190, 268, 248, 724, 890, 460, 893, 255]
i =  6 [777, 10, 13, 20, 149, 155, 927, 160, 674, 933, 935, 626, 814, 815, 944, 178, 51, 692, 949, 438, 183, 952, 574, 709, 722, 486, 618, 566, 876, 625, 882, 318, 247, 761, 125, 638]
i =  7 [772, 517, 518, 650, 396, 141, 910, 655, 784, 402, 662, 150, 537, 414, 32, 931, 295, 348, 989, 306, 542, 950, 439, 697, 442, 53, 194, 963, 326, 841, 714, 715, 716, 720, 921, 467, 468, 526, 723, 472, 241, 220, 314, 223, 736, 656, 741, 358, 487, 988, 751, 76, 881, 242, 115, 372, 760, 377, 634, 764]
i =  8 [1, 3, 775, 279, 275, 22, 919, 664, 671, 929, 418, 806, 424, 176, 428, 48, 561, 948, 310, 184, 827, 701, 831, 962, 267, 70, 546, 592, 721, 213, 600, 477, 489, 492, 494, 755, 361, 892, 381]
i =  9 [128, 68, 516, 105, 137, 522, 139, 140, 528, 145, 532, 691, 593, 644, 282, 157, 158, 33, 35, 932, 805, 423, 552, 810, 43, 44, 175, 49, 307, 180, 567, 568, 826, 315, 970, 64, 599, 75, 964, 455, 968, 908, 458, 203, 77, 80, 849, 819, 214, 215, 984, 217, 93, 606, 165, 976, 866, 867, 292, 300, 230, 977, 744, 233, 235, 823, 877, 624, 497, 243, 631, 766]
i =  10 [449, 365, 661, 284, 816, 820, 313, 65, 452, 332, 974, 595, 84, 469, 735, 482, 357, 109, 111, 376, 633, 252, 21]
i =  11 [384, 704, 514, 262, 648, 23, 268, 653, 399, 916, 407, 920, 25, 410, 283, 90, 325, 544, 923, 41, 683, 46, 304, 945, 690, 947, 437, 182, 56, 825, 570, 59, 572, 190, 703, 832, 539, 322, 708, 581, 838, 456, 713, 460, 271, 675, 724, 343, 344, 218, 527, 860, 605, 990, 863, 783, 226, 996, 997, 745, 746, 238, 627, 628, 504, 852, 890, 893, 524, 255]
i =  12 [132, 773, 8, 151, 781, 17, 917, 535, 665, 667, 803, 36, 294, 684, 822, 440, 317, 446, 191, 961, 965, 586, 844, 397, 464, 85, 349, 224, 353, 740, 502, 749, 879, 496, 117, 118, 250, 765]
i =  13 [384, 704, 514, 262, 648, 23, 524, 653, 783, 916, 407, 920, 25, 410, 283, 527, 325, 544, 923, 41, 683, 46, 304, 945, 690, 947, 437, 182, 56, 825, 570, 59, 572, 190, 703, 832, 539, 322, 708, 581, 838, 456, 713, 460, 675, 724, 343, 344, 218, 271, 860, 605, 990, 863, 226, 996, 997, 745, 746, 238, 627, 268, 504, 852, 890, 893, 255]
i =  14 [641, 389, 646, 129, 393, 11, 530, 148, 408, 793, 924, 926, 804, 943, 436, 693, 905, 884, 914, 582, 72, 842, 590, 338, 78, 86, 868, 347, 861, 607, 865, 100, 488, 621, 116, 885, 121, 124, 383]
i =  15 [2, 387, 260, 263, 394, 779, 912, 913, 431, 534, 120, 922, 411, 668, 541, 416, 417, 862, 37, 39, 680, 169, 973, 171, 812, 941, 559, 200, 562, 756, 309, 577, 824, 500, 954, 828, 957, 321, 834, 323, 710, 609, 584, 331, 845, 79, 312, 978, 83, 725, 346, 719, 92, 981, 734, 993, 227, 998, 999, 316, 647, 110, 375, 368, 400, 979, 244, 374, 887, 632, 889, 639]
i =  16 [1, 3, 775, 279, 275, 22, 919, 664, 671, 929, 546, 806, 424, 176, 428, 48, 561, 948, 310, 184, 827, 701, 831, 962, 267, 70, 418, 592, 721, 213, 600, 477, 991, 489, 492, 494, 755, 361, 892, 381]
i =  17 [2, 387, 260, 263, 394, 779, 912, 913, 887, 431, 534, 922, 411, 668, 541, 416, 417, 37, 734, 39, 680, 169, 171, 812, 941, 559, 584, 562, 756, 309, 577, 312, 500, 954, 828, 957, 321, 834, 323, 710, 993, 200, 331, 845, 973, 824, 978, 83, 725, 719, 346, 79, 92, 862, 609, 227, 998, 999, 316, 647, 110, 981, 368, 400, 979, 244, 374, 375, 632, 889, 639]
i =  18 [129, 389, 646, 641, 393, 11, 530, 148, 408, 793, 924, 926, 804, 943, 436, 693, 905, 884, 914, 582, 72, 842, 590, 338, 78, 86, 868, 347, 861, 607, 865, 100, 488, 621, 116, 885, 121, 124, 383]
i =  19 [128, 516, 243, 137, 522, 139, 908, 528, 145, 532, 644, 282, 157, 158, 977, 35, 932, 165, 423, 552, 810, 43, 44, 307, 175, 49, 691, 180, 567, 568, 826, 315, 458, 64, 75, 68, 455, 968, 140, 970, 203, 77, 80, 593, 631, 214, 215, 984, 217, 93, 606, 805, 976, 866, 867, 292, 300, 230, 849, 744, 233, 235, 823, 877, 624, 497, 599, 766, 105, 120, 819]
i =  20 [385, 261, 134, 16, 405, 901, 545, 38, 807, 808, 42, 305, 695, 443, 63, 448, 196, 329, 846, 689, 351, 360, 363, 748, 237, 622, 296, 119, 789]
i =  21 [768, 598, 774, 135, 649, 12, 909, 15, 303, 787, 790, 538, 795, 28, 670, 415, 672, 33, 162, 547, 293, 40, 298, 940, 429, 302, 687, 177, 946, 798, 185, 58, 543, 956, 573, 959, 578, 67, 324, 837, 966, 585, 74, 269, 336, 81, 853, 726, 983, 89, 591, 476, 421, 992, 354, 99, 911, 195, 209, 188, 743, 451, 936, 371, 707, 891, 554]
i =  22 [133, 6, 265, 657, 27, 602, 673, 548, 549, 173, 686, 986, 563, 521, 444, 575, 576, 161, 333, 216, 858, 96, 359, 499, 630]
i =  23 [2, 387, 260, 263, 394, 779, 912, 913, 431, 534, 120, 922, 411, 668, 541, 416, 417, 862, 37, 845, 39, 680, 169, 171, 812, 941, 559, 200, 562, 756, 309, 577, 824, 500, 954, 828, 957, 321, 834, 323, 710, 609, 584, 331, 973, 79, 312, 978, 83, 725, 346, 719, 92, 981, 734, 993, 227, 998, 999, 316, 647, 110, 375, 368, 400, 979, 244, 374, 887, 632, 889, 639]
i =  24 [770, 7, 904, 386, 270, 274, 663, 799, 801, 930, 676, 550, 297, 903, 172, 685, 608, 836, 967, 328, 588, 847, 208, 82, 980, 855, 345, 474, 603, 864, 425, 240, 228, 232, 106, 620, 880, 246, 759, 888, 506, 253, 382]
i =  25 [128, 644, 137, 522, 139, 908, 528, 145, 532, 691, 516, 282, 157, 158, 977, 35, 292, 165, 423, 552, 810, 43, 44, 175, 819, 49, 307, 180, 567, 568, 826, 315, 458, 215, 64, 203, 68, 455, 968, 140, 970, 75, 77, 976, 593, 631, 214, 599, 984, 217, 932, 93, 606, 805, 80, 866, 867, 300, 230, 849, 744, 105, 235, 823, 877, 624, 497, 243, 233, 120, 766]
i =  26 [385, 261, 134, 16, 789, 901, 545, 38, 807, 296, 42, 305, 695, 443, 63, 448, 196, 329, 846, 975, 689, 351, 360, 363, 748, 237, 622, 808, 119, 405]
i =  27 [770, 7, 904, 386, 270, 274, 663, 799, 240, 930, 676, 550, 297, 903, 172, 685, 608, 836, 967, 328, 588, 847, 208, 82, 980, 855, 345, 474, 603, 864, 425, 228, 232, 106, 620, 880, 801, 246, 759, 888, 506, 253, 382]
i =  28 [512, 256, 771, 651, 398, 272, 658, 788, 278, 601, 792, 409, 289, 896, 291, 934, 679, 327, 942, 47, 432, 953, 698, 475, 320, 66, 835, 711, 73, 843, 204, 463, 337, 995, 342, 729, 731, 604, 229, 97, 739, 857, 613, 1000, 617, 491, 872, 481, 378, 636]
i =  29 [772, 517, 650, 396, 141, 910, 655, 656, 402, 662, 537, 921, 542, 32, 931, 295, 348, 306, 414, 950, 439, 697, 314, 223, 194, 963, 326, 841, 714, 715, 716, 372, 720, 760, 467, 468, 526, 723, 472, 220, 989, 442, 736, 784, 741, 358, 487, 988, 751, 76, 881, 242, 115, 150, 241, 377, 634, 764]
i =  30 [513, 643, 4, 5, 902, 264, 906, 907, 652, 143, 146, 915, 404, 277, 536, 669, 159, 800, 987, 420, 167, 939, 558, 925, 560, 520, 434, 564, 696, 308, 31, 61, 833, 454, 334, 433, 850, 982, 859, 733, 94, 479, 955, 484, 465, 490, 364, 210, 366, 445, 752, 758, 505, 122, 763, 510]
i =  31 [513, 643, 4, 5, 902, 264, 906, 907, 652, 143, 146, 915, 404, 277, 536, 669, 159, 800, 859, 420, 167, 939, 558, 925, 560, 520, 434, 564, 696, 308, 31, 445, 833, 454, 334, 433, 210, 982, 987, 733, 94, 479, 955, 484, 465, 490, 364, 850, 366, 61, 752, 758, 505, 122, 763, 510]
i =  32 [640, 257, 642, 259, 388, 311, 897, 136, 87, 130, 142, 531, 985, 152, 153, 239, 286, 928, 717, 419, 369, 682, 811, 556, 969, 898, 821, 694, 951, 958, 565, 705, 181, 583, 457, 971, 972, 205, 461, 782, 727, 728, 473, 71, 91, 222, 101, 355, 597, 869, 616, 380, 485, 493, 367, 113, 498, 883, 503, 55, 319, 899, 426, 341]
i =  33 [960, 131, 645, 519, 780, 706, 14, 785, 786, 147, 750, 918, 24, 738, 26, 540, 285, 30, 287, 802, 166, 681, 301, 29, 435, 54, 441, 186, 60, 273, 447, 192, 450, 197, 225, 290, 206, 848, 211, 470, 471, 569, 732, 737, 610, 123, 231, 107, 878, 753, 114, 379, 767, 637, 511]
i =  34 [192, 258, 131, 645, 519, 780, 706, 14, 878, 785, 786, 147, 610, 918, 24, 26, 540, 285, 30, 287, 290, 166, 681, 301, 29, 435, 54, 441, 186, 60, 447, 960, 450, 197, 737, 231, 802, 206, 848, 211, 470, 471, 569, 732, 225, 738, 123, 273, 107, 750, 753, 114, 511, 379, 767, 637, 127]
i =  35 [768, 598, 774, 135, 649, 12, 269, 15, 707, 790, 538, 795, 28, 687, 670, 543, 672, 162, 547, 293, 168, 298, 940, 429, 302, 303, 177, 946, 798, 40, 185, 58, 415, 956, 573, 959, 578, 451, 324, 837, 966, 585, 74, 591, 336, 209, 853, 726, 983, 787, 89, 911, 476, 421, 992, 354, 99, 195, 743, 104, 188, 67, 909, 936, 371, 554]
i =  36 [641, 389, 646, 129, 393, 11, 914, 148, 408, 793, 924, 926, 804, 338, 943, 530, 436, 693, 905, 884, 582, 72, 842, 78, 466, 590, 86, 868, 347, 861, 607, 865, 100, 488, 621, 116, 885, 121, 124, 383]
i =  37 [772, 517, 650, 396, 141, 910, 655, 656, 402, 662, 537, 921, 414, 32, 931, 295, 220, 989, 306, 115, 542, 950, 439, 697, 314, 194, 963, 326, 841, 714, 715, 716, 372, 720, 760, 467, 468, 526, 57, 472, 348, 442, 223, 736, 784, 741, 358, 871, 487, 988, 751, 76, 881, 242, 723, 150, 241, 377, 634, 764]
i =  38 [640, 257, 642, 259, 388, 341, 897, 136, 87, 130, 142, 205, 531, 473, 152, 153, 239, 286, 928, 457, 419, 369, 426, 811, 556, 898, 181, 694, 311, 958, 565, 705, 782, 971, 583, 969, 951, 972, 717, 461, 821, 727, 728, 985, 71, 91, 222, 101, 355, 869, 616, 380, 485, 493, 367, 113, 498, 883, 503, 55, 319, 899, 682, 597]
i =  39 [960, 131, 645, 519, 780, 450, 14, 785, 786, 147, 878, 918, 24, 738, 26, 540, 29, 30, 287, 290, 166, 681, 301, 285, 435, 54, 441, 186, 60, 447, 192, 706, 197, 737, 802, 206, 848, 211, 470, 471, 569, 732, 107, 225, 610, 379, 273, 231, 750, 753, 114, 123, 767, 637, 511]
i =  40 [513, 643, 4, 5, 902, 264, 906, 907, 652, 143, 146, 915, 404, 277, 536, 669, 159, 800, 859, 420, 167, 937, 939, 558, 925, 560, 520, 434, 564, 696, 308, 31, 445, 833, 454, 334, 433, 210, 982, 987, 733, 94, 479, 955, 484, 465, 490, 364, 850, 366, 61, 752, 758, 505, 122, 763, 510]
i =  41 [384, 704, 514, 262, 648, 407, 524, 653, 527, 916, 23, 920, 25, 410, 283, 325, 544, 675, 41, 683, 46, 304, 945, 690, 947, 437, 182, 56, 825, 570, 59, 572, 190, 703, 832, 539, 322, 708, 581, 838, 456, 713, 923, 852, 343, 344, 218, 271, 860, 605, 990, 863, 783, 226, 996, 997, 745, 746, 238, 627, 62, 268, 504, 724, 890, 460, 893, 255]
i =  42 [768, 258, 726, 774, 135, 649, 12, 269, 911, 787, 790, 538, 795, 28, 687, 798, 415, 672, 162, 547, 421, 936, 298, 940, 429, 302, 303, 177, 946, 670, 185, 58, 543, 188, 573, 959, 578, 67, 324, 837, 966, 585, 74, 909, 336, 81, 853, 598, 983, 89, 591, 15, 476, 293, 992, 354, 99, 195, 209, 956, 743, 451, 40, 371, 707, 554]
i =  43 [768, 598, 774, 135, 649, 12, 269, 15, 707, 790, 538, 795, 28, 687, 670, 415, 672, 33, 162, 547, 293, 40, 298, 940, 429, 302, 303, 177, 946, 798, 185, 58, 543, 956, 573, 959, 578, 67, 324, 837, 966, 585, 74, 909, 336, 209, 853, 726, 983, 787, 89, 591, 476, 478, 421, 992, 354, 99, 911, 195, 81, 188, 743, 451, 936, 371, 554]
i =  44 [384, 704, 514, 262, 648, 266, 23, 268, 653, 783, 916, 407, 920, 25, 410, 283, 527, 581, 544, 675, 41, 683, 46, 304, 945, 690, 947, 437, 182, 56, 825, 570, 59, 572, 190, 703, 832, 539, 322, 708, 325, 838, 456, 713, 923, 724, 343, 344, 218, 271, 860, 605, 990, 863, 226, 996, 997, 745, 746, 238, 627, 504, 852, 890, 460, 893, 524, 255]
i =  45 [768, 726, 774, 135, 649, 12, 909, 15, 303, 67, 790, 185, 538, 795, 28, 798, 415, 672, 162, 547, 293, 40, 298, 940, 429, 302, 687, 177, 946, 371, 670, 57, 58, 543, 956, 573, 959, 578, 195, 324, 837, 966, 585, 74, 994, 269, 336, 81, 853, 598, 983, 89, 591, 476, 421, 992, 354, 99, 911, 209, 188, 743, 451, 936, 787, 707, 554]
i =  46 [384, 704, 514, 262, 648, 407, 524, 653, 271, 916, 23, 920, 25, 410, 283, 325, 544, 539, 41, 938, 683, 46, 304, 945, 690, 947, 437, 182, 56, 825, 570, 59, 572, 190, 703, 832, 322, 708, 581, 838, 456, 713, 923, 675, 852, 343, 344, 218, 527, 860, 605, 990, 863, 783, 226, 996, 997, 745, 746, 238, 627, 62, 268, 504, 724, 890, 460, 893, 255]
i =  47 [385, 261, 134, 16, 789, 901, 545, 38, 807, 296, 42, 305, 695, 443, 63, 448, 196, 329, 846, 689, 351, 360, 363, 748, 237, 622, 808, 119, 894, 405]
i =  48 [133, 6, 265, 657, 27, 858, 673, 548, 549, 173, 686, 563, 521, 444, 575, 576, 161, 333, 216, 602, 96, 359, 499, 630, 895]
i =  49 [256, 512, 771, 651, 398, 272, 658, 788, 278, 729, 792, 409, 289, 896, 291, 934, 679, 711, 942, 47, 432, 953, 698, 320, 66, 835, 731, 327, 73, 843, 204, 463, 337, 995, 342, 601, 475, 604, 229, 481, 739, 857, 613, 97, 1000, 617, 874, 491, 872, 378, 636]
i =  50 [133, 6, 521, 657, 27, 986, 673, 548, 549, 173, 686, 563, 602, 265, 444, 575, 576, 161, 333, 216, 858, 96, 359, 875, 499, 630, 895]
i =  51 [640, 257, 898, 259, 388, 341, 897, 136, 87, 130, 142, 728, 531, 985, 152, 153, 367, 286, 928, 457, 419, 113, 682, 811, 556, 565, 694, 951, 958, 319, 705, 782, 971, 181, 71, 969, 311, 972, 461, 205, 821, 642, 727, 717, 473, 91, 222, 101, 355, 869, 616, 380, 583, 485, 493, 239, 369, 498, 883, 886, 503, 55, 899, 426, 597]
i =  52 [65, 109, 21, 284, 816, 820, 313, 449, 452, 332, 595, 84, 469, 735, 482, 357, 365, 111, 851, 376, 633, 252, 661]
i =  53 [128, 105, 644, 854, 137, 522, 139, 908, 528, 529, 532, 593, 516, 282, 157, 158, 977, 35, 292, 165, 423, 552, 810, 43, 44, 307, 175, 49, 691, 180, 567, 568, 826, 315, 970, 64, 599, 203, 68, 455, 968, 140, 458, 75, 77, 80, 849, 214, 215, 984, 217, 932, 93, 606, 805, 976, 866, 867, 300, 230, 145, 744, 233, 235, 823, 877, 624, 497, 243, 766, 631, 819]
i =  54 [769, 9, 778, 401, 18, 403, 660, 533, 288, 677, 555, 840, 580, 712, 718, 340, 88, 730, 350, 356, 742, 234, 619, 236, 509]
i =  55 [640, 897, 130, 259, 388, 257, 136, 87, 642, 142, 222, 531, 951, 985, 152, 153, 239, 286, 928, 717, 419, 113, 809, 426, 811, 556, 969, 181, 694, 311, 899, 958, 565, 705, 782, 71, 457, 971, 972, 461, 205, 821, 341, 727, 728, 473, 91, 898, 869, 355, 101, 616, 583, 485, 493, 367, 369, 498, 883, 503, 55, 319, 380, 682, 597]
i =  56 [900, 776, 813, 19, 666, 797, 299, 45, 430, 50, 52, 829, 830, 373, 839, 501, 757, 856, 219, 95, 98, 870, 103, 873, 362, 108, 189, 629, 762]
i =  57 [772, 517, 650, 396, 141, 526, 655, 784, 402, 662, 537, 921, 542, 32, 931, 295, 220, 989, 817, 306, 115, 414, 950, 439, 57, 442, 194, 963, 326, 841, 714, 715, 716, 372, 720, 760, 467, 468, 910, 697, 472, 348, 314, 223, 736, 656, 741, 358, 487, 988, 751, 76, 881, 242, 723, 150, 241, 377, 634, 764]
i =  58 [777, 10, 13, 20, 149, 155, 927, 160, 674, 933, 935, 178, 814, 815, 944, 818, 51, 692, 949, 438, 183, 952, 318, 709, 626, 722, 486, 618, 566, 876, 625, 882, 574, 247, 761, 125, 638]
i =  59 [777, 10, 13, 20, 149, 791, 155, 927, 160, 674, 933, 935, 882, 814, 815, 944, 178, 51, 692, 949, 438, 183, 952, 574, 709, 722, 486, 618, 566, 876, 625, 626, 318, 247, 761, 125, 638]
i =  60 [770, 7, 904, 386, 270, 274, 663, 794, 799, 801, 930, 676, 550, 425, 903, 172, 685, 864, 836, 880, 967, 328, 759, 588, 847, 208, 82, 980, 855, 345, 474, 603, 608, 228, 232, 106, 620, 240, 246, 297, 888, 506, 253, 382]
i =  61 [384, 832, 514, 262, 648, 407, 268, 653, 399, 916, 23, 920, 25, 410, 283, 796, 218, 527, 325, 544, 675, 41, 683, 46, 304, 945, 690, 947, 437, 182, 56, 825, 570, 59, 572, 190, 703, 704, 539, 322, 708, 581, 838, 456, 713, 923, 852, 343, 344, 90, 271, 860, 605, 990, 863, 783, 226, 996, 997, 745, 746, 238, 627, 504, 724, 890, 460, 893, 524, 255]
i =  62 [768, 726, 774, 135, 649, 12, 909, 15, 303, 787, 790, 67, 538, 795, 28, 798, 543, 672, 162, 547, 293, 936, 554, 940, 429, 302, 687, 177, 946, 670, 837, 185, 58, 415, 956, 573, 959, 578, 707, 324, 69, 966, 585, 74, 269, 336, 81, 853, 598, 983, 89, 591, 476, 421, 992, 354, 99, 911, 195, 209, 188, 743, 451, 40, 754, 371, 298]
i =  63 [2, 387, 260, 263, 394, 779, 912, 913, 431, 534, 922, 411, 668, 541, 416, 417, 244, 37, 734, 39, 680, 169, 171, 812, 941, 321, 559, 584, 562, 309, 312, 500, 954, 316, 957, 702, 577, 834, 323, 710, 993, 200, 79, 331, 845, 973, 824, 978, 83, 725, 346, 719, 92, 862, 609, 227, 998, 999, 828, 647, 110, 375, 368, 400, 979, 756, 374, 887, 632, 889, 639, 981]
i =  64 [640, 897, 898, 259, 388, 341, 257, 136, 87, 130, 142, 728, 531, 985, 152, 153, 239, 286, 928, 457, 419, 678, 369, 682, 811, 556, 565, 694, 311, 899, 958, 319, 705, 782, 971, 181, 71, 969, 951, 972, 205, 461, 821, 642, 727, 717, 473, 91, 222, 101, 355, 869, 616, 583, 485, 493, 367, 113, 498, 883, 503, 55, 380, 426, 597]
i =  65 [513, 643, 4, 5, 902, 264, 906, 907, 652, 143, 146, 915, 404, 277, 536, 925, 31, 800, 560, 859, 420, 167, 939, 558, 669, 688, 520, 434, 564, 696, 308, 159, 61, 833, 454, 334, 433, 850, 982, 987, 733, 94, 479, 955, 484, 465, 490, 364, 210, 366, 445, 752, 758, 505, 122, 763, 510]
i =  66 [513, 643, 4, 5, 902, 264, 906, 907, 652, 654, 143, 146, 915, 404, 277, 536, 925, 159, 800, 987, 420, 167, 939, 558, 669, 560, 520, 434, 564, 696, 308, 31, 61, 833, 454, 334, 433, 210, 982, 859, 733, 94, 479, 955, 484, 465, 490, 364, 850, 366, 445, 752, 758, 505, 122, 763, 510]
i =  67 [129, 389, 646, 641, 393, 11, 530, 659, 148, 408, 793, 924, 926, 804, 943, 436, 693, 905, 884, 914, 582, 72, 842, 590, 338, 78, 86, 100, 347, 861, 607, 865, 868, 488, 621, 116, 885, 121, 124, 383]
i =  68 [384, 704, 514, 262, 648, 266, 407, 524, 653, 271, 916, 23, 920, 25, 410, 283, 325, 544, 675, 41, 683, 46, 304, 945, 690, 947, 437, 182, 56, 825, 570, 59, 572, 190, 703, 832, 539, 322, 708, 581, 838, 456, 713, 923, 852, 343, 344, 218, 527, 860, 605, 990, 863, 783, 226, 996, 997, 745, 746, 238, 623, 627, 268, 504, 724, 890, 460, 893, 255]
i =  69 [768, 726, 774, 135, 649, 12, 909, 15, 303, 451, 790, 538, 795, 28, 798, 415, 672, 162, 547, 293, 168, 298, 940, 429, 302, 687, 177, 946, 371, 670, 185, 58, 543, 956, 573, 959, 578, 707, 324, 837, 966, 585, 74, 269, 336, 209, 936, 853, 598, 983, 89, 591, 476, 421, 992, 354, 99, 911, 195, 743, 104, 188, 67, 40, 787, 635, 554, 254]
i =  70 [896, 512, 771, 651, 398, 272, 658, 788, 278, 729, 792, 409, 289, 291, 934, 679, 327, 942, 47, 432, 953, 698, 320, 66, 835, 731, 711, 73, 587, 204, 463, 337, 739, 342, 601, 475, 604, 613, 97, 995, 857, 229, 872, 617, 843, 491, 1000, 481, 256, 378, 636]
i =  71 [900, 776, 19, 666, 797, 299, 45, 430, 50, 52, 829, 830, 757, 839, 501, 629, 596, 856, 219, 95, 98, 870, 103, 873, 362, 108, 189, 373, 762]
i =  72 [640, 257, 130, 259, 388, 897, 136, 727, 642, 782, 222, 531, 473, 152, 153, 239, 286, 928, 717, 419, 113, 426, 811, 556, 142, 969, 821, 694, 951, 899, 958, 565, 705, 971, 181, 583, 457, 311, 972, 205, 461, 611, 341, 87, 728, 985, 71, 91, 898, 869, 355, 101, 616, 485, 493, 367, 369, 498, 883, 503, 55, 319, 380, 682, 597]
i =  73 [900, 776, 19, 666, 797, 299, 45, 430, 50, 52, 829, 830, 501, 373, 629, 856, 219, 95, 98, 612, 870, 103, 873, 362, 108, 189, 839, 757, 762]
i =  74 [132, 773, 8, 151, 781, 17, 917, 535, 665, 667, 803, 36, 294, 684, 822, 440, 317, 446, 191, 961, 965, 586, 844, 397, 464, 118, 85, 349, 224, 353, 740, 614, 749, 879, 496, 117, 502, 250, 765]
i =  75 [513, 643, 4, 5, 902, 520, 906, 907, 652, 143, 146, 915, 404, 277, 536, 623, 925, 159, 800, 859, 420, 551, 939, 558, 669, 560, 433, 434, 308, 696, 564, 31, 61, 833, 454, 334, 465, 210, 982, 987, 733, 94, 479, 955, 484, 490, 167, 364, 850, 366, 445, 752, 510, 758, 505, 122, 763, 264]
i =  76 [256, 512, 771, 651, 398, 272, 658, 788, 278, 729, 792, 409, 289, 896, 291, 934, 679, 327, 557, 942, 47, 432, 953, 698, 320, 66, 835, 731, 711, 73, 843, 204, 463, 337, 739, 342, 601, 475, 604, 613, 481, 995, 857, 229, 97, 872, 617, 491, 1000, 378, 636]
i =  77 [65, 523, 365, 661, 284, 816, 820, 313, 449, 452, 332, 595, 84, 469, 735, 482, 357, 109, 111, 851, 376, 633, 252, 21]
i =  78 [881, 772, 150, 518, 650, 396, 141, 910, 655, 656, 402, 662, 921, 537, 542, 517, 32, 931, 295, 220, 306, 414, 950, 439, 697, 314, 480, 194, 963, 326, 841, 714, 715, 716, 442, 720, 467, 468, 526, 723, 472, 348, 989, 223, 736, 784, 741, 358, 487, 988, 751, 76, 241, 242, 115, 372, 760, 377, 634, 764]
i =  79 [384, 832, 514, 262, 648, 266, 23, 268, 653, 783, 916, 407, 920, 25, 410, 283, 581, 544, 923, 41, 683, 46, 304, 945, 690, 947, 437, 182, 56, 825, 570, 59, 572, 190, 703, 704, 539, 322, 708, 325, 838, 456, 713, 460, 335, 271, 675, 724, 343, 344, 218, 527, 860, 605, 990, 863, 226, 483, 996, 997, 745, 746, 238, 627, 62, 504, 852, 890, 893, 524, 255]
i =  80 [128, 644, 243, 137, 522, 139, 908, 233, 528, 145, 532, 849, 516, 282, 157, 158, 35, 292, 165, 423, 552, 937, 810, 43, 44, 307, 175, 49, 691, 180, 567, 568, 826, 315, 970, 64, 75, 68, 455, 968, 140, 458, 203, 77, 976, 977, 214, 215, 984, 217, 932, 93, 606, 805, 80, 866, 867, 300, 230, 593, 744, 105, 235, 823, 877, 624, 497, 599, 766, 631, 507, 819]
i =  81 [128, 644, 243, 137, 522, 139, 908, 233, 528, 145, 532, 406, 516, 282, 157, 158, 35, 292, 165, 423, 552, 810, 43, 44, 307, 175, 49, 691, 180, 567, 568, 826, 315, 458, 64, 75, 68, 455, 968, 140, 970, 203, 77, 976, 977, 214, 215, 984, 217, 932, 93, 606, 805, 80, 866, 867, 300, 230, 849, 744, 105, 235, 823, 877, 593, 624, 497, 599, 766, 631, 508, 819]
i =  82 [384, 704, 514, 515, 262, 648, 407, 524, 653, 271, 916, 23, 920, 25, 410, 283, 325, 544, 539, 41, 683, 46, 304, 945, 690, 947, 437, 182, 56, 825, 570, 59, 572, 62, 703, 832, 322, 708, 581, 838, 456, 713, 923, 675, 852, 343, 344, 218, 527, 860, 605, 990, 863, 783, 226, 996, 997, 745, 746, 238, 627, 190, 268, 504, 724, 890, 460, 893, 255]
i =  83 [513, 643, 4, 5, 902, 264, 906, 907, 652, 143, 146, 915, 404, 277, 536, 925, 31, 800, 859, 420, 167, 939, 558, 669, 560, 520, 434, 564, 696, 308, 159, 445, 833, 453, 454, 334, 433, 210, 982, 987, 733, 94, 479, 955, 484, 465, 490, 364, 850, 366, 61, 752, 758, 505, 122, 763, 510]
i =  84 [777, 10, 13, 20, 149, 155, 927, 160, 674, 933, 935, 882, 814, 815, 944, 178, 51, 692, 949, 566, 183, 952, 574, 709, 459, 722, 486, 438, 618, 876, 625, 626, 318, 247, 761, 125, 638]
i =  85 [256, 512, 771, 651, 398, 272, 658, 788, 278, 729, 792, 409, 289, 896, 291, 934, 679, 711, 942, 47, 432, 953, 698, 320, 66, 835, 731, 327, 73, 843, 204, 462, 463, 337, 995, 342, 601, 475, 604, 229, 481, 739, 857, 613, 97, 872, 617, 491, 1000, 378, 636]
i =  86 [513, 643, 4, 5, 390, 520, 906, 907, 652, 143, 146, 915, 404, 277, 536, 669, 31, 800, 859, 420, 902, 167, 939, 558, 925, 560, 433, 434, 564, 696, 308, 159, 61, 833, 454, 334, 465, 850, 982, 987, 733, 94, 479, 955, 484, 490, 364, 210, 366, 445, 752, 510, 758, 505, 122, 763, 264]
i =  87 [768, 726, 774, 391, 649, 12, 909, 911, 303, 67, 790, 538, 795, 28, 798, 415, 672, 33, 162, 547, 421, 40, 554, 135, 940, 429, 302, 687, 177, 946, 371, 670, 185, 58, 543, 188, 573, 959, 578, 451, 324, 837, 966, 15, 585, 74, 269, 336, 81, 853, 598, 983, 89, 591, 476, 478, 293, 992, 354, 99, 195, 209, 956, 743, 936, 787, 707, 298, 170]
i =  88 [392, 138, 395, 525, 281, 412, 34, 163, 422, 179, 699, 579, 198, 199, 201, 202, 589, 594, 221, 352, 571, 747, 245]
i =  89 [2, 387, 260, 577, 394, 779, 912, 913, 431, 534, 922, 411, 668, 413, 416, 417, 862, 37, 39, 680, 169, 171, 812, 941, 559, 200, 562, 756, 309, 312, 500, 954, 828, 957, 321, 834, 323, 710, 993, 584, 331, 973, 845, 824, 978, 979, 725, 719, 346, 79, 92, 734, 263, 609, 227, 998, 999, 316, 647, 110, 375, 368, 400, 83, 244, 374, 887, 632, 889, 639, 541, 981]
i =  90 [299, 900, 776, 19, 666, 797, 427, 45, 430, 50, 52, 189, 830, 373, 839, 501, 757, 856, 219, 95, 98, 870, 103, 873, 362, 108, 829, 629, 762]
i =  91 [512, 896, 771, 651, 398, 272, 658, 788, 278, 729, 792, 409, 289, 291, 934, 679, 711, 942, 47, 432, 953, 698, 320, 66, 835, 731, 327, 73, 330, 843, 204, 463, 337, 739, 342, 601, 475, 604, 229, 97, 995, 857, 613, 1000, 617, 491, 872, 481, 256, 378, 636, 126]
i =  92 [449, 109, 661, 284, 816, 820, 313, 65, 452, 332, 339, 84, 469, 851, 735, 482, 357, 365, 111, 595, 376, 633, 252, 21]
i =  93 [772, 517, 650, 396, 141, 910, 655, 656, 402, 662, 537, 921, 542, 32, 931, 295, 220, 370, 989, 306, 414, 950, 439, 697, 314, 194, 963, 326, 841, 714, 715, 716, 372, 720, 467, 468, 526, 723, 472, 241, 348, 442, 223, 736, 784, 741, 358, 487, 988, 751, 76, 881, 242, 115, 150, 760, 377, 634, 764]
i =  94 [900, 776, 19, 666, 797, 299, 45, 430, 50, 52, 829, 830, 629, 839, 501, 757, 856, 219, 95, 98, 870, 103, 873, 362, 108, 189, 373, 249, 762]
i =  95 [513, 643, 4, 5, 902, 264, 906, 907, 652, 143, 146, 915, 276, 277, 536, 669, 31, 800, 987, 420, 167, 939, 558, 925, 560, 520, 434, 564, 696, 308, 159, 445, 833, 454, 334, 433, 210, 982, 505, 859, 733, 94, 479, 955, 484, 465, 490, 364, 850, 366, 61, 752, 758, 404, 122, 763, 510]
i =  96 [132, 773, 8, 535, 781, 17, 917, 151, 280, 665, 667, 803, 36, 294, 684, 822, 440, 317, 446, 191, 961, 965, 586, 844, 397, 464, 118, 85, 349, 224, 353, 740, 749, 879, 496, 117, 502, 250, 765]
i =  97 [772, 150, 650, 396, 141, 910, 655, 144, 402, 662, 921, 537, 542, 517, 32, 931, 295, 220, 989, 306, 414, 950, 439, 697, 442, 194, 963, 326, 841, 714, 715, 716, 881, 720, 467, 468, 526, 723, 472, 348, 314, 223, 736, 656, 741, 358, 487, 988, 751, 76, 241, 242, 115, 372, 760, 377, 634, 764, 784]
i =  98 [133, 6, 521, 657, 154, 27, 602, 161, 548, 549, 173, 686, 563, 265, 444, 575, 576, 673, 333, 216, 858, 96, 359, 499, 630]
i =  99 [770, 903, 904, 386, 270, 274, 663, 156, 799, 240, 930, 676, 550, 425, 7, 172, 685, 864, 836, 967, 328, 588, 847, 208, 82, 980, 855, 345, 474, 603, 297, 608, 228, 232, 106, 620, 253, 880, 246, 759, 888, 506, 801, 382]
i =  100 [129, 389, 646, 641, 393, 11, 621, 530, 148, 408, 793, 924, 926, 164, 943, 436, 693, 905, 884, 100, 582, 72, 842, 78, 338, 590, 86, 804, 347, 861, 607, 865, 868, 488, 914, 116, 885, 121, 124, 383]
i =  101 [769, 9, 778, 401, 18, 403, 660, 533, 288, 677, 555, 174, 580, 712, 718, 340, 88, 730, 350, 356, 742, 234, 619, 236, 509]
i =  102 [900, 776, 19, 666, 797, 299, 45, 430, 50, 52, 187, 829, 830, 501, 373, 629, 856, 219, 95, 98, 870, 103, 873, 362, 108, 189, 839, 757, 762]
i =  103 [640, 897, 130, 899, 388, 311, 705, 136, 727, 642, 142, 531, 473, 152, 153, 461, 239, 286, 928, 419, 369, 682, 811, 556, 969, 898, 565, 694, 951, 958, 181, 193, 782, 71, 457, 971, 972, 205, 717, 821, 341, 87, 728, 985, 91, 101, 257, 222, 485, 355, 869, 259, 583, 493, 616, 367, 113, 498, 883, 503, 55, 319, 380, 426, 597]
i =  104 [772, 517, 650, 396, 141, 526, 655, 784, 402, 662, 537, 921, 542, 32, 931, 295, 348, 989, 306, 115, 414, 950, 439, 57, 314, 53, 194, 963, 150, 326, 841, 714, 715, 716, 207, 720, 760, 467, 468, 910, 697, 472, 220, 442, 223, 736, 656, 741, 358, 487, 988, 751, 76, 881, 242, 723, 372, 241, 377, 634, 764]
i =  105 [768, 726, 774, 135, 649, 12, 269, 15, 303, 787, 790, 67, 538, 795, 28, 798, 415, 672, 33, 162, 547, 421, 40, 298, 940, 429, 302, 687, 177, 946, 670, 185, 58, 543, 956, 573, 959, 578, 451, 324, 837, 966, 585, 74, 591, 336, 81, 212, 853, 598, 983, 89, 911, 476, 293, 992, 354, 99, 195, 209, 188, 743, 909, 936, 371, 707, 554]
i =  106 [777, 10, 13, 20, 149, 155, 927, 160, 674, 933, 935, 882, 814, 815, 944, 178, 51, 692, 949, 438, 183, 952, 574, 709, 722, 486, 102, 618, 566, 876, 625, 626, 318, 247, 761, 125, 638]
i =  107 [132, 773, 8, 535, 397, 17, 917, 151, 665, 667, 112, 803, 36, 294, 684, 822, 440, 317, 446, 191, 961, 965, 586, 844, 781, 464, 85, 349, 224, 353, 740, 502, 749, 879, 496, 117, 118, 250, 765]
finish get all communities
complete deal_communities
commplete get_all_nature_community
----------------------------------The detection result is: 

all communities: 
i =  1 : [1, 3, 22, 48, 70, 176, 184, 213, 267, 275, 279, 310, 361, 381, 418, 424, 428, 477, 489, 492, 494, 546, 561, 592, 600, 664, 671, 701, 721, 755, 775, 806, 827, 831, 892, 919, 929, 948, 962, 991]
i =  2 : [14, 24, 26, 29, 30, 54, 60, 107, 114, 123, 127, 131, 147, 166, 186, 192, 197, 206, 211, 225, 231, 258, 273, 285, 287, 290, 301, 379, 435, 441, 447, 450, 470, 471, 511, 519, 540, 569, 610, 637, 645, 681, 706, 732, 737, 738, 750, 753, 767, 780, 785, 786, 802, 848, 878, 918, 960]
i =  3 : [34, 138, 163, 179, 198, 199, 201, 202, 221, 245, 281, 352, 392, 395, 412, 422, 525, 571, 579, 589, 594, 699, 747]
i =  4 : [16, 38, 42, 63, 119, 134, 196, 237, 261, 296, 305, 329, 351, 360, 363, 385, 405, 443, 448, 545, 622, 689, 695, 748, 789, 807, 808, 846, 894, 901, 975]
i =  5 : [6, 27, 96, 133, 154, 161, 173, 216, 265, 333, 359, 444, 499, 521, 548, 549, 563, 575, 576, 602, 630, 657, 673, 686, 858, 875, 895, 986]
i =  6 : [9, 18, 88, 174, 234, 236, 288, 340, 350, 356, 401, 403, 509, 533, 555, 580, 619, 660, 677, 712, 718, 730, 742, 769, 778, 840]
i =  7 : [7, 82, 106, 156, 172, 208, 228, 232, 240, 246, 253, 270, 274, 297, 328, 345, 382, 386, 425, 474, 506, 550, 588, 603, 608, 620, 663, 676, 685, 759, 770, 794, 799, 801, 836, 847, 855, 864, 880, 888, 903, 904, 930, 967, 980]
i =  8 : [21, 65, 84, 109, 111, 252, 284, 313, 332, 339, 357, 365, 376, 449, 452, 469, 482, 523, 595, 633, 661, 735, 816, 820, 851, 974]
i =  9 : [11, 72, 78, 86, 100, 116, 121, 124, 129, 148, 164, 338, 347, 383, 389, 393, 408, 436, 466, 488, 530, 582, 590, 607, 621, 641, 646, 659, 693, 793, 804, 842, 861, 865, 868, 884, 885, 905, 914, 924, 926, 943]
i =  10 : [8, 17, 36, 85, 112, 117, 118, 132, 151, 191, 224, 250, 280, 294, 317, 349, 353, 397, 440, 446, 464, 496, 502, 535, 586, 614, 665, 667, 684, 740, 749, 765, 773, 781, 803, 822, 844, 879, 917, 961, 965]
i =  11 : [2, 37, 39, 79, 83, 92, 110, 120, 169, 171, 200, 227, 244, 260, 263, 309, 312, 316, 321, 323, 331, 346, 368, 374, 375, 387, 394, 400, 411, 413, 416, 417, 431, 495, 500, 534, 541, 559, 562, 577, 584, 609, 632, 639, 647, 668, 680, 702, 710, 719, 725, 734, 756, 779, 812, 824, 828, 834, 845, 862, 887, 889, 912, 913, 922, 941, 954, 957, 973, 978, 979, 981, 993, 998, 999]
i =  12 : [10, 13, 20, 51, 102, 125, 149, 155, 160, 178, 183, 247, 318, 438, 459, 486, 566, 574, 618, 625, 626, 638, 674, 692, 709, 722, 761, 777, 791, 814, 815, 818, 876, 882, 927, 933, 935, 944, 949, 952]
i =  13 : [47, 66, 73, 97, 126, 204, 229, 256, 272, 278, 289, 291, 320, 327, 330, 337, 342, 378, 398, 409, 432, 462, 463, 475, 481, 491, 512, 557, 587, 601, 604, 613, 617, 636, 651, 658, 679, 698, 711, 729, 731, 739, 771, 788, 792, 835, 843, 857, 872, 874, 896, 934, 942, 953, 995, 1000]
i =  14 : [55, 71, 87, 91, 101, 113, 130, 136, 142, 152, 153, 181, 193, 205, 222, 239, 257, 259, 286, 311, 319, 341, 355, 367, 369, 380, 388, 419, 426, 457, 461, 473, 485, 493, 498, 503, 531, 556, 565, 583, 597, 611, 616, 640, 642, 678, 682, 694, 705, 717, 727, 728, 782, 809, 811, 821, 869, 883, 886, 897, 898, 899, 928, 951, 958, 969, 971, 972, 985]
i =  15 : [33, 35, 43, 44, 49, 64, 68, 75, 77, 80, 93, 105, 120, 128, 137, 139, 140, 145, 157, 158, 165, 175, 180, 203, 214, 215, 217, 230, 233, 235, 243, 251, 282, 292, 300, 307, 315, 406, 423, 455, 458, 497, 507, 508, 516, 522, 528, 529, 532, 552, 553, 567, 568, 593, 599, 606, 615, 624, 631, 644, 691, 700, 744, 766, 805, 810, 819, 823, 826, 849, 854, 866, 867, 877, 908, 932, 937, 964, 968, 970, 976, 977, 984]
i =  16 : [32, 53, 57, 76, 115, 141, 144, 150, 194, 207, 220, 223, 241, 242, 295, 306, 314, 326, 348, 358, 370, 372, 377, 396, 402, 414, 439, 442, 467, 468, 472, 480, 487, 517, 518, 526, 537, 542, 634, 650, 655, 656, 662, 697, 714, 715, 716, 720, 723, 736, 741, 751, 760, 764, 772, 784, 817, 841, 871, 881, 910, 921, 931, 950, 963, 988, 989]
i =  17 : [19, 45, 50, 52, 95, 98, 103, 108, 187, 189, 219, 249, 299, 362, 373, 427, 430, 501, 596, 612, 629, 666, 757, 762, 776, 797, 813, 829, 830, 839, 856, 870, 873, 900]
i =  18 : [23, 25, 41, 46, 56, 59, 62, 90, 182, 190, 218, 226, 238, 248, 255, 262, 266, 268, 271, 283, 304, 322, 325, 335, 343, 344, 384, 399, 407, 410, 437, 456, 460, 483, 504, 514, 515, 524, 527, 539, 544, 570, 572, 581, 605, 623, 627, 628, 648, 653, 675, 683, 690, 703, 704, 708, 713, 724, 745, 746, 783, 796, 825, 832, 838, 852, 860, 863, 890, 893, 916, 920, 923, 938, 945, 947, 990, 996, 997]
i =  19 : [12, 15, 28, 33, 40, 57, 58, 67, 69, 74, 81, 89, 99, 104, 135, 162, 168, 170, 177, 185, 188, 195, 209, 212, 254, 258, 269, 293, 298, 302, 303, 324, 336, 354, 371, 391, 415, 421, 429, 451, 476, 478, 538, 543, 547, 554, 573, 578, 585, 591, 598, 635, 649, 670, 672, 687, 707, 726, 743, 754, 768, 774, 787, 790, 795, 798, 837, 853, 891, 909, 911, 936, 940, 946, 956, 959, 966, 983, 992, 994]
i =  20 : [4, 5, 31, 61, 94, 122, 143, 146, 159, 167, 210, 264, 276, 277, 308, 334, 364, 366, 390, 404, 420, 433, 434, 445, 453, 454, 465, 479, 484, 490, 505, 510, 513, 520, 536, 551, 558, 560, 564, 623, 643, 652, 654, 669, 688, 696, 733, 752, 758, 763, 800, 833, 850, 859, 902, 906, 907, 915, 925, 937, 939, 955, 982, 987]
overlapping nodes are:  [33, 57, 120, 258, 623, 937] 
 NOO is:  6
total time is:  289.077100039
