lens of ground_truth:  25
ground_truth is: [[15, 22, 23, 34, 48, 89, 97, 135, 189, 251, 298, 320, 326, 343, 437, 490, 580, 616, 626, 670, 682, 723, 737, 929], [9, 21, 35, 39, 108, 109, 138, 149, 150, 157, 166, 199, 228, 235, 262, 305, 342, 383, 394, 407, 467, 562, 664, 674, 703, 716, 750, 764, 789, 840, 845, 852, 875, 881], [3, 32, 81, 96, 151, 158, 160, 169, 175, 181, 196, 280, 281, 293, 312, 324, 337, 357, 377, 385, 397, 412, 457, 459, 463, 484, 514, 522, 539, 546, 549, 559, 565, 573, 585, 593, 623, 627, 636, 648, 653, 678, 679, 727, 742, 752, 791, 805, 806, 809, 811, 861, 870, 886, 905, 924, 931, 955, 958, 975, 980, 994, 999], [2, 6, 8, 11, 59, 63, 64, 89, 136, 177, 183, 199, 233, 237, 252, 255, 268, 288, 352, 376, 388, 393, 400, 421, 431, 458, 471, 495, 509, 521, 536, 540, 563, 581, 591, 593, 600, 608, 618, 627, 645, 651, 672, 678, 679, 689, 693, 711, 714, 717, 719, 729, 760, 771, 779, 806, 820, 830, 844, 846, 850, 854, 889, 903, 909, 921, 925, 928, 930, 938, 975, 977, 979, 981, 984, 996], [12, 25, 46, 113, 123, 128, 140, 165, 176, 187, 200, 294, 430, 474, 553, 570, 606, 607, 622, 654, 705, 706, 736, 754, 776, 807], [1, 16, 24, 47, 58, 67, 82, 87, 89, 130, 154, 183, 188, 201, 204, 218, 236, 244, 253, 255, 270, 315, 331, 338, 367, 386, 402, 421, 423, 458, 466, 472, 477, 482, 493, 510, 513, 515, 521, 527, 544, 563, 579, 593, 627, 628, 646, 653, 667, 672, 678, 702, 713, 715, 723, 729, 730, 732, 749, 763, 779, 799, 802, 806, 809, 828, 830, 863, 882, 892, 894, 900, 904, 909, 919, 930, 938, 946, 956, 968, 969, 971, 975, 979, 981], [28, 57, 65, 68, 114, 116, 119, 168, 171, 176, 225, 226, 234, 268, 290, 301, 396, 431, 438, 440, 442, 463, 493, 550, 562, 568, 575, 597, 617, 646, 655, 658, 680, 702, 707, 733, 742, 746, 761, 778, 800, 813, 818, 825, 874, 908, 929], [19, 93, 105, 111, 148, 179, 186, 193, 195, 240, 279, 310, 364, 408, 435, 443, 476, 491, 543, 546, 601, 614, 642, 690, 712, 745, 777, 785, 790, 837], [27, 37, 42, 71, 143, 144, 188, 197, 247, 264, 308, 349, 356, 410, 411, 439, 445, 454, 461, 463, 481, 485, 489, 494, 502, 532, 536, 537, 546, 578, 595, 611, 635, 642, 652, 659, 677, 703, 710, 731, 748, 749, 750, 808, 810, 814, 817, 823, 857, 866, 867, 926, 943, 944, 950, 951, 972, 981, 983, 985, 992, 998], [7, 30, 40, 42, 47, 71, 73, 96, 101, 117, 126, 142, 150, 160, 178, 199, 231, 248, 253, 262, 268, 274, 277, 297, 315, 317, 339, 366, 368, 371, 375, 377, 382, 402, 418, 422, 431, 446, 457, 463, 500, 517, 520, 521, 524, 525, 532, 533, 534, 536, 552, 563, 586, 594, 599, 602, 608, 615, 646, 655, 669, 692, 709, 713, 718, 720, 729, 734, 755, 770, 771, 786, 792, 808, 812, 830, 855, 859, 863, 864, 877, 886, 911, 913, 919, 929, 935, 956, 965, 966, 987], [13, 52, 72, 78, 131, 164, 174, 178, 241, 258, 266, 269, 377, 409, 503, 505, 511, 542, 563, 583, 608, 694, 702, 723, 810, 814], [42, 56, 67, 77, 147, 156, 158, 170, 173, 183, 197, 202, 205, 217, 219, 263, 270, 276, 287, 315, 330, 332, 415, 444, 449, 462, 469, 473, 488, 499, 506, 546, 560, 587, 605, 629, 642, 672, 688, 708, 725, 749, 751, 773, 780, 781, 819, 823, 849, 857, 871, 872, 873, 896, 897, 899, 907, 923, 948, 963, 964, 974], [51, 55, 71, 76, 86, 90, 96, 141, 152, 176, 182, 203, 214, 227, 271, 273, 278, 286, 297, 309, 313, 323, 344, 362, 417, 433, 434, 457, 460, 468, 518, 521, 522, 562, 566, 569, 584, 588, 589, 603, 615, 625, 643, 650, 655, 681, 687, 704, 739, 742, 777, 809, 843, 880, 883, 886, 906, 914, 915, 920, 937, 947, 973, 990, 994], [14, 71, 81, 84, 88, 107, 108, 150, 153, 156, 159, 160, 161, 162, 172, 232, 284, 297, 324, 334, 340, 359, 365, 381, 475, 557, 562, 608, 624, 632, 647, 655, 656, 657, 660, 665, 679, 703, 724, 742, 743, 744, 777, 788, 803, 810, 829, 851, 856, 860, 861, 869, 879, 946, 995], [10, 20, 36, 59, 99, 150, 167, 192, 206, 216, 243, 260, 297, 318, 333, 370, 374, 398, 426, 448, 465, 508, 541, 555, 586, 610, 634, 713, 767, 782, 796, 797, 801, 827, 841, 842, 861, 865, 887, 918, 953, 961, 982], [74, 106, 120, 125, 191, 212, 221, 245, 259, 315, 316, 325, 335, 354, 399, 441, 493, 531, 532, 640, 641, 693, 695, 701, 769, 857, 956], [7, 31, 38, 59, 70, 80, 81, 85, 89, 96, 103, 108, 115, 129, 137, 145, 160, 178, 210, 222, 250, 253, 262, 282, 336, 348, 377, 386, 405, 455, 456, 457, 464, 479, 492, 507, 509, 516, 526, 536, 567, 576, 586, 590, 593, 594, 613, 631, 646, 653, 663, 675, 678, 691, 699, 729, 762, 765, 770, 779, 806, 859, 861, 863, 886, 888, 909, 910, 912, 946, 960, 975, 976, 986, 989, 994, 1000], [4, 50, 81, 121, 246, 261, 272, 299, 304, 306, 321, 324, 380, 387, 419, 429, 458, 470, 497, 686, 693], [26, 33, 98, 127, 156, 158, 176, 188, 198, 224, 229, 230, 244, 255, 289, 324, 369, 401, 424, 428, 452, 478, 483, 496, 504, 509, 519, 548, 551, 561, 564, 598, 615, 619, 649, 666, 676, 697, 703, 726, 753, 756, 757, 766, 793, 794, 814, 815, 823, 839, 890, 917, 927, 930, 936, 954, 962, 979], [41, 42, 43, 61, 62, 66, 92, 110, 132, 139, 184, 207, 209, 213, 238, 244, 253, 256, 307, 329, 363, 392, 432, 447, 472, 621, 633, 644, 698, 723, 786, 804, 826, 847, 858, 922, 940, 945, 962, 994], [5, 53, 60, 83, 112, 155, 163, 303, 345, 360, 373, 406, 420, 522, 547, 604, 612, 668, 700, 713, 735, 747, 758, 759, 772, 798, 821, 836], [7, 17, 47, 59, 67, 91, 108, 122, 133, 158, 197, 199, 208, 215, 223, 244, 249, 254, 257, 262, 265, 270, 291, 295, 296, 302, 328, 346, 358, 361, 378, 384, 386, 389, 390, 391, 395, 402, 414, 421, 458, 472, 487, 571, 572, 574, 577, 586, 594, 609, 630, 653, 671, 672, 679, 683, 684, 689, 728, 740, 741, 750, 755, 770, 771, 775, 777, 786, 795, 808, 810, 823, 830, 835, 848, 853, 857, 859, 862, 893, 898, 909, 916, 919, 929, 930, 932, 934, 938, 946, 949, 952, 957, 959, 978, 991, 993, 997], [45, 49, 54, 75, 104, 146, 194, 220, 239, 275, 283, 292, 351, 355, 379, 413, 416, 451, 453, 480, 556, 592, 615, 639, 662, 673, 779, 832, 834, 838, 876, 962], [29, 44, 69, 79, 94, 134, 180, 267, 285, 300, 311, 319, 350, 403, 450, 486, 498, 528, 529, 530, 558, 582, 637, 685, 689, 696, 750, 755, 783, 809, 824, 833, 878, 884, 895], [7, 18, 47, 67, 95, 100, 102, 118, 124, 156, 178, 183, 185, 188, 190, 197, 211, 242, 255, 268, 270, 314, 322, 327, 341, 347, 353, 372, 386, 402, 404, 421, 425, 427, 431, 436, 472, 493, 501, 509, 512, 522, 523, 532, 535, 538, 545, 554, 594, 596, 620, 627, 638, 642, 661, 689, 693, 702, 721, 722, 738, 749, 755, 768, 770, 771, 774, 784, 786, 787, 808, 814, 816, 822, 831, 859, 863, 868, 885, 891, 901, 902, 919, 933, 938, 939, 941, 942, 956, 962, 967, 970, 979, 981, 988]]
nodes: [377, 458, 642, 689, 690, 701, 705, 723, 736, 749, 750, 761, 771, 779, 793, 806, 830, 836, 840, 846, 857, 859, 863, 880, 884, 908, 919, 929, 930, 933, 935, 946, 948, 950, 956, 962, 979, 980, 982, 990, 994, 995] num of nodes:  42
[[40, 913, 377], [4, 686, 458, 497], [998, 992, 972, 985, 642, 983], [311, 878, 895, 689, 319], [310, 837, 614, 745, 690, 543, 601, 491], [120, 769, 695, 640, 641, 701, 221], [46, 807, 776, 654, 754, 570, 606, 607, 705], [298, 737, 320, 723, 670], [46, 807, 776, 654, 754, 570, 606, 607, 736], [489, 992, 749, 926, 983], [467, 875, 881, 852, 750, 789], [225, 874, 761, 825, 568, 597], [495, 850, 714, 771, 984], [480, 838, 876, 834, 662, 779], [229, 917, 230, 793, 927, 890, 766], [477, 971, 968, 730, 806], [63, 977, 830, 984, 996, 719], [303, 612, 772, 836, 821, 758, 759, 700, 798, 735, 747], [228, 875, 881, 852, 674, 394, 664, 716, 845, 840], [495, 850, 928, 846, 984, 889, 903], [335, 695, 641, 769, 857, 399], [103, 976, 989, 960, 910, 859, 613], [492, 863, 1000, 699, 910], [203, 880, 937, 704, 883, 906], [450, 833, 824, 884, 895, 878, 696, 498, 530], [68, 746, 908, 825, 438, 575], [477, 971, 968, 730, 919], [326, 580, 737, 682, 616, 929], [711, 977, 930, 717, 921], [404, 939, 902, 901, 933, 638], [422, 864, 987, 792, 965, 935], [576, 960, 989, 765, 986, 946, 762], [688, 896, 751, 897, 964, 974, 948, 819, 923], [445, 972, 985, 866, 951, 926, 943, 867, 950], [221, 695, 641, 640, 316, 956], [447, 940, 858, 847, 945, 922, 804, 633, 962], [118, 988, 967, 979, 885], [484, 955, 905, 727, 980, 958, 870, 924], [541, 961, 982, 801, 841, 918, 953, 827, 865, 842, 797, 782], [152, 990, 914, 937, 920, 704, 906], [213, 940, 922, 847, 945, 994, 826], [153, 995, 879, 743, 657, 744, 856, 851, 869]]
len of cliques:  42
length of seeds:  42
seeds:  [[541, 961, 982, 801, 841, 918, 953, 827, 865, 842, 797, 782], [303, 612, 772, 836, 821, 758, 759, 700, 798, 735, 747], [228, 875, 881, 852, 674, 394, 664, 716, 845, 840], [46, 807, 776, 654, 754, 570, 606, 607, 705], [46, 807, 776, 654, 754, 570, 606, 607, 736], [450, 833, 824, 884, 895, 878, 696, 498, 530], [688, 896, 751, 897, 964, 974, 948, 819, 923], [445, 972, 985, 866, 951, 926, 943, 867, 950], [447, 940, 858, 847, 945, 922, 804, 633, 962], [153, 995, 879, 743, 657, 744, 856, 851, 869], [310, 837, 614, 745, 690, 543, 601, 491], [484, 955, 905, 727, 980, 958, 870, 924], [120, 769, 695, 640, 641, 701, 221], [229, 917, 230, 793, 927, 890, 766], [495, 850, 928, 846, 984, 889, 903], [103, 976, 989, 960, 910, 859, 613], [576, 960, 989, 765, 986, 946, 762], [152, 990, 914, 937, 920, 704, 906], [213, 940, 922, 847, 945, 994, 826], [998, 992, 972, 985, 642, 983], [467, 875, 881, 852, 750, 789], [225, 874, 761, 825, 568, 597], [480, 838, 876, 834, 662, 779], [63, 977, 830, 984, 996, 719], [335, 695, 641, 769, 857, 399], [203, 880, 937, 704, 883, 906], [68, 746, 908, 825, 438, 575], [326, 580, 737, 682, 616, 929], [404, 939, 902, 901, 933, 638], [422, 864, 987, 792, 965, 935], [221, 695, 641, 640, 316, 956], [311, 878, 895, 689, 319], [298, 737, 320, 723, 670], [489, 992, 749, 926, 983], [495, 850, 714, 771, 984], [477, 971, 968, 730, 806], [492, 863, 1000, 699, 910], [477, 971, 968, 730, 919], [711, 977, 930, 717, 921], [118, 988, 967, 979, 885], [4, 686, 458, 497], [40, 913, 377]]
seeds_fitness [0.2727272727272727, 0.36303630363036304, 0.28938906752411575, 0.3, 0.2962962962962963, 0.2236024844720497, 0.11842105263157894, 0.11822660098522167, 0.15254237288135594, 0.1610738255033557, 0.2248995983935743, 0.1076923076923077, 0.2131979695431472, 0.09032258064516129, 0.0743362831858407, 0.06919275123558484, 0.06441717791411043, 0.07706422018348624, 0.08768267223382047, 0.04777070063694268, 0.09554140127388536, 0.08670520231213873, 0.09646302250803858, 0.04716981132075472, 0.1056338028169014, 0.06198347107438017, 0.09090909090909091, 0.11857707509881422, 0.053003533568904596, 0.05628517823639775, 0.11152416356877323, 0.060240963855421686, 0.09950248756218906, 0.032520325203252036, 0.04008016032064128, 0.03898635477582846, 0.03454231433506045, 0.038910505836575876, 0.033444816053511704, 0.029455081001472753, 0.0851063829787234, 0.02666666666666667]
after sort list of tuple: [(1, 0.36303630363036304), (3, 0.3), (4, 0.2962962962962963), (2, 0.28938906752411575), (0, 0.2727272727272727), (10, 0.2248995983935743), (5, 0.2236024844720497), (12, 0.2131979695431472), (9, 0.1610738255033557), (8, 0.15254237288135594), (27, 0.11857707509881422), (6, 0.11842105263157894), (7, 0.11822660098522167), (30, 0.11152416356877323), (11, 0.1076923076923077), (24, 0.1056338028169014), (32, 0.09950248756218906), (22, 0.09646302250803858), (20, 0.09554140127388536), (26, 0.09090909090909091), (13, 0.09032258064516129), (18, 0.08768267223382047), (21, 0.08670520231213873), (40, 0.0851063829787234), (17, 0.07706422018348624), (14, 0.0743362831858407), (15, 0.06919275123558484), (16, 0.06441717791411043), (25, 0.06198347107438017), (31, 0.060240963855421686), (29, 0.05628517823639775), (28, 0.053003533568904596), (19, 0.04777070063694268), (23, 0.04716981132075472), (34, 0.04008016032064128), (35, 0.03898635477582846), (37, 0.038910505836575876), (36, 0.03454231433506045), (38, 0.033444816053511704), (33, 0.032520325203252036), (39, 0.029455081001472753), (41, 0.02666666666666667)]
seeds_sorted [[303, 612, 772, 836, 821, 758, 759, 700, 798, 735, 747], [46, 807, 776, 654, 754, 570, 606, 607, 705], [46, 807, 776, 654, 754, 570, 606, 607, 736], [228, 875, 881, 852, 674, 394, 664, 716, 845, 840], [541, 961, 982, 801, 841, 918, 953, 827, 865, 842, 797, 782], [310, 837, 614, 745, 690, 543, 601, 491], [450, 833, 824, 884, 895, 878, 696, 498, 530], [120, 769, 695, 640, 641, 701, 221], [153, 995, 879, 743, 657, 744, 856, 851, 869], [447, 940, 858, 847, 945, 922, 804, 633, 962], [326, 580, 737, 682, 616, 929], [688, 896, 751, 897, 964, 974, 948, 819, 923], [445, 972, 985, 866, 951, 926, 943, 867, 950], [221, 695, 641, 640, 316, 956], [484, 955, 905, 727, 980, 958, 870, 924], [335, 695, 641, 769, 857, 399], [298, 737, 320, 723, 670], [480, 838, 876, 834, 662, 779], [467, 875, 881, 852, 750, 789], [68, 746, 908, 825, 438, 575], [229, 917, 230, 793, 927, 890, 766], [213, 940, 922, 847, 945, 994, 826], [225, 874, 761, 825, 568, 597], [4, 686, 458, 497], [152, 990, 914, 937, 920, 704, 906], [495, 850, 928, 846, 984, 889, 903], [103, 976, 989, 960, 910, 859, 613], [576, 960, 989, 765, 986, 946, 762], [203, 880, 937, 704, 883, 906], [311, 878, 895, 689, 319], [422, 864, 987, 792, 965, 935], [404, 939, 902, 901, 933, 638], [998, 992, 972, 985, 642, 983], [63, 977, 830, 984, 996, 719], [495, 850, 714, 771, 984], [477, 971, 968, 730, 806], [477, 971, 968, 730, 919], [492, 863, 1000, 699, 910], [711, 977, 930, 717, 921], [489, 992, 749, 926, 983], [118, 988, 967, 979, 885], [40, 913, 377]]
args__________ ([[303, 612, 772, 836, 821, 758, 759, 700, 798, 735, 747], [40, 913, 377]],)
args__________ ([[46, 807, 776, 654, 754, 570, 606, 607, 705], [118, 988, 967, 979, 885]],)
args__________ ([[46, 807, 776, 654, 754, 570, 606, 607, 736], [489, 992, 749, 926, 983]],)
args__________ ([[228, 875, 881, 852, 674, 394, 664, 716, 845, 840], [711, 977, 930, 717, 921]],)
args__________ ([[541, 961, 982, 801, 841, 918, 953, 827, 865, 842, 797, 782], [492, 863, 1000, 699, 910]],)
args__________ ([[310, 837, 614, 745, 690, 543, 601, 491], [477, 971, 968, 730, 919]],)
args__________ ([[450, 833, 824, 884, 895, 878, 696, 498, 530], [477, 971, 968, 730, 806]],)
args__________ ([[120, 769, 695, 640, 641, 701, 221], [495, 850, 714, 771, 984]],)
args__________ ([[153, 995, 879, 743, 657, 744, 856, 851, 869], [63, 977, 830, 984, 996, 719]],)
args__________ ([[447, 940, 858, 847, 945, 922, 804, 633, 962], [998, 992, 972, 985, 642, 983]],)
args__________ ([[326, 580, 737, 682, 616, 929]],)
args__________ ([[688, 896, 751, 897, 964, 974, 948, 819, 923]],)
args__________ ([[445, 972, 985, 866, 951, 926, 943, 867, 950]],)
args__________ ([[221, 695, 641, 640, 316, 956]],)
args__________ ([[484, 955, 905, 727, 980, 958, 870, 924]],)
args__________ ([[335, 695, 641, 769, 857, 399]],)
args__________ ([[298, 737, 320, 723, 670]],)
args__________ ([[480, 838, 876, 834, 662, 779]],)
args__________ ([[467, 875, 881, 852, 750, 789]],)
args__________ ([[68, 746, 908, 825, 438, 575]],)
args__________ ([[229, 917, 230, 793, 927, 890, 766]],)
args__________ ([[213, 940, 922, 847, 945, 994, 826]],)
args__________ ([[225, 874, 761, 825, 568, 597]],)
args__________ ([[4, 686, 458, 497]],)
args__________ ([[152, 990, 914, 937, 920, 704, 906]],)
args__________ ([[495, 850, 928, 846, 984, 889, 903]],)
args__________ ([[103, 976, 989, 960, 910, 859, 613]],)
args__________ ([[576, 960, 989, 765, 986, 946, 762]],)
args__________ ([[203, 880, 937, 704, 883, 906]],)
args__________ ([[311, 878, 895, 689, 319]],)
args__________ ([[422, 864, 987, 792, 965, 935]],)
args__________ ([[404, 939, 902, 901, 933, 638]],)
finish process___________________
seed_node 993
seed_community:  [384, 257, 898, 133, 390, 391, 265, 395, 17, 916, 795, 414, 671, 291, 932, 934, 295, 296, 683, 684, 302, 949, 952, 571, 572, 957, 574, 959, 577, 835, 993, 328, 389, 848, 978, 853, 215, 728, 346, 91, 378, 862, 991, 609, 740, 997, 358, 223, 361, 487, 208, 775, 741, 630, 249, 122, 893, 254]
seed_node 981
seed_community:  [264, 652, 143, 144, 659, 537, 410, 411, 926, 27, 37, 943, 944, 817, 611, 308, 950, 951, 445, 578, 454, 439, 972, 461, 710, 595, 981, 983, 985, 731, 349, 677, 992, 481, 866, 867, 356, 485, 998, 489, 748, 494, 502, 247, 635]
seed_node 975
seed_community:  [385, 514, 3, 648, 905, 151, 397, 791, 280, 281, 539, 924, 32, 931, 549, 412, 811, 175, 181, 312, 955, 573, 958, 565, 196, 585, 459, 975, 337, 980, 727, 293, 484, 357, 870, 999, 623, 752, 805, 169, 636, 559]
seed_node 938
seed_community:  [384, 257, 898, 133, 390, 391, 265, 395, 17, 916, 795, 414, 671, 291, 932, 934, 295, 296, 938, 683, 684, 302, 949, 952, 571, 572, 957, 574, 959, 577, 835, 609, 328, 389, 848, 978, 853, 215, 728, 346, 91, 122, 862, 991, 993, 740, 741, 358, 223, 361, 487, 208, 775, 630, 249, 378, 997, 893, 254]
seed_node 909
seed_community:  [2, 388, 645, 6, 903, 136, 393, 651, 909, 400, 600, 921, 540, 925, 288, 376, 711, 177, 820, 63, 64, 928, 11, 581, 199, 714, 844, 717, 846, 591, 977, 850, 854, 471, 984, 719, 352, 996, 233, 618, 237, 495, 8, 760, 889, 252]
seed_node 886
seed_community:  [385, 514, 3, 648, 905, 791, 397, 151, 280, 281, 539, 924, 32, 931, 293, 412, 811, 175, 181, 312, 955, 573, 958, 565, 196, 585, 459, 337, 980, 727, 549, 484, 357, 870, 999, 623, 752, 805, 886, 169, 636, 559]
seed_node 861
seed_community:  [448, 260, 10, 398, 20, 918, 796, 797, 801, 36, 167, 426, 555, 541, 953, 827, 318, 192, 961, 841, 842, 333, 206, 465, 782, 982, 216, 861, 865, 610, 99, 370, 243, 374, 887, 634, 508, 767]
seed_node 814
seed_community:  [409, 258, 131, 164, 583, 72, 266, 13, 78, 269, 814, 241, 52, 174, 694, 503, 505, 542, 511]
seed_node 823
seed_community:  [264, 652, 143, 144, 659, 951, 537, 410, 27, 926, 411, 454, 943, 944, 817, 611, 308, 950, 823, 445, 578, 710, 439, 972, 461, 595, 983, 985, 731, 349, 37, 992, 481, 866, 867, 356, 485, 998, 489, 748, 494, 677, 502, 247, 635]
seed_node 808
seed_community:  [264, 652, 143, 144, 659, 537, 410, 411, 926, 27, 37, 808, 943, 944, 817, 611, 308, 950, 951, 445, 578, 710, 454, 439, 972, 461, 595, 983, 985, 731, 349, 677, 992, 481, 866, 867, 356, 485, 998, 489, 748, 494, 502, 247, 635]
seed_node 809
seed_community:  [134, 44, 267, 783, 528, 529, 530, 403, 29, 809, 300, 685, 558, 285, 180, 94, 311, 824, 319, 833, 450, 69, 582, 79, 696, 350, 486, 878, 498, 884, 637, 895]
seed_node 810
seed_community:  [264, 652, 143, 144, 659, 537, 410, 27, 926, 411, 37, 810, 943, 944, 817, 611, 308, 950, 951, 445, 578, 454, 439, 972, 461, 710, 595, 983, 985, 731, 349, 677, 992, 481, 866, 867, 356, 485, 998, 489, 748, 494, 502, 247, 635]
seed_node 777
seed_community:  [643, 214, 518, 777, 650, 141, 271, 273, 914, 915, 278, 152, 947, 286, 417, 937, 687, 433, 434, 51, 309, 182, 55, 313, 906, 704, 323, 566, 584, 460, 203, 588, 973, 589, 227, 468, 86, 569, 344, 90, 603, 990, 739, 843, 880, 625, 920, 883, 76, 681, 362]
seed_node 786
seed_community:  [256, 132, 392, 139, 786, 110, 644, 922, 804, 41, 43, 940, 432, 945, 307, 184, 826, 61, 62, 447, 66, 329, 847, 209, 213, 858, 207, 92, 698, 363, 621, 238, 633]
seed_node 770
seed_community:  [129, 770, 516, 137, 910, 912, 145, 405, 663, 576, 282, 31, 675, 38, 691, 567, 699, 960, 70, 455, 456, 590, 976, 210, 526, 986, 348, 989, 222, 479, 464, 613, 103, 80, 762, 492, 336, 1000, 115, 631, 888, 250, 507, 765, 85]
seed_node 742
seed_community:  [107, 647, 14, 656, 657, 788, 153, 665, 284, 159, 161, 162, 803, 172, 557, 88, 829, 334, 851, 84, 856, 475, 860, 995, 869, 742, 743, 744, 359, 365, 879, 624, 232, 660, 724, 632, 340, 381]
seed_node 755
seed_community:  [134, 44, 267, 783, 528, 529, 530, 403, 29, 300, 685, 558, 285, 180, 350, 311, 696, 319, 833, 450, 69, 582, 79, 824, 94, 486, 878, 498, 755, 884, 637, 895]
seed_node 729
seed_community:  [2, 388, 645, 6, 903, 8, 393, 651, 400, 600, 921, 540, 925, 288, 376, 177, 820, 63, 64, 928, 11, 581, 711, 714, 844, 717, 846, 591, 977, 850, 854, 471, 984, 729, 719, 352, 996, 233, 618, 237, 495, 760, 889, 136, 252]
seed_node 702
seed_community:  [778, 908, 874, 301, 658, 28, 800, 290, 550, 168, 171, 813, 818, 438, 440, 825, 442, 702, 575, 65, 707, 68, 396, 568, 597, 57, 733, 225, 226, 617, 234, 680, 114, 116, 119, 761, 746]
seed_node 703
seed_community:  [235, 9, 394, 789, 407, 664, 157, 674, 35, 166, 39, 21, 305, 138, 703, 840, 716, 845, 467, 852, 342, 228, 875, 109, 881, 383, 764, 149]
seed_node 713
seed_community:  [192, 260, 10, 398, 20, 918, 796, 541, 801, 36, 167, 426, 555, 797, 713, 953, 827, 318, 448, 961, 841, 842, 333, 206, 465, 782, 982, 216, 865, 610, 99, 370, 243, 374, 887, 634, 508, 767]
seed_node 678
seed_community:  [385, 514, 3, 648, 905, 151, 397, 791, 280, 281, 559, 412, 32, 931, 293, 678, 169, 811, 175, 565, 312, 955, 573, 958, 181, 539, 196, 585, 459, 337, 980, 727, 805, 484, 357, 870, 999, 924, 549, 623, 752, 636]
seed_node 679
seed_community:  [2, 388, 645, 6, 903, 136, 393, 11, 400, 984, 921, 540, 925, 928, 679, 760, 8, 820, 63, 64, 288, 651, 581, 711, 177, 714, 844, 717, 846, 591, 977, 850, 854, 471, 600, 719, 352, 996, 233, 618, 237, 495, 376, 889, 252]
seed_node 693
seed_community:  [321, 387, 4, 261, 470, 299, 429, 686, 304, 272, 497, 50, 419, 693, 246, 306, 121, 380]
seed_node 672
seed_community:  [2, 388, 645, 6, 903, 136, 393, 651, 400, 600, 921, 540, 925, 288, 760, 177, 820, 63, 64, 928, 11, 581, 711, 714, 844, 717, 846, 591, 977, 850, 854, 471, 984, 672, 719, 352, 996, 233, 618, 237, 495, 8, 376, 889, 252]
seed_node 646
seed_community:  [517, 646, 520, 855, 524, 525, 142, 911, 913, 274, 277, 534, 792, 669, 30, 709, 418, 422, 935, 40, 812, 692, 317, 446, 965, 966, 73, 718, 720, 339, 382, 599, 602, 987, 734, 864, 101, 231, 877, 366, 368, 552, 371, 500, 117, 375, 248, 126, 533]
seed_node 653
seed_community:  [129, 516, 137, 653, 910, 912, 145, 405, 663, 282, 31, 675, 960, 38, 691, 567, 699, 576, 70, 455, 456, 590, 976, 210, 526, 986, 348, 989, 222, 479, 80, 613, 103, 1000, 762, 492, 336, 115, 464, 631, 888, 250, 507, 765, 85]
seed_node 655
seed_community:  [746, 778, 396, 301, 658, 28, 800, 290, 550, 168, 171, 813, 818, 438, 440, 825, 442, 575, 65, 707, 68, 908, 568, 597, 57, 655, 733, 225, 226, 617, 874, 680, 114, 116, 119, 761, 234]
seed_node 608
seed_community:  [107, 647, 14, 656, 657, 788, 153, 665, 284, 159, 161, 162, 803, 172, 557, 88, 829, 334, 851, 84, 856, 475, 860, 608, 995, 869, 359, 744, 743, 365, 879, 624, 232, 660, 724, 632, 340, 381]
seed_node 615
seed_community:  [643, 214, 518, 906, 141, 271, 273, 914, 915, 278, 152, 947, 286, 417, 937, 687, 433, 434, 51, 309, 182, 55, 313, 650, 704, 323, 566, 584, 588, 203, 460, 973, 589, 227, 468, 86, 569, 344, 90, 603, 990, 739, 615, 843, 880, 625, 920, 883, 76, 681, 362]
seed_node 627
seed_community:  [385, 514, 3, 648, 905, 151, 397, 791, 280, 281, 539, 412, 32, 931, 293, 169, 811, 175, 565, 312, 955, 573, 958, 181, 196, 585, 459, 337, 980, 727, 549, 484, 357, 870, 999, 924, 623, 752, 627, 805, 636, 559]
seed_node 586
seed_community:  [192, 260, 10, 782, 20, 918, 796, 797, 801, 36, 167, 426, 555, 541, 953, 827, 586, 318, 448, 961, 841, 842, 333, 206, 465, 398, 982, 216, 865, 610, 99, 370, 243, 374, 887, 634, 508, 767]
seed_node 593
seed_community:  [129, 516, 137, 526, 912, 145, 405, 663, 282, 31, 675, 960, 38, 691, 567, 699, 576, 70, 455, 456, 590, 336, 593, 210, 910, 250, 986, 348, 989, 222, 479, 80, 994, 613, 103, 1000, 976, 492, 115, 464, 631, 888, 762, 507, 765, 85]
seed_node 594
seed_community:  [384, 257, 898, 389, 390, 391, 265, 395, 17, 916, 795, 414, 133, 291, 932, 934, 295, 296, 683, 684, 302, 949, 952, 571, 671, 957, 574, 959, 577, 835, 609, 328, 848, 594, 853, 215, 728, 346, 91, 378, 862, 991, 993, 740, 741, 358, 223, 572, 487, 208, 978, 775, 630, 361, 249, 122, 997, 893, 254]
seed_node 532
seed_community:  [512, 768, 427, 901, 774, 523, 784, 18, 787, 532, 661, 535, 538, 545, 902, 425, 554, 939, 941, 942, 816, 436, 822, 185, 314, 95, 190, 831, 322, 327, 970, 967, 721, 722, 211, 596, 341, 885, 868, 347, 988, 933, 353, 738, 100, 102, 620, 242, 372, 501, 118, 404, 891, 124, 638]
seed_node 536
seed_community:  [2, 388, 645, 6, 903, 136, 393, 651, 400, 600, 536, 921, 540, 925, 928, 376, 177, 820, 63, 64, 288, 11, 581, 711, 714, 844, 717, 846, 719, 977, 850, 854, 471, 984, 591, 352, 996, 233, 618, 237, 495, 8, 760, 889, 252]
seed_node 546
seed_community:  [264, 652, 143, 144, 659, 537, 410, 27, 926, 546, 411, 677, 943, 944, 817, 308, 950, 951, 445, 578, 710, 454, 439, 972, 461, 611, 983, 985, 731, 349, 37, 992, 481, 866, 867, 356, 485, 998, 489, 748, 494, 595, 502, 247, 635]
seed_node 562
seed_community:  [235, 9, 138, 789, 149, 407, 664, 157, 674, 35, 166, 39, 305, 562, 394, 840, 716, 845, 467, 852, 342, 228, 875, 109, 881, 383, 764, 21]
seed_node 563
seed_community:  [409, 258, 131, 164, 583, 72, 266, 13, 174, 269, 241, 563, 52, 78, 694, 503, 505, 542, 511]
seed_node 493
seed_community:  [1, 130, 515, 900, 513, 904, 527, 16, 24, 154, 667, 730, 799, 544, 802, 82, 423, 201, 58, 828, 579, 968, 969, 331, 204, 338, 87, 218, 493, 732, 477, 482, 715, 236, 466, 971, 367, 882, 628, 894, 763, 892, 510]
seed_node 509
seed_community:  [2, 388, 645, 6, 903, 136, 393, 11, 400, 600, 921, 540, 925, 928, 760, 177, 820, 63, 64, 288, 651, 581, 711, 714, 844, 717, 846, 591, 977, 850, 854, 471, 984, 719, 352, 996, 233, 618, 237, 495, 8, 376, 889, 252, 509]
seed_node 521
seed_community:  [1, 130, 515, 900, 513, 904, 521, 527, 16, 24, 154, 667, 730, 799, 544, 802, 423, 466, 201, 58, 828, 579, 968, 969, 331, 204, 82, 87, 218, 732, 477, 482, 715, 236, 338, 971, 367, 882, 628, 894, 763, 892, 510]
seed_node 522
seed_community:  [772, 5, 522, 406, 155, 668, 798, 547, 420, 163, 303, 53, 700, 821, 836, 83, 345, 604, 735, 612, 360, 60, 747, 112, 373, 758, 759]
seed_node 457
seed_community:  [129, 516, 137, 910, 912, 145, 405, 663, 282, 31, 675, 960, 38, 691, 567, 699, 576, 70, 455, 456, 457, 590, 80, 210, 526, 250, 986, 348, 989, 222, 479, 976, 613, 103, 1000, 492, 336, 115, 464, 631, 888, 762, 507, 765, 85]
seed_node 463
seed_community:  [264, 652, 143, 144, 659, 537, 410, 27, 926, 411, 677, 943, 944, 817, 308, 950, 951, 867, 445, 578, 710, 454, 439, 972, 461, 463, 595, 983, 985, 731, 349, 37, 992, 481, 866, 611, 356, 485, 998, 489, 748, 494, 502, 247, 635]
seed_node 472
seed_community:  [256, 644, 392, 139, 110, 132, 922, 804, 41, 43, 940, 432, 945, 307, 184, 826, 61, 62, 447, 66, 329, 207, 209, 213, 472, 858, 847, 92, 698, 363, 621, 238, 633]
seed_node 386
seed_community:  [129, 386, 516, 137, 910, 912, 145, 405, 663, 282, 31, 675, 960, 38, 691, 567, 699, 576, 70, 455, 456, 590, 80, 210, 526, 250, 986, 348, 989, 222, 479, 976, 613, 103, 1000, 492, 336, 115, 464, 631, 888, 762, 507, 765, 85]
seed_node 402
seed_community:  [768, 512, 939, 901, 902, 523, 784, 18, 787, 404, 661, 535, 538, 545, 774, 425, 554, 427, 941, 942, 816, 436, 822, 185, 314, 190, 831, 322, 327, 970, 501, 967, 721, 722, 211, 596, 341, 100, 347, 988, 95, 353, 738, 868, 102, 620, 402, 242, 372, 885, 118, 933, 891, 124, 638]
seed_node 421
seed_community:  [2, 388, 645, 6, 903, 8, 393, 11, 400, 984, 921, 540, 925, 928, 376, 421, 177, 820, 59, 63, 64, 288, 651, 581, 711, 714, 844, 717, 846, 719, 977, 850, 854, 471, 600, 591, 352, 996, 233, 618, 237, 495, 760, 889, 136, 252]
seed_node 431
seed_community:  [517, 520, 599, 524, 525, 142, 911, 913, 274, 277, 534, 792, 669, 30, 709, 418, 422, 935, 552, 812, 431, 692, 317, 446, 965, 966, 73, 126, 718, 720, 339, 855, 602, 987, 734, 864, 101, 231, 877, 366, 368, 40, 371, 500, 117, 375, 248, 382, 533]
seed_node 315
seed_community:  [896, 897, 899, 773, 263, 907, 780, 781, 147, 276, 473, 708, 923, 415, 560, 170, 173, 688, 819, 948, 287, 56, 315, 444, 202, 449, 963, 964, 330, 587, 332, 205, 974, 77, 849, 725, 217, 219, 605, 871, 488, 873, 751, 872, 499, 629, 506, 462, 469]
seed_node 324
seed_community:  [107, 647, 14, 656, 657, 788, 153, 665, 284, 159, 161, 162, 803, 172, 557, 624, 829, 324, 334, 851, 84, 88, 475, 860, 995, 869, 359, 232, 743, 365, 879, 856, 744, 660, 724, 632, 340, 381]
seed_node 244
seed_community:  [513, 130, 515, 900, 1, 904, 527, 16, 24, 154, 667, 730, 799, 544, 802, 423, 466, 201, 244, 58, 828, 579, 968, 969, 971, 204, 331, 338, 87, 218, 732, 477, 482, 715, 236, 82, 367, 882, 628, 894, 763, 892, 510]
seed_node 253
seed_community:  [517, 520, 855, 524, 525, 142, 911, 913, 274, 533, 534, 792, 669, 30, 965, 418, 422, 935, 552, 812, 692, 317, 446, 709, 966, 73, 126, 718, 720, 339, 599, 602, 987, 734, 864, 101, 231, 877, 366, 368, 40, 371, 500, 117, 375, 248, 253, 382, 277]
seed_node 255
seed_community:  [2, 388, 645, 6, 903, 8, 393, 651, 400, 600, 921, 540, 925, 928, 376, 177, 820, 63, 64, 288, 11, 581, 711, 714, 844, 717, 846, 719, 977, 850, 854, 471, 984, 591, 352, 996, 233, 618, 237, 495, 760, 889, 136, 252, 255]
seed_node 262
seed_community:  [235, 262, 9, 138, 149, 407, 664, 157, 674, 35, 166, 39, 21, 305, 394, 840, 716, 845, 467, 852, 342, 228, 875, 109, 881, 383, 764, 789]
seed_node 268
seed_community:  [746, 778, 908, 301, 658, 28, 800, 290, 550, 680, 171, 813, 818, 438, 568, 57, 442, 575, 65, 707, 68, 268, 440, 597, 825, 733, 225, 226, 617, 874, 168, 114, 116, 119, 761, 396, 234]
seed_node 270
seed_community:  [896, 897, 899, 773, 263, 907, 780, 781, 270, 147, 276, 473, 708, 923, 287, 560, 170, 173, 688, 819, 948, 56, 415, 444, 202, 449, 963, 964, 330, 587, 332, 77, 974, 205, 849, 725, 217, 219, 605, 871, 872, 873, 751, 488, 499, 629, 506, 462, 469]
seed_node 297
seed_community:  [107, 647, 340, 14, 656, 657, 660, 153, 665, 284, 159, 161, 162, 803, 297, 172, 557, 88, 829, 334, 851, 84, 856, 475, 860, 995, 869, 359, 232, 743, 365, 879, 624, 744, 788, 632, 724, 381]
seed_node 150
seed_community:  [875, 9, 394, 149, 150, 407, 664, 157, 674, 35, 166, 39, 21, 305, 138, 840, 716, 845, 467, 852, 342, 228, 235, 109, 881, 383, 764, 789]
seed_node 156
seed_community:  [896, 897, 899, 773, 263, 907, 780, 781, 147, 276, 217, 964, 923, 156, 415, 560, 170, 173, 688, 819, 948, 56, 287, 444, 330, 449, 963, 708, 202, 587, 332, 205, 974, 77, 849, 725, 473, 219, 605, 871, 872, 873, 751, 488, 499, 629, 506, 462, 469]
seed_node 158
seed_community:  [896, 897, 899, 773, 263, 907, 780, 781, 147, 276, 217, 964, 923, 158, 415, 560, 170, 173, 688, 819, 948, 56, 287, 444, 202, 449, 963, 708, 330, 587, 332, 77, 974, 205, 849, 469, 473, 219, 605, 871, 872, 873, 751, 488, 499, 629, 506, 462, 725]
seed_node 160
seed_community:  [129, 516, 137, 910, 912, 145, 405, 663, 576, 282, 31, 160, 675, 38, 108, 691, 567, 699, 960, 70, 455, 456, 590, 976, 210, 526, 986, 348, 989, 222, 479, 336, 613, 103, 80, 762, 492, 1000, 115, 464, 631, 888, 250, 507, 765, 85]
seed_node 176
seed_community:  [128, 776, 12, 654, 430, 25, 165, 294, 807, 553, 46, 176, 570, 187, 705, 706, 200, 140, 474, 606, 607, 736, 622, 113, 754, 123]
seed_node 183
seed_community:  [513, 130, 515, 900, 1, 904, 527, 16, 24, 154, 667, 218, 799, 544, 802, 423, 338, 201, 58, 828, 579, 968, 969, 331, 204, 82, 87, 730, 732, 477, 482, 715, 236, 466, 971, 367, 882, 628, 510, 763, 892, 183, 894]
seed_node 188
seed_community:  [513, 130, 515, 900, 1, 904, 527, 16, 24, 154, 667, 730, 799, 544, 802, 423, 338, 201, 58, 188, 579, 968, 969, 971, 204, 331, 82, 87, 218, 732, 477, 482, 715, 828, 236, 466, 367, 882, 628, 894, 763, 892, 510]
seed_node 197
seed_community:  [896, 897, 899, 773, 263, 907, 780, 781, 147, 276, 217, 964, 923, 287, 560, 170, 173, 688, 819, 948, 56, 415, 444, 330, 449, 963, 708, 197, 202, 587, 332, 77, 974, 205, 849, 469, 473, 219, 605, 871, 488, 873, 751, 872, 499, 629, 506, 462, 725]
seed_node 7
seed_community:  [129, 516, 7, 137, 910, 912, 145, 405, 663, 282, 31, 675, 960, 38, 691, 567, 699, 576, 70, 455, 456, 590, 80, 210, 526, 986, 348, 989, 222, 479, 976, 613, 103, 1000, 762, 492, 336, 115, 464, 631, 888, 250, 507, 765, 85]
seed_node 42
seed_community:  [264, 652, 143, 144, 659, 537, 410, 27, 926, 411, 37, 42, 943, 944, 817, 308, 950, 951, 445, 578, 710, 454, 439, 972, 461, 611, 983, 985, 731, 349, 677, 992, 481, 866, 867, 356, 485, 998, 489, 748, 494, 595, 502, 247, 635]
seed_node 47
seed_community:  [512, 768, 427, 901, 774, 523, 784, 18, 787, 404, 661, 535, 538, 545, 933, 425, 554, 939, 941, 942, 47, 816, 436, 822, 185, 314, 190, 831, 322, 967, 970, 721, 722, 211, 596, 341, 902, 885, 100, 347, 988, 95, 353, 738, 868, 102, 327, 620, 242, 372, 501, 118, 891, 124, 638]
seed_node 67
seed_community:  [896, 897, 899, 773, 263, 907, 780, 781, 499, 725, 67, 276, 473, 964, 923, 415, 560, 170, 173, 688, 819, 948, 56, 287, 444, 330, 449, 963, 708, 202, 587, 332, 77, 974, 205, 849, 462, 217, 219, 605, 871, 872, 873, 751, 488, 147, 629, 506, 469]
seed_node 71
seed_community:  [517, 520, 599, 524, 525, 142, 911, 913, 274, 533, 534, 792, 669, 30, 709, 418, 422, 935, 552, 812, 692, 317, 446, 965, 966, 71, 73, 126, 718, 720, 339, 855, 602, 987, 734, 864, 101, 231, 877, 366, 368, 40, 371, 500, 117, 375, 248, 382, 277]
seed_node 81
seed_community:  [107, 647, 14, 656, 657, 788, 153, 665, 284, 159, 161, 162, 803, 172, 557, 624, 829, 334, 81, 851, 84, 88, 475, 860, 995, 869, 359, 232, 743, 365, 879, 856, 744, 660, 724, 632, 340, 381]
seed_node 89
seed_community:  [135, 15, 22, 23, 670, 34, 298, 48, 437, 189, 320, 580, 326, 737, 343, 89, 97, 616, 490, 626, 251, 682]
seed_node 96
seed_community:  [129, 516, 137, 910, 912, 145, 405, 663, 576, 282, 31, 675, 38, 691, 567, 699, 960, 70, 455, 456, 590, 976, 210, 526, 986, 348, 989, 222, 479, 96, 464, 613, 103, 80, 762, 492, 336, 1000, 115, 631, 888, 250, 507, 765, 85]
i =  0 [772, 5, 406, 155, 668, 798, 547, 420, 163, 303, 821, 700, 53, 836, 83, 345, 604, 735, 612, 360, 60, 747, 112, 373, 758, 759]
i =  1 [517, 520, 599, 524, 525, 142, 911, 913, 274, 277, 534, 792, 669, 30, 965, 418, 422, 935, 40, 812, 178, 692, 317, 446, 709, 966, 73, 718, 720, 339, 382, 855, 602, 987, 734, 864, 101, 231, 877, 366, 368, 552, 371, 500, 117, 375, 248, 377, 126, 533]
i =  2 [128, 776, 12, 654, 430, 25, 165, 294, 807, 553, 46, 570, 187, 705, 706, 200, 140, 474, 606, 607, 736, 622, 113, 754, 123]
i =  3 [512, 768, 939, 901, 774, 523, 784, 18, 787, 404, 661, 535, 538, 545, 902, 425, 554, 427, 941, 942, 816, 436, 822, 185, 314, 190, 831, 322, 967, 970, 501, 721, 722, 211, 596, 341, 868, 347, 988, 95, 353, 738, 100, 102, 327, 620, 242, 979, 372, 885, 118, 933, 891, 124, 638]
i =  4 [128, 776, 12, 654, 430, 25, 165, 294, 807, 553, 46, 570, 187, 705, 706, 200, 140, 474, 606, 607, 736, 622, 113, 754, 123]
i =  5 [264, 652, 143, 144, 659, 537, 410, 27, 926, 411, 677, 943, 944, 817, 308, 950, 951, 867, 445, 578, 710, 454, 439, 972, 461, 595, 983, 985, 731, 349, 37, 992, 481, 866, 611, 356, 485, 998, 489, 748, 749, 494, 502, 247, 635]
i =  6 [149, 875, 9, 394, 789, 407, 664, 157, 674, 35, 166, 39, 305, 138, 840, 716, 845, 467, 852, 342, 228, 235, 109, 881, 383, 764, 21]
i =  7 [2, 388, 645, 6, 903, 8, 393, 651, 400, 984, 921, 540, 925, 288, 930, 760, 177, 820, 63, 64, 928, 11, 581, 711, 714, 844, 717, 846, 591, 977, 850, 854, 471, 600, 719, 352, 996, 233, 618, 237, 495, 376, 889, 136, 252]
i =  8 [192, 260, 10, 782, 20, 918, 796, 541, 801, 36, 167, 426, 555, 797, 953, 827, 318, 448, 961, 841, 842, 333, 206, 465, 398, 982, 216, 865, 610, 99, 370, 243, 374, 887, 634, 508, 767]
i =  9 [129, 516, 137, 910, 912, 145, 405, 663, 282, 31, 675, 960, 38, 691, 479, 567, 699, 576, 70, 455, 456, 590, 80, 210, 526, 250, 986, 348, 989, 222, 863, 464, 613, 103, 1000, 976, 492, 336, 115, 631, 888, 762, 507, 765, 85]
i =  10 [435, 785, 19, 148, 790, 279, 408, 543, 690, 179, 310, 186, 443, 193, 195, 837, 712, 601, 476, 93, 614, 745, 491, 364, 111, 240, 105]
i =  11 [513, 130, 515, 900, 1, 904, 527, 16, 919, 24, 154, 667, 218, 799, 544, 802, 423, 338, 969, 58, 828, 579, 968, 201, 971, 204, 331, 466, 87, 730, 732, 477, 482, 715, 236, 82, 367, 882, 628, 510, 763, 892, 894]
i =  12 [134, 300, 267, 783, 528, 529, 530, 403, 285, 44, 685, 558, 29, 180, 94, 311, 696, 319, 833, 450, 69, 582, 79, 824, 350, 486, 878, 498, 884, 637, 895]
i =  13 [513, 130, 515, 900, 1, 904, 527, 16, 24, 154, 667, 218, 799, 544, 802, 82, 806, 423, 969, 58, 828, 579, 968, 201, 971, 204, 331, 338, 87, 730, 732, 477, 482, 715, 236, 466, 367, 882, 628, 894, 763, 892, 510]
i =  14 [640, 769, 354, 259, 325, 701, 641, 106, 125, 399, 531, 212, 245, 695, 120, 441, 74, 335, 316, 221, 191]
i =  15 [2, 771, 388, 645, 6, 903, 8, 393, 651, 400, 984, 921, 540, 925, 288, 760, 177, 820, 59, 63, 64, 928, 11, 581, 711, 714, 844, 717, 846, 591, 977, 850, 854, 471, 600, 719, 352, 996, 233, 618, 237, 495, 376, 889, 136, 252]
i =  16 [647, 14, 656, 657, 788, 153, 665, 284, 159, 161, 162, 803, 172, 557, 743, 88, 829, 334, 851, 84, 856, 475, 860, 995, 869, 359, 744, 107, 365, 879, 624, 232, 660, 724, 632, 340, 381]
i =  17 [2, 388, 645, 6, 903, 8, 393, 11, 400, 984, 921, 540, 925, 928, 376, 177, 820, 830, 63, 64, 288, 651, 581, 711, 714, 844, 717, 846, 719, 977, 850, 854, 471, 600, 591, 352, 996, 233, 618, 237, 495, 760, 889, 136, 252]
i =  18 [256, 644, 392, 139, 66, 238, 132, 922, 804, 41, 43, 940, 432, 945, 307, 184, 826, 61, 62, 447, 962, 329, 207, 209, 213, 858, 847, 92, 698, 363, 621, 110, 633]
i =  19 [642, 264, 652, 143, 144, 659, 537, 410, 411, 926, 27, 37, 943, 944, 817, 308, 950, 439, 867, 445, 578, 454, 951, 972, 461, 710, 595, 983, 985, 731, 349, 677, 992, 481, 866, 611, 356, 485, 998, 489, 748, 494, 502, 247, 635]
i =  20 [135, 15, 22, 23, 670, 929, 34, 298, 48, 437, 189, 320, 580, 326, 737, 343, 97, 616, 490, 626, 251, 682]
i =  21 [896, 897, 899, 773, 263, 907, 780, 781, 147, 276, 473, 708, 923, 287, 560, 170, 173, 688, 819, 948, 56, 415, 444, 330, 449, 963, 964, 202, 587, 332, 77, 974, 205, 849, 725, 217, 219, 605, 871, 872, 873, 751, 488, 499, 629, 506, 462, 469]
i =  22 [264, 652, 143, 144, 659, 537, 410, 27, 926, 411, 37, 943, 944, 817, 308, 950, 951, 445, 578, 454, 439, 972, 461, 710, 867, 983, 985, 731, 349, 677, 992, 481, 866, 611, 356, 485, 998, 489, 748, 494, 595, 502, 247, 635]
i =  23 [640, 641, 259, 769, 399, 531, 695, 441, 316, 701, 191, 325, 74, 335, 212, 221, 354, 956, 106, 245, 120, 125]
i =  24 [385, 514, 3, 648, 905, 791, 397, 151, 280, 281, 539, 412, 32, 931, 549, 924, 811, 559, 181, 312, 955, 573, 958, 565, 175, 196, 585, 459, 337, 980, 727, 293, 484, 357, 870, 999, 623, 752, 805, 169, 636]
i =  25 [640, 641, 259, 769, 399, 531, 695, 441, 316, 701, 191, 325, 74, 335, 212, 857, 221, 354, 106, 245, 120, 125]
i =  26 [135, 15, 22, 23, 670, 34, 298, 48, 437, 189, 320, 580, 326, 97, 723, 343, 737, 616, 490, 626, 251, 682]
i =  27 [779, 194, 146, 275, 662, 283, 413, 416, 673, 292, 556, 45, 49, 54, 832, 834, 451, 453, 838, 75, 592, 220, 351, 480, 355, 104, 876, 239, 379, 639]
i =  28 [149, 875, 9, 138, 789, 407, 664, 157, 674, 35, 166, 39, 305, 394, 840, 716, 845, 467, 852, 342, 228, 235, 109, 750, 881, 383, 764, 21]
i =  29 [778, 908, 874, 813, 658, 28, 800, 290, 550, 168, 171, 301, 818, 438, 440, 825, 442, 575, 65, 707, 68, 396, 568, 597, 57, 733, 225, 226, 617, 234, 680, 114, 116, 119, 761, 746]
i =  30 [726, 519, 649, 401, 917, 793, 794, 26, 927, 33, 548, 666, 551, 424, 428, 815, 561, 564, 697, 954, 452, 198, 839, 936, 598, 676, 753, 478, 224, 98, 483, 229, 230, 619, 289, 496, 369, 756, 757, 504, 890, 766, 127]
i =  31 [256, 132, 392, 139, 238, 644, 922, 804, 41, 43, 940, 432, 945, 307, 184, 698, 61, 62, 447, 66, 329, 207, 209, 213, 858, 847, 92, 826, 994, 363, 621, 110, 633]
i =  32 [778, 396, 874, 301, 658, 28, 800, 290, 550, 168, 171, 813, 818, 438, 568, 825, 442, 575, 65, 707, 68, 908, 440, 597, 57, 733, 225, 226, 617, 234, 680, 114, 116, 119, 761, 746]
i =  33 [321, 387, 4, 261, 470, 458, 299, 429, 686, 304, 272, 497, 50, 419, 246, 306, 121, 380]
i =  34 [51, 643, 86, 518, 906, 141, 271, 273, 914, 915, 278, 152, 286, 417, 937, 687, 433, 434, 947, 309, 566, 55, 569, 650, 704, 323, 182, 584, 76, 203, 588, 589, 973, 227, 468, 214, 313, 344, 90, 603, 990, 739, 843, 880, 625, 920, 883, 681, 460, 362]
i =  35 [2, 388, 645, 6, 903, 136, 393, 651, 400, 984, 921, 540, 925, 928, 376, 177, 820, 63, 64, 288, 11, 581, 711, 714, 844, 717, 846, 591, 977, 850, 854, 471, 600, 719, 352, 996, 233, 618, 237, 495, 8, 760, 889, 252]
i =  36 [129, 516, 137, 910, 912, 145, 405, 663, 576, 282, 31, 675, 38, 691, 567, 699, 960, 70, 455, 456, 590, 976, 210, 526, 986, 859, 348, 989, 222, 479, 464, 613, 103, 80, 762, 492, 336, 1000, 115, 631, 888, 250, 507, 765, 85]
i =  37 [129, 516, 137, 910, 912, 145, 405, 663, 282, 31, 675, 960, 38, 946, 691, 567, 699, 576, 70, 455, 456, 590, 80, 210, 526, 250, 986, 348, 989, 222, 479, 336, 613, 103, 1000, 976, 492, 115, 464, 631, 888, 762, 507, 765, 85]
i =  38 [51, 643, 214, 518, 906, 141, 271, 273, 914, 915, 278, 152, 286, 417, 937, 687, 433, 434, 947, 309, 182, 55, 569, 650, 704, 323, 566, 584, 460, 203, 588, 589, 973, 739, 468, 86, 313, 344, 90, 603, 990, 227, 843, 880, 625, 920, 883, 76, 681, 362]
i =  39 [134, 44, 267, 783, 528, 529, 530, 403, 29, 300, 685, 558, 285, 689, 180, 350, 311, 824, 319, 833, 450, 69, 582, 79, 696, 94, 486, 878, 498, 884, 637, 895]
i =  40 [517, 520, 599, 524, 525, 142, 911, 913, 274, 533, 534, 792, 669, 30, 709, 418, 422, 935, 552, 812, 692, 317, 446, 965, 966, 73, 718, 720, 339, 382, 855, 602, 987, 734, 864, 101, 231, 877, 366, 368, 40, 371, 500, 117, 375, 248, 126, 277]
i =  41 [768, 512, 427, 901, 774, 523, 784, 18, 787, 404, 661, 535, 538, 545, 902, 425, 554, 939, 941, 942, 816, 436, 822, 185, 314, 190, 831, 322, 118, 327, 970, 721, 722, 211, 596, 341, 885, 868, 347, 988, 95, 353, 738, 100, 102, 620, 242, 372, 501, 967, 933, 891, 124, 638]
i =  42 [384, 257, 898, 133, 390, 391, 265, 395, 17, 916, 795, 414, 671, 291, 932, 934, 295, 296, 683, 684, 302, 949, 952, 571, 572, 957, 574, 959, 577, 835, 993, 328, 389, 848, 978, 853, 215, 728, 346, 91, 378, 862, 991, 609, 740, 997, 358, 223, 361, 487, 208, 775, 741, 630, 249, 122, 893, 254]
i =  43 [264, 652, 143, 144, 659, 537, 410, 411, 926, 27, 37, 943, 944, 817, 611, 308, 950, 951, 445, 578, 454, 439, 972, 461, 710, 595, 981, 983, 985, 731, 349, 677, 992, 481, 866, 867, 356, 485, 998, 489, 748, 494, 502, 247, 635]
i =  44 [385, 514, 3, 648, 905, 151, 397, 791, 280, 281, 539, 924, 32, 931, 549, 412, 811, 175, 181, 312, 955, 573, 958, 565, 196, 585, 459, 975, 337, 980, 727, 293, 484, 357, 870, 999, 623, 752, 805, 169, 636, 559]
i =  45 [384, 257, 898, 133, 390, 391, 265, 395, 17, 916, 795, 414, 671, 291, 932, 934, 295, 296, 938, 683, 684, 302, 949, 952, 571, 572, 957, 574, 959, 577, 835, 609, 328, 389, 848, 978, 853, 215, 728, 346, 91, 122, 862, 991, 993, 740, 741, 358, 223, 361, 487, 208, 775, 630, 249, 378, 997, 893, 254]
i =  46 [2, 388, 645, 6, 903, 136, 393, 651, 909, 400, 600, 921, 540, 925, 288, 376, 711, 177, 820, 63, 64, 928, 11, 581, 199, 714, 844, 717, 846, 591, 977, 850, 854, 471, 984, 719, 352, 996, 233, 618, 237, 495, 8, 760, 889, 252]
i =  47 [385, 514, 3, 648, 905, 791, 397, 151, 280, 281, 539, 924, 32, 931, 293, 412, 811, 175, 181, 312, 955, 573, 958, 565, 196, 585, 459, 337, 980, 727, 549, 484, 357, 870, 999, 623, 752, 805, 886, 169, 636, 559]
i =  48 [448, 260, 10, 398, 20, 918, 796, 797, 801, 36, 167, 426, 555, 541, 953, 827, 318, 192, 961, 841, 842, 333, 206, 465, 782, 982, 216, 861, 865, 610, 99, 370, 243, 374, 887, 634, 508, 767]
i =  49 [409, 258, 131, 164, 583, 72, 266, 13, 78, 269, 814, 241, 52, 174, 694, 503, 505, 542, 511]
i =  50 [264, 652, 143, 144, 659, 951, 537, 410, 27, 926, 411, 454, 943, 944, 817, 611, 308, 950, 823, 445, 578, 710, 439, 972, 461, 595, 983, 985, 731, 349, 37, 992, 481, 866, 867, 356, 485, 998, 489, 748, 494, 677, 502, 247, 635]
i =  51 [264, 652, 143, 144, 659, 537, 410, 411, 926, 27, 37, 808, 943, 944, 817, 611, 308, 950, 951, 445, 578, 710, 454, 439, 972, 461, 595, 983, 985, 731, 349, 677, 992, 481, 866, 867, 356, 485, 998, 489, 748, 494, 502, 247, 635]
i =  52 [134, 44, 267, 783, 528, 529, 530, 403, 29, 809, 300, 685, 558, 285, 180, 94, 311, 824, 319, 833, 450, 69, 582, 79, 696, 350, 486, 878, 498, 884, 637, 895]
i =  53 [264, 652, 143, 144, 659, 537, 410, 27, 926, 411, 37, 810, 943, 944, 817, 611, 308, 950, 951, 445, 578, 454, 439, 972, 461, 710, 595, 983, 985, 731, 349, 677, 992, 481, 866, 867, 356, 485, 998, 489, 748, 494, 502, 247, 635]
i =  54 [643, 214, 518, 777, 650, 141, 271, 273, 914, 915, 278, 152, 947, 286, 417, 937, 687, 433, 434, 51, 309, 182, 55, 313, 906, 704, 323, 566, 584, 460, 203, 588, 973, 589, 227, 468, 86, 569, 344, 90, 603, 990, 739, 843, 880, 625, 920, 883, 76, 681, 362]
i =  55 [256, 132, 392, 139, 786, 110, 644, 922, 804, 41, 43, 940, 432, 945, 307, 184, 826, 61, 62, 447, 66, 329, 847, 209, 213, 858, 207, 92, 698, 363, 621, 238, 633]
i =  56 [129, 770, 516, 137, 910, 912, 145, 405, 663, 576, 282, 31, 675, 38, 691, 567, 699, 960, 70, 455, 456, 590, 976, 210, 526, 986, 348, 989, 222, 479, 464, 613, 103, 80, 762, 492, 336, 1000, 115, 631, 888, 250, 507, 765, 85]
i =  57 [107, 647, 14, 656, 657, 788, 153, 665, 284, 159, 161, 162, 803, 172, 557, 88, 829, 334, 851, 84, 856, 475, 860, 995, 869, 742, 743, 744, 359, 365, 879, 624, 232, 660, 724, 632, 340, 381]
i =  58 [134, 44, 267, 783, 528, 529, 530, 403, 29, 300, 685, 558, 285, 180, 350, 311, 696, 319, 833, 450, 69, 582, 79, 824, 94, 486, 878, 498, 755, 884, 637, 895]
i =  59 [2, 388, 645, 6, 903, 8, 393, 651, 400, 600, 921, 540, 925, 288, 376, 177, 820, 63, 64, 928, 11, 581, 711, 714, 844, 717, 846, 591, 977, 850, 854, 471, 984, 729, 719, 352, 996, 233, 618, 237, 495, 760, 889, 136, 252]
i =  60 [778, 908, 874, 301, 658, 28, 800, 290, 550, 168, 171, 813, 818, 438, 440, 825, 442, 702, 575, 65, 707, 68, 396, 568, 597, 57, 733, 225, 226, 617, 234, 680, 114, 116, 119, 761, 746]
i =  61 [235, 9, 394, 789, 407, 664, 157, 674, 35, 166, 39, 21, 305, 138, 703, 840, 716, 845, 467, 852, 342, 228, 875, 109, 881, 383, 764, 149]
i =  62 [192, 260, 10, 398, 20, 918, 796, 541, 801, 36, 167, 426, 555, 797, 713, 953, 827, 318, 448, 961, 841, 842, 333, 206, 465, 782, 982, 216, 865, 610, 99, 370, 243, 374, 887, 634, 508, 767]
i =  63 [385, 514, 3, 648, 905, 151, 397, 791, 280, 281, 559, 412, 32, 931, 293, 678, 169, 811, 175, 565, 312, 955, 573, 958, 181, 539, 196, 585, 459, 337, 980, 727, 805, 484, 357, 870, 999, 924, 549, 623, 752, 636]
i =  64 [2, 388, 645, 6, 903, 136, 393, 11, 400, 984, 921, 540, 925, 928, 679, 760, 8, 820, 63, 64, 288, 651, 581, 711, 177, 714, 844, 717, 846, 591, 977, 850, 854, 471, 600, 719, 352, 996, 233, 618, 237, 495, 376, 889, 252]
i =  65 [321, 387, 4, 261, 470, 299, 429, 686, 304, 272, 497, 50, 419, 693, 246, 306, 121, 380]
i =  66 [2, 388, 645, 6, 903, 136, 393, 651, 400, 600, 921, 540, 925, 288, 760, 177, 820, 63, 64, 928, 11, 581, 711, 714, 844, 717, 846, 591, 977, 850, 854, 471, 984, 672, 719, 352, 996, 233, 618, 237, 495, 8, 376, 889, 252]
i =  67 [517, 646, 520, 855, 524, 525, 142, 911, 913, 274, 277, 534, 792, 669, 30, 709, 418, 422, 935, 40, 812, 692, 317, 446, 965, 966, 73, 718, 720, 339, 382, 599, 602, 987, 734, 864, 101, 231, 877, 366, 368, 552, 371, 500, 117, 375, 248, 126, 533]
i =  68 [129, 516, 137, 653, 910, 912, 145, 405, 663, 282, 31, 675, 960, 38, 691, 567, 699, 576, 70, 455, 456, 590, 976, 210, 526, 986, 348, 989, 222, 479, 80, 613, 103, 1000, 762, 492, 336, 115, 464, 631, 888, 250, 507, 765, 85]
i =  69 [746, 778, 396, 301, 658, 28, 800, 290, 550, 168, 171, 813, 818, 438, 440, 825, 442, 575, 65, 707, 68, 908, 568, 597, 57, 655, 733, 225, 226, 617, 874, 680, 114, 116, 119, 761, 234]
i =  70 [107, 647, 14, 656, 657, 788, 153, 665, 284, 159, 161, 162, 803, 172, 557, 88, 829, 334, 851, 84, 856, 475, 860, 608, 995, 869, 359, 744, 743, 365, 879, 624, 232, 660, 724, 632, 340, 381]
i =  71 [643, 214, 518, 906, 141, 271, 273, 914, 915, 278, 152, 947, 286, 417, 937, 687, 433, 434, 51, 309, 182, 55, 313, 650, 704, 323, 566, 584, 588, 203, 460, 973, 589, 227, 468, 86, 569, 344, 90, 603, 990, 739, 615, 843, 880, 625, 920, 883, 76, 681, 362]
i =  72 [385, 514, 3, 648, 905, 151, 397, 791, 280, 281, 539, 412, 32, 931, 293, 169, 811, 175, 565, 312, 955, 573, 958, 181, 196, 585, 459, 337, 980, 727, 549, 484, 357, 870, 999, 924, 623, 752, 627, 805, 636, 559]
i =  73 [192, 260, 10, 782, 20, 918, 796, 797, 801, 36, 167, 426, 555, 541, 953, 827, 586, 318, 448, 961, 841, 842, 333, 206, 465, 398, 982, 216, 865, 610, 99, 370, 243, 374, 887, 634, 508, 767]
i =  74 [129, 516, 137, 526, 912, 145, 405, 663, 282, 31, 675, 960, 38, 691, 567, 699, 576, 70, 455, 456, 590, 336, 593, 210, 910, 250, 986, 348, 989, 222, 479, 80, 994, 613, 103, 1000, 976, 492, 115, 464, 631, 888, 762, 507, 765, 85]
i =  75 [384, 257, 898, 389, 390, 391, 265, 395, 17, 916, 795, 414, 133, 291, 932, 934, 295, 296, 683, 684, 302, 949, 952, 571, 671, 957, 574, 959, 577, 835, 609, 328, 848, 594, 853, 215, 728, 346, 91, 378, 862, 991, 993, 740, 741, 358, 223, 572, 487, 208, 978, 775, 630, 361, 249, 122, 997, 893, 254]
i =  76 [512, 768, 427, 901, 774, 523, 784, 18, 787, 532, 661, 535, 538, 545, 902, 425, 554, 939, 941, 942, 816, 436, 822, 185, 314, 95, 190, 831, 322, 327, 970, 967, 721, 722, 211, 596, 341, 885, 868, 347, 988, 933, 353, 738, 100, 102, 620, 242, 372, 501, 118, 404, 891, 124, 638]
i =  77 [2, 388, 645, 6, 903, 136, 393, 651, 400, 600, 536, 921, 540, 925, 928, 376, 177, 820, 63, 64, 288, 11, 581, 711, 714, 844, 717, 846, 719, 977, 850, 854, 471, 984, 591, 352, 996, 233, 618, 237, 495, 8, 760, 889, 252]
i =  78 [264, 652, 143, 144, 659, 537, 410, 27, 926, 546, 411, 677, 943, 944, 817, 308, 950, 951, 445, 578, 710, 454, 439, 972, 461, 611, 983, 985, 731, 349, 37, 992, 481, 866, 867, 356, 485, 998, 489, 748, 494, 595, 502, 247, 635]
i =  79 [235, 9, 138, 789, 149, 407, 664, 157, 674, 35, 166, 39, 305, 562, 394, 840, 716, 845, 467, 852, 342, 228, 875, 109, 881, 383, 764, 21]
i =  80 [409, 258, 131, 164, 583, 72, 266, 13, 174, 269, 241, 563, 52, 78, 694, 503, 505, 542, 511]
i =  81 [1, 130, 515, 900, 513, 904, 527, 16, 24, 154, 667, 730, 799, 544, 802, 82, 423, 201, 58, 828, 579, 968, 969, 331, 204, 338, 87, 218, 493, 732, 477, 482, 715, 236, 466, 971, 367, 882, 628, 894, 763, 892, 510]
i =  82 [2, 388, 645, 6, 903, 136, 393, 11, 400, 600, 921, 540, 925, 928, 760, 177, 820, 63, 64, 288, 651, 581, 711, 714, 844, 717, 846, 591, 977, 850, 854, 471, 984, 719, 352, 996, 233, 618, 237, 495, 8, 376, 889, 252, 509]
i =  83 [1, 130, 515, 900, 513, 904, 521, 527, 16, 24, 154, 667, 730, 799, 544, 802, 423, 466, 201, 58, 828, 579, 968, 969, 331, 204, 82, 87, 218, 732, 477, 482, 715, 236, 338, 971, 367, 882, 628, 894, 763, 892, 510]
i =  84 [772, 5, 522, 406, 155, 668, 798, 547, 420, 163, 303, 53, 700, 821, 836, 83, 345, 604, 735, 612, 360, 60, 747, 112, 373, 758, 759]
i =  85 [129, 516, 137, 910, 912, 145, 405, 663, 282, 31, 675, 960, 38, 691, 567, 699, 576, 70, 455, 456, 457, 590, 80, 210, 526, 250, 986, 348, 989, 222, 479, 976, 613, 103, 1000, 492, 336, 115, 464, 631, 888, 762, 507, 765, 85]
i =  86 [264, 652, 143, 144, 659, 537, 410, 27, 926, 411, 677, 943, 944, 817, 308, 950, 951, 867, 445, 578, 710, 454, 439, 972, 461, 463, 595, 983, 985, 731, 349, 37, 992, 481, 866, 611, 356, 485, 998, 489, 748, 494, 502, 247, 635]
i =  87 [256, 644, 392, 139, 110, 132, 922, 804, 41, 43, 940, 432, 945, 307, 184, 826, 61, 62, 447, 66, 329, 207, 209, 213, 472, 858, 847, 92, 698, 363, 621, 238, 633]
i =  88 [129, 386, 516, 137, 910, 912, 145, 405, 663, 282, 31, 675, 960, 38, 691, 567, 699, 576, 70, 455, 456, 590, 80, 210, 526, 250, 986, 348, 989, 222, 479, 976, 613, 103, 1000, 492, 336, 115, 464, 631, 888, 762, 507, 765, 85]
i =  89 [768, 512, 939, 901, 902, 523, 784, 18, 787, 404, 661, 535, 538, 545, 774, 425, 554, 427, 941, 942, 816, 436, 822, 185, 314, 190, 831, 322, 327, 970, 501, 967, 721, 722, 211, 596, 341, 100, 347, 988, 95, 353, 738, 868, 102, 620, 402, 242, 372, 885, 118, 933, 891, 124, 638]
i =  90 [2, 388, 645, 6, 903, 8, 393, 11, 400, 984, 921, 540, 925, 928, 376, 421, 177, 820, 59, 63, 64, 288, 651, 581, 711, 714, 844, 717, 846, 719, 977, 850, 854, 471, 600, 591, 352, 996, 233, 618, 237, 495, 760, 889, 136, 252]
i =  91 [517, 520, 599, 524, 525, 142, 911, 913, 274, 277, 534, 792, 669, 30, 709, 418, 422, 935, 552, 812, 431, 692, 317, 446, 965, 966, 73, 126, 718, 720, 339, 855, 602, 987, 734, 864, 101, 231, 877, 366, 368, 40, 371, 500, 117, 375, 248, 382, 533]
i =  92 [896, 897, 899, 773, 263, 907, 780, 781, 147, 276, 473, 708, 923, 415, 560, 170, 173, 688, 819, 948, 287, 56, 315, 444, 202, 449, 963, 964, 330, 587, 332, 205, 974, 77, 849, 725, 217, 219, 605, 871, 488, 873, 751, 872, 499, 629, 506, 462, 469]
i =  93 [107, 647, 14, 656, 657, 788, 153, 665, 284, 159, 161, 162, 803, 172, 557, 624, 829, 324, 334, 851, 84, 88, 475, 860, 995, 869, 359, 232, 743, 365, 879, 856, 744, 660, 724, 632, 340, 381]
i =  94 [513, 130, 515, 900, 1, 904, 527, 16, 24, 154, 667, 730, 799, 544, 802, 423, 466, 201, 244, 58, 828, 579, 968, 969, 971, 204, 331, 338, 87, 218, 732, 477, 482, 715, 236, 82, 367, 882, 628, 894, 763, 892, 510]
i =  95 [517, 520, 855, 524, 525, 142, 911, 913, 274, 533, 534, 792, 669, 30, 965, 418, 422, 935, 552, 812, 692, 317, 446, 709, 966, 73, 126, 718, 720, 339, 599, 602, 987, 734, 864, 101, 231, 877, 366, 368, 40, 371, 500, 117, 375, 248, 253, 382, 277]
i =  96 [2, 388, 645, 6, 903, 8, 393, 651, 400, 600, 921, 540, 925, 928, 376, 177, 820, 63, 64, 288, 11, 581, 711, 714, 844, 717, 846, 719, 977, 850, 854, 471, 984, 591, 352, 996, 233, 618, 237, 495, 760, 889, 136, 252, 255]
i =  97 [235, 262, 9, 138, 149, 407, 664, 157, 674, 35, 166, 39, 21, 305, 394, 840, 716, 845, 467, 852, 342, 228, 875, 109, 881, 383, 764, 789]
i =  98 [746, 778, 908, 301, 658, 28, 800, 290, 550, 680, 171, 813, 818, 438, 568, 57, 442, 575, 65, 707, 68, 268, 440, 597, 825, 733, 225, 226, 617, 874, 168, 114, 116, 119, 761, 396, 234]
i =  99 [896, 897, 899, 773, 263, 907, 780, 781, 270, 147, 276, 473, 708, 923, 287, 560, 170, 173, 688, 819, 948, 56, 415, 444, 202, 449, 963, 964, 330, 587, 332, 77, 974, 205, 849, 725, 217, 219, 605, 871, 872, 873, 751, 488, 499, 629, 506, 462, 469]
i =  100 [107, 647, 340, 14, 656, 657, 660, 153, 665, 284, 159, 161, 162, 803, 297, 172, 557, 88, 829, 334, 851, 84, 856, 475, 860, 995, 869, 359, 232, 743, 365, 879, 624, 744, 788, 632, 724, 381]
i =  101 [875, 9, 394, 149, 150, 407, 664, 157, 674, 35, 166, 39, 21, 305, 138, 840, 716, 845, 467, 852, 342, 228, 235, 109, 881, 383, 764, 789]
i =  102 [896, 897, 899, 773, 263, 907, 780, 781, 147, 276, 217, 964, 923, 156, 415, 560, 170, 173, 688, 819, 948, 56, 287, 444, 330, 449, 963, 708, 202, 587, 332, 205, 974, 77, 849, 725, 473, 219, 605, 871, 872, 873, 751, 488, 499, 629, 506, 462, 469]
i =  103 [896, 897, 899, 773, 263, 907, 780, 781, 147, 276, 217, 964, 923, 158, 415, 560, 170, 173, 688, 819, 948, 56, 287, 444, 202, 449, 963, 708, 330, 587, 332, 77, 974, 205, 849, 469, 473, 219, 605, 871, 872, 873, 751, 488, 499, 629, 506, 462, 725]
i =  104 [129, 516, 137, 910, 912, 145, 405, 663, 576, 282, 31, 160, 675, 38, 108, 691, 567, 699, 960, 70, 455, 456, 590, 976, 210, 526, 986, 348, 989, 222, 479, 336, 613, 103, 80, 762, 492, 1000, 115, 464, 631, 888, 250, 507, 765, 85]
i =  105 [128, 776, 12, 654, 430, 25, 165, 294, 807, 553, 46, 176, 570, 187, 705, 706, 200, 140, 474, 606, 607, 736, 622, 113, 754, 123]
i =  106 [513, 130, 515, 900, 1, 904, 527, 16, 24, 154, 667, 218, 799, 544, 802, 423, 338, 201, 58, 828, 579, 968, 969, 331, 204, 82, 87, 730, 732, 477, 482, 715, 236, 466, 971, 367, 882, 628, 510, 763, 892, 183, 894]
i =  107 [513, 130, 515, 900, 1, 904, 527, 16, 24, 154, 667, 730, 799, 544, 802, 423, 338, 201, 58, 188, 579, 968, 969, 971, 204, 331, 82, 87, 218, 732, 477, 482, 715, 828, 236, 466, 367, 882, 628, 894, 763, 892, 510]
i =  108 [896, 897, 899, 773, 263, 907, 780, 781, 147, 276, 217, 964, 923, 287, 560, 170, 173, 688, 819, 948, 56, 415, 444, 330, 449, 963, 708, 197, 202, 587, 332, 77, 974, 205, 849, 469, 473, 219, 605, 871, 488, 873, 751, 872, 499, 629, 506, 462, 725]
i =  109 [129, 516, 7, 137, 910, 912, 145, 405, 663, 282, 31, 675, 960, 38, 691, 567, 699, 576, 70, 455, 456, 590, 80, 210, 526, 986, 348, 989, 222, 479, 976, 613, 103, 1000, 762, 492, 336, 115, 464, 631, 888, 250, 507, 765, 85]
i =  110 [264, 652, 143, 144, 659, 537, 410, 27, 926, 411, 37, 42, 943, 944, 817, 308, 950, 951, 445, 578, 710, 454, 439, 972, 461, 611, 983, 985, 731, 349, 677, 992, 481, 866, 867, 356, 485, 998, 489, 748, 494, 595, 502, 247, 635]
i =  111 [512, 768, 427, 901, 774, 523, 784, 18, 787, 404, 661, 535, 538, 545, 933, 425, 554, 939, 941, 942, 47, 816, 436, 822, 185, 314, 190, 831, 322, 967, 970, 721, 722, 211, 596, 341, 902, 885, 100, 347, 988, 95, 353, 738, 868, 102, 327, 620, 242, 372, 501, 118, 891, 124, 638]
i =  112 [896, 897, 899, 773, 263, 907, 780, 781, 499, 725, 67, 276, 473, 964, 923, 415, 560, 170, 173, 688, 819, 948, 56, 287, 444, 330, 449, 963, 708, 202, 587, 332, 77, 974, 205, 849, 462, 217, 219, 605, 871, 872, 873, 751, 488, 147, 629, 506, 469]
i =  113 [517, 520, 599, 524, 525, 142, 911, 913, 274, 533, 534, 792, 669, 30, 709, 418, 422, 935, 552, 812, 692, 317, 446, 965, 966, 71, 73, 126, 718, 720, 339, 855, 602, 987, 734, 864, 101, 231, 877, 366, 368, 40, 371, 500, 117, 375, 248, 382, 277]
i =  114 [107, 647, 14, 656, 657, 788, 153, 665, 284, 159, 161, 162, 803, 172, 557, 624, 829, 334, 81, 851, 84, 88, 475, 860, 995, 869, 359, 232, 743, 365, 879, 856, 744, 660, 724, 632, 340, 381]
i =  115 [135, 15, 22, 23, 670, 34, 298, 48, 437, 189, 320, 580, 326, 737, 343, 89, 97, 616, 490, 626, 251, 682]
i =  116 [129, 516, 137, 910, 912, 145, 405, 663, 576, 282, 31, 675, 38, 691, 567, 699, 960, 70, 455, 456, 590, 976, 210, 526, 986, 348, 989, 222, 479, 96, 464, 613, 103, 80, 762, 492, 336, 1000, 115, 631, 888, 250, 507, 765, 85]
finish get all communities
complete deal_communities
commplete get_all_nature_community
----------------------------------The detection result is: 

all communities: 
i =  1 : [19, 93, 105, 111, 148, 179, 186, 193, 195, 240, 279, 310, 364, 408, 435, 443, 476, 491, 543, 601, 614, 690, 712, 745, 785, 790, 837]
i =  2 : [45, 49, 54, 75, 104, 146, 194, 220, 239, 275, 283, 292, 351, 355, 379, 413, 416, 451, 453, 480, 556, 592, 639, 662, 673, 779, 832, 834, 838, 876]
i =  3 : [26, 33, 98, 127, 198, 224, 229, 230, 289, 369, 401, 424, 428, 452, 478, 483, 496, 504, 519, 548, 551, 561, 564, 598, 619, 649, 666, 676, 697, 726, 753, 756, 757, 766, 793, 794, 815, 839, 890, 917, 927, 936, 954]
i =  4 : [5, 53, 60, 83, 112, 155, 163, 303, 345, 360, 373, 406, 420, 522, 547, 604, 612, 668, 700, 735, 747, 758, 759, 772, 798, 821, 836]
i =  5 : [12, 25, 46, 113, 123, 128, 140, 165, 176, 187, 200, 294, 430, 474, 553, 570, 606, 607, 622, 654, 705, 706, 736, 754, 776, 807]
i =  6 : [74, 106, 120, 125, 191, 212, 221, 245, 259, 316, 325, 335, 354, 399, 441, 531, 640, 641, 695, 701, 769, 857, 956]
i =  7 : [4, 50, 121, 246, 261, 272, 299, 304, 306, 321, 380, 387, 419, 429, 458, 470, 497, 686, 693]
i =  8 : [17, 91, 122, 133, 208, 215, 223, 249, 254, 257, 265, 291, 295, 296, 302, 328, 346, 358, 361, 378, 384, 389, 390, 391, 395, 414, 487, 571, 572, 574, 577, 594, 609, 630, 671, 683, 684, 728, 740, 741, 775, 795, 835, 848, 853, 862, 893, 898, 916, 932, 934, 938, 949, 952, 957, 959, 978, 991, 993, 997]
i =  9 : [13, 52, 72, 78, 131, 164, 174, 241, 258, 266, 269, 409, 503, 505, 511, 542, 563, 583, 694, 814]
i =  10 : [51, 55, 76, 86, 90, 141, 152, 182, 203, 214, 227, 271, 273, 278, 286, 309, 313, 323, 344, 362, 417, 433, 434, 460, 468, 518, 566, 569, 584, 588, 589, 603, 615, 625, 643, 650, 681, 687, 704, 739, 777, 843, 880, 883, 906, 914, 915, 920, 937, 947, 973, 990]
i =  11 : [15, 22, 23, 34, 48, 89, 97, 135, 189, 251, 298, 320, 326, 343, 437, 490, 580, 616, 626, 670, 682, 723, 737, 929]
i =  12 : [29, 44, 69, 79, 94, 134, 180, 267, 285, 300, 311, 319, 350, 403, 450, 486, 498, 528, 529, 530, 558, 582, 637, 685, 689, 696, 755, 783, 809, 824, 833, 878, 884, 895]
i =  13 : [10, 20, 36, 99, 167, 192, 206, 216, 243, 260, 318, 333, 370, 374, 398, 426, 448, 465, 508, 541, 555, 586, 610, 634, 713, 767, 782, 796, 797, 801, 827, 841, 842, 861, 865, 887, 918, 953, 961, 982]
i =  14 : [28, 57, 65, 68, 114, 116, 119, 168, 171, 225, 226, 234, 268, 290, 301, 396, 438, 440, 442, 550, 568, 575, 597, 617, 655, 658, 680, 702, 707, 733, 746, 761, 778, 800, 813, 818, 825, 874, 908]
i =  15 : [18, 47, 95, 100, 102, 118, 124, 185, 190, 211, 242, 314, 322, 327, 341, 347, 353, 372, 402, 404, 425, 427, 436, 501, 512, 523, 532, 535, 538, 545, 554, 596, 620, 638, 661, 721, 722, 738, 768, 774, 784, 787, 816, 822, 831, 868, 885, 891, 901, 902, 933, 939, 941, 942, 967, 970, 979, 988]
i =  16 : [41, 43, 61, 62, 66, 92, 110, 132, 139, 184, 207, 209, 213, 238, 256, 307, 329, 363, 392, 432, 447, 472, 621, 633, 644, 698, 786, 804, 826, 847, 858, 922, 940, 945, 962, 994]
i =  17 : [3, 32, 151, 169, 175, 181, 196, 280, 281, 293, 312, 337, 357, 385, 397, 412, 459, 484, 514, 539, 549, 559, 565, 573, 585, 623, 627, 636, 648, 678, 727, 752, 791, 805, 811, 870, 886, 905, 924, 931, 955, 958, 975, 980, 999]
i =  18 : [30, 40, 71, 73, 101, 117, 126, 142, 178, 231, 248, 253, 274, 277, 317, 339, 366, 368, 371, 375, 377, 382, 418, 422, 431, 446, 500, 517, 520, 524, 525, 533, 534, 552, 599, 602, 646, 669, 692, 709, 718, 720, 734, 792, 812, 855, 864, 877, 911, 913, 935, 965, 966, 987]
i =  19 : [9, 21, 35, 39, 109, 138, 149, 150, 157, 166, 228, 235, 262, 305, 342, 383, 394, 407, 467, 562, 664, 674, 703, 716, 750, 764, 789, 840, 845, 852, 875, 881]
i =  20 : [14, 81, 84, 88, 107, 153, 159, 161, 162, 172, 232, 284, 297, 324, 334, 340, 359, 365, 381, 475, 557, 608, 624, 632, 647, 656, 657, 660, 665, 724, 742, 743, 744, 788, 803, 829, 851, 856, 860, 869, 879, 995]
i =  21 : [56, 67, 77, 147, 156, 158, 170, 173, 197, 202, 205, 217, 219, 263, 270, 276, 287, 315, 330, 332, 415, 444, 449, 462, 469, 473, 488, 499, 506, 560, 587, 605, 629, 688, 708, 725, 751, 773, 780, 781, 819, 849, 871, 872, 873, 896, 897, 899, 907, 923, 948, 963, 964, 974]
i =  22 : [1, 16, 24, 58, 82, 87, 130, 154, 183, 188, 201, 204, 218, 236, 244, 331, 338, 367, 423, 466, 477, 482, 493, 510, 513, 515, 521, 527, 544, 579, 628, 667, 715, 730, 732, 763, 799, 802, 806, 828, 882, 892, 894, 900, 904, 919, 968, 969, 971]
i =  23 : [27, 37, 42, 143, 144, 247, 264, 308, 349, 356, 410, 411, 439, 445, 454, 461, 463, 481, 485, 489, 494, 502, 537, 546, 578, 595, 611, 635, 642, 652, 659, 677, 710, 731, 748, 749, 808, 810, 817, 823, 866, 867, 926, 943, 944, 950, 951, 972, 981, 983, 985, 992, 998]
i =  24 : [2, 6, 8, 11, 59, 63, 64, 136, 177, 199, 233, 237, 252, 255, 288, 352, 376, 388, 393, 400, 421, 471, 495, 509, 536, 540, 581, 591, 600, 618, 645, 651, 672, 679, 711, 714, 717, 719, 729, 760, 771, 820, 830, 844, 846, 850, 854, 889, 903, 909, 921, 925, 928, 930, 977, 984, 996]
i =  25 : [7, 31, 38, 70, 80, 85, 96, 103, 108, 115, 129, 137, 145, 160, 210, 222, 250, 282, 336, 348, 386, 405, 455, 456, 457, 464, 479, 492, 507, 516, 526, 567, 576, 590, 593, 613, 631, 653, 663, 675, 691, 699, 762, 765, 770, 859, 863, 888, 910, 912, 946, 960, 976, 986, 989, 994, 1000]
overlapping nodes are:  [994] 
 NOO is:  1
total time is:  304.171938181
