lens of ground_truth:  26
ground_truth is: [[12, 14, 17, 27, 66, 69, 78, 92, 96, 113, 142, 168, 196, 208, 270, 301, 354, 362, 422, 463, 519, 538, 545, 555, 601, 621, 653, 656, 676, 678, 716, 740, 755, 765, 773, 782, 795, 804, 820, 847, 857, 885, 908, 919, 929, 945, 946, 964, 990, 994], [15, 40, 43, 45, 75, 79, 92, 96, 97, 119, 133, 137, 265, 290, 296, 320, 345, 347, 364, 389, 393, 398, 407, 422, 448, 465, 467, 472, 492, 493, 502, 526, 533, 582, 596, 606, 611, 612, 616, 617, 619, 643, 684, 704, 708, 730, 751, 778, 823, 827, 834, 847, 849, 856, 860, 868, 902, 913, 914, 931, 936, 942, 954, 958, 959, 966, 968, 981, 983, 998], [36, 39, 51, 80, 117, 134, 163, 164, 204, 222, 333, 454, 476, 481, 532, 583, 584, 643, 696, 731, 746, 794, 931, 939, 983], [15, 20, 21, 47, 69, 79, 80, 100, 103, 111, 113, 120, 125, 131, 132, 153, 171, 192, 194, 209, 210, 215, 219, 244, 246, 276, 282, 303, 313, 314, 345, 361, 364, 383, 394, 424, 465, 467, 469, 478, 492, 508, 534, 536, 563, 568, 598, 604, 624, 642, 663, 673, 684, 715, 733, 736, 745, 746, 751, 771, 778, 806, 813, 816, 849, 868, 890, 891, 905, 934, 935, 936, 941, 942, 945, 952, 958, 966, 971, 977, 983, 993], [28, 29, 43, 50, 84, 100, 149, 152, 201, 215, 248, 327, 388, 429, 451, 474, 545, 580, 598, 662, 671, 675, 750, 916], [1, 14, 22, 46, 61, 77, 83, 100, 132, 147, 154, 166, 169, 177, 180, 185, 201, 239, 242, 251, 280, 338, 351, 357, 383, 398, 409, 435, 451, 453, 464, 470, 496, 537, 544, 566, 573, 577, 596, 603, 611, 617, 629, 640, 642, 652, 655, 674, 694, 737, 745, 753, 755, 771, 774, 784, 831, 840, 845, 846, 883, 890, 891, 900, 905, 916, 921, 947, 948, 957, 987], [64, 68, 82, 98, 113, 114, 118, 187, 211, 217, 229, 231, 252, 262, 304, 315, 353, 363, 405, 407, 429, 431, 459, 466, 477, 479, 513, 515, 527, 531, 539, 545, 596, 600, 606, 611, 684, 688, 727, 773, 784, 802, 910, 914, 953, 970], [4, 16, 45, 55, 56, 70, 92, 96, 99, 106, 113, 116, 120, 139, 157, 171, 191, 198, 203, 219, 228, 263, 336, 360, 408, 422, 429, 440, 442, 482, 486, 530, 556, 558, 565, 594, 599, 611, 622, 636, 639, 656, 681, 689, 716, 741, 743, 746, 755, 805, 827, 847, 946, 973], [14, 19, 34, 46, 88, 89, 103, 215, 216, 224, 225, 238, 245, 249, 286, 295, 309, 340, 351, 451, 460, 478, 512, 542, 553, 566, 610, 617, 640, 647, 652, 660, 668, 683, 684, 703, 710, 748, 767, 784, 798, 817, 827, 842, 878, 890, 894, 948, 953, 956, 975, 981, 996], [11, 15, 43, 53, 77, 92, 94, 101, 102, 103, 171, 175, 195, 207, 215, 219, 223, 239, 256, 281, 310, 345, 364, 377, 403, 407, 436, 446, 478, 484, 551, 563, 606, 614, 641, 659, 665, 673, 687, 711, 734, 743, 757, 760, 769, 846, 868, 892, 899, 914, 925, 928, 931, 932, 936, 939, 942, 961, 962, 978, 983, 989, 993, 999], [13, 46, 69, 84, 93, 161, 165, 182, 193, 201, 205, 241, 259, 269, 293, 297, 302, 307, 317, 318, 331, 332, 340, 351, 369, 376, 385, 386, 419, 429, 451, 465, 467, 487, 492, 499, 520, 529, 550, 554, 561, 566, 591, 595, 623, 628, 645, 652, 669, 693, 718, 751, 777, 784, 799, 811, 815, 873, 898, 905, 938, 948, 949, 951, 981, 987, 1000], [25, 40, 45, 61, 96, 104, 141, 143, 158, 166, 199, 247, 257, 258, 340, 343, 359, 398, 413, 422, 429, 465, 468, 486, 494, 497, 523, 545, 559, 576, 589, 596, 615, 635, 638, 656, 657, 682, 684, 716, 735, 742, 743, 755, 768, 772, 773, 812, 827, 841, 849, 862, 890, 895, 897, 914, 915, 923, 940, 946, 980, 986], [22, 40, 43, 45, 77, 84, 96, 105, 108, 124, 129, 145, 171, 172, 181, 183, 272, 273, 278, 287, 288, 312, 342, 344, 352, 364, 398, 407, 422, 471, 478, 485, 500, 504, 510, 590, 593, 596, 606, 626, 627, 658, 670, 672, 685, 697, 743, 747, 752, 758, 775, 789, 801, 847, 868, 893, 903, 909, 914, 933, 966, 969, 991, 993], [8, 14, 18, 22, 26, 46, 60, 67, 69, 79, 81, 84, 166, 169, 170, 186, 220, 239, 253, 260, 279, 330, 346, 351, 381, 384, 432, 437, 455, 456, 461, 495, 514, 524, 525, 574, 611, 617, 640, 652, 656, 666, 667, 674, 716, 729, 733, 771, 825, 840, 846, 852, 872, 877, 890, 945, 963, 976, 985, 987, 995], [9, 22, 57, 73, 79, 84, 100, 120, 132, 150, 169, 190, 239, 335, 341, 364, 383, 394, 414, 434, 438, 457, 467, 483, 548, 549, 563, 586, 596, 597, 605, 617, 618, 640, 642, 651, 663, 673, 695, 706, 728, 739, 746, 749, 766, 771, 780, 784, 786, 792, 796, 822, 824, 837, 843, 855, 858, 864, 866, 876, 888, 912, 916, 917, 953, 981, 982, 983, 993], [3, 10, 15, 21, 22, 24, 46, 54, 61, 63, 69, 71, 77, 79, 80, 85, 95, 100, 103, 120, 132, 156, 171, 176, 184, 200, 201, 212, 215, 219, 235, 237, 334, 345, 364, 373, 383, 392, 394, 395, 411, 427, 465, 467, 473, 478, 486, 488, 492, 563, 598, 634, 642, 654, 663, 673, 686, 691, 722, 732, 733, 743, 744, 745, 746, 751, 754, 771, 773, 778, 783, 808, 816, 839, 840, 846, 847, 849, 856, 868, 905, 916, 920, 931, 936, 939, 942, 948, 958, 966, 983, 993, 997, 999], [15, 21, 30, 38, 80, 100, 112, 115, 120, 123, 138, 160, 166, 167, 169, 201, 206, 219, 250, 271, 294, 298, 351, 366, 401, 415, 420, 443, 449, 451, 458, 467, 492, 498, 505, 507, 545, 563, 566, 570, 571, 585, 587, 598, 611, 617, 643, 646, 652, 663, 673, 677, 716, 717, 724, 746, 770, 771, 776, 779, 803, 816, 840, 846, 849, 856, 859, 882, 891, 939, 944, 945, 953, 981, 987, 999], [7, 14, 76, 107, 110, 128, 162, 179, 213, 234, 283, 292, 340, 358, 371, 382, 397, 399, 400, 417, 430, 439, 486, 506, 620, 637, 643, 664, 674, 725, 761, 797, 807, 836, 848, 865, 896, 922, 926, 930, 950, 953, 972], [23, 37, 52, 92, 122, 155, 166, 169, 236, 267, 274, 284, 340, 378, 379, 410, 416, 418, 491, 541, 552, 613, 709, 756, 773, 790, 818, 821, 830, 832, 871, 881, 891, 907, 911, 931, 943, 945, 946], [44, 58, 72, 268, 325, 339, 345, 350, 368, 402, 404, 423, 444, 489, 518, 521, 540, 607, 631, 644, 719, 726, 762, 814, 833, 850, 948, 958], [2, 6, 41, 49, 61, 74, 109, 136, 166, 254, 300, 308, 324, 380, 452, 490, 517, 543, 564, 606, 608, 632, 640, 648, 656, 700, 720, 721, 763, 764, 819, 840, 867, 869, 879, 890, 901, 939, 999], [14, 21, 22, 31, 46, 48, 61, 79, 84, 87, 121, 132, 144, 148, 169, 173, 201, 214, 227, 239, 255, 305, 322, 323, 340, 348, 351, 365, 374, 383, 396, 412, 425, 433, 445, 451, 535, 560, 562, 566, 572, 588, 598, 602, 609, 640, 642, 650, 652, 661, 663, 674, 684, 699, 712, 723, 733, 745, 751, 778, 784, 810, 816, 826, 829, 840, 844, 849, 851, 856, 863, 874, 880, 905, 916, 945, 948, 953, 958, 981, 987, 992], [15, 21, 33, 40, 42, 43, 45, 77, 80, 91, 103, 135, 189, 240, 243, 261, 277, 285, 289, 299, 321, 329, 356, 390, 394, 398, 407, 428, 486, 511, 528, 569, 575, 581, 630, 643, 656, 674, 679, 680, 701, 702, 705, 713, 714, 733, 755, 773, 778, 785, 791, 809, 816, 827, 846, 856, 861, 886, 891, 904, 906, 914, 924, 927, 936, 937, 939, 946, 960, 965, 966, 999], [32, 35, 40, 59, 69, 86, 103, 113, 120, 146, 151, 171, 215, 219, 226, 230, 233, 316, 370, 391, 394, 407, 441, 462, 478, 480, 516, 557, 563, 566, 567, 578, 592, 598, 606, 673, 674, 707, 738, 745, 759, 781, 828, 838, 868, 870, 884, 936, 942, 955, 966, 967, 979, 987, 988, 993], [5, 90, 159, 178, 188, 202, 239, 264, 306, 319, 326, 372, 406, 426, 475, 522, 547, 579, 633, 698, 905], [21, 40, 43, 45, 61, 62, 65, 77, 80, 92, 96, 113, 126, 127, 130, 132, 140, 174, 197, 218, 221, 232, 266, 275, 291, 311, 328, 337, 345, 349, 355, 367, 375, 383, 387, 394, 398, 421, 422, 429, 447, 450, 465, 486, 492, 501, 503, 509, 545, 546, 625, 642, 643, 649, 663, 690, 692, 716, 733, 743, 745, 751, 755, 778, 787, 788, 793, 800, 816, 827, 835, 847, 853, 854, 856, 875, 887, 889, 891, 916, 918, 931, 942, 946, 958, 974, 984, 999]]
nodes: [239, 407, 451, 467, 492, 545, 643, 662, 663, 674, 743, 768, 824, 840, 843, 846, 847, 850, 856, 890, 891, 894, 895, 896, 901, 905, 908, 910, 914, 927, 931, 942, 945, 946, 953, 969, 973, 983, 987, 993, 1000] num of nodes:  41
[[239, 737, 900], [407, 870, 988, 759], [451, 675, 750, 671], [467, 966, 977, 935], [492, 736, 952, 935], [545, 994, 964, 990], [532, 794, 731, 643], [29, 675, 388, 580, 327, 152, 474, 662, 750, 671], [654, 997, 839, 663], [674, 976, 985, 877], [468, 940, 743, 923], [143, 980, 986, 923, 497, 768, 523], [706, 982, 864, 858, 824, 888, 786, 796], [461, 985, 995, 976, 840], [739, 866, 843, 837, 855, 780, 888, 876], [514, 963, 995, 976, 846], [782, 994, 964, 820, 990, 847], [44, 833, 644, 850, 726, 489, 368, 814], [393, 959, 856, 954, 998], [703, 996, 956, 842, 890], [756, 832, 911, 891, 818, 790], [238, 996, 956, 842, 878, 975, 767, 817, 894], [494, 940, 986, 812, 923, 559, 635, 895, 980], [620, 930, 972, 865, 807, 848, 725, 926, 664, 896], [308, 867, 901, 879, 764, 608, 700, 763, 564], [319, 633, 698, 905, 547], [676, 765, 929, 994, 857, 908, 740, 820, 964, 990, 885, 919, 804], [114, 802, 910, 688, 600, 315], [638, 897, 914, 986, 980], [680, 809, 927, 904, 861, 886, 960, 906, 791], [613, 881, 943, 931, 830, 871], [828, 967, 955, 942, 988, 870], [740, 994, 964, 990, 945, 765, 919], [552, 881, 943, 946, 821, 907], [620, 930, 972, 953, 664, 922], [344, 933, 801, 903, 969, 697, 626], [56, 973, 681, 530, 741, 191], [222, 696, 794, 731, 983, 532], [346, 872, 987, 825, 995], [146, 967, 979, 955, 828, 993], [161, 898, 1000, 951, 529, 591]]
len of cliques:  41
length of seeds:  41
seeds:  [[676, 765, 929, 994, 857, 908, 740, 820, 964, 990, 885, 919, 804], [29, 675, 388, 580, 327, 152, 474, 662, 750, 671], [620, 930, 972, 865, 807, 848, 725, 926, 664, 896], [238, 996, 956, 842, 878, 975, 767, 817, 894], [494, 940, 986, 812, 923, 559, 635, 895, 980], [308, 867, 901, 879, 764, 608, 700, 763, 564], [680, 809, 927, 904, 861, 886, 960, 906, 791], [706, 982, 864, 858, 824, 888, 786, 796], [739, 866, 843, 837, 855, 780, 888, 876], [44, 833, 644, 850, 726, 489, 368, 814], [143, 980, 986, 923, 497, 768, 523], [740, 994, 964, 990, 945, 765, 919], [344, 933, 801, 903, 969, 697, 626], [782, 994, 964, 820, 990, 847], [756, 832, 911, 891, 818, 790], [114, 802, 910, 688, 600, 315], [613, 881, 943, 931, 830, 871], [828, 967, 955, 942, 988, 870], [552, 881, 943, 946, 821, 907], [620, 930, 972, 953, 664, 922], [56, 973, 681, 530, 741, 191], [222, 696, 794, 731, 983, 532], [146, 967, 979, 955, 828, 993], [161, 898, 1000, 951, 529, 591], [461, 985, 995, 976, 840], [514, 963, 995, 976, 846], [393, 959, 856, 954, 998], [703, 996, 956, 842, 890], [319, 633, 698, 905, 547], [638, 897, 914, 986, 980], [346, 872, 987, 825, 995], [407, 870, 988, 759], [451, 675, 750, 671], [467, 966, 977, 935], [492, 736, 952, 935], [545, 994, 964, 990], [532, 794, 731, 643], [654, 997, 839, 663], [674, 976, 985, 877], [468, 940, 743, 923], [239, 737, 900]]
seeds_fitness [0.287292817679558, 0.5325443786982249, 0.2088167053364269, 0.16822429906542055, 0.1460446247464503, 0.21428571428571427, 0.13636363636363635, 0.10687022900763359, 0.10707456978967496, 0.2196078431372549, 0.09480812641083522, 0.075, 0.09836065573770492, 0.062370062370062374, 0.08086253369272237, 0.11070110701107011, 0.072992700729927, 0.058027079303675046, 0.07246376811594203, 0.06423982869379015, 0.1048951048951049, 0.10273972602739725, 0.05736137667304015, 0.06535947712418301, 0.04246284501061571, 0.046189376443418015, 0.04106776180698152, 0.044642857142857144, 0.09433962264150944, 0.03944773175542406, 0.04158004158004158, 0.032520325203252036, 0.0851063829787234, 0.02631578947368421, 0.03287671232876712, 0.027149321266968326, 0.06557377049180328, 0.032520325203252036, 0.028503562945368172, 0.03, 0.026200873362445413]
after sort list of tuple: [(1, 0.5325443786982249), (0, 0.287292817679558), (9, 0.2196078431372549), (5, 0.21428571428571427), (2, 0.2088167053364269), (3, 0.16822429906542055), (4, 0.1460446247464503), (6, 0.13636363636363635), (15, 0.11070110701107011), (8, 0.10707456978967496), (7, 0.10687022900763359), (20, 0.1048951048951049), (21, 0.10273972602739725), (12, 0.09836065573770492), (10, 0.09480812641083522), (28, 0.09433962264150944), (32, 0.0851063829787234), (14, 0.08086253369272237), (11, 0.075), (16, 0.072992700729927), (18, 0.07246376811594203), (36, 0.06557377049180328), (23, 0.06535947712418301), (19, 0.06423982869379015), (13, 0.062370062370062374), (17, 0.058027079303675046), (22, 0.05736137667304015), (25, 0.046189376443418015), (27, 0.044642857142857144), (24, 0.04246284501061571), (30, 0.04158004158004158), (26, 0.04106776180698152), (29, 0.03944773175542406), (34, 0.03287671232876712), (31, 0.032520325203252036), (37, 0.032520325203252036), (39, 0.03), (38, 0.028503562945368172), (35, 0.027149321266968326), (33, 0.02631578947368421), (40, 0.026200873362445413)]
seeds_sorted [[29, 675, 388, 580, 327, 152, 474, 662, 750, 671], [676, 765, 929, 994, 857, 908, 740, 820, 964, 990, 885, 919, 804], [44, 833, 644, 850, 726, 489, 368, 814], [308, 867, 901, 879, 764, 608, 700, 763, 564], [620, 930, 972, 865, 807, 848, 725, 926, 664, 896], [238, 996, 956, 842, 878, 975, 767, 817, 894], [494, 940, 986, 812, 923, 559, 635, 895, 980], [680, 809, 927, 904, 861, 886, 960, 906, 791], [114, 802, 910, 688, 600, 315], [739, 866, 843, 837, 855, 780, 888, 876], [706, 982, 864, 858, 824, 888, 786, 796], [56, 973, 681, 530, 741, 191], [222, 696, 794, 731, 983, 532], [344, 933, 801, 903, 969, 697, 626], [143, 980, 986, 923, 497, 768, 523], [319, 633, 698, 905, 547], [451, 675, 750, 671], [756, 832, 911, 891, 818, 790], [740, 994, 964, 990, 945, 765, 919], [613, 881, 943, 931, 830, 871], [552, 881, 943, 946, 821, 907], [532, 794, 731, 643], [161, 898, 1000, 951, 529, 591], [620, 930, 972, 953, 664, 922], [782, 994, 964, 820, 990, 847], [828, 967, 955, 942, 988, 870], [146, 967, 979, 955, 828, 993], [514, 963, 995, 976, 846], [703, 996, 956, 842, 890], [461, 985, 995, 976, 840], [346, 872, 987, 825, 995], [393, 959, 856, 954, 998], [638, 897, 914, 986, 980], [492, 736, 952, 935], [407, 870, 988, 759], [654, 997, 839, 663], [468, 940, 743, 923], [674, 976, 985, 877], [545, 994, 964, 990], [467, 966, 977, 935], [239, 737, 900]]
args__________ ([[29, 675, 388, 580, 327, 152, 474, 662, 750, 671], [239, 737, 900]],)
args__________ ([[676, 765, 929, 994, 857, 908, 740, 820, 964, 990, 885, 919, 804], [467, 966, 977, 935]],)
args__________ ([[44, 833, 644, 850, 726, 489, 368, 814], [545, 994, 964, 990]],)
args__________ ([[308, 867, 901, 879, 764, 608, 700, 763, 564], [674, 976, 985, 877]],)
args__________ ([[620, 930, 972, 865, 807, 848, 725, 926, 664, 896], [468, 940, 743, 923]],)
args__________ ([[238, 996, 956, 842, 878, 975, 767, 817, 894], [654, 997, 839, 663]],)
args__________ ([[494, 940, 986, 812, 923, 559, 635, 895, 980], [407, 870, 988, 759]],)
args__________ ([[680, 809, 927, 904, 861, 886, 960, 906, 791], [492, 736, 952, 935]],)
args__________ ([[114, 802, 910, 688, 600, 315], [638, 897, 914, 986, 980]],)
args__________ ([[739, 866, 843, 837, 855, 780, 888, 876]],)
args__________ ([[706, 982, 864, 858, 824, 888, 786, 796]],)
args__________ ([[56, 973, 681, 530, 741, 191]],)
args__________ ([[222, 696, 794, 731, 983, 532]],)
args__________ ([[344, 933, 801, 903, 969, 697, 626]],)
args__________ ([[143, 980, 986, 923, 497, 768, 523]],)
args__________ ([[319, 633, 698, 905, 547]],)
args__________ ([[451, 675, 750, 671]],)
args__________ ([[756, 832, 911, 891, 818, 790]],)
args__________ ([[740, 994, 964, 990, 945, 765, 919]],)
args__________ ([[613, 881, 943, 931, 830, 871]],)
args__________ ([[552, 881, 943, 946, 821, 907]],)
args__________ ([[532, 794, 731, 643]],)
args__________ ([[161, 898, 1000, 951, 529, 591]],)
args__________ ([[620, 930, 972, 953, 664, 922]],)
args__________ ([[782, 994, 964, 820, 990, 847]],)
args__________ ([[828, 967, 955, 942, 988, 870]],)
args__________ ([[146, 967, 979, 955, 828, 993]],)
args__________ ([[514, 963, 995, 976, 846]],)
args__________ ([[703, 996, 956, 842, 890]],)
args__________ ([[461, 985, 995, 976, 840]],)
args__________ ([[346, 872, 987, 825, 995]],)
args__________ ([[393, 959, 856, 954, 998]],)
finish process___________________
seed_node 999
seed_community:  [256, 641, 899, 769, 11, 94, 273, 403, 281, 665, 687, 925, 928, 932, 551, 175, 436, 53, 310, 446, 961, 962, 195, 711, 207, 978, 989, 734, 223, 993, 484, 101, 614, 999, 659, 757, 760, 377, 892, 102]
seed_node 992
seed_community:  [650, 396, 144, 148, 661, 535, 412, 31, 48, 433, 425, 810, 173, 560, 305, 562, 826, 699, 572, 829, 322, 323, 712, 588, 844, 851, 214, 87, 602, 348, 863, 992, 609, 227, 874, 365, 445, 880, 723, 374, 121, 255]
seed_node 984
seed_community:  [130, 387, 503, 649, 266, 140, 787, 788, 918, 793, 800, 546, 291, 421, 174, 349, 690, 692, 311, 62, 447, 65, 450, 835, 197, 328, 887, 974, 337, 853, 854, 984, 218, 221, 355, 232, 875, 367, 625, 275, 501, 375, 889, 509, 126, 127]
seed_node 981
seed_community:  [512, 647, 88, 19, 660, 238, 542, 668, 286, 34, 295, 553, 683, 817, 309, 798, 956, 703, 710, 842, 460, 975, 981, 216, 89, 224, 225, 610, 996, 748, 878, 245, 249, 894, 767]
seed_node 958
seed_community:  [644, 518, 521, 268, 402, 404, 540, 423, 44, 814, 58, 444, 958, 833, 325, 72, 719, 850, 339, 726, 350, 607, 489, 368, 631, 762]
seed_node 944
seed_community:  [770, 646, 776, 138, 779, 271, 401, 30, 415, 160, 803, 420, 677, 38, 167, 298, 498, 944, 570, 443, 449, 585, 458, 587, 717, 206, 724, 859, 571, 294, 366, 112, 882, 115, 505, 250, 123, 507]
seed_node 948
seed_community:  [644, 518, 521, 268, 402, 404, 540, 423, 44, 814, 948, 58, 444, 833, 325, 72, 719, 850, 339, 726, 350, 607, 489, 368, 631, 762]
seed_node 936
seed_community:  [704, 133, 902, 393, 526, 320, 913, 533, 137, 265, 389, 290, 936, 823, 954, 959, 448, 834, 708, 582, 968, 75, 472, 730, 347, 860, 97, 612, 998, 616, 619, 493, 296, 502, 119]
seed_node 939
seed_community:  [481, 163, 164, 134, 454, 583, 584, 939, 204, 333, 51, 532, 117, 696, 39, 794, 731, 476, 222, 36]
seed_node 916
seed_community:  [675, 580, 327, 750, 248, 50, 916, 149, 662, 152, 388, 474, 28, 29, 671]
seed_node 868
seed_community:  [256, 769, 899, 641, 11, 614, 403, 665, 281, 175, 925, 928, 734, 932, 551, 687, 436, 53, 310, 446, 961, 962, 195, 711, 207, 978, 868, 989, 94, 223, 484, 101, 102, 659, 757, 760, 377, 892]
seed_node 849
seed_community:  [320, 133, 902, 393, 526, 913, 448, 533, 137, 265, 389, 290, 296, 823, 954, 959, 704, 834, 708, 582, 968, 75, 849, 472, 730, 347, 860, 97, 612, 998, 616, 619, 493, 502, 119]
seed_node 827
seed_community:  [768, 257, 258, 772, 897, 940, 523, 141, 143, 657, 915, 25, 923, 413, 158, 682, 812, 559, 827, 576, 199, 841, 589, 980, 343, 986, 862, 735, 742, 359, 104, 615, 494, 497, 247, 468, 635, 638, 895]
seed_node 816
seed_community:  [770, 646, 776, 138, 779, 271, 401, 30, 415, 160, 816, 803, 420, 677, 294, 167, 169, 298, 498, 944, 219, 570, 571, 449, 585, 458, 587, 717, 206, 724, 859, 123, 38, 366, 112, 882, 115, 505, 250, 507, 443]
seed_node 784
seed_community:  [512, 647, 784, 216, 286, 19, 660, 238, 668, 798, 34, 295, 553, 683, 817, 542, 956, 703, 309, 710, 842, 460, 975, 88, 89, 224, 225, 610, 996, 748, 878, 245, 249, 894, 767]
seed_node 771
seed_community:  [1, 771, 900, 774, 655, 921, 147, 409, 280, 537, 154, 947, 544, 177, 435, 180, 694, 185, 957, 831, 577, 453, 845, 464, 338, 83, 470, 603, 737, 357, 573, 496, 753, 242, 883, 629, 251]
seed_node 773
seed_community:  [773, 601, 519, 12, 653, 142, 17, 919, 196, 538, 27, 929, 795, 676, 678, 168, 555, 301, 820, 66, 964, 908, 782, 994, 78, 463, 208, 270, 804, 857, 990, 354, 740, 362, 621, 885, 765]
seed_node 778
seed_community:  [261, 390, 135, 904, 778, 528, 785, 277, 791, 924, 285, 927, 33, 679, 680, 937, 42, 299, 428, 321, 713, 569, 965, 701, 702, 575, 960, 705, 581, 289, 329, 714, 906, 91, 861, 356, 630, 189, 240, 243, 886, 809, 511]
seed_node 733
seed_community:  [131, 813, 20, 534, 536, 153, 282, 303, 806, 935, 424, 941, 47, 952, 568, 313, 314, 192, 194, 715, 971, 209, 210, 469, 604, 733, 736, 934, 977, 361, 111, 624, 244, 246, 276, 508, 125]
seed_node 745
seed_community:  [1, 900, 774, 655, 921, 147, 409, 280, 537, 154, 947, 544, 177, 435, 180, 694, 185, 957, 831, 577, 453, 845, 464, 338, 83, 470, 603, 737, 357, 745, 573, 496, 753, 242, 883, 629, 251]
seed_node 746
seed_community:  [481, 163, 164, 454, 134, 39, 584, 746, 583, 204, 333, 51, 532, 117, 696, 36, 794, 731, 476, 222]
seed_node 751
seed_community:  [650, 396, 144, 148, 661, 535, 751, 412, 31, 560, 433, 425, 810, 173, 48, 305, 562, 826, 699, 572, 829, 322, 323, 712, 588, 844, 851, 214, 87, 602, 348, 863, 992, 609, 227, 874, 365, 445, 880, 723, 374, 121, 255]
seed_node 755
seed_community:  [4, 263, 139, 16, 530, 408, 157, 805, 681, 556, 558, 689, 565, 55, 56, 442, 70, 191, 198, 203, 973, 336, 440, 594, 599, 482, 99, 228, 741, 360, 106, 622, 755, 116, 636, 639]
seed_node 716
seed_community:  [768, 897, 258, 772, 257, 940, 523, 141, 143, 657, 915, 25, 923, 413, 158, 682, 812, 559, 576, 199, 841, 716, 589, 980, 343, 986, 862, 735, 742, 359, 104, 615, 494, 497, 247, 468, 635, 638, 895]
seed_node 673
seed_community:  [256, 641, 899, 769, 11, 614, 403, 281, 665, 687, 925, 928, 673, 932, 734, 551, 175, 436, 53, 310, 446, 961, 962, 195, 711, 207, 978, 989, 94, 223, 484, 101, 102, 659, 757, 760, 377, 892]
seed_node 684
seed_community:  [704, 133, 902, 393, 526, 320, 913, 533, 137, 265, 389, 290, 296, 684, 823, 954, 959, 448, 834, 708, 582, 968, 75, 472, 730, 347, 860, 97, 612, 998, 616, 619, 493, 502, 119]
seed_node 640
seed_community:  [640, 2, 901, 6, 136, 648, 324, 543, 41, 300, 49, 819, 564, 308, 700, 452, 74, 720, 721, 517, 608, 867, 869, 764, 490, 109, 879, 632, 763, 380, 254]
seed_node 642
seed_community:  [642, 650, 396, 144, 148, 661, 535, 412, 31, 48, 433, 425, 810, 173, 560, 305, 562, 826, 699, 572, 445, 322, 323, 712, 588, 844, 723, 214, 87, 602, 348, 863, 992, 609, 227, 874, 365, 829, 880, 851, 374, 121, 255]
seed_node 652
seed_community:  [512, 647, 652, 216, 286, 19, 660, 878, 668, 798, 34, 295, 553, 683, 817, 542, 956, 703, 309, 710, 842, 460, 975, 88, 89, 224, 225, 610, 996, 748, 238, 245, 249, 894, 767]
seed_node 656
seed_community:  [519, 12, 653, 142, 656, 17, 919, 196, 538, 27, 929, 795, 676, 678, 168, 555, 301, 270, 820, 66, 964, 857, 908, 994, 78, 463, 208, 782, 804, 601, 990, 354, 740, 362, 621, 885, 765]
seed_node 611
seed_community:  [1, 900, 774, 655, 921, 147, 537, 280, 409, 154, 947, 544, 177, 435, 180, 694, 185, 957, 831, 577, 453, 845, 464, 338, 83, 470, 603, 737, 611, 357, 573, 496, 753, 242, 883, 629, 251]
seed_node 617
seed_community:  [512, 647, 216, 19, 660, 878, 542, 668, 286, 34, 295, 553, 683, 817, 309, 798, 956, 703, 710, 842, 460, 975, 88, 89, 224, 225, 610, 996, 617, 748, 238, 245, 249, 894, 767]
seed_node 596
seed_community:  [768, 257, 258, 772, 897, 940, 523, 141, 143, 657, 915, 25, 923, 413, 158, 682, 812, 559, 576, 199, 841, 589, 596, 343, 986, 862, 735, 742, 359, 104, 615, 494, 497, 247, 468, 635, 980, 638, 895]
seed_node 598
seed_community:  [675, 388, 598, 327, 750, 248, 50, 149, 662, 152, 580, 474, 28, 29, 671]
seed_node 606
seed_community:  [448, 389, 902, 393, 265, 526, 913, 533, 137, 704, 133, 290, 296, 823, 954, 959, 320, 834, 708, 582, 968, 75, 472, 730, 347, 860, 606, 97, 612, 998, 616, 619, 493, 502, 119]
seed_node 563
seed_community:  [256, 769, 899, 641, 11, 659, 665, 281, 175, 925, 928, 734, 932, 551, 687, 563, 436, 53, 310, 446, 961, 962, 195, 711, 207, 978, 989, 94, 223, 484, 101, 614, 403, 757, 760, 377, 892, 102]
seed_node 566
seed_community:  [512, 647, 216, 286, 19, 660, 238, 542, 668, 798, 34, 295, 553, 683, 817, 309, 566, 956, 703, 710, 842, 460, 975, 88, 89, 224, 225, 610, 996, 748, 878, 245, 249, 894, 767]
seed_node 465
seed_community:  [131, 941, 465, 276, 534, 536, 153, 282, 47, 934, 935, 424, 813, 303, 952, 568, 313, 314, 192, 194, 715, 971, 977, 210, 469, 604, 736, 806, 209, 361, 111, 624, 244, 246, 20, 508, 125]
seed_node 478
seed_community:  [131, 813, 20, 534, 536, 153, 282, 303, 934, 935, 424, 941, 47, 952, 568, 313, 314, 192, 194, 715, 971, 209, 210, 469, 604, 478, 736, 993, 806, 977, 361, 111, 624, 244, 246, 276, 508, 125]
seed_node 486
seed_community:  [4, 263, 139, 16, 530, 408, 157, 70, 681, 556, 558, 689, 946, 565, 55, 440, 442, 191, 198, 203, 973, 336, 56, 594, 599, 805, 482, 99, 228, 741, 486, 360, 106, 622, 116, 636, 639]
seed_node 394
seed_community:  [261, 390, 135, 904, 906, 528, 785, 277, 791, 924, 285, 927, 289, 679, 680, 809, 42, 299, 428, 581, 329, 569, 705, 189, 394, 575, 960, 321, 965, 886, 33, 713, 714, 91, 861, 356, 701, 240, 243, 702, 630, 937, 511]
seed_node 398
seed_community:  [320, 389, 902, 393, 398, 913, 448, 533, 137, 265, 133, 290, 296, 823, 954, 959, 704, 834, 708, 582, 968, 75, 526, 472, 730, 347, 860, 97, 612, 998, 616, 619, 493, 502, 119]
seed_node 422
seed_community:  [519, 908, 653, 782, 17, 919, 196, 538, 795, 929, 27, 676, 678, 168, 555, 301, 270, 820, 66, 964, 857, 12, 354, 78, 463, 208, 142, 804, 601, 990, 994, 740, 422, 362, 621, 885, 765]
seed_node 429
seed_community:  [675, 388, 327, 429, 750, 248, 50, 149, 662, 152, 580, 474, 28, 29, 671]
seed_node 340
seed_community:  [3, 392, 236, 10, 395, 654, 783, 920, 274, 790, 23, 24, 410, 155, 284, 541, 491, 416, 418, 411, 37, 808, 156, 122, 427, 686, 943, 176, 818, 691, 52, 821, 54, 184, 61, 830, 63, 832, 267, 709, 839, 200, 744, 334, 722, 340, 85, 473, 71, 911, 732, 634, 95, 552, 997, 871, 488, 235, 907, 237, 613, 881, 754, 756, 373, 212, 378, 379]
seed_node 345
seed_community:  [130, 387, 503, 649, 266, 140, 275, 788, 918, 793, 800, 546, 291, 421, 174, 349, 690, 692, 311, 62, 447, 65, 450, 835, 197, 328, 887, 974, 337, 853, 854, 984, 345, 218, 221, 355, 232, 875, 367, 625, 787, 501, 375, 889, 509, 126, 127]
seed_node 351
seed_community:  [385, 386, 259, 645, 520, 777, 13, 529, 669, 799, 161, 419, 165, 550, 369, 297, 938, 811, 302, 815, 561, 307, 693, 182, 951, 317, 318, 949, 193, 331, 332, 205, 718, 269, 595, 591, 93, 898, 351, 293, 487, 1000, 873, 623, 241, 499, 628, 376, 554]
seed_node 364
seed_community:  [256, 769, 899, 641, 11, 403, 281, 665, 175, 925, 928, 734, 932, 551, 687, 436, 53, 310, 446, 961, 962, 195, 711, 207, 978, 989, 94, 223, 484, 101, 614, 364, 659, 757, 760, 377, 892, 102]
seed_node 383
seed_community:  [650, 396, 144, 148, 661, 535, 412, 31, 560, 433, 425, 810, 173, 48, 177, 562, 826, 699, 572, 829, 322, 323, 712, 588, 844, 305, 851, 83, 214, 87, 602, 987, 348, 863, 992, 609, 61, 227, 874, 365, 957, 445, 880, 723, 374, 121, 383, 255]
seed_node 132
seed_community:  [3, 132, 392, 10, 395, 654, 783, 24, 920, 411, 156, 808, 427, 686, 176, 691, 54, 184, 63, 839, 200, 334, 722, 212, 85, 473, 71, 732, 95, 997, 488, 235, 237, 744, 754, 373, 634]
seed_node 166
seed_community:  [770, 646, 776, 138, 779, 271, 401, 21, 30, 415, 160, 803, 420, 677, 294, 167, 298, 882, 944, 570, 571, 449, 585, 458, 587, 717, 206, 724, 859, 123, 38, 366, 112, 498, 115, 505, 250, 507, 443, 166]
seed_node 171
seed_community:  [256, 769, 899, 641, 11, 94, 659, 665, 281, 175, 925, 928, 932, 551, 171, 687, 436, 53, 310, 446, 961, 962, 195, 711, 207, 978, 989, 734, 223, 484, 101, 614, 403, 757, 760, 377, 892, 102]
seed_node 201
seed_community:  [409, 1, 900, 774, 655, 147, 537, 280, 921, 154, 947, 544, 177, 435, 180, 694, 185, 573, 831, 577, 453, 201, 845, 464, 338, 83, 470, 603, 737, 357, 957, 496, 753, 242, 883, 629, 251]
seed_node 215
seed_community:  [512, 647, 216, 286, 19, 660, 878, 668, 798, 34, 295, 553, 683, 817, 542, 956, 703, 309, 710, 842, 460, 975, 215, 88, 89, 224, 225, 610, 996, 748, 238, 245, 249, 894, 767]
seed_node 14
seed_community:  [519, 12, 653, 142, 17, 919, 196, 538, 795, 929, 27, 804, 678, 168, 555, 301, 945, 270, 820, 66, 964, 857, 908, 782, 994, 78, 463, 208, 676, 14, 601, 990, 354, 740, 362, 621, 885, 765]
seed_node 15
seed_community:  [256, 769, 899, 641, 11, 15, 403, 665, 281, 687, 925, 928, 734, 932, 551, 175, 436, 53, 310, 446, 961, 962, 195, 711, 207, 978, 989, 94, 223, 484, 101, 614, 659, 757, 760, 377, 892, 102]
seed_node 22
seed_community:  [3, 392, 10, 395, 654, 783, 920, 22, 24, 411, 156, 808, 427, 686, 176, 691, 54, 184, 63, 839, 200, 334, 722, 212, 85, 473, 71, 732, 95, 993, 997, 488, 235, 237, 744, 754, 373, 634]
seed_node 40
seed_community:  [448, 389, 902, 393, 265, 526, 913, 533, 137, 704, 133, 290, 40, 823, 954, 959, 320, 834, 708, 582, 968, 75, 472, 730, 347, 860, 97, 612, 998, 616, 619, 493, 296, 502, 119]
seed_node 43
seed_community:  [675, 388, 327, 43, 750, 248, 50, 149, 662, 152, 580, 474, 28, 29, 671]
seed_node 45
seed_community:  [768, 897, 258, 772, 257, 940, 523, 141, 143, 657, 915, 25, 923, 413, 158, 682, 812, 45, 559, 576, 199, 841, 589, 980, 343, 986, 862, 735, 742, 359, 104, 615, 494, 497, 247, 468, 635, 638, 895]
seed_node 69
seed_community:  [519, 12, 653, 782, 17, 919, 196, 538, 27, 929, 795, 676, 678, 168, 555, 301, 270, 820, 66, 964, 69, 857, 908, 994, 78, 463, 208, 142, 804, 601, 990, 354, 740, 362, 621, 885, 765]
seed_node 77
seed_community:  [256, 769, 899, 641, 11, 94, 403, 665, 281, 175, 925, 928, 932, 551, 687, 436, 53, 310, 446, 961, 962, 195, 711, 77, 207, 978, 989, 734, 223, 484, 101, 614, 659, 757, 760, 377, 892, 102]
seed_node 79
seed_community:  [131, 813, 20, 534, 536, 153, 282, 303, 977, 806, 935, 424, 941, 47, 568, 313, 314, 192, 194, 715, 968, 971, 79, 952, 210, 469, 604, 736, 934, 209, 361, 111, 624, 244, 246, 276, 508, 125]
seed_node 80
seed_community:  [131, 813, 20, 534, 536, 153, 282, 303, 977, 806, 935, 424, 941, 47, 568, 313, 314, 192, 194, 715, 971, 80, 952, 210, 469, 604, 736, 934, 209, 361, 111, 624, 244, 246, 276, 508, 125]
seed_node 84
seed_community:  [385, 898, 259, 645, 520, 777, 13, 529, 669, 799, 161, 419, 165, 550, 369, 297, 938, 811, 302, 815, 561, 307, 693, 182, 951, 317, 318, 949, 193, 331, 332, 205, 386, 269, 595, 84, 718, 591, 93, 293, 487, 1000, 873, 623, 241, 499, 628, 376, 554]
seed_node 92
seed_community:  [601, 519, 12, 653, 142, 17, 919, 964, 538, 27, 929, 795, 676, 678, 168, 555, 301, 270, 820, 66, 196, 908, 994, 78, 463, 208, 782, 804, 857, 92, 990, 354, 740, 362, 621, 885, 765]
seed_node 96
seed_community:  [320, 133, 902, 393, 526, 913, 448, 533, 137, 265, 389, 290, 296, 823, 954, 959, 704, 834, 708, 582, 968, 75, 472, 730, 347, 860, 96, 97, 612, 998, 616, 619, 493, 502, 119]
seed_node 100
seed_community:  [1, 900, 774, 655, 921, 147, 409, 280, 537, 154, 947, 544, 177, 435, 180, 694, 185, 573, 831, 577, 453, 845, 464, 338, 83, 470, 603, 737, 100, 357, 957, 496, 753, 242, 883, 629, 251]
seed_node 103
seed_community:  [512, 647, 216, 19, 660, 238, 542, 668, 286, 34, 295, 553, 683, 817, 309, 798, 956, 703, 710, 842, 460, 975, 88, 89, 224, 225, 610, 996, 103, 748, 878, 245, 249, 894, 767]
seed_node 113
seed_community:  [601, 519, 12, 653, 142, 17, 919, 196, 538, 27, 929, 795, 676, 678, 168, 555, 301, 820, 66, 964, 908, 782, 354, 78, 463, 208, 270, 804, 857, 990, 994, 740, 362, 621, 113, 885, 765]
seed_node 120
seed_community:  [9, 651, 780, 912, 786, 917, 150, 792, 796, 414, 548, 549, 434, 438, 695, 824, 57, 190, 706, 837, 457, 586, 843, 335, 888, 739, 341, 982, 855, 728, 858, 605, 864, 866, 483, 618, 876, 749, 73, 822, 120, 766, 597]
i =  0 [675, 580, 327, 750, 248, 50, 149, 662, 152, 388, 474, 28, 29, 671]
i =  1 [1, 900, 774, 655, 921, 147, 537, 280, 409, 154, 947, 544, 46, 177, 435, 180, 694, 185, 573, 831, 577, 453, 957, 845, 464, 338, 83, 470, 603, 737, 357, 239, 496, 753, 242, 883, 629, 251]
i =  2 [601, 519, 12, 653, 782, 17, 919, 964, 538, 27, 929, 795, 676, 678, 168, 555, 301, 142, 820, 66, 196, 908, 994, 78, 463, 208, 270, 804, 857, 990, 354, 740, 362, 621, 885, 765]
i =  3 [131, 813, 276, 534, 536, 153, 282, 303, 934, 935, 424, 941, 47, 952, 568, 313, 314, 192, 194, 971, 966, 715, 977, 210, 467, 469, 604, 736, 806, 209, 361, 111, 624, 244, 246, 20, 508, 125]
i =  4 [644, 518, 521, 268, 402, 404, 540, 423, 44, 814, 58, 444, 833, 325, 72, 719, 850, 339, 726, 350, 607, 489, 368, 631, 762]
i =  5 [601, 519, 908, 653, 142, 17, 919, 196, 538, 795, 545, 27, 676, 678, 168, 555, 301, 820, 885, 66, 964, 929, 12, 782, 354, 78, 463, 208, 270, 804, 990, 994, 740, 362, 621, 857, 765]
i =  6 [2, 901, 6, 136, 648, 452, 517, 41, 300, 49, 819, 308, 564, 543, 700, 324, 74, 720, 721, 608, 867, 869, 380, 490, 109, 879, 632, 763, 764, 254]
i =  7 [384, 514, 260, 8, 524, 525, 18, 963, 279, 666, 667, 26, 674, 170, 432, 253, 437, 825, 186, 60, 574, 67, 455, 456, 330, 461, 976, 81, 852, 729, 346, 985, 220, 995, 872, 877, 495, 381]
i =  8 [896, 128, 7, 397, 399, 400, 664, 922, 283, 797, 926, 417, 930, 292, 807, 430, 179, 950, 439, 836, 76, 972, 162, 848, 725, 865, 358, 234, 107, 620, 110, 371, 761, 506, 637, 382, 213]
i =  9 [768, 897, 258, 772, 257, 812, 523, 141, 143, 657, 915, 25, 923, 413, 158, 682, 940, 559, 576, 199, 841, 589, 468, 343, 986, 862, 735, 742, 615, 104, 359, 743, 494, 497, 247, 980, 635, 638, 895]
i =  10 [512, 647, 88, 19, 660, 878, 542, 668, 286, 34, 295, 553, 683, 817, 309, 798, 956, 703, 710, 842, 460, 975, 216, 89, 224, 225, 610, 996, 748, 238, 245, 249, 894, 767]
i =  11 [3, 392, 10, 395, 654, 783, 920, 663, 24, 411, 156, 427, 808, 71, 686, 176, 691, 54, 184, 63, 839, 200, 334, 722, 212, 85, 473, 732, 95, 997, 744, 235, 237, 488, 754, 373, 634]
i =  12 [768, 257, 258, 772, 897, 940, 523, 141, 143, 657, 915, 25, 923, 413, 158, 682, 812, 559, 576, 199, 841, 589, 980, 343, 986, 862, 735, 742, 359, 104, 615, 494, 497, 247, 468, 635, 638, 895]
i =  13 [516, 391, 151, 781, 146, 407, 32, 35, 557, 567, 441, 59, 316, 578, 707, 838, 967, 759, 738, 462, 592, 979, 86, 988, 480, 226, 955, 870, 230, 828, 370, 884, 233]
i =  14 [261, 390, 135, 904, 906, 528, 785, 277, 791, 924, 285, 927, 289, 679, 680, 809, 42, 299, 428, 581, 713, 569, 705, 701, 702, 575, 960, 321, 965, 33, 329, 714, 91, 861, 356, 630, 189, 240, 243, 886, 937, 511]
i =  15 [131, 813, 20, 534, 536, 153, 282, 47, 934, 935, 424, 941, 303, 952, 568, 313, 314, 192, 194, 971, 715, 209, 210, 469, 604, 736, 806, 977, 361, 492, 111, 624, 244, 246, 276, 508, 125]
i =  16 [513, 515, 262, 910, 527, 531, 405, 539, 304, 802, 431, 688, 187, 64, 68, 970, 459, 466, 211, 727, 600, 217, 477, 479, 353, 98, 315, 229, 231, 363, 82, 114, 118, 252]
i =  17 [768, 897, 258, 772, 257, 940, 523, 141, 143, 657, 914, 915, 25, 923, 413, 158, 682, 812, 559, 576, 199, 841, 589, 468, 343, 986, 862, 735, 742, 359, 104, 615, 494, 497, 247, 980, 635, 638, 895]
i =  18 [9, 651, 780, 912, 786, 917, 150, 792, 796, 414, 548, 549, 434, 438, 695, 824, 57, 190, 706, 837, 457, 586, 843, 335, 483, 341, 982, 855, 728, 858, 605, 864, 866, 739, 618, 876, 749, 73, 822, 888, 766, 597]
i =  19 [9, 651, 780, 912, 786, 917, 150, 792, 796, 414, 548, 549, 434, 438, 695, 824, 57, 190, 706, 837, 457, 586, 843, 335, 739, 341, 982, 855, 728, 858, 605, 864, 866, 483, 618, 876, 749, 73, 822, 888, 766, 597]
i =  20 [4, 263, 139, 16, 530, 408, 157, 70, 681, 556, 558, 689, 565, 55, 440, 442, 191, 198, 203, 973, 336, 56, 594, 599, 805, 482, 99, 228, 741, 360, 106, 622, 116, 636, 639]
i =  21 [481, 163, 36, 454, 134, 39, 584, 583, 204, 333, 51, 532, 117, 983, 696, 164, 794, 731, 476, 222]
i =  22 [129, 903, 909, 272, 145, 658, 789, 278, 670, 287, 288, 801, 933, 775, 172, 685, 181, 183, 312, 697, 672, 969, 590, 593, 342, 471, 344, 991, 352, 485, 273, 105, 747, 108, 752, 626, 627, 500, 758, 504, 124, 893, 510]
i =  23 [768, 897, 258, 772, 257, 940, 523, 141, 143, 657, 915, 25, 923, 413, 158, 682, 812, 559, 576, 199, 841, 589, 980, 343, 986, 862, 735, 742, 359, 104, 615, 494, 497, 247, 468, 635, 638, 895]
i =  24 [547, 5, 326, 264, 905, 426, 178, 90, 319, 306, 579, 372, 406, 202, 633, 698, 475, 188, 522, 159]
i =  25 [451, 388, 327, 750, 152, 50, 675, 149, 662, 248, 580, 474, 28, 29, 671]
i =  26 [267, 911, 274, 790, 23, 410, 155, 284, 541, 416, 418, 37, 552, 943, 818, 52, 821, 830, 832, 907, 709, 378, 891, 613, 871, 491, 236, 881, 756, 122, 379]
i =  27 [601, 519, 908, 653, 142, 17, 919, 964, 538, 795, 929, 27, 676, 678, 168, 555, 301, 945, 820, 66, 196, 12, 782, 354, 78, 463, 208, 270, 804, 857, 990, 994, 740, 362, 621, 885, 765]
i =  28 [267, 911, 274, 790, 23, 410, 155, 284, 541, 416, 418, 931, 37, 552, 943, 818, 52, 821, 830, 832, 907, 709, 122, 613, 871, 491, 236, 881, 756, 378, 379]
i =  29 [907, 911, 274, 790, 23, 410, 155, 284, 541, 416, 418, 37, 552, 946, 943, 818, 52, 821, 830, 832, 267, 709, 378, 613, 871, 491, 236, 881, 756, 122, 379]
i =  30 [481, 643, 164, 454, 134, 583, 584, 39, 204, 333, 51, 532, 117, 696, 36, 163, 731, 476, 794, 222]
i =  31 [385, 898, 259, 645, 520, 777, 13, 529, 669, 799, 161, 419, 293, 550, 241, 297, 554, 811, 302, 815, 561, 307, 693, 182, 951, 317, 318, 949, 193, 331, 332, 205, 386, 269, 595, 718, 591, 93, 165, 487, 1000, 873, 623, 369, 499, 628, 376, 938]
i =  32 [128, 896, 7, 397, 399, 400, 664, 922, 283, 797, 926, 417, 930, 292, 807, 430, 179, 950, 439, 953, 836, 76, 972, 162, 848, 213, 865, 358, 234, 107, 620, 110, 371, 761, 506, 637, 382, 725]
i =  33 [601, 519, 12, 653, 142, 17, 919, 196, 538, 795, 929, 27, 676, 678, 168, 555, 301, 820, 66, 964, 908, 782, 354, 78, 847, 208, 270, 804, 857, 463, 990, 994, 740, 362, 621, 885, 765]
i =  34 [516, 391, 781, 146, 151, 32, 35, 557, 942, 567, 441, 955, 316, 578, 707, 838, 967, 738, 462, 592, 979, 86, 233, 988, 480, 226, 59, 870, 230, 828, 370, 884, 759]
i =  35 [516, 391, 781, 146, 151, 32, 35, 557, 567, 441, 955, 316, 578, 707, 838, 967, 738, 462, 592, 979, 86, 233, 988, 480, 993, 226, 59, 230, 870, 828, 370, 884, 759]
i =  36 [384, 514, 260, 8, 524, 525, 18, 67, 279, 666, 667, 26, 170, 432, 437, 381, 825, 186, 60, 574, 963, 455, 456, 330, 461, 846, 976, 81, 852, 729, 346, 985, 220, 995, 872, 877, 495, 253]
i =  37 [512, 647, 88, 19, 660, 878, 542, 668, 286, 34, 295, 553, 683, 817, 798, 956, 703, 309, 710, 842, 460, 975, 216, 89, 224, 225, 610, 996, 748, 238, 245, 249, 890, 894, 767]
i =  38 [384, 514, 260, 8, 524, 525, 18, 963, 279, 666, 667, 26, 170, 432, 840, 437, 381, 825, 186, 60, 574, 67, 455, 456, 330, 461, 976, 81, 852, 729, 346, 985, 220, 995, 872, 877, 495, 253]
i =  39 [384, 514, 260, 8, 524, 525, 18, 963, 279, 666, 667, 26, 170, 432, 437, 381, 825, 186, 60, 574, 67, 455, 456, 330, 461, 976, 81, 852, 729, 346, 987, 220, 995, 872, 985, 877, 495, 253]
i =  40 [704, 389, 902, 393, 526, 320, 856, 533, 137, 265, 133, 290, 296, 823, 954, 959, 448, 834, 708, 582, 968, 75, 472, 730, 347, 860, 97, 612, 998, 913, 616, 619, 493, 502, 119]
i =  41 [256, 641, 899, 769, 11, 94, 273, 403, 281, 665, 687, 925, 928, 932, 551, 175, 436, 53, 310, 446, 961, 962, 195, 711, 207, 978, 989, 734, 223, 993, 484, 101, 614, 999, 659, 757, 760, 377, 892, 102]
i =  42 [650, 396, 144, 148, 661, 535, 412, 31, 48, 433, 425, 810, 173, 560, 305, 562, 826, 699, 572, 829, 322, 323, 712, 588, 844, 851, 214, 87, 602, 348, 863, 992, 609, 227, 874, 365, 445, 880, 723, 374, 121, 255]
i =  43 [130, 387, 503, 649, 266, 140, 787, 788, 918, 793, 800, 546, 291, 421, 174, 349, 690, 692, 311, 62, 447, 65, 450, 835, 197, 328, 887, 974, 337, 853, 854, 984, 218, 221, 355, 232, 875, 367, 625, 275, 501, 375, 889, 509, 126, 127]
i =  44 [512, 647, 88, 19, 660, 238, 542, 668, 286, 34, 295, 553, 683, 817, 309, 798, 956, 703, 710, 842, 460, 975, 981, 216, 89, 224, 225, 610, 996, 748, 878, 245, 249, 894, 767]
i =  45 [644, 518, 521, 268, 402, 404, 540, 423, 44, 814, 58, 444, 958, 833, 325, 72, 719, 850, 339, 726, 350, 607, 489, 368, 631, 762]
i =  46 [770, 646, 776, 138, 779, 271, 401, 30, 415, 160, 803, 420, 677, 38, 167, 298, 498, 944, 570, 443, 449, 585, 458, 587, 717, 206, 724, 859, 571, 294, 366, 112, 882, 115, 505, 250, 123, 507]
i =  47 [644, 518, 521, 268, 402, 404, 540, 423, 44, 814, 948, 58, 444, 833, 325, 72, 719, 850, 339, 726, 350, 607, 489, 368, 631, 762]
i =  48 [704, 133, 902, 393, 526, 320, 913, 533, 137, 265, 389, 290, 936, 823, 954, 959, 448, 834, 708, 582, 968, 75, 472, 730, 347, 860, 97, 612, 998, 616, 619, 493, 296, 502, 119]
i =  49 [481, 163, 164, 134, 454, 583, 584, 939, 204, 333, 51, 532, 117, 696, 39, 794, 731, 476, 222, 36]
i =  50 [675, 580, 327, 750, 248, 50, 916, 149, 662, 152, 388, 474, 28, 29, 671]
i =  51 [256, 769, 899, 641, 11, 614, 403, 665, 281, 175, 925, 928, 734, 932, 551, 687, 436, 53, 310, 446, 961, 962, 195, 711, 207, 978, 868, 989, 94, 223, 484, 101, 102, 659, 757, 760, 377, 892]
i =  52 [320, 133, 902, 393, 526, 913, 448, 533, 137, 265, 389, 290, 296, 823, 954, 959, 704, 834, 708, 582, 968, 75, 849, 472, 730, 347, 860, 97, 612, 998, 616, 619, 493, 502, 119]
i =  53 [768, 257, 258, 772, 897, 940, 523, 141, 143, 657, 915, 25, 923, 413, 158, 682, 812, 559, 827, 576, 199, 841, 589, 980, 343, 986, 862, 735, 742, 359, 104, 615, 494, 497, 247, 468, 635, 638, 895]
i =  54 [770, 646, 776, 138, 779, 271, 401, 30, 415, 160, 816, 803, 420, 677, 294, 167, 169, 298, 498, 944, 219, 570, 571, 449, 585, 458, 587, 717, 206, 724, 859, 123, 38, 366, 112, 882, 115, 505, 250, 507, 443]
i =  55 [512, 647, 784, 216, 286, 19, 660, 238, 668, 798, 34, 295, 553, 683, 817, 542, 956, 703, 309, 710, 842, 460, 975, 88, 89, 224, 225, 610, 996, 748, 878, 245, 249, 894, 767]
i =  56 [1, 771, 900, 774, 655, 921, 147, 409, 280, 537, 154, 947, 544, 177, 435, 180, 694, 185, 957, 831, 577, 453, 845, 464, 338, 83, 470, 603, 737, 357, 573, 496, 753, 242, 883, 629, 251]
i =  57 [773, 601, 519, 12, 653, 142, 17, 919, 196, 538, 27, 929, 795, 676, 678, 168, 555, 301, 820, 66, 964, 908, 782, 994, 78, 463, 208, 270, 804, 857, 990, 354, 740, 362, 621, 885, 765]
i =  58 [261, 390, 135, 904, 778, 528, 785, 277, 791, 924, 285, 927, 33, 679, 680, 937, 42, 299, 428, 321, 713, 569, 965, 701, 702, 575, 960, 705, 581, 289, 329, 714, 906, 91, 861, 356, 630, 189, 240, 243, 886, 809, 511]
i =  59 [131, 813, 20, 534, 536, 153, 282, 303, 806, 935, 424, 941, 47, 952, 568, 313, 314, 192, 194, 715, 971, 209, 210, 469, 604, 733, 736, 934, 977, 361, 111, 624, 244, 246, 276, 508, 125]
i =  60 [1, 900, 774, 655, 921, 147, 409, 280, 537, 154, 947, 544, 177, 435, 180, 694, 185, 957, 831, 577, 453, 845, 464, 338, 83, 470, 603, 737, 357, 745, 573, 496, 753, 242, 883, 629, 251]
i =  61 [481, 163, 164, 454, 134, 39, 584, 746, 583, 204, 333, 51, 532, 117, 696, 36, 794, 731, 476, 222]
i =  62 [650, 396, 144, 148, 661, 535, 751, 412, 31, 560, 433, 425, 810, 173, 48, 305, 562, 826, 699, 572, 829, 322, 323, 712, 588, 844, 851, 214, 87, 602, 348, 863, 992, 609, 227, 874, 365, 445, 880, 723, 374, 121, 255]
i =  63 [4, 263, 139, 16, 530, 408, 157, 805, 681, 556, 558, 689, 565, 55, 56, 442, 70, 191, 198, 203, 973, 336, 440, 594, 599, 482, 99, 228, 741, 360, 106, 622, 755, 116, 636, 639]
i =  64 [768, 897, 258, 772, 257, 940, 523, 141, 143, 657, 915, 25, 923, 413, 158, 682, 812, 559, 576, 199, 841, 716, 589, 980, 343, 986, 862, 735, 742, 359, 104, 615, 494, 497, 247, 468, 635, 638, 895]
i =  65 [256, 641, 899, 769, 11, 614, 403, 281, 665, 687, 925, 928, 673, 932, 734, 551, 175, 436, 53, 310, 446, 961, 962, 195, 711, 207, 978, 989, 94, 223, 484, 101, 102, 659, 757, 760, 377, 892]
i =  66 [704, 133, 902, 393, 526, 320, 913, 533, 137, 265, 389, 290, 296, 684, 823, 954, 959, 448, 834, 708, 582, 968, 75, 472, 730, 347, 860, 97, 612, 998, 616, 619, 493, 502, 119]
i =  67 [640, 2, 901, 6, 136, 648, 324, 543, 41, 300, 49, 819, 564, 308, 700, 452, 74, 720, 721, 517, 608, 867, 869, 764, 490, 109, 879, 632, 763, 380, 254]
i =  68 [642, 650, 396, 144, 148, 661, 535, 412, 31, 48, 433, 425, 810, 173, 560, 305, 562, 826, 699, 572, 445, 322, 323, 712, 588, 844, 723, 214, 87, 602, 348, 863, 992, 609, 227, 874, 365, 829, 880, 851, 374, 121, 255]
i =  69 [512, 647, 652, 216, 286, 19, 660, 878, 668, 798, 34, 295, 553, 683, 817, 542, 956, 703, 309, 710, 842, 460, 975, 88, 89, 224, 225, 610, 996, 748, 238, 245, 249, 894, 767]
i =  70 [519, 12, 653, 142, 656, 17, 919, 196, 538, 27, 929, 795, 676, 678, 168, 555, 301, 270, 820, 66, 964, 857, 908, 994, 78, 463, 208, 782, 804, 601, 990, 354, 740, 362, 621, 885, 765]
i =  71 [1, 900, 774, 655, 921, 147, 537, 280, 409, 154, 947, 544, 177, 435, 180, 694, 185, 957, 831, 577, 453, 845, 464, 338, 83, 470, 603, 737, 611, 357, 573, 496, 753, 242, 883, 629, 251]
i =  72 [512, 647, 216, 19, 660, 878, 542, 668, 286, 34, 295, 553, 683, 817, 309, 798, 956, 703, 710, 842, 460, 975, 88, 89, 224, 225, 610, 996, 617, 748, 238, 245, 249, 894, 767]
i =  73 [768, 257, 258, 772, 897, 940, 523, 141, 143, 657, 915, 25, 923, 413, 158, 682, 812, 559, 576, 199, 841, 589, 596, 343, 986, 862, 735, 742, 359, 104, 615, 494, 497, 247, 468, 635, 980, 638, 895]
i =  74 [675, 388, 598, 327, 750, 248, 50, 149, 662, 152, 580, 474, 28, 29, 671]
i =  75 [448, 389, 902, 393, 265, 526, 913, 533, 137, 704, 133, 290, 296, 823, 954, 959, 320, 834, 708, 582, 968, 75, 472, 730, 347, 860, 606, 97, 612, 998, 616, 619, 493, 502, 119]
i =  76 [256, 769, 899, 641, 11, 659, 665, 281, 175, 925, 928, 734, 932, 551, 687, 563, 436, 53, 310, 446, 961, 962, 195, 711, 207, 978, 989, 94, 223, 484, 101, 614, 403, 757, 760, 377, 892, 102]
i =  77 [512, 647, 216, 286, 19, 660, 238, 542, 668, 798, 34, 295, 553, 683, 817, 309, 566, 956, 703, 710, 842, 460, 975, 88, 89, 224, 225, 610, 996, 748, 878, 245, 249, 894, 767]
i =  78 [131, 941, 465, 276, 534, 536, 153, 282, 47, 934, 935, 424, 813, 303, 952, 568, 313, 314, 192, 194, 715, 971, 977, 210, 469, 604, 736, 806, 209, 361, 111, 624, 244, 246, 20, 508, 125]
i =  79 [131, 813, 20, 534, 536, 153, 282, 303, 934, 935, 424, 941, 47, 952, 568, 313, 314, 192, 194, 715, 971, 209, 210, 469, 604, 478, 736, 993, 806, 977, 361, 111, 624, 244, 246, 276, 508, 125]
i =  80 [4, 263, 139, 16, 530, 408, 157, 70, 681, 556, 558, 689, 946, 565, 55, 440, 442, 191, 198, 203, 973, 336, 56, 594, 599, 805, 482, 99, 228, 741, 486, 360, 106, 622, 116, 636, 639]
i =  81 [261, 390, 135, 904, 906, 528, 785, 277, 791, 924, 285, 927, 289, 679, 680, 809, 42, 299, 428, 581, 329, 569, 705, 189, 394, 575, 960, 321, 965, 886, 33, 713, 714, 91, 861, 356, 701, 240, 243, 702, 630, 937, 511]
i =  82 [320, 389, 902, 393, 398, 913, 448, 533, 137, 265, 133, 290, 296, 823, 954, 959, 704, 834, 708, 582, 968, 75, 526, 472, 730, 347, 860, 97, 612, 998, 616, 619, 493, 502, 119]
i =  83 [519, 908, 653, 782, 17, 919, 196, 538, 795, 929, 27, 676, 678, 168, 555, 301, 270, 820, 66, 964, 857, 12, 354, 78, 463, 208, 142, 804, 601, 990, 994, 740, 422, 362, 621, 885, 765]
i =  84 [675, 388, 327, 429, 750, 248, 50, 149, 662, 152, 580, 474, 28, 29, 671]
i =  85 [3, 392, 236, 10, 395, 654, 783, 920, 274, 790, 23, 24, 410, 155, 284, 541, 491, 416, 418, 411, 37, 808, 156, 122, 427, 686, 943, 176, 818, 691, 52, 821, 54, 184, 61, 830, 63, 832, 267, 709, 839, 200, 744, 334, 722, 340, 85, 473, 71, 911, 732, 634, 95, 552, 997, 871, 488, 235, 907, 237, 613, 881, 754, 756, 373, 212, 378, 379]
i =  86 [130, 387, 503, 649, 266, 140, 275, 788, 918, 793, 800, 546, 291, 421, 174, 349, 690, 692, 311, 62, 447, 65, 450, 835, 197, 328, 887, 974, 337, 853, 854, 984, 345, 218, 221, 355, 232, 875, 367, 625, 787, 501, 375, 889, 509, 126, 127]
i =  87 [385, 386, 259, 645, 520, 777, 13, 529, 669, 799, 161, 419, 165, 550, 369, 297, 938, 811, 302, 815, 561, 307, 693, 182, 951, 317, 318, 949, 193, 331, 332, 205, 718, 269, 595, 591, 93, 898, 351, 293, 487, 1000, 873, 623, 241, 499, 628, 376, 554]
i =  88 [256, 769, 899, 641, 11, 403, 281, 665, 175, 925, 928, 734, 932, 551, 687, 436, 53, 310, 446, 961, 962, 195, 711, 207, 978, 989, 94, 223, 484, 101, 614, 364, 659, 757, 760, 377, 892, 102]
i =  89 [650, 396, 144, 148, 661, 535, 412, 31, 560, 433, 425, 810, 173, 48, 177, 562, 826, 699, 572, 829, 322, 323, 712, 588, 844, 305, 851, 83, 214, 87, 602, 987, 348, 863, 992, 609, 61, 227, 874, 365, 957, 445, 880, 723, 374, 121, 383, 255]
i =  90 [3, 132, 392, 10, 395, 654, 783, 24, 920, 411, 156, 808, 427, 686, 176, 691, 54, 184, 63, 839, 200, 334, 722, 212, 85, 473, 71, 732, 95, 997, 488, 235, 237, 744, 754, 373, 634]
i =  91 [770, 646, 776, 138, 779, 271, 401, 21, 30, 415, 160, 803, 420, 677, 294, 167, 298, 882, 944, 570, 571, 449, 585, 458, 587, 717, 206, 724, 859, 123, 38, 366, 112, 498, 115, 505, 250, 507, 443, 166]
i =  92 [256, 769, 899, 641, 11, 94, 659, 665, 281, 175, 925, 928, 932, 551, 171, 687, 436, 53, 310, 446, 961, 962, 195, 711, 207, 978, 989, 734, 223, 484, 101, 614, 403, 757, 760, 377, 892, 102]
i =  93 [409, 1, 900, 774, 655, 147, 537, 280, 921, 154, 947, 544, 177, 435, 180, 694, 185, 573, 831, 577, 453, 201, 845, 464, 338, 83, 470, 603, 737, 357, 957, 496, 753, 242, 883, 629, 251]
i =  94 [512, 647, 216, 286, 19, 660, 878, 668, 798, 34, 295, 553, 683, 817, 542, 956, 703, 309, 710, 842, 460, 975, 215, 88, 89, 224, 225, 610, 996, 748, 238, 245, 249, 894, 767]
i =  95 [519, 12, 653, 142, 17, 919, 196, 538, 795, 929, 27, 804, 678, 168, 555, 301, 945, 270, 820, 66, 964, 857, 908, 782, 994, 78, 463, 208, 676, 14, 601, 990, 354, 740, 362, 621, 885, 765]
i =  96 [256, 769, 899, 641, 11, 15, 403, 665, 281, 687, 925, 928, 734, 932, 551, 175, 436, 53, 310, 446, 961, 962, 195, 711, 207, 978, 989, 94, 223, 484, 101, 614, 659, 757, 760, 377, 892, 102]
i =  97 [3, 392, 10, 395, 654, 783, 920, 22, 24, 411, 156, 808, 427, 686, 176, 691, 54, 184, 63, 839, 200, 334, 722, 212, 85, 473, 71, 732, 95, 993, 997, 488, 235, 237, 744, 754, 373, 634]
i =  98 [448, 389, 902, 393, 265, 526, 913, 533, 137, 704, 133, 290, 40, 823, 954, 959, 320, 834, 708, 582, 968, 75, 472, 730, 347, 860, 97, 612, 998, 616, 619, 493, 296, 502, 119]
i =  99 [675, 388, 327, 43, 750, 248, 50, 149, 662, 152, 580, 474, 28, 29, 671]
i =  100 [768, 897, 258, 772, 257, 940, 523, 141, 143, 657, 915, 25, 923, 413, 158, 682, 812, 45, 559, 576, 199, 841, 589, 980, 343, 986, 862, 735, 742, 359, 104, 615, 494, 497, 247, 468, 635, 638, 895]
i =  101 [519, 12, 653, 782, 17, 919, 196, 538, 27, 929, 795, 676, 678, 168, 555, 301, 270, 820, 66, 964, 69, 857, 908, 994, 78, 463, 208, 142, 804, 601, 990, 354, 740, 362, 621, 885, 765]
i =  102 [256, 769, 899, 641, 11, 94, 403, 665, 281, 175, 925, 928, 932, 551, 687, 436, 53, 310, 446, 961, 962, 195, 711, 77, 207, 978, 989, 734, 223, 484, 101, 614, 659, 757, 760, 377, 892, 102]
i =  103 [131, 813, 20, 534, 536, 153, 282, 303, 977, 806, 935, 424, 941, 47, 568, 313, 314, 192, 194, 715, 968, 971, 79, 952, 210, 469, 604, 736, 934, 209, 361, 111, 624, 244, 246, 276, 508, 125]
i =  104 [131, 813, 20, 534, 536, 153, 282, 303, 977, 806, 935, 424, 941, 47, 568, 313, 314, 192, 194, 715, 971, 80, 952, 210, 469, 604, 736, 934, 209, 361, 111, 624, 244, 246, 276, 508, 125]
i =  105 [385, 898, 259, 645, 520, 777, 13, 529, 669, 799, 161, 419, 165, 550, 369, 297, 938, 811, 302, 815, 561, 307, 693, 182, 951, 317, 318, 949, 193, 331, 332, 205, 386, 269, 595, 84, 718, 591, 93, 293, 487, 1000, 873, 623, 241, 499, 628, 376, 554]
i =  106 [601, 519, 12, 653, 142, 17, 919, 964, 538, 27, 929, 795, 676, 678, 168, 555, 301, 270, 820, 66, 196, 908, 994, 78, 463, 208, 782, 804, 857, 92, 990, 354, 740, 362, 621, 885, 765]
i =  107 [320, 133, 902, 393, 526, 913, 448, 533, 137, 265, 389, 290, 296, 823, 954, 959, 704, 834, 708, 582, 968, 75, 472, 730, 347, 860, 96, 97, 612, 998, 616, 619, 493, 502, 119]
i =  108 [1, 900, 774, 655, 921, 147, 409, 280, 537, 154, 947, 544, 177, 435, 180, 694, 185, 573, 831, 577, 453, 845, 464, 338, 83, 470, 603, 737, 100, 357, 957, 496, 753, 242, 883, 629, 251]
i =  109 [512, 647, 216, 19, 660, 238, 542, 668, 286, 34, 295, 553, 683, 817, 309, 798, 956, 703, 710, 842, 460, 975, 88, 89, 224, 225, 610, 996, 103, 748, 878, 245, 249, 894, 767]
i =  110 [601, 519, 12, 653, 142, 17, 919, 196, 538, 27, 929, 795, 676, 678, 168, 555, 301, 820, 66, 964, 908, 782, 354, 78, 463, 208, 270, 804, 857, 990, 994, 740, 362, 621, 113, 885, 765]
i =  111 [9, 651, 780, 912, 786, 917, 150, 792, 796, 414, 548, 549, 434, 438, 695, 824, 57, 190, 706, 837, 457, 586, 843, 335, 888, 739, 341, 982, 855, 728, 858, 605, 864, 866, 483, 618, 876, 749, 73, 822, 120, 766, 597]
finish get all communities
complete deal_communities
commplete get_all_nature_community
----------------------------------The detection result is: 

all communities: 
i =  1 : [64, 68, 82, 98, 114, 118, 187, 211, 217, 229, 231, 252, 262, 304, 315, 353, 363, 405, 431, 459, 466, 477, 479, 513, 515, 527, 531, 539, 600, 688, 727, 802, 910, 970]
i =  2 : [105, 108, 124, 129, 145, 172, 181, 183, 272, 273, 278, 287, 288, 312, 342, 344, 352, 471, 485, 500, 504, 510, 590, 593, 626, 627, 658, 670, 672, 685, 697, 747, 752, 758, 775, 789, 801, 893, 903, 909, 933, 969, 991]
i =  3 : [5, 90, 159, 178, 188, 202, 264, 306, 319, 326, 372, 406, 426, 475, 522, 547, 579, 633, 698, 905]
i =  4 : [7, 76, 107, 110, 128, 162, 179, 213, 234, 283, 292, 358, 371, 382, 397, 399, 400, 417, 430, 439, 506, 620, 637, 664, 725, 761, 797, 807, 836, 848, 865, 896, 922, 926, 930, 950, 953, 972]
i =  5 : [2, 6, 41, 49, 74, 109, 136, 254, 300, 308, 324, 380, 452, 490, 517, 543, 564, 608, 632, 640, 648, 700, 720, 721, 763, 764, 819, 867, 869, 879, 901]
i =  6 : [3, 10, 23, 24, 37, 52, 54, 61, 63, 71, 85, 95, 122, 155, 156, 176, 184, 200, 212, 235, 236, 237, 267, 274, 284, 334, 340, 373, 378, 379, 392, 395, 410, 411, 416, 418, 427, 473, 488, 491, 541, 552, 613, 634, 654, 686, 691, 709, 722, 732, 744, 754, 756, 783, 790, 808, 818, 821, 830, 832, 839, 871, 881, 907, 911, 920, 943, 997]
i =  7 : [62, 65, 126, 127, 130, 140, 174, 197, 218, 221, 232, 266, 275, 291, 311, 328, 337, 345, 349, 355, 367, 375, 387, 421, 447, 450, 501, 503, 509, 546, 625, 649, 690, 692, 787, 788, 793, 800, 835, 853, 854, 875, 887, 889, 918, 974, 984]
i =  8 : [9, 57, 73, 120, 150, 190, 335, 341, 414, 434, 438, 457, 483, 548, 549, 586, 597, 605, 618, 651, 695, 706, 728, 739, 749, 766, 780, 786, 792, 796, 822, 824, 837, 843, 855, 858, 864, 866, 876, 888, 912, 917, 982]
i =  9 : [44, 58, 72, 268, 325, 339, 350, 368, 402, 404, 423, 444, 489, 518, 521, 540, 607, 631, 644, 719, 726, 762, 814, 833, 850, 948, 958]
i =  10 : [21, 30, 38, 112, 115, 123, 138, 160, 166, 167, 169, 206, 219, 250, 271, 294, 298, 366, 401, 415, 420, 443, 449, 458, 498, 505, 507, 570, 571, 585, 587, 646, 677, 717, 724, 770, 776, 779, 803, 816, 859, 882, 944]
i =  11 : [33, 42, 91, 135, 189, 240, 243, 261, 277, 285, 289, 299, 321, 329, 356, 390, 394, 428, 511, 528, 569, 575, 581, 630, 679, 680, 701, 702, 705, 713, 714, 778, 785, 791, 809, 861, 886, 904, 906, 924, 927, 937, 960, 965]
i =  12 : [4, 16, 55, 56, 70, 99, 106, 116, 139, 157, 191, 198, 203, 228, 263, 336, 360, 408, 440, 442, 482, 486, 530, 556, 558, 565, 594, 599, 622, 636, 639, 681, 689, 741, 755, 805, 946, 973]
i =  13 : [13, 84, 93, 161, 165, 182, 193, 205, 241, 259, 269, 293, 297, 302, 307, 317, 318, 331, 332, 351, 369, 376, 385, 386, 419, 487, 499, 520, 529, 550, 554, 561, 591, 595, 623, 628, 645, 669, 693, 718, 777, 799, 811, 815, 873, 898, 938, 949, 951, 1000]
i =  14 : [3, 10, 22, 24, 54, 63, 71, 85, 95, 132, 156, 176, 184, 200, 212, 235, 237, 334, 373, 392, 395, 411, 427, 473, 488, 634, 654, 663, 686, 691, 722, 732, 744, 754, 783, 808, 839, 920, 993, 997]
i =  15 : [32, 35, 59, 86, 146, 151, 226, 230, 233, 316, 370, 391, 407, 441, 462, 480, 516, 557, 567, 578, 592, 707, 738, 759, 781, 828, 838, 870, 884, 942, 955, 967, 979, 988, 993]
i =  16 : [23, 37, 52, 122, 155, 236, 267, 274, 284, 378, 379, 410, 416, 418, 491, 541, 552, 613, 709, 756, 790, 818, 821, 830, 832, 871, 881, 891, 907, 911, 931, 943, 946]
i =  17 : [31, 48, 61, 83, 87, 121, 144, 148, 173, 177, 214, 227, 255, 305, 322, 323, 348, 365, 374, 383, 396, 412, 425, 433, 445, 535, 560, 562, 572, 588, 602, 609, 642, 650, 661, 699, 712, 723, 751, 810, 826, 829, 844, 851, 863, 874, 880, 957, 987, 992]
i =  18 : [8, 18, 26, 60, 67, 81, 170, 186, 220, 253, 260, 279, 330, 346, 381, 384, 432, 437, 455, 456, 461, 495, 514, 524, 525, 574, 666, 667, 674, 729, 825, 840, 846, 852, 872, 877, 963, 976, 985, 987, 995]
i =  19 : [36, 39, 51, 117, 134, 163, 164, 204, 222, 333, 454, 476, 481, 532, 583, 584, 643, 696, 731, 746, 794, 939, 983]
i =  20 : [28, 29, 43, 50, 149, 152, 248, 327, 388, 429, 451, 474, 580, 598, 662, 671, 675, 750, 916]
i =  21 : [1, 46, 83, 100, 147, 154, 177, 180, 185, 201, 239, 242, 251, 280, 338, 357, 409, 435, 453, 464, 470, 496, 537, 544, 573, 577, 603, 611, 629, 655, 694, 737, 745, 753, 771, 774, 831, 845, 883, 900, 921, 947, 957]
i =  22 : [25, 45, 104, 141, 143, 158, 199, 247, 257, 258, 343, 359, 413, 468, 494, 497, 523, 559, 576, 589, 596, 615, 635, 638, 657, 682, 716, 735, 742, 743, 768, 772, 812, 827, 841, 862, 895, 897, 914, 915, 923, 940, 980, 986]
i =  23 : [20, 47, 79, 80, 111, 125, 131, 153, 192, 194, 209, 210, 244, 246, 276, 282, 303, 313, 314, 361, 424, 465, 467, 469, 478, 492, 508, 534, 536, 568, 604, 624, 715, 733, 736, 806, 813, 934, 935, 941, 952, 966, 968, 971, 977, 993]
i =  24 : [19, 34, 88, 89, 103, 215, 216, 224, 225, 238, 245, 249, 286, 295, 309, 460, 512, 542, 553, 566, 610, 617, 647, 652, 660, 668, 683, 703, 710, 748, 767, 784, 798, 817, 842, 878, 890, 894, 956, 975, 981, 996]
i =  25 : [40, 75, 96, 97, 119, 133, 137, 265, 290, 296, 320, 347, 389, 393, 398, 448, 472, 493, 502, 526, 533, 582, 606, 612, 616, 619, 684, 704, 708, 730, 823, 834, 849, 856, 860, 902, 913, 936, 954, 959, 968, 998]
i =  26 : [11, 15, 53, 77, 94, 101, 102, 171, 175, 195, 207, 223, 256, 273, 281, 310, 364, 377, 403, 436, 446, 484, 551, 563, 614, 641, 659, 665, 673, 687, 711, 734, 757, 760, 769, 868, 892, 899, 925, 928, 932, 961, 962, 978, 989, 993, 999]
i =  27 : [12, 14, 17, 27, 66, 69, 78, 92, 113, 142, 168, 196, 208, 270, 301, 354, 362, 422, 463, 519, 538, 545, 555, 601, 621, 653, 656, 676, 678, 740, 765, 773, 782, 795, 804, 820, 847, 857, 885, 908, 919, 929, 945, 964, 990, 994]
overlapping nodes are:  [3, 10, 23, 24, 37, 52, 54, 61, 63, 71, 83, 85, 95, 122, 155, 156, 176, 177, 184, 200, 212, 235, 236, 237, 267, 273, 274, 284, 334, 373, 378, 379, 392, 395, 410, 411, 416, 418, 427, 473, 488, 491, 541, 552, 613, 634, 654, 686, 691, 709, 722, 732, 744, 754, 756, 783, 790, 808, 818, 821, 830, 832, 839, 871, 881, 907, 911, 920, 943, 946, 957, 968, 987, 993, 997] 
 NOO is:  75
total time is:  223.073881149
