lens of ground_truth:  32
ground_truth is: [[49, 65, 72, 76, 115, 131, 314, 368, 370, 472, 526, 528, 545, 548, 572, 627, 648, 657, 688, 707, 709, 711, 741, 772, 773, 779, 786, 849, 930], [3, 7, 27, 28, 68, 72, 97, 116, 160, 189, 200, 206, 216, 233, 242, 265, 281, 296, 297, 321, 365, 372, 376, 398, 416, 421, 423, 442, 451, 468, 489, 502, 503, 531, 556, 621, 638, 649, 654, 666, 671, 701, 708, 768, 774, 795, 802, 839, 879, 913, 924, 925, 930, 962, 963], [20, 74, 95, 129, 137, 179, 180, 220, 245, 295, 356, 378, 414, 434, 439, 443, 448, 453, 614, 620, 630, 651, 659, 671, 763, 764, 784, 795, 801, 818, 843, 871, 876, 907, 922, 945, 951, 971], [13, 25, 33, 61, 68, 114, 117, 151, 152, 229, 250, 257, 330, 336, 346, 352, 389, 403, 431, 433, 437, 453, 466, 504, 533, 539, 619, 692, 726, 795, 797, 807, 817, 827, 849, 863, 879, 900, 914, 927, 930, 941, 953, 960, 965, 968, 975, 987], [69, 70, 102, 112, 142, 146, 257, 274, 282, 304, 335, 344, 361, 408, 410, 451, 463, 481, 492, 493, 527, 552, 668, 716, 732], [7, 29, 47, 70, 82, 111, 121, 167, 180, 189, 193, 202, 218, 229, 233, 248, 266, 278, 279, 285, 293, 310, 313, 338, 341, 364, 381, 392, 398, 432, 437, 441, 456, 461, 482, 503, 504, 535, 537, 539, 591, 602, 626, 638, 642, 649, 666, 671, 693, 708, 712, 719, 727, 731, 749, 755, 756, 775, 776, 806, 814, 818, 847, 872, 879, 885, 894, 903, 908, 924, 942, 947, 957, 963, 971, 972, 977, 995, 996], [12, 38, 43, 57, 70, 75, 96, 140, 191, 214, 221, 229, 247, 288, 292, 333, 399, 446, 474, 498, 505, 575, 585, 592, 702, 753, 798, 832], [7, 19, 29, 68, 70, 88, 91, 102, 107, 116, 121, 128, 148, 165, 167, 192, 193, 218, 233, 241, 252, 266, 279, 298, 310, 333, 375, 397, 398, 445, 456, 477, 490, 503, 507, 514, 517, 519, 531, 535, 542, 547, 556, 578, 607, 625, 638, 641, 649, 654, 661, 663, 666, 671, 679, 703, 756, 759, 770, 771, 797, 806, 818, 822, 834, 844, 868, 880, 884, 888, 896, 903, 907, 908, 915, 921, 939, 957, 958, 963, 966, 967, 978, 979, 986, 990, 991, 993, 995, 996, 998], [11, 46, 67, 72, 91, 93, 102, 127, 133, 134, 141, 166, 167, 170, 176, 193, 218, 229, 277, 279, 321, 326, 349, 355, 383, 389, 391, 394, 409, 422, 453, 456, 480, 490, 502, 506, 510, 519, 534, 536, 544, 571, 605, 609, 647, 672, 698, 699, 722, 761, 778, 796, 806, 828, 831, 840, 853, 863, 877, 897, 903, 919, 930, 931, 936, 948, 953, 955, 956, 964, 975, 977, 980, 996], [10, 104, 108, 210, 236, 263, 271, 302, 350, 353, 355, 357, 427, 504, 531, 556, 568, 598, 608, 613, 632, 750, 757, 996], [1, 6, 19, 23, 80, 100, 102, 103, 109, 121, 127, 138, 152, 172, 180, 181, 186, 211, 235, 243, 251, 254, 257, 265, 266, 268, 279, 309, 333, 390, 437, 453, 486, 504, 510, 519, 539, 565, 591, 625, 638, 646, 658, 681, 693, 697, 708, 713, 743, 756, 759, 761, 762, 776, 782, 795, 807, 840, 849, 863, 865, 879, 886, 903, 906, 915, 916, 921, 924, 940, 944, 953, 958, 975, 977, 990, 998], [87, 119, 156, 200, 255, 287, 298, 318, 325, 348, 373, 385, 479, 510, 518, 524, 525, 566, 570, 574, 692], [19, 30, 32, 68, 91, 102, 113, 116, 143, 144, 148, 165, 189, 200, 218, 233, 249, 262, 265, 266, 279, 298, 305, 308, 321, 329, 343, 355, 375, 395, 398, 411, 449, 451, 467, 519, 531, 535, 551, 556, 578, 591, 602, 608, 625, 636, 654, 661, 666, 682, 685, 689, 692, 713, 735, 756, 759, 761, 771, 776, 803, 804, 811, 818, 824, 840, 842, 864, 866, 878, 887, 907, 915, 921, 924, 933, 946, 957, 958, 963, 971, 976, 979, 986, 990, 995, 998, 1000], [15, 18, 21, 22, 48, 127, 153, 201, 289, 322, 323, 351, 377, 428, 476, 550, 554, 559, 628, 677, 683, 687, 690], [7, 19, 29, 68, 70, 80, 91, 121, 127, 148, 152, 155, 165, 177, 180, 196, 224, 225, 257, 267, 298, 310, 312, 333, 355, 360, 387, 437, 456, 458, 469, 502, 504, 511, 519, 530, 539, 549, 578, 591, 608, 622, 625, 638, 645, 649, 661, 671, 692, 693, 725, 756, 761, 766, 771, 776, 797, 807, 822, 829, 830, 849, 863, 873, 879, 881, 882, 903, 907, 908, 915, 918, 921, 928, 929, 943, 953, 957, 958, 967, 971, 975, 977, 979, 981, 986, 989, 990, 995, 996], [29, 34, 50, 70, 72, 80, 84, 91, 116, 121, 127, 139, 148, 165, 167, 174, 180, 189, 193, 200, 213, 218, 230, 265, 279, 298, 300, 310, 321, 337, 355, 389, 451, 456, 490, 504, 523, 535, 546, 556, 569, 578, 591, 597, 608, 610, 612, 637, 654, 661, 693, 710, 713, 714, 721, 723, 737, 742, 759, 761, 771, 776, 806, 807, 818, 822, 835, 840, 846, 854, 879, 899, 903, 905, 908, 930, 949, 952, 967, 969, 971, 977, 979, 996], [45, 94, 154, 184, 208, 270, 301, 393, 457, 487, 488, 508, 509, 634, 652, 656, 676, 797, 849, 921], [83, 185, 227, 238, 256, 272, 290, 375, 379, 425, 447, 475, 499, 501, 567, 576, 594, 603, 606, 640, 675, 692, 704, 713, 715, 736, 746, 789, 851, 861, 892, 986], [19, 29, 37, 54, 64, 66, 77, 80, 91, 102, 121, 127, 148, 152, 165, 167, 193, 197, 200, 228, 229, 257, 311, 321, 333, 355, 358, 389, 402, 437, 453, 456, 464, 470, 490, 502, 510, 519, 539, 543, 553, 557, 562, 563, 578, 580, 589, 591, 608, 625, 661, 684, 693, 713, 747, 751, 760, 761, 771, 776, 781, 795, 797, 808, 816, 821, 838, 840, 841, 849, 856, 863, 869, 870, 889, 898, 908, 915, 921, 953, 954, 957, 970, 971, 975, 977, 979, 986, 995, 998], [24, 58, 81, 105, 130, 152, 259, 321, 327, 340, 345, 363, 380, 419, 444, 465, 494, 520, 673, 806, 958], [72, 80, 86, 91, 122, 152, 180, 183, 195, 200, 219, 319, 321, 375, 386, 389, 415, 426, 453, 455, 490, 500, 502, 503, 504, 555, 556, 558, 564, 587, 590, 654, 655, 660, 738, 761, 767, 769, 788, 790, 807, 809, 822, 825, 840, 849, 879, 904, 934, 938, 950, 967, 974, 982, 985, 990, 992, 994, 996], [5, 7, 19, 29, 39, 44, 70, 72, 80, 89, 116, 121, 148, 165, 167, 189, 193, 218, 233, 265, 284, 294, 298, 303, 310, 333, 359, 367, 375, 389, 398, 437, 451, 456, 490, 497, 503, 519, 535, 602, 608, 625, 638, 649, 661, 671, 678, 693, 695, 708, 740, 745, 756, 759, 771, 777, 785, 791, 792, 793, 794, 797, 806, 810, 815, 818, 822, 837, 848, 855, 862, 874, 883, 890, 902, 903, 907, 908, 915, 924, 935, 957, 958, 961, 963, 967, 979, 986, 990, 995, 999], [31, 80, 136, 152, 159, 163, 169, 209, 215, 265, 315, 328, 332, 374, 396, 417, 491, 496, 522, 578, 643, 653, 686, 717, 733, 734], [40, 41, 51, 62, 90, 161, 223, 232, 253, 286, 317, 362, 401, 405, 471, 583, 596, 601, 618, 639, 696], [8, 55, 60, 222, 229, 234, 237, 258, 269, 275, 283, 306, 307, 354, 384, 400, 435, 459, 473, 483, 502, 516, 540, 599, 604, 644, 667, 692, 708, 713, 752, 795, 807, 875, 909, 930], [2, 7, 16, 19, 26, 68, 71, 85, 102, 110, 116, 126, 148, 162, 165, 167, 189, 193, 198, 199, 200, 203, 204, 218, 233, 244, 265, 266, 279, 280, 298, 316, 333, 334, 355, 375, 398, 424, 451, 452, 503, 531, 535, 556, 578, 591, 602, 608, 615, 623, 625, 649, 650, 654, 661, 662, 666, 708, 720, 728, 756, 759, 771, 776, 780, 797, 800, 806, 818, 840, 907, 908, 910, 912, 915, 920, 921, 923, 924, 957, 958, 963, 971, 979, 984, 986, 988, 990, 995, 998], [17, 35, 52, 150, 168, 175, 180, 229, 257, 320, 331, 389, 430, 450, 490, 495, 502, 510, 529, 535, 538, 541, 560, 561, 595, 616, 617, 629, 664, 670, 812, 813, 822, 823, 826, 845, 863, 911, 926, 937, 953, 967, 975, 983], [42, 56, 79, 92, 98, 99, 120, 123, 127, 132, 145, 158, 173, 187, 190, 205, 240, 257, 291, 339, 342, 347, 407, 420, 437, 453, 510, 532, 539, 581, 582, 586, 593, 602, 631, 692, 730, 765, 795, 807, 819, 863, 867, 930, 953, 975, 997, 998], [14, 101, 106, 118, 178, 194, 231, 239, 260, 310, 406, 429, 438, 512, 515, 521, 531, 539, 577, 600, 635, 674, 694, 706, 739, 744, 754, 758, 852], [4, 7, 53, 68, 72, 78, 116, 135, 149, 189, 233, 261, 264, 266, 273, 375, 388, 404, 413, 418, 451, 454, 462, 484, 485, 503, 531, 579, 602, 624, 638, 649, 654, 665, 666, 671, 700, 705, 708, 713, 724, 729, 759, 783, 805, 833, 836, 850, 858, 859, 895, 901, 907, 917, 924, 959, 963, 973, 977], [29, 59, 63, 73, 125, 147, 164, 188, 212, 217, 266, 276, 299, 369, 398, 436, 460, 510, 513, 602, 611, 666, 669, 680, 693, 718, 748, 787, 799, 820, 822, 857, 860, 891, 893, 932, 967], [9, 36, 124, 157, 171, 182, 207, 226, 246, 310, 324, 366, 371, 382, 412, 440, 478, 573, 584, 588, 633, 691, 998]]
nodes: [502, 519, 574, 591, 608, 638, 639, 644, 652, 654, 666, 683, 691, 704, 707, 713, 716, 733, 743, 759, 762, 765, 787, 795, 802, 822, 827, 832, 845, 848, 849, 852, 863, 864, 876, 889, 908, 920, 930, 931, 942, 959, 964, 967, 975, 979, 986, 995, 996, 998] num of nodes:  50
[[153, 476, 502], [519, 868, 978, 991], [119, 518, 525, 570, 574, 479, 524, 566, 318], [565, 944, 658, 591], [608, 613, 632, 750], [638, 962, 925, 774], [51, 583, 696, 601, 639, 618, 232, 596], [473, 875, 909, 483, 752, 604, 644, 599], [270, 676, 652, 656, 634, 487, 488, 393, 457, 508, 509], [654, 710, 952, 899], [296, 666, 416, 962], [289, 677, 550, 683, 628, 687, 476, 377, 554, 559], [9, 324, 588, 633, 584, 226, 691], [447, 851, 892, 861, 715, 704, 567, 746, 675, 789], [472, 741, 688, 786, 707, 772, 709, 648, 657, 779], [459, 909, 875, 713], [146, 716, 732, 493, 361, 408, 668, 492], [159, 733, 734, 643, 496, 653, 417, 717], [109, 940, 906, 916, 886, 743], [646, 906, 940, 759], [109, 940, 782, 886, 762, 646], [92, 867, 997, 730, 765, 123, 291], [436, 932, 680, 748, 718, 669, 787, 820, 857, 891, 860, 893, 513], [795, 960, 968, 987, 965], [28, 774, 701, 768, 962, 802, 839], [770, 993, 822, 884, 868], [431, 960, 987, 900, 965, 968, 619, 941, 914, 817, 466, 827, 533, 726, 927], [191, 832, 753, 498, 585, 474, 214, 592], [430, 812, 813, 911, 926, 937, 983, 826, 845, 561, 629, 670], [777, 874, 961, 999, 883, 837, 785, 815, 848, 890], [154, 676, 656, 634, 849], [438, 674, 706, 515, 744, 521, 852, 635, 694, 754, 758], [863, 960, 968, 987, 941, 965], [551, 1000, 864, 866, 811, 887, 803, 878], [414, 876, 843, 945, 659, 951, 922, 763, 871, 620, 764, 630], [760, 856, 821, 816, 898, 841, 954, 889, 970], [85, 910, 923, 908, 984], [424, 923, 780, 910, 912, 920, 984, 615], [927, 960, 968, 987, 941, 930], [571, 956, 931, 936, 955, 980, 796, 698, 853], [202, 972, 942, 712, 727, 626], [404, 973, 850, 901, 917, 833, 959, 665, 836], [571, 956, 964, 936, 955, 980, 796, 698, 853], [934, 992, 950, 938, 982, 974, 967], [617, 937, 812, 926, 983, 911, 975], [678, 862, 979, 793, 874], [447, 851, 892, 861, 986, 789], [359, 995, 961, 794, 890, 902], [950, 992, 982, 994, 985, 996, 974], [998, 906, 658, 940, 886]]
len of cliques:  50
length of seeds:  50
seeds:  [[431, 960, 987, 900, 965, 968, 619, 941, 914, 817, 466, 827, 533, 726, 927], [436, 932, 680, 748, 718, 669, 787, 820, 857, 891, 860, 893, 513], [430, 812, 813, 911, 926, 937, 983, 826, 845, 561, 629, 670], [414, 876, 843, 945, 659, 951, 922, 763, 871, 620, 764, 630], [270, 676, 652, 656, 634, 487, 488, 393, 457, 508, 509], [438, 674, 706, 515, 744, 521, 852, 635, 694, 754, 758], [289, 677, 550, 683, 628, 687, 476, 377, 554, 559], [447, 851, 892, 861, 715, 704, 567, 746, 675, 789], [472, 741, 688, 786, 707, 772, 709, 648, 657, 779], [777, 874, 961, 999, 883, 837, 785, 815, 848, 890], [119, 518, 525, 570, 574, 479, 524, 566, 318], [760, 856, 821, 816, 898, 841, 954, 889, 970], [571, 956, 931, 936, 955, 980, 796, 698, 853], [404, 973, 850, 901, 917, 833, 959, 665, 836], [571, 956, 964, 936, 955, 980, 796, 698, 853], [51, 583, 696, 601, 639, 618, 232, 596], [473, 875, 909, 483, 752, 604, 644, 599], [146, 716, 732, 493, 361, 408, 668, 492], [159, 733, 734, 643, 496, 653, 417, 717], [191, 832, 753, 498, 585, 474, 214, 592], [551, 1000, 864, 866, 811, 887, 803, 878], [424, 923, 780, 910, 912, 920, 984, 615], [9, 324, 588, 633, 584, 226, 691], [92, 867, 997, 730, 765, 123, 291], [28, 774, 701, 768, 962, 802, 839], [934, 992, 950, 938, 982, 974, 967], [617, 937, 812, 926, 983, 911, 975], [950, 992, 982, 994, 985, 996, 974], [109, 940, 906, 916, 886, 743], [109, 940, 782, 886, 762, 646], [863, 960, 968, 987, 941, 965], [927, 960, 968, 987, 941, 930], [202, 972, 942, 712, 727, 626], [447, 851, 892, 861, 986, 789], [359, 995, 961, 794, 890, 902], [795, 960, 968, 987, 965], [770, 993, 822, 884, 868], [154, 676, 656, 634, 849], [85, 910, 923, 908, 984], [678, 862, 979, 793, 874], [998, 906, 658, 940, 886], [519, 868, 978, 991], [565, 944, 658, 591], [608, 613, 632, 750], [638, 962, 925, 774], [654, 710, 952, 899], [296, 666, 416, 962], [459, 909, 875, 713], [646, 906, 940, 759], [153, 476, 502]]
seeds_fitness [0.40384615384615385, 0.3870967741935484, 0.30275229357798167, 0.3173076923076923, 0.5555555555555556, 0.3741496598639456, 0.410958904109589, 0.27607361963190186, 0.30612244897959184, 0.1507537688442211, 0.42857142857142855, 0.1306715063520871, 0.12521739130434784, 0.15286624203821655, 0.12609457092819615, 0.3128491620111732, 0.20973782771535582, 0.28717948717948716, 0.27053140096618356, 0.25339366515837103, 0.10181818181818182, 0.12200435729847495, 0.24705882352941178, 0.1346153846153846, 0.1320754716981132, 0.06521739130434782, 0.08333333333333333, 0.06511627906976744, 0.07792207792207792, 0.08522727272727272, 0.06134969325153374, 0.061601642710472276, 0.07772020725388601, 0.07194244604316546, 0.04310344827586207, 0.04395604395604396, 0.03838771593090211, 0.09389671361502347, 0.037037037037037035, 0.03527336860670194, 0.0408997955010225, 0.024489795918367346, 0.03858520900321544, 0.06666666666666667, 0.03409090909090909, 0.03225806451612903, 0.03785488958990536, 0.04395604395604396, 0.030612244897959183, 0.048]
after sort list of tuple: [(4, 0.5555555555555556), (10, 0.42857142857142855), (6, 0.410958904109589), (0, 0.40384615384615385), (1, 0.3870967741935484), (5, 0.3741496598639456), (3, 0.3173076923076923), (15, 0.3128491620111732), (8, 0.30612244897959184), (2, 0.30275229357798167), (17, 0.28717948717948716), (7, 0.27607361963190186), (18, 0.27053140096618356), (19, 0.25339366515837103), (22, 0.24705882352941178), (16, 0.20973782771535582), (13, 0.15286624203821655), (9, 0.1507537688442211), (23, 0.1346153846153846), (24, 0.1320754716981132), (11, 0.1306715063520871), (14, 0.12609457092819615), (12, 0.12521739130434784), (21, 0.12200435729847495), (20, 0.10181818181818182), (37, 0.09389671361502347), (29, 0.08522727272727272), (26, 0.08333333333333333), (28, 0.07792207792207792), (32, 0.07772020725388601), (33, 0.07194244604316546), (43, 0.06666666666666667), (25, 0.06521739130434782), (27, 0.06511627906976744), (31, 0.061601642710472276), (30, 0.06134969325153374), (49, 0.048), (35, 0.04395604395604396), (47, 0.04395604395604396), (34, 0.04310344827586207), (40, 0.0408997955010225), (42, 0.03858520900321544), (36, 0.03838771593090211), (46, 0.03785488958990536), (38, 0.037037037037037035), (39, 0.03527336860670194), (44, 0.03409090909090909), (45, 0.03225806451612903), (48, 0.030612244897959183), (41, 0.024489795918367346)]
seeds_sorted [[270, 676, 652, 656, 634, 487, 488, 393, 457, 508, 509], [119, 518, 525, 570, 574, 479, 524, 566, 318], [289, 677, 550, 683, 628, 687, 476, 377, 554, 559], [431, 960, 987, 900, 965, 968, 619, 941, 914, 817, 466, 827, 533, 726, 927], [436, 932, 680, 748, 718, 669, 787, 820, 857, 891, 860, 893, 513], [438, 674, 706, 515, 744, 521, 852, 635, 694, 754, 758], [414, 876, 843, 945, 659, 951, 922, 763, 871, 620, 764, 630], [51, 583, 696, 601, 639, 618, 232, 596], [472, 741, 688, 786, 707, 772, 709, 648, 657, 779], [430, 812, 813, 911, 926, 937, 983, 826, 845, 561, 629, 670], [146, 716, 732, 493, 361, 408, 668, 492], [447, 851, 892, 861, 715, 704, 567, 746, 675, 789], [159, 733, 734, 643, 496, 653, 417, 717], [191, 832, 753, 498, 585, 474, 214, 592], [9, 324, 588, 633, 584, 226, 691], [473, 875, 909, 483, 752, 604, 644, 599], [404, 973, 850, 901, 917, 833, 959, 665, 836], [777, 874, 961, 999, 883, 837, 785, 815, 848, 890], [92, 867, 997, 730, 765, 123, 291], [28, 774, 701, 768, 962, 802, 839], [760, 856, 821, 816, 898, 841, 954, 889, 970], [571, 956, 964, 936, 955, 980, 796, 698, 853], [571, 956, 931, 936, 955, 980, 796, 698, 853], [424, 923, 780, 910, 912, 920, 984, 615], [551, 1000, 864, 866, 811, 887, 803, 878], [154, 676, 656, 634, 849], [109, 940, 782, 886, 762, 646], [617, 937, 812, 926, 983, 911, 975], [109, 940, 906, 916, 886, 743], [202, 972, 942, 712, 727, 626], [447, 851, 892, 861, 986, 789], [608, 613, 632, 750], [934, 992, 950, 938, 982, 974, 967], [950, 992, 982, 994, 985, 996, 974], [927, 960, 968, 987, 941, 930], [863, 960, 968, 987, 941, 965], [153, 476, 502], [795, 960, 968, 987, 965], [459, 909, 875, 713], [359, 995, 961, 794, 890, 902], [998, 906, 658, 940, 886], [565, 944, 658, 591], [770, 993, 822, 884, 868], [296, 666, 416, 962], [85, 910, 923, 908, 984], [678, 862, 979, 793, 874], [638, 962, 925, 774], [654, 710, 952, 899], [646, 906, 940, 759], [519, 868, 978, 991]]
args__________ ([[270, 676, 652, 656, 634, 487, 488, 393, 457, 508, 509], [519, 868, 978, 991]],)
args__________ ([[119, 518, 525, 570, 574, 479, 524, 566, 318], [646, 906, 940, 759]],)
args__________ ([[289, 677, 550, 683, 628, 687, 476, 377, 554, 559], [654, 710, 952, 899]],)
args__________ ([[431, 960, 987, 900, 965, 968, 619, 941, 914, 817, 466, 827, 533, 726, 927], [638, 962, 925, 774]],)
args__________ ([[436, 932, 680, 748, 718, 669, 787, 820, 857, 891, 860, 893, 513], [678, 862, 979, 793, 874]],)
args__________ ([[438, 674, 706, 515, 744, 521, 852, 635, 694, 754, 758], [85, 910, 923, 908, 984]],)
args__________ ([[414, 876, 843, 945, 659, 951, 922, 763, 871, 620, 764, 630], [296, 666, 416, 962]],)
args__________ ([[51, 583, 696, 601, 639, 618, 232, 596], [770, 993, 822, 884, 868]],)
args__________ ([[472, 741, 688, 786, 707, 772, 709, 648, 657, 779], [565, 944, 658, 591]],)
args__________ ([[430, 812, 813, 911, 926, 937, 983, 826, 845, 561, 629, 670], [998, 906, 658, 940, 886]],)
args__________ ([[146, 716, 732, 493, 361, 408, 668, 492], [359, 995, 961, 794, 890, 902]],)
args__________ ([[447, 851, 892, 861, 715, 704, 567, 746, 675, 789], [459, 909, 875, 713]],)
args__________ ([[159, 733, 734, 643, 496, 653, 417, 717], [795, 960, 968, 987, 965]],)
args__________ ([[191, 832, 753, 498, 585, 474, 214, 592], [153, 476, 502]],)
args__________ ([[9, 324, 588, 633, 584, 226, 691], [863, 960, 968, 987, 941, 965]],)
args__________ ([[473, 875, 909, 483, 752, 604, 644, 599], [927, 960, 968, 987, 941, 930]],)
args__________ ([[404, 973, 850, 901, 917, 833, 959, 665, 836], [950, 992, 982, 994, 985, 996, 974]],)
args__________ ([[777, 874, 961, 999, 883, 837, 785, 815, 848, 890], [934, 992, 950, 938, 982, 974, 967]],)
args__________ ([[92, 867, 997, 730, 765, 123, 291]],)
args__________ ([[28, 774, 701, 768, 962, 802, 839]],)
args__________ ([[760, 856, 821, 816, 898, 841, 954, 889, 970]],)
args__________ ([[571, 956, 964, 936, 955, 980, 796, 698, 853]],)
args__________ ([[571, 956, 931, 936, 955, 980, 796, 698, 853]],)
args__________ ([[424, 923, 780, 910, 912, 920, 984, 615]],)
args__________ ([[551, 1000, 864, 866, 811, 887, 803, 878]],)
args__________ ([[154, 676, 656, 634, 849]],)
args__________ ([[109, 940, 782, 886, 762, 646]],)
args__________ ([[617, 937, 812, 926, 983, 911, 975]],)
args__________ ([[109, 940, 906, 916, 886, 743]],)
args__________ ([[202, 972, 942, 712, 727, 626]],)
args__________ ([[447, 851, 892, 861, 986, 789]],)
args__________ ([[608, 613, 632, 750]],)
finish process___________________
seed_node 989
seed_community:  [387, 645, 267, 530, 918, 981, 155, 928, 929, 549, 943, 177, 312, 829, 830, 196, 458, 725, 989, 224, 225, 360, 873, 622, 881, 882, 511, 766, 469]
seed_node 990
seed_community:  [769, 386, 982, 904, 655, 660, 790, 415, 934, 809, 426, 555, 558, 564, 950, 183, 825, 319, 195, 455, 587, 994, 590, 974, 86, 985, 219, 990, 992, 738, 500, 788, 122, 938, 767]
seed_node 977
seed_community:  [899, 905, 523, 337, 546, 300, 174, 50, 949, 952, 569, 835, 710, 969, 714, 34, 846, 977, 723, 139, 213, 854, 737, 610, 612, 230, 742, 721, 84, 637, 597]
seed_node 971
seed_community:  [129, 439, 137, 651, 784, 659, 20, 922, 414, 801, 295, 945, 434, 179, 951, 443, 448, 971, 876, 74, 843, 220, 95, 356, 614, 871, 620, 245, 630, 378, 763, 764]
seed_node 958
seed_community:  [673, 130, 259, 327, 520, 105, 363, 494, 81, 465, 419, 340, 24, 345, 58, 444, 380, 958]
seed_node 963
seed_community:  [896, 641, 514, 517, 128, 397, 663, 542, 547, 165, 679, 939, 607, 445, 703, 192, 834, 963, 966, 844, 978, 88, 770, 477, 991, 993, 868, 107, 880, 241, 884, 888, 507, 252]
seed_node 957
seed_community:  [5, 902, 777, 785, 791, 792, 793, 794, 815, 284, 678, 39, 810, 44, 303, 935, 695, 957, 961, 837, 848, 855, 89, 862, 740, 294, 999, 745, 874, 359, 367, 497, 883, 890]
seed_node 953
seed_community:  [900, 13, 914, 403, 533, 151, 25, 927, 33, 433, 941, 431, 817, 953, 827, 61, 960, 965, 968, 330, 336, 466, 726, 346, 987, 352, 619, 114, 117, 250]
seed_node 915
seed_community:  [896, 641, 514, 517, 128, 397, 915, 663, 542, 547, 679, 939, 607, 445, 703, 192, 834, 966, 844, 978, 88, 770, 477, 991, 993, 868, 107, 880, 241, 884, 888, 507, 252]
seed_node 921
seed_community:  [656, 676, 487, 488, 393, 652, 45, 270, 301, 208, 457, 184, 921, 634, 509, 508, 154, 94]
seed_node 924
seed_community:  [2, 650, 780, 910, 16, 728, 662, 280, 26, 923, 924, 800, 162, 424, 199, 316, 452, 198, 71, 203, 204, 334, 720, 85, 984, 988, 912, 615, 110, 623, 920, 244, 126]
seed_node 903
seed_community:  [897, 133, 134, 647, 778, 11, 141, 277, 534, 919, 536, 409, 796, 672, 931, 166, 936, 170, 903, 46, 93, 176, 948, 698, 571, 956, 394, 831, 544, 955, 67, 964, 326, 722, 980, 853, 605, 480, 609, 699, 391, 422, 828, 877, 349, 506, 383]
seed_node 907
seed_community:  [129, 137, 651, 784, 659, 20, 922, 414, 801, 295, 945, 434, 179, 439, 443, 448, 620, 907, 74, 951, 220, 95, 356, 614, 871, 843, 876, 245, 630, 378, 763, 764]
seed_node 879
seed_community:  [769, 386, 86, 904, 655, 660, 790, 415, 934, 809, 426, 555, 558, 564, 950, 183, 825, 319, 195, 455, 587, 994, 974, 590, 982, 985, 219, 992, 738, 996, 879, 500, 788, 122, 938, 767]
seed_node 840
seed_community:  [769, 386, 86, 904, 655, 660, 790, 415, 934, 809, 938, 555, 558, 564, 950, 183, 825, 319, 195, 455, 840, 587, 994, 590, 974, 982, 985, 219, 992, 738, 500, 788, 122, 426, 767]
seed_node 818
seed_community:  [129, 439, 137, 651, 784, 659, 20, 922, 414, 801, 295, 434, 945, 818, 179, 951, 443, 448, 620, 74, 843, 220, 95, 356, 614, 871, 876, 245, 630, 378, 763, 764]
seed_node 806
seed_community:  [897, 133, 134, 647, 394, 11, 141, 277, 534, 919, 536, 409, 796, 544, 931, 422, 936, 170, 391, 46, 605, 176, 948, 698, 699, 828, 778, 831, 672, 955, 67, 964, 326, 722, 980, 853, 93, 480, 609, 571, 806, 956, 877, 349, 506, 166, 383]
seed_node 807
seed_community:  [769, 386, 86, 904, 655, 660, 790, 415, 934, 807, 809, 426, 555, 558, 564, 950, 183, 825, 319, 195, 455, 587, 994, 590, 974, 982, 985, 219, 992, 738, 996, 500, 788, 122, 938, 767]
seed_node 797
seed_community:  [896, 641, 514, 517, 128, 770, 663, 797, 542, 547, 679, 939, 607, 445, 703, 192, 834, 966, 844, 397, 978, 88, 477, 991, 993, 868, 107, 880, 241, 884, 888, 507, 252]
seed_node 761
seed_community:  [1, 235, 646, 940, 906, 268, 782, 658, 19, 916, 23, 6, 681, 172, 944, 565, 697, 186, 138, 181, 309, 390, 80, 211, 865, 100, 486, 103, 743, 109, 243, 886, 761, 762, 251, 254]
seed_node 771
seed_community:  [771, 645, 267, 530, 387, 918, 981, 155, 928, 929, 549, 943, 177, 312, 829, 830, 196, 458, 725, 989, 224, 225, 360, 873, 622, 881, 882, 511, 766, 469]
seed_node 776
seed_community:  [262, 776, 395, 143, 144, 411, 30, 32, 803, 804, 933, 551, 682, 811, 685, 305, 946, 308, 824, 449, 329, 842, 976, 467, 343, 689, 735, 864, 866, 1000, 878, 113, 887, 249, 636]
seed_node 756
seed_community:  [2, 650, 780, 910, 912, 280, 662, 920, 26, 923, 800, 162, 424, 71, 756, 316, 452, 198, 199, 203, 204, 334, 720, 85, 984, 988, 16, 615, 728, 110, 623, 244, 126]
seed_node 708
seed_community:  [384, 258, 644, 8, 435, 400, 275, 516, 667, 540, 283, 909, 306, 307, 55, 60, 708, 459, 269, 599, 473, 604, 222, 354, 483, 234, 875, 237, 752]
seed_node 692
seed_community:  [385, 325, 518, 348, 87, 524, 525, 287, 318, 692, 373, 566, 119, 570, 479, 156, 574, 255]
seed_node 693
seed_community:  [5, 902, 777, 785, 791, 792, 793, 794, 815, 284, 294, 935, 810, 44, 303, 693, 695, 961, 837, 848, 855, 89, 862, 740, 678, 359, 745, 874, 999, 367, 497, 883, 890, 39]
seed_node 661
seed_community:  [899, 905, 523, 661, 546, 139, 300, 174, 50, 949, 952, 569, 835, 710, 969, 714, 34, 846, 337, 723, 84, 597, 854, 737, 610, 612, 742, 230, 721, 637, 213]
seed_node 671
seed_community:  [768, 3, 774, 621, 913, 281, 27, 28, 925, 671, 160, 802, 421, 423, 296, 297, 442, 701, 416, 962, 839, 206, 468, 216, 97, 489, 365, 242, 372, 376]
seed_node 625
seed_community:  [262, 395, 143, 144, 411, 30, 32, 803, 804, 933, 551, 682, 811, 685, 305, 946, 308, 824, 449, 113, 329, 842, 976, 467, 343, 689, 735, 864, 866, 1000, 878, 625, 887, 249, 636]
seed_node 649
seed_community:  [768, 3, 774, 649, 365, 913, 281, 27, 924, 925, 160, 802, 421, 423, 296, 297, 442, 701, 416, 962, 839, 28, 468, 206, 216, 97, 489, 621, 242, 372, 376]
seed_node 602
seed_community:  [5, 902, 777, 785, 999, 791, 792, 793, 794, 303, 284, 678, 39, 810, 44, 815, 695, 961, 837, 848, 855, 89, 602, 862, 740, 294, 359, 745, 874, 935, 367, 497, 883, 890]
seed_node 556
seed_community:  [896, 641, 770, 517, 128, 139, 514, 663, 542, 547, 679, 939, 556, 607, 445, 703, 192, 834, 966, 844, 397, 978, 88, 477, 991, 993, 868, 107, 880, 241, 884, 888, 507, 252]
seed_node 578
seed_community:  [387, 645, 469, 267, 530, 918, 155, 928, 929, 549, 943, 177, 312, 829, 830, 578, 196, 458, 725, 989, 224, 225, 360, 873, 622, 881, 882, 511, 766, 981]
seed_node 503
seed_community:  [768, 3, 774, 621, 913, 281, 27, 28, 925, 416, 802, 421, 423, 296, 297, 442, 701, 160, 962, 839, 206, 468, 216, 97, 489, 365, 242, 372, 503, 376]
seed_node 504
seed_community:  [900, 13, 914, 403, 533, 151, 25, 927, 33, 433, 941, 431, 817, 827, 61, 960, 965, 968, 330, 336, 466, 726, 346, 987, 352, 619, 114, 117, 504, 250]
seed_node 510
seed_community:  [132, 145, 532, 407, 158, 291, 420, 42, 173, 99, 819, 56, 187, 190, 581, 582, 586, 205, 79, 593, 339, 342, 730, 347, 92, 98, 867, 997, 240, 631, 120, 123, 765, 510]
seed_node 531
seed_community:  [2, 650, 780, 910, 912, 920, 531, 662, 280, 26, 923, 800, 162, 424, 71, 316, 452, 198, 199, 203, 204, 334, 720, 85, 984, 988, 16, 615, 728, 110, 623, 244, 126]
seed_node 535
seed_community:  [911, 17, 150, 535, 664, 538, 541, 926, 35, 168, 937, 812, 813, 430, 175, 560, 561, 52, 670, 823, 826, 320, 450, 967, 331, 845, 595, 983, 529, 616, 617, 495, 629]
seed_node 539
seed_community:  [900, 13, 914, 403, 533, 151, 25, 539, 927, 33, 433, 941, 431, 817, 827, 61, 960, 965, 968, 330, 336, 466, 726, 346, 987, 352, 619, 114, 117, 250]
seed_node 490
seed_community:  [769, 386, 982, 904, 655, 660, 790, 415, 934, 809, 426, 555, 558, 564, 950, 183, 825, 319, 195, 455, 587, 738, 974, 590, 86, 985, 219, 992, 994, 996, 490, 500, 788, 122, 938, 767]
seed_node 437
seed_community:  [898, 358, 781, 402, 543, 37, 808, 553, 684, 557, 816, 562, 563, 821, 54, 311, 954, 437, 64, 66, 580, 197, 838, 841, 970, 77, 589, 464, 849, 470, 856, 228, 869, 870, 747, 751, 760, 889]
seed_node 451
seed_community:  [768, 3, 774, 621, 913, 281, 27, 28, 925, 160, 802, 421, 423, 296, 297, 442, 701, 416, 962, 451, 839, 206, 468, 216, 97, 489, 365, 242, 372, 376]
seed_node 453
seed_community:  [900, 13, 914, 403, 533, 151, 25, 795, 453, 33, 433, 941, 431, 817, 827, 61, 960, 927, 965, 968, 330, 336, 466, 726, 346, 987, 352, 619, 114, 117, 250]
seed_node 456
seed_community:  [899, 905, 523, 546, 300, 174, 50, 949, 952, 569, 835, 710, 456, 969, 714, 34, 846, 337, 723, 139, 597, 854, 737, 610, 612, 742, 230, 721, 84, 637, 213]
seed_node 355
seed_community:  [262, 395, 143, 144, 411, 30, 32, 803, 804, 933, 551, 682, 811, 685, 305, 946, 308, 824, 449, 329, 842, 976, 467, 343, 689, 735, 864, 866, 355, 1000, 878, 113, 887, 249, 636]
seed_node 375
seed_community:  [769, 386, 982, 904, 655, 788, 790, 415, 934, 809, 938, 555, 558, 564, 950, 183, 825, 319, 195, 455, 587, 738, 590, 974, 86, 985, 219, 992, 994, 500, 375, 660, 122, 426, 767]
seed_node 389
seed_community:  [899, 389, 905, 523, 546, 300, 174, 50, 949, 952, 569, 835, 710, 969, 714, 34, 846, 337, 723, 139, 597, 854, 737, 610, 612, 742, 230, 721, 84, 637, 213]
seed_node 398
seed_community:  [2, 650, 780, 398, 912, 984, 662, 280, 26, 923, 800, 162, 424, 199, 316, 452, 198, 71, 203, 204, 334, 720, 85, 728, 988, 910, 16, 615, 110, 623, 920, 244, 126]
seed_node 266
seed_community:  [128, 641, 514, 107, 517, 266, 397, 663, 542, 896, 547, 167, 939, 607, 445, 703, 192, 834, 966, 844, 978, 88, 770, 477, 991, 993, 868, 679, 880, 241, 884, 888, 507, 252]
seed_node 279
seed_community:  [128, 896, 514, 517, 641, 663, 397, 279, 542, 547, 679, 939, 991, 445, 703, 192, 834, 966, 844, 978, 88, 770, 477, 607, 993, 868, 102, 107, 880, 241, 884, 888, 507, 252]
seed_node 298
seed_community:  [899, 905, 523, 34, 298, 300, 174, 50, 949, 952, 569, 835, 710, 969, 714, 546, 846, 721, 723, 139, 597, 854, 737, 610, 612, 742, 230, 337, 84, 637, 213]
seed_node 310
seed_community:  [899, 905, 523, 34, 300, 174, 50, 949, 310, 952, 569, 835, 710, 969, 714, 546, 846, 721, 723, 139, 597, 854, 737, 610, 612, 742, 230, 337, 84, 637, 213]
seed_node 321
seed_community:  [262, 321, 395, 143, 144, 411, 30, 32, 803, 804, 933, 305, 682, 811, 685, 689, 946, 308, 824, 449, 329, 842, 976, 467, 343, 735, 864, 866, 1000, 551, 878, 113, 887, 249, 636]
seed_node 333
seed_community:  [387, 645, 469, 267, 530, 918, 155, 928, 929, 549, 943, 177, 312, 829, 830, 196, 458, 971, 333, 725, 989, 224, 225, 360, 873, 622, 881, 882, 511, 766, 981]
seed_node 193
seed_community:  [642, 775, 392, 727, 749, 942, 278, 537, 285, 293, 167, 814, 47, 432, 947, 441, 193, 712, 202, 972, 461, 847, 82, 341, 313, 731, 719, 482, 872, 364, 338, 111, 626, 755, 885, 248, 381, 894]
seed_node 200
seed_community:  [262, 395, 143, 144, 411, 30, 32, 803, 804, 933, 551, 682, 811, 685, 305, 946, 308, 824, 449, 200, 329, 842, 976, 467, 343, 689, 735, 864, 866, 1000, 878, 113, 887, 249, 636]
seed_node 218
seed_community:  [897, 133, 134, 391, 394, 11, 141, 277, 534, 919, 536, 409, 796, 571, 544, 931, 166, 936, 170, 647, 46, 605, 176, 948, 698, 699, 828, 778, 831, 672, 67, 964, 326, 722, 980, 853, 218, 93, 480, 609, 955, 422, 956, 877, 349, 506, 383]
seed_node 229
seed_community:  [12, 399, 798, 288, 292, 38, 43, 498, 57, 446, 191, 832, 585, 75, 592, 214, 474, 221, 96, 229, 753, 140, 702, 247, 505, 575]
seed_node 233
seed_community:  [2, 650, 780, 910, 912, 984, 662, 280, 26, 923, 800, 162, 424, 199, 316, 452, 198, 71, 203, 204, 334, 720, 85, 728, 988, 16, 615, 233, 110, 623, 920, 244, 126]
seed_node 257
seed_community:  [257, 900, 13, 914, 403, 533, 151, 25, 927, 33, 817, 941, 431, 433, 827, 61, 960, 965, 968, 330, 336, 466, 726, 346, 987, 352, 619, 114, 117, 250]
seed_node 265
seed_community:  [899, 265, 523, 34, 139, 300, 174, 50, 949, 905, 952, 569, 835, 710, 969, 714, 546, 846, 337, 723, 84, 597, 854, 737, 610, 612, 230, 742, 721, 637, 213]
seed_node 116
seed_community:  [128, 641, 514, 517, 397, 663, 542, 896, 547, 679, 939, 884, 607, 445, 703, 192, 834, 966, 844, 978, 88, 770, 477, 991, 993, 868, 107, 880, 241, 116, 888, 507, 252]
seed_node 121
seed_community:  [128, 641, 514, 517, 397, 663, 542, 896, 547, 679, 939, 607, 445, 703, 192, 834, 966, 844, 978, 88, 770, 477, 991, 993, 868, 107, 880, 241, 884, 888, 121, 507, 252]
seed_node 127
seed_community:  [897, 133, 134, 391, 394, 11, 141, 277, 534, 919, 536, 409, 796, 571, 544, 931, 166, 936, 170, 647, 46, 605, 176, 948, 698, 699, 828, 778, 831, 672, 67, 964, 326, 722, 980, 853, 349, 480, 609, 955, 422, 956, 877, 93, 506, 127, 383]
seed_node 148
seed_community:  [132, 7, 16, 145, 19, 148, 407, 158, 929, 291, 420, 177, 867, 42, 173, 46, 49, 819, 56, 187, 586, 190, 196, 581, 582, 458, 205, 79, 80, 593, 339, 342, 730, 347, 92, 224, 225, 98, 99, 996, 997, 360, 532, 240, 631, 120, 761, 123, 765, 511]
seed_node 152
seed_community:  [1, 235, 6, 172, 906, 268, 782, 658, 916, 23, 152, 646, 681, 940, 944, 309, 697, 186, 138, 181, 390, 565, 211, 865, 100, 486, 743, 103, 109, 243, 886, 762, 251, 254]
seed_node 180
seed_community:  [129, 439, 137, 651, 784, 659, 20, 922, 414, 801, 295, 945, 434, 179, 180, 951, 443, 448, 620, 74, 843, 220, 95, 356, 614, 871, 876, 245, 630, 378, 763, 764]
seed_node 189
seed_community:  [2, 650, 780, 910, 912, 920, 662, 280, 26, 923, 800, 162, 424, 71, 316, 189, 963, 452, 198, 199, 203, 204, 334, 720, 85, 984, 988, 16, 995, 615, 728, 110, 623, 244, 126]
seed_node 29
seed_community:  [896, 128, 514, 517, 641, 770, 663, 29, 542, 547, 679, 939, 607, 445, 703, 192, 834, 966, 844, 397, 978, 88, 477, 991, 993, 868, 107, 880, 241, 884, 888, 507, 252]
seed_node 68
seed_community:  [768, 3, 900, 774, 13, 242, 365, 913, 914, 403, 533, 151, 281, 27, 28, 925, 927, 416, 33, 802, 421, 376, 423, 296, 297, 941, 431, 817, 372, 442, 827, 61, 960, 160, 962, 68, 965, 839, 968, 330, 206, 336, 433, 466, 468, 726, 216, 346, 987, 352, 97, 489, 619, 621, 701, 114, 25, 117, 189, 72, 250]
seed_node 70
seed_community:  [263, 108, 10, 271, 678, 427, 302, 568, 61, 70, 210, 598, 986, 350, 613, 353, 357, 104, 236, 750, 757, 632]
seed_node 91
seed_community:  [896, 641, 514, 517, 128, 397, 663, 542, 547, 679, 939, 607, 445, 703, 192, 834, 966, 844, 978, 88, 770, 91, 477, 991, 993, 868, 107, 880, 241, 884, 888, 507, 252]
i =  0 [208, 676, 487, 488, 393, 652, 45, 270, 301, 656, 154, 457, 184, 634, 508, 509, 94]
i =  1 [128, 896, 514, 517, 519, 397, 663, 542, 547, 679, 939, 641, 991, 445, 703, 192, 834, 966, 844, 978, 88, 770, 477, 607, 993, 868, 107, 880, 241, 884, 888, 507, 252]
i =  2 [385, 325, 518, 348, 87, 524, 525, 287, 318, 373, 566, 119, 570, 255, 156, 574, 479]
i =  3 [1, 6, 940, 906, 268, 782, 658, 916, 23, 646, 681, 172, 743, 944, 565, 697, 186, 138, 309, 181, 390, 80, 211, 865, 100, 486, 103, 235, 109, 243, 886, 759, 762, 251, 254]
i =  4 [15, 18, 21, 22, 153, 559, 289, 677, 550, 554, 683, 428, 687, 48, 690, 322, 323, 201, 476, 351, 628, 377]
i =  5 [899, 905, 523, 654, 546, 300, 174, 50, 949, 952, 569, 835, 710, 969, 714, 34, 846, 337, 723, 139, 597, 854, 737, 610, 612, 742, 230, 721, 84, 637, 213]
i =  6 [900, 13, 914, 403, 533, 151, 25, 927, 33, 433, 941, 431, 817, 827, 61, 960, 965, 968, 330, 336, 466, 726, 346, 987, 352, 619, 114, 117, 250]
i =  7 [768, 3, 774, 365, 913, 281, 27, 28, 925, 160, 802, 421, 423, 296, 297, 442, 701, 416, 962, 839, 206, 468, 216, 97, 489, 621, 242, 372, 376, 638]
i =  8 [513, 147, 276, 857, 669, 799, 164, 680, 299, 820, 436, 59, 188, 63, 73, 460, 718, 212, 932, 860, 611, 748, 125, 369, 787, 217, 891, 893]
i =  9 [5, 902, 777, 785, 999, 791, 792, 793, 794, 815, 284, 294, 39, 810, 44, 303, 695, 961, 837, 848, 979, 855, 89, 862, 740, 678, 359, 745, 874, 935, 367, 497, 883, 890]
i =  10 [512, 515, 260, 521, 706, 14, 406, 674, 429, 178, 438, 577, 194, 694, 852, 600, 118, 739, 101, 231, 744, 106, 239, 754, 758, 635]
i =  11 [2, 650, 908, 910, 912, 728, 662, 280, 26, 923, 800, 162, 424, 71, 316, 452, 198, 199, 780, 203, 204, 334, 720, 85, 984, 988, 16, 615, 110, 623, 920, 244, 126]
i =  12 [129, 439, 137, 651, 784, 659, 20, 922, 414, 801, 295, 945, 434, 179, 951, 443, 448, 876, 74, 843, 220, 95, 356, 614, 871, 620, 245, 630, 378, 763, 764]
i =  13 [768, 3, 774, 621, 913, 281, 666, 27, 28, 925, 416, 802, 421, 423, 296, 297, 442, 701, 160, 962, 839, 206, 468, 216, 97, 489, 365, 242, 372, 376]
i =  14 [161, 223, 583, 40, 41, 618, 286, 317, 401, 362, 51, 596, 405, 471, 696, 601, 90, 232, 253, 62, 639]
i =  15 [128, 896, 770, 517, 641, 397, 663, 542, 547, 679, 939, 822, 991, 445, 703, 192, 834, 966, 844, 514, 88, 477, 607, 993, 868, 107, 978, 880, 241, 884, 888, 507, 252]
i =  16 [131, 772, 773, 648, 779, 526, 528, 657, 786, 545, 548, 688, 49, 115, 314, 572, 65, 707, 709, 711, 76, 472, 741, 368, 370, 627]
i =  17 [1, 6, 940, 138, 268, 782, 658, 916, 23, 646, 681, 172, 743, 944, 565, 697, 186, 906, 309, 181, 390, 591, 211, 865, 100, 486, 103, 235, 109, 243, 886, 762, 251, 254]
i =  18 [911, 17, 150, 664, 538, 541, 670, 35, 168, 937, 812, 813, 430, 175, 560, 561, 52, 926, 823, 826, 320, 450, 331, 845, 595, 983, 529, 616, 617, 495, 629]
i =  19 [1, 6, 940, 906, 268, 782, 658, 916, 23, 646, 681, 172, 743, 944, 309, 697, 186, 138, 565, 181, 390, 211, 865, 100, 998, 486, 103, 235, 109, 243, 886, 762, 251, 254]
i =  20 [481, 668, 69, 492, 552, 361, 274, 716, 493, 142, 335, 112, 344, 146, 408, 527, 282, 463, 732, 304, 410]
i =  21 [5, 902, 777, 785, 791, 792, 793, 794, 815, 284, 359, 294, 39, 810, 44, 303, 695, 961, 837, 848, 855, 89, 862, 995, 740, 678, 999, 745, 874, 935, 367, 497, 883, 890]
i =  22 [256, 640, 272, 789, 704, 290, 675, 425, 567, 185, 475, 447, 576, 715, 594, 83, 851, 603, 861, 606, 736, 227, 746, 238, 499, 501, 379, 892]
i =  23 [384, 258, 516, 8, 307, 909, 400, 275, 644, 283, 540, 667, 306, 435, 55, 60, 713, 459, 269, 599, 473, 604, 222, 354, 483, 234, 875, 237, 752]
i =  24 [643, 136, 522, 396, 653, 31, 417, 163, 169, 159, 686, 315, 328, 332, 717, 209, 215, 733, 734, 491, 496, 374]
i =  25 [900, 13, 914, 403, 533, 151, 25, 795, 927, 33, 433, 941, 431, 817, 827, 61, 960, 965, 968, 330, 336, 466, 726, 346, 987, 352, 619, 114, 117, 250]
i =  26 [140, 399, 798, 288, 292, 38, 43, 57, 446, 575, 832, 585, 75, 592, 214, 474, 221, 96, 12, 753, 498, 702, 247, 505, 191]
i =  27 [15, 18, 21, 22, 153, 559, 289, 677, 550, 554, 683, 428, 687, 48, 690, 322, 323, 201, 476, 351, 628, 502, 377]
i =  28 [226, 324, 246, 584, 9, 171, 588, 366, 207, 157, 440, 124, 691, 478, 182, 371, 633, 412, 573, 382, 36]
i =  29 [900, 13, 914, 403, 533, 151, 25, 927, 33, 433, 941, 431, 817, 827, 61, 960, 965, 968, 330, 336, 466, 726, 346, 987, 863, 352, 619, 114, 117, 250]
i =  30 [384, 258, 644, 8, 909, 400, 275, 516, 667, 540, 283, 306, 307, 55, 60, 435, 459, 269, 599, 473, 604, 222, 354, 483, 234, 875, 237, 752]
i =  31 [900, 13, 914, 403, 533, 151, 25, 927, 33, 930, 433, 941, 431, 817, 827, 61, 960, 965, 968, 330, 336, 466, 726, 346, 987, 352, 619, 114, 117, 250]
i =  32 [388, 901, 135, 264, 783, 273, 404, 149, 917, 665, 413, 261, 418, 805, 53, 705, 700, 959, 833, 579, 836, 454, 973, 78, 850, 724, 462, 729, 858, 859, 484, 485, 624, 4, 895]
i =  33 [769, 386, 86, 904, 655, 660, 790, 415, 934, 809, 426, 555, 558, 564, 950, 183, 825, 319, 195, 455, 587, 738, 974, 590, 982, 985, 219, 992, 994, 996, 500, 788, 122, 938, 767]
i =  34 [5, 902, 777, 785, 791, 792, 793, 794, 815, 284, 294, 39, 810, 44, 303, 935, 695, 961, 837, 848, 855, 89, 862, 740, 678, 359, 745, 874, 999, 367, 497, 883, 890]
i =  35 [769, 386, 86, 904, 655, 660, 790, 415, 934, 809, 938, 555, 558, 564, 950, 183, 825, 319, 195, 455, 587, 994, 974, 590, 982, 985, 219, 992, 738, 500, 967, 788, 122, 426, 767]
i =  36 [132, 145, 532, 407, 158, 291, 420, 42, 173, 819, 56, 187, 190, 581, 582, 586, 205, 79, 593, 99, 342, 730, 347, 92, 98, 867, 997, 240, 339, 631, 120, 123, 765]
i =  37 [768, 3, 774, 365, 913, 281, 27, 28, 925, 160, 802, 421, 423, 296, 297, 442, 701, 416, 962, 839, 206, 468, 216, 97, 489, 621, 242, 372, 376]
i =  38 [898, 781, 402, 870, 543, 37, 808, 553, 684, 557, 816, 562, 563, 821, 54, 311, 954, 64, 66, 580, 197, 838, 841, 970, 77, 589, 464, 470, 856, 228, 869, 358, 747, 751, 760, 889]
i =  39 [897, 133, 134, 391, 394, 11, 141, 277, 534, 919, 536, 409, 796, 672, 931, 422, 936, 170, 647, 46, 605, 176, 948, 698, 699, 956, 778, 831, 544, 955, 67, 964, 326, 722, 980, 853, 349, 480, 609, 571, 166, 828, 877, 93, 506, 383]
i =  40 [897, 133, 134, 391, 394, 11, 141, 277, 534, 919, 536, 409, 796, 672, 931, 422, 936, 170, 647, 46, 605, 176, 948, 698, 699, 956, 778, 831, 544, 955, 67, 964, 326, 722, 980, 853, 349, 480, 609, 571, 166, 828, 877, 93, 506, 383]
i =  41 [2, 650, 780, 910, 912, 920, 662, 280, 26, 923, 800, 162, 424, 71, 316, 452, 198, 199, 203, 204, 334, 720, 85, 984, 988, 16, 615, 728, 110, 623, 244, 126]
i =  42 [262, 395, 143, 144, 411, 30, 32, 803, 804, 933, 551, 682, 811, 685, 305, 946, 308, 824, 449, 329, 842, 976, 467, 343, 689, 735, 864, 866, 1000, 878, 113, 887, 249, 636]
i =  43 [208, 676, 487, 488, 457, 652, 45, 270, 301, 656, 849, 393, 184, 154, 509, 508, 634, 94]
i =  44 [1, 235, 646, 172, 138, 268, 782, 658, 916, 23, 6, 681, 940, 944, 565, 697, 186, 906, 309, 181, 390, 211, 865, 100, 486, 743, 103, 109, 243, 886, 762, 251, 254]
i =  45 [911, 17, 150, 664, 538, 541, 926, 35, 168, 937, 812, 813, 430, 175, 560, 561, 52, 670, 823, 826, 320, 450, 331, 845, 975, 595, 983, 529, 616, 617, 495, 629]
i =  46 [1, 6, 940, 906, 268, 782, 658, 916, 23, 646, 681, 172, 743, 944, 565, 697, 186, 138, 309, 181, 390, 211, 865, 100, 486, 103, 235, 109, 243, 886, 762, 251, 254]
i =  47 [642, 775, 392, 814, 278, 537, 285, 82, 293, 942, 47, 432, 947, 441, 313, 712, 202, 972, 461, 847, 338, 341, 727, 731, 719, 482, 872, 364, 749, 111, 626, 755, 885, 248, 381, 894]
i =  48 [640, 256, 272, 789, 704, 290, 675, 425, 499, 567, 185, 475, 447, 576, 715, 594, 851, 986, 603, 861, 606, 736, 227, 746, 238, 83, 501, 379, 892]
i =  49 [608, 353, 357, 613, 263, 104, 108, 10, 427, 236, 750, 271, 568, 210, 302, 598, 632, 350, 757]
i =  50 [387, 645, 267, 530, 918, 981, 155, 928, 929, 549, 943, 177, 312, 829, 830, 196, 458, 725, 989, 224, 225, 360, 873, 622, 881, 882, 511, 766, 469]
i =  51 [769, 386, 982, 904, 655, 660, 790, 415, 934, 809, 426, 555, 558, 564, 950, 183, 825, 319, 195, 455, 587, 994, 590, 974, 86, 985, 219, 990, 992, 738, 500, 788, 122, 938, 767]
i =  52 [899, 905, 523, 337, 546, 300, 174, 50, 949, 952, 569, 835, 710, 969, 714, 34, 846, 977, 723, 139, 213, 854, 737, 610, 612, 230, 742, 721, 84, 637, 597]
i =  53 [129, 439, 137, 651, 784, 659, 20, 922, 414, 801, 295, 945, 434, 179, 951, 443, 448, 971, 876, 74, 843, 220, 95, 356, 614, 871, 620, 245, 630, 378, 763, 764]
i =  54 [673, 130, 259, 327, 520, 105, 363, 494, 81, 465, 419, 340, 24, 345, 58, 444, 380, 958]
i =  55 [896, 641, 514, 517, 128, 397, 663, 542, 547, 165, 679, 939, 607, 445, 703, 192, 834, 963, 966, 844, 978, 88, 770, 477, 991, 993, 868, 107, 880, 241, 884, 888, 507, 252]
i =  56 [5, 902, 777, 785, 791, 792, 793, 794, 815, 284, 678, 39, 810, 44, 303, 935, 695, 957, 961, 837, 848, 855, 89, 862, 740, 294, 999, 745, 874, 359, 367, 497, 883, 890]
i =  57 [900, 13, 914, 403, 533, 151, 25, 927, 33, 433, 941, 431, 817, 953, 827, 61, 960, 965, 968, 330, 336, 466, 726, 346, 987, 352, 619, 114, 117, 250]
i =  58 [896, 641, 514, 517, 128, 397, 915, 663, 542, 547, 679, 939, 607, 445, 703, 192, 834, 966, 844, 978, 88, 770, 477, 991, 993, 868, 107, 880, 241, 884, 888, 507, 252]
i =  59 [656, 676, 487, 488, 393, 652, 45, 270, 301, 208, 457, 184, 921, 634, 509, 508, 154, 94]
i =  60 [2, 650, 780, 910, 16, 728, 662, 280, 26, 923, 924, 800, 162, 424, 199, 316, 452, 198, 71, 203, 204, 334, 720, 85, 984, 988, 912, 615, 110, 623, 920, 244, 126]
i =  61 [897, 133, 134, 647, 778, 11, 141, 277, 534, 919, 536, 409, 796, 672, 931, 166, 936, 170, 903, 46, 93, 176, 948, 698, 571, 956, 394, 831, 544, 955, 67, 964, 326, 722, 980, 853, 605, 480, 609, 699, 391, 422, 828, 877, 349, 506, 383]
i =  62 [129, 137, 651, 784, 659, 20, 922, 414, 801, 295, 945, 434, 179, 439, 443, 448, 620, 907, 74, 951, 220, 95, 356, 614, 871, 843, 876, 245, 630, 378, 763, 764]
i =  63 [769, 386, 86, 904, 655, 660, 790, 415, 934, 809, 426, 555, 558, 564, 950, 183, 825, 319, 195, 455, 587, 994, 974, 590, 982, 985, 219, 992, 738, 996, 879, 500, 788, 122, 938, 767]
i =  64 [769, 386, 86, 904, 655, 660, 790, 415, 934, 809, 938, 555, 558, 564, 950, 183, 825, 319, 195, 455, 840, 587, 994, 590, 974, 982, 985, 219, 992, 738, 500, 788, 122, 426, 767]
i =  65 [129, 439, 137, 651, 784, 659, 20, 922, 414, 801, 295, 434, 945, 818, 179, 951, 443, 448, 620, 74, 843, 220, 95, 356, 614, 871, 876, 245, 630, 378, 763, 764]
i =  66 [897, 133, 134, 647, 394, 11, 141, 277, 534, 919, 536, 409, 796, 544, 931, 422, 936, 170, 391, 46, 605, 176, 948, 698, 699, 828, 778, 831, 672, 955, 67, 964, 326, 722, 980, 853, 93, 480, 609, 571, 806, 956, 877, 349, 506, 166, 383]
i =  67 [769, 386, 86, 904, 655, 660, 790, 415, 934, 807, 809, 426, 555, 558, 564, 950, 183, 825, 319, 195, 455, 587, 994, 590, 974, 982, 985, 219, 992, 738, 996, 500, 788, 122, 938, 767]
i =  68 [896, 641, 514, 517, 128, 770, 663, 797, 542, 547, 679, 939, 607, 445, 703, 192, 834, 966, 844, 397, 978, 88, 477, 991, 993, 868, 107, 880, 241, 884, 888, 507, 252]
i =  69 [1, 235, 646, 940, 906, 268, 782, 658, 19, 916, 23, 6, 681, 172, 944, 565, 697, 186, 138, 181, 309, 390, 80, 211, 865, 100, 486, 103, 743, 109, 243, 886, 761, 762, 251, 254]
i =  70 [771, 645, 267, 530, 387, 918, 981, 155, 928, 929, 549, 943, 177, 312, 829, 830, 196, 458, 725, 989, 224, 225, 360, 873, 622, 881, 882, 511, 766, 469]
i =  71 [262, 776, 395, 143, 144, 411, 30, 32, 803, 804, 933, 551, 682, 811, 685, 305, 946, 308, 824, 449, 329, 842, 976, 467, 343, 689, 735, 864, 866, 1000, 878, 113, 887, 249, 636]
i =  72 [2, 650, 780, 910, 912, 280, 662, 920, 26, 923, 800, 162, 424, 71, 756, 316, 452, 198, 199, 203, 204, 334, 720, 85, 984, 988, 16, 615, 728, 110, 623, 244, 126]
i =  73 [384, 258, 644, 8, 435, 400, 275, 516, 667, 540, 283, 909, 306, 307, 55, 60, 708, 459, 269, 599, 473, 604, 222, 354, 483, 234, 875, 237, 752]
i =  74 [385, 325, 518, 348, 87, 524, 525, 287, 318, 692, 373, 566, 119, 570, 479, 156, 574, 255]
i =  75 [5, 902, 777, 785, 791, 792, 793, 794, 815, 284, 294, 935, 810, 44, 303, 693, 695, 961, 837, 848, 855, 89, 862, 740, 678, 359, 745, 874, 999, 367, 497, 883, 890, 39]
i =  76 [899, 905, 523, 661, 546, 139, 300, 174, 50, 949, 952, 569, 835, 710, 969, 714, 34, 846, 337, 723, 84, 597, 854, 737, 610, 612, 742, 230, 721, 637, 213]
i =  77 [768, 3, 774, 621, 913, 281, 27, 28, 925, 671, 160, 802, 421, 423, 296, 297, 442, 701, 416, 962, 839, 206, 468, 216, 97, 489, 365, 242, 372, 376]
i =  78 [262, 395, 143, 144, 411, 30, 32, 803, 804, 933, 551, 682, 811, 685, 305, 946, 308, 824, 449, 113, 329, 842, 976, 467, 343, 689, 735, 864, 866, 1000, 878, 625, 887, 249, 636]
i =  79 [768, 3, 774, 649, 365, 913, 281, 27, 924, 925, 160, 802, 421, 423, 296, 297, 442, 701, 416, 962, 839, 28, 468, 206, 216, 97, 489, 621, 242, 372, 376]
i =  80 [5, 902, 777, 785, 999, 791, 792, 793, 794, 303, 284, 678, 39, 810, 44, 815, 695, 961, 837, 848, 855, 89, 602, 862, 740, 294, 359, 745, 874, 935, 367, 497, 883, 890]
i =  81 [896, 641, 770, 517, 128, 139, 514, 663, 542, 547, 679, 939, 556, 607, 445, 703, 192, 834, 966, 844, 397, 978, 88, 477, 991, 993, 868, 107, 880, 241, 884, 888, 507, 252]
i =  82 [387, 645, 469, 267, 530, 918, 155, 928, 929, 549, 943, 177, 312, 829, 830, 578, 196, 458, 725, 989, 224, 225, 360, 873, 622, 881, 882, 511, 766, 981]
i =  83 [768, 3, 774, 621, 913, 281, 27, 28, 925, 416, 802, 421, 423, 296, 297, 442, 701, 160, 962, 839, 206, 468, 216, 97, 489, 365, 242, 372, 503, 376]
i =  84 [900, 13, 914, 403, 533, 151, 25, 927, 33, 433, 941, 431, 817, 827, 61, 960, 965, 968, 330, 336, 466, 726, 346, 987, 352, 619, 114, 117, 504, 250]
i =  85 [132, 145, 532, 407, 158, 291, 420, 42, 173, 99, 819, 56, 187, 190, 581, 582, 586, 205, 79, 593, 339, 342, 730, 347, 92, 98, 867, 997, 240, 631, 120, 123, 765, 510]
i =  86 [2, 650, 780, 910, 912, 920, 531, 662, 280, 26, 923, 800, 162, 424, 71, 316, 452, 198, 199, 203, 204, 334, 720, 85, 984, 988, 16, 615, 728, 110, 623, 244, 126]
i =  87 [911, 17, 150, 535, 664, 538, 541, 926, 35, 168, 937, 812, 813, 430, 175, 560, 561, 52, 670, 823, 826, 320, 450, 967, 331, 845, 595, 983, 529, 616, 617, 495, 629]
i =  88 [900, 13, 914, 403, 533, 151, 25, 539, 927, 33, 433, 941, 431, 817, 827, 61, 960, 965, 968, 330, 336, 466, 726, 346, 987, 352, 619, 114, 117, 250]
i =  89 [769, 386, 982, 904, 655, 660, 790, 415, 934, 809, 426, 555, 558, 564, 950, 183, 825, 319, 195, 455, 587, 738, 974, 590, 86, 985, 219, 992, 994, 996, 490, 500, 788, 122, 938, 767]
i =  90 [898, 358, 781, 402, 543, 37, 808, 553, 684, 557, 816, 562, 563, 821, 54, 311, 954, 437, 64, 66, 580, 197, 838, 841, 970, 77, 589, 464, 849, 470, 856, 228, 869, 870, 747, 751, 760, 889]
i =  91 [768, 3, 774, 621, 913, 281, 27, 28, 925, 160, 802, 421, 423, 296, 297, 442, 701, 416, 962, 451, 839, 206, 468, 216, 97, 489, 365, 242, 372, 376]
i =  92 [900, 13, 914, 403, 533, 151, 25, 795, 453, 33, 433, 941, 431, 817, 827, 61, 960, 927, 965, 968, 330, 336, 466, 726, 346, 987, 352, 619, 114, 117, 250]
i =  93 [899, 905, 523, 546, 300, 174, 50, 949, 952, 569, 835, 710, 456, 969, 714, 34, 846, 337, 723, 139, 597, 854, 737, 610, 612, 742, 230, 721, 84, 637, 213]
i =  94 [262, 395, 143, 144, 411, 30, 32, 803, 804, 933, 551, 682, 811, 685, 305, 946, 308, 824, 449, 329, 842, 976, 467, 343, 689, 735, 864, 866, 355, 1000, 878, 113, 887, 249, 636]
i =  95 [769, 386, 982, 904, 655, 788, 790, 415, 934, 809, 938, 555, 558, 564, 950, 183, 825, 319, 195, 455, 587, 738, 590, 974, 86, 985, 219, 992, 994, 500, 375, 660, 122, 426, 767]
i =  96 [899, 389, 905, 523, 546, 300, 174, 50, 949, 952, 569, 835, 710, 969, 714, 34, 846, 337, 723, 139, 597, 854, 737, 610, 612, 742, 230, 721, 84, 637, 213]
i =  97 [2, 650, 780, 398, 912, 984, 662, 280, 26, 923, 800, 162, 424, 199, 316, 452, 198, 71, 203, 204, 334, 720, 85, 728, 988, 910, 16, 615, 110, 623, 920, 244, 126]
i =  98 [128, 641, 514, 107, 517, 266, 397, 663, 542, 896, 547, 167, 939, 607, 445, 703, 192, 834, 966, 844, 978, 88, 770, 477, 991, 993, 868, 679, 880, 241, 884, 888, 507, 252]
i =  99 [128, 896, 514, 517, 641, 663, 397, 279, 542, 547, 679, 939, 991, 445, 703, 192, 834, 966, 844, 978, 88, 770, 477, 607, 993, 868, 102, 107, 880, 241, 884, 888, 507, 252]
i =  100 [899, 905, 523, 34, 298, 300, 174, 50, 949, 952, 569, 835, 710, 969, 714, 546, 846, 721, 723, 139, 597, 854, 737, 610, 612, 742, 230, 337, 84, 637, 213]
i =  101 [899, 905, 523, 34, 300, 174, 50, 949, 310, 952, 569, 835, 710, 969, 714, 546, 846, 721, 723, 139, 597, 854, 737, 610, 612, 742, 230, 337, 84, 637, 213]
i =  102 [262, 321, 395, 143, 144, 411, 30, 32, 803, 804, 933, 305, 682, 811, 685, 689, 946, 308, 824, 449, 329, 842, 976, 467, 343, 735, 864, 866, 1000, 551, 878, 113, 887, 249, 636]
i =  103 [387, 645, 469, 267, 530, 918, 155, 928, 929, 549, 943, 177, 312, 829, 830, 196, 458, 971, 333, 725, 989, 224, 225, 360, 873, 622, 881, 882, 511, 766, 981]
i =  104 [642, 775, 392, 727, 749, 942, 278, 537, 285, 293, 167, 814, 47, 432, 947, 441, 193, 712, 202, 972, 461, 847, 82, 341, 313, 731, 719, 482, 872, 364, 338, 111, 626, 755, 885, 248, 381, 894]
i =  105 [262, 395, 143, 144, 411, 30, 32, 803, 804, 933, 551, 682, 811, 685, 305, 946, 308, 824, 449, 200, 329, 842, 976, 467, 343, 689, 735, 864, 866, 1000, 878, 113, 887, 249, 636]
i =  106 [897, 133, 134, 391, 394, 11, 141, 277, 534, 919, 536, 409, 796, 571, 544, 931, 166, 936, 170, 647, 46, 605, 176, 948, 698, 699, 828, 778, 831, 672, 67, 964, 326, 722, 980, 853, 218, 93, 480, 609, 955, 422, 956, 877, 349, 506, 383]
i =  107 [12, 399, 798, 288, 292, 38, 43, 498, 57, 446, 191, 832, 585, 75, 592, 214, 474, 221, 96, 229, 753, 140, 702, 247, 505, 575]
i =  108 [2, 650, 780, 910, 912, 984, 662, 280, 26, 923, 800, 162, 424, 199, 316, 452, 198, 71, 203, 204, 334, 720, 85, 728, 988, 16, 615, 233, 110, 623, 920, 244, 126]
i =  109 [257, 900, 13, 914, 403, 533, 151, 25, 927, 33, 817, 941, 431, 433, 827, 61, 960, 965, 968, 330, 336, 466, 726, 346, 987, 352, 619, 114, 117, 250]
i =  110 [899, 265, 523, 34, 139, 300, 174, 50, 949, 905, 952, 569, 835, 710, 969, 714, 546, 846, 337, 723, 84, 597, 854, 737, 610, 612, 230, 742, 721, 637, 213]
i =  111 [128, 641, 514, 517, 397, 663, 542, 896, 547, 679, 939, 884, 607, 445, 703, 192, 834, 966, 844, 978, 88, 770, 477, 991, 993, 868, 107, 880, 241, 116, 888, 507, 252]
i =  112 [128, 641, 514, 517, 397, 663, 542, 896, 547, 679, 939, 607, 445, 703, 192, 834, 966, 844, 978, 88, 770, 477, 991, 993, 868, 107, 880, 241, 884, 888, 121, 507, 252]
i =  113 [897, 133, 134, 391, 394, 11, 141, 277, 534, 919, 536, 409, 796, 571, 544, 931, 166, 936, 170, 647, 46, 605, 176, 948, 698, 699, 828, 778, 831, 672, 67, 964, 326, 722, 980, 853, 349, 480, 609, 955, 422, 956, 877, 93, 506, 127, 383]
i =  114 [132, 7, 16, 145, 19, 148, 407, 158, 929, 291, 420, 177, 867, 42, 173, 46, 49, 819, 56, 187, 586, 190, 196, 581, 582, 458, 205, 79, 80, 593, 339, 342, 730, 347, 92, 224, 225, 98, 99, 996, 997, 360, 532, 240, 631, 120, 761, 123, 765, 511]
i =  115 [1, 235, 6, 172, 906, 268, 782, 658, 916, 23, 152, 646, 681, 940, 944, 309, 697, 186, 138, 181, 390, 565, 211, 865, 100, 486, 743, 103, 109, 243, 886, 762, 251, 254]
i =  116 [129, 439, 137, 651, 784, 659, 20, 922, 414, 801, 295, 945, 434, 179, 180, 951, 443, 448, 620, 74, 843, 220, 95, 356, 614, 871, 876, 245, 630, 378, 763, 764]
i =  117 [2, 650, 780, 910, 912, 920, 662, 280, 26, 923, 800, 162, 424, 71, 316, 189, 963, 452, 198, 199, 203, 204, 334, 720, 85, 984, 988, 16, 995, 615, 728, 110, 623, 244, 126]
i =  118 [896, 128, 514, 517, 641, 770, 663, 29, 542, 547, 679, 939, 607, 445, 703, 192, 834, 966, 844, 397, 978, 88, 477, 991, 993, 868, 107, 880, 241, 884, 888, 507, 252]
i =  119 [768, 3, 900, 774, 13, 242, 365, 913, 914, 403, 533, 151, 281, 27, 28, 925, 927, 416, 33, 802, 421, 376, 423, 296, 297, 941, 431, 817, 372, 442, 827, 61, 960, 160, 962, 68, 965, 839, 968, 330, 206, 336, 433, 466, 468, 726, 216, 346, 987, 352, 97, 489, 619, 621, 701, 114, 25, 117, 189, 72, 250]
i =  120 [263, 108, 10, 271, 678, 427, 302, 568, 61, 70, 210, 598, 986, 350, 613, 353, 357, 104, 236, 750, 757, 632]
i =  121 [896, 641, 514, 517, 128, 397, 663, 542, 547, 679, 939, 607, 445, 703, 192, 834, 966, 844, 978, 88, 770, 91, 477, 991, 993, 868, 107, 880, 241, 884, 888, 507, 252]
finish get all communities
complete deal_communities
commplete get_all_nature_community
----------------------------------The detection result is: 

all communities: 
i =  1 : [59, 63, 73, 125, 147, 164, 188, 212, 217, 276, 299, 369, 436, 460, 513, 611, 669, 680, 718, 748, 787, 799, 820, 857, 860, 891, 893, 932]
i =  2 : [14, 101, 106, 118, 178, 194, 231, 239, 260, 406, 429, 438, 512, 515, 521, 577, 600, 635, 674, 694, 706, 739, 744, 754, 758, 852]
i =  3 : [40, 41, 51, 62, 90, 161, 223, 232, 253, 286, 317, 362, 401, 405, 471, 583, 596, 601, 618, 639, 696]
i =  4 : [49, 65, 76, 115, 131, 314, 368, 370, 472, 526, 528, 545, 548, 572, 627, 648, 657, 688, 707, 709, 711, 741, 772, 773, 779, 786]
i =  5 : [69, 112, 142, 146, 274, 282, 304, 335, 344, 361, 408, 410, 463, 481, 492, 493, 527, 552, 668, 716, 732]
i =  6 : [31, 136, 159, 163, 169, 209, 215, 315, 328, 332, 374, 396, 417, 491, 496, 522, 643, 653, 686, 717, 733, 734]
i =  7 : [15, 18, 21, 22, 48, 153, 201, 289, 322, 323, 351, 377, 428, 476, 502, 550, 554, 559, 628, 677, 683, 687, 690]
i =  8 : [9, 36, 124, 157, 171, 182, 207, 226, 246, 324, 366, 371, 382, 412, 440, 478, 573, 584, 588, 633, 691]
i =  9 : [4, 53, 78, 135, 149, 261, 264, 273, 388, 404, 413, 418, 454, 462, 484, 485, 579, 624, 665, 700, 705, 724, 729, 783, 805, 833, 836, 850, 858, 859, 895, 901, 917, 959, 973]
i =  10 : [83, 185, 227, 238, 256, 272, 290, 379, 425, 447, 475, 499, 501, 567, 576, 594, 603, 606, 640, 675, 704, 715, 736, 746, 789, 851, 861, 892, 986]
i =  11 : [10, 104, 108, 210, 236, 263, 271, 302, 350, 353, 357, 427, 568, 598, 608, 613, 632, 750, 757]
i =  12 : [24, 58, 81, 105, 130, 259, 327, 340, 345, 363, 380, 419, 444, 465, 494, 520, 673, 958]
i =  13 : [87, 119, 156, 255, 287, 318, 325, 348, 373, 385, 479, 518, 524, 525, 566, 570, 574, 692]
i =  14 : [42, 56, 79, 92, 98, 99, 120, 123, 132, 145, 158, 173, 187, 190, 205, 240, 291, 339, 342, 347, 407, 420, 510, 532, 581, 582, 586, 593, 631, 730, 765, 819, 867, 997]
i =  15 : [37, 54, 64, 66, 77, 197, 228, 311, 358, 402, 437, 464, 470, 543, 553, 557, 562, 563, 580, 589, 684, 747, 751, 760, 781, 808, 816, 821, 838, 841, 849, 856, 869, 870, 889, 898, 954, 970]
i =  16 : [47, 82, 111, 167, 193, 202, 248, 278, 285, 293, 313, 338, 341, 364, 381, 392, 432, 441, 461, 482, 537, 626, 642, 712, 719, 727, 731, 749, 755, 775, 814, 847, 872, 885, 894, 942, 947, 972]
i =  17 : [12, 38, 43, 57, 75, 96, 140, 191, 214, 221, 229, 247, 288, 292, 399, 446, 474, 498, 505, 575, 585, 592, 702, 753, 798, 832]
i =  18 : [7, 16, 19, 42, 46, 49, 56, 79, 80, 92, 98, 99, 120, 123, 132, 145, 148, 158, 173, 177, 187, 190, 196, 205, 224, 225, 240, 291, 339, 342, 347, 360, 407, 420, 458, 511, 532, 581, 582, 586, 593, 631, 730, 761, 765, 819, 867, 929, 996, 997]
i =  19 : [3, 13, 25, 27, 28, 33, 61, 68, 72, 97, 114, 117, 151, 160, 189, 206, 216, 242, 250, 281, 296, 297, 330, 336, 346, 352, 365, 372, 376, 403, 416, 421, 423, 431, 433, 442, 466, 468, 489, 533, 619, 621, 701, 726, 768, 774, 802, 817, 827, 839, 900, 913, 914, 925, 927, 941, 960, 962, 965, 968, 987]
i =  20 : [10, 61, 70, 104, 108, 210, 236, 263, 271, 302, 350, 353, 357, 427, 568, 598, 613, 632, 678, 750, 757, 986]
i =  21 : [8, 55, 60, 222, 234, 237, 258, 269, 275, 283, 306, 307, 354, 384, 400, 435, 459, 473, 483, 516, 540, 599, 604, 644, 667, 708, 713, 752, 875, 909]
i =  22 : [45, 94, 154, 184, 208, 270, 301, 393, 457, 487, 488, 508, 509, 634, 652, 656, 676, 849, 921]
i =  23 : [17, 35, 52, 150, 168, 175, 320, 331, 430, 450, 495, 529, 535, 538, 541, 560, 561, 595, 616, 617, 629, 664, 670, 812, 813, 823, 826, 845, 911, 926, 937, 967, 975, 983]
i =  24 : [155, 177, 196, 224, 225, 267, 312, 333, 360, 387, 458, 469, 511, 530, 549, 578, 622, 645, 725, 766, 771, 829, 830, 873, 881, 882, 918, 928, 929, 943, 971, 981, 989]
i =  25 : [20, 74, 95, 129, 137, 179, 180, 220, 245, 295, 356, 378, 414, 434, 439, 443, 448, 614, 620, 630, 651, 659, 763, 764, 784, 801, 818, 843, 871, 876, 907, 922, 945, 951, 971]
i =  26 : [11, 46, 67, 93, 127, 133, 134, 141, 166, 170, 176, 218, 277, 326, 349, 383, 391, 394, 409, 422, 480, 506, 534, 536, 544, 571, 605, 609, 647, 672, 698, 699, 722, 778, 796, 806, 828, 831, 853, 877, 897, 903, 919, 931, 936, 948, 955, 956, 964, 980]
i =  27 : [1, 6, 19, 23, 80, 100, 103, 109, 138, 152, 172, 181, 186, 211, 235, 243, 251, 254, 268, 309, 390, 486, 565, 591, 646, 658, 681, 697, 743, 759, 761, 762, 782, 865, 886, 906, 916, 940, 944, 998]
i =  28 : [5, 39, 44, 89, 284, 294, 303, 359, 367, 497, 602, 678, 693, 695, 740, 745, 777, 785, 791, 792, 793, 794, 810, 815, 837, 848, 855, 862, 874, 883, 890, 902, 935, 957, 961, 979, 995, 999]
i =  29 : [30, 32, 113, 143, 144, 200, 249, 262, 305, 308, 321, 329, 343, 355, 395, 411, 449, 467, 551, 625, 636, 682, 685, 689, 735, 776, 803, 804, 811, 824, 842, 864, 866, 878, 887, 933, 946, 976, 1000]
i =  30 : [3, 27, 28, 97, 160, 206, 216, 242, 281, 296, 297, 365, 372, 376, 416, 421, 423, 442, 451, 468, 489, 503, 621, 638, 649, 666, 671, 701, 768, 774, 802, 839, 913, 924, 925, 962]
i =  31 : [2, 16, 26, 71, 85, 110, 126, 162, 189, 198, 199, 203, 204, 233, 244, 280, 316, 334, 398, 424, 452, 531, 615, 623, 650, 662, 720, 728, 756, 780, 800, 908, 910, 912, 920, 923, 924, 963, 984, 988, 995]
i =  32 : [13, 25, 33, 61, 114, 117, 151, 250, 257, 330, 336, 346, 352, 403, 431, 433, 453, 466, 504, 533, 539, 619, 726, 795, 817, 827, 863, 900, 914, 927, 930, 941, 953, 960, 965, 968, 987]
i =  33 : [86, 122, 183, 195, 219, 319, 375, 386, 415, 426, 455, 490, 500, 555, 558, 564, 587, 590, 655, 660, 738, 767, 769, 788, 790, 807, 809, 825, 840, 879, 904, 934, 938, 950, 967, 974, 982, 985, 990, 992, 994, 996]
i =  34 : [34, 50, 84, 139, 174, 213, 230, 265, 298, 300, 310, 337, 389, 456, 523, 546, 569, 597, 610, 612, 637, 654, 661, 710, 714, 721, 723, 737, 742, 835, 846, 854, 899, 905, 949, 952, 969, 977]
i =  35 : [29, 88, 91, 102, 107, 116, 121, 128, 139, 165, 167, 192, 241, 252, 266, 279, 397, 445, 477, 507, 514, 517, 519, 542, 547, 556, 607, 641, 663, 679, 703, 770, 797, 822, 834, 844, 868, 880, 884, 888, 896, 915, 939, 963, 966, 978, 991, 993]
overlapping nodes are:  [3, 10, 13, 16, 19, 25, 27, 28, 33, 42, 46, 49, 56, 61, 79, 80, 92, 97, 98, 99, 104, 108, 114, 117, 120, 123, 132, 139, 145, 151, 158, 160, 167, 173, 177, 187, 189, 190, 196, 205, 206, 210, 216, 224, 225, 236, 240, 242, 250, 263, 271, 281, 291, 296, 297, 302, 330, 336, 339, 342, 346, 347, 350, 352, 353, 357, 360, 365, 372, 376, 403, 407, 416, 420, 421, 423, 427, 431, 433, 442, 458, 466, 468, 489, 511, 532, 533, 568, 581, 582, 586, 593, 598, 613, 619, 621, 631, 632, 678, 701, 726, 730, 750, 757, 761, 765, 768, 774, 802, 817, 819, 827, 839, 849, 867, 900, 913, 914, 924, 925, 927, 929, 941, 960, 962, 963, 965, 967, 968, 971, 986, 987, 995, 996, 997] 
 NOO is:  135
total time is:  323.681239128
