lens of ground_truth:  34
ground_truth is: [[11, 53, 68, 155, 202, 208, 220, 249, 253, 359, 392, 398, 428, 443, 495, 528, 555, 571, 584, 648, 651, 733], [16, 46, 123, 126, 146, 178, 251, 264, 266, 285, 331, 333, 352, 363, 371, 421, 441, 444, 446, 451, 452, 494, 507, 508, 558, 604, 610, 612, 620, 626, 709, 719, 745, 778, 827, 905, 925, 942, 948, 957, 958, 965, 966, 971, 981, 994], [8, 28, 30, 74, 85, 109, 254, 270, 287, 291, 330, 382, 435, 441, 490, 506, 518, 572, 590, 600, 686, 695, 697, 708, 713, 760, 774, 835, 850, 873], [36, 59, 73, 112, 133, 156, 243, 262, 283, 341, 426, 466, 472, 479, 486, 503, 512, 529, 567, 576, 599, 674, 723, 728, 771, 798], [14, 61, 65, 69, 79, 95, 111, 133, 139, 146, 163, 178, 189, 204, 214, 228, 250, 255, 256, 294, 297, 318, 361, 385, 413, 414, 430, 456, 467, 474, 483, 531, 538, 547, 558, 559, 570, 577, 588, 602, 644, 645, 664, 667, 672, 675, 696, 697, 712, 725, 742, 762, 780, 799, 803, 810, 821, 837, 846, 847, 864, 869, 871, 896, 898, 908, 917, 923, 925, 927, 938, 946, 960, 961, 967, 972, 973, 984, 987, 988, 990], [24, 25, 76, 95, 111, 128, 140, 150, 173, 178, 190, 220, 221, 241, 242, 329, 333, 357, 361, 372, 375, 413, 449, 461, 492, 540, 542, 587, 696, 715, 726, 800, 815, 827, 838, 846, 847, 864, 876, 902, 912, 917, 949], [3, 39, 80, 91, 111, 151, 188, 232, 233, 271, 291, 314, 327, 361, 376, 394, 418, 439, 448, 531, 534, 594, 661, 675, 690, 700, 761, 776], [55, 90, 92, 102, 107, 212, 313, 336, 377, 379, 473, 502, 548, 606, 609, 615, 642, 659, 752, 764, 789, 791, 795, 803, 816, 853, 857, 866, 868, 889, 908], [10, 40, 46, 57, 61, 69, 71, 72, 77, 79, 127, 133, 143, 162, 168, 197, 206, 223, 236, 249, 250, 255, 265, 266, 269, 291, 292, 306, 316, 333, 366, 371, 373, 385, 388, 401, 413, 435, 441, 452, 464, 474, 506, 507, 511, 514, 524, 545, 549, 550, 576, 602, 612, 645, 664, 671, 687, 697, 712, 725, 726, 731, 733, 742, 745, 762, 763, 765, 794, 806, 827, 836, 844, 854, 867, 871, 883, 896, 903, 908, 915, 918, 923, 929, 930, 935, 943, 953, 957, 960, 961, 972, 973, 975, 979, 988], [60, 63, 115, 118, 138, 148, 199, 203, 225, 235, 339, 365, 370, 411, 420, 460, 497, 506, 597, 649, 705, 712, 755, 766, 768, 769, 787, 795, 797, 882, 904, 906, 943], [10, 21, 40, 56, 61, 69, 79, 95, 105, 116, 121, 131, 143, 146, 154, 163, 178, 180, 181, 189, 194, 215, 240, 249, 250, 255, 256, 261, 265, 291, 306, 316, 385, 388, 401, 413, 424, 435, 474, 500, 514, 545, 547, 558, 559, 569, 570, 588, 596, 602, 608, 645, 657, 660, 662, 664, 667, 675, 696, 697, 712, 725, 739, 742, 762, 773, 780, 795, 803, 846, 847, 856, 864, 867, 881, 884, 890, 894, 903, 908, 909, 913, 917, 918, 923, 925, 935, 954, 960, 964, 973, 984, 988, 990, 992], [10, 13, 25, 26, 43, 46, 69, 91, 95, 106, 111, 137, 142, 146, 158, 163, 220, 223, 257, 265, 266, 371, 388, 405, 433, 435, 441, 452, 457, 458, 478, 499, 506, 507, 514, 549, 608, 618, 658, 719, 726, 733, 748, 750, 754, 790, 806, 831, 858, 864, 871, 880, 887, 895, 918, 923, 935, 943, 960, 961, 984, 988, 989, 991, 992, 997], [4, 91, 110, 111, 117, 177, 185, 230, 247, 332, 334, 419, 455, 481, 552, 557, 621, 676, 677, 678, 719, 721, 730, 733, 779, 780, 788, 827, 829, 849, 865, 874, 891, 903], [10, 17, 22, 23, 25, 31, 32, 61, 64, 77, 84, 91, 101, 111, 146, 163, 213, 249, 293, 316, 333, 358, 361, 364, 387, 388, 401, 413, 445, 476, 480, 484, 493, 525, 526, 547, 549, 554, 570, 576, 612, 667, 692, 722, 762, 782, 801, 822, 823, 827, 861, 864, 896, 898, 918, 919, 923, 925, 933, 935, 943, 947, 951, 961, 972, 979, 986, 1000], [6, 34, 41, 49, 119, 171, 193, 222, 238, 245, 273, 323, 351, 362, 390, 403, 509, 541, 634, 654, 670, 688, 719, 806, 808, 867], [48, 82, 96, 122, 192, 260, 276, 344, 354, 367, 389, 406, 496, 511, 563, 578, 586, 614, 616, 632, 675, 724, 744, 753, 804, 898], [10, 46, 47, 69, 129, 133, 176, 178, 223, 266, 281, 288, 299, 300, 305, 316, 325, 333, 381, 383, 388, 401, 413, 429, 470, 506, 507, 511, 531, 543, 544, 549, 601, 612, 719, 726, 733, 735, 777, 812, 820, 851, 871, 878, 896, 920, 921, 935, 937, 941, 944, 961, 972, 977, 982, 988], [10, 40, 51, 61, 69, 77, 79, 83, 94, 133, 143, 146, 149, 163, 165, 170, 189, 200, 220, 223, 249, 250, 255, 256, 265, 291, 306, 311, 317, 345, 361, 385, 401, 452, 465, 474, 514, 531, 545, 547, 553, 558, 559, 570, 576, 582, 588, 602, 608, 612, 633, 639, 645, 664, 667, 696, 697, 712, 719, 722, 725, 742, 745, 749, 756, 770, 806, 811, 817, 841, 842, 846, 847, 855, 888, 893, 896, 898, 903, 908, 917, 918, 923, 925, 932, 936, 939, 943, 960, 970, 973, 979, 984, 988, 990, 992], [10, 25, 40, 46, 61, 67, 77, 79, 91, 95, 98, 111, 124, 133, 143, 163, 179, 184, 220, 223, 226, 234, 249, 265, 266, 306, 315, 316, 333, 346, 361, 371, 380, 388, 401, 422, 435, 452, 454, 474, 506, 507, 514, 516, 535, 545, 549, 564, 576, 598, 602, 608, 628, 650, 656, 664, 714, 722, 725, 726, 745, 775, 806, 827, 847, 867, 871, 900, 903, 922, 935, 943, 945, 952, 957, 961, 972, 976, 979, 980, 988, 992], [25, 40, 46, 69, 79, 81, 95, 97, 104, 143, 220, 223, 250, 255, 266, 278, 291, 306, 361, 371, 385, 409, 435, 441, 452, 459, 474, 477, 507, 510, 511, 514, 515, 545, 549, 559, 576, 645, 646, 647, 664, 665, 667, 673, 675, 697, 699, 701, 711, 712, 722, 725, 734, 742, 745, 747, 762, 781, 805, 806, 819, 827, 830, 847, 863, 864, 867, 871, 872, 875, 898, 901, 918, 928, 950, 957, 959, 960, 961, 969, 972, 973, 979, 984, 985, 990, 998], [12, 27, 35, 95, 144, 147, 166, 210, 219, 244, 259, 355, 384, 399, 487, 568, 573, 589, 595, 613, 653, 667, 710, 716, 784, 814, 957], [20, 40, 44, 61, 69, 77, 87, 91, 103, 111, 143, 146, 163, 175, 178, 187, 189, 249, 250, 255, 256, 268, 291, 306, 349, 368, 385, 386, 401, 402, 471, 485, 531, 537, 545, 547, 556, 558, 559, 560, 570, 588, 602, 608, 612, 629, 635, 645, 655, 682, 696, 712, 722, 725, 732, 741, 745, 759, 762, 780, 795, 803, 809, 818, 846, 852, 862, 867, 896, 898, 899, 903, 907, 908, 916, 917, 923, 925, 940, 973, 979, 984, 990, 992, 993, 996], [25, 29, 54, 159, 178, 186, 211, 224, 256, 282, 342, 374, 378, 388, 391, 407, 413, 474, 489, 531, 547, 558, 559, 570, 588, 608, 611, 641, 685, 696, 720, 726, 780, 795, 803, 824, 828, 832, 846, 864, 898, 911, 917, 925, 931, 935, 962, 968, 972, 974, 984, 990, 992], [1, 9, 62, 78, 114, 191, 258, 275, 298, 319, 410, 435, 468, 523, 581, 583, 593, 638, 640, 652, 669, 694, 722, 727, 729, 746, 758], [38, 100, 113, 157, 167, 183, 216, 237, 274, 348, 432, 562, 566, 575, 580, 603, 619, 623, 684, 691, 803], [15, 50, 52, 75, 77, 120, 178, 189, 217, 231, 256, 321, 324, 356, 360, 413, 435, 475, 504, 522, 531, 547, 558, 559, 570, 576, 588, 605, 625, 696, 757, 767, 780, 785, 795, 803, 846, 864, 886, 898, 914, 917, 924, 925, 934, 963, 983], [42, 70, 89, 91, 136, 182, 220, 265, 280, 284, 302, 304, 340, 347, 353, 416, 441, 462, 482, 511, 517, 530, 551, 693, 703, 719, 738, 742, 772, 786, 803, 843, 845, 879], [18, 25, 37, 40, 46, 66, 77, 79, 86, 91, 95, 133, 135, 143, 145, 189, 196, 207, 218, 220, 223, 239, 250, 255, 256, 266, 290, 296, 301, 306, 307, 309, 310, 316, 333, 350, 361, 371, 385, 388, 400, 404, 415, 450, 506, 507, 513, 514, 520, 549, 576, 602, 608, 645, 664, 667, 675, 679, 697, 702, 706, 722, 726, 742, 743, 745, 792, 806, 807, 839, 847, 867, 871, 885, 896, 908, 918, 935, 943, 955, 956, 957, 960, 961, 972, 973, 978, 979, 990, 992, 995, 999], [33, 161, 169, 295, 303, 326, 343, 371, 412, 488, 491, 498, 533, 536, 539, 579, 627, 667, 689, 704, 795], [10, 19, 58, 133, 160, 189, 195, 227, 229, 256, 272, 308, 316, 335, 397, 427, 442, 452, 511, 531, 547, 558, 570, 588, 592, 612, 622, 636, 668, 696, 722, 733, 780, 795, 813, 833, 834, 846, 877, 892, 903, 910, 917], [2, 7, 99, 153, 172, 174, 189, 198, 252, 263, 279, 337, 393, 425, 431, 441, 501, 561, 617, 637, 666, 698, 718, 726, 733, 762, 780, 783, 826, 859, 897, 957], [45, 88, 108, 141, 164, 205, 248, 267, 286, 316, 369, 417, 423, 447, 453, 505, 511, 532, 545, 585, 643, 683, 707, 736, 793, 796], [25, 40, 46, 61, 77, 79, 93, 130, 134, 143, 146, 163, 201, 223, 249, 250, 255, 265, 266, 289, 291, 306, 312, 320, 328, 333, 338, 371, 385, 395, 401, 434, 436, 440, 441, 452, 463, 474, 506, 507, 511, 514, 519, 521, 527, 545, 549, 559, 574, 591, 602, 607, 608, 612, 630, 645, 663, 664, 675, 680, 697, 712, 717, 719, 725, 733, 737, 740, 742, 745, 751, 762, 802, 806, 825, 827, 840, 847, 848, 860, 867, 870, 871, 896, 903, 908, 918, 923, 926, 943, 957, 960, 973, 979, 984, 988, 990, 992], [5, 125, 132, 152, 209, 246, 265, 277, 322, 396, 408, 437, 438, 469, 546, 565, 588, 624, 631, 675, 681]]
nodes: [111, 220, 249, 291, 401, 413, 507, 511, 528, 541, 549, 570, 588, 602, 612, 653, 667, 670, 684, 696, 717, 718, 719, 722, 725, 726, 736, 746, 762, 776, 782, 787, 788, 798, 803, 818, 827, 843, 846, 866, 867, 871, 873, 898, 903, 914, 917, 925, 935, 943, 948, 957, 961, 972, 979, 984, 988, 992] num of nodes:  58
[[111, 829, 991], [220, 902, 949], [555, 571, 249], [151, 291, 594], [500, 909, 401], [413, 837, 987], [507, 928, 969], [511, 833, 910], [359, 651, 648, 555, 495, 571, 528, 584, 428], [6, 808, 390, 688, 654, 362, 541], [549, 706, 978], [297, 946, 570], [588, 993, 862], [318, 602, 987], [612, 994, 971, 981], [210, 710, 487, 653, 814, 595, 784, 568], [667, 704, 689], [171, 390, 808, 688, 654, 323, 509, 670], [100, 580, 619, 684, 623, 691, 348, 566, 432], [540, 912, 949, 696], [630, 737, 663, 848, 860, 717], [425, 897, 666, 718, 783, 501, 826, 698, 859, 637, 561], [403, 808, 688, 719], [67, 952, 945, 722], [464, 930, 725, 763], [726, 838, 949, 902], [248, 736, 643, 793, 683, 796, 707, 585, 532, 453], [581, 640, 694, 583, 746, 652, 729, 669, 638, 758], [526, 1000, 762, 951], [80, 233, 776, 690, 761, 232, 534, 700], [293, 480, 1000, 782, 919, 986, 951, 822, 947], [148, 768, 904, 906, 460, 882, 797, 705, 787], [419, 865, 676, 874, 779, 849, 788, 891, 829, 730, 621, 677], [59, 512, 728, 798, 771, 723, 156, 599], [216, 691, 603, 803], [682, 940, 862, 809, 916, 899, 818, 635], [715, 902, 876, 827, 800], [302, 772, 843, 738, 845, 879, 693, 703, 416, 482, 786], [749, 846, 888, 939, 855], [473, 609, 866, 816, 857, 659, 789, 853, 791, 889, 764, 868, 752, 548], [863, 998, 985, 867, 875], [214, 799, 946, 871, 414], [490, 835, 708, 774, 518, 713, 873, 686, 760, 600, 850, 572], [14, 987, 837, 898, 821], [380, 945, 980, 903, 775], [321, 963, 934, 625, 522, 785, 914, 757, 767, 924, 605, 886, 983], [715, 902, 917, 912, 949], [965, 994, 971, 925, 981, 966], [831, 997, 991, 880, 989, 935], [692, 943, 986, 951, 933, 919], [421, 994, 610, 965, 966, 905, 971, 942, 626, 948, 604, 981, 958, 778], [617, 897, 783, 826, 859, 957], [822, 951, 919, 986, 961, 947], [828, 962, 968, 832, 974, 972], [747, 928, 901, 959, 979, 872], [748, 989, 991, 984, 858, 887], [478, 997, 991, 880, 988, 887], [317, 970, 939, 936, 811, 992]]
len of cliques:  58
length of seeds:  58
seeds:  [[473, 609, 866, 816, 857, 659, 789, 853, 791, 889, 764, 868, 752, 548], [421, 994, 610, 965, 966, 905, 971, 942, 626, 948, 604, 981, 958, 778], [321, 963, 934, 625, 522, 785, 914, 757, 767, 924, 605, 886, 983], [419, 865, 676, 874, 779, 849, 788, 891, 829, 730, 621, 677], [490, 835, 708, 774, 518, 713, 873, 686, 760, 600, 850, 572], [425, 897, 666, 718, 783, 501, 826, 698, 859, 637, 561], [302, 772, 843, 738, 845, 879, 693, 703, 416, 482, 786], [248, 736, 643, 793, 683, 796, 707, 585, 532, 453], [581, 640, 694, 583, 746, 652, 729, 669, 638, 758], [359, 651, 648, 555, 495, 571, 528, 584, 428], [100, 580, 619, 684, 623, 691, 348, 566, 432], [293, 480, 1000, 782, 919, 986, 951, 822, 947], [148, 768, 904, 906, 460, 882, 797, 705, 787], [210, 710, 487, 653, 814, 595, 784, 568], [171, 390, 808, 688, 654, 323, 509, 670], [80, 233, 776, 690, 761, 232, 534, 700], [59, 512, 728, 798, 771, 723, 156, 599], [682, 940, 862, 809, 916, 899, 818, 635], [6, 808, 390, 688, 654, 362, 541], [630, 737, 663, 848, 860, 717], [965, 994, 971, 925, 981, 966], [831, 997, 991, 880, 989, 935], [692, 943, 986, 951, 933, 919], [617, 897, 783, 826, 859, 957], [822, 951, 919, 986, 961, 947], [828, 962, 968, 832, 974, 972], [747, 928, 901, 959, 979, 872], [748, 989, 991, 984, 858, 887], [478, 997, 991, 880, 988, 887], [317, 970, 939, 936, 811, 992], [715, 902, 876, 827, 800], [749, 846, 888, 939, 855], [863, 998, 985, 867, 875], [214, 799, 946, 871, 414], [14, 987, 837, 898, 821], [380, 945, 980, 903, 775], [715, 902, 917, 912, 949], [612, 994, 971, 981], [540, 912, 949, 696], [403, 808, 688, 719], [67, 952, 945, 722], [464, 930, 725, 763], [726, 838, 949, 902], [526, 1000, 762, 951], [216, 691, 603, 803], [111, 829, 991], [220, 902, 949], [555, 571, 249], [151, 291, 594], [500, 909, 401], [413, 837, 987], [507, 928, 969], [511, 833, 910], [549, 706, 978], [297, 946, 570], [588, 993, 862], [318, 602, 987], [667, 704, 689]]
seeds_fitness [0.45614035087719296, 0.3479923518164436, 0.3795620437956204, 0.37393767705382436, 0.416403785488959, 0.37800687285223367, 0.3618421052631579, 0.36885245901639346, 0.33088235294117646, 0.3850267379679144, 0.37894736842105264, 0.1509433962264151, 0.2188449848024316, 0.25225225225225223, 0.28426395939086296, 0.2731707317073171, 0.25225225225225223, 0.1339712918660287, 0.21875, 0.08902077151335312, 0.05870841487279843, 0.04830917874396135, 0.049586776859504134, 0.08595988538681948, 0.04926108374384237, 0.05454545454545454, 0.04792332268370607, 0.05405405405405406, 0.050933786078098474, 0.042735042735042736, 0.05934718100890208, 0.042643923240938165, 0.033277870216306155, 0.055865921787709494, 0.03802281368821293, 0.044642857142857144, 0.04672897196261682, 0.030226700251889168, 0.03571428571428571, 0.055299539170506916, 0.0316622691292876, 0.0375, 0.03550295857988166, 0.02569593147751606, 0.06030150753768844, 0.011560693641618497, 0.020833333333333332, 0.041666666666666664, 0.045112781954887216, 0.02702702702702703, 0.018018018018018018, 0.01405152224824356, 0.02575107296137339, 0.01680672268907563, 0.021897810218978103, 0.014251781472684086, 0.019417475728155338, 0.03488372093023256]
after sort list of tuple: [(0, 0.45614035087719296), (4, 0.416403785488959), (9, 0.3850267379679144), (2, 0.3795620437956204), (10, 0.37894736842105264), (5, 0.37800687285223367), (3, 0.37393767705382436), (7, 0.36885245901639346), (6, 0.3618421052631579), (1, 0.3479923518164436), (8, 0.33088235294117646), (14, 0.28426395939086296), (15, 0.2731707317073171), (13, 0.25225225225225223), (16, 0.25225225225225223), (12, 0.2188449848024316), (18, 0.21875), (11, 0.1509433962264151), (17, 0.1339712918660287), (19, 0.08902077151335312), (23, 0.08595988538681948), (44, 0.06030150753768844), (30, 0.05934718100890208), (20, 0.05870841487279843), (33, 0.055865921787709494), (39, 0.055299539170506916), (25, 0.05454545454545454), (27, 0.05405405405405406), (28, 0.050933786078098474), (22, 0.049586776859504134), (24, 0.04926108374384237), (21, 0.04830917874396135), (26, 0.04792332268370607), (36, 0.04672897196261682), (48, 0.045112781954887216), (35, 0.044642857142857144), (29, 0.042735042735042736), (31, 0.042643923240938165), (47, 0.041666666666666664), (34, 0.03802281368821293), (41, 0.0375), (38, 0.03571428571428571), (42, 0.03550295857988166), (57, 0.03488372093023256), (32, 0.033277870216306155), (40, 0.0316622691292876), (37, 0.030226700251889168), (49, 0.02702702702702703), (52, 0.02575107296137339), (43, 0.02569593147751606), (54, 0.021897810218978103), (46, 0.020833333333333332), (56, 0.019417475728155338), (50, 0.018018018018018018), (53, 0.01680672268907563), (55, 0.014251781472684086), (51, 0.01405152224824356), (45, 0.011560693641618497)]
seeds_sorted [[473, 609, 866, 816, 857, 659, 789, 853, 791, 889, 764, 868, 752, 548], [490, 835, 708, 774, 518, 713, 873, 686, 760, 600, 850, 572], [359, 651, 648, 555, 495, 571, 528, 584, 428], [321, 963, 934, 625, 522, 785, 914, 757, 767, 924, 605, 886, 983], [100, 580, 619, 684, 623, 691, 348, 566, 432], [425, 897, 666, 718, 783, 501, 826, 698, 859, 637, 561], [419, 865, 676, 874, 779, 849, 788, 891, 829, 730, 621, 677], [248, 736, 643, 793, 683, 796, 707, 585, 532, 453], [302, 772, 843, 738, 845, 879, 693, 703, 416, 482, 786], [421, 994, 610, 965, 966, 905, 971, 942, 626, 948, 604, 981, 958, 778], [581, 640, 694, 583, 746, 652, 729, 669, 638, 758], [171, 390, 808, 688, 654, 323, 509, 670], [80, 233, 776, 690, 761, 232, 534, 700], [210, 710, 487, 653, 814, 595, 784, 568], [59, 512, 728, 798, 771, 723, 156, 599], [148, 768, 904, 906, 460, 882, 797, 705, 787], [6, 808, 390, 688, 654, 362, 541], [293, 480, 1000, 782, 919, 986, 951, 822, 947], [682, 940, 862, 809, 916, 899, 818, 635], [630, 737, 663, 848, 860, 717], [617, 897, 783, 826, 859, 957], [216, 691, 603, 803], [715, 902, 876, 827, 800], [965, 994, 971, 925, 981, 966], [214, 799, 946, 871, 414], [403, 808, 688, 719], [828, 962, 968, 832, 974, 972], [748, 989, 991, 984, 858, 887], [478, 997, 991, 880, 988, 887], [692, 943, 986, 951, 933, 919], [822, 951, 919, 986, 961, 947], [831, 997, 991, 880, 989, 935], [747, 928, 901, 959, 979, 872], [715, 902, 917, 912, 949], [151, 291, 594], [380, 945, 980, 903, 775], [317, 970, 939, 936, 811, 992], [749, 846, 888, 939, 855], [555, 571, 249], [14, 987, 837, 898, 821], [464, 930, 725, 763], [540, 912, 949, 696], [726, 838, 949, 902], [667, 704, 689], [863, 998, 985, 867, 875], [67, 952, 945, 722], [612, 994, 971, 981], [500, 909, 401], [511, 833, 910], [526, 1000, 762, 951], [297, 946, 570], [220, 902, 949], [318, 602, 987], [413, 837, 987], [549, 706, 978], [588, 993, 862], [507, 928, 969], [111, 829, 991]]
args__________ ([[473, 609, 866, 816, 857, 659, 789, 853, 791, 889, 764, 868, 752, 548], [111, 829, 991]],)
args__________ ([[490, 835, 708, 774, 518, 713, 873, 686, 760, 600, 850, 572], [507, 928, 969]],)
args__________ ([[359, 651, 648, 555, 495, 571, 528, 584, 428], [588, 993, 862]],)
args__________ ([[321, 963, 934, 625, 522, 785, 914, 757, 767, 924, 605, 886, 983], [549, 706, 978]],)
args__________ ([[100, 580, 619, 684, 623, 691, 348, 566, 432], [413, 837, 987]],)
args__________ ([[425, 897, 666, 718, 783, 501, 826, 698, 859, 637, 561], [318, 602, 987]],)
args__________ ([[419, 865, 676, 874, 779, 849, 788, 891, 829, 730, 621, 677], [220, 902, 949]],)
args__________ ([[248, 736, 643, 793, 683, 796, 707, 585, 532, 453], [297, 946, 570]],)
args__________ ([[302, 772, 843, 738, 845, 879, 693, 703, 416, 482, 786], [526, 1000, 762, 951]],)
args__________ ([[421, 994, 610, 965, 966, 905, 971, 942, 626, 948, 604, 981, 958, 778], [511, 833, 910]],)
args__________ ([[581, 640, 694, 583, 746, 652, 729, 669, 638, 758], [500, 909, 401]],)
args__________ ([[171, 390, 808, 688, 654, 323, 509, 670], [612, 994, 971, 981]],)
args__________ ([[80, 233, 776, 690, 761, 232, 534, 700], [67, 952, 945, 722]],)
args__________ ([[210, 710, 487, 653, 814, 595, 784, 568], [863, 998, 985, 867, 875]],)
args__________ ([[59, 512, 728, 798, 771, 723, 156, 599], [667, 704, 689]],)
args__________ ([[148, 768, 904, 906, 460, 882, 797, 705, 787], [726, 838, 949, 902]],)
args__________ ([[6, 808, 390, 688, 654, 362, 541], [540, 912, 949, 696]],)
args__________ ([[293, 480, 1000, 782, 919, 986, 951, 822, 947], [464, 930, 725, 763]],)
args__________ ([[682, 940, 862, 809, 916, 899, 818, 635], [14, 987, 837, 898, 821]],)
args__________ ([[630, 737, 663, 848, 860, 717], [555, 571, 249]],)
args__________ ([[617, 897, 783, 826, 859, 957], [749, 846, 888, 939, 855]],)
args__________ ([[216, 691, 603, 803], [317, 970, 939, 936, 811, 992]],)
args__________ ([[715, 902, 876, 827, 800], [380, 945, 980, 903, 775]],)
args__________ ([[965, 994, 971, 925, 981, 966], [151, 291, 594]],)
args__________ ([[214, 799, 946, 871, 414], [715, 902, 917, 912, 949]],)
args__________ ([[403, 808, 688, 719], [747, 928, 901, 959, 979, 872]],)
args__________ ([[828, 962, 968, 832, 974, 972]],)
args__________ ([[748, 989, 991, 984, 858, 887]],)
args__________ ([[478, 997, 991, 880, 988, 887]],)
args__________ ([[692, 943, 986, 951, 933, 919]],)
args__________ ([[822, 951, 919, 986, 961, 947]],)
args__________ ([[831, 997, 991, 880, 989, 935]],)
finish process___________________
seed_node 990
seed_community:  [641, 391, 911, 407, 282, 29, 159, 931, 685, 54, 824, 186, 828, 832, 962, 968, 974, 720, 211, 342, 990, 224, 611, 489, 374, 378]
seed_node 982
seed_community:  [129, 470, 777, 941, 281, 920, 921, 543, 544, 176, 937, 299, 300, 429, 47, 944, 305, 820, 288, 325, 812, 977, 851, 982, 601, 735, 878, 381, 383]
seed_node 973
seed_community:  [386, 899, 44, 907, 268, 655, 402, 20, 537, 809, 682, 940, 175, 560, 818, 87, 187, 556, 973, 852, 471, 732, 349, 862, 741, 993, 996, 485, 103, 368, 629, 759, 916, 635]
seed_node 960
seed_community:  [257, 137, 13, 142, 658, 405, 790, 26, 158, 43, 433, 831, 960, 457, 458, 858, 989, 478, 991, 997, 618, 748, 750, 880, 754, 499, 887, 106, 895]
seed_node 923
seed_community:  [131, 261, 909, 913, 660, 21, 662, 154, 923, 884, 773, 116, 424, 180, 181, 56, 569, 954, 194, 964, 596, 215, 856, 739, 657, 105, 240, 881, 500, 121, 890, 894]
seed_node 918
seed_community:  [515, 901, 646, 647, 781, 918, 278, 409, 665, 928, 673, 805, 875, 819, 950, 699, 701, 830, 959, 711, 969, 459, 81, 985, 477, 734, 863, 97, 998, 104, 747, 872, 510]
seed_node 908
seed_community:  [513, 135, 520, 908, 706, 400, 145, 18, 404, 792, 415, 290, 37, 807, 296, 301, 307, 309, 310, 955, 956, 702, 450, 196, 839, 207, 978, 66, 86, 218, 350, 679, 995, 999, 743, 239, 885]
seed_node 896
seed_community:  [896, 129, 470, 300, 941, 921, 920, 281, 543, 544, 176, 937, 299, 812, 429, 47, 944, 305, 820, 777, 288, 325, 977, 851, 982, 601, 735, 871, 878, 381, 383]
seed_node 864
seed_community:  [257, 137, 13, 142, 658, 405, 790, 26, 158, 43, 433, 831, 457, 458, 858, 989, 478, 991, 864, 997, 106, 748, 750, 880, 754, 499, 887, 618, 895]
seed_node 847
seed_community:  [128, 902, 492, 140, 912, 150, 24, 540, 542, 800, 173, 815, 949, 190, 449, 715, 838, 329, 587, 76, 461, 847, 221, 357, 876, 241, 242, 372, 375]
seed_node 795
seed_community:  [768, 769, 904, 649, 906, 787, 148, 411, 797, 795, 420, 882, 115, 60, 138, 63, 705, 199, 203, 460, 339, 597, 225, 235, 365, 497, 370, 755, 118, 766]
seed_node 804
seed_community:  [260, 389, 276, 406, 804, 753, 48, 563, 192, 578, 586, 82, 724, 344, 96, 354, 614, 744, 367, 496, 616, 632, 122]
seed_node 806
seed_community:  [6, 654, 273, 403, 541, 670, 34, 390, 806, 808, 41, 171, 688, 49, 193, 323, 222, 351, 362, 238, 245, 119, 634, 509]
seed_node 780
seed_community:  [641, 391, 780, 911, 407, 282, 29, 159, 931, 685, 54, 824, 186, 828, 832, 962, 968, 974, 720, 211, 342, 984, 224, 611, 489, 374, 378]
seed_node 733
seed_community:  [528, 733, 651, 68, 359, 392, 584, 202, 555, 428, 398, 495, 208, 648, 253, 155, 53, 11, 571, 443]
seed_node 742
seed_community:  [644, 65, 139, 14, 538, 414, 799, 672, 294, 297, 810, 430, 946, 821, 927, 318, 577, 837, 967, 456, 204, 467, 214, 987, 483, 228, 869, 742, 938]
seed_node 745
seed_community:  [515, 901, 646, 647, 781, 278, 665, 409, 928, 673, 805, 875, 819, 950, 699, 701, 830, 959, 711, 969, 459, 81, 985, 477, 734, 863, 97, 998, 872, 745, 747, 104, 510]
seed_node 712
seed_community:  [768, 769, 904, 649, 906, 787, 148, 411, 797, 420, 370, 115, 60, 138, 63, 705, 199, 712, 203, 460, 339, 597, 225, 235, 365, 497, 882, 755, 118, 766]
seed_node 697
seed_community:  [774, 8, 270, 28, 30, 287, 518, 686, 695, 697, 572, 330, 835, 708, 713, 74, 590, 850, 85, 600, 873, 490, 109, 254, 760, 382]
seed_node 664
seed_community:  [644, 65, 139, 14, 664, 538, 414, 927, 672, 294, 297, 810, 430, 946, 821, 799, 318, 577, 837, 967, 456, 204, 467, 214, 987, 483, 228, 869, 938]
seed_node 675
seed_community:  [3, 776, 394, 271, 661, 534, 151, 418, 675, 39, 700, 690, 439, 314, 188, 448, 327, 80, 594, 232, 233, 376, 761]
seed_node 681
seed_community:  [246, 322, 132, 5, 681, 565, 396, 546, 437, 624, 209, 469, 438, 631, 152, 408, 125, 277]
seed_node 645
seed_community:  [645, 524, 269, 915, 794, 671, 929, 162, 292, 550, 168, 687, 953, 836, 197, 71, 72, 844, 930, 206, 975, 464, 854, 57, 731, 988, 236, 366, 883, 373, 763, 765, 127]
seed_node 608
seed_community:  [641, 391, 911, 917, 407, 282, 29, 159, 931, 685, 54, 824, 186, 828, 832, 224, 962, 968, 974, 720, 211, 342, 608, 611, 489, 374, 378]
seed_node 558
seed_community:  [264, 905, 778, 16, 558, 285, 709, 421, 942, 948, 444, 958, 451, 965, 966, 971, 994, 981, 331, 604, 352, 610, 251, 363, 620, 494, 626, 446, 123, 508, 126]
seed_node 559
seed_community:  [131, 261, 909, 657, 660, 21, 662, 154, 884, 773, 424, 500, 559, 180, 181, 56, 569, 954, 194, 964, 596, 215, 856, 739, 913, 105, 240, 881, 116, 121, 890, 894]
seed_node 576
seed_community:  [900, 775, 650, 656, 535, 516, 922, 422, 945, 179, 564, 184, 315, 576, 67, 454, 714, 972, 98, 976, 952, 980, 598, 346, 226, 124, 234, 628, 380]
seed_node 514
seed_community:  [514, 939, 770, 149, 932, 165, 936, 553, 170, 811, 817, 51, 311, 970, 582, 200, 841, 842, 465, 83, 855, 345, 94, 992, 749, 317, 756, 888, 633, 893, 639]
seed_node 531
seed_community:  [3, 776, 394, 271, 531, 661, 534, 151, 418, 700, 39, 690, 439, 314, 188, 448, 327, 80, 594, 232, 233, 376, 761]
seed_node 545
seed_community:  [770, 939, 149, 545, 932, 165, 936, 553, 170, 811, 817, 51, 311, 970, 582, 200, 841, 842, 465, 83, 855, 345, 988, 94, 749, 317, 756, 888, 633, 893, 639]
seed_node 547
seed_community:  [641, 391, 911, 407, 282, 29, 159, 547, 685, 54, 824, 186, 828, 832, 962, 968, 974, 720, 931, 342, 224, 611, 489, 211, 374, 378]
seed_node 474
seed_community:  [641, 391, 911, 407, 282, 29, 159, 931, 685, 54, 824, 186, 828, 832, 962, 968, 974, 720, 211, 342, 474, 224, 611, 489, 374, 378]
seed_node 506
seed_community:  [774, 8, 270, 28, 30, 287, 518, 686, 695, 572, 330, 835, 708, 713, 74, 590, 850, 85, 600, 873, 490, 109, 382, 760, 506, 254]
seed_node 435
seed_community:  [131, 261, 909, 913, 660, 21, 662, 154, 884, 773, 116, 424, 435, 180, 181, 56, 569, 954, 194, 964, 596, 215, 856, 739, 657, 105, 240, 881, 500, 121, 890, 894]
seed_node 441
seed_community:  [515, 901, 646, 647, 781, 278, 665, 409, 928, 673, 805, 747, 819, 950, 441, 699, 701, 830, 959, 711, 969, 459, 81, 985, 477, 734, 863, 97, 998, 872, 875, 104, 510]
seed_node 452
seed_community:  [770, 811, 264, 905, 778, 16, 149, 285, 709, 932, 165, 936, 553, 170, 939, 942, 817, 51, 948, 311, 444, 842, 446, 451, 452, 965, 582, 200, 841, 970, 971, 994, 465, 83, 981, 855, 966, 345, 331, 604, 94, 421, 352, 610, 123, 612, 363, 620, 749, 494, 317, 626, 756, 958, 888, 633, 251, 508, 893, 126, 639]
seed_node 361
seed_community:  [128, 902, 876, 140, 912, 150, 24, 540, 542, 800, 173, 815, 949, 190, 449, 715, 838, 329, 587, 76, 461, 221, 357, 361, 492, 241, 242, 372, 375]
seed_node 371
seed_community:  [264, 905, 778, 16, 285, 709, 421, 942, 948, 444, 958, 451, 965, 966, 971, 994, 981, 331, 604, 352, 610, 251, 363, 620, 494, 626, 371, 446, 123, 508, 126]
seed_node 385
seed_community:  [385, 524, 269, 915, 794, 671, 929, 162, 292, 550, 168, 687, 57, 960, 836, 197, 71, 72, 844, 930, 206, 975, 464, 854, 953, 731, 236, 366, 883, 373, 763, 765, 127]
seed_node 388
seed_community:  [516, 775, 650, 656, 535, 388, 900, 922, 422, 945, 179, 564, 952, 315, 67, 454, 714, 226, 976, 184, 980, 598, 346, 992, 98, 380, 234, 628, 124]
seed_node 306
seed_community:  [524, 269, 915, 794, 671, 929, 162, 292, 550, 168, 687, 306, 57, 836, 197, 71, 72, 844, 930, 206, 975, 464, 854, 953, 731, 236, 366, 883, 373, 763, 765, 127]
seed_node 316
seed_community:  [513, 387, 17, 135, 520, 307, 919, 525, 782, 400, 145, 18, 404, 22, 23, 792, 218, 415, 32, 801, 290, 37, 807, 296, 554, 301, 947, 692, 309, 310, 823, 955, 316, 445, 702, 64, 706, 196, 822, 839, 31, 951, 207, 450, 978, 66, 84, 526, 86, 986, 476, 861, 350, 293, 480, 995, 484, 101, 358, 743, 1000, 956, 679, 364, 493, 239, 885, 933, 999, 213]
seed_node 333
seed_community:  [524, 269, 915, 794, 671, 929, 930, 292, 550, 40, 687, 57, 836, 197, 71, 72, 844, 162, 206, 333, 464, 854, 953, 731, 975, 236, 366, 168, 883, 373, 763, 765, 127]
seed_node 223
seed_community:  [129, 470, 300, 941, 281, 920, 921, 543, 288, 176, 937, 299, 812, 429, 47, 944, 305, 820, 777, 223, 544, 325, 977, 851, 982, 601, 735, 878, 381, 383]
seed_node 250
seed_community:  [131, 261, 909, 657, 660, 21, 662, 154, 884, 773, 116, 424, 180, 181, 56, 569, 954, 194, 964, 596, 215, 856, 250, 739, 913, 105, 240, 881, 500, 121, 890, 894]
seed_node 255
seed_community:  [524, 269, 915, 21, 918, 794, 31, 929, 930, 292, 550, 40, 687, 57, 671, 836, 197, 71, 72, 844, 162, 206, 975, 464, 854, 953, 731, 127, 236, 366, 168, 883, 373, 763, 765, 255]
seed_node 256
seed_community:  [256, 770, 811, 149, 932, 165, 936, 553, 170, 939, 817, 51, 311, 970, 582, 200, 841, 842, 465, 83, 855, 345, 94, 749, 317, 756, 888, 633, 893, 639]
seed_node 265
seed_community:  [265, 524, 269, 915, 794, 671, 929, 162, 292, 550, 168, 687, 57, 836, 197, 71, 72, 844, 930, 206, 975, 464, 854, 953, 731, 236, 366, 883, 373, 763, 765, 127]
seed_node 266
seed_community:  [264, 905, 266, 16, 146, 285, 709, 421, 942, 178, 948, 444, 778, 958, 451, 965, 966, 971, 994, 981, 331, 604, 352, 610, 251, 363, 620, 494, 626, 446, 123, 508, 126]
seed_node 133
seed_community:  [512, 771, 133, 262, 529, 283, 156, 798, 674, 36, 426, 567, 59, 73, 466, 723, 341, 599, 472, 479, 486, 728, 112, 243, 503]
seed_node 143
seed_community:  [132, 5, 396, 143, 152, 277, 408, 546, 681, 565, 438, 184, 437, 322, 196, 209, 469, 988, 624, 246, 631, 125]
seed_node 163
seed_community:  [770, 811, 149, 163, 932, 165, 936, 553, 170, 939, 817, 51, 311, 970, 582, 200, 841, 842, 465, 83, 855, 345, 94, 992, 749, 317, 756, 888, 633, 893, 639]
seed_node 189
seed_community:  [644, 65, 139, 14, 538, 414, 927, 672, 294, 297, 810, 430, 946, 821, 799, 189, 318, 577, 837, 967, 456, 204, 467, 214, 987, 483, 228, 869, 938]
seed_node 10
seed_community:  [10, 524, 269, 915, 794, 671, 929, 162, 292, 550, 168, 687, 57, 836, 197, 71, 72, 844, 930, 206, 975, 464, 854, 953, 731, 236, 366, 883, 373, 763, 765, 127]
seed_node 46
seed_community:  [264, 905, 778, 16, 942, 285, 709, 421, 46, 948, 444, 958, 451, 965, 966, 971, 610, 981, 331, 604, 352, 994, 123, 363, 620, 494, 626, 446, 251, 508, 126]
seed_node 61
seed_community:  [644, 133, 577, 139, 14, 538, 414, 927, 672, 294, 297, 810, 430, 946, 821, 799, 61, 318, 65, 837, 967, 456, 204, 467, 214, 987, 483, 228, 869, 938]
seed_node 69
seed_community:  [644, 65, 139, 14, 538, 414, 69, 672, 294, 297, 810, 430, 946, 821, 927, 318, 799, 577, 837, 967, 456, 204, 467, 214, 987, 483, 228, 869, 938]
seed_node 77
seed_community:  [768, 769, 904, 649, 138, 787, 148, 411, 797, 420, 370, 115, 60, 906, 63, 705, 199, 203, 460, 77, 339, 597, 225, 235, 365, 497, 882, 755, 118, 766]
seed_node 79
seed_community:  [644, 577, 139, 14, 538, 414, 799, 672, 294, 297, 938, 430, 946, 821, 927, 318, 65, 837, 967, 456, 204, 79, 467, 214, 987, 483, 228, 869, 810]
seed_node 91
seed_community:  [3, 776, 394, 271, 661, 534, 151, 418, 700, 39, 690, 439, 314, 188, 448, 327, 80, 594, 91, 232, 233, 376, 761]
seed_node 95
seed_community:  [644, 65, 139, 14, 538, 414, 799, 672, 294, 297, 810, 430, 946, 821, 927, 318, 577, 837, 967, 456, 204, 467, 214, 987, 95, 483, 228, 869, 938]
i =  0 [642, 857, 659, 789, 791, 548, 816, 55, 313, 336, 212, 853, 377, 473, 90, 92, 606, 609, 866, 868, 102, 615, 107, 752, 502, 889, 379, 764]
i =  1 [4, 779, 13, 788, 405, 26, 419, 676, 677, 678, 433, 552, 43, 557, 177, 185, 829, 455, 332, 334, 721, 730, 991, 481, 230, 849, 874, 621, 110, 111, 117, 247, 891, 106, 865]
i =  2 [774, 8, 270, 28, 30, 287, 518, 686, 695, 572, 330, 835, 708, 713, 74, 590, 850, 85, 600, 873, 490, 109, 254, 760, 382]
i =  3 [515, 901, 646, 647, 781, 278, 665, 409, 928, 673, 805, 747, 819, 950, 699, 701, 830, 959, 711, 969, 459, 81, 985, 477, 734, 863, 97, 998, 104, 875, 872, 507, 510]
i =  4 [253, 208, 555, 68, 359, 392, 202, 651, 428, 398, 495, 528, 584, 648, 155, 53, 11, 571, 443]
i =  5 [386, 899, 940, 907, 268, 655, 402, 20, 537, 809, 682, 44, 175, 560, 818, 87, 187, 556, 588, 852, 471, 732, 349, 862, 485, 993, 996, 741, 103, 368, 629, 759, 916, 635]
i =  6 [522, 15, 785, 914, 924, 934, 50, 52, 321, 963, 324, 75, 504, 983, 217, 475, 605, 356, 231, 360, 625, 757, 886, 120, 767]
i =  7 [513, 135, 520, 66, 400, 145, 18, 404, 792, 415, 290, 549, 679, 296, 301, 743, 307, 309, 310, 955, 956, 702, 450, 196, 839, 207, 978, 86, 706, 218, 350, 37, 995, 999, 807, 239, 885]
i =  8 [580, 38, 167, 619, 684, 237, 623, 432, 113, 274, 562, 691, 566, 183, 216, 100, 603, 348, 157, 575]
i =  9 [644, 65, 139, 14, 538, 413, 414, 799, 672, 294, 297, 810, 430, 946, 821, 927, 318, 577, 837, 967, 456, 204, 467, 214, 987, 483, 228, 869, 938]
i =  10 [897, 2, 263, 393, 783, 279, 153, 666, 425, 7, 172, 174, 431, 561, 826, 198, 718, 337, 859, 698, 99, 617, 501, 252, 637]
i =  11 [644, 577, 139, 14, 538, 414, 799, 672, 294, 297, 810, 430, 946, 821, 927, 318, 65, 837, 967, 456, 204, 467, 214, 602, 987, 483, 228, 869, 938]
i =  12 [4, 779, 788, 419, 676, 677, 678, 552, 557, 177, 185, 829, 455, 332, 334, 721, 730, 865, 230, 849, 874, 621, 110, 481, 117, 247, 891]
i =  13 [128, 902, 492, 140, 912, 150, 24, 25, 540, 542, 800, 173, 815, 949, 190, 449, 715, 838, 329, 587, 76, 461, 220, 221, 357, 876, 241, 242, 372, 375]
i =  14 [643, 267, 141, 532, 793, 796, 286, 417, 164, 423, 683, 45, 447, 707, 453, 585, 205, 88, 736, 108, 369, 248, 505]
i =  15 [644, 65, 139, 14, 538, 414, 799, 672, 294, 297, 810, 430, 946, 821, 570, 927, 318, 577, 837, 967, 456, 204, 467, 214, 987, 483, 228, 869, 938]
i =  16 [772, 517, 136, 482, 530, 280, 284, 416, 551, 42, 302, 304, 693, 182, 703, 70, 843, 845, 462, 340, 89, 347, 353, 738, 786, 879]
i =  17 [387, 919, 525, 782, 17, 22, 23, 31, 32, 801, 933, 554, 947, 692, 822, 823, 526, 445, 64, 951, 84, 213, 986, 476, 861, 293, 480, 484, 101, 358, 1000, 364, 493, 762]
i =  18 [264, 905, 778, 16, 285, 709, 421, 942, 948, 444, 446, 451, 965, 966, 971, 610, 981, 331, 604, 352, 994, 123, 363, 620, 494, 626, 958, 251, 508, 126]
i =  19 [397, 910, 272, 19, 668, 160, 427, 813, 308, 442, 833, 834, 195, 335, 592, 58, 227, 229, 892, 877, 622, 636, 511]
i =  20 [640, 1, 258, 9, 523, 652, 275, 410, 669, 298, 694, 62, 191, 581, 583, 78, 593, 468, 727, 729, 746, 114, 758, 319, 638]
i =  21 [131, 261, 909, 913, 660, 21, 662, 657, 154, 884, 773, 424, 500, 180, 181, 56, 569, 954, 194, 964, 596, 215, 856, 739, 401, 105, 240, 881, 116, 121, 890, 894]
i =  22 [6, 654, 273, 403, 541, 670, 34, 390, 808, 41, 171, 688, 49, 193, 323, 222, 351, 362, 238, 245, 119, 634, 509]
i =  23 [264, 905, 778, 16, 285, 965, 421, 942, 948, 444, 958, 451, 709, 966, 971, 610, 981, 331, 604, 352, 994, 123, 612, 363, 620, 494, 626, 446, 251, 508, 126]
i =  24 [3, 776, 394, 271, 661, 534, 151, 418, 700, 39, 690, 439, 314, 188, 448, 327, 80, 594, 232, 233, 376, 761]
i =  25 [516, 775, 650, 656, 535, 900, 922, 422, 945, 179, 564, 952, 315, 67, 454, 714, 226, 976, 184, 722, 980, 598, 346, 98, 380, 234, 628, 124]
i =  26 [384, 259, 12, 653, 399, 144, 147, 27, 35, 166, 814, 568, 573, 710, 716, 589, 210, 595, 219, 784, 355, 613, 487, 244]
i =  27 [515, 901, 646, 647, 781, 278, 409, 665, 928, 673, 805, 747, 819, 950, 699, 701, 830, 959, 711, 969, 459, 81, 985, 477, 734, 863, 97, 867, 998, 872, 875, 104, 510]
i =  28 [512, 771, 262, 529, 283, 156, 798, 674, 36, 426, 567, 59, 73, 466, 723, 341, 599, 472, 479, 486, 728, 112, 243, 503]
i =  29 [704, 33, 579, 326, 161, 488, 169, 295, 491, 303, 689, 498, 627, 533, 343, 536, 667, 412, 539]
i =  30 [768, 769, 904, 649, 906, 787, 148, 411, 797, 420, 882, 755, 60, 138, 63, 705, 199, 203, 460, 339, 597, 225, 235, 365, 497, 370, 115, 118, 766]
i =  31 [128, 902, 492, 140, 912, 150, 24, 540, 542, 800, 173, 815, 949, 190, 449, 715, 838, 329, 587, 76, 461, 726, 221, 357, 876, 241, 242, 372, 375]
i =  32 [6, 654, 273, 403, 541, 670, 34, 390, 808, 41, 171, 688, 49, 193, 323, 222, 351, 362, 238, 245, 119, 634, 509]
i =  33 [128, 902, 876, 140, 912, 150, 24, 540, 542, 800, 173, 815, 949, 696, 190, 449, 715, 838, 329, 587, 76, 461, 221, 357, 492, 241, 242, 372, 375]
i =  34 [387, 23, 525, 782, 17, 22, 919, 31, 32, 801, 293, 554, 947, 692, 822, 823, 445, 64, 951, 84, 526, 986, 476, 861, 933, 480, 484, 101, 358, 1000, 364, 493, 213]
i =  35 [524, 269, 915, 794, 671, 929, 930, 292, 550, 168, 687, 57, 836, 197, 71, 72, 844, 162, 206, 975, 464, 725, 854, 953, 731, 236, 366, 883, 373, 763, 765, 127]
i =  36 [386, 899, 44, 907, 268, 655, 402, 20, 537, 809, 682, 940, 175, 560, 818, 87, 187, 556, 852, 471, 732, 349, 862, 485, 993, 996, 741, 103, 368, 629, 759, 916, 635]
i =  37 [898, 644, 65, 139, 14, 538, 414, 799, 672, 294, 297, 810, 430, 946, 821, 927, 318, 577, 837, 967, 456, 204, 467, 214, 987, 483, 228, 869, 938]
i =  38 [130, 134, 519, 521, 395, 527, 663, 926, 289, 802, 680, 328, 434, 436, 440, 825, 574, 320, 840, 201, 717, 463, 848, 312, 338, 591, 860, 93, 607, 737, 740, 870, 751, 630]
i =  39 [208, 555, 68, 571, 359, 392, 202, 11, 428, 398, 495, 528, 584, 443, 648, 651, 249, 155, 253, 53]
i =  40 [897, 2, 7, 393, 783, 279, 153, 666, 425, 263, 172, 174, 431, 561, 826, 957, 198, 718, 337, 859, 698, 99, 617, 501, 252, 637]
i =  41 [770, 939, 149, 932, 165, 936, 553, 170, 811, 817, 51, 311, 970, 582, 200, 841, 842, 846, 465, 83, 855, 345, 94, 749, 317, 756, 888, 633, 893, 639]
i =  42 [803, 580, 38, 167, 619, 684, 237, 623, 432, 113, 274, 562, 691, 566, 183, 216, 100, 603, 348, 157, 575]
i =  43 [770, 811, 149, 932, 165, 936, 553, 170, 939, 817, 51, 311, 970, 582, 200, 841, 842, 465, 83, 855, 345, 94, 992, 749, 317, 756, 888, 633, 893, 639]
i =  44 [128, 902, 492, 140, 912, 150, 24, 540, 542, 800, 173, 815, 949, 827, 190, 449, 715, 838, 329, 587, 76, 461, 221, 357, 876, 241, 242, 372, 375]
i =  45 [516, 775, 650, 656, 535, 900, 922, 422, 903, 945, 179, 564, 184, 315, 67, 454, 714, 226, 976, 952, 980, 598, 346, 98, 380, 234, 628, 124]
i =  46 [264, 905, 778, 16, 285, 709, 421, 942, 925, 948, 444, 958, 451, 965, 966, 971, 610, 981, 331, 604, 352, 994, 123, 363, 620, 494, 626, 446, 251, 508, 126]
i =  47 [3, 776, 394, 271, 188, 661, 534, 151, 418, 291, 39, 690, 439, 314, 700, 448, 327, 80, 594, 232, 233, 376, 761]
i =  48 [644, 65, 139, 14, 538, 414, 927, 672, 294, 297, 810, 430, 946, 821, 799, 318, 577, 837, 967, 456, 204, 467, 214, 987, 483, 228, 869, 871, 938]
i =  49 [128, 902, 492, 140, 912, 917, 150, 24, 540, 542, 800, 173, 815, 949, 190, 449, 715, 838, 329, 587, 76, 461, 221, 357, 876, 241, 242, 372, 375]
i =  50 [390, 654, 273, 403, 541, 670, 34, 6, 808, 41, 171, 688, 49, 193, 323, 719, 222, 351, 362, 238, 245, 119, 634, 509]
i =  51 [515, 901, 646, 647, 781, 278, 665, 409, 928, 673, 805, 875, 819, 950, 699, 701, 830, 959, 711, 969, 459, 81, 979, 985, 477, 734, 863, 97, 998, 872, 747, 104, 510]
i =  52 [641, 391, 911, 407, 282, 29, 159, 931, 685, 54, 824, 186, 828, 832, 962, 968, 972, 974, 720, 211, 342, 224, 611, 489, 374, 378]
i =  53 [257, 137, 13, 142, 658, 405, 790, 26, 158, 43, 433, 831, 457, 458, 984, 858, 989, 478, 991, 997, 618, 748, 750, 880, 754, 499, 887, 106, 895]
i =  54 [257, 137, 13, 142, 658, 405, 790, 26, 158, 43, 433, 831, 457, 458, 858, 988, 989, 478, 991, 997, 106, 748, 750, 880, 754, 499, 887, 618, 895]
i =  55 [387, 919, 525, 782, 17, 22, 23, 31, 32, 801, 293, 554, 943, 947, 692, 822, 823, 445, 64, 951, 84, 526, 986, 476, 861, 933, 480, 484, 101, 358, 1000, 364, 493, 213]
i =  56 [387, 23, 525, 782, 17, 22, 919, 31, 32, 801, 293, 554, 947, 692, 822, 823, 445, 64, 961, 951, 84, 526, 986, 476, 861, 933, 480, 484, 101, 358, 1000, 364, 493, 213]
i =  57 [257, 137, 13, 142, 658, 405, 790, 26, 158, 935, 43, 433, 831, 457, 458, 858, 989, 478, 991, 997, 106, 748, 750, 880, 754, 499, 887, 618, 895]
i =  58 [641, 391, 911, 407, 282, 29, 159, 931, 685, 54, 824, 186, 828, 832, 962, 968, 974, 720, 211, 342, 990, 224, 611, 489, 374, 378]
i =  59 [129, 470, 777, 941, 281, 920, 921, 543, 544, 176, 937, 299, 300, 429, 47, 944, 305, 820, 288, 325, 812, 977, 851, 982, 601, 735, 878, 381, 383]
i =  60 [386, 899, 44, 907, 268, 655, 402, 20, 537, 809, 682, 940, 175, 560, 818, 87, 187, 556, 973, 852, 471, 732, 349, 862, 741, 993, 996, 485, 103, 368, 629, 759, 916, 635]
i =  61 [257, 137, 13, 142, 658, 405, 790, 26, 158, 43, 433, 831, 960, 457, 458, 858, 989, 478, 991, 997, 618, 748, 750, 880, 754, 499, 887, 106, 895]
i =  62 [131, 261, 909, 913, 660, 21, 662, 154, 923, 884, 773, 116, 424, 180, 181, 56, 569, 954, 194, 964, 596, 215, 856, 739, 657, 105, 240, 881, 500, 121, 890, 894]
i =  63 [515, 901, 646, 647, 781, 918, 278, 409, 665, 928, 673, 805, 875, 819, 950, 699, 701, 830, 959, 711, 969, 459, 81, 985, 477, 734, 863, 97, 998, 104, 747, 872, 510]
i =  64 [513, 135, 520, 908, 706, 400, 145, 18, 404, 792, 415, 290, 37, 807, 296, 301, 307, 309, 310, 955, 956, 702, 450, 196, 839, 207, 978, 66, 86, 218, 350, 679, 995, 999, 743, 239, 885]
i =  65 [896, 129, 470, 300, 941, 921, 920, 281, 543, 544, 176, 937, 299, 812, 429, 47, 944, 305, 820, 777, 288, 325, 977, 851, 982, 601, 735, 871, 878, 381, 383]
i =  66 [257, 137, 13, 142, 658, 405, 790, 26, 158, 43, 433, 831, 457, 458, 858, 989, 478, 991, 864, 997, 106, 748, 750, 880, 754, 499, 887, 618, 895]
i =  67 [128, 902, 492, 140, 912, 150, 24, 540, 542, 800, 173, 815, 949, 190, 449, 715, 838, 329, 587, 76, 461, 847, 221, 357, 876, 241, 242, 372, 375]
i =  68 [768, 769, 904, 649, 906, 787, 148, 411, 797, 795, 420, 882, 115, 60, 138, 63, 705, 199, 203, 460, 339, 597, 225, 235, 365, 497, 370, 755, 118, 766]
i =  69 [260, 389, 276, 406, 804, 753, 48, 563, 192, 578, 586, 82, 724, 344, 96, 354, 614, 744, 367, 496, 616, 632, 122]
i =  70 [6, 654, 273, 403, 541, 670, 34, 390, 806, 808, 41, 171, 688, 49, 193, 323, 222, 351, 362, 238, 245, 119, 634, 509]
i =  71 [641, 391, 780, 911, 407, 282, 29, 159, 931, 685, 54, 824, 186, 828, 832, 962, 968, 974, 720, 211, 342, 984, 224, 611, 489, 374, 378]
i =  72 [528, 733, 651, 68, 359, 392, 584, 202, 555, 428, 398, 495, 208, 648, 253, 155, 53, 11, 571, 443]
i =  73 [644, 65, 139, 14, 538, 414, 799, 672, 294, 297, 810, 430, 946, 821, 927, 318, 577, 837, 967, 456, 204, 467, 214, 987, 483, 228, 869, 742, 938]
i =  74 [515, 901, 646, 647, 781, 278, 665, 409, 928, 673, 805, 875, 819, 950, 699, 701, 830, 959, 711, 969, 459, 81, 985, 477, 734, 863, 97, 998, 872, 745, 747, 104, 510]
i =  75 [768, 769, 904, 649, 906, 787, 148, 411, 797, 420, 370, 115, 60, 138, 63, 705, 199, 712, 203, 460, 339, 597, 225, 235, 365, 497, 882, 755, 118, 766]
i =  76 [774, 8, 270, 28, 30, 287, 518, 686, 695, 697, 572, 330, 835, 708, 713, 74, 590, 850, 85, 600, 873, 490, 109, 254, 760, 382]
i =  77 [644, 65, 139, 14, 664, 538, 414, 927, 672, 294, 297, 810, 430, 946, 821, 799, 318, 577, 837, 967, 456, 204, 467, 214, 987, 483, 228, 869, 938]
i =  78 [3, 776, 394, 271, 661, 534, 151, 418, 675, 39, 700, 690, 439, 314, 188, 448, 327, 80, 594, 232, 233, 376, 761]
i =  79 [246, 322, 132, 5, 681, 565, 396, 546, 437, 624, 209, 469, 438, 631, 152, 408, 125, 277]
i =  80 [645, 524, 269, 915, 794, 671, 929, 162, 292, 550, 168, 687, 953, 836, 197, 71, 72, 844, 930, 206, 975, 464, 854, 57, 731, 988, 236, 366, 883, 373, 763, 765, 127]
i =  81 [641, 391, 911, 917, 407, 282, 29, 159, 931, 685, 54, 824, 186, 828, 832, 224, 962, 968, 974, 720, 211, 342, 608, 611, 489, 374, 378]
i =  82 [264, 905, 778, 16, 558, 285, 709, 421, 942, 948, 444, 958, 451, 965, 966, 971, 994, 981, 331, 604, 352, 610, 251, 363, 620, 494, 626, 446, 123, 508, 126]
i =  83 [131, 261, 909, 657, 660, 21, 662, 154, 884, 773, 424, 500, 559, 180, 181, 56, 569, 954, 194, 964, 596, 215, 856, 739, 913, 105, 240, 881, 116, 121, 890, 894]
i =  84 [900, 775, 650, 656, 535, 516, 922, 422, 945, 179, 564, 184, 315, 576, 67, 454, 714, 972, 98, 976, 952, 980, 598, 346, 226, 124, 234, 628, 380]
i =  85 [514, 939, 770, 149, 932, 165, 936, 553, 170, 811, 817, 51, 311, 970, 582, 200, 841, 842, 465, 83, 855, 345, 94, 992, 749, 317, 756, 888, 633, 893, 639]
i =  86 [3, 776, 394, 271, 531, 661, 534, 151, 418, 700, 39, 690, 439, 314, 188, 448, 327, 80, 594, 232, 233, 376, 761]
i =  87 [770, 939, 149, 545, 932, 165, 936, 553, 170, 811, 817, 51, 311, 970, 582, 200, 841, 842, 465, 83, 855, 345, 988, 94, 749, 317, 756, 888, 633, 893, 639]
i =  88 [641, 391, 911, 407, 282, 29, 159, 547, 685, 54, 824, 186, 828, 832, 962, 968, 974, 720, 931, 342, 224, 611, 489, 211, 374, 378]
i =  89 [641, 391, 911, 407, 282, 29, 159, 931, 685, 54, 824, 186, 828, 832, 962, 968, 974, 720, 211, 342, 474, 224, 611, 489, 374, 378]
i =  90 [774, 8, 270, 28, 30, 287, 518, 686, 695, 572, 330, 835, 708, 713, 74, 590, 850, 85, 600, 873, 490, 109, 382, 760, 506, 254]
i =  91 [131, 261, 909, 913, 660, 21, 662, 154, 884, 773, 116, 424, 435, 180, 181, 56, 569, 954, 194, 964, 596, 215, 856, 739, 657, 105, 240, 881, 500, 121, 890, 894]
i =  92 [515, 901, 646, 647, 781, 278, 665, 409, 928, 673, 805, 747, 819, 950, 441, 699, 701, 830, 959, 711, 969, 459, 81, 985, 477, 734, 863, 97, 998, 872, 875, 104, 510]
i =  93 [770, 811, 264, 905, 778, 16, 149, 285, 709, 932, 165, 936, 553, 170, 939, 942, 817, 51, 948, 311, 444, 842, 446, 451, 452, 965, 582, 200, 841, 970, 971, 994, 465, 83, 981, 855, 966, 345, 331, 604, 94, 421, 352, 610, 123, 612, 363, 620, 749, 494, 317, 626, 756, 958, 888, 633, 251, 508, 893, 126, 639]
i =  94 [128, 902, 876, 140, 912, 150, 24, 540, 542, 800, 173, 815, 949, 190, 449, 715, 838, 329, 587, 76, 461, 221, 357, 361, 492, 241, 242, 372, 375]
i =  95 [264, 905, 778, 16, 285, 709, 421, 942, 948, 444, 958, 451, 965, 966, 971, 994, 981, 331, 604, 352, 610, 251, 363, 620, 494, 626, 371, 446, 123, 508, 126]
i =  96 [385, 524, 269, 915, 794, 671, 929, 162, 292, 550, 168, 687, 57, 960, 836, 197, 71, 72, 844, 930, 206, 975, 464, 854, 953, 731, 236, 366, 883, 373, 763, 765, 127]
i =  97 [516, 775, 650, 656, 535, 388, 900, 922, 422, 945, 179, 564, 952, 315, 67, 454, 714, 226, 976, 184, 980, 598, 346, 992, 98, 380, 234, 628, 124]
i =  98 [524, 269, 915, 794, 671, 929, 162, 292, 550, 168, 687, 306, 57, 836, 197, 71, 72, 844, 930, 206, 975, 464, 854, 953, 731, 236, 366, 883, 373, 763, 765, 127]
i =  99 [513, 387, 17, 135, 520, 307, 919, 525, 782, 400, 145, 18, 404, 22, 23, 792, 218, 415, 32, 801, 290, 37, 807, 296, 554, 301, 947, 692, 309, 310, 823, 955, 316, 445, 702, 64, 706, 196, 822, 839, 31, 951, 207, 450, 978, 66, 84, 526, 86, 986, 476, 861, 350, 293, 480, 995, 484, 101, 358, 743, 1000, 956, 679, 364, 493, 239, 885, 933, 999, 213]
i =  100 [524, 269, 915, 794, 671, 929, 930, 292, 550, 40, 687, 57, 836, 197, 71, 72, 844, 162, 206, 333, 464, 854, 953, 731, 975, 236, 366, 168, 883, 373, 763, 765, 127]
i =  101 [129, 470, 300, 941, 281, 920, 921, 543, 288, 176, 937, 299, 812, 429, 47, 944, 305, 820, 777, 223, 544, 325, 977, 851, 982, 601, 735, 878, 381, 383]
i =  102 [131, 261, 909, 657, 660, 21, 662, 154, 884, 773, 116, 424, 180, 181, 56, 569, 954, 194, 964, 596, 215, 856, 250, 739, 913, 105, 240, 881, 500, 121, 890, 894]
i =  103 [524, 269, 915, 21, 918, 794, 31, 929, 930, 292, 550, 40, 687, 57, 671, 836, 197, 71, 72, 844, 162, 206, 975, 464, 854, 953, 731, 127, 236, 366, 168, 883, 373, 763, 765, 255]
i =  104 [256, 770, 811, 149, 932, 165, 936, 553, 170, 939, 817, 51, 311, 970, 582, 200, 841, 842, 465, 83, 855, 345, 94, 749, 317, 756, 888, 633, 893, 639]
i =  105 [265, 524, 269, 915, 794, 671, 929, 162, 292, 550, 168, 687, 57, 836, 197, 71, 72, 844, 930, 206, 975, 464, 854, 953, 731, 236, 366, 883, 373, 763, 765, 127]
i =  106 [264, 905, 266, 16, 146, 285, 709, 421, 942, 178, 948, 444, 778, 958, 451, 965, 966, 971, 994, 981, 331, 604, 352, 610, 251, 363, 620, 494, 626, 446, 123, 508, 126]
i =  107 [512, 771, 133, 262, 529, 283, 156, 798, 674, 36, 426, 567, 59, 73, 466, 723, 341, 599, 472, 479, 486, 728, 112, 243, 503]
i =  108 [132, 5, 396, 143, 152, 277, 408, 546, 681, 565, 438, 184, 437, 322, 196, 209, 469, 988, 624, 246, 631, 125]
i =  109 [770, 811, 149, 163, 932, 165, 936, 553, 170, 939, 817, 51, 311, 970, 582, 200, 841, 842, 465, 83, 855, 345, 94, 992, 749, 317, 756, 888, 633, 893, 639]
i =  110 [644, 65, 139, 14, 538, 414, 927, 672, 294, 297, 810, 430, 946, 821, 799, 189, 318, 577, 837, 967, 456, 204, 467, 214, 987, 483, 228, 869, 938]
i =  111 [10, 524, 269, 915, 794, 671, 929, 162, 292, 550, 168, 687, 57, 836, 197, 71, 72, 844, 930, 206, 975, 464, 854, 953, 731, 236, 366, 883, 373, 763, 765, 127]
i =  112 [264, 905, 778, 16, 942, 285, 709, 421, 46, 948, 444, 958, 451, 965, 966, 971, 610, 981, 331, 604, 352, 994, 123, 363, 620, 494, 626, 446, 251, 508, 126]
i =  113 [644, 133, 577, 139, 14, 538, 414, 927, 672, 294, 297, 810, 430, 946, 821, 799, 61, 318, 65, 837, 967, 456, 204, 467, 214, 987, 483, 228, 869, 938]
i =  114 [644, 65, 139, 14, 538, 414, 69, 672, 294, 297, 810, 430, 946, 821, 927, 318, 799, 577, 837, 967, 456, 204, 467, 214, 987, 483, 228, 869, 938]
i =  115 [768, 769, 904, 649, 138, 787, 148, 411, 797, 420, 370, 115, 60, 906, 63, 705, 199, 203, 460, 77, 339, 597, 225, 235, 365, 497, 882, 755, 118, 766]
i =  116 [644, 577, 139, 14, 538, 414, 799, 672, 294, 297, 938, 430, 946, 821, 927, 318, 65, 837, 967, 456, 204, 79, 467, 214, 987, 483, 228, 869, 810]
i =  117 [3, 776, 394, 271, 661, 534, 151, 418, 700, 39, 690, 439, 314, 188, 448, 327, 80, 594, 91, 232, 233, 376, 761]
i =  118 [644, 65, 139, 14, 538, 414, 799, 672, 294, 297, 810, 430, 946, 821, 927, 318, 577, 837, 967, 456, 204, 467, 214, 987, 95, 483, 228, 869, 938]
finish get all communities
complete deal_communities
commplete get_all_nature_community
----------------------------------The detection result is: 

all communities: 
i =  1 : [55, 90, 92, 102, 107, 212, 313, 336, 377, 379, 473, 502, 548, 606, 609, 615, 642, 659, 752, 764, 789, 791, 816, 853, 857, 866, 868, 889]
i =  2 : [4, 13, 26, 43, 106, 110, 111, 117, 177, 185, 230, 247, 332, 334, 405, 419, 433, 455, 481, 552, 557, 621, 676, 677, 678, 721, 730, 779, 788, 829, 849, 865, 874, 891, 991]
i =  3 : [15, 50, 52, 75, 120, 217, 231, 321, 324, 356, 360, 475, 504, 522, 605, 625, 757, 767, 785, 886, 914, 924, 934, 963, 983]
i =  4 : [45, 88, 108, 141, 164, 205, 248, 267, 286, 369, 417, 423, 447, 453, 505, 532, 585, 643, 683, 707, 736, 793, 796]
i =  5 : [42, 70, 89, 136, 182, 280, 284, 302, 304, 340, 347, 353, 416, 462, 482, 517, 530, 551, 693, 703, 738, 772, 786, 843, 845, 879]
i =  6 : [19, 58, 160, 195, 227, 229, 272, 308, 335, 397, 427, 442, 511, 592, 622, 636, 668, 813, 833, 834, 877, 892, 910]
i =  7 : [1, 9, 62, 78, 114, 191, 258, 275, 298, 319, 410, 468, 523, 581, 583, 593, 638, 640, 652, 669, 694, 727, 729, 746, 758]
i =  8 : [12, 27, 35, 144, 147, 166, 210, 219, 244, 259, 355, 384, 399, 487, 568, 573, 589, 595, 613, 653, 710, 716, 784, 814]
i =  9 : [33, 161, 169, 295, 303, 326, 343, 412, 488, 491, 498, 533, 536, 539, 579, 627, 667, 689, 704]
i =  10 : [93, 130, 134, 201, 289, 312, 320, 328, 338, 395, 434, 436, 440, 463, 519, 521, 527, 574, 591, 607, 630, 663, 680, 717, 737, 740, 751, 802, 825, 840, 848, 860, 870, 926]
i =  11 : [2, 7, 99, 153, 172, 174, 198, 252, 263, 279, 337, 393, 425, 431, 501, 561, 617, 637, 666, 698, 718, 783, 826, 859, 897, 957]
i =  12 : [38, 100, 113, 157, 167, 183, 216, 237, 274, 348, 432, 562, 566, 575, 580, 603, 619, 623, 684, 691, 803]
i =  13 : [48, 82, 96, 122, 192, 260, 276, 344, 354, 367, 389, 406, 496, 563, 578, 586, 614, 616, 632, 724, 744, 753, 804]
i =  14 : [16, 51, 83, 94, 123, 126, 149, 165, 170, 200, 251, 264, 285, 311, 317, 331, 345, 352, 363, 421, 444, 446, 451, 452, 465, 494, 508, 553, 582, 604, 610, 612, 620, 626, 633, 639, 709, 749, 756, 770, 778, 811, 817, 841, 842, 855, 888, 893, 905, 932, 936, 939, 942, 948, 958, 965, 966, 970, 971, 981, 994]
i =  15 : [17, 18, 22, 23, 31, 32, 37, 64, 66, 84, 86, 101, 135, 145, 196, 207, 213, 218, 239, 290, 293, 296, 301, 307, 309, 310, 316, 350, 358, 364, 387, 400, 404, 415, 445, 450, 476, 480, 484, 493, 513, 520, 525, 526, 554, 679, 692, 702, 706, 743, 782, 792, 801, 807, 822, 823, 839, 861, 885, 919, 933, 947, 951, 955, 956, 978, 986, 995, 999, 1000]
i =  16 : [36, 59, 73, 112, 133, 156, 243, 262, 283, 341, 426, 466, 472, 479, 486, 503, 512, 529, 567, 599, 674, 723, 728, 771, 798]
i =  17 : [5, 125, 132, 143, 152, 184, 196, 209, 246, 277, 322, 396, 408, 437, 438, 469, 546, 565, 624, 631, 681, 988]
i =  18 : [20, 44, 87, 103, 175, 187, 268, 349, 368, 386, 402, 471, 485, 537, 556, 560, 588, 629, 635, 655, 682, 732, 741, 759, 809, 818, 852, 862, 899, 907, 916, 940, 973, 993, 996]
i =  19 : [18, 37, 66, 86, 135, 145, 196, 207, 218, 239, 290, 296, 301, 307, 309, 310, 350, 400, 404, 415, 450, 513, 520, 549, 679, 702, 706, 743, 792, 807, 839, 885, 908, 955, 956, 978, 995, 999]
i =  20 : [11, 53, 68, 155, 202, 208, 249, 253, 359, 392, 398, 428, 443, 495, 528, 555, 571, 584, 648, 651, 733]
i =  21 : [6, 34, 41, 49, 119, 171, 193, 222, 238, 245, 273, 323, 351, 362, 390, 403, 509, 541, 634, 654, 670, 688, 719, 806, 808]
i =  22 : [47, 129, 176, 223, 281, 288, 299, 300, 305, 325, 381, 383, 429, 470, 543, 544, 601, 735, 777, 812, 820, 851, 871, 878, 896, 920, 921, 937, 941, 944, 977, 982]
i =  23 : [8, 28, 30, 74, 85, 109, 254, 270, 287, 330, 382, 490, 506, 518, 572, 590, 600, 686, 695, 697, 708, 713, 760, 774, 835, 850, 873]
i =  24 : [17, 22, 23, 31, 32, 64, 84, 101, 213, 293, 358, 364, 387, 445, 476, 480, 484, 493, 525, 526, 554, 692, 762, 782, 801, 822, 823, 861, 919, 933, 943, 947, 951, 961, 986, 1000]
i =  25 : [60, 63, 77, 115, 118, 138, 148, 199, 203, 225, 235, 339, 365, 370, 411, 420, 460, 497, 597, 649, 705, 712, 755, 766, 768, 769, 787, 795, 797, 882, 904, 906]
i =  26 : [67, 98, 124, 179, 184, 226, 234, 315, 346, 380, 388, 422, 454, 516, 535, 564, 576, 598, 628, 650, 656, 714, 722, 775, 900, 903, 922, 945, 952, 972, 976, 980, 992]
i =  27 : [3, 39, 80, 91, 151, 188, 232, 233, 271, 291, 314, 327, 376, 394, 418, 439, 448, 531, 534, 594, 661, 675, 690, 700, 761, 776]
i =  28 : [21, 56, 105, 116, 121, 131, 154, 180, 181, 194, 215, 240, 250, 261, 401, 424, 435, 500, 559, 569, 596, 657, 660, 662, 739, 773, 856, 881, 884, 890, 894, 909, 913, 923, 954, 964]
i =  29 : [51, 83, 94, 149, 163, 165, 170, 200, 256, 311, 317, 345, 465, 514, 545, 553, 582, 633, 639, 749, 756, 770, 811, 817, 841, 842, 846, 855, 888, 893, 932, 936, 939, 970, 988, 992]
i =  30 : [16, 46, 123, 126, 146, 178, 251, 264, 266, 285, 331, 352, 363, 371, 421, 444, 446, 451, 494, 508, 558, 604, 610, 620, 626, 709, 778, 905, 925, 942, 948, 958, 965, 966, 971, 981, 994]
i =  31 : [13, 26, 43, 106, 137, 142, 158, 257, 405, 433, 457, 458, 478, 499, 618, 658, 748, 750, 754, 790, 831, 858, 864, 880, 887, 895, 935, 960, 984, 988, 989, 991, 997]
i =  32 : [81, 97, 104, 278, 409, 441, 459, 477, 507, 510, 515, 646, 647, 665, 673, 699, 701, 711, 734, 745, 747, 781, 805, 819, 830, 863, 867, 872, 875, 901, 918, 928, 950, 959, 969, 979, 985, 998]
i =  33 : [29, 54, 159, 186, 211, 224, 282, 342, 374, 378, 391, 407, 474, 489, 547, 608, 611, 641, 685, 720, 780, 824, 828, 832, 911, 917, 931, 962, 968, 972, 974, 984, 990]
i =  34 : [24, 25, 76, 128, 140, 150, 173, 190, 220, 221, 241, 242, 329, 357, 361, 372, 375, 449, 461, 492, 540, 542, 587, 696, 715, 726, 800, 815, 827, 838, 847, 876, 902, 912, 917, 949]
i =  35 : [10, 21, 31, 40, 57, 71, 72, 127, 162, 168, 197, 206, 236, 255, 265, 269, 292, 306, 333, 366, 373, 385, 464, 524, 550, 645, 671, 687, 725, 731, 763, 765, 794, 836, 844, 854, 883, 915, 918, 929, 930, 953, 960, 975, 988]
i =  36 : [14, 61, 65, 69, 79, 95, 133, 139, 189, 204, 214, 228, 294, 297, 318, 413, 414, 430, 456, 467, 483, 538, 570, 577, 602, 644, 664, 672, 742, 799, 810, 821, 837, 869, 871, 898, 927, 938, 946, 967, 987]
overlapping nodes are:  [13, 16, 17, 18, 21, 22, 23, 26, 31, 32, 37, 43, 51, 64, 66, 83, 84, 86, 94, 101, 106, 123, 126, 133, 135, 145, 149, 165, 170, 184, 196, 200, 207, 213, 218, 239, 251, 264, 285, 290, 293, 296, 301, 307, 309, 310, 311, 317, 331, 345, 350, 352, 358, 363, 364, 387, 400, 404, 405, 415, 421, 433, 444, 445, 446, 450, 451, 465, 476, 480, 484, 493, 494, 508, 513, 520, 525, 526, 553, 554, 582, 604, 610, 620, 626, 633, 639, 679, 692, 702, 706, 709, 743, 749, 756, 770, 778, 782, 792, 801, 807, 811, 817, 822, 823, 839, 841, 842, 855, 861, 871, 885, 888, 893, 905, 917, 918, 919, 932, 933, 936, 939, 942, 947, 948, 951, 955, 956, 958, 960, 965, 966, 970, 971, 972, 978, 981, 984, 986, 988, 991, 992, 994, 995, 999, 1000] 
 NOO is:  146
total time is:  268.88052392
