lens of ground_truth:  22
ground_truth is: [[26, 47, 73, 103, 117, 121, 129, 156, 167, 170, 195, 201, 213, 227, 234, 245, 249, 276, 293, 294, 310, 345, 354, 363, 368, 386, 396, 426, 436, 465, 477, 479, 485, 487, 491, 535, 555, 606, 625, 648, 649, 700, 728, 754, 808, 848, 851, 857, 861, 891, 907, 908, 915, 919, 923, 933, 940, 955, 960, 968, 969], [22, 32, 33, 50, 52, 62, 77, 99, 119, 123, 130, 136, 140, 141, 152, 153, 168, 188, 225, 232, 246, 248, 273, 279, 311, 313, 316, 330, 341, 364, 371, 391, 394, 400, 439, 456, 460, 462, 467, 471, 473, 484, 492, 504, 505, 531, 537, 551, 598, 638, 643, 657, 699, 718, 752, 753, 772, 774, 792, 807, 811, 814, 817, 837, 849, 853, 862, 870, 871, 875, 901, 911, 914, 957, 963, 978, 993, 996], [18, 109, 125, 126, 154, 174, 198, 231, 275, 452, 510, 514, 547, 597, 628, 639, 739, 776, 782, 796], [7, 56, 120, 208, 215, 216, 254, 256, 257, 258, 277, 300, 356, 390, 429, 453, 486, 525, 529, 549, 641, 689, 733, 759, 802, 813, 829, 937, 943, 947, 951, 956], [84, 86, 100, 230, 236, 274, 325, 340, 397, 427, 461, 464, 515, 524, 534, 536, 671, 751, 788, 795, 812, 881, 925, 950, 970], [27, 49, 70, 189, 298, 336, 342, 347, 360, 382, 405, 407, 408, 424, 450, 469, 488, 509, 565, 570, 590, 611, 626, 672, 673, 674, 680, 748, 781, 912], [6, 37, 38, 57, 58, 65, 66, 80, 88, 95, 114, 124, 135, 165, 185, 199, 209, 214, 221, 224, 260, 287, 306, 324, 344, 351, 357, 418, 421, 443, 483, 501, 511, 517, 552, 562, 563, 619, 640, 668, 675, 710, 711, 712, 743, 778, 787, 797, 800, 839, 865, 877, 900, 903, 909, 921, 929, 935, 961, 988], [23, 31, 104, 149, 177, 194, 207, 210, 219, 262, 284, 296, 319, 333, 348, 350, 361, 388, 416, 431, 446, 474, 489, 493, 507, 513, 540, 608, 620, 623, 651, 652, 678, 742, 777, 779, 785, 791, 818, 825, 833, 841, 858, 905, 922, 936], [28, 116, 122, 196, 211, 226, 244, 259, 272, 358, 365, 369, 415, 417, 539, 580, 585, 664, 679, 734, 749, 831, 844, 882, 904, 999], [14, 43, 44, 68, 74, 76, 89, 146, 186, 190, 193, 212, 218, 267, 269, 295, 297, 303, 315, 320, 322, 359, 362, 433, 437, 440, 441, 490, 506, 543, 582, 613, 624, 667, 676, 694, 706, 740, 741, 757, 767, 773, 822, 873, 886, 895, 896, 898, 918, 934], [1, 16, 20, 53, 96, 106, 110, 142, 159, 166, 171, 176, 187, 192, 220, 242, 264, 266, 309, 317, 334, 355, 366, 381, 404, 497, 527, 530, 559, 560, 592, 599, 602, 609, 617, 644, 686, 714, 716, 736, 761, 810, 832, 835, 843, 890, 913, 917, 948, 954, 958, 967, 971], [13, 25, 79, 172, 180, 206, 238, 291, 343, 378, 414, 423, 435, 499, 521, 594, 659, 687, 688, 701, 709, 724, 730, 801, 863, 869, 899, 945, 946], [15, 34, 63, 72, 85, 87, 105, 133, 145, 147, 157, 179, 240, 337, 392, 410, 422, 522, 548, 579, 583, 588, 784, 790, 826, 830, 846, 850, 859, 868, 953, 965, 995], [24, 42, 69, 97, 101, 113, 138, 263, 289, 305, 331, 375, 399, 470, 481, 512, 558, 573, 578, 605, 618, 627, 719, 766, 821, 834, 842, 847, 944, 972, 989], [30, 51, 78, 92, 143, 169, 181, 217, 301, 328, 332, 380, 403, 420, 472, 480, 546, 568, 576, 581, 589, 603, 616, 633, 634, 681, 698, 735, 789, 804, 845, 878, 926, 998], [9, 17, 39, 91, 94, 132, 139, 155, 161, 163, 175, 229, 233, 235, 252, 261, 286, 290, 304, 321, 323, 349, 393, 406, 419, 425, 428, 430, 442, 445, 448, 451, 516, 519, 533, 541, 545, 553, 556, 566, 574, 593, 595, 621, 622, 630, 635, 637, 647, 661, 662, 666, 682, 684, 693, 695, 703, 737, 745, 765, 793, 794, 809, 820, 824, 828, 852, 854, 860, 866, 867, 879, 883, 885, 887, 888, 902, 916, 920, 930, 931, 932, 939, 941, 949, 962, 976, 977, 979, 981, 987, 990, 994], [8, 81, 83, 108, 115, 134, 137, 158, 204, 250, 265, 278, 288, 312, 314, 326, 370, 385, 387, 411, 438, 449, 459, 468, 475, 526, 532, 542, 557, 564, 575, 584, 591, 596, 610, 645, 650, 677, 704, 707, 760, 783, 874, 893, 894, 927, 973, 992], [2, 3, 98, 191, 203, 299, 318, 339, 367, 384, 398, 413, 500, 561, 601, 646, 658, 685, 691, 715, 762, 768, 786, 816, 823, 827, 985], [4, 19, 107, 118, 162, 202, 243, 253, 292, 327, 335, 346, 353, 379, 389, 434, 454, 458, 466, 538, 586, 654, 660, 663, 697, 720, 727, 731, 764, 770, 803, 836, 884, 983], [55, 60, 144, 160, 205, 239, 241, 271, 307, 376, 463, 496, 520, 554, 600, 614, 615, 636, 708, 717, 732, 756, 771, 805, 819, 856, 906, 924, 928], [21, 54, 61, 90, 112, 127, 131, 148, 150, 151, 164, 173, 184, 237, 255, 268, 270, 283, 302, 373, 409, 476, 478, 495, 502, 508, 528, 544, 567, 577, 665, 669, 692, 713, 721, 722, 763, 798, 855, 880, 892, 938, 952, 959, 980, 986, 997, 1000], [5, 10, 11, 12, 29, 35, 36, 40, 41, 45, 46, 48, 59, 64, 67, 71, 75, 82, 93, 102, 111, 128, 178, 182, 183, 197, 200, 222, 223, 228, 247, 251, 280, 281, 282, 285, 308, 329, 338, 352, 372, 374, 377, 383, 395, 401, 402, 412, 432, 444, 447, 455, 457, 482, 494, 498, 503, 518, 523, 550, 569, 571, 572, 587, 604, 607, 612, 629, 631, 632, 642, 653, 655, 656, 670, 683, 690, 696, 702, 705, 723, 725, 726, 729, 738, 744, 746, 747, 750, 755, 758, 769, 775, 780, 799, 806, 815, 838, 840, 864, 872, 876, 889, 897, 910, 942, 964, 966, 974, 975, 982, 984, 991]]
nodes: [42, 51, 98, 103, 119, 126, 141, 212, 257, 264, 311, 325, 333, 369, 379, 404, 412, 419, 438, 465, 516, 538, 567, 572, 587, 590, 599, 620, 635, 653, 696, 712, 747, 763, 767, 837, 868, 900, 915, 924, 964] num of nodes:  41
[[42, 289, 842, 834, 263, 605], [30, 143, 845, 380, 51, 589], [2, 816, 299, 339, 367, 98, 786], [103, 387, 704, 204, 591], [119, 130, 862, 911], [18, 126, 174, 275, 452], [33, 330, 875, 141], [212, 706, 297, 582], [208, 486, 257, 641, 947, 759, 216, 937], [96, 264, 592, 843, 560, 686], [92, 845, 380, 311], [100, 524, 325, 812, 534], [206, 659, 291, 333, 945], [116, 369, 272, 259, 211, 904, 415], [107, 434, 458, 884, 162, 764, 379], [16, 644, 967, 404], [45, 412, 67, 183], [173, 419, 883, 949], [134, 704, 438, 8, 204, 564], [156, 465, 26, 276], [516, 695, 931, 765], [107, 434, 458, 346, 202, 538, 389], [164, 173, 577, 528, 986, 567], [75, 143, 444, 572], [11, 587, 434, 374], [49, 590, 781, 565, 680, 672, 347], [110, 592, 644, 599, 810], [23, 489, 742, 620, 905], [229, 574, 994, 635], [653, 726, 897, 889], [93, 696, 942, 247], [6, 114, 712, 675, 260], [591, 747, 758, 910], [713, 938, 763, 952, 855, 959], [146, 322, 934, 767], [33, 837, 875, 531], [72, 410, 422, 868, 179, 157, 133], [221, 900, 877, 675, 443], [201, 915, 234, 649, 293], [60, 924, 307, 376], [251, 964, 503, 729]]
len of cliques:  41
length of seeds:  41
seeds:  [[208, 486, 257, 641, 947, 759, 216, 937], [2, 816, 299, 339, 367, 98, 786], [116, 369, 272, 259, 211, 904, 415], [107, 434, 458, 884, 162, 764, 379], [107, 434, 458, 346, 202, 538, 389], [49, 590, 781, 565, 680, 672, 347], [72, 410, 422, 868, 179, 157, 133], [42, 289, 842, 834, 263, 605], [30, 143, 845, 380, 51, 589], [96, 264, 592, 843, 560, 686], [134, 704, 438, 8, 204, 564], [164, 173, 577, 528, 986, 567], [713, 938, 763, 952, 855, 959], [103, 387, 704, 204, 591], [18, 126, 174, 275, 452], [100, 524, 325, 812, 534], [206, 659, 291, 333, 945], [110, 592, 644, 599, 810], [23, 489, 742, 620, 905], [6, 114, 712, 675, 260], [221, 900, 877, 675, 443], [201, 915, 234, 649, 293], [119, 130, 862, 911], [33, 330, 875, 141], [212, 706, 297, 582], [92, 845, 380, 311], [16, 644, 967, 404], [45, 412, 67, 183], [173, 419, 883, 949], [156, 465, 26, 276], [516, 695, 931, 765], [75, 143, 444, 572], [11, 587, 434, 374], [229, 574, 994, 635], [653, 726, 897, 889], [93, 696, 942, 247], [591, 747, 758, 910], [146, 322, 934, 767], [33, 837, 875, 531], [60, 924, 307, 376], [251, 964, 503, 729]]
seeds_fitness [0.06466512702078522, 0.06930693069306931, 0.08536585365853659, 0.06051873198847262, 0.0594059405940594, 0.0711864406779661, 0.05817174515235457, 0.06109979633401222, 0.052083333333333336, 0.043041606886657105, 0.042492917847025496, 0.05649717514124294, 0.04207573632538569, 0.03184713375796178, 0.07722007722007722, 0.08620689655172414, 0.029895366218236172, 0.041407867494824016, 0.036101083032490974, 0.04081632653061224, 0.04405286343612335, 0.03577817531305903, 0.04332129963898917, 0.02912621359223301, 0.05, 0.027586206896551724, 0.05741626794258373, 0.02575107296137339, 0.02214022140221402, 0.03614457831325301, 0.02666666666666667, 0.0234375, 0.01702127659574468, 0.043478260869565216, 0.027149321266968326, 0.03260869565217391, 0.026200873362445413, 0.038461538461538464, 0.028037383177570093, 0.056074766355140186, 0.021937842778793418]
after sort list of tuple: [(15, 0.08620689655172414), (2, 0.08536585365853659), (14, 0.07722007722007722), (5, 0.0711864406779661), (1, 0.06930693069306931), (0, 0.06466512702078522), (7, 0.06109979633401222), (3, 0.06051873198847262), (4, 0.0594059405940594), (6, 0.05817174515235457), (26, 0.05741626794258373), (11, 0.05649717514124294), (39, 0.056074766355140186), (8, 0.052083333333333336), (24, 0.05), (20, 0.04405286343612335), (33, 0.043478260869565216), (22, 0.04332129963898917), (9, 0.043041606886657105), (10, 0.042492917847025496), (12, 0.04207573632538569), (17, 0.041407867494824016), (19, 0.04081632653061224), (37, 0.038461538461538464), (29, 0.03614457831325301), (18, 0.036101083032490974), (21, 0.03577817531305903), (35, 0.03260869565217391), (13, 0.03184713375796178), (16, 0.029895366218236172), (23, 0.02912621359223301), (38, 0.028037383177570093), (25, 0.027586206896551724), (34, 0.027149321266968326), (30, 0.02666666666666667), (36, 0.026200873362445413), (27, 0.02575107296137339), (31, 0.0234375), (28, 0.02214022140221402), (40, 0.021937842778793418), (32, 0.01702127659574468)]
seeds_sorted [[100, 524, 325, 812, 534], [116, 369, 272, 259, 211, 904, 415], [18, 126, 174, 275, 452], [49, 590, 781, 565, 680, 672, 347], [2, 816, 299, 339, 367, 98, 786], [208, 486, 257, 641, 947, 759, 216, 937], [42, 289, 842, 834, 263, 605], [107, 434, 458, 884, 162, 764, 379], [107, 434, 458, 346, 202, 538, 389], [72, 410, 422, 868, 179, 157, 133], [16, 644, 967, 404], [164, 173, 577, 528, 986, 567], [60, 924, 307, 376], [30, 143, 845, 380, 51, 589], [212, 706, 297, 582], [221, 900, 877, 675, 443], [229, 574, 994, 635], [119, 130, 862, 911], [96, 264, 592, 843, 560, 686], [134, 704, 438, 8, 204, 564], [713, 938, 763, 952, 855, 959], [110, 592, 644, 599, 810], [6, 114, 712, 675, 260], [146, 322, 934, 767], [156, 465, 26, 276], [23, 489, 742, 620, 905], [201, 915, 234, 649, 293], [93, 696, 942, 247], [103, 387, 704, 204, 591], [206, 659, 291, 333, 945], [33, 330, 875, 141], [33, 837, 875, 531], [92, 845, 380, 311], [653, 726, 897, 889], [516, 695, 931, 765], [591, 747, 758, 910], [45, 412, 67, 183], [75, 143, 444, 572], [173, 419, 883, 949], [251, 964, 503, 729], [11, 587, 434, 374]]
args__________ ([[100, 524, 325, 812, 534], [33, 837, 875, 531], [92, 845, 380, 311]],)
args__________ ([[116, 369, 272, 259, 211, 904, 415], [33, 330, 875, 141], [653, 726, 897, 889]],)
args__________ ([[18, 126, 174, 275, 452], [206, 659, 291, 333, 945], [516, 695, 931, 765]],)
args__________ ([[49, 590, 781, 565, 680, 672, 347], [103, 387, 704, 204, 591], [591, 747, 758, 910]],)
args__________ ([[2, 816, 299, 339, 367, 98, 786], [93, 696, 942, 247], [45, 412, 67, 183]],)
args__________ ([[208, 486, 257, 641, 947, 759, 216, 937], [201, 915, 234, 649, 293], [75, 143, 444, 572]],)
args__________ ([[42, 289, 842, 834, 263, 605], [23, 489, 742, 620, 905], [173, 419, 883, 949]],)
args__________ ([[107, 434, 458, 884, 162, 764, 379], [156, 465, 26, 276], [251, 964, 503, 729]],)
args__________ ([[107, 434, 458, 346, 202, 538, 389], [146, 322, 934, 767], [11, 587, 434, 374]],)
args__________ ([[72, 410, 422, 868, 179, 157, 133], [6, 114, 712, 675, 260]],)
args__________ ([[16, 644, 967, 404], [110, 592, 644, 599, 810]],)
args__________ ([[164, 173, 577, 528, 986, 567], [713, 938, 763, 952, 855, 959]],)
args__________ ([[60, 924, 307, 376], [134, 704, 438, 8, 204, 564]],)
args__________ ([[30, 143, 845, 380, 51, 589], [96, 264, 592, 843, 560, 686]],)
args__________ ([[212, 706, 297, 582], [119, 130, 862, 911]],)
args__________ ([[221, 900, 877, 675, 443], [229, 574, 994, 635]],)
finish process___________________
i =  0 [515, 524, 397, 274, 788, 534, 536, 795, 925, 671, 427, 812, 950, 325, 970, 461, 464, 84, 86, 732, 100, 230, 236, 751, 881, 340]
i =  1 [896, 386, 643, 657, 531, 792, 154, 927, 32, 33, 677, 807, 168, 811, 429, 824, 316, 192, 963, 837, 841, 76, 462, 720, 851, 341, 871, 188, 875, 364, 625, 370, 372, 246, 853]
i =  2 [903, 143, 403, 789, 790, 28, 30, 546, 804, 169, 301, 51, 926, 311, 568, 698, 181, 576, 581, 328, 420, 332, 845, 78, 589, 472, 217, 603, 92, 735, 480, 998, 616, 748, 878, 681, 633, 634, 380]
i =  3 [259, 904, 749, 272, 664, 580, 539, 28, 415, 417, 679, 116, 196, 585, 844, 211, 734, 226, 358, 999, 365, 369, 882, 244, 122]
i =  4 [522, 396, 909, 914, 152, 33, 38, 301, 55, 313, 699, 192, 961, 330, 973, 718, 141, 978, 467, 598, 345, 731, 359, 875, 238, 625, 851]
i =  5 [897, 132, 396, 653, 277, 925, 929, 35, 37, 29, 200, 437, 956, 829, 840, 723, 726, 90, 477, 870, 359, 757, 631, 632, 889]
i =  6 [514, 547, 452, 198, 231, 776, 109, 782, 18, 275, 174, 739, 510, 154, 639, 796, 125, 126, 597]
i =  7 [899, 262, 521, 13, 659, 25, 795, 668, 414, 801, 291, 678, 423, 172, 687, 688, 945, 946, 435, 180, 822, 701, 709, 333, 206, 79, 594, 724, 86, 343, 600, 730, 732, 94, 863, 869, 238, 499, 378]
i =  8 [642, 516, 647, 396, 785, 661, 406, 931, 428, 437, 950, 695, 445, 839, 717, 852, 860, 95, 737, 359, 252, 765]
i =  9 [781, 912, 407, 408, 27, 672, 674, 424, 298, 49, 565, 189, 450, 196, 488, 70, 590, 336, 342, 347, 611, 360, 680, 626, 509, 382]
i =  10 [385, 387, 645, 134, 8, 265, 650, 782, 783, 532, 278, 408, 411, 925, 158, 927, 288, 292, 677, 632, 557, 689, 564, 542, 438, 137, 312, 436, 314, 575, 704, 449, 707, 326, 584, 459, 204, 973, 591, 81, 83, 468, 889, 475, 860, 479, 992, 610, 103, 874, 108, 239, 596, 370, 115, 760, 340, 250, 893, 894]
i =  11 [903, 137, 650, 396, 782, 17, 411, 542, 677, 678, 295, 40, 775, 265, 441, 449, 758, 326, 584, 973, 591, 81, 910, 223, 356, 102, 747, 502, 504, 250]
i =  12 [768, 2, 3, 646, 398, 658, 601, 413, 299, 685, 816, 561, 691, 823, 827, 318, 191, 715, 203, 339, 985, 98, 786, 367, 500, 762]
i =  13 [903, 650, 523, 284, 942, 559, 306, 696, 62, 832, 838, 71, 329, 721, 93, 738, 872, 617, 494, 1000, 498, 247]
i =  14 [771, 86, 775, 520, 906, 910, 655, 144, 600, 919, 819, 412, 160, 805, 550, 40, 924, 554, 45, 223, 463, 307, 183, 95, 60, 705, 67, 708, 197, 839, 493, 205, 717, 598, 856, 271, 732, 989, 607, 738, 928, 678, 614, 615, 636, 747, 109, 238, 239, 496, 241, 756, 757, 376, 508, 102]
i =  15 [256, 257, 258, 390, 641, 525, 429, 529, 802, 549, 937, 7, 300, 813, 943, 689, 947, 951, 56, 956, 829, 453, 584, 208, 215, 216, 733, 95, 356, 486, 903, 759, 120, 254]
i =  16 [129, 386, 555, 861, 648, 649, 907, 908, 479, 915, 276, 21, 150, 919, 731, 26, 923, 156, 31, 929, 35, 933, 167, 808, 363, 426, 811, 940, 47, 293, 819, 436, 310, 969, 824, 697, 955, 700, 245, 960, 195, 324, 966, 893, 968, 201, 973, 848, 465, 487, 213, 121, 728, 857, 603, 604, 477, 606, 37, 354, 227, 612, 485, 103, 535, 746, 491, 73, 368, 754, 117, 170, 632, 249, 396, 891, 234, 345]
i =  17 [903, 143, 403, 789, 28, 29, 926, 546, 420, 681, 301, 51, 30, 568, 698, 444, 181, 576, 581, 328, 75, 332, 589, 78, 845, 804, 472, 217, 603, 92, 735, 480, 998, 616, 572, 748, 878, 169, 633, 634, 380]
i =  18 [512, 263, 138, 909, 399, 289, 42, 558, 605, 944, 305, 821, 578, 835, 69, 481, 842, 331, 972, 847, 470, 719, 834, 989, 97, 101, 618, 113, 627, 375, 766]
i =  19 [513, 388, 262, 903, 905, 651, 652, 656, 785, 149, 791, 922, 796, 474, 31, 416, 678, 296, 540, 7, 431, 177, 818, 777, 23, 825, 446, 319, 833, 194, 779, 552, 841, 331, 333, 207, 210, 284, 858, 219, 350, 608, 742, 104, 361, 620, 493, 623, 936, 489, 507, 975]
i =  20 [647, 655, 144, 600, 150, 793, 419, 933, 684, 173, 814, 949, 566, 824, 757, 717, 462, 593, 595, 86, 344, 271, 94, 622, 883, 245]
i =  21 [770, 4, 389, 522, 727, 654, 19, 663, 538, 162, 803, 292, 176, 434, 202, 697, 586, 836, 454, 327, 73, 458, 546, 335, 466, 983, 346, 731, 735, 353, 107, 243, 884, 118, 379, 764]
i =  22 [129, 359, 708, 647, 779, 396, 47, 465, 276, 117, 697, 26, 923, 156, 861, 479]
i =  23 [1, 2, 3, 4, 5, 6, 7, 8, 9, 10, 11, 12, 13, 14, 15, 16, 17, 18, 19, 20, 21, 22, 23, 24, 25, 26, 27, 28, 29, 30, 31, 32, 33, 34, 35, 36, 37, 38, 39, 40, 41, 42, 43, 44, 45, 46, 47, 48, 49, 50, 51, 52, 53, 54, 55, 56, 57, 58, 59, 60, 61, 62, 63, 64, 65, 66, 67, 68, 69, 70, 71, 72, 73, 74, 75, 76, 77, 78, 79, 80, 81, 82, 83, 84, 85, 86, 87, 88, 89, 90, 91, 92, 93, 94, 95, 96, 97, 98, 99, 100, 101, 102, 103, 104, 105, 106, 107, 108, 109, 110, 111, 112, 113, 114, 115, 116, 117, 118, 119, 120, 121, 122, 123, 124, 125, 126, 127, 128, 129, 130, 131, 132, 133, 134, 135, 136, 137, 138, 139, 140, 141, 142, 143, 144, 145, 146, 147, 148, 149, 150, 151, 152, 153, 154, 155, 156, 157, 158, 159, 160, 161, 162, 163, 164, 165, 166, 167, 168, 169, 170, 171, 172, 173, 174, 175, 176, 177, 178, 179, 180, 181, 182, 183, 184, 185, 186, 187, 188, 189, 190, 191, 192, 193, 194, 195, 196, 197, 198, 199, 200, 201, 202, 203, 204, 205, 206, 207, 208, 209, 210, 211, 212, 213, 214, 215, 216, 217, 218, 219, 220, 221, 222, 223, 224, 225, 226, 227, 228, 229, 230, 231, 232, 233, 234, 235, 236, 237, 238, 239, 240, 241, 242, 243, 244, 245, 246, 247, 248, 249, 250, 251, 252, 253, 254, 255, 256, 257, 258, 259, 260, 261, 262, 263, 264, 265, 266, 267, 268, 269, 270, 271, 272, 273, 274, 275, 276, 277, 278, 279, 280, 281, 282, 283, 284, 285, 286, 287, 288, 289, 290, 291, 292, 293, 294, 295, 296, 297, 298, 299, 300, 301, 302, 303, 304, 305, 306, 307, 308, 309, 310, 311, 312, 313, 314, 315, 316, 317, 318, 319, 320, 321, 322, 323, 324, 325, 326, 327, 328, 329, 330, 331, 332, 333, 334, 335, 336, 337, 338, 339, 340, 341, 342, 343, 344, 345, 346, 347, 348, 349, 350, 351, 352, 353, 354, 355, 356, 357, 358, 359, 360, 361, 362, 363, 364, 365, 366, 367, 368, 369, 370, 371, 372, 373, 374, 375, 376, 377, 378, 379, 380, 381, 382, 383, 384, 385, 386, 387, 388, 389, 390, 391, 392, 393, 394, 395, 396, 397, 398, 399, 400, 401, 402, 403, 404, 405, 406, 407, 408, 409, 410, 411, 412, 413, 414, 415, 416, 417, 418, 419, 420, 421, 422, 423, 424, 425, 426, 427, 428, 429, 430, 431, 432, 433, 434, 435, 436, 437, 438, 439, 440, 441, 442, 443, 444, 445, 446, 447, 448, 449, 450, 451, 452, 453, 454, 455, 456, 457, 458, 459, 460, 461, 462, 463, 464, 465, 466, 467, 468, 469, 470, 471, 472, 473, 474, 475, 476, 477, 478, 479, 480, 481, 482, 483, 484, 485, 486, 487, 488, 489, 490, 491, 492, 493, 494, 495, 496, 497, 498, 499, 500, 501, 502, 503, 504, 505, 506, 507, 508, 509, 510, 511, 512, 513, 514, 515, 516, 517, 518, 519, 520, 521, 522, 523, 524, 525, 526, 527, 528, 529, 530, 531, 532, 533, 534, 535, 536, 537, 538, 539, 540, 541, 542, 543, 544, 545, 546, 547, 548, 549, 550, 551, 552, 553, 554, 555, 556, 557, 558, 559, 560, 561, 562, 563, 564, 565, 566, 567, 568, 569, 570, 571, 572, 573, 574, 575, 576, 577, 578, 579, 580, 581, 582, 583, 584, 585, 586, 587, 588, 589, 590, 591, 592, 593, 594, 595, 596, 597, 598, 599, 600, 601, 602, 603, 604, 605, 606, 607, 608, 609, 610, 611, 612, 613, 614, 615, 616, 617, 618, 619, 620, 621, 622, 623, 624, 625, 626, 627, 628, 629, 630, 631, 632, 633, 634, 635, 636, 637, 638, 639, 640, 641, 642, 643, 644, 645, 646, 647, 648, 649, 650, 651, 652, 653, 654, 655, 656, 657, 658, 659, 660, 661, 662, 663, 664, 665, 666, 667, 668, 669, 670, 671, 672, 673, 674, 675, 676, 677, 678, 679, 680, 681, 682, 683, 684, 685, 686, 687, 688, 689, 690, 691, 692, 693, 694, 695, 696, 697, 698, 699, 700, 701, 702, 703, 704, 705, 706, 707, 708, 709, 710, 711, 712, 713, 714, 715, 716, 717, 718, 719, 720, 721, 722, 723, 724, 725, 726, 727, 728, 729, 730, 731, 732, 733, 734, 735, 736, 737, 738, 739, 740, 741, 742, 743, 744, 745, 746, 747, 748, 749, 750, 751, 752, 753, 754, 755, 756, 757, 758, 759, 760, 761, 762, 763, 764, 765, 766, 767, 768, 769, 770, 771, 772, 773, 774, 775, 776, 777, 778, 779, 780, 781, 782, 783, 784, 785, 786, 787, 788, 789, 790, 791, 792, 793, 794, 795, 796, 797, 798, 799, 800, 801, 802, 803, 804, 805, 806, 807, 808, 809, 810, 811, 812, 813, 814, 815, 816, 817, 818, 819, 820, 821, 822, 823, 824, 825, 826, 827, 828, 829, 830, 831, 832, 833, 834, 835, 836, 837, 838, 839, 840, 841, 842, 843, 844, 845, 846, 847, 848, 849, 850, 851, 852, 853, 854, 855, 856, 857, 858, 859, 860, 861, 862, 863, 864, 865, 866, 867, 868, 869, 870, 871, 872, 873, 874, 875, 876, 877, 878, 879, 880, 881, 882, 883, 884, 885, 886, 887, 888, 889, 890, 891, 892, 893, 894, 895, 896, 897, 898, 899, 900, 901, 902, 903, 904, 905, 906, 907, 908, 909, 910, 911, 912, 913, 914, 915, 916, 917, 918, 919, 920, 921, 922, 923, 924, 925, 926, 927, 928, 929, 930, 931, 932, 933, 934, 935, 936, 937, 938, 939, 940, 941, 942, 943, 944, 945, 946, 947, 948, 949, 950, 951, 952, 953, 954, 955, 956, 957, 958, 959, 960, 961, 962, 963, 964, 965, 966, 967, 968, 969, 970, 971, 972, 973, 974, 975, 976, 977, 978, 979, 980, 981, 982, 983, 984, 985, 986, 987, 988, 989, 990, 991, 992, 993, 994, 995, 996, 997, 998, 999, 1000]
i =  24 [770, 4, 389, 522, 983, 654, 19, 663, 538, 162, 803, 292, 176, 434, 202, 697, 586, 836, 454, 327, 73, 458, 546, 335, 466, 727, 346, 731, 735, 353, 107, 243, 884, 118, 379, 764]
i =  25 [896, 898, 773, 647, 267, 706, 14, 146, 918, 667, 543, 676, 934, 295, 43, 44, 303, 433, 437, 822, 440, 441, 186, 315, 190, 320, 193, 322, 68, 582, 74, 76, 462, 269, 218, 741, 740, 613, 359, 873, 362, 624, 757, 886, 506, 895, 490, 767]
i =  26 [770, 875, 4, 389, 522, 11, 386, 654, 655, 851, 402, 19, 660, 663, 538, 928, 162, 803, 292, 38, 303, 176, 177, 434, 697, 458, 192, 459, 836, 118, 454, 327, 202, 587, 34, 718, 335, 720, 466, 467, 919, 586, 642, 727, 346, 859, 731, 989, 735, 353, 228, 806, 743, 104, 107, 983, 494, 625, 370, 243, 884, 245, 374, 379, 764, 253]
i =  27 [133, 392, 522, 15, 784, 145, 147, 790, 410, 668, 157, 34, 548, 422, 179, 953, 826, 830, 63, 579, 965, 583, 72, 588, 337, 850, 85, 87, 859, 144, 995, 868, 105, 240, 890]
i =  28 [260, 517, 6, 778, 909, 532, 280, 668, 797, 287, 800, 675, 37, 38, 935, 552, 439, 445, 961, 712, 80, 209, 853, 344, 345, 351, 224, 228, 357, 104, 625, 114, 501]
i =  29 [355, 644, 967, 813, 110, 16, 404, 441, 484, 829, 20, 223]
i =  30 [1, 644, 518, 264, 266, 142, 527, 16, 913, 530, 147, 20, 917, 159, 288, 176, 166, 810, 171, 686, 559, 560, 948, 309, 954, 187, 958, 53, 192, 96, 835, 927, 967, 584, 714, 971, 716, 334, 592, 853, 71, 599, 602, 220, 605, 350, 736, 609, 355, 843, 17, 360, 617, 144, 110, 381, 336, 497, 242, 366, 745, 761, 319, 106, 404]
i =  31 [131, 519, 665, 265, 919, 268, 270, 528, 515, 148, 21, 150, 151, 409, 283, 669, 798, 880, 164, 933, 938, 255, 173, 302, 692, 54, 567, 184, 185, 61, 959, 577, 373, 713, 80, 952, 722, 980, 855, 986, 91, 476, 661, 478, 997, 102, 721, 508, 237, 445, 112, 495, 245, 90, 763, 892, 127]
i =  32 [131, 519, 665, 265, 919, 268, 270, 528, 148, 21, 150, 151, 409, 283, 669, 798, 112, 164, 933, 938, 173, 302, 692, 54, 567, 952, 185, 61, 959, 577, 245, 713, 721, 722, 980, 855, 986, 91, 476, 478, 997, 102, 127, 237, 495, 880, 373, 90, 763, 508, 255]
i =  33 [160, 928, 376, 771, 614, 600, 60, 554, 717, 239, 144, 241, 307, 756, 856, 819, 271, 732, 906, 924]
i =  34 [385, 387, 645, 134, 8, 137, 650, 526, 783, 532, 278, 408, 411, 925, 542, 927, 288, 292, 677, 557, 689, 564, 158, 438, 265, 312, 436, 314, 575, 704, 449, 707, 326, 584, 459, 204, 973, 591, 81, 83, 468, 475, 992, 610, 340, 874, 108, 239, 370, 115, 760, 596, 250, 893, 894]
i =  35 [903, 143, 403, 789, 926, 546, 169, 301, 51, 30, 568, 698, 181, 576, 328, 332, 589, 78, 845, 472, 217, 603, 92, 735, 480, 998, 616, 878, 681, 633, 634, 380]
i =  36 [1, 644, 518, 264, 393, 266, 142, 16, 913, 530, 147, 404, 366, 159, 288, 176, 166, 810, 171, 686, 559, 560, 20, 309, 954, 187, 317, 958, 53, 192, 736, 835, 927, 967, 584, 714, 971, 716, 334, 592, 853, 71, 599, 602, 220, 605, 350, 96, 609, 355, 843, 17, 360, 617, 144, 110, 336, 497, 242, 106, 745, 761, 319, 381, 917]
i =  37 [896, 706, 484, 582, 359, 297, 223, 396, 622, 212, 437, 822, 441, 89, 666, 667, 190, 757]
i =  38 [130, 484, 968, 119, 331, 957, 911, 344, 638, 853, 439, 504, 441, 699, 313, 862, 223]
i =  39 [640, 260, 517, 6, 135, 778, 909, 88, 787, 532, 921, 900, 668, 797, 158, 287, 800, 929, 418, 675, 165, 38, 935, 552, 476, 199, 306, 584, 562, 563, 180, 286, 57, 58, 351, 445, 437, 65, 66, 324, 710, 839, 712, 961, 390, 80, 209, 37, 851, 214, 185, 344, 988, 221, 95, 224, 865, 483, 356, 357, 743, 421, 619, 877, 711, 625, 114, 627, 903, 501, 809, 378, 895, 124, 443, 510, 511]
i =  40 [994, 771, 228, 229, 104, 553, 906, 235, 987, 920, 916, 437, 280, 155, 635, 574]
finish get all communities
complete deal_communities
commplete get_all_nature_community
----------------------------------The detection result is: 

all communities: 
i =  1 : [84, 86, 100, 230, 236, 274, 325, 340, 397, 427, 461, 464, 515, 524, 534, 536, 671, 732, 751, 788, 795, 812, 881, 925, 950, 970]
i =  2 : [32, 33, 76, 154, 168, 188, 192, 246, 316, 341, 364, 370, 372, 386, 429, 462, 531, 625, 643, 657, 677, 720, 792, 807, 811, 824, 837, 841, 851, 853, 871, 875, 896, 927, 963]
i =  3 : [28, 116, 122, 196, 211, 226, 244, 259, 272, 358, 365, 369, 415, 417, 539, 580, 585, 664, 679, 734, 749, 844, 882, 904, 999]
i =  4 : [33, 38, 55, 141, 152, 192, 238, 301, 313, 330, 345, 359, 396, 467, 522, 598, 625, 699, 718, 731, 851, 875, 909, 914, 961, 973, 978]
i =  5 : [29, 35, 37, 90, 132, 200, 277, 359, 396, 437, 477, 631, 632, 653, 723, 726, 757, 829, 840, 870, 889, 897, 925, 929, 956]
i =  6 : [18, 109, 125, 126, 154, 174, 198, 231, 275, 452, 510, 514, 547, 597, 639, 739, 776, 782, 796]
i =  7 : [13, 25, 79, 86, 94, 172, 180, 206, 238, 262, 291, 333, 343, 378, 414, 423, 435, 499, 521, 594, 600, 659, 668, 678, 687, 688, 701, 709, 724, 730, 732, 795, 801, 822, 863, 869, 899, 945, 946]
i =  8 : [95, 252, 359, 396, 406, 428, 437, 445, 516, 642, 647, 661, 695, 717, 737, 765, 785, 839, 852, 860, 931, 950]
i =  9 : [27, 49, 70, 189, 196, 298, 336, 342, 347, 360, 382, 407, 408, 424, 450, 488, 509, 565, 590, 611, 626, 672, 674, 680, 781, 912]
i =  10 : [17, 40, 81, 102, 137, 223, 250, 265, 295, 326, 356, 396, 411, 441, 449, 502, 504, 542, 584, 591, 650, 677, 678, 747, 758, 775, 782, 903, 910, 973]
i =  11 : [2, 3, 98, 191, 203, 299, 318, 339, 367, 398, 413, 500, 561, 601, 646, 658, 685, 691, 715, 762, 768, 786, 816, 823, 827, 985]
i =  12 : [62, 71, 93, 247, 284, 306, 329, 494, 498, 523, 559, 617, 650, 696, 721, 738, 832, 838, 872, 903, 942, 1000]
i =  13 : [40, 45, 60, 67, 86, 95, 102, 109, 144, 160, 183, 197, 205, 223, 238, 239, 241, 271, 307, 376, 412, 463, 493, 496, 508, 520, 550, 554, 598, 600, 607, 614, 615, 636, 655, 678, 705, 708, 717, 732, 738, 747, 756, 757, 771, 775, 805, 819, 839, 856, 906, 910, 919, 924, 928, 989]
i =  14 : [7, 56, 95, 120, 208, 215, 216, 254, 256, 257, 258, 300, 356, 390, 429, 453, 486, 525, 529, 549, 584, 641, 689, 733, 759, 802, 813, 829, 903, 937, 943, 947, 951, 956]
i =  15 : [21, 26, 31, 35, 37, 47, 73, 103, 117, 121, 129, 150, 156, 167, 170, 195, 201, 213, 227, 234, 245, 249, 276, 293, 310, 324, 345, 354, 363, 368, 386, 396, 426, 436, 465, 477, 479, 485, 487, 491, 535, 555, 603, 604, 606, 612, 632, 648, 649, 697, 700, 728, 731, 746, 754, 808, 811, 819, 824, 848, 857, 861, 891, 893, 907, 908, 915, 919, 923, 929, 933, 940, 955, 960, 966, 968, 969, 973]
i =  16 : [42, 69, 97, 101, 113, 138, 263, 289, 305, 331, 375, 399, 470, 481, 512, 558, 578, 605, 618, 627, 719, 766, 821, 834, 835, 842, 847, 909, 944, 972, 989]
i =  17 : [7, 23, 31, 104, 149, 177, 194, 207, 210, 219, 262, 284, 296, 319, 331, 333, 350, 361, 388, 416, 431, 446, 474, 489, 493, 507, 513, 540, 552, 608, 620, 623, 651, 652, 656, 678, 742, 777, 779, 785, 791, 796, 818, 825, 833, 841, 858, 903, 905, 922, 936, 975]
i =  18 : [86, 94, 144, 150, 173, 245, 271, 344, 419, 462, 566, 593, 595, 600, 622, 647, 655, 684, 717, 757, 793, 814, 824, 883, 933, 949]
i =  19 : [4, 19, 73, 107, 118, 162, 176, 202, 243, 292, 327, 335, 346, 353, 379, 389, 434, 454, 458, 466, 522, 538, 546, 586, 654, 663, 697, 727, 731, 735, 764, 770, 803, 836, 884, 983]
i =  20 : [26, 47, 117, 129, 156, 276, 359, 396, 465, 479, 647, 697, 708, 779, 861, 923]
i =  21 : [14, 43, 44, 68, 74, 76, 146, 186, 190, 193, 218, 267, 269, 295, 303, 315, 320, 322, 359, 362, 433, 437, 440, 441, 462, 490, 506, 543, 582, 613, 624, 647, 667, 676, 706, 740, 741, 757, 767, 773, 822, 873, 886, 895, 896, 898, 918, 934]
i =  22 : [4, 11, 19, 34, 38, 104, 107, 118, 162, 176, 177, 192, 202, 228, 243, 245, 253, 292, 303, 327, 335, 346, 353, 370, 374, 379, 386, 389, 402, 434, 454, 458, 459, 466, 467, 494, 522, 538, 586, 587, 625, 642, 654, 655, 660, 663, 697, 718, 720, 727, 731, 735, 743, 764, 770, 803, 806, 836, 851, 859, 875, 884, 919, 928, 983, 989]
i =  23 : [15, 34, 63, 72, 85, 87, 105, 133, 144, 145, 147, 157, 179, 240, 337, 392, 410, 422, 522, 548, 579, 583, 588, 668, 784, 790, 826, 830, 850, 859, 868, 890, 953, 965, 995]
i =  24 : [6, 37, 38, 80, 104, 114, 209, 224, 228, 260, 280, 287, 344, 345, 351, 357, 439, 445, 501, 517, 532, 552, 625, 668, 675, 712, 778, 797, 800, 853, 909, 935, 961]
i =  25 : [16, 20, 110, 223, 355, 404, 441, 484, 644, 813, 829, 967]
i =  26 : [21, 54, 61, 80, 90, 91, 102, 112, 127, 131, 148, 150, 151, 164, 173, 184, 185, 237, 245, 255, 265, 268, 270, 283, 302, 373, 409, 445, 476, 478, 495, 508, 515, 519, 528, 567, 577, 661, 665, 669, 692, 713, 721, 722, 763, 798, 855, 880, 892, 919, 933, 938, 952, 959, 980, 986, 997]
i =  27 : [89, 190, 212, 223, 297, 359, 396, 437, 441, 484, 582, 622, 666, 667, 706, 757, 822, 896]
i =  28 : [119, 130, 223, 313, 331, 344, 439, 441, 484, 504, 638, 699, 853, 862, 911, 957, 968]
i =  29 : [6, 37, 38, 57, 58, 65, 66, 80, 88, 95, 114, 124, 135, 158, 165, 180, 185, 199, 209, 214, 221, 224, 260, 286, 287, 306, 324, 344, 351, 356, 357, 378, 390, 418, 421, 437, 443, 445, 476, 483, 501, 510, 511, 517, 532, 552, 562, 563, 584, 619, 625, 627, 640, 668, 675, 710, 711, 712, 743, 778, 787, 797, 800, 809, 839, 851, 865, 877, 895, 900, 903, 909, 921, 929, 935, 961, 988]
i =  30 : [104, 155, 228, 229, 235, 280, 437, 553, 574, 635, 771, 906, 916, 920, 987, 994]
i =  31 : [28, 29, 30, 51, 75, 78, 92, 143, 169, 181, 217, 301, 311, 328, 332, 380, 403, 420, 444, 472, 480, 546, 568, 572, 576, 581, 589, 603, 616, 633, 634, 681, 698, 735, 748, 789, 790, 804, 845, 878, 903, 926, 998]
i =  32 : [8, 81, 83, 103, 108, 115, 134, 137, 158, 204, 239, 250, 265, 278, 288, 292, 312, 314, 326, 340, 370, 385, 387, 408, 411, 436, 438, 449, 459, 468, 475, 479, 526, 532, 542, 557, 564, 575, 584, 591, 596, 610, 632, 645, 650, 677, 689, 704, 707, 760, 782, 783, 860, 874, 889, 893, 894, 925, 927, 973, 992]
i =  33 : [1, 16, 17, 20, 53, 71, 96, 106, 110, 142, 144, 147, 159, 166, 171, 176, 187, 192, 220, 242, 264, 266, 288, 309, 317, 319, 334, 336, 350, 355, 360, 366, 381, 393, 404, 497, 518, 527, 530, 559, 560, 584, 592, 599, 602, 605, 609, 617, 644, 686, 714, 716, 736, 745, 761, 810, 835, 843, 853, 913, 917, 927, 948, 954, 958, 967, 971]
overlapping nodes are:  [4, 6, 7, 16, 17, 19, 20, 21, 26, 28, 29, 31, 33, 34, 35, 37, 38, 40, 47, 71, 73, 76, 80, 81, 86, 90, 94, 95, 102, 103, 104, 107, 109, 110, 114, 117, 118, 129, 137, 144, 147, 150, 154, 156, 158, 162, 173, 176, 177, 180, 185, 190, 192, 196, 202, 209, 223, 224, 228, 238, 239, 243, 245, 250, 260, 262, 265, 271, 276, 280, 284, 287, 288, 292, 295, 301, 303, 306, 313, 319, 324, 326, 327, 331, 333, 335, 336, 340, 344, 345, 346, 350, 351, 353, 355, 356, 357, 359, 360, 370, 378, 379, 386, 389, 390, 396, 404, 408, 411, 429, 434, 436, 437, 439, 441, 445, 449, 454, 458, 459, 462, 465, 466, 467, 476, 477, 479, 484, 493, 494, 501, 504, 508, 510, 515, 517, 522, 532, 538, 542, 546, 552, 559, 582, 584, 586, 591, 598, 600, 603, 605, 617, 622, 625, 627, 632, 642, 644, 647, 650, 654, 655, 661, 663, 667, 668, 675, 677, 678, 689, 697, 699, 706, 708, 712, 717, 718, 720, 721, 727, 731, 732, 735, 738, 743, 747, 757, 764, 770, 771, 775, 778, 779, 782, 785, 790, 795, 796, 797, 800, 803, 811, 813, 819, 822, 824, 829, 835, 836, 839, 841, 851, 853, 859, 860, 861, 875, 884, 889, 893, 895, 896, 903, 906, 909, 910, 919, 923, 925, 927, 928, 929, 933, 935, 950, 956, 961, 967, 968, 973, 983, 989] 
 NOO is:  242
total time is:  14568.9750431
