lens of ground_truth:  17
ground_truth is: [[13, 28, 50, 52, 57, 59, 60, 66, 89, 92, 98, 101, 110, 115, 117, 123, 125, 148, 149, 150, 165, 182, 183, 189, 196, 207, 209, 214, 216, 261, 263, 287, 296, 300, 301, 326, 334, 342, 350, 353, 372, 373, 409, 419, 426, 434, 439, 445, 449, 472, 497, 507, 517, 545, 554, 556, 564, 570, 582, 586, 603, 605, 607, 616, 631, 645, 651, 656, 657, 669, 703, 710, 712, 717, 722, 737, 741, 759, 790, 802, 824, 845, 900, 905, 915, 916, 951, 956, 977, 980], [4, 7, 22, 74, 76, 124, 131, 143, 160, 168, 197, 203, 217, 230, 256, 270, 280, 294, 345, 347, 368, 378, 444, 459, 470, 492, 510, 529, 589, 615, 621, 659, 664, 686, 713, 729, 732, 738, 745, 748, 783, 805, 814, 825, 841, 855, 869, 883, 945, 971, 993, 998, 999], [3, 21, 67, 96, 99, 152, 166, 176, 186, 288, 299, 309, 351, 363, 390, 416, 418, 420, 431, 435, 446, 448, 450, 452, 458, 462, 478, 481, 482, 513, 525, 581, 593, 596, 600, 612, 635, 654, 667, 674, 676, 691, 694, 699, 715, 716, 724, 731, 735, 736, 763, 764, 774, 808, 823, 828, 843, 850, 856, 889, 896, 912, 925, 938, 941, 958, 960], [40, 80, 116, 151, 153, 171, 191, 205, 208, 213, 266, 268, 269, 310, 314, 324, 355, 465, 490, 543, 754, 832, 877, 910, 921, 984, 990], [9, 12, 30, 41, 42, 54, 64, 100, 114, 138, 154, 164, 195, 222, 232, 235, 247, 272, 291, 303, 339, 343, 369, 402, 471, 484, 522, 540, 550, 571, 573, 574, 577, 587, 597, 609, 617, 632, 637, 649, 662, 680, 688, 698, 704, 705, 708, 719, 742, 751, 753, 762, 777, 796, 829, 836, 847, 864, 881, 923, 927, 942, 953, 967, 968, 988], [1, 49, 78, 122, 178, 179, 201, 218, 223, 244, 246, 274, 284, 286, 304, 307, 328, 340, 352, 356, 366, 375, 385, 389, 395, 399, 403, 405, 406, 428, 438, 451, 463, 466, 483, 486, 502, 514, 519, 527, 528, 533, 538, 542, 552, 579, 592, 601, 602, 604, 610, 620, 624, 646, 653, 679, 682, 692, 701, 739, 740, 765, 772, 779, 816, 818, 833, 859, 878, 887, 891, 897, 918, 926, 928, 930, 939, 943, 948, 983, 985, 992], [55, 56, 68, 79, 82, 107, 120, 121, 135, 139, 142, 170, 175, 210, 250, 260, 271, 282, 298, 376, 393, 397, 436, 491, 500, 505, 549, 557, 567, 623, 633, 647, 672, 685, 687, 727, 771, 815, 820, 822, 839, 858, 865, 892, 904, 933, 946, 954, 959, 995], [32, 73, 85, 86, 112, 137, 147, 157, 180, 224, 248, 265, 267, 290, 321, 329, 371, 379, 400, 410, 414, 454, 506, 521, 559, 560, 611, 627, 655, 693, 880], [6, 23, 27, 33, 53, 63, 72, 83, 126, 130, 136, 140, 174, 177, 200, 206, 212, 215, 220, 225, 228, 251, 254, 278, 313, 316, 331, 335, 337, 338, 359, 391, 411, 412, 423, 447, 479, 493, 515, 524, 526, 530, 539, 558, 591, 619, 628, 640, 661, 675, 683, 714, 730, 752, 786, 787, 794, 799, 800, 810, 819, 831, 868, 898, 911, 940, 965, 981, 997], [36, 43, 51, 87, 134, 156, 167, 198, 202, 234, 240, 243, 249, 262, 297, 327, 333, 344, 361, 382, 432, 460, 461, 469, 480, 485, 531, 537, 578, 580, 629, 658, 697, 718, 734, 749, 760, 773, 782, 788, 806, 812, 834, 835, 857, 860, 867, 870, 893, 964, 978], [5, 109, 128, 132, 163, 187, 252, 253, 285, 292, 306, 365, 367, 381, 388, 415, 437, 467, 473, 520, 690, 743, 747, 756, 758, 766, 769, 778, 803, 863, 872, 886, 895, 913, 914, 929, 944, 973, 989, 996], [2, 8, 18, 45, 84, 88, 106, 172, 204, 257, 259, 295, 305, 325, 332, 358, 398, 404, 413, 468, 476, 477, 487, 496, 518, 532, 536, 544, 588, 618, 630, 638, 642, 643, 696, 733, 784, 789, 792, 793, 801, 809, 830, 838, 842, 848, 861, 862, 874, 908, 920, 931, 952, 957, 975, 987, 1000], [17, 26, 34, 46, 47, 58, 61, 62, 65, 70, 71, 75, 81, 91, 103, 104, 133, 155, 161, 169, 181, 184, 185, 239, 283, 302, 360, 377, 407, 422, 424, 456, 457, 488, 494, 503, 541, 546, 561, 569, 572, 584, 599, 622, 626, 634, 639, 641, 648, 650, 663, 678, 695, 711, 725, 728, 755, 757, 761, 768, 791, 804, 846, 849, 851, 853, 866, 873, 876, 885, 902, 906, 907, 950, 969, 970, 972, 991], [10, 11, 16, 25, 39, 69, 77, 93, 94, 158, 193, 229, 238, 245, 281, 308, 318, 322, 341, 346, 349, 354, 370, 383, 386, 387, 394, 396, 408, 427, 453, 455, 464, 474, 489, 499, 508, 511, 535, 551, 553, 555, 566, 568, 575, 576, 594, 606, 613, 665, 670, 671, 673, 677, 684, 700, 709, 723, 744, 746, 767, 776, 781, 785, 795, 837, 844, 879, 882, 890, 917, 919, 932, 935, 936, 947, 961, 974, 979], [14, 20, 38, 44, 102, 105, 108, 113, 129, 141, 145, 146, 159, 221, 275, 293, 315, 336, 357, 417, 562, 565, 590, 625, 644, 949, 986], [24, 37, 90, 95, 97, 119, 173, 192, 194, 219, 242, 273, 317, 330, 362, 380, 384, 425, 433, 495, 512, 516, 548, 608, 668, 706, 720, 798, 811, 813, 840, 871, 894, 901, 903, 909, 924, 934, 937, 963, 966, 994], [15, 19, 29, 31, 35, 48, 111, 118, 127, 144, 162, 188, 190, 199, 211, 226, 227, 231, 233, 236, 237, 241, 255, 258, 264, 276, 277, 279, 289, 311, 312, 319, 320, 323, 348, 364, 374, 392, 401, 421, 429, 430, 440, 441, 442, 443, 475, 498, 501, 504, 509, 523, 534, 547, 563, 583, 585, 595, 598, 614, 636, 652, 660, 666, 681, 689, 702, 707, 721, 726, 750, 770, 775, 780, 797, 807, 817, 821, 826, 827, 852, 854, 875, 884, 888, 899, 922, 955, 962, 976, 982]]
nodes: [40, 43, 76, 87, 90, 97, 158, 183, 211, 221, 223, 257, 264, 312, 314, 318, 324, 338, 361, 429, 470, 480, 502, 563, 572, 604, 608, 651, 661, 672, 713, 724, 727, 735, 773, 779, 813, 817, 850, 853, 862, 863, 918, 925, 932, 944, 981, 986, 988, 989, 997] num of nodes:  51
[[40, 266, 145, 141], [18, 43, 2], [10, 965, 76], [87, 398, 501, 474], [23, 90, 193], [97, 284, 421, 520], [41, 787, 158], [59, 385, 183], [126, 300, 211], [14, 303, 221], [26, 195, 599, 223], [34, 257, 311], [33, 775, 264], [33, 302, 312, 723], [171, 243, 314], [229, 318, 912, 974], [13, 278, 324], [23, 384, 338], [20, 680, 361], [15, 387, 429], [70, 293, 470], [53, 141, 480], [294, 842, 502, 378], [133, 563, 723], [75, 803, 266, 572], [15, 229, 173, 604], [126, 433, 608, 842], [62, 651, 665, 613], [13, 27, 661], [73, 672, 170], [343, 713, 378, 869], [317, 736, 724], [23, 34, 434, 727], [26, 386, 465, 735], [38, 830, 773, 501], [6, 779, 537], [194, 813, 330, 346], [734, 900, 994, 817], [22, 39, 850], [346, 812, 599, 853], [50, 178, 862], [20, 863, 485], [15, 387, 197, 918], [33, 925, 689], [266, 953, 587, 932], [69, 285, 944], [101, 909, 981], [14, 30, 986], [4, 988, 841], [55, 929, 989], [53, 141, 625, 997]]
len of cliques:  51
length of seeds:  51
seeds:  [[40, 266, 145, 141], [87, 398, 501, 474], [97, 284, 421, 520], [26, 195, 599, 223], [33, 302, 312, 723], [229, 318, 912, 974], [294, 842, 502, 378], [75, 803, 266, 572], [15, 229, 173, 604], [126, 433, 608, 842], [62, 651, 665, 613], [343, 713, 378, 869], [23, 34, 434, 727], [26, 386, 465, 735], [38, 830, 773, 501], [194, 813, 330, 346], [734, 900, 994, 817], [346, 812, 599, 853], [15, 387, 197, 918], [266, 953, 587, 932], [53, 141, 625, 997], [18, 43, 2], [10, 965, 76], [23, 90, 193], [41, 787, 158], [59, 385, 183], [126, 300, 211], [14, 303, 221], [34, 257, 311], [33, 775, 264], [171, 243, 314], [13, 278, 324], [23, 384, 338], [20, 680, 361], [15, 387, 429], [70, 293, 470], [53, 141, 480], [133, 563, 723], [13, 27, 661], [73, 672, 170], [317, 736, 724], [6, 779, 537], [22, 39, 850], [50, 178, 862], [20, 863, 485], [33, 925, 689], [69, 285, 944], [101, 909, 981], [14, 30, 986], [4, 988, 841], [55, 929, 989]]
seeds_fitness [0.024640657084188913, 0.02385685884691849, 0.027149321266968326, 0.024, 0.0316622691292876, 0.023809523809523808, 0.019448946515397084, 0.02321083172147002, 0.019966722129783693, 0.025974025974025976, 0.020761245674740483, 0.022058823529411766, 0.02494802494802495, 0.02857142857142857, 0.027972027972027972, 0.0345821325648415, 0.0547945205479452, 0.03116883116883117, 0.025052192066805846, 0.023575638506876228, 0.02643171806167401, 0.016713091922005572, 0.034482758620689655, 0.028169014084507043, 0.03488372093023256, 0.022900763358778626, 0.0196078431372549, 0.02181818181818182, 0.02197802197802198, 0.03636363636363636, 0.048, 0.017543859649122806, 0.022556390977443608, 0.023622047244094488, 0.018575851393188854, 0.08, 0.020905923344947737, 0.028985507246376812, 0.022900763358778626, 0.03225806451612903, 0.04054054054054054, 0.02027027027027027, 0.02247191011235955, 0.030456852791878174, 0.017699115044247787, 0.02586206896551724, 0.018461538461538463, 0.017595307917888565, 0.02631578947368421, 0.029556650246305417, 0.02830188679245283]
after sort list of tuple: [(35, 0.08), (16, 0.0547945205479452), (30, 0.048), (40, 0.04054054054054054), (29, 0.03636363636363636), (24, 0.03488372093023256), (15, 0.0345821325648415), (22, 0.034482758620689655), (39, 0.03225806451612903), (4, 0.0316622691292876), (17, 0.03116883116883117), (43, 0.030456852791878174), (49, 0.029556650246305417), (37, 0.028985507246376812), (13, 0.02857142857142857), (50, 0.02830188679245283), (23, 0.028169014084507043), (14, 0.027972027972027972), (2, 0.027149321266968326), (20, 0.02643171806167401), (48, 0.02631578947368421), (9, 0.025974025974025976), (45, 0.02586206896551724), (18, 0.025052192066805846), (12, 0.02494802494802495), (0, 0.024640657084188913), (3, 0.024), (1, 0.02385685884691849), (5, 0.023809523809523808), (33, 0.023622047244094488), (19, 0.023575638506876228), (7, 0.02321083172147002), (25, 0.022900763358778626), (38, 0.022900763358778626), (32, 0.022556390977443608), (42, 0.02247191011235955), (11, 0.022058823529411766), (28, 0.02197802197802198), (27, 0.02181818181818182), (36, 0.020905923344947737), (10, 0.020761245674740483), (41, 0.02027027027027027), (8, 0.019966722129783693), (26, 0.0196078431372549), (6, 0.019448946515397084), (34, 0.018575851393188854), (46, 0.018461538461538463), (44, 0.017699115044247787), (47, 0.017595307917888565), (31, 0.017543859649122806), (21, 0.016713091922005572)]
seeds_sorted [[70, 293, 470], [734, 900, 994, 817], [171, 243, 314], [317, 736, 724], [33, 775, 264], [41, 787, 158], [194, 813, 330, 346], [10, 965, 76], [73, 672, 170], [33, 302, 312, 723], [346, 812, 599, 853], [50, 178, 862], [4, 988, 841], [133, 563, 723], [26, 386, 465, 735], [55, 929, 989], [23, 90, 193], [38, 830, 773, 501], [97, 284, 421, 520], [53, 141, 625, 997], [14, 30, 986], [126, 433, 608, 842], [33, 925, 689], [15, 387, 197, 918], [23, 34, 434, 727], [40, 266, 145, 141], [26, 195, 599, 223], [87, 398, 501, 474], [229, 318, 912, 974], [20, 680, 361], [266, 953, 587, 932], [75, 803, 266, 572], [59, 385, 183], [13, 27, 661], [23, 384, 338], [22, 39, 850], [343, 713, 378, 869], [34, 257, 311], [14, 303, 221], [53, 141, 480], [62, 651, 665, 613], [6, 779, 537], [15, 229, 173, 604], [126, 300, 211], [294, 842, 502, 378], [15, 387, 429], [69, 285, 944], [20, 863, 485], [101, 909, 981], [13, 278, 324], [18, 43, 2]]
args__________ ([[70, 293, 470], [75, 803, 266, 572], [59, 385, 183], [18, 43, 2]],)
args__________ ([[734, 900, 994, 817], [266, 953, 587, 932], [13, 27, 661], [13, 278, 324]],)
args__________ ([[171, 243, 314], [20, 680, 361], [23, 384, 338], [101, 909, 981]],)
args__________ ([[317, 736, 724], [229, 318, 912, 974], [22, 39, 850]],)
args__________ ([[33, 775, 264], [87, 398, 501, 474], [343, 713, 378, 869]],)
args__________ ([[41, 787, 158], [26, 195, 599, 223], [34, 257, 311]],)
args__________ ([[194, 813, 330, 346], [40, 266, 145, 141], [14, 303, 221]],)
args__________ ([[10, 965, 76], [23, 34, 434, 727], [53, 141, 480]],)
args__________ ([[73, 672, 170], [15, 387, 197, 918], [62, 651, 665, 613]],)
args__________ ([[33, 302, 312, 723], [33, 925, 689], [6, 779, 537]],)
args__________ ([[346, 812, 599, 853], [126, 433, 608, 842], [15, 229, 173, 604]],)
args__________ ([[50, 178, 862], [14, 30, 986], [126, 300, 211]],)
args__________ ([[4, 988, 841], [53, 141, 625, 997], [294, 842, 502, 378]],)
args__________ ([[133, 563, 723], [97, 284, 421, 520], [15, 387, 429]],)
args__________ ([[26, 386, 465, 735], [38, 830, 773, 501], [69, 285, 944]],)
args__________ ([[55, 929, 989], [23, 90, 193], [20, 863, 485]],)
finish process___________________
i =  0 [320, 451, 293, 70, 908, 470, 858, 606]
i =  1 [392, 266, 908, 273, 451, 916, 601, 152, 803, 755, 948, 565, 572, 445, 320, 323, 70, 780, 75, 717, 210, 211, 984, 857, 858, 987, 861, 606, 481, 610, 488, 188, 747, 792, 883, 316, 757, 760, 762]
i =  2 [385, 424, 616, 811, 749, 110, 304, 560, 584, 404, 183, 59, 220, 413, 816]
i =  3 [2, 771, 261, 908, 898, 783, 18, 283, 133, 167, 43, 556, 820, 58, 320, 451, 844, 210, 212, 858, 861, 606, 124, 620, 499, 762, 380]
i =  4 [545, 994, 900, 200, 521, 843, 526, 548, 272, 817, 371, 676, 734]
i =  5 [769, 4, 904, 266, 12, 21, 408, 282, 795, 547, 932, 942, 953, 826, 446, 705, 322, 587, 460, 984, 602, 605, 610, 995, 748, 109, 756, 639, 254, 895]
i =  6 [897, 379, 548, 966, 360, 714, 747, 13, 755, 244, 661, 310, 340, 27, 947, 95]
i =  7 [384, 640, 516, 389, 902, 521, 13, 278, 930, 548, 679, 947, 192, 324, 966, 458, 77, 848, 980, 85, 676, 479, 872, 235, 890]
i =  8 [320, 451, 836, 762, 490, 171, 243, 504, 857, 858, 314, 861, 606]
i =  9 [320, 993, 451, 805, 680, 361, 42, 940, 750, 815, 591, 81, 210, 275, 20, 857, 858, 635, 798, 671]
i =  10 [384, 641, 904, 556, 174, 23, 801, 164, 44, 686, 820, 695, 955, 447, 973, 338, 469, 996, 732, 610, 571, 228, 748]
i =  11 [640, 464, 546, 453, 710, 359, 328, 745, 159, 909, 125, 80, 945, 435, 981, 607, 101, 189, 959]
i =  12 [736, 290, 893, 647, 937, 317, 816, 754, 724, 919, 220, 413, 190]
i =  13 [770, 363, 648, 912, 403, 790, 408, 283, 414, 800, 35, 815, 567, 318, 71, 974, 212, 86, 983, 601, 349, 229, 747, 879, 753, 755, 190, 889, 635, 509]
i =  14 [481, 897, 450, 228, 22, 167, 555, 780, 368, 273, 850, 883, 468, 310, 39, 762, 987, 732, 861]
i =  15 [33, 547, 325, 775, 264, 521, 95, 427, 365, 402, 719, 816, 241, 274, 595, 340, 379, 837]
i =  16 [1, 2, 3, 4, 5, 6, 7, 8, 9, 10, 11, 12, 13, 14, 15, 16, 17, 18, 19, 20, 21, 22, 23, 24, 25, 26, 27, 28, 29, 30, 31, 32, 33, 34, 35, 36, 37, 38, 39, 40, 41, 42, 43, 44, 45, 46, 47, 48, 49, 50, 51, 52, 53, 54, 55, 56, 57, 58, 59, 60, 61, 62, 63, 64, 65, 66, 67, 68, 69, 70, 71, 72, 73, 74, 75, 76, 77, 78, 79, 80, 81, 82, 83, 84, 85, 86, 87, 88, 89, 90, 91, 92, 93, 94, 95, 96, 97, 98, 99, 100, 101, 102, 103, 104, 105, 106, 107, 108, 109, 110, 111, 112, 113, 114, 115, 116, 117, 118, 119, 120, 121, 122, 123, 124, 125, 126, 127, 128, 129, 130, 131, 132, 133, 134, 135, 136, 137, 138, 139, 140, 141, 142, 143, 144, 145, 146, 147, 148, 149, 150, 151, 152, 153, 154, 155, 156, 157, 158, 159, 160, 161, 162, 163, 164, 165, 166, 167, 168, 169, 170, 171, 172, 173, 174, 175, 176, 177, 178, 179, 180, 181, 182, 183, 184, 185, 186, 187, 188, 189, 190, 191, 192, 193, 194, 195, 196, 197, 198, 199, 200, 201, 202, 203, 204, 205, 206, 207, 208, 209, 210, 211, 212, 213, 214, 215, 216, 217, 218, 219, 220, 221, 222, 223, 224, 225, 226, 227, 228, 229, 230, 231, 232, 233, 234, 235, 236, 237, 238, 239, 240, 241, 242, 243, 244, 245, 246, 247, 248, 249, 250, 251, 252, 253, 254, 255, 256, 257, 258, 259, 260, 261, 262, 263, 264, 265, 266, 267, 268, 269, 270, 271, 272, 273, 274, 275, 276, 277, 278, 279, 280, 281, 282, 283, 284, 285, 286, 287, 288, 289, 290, 291, 292, 293, 294, 295, 296, 297, 298, 299, 300, 301, 302, 303, 304, 305, 306, 307, 308, 309, 310, 311, 312, 313, 314, 315, 316, 317, 318, 319, 320, 321, 322, 323, 324, 325, 326, 327, 328, 329, 330, 331, 332, 333, 334, 335, 336, 337, 338, 339, 340, 341, 342, 343, 344, 345, 346, 347, 348, 349, 350, 351, 352, 353, 354, 355, 356, 357, 358, 359, 360, 361, 362, 363, 364, 365, 366, 367, 368, 369, 370, 371, 372, 373, 374, 375, 376, 377, 378, 379, 380, 381, 382, 383, 384, 385, 386, 387, 388, 389, 390, 391, 392, 393, 394, 395, 396, 397, 398, 399, 400, 401, 402, 403, 404, 405, 406, 407, 408, 409, 410, 411, 412, 413, 414, 415, 416, 417, 418, 419, 420, 421, 422, 423, 424, 425, 426, 427, 428, 429, 430, 431, 432, 433, 434, 435, 436, 437, 438, 439, 440, 441, 442, 443, 444, 445, 446, 447, 448, 449, 450, 451, 452, 453, 454, 455, 456, 457, 458, 459, 460, 461, 462, 463, 464, 465, 466, 467, 468, 469, 470, 471, 472, 473, 474, 475, 476, 477, 478, 479, 480, 481, 482, 483, 484, 485, 486, 487, 488, 489, 490, 491, 492, 493, 494, 495, 496, 497, 498, 499, 500, 501, 502, 503, 504, 505, 506, 507, 508, 509, 510, 511, 512, 513, 514, 515, 516, 517, 518, 519, 520, 521, 522, 523, 524, 525, 526, 527, 528, 529, 530, 531, 532, 533, 534, 535, 536, 537, 538, 539, 540, 541, 542, 543, 544, 545, 546, 547, 548, 549, 550, 551, 552, 553, 554, 555, 556, 557, 558, 559, 560, 561, 562, 563, 564, 565, 566, 567, 568, 569, 570, 571, 572, 573, 574, 575, 576, 577, 578, 579, 580, 581, 582, 583, 584, 585, 586, 587, 588, 589, 590, 591, 592, 593, 594, 595, 596, 597, 598, 599, 600, 601, 602, 603, 604, 605, 606, 607, 608, 609, 610, 611, 612, 613, 614, 615, 616, 617, 618, 619, 620, 621, 622, 623, 624, 625, 626, 627, 628, 629, 630, 631, 632, 633, 634, 635, 636, 637, 638, 639, 640, 641, 642, 643, 644, 645, 646, 647, 648, 649, 650, 651, 652, 653, 654, 655, 656, 657, 658, 659, 660, 661, 662, 663, 664, 665, 666, 667, 668, 669, 670, 671, 672, 673, 674, 675, 676, 677, 678, 679, 680, 681, 682, 683, 684, 685, 686, 687, 688, 689, 690, 691, 692, 693, 694, 695, 696, 697, 698, 699, 700, 701, 702, 703, 704, 705, 706, 707, 708, 709, 710, 711, 712, 713, 714, 715, 716, 717, 718, 719, 720, 721, 722, 723, 724, 725, 726, 727, 728, 729, 730, 731, 732, 733, 734, 735, 736, 737, 738, 739, 740, 741, 742, 743, 744, 745, 746, 747, 748, 749, 750, 751, 752, 753, 754, 755, 756, 757, 758, 759, 760, 761, 762, 763, 764, 765, 766, 767, 768, 769, 770, 771, 772, 773, 774, 775, 776, 777, 778, 779, 780, 781, 782, 783, 784, 785, 786, 787, 788, 789, 790, 791, 792, 793, 794, 795, 796, 797, 798, 799, 800, 801, 802, 803, 804, 805, 806, 807, 808, 809, 810, 811, 812, 813, 814, 815, 816, 817, 818, 819, 820, 821, 822, 823, 824, 825, 826, 827, 828, 829, 830, 831, 832, 833, 834, 835, 836, 837, 838, 839, 840, 841, 842, 843, 844, 845, 846, 847, 848, 849, 850, 851, 852, 853, 854, 855, 856, 857, 858, 859, 860, 861, 862, 863, 864, 865, 866, 867, 868, 869, 870, 871, 872, 873, 874, 875, 876, 877, 878, 879, 880, 881, 882, 883, 884, 885, 886, 887, 888, 889, 890, 891, 892, 893, 894, 895, 896, 897, 898, 899, 900, 901, 902, 903, 904, 905, 906, 907, 908, 909, 910, 911, 912, 913, 914, 915, 916, 917, 918, 919, 920, 921, 922, 923, 924, 925, 926, 927, 928, 929, 930, 931, 932, 933, 934, 935, 936, 937, 938, 939, 940, 941, 942, 943, 944, 945, 946, 947, 948, 949, 950, 951, 952, 953, 954, 955, 956, 957, 958, 959, 960, 961, 962, 963, 964, 965, 966, 967, 968, 969, 970, 971, 972, 973, 974, 975, 976, 977, 978, 979, 980, 981, 982, 983, 984, 985, 986, 987, 988, 989, 990, 991, 992, 993, 994, 995, 996, 997, 998, 999, 1000]
i =  17 [640, 769, 516, 781, 413, 890, 36, 454, 680, 169, 814, 816, 821, 826, 316, 446, 70, 712, 713, 343, 220, 378, 869, 365, 241, 762, 763]
i =  18 [450, 771, 805, 134, 41, 267, 844, 876, 368, 787, 116, 750, 24, 798, 158]
i =  19 [899, 521, 528, 274, 26, 547, 676, 683, 44, 685, 825, 58, 223, 195, 837, 967, 200, 972, 204, 719, 340, 598, 599, 94, 95, 609, 996, 744, 747, 753, 626, 371, 246, 375, 761, 509]
i =  20 [257, 34, 547, 837, 535, 905, 490, 811, 12, 749, 591, 849, 771, 534, 311, 419, 719]
i =  21 [769, 134, 137, 781, 534, 802, 937, 811, 556, 813, 820, 445, 446, 194, 838, 455, 330, 450, 346, 987, 605, 106, 110]
i =  22 [640, 521, 266, 322, 145, 24, 548, 40, 947, 244, 138, 450, 453, 718, 141, 984, 610, 747, 748, 493, 755, 116]
i =  23 [864, 65, 419, 676, 231, 521, 359, 402, 14, 303, 336, 274, 867, 371, 504, 548, 719, 892, 221, 315]
i =  24 [768, 705, 930, 899, 996, 965, 10, 235, 76, 973, 447]
i =  25 [640, 801, 34, 326, 454, 769, 648, 650, 23, 44, 242, 369, 434, 448, 727, 890, 826, 663, 446, 442]
i =  26 [908, 141, 530, 275, 282, 858, 671, 167, 42, 685, 304, 53, 441, 570, 320, 451, 212, 857, 602, 861, 606, 480, 486, 807, 367, 499, 244, 885, 762]
i =  27 [672, 290, 771, 73, 170, 748, 493, 432, 849, 754, 67, 948, 610, 791, 984, 506, 322, 995]
i =  28 [384, 571, 387, 134, 267, 15, 148, 917, 918, 791, 792, 793, 798, 927, 805, 556, 151, 820, 948, 827, 316, 445, 576, 451, 196, 197, 70, 973, 210, 185, 984, 858, 293, 864, 610, 995, 996, 233, 748, 493, 750, 255]
i =  29 [771, 4, 265, 651, 140, 526, 533, 791, 665, 538, 924, 282, 159, 930, 603, 293, 427, 684, 815, 816, 819, 185, 62, 321, 267, 70, 456, 290, 591, 80, 849, 979, 859, 996, 613, 231, 616, 875, 750, 754, 506]
i =  30 [33, 228, 133, 136, 956, 203, 302, 783, 499, 212, 723, 312, 473, 698, 283, 732, 127]
i =  31 [33, 676, 193, 8, 937, 363, 272, 815, 80, 689, 526, 414, 889, 635, 924, 925, 605, 159]
i =  32 [64, 482, 779, 389, 6, 647, 843, 367, 451, 606, 919, 537, 410, 363, 414, 31]
i =  33 [768, 67, 837, 12, 490, 791, 812, 749, 719, 17, 419, 948, 853, 246, 599, 761, 346, 547, 605, 885]
i =  34 [608, 320, 418, 451, 548, 775, 521, 458, 940, 347, 81, 42, 186, 433, 569, 857, 858, 795, 842, 126, 671]
i =  35 [514, 899, 772, 901, 855, 522, 523, 780, 526, 15, 272, 273, 643, 148, 917, 406, 151, 664, 283, 924, 32, 795, 676, 683, 808, 811, 555, 173, 174, 943, 883, 950, 567, 571, 700, 575, 192, 200, 867, 403, 973, 848, 814, 210, 851, 212, 86, 215, 984, 987, 732, 864, 604, 610, 827, 229, 747, 271, 749, 371, 755, 447, 892, 499, 255]
i =  36 [897, 70, 104, 394, 178, 368, 792, 50, 310, 919, 472, 955, 862]
i =  37 [676, 115, 484, 647, 521, 748, 14, 367, 722, 371, 629, 919, 772, 986, 271, 548, 30, 885]
i =  38 [481, 67, 455, 392, 106, 747, 300, 987, 273, 211, 948, 543, 601, 795, 126, 52]
i =  39 [320, 898, 451, 4, 261, 841, 42, 988, 80, 858, 118, 216, 857, 762, 603, 380, 861, 606, 159]
i =  40 [897, 130, 134, 904, 521, 140, 141, 911, 530, 282, 412, 548, 805, 808, 684, 301, 648, 819, 53, 310, 184, 442, 190, 646, 722, 979, 472, 985, 685, 610, 997, 231, 233, 748, 493, 625, 242, 885, 125]
i =  41 [259, 904, 521, 908, 781, 782, 783, 451, 149, 601, 161, 35, 548, 70, 294, 552, 42, 684, 685, 819, 180, 951, 184, 826, 955, 446, 320, 323, 454, 842, 843, 719, 464, 210, 676, 85, 857, 858, 732, 864, 610, 217, 228, 747, 748, 371, 755, 502, 632, 378, 895, 899, 533]
i =  42 [642, 293, 196, 133, 108, 522, 908, 365, 499, 16, 954, 563, 564, 723, 820, 916, 445, 927]
i =  43 [520, 906, 284, 927, 421, 807, 556, 904, 435, 820, 697, 955, 706, 196, 725, 602, 97, 748, 109, 110, 886, 380]
i =  44 [3, 790, 267, 910, 15, 387, 917, 918, 24, 155, 413, 798, 927, 805, 295, 556, 429, 814, 816, 820, 576, 196, 86, 220, 747, 750, 755, 255]
i =  45 [386, 771, 905, 781, 148, 151, 26, 419, 424, 683, 827, 967, 591, 465, 980, 984, 735, 864, 610, 849, 490, 748, 369, 626, 757]
i =  46 [640, 773, 650, 780, 271, 273, 663, 38, 883, 442, 830, 192, 836, 712, 848, 594, 212, 598, 215, 619, 371, 244, 501, 889, 890]
i =  47 [5, 904, 748, 780, 402, 285, 944, 427, 684, 816, 955, 322, 69, 843, 984, 220, 605, 610, 995, 359, 233, 743, 876, 508]
i =  48 [647, 392, 919, 152, 929, 700, 165, 684, 820, 55, 948, 58, 60, 64, 597, 603, 989, 736, 188, 106, 367, 632]
i =  49 [864, 193, 131, 801, 552, 969, 683, 44, 686, 807, 210, 867, 148, 23, 90, 827, 892, 602]
i =  50 [389, 267, 908, 275, 20, 924, 798, 671, 805, 42, 499, 320, 451, 81, 210, 857, 858, 93, 606, 863, 864, 993, 485, 750, 115, 507]
finish get all communities
complete deal_communities
commplete get_all_nature_community
----------------------------------The detection result is: 

all communities: 
i =  1 : [70, 293, 320, 451, 470, 606, 858, 908]
i =  2 : [70, 75, 152, 188, 210, 211, 266, 273, 316, 320, 323, 392, 445, 451, 481, 488, 565, 572, 601, 606, 610, 717, 747, 755, 757, 760, 762, 780, 792, 803, 857, 858, 861, 883, 908, 916, 948, 984, 987]
i =  3 : [59, 110, 183, 220, 304, 385, 404, 413, 424, 560, 584, 616, 749, 811, 816]
i =  4 : [2, 18, 43, 58, 124, 133, 167, 210, 212, 261, 283, 320, 380, 451, 499, 556, 606, 620, 762, 771, 783, 820, 844, 858, 861, 898, 908]
i =  5 : [200, 272, 371, 521, 526, 545, 548, 676, 734, 817, 843, 900, 994]
i =  6 : [4, 12, 21, 109, 254, 266, 282, 322, 408, 446, 460, 547, 587, 602, 605, 610, 639, 705, 748, 756, 769, 795, 826, 895, 904, 932, 942, 953, 984, 995]
i =  7 : [13, 27, 95, 244, 310, 340, 360, 379, 548, 661, 714, 747, 755, 897, 947, 966]
i =  8 : [13, 77, 85, 192, 235, 278, 324, 384, 389, 458, 479, 516, 521, 548, 640, 676, 679, 848, 872, 890, 902, 930, 947, 966, 980]
i =  9 : [171, 243, 314, 320, 451, 490, 504, 606, 762, 836, 857, 858, 861]
i =  10 : [20, 42, 81, 210, 275, 320, 361, 451, 591, 635, 671, 680, 750, 798, 805, 815, 857, 858, 940, 993]
i =  11 : [23, 44, 164, 174, 228, 338, 384, 447, 469, 556, 571, 610, 641, 686, 695, 732, 748, 801, 820, 904, 955, 973, 996]
i =  12 : [80, 101, 125, 159, 189, 328, 359, 435, 453, 464, 546, 607, 640, 710, 745, 909, 945, 959, 981]
i =  13 : [190, 220, 290, 317, 413, 647, 724, 736, 754, 816, 893, 919, 937]
i =  14 : [35, 71, 86, 190, 212, 229, 283, 318, 349, 363, 403, 408, 414, 509, 567, 601, 635, 648, 747, 753, 755, 770, 790, 800, 815, 879, 889, 912, 974, 983]
i =  15 : [22, 39, 167, 228, 273, 310, 368, 450, 468, 481, 555, 732, 762, 780, 850, 861, 883, 897, 987]
i =  16 : [33, 95, 241, 264, 274, 325, 340, 365, 379, 402, 427, 521, 547, 595, 719, 775, 816, 837]
i =  17 : [36, 70, 169, 220, 241, 316, 343, 365, 378, 413, 446, 454, 516, 640, 680, 712, 713, 762, 763, 769, 781, 814, 816, 821, 826, 869, 890]
i =  18 : [24, 41, 116, 134, 158, 267, 368, 450, 750, 771, 787, 798, 805, 844, 876]
i =  19 : [26, 44, 58, 94, 95, 195, 200, 204, 223, 246, 274, 340, 371, 375, 509, 521, 528, 547, 598, 599, 609, 626, 676, 683, 685, 719, 744, 747, 753, 761, 825, 837, 899, 967, 972, 996]
i =  20 : [12, 34, 257, 311, 419, 490, 534, 535, 547, 591, 719, 749, 771, 811, 837, 849, 905]
i =  21 : [106, 110, 134, 137, 194, 330, 346, 445, 446, 450, 455, 534, 556, 605, 769, 781, 802, 811, 813, 820, 838, 937, 987]
i =  22 : [24, 40, 116, 138, 141, 145, 244, 266, 322, 450, 453, 493, 521, 548, 610, 640, 718, 747, 748, 755, 947, 984]
i =  23 : [14, 65, 221, 231, 274, 303, 315, 336, 359, 371, 402, 419, 504, 521, 548, 676, 719, 864, 867, 892]
i =  24 : [10, 76, 235, 447, 705, 768, 899, 930, 965, 973, 996]
i =  25 : [23, 34, 44, 242, 326, 369, 434, 442, 446, 448, 454, 640, 648, 650, 663, 727, 769, 801, 826, 890]
i =  26 : [42, 53, 141, 167, 212, 244, 275, 282, 304, 320, 367, 441, 451, 480, 486, 499, 530, 570, 602, 606, 671, 685, 762, 807, 857, 858, 861, 885, 908]
i =  27 : [67, 73, 170, 290, 322, 432, 493, 506, 610, 672, 748, 754, 771, 791, 849, 948, 984, 995]
i =  28 : [15, 70, 134, 148, 151, 185, 196, 197, 210, 233, 255, 267, 293, 316, 384, 387, 445, 451, 493, 556, 571, 576, 610, 748, 750, 791, 792, 793, 798, 805, 820, 827, 858, 864, 917, 918, 927, 948, 973, 984, 995, 996]
i =  29 : [4, 62, 70, 80, 140, 159, 185, 231, 265, 267, 282, 290, 293, 321, 427, 456, 506, 526, 533, 538, 591, 603, 613, 616, 651, 665, 684, 750, 754, 771, 791, 815, 816, 819, 849, 859, 875, 924, 930, 979, 996]
i =  30 : [33, 127, 133, 136, 203, 212, 228, 283, 302, 312, 473, 499, 698, 723, 732, 783, 956]
i =  31 : [8, 33, 80, 159, 193, 272, 363, 414, 526, 605, 635, 676, 689, 815, 889, 924, 925, 937]
i =  32 : [6, 31, 64, 363, 367, 389, 410, 414, 451, 482, 537, 606, 647, 779, 843, 919]
i =  33 : [12, 17, 67, 246, 346, 419, 490, 547, 599, 605, 719, 749, 761, 768, 791, 812, 837, 853, 885, 948]
i =  34 : [42, 81, 126, 186, 320, 347, 418, 433, 451, 458, 521, 548, 569, 608, 671, 775, 795, 842, 857, 858, 940]
i =  35 : [15, 32, 86, 148, 151, 173, 174, 192, 200, 210, 212, 215, 229, 255, 271, 272, 273, 283, 371, 403, 406, 447, 499, 514, 522, 523, 526, 555, 567, 571, 575, 604, 610, 643, 664, 676, 683, 700, 732, 747, 749, 755, 772, 780, 795, 808, 811, 814, 827, 848, 851, 855, 864, 867, 883, 892, 899, 901, 917, 924, 943, 950, 973, 984, 987]
i =  36 : [50, 70, 104, 178, 310, 368, 394, 472, 792, 862, 897, 919, 955]
i =  37 : [14, 30, 115, 271, 367, 371, 484, 521, 548, 629, 647, 676, 722, 748, 772, 885, 919, 986]
i =  38 : [52, 67, 106, 126, 211, 273, 300, 392, 455, 481, 543, 601, 747, 795, 948, 987]
i =  39 : [4, 42, 80, 118, 159, 216, 261, 320, 380, 451, 603, 606, 762, 841, 857, 858, 861, 898, 988]
i =  40 : [53, 125, 130, 134, 140, 141, 184, 190, 231, 233, 242, 282, 301, 310, 412, 442, 472, 493, 521, 530, 548, 610, 625, 646, 648, 684, 685, 722, 748, 805, 808, 819, 885, 897, 904, 911, 979, 985, 997]
i =  41 : [35, 42, 70, 85, 149, 161, 180, 184, 210, 217, 228, 259, 294, 320, 323, 371, 378, 446, 451, 454, 464, 502, 521, 533, 548, 552, 601, 610, 632, 676, 684, 685, 719, 732, 747, 748, 755, 781, 782, 783, 819, 826, 842, 843, 857, 858, 864, 895, 899, 904, 908, 951, 955]
i =  42 : [16, 108, 133, 196, 293, 365, 445, 499, 522, 563, 564, 642, 723, 820, 908, 916, 927, 954]
i =  43 : [97, 109, 110, 196, 284, 380, 421, 435, 520, 556, 602, 697, 706, 725, 748, 807, 820, 886, 904, 906, 927, 955]
i =  44 : [3, 15, 24, 86, 155, 196, 220, 255, 267, 295, 387, 413, 429, 556, 576, 747, 750, 755, 790, 798, 805, 814, 816, 820, 910, 917, 918, 927]
i =  45 : [26, 148, 151, 369, 386, 419, 424, 465, 490, 591, 610, 626, 683, 735, 748, 757, 771, 781, 827, 849, 864, 905, 967, 980, 984]
i =  46 : [38, 192, 212, 215, 244, 271, 273, 371, 442, 501, 594, 598, 619, 640, 650, 663, 712, 773, 780, 830, 836, 848, 883, 889, 890]
i =  47 : [5, 69, 220, 233, 285, 322, 359, 402, 427, 508, 605, 610, 684, 743, 748, 780, 816, 843, 876, 904, 944, 955, 984, 995]
i =  48 : [55, 58, 60, 64, 106, 152, 165, 188, 367, 392, 597, 603, 632, 647, 684, 700, 736, 820, 919, 929, 948, 989]
i =  49 : [23, 44, 90, 131, 148, 193, 210, 552, 602, 683, 686, 801, 807, 827, 864, 867, 892, 969]
i =  50 : [20, 42, 81, 93, 115, 210, 267, 275, 320, 389, 451, 485, 499, 507, 606, 671, 750, 798, 805, 857, 858, 863, 864, 908, 924, 993]
overlapping nodes are:  [4, 12, 13, 14, 15, 20, 23, 24, 26, 33, 34, 35, 42, 44, 53, 58, 64, 67, 70, 80, 81, 85, 86, 95, 106, 109, 110, 115, 116, 125, 126, 133, 134, 140, 141, 148, 151, 152, 159, 167, 174, 184, 185, 188, 190, 192, 193, 196, 200, 210, 211, 212, 215, 220, 228, 229, 231, 233, 235, 241, 242, 244, 246, 255, 261, 266, 267, 271, 272, 273, 274, 275, 282, 283, 290, 293, 304, 310, 316, 320, 322, 323, 340, 346, 359, 363, 365, 367, 368, 369, 371, 378, 379, 380, 384, 387, 389, 392, 402, 403, 408, 413, 414, 419, 424, 427, 435, 442, 445, 446, 447, 450, 451, 453, 454, 455, 458, 464, 472, 481, 490, 493, 499, 504, 506, 509, 516, 521, 522, 526, 530, 533, 534, 547, 548, 552, 555, 556, 567, 571, 576, 591, 598, 599, 601, 602, 603, 605, 606, 610, 616, 626, 632, 635, 640, 647, 648, 650, 663, 671, 676, 680, 683, 684, 685, 686, 700, 705, 712, 719, 722, 723, 732, 736, 747, 748, 749, 750, 753, 754, 755, 757, 761, 762, 768, 769, 771, 772, 775, 780, 781, 783, 790, 791, 792, 795, 798, 801, 805, 807, 808, 811, 814, 815, 816, 819, 820, 826, 827, 836, 837, 842, 843, 844, 848, 849, 857, 858, 861, 864, 867, 876, 883, 885, 889, 890, 892, 895, 897, 898, 899, 904, 905, 908, 916, 917, 918, 919, 924, 927, 930, 937, 940, 947, 948, 955, 966, 967, 973, 979, 980, 984, 987, 993, 995, 996] 
 NOO is:  256
total time is:  12474.2760031
