lens of ground_truth:  16
ground_truth is: [[21, 26, 41, 49, 71, 76, 96, 101, 137, 144, 152, 167, 201, 217, 228, 256, 269, 327, 331, 344, 354, 355, 360, 378, 414, 445, 499, 508, 536, 540, 554, 571, 617, 621, 634, 679, 681, 720, 762, 766, 777, 779, 781, 790, 797, 837, 858, 863, 886, 917, 959, 961, 965, 968, 969, 972], [28, 33, 58, 83, 91, 106, 120, 181, 192, 205, 262, 279, 283, 287, 314, 339, 398, 402, 407, 413, 434, 439, 443, 501, 512, 551, 556, 582, 641, 689, 782, 806, 818, 867, 877, 889, 912, 914, 916, 942, 958, 963, 966, 973, 975, 985, 992, 994, 997], [5, 6, 14, 37, 60, 75, 77, 80, 84, 87, 97, 102, 103, 109, 130, 154, 157, 172, 178, 187, 195, 197, 207, 221, 230, 249, 254, 255, 265, 268, 281, 289, 290, 308, 310, 319, 333, 335, 348, 363, 385, 387, 394, 396, 416, 424, 432, 444, 468, 474, 479, 511, 532, 539, 542, 543, 549, 553, 555, 567, 575, 600, 610, 627, 638, 643, 645, 665, 693, 695, 707, 719, 731, 743, 748, 750, 755, 780, 784, 815, 825, 839, 868, 896, 900, 903, 904, 905, 909, 910, 923, 930, 932, 950, 951, 952, 974, 983, 996, 999], [51, 67, 69, 145, 164, 208, 237, 263, 266, 270, 323, 343, 345, 366, 399, 403, 423, 440, 455, 462, 502, 515, 518, 522, 529, 541, 586, 589, 614, 615, 646, 649, 654, 669, 670, 676, 694, 703, 708, 710, 715, 728, 730, 745, 760, 769, 787, 793, 817, 849, 855, 860, 871, 874, 921, 929, 931, 937, 940, 962, 977, 993], [9, 18, 19, 34, 62, 112, 161, 188, 193, 202, 211, 216, 232, 367, 369, 376, 390, 392, 405, 417, 420, 425, 427, 436, 438, 441, 461, 469, 489, 498, 509, 513, 525, 526, 527, 573, 588, 606, 607, 630, 631, 668, 680, 687, 706, 722, 733, 767, 778, 795, 811, 823, 850, 872, 943, 949, 954, 970, 971], [16, 85, 98, 108, 114, 185, 199, 204, 223, 238, 241, 243, 246, 257, 275, 408, 463, 466, 485, 546, 601, 761, 826, 833, 843, 883, 907, 918], [24, 38, 40, 57, 63, 104, 160, 174, 198, 219, 305, 325, 334, 341, 353, 362, 365, 464, 496, 520, 531, 557, 559, 569, 577, 580, 584, 590, 592, 598, 622, 647, 660, 662, 663, 666, 696, 697, 701, 712, 713, 716, 725, 726, 737, 738, 740, 759, 796, 810, 816, 836, 840, 878, 888, 897, 902, 941, 944, 953, 957, 976, 1000], [12, 35, 39, 56, 59, 61, 72, 105, 117, 121, 131, 133, 135, 158, 196, 213, 229, 251, 267, 284, 288, 296, 302, 322, 328, 330, 342, 359, 373, 433, 442, 458, 467, 477, 480, 544, 545, 578, 611, 642, 655, 671, 802, 821, 845], [7, 17, 20, 22, 48, 52, 53, 92, 123, 132, 134, 147, 162, 163, 189, 234, 242, 244, 261, 350, 351, 370, 382, 386, 388, 393, 404, 415, 422, 449, 471, 472, 483, 487, 490, 491, 493, 494, 497, 500, 507, 561, 572, 574, 579, 587, 591, 593, 608, 616, 629, 640, 644, 648, 651, 652, 657, 661, 673, 683, 714, 718, 729, 756, 763, 772, 786, 799, 803, 807, 827, 847, 857, 870, 899, 915, 927, 935, 946, 948], [2, 31, 43, 45, 54, 66, 70, 82, 118, 125, 142, 170, 183, 209, 218, 272, 285, 293, 295, 299, 317, 336, 346, 347, 358, 361, 381, 454, 460, 476, 503, 537, 547, 576, 595, 602, 609, 623, 628, 639, 658, 659, 711, 723, 741, 753, 757, 758, 764, 770, 774, 788, 792, 804, 809, 844, 859, 861, 864, 866, 875, 895, 898, 913, 919, 939, 981], [4, 30, 44, 115, 119, 126, 141, 184, 190, 200, 206, 220, 227, 277, 286, 303, 307, 324, 332, 380, 397, 418, 459, 473, 530, 538, 604, 636, 704, 709, 742, 751, 765, 771, 798, 801, 808, 819, 820, 828, 834, 842, 848, 854, 856, 873, 879, 924, 925, 938, 964, 978, 988], [11, 42, 113, 150, 175, 214, 276, 278, 298, 300, 311, 318, 329, 340, 375, 383, 428, 448, 452, 475, 481, 484, 505, 521, 581, 603, 626, 717, 734, 735, 747, 852, 887], [55, 86, 116, 128, 143, 149, 176, 231, 233, 240, 297, 309, 326, 337, 338, 379, 456, 495, 516, 528, 534, 535, 548, 552, 563, 564, 565, 583, 605, 619, 620, 635, 688, 692, 705, 754, 785, 789, 831, 835, 838, 865, 884, 891, 892, 928, 947, 955, 967, 990, 991], [1, 3, 10, 15, 47, 65, 73, 88, 89, 90, 95, 100, 136, 146, 153, 156, 165, 166, 180, 203, 212, 222, 224, 226, 236, 253, 271, 282, 291, 294, 315, 316, 371, 372, 374, 389, 391, 395, 400, 406, 409, 446, 450, 451, 465, 504, 506, 510, 523, 550, 568, 599, 612, 632, 633, 682, 686, 691, 700, 702, 721, 727, 739, 749, 768, 775, 783, 813, 824, 829, 830, 841, 846, 876, 880, 881, 894, 908, 911, 926, 933, 934, 945, 956, 960, 979, 986, 998], [23, 50, 64, 68, 74, 94, 99, 107, 110, 122, 138, 139, 151, 168, 169, 173, 177, 225, 235, 245, 247, 248, 258, 260, 264, 280, 292, 312, 313, 320, 321, 349, 352, 357, 368, 410, 419, 421, 431, 453, 470, 486, 514, 524, 533, 566, 570, 596, 613, 618, 624, 625, 637, 650, 653, 667, 672, 675, 684, 685, 690, 698, 699, 724, 736, 744, 752, 773, 814, 851, 862, 869, 885, 906, 922, 936, 984, 987], [8, 13, 25, 27, 29, 32, 36, 46, 78, 79, 81, 93, 111, 124, 127, 129, 140, 148, 155, 159, 171, 179, 182, 186, 191, 194, 210, 215, 239, 250, 252, 259, 273, 274, 301, 304, 306, 356, 364, 377, 384, 401, 411, 412, 426, 429, 430, 435, 437, 447, 457, 478, 482, 488, 492, 517, 519, 558, 560, 562, 585, 594, 597, 656, 664, 674, 677, 678, 732, 746, 776, 791, 794, 800, 805, 812, 822, 832, 853, 882, 890, 893, 901, 920, 980, 982, 989, 995]]
nodes: [69, 74, 93, 104, 157, 186, 197, 200, 209, 245, 261, 322, 349, 357, 388, 394, 424, 427, 436, 458, 508, 529, 555, 562, 563, 564, 581, 632, 648, 661, 670, 692, 734, 737, 738, 739, 755, 764, 792, 807, 814, 826, 839, 897, 899, 900, 943, 945, 956, 986, 987] num of nodes:  51
[[69, 420, 346, 340], [74, 769, 834], [17, 844, 93], [38, 407, 104, 599], [32, 258, 157], [186, 671, 947, 821], [128, 647, 197], [32, 59, 200], [7, 543, 209], [79, 466, 245], [67, 261, 723, 830], [21, 322, 315, 927], [111, 517, 98, 349], [20, 403, 357, 614], [20, 388, 271], [108, 394, 494], [66, 332, 424], [30, 427, 842], [36, 436, 656], [22, 664, 458], [227, 550, 457, 508], [13, 529, 298], [120, 825, 323, 555], [390, 562, 619, 765], [25, 563, 497], [27, 272, 564], [199, 578, 581, 887], [4, 632, 664], [375, 648, 474, 596], [44, 661, 378], [350, 612, 984, 670], [139, 692, 657], [20, 128, 734, 663], [13, 737, 673], [239, 558, 738, 935], [19, 673, 739], [42, 604, 755], [38, 764, 495], [111, 792, 578], [24, 807, 428], [32, 258, 814], [52, 399, 826], [40, 839, 601], [139, 897, 776], [42, 39, 899], [80, 900, 489], [592, 943, 387], [42, 515, 945, 658], [111, 422, 956, 311], [133, 1000, 986], [30, 987, 180]]
len of cliques:  51
length of seeds:  51
seeds:  [[69, 420, 346, 340], [38, 407, 104, 599], [186, 671, 947, 821], [67, 261, 723, 830], [21, 322, 315, 927], [111, 517, 98, 349], [20, 403, 357, 614], [227, 550, 457, 508], [120, 825, 323, 555], [390, 562, 619, 765], [199, 578, 581, 887], [375, 648, 474, 596], [350, 612, 984, 670], [20, 128, 734, 663], [239, 558, 738, 935], [42, 515, 945, 658], [111, 422, 956, 311], [74, 769, 834], [17, 844, 93], [32, 258, 157], [128, 647, 197], [32, 59, 200], [7, 543, 209], [79, 466, 245], [20, 388, 271], [108, 394, 494], [66, 332, 424], [30, 427, 842], [36, 436, 656], [22, 664, 458], [13, 529, 298], [25, 563, 497], [27, 272, 564], [4, 632, 664], [44, 661, 378], [139, 692, 657], [13, 737, 673], [19, 673, 739], [42, 604, 755], [38, 764, 495], [111, 792, 578], [24, 807, 428], [32, 258, 814], [52, 399, 826], [40, 839, 601], [139, 897, 776], [42, 39, 899], [80, 900, 489], [592, 943, 387], [133, 1000, 986], [30, 987, 180]]
seeds_fitness [0.026490066225165563, 0.02912621359223301, 0.027906976744186046, 0.031746031746031744, 0.03571428571428571, 0.024640657084188913, 0.024742268041237112, 0.017830609212481426, 0.039473684210526314, 0.02977667493796526, 0.023255813953488372, 0.026490066225165563, 0.018404907975460124, 0.02072538860103627, 0.0273972602739726, 0.017045454545454544, 0.02120141342756184, 0.022813688212927757, 0.024691358024691357, 0.02586206896551724, 0.018691588785046728, 0.023346303501945526, 0.03896103896103896, 0.03333333333333333, 0.02459016393442623, 0.019736842105263157, 0.030303030303030304, 0.029411764705882353, 0.02727272727272727, 0.029411764705882353, 0.028037383177570093, 0.045454545454545456, 0.024489795918367346, 0.025, 0.023346303501945526, 0.0410958904109589, 0.014492753623188406, 0.027777777777777776, 0.018633540372670808, 0.025210084033613446, 0.0125, 0.02553191489361702, 0.019169329073482427, 0.02631578947368421, 0.024489795918367346, 0.05504587155963303, 0.019230769230769232, 0.05660377358490566, 0.02564102564102564, 0.046875, 0.02843601895734597]
after sort list of tuple: [(47, 0.05660377358490566), (45, 0.05504587155963303), (49, 0.046875), (31, 0.045454545454545456), (35, 0.0410958904109589), (8, 0.039473684210526314), (22, 0.03896103896103896), (4, 0.03571428571428571), (23, 0.03333333333333333), (3, 0.031746031746031744), (26, 0.030303030303030304), (9, 0.02977667493796526), (27, 0.029411764705882353), (29, 0.029411764705882353), (1, 0.02912621359223301), (50, 0.02843601895734597), (30, 0.028037383177570093), (2, 0.027906976744186046), (37, 0.027777777777777776), (14, 0.0273972602739726), (28, 0.02727272727272727), (0, 0.026490066225165563), (11, 0.026490066225165563), (43, 0.02631578947368421), (19, 0.02586206896551724), (48, 0.02564102564102564), (41, 0.02553191489361702), (39, 0.025210084033613446), (33, 0.025), (6, 0.024742268041237112), (18, 0.024691358024691357), (5, 0.024640657084188913), (24, 0.02459016393442623), (32, 0.024489795918367346), (44, 0.024489795918367346), (21, 0.023346303501945526), (34, 0.023346303501945526), (10, 0.023255813953488372), (17, 0.022813688212927757), (16, 0.02120141342756184), (13, 0.02072538860103627), (25, 0.019736842105263157), (46, 0.019230769230769232), (42, 0.019169329073482427), (20, 0.018691588785046728), (38, 0.018633540372670808), (12, 0.018404907975460124), (7, 0.017830609212481426), (15, 0.017045454545454544), (36, 0.014492753623188406), (40, 0.0125)]
seeds_sorted [[80, 900, 489], [139, 897, 776], [133, 1000, 986], [25, 563, 497], [139, 692, 657], [120, 825, 323, 555], [7, 543, 209], [21, 322, 315, 927], [79, 466, 245], [67, 261, 723, 830], [66, 332, 424], [390, 562, 619, 765], [30, 427, 842], [22, 664, 458], [38, 407, 104, 599], [30, 987, 180], [13, 529, 298], [186, 671, 947, 821], [19, 673, 739], [239, 558, 738, 935], [36, 436, 656], [69, 420, 346, 340], [375, 648, 474, 596], [52, 399, 826], [32, 258, 157], [592, 943, 387], [24, 807, 428], [38, 764, 495], [4, 632, 664], [20, 403, 357, 614], [17, 844, 93], [111, 517, 98, 349], [20, 388, 271], [27, 272, 564], [40, 839, 601], [32, 59, 200], [44, 661, 378], [199, 578, 581, 887], [74, 769, 834], [111, 422, 956, 311], [20, 128, 734, 663], [108, 394, 494], [42, 39, 899], [32, 258, 814], [128, 647, 197], [42, 604, 755], [350, 612, 984, 670], [227, 550, 457, 508], [42, 515, 945, 658], [13, 737, 673], [111, 792, 578]]
args__________ ([[80, 900, 489], [111, 517, 98, 349], [20, 388, 271], [111, 792, 578]],)
args__________ ([[139, 897, 776], [17, 844, 93], [27, 272, 564], [13, 737, 673]],)
args__________ ([[133, 1000, 986], [20, 403, 357, 614], [40, 839, 601], [42, 515, 945, 658]],)
args__________ ([[25, 563, 497], [4, 632, 664], [32, 59, 200]],)
args__________ ([[139, 692, 657], [38, 764, 495], [44, 661, 378]],)
args__________ ([[120, 825, 323, 555], [24, 807, 428], [199, 578, 581, 887]],)
args__________ ([[7, 543, 209], [592, 943, 387], [74, 769, 834]],)
args__________ ([[21, 322, 315, 927], [32, 258, 157], [111, 422, 956, 311]],)
args__________ ([[79, 466, 245], [52, 399, 826], [20, 128, 734, 663]],)
args__________ ([[67, 261, 723, 830], [375, 648, 474, 596], [108, 394, 494]],)
args__________ ([[66, 332, 424], [69, 420, 346, 340], [42, 39, 899]],)
args__________ ([[390, 562, 619, 765], [36, 436, 656], [32, 258, 814]],)
args__________ ([[30, 427, 842], [239, 558, 738, 935], [128, 647, 197]],)
args__________ ([[22, 664, 458], [19, 673, 739], [42, 604, 755]],)
args__________ ([[38, 407, 104, 599], [186, 671, 947, 821], [350, 612, 984, 670]],)
args__________ ([[30, 987, 180], [13, 529, 298], [227, 550, 457, 508]],)
finish process___________________
i =  0 [900, 489, 492, 686, 15, 80, 241, 54, 425, 313, 511]
i =  1 [517, 138, 15, 915, 532, 278, 26, 922, 164, 425, 50, 559, 818, 54, 313, 957, 961, 451, 463, 80, 211, 88, 349, 992, 98, 489, 492, 111, 241, 745, 890]
i =  2 [384, 898, 388, 645, 271, 786, 20, 281, 158, 47, 438, 961, 333, 977, 597, 222, 992, 741, 743, 745, 871, 748, 127]
i =  3 [897, 898, 771, 650, 140, 962, 14, 915, 532, 792, 922, 929, 162, 731, 43, 939, 432, 690, 439, 442, 138, 576, 961, 578, 585, 459, 77, 466, 633, 91, 992, 99, 748, 957, 111, 368, 55, 890, 510, 511]
i =  4 [960, 897, 898, 99, 992, 961, 776, 745, 139, 748, 55, 890, 511]
i =  5 [880, 579, 777, 425, 939, 844, 15, 752, 17, 492, 172, 54, 983, 313, 655, 93, 510]
i =  6 [5, 265, 778, 272, 276, 917, 27, 806, 551, 812, 689, 564, 777, 266, 189, 958, 582, 587, 78, 988, 96, 867, 300, 870, 999, 751, 496, 55, 892, 126]
i =  7 [652, 13, 783, 913, 274, 533, 673, 549, 298, 435, 447, 737, 465, 655, 348, 353, 354, 870, 235, 749, 496, 498, 500, 762, 892, 127]
i =  8 [417, 133, 903, 1000, 364, 972, 917, 630, 312, 761, 374, 986]
i =  9 [898, 645, 269, 785, 786, 403, 20, 281, 282, 797, 158, 292, 934, 680, 938, 939, 556, 559, 178, 438, 57, 961, 585, 208, 977, 987, 357, 741, 614, 745, 748, 113, 510]
i =  10 [1, 835, 292, 374, 262, 839, 40, 777, 266, 779, 8, 867, 917, 417, 999, 793, 785, 989, 601]
i =  11 [1, 2, 3, 4, 5, 6, 7, 8, 9, 10, 11, 12, 13, 14, 15, 16, 17, 18, 19, 20, 21, 22, 23, 24, 25, 26, 27, 28, 29, 30, 31, 32, 33, 34, 35, 36, 37, 38, 39, 40, 41, 42, 43, 44, 45, 46, 47, 48, 49, 50, 51, 52, 53, 54, 55, 56, 57, 58, 59, 60, 61, 62, 63, 64, 65, 66, 67, 68, 69, 70, 71, 72, 73, 74, 75, 76, 77, 78, 79, 80, 81, 82, 83, 84, 85, 86, 87, 88, 89, 90, 91, 92, 93, 94, 95, 96, 97, 98, 99, 100, 101, 102, 103, 104, 105, 106, 107, 108, 109, 110, 111, 112, 113, 114, 115, 116, 117, 118, 119, 120, 121, 122, 123, 124, 125, 126, 127, 128, 129, 130, 131, 132, 133, 134, 135, 136, 137, 138, 139, 140, 141, 142, 143, 144, 145, 146, 147, 148, 149, 150, 151, 152, 153, 154, 155, 156, 157, 158, 159, 160, 161, 162, 163, 164, 165, 166, 167, 168, 169, 170, 171, 172, 173, 174, 175, 176, 177, 178, 179, 180, 181, 182, 183, 184, 185, 186, 187, 188, 189, 190, 191, 192, 193, 194, 195, 196, 197, 198, 199, 200, 201, 202, 203, 204, 205, 206, 207, 208, 209, 210, 211, 212, 213, 214, 215, 216, 217, 218, 219, 220, 221, 222, 223, 224, 225, 226, 227, 228, 229, 230, 231, 232, 233, 234, 235, 236, 237, 238, 239, 240, 241, 242, 243, 244, 245, 246, 247, 248, 249, 250, 251, 252, 253, 254, 255, 256, 257, 258, 259, 260, 261, 262, 263, 264, 265, 266, 267, 268, 269, 270, 271, 272, 273, 274, 275, 276, 277, 278, 279, 280, 281, 282, 283, 284, 285, 286, 287, 288, 289, 290, 291, 292, 293, 294, 295, 296, 297, 298, 299, 300, 301, 302, 303, 304, 305, 306, 307, 308, 309, 310, 311, 312, 313, 314, 315, 316, 317, 318, 319, 320, 321, 322, 323, 324, 325, 326, 327, 328, 329, 330, 331, 332, 333, 334, 335, 336, 337, 338, 339, 340, 341, 342, 343, 344, 345, 346, 347, 348, 349, 350, 351, 352, 353, 354, 355, 356, 357, 358, 359, 360, 361, 362, 363, 364, 365, 366, 367, 368, 369, 370, 371, 372, 373, 374, 375, 376, 377, 378, 379, 380, 381, 382, 383, 384, 385, 386, 387, 388, 389, 390, 391, 392, 393, 394, 395, 396, 397, 398, 399, 400, 401, 402, 403, 404, 405, 406, 407, 408, 409, 410, 411, 412, 413, 414, 415, 416, 417, 418, 419, 420, 421, 422, 423, 424, 425, 426, 427, 428, 429, 430, 431, 432, 433, 434, 435, 436, 437, 438, 439, 440, 441, 442, 443, 444, 445, 446, 447, 448, 449, 450, 451, 452, 453, 454, 455, 456, 457, 458, 459, 460, 461, 462, 463, 464, 465, 466, 467, 468, 469, 470, 471, 472, 473, 474, 475, 476, 477, 478, 479, 480, 481, 482, 483, 484, 485, 486, 487, 488, 489, 490, 491, 492, 493, 494, 495, 496, 497, 498, 499, 500, 501, 502, 503, 504, 505, 506, 507, 508, 509, 510, 511, 512, 513, 514, 515, 516, 517, 518, 519, 520, 521, 522, 523, 524, 525, 526, 527, 528, 529, 530, 531, 532, 533, 534, 535, 536, 537, 538, 539, 540, 541, 542, 543, 544, 545, 546, 547, 548, 549, 550, 551, 552, 553, 554, 555, 556, 557, 558, 559, 560, 561, 562, 563, 564, 565, 566, 567, 568, 569, 570, 571, 572, 573, 574, 575, 576, 577, 578, 579, 580, 581, 582, 583, 584, 585, 586, 587, 588, 589, 590, 591, 592, 593, 594, 595, 596, 597, 598, 599, 600, 601, 602, 603, 604, 605, 606, 607, 608, 609, 610, 611, 612, 613, 614, 615, 616, 617, 618, 619, 620, 621, 622, 623, 624, 625, 626, 627, 628, 629, 630, 631, 632, 633, 634, 635, 636, 637, 638, 639, 640, 641, 642, 643, 644, 645, 646, 647, 648, 649, 650, 651, 652, 653, 654, 655, 656, 657, 658, 659, 660, 661, 662, 663, 664, 665, 666, 667, 668, 669, 670, 671, 672, 673, 674, 675, 676, 677, 678, 679, 680, 681, 682, 683, 684, 685, 686, 687, 688, 689, 690, 691, 692, 693, 694, 695, 696, 697, 698, 699, 700, 701, 702, 703, 704, 705, 706, 707, 708, 709, 710, 711, 712, 713, 714, 715, 716, 717, 718, 719, 720, 721, 722, 723, 724, 725, 726, 727, 728, 729, 730, 731, 732, 733, 734, 735, 736, 737, 738, 739, 740, 741, 742, 743, 744, 745, 746, 747, 748, 749, 750, 751, 752, 753, 754, 755, 756, 757, 758, 759, 760, 761, 762, 763, 764, 765, 766, 767, 768, 769, 770, 771, 772, 773, 774, 775, 776, 777, 778, 779, 780, 781, 782, 783, 784, 785, 786, 787, 788, 789, 790, 791, 792, 793, 794, 795, 796, 797, 798, 799, 800, 801, 802, 803, 804, 805, 806, 807, 808, 809, 810, 811, 812, 813, 814, 815, 816, 817, 818, 819, 820, 821, 822, 823, 824, 825, 826, 827, 828, 829, 830, 831, 832, 833, 834, 835, 836, 837, 838, 839, 840, 841, 842, 843, 844, 845, 846, 847, 848, 849, 850, 851, 852, 853, 854, 855, 856, 857, 858, 859, 860, 861, 862, 863, 864, 865, 866, 867, 868, 869, 870, 871, 872, 873, 874, 875, 876, 877, 878, 879, 880, 881, 882, 883, 884, 885, 886, 887, 888, 889, 890, 891, 892, 893, 894, 895, 896, 897, 898, 899, 900, 901, 902, 903, 904, 905, 906, 907, 908, 909, 910, 911, 912, 913, 914, 915, 916, 917, 918, 919, 920, 921, 922, 923, 924, 925, 926, 927, 928, 929, 930, 931, 932, 933, 934, 935, 936, 937, 938, 939, 940, 941, 942, 943, 944, 945, 946, 947, 948, 949, 950, 951, 952, 953, 954, 955, 956, 957, 958, 959, 960, 961, 962, 963, 964, 965, 966, 967, 968, 969, 970, 971, 972, 973, 974, 975, 976, 977, 978, 979, 980, 981, 982, 983, 984, 985, 986, 987, 988, 989, 990, 991, 992, 993, 994, 995, 996, 997, 998, 999, 1000]
i =  12 [262, 556, 240, 497, 83, 563, 25, 890, 634]
i =  13 [864, 385, 898, 355, 4, 961, 456, 745, 749, 664, 99, 276, 117, 632, 761, 890, 28, 31]
i =  14 [898, 777, 15, 145, 915, 797, 32, 418, 164, 41, 693, 54, 55, 312, 313, 954, 59, 961, 451, 200, 594, 416, 90, 992, 993, 489, 748, 751, 241, 745, 504]
i =  15 [704, 960, 130, 870, 166, 776, 139, 686, 657, 692, 117, 926]
i =  16 [992, 961, 898, 771, 38, 451, 745, 459, 748, 974, 495, 124, 914, 99, 750, 364, 890, 764, 94]
i =  17 [513, 243, 997, 486, 519, 232, 169, 587, 812, 158, 44, 871, 661, 982, 378, 222]
i =  18 [555, 514, 323, 102, 779, 688, 977, 835, 308, 725, 120, 825, 859, 989, 875]
i =  19 [192, 96, 359, 807, 233, 778, 203, 428, 685, 910, 751, 265, 24, 167]
i =  20 [642, 516, 905, 779, 783, 144, 549, 938, 46, 698, 578, 835, 581, 199, 591, 271, 989, 607, 611, 100, 488, 496, 113, 887, 892]
i =  21 [795, 582, 7, 232, 169, 319, 209, 818, 243, 148, 630, 376, 185, 475, 798, 543]
i =  22 [387, 102, 488, 425, 138, 875, 941, 878, 943, 592, 977, 818, 995, 308, 54, 105, 463, 915, 607]
i =  23 [769, 834, 102, 743, 41, 74, 491, 162, 77, 653, 977, 595, 117, 470, 105, 538, 731, 426, 926, 287]
i =  24 [992, 961, 322, 470, 51, 257, 745, 748, 34, 366, 653, 83, 21, 950, 953, 315, 898, 927]
i =  25 [32, 961, 258, 579, 797, 992, 745, 75, 172, 34, 366, 813, 752, 206, 54, 425, 878, 847, 157, 318, 816]
i =  26 [262, 138, 915, 795, 33, 422, 689, 425, 939, 172, 943, 432, 817, 818, 54, 73, 185, 956, 958, 579, 566, 929, 841, 311, 463, 594, 88, 475, 94, 617, 111, 752, 55, 636]
i =  27 [816, 484, 75, 172, 941, 206, 813, 752, 466, 245, 79, 189, 914]
i =  28 [192, 257, 374, 133, 262, 417, 795, 617, 364, 717, 45, 817, 319, 399, 917, 566, 185, 591, 699, 826, 52]
i =  29 [128, 898, 645, 961, 10, 786, 20, 663, 281, 559, 158, 415, 934, 169, 47, 48, 734, 438, 442, 193, 208, 598, 222, 992, 99, 741, 232, 745, 875, 748, 726, 243, 890, 127]
i =  30 [64, 67, 836, 261, 871, 232, 169, 453, 523, 236, 557, 158, 15, 723, 276, 533, 982, 854, 830, 709]
i =  31 [385, 898, 648, 655, 151, 547, 679, 425, 938, 688, 8, 693, 54, 961, 451, 459, 333, 163, 596, 217, 474, 348, 992, 481, 867, 745, 363, 748, 113, 211, 375, 127]
i =  32 [385, 898, 518, 266, 524, 269, 15, 88, 915, 278, 794, 28, 415, 288, 292, 166, 425, 557, 943, 304, 818, 693, 54, 312, 313, 58, 394, 961, 451, 130, 138, 463, 594, 355, 216, 164, 479, 992, 867, 103, 105, 745, 108, 494, 50, 241, 211, 873, 761]
i =  33 [66, 424, 267, 332, 718, 591, 880, 786, 694, 382]
i =  34 [768, 962, 291, 420, 69, 241, 904, 649, 62, 613, 685, 15, 817, 114, 340, 693, 185, 346, 795, 766, 479]
i =  35 [899, 699, 265, 778, 782, 938, 915, 39, 42, 9, 57, 187, 522, 190, 192, 587, 464, 910, 726, 96, 766, 867, 359, 233, 167, 751, 113, 885, 509, 126]
i =  36 [390, 779, 786, 531, 917, 549, 679, 299, 172, 50, 562, 308, 201, 58, 448, 961, 451, 328, 841, 847, 211, 989, 607, 992, 741, 102, 488, 745, 619, 765, 752, 579, 659, 503, 509, 963]
i =  37 [779, 15, 656, 786, 835, 34, 36, 679, 172, 816, 436, 693, 961, 707, 201, 75, 337, 989, 459, 992, 745, 748, 622, 752, 241, 127]
i =  38 [129, 258, 645, 782, 281, 797, 158, 32, 939, 813, 814, 816, 690, 308, 438, 439, 206, 847, 208, 977, 92, 102, 889, 506, 510, 127]
i =  39 [257, 34, 259, 374, 574, 842, 427, 172, 717, 366, 688, 75, 771, 30, 534, 939, 510, 699, 752, 766]
i =  40 [898, 389, 649, 783, 16, 367, 665, 922, 539, 163, 549, 935, 939, 812, 690, 558, 178, 693, 439, 444, 574, 565, 961, 451, 867, 476, 992, 738, 99, 741, 870, 359, 745, 363, 748, 239, 496, 241, 510, 375, 890, 123, 892, 382]
i =  41 [128, 898, 3, 647, 655, 944, 676, 425, 172, 301, 48, 435, 816, 961, 579, 197, 75, 465, 981, 983, 992, 741, 745, 878, 752, 254]
i =  42 [961, 898, 99, 356, 997, 102, 232, 169, 458, 938, 848, 977, 243, 308, 496, 22, 664, 890, 29, 222, 549]
i =  43 [19, 673, 418, 3, 630, 262, 785, 41, 876, 653, 301, 465, 595, 372, 726, 739, 575, 254, 447]
i =  44 [992, 961, 898, 778, 745, 42, 587, 748, 96, 15, 241, 755, 693, 265, 379, 604, 192, 126, 751]
i =  45 [9, 15, 912, 407, 665, 666, 418, 38, 425, 177, 236, 54, 777, 313, 954, 325, 599, 216, 104, 489, 363, 364, 627, 249]
i =  46 [3, 813, 539, 286, 671, 545, 425, 172, 45, 46, 818, 947, 821, 441, 186, 579, 969, 75, 463, 88, 607, 483, 488, 878, 752, 376]
i =  47 [1, 2, 3, 4, 5, 6, 7, 8, 9, 10, 11, 12, 13, 14, 15, 16, 17, 18, 19, 20, 21, 22, 23, 24, 25, 26, 27, 28, 29, 30, 31, 32, 33, 34, 35, 36, 37, 38, 39, 40, 41, 42, 43, 44, 45, 46, 47, 48, 49, 50, 51, 52, 53, 54, 55, 56, 57, 58, 59, 60, 61, 62, 63, 64, 65, 66, 67, 68, 69, 70, 71, 72, 73, 74, 75, 76, 77, 78, 79, 80, 81, 82, 83, 84, 85, 86, 87, 88, 89, 90, 91, 92, 93, 94, 95, 96, 97, 98, 99, 100, 101, 102, 103, 104, 105, 106, 107, 108, 109, 110, 111, 112, 113, 114, 115, 116, 117, 118, 119, 120, 121, 122, 123, 124, 125, 126, 127, 128, 129, 130, 131, 132, 133, 134, 135, 136, 137, 138, 139, 140, 141, 142, 143, 144, 145, 146, 147, 148, 149, 150, 151, 152, 153, 154, 155, 156, 157, 158, 159, 160, 161, 162, 163, 164, 165, 166, 167, 168, 169, 170, 171, 172, 173, 174, 175, 176, 177, 178, 179, 180, 181, 182, 183, 184, 185, 186, 187, 188, 189, 190, 191, 192, 193, 194, 195, 196, 197, 198, 199, 200, 201, 202, 203, 204, 205, 206, 207, 208, 209, 210, 211, 212, 213, 214, 215, 216, 217, 218, 219, 220, 221, 222, 223, 224, 225, 226, 227, 228, 229, 230, 231, 232, 233, 234, 235, 236, 237, 238, 239, 240, 241, 242, 243, 244, 245, 246, 247, 248, 249, 250, 251, 252, 253, 254, 255, 256, 257, 258, 259, 260, 261, 262, 263, 264, 265, 266, 267, 268, 269, 270, 271, 272, 273, 274, 275, 276, 277, 278, 279, 280, 281, 282, 283, 284, 285, 286, 287, 288, 289, 290, 291, 292, 293, 294, 295, 296, 297, 298, 299, 300, 301, 302, 303, 304, 305, 306, 307, 308, 309, 310, 311, 312, 313, 314, 315, 316, 317, 318, 319, 320, 321, 322, 323, 324, 325, 326, 327, 328, 329, 330, 331, 332, 333, 334, 335, 336, 337, 338, 339, 340, 341, 342, 343, 344, 345, 346, 347, 348, 349, 350, 351, 352, 353, 354, 355, 356, 357, 358, 359, 360, 361, 362, 363, 364, 365, 366, 367, 368, 369, 370, 371, 372, 373, 374, 375, 376, 377, 378, 379, 380, 381, 382, 383, 384, 385, 386, 387, 388, 389, 390, 391, 392, 393, 394, 395, 396, 397, 398, 399, 400, 401, 402, 403, 404, 405, 406, 407, 408, 409, 410, 411, 412, 413, 414, 415, 416, 417, 418, 419, 420, 421, 422, 423, 424, 425, 426, 427, 428, 429, 430, 431, 432, 433, 434, 435, 436, 437, 438, 439, 440, 441, 442, 443, 444, 445, 446, 447, 448, 449, 450, 451, 452, 453, 454, 455, 456, 457, 458, 459, 460, 461, 462, 463, 464, 465, 466, 467, 468, 469, 470, 471, 472, 473, 474, 475, 476, 477, 478, 479, 480, 481, 482, 483, 484, 485, 486, 487, 488, 489, 490, 491, 492, 493, 494, 495, 496, 497, 498, 499, 500, 501, 502, 503, 504, 505, 506, 507, 508, 509, 510, 511, 512, 513, 514, 515, 516, 517, 518, 519, 520, 521, 522, 523, 524, 525, 526, 527, 528, 529, 530, 531, 532, 533, 534, 535, 536, 537, 538, 539, 540, 541, 542, 543, 544, 545, 546, 547, 548, 549, 550, 551, 552, 553, 554, 555, 556, 557, 558, 559, 560, 561, 562, 563, 564, 565, 566, 567, 568, 569, 570, 571, 572, 573, 574, 575, 576, 577, 578, 579, 580, 581, 582, 583, 584, 585, 586, 587, 588, 589, 590, 591, 592, 593, 594, 595, 596, 597, 598, 599, 600, 601, 602, 603, 604, 605, 606, 607, 608, 609, 610, 611, 612, 613, 614, 615, 616, 617, 618, 619, 620, 621, 622, 623, 624, 625, 626, 627, 628, 629, 630, 631, 632, 633, 634, 635, 636, 637, 638, 639, 640, 641, 642, 643, 644, 645, 646, 647, 648, 649, 650, 651, 652, 653, 654, 655, 656, 657, 658, 659, 660, 661, 662, 663, 664, 665, 666, 667, 668, 669, 670, 671, 672, 673, 674, 675, 676, 677, 678, 679, 680, 681, 682, 683, 684, 685, 686, 687, 688, 689, 690, 691, 692, 693, 694, 695, 696, 697, 698, 699, 700, 701, 702, 703, 704, 705, 706, 707, 708, 709, 710, 711, 712, 713, 714, 715, 716, 717, 718, 719, 720, 721, 722, 723, 724, 725, 726, 727, 728, 729, 730, 731, 732, 733, 734, 735, 736, 737, 738, 739, 740, 741, 742, 743, 744, 745, 746, 747, 748, 749, 750, 751, 752, 753, 754, 755, 756, 757, 758, 759, 760, 761, 762, 763, 764, 765, 766, 767, 768, 769, 770, 771, 772, 773, 774, 775, 776, 777, 778, 779, 780, 781, 782, 783, 784, 785, 786, 787, 788, 789, 790, 791, 792, 793, 794, 795, 796, 797, 798, 799, 800, 801, 802, 803, 804, 805, 806, 807, 808, 809, 810, 811, 812, 813, 814, 815, 816, 817, 818, 819, 820, 821, 822, 823, 824, 825, 826, 827, 828, 829, 830, 831, 832, 833, 834, 835, 836, 837, 838, 839, 840, 841, 842, 843, 844, 845, 846, 847, 848, 849, 850, 851, 852, 853, 854, 855, 856, 857, 858, 859, 860, 861, 862, 863, 864, 865, 866, 867, 868, 869, 870, 871, 872, 873, 874, 875, 876, 877, 878, 879, 880, 881, 882, 883, 884, 885, 886, 887, 888, 889, 890, 891, 892, 893, 894, 895, 896, 897, 898, 899, 900, 901, 902, 903, 904, 905, 906, 907, 908, 909, 910, 911, 912, 913, 914, 915, 916, 917, 918, 919, 920, 921, 922, 923, 924, 925, 926, 927, 928, 929, 930, 931, 932, 933, 934, 935, 936, 937, 938, 939, 940, 941, 942, 943, 944, 945, 946, 947, 948, 949, 950, 951, 952, 953, 954, 955, 956, 957, 958, 959, 960, 961, 962, 963, 964, 965, 966, 967, 968, 969, 970, 971, 972, 973, 974, 975, 976, 977, 978, 979, 980, 981, 982, 983, 984, 985, 986, 987, 988, 989, 990, 991, 992, 993, 994, 995, 996, 997, 998, 999, 1000]
i =  48 [192, 481, 867, 645, 8, 425, 938, 987, 591, 688, 180, 438, 55, 54, 655, 30]
i =  49 [417, 34, 102, 977, 328, 92, 298, 875, 13, 366, 938, 529, 308, 917, 374, 762, 731, 892, 29]
i =  50 [905, 267, 655, 508, 686, 537, 797, 161, 676, 550, 167, 425, 938, 46, 818, 693, 54, 313, 954, 189, 833, 450, 579, 417, 457, 974, 463, 80, 212, 982, 88, 15, 227, 101, 742, 489, 364, 125, 112, 241, 118, 124, 381]
finish get all communities
complete deal_communities
commplete get_all_nature_community
----------------------------------The detection result is: 

all communities: 
i =  1 : [15, 54, 80, 241, 313, 425, 489, 492, 511, 686, 900]
i =  2 : [15, 26, 50, 54, 80, 88, 98, 111, 138, 164, 211, 241, 278, 313, 349, 425, 451, 463, 489, 492, 517, 532, 559, 745, 818, 890, 915, 922, 957, 961, 992]
i =  3 : [20, 47, 127, 158, 222, 271, 281, 333, 384, 388, 438, 597, 645, 741, 743, 745, 748, 786, 871, 898, 961, 977, 992]
i =  4 : [14, 43, 55, 77, 91, 99, 111, 138, 140, 162, 368, 432, 439, 442, 459, 466, 510, 511, 532, 576, 578, 585, 633, 650, 690, 731, 748, 771, 792, 890, 897, 898, 915, 922, 929, 939, 957, 961, 962, 992]
i =  5 : [55, 99, 139, 511, 745, 748, 776, 890, 897, 898, 960, 961, 992]
i =  6 : [15, 17, 54, 93, 172, 313, 425, 492, 510, 579, 655, 752, 777, 844, 880, 939, 983]
i =  7 : [5, 27, 55, 78, 96, 126, 189, 265, 266, 272, 276, 300, 496, 551, 564, 582, 587, 689, 751, 777, 778, 806, 812, 867, 870, 892, 917, 958, 988, 999]
i =  8 : [13, 127, 235, 274, 298, 348, 353, 354, 435, 447, 465, 496, 498, 500, 533, 549, 652, 655, 673, 737, 749, 762, 783, 870, 892, 913]
i =  9 : [133, 312, 364, 374, 417, 630, 761, 903, 917, 972, 986, 1000]
i =  10 : [20, 57, 113, 158, 178, 208, 269, 281, 282, 292, 357, 403, 438, 510, 556, 559, 585, 614, 645, 680, 741, 745, 748, 785, 786, 797, 898, 934, 938, 939, 961, 977, 987]
i =  11 : [1, 8, 40, 262, 266, 292, 374, 417, 601, 777, 779, 785, 793, 835, 839, 867, 917, 989, 999]
i =  12 : [25, 83, 240, 262, 497, 556, 563, 634, 890]
i =  13 : [4, 28, 31, 99, 117, 276, 355, 385, 456, 632, 664, 745, 749, 761, 864, 890, 898, 961]
i =  14 : [15, 32, 41, 54, 55, 59, 90, 145, 164, 200, 241, 312, 313, 416, 418, 451, 489, 504, 594, 693, 745, 748, 751, 777, 797, 898, 915, 954, 961, 992, 993]
i =  15 : [117, 130, 139, 166, 657, 686, 692, 704, 776, 870, 926, 960]
i =  16 : [38, 94, 99, 124, 364, 451, 459, 495, 745, 748, 750, 764, 771, 890, 898, 914, 961, 974, 992]
i =  17 : [44, 158, 169, 222, 232, 243, 378, 486, 513, 519, 587, 661, 812, 871, 982, 997]
i =  18 : [102, 120, 308, 323, 514, 555, 688, 725, 779, 825, 835, 859, 875, 977, 989]
i =  19 : [24, 96, 167, 192, 203, 233, 265, 359, 428, 685, 751, 778, 807, 910]
i =  20 : [46, 100, 113, 144, 199, 271, 488, 496, 516, 549, 578, 581, 591, 607, 611, 642, 698, 779, 783, 835, 887, 892, 905, 938, 989]
i =  21 : [7, 148, 169, 185, 209, 232, 243, 319, 376, 475, 543, 582, 630, 795, 798, 818]
i =  22 : [54, 102, 105, 138, 308, 387, 425, 463, 488, 592, 607, 818, 875, 878, 915, 941, 943, 977, 995]
i =  23 : [41, 74, 77, 102, 105, 117, 162, 287, 426, 470, 491, 538, 595, 653, 731, 743, 769, 834, 926, 977]
i =  24 : [21, 34, 51, 83, 257, 315, 322, 366, 470, 653, 745, 748, 898, 927, 950, 953, 961, 992]
i =  25 : [32, 34, 54, 75, 157, 172, 206, 258, 318, 366, 425, 579, 745, 752, 797, 813, 816, 847, 878, 961, 992]
i =  26 : [33, 54, 55, 73, 88, 94, 111, 138, 172, 185, 262, 311, 422, 425, 432, 463, 475, 566, 579, 594, 617, 636, 689, 752, 795, 817, 818, 841, 915, 929, 939, 943, 956, 958]
i =  27 : [75, 79, 172, 189, 206, 245, 466, 484, 752, 813, 816, 914, 941]
i =  28 : [45, 52, 133, 185, 192, 257, 262, 319, 364, 374, 399, 417, 566, 591, 617, 699, 717, 795, 817, 826, 917]
i =  29 : [10, 20, 47, 48, 99, 127, 128, 158, 169, 193, 208, 222, 232, 243, 281, 415, 438, 442, 559, 598, 645, 663, 726, 734, 741, 745, 748, 786, 875, 890, 898, 934, 961, 992]
i =  30 : [15, 64, 67, 158, 169, 232, 236, 261, 276, 453, 523, 533, 557, 709, 723, 830, 836, 854, 871, 982]
i =  31 : [8, 54, 113, 127, 151, 163, 211, 217, 333, 348, 363, 375, 385, 425, 451, 459, 474, 481, 547, 596, 648, 655, 679, 688, 693, 745, 748, 867, 898, 938, 961, 992]
i =  32 : [15, 28, 50, 54, 58, 88, 103, 105, 108, 130, 138, 164, 166, 211, 216, 241, 266, 269, 278, 288, 292, 304, 312, 313, 355, 385, 394, 415, 425, 451, 463, 479, 494, 518, 524, 557, 594, 693, 745, 761, 794, 818, 867, 873, 898, 915, 943, 961, 992]
i =  33 : [66, 267, 332, 382, 424, 591, 694, 718, 786, 880]
i =  34 : [15, 62, 69, 114, 185, 241, 291, 340, 346, 420, 479, 613, 649, 685, 693, 766, 768, 795, 817, 904, 962]
i =  35 : [9, 39, 42, 57, 96, 113, 126, 167, 187, 190, 192, 233, 265, 359, 464, 509, 522, 587, 699, 726, 751, 766, 778, 782, 867, 885, 899, 910, 915, 938]
i =  36 : [50, 58, 102, 172, 201, 211, 299, 308, 328, 390, 448, 451, 488, 503, 509, 531, 549, 562, 579, 607, 619, 659, 679, 741, 745, 752, 765, 779, 786, 841, 847, 917, 961, 963, 989, 992]
i =  37 : [15, 34, 36, 75, 127, 172, 201, 241, 337, 436, 459, 622, 656, 679, 693, 707, 745, 748, 752, 779, 786, 816, 835, 961, 989, 992]
i =  38 : [32, 92, 102, 127, 129, 158, 206, 208, 258, 281, 308, 438, 439, 506, 510, 645, 690, 782, 797, 813, 814, 816, 847, 889, 939, 977]
i =  39 : [30, 34, 75, 172, 257, 259, 366, 374, 427, 510, 534, 574, 688, 699, 717, 752, 766, 771, 842, 939]
i =  40 : [16, 99, 123, 163, 178, 239, 241, 359, 363, 367, 375, 382, 389, 439, 444, 451, 476, 496, 510, 539, 549, 558, 565, 574, 649, 665, 690, 693, 738, 741, 745, 748, 783, 812, 867, 870, 890, 892, 898, 922, 935, 939, 961, 992]
i =  41 : [3, 48, 75, 128, 172, 197, 254, 301, 425, 435, 465, 579, 647, 655, 676, 741, 745, 752, 816, 878, 898, 944, 961, 981, 983, 992]
i =  42 : [22, 29, 99, 102, 169, 222, 232, 243, 308, 356, 458, 496, 549, 664, 848, 890, 898, 938, 961, 977, 997]
i =  43 : [3, 19, 41, 254, 262, 301, 372, 418, 447, 465, 575, 595, 630, 653, 673, 726, 739, 785, 876]
i =  44 : [15, 42, 96, 126, 192, 241, 265, 379, 587, 604, 693, 745, 748, 751, 755, 778, 898, 961, 992]
i =  45 : [9, 15, 38, 54, 104, 177, 216, 236, 249, 313, 325, 363, 364, 407, 418, 425, 489, 599, 627, 665, 666, 777, 912, 954]
i =  46 : [3, 45, 46, 75, 88, 172, 186, 286, 376, 425, 441, 463, 483, 488, 539, 545, 579, 607, 671, 752, 813, 818, 821, 878, 947, 969]
i =  47 : [8, 30, 54, 55, 180, 192, 425, 438, 481, 591, 645, 655, 688, 867, 938, 987]
i =  48 : [13, 29, 34, 92, 102, 298, 308, 328, 366, 374, 417, 529, 731, 762, 875, 892, 917, 938, 977]
i =  49 : [15, 46, 54, 80, 88, 101, 112, 118, 124, 125, 161, 167, 189, 212, 227, 241, 267, 313, 364, 381, 417, 425, 450, 457, 463, 489, 508, 537, 550, 579, 655, 676, 686, 693, 742, 797, 818, 833, 905, 938, 954, 974, 982]
overlapping nodes are:  [3, 8, 9, 13, 15, 20, 28, 29, 30, 32, 34, 38, 41, 42, 45, 46, 47, 48, 50, 54, 55, 57, 58, 75, 77, 80, 83, 88, 92, 94, 96, 99, 102, 105, 111, 113, 117, 124, 126, 127, 128, 130, 133, 138, 139, 158, 162, 163, 164, 166, 167, 169, 172, 178, 185, 189, 192, 201, 206, 208, 211, 216, 222, 232, 233, 236, 241, 243, 254, 257, 258, 262, 265, 266, 267, 269, 271, 276, 278, 281, 292, 298, 301, 308, 312, 313, 319, 328, 333, 348, 355, 359, 363, 364, 366, 374, 375, 376, 382, 385, 415, 417, 418, 425, 432, 435, 438, 439, 442, 447, 451, 459, 463, 465, 466, 470, 475, 479, 481, 488, 489, 492, 496, 509, 510, 511, 532, 533, 539, 549, 556, 557, 559, 566, 574, 578, 579, 582, 585, 587, 591, 594, 595, 607, 617, 630, 645, 649, 653, 655, 664, 665, 673, 676, 679, 685, 686, 688, 689, 690, 693, 699, 717, 726, 731, 741, 743, 745, 748, 749, 751, 752, 761, 762, 766, 771, 776, 777, 778, 779, 782, 783, 785, 786, 795, 797, 812, 813, 816, 817, 818, 835, 841, 847, 867, 870, 871, 875, 878, 880, 890, 892, 897, 898, 905, 910, 914, 915, 917, 922, 926, 929, 934, 938, 939, 941, 943, 954, 957, 958, 960, 961, 962, 974, 977, 982, 983, 987, 989, 992, 997, 999] 
 NOO is:  232
total time is:  13623.9360831
