lens of ground_truth:  47
ground_truth is: [[45, 59, 61, 93, 131, 134, 214, 298, 348, 359, 423, 428, 477, 483, 523, 546, 625, 654, 706, 715, 735, 828, 842, 882, 887, 893, 912, 913, 920, 924, 925, 942, 946, 955, 960, 961, 962, 964, 966, 989, 992], [12, 24, 31, 131, 181, 221, 237, 241, 304, 326, 345, 374, 389, 439, 470, 489, 522, 529, 640, 710, 732, 820, 823, 850, 987], [6, 39, 66, 78, 161, 165, 182, 254, 265, 268, 291, 307, 359, 449, 473, 547, 617, 630, 637, 676, 678, 689, 744, 753, 754, 789, 902, 950, 951, 958, 975, 982, 987], [54, 84, 175, 179, 218, 222, 247, 306, 429, 525, 533, 559, 613, 660, 733, 743, 770, 925, 926], [14, 81, 192, 194, 252, 297, 312, 315, 318, 363, 404], [17, 24, 160, 162, 209, 215, 255, 278, 322, 334, 365, 381, 395, 397, 436, 439, 494, 513, 542, 583, 650, 651, 673, 742, 748, 794, 821, 824, 831, 867, 879, 885, 923, 930, 934, 978, 988, 991, 1000], [32, 95, 145, 202, 347, 376, 384, 448, 472, 872, 998], [4, 26, 37, 65, 123, 224, 235, 264, 271, 382, 406, 413, 540, 565, 584, 598, 647, 657, 722, 745, 808, 851, 872], [98, 106, 130, 154, 249, 251, 284, 414, 450, 509, 574, 600, 601, 994], [5, 11, 40, 159, 275, 320, 323, 343, 364, 518, 541, 573, 576, 631, 644, 681], [10, 100, 124, 369, 383, 398, 508, 592, 668, 695, 704, 730, 734, 755, 766, 779, 787, 788, 791, 855, 857, 965], [8, 43, 113, 136, 189, 227, 228, 261, 399, 456, 519, 544, 628, 641, 690, 700, 717, 725, 749, 981], [13, 23, 34, 35, 64, 110, 232, 266, 346, 415, 418, 511, 607, 631, 658, 665, 677, 723, 736, 741, 781, 822, 835, 869, 888, 897, 901, 904, 908, 921, 933, 934, 938, 941, 944, 972, 976, 978, 979, 990, 997], [30, 88, 161, 220, 408, 416, 435, 467, 478, 516, 539, 570, 579, 589, 618, 649, 716, 747, 771, 785, 875, 884, 889, 896, 992], [29, 46, 129, 140, 169, 279, 375, 393, 411, 455, 464, 521, 555, 619], [25, 27, 58, 208, 212, 216, 238, 295, 330, 396, 871], [72, 90, 104, 108, 147, 244, 245, 294, 335, 407, 560, 602, 604, 611, 746, 776, 810, 858, 859, 891, 906, 910, 922, 932, 935, 965, 981], [63, 68, 190, 222, 281, 283, 308, 422, 485, 503, 543, 552, 562, 569, 585, 615, 628, 642, 667, 671, 699, 740, 765, 815, 838, 886, 898, 929, 932, 956, 959, 989], [3, 44, 139, 172, 184, 243, 299, 300, 396, 462, 528, 534, 535, 553, 591, 612, 614, 687, 693, 801, 811, 834, 864, 874], [20, 56, 191, 195, 205, 248, 258, 269, 272, 286, 373, 399, 403, 432, 567, 610, 620, 621, 623, 636, 726, 728, 775, 778, 789, 795, 871, 899, 907, 949, 953, 957, 964, 969, 980, 993, 999], [16, 79, 137, 166, 188, 213, 309, 313, 548, 568, 588, 596, 643, 655, 662, 686, 724, 796, 800, 802, 806, 881, 890, 892, 894, 914, 935], [157, 186, 233, 262, 274, 282, 371, 392, 405, 481, 484, 492, 501, 520, 595], [144, 146, 155, 177, 283, 316, 344, 431, 506, 561, 564, 590, 624, 629, 648, 663, 682, 685, 772, 813, 829, 852], [82, 94, 128, 170, 225, 360, 379, 410, 433, 458, 490, 498, 563, 587, 670, 711, 798, 807, 822, 825, 854, 866, 941, 947], [83, 96, 111, 125, 132, 142, 250, 267, 292, 361, 367, 446, 452, 491, 556, 580, 656, 842], [19, 70, 85, 159, 163, 167, 185, 299, 394, 419, 454, 554, 571, 606, 669, 702, 729, 759, 853, 870, 873, 947, 974, 994], [35, 53, 205, 311, 324, 378, 400, 417, 421, 424, 469, 507, 532, 551, 581, 632, 645, 653, 691, 693, 701, 712, 737, 750, 752, 757, 760, 792, 803, 814, 839, 865, 895, 909, 919, 943, 954, 970, 983, 995], [5, 50, 55, 117, 127, 151, 156, 180, 338, 370, 426, 437, 482, 582, 634, 666, 680, 705, 758, 793, 797, 805, 841, 861], [48, 97, 102, 198, 226, 236, 327, 358, 369, 449, 457, 512, 524, 538, 557, 674, 684, 763, 784, 833, 950], [75, 76, 112, 124, 152, 176, 310, 366, 372, 443, 515, 549, 652, 707, 960], [36, 43, 60, 77, 135, 153, 164, 217, 242, 303, 324, 331, 341, 350, 380, 468, 577, 586, 599, 622, 664, 691, 698, 718, 735, 737, 790, 819, 860, 940, 971, 977], [73, 105, 138, 191, 257, 259, 321, 336, 355, 441, 514, 609, 616, 659, 688, 696, 927], [44, 51, 89, 143, 229, 270, 292, 357, 385, 412, 421, 502, 517, 762], [99, 115, 118, 190, 200, 230, 340, 353, 368, 459, 474, 480, 486, 550, 578, 773, 812, 818, 826, 830, 843, 849], [17, 21, 87, 91, 103, 114, 149, 174, 182, 201, 273, 296, 333, 438, 453, 493, 495, 500, 531, 572, 575, 605, 641, 719, 738, 754, 765, 795, 863, 878, 880, 883, 884, 917, 931, 948, 952, 963, 973, 985, 998], [28, 158, 193, 210, 293, 296, 342, 425, 430, 444, 476, 537, 597, 608, 727, 769, 891, 945], [71, 126, 148, 223, 420, 451, 475, 479, 527, 530, 536, 594, 627, 635, 646, 661, 926], [18, 34, 38, 107, 119, 120, 187, 197, 219, 287, 302, 328, 332, 333, 337, 386, 402, 460, 499, 566, 575, 638, 639, 653, 689, 704, 718, 761, 827, 840, 856, 865, 911, 916, 918, 927, 939, 954, 968, 974, 984, 986, 996], [57, 121, 122, 196, 207, 253, 285, 387, 392, 920], [2, 7, 183, 203, 290, 305, 319, 356, 388, 397, 463, 487, 488, 593, 658], [42, 62, 86, 211, 325, 377, 391, 442, 471, 675, 679, 692, 703, 713, 714, 739, 767, 768, 774, 777], [9, 22, 41, 52, 239, 251, 260, 280, 288, 351, 354, 437, 497, 505, 513, 603, 683, 721, 731, 782, 817, 844, 862, 868], [80, 116, 141, 173, 277, 440, 466, 510, 526, 558, 626, 708, 709, 720, 751, 761, 764, 783, 799, 809, 815, 816, 836, 837, 846, 847, 876, 877], [47, 74, 133, 178, 234, 240, 317, 329, 496, 504, 762, 840], [33, 150, 199, 206, 231, 289, 339, 390, 401, 409, 445, 545, 633, 694, 697, 882], [23, 49, 67, 92, 93, 101, 109, 134, 168, 171, 181, 256, 263, 301, 314, 367, 427, 428, 429, 434, 447, 461, 506, 600, 672, 744, 756, 772, 780, 786, 804, 827, 832, 845, 848, 900, 903, 905, 915, 928, 936, 937, 942, 945, 967], [1, 15, 68, 69, 204, 246, 276, 349, 352, 362, 465]]
nodes: [555, 656, 673, 681, 696, 754, 769, 777, 799, 808, 822, 824, 837, 841, 843, 844, 850, 852, 855, 874, 882, 892, 925, 936, 937, 946, 950, 959, 968, 971, 974, 981, 983, 988, 992, 993, 997, 998] num of nodes:  38
[[46, 521, 619, 464, 129, 555], [361, 452, 656, 842, 556, 446], [583, 930, 991, 1000, 879, 821, 673, 867], [320, 576, 644, 518, 681, 573, 323, 541], [73, 609, 616, 696, 927, 659, 138], [676, 975, 982, 951, 987, 958, 754, 902], [193, 769, 210, 597, 727, 608, 945], [442, 768, 774, 679, 777, 714, 692, 767, 703, 739], [626, 877, 799, 836, 876, 751, 783, 709], [271, 745, 851, 584, 722, 808, 565], [458, 807, 947, 854, 825, 822, 587], [650, 1000, 991, 879, 930, 885, 978, 824], [526, 877, 720, 846, 837, 809, 816, 764], [338, 705, 805, 797, 666, 861, 680, 841], [459, 578, 773, 550, 843, 849, 818, 826, 812, 830], [280, 603, 868, 844, 817, 683, 782, 351, 721], [221, 820, 732, 850, 345, 823], [564, 682, 685, 813, 852, 829, 590, 624, 663], [668, 788, 779, 855, 787, 755, 734, 791, 857, 730, 766, 965], [462, 801, 834, 874, 811, 687, 864, 614, 534], [199, 694, 697, 390, 882, 633, 339], [309, 890, 881, 914, 894, 643, 796, 892], [84, 770, 613, 925, 743, 660, 733, 525], [256, 936, 905, 915, 786, 967], [171, 903, 937, 848, 915, 832], [654, 913, 966, 893, 912, 706, 946, 924], [617, 902, 975, 982, 958, 951, 678, 753, 950, 630], [503, 898, 956, 959, 929, 667, 671, 615], [107, 996, 939, 856, 984, 916, 968], [380, 940, 971, 977, 790, 664, 860, 622], [163, 994, 870, 873, 729, 974, 853, 702, 606], [611, 906, 910, 922, 859, 965, 858, 810, 981], [632, 995, 750, 983, 839, 712, 943, 909, 895], [583, 930, 991, 1000, 879, 821, 988, 885, 867], [220, 896, 875, 785, 889, 992, 747, 516], [610, 980, 999, 969, 993, 907, 949, 899, 957, 728, 953], [997, 908, 938, 990, 972, 933, 835, 944, 904, 888, 921], [145, 384, 448, 998, 872, 472, 376, 202, 347]]
len of cliques:  38
downsides after: [[668, 788, 779, 855, 787, 755, 734, 791, 857, 730, 766, 965], [610, 980, 999, 969, 993, 907, 949, 899, 957, 728, 953], [997, 908, 938, 990, 972, 933, 835, 944, 904, 888, 921], [442, 768, 774, 679, 777, 714, 692, 767, 703, 739], [459, 578, 773, 550, 843, 849, 818, 826, 812, 830], [617, 902, 975, 982, 958, 951, 678, 753, 950, 630], [280, 603, 868, 844, 817, 683, 782, 351, 721], [564, 682, 685, 813, 852, 829, 590, 624, 663], [462, 801, 834, 874, 811, 687, 864, 614, 534], [163, 994, 870, 873, 729, 974, 853, 702, 606], [611, 906, 910, 922, 859, 965, 858, 810, 981], [632, 995, 750, 983, 839, 712, 943, 909, 895], [583, 930, 991, 1000, 879, 821, 988, 885, 867], [145, 384, 448, 998, 872, 472, 376, 202, 347], [583, 930, 991, 1000, 879, 821, 673, 867], [320, 576, 644, 518, 681, 573, 323, 541], [676, 975, 982, 951, 987, 958, 754, 902], [626, 877, 799, 836, 876, 751, 783, 709], [650, 1000, 991, 879, 930, 885, 978, 824], [526, 877, 720, 846, 837, 809, 816, 764], [338, 705, 805, 797, 666, 861, 680, 841], [309, 890, 881, 914, 894, 643, 796, 892], [84, 770, 613, 925, 743, 660, 733, 525], [654, 913, 966, 893, 912, 706, 946, 924], [503, 898, 956, 959, 929, 667, 671, 615], [380, 940, 971, 977, 790, 664, 860, 622], [220, 896, 875, 785, 889, 992, 747, 516], [73, 609, 616, 696, 927, 659, 138], [193, 769, 210, 597, 727, 608, 945], [271, 745, 851, 584, 722, 808, 565], [458, 807, 947, 854, 825, 822, 587], [199, 694, 697, 390, 882, 633, 339], [107, 996, 939, 856, 984, 916, 968], [46, 521, 619, 464, 129, 555], [361, 452, 656, 842, 556, 446], [221, 820, 732, 850, 345, 823], [256, 936, 905, 915, 786, 967], [171, 903, 937, 848, 915, 832]]
number of downsided seeds: 38
[[668, 788, 779, 855, 787, 755, 734, 791, 857, 730, 766, 965], [610, 980, 999, 969, 993, 907, 949, 899, 957, 728, 953], [997, 908, 938, 990, 972, 933, 835, 944, 904, 888, 921], [442, 768, 774, 679, 777, 714, 692, 767, 703, 739], [459, 578, 773, 550, 843, 849, 818, 826, 812, 830], [617, 902, 975, 982, 958, 951, 678, 753, 950, 630], [280, 603, 868, 844, 817, 683, 782, 351, 721], [564, 682, 685, 813, 852, 829, 590, 624, 663], [462, 801, 834, 874, 811, 687, 864, 614, 534], [163, 994, 870, 873, 729, 974, 853, 702, 606], [611, 906, 910, 922, 859, 965, 858, 810, 981], [632, 995, 750, 983, 839, 712, 943, 909, 895], [583, 930, 991, 1000, 879, 821, 988, 885, 867], [145, 384, 448, 998, 872, 472, 376, 202, 347], [583, 930, 991, 1000, 879, 821, 673, 867], [320, 576, 644, 518, 681, 573, 323, 541], [676, 975, 982, 951, 987, 958, 754, 902], [626, 877, 799, 836, 876, 751, 783, 709], [650, 1000, 991, 879, 930, 885, 978, 824], [526, 877, 720, 846, 837, 809, 816, 764], [338, 705, 805, 797, 666, 861, 680, 841], [309, 890, 881, 914, 894, 643, 796, 892], [84, 770, 613, 925, 743, 660, 733, 525], [654, 913, 966, 893, 912, 706, 946, 924], [503, 898, 956, 959, 929, 667, 671, 615], [380, 940, 971, 977, 790, 664, 860, 622], [220, 896, 875, 785, 889, 992, 747, 516], [73, 609, 616, 696, 927, 659, 138], [193, 769, 210, 597, 727, 608, 945], [271, 745, 851, 584, 722, 808, 565], [458, 807, 947, 854, 825, 822, 587], [199, 694, 697, 390, 882, 633, 339], [107, 996, 939, 856, 984, 916, 968], [46, 521, 619, 464, 129, 555], [361, 452, 656, 842, 556, 446], [221, 820, 732, 850, 345, 823], [256, 936, 905, 915, 786, 967], [171, 903, 937, 848, 915, 832]]
after sorted:  [[668, 788, 779, 855, 787, 755, 734, 791, 857, 730, 766, 965], [610, 980, 999, 969, 993, 907, 949, 899, 957, 728, 953], [997, 908, 938, 990, 972, 933, 835, 944, 904, 888, 921], [442, 768, 774, 679, 777, 714, 692, 767, 703, 739], [459, 578, 773, 550, 843, 849, 818, 826, 812, 830], [617, 902, 975, 982, 958, 951, 678, 753, 950, 630], [280, 603, 868, 844, 817, 683, 782, 351, 721], [564, 682, 685, 813, 852, 829, 590, 624, 663], [462, 801, 834, 874, 811, 687, 864, 614, 534], [163, 994, 870, 873, 729, 974, 853, 702, 606], [611, 906, 910, 922, 859, 965, 858, 810, 981], [632, 995, 750, 983, 839, 712, 943, 909, 895], [583, 930, 991, 1000, 879, 821, 988, 885, 867], [145, 384, 448, 998, 872, 472, 376, 202, 347], [583, 930, 991, 1000, 879, 821, 673, 867], [320, 576, 644, 518, 681, 573, 323, 541], [676, 975, 982, 951, 987, 958, 754, 902], [626, 877, 799, 836, 876, 751, 783, 709], [650, 1000, 991, 879, 930, 885, 978, 824], [526, 877, 720, 846, 837, 809, 816, 764], [338, 705, 805, 797, 666, 861, 680, 841], [309, 890, 881, 914, 894, 643, 796, 892], [84, 770, 613, 925, 743, 660, 733, 525], [654, 913, 966, 893, 912, 706, 946, 924], [503, 898, 956, 959, 929, 667, 671, 615], [380, 940, 971, 977, 790, 664, 860, 622], [220, 896, 875, 785, 889, 992, 747, 516], [73, 609, 616, 696, 927, 659, 138], [193, 769, 210, 597, 727, 608, 945], [271, 745, 851, 584, 722, 808, 565], [458, 807, 947, 854, 825, 822, 587], [199, 694, 697, 390, 882, 633, 339], [107, 996, 939, 856, 984, 916, 968], [46, 521, 619, 464, 129, 555], [361, 452, 656, 842, 556, 446], [221, 820, 732, 850, 345, 823], [256, 936, 905, 915, 786, 967], [171, 903, 937, 848, 915, 832]]
before num:  38
befor deal_cliques:  38
after deal_cliques:  38
length of seeds:  38
seeds:  [set([965, 779, 855, 787, 788, 734, 791, 857, 755, 668, 730, 766]), set([993, 610, 899, 999, 969, 907, 980, 949, 728, 953, 957]), set([835, 997, 904, 972, 938, 908, 944, 888, 921, 990, 933]), set([768, 739, 774, 679, 777, 714, 692, 442, 767, 703]), set([578, 843, 773, 550, 459, 812, 849, 818, 826, 830]), set([902, 678, 617, 951, 975, 753, 630, 950, 982, 958]), set([868, 817, 683, 844, 782, 721, 280, 603, 351]), set([682, 685, 590, 813, 624, 852, 663, 564, 829]), set([864, 801, 834, 614, 874, 811, 462, 687, 534]), set([994, 163, 870, 873, 974, 853, 729, 606, 702]), set([611, 965, 906, 858, 910, 981, 922, 859, 810]), set([995, 839, 712, 909, 750, 943, 983, 632, 895]), set([930, 867, 583, 1000, 879, 821, 991, 988, 885]), set([384, 448, 998, 872, 202, 145, 472, 347, 376]), set([673, 930, 867, 583, 1000, 879, 821, 991]), set([320, 576, 323, 644, 518, 681, 573, 541]), set([676, 902, 975, 754, 982, 951, 987, 958]), set([836, 709, 876, 877, 751, 626, 783, 799]), set([930, 1000, 650, 879, 978, 885, 824, 991]), set([720, 837, 809, 877, 846, 816, 526, 764]), set([705, 805, 680, 841, 861, 338, 666, 797]), set([643, 796, 881, 914, 309, 890, 892, 894]), set([770, 613, 743, 525, 925, 660, 84, 733]), set([706, 966, 654, 912, 913, 946, 924, 893]), set([929, 898, 959, 615, 503, 667, 956, 671]), set([380, 971, 940, 622, 977, 790, 664, 860]), set([896, 992, 875, 516, 747, 785, 889, 220]), set([609, 659, 616, 73, 138, 696, 927]), set([608, 193, 210, 597, 945, 769, 727]), set([808, 722, 851, 565, 584, 745, 271]), set([947, 822, 854, 807, 825, 458, 587]), set([882, 339, 694, 390, 199, 633, 697]), set([856, 984, 107, 996, 968, 916, 939]), set([464, 129, 619, 521, 555, 46]), set([656, 452, 361, 842, 556, 446]), set([850, 820, 823, 345, 732, 221]), set([256, 786, 915, 967, 936, 905]), set([832, 848, 915, 903, 937, 171])]
seeds_fitness [0.24812030075187969, 0.16491754122938532, 0.14745308310991956, 0.30405405405405406, 0.28753993610223644, 0.15817223198594024, 0.259927797833935, 0.26666666666666666, 0.23920265780730898, 0.1340782122905028, 0.11410459587955626, 0.12631578947368421, 0.125, 0.22784810126582278, 0.11267605633802817, 0.3027027027027027, 0.1009009009009009, 0.16326530612244897, 0.0896, 0.16138328530259366, 0.20588235294117646, 0.14814814814814814, 0.18791946308724833, 0.1038961038961039, 0.13691931540342298, 0.14854111405835543, 0.13725490196078433, 0.17872340425531916, 0.1640625, 0.18666666666666668, 0.09905660377358491, 0.17142857142857143, 0.09170305676855896, 0.25210084033613445, 0.15228426395939088, 0.136986301369863, 0.06651884700665188, 0.07672634271099744]
after sort list of tuple: [(3, 0.30405405405405406), (15, 0.3027027027027027), (4, 0.28753993610223644), (7, 0.26666666666666666), (6, 0.259927797833935), (33, 0.25210084033613445), (0, 0.24812030075187969), (8, 0.23920265780730898), (13, 0.22784810126582278), (20, 0.20588235294117646), (22, 0.18791946308724833), (29, 0.18666666666666668), (27, 0.17872340425531916), (31, 0.17142857142857143), (1, 0.16491754122938532), (28, 0.1640625), (17, 0.16326530612244897), (19, 0.16138328530259366), (5, 0.15817223198594024), (34, 0.15228426395939088), (25, 0.14854111405835543), (21, 0.14814814814814814), (2, 0.14745308310991956), (26, 0.13725490196078433), (35, 0.136986301369863), (24, 0.13691931540342298), (9, 0.1340782122905028), (11, 0.12631578947368421), (12, 0.125), (10, 0.11410459587955626), (14, 0.11267605633802817), (23, 0.1038961038961039), (16, 0.1009009009009009), (30, 0.09905660377358491), (32, 0.09170305676855896), (18, 0.0896), (37, 0.07672634271099744), (36, 0.06651884700665188)]
seeds_sorted [set([768, 739, 774, 679, 777, 714, 692, 442, 767, 703]), set([320, 576, 323, 644, 518, 681, 573, 541]), set([578, 843, 773, 550, 459, 812, 849, 818, 826, 830]), set([682, 685, 590, 813, 624, 852, 663, 564, 829]), set([868, 817, 683, 844, 782, 721, 280, 603, 351]), set([464, 129, 619, 521, 555, 46]), set([965, 779, 855, 787, 788, 734, 791, 857, 755, 668, 730, 766]), set([864, 801, 834, 614, 874, 811, 462, 687, 534]), set([384, 448, 998, 872, 202, 145, 472, 347, 376]), set([705, 805, 680, 841, 861, 338, 666, 797]), set([770, 613, 743, 525, 925, 660, 84, 733]), set([808, 722, 851, 565, 584, 745, 271]), set([609, 659, 616, 73, 138, 696, 927]), set([882, 339, 694, 390, 199, 633, 697]), set([993, 610, 899, 999, 969, 907, 980, 949, 728, 953, 957]), set([608, 193, 210, 597, 945, 769, 727]), set([836, 709, 876, 877, 751, 626, 783, 799]), set([720, 837, 809, 877, 846, 816, 526, 764]), set([902, 678, 617, 951, 975, 753, 630, 950, 982, 958]), set([656, 452, 361, 842, 556, 446]), set([380, 971, 940, 622, 977, 790, 664, 860]), set([643, 796, 881, 914, 309, 890, 892, 894]), set([835, 997, 904, 972, 938, 908, 944, 888, 921, 990, 933]), set([896, 992, 875, 516, 747, 785, 889, 220]), set([850, 820, 823, 345, 732, 221]), set([929, 898, 959, 615, 503, 667, 956, 671]), set([994, 163, 870, 873, 974, 853, 729, 606, 702]), set([995, 839, 712, 909, 750, 943, 983, 632, 895]), set([930, 867, 583, 1000, 879, 821, 991, 988, 885]), set([611, 965, 906, 858, 910, 981, 922, 859, 810]), set([673, 930, 867, 583, 1000, 879, 821, 991]), set([706, 966, 654, 912, 913, 946, 924, 893]), set([676, 902, 975, 754, 982, 951, 987, 958]), set([947, 822, 854, 807, 825, 458, 587]), set([856, 984, 107, 996, 968, 916, 939]), set([930, 1000, 650, 879, 978, 885, 824, 991]), set([832, 848, 915, 903, 937, 171]), set([256, 786, 915, 967, 936, 905])]
args__________ ([set([768, 739, 774, 679, 777, 714, 692, 442, 767, 703]), set([256, 786, 915, 967, 936, 905])],)
args__________ ([set([320, 576, 323, 644, 518, 681, 573, 541]), set([832, 848, 915, 903, 937, 171])],)
args__________ ([set([578, 843, 773, 550, 459, 812, 849, 818, 826, 830]), set([930, 1000, 650, 879, 978, 885, 824, 991])],)
args__________ ([set([682, 685, 590, 813, 624, 852, 663, 564, 829]), set([856, 984, 107, 996, 968, 916, 939])],)
args__________ ([set([868, 817, 683, 844, 782, 721, 280, 603, 351]), set([947, 822, 854, 807, 825, 458, 587])],)
args__________ ([set([464, 129, 619, 521, 555, 46]), set([676, 902, 975, 754, 982, 951, 987, 958])],)
args__________ ([set([965, 779, 855, 787, 788, 734, 791, 857, 755, 668, 730, 766])],)
args__________ ([set([864, 801, 834, 614, 874, 811, 462, 687, 534])],)
args__________ ([set([384, 448, 998, 872, 202, 145, 472, 347, 376])],)
args__________ ([set([705, 805, 680, 841, 861, 338, 666, 797])],)
args__________ ([set([770, 613, 743, 525, 925, 660, 84, 733])],)
args__________ ([set([808, 722, 851, 565, 584, 745, 271])],)
args__________ ([set([609, 659, 616, 73, 138, 696, 927])],)
args__________ ([set([882, 339, 694, 390, 199, 633, 697])],)
args__________ ([set([993, 610, 899, 999, 969, 907, 980, 949, 728, 953, 957])],)
args__________ ([set([608, 193, 210, 597, 945, 769, 727])],)
args__________ ([set([836, 709, 876, 877, 751, 626, 783, 799])],)
args__________ ([set([720, 837, 809, 877, 846, 816, 526, 764])],)
args__________ ([set([902, 678, 617, 951, 975, 753, 630, 950, 982, 958])],)
args__________ ([set([656, 452, 361, 842, 556, 446])],)
args__________ ([set([380, 971, 940, 622, 977, 790, 664, 860])],)
args__________ ([set([643, 796, 881, 914, 309, 890, 892, 894])],)
args__________ ([set([835, 997, 904, 972, 938, 908, 944, 888, 921, 990, 933])],)
args__________ ([set([896, 992, 875, 516, 747, 785, 889, 220])],)
args__________ ([set([850, 820, 823, 345, 732, 221])],)
args__________ ([set([929, 898, 959, 615, 503, 667, 956, 671])],)
args__________ ([set([994, 163, 870, 873, 974, 853, 729, 606, 702])],)
args__________ ([set([995, 839, 712, 909, 750, 943, 983, 632, 895])],)
args__________ ([set([930, 867, 583, 1000, 879, 821, 991, 988, 885])],)
args__________ ([set([611, 965, 906, 858, 910, 981, 922, 859, 810])],)
args__________ ([set([673, 930, 867, 583, 1000, 879, 821, 991])],)
args__________ ([set([706, 966, 654, 912, 913, 946, 924, 893])],)
finish process___________________
sorted nodes by betweenness [1, 2, 7, 8, 14, 15, 21, 24, 25, 27, 34, 35, 43, 44, 47, 48, 51, 57, 58, 61, 68, 69, 71, 74, 75, 76, 81, 87, 89, 91, 97, 98, 102, 103, 106, 112, 113, 114, 121, 122, 126, 130, 131, 133, 134, 136, 143, 148, 149, 152, 154, 157, 159, 161, 174, 176, 178, 181, 182, 183, 186, 189, 190, 191, 192, 194, 196, 198, 201, 203, 204, 205, 207, 208, 212, 216, 222, 223, 226, 227, 228, 229, 233, 234, 236, 238, 240, 246, 249, 251, 252, 253, 261, 262, 270, 273, 274, 276, 282, 283, 284, 285, 290, 295, 296, 297, 299, 305, 310, 312, 315, 317, 318, 319, 324, 327, 329, 330, 333, 349, 352, 356, 357, 358, 359, 362, 363, 366, 367, 369, 371, 372, 385, 387, 388, 392, 396, 397, 399, 404, 405, 412, 414, 420, 421, 428, 429, 437, 438, 439, 443, 450, 451, 453, 456, 457, 463, 465, 475, 479, 481, 484, 487, 488, 492, 493, 495, 496, 500, 501, 502, 504, 506, 509, 512, 513, 515, 517, 519, 520, 524, 527, 530, 531, 536, 538, 544, 549, 557, 568, 572, 574, 575, 593, 594, 595, 600, 601, 605, 627, 628, 631, 635, 641, 646, 652, 653, 658, 661, 674, 684, 689, 690, 691, 693, 700, 704, 707, 717, 718, 719, 725, 735, 737, 738, 744, 749, 761, 762, 763, 765, 772, 784, 789, 795, 815, 827, 833, 840, 863, 865, 871, 878, 880, 883, 884, 891, 917, 920, 926, 931, 932, 934, 935, 941, 942, 948, 952, 954, 960, 963, 964, 973, 985, 989]
args__________ ([[1, 352, 362, 465, 276, 204, 15]],)
args__________ ([[2, 488, 593, 356, 487]],)
args__________ ([[7, 305, 488, 593, 203]],)
args__________ ([[8, 725, 700, 717, 544, 261]],)
args__________ ([[14, 297, 363, 315, 404, 318, 312]],)
args__________ ([[1, 352, 362, 465, 276, 204, 15]],)
args__________ ([[21, 880, 963, 952, 985, 438, 931]],)
args__________ ([[24, 1000, 930, 923]],)
args__________ ([[25, 871, 208, 330, 212, 295]],)
args__________ ([[27, 330, 871, 216, 58, 212, 295]],)
args__________ ([[997, 976, 34, 944, 979]],)
args__________ ([[997, 976, 921, 990, 35]],)
args__________ ([[43, 971, 977, 860]],)
args__________ ([[44, 864, 528, 834, 535]],)
args__________ ([[47, 840, 496, 504, 240, 317]],)
args__________ ([[48, 784, 833, 684, 236, 358]],)
args__________ ([[51, 385, 517, 762, 412, 502, 357]],)
args__________ ([[57, 387, 196, 920, 121, 285, 253, 207]],)
args__________ ([[27, 330, 871, 216, 58, 212, 295]],)
args__________ ([[61, 960, 961, 992, 962]],)
args__________ ([[68, 898, 956, 932, 959]],)
args__________ ([[69, 352, 362, 465, 276, 349, 204]],)
args__________ ([[71, 451, 627, 646, 661, 479]],)
args__________ ([[74, 840, 329, 496, 504, 234, 317]],)
args__________ ([[75, 960, 515, 310, 707, 652, 549, 366]],)
args__________ ([[76, 960, 515, 707, 652, 443, 372]],)
args__________ ([[81, 297, 363, 315, 312, 192]],)
args__________ ([[87, 931, 973, 985, 878, 738, 963]],)
args__________ ([[89, 385, 517, 502, 762]],)
args__________ ([[91, 963, 931, 985, 973, 917]],)
args__________ ([[48, 784, 833, 97, 198]],)
args__________ ([[98, 450, 994, 601, 414, 574, 106]],)
finish single seed process___________________
sorted nodes by betweenness [131, 134, 157, 159, 161, 181, 182, 186, 190, 191, 205, 222, 233, 251, 262, 274, 282, 283, 296, 299, 324, 333, 359, 367, 369, 371, 392, 397, 399, 405, 421, 428, 429, 437, 439, 481, 484, 492, 501, 506, 513, 520, 568, 575, 595, 600, 628, 631, 641, 653, 658, 689, 691, 693, 704, 718, 735, 737, 744, 761, 765, 772, 789, 795, 815, 827, 865, 884, 891, 926, 934, 935, 941, 942, 954, 964, 989]
args__________ ([[131, 966, 961, 962]],)
args__________ ([[134, 900, 937, 845]],)
args__________ ([[157, 520, 501, 274, 481]],)
args__________ ([[159, 870, 873, 669, 759]],)
args__________ ([[161, 975, 958, 982, 951]],)
args__________ ([[181, 646, 935]],)
args__________ ([[182, 951, 958, 982, 975]],)
args__________ ([[186, 595, 484, 520, 371, 282]],)
args__________ ([[190, 843, 849, 818, 830]],)
args__________ ([[191, 993, 969, 980, 949]],)
args__________ ([[205, 995, 943, 970, 919]],)
args__________ ([[222, 929, 956, 886, 959]],)
args__________ ([[186, 595, 481, 492, 233]],)
args__________ ([[251, 994, 601, 574]],)
args__________ ([[262, 595, 481, 492, 520, 501]],)
args__________ ([[274, 501, 520, 595, 481, 492]],)
args__________ ([[186, 595, 484, 520, 371, 282]],)
args__________ ([[283, 852, 682, 829, 685]],)
args__________ ([[293, 425, 296, 945, 476]],)
args__________ ([[299, 834, 874, 864, 300]],)
args__________ ([[324, 803, 943, 839, 895]],)
args__________ ([[333, 998, 952, 883, 948]],)
args__________ ([[359, 975, 637, 982, 951]],)
args__________ ([[367, 928, 936, 915, 903]],)
args__________ ([[369, 779, 857, 755, 788, 855]],)
args__________ ([[186, 595, 484, 520, 371, 282]],)
args__________ ([[207, 387, 392, 920, 285, 253]],)
args__________ ([[183, 397, 593, 658]],)
args__________ ([[399, 993, 957, 999, 795]],)
args__________ ([[262, 595, 481, 392, 405]],)
args__________ ([[421, 970, 983, 943, 909]],)
args__________ ([[428, 961, 955, 893, 962]],)
finish single seed process___________________
sorted nodes by betweenness [429, 437, 439, 506, 513, 568, 575, 600, 628, 631, 641, 653, 689, 691, 693, 704, 718, 735, 737, 744, 761, 765, 772, 789, 815, 827, 865, 884, 891, 926, 934, 941, 942, 954, 964, 989]
args__________ ([[429, 770, 733, 525, 926, 559]],)
args__________ ([[354, 868, 817, 862, 721, 437]],)
args__________ ([[439, 867, 1000, 831, 988, 991]],)
args__________ ([[431, 813, 852, 829, 772, 629, 506]],)
args__________ ([[288, 868, 844, 782, 862, 513]],)
args__________ ([[568, 890, 881, 892, 935, 894, 800, 796]],)
args__________ ([[575, 952, 931, 985, 863, 917]],)
args__________ ([[154, 994, 450, 601, 574, 509, 600]],)
args__________ ([[422, 929, 886, 959, 898, 956, 628]],)
args__________ ([[997, 631, 888, 979, 972, 869, 933]],)
args__________ ([[519, 641, 749, 690, 981, 700, 725, 717]],)
args__________ ([[653, 814, 970, 943, 983, 919]],)
args__________ ([[617, 902, 975, 982, 958, 689, 987]],)
args__________ ([[417, 970, 995, 983, 691, 803]],)
args__________ ([[528, 864, 801, 834, 874, 811, 693]],)
args__________ ([[704, 965, 779, 791, 857, 787, 755, 734, 855]],)
args__________ ([[217, 971, 940, 977, 819, 718]],)
args__________ ([[622, 971, 940, 977, 664, 790, 735]],)
args__________ ([[632, 995, 750, 983, 839, 712, 737]],)
args__________ ([[617, 902, 975, 982, 958, 951, 744, 987]],)
args__________ ([[709, 877, 783, 761, 799, 836, 876]],)
args__________ ([[605, 963, 973, 863, 931, 765, 878]],)
args__________ ([[431, 813, 852, 829, 772, 629, 648]],)
args__________ ([[620, 993, 969, 980, 999, 957, 907, 789, 949]],)
args__________ ([[526, 877, 815, 809, 876, 837]],)
args__________ ([[460, 939, 984, 986, 968, 827]],)
args__________ ([[639, 939, 856, 916, 918, 865, 986]],)
args__________ ([[478, 896, 875, 889, 992, 785, 570, 884]],)
args__________ ([[602, 891, 906, 858, 922, 859, 776, 746]],)
args__________ ([[420, 627, 926, 635, 594, 530, 527, 475]],)
args__________ ([[997, 976, 921, 990, 933, 888, 934, 904, 972, 869]],)
args__________ ([[978, 990, 904, 941, 944, 835, 979, 908]],)
finish single seed process___________________
sorted nodes by betweenness [942, 954, 964, 989]
args__________ ([[882, 962, 966, 961, 913, 893, 942]],)
args__________ ([[639, 939, 856, 954, 984, 986, 911]],)
args__________ ([[610, 980, 999, 969, 993, 907, 949, 964, 728, 953]],)
args__________ ([[281, 898, 959, 929, 989, 956, 569]],)
finish single seed process___________________
i =  0 [768, 739, 325, 774, 679, 777, 714, 391, 211, 692, 675, 86, 713, 377, 442, 767, 471, 42, 62, 703]
i =  1 [256, 171, 900, 263, 905, 780, 786, 915, 23, 672, 804, 936, 937, 427, 301, 49, 434, 314, 447, 832, 928, 67, 903, 967, 461, 845, 848, 92, 101, 109, 168, 756]
i =  2 [320, 576, 323, 644, 5, 518, 40, 681, 11, 364, 573, 275, 343, 541]
i =  3 [256, 171, 900, 263, 905, 780, 786, 915, 672, 804, 936, 937, 427, 301, 49, 434, 756, 314, 447, 832, 928, 67, 967, 845, 461, 848, 92, 101, 109, 168, 903]
i =  4 [480, 353, 578, 459, 773, 550, 200, 486, 843, 812, 368, 849, 818, 99, 340, 115, 826, 474, 118, 830, 230]
i =  5 [650, 395, 17, 278, 794, 923, 542, 160, 673, 930, 436, 821, 824, 831, 322, 651, 583, 162, 334, 209, 978, 215, 988, 991, 867, 742, 1000, 748, 365, 494, 879, 885, 381, 255]
i =  6 [144, 561, 648, 682, 685, 590, 813, 624, 177, 146, 431, 852, 629, 663, 344, 564, 155, 316, 829]
i =  7 [386, 911, 984, 18, 916, 918, 287, 38, 939, 302, 328, 566, 187, 197, 968, 332, 460, 337, 856, 986, 219, 996, 107, 402, 499, 119, 120, 638, 639]
i =  8 [288, 354, 505, 868, 731, 817, 41, 683, 844, 782, 239, 721, 497, 52, 22, 9, 280, 260, 603, 862, 351]
i =  9 [128, 410, 947, 798, 807, 170, 433, 563, 670, 822, 825, 711, 458, 587, 82, 854, 94, 225, 866, 360, 490, 167, 498, 379]
i =  10 [279, 129, 619, 455, 393, 555, 140, 46, 464, 375, 521, 169, 411, 29]
i =  11 [982, 6, 265, 268, 291, 676, 165, 678, 39, 307, 951, 958, 66, 78, 975, 547, 902, 473, 987, 617, 753, 754, 630, 637, 254]
i =  12 [100, 965, 730, 124, 10, 779, 695, 398, 592, 855, 787, 788, 734, 791, 857, 755, 668, 508, 766, 383]
i =  13 [864, 801, 834, 139, 612, 614, 553, 874, 811, 300, 462, 687, 528, 243, 534, 535, 184, 591, 172, 3]
i =  14 [384, 448, 998, 32, 872, 202, 145, 95, 472, 347, 376]
i =  15 [151, 793, 666, 156, 797, 805, 680, 426, 50, 180, 55, 705, 582, 841, 338, 861, 482, 370, 117, 758, 634, 127]
i =  16 [770, 613, 743, 925, 525, 175, 306, 179, 660, 533, 54, 247, 84, 218, 559, 733]
i =  17 [4, 647, 264, 271, 657, 406, 26, 540, 413, 37, 808, 565, 65, 584, 722, 851, 598, 224, 745, 235, 123, 382]
i =  18 [609, 514, 259, 257, 616, 73, 138, 321, 688, 336, 355, 659, 105, 696, 441, 927]
i =  19 [409, 33, 694, 390, 199, 231, 289, 206, 401, 882, 339, 545, 150, 633, 697, 445]
i =  20 [258, 899, 775, 778, 907, 269, 272, 403, 20, 286, 432, 949, 567, 56, 953, 957, 195, 969, 980, 726, 728, 993, 610, 999, 620, 621, 623, 373, 248, 636]
i =  21 [608, 193, 293, 769, 425, 476, 430, 945, 210, 597, 342, 727, 537, 444, 28, 158]
i =  22 [141, 526, 783, 277, 708, 837, 809, 173, 558, 816, 440, 799, 836, 709, 846, 847, 80, 466, 720, 876, 877, 751, 626, 116, 764, 510]
i =  23 [141, 526, 783, 277, 836, 709, 809, 173, 558, 816, 440, 799, 708, 837, 846, 847, 720, 466, 80, 876, 877, 751, 626, 116, 764, 510]
i =  24 [902, 265, 268, 291, 676, 6, 678, 39, 307, 950, 951, 958, 449, 66, 78, 975, 547, 982, 473, 165, 617, 753, 630, 637, 254]
i =  25 [96, 132, 491, 292, 361, 842, 267, 556, 142, 111, 656, 580, 83, 452, 250, 125, 446]
i =  26 [135, 790, 664, 153, 164, 940, 303, 819, 698, 60, 36, 577, 331, 586, 971, 77, 977, 468, 341, 599, 217, 860, 350, 622, 242, 380]
i =  27 [643, 137, 655, 16, 914, 662, 796, 800, 802, 548, 806, 686, 309, 313, 188, 588, 79, 596, 213, 166, 881, 724, 890, 892, 894]
i =  28 [897, 901, 904, 266, 908, 781, 921, 665, 415, 418, 677, 938, 944, 64, 835, 972, 13, 976, 723, 346, 990, 607, 736, 741, 232, 110, 979, 869, 888, 933, 997, 511]
i =  29 [896, 771, 516, 649, 785, 408, 539, 30, 416, 875, 435, 570, 579, 716, 589, 467, 88, 220, 478, 992, 618, 747, 889]
i =  30 [640, 710, 326, 529, 389, 489, 522, 12, 237, 304, 241, 850, 820, 470, 823, 345, 374, 732, 221, 31]
i =  31 [898, 642, 281, 667, 543, 929, 422, 552, 671, 562, 308, 569, 699, 956, 63, 838, 585, 740, 485, 615, 886, 503, 959]
i =  32 [994, 163, 870, 454, 167, 873, 554, 606, 419, 974, 19, 185, 85, 759, 729, 394, 571, 70, 669, 702, 853]
i =  33 [645, 909, 400, 532, 919, 792, 417, 803, 551, 424, 814, 943, 53, 311, 701, 581, 839, 712, 970, 632, 469, 983, 995, 750, 752, 757, 760, 378, 507, 895]
i =  34 [650, 395, 17, 278, 794, 923, 542, 673, 930, 436, 821, 824, 831, 322, 651, 583, 162, 334, 209, 215, 988, 991, 867, 742, 1000, 748, 365, 494, 879, 885, 381, 255]
i =  35 [776, 906, 910, 147, 90, 407, 922, 858, 294, 810, 560, 965, 72, 335, 398, 602, 859, 604, 611, 104, 746, 108, 244, 245, 981]
i =  36 [650, 395, 17, 278, 794, 923, 542, 673, 930, 436, 821, 824, 831, 322, 651, 583, 162, 334, 209, 215, 988, 991, 867, 742, 1000, 748, 365, 494, 879, 885, 381, 255]
i =  37 [523, 706, 654, 912, 913, 924, 546, 423, 298, 45, 93, 946, 955, 828, 961, 962, 966, 715, 214, 625, 348, 477, 483, 59, 887, 893]
i =  38 [352, 1, 69, 362, 204, 15, 465, 276, 246, 349]
i =  39 [2, 356, 7, 488, 203, 290, 463, 593, 487, 183, 305, 388, 319]
i =  40 [2, 388, 7, 488, 203, 290, 463, 305, 487, 593, 183, 356, 319]
i =  41 [544, 227, 228, 261, 519, 456, 717, 749, 113, 690, 725, 8, 136, 700, 189]
i =  42 [192, 194, 297, 363, 14, 81, 404, 312, 315, 252, 318]
i =  43 [352, 1, 69, 362, 204, 15, 465, 276, 246, 349]
i =  44 [273, 531, 149, 931, 174, 948, 438, 952, 572, 963, 453, 201, 973, 719, 87, 985, 91, 605, 863, 738, 103, 493, 878, 495, 880, 114, 883, 500, 21, 917]
i =  45 [650, 395, 17, 278, 24, 794, 923, 542, 160, 673, 930, 436, 821, 824, 831, 322, 651, 583, 162, 334, 209, 215, 988, 991, 867, 742, 1000, 748, 365, 494, 879, 885, 381, 255]
i =  46 [295, 330, 871, 396, 238, 208, 212, 216, 25, 58, 27]
i =  47 [871, 330, 295, 396, 238, 208, 212, 216, 25, 58, 27]
i =  48 [897, 901, 904, 266, 908, 781, 665, 921, 415, 34, 35, 677, 938, 944, 64, 835, 972, 418, 13, 976, 723, 346, 990, 607, 736, 741, 232, 110, 979, 869, 888, 933, 997, 511]
i =  49 [897, 901, 904, 266, 908, 781, 665, 921, 415, 418, 35, 677, 938, 944, 64, 835, 972, 34, 13, 976, 979, 346, 990, 607, 736, 741, 232, 110, 723, 869, 888, 933, 997, 511]
i =  50 [135, 790, 664, 153, 164, 43, 940, 303, 819, 698, 60, 36, 577, 331, 586, 971, 77, 977, 468, 341, 599, 217, 860, 350, 622, 242, 380]
i =  51 [864, 801, 834, 3, 612, 614, 553, 874, 811, 300, 462, 44, 528, 243, 139, 534, 535, 184, 591, 687, 172]
i =  52 [240, 133, 840, 329, 234, 47, 496, 178, 74, 504, 317]
i =  53 [512, 833, 674, 198, 358, 97, 457, 327, 684, 226, 557, 48, 236, 524, 538, 763, 102, 784]
i =  54 [385, 229, 517, 270, 143, 51, 502, 89, 762, 412, 357]
i =  55 [387, 196, 207, 253, 121, 920, 57, 122, 285]
i =  56 [871, 330, 295, 396, 238, 208, 212, 216, 25, 58, 27]
i =  57 [515, 523, 652, 962, 654, 912, 913, 152, 924, 546, 549, 423, 298, 45, 93, 176, 946, 310, 59, 828, 61, 960, 961, 706, 707, 966, 75, 76, 214, 348, 477, 992, 483, 715, 618, 366, 893, 112, 625, 372, 887, 955, 124, 443]
i =  58 [898, 642, 281, 667, 671, 929, 932, 422, 552, 562, 308, 543, 569, 699, 956, 63, 68, 838, 585, 740, 485, 615, 886, 503, 959]
i =  59 [352, 1, 69, 362, 204, 15, 465, 276, 246, 349]
i =  60 [126, 451, 420, 646, 71, 530, 223, 527, 594, 627, 148, 661, 536, 635, 475, 479]
i =  61 [240, 133, 840, 329, 74, 47, 496, 178, 317, 504, 234]
i =  62 [960, 112, 515, 549, 76, 75, 652, 366, 176, 707, 372, 310, 152, 443]
i =  63 [960, 112, 515, 549, 76, 75, 652, 366, 176, 707, 372, 310, 152, 443]
i =  64 [192, 194, 297, 363, 14, 81, 404, 312, 315, 252, 318]
i =  65 [273, 531, 149, 931, 174, 948, 438, 952, 572, 963, 453, 201, 973, 719, 87, 985, 91, 605, 863, 738, 103, 493, 878, 495, 880, 114, 883, 500, 21, 917]
i =  66 [385, 229, 357, 270, 143, 51, 502, 89, 762, 412, 517]
i =  67 [273, 531, 149, 917, 931, 174, 948, 438, 952, 572, 963, 453, 201, 973, 719, 87, 985, 91, 605, 863, 738, 103, 493, 878, 495, 880, 114, 883, 500, 21]
i =  68 [512, 97, 674, 358, 198, 833, 457, 327, 684, 226, 557, 48, 236, 524, 538, 763, 102, 784]
i =  69 [994, 98, 130, 106, 450, 414, 249, 601, 154, 284, 509, 574]
i =  70 [131, 523, 706, 654, 912, 913, 924, 546, 423, 298, 45, 93, 946, 59, 955, 828, 61, 961, 962, 966, 715, 214, 348, 477, 483, 625, 887, 893]
i =  71 [256, 171, 900, 134, 903, 905, 780, 786, 915, 672, 804, 936, 937, 427, 301, 49, 434, 314, 447, 832, 928, 67, 967, 461, 845, 848, 92, 263, 101, 109, 168, 756]
i =  72 [481, 282, 484, 262, 520, 233, 492, 274, 371, 501, 186, 595, 157, 405]
i =  73 [419, 870, 454, 167, 873, 394, 702, 554, 19, 185, 85, 853, 759, 729, 163, 571, 70, 669, 606, 159]
i =  74 [902, 265, 268, 161, 291, 676, 6, 678, 39, 307, 182, 951, 958, 66, 78, 975, 547, 982, 473, 165, 617, 753, 630, 637, 254]
i =  75 [126, 451, 420, 646, 935, 71, 530, 527, 16, 661, 594, 627, 148, 181, 479, 536, 635, 60, 475, 223]
i =  76 [902, 265, 268, 161, 291, 676, 6, 678, 39, 307, 182, 951, 958, 66, 78, 975, 547, 982, 473, 165, 617, 753, 630, 637, 254]
i =  77 [481, 484, 262, 520, 233, 492, 157, 274, 371, 501, 282, 595, 186, 405]
i =  78 [773, 550, 812, 818, 826, 190, 578, 459, 200, 843, 849, 340, 474, 480, 353, 99, 230, 486, 368, 115, 830, 118]
i =  79 [258, 899, 775, 778, 907, 269, 272, 403, 20, 286, 432, 949, 567, 56, 953, 957, 191, 195, 969, 980, 726, 728, 993, 610, 999, 620, 621, 623, 373, 248, 636]
i =  80 [645, 909, 400, 532, 919, 792, 417, 803, 551, 424, 814, 943, 53, 311, 701, 581, 839, 712, 970, 205, 632, 469, 983, 995, 750, 752, 757, 760, 378, 507, 895]
i =  81 [642, 898, 281, 667, 671, 929, 422, 552, 562, 308, 543, 569, 699, 956, 959, 838, 585, 222, 740, 485, 615, 886, 503, 63]
i =  82 [481, 484, 262, 520, 233, 492, 157, 274, 371, 405, 282, 595, 186, 501]
i =  83 [994, 98, 130, 106, 450, 414, 249, 601, 154, 251, 284, 509, 574]
i =  84 [481, 282, 484, 262, 520, 233, 492, 274, 371, 501, 186, 595, 157, 405]
i =  85 [481, 282, 484, 262, 520, 233, 492, 274, 371, 501, 186, 595, 157, 405]
i =  86 [481, 484, 262, 520, 233, 492, 157, 274, 371, 501, 282, 595, 186, 405]
i =  87 [144, 155, 561, 648, 682, 813, 590, 685, 624, 177, 146, 852, 431, 663, 344, 564, 283, 316, 829, 629]
i =  88 [608, 769, 28, 293, 193, 296, 425, 430, 945, 210, 597, 342, 727, 537, 444, 476, 158]
i =  89 [864, 801, 834, 3, 612, 614, 553, 874, 811, 300, 462, 687, 528, 243, 139, 534, 535, 184, 299, 591, 172]
i =  90 [645, 909, 400, 532, 919, 792, 417, 803, 551, 424, 814, 943, 53, 311, 701, 324, 581, 839, 712, 970, 632, 469, 983, 995, 750, 752, 757, 760, 378, 507, 895]
i =  91 [273, 531, 149, 931, 174, 91, 948, 438, 952, 572, 963, 453, 201, 973, 333, 87, 985, 719, 605, 863, 738, 998, 17, 103, 493, 878, 495, 880, 114, 883, 500, 21, 917]
i =  92 [982, 6, 265, 268, 547, 676, 165, 678, 39, 307, 182, 951, 958, 66, 78, 975, 291, 902, 473, 359, 617, 753, 630, 637, 254]
i =  93 [256, 171, 900, 263, 905, 780, 786, 915, 928, 804, 936, 937, 427, 301, 49, 434, 756, 314, 447, 832, 672, 67, 967, 845, 461, 848, 92, 101, 109, 367, 168, 903]
i =  94 [100, 668, 10, 779, 695, 398, 592, 369, 755, 788, 734, 791, 855, 787, 857, 730, 508, 766, 383]
i =  95 [481, 484, 262, 520, 233, 492, 157, 274, 371, 501, 282, 595, 186, 405]
i =  96 [387, 196, 392, 207, 253, 121, 920, 57, 122, 285]
i =  97 [290, 356, 487, 488, 203, 2, 397, 305, 658, 593, 183, 7, 388, 463, 319]
i =  98 [258, 899, 775, 778, 907, 269, 399, 272, 403, 20, 795, 286, 432, 949, 567, 56, 953, 957, 195, 969, 980, 726, 728, 993, 610, 999, 620, 621, 623, 373, 248, 636]
i =  99 [481, 484, 262, 392, 233, 492, 157, 520, 274, 371, 405, 282, 595, 186, 501]
i =  100 [645, 909, 400, 532, 919, 792, 417, 803, 421, 551, 424, 814, 943, 53, 311, 701, 581, 839, 712, 970, 760, 469, 983, 995, 750, 752, 757, 632, 378, 507, 895]
i =  101 [523, 706, 654, 912, 913, 924, 546, 423, 298, 428, 45, 477, 946, 59, 955, 828, 61, 961, 962, 966, 715, 214, 348, 93, 483, 359, 625, 887, 893]
i =  102 [770, 613, 743, 429, 175, 306, 179, 84, 533, 54, 247, 660, 218, 559, 525, 733, 926]
i =  103 [260, 9, 782, 22, 280, 288, 603, 41, 683, 817, 52, 437, 844, 721, 731, 862, 351, 354, 868, 239, 497, 505]
i =  104 [650, 395, 17, 278, 794, 923, 542, 160, 673, 162, 436, 821, 439, 824, 831, 322, 651, 583, 930, 334, 209, 215, 988, 991, 867, 742, 1000, 748, 365, 494, 879, 885, 381, 255]
i =  105 [144, 772, 561, 648, 682, 685, 590, 813, 624, 177, 146, 431, 852, 629, 663, 344, 564, 506, 155, 316, 829]
i =  106 [513, 260, 9, 782, 22, 280, 288, 731, 41, 683, 817, 52, 844, 721, 603, 862, 351, 354, 868, 239, 497, 505]
i =  107 [643, 137, 655, 16, 914, 662, 796, 800, 802, 548, 166, 935, 686, 309, 568, 313, 188, 588, 79, 596, 213, 806, 881, 724, 890, 892, 894]
i =  108 [273, 531, 149, 931, 174, 948, 438, 952, 572, 575, 963, 453, 201, 973, 719, 87, 985, 91, 605, 863, 738, 103, 493, 878, 495, 880, 114, 883, 500, 21, 917]
i =  109 [450, 98, 130, 106, 994, 414, 249, 600, 601, 154, 284, 509, 574]
i =  110 [898, 642, 281, 667, 543, 929, 422, 552, 671, 562, 308, 569, 699, 956, 63, 838, 585, 740, 485, 615, 628, 886, 503, 959]
i =  111 [897, 901, 904, 266, 908, 13, 921, 23, 665, 415, 418, 677, 938, 944, 64, 835, 631, 972, 781, 976, 979, 346, 990, 607, 736, 741, 232, 110, 723, 869, 888, 933, 997, 511]
i =  112 [544, 641, 227, 228, 261, 519, 136, 43, 717, 749, 456, 690, 113, 8, 981, 700, 189, 725]
i =  113 [645, 653, 400, 532, 919, 792, 417, 803, 421, 551, 424, 814, 943, 53, 311, 701, 581, 839, 712, 970, 909, 632, 469, 983, 995, 750, 752, 757, 760, 378, 507, 895]
i =  114 [902, 265, 268, 291, 676, 165, 678, 39, 689, 307, 951, 6, 958, 66, 78, 975, 547, 982, 473, 987, 617, 753, 630, 637, 254]
i =  115 [645, 909, 400, 532, 919, 792, 417, 803, 421, 551, 424, 814, 943, 691, 53, 311, 701, 581, 839, 712, 970, 632, 469, 983, 995, 750, 752, 757, 760, 378, 507, 895]
i =  116 [864, 801, 834, 139, 612, 614, 535, 553, 874, 811, 172, 462, 591, 528, 243, 693, 534, 300, 184, 687]
i =  117 [10, 779, 398, 787, 788, 791, 668, 695, 704, 965, 592, 855, 857, 730, 734, 100, 508, 369, 755, 124, 766, 383]
i =  118 [135, 790, 664, 153, 164, 940, 303, 819, 698, 60, 36, 577, 331, 586, 971, 77, 718, 977, 468, 341, 599, 217, 860, 350, 622, 242, 380]
i =  119 [135, 790, 664, 153, 164, 940, 303, 819, 698, 60, 36, 577, 971, 586, 331, 77, 977, 468, 341, 599, 217, 860, 350, 735, 622, 242, 380]
i =  120 [645, 909, 400, 532, 919, 792, 417, 803, 551, 424, 814, 943, 53, 311, 701, 581, 839, 712, 970, 632, 469, 983, 737, 995, 750, 752, 757, 760, 378, 507, 895]
i =  121 [982, 6, 265, 268, 291, 676, 165, 678, 39, 307, 951, 958, 66, 78, 975, 547, 902, 473, 987, 744, 617, 753, 630, 637, 254]
i =  122 [141, 526, 783, 277, 708, 837, 809, 173, 558, 816, 440, 799, 836, 709, 846, 847, 80, 466, 720, 876, 877, 751, 626, 116, 761, 764, 510]
i =  123 [273, 531, 149, 917, 931, 174, 948, 438, 952, 572, 963, 453, 201, 973, 719, 87, 985, 91, 605, 863, 738, 103, 493, 878, 495, 880, 114, 883, 500, 765, 21]
i =  124 [624, 772, 561, 648, 682, 685, 590, 813, 144, 177, 146, 431, 852, 629, 663, 344, 564, 155, 316, 829]
i =  125 [258, 899, 775, 778, 907, 269, 272, 403, 20, 789, 286, 432, 949, 567, 56, 953, 957, 195, 969, 980, 726, 728, 993, 610, 999, 620, 621, 623, 373, 248, 636]
i =  126 [141, 526, 783, 277, 708, 709, 809, 173, 558, 815, 816, 440, 799, 836, 837, 846, 847, 80, 466, 720, 876, 877, 751, 626, 116, 764, 510]
i =  127 [386, 911, 984, 18, 916, 918, 287, 38, 939, 302, 328, 566, 187, 197, 968, 332, 460, 337, 856, 986, 219, 827, 996, 107, 402, 499, 119, 120, 638, 639]
i =  128 [386, 911, 984, 402, 916, 918, 287, 38, 939, 302, 968, 566, 187, 197, 328, 332, 460, 337, 856, 986, 219, 865, 996, 107, 18, 499, 119, 120, 638, 639]
i =  129 [896, 771, 516, 649, 785, 408, 539, 30, 416, 875, 435, 570, 579, 716, 589, 467, 88, 220, 478, 992, 618, 747, 884, 889]
i =  130 [776, 906, 910, 147, 90, 407, 922, 858, 294, 810, 560, 72, 335, 602, 859, 604, 611, 104, 746, 108, 244, 245, 891]
i =  131 [451, 420, 646, 71, 530, 223, 527, 594, 627, 148, 661, 475, 536, 635, 926, 126, 479]
i =  132 [897, 901, 904, 266, 908, 13, 665, 921, 415, 418, 35, 933, 934, 938, 944, 64, 835, 972, 781, 976, 979, 346, 990, 607, 736, 741, 232, 110, 677, 723, 869, 888, 997, 511]
i =  133 [897, 901, 904, 266, 908, 781, 921, 665, 415, 418, 677, 938, 941, 944, 64, 835, 972, 13, 976, 978, 979, 346, 990, 607, 736, 741, 232, 110, 723, 869, 888, 933, 997, 511]
i =  134 [523, 706, 654, 912, 913, 924, 546, 423, 298, 45, 942, 93, 946, 59, 955, 828, 61, 961, 962, 966, 715, 214, 348, 477, 483, 625, 882, 887, 893]
i =  135 [386, 653, 911, 856, 402, 916, 918, 287, 38, 939, 302, 328, 566, 954, 187, 197, 968, 332, 460, 337, 984, 986, 219, 996, 107, 18, 499, 119, 120, 638, 639]
i =  136 [258, 899, 775, 778, 907, 269, 272, 403, 20, 286, 432, 949, 567, 56, 953, 957, 195, 964, 969, 980, 726, 728, 993, 610, 999, 620, 621, 623, 373, 248, 636]
i =  137 [898, 642, 281, 667, 671, 929, 422, 552, 562, 308, 543, 569, 699, 956, 959, 838, 585, 989, 740, 485, 615, 886, 503, 63]
finish get all communities
complete deal_communities
commplete get_all_nature_community
----------------------------------The detection result is: 

all communities: 
i =  1 : [42, 62, 86, 211, 325, 377, 391, 442, 471, 675, 679, 692, 703, 713, 714, 739, 767, 768, 774, 777]
i =  2 : [5, 11, 40, 275, 320, 323, 343, 364, 518, 541, 573, 576, 644, 681]
i =  3 : [82, 94, 128, 167, 170, 225, 360, 379, 410, 433, 458, 490, 498, 563, 587, 670, 711, 798, 807, 822, 825, 854, 866, 947]
i =  4 : [29, 46, 129, 140, 169, 279, 375, 393, 411, 455, 464, 521, 555, 619]
i =  5 : [32, 95, 145, 202, 347, 376, 384, 448, 472, 872, 998]
i =  6 : [50, 55, 117, 127, 151, 156, 180, 338, 370, 426, 482, 582, 634, 666, 680, 705, 758, 793, 797, 805, 841, 861]
i =  7 : [4, 26, 37, 65, 123, 224, 235, 264, 271, 382, 406, 413, 540, 565, 584, 598, 647, 657, 722, 745, 808, 851]
i =  8 : [73, 105, 138, 257, 259, 321, 336, 355, 441, 514, 609, 616, 659, 688, 696, 927]
i =  9 : [33, 150, 199, 206, 231, 289, 339, 390, 401, 409, 445, 545, 633, 694, 697, 882]
i =  10 : [83, 96, 111, 125, 132, 142, 250, 267, 292, 361, 446, 452, 491, 556, 580, 656, 842]
i =  11 : [12, 31, 221, 237, 241, 304, 326, 345, 374, 389, 470, 489, 522, 529, 640, 710, 732, 820, 823, 850]
i =  12 : [1, 15, 69, 204, 246, 276, 349, 352, 362, 465]
i =  13 : [14, 81, 192, 194, 252, 297, 312, 315, 318, 363, 404]
i =  14 : [25, 27, 58, 208, 212, 216, 238, 295, 330, 396, 871]
i =  15 : [47, 74, 133, 178, 234, 240, 317, 329, 496, 504, 840]
i =  16 : [48, 97, 102, 198, 226, 236, 327, 358, 457, 512, 524, 538, 557, 674, 684, 763, 784, 833]
i =  17 : [51, 89, 143, 229, 270, 357, 385, 412, 502, 517, 762]
i =  18 : [99, 115, 118, 190, 200, 230, 340, 353, 368, 459, 474, 480, 486, 550, 578, 773, 812, 818, 826, 830, 843, 849]
i =  19 : [28, 158, 193, 210, 293, 296, 342, 425, 430, 444, 476, 537, 597, 608, 727, 769, 945]
i =  20 : [57, 121, 122, 196, 207, 253, 285, 387, 392, 920]
i =  21 : [2, 7, 183, 203, 290, 305, 319, 356, 388, 397, 463, 487, 488, 593, 658]
i =  22 : [157, 186, 233, 262, 274, 282, 371, 392, 405, 481, 484, 492, 501, 520, 595]
i =  23 : [16, 79, 137, 166, 188, 213, 309, 313, 548, 568, 588, 596, 643, 655, 662, 686, 724, 796, 800, 802, 806, 881, 890, 892, 894, 914, 935]
i =  24 : [8, 43, 113, 136, 189, 227, 228, 261, 456, 519, 544, 641, 690, 700, 717, 725, 749, 981]
i =  25 : [10, 100, 124, 369, 383, 398, 508, 592, 668, 695, 704, 730, 734, 755, 766, 779, 787, 788, 791, 855, 857, 965]
i =  26 : [30, 88, 220, 408, 416, 435, 467, 478, 516, 539, 570, 579, 589, 618, 649, 716, 747, 771, 785, 875, 884, 889, 896, 992]
i =  27 : [54, 84, 175, 179, 218, 247, 306, 429, 525, 533, 559, 613, 660, 733, 743, 770, 925, 926]
i =  28 : [19, 70, 85, 159, 163, 167, 185, 394, 419, 454, 554, 571, 606, 669, 702, 729, 759, 853, 870, 873, 974, 994]
i =  29 : [72, 90, 104, 108, 147, 244, 245, 294, 335, 398, 407, 560, 602, 604, 611, 746, 776, 810, 858, 859, 891, 906, 910, 922, 965, 981]
i =  30 : [16, 60, 71, 126, 148, 181, 223, 420, 451, 475, 479, 527, 530, 536, 594, 627, 635, 646, 661, 926, 935]
i =  31 : [98, 106, 130, 154, 249, 251, 284, 414, 450, 509, 574, 600, 601, 994]
i =  32 : [144, 146, 155, 177, 283, 316, 344, 431, 506, 561, 564, 590, 624, 629, 648, 663, 682, 685, 772, 813, 829, 852]
i =  33 : [9, 22, 41, 52, 239, 260, 280, 288, 351, 354, 437, 497, 505, 513, 603, 683, 721, 731, 782, 817, 844, 862, 868]
i =  34 : [80, 116, 141, 173, 277, 440, 466, 510, 526, 558, 626, 708, 709, 720, 751, 761, 764, 783, 799, 809, 815, 816, 836, 837, 846, 847, 876, 877]
i =  35 : [23, 49, 67, 92, 101, 109, 134, 168, 171, 256, 263, 301, 314, 367, 427, 434, 447, 461, 672, 756, 780, 786, 804, 832, 845, 848, 900, 903, 905, 915, 928, 936, 937, 967]
i =  36 : [17, 24, 160, 162, 209, 215, 255, 278, 322, 334, 365, 381, 395, 436, 439, 494, 542, 583, 650, 651, 673, 742, 748, 794, 821, 824, 831, 867, 879, 885, 923, 930, 978, 988, 991, 1000]
i =  37 : [36, 43, 60, 77, 135, 153, 164, 217, 242, 303, 331, 341, 350, 380, 468, 577, 586, 599, 622, 664, 698, 718, 735, 790, 819, 860, 940, 971, 977]
i =  38 : [3, 44, 139, 172, 184, 243, 299, 300, 462, 528, 534, 535, 553, 591, 612, 614, 687, 693, 801, 811, 834, 864, 874]
i =  39 : [17, 21, 87, 91, 103, 114, 149, 174, 201, 273, 333, 438, 453, 493, 495, 500, 531, 572, 575, 605, 719, 738, 765, 863, 878, 880, 883, 917, 931, 948, 952, 963, 973, 985, 998]
i =  40 : [18, 38, 107, 119, 120, 187, 197, 219, 287, 302, 328, 332, 337, 386, 402, 460, 499, 566, 638, 639, 653, 827, 856, 865, 911, 916, 918, 939, 954, 968, 984, 986, 996]
i =  41 : [13, 23, 34, 35, 64, 110, 232, 266, 346, 415, 418, 511, 607, 631, 665, 677, 723, 736, 741, 781, 835, 869, 888, 897, 901, 904, 908, 921, 933, 934, 938, 941, 944, 972, 976, 978, 979, 990, 997]
i =  42 : [45, 59, 61, 75, 76, 93, 112, 124, 131, 152, 176, 214, 298, 310, 348, 359, 366, 372, 423, 428, 443, 477, 483, 515, 523, 546, 549, 618, 625, 652, 654, 706, 707, 715, 828, 882, 887, 893, 912, 913, 924, 942, 946, 955, 960, 961, 962, 966, 992]
i =  43 : [63, 68, 222, 281, 308, 422, 485, 503, 543, 552, 562, 569, 585, 615, 628, 642, 667, 671, 699, 740, 838, 886, 898, 929, 932, 956, 959, 989]
i =  44 : [20, 56, 191, 195, 248, 258, 269, 272, 286, 373, 399, 403, 432, 567, 610, 620, 621, 623, 636, 726, 728, 775, 778, 789, 795, 899, 907, 949, 953, 957, 964, 969, 980, 993, 999]
i =  45 : [53, 205, 311, 324, 378, 400, 417, 421, 424, 469, 507, 532, 551, 581, 632, 645, 653, 691, 701, 712, 737, 750, 752, 757, 760, 792, 803, 814, 839, 895, 909, 919, 943, 970, 983, 995]
i =  46 : [6, 39, 66, 78, 161, 165, 182, 254, 265, 268, 291, 307, 359, 449, 473, 547, 617, 630, 637, 676, 678, 689, 744, 753, 754, 902, 950, 951, 958, 975, 982, 987]
overlapping nodes are:  [16, 17, 23, 43, 60, 124, 167, 359, 392, 398, 618, 653, 882, 926, 935, 965, 978, 981, 992, 994, 998] 
 NOO is:  21
total time is:  126.231008053
