lens of ground_truth:  49
ground_truth is: [[2, 4, 26, 54, 126, 129, 140, 167, 242, 244, 257, 329, 381, 401, 420, 422, 429, 470, 488, 489, 504, 522, 527, 529, 537, 546, 556, 558, 568, 639, 672, 683, 728, 735, 762, 775, 788, 836, 856, 861, 862, 868, 888, 911, 943, 965, 968, 969, 986, 990], [50, 61, 93, 117, 205, 259, 267, 300, 320, 381, 410, 435, 451, 534, 626, 648, 665, 689, 765, 767, 841, 850, 942, 988], [20, 80, 84, 123, 176, 253, 279, 289, 367, 374, 444, 485], [21, 66, 122, 124, 149, 152, 207, 213, 314, 320, 363, 391, 441, 543, 552, 589, 658, 679, 689, 700, 706, 709, 720, 751, 786, 787, 809, 836, 867, 871, 875, 889, 944, 952, 962], [4, 22, 30, 31, 98, 129, 158, 240, 295, 296, 355, 357, 358, 387, 402, 404, 424, 500, 509, 637, 652, 682, 800, 805, 845, 846, 866, 880, 882, 897, 953, 963, 979, 983, 989, 998, 1000], [18, 54, 78, 325, 382, 409, 414, 478, 487, 500, 509, 565, 598, 663, 673, 712, 739, 791, 815, 819, 980], [4, 35, 129, 132, 135, 158, 171, 175, 281, 296, 320, 340, 348, 371, 519, 553, 591, 598, 613, 619, 654, 659, 675, 697, 739, 754, 781, 793, 799, 857, 883, 895, 940, 977, 979, 983, 989], [83, 116, 126, 143, 214, 378, 467, 500, 939, 983, 986], [111, 138, 187, 204, 235, 277, 286, 366, 598, 623], [48, 74, 158, 172, 205, 212, 299, 336, 362, 438, 446, 458, 496, 500, 516, 519, 533, 544, 617, 645, 674, 690, 748, 783, 801, 817, 837, 906, 924, 931, 938, 958, 959, 988, 989], [71, 151, 202, 273, 304, 376, 395, 452, 494, 499, 931, 956], [109, 145, 179, 190, 245, 271, 328, 366, 373, 400, 447, 473, 484, 531, 568, 569, 583, 595, 611, 640, 665, 685, 690, 696, 714, 822, 956, 967, 992], [26, 134, 193, 251, 281, 299, 337, 353, 388, 390, 420, 425, 428, 479, 483, 535, 546, 608, 622, 633, 670, 727, 733, 739, 755, 759, 761, 768, 778, 785, 833, 858, 883, 903, 921, 926, 952, 956, 971, 984, 992, 993, 996], [24, 137, 181, 269, 314, 338, 339, 354, 383, 472, 490, 528, 547, 890, 959], [31, 51, 70, 186, 263, 276, 292, 296, 307, 348, 370, 373, 403, 404, 415, 421, 428, 469, 477, 503, 592, 608, 623, 634, 681, 693, 760, 778, 784, 792, 843, 877, 890, 902, 910, 922, 952, 969, 982, 990, 994], [29, 58, 222, 265, 405, 428, 462, 463, 540, 555, 566, 620, 629, 646, 650, 711, 752, 813, 854, 872, 879, 885, 942, 990], [31, 91, 114, 139, 232, 287, 295, 298, 370, 373, 399, 443, 477, 515, 560, 575, 603, 608, 623, 656, 674, 699, 717, 741, 758, 778, 780, 794, 843, 883, 886, 890, 892, 893, 902, 929, 937, 959, 966, 972, 981], [14, 37, 76, 158, 168, 249, 350, 370, 385, 470, 515, 536, 573, 624, 703, 771, 789, 806, 808, 906, 969, 979], [23, 77, 192, 197, 230, 274, 351, 364, 455, 474, 549, 657, 668, 669, 747, 890], [89, 115, 323, 426, 436, 509, 586, 590, 616, 626, 627, 638, 689, 828], [42, 50, 69, 90, 139, 182, 183, 188, 205, 282, 381, 394, 405, 418, 431, 482, 539, 598, 672, 692, 731, 732, 743, 756, 783, 852, 881, 887, 902, 914, 938, 939, 942, 978, 986], [22, 28, 49, 53, 79, 107, 310, 331, 349, 405, 408, 510, 546, 562, 568, 577, 641, 674, 707, 725, 726, 735, 739, 811, 830, 853, 860, 878, 899, 916, 919, 927, 928, 946, 969, 985], [9, 45, 65, 155, 177, 247, 411, 439, 475, 505, 794, 988], [10, 34, 226, 255, 266, 327, 357, 384, 448, 480, 493, 538, 581, 604, 625, 635, 750, 775, 796, 804, 834, 980], [52, 169, 191, 233, 237, 302, 405, 450, 471, 483, 508, 529, 672, 780], [16, 44, 100, 104, 119, 126, 231, 238, 324, 511, 747, 766], [43, 62, 74, 108, 113, 125, 185, 216, 229, 248, 264, 314, 334, 347, 369, 404, 437, 469, 507, 514, 522, 659, 694, 708, 762, 832, 873, 905, 924, 934, 951, 955, 991, 992], [72, 92, 157, 164, 180, 184, 215, 275, 344, 396, 442, 460, 559, 582, 593, 602, 614, 724, 980, 988], [25, 103, 121, 136, 166, 219, 236, 297, 315, 366, 391, 423, 514, 636, 644, 653, 665, 688, 690, 710, 723, 747, 763, 840, 894, 932, 942, 987], [4, 22, 25, 46, 75, 110, 163, 196, 199, 210, 252, 272, 285, 313, 356, 357, 424, 469, 470, 477, 483, 519, 588, 607, 623, 659, 701, 742, 776, 782, 790, 844, 847, 851, 865, 871, 876, 913, 923, 925, 939, 948, 979, 995, 997], [55, 63, 86, 159, 283, 319, 359, 433, 461, 495, 689, 938, 939], [139, 142, 195, 348, 386, 416, 440, 509, 523, 631, 664, 686, 692, 721, 722, 734, 779, 839, 871, 902, 967, 987], [13, 131, 178, 208, 227, 288, 295, 301, 314, 366, 453, 466, 470, 486, 515, 532, 561, 605, 630, 655, 666, 678, 729, 766, 783, 802, 816, 908, 936, 938, 950, 961, 970, 973, 975], [12, 25, 31, 34, 74, 161, 250, 260, 278, 312, 332, 406, 449, 501, 524, 551, 660, 687, 692, 715, 719, 783, 795, 906, 967, 986], [94, 173, 234, 258, 270, 281, 296, 303, 372, 377, 398, 404, 424, 469, 477, 498, 513, 517, 519, 545, 571, 606, 661, 705, 744, 746, 762, 770, 797, 838, 855, 874, 891, 896, 898, 900, 917, 930, 960, 977, 987], [8, 68, 106, 118, 225, 241, 308, 407, 427, 457, 542, 615, 828, 924], [19, 36, 95, 126, 128, 174, 223, 346, 380, 429, 432, 481, 483, 492, 514, 530, 546, 555, 579, 641, 643, 676, 677, 766, 824, 831, 835, 884, 907, 912, 924, 945], [15, 47, 59, 97, 146, 153, 209, 254, 311, 318, 368, 464, 502, 550, 989], [39, 54, 87, 105, 129, 150, 211, 217, 239, 262, 290, 295, 299, 305, 309, 322, 334, 375, 391, 412, 420, 429, 488, 529, 548, 555, 570, 587, 594, 626, 641, 647, 671, 691, 698, 713, 730, 735, 757, 762, 766, 775, 827, 829, 842, 931, 957, 964, 974, 977], [27, 41, 50, 284, 320, 526, 572, 574, 578, 599, 609, 628, 642, 662, 690, 692, 745, 775, 780, 812, 818, 820, 821, 906, 918, 920, 931, 935, 967], [67, 101, 203, 205, 218, 317, 342, 357, 413, 454, 515, 600, 843, 983], [26, 73, 85, 120, 127, 130, 141, 147, 148, 316, 333, 343, 381, 391, 419, 420, 430, 456, 506, 522, 563, 568, 618, 632, 641, 667, 695, 735, 738, 753, 774, 780, 823, 825, 828, 836, 849, 859, 869, 871, 915, 941, 976, 990, 999], [1, 5, 165, 194, 206, 256, 345, 365, 488, 528], [6, 11, 133, 294, 326, 334, 393, 445, 512, 525, 557, 564, 585, 601], [7, 25, 26, 34, 50, 57, 74, 99, 102, 156, 189, 200, 201, 330, 334, 361, 379, 397, 424, 488, 497, 514, 522, 528, 659, 672, 674, 684, 736, 777, 798, 807, 814, 901, 947, 954, 980, 992], [32, 81, 170, 221, 228, 243, 268, 293, 321, 352, 491, 520, 521, 541, 610, 704, 716, 737, 772], [40, 56, 82, 88, 96, 154, 198, 261, 291, 306, 335, 417, 468, 528, 580, 621, 649, 665, 680, 702, 773, 794, 803, 848, 864, 870, 904, 987], [22, 33, 34, 38, 54, 64, 112, 139, 144, 162, 224, 246, 280, 281, 299, 341, 348, 360, 370, 373, 389, 428, 429, 434, 529, 554, 555, 567, 597, 608, 626, 740, 749, 778, 794, 810, 826, 828, 836, 843, 863, 883, 909, 933, 949, 952, 956, 959], [3, 17, 60, 160, 220, 392, 459, 465, 476, 518, 576, 584, 596, 612, 651, 718, 747, 764, 769, 977]]
nodes: [598, 626, 641, 710, 718, 737, 745, 747, 756, 766, 775, 802, 811, 835, 922, 924, 925, 926, 930, 938, 941, 942, 949, 956, 962, 967, 969, 974, 979, 980, 981, 986, 987, 988, 989, 992] num of nodes:  36
[[598, 815, 712, 819, 791], [626, 765, 648, 841, 850], [641, 919, 860, 985, 916], [103, 932, 644, 840, 763, 636, 710, 894], [459, 769, 612, 651, 718, 764, 596, 576], [81, 737, 610, 491, 772, 704, 716], [574, 820, 918, 642, 935, 821, 920, 818, 662, 745], [197, 668, 669, 747, 474], [431, 743, 978, 852, 756, 887, 881, 482, 732], [16, 511, 324, 100, 766], [625, 796, 834, 804, 775], [561, 908, 961, 802, 936, 970, 973, 975, 816, 729, 666, 605, 950], [707, 928, 899, 811, 878, 946, 916, 853, 725, 919, 985, 830, 927, 860], [492, 907, 912, 945, 835, 677, 824, 884, 831, 530], [51, 994, 877, 910, 784, 792, 922, 693, 982], [708, 905, 951, 832, 955, 934, 991, 924], [782, 876, 997, 995, 847, 913, 851, 923, 948, 925, 865], [622, 833, 993, 996, 971, 926, 984, 921, 785, 727], [513, 930, 960, 900, 896, 838, 855, 744], [908, 938, 961, 936, 970, 973, 950, 975], [147, 999, 941, 849, 915, 976, 563], [282, 914, 881, 978, 852, 887, 942], [38, 933, 749, 909, 949, 826, 740], [202, 395, 494, 304, 273, 499, 956], [441, 962, 867, 786, 944, 658, 809, 787], [440, 839, 779, 686, 721, 664, 722, 967], [168, 771, 808, 789, 573, 703, 624, 969], [262, 964, 827, 957, 974, 412], [998, 1000, 963, 897, 953, 880, 882, 866, 845, 979], [382, 673, 712, 791, 663, 819, 815, 980], [560, 966, 981, 893, 758, 972, 717, 699, 892, 886, 929], [83, 143, 467, 378, 986, 116, 214, 983], [523, 779, 839, 734, 686, 664, 721, 722, 987], [9, 505, 475, 988, 439, 65], [998, 1000, 963, 897, 953, 880, 882, 866, 989, 846], [185, 832, 991, 934, 873, 955, 951, 992]]
len of cliques:  36
downsides after: [[707, 928, 899, 811, 878, 946, 916, 853, 725, 919, 985, 830, 927, 860], [561, 908, 961, 802, 936, 970, 973, 975, 816, 729, 666, 605, 950], [782, 876, 997, 995, 847, 913, 851, 923, 948, 925, 865], [560, 966, 981, 893, 758, 972, 717, 699, 892, 886, 929], [574, 820, 918, 642, 935, 821, 920, 818, 662, 745], [492, 907, 912, 945, 835, 677, 824, 884, 831, 530], [622, 833, 993, 996, 971, 926, 984, 921, 785, 727], [998, 1000, 963, 897, 953, 880, 882, 866, 845, 979], [998, 1000, 963, 897, 953, 880, 882, 866, 989, 846], [431, 743, 978, 852, 756, 887, 881, 482, 732], [51, 994, 877, 910, 784, 792, 922, 693, 982], [523, 779, 839, 734, 686, 664, 721, 722, 987], [103, 932, 644, 840, 763, 636, 710, 894], [459, 769, 612, 651, 718, 764, 596, 576], [708, 905, 951, 832, 955, 934, 991, 924], [513, 930, 960, 900, 896, 838, 855, 744], [908, 938, 961, 936, 970, 973, 950, 975], [441, 962, 867, 786, 944, 658, 809, 787], [440, 839, 779, 686, 721, 664, 722, 967], [168, 771, 808, 789, 573, 703, 624, 969], [382, 673, 712, 791, 663, 819, 815, 980], [83, 143, 467, 378, 986, 116, 214, 983], [185, 832, 991, 934, 873, 955, 951, 992], [81, 737, 610, 491, 772, 704, 716], [147, 999, 941, 849, 915, 976, 563], [282, 914, 881, 978, 852, 887, 942], [38, 933, 749, 909, 949, 826, 740], [202, 395, 494, 304, 273, 499, 956], [262, 964, 827, 957, 974, 412], [9, 505, 475, 988, 439, 65], [598, 815, 712, 819, 791], [626, 765, 648, 841, 850], [641, 919, 860, 985, 916], [197, 668, 669, 747, 474], [16, 511, 324, 100, 766], [625, 796, 834, 804, 775]]
number of downsided seeds: 36
[[707, 928, 899, 811, 878, 946, 916, 853, 725, 919, 985, 830, 927, 860], [561, 908, 961, 802, 936, 970, 973, 975, 816, 729, 666, 605, 950], [782, 876, 997, 995, 847, 913, 851, 923, 948, 925, 865], [560, 966, 981, 893, 758, 972, 717, 699, 892, 886, 929], [574, 820, 918, 642, 935, 821, 920, 818, 662, 745], [492, 907, 912, 945, 835, 677, 824, 884, 831, 530], [622, 833, 993, 996, 971, 926, 984, 921, 785, 727], [998, 1000, 963, 897, 953, 880, 882, 866, 845, 979], [998, 1000, 963, 897, 953, 880, 882, 866, 989, 846], [431, 743, 978, 852, 756, 887, 881, 482, 732], [51, 994, 877, 910, 784, 792, 922, 693, 982], [523, 779, 839, 734, 686, 664, 721, 722, 987], [103, 932, 644, 840, 763, 636, 710, 894], [459, 769, 612, 651, 718, 764, 596, 576], [708, 905, 951, 832, 955, 934, 991, 924], [513, 930, 960, 900, 896, 838, 855, 744], [908, 938, 961, 936, 970, 973, 950, 975], [441, 962, 867, 786, 944, 658, 809, 787], [440, 839, 779, 686, 721, 664, 722, 967], [168, 771, 808, 789, 573, 703, 624, 969], [382, 673, 712, 791, 663, 819, 815, 980], [83, 143, 467, 378, 986, 116, 214, 983], [185, 832, 991, 934, 873, 955, 951, 992], [81, 737, 610, 491, 772, 704, 716], [147, 999, 941, 849, 915, 976, 563], [282, 914, 881, 978, 852, 887, 942], [38, 933, 749, 909, 949, 826, 740], [202, 395, 494, 304, 273, 499, 956], [262, 964, 827, 957, 974, 412], [9, 505, 475, 988, 439, 65], [598, 815, 712, 819, 791], [626, 765, 648, 841, 850], [641, 919, 860, 985, 916], [197, 668, 669, 747, 474], [16, 511, 324, 100, 766], [625, 796, 834, 804, 775]]
after sorted:  [[707, 928, 899, 811, 878, 946, 916, 853, 725, 919, 985, 830, 927, 860], [561, 908, 961, 802, 936, 970, 973, 975, 816, 729, 666, 605, 950], [782, 876, 997, 995, 847, 913, 851, 923, 948, 925, 865], [560, 966, 981, 893, 758, 972, 717, 699, 892, 886, 929], [574, 820, 918, 642, 935, 821, 920, 818, 662, 745], [492, 907, 912, 945, 835, 677, 824, 884, 831, 530], [622, 833, 993, 996, 971, 926, 984, 921, 785, 727], [998, 1000, 963, 897, 953, 880, 882, 866, 845, 979], [998, 1000, 963, 897, 953, 880, 882, 866, 989, 846], [431, 743, 978, 852, 756, 887, 881, 482, 732], [51, 994, 877, 910, 784, 792, 922, 693, 982], [523, 779, 839, 734, 686, 664, 721, 722, 987], [103, 932, 644, 840, 763, 636, 710, 894], [459, 769, 612, 651, 718, 764, 596, 576], [708, 905, 951, 832, 955, 934, 991, 924], [513, 930, 960, 900, 896, 838, 855, 744], [908, 938, 961, 936, 970, 973, 950, 975], [441, 962, 867, 786, 944, 658, 809, 787], [440, 839, 779, 686, 721, 664, 722, 967], [168, 771, 808, 789, 573, 703, 624, 969], [382, 673, 712, 791, 663, 819, 815, 980], [83, 143, 467, 378, 986, 116, 214, 983], [185, 832, 991, 934, 873, 955, 951, 992], [81, 737, 610, 491, 772, 704, 716], [147, 999, 941, 849, 915, 976, 563], [282, 914, 881, 978, 852, 887, 942], [38, 933, 749, 909, 949, 826, 740], [202, 395, 494, 304, 273, 499, 956], [262, 964, 827, 957, 974, 412], [9, 505, 475, 988, 439, 65], [598, 815, 712, 819, 791], [626, 765, 648, 841, 850], [641, 919, 860, 985, 916], [197, 668, 669, 747, 474], [16, 511, 324, 100, 766], [625, 796, 834, 804, 775]]
before num:  36
befor deal_cliques:  36
after deal_cliques:  36
length of seeds:  36
seeds:  [set([928, 707, 811, 878, 946, 899, 916, 853, 919, 985, 725, 860, 830, 927]), set([961, 802, 936, 970, 908, 973, 975, 816, 561, 950, 729, 666, 605]), set([865, 995, 997, 876, 782, 847, 913, 851, 948, 923, 925]), set([929, 758, 966, 972, 717, 560, 981, 886, 699, 892, 893]), set([642, 918, 935, 745, 818, 820, 821, 662, 920, 574]), set([835, 677, 907, 492, 912, 945, 530, 884, 824, 831]), set([833, 996, 993, 971, 622, 785, 727, 984, 921, 926]), set([897, 866, 963, 998, 1000, 845, 880, 882, 979, 953]), set([897, 866, 963, 998, 1000, 846, 880, 882, 953, 989]), set([482, 743, 431, 881, 978, 756, 887, 852, 732]), set([994, 877, 910, 784, 51, 693, 982, 792, 922]), set([779, 839, 523, 686, 721, 722, 664, 987, 734]), set([644, 710, 103, 840, 932, 763, 636, 894]), set([576, 769, 459, 612, 651, 718, 596, 764]), set([832, 708, 934, 905, 951, 955, 924, 991]), set([960, 513, 930, 900, 838, 744, 896, 855]), set([961, 936, 938, 908, 973, 975, 950, 970]), set([962, 867, 809, 786, 944, 658, 787, 441]), set([440, 839, 779, 686, 721, 722, 967, 664]), set([771, 168, 969, 624, 808, 789, 573, 703]), set([673, 712, 663, 815, 819, 980, 791, 382]), set([83, 143, 467, 116, 214, 983, 378, 986]), set([832, 992, 934, 873, 951, 185, 955, 991]), set([704, 737, 610, 772, 81, 491, 716]), set([976, 849, 147, 563, 999, 915, 941]), set([881, 914, 852, 887, 282, 978, 942]), set([740, 933, 38, 949, 826, 909, 749]), set([304, 273, 499, 202, 395, 956, 494]), set([964, 262, 827, 412, 957, 974]), set([65, 505, 439, 9, 475, 988]), set([712, 815, 819, 598, 791]), set([648, 841, 626, 850, 765]), set([860, 641, 919, 916, 985]), set([474, 747, 668, 197, 669]), set([16, 324, 100, 766, 511]), set([625, 834, 796, 804, 775])]
seeds_fitness [0.2549019607843137, 0.2468354430379747, 0.17350157728706625, 0.1916376306620209, 0.21951219512195122, 0.20833333333333334, 0.14354066985645933, 0.11826544021024968, 0.13100436681222707, 0.18652849740932642, 0.16551724137931034, 0.1722488038277512, 0.18421052631578946, 0.25339366515837103, 0.11045364891518737, 0.11965811965811966, 0.09210526315789473, 0.13559322033898305, 0.16091954022988506, 0.1564245810055866, 0.14854111405835543, 0.14105793450881612, 0.09876543209876543, 0.208955223880597, 0.09230769230769231, 0.09190371991247265, 0.1206896551724138, 0.19444444444444445, 0.08086253369272237, 0.14492753623188406, 0.10362694300518134, 0.09803921568627451, 0.05128205128205128, 0.1282051282051282, 0.18867924528301888, 0.0847457627118644]
after sort list of tuple: [(0, 0.2549019607843137), (13, 0.25339366515837103), (1, 0.2468354430379747), (4, 0.21951219512195122), (23, 0.208955223880597), (5, 0.20833333333333334), (27, 0.19444444444444445), (3, 0.1916376306620209), (34, 0.18867924528301888), (9, 0.18652849740932642), (12, 0.18421052631578946), (2, 0.17350157728706625), (11, 0.1722488038277512), (10, 0.16551724137931034), (18, 0.16091954022988506), (19, 0.1564245810055866), (20, 0.14854111405835543), (29, 0.14492753623188406), (6, 0.14354066985645933), (21, 0.14105793450881612), (17, 0.13559322033898305), (8, 0.13100436681222707), (33, 0.1282051282051282), (26, 0.1206896551724138), (15, 0.11965811965811966), (7, 0.11826544021024968), (14, 0.11045364891518737), (30, 0.10362694300518134), (22, 0.09876543209876543), (31, 0.09803921568627451), (24, 0.09230769230769231), (16, 0.09210526315789473), (25, 0.09190371991247265), (35, 0.0847457627118644), (28, 0.08086253369272237), (32, 0.05128205128205128)]
seeds_sorted [set([928, 707, 811, 878, 946, 899, 916, 853, 919, 985, 725, 860, 830, 927]), set([576, 769, 459, 612, 651, 718, 596, 764]), set([961, 802, 936, 970, 908, 973, 975, 816, 561, 950, 729, 666, 605]), set([642, 918, 935, 745, 818, 820, 821, 662, 920, 574]), set([704, 737, 610, 772, 81, 491, 716]), set([835, 677, 907, 492, 912, 945, 530, 884, 824, 831]), set([304, 273, 499, 202, 395, 956, 494]), set([929, 758, 966, 972, 717, 560, 981, 886, 699, 892, 893]), set([16, 324, 100, 766, 511]), set([482, 743, 431, 881, 978, 756, 887, 852, 732]), set([644, 710, 103, 840, 932, 763, 636, 894]), set([865, 995, 997, 876, 782, 847, 913, 851, 948, 923, 925]), set([779, 839, 523, 686, 721, 722, 664, 987, 734]), set([994, 877, 910, 784, 51, 693, 982, 792, 922]), set([440, 839, 779, 686, 721, 722, 967, 664]), set([771, 168, 969, 624, 808, 789, 573, 703]), set([673, 712, 663, 815, 819, 980, 791, 382]), set([65, 505, 439, 9, 475, 988]), set([833, 996, 993, 971, 622, 785, 727, 984, 921, 926]), set([83, 143, 467, 116, 214, 983, 378, 986]), set([962, 867, 809, 786, 944, 658, 787, 441]), set([897, 866, 963, 998, 1000, 846, 880, 882, 953, 989]), set([474, 747, 668, 197, 669]), set([740, 933, 38, 949, 826, 909, 749]), set([960, 513, 930, 900, 838, 744, 896, 855]), set([897, 866, 963, 998, 1000, 845, 880, 882, 979, 953]), set([832, 708, 934, 905, 951, 955, 924, 991]), set([712, 815, 819, 598, 791]), set([832, 992, 934, 873, 951, 185, 955, 991]), set([648, 841, 626, 850, 765]), set([976, 849, 147, 563, 999, 915, 941]), set([961, 936, 938, 908, 973, 975, 950, 970]), set([881, 914, 852, 887, 282, 978, 942]), set([625, 834, 796, 804, 775]), set([964, 262, 827, 412, 957, 974]), set([860, 641, 919, 916, 985])]
args__________ ([set([928, 707, 811, 878, 946, 899, 916, 853, 919, 985, 725, 860, 830, 927]), set([860, 641, 919, 916, 985])],)
args__________ ([set([576, 769, 459, 612, 651, 718, 596, 764]), set([964, 262, 827, 412, 957, 974])],)
args__________ ([set([961, 802, 936, 970, 908, 973, 975, 816, 561, 950, 729, 666, 605]), set([625, 834, 796, 804, 775])],)
args__________ ([set([642, 918, 935, 745, 818, 820, 821, 662, 920, 574]), set([881, 914, 852, 887, 282, 978, 942])],)
args__________ ([set([704, 737, 610, 772, 81, 491, 716])],)
args__________ ([set([835, 677, 907, 492, 912, 945, 530, 884, 824, 831])],)
args__________ ([set([304, 273, 499, 202, 395, 956, 494])],)
args__________ ([set([929, 758, 966, 972, 717, 560, 981, 886, 699, 892, 893])],)
args__________ ([set([16, 324, 100, 766, 511])],)
args__________ ([set([482, 743, 431, 881, 978, 756, 887, 852, 732])],)
args__________ ([set([644, 710, 103, 840, 932, 763, 636, 894])],)
args__________ ([set([865, 995, 997, 876, 782, 847, 913, 851, 948, 923, 925])],)
args__________ ([set([779, 839, 523, 686, 721, 722, 664, 987, 734])],)
args__________ ([set([994, 877, 910, 784, 51, 693, 982, 792, 922])],)
args__________ ([set([440, 839, 779, 686, 721, 722, 967, 664])],)
args__________ ([set([771, 168, 969, 624, 808, 789, 573, 703])],)
args__________ ([set([673, 712, 663, 815, 819, 980, 791, 382])],)
args__________ ([set([65, 505, 439, 9, 475, 988])],)
args__________ ([set([833, 996, 993, 971, 622, 785, 727, 984, 921, 926])],)
args__________ ([set([83, 143, 467, 116, 214, 983, 378, 986])],)
args__________ ([set([962, 867, 809, 786, 944, 658, 787, 441])],)
args__________ ([set([897, 866, 963, 998, 1000, 846, 880, 882, 953, 989])],)
args__________ ([set([474, 747, 668, 197, 669])],)
args__________ ([set([740, 933, 38, 949, 826, 909, 749])],)
args__________ ([set([960, 513, 930, 900, 838, 744, 896, 855])],)
args__________ ([set([897, 866, 963, 998, 1000, 845, 880, 882, 979, 953])],)
args__________ ([set([832, 708, 934, 905, 951, 955, 924, 991])],)
args__________ ([set([712, 815, 819, 598, 791])],)
args__________ ([set([832, 992, 934, 873, 951, 185, 955, 991])],)
args__________ ([set([648, 841, 626, 850, 765])],)
args__________ ([set([976, 849, 147, 563, 999, 915, 941])],)
args__________ ([set([961, 936, 938, 908, 973, 975, 950, 970])],)
finish process___________________
sorted nodes by betweenness [1, 2, 4, 5, 6, 7, 8, 11, 12, 15, 20, 22, 24, 25, 26, 29, 31, 34, 35, 40, 47, 48, 50, 52, 54, 55, 56, 57, 58, 59, 63, 67, 68, 72, 74, 80, 82, 84, 86, 88, 89, 92, 96, 97, 99, 101, 102, 106, 109, 111, 115, 118, 123, 126, 132, 133, 135, 137, 138, 139, 140, 145, 146, 153, 154, 156, 157, 158, 159, 161, 164, 165, 167, 169, 171, 172, 175, 176, 179, 180, 181, 184, 187, 189, 190, 191, 194, 198, 200, 201, 203, 204, 205, 206, 209, 212, 215, 218, 222, 225, 233, 235, 237, 241, 242, 244, 245, 250, 253, 254, 256, 257, 260, 261, 265, 269, 271, 275, 277, 278, 279, 281, 283, 286, 289, 291, 294, 295, 296, 299, 302, 306, 308, 311, 312, 314, 317, 318, 319, 320, 323, 326, 328, 329, 330, 332, 334, 335, 336, 338, 339, 340, 342, 344, 345, 348, 354, 357, 359, 361, 362, 365, 366, 367, 368, 370, 371, 373, 374, 379, 381, 383, 391, 393, 396, 397, 400, 401, 404, 405, 406, 407, 413, 417, 420, 422, 424, 426, 427, 428, 429, 433, 436, 438, 442, 444, 445, 446, 447, 449, 450, 454, 457, 458, 460, 461, 462, 463, 464, 468, 469, 470, 471, 472, 473, 477, 483, 484, 485, 488, 489, 490, 495, 496, 497, 500, 501, 502, 504, 508, 509, 512, 514, 515, 516, 519, 522, 524, 525, 527, 528, 529, 531, 533, 537, 540, 542, 544, 546, 547, 550, 551, 553, 555, 556, 557, 558, 559, 564, 566, 568, 569, 580, 582, 583, 585, 586, 590, 591, 593, 595, 600, 601, 602, 608, 611, 613, 614, 615, 616, 617, 619, 620, 621, 623, 627, 629, 638, 639, 640, 645, 646, 649, 650, 654, 659, 660, 665, 672, 674, 675, 680, 683, 684, 685, 687, 689, 690, 692, 696, 697, 702, 711, 714, 715, 719, 724, 728, 735, 736, 739, 748, 752, 754, 762, 773, 777, 778, 780, 781, 783, 788, 793, 794, 795, 798, 799, 801, 803, 807, 813, 814, 817, 822, 828, 836, 837, 843, 848, 854, 856, 857, 861, 862, 864, 868, 870, 871, 872, 879, 883, 885, 888, 890, 895, 901, 902, 904, 906, 911, 931, 939, 940, 943, 947, 952, 954, 958, 959, 965, 968, 977, 990]
args__________ ([[1, 256, 194, 345, 365, 165, 5, 206]],)
args__________ ([[2, 968, 888, 868, 788, 861]],)
args__________ ([[868, 4, 968]],)
args__________ ([[1, 256, 194, 345, 365, 165, 5, 206]],)
args__________ ([[6, 512, 585, 601, 525, 564, 557, 445]],)
args__________ ([[7, 901, 807, 954, 814, 777, 684]],)
args__________ ([[8, 225, 615, 241, 542, 427]],)
args__________ ([[11, 512, 326, 393, 601, 585, 525, 557]],)
args__________ ([[12, 795, 906, 250]],)
args__________ ([[15, 502, 550, 153, 146]],)
args__________ ([[20, 444, 253, 485, 374, 367]],)
args__________ ([[811, 22, 946]],)
args__________ ([[24, 490, 339, 472, 338, 547, 269]],)
args__________ ([[25, 995, 997]],)
args__________ ([[26, 903, 921]],)
args__________ ([[29, 566, 872, 650, 879, 885, 813, 854]],)
args__________ ([[95, 937, 31]],)
args__________ ([[34, 736, 947]],)
args__________ ([[35, 793, 654, 895, 857]],)
args__________ ([[40, 864, 803, 904, 848, 649, 870]],)
args__________ ([[47, 97, 153, 464]],)
args__________ ([[48, 446, 748, 533]],)
args__________ ([[50, 978, 887]],)
args__________ ([[52, 450, 237, 191, 508, 302, 233]],)
args__________ ([[54, 815, 819]],)
args__________ ([[55, 461, 495, 283, 159]],)
args__________ ([[56, 864, 803, 904, 870, 702, 680]],)
args__________ ([[57, 947, 901, 954, 807, 736]],)
args__________ ([[58, 872, 813, 885, 854, 879, 752]],)
args__________ ([[59, 368, 254, 311, 464]],)
args__________ ([[63, 461, 495, 433, 359, 86]],)
args__________ ([[67, 413, 454, 600, 203, 317, 218]],)
finish single seed process___________________
sorted nodes by betweenness [72, 74, 89, 92, 109, 111, 115, 126, 138, 139, 145, 157, 158, 164, 179, 180, 184, 187, 190, 204, 205, 215, 235, 245, 271, 275, 277, 281, 286, 295, 296, 299, 314, 320, 323, 328, 334, 344, 348, 357, 366, 370, 373, 381, 391, 396, 400, 404, 405, 420, 424, 426, 428, 429, 436, 442, 447, 460, 469, 470, 473, 477, 483, 484, 488, 500, 509, 514, 515, 519, 522, 528, 529, 531, 546, 555, 559, 568, 569, 582, 583, 586, 590, 593, 595, 602, 608, 611, 614, 616, 623, 627, 638, 640, 659, 665, 672, 674, 685, 689, 690, 692, 696, 714, 724, 735, 739, 762, 778, 780, 783, 794, 822, 828, 836, 843, 871, 883, 890, 902, 931, 939, 952, 959, 977, 990]
args__________ ([[72, 724, 614, 980, 559]],)
args__________ ([[74, 801, 958]],)
args__________ ([[89, 616, 426, 586, 627, 436, 590, 638]],)
args__________ ([[92, 559, 724, 344, 215]],)
args__________ ([[109, 822, 595, 696, 531]],)
args__________ ([[111, 138, 187, 235, 204, 277, 286]],)
args__________ ([[115, 616, 426, 586, 627, 436, 590, 638]],)
args__________ ([[126, 231, 511]],)
args__________ ([[111, 138, 187, 235, 204, 277, 286]],)
args__________ ([[139, 929, 965]],)
args__________ ([[145, 685, 611]],)
args__________ ([[92, 559, 724, 157]],)
args__________ ([[998, 1000, 158, 989]],)
args__________ ([[164, 460, 724, 602, 396]],)
args__________ ([[179, 714, 696, 640, 473]],)
args__________ ([[180, 724, 460, 593, 614]],)
args__________ ([[184, 602, 582, 988, 442]],)
args__________ ([[111, 138, 187, 235, 204, 277, 286]],)
args__________ ([[190, 595, 696, 328]],)
args__________ ([[111, 138, 187, 235, 204, 277, 286]],)
args__________ ([[205, 454, 600]],)
args__________ ([[92, 559, 724, 344, 215]],)
args__________ ([[111, 138, 187, 235, 204, 277, 286]],)
args__________ ([[245, 714, 531, 595, 822]],)
args__________ ([[145, 271, 690]],)
args__________ ([[164, 460, 724, 275, 396]],)
args__________ ([[111, 138, 187, 235, 204, 277, 286]],)
args__________ ([[224, 281, 863]],)
args__________ ([[111, 138, 187, 235, 204, 277, 286]],)
args__________ ([[570, 295, 829]],)
args__________ ([[503, 296, 982]],)
args__________ ([[299, 996, 926]],)
finish single seed process___________________
sorted nodes by betweenness [314, 320, 334, 348, 357, 366, 370, 373, 381, 391, 404, 405, 420, 424, 428, 429, 469, 470, 477, 483, 488, 500, 509, 514, 515, 519, 522, 528, 529, 546, 555, 568, 608, 623, 659, 665, 672, 674, 689, 692, 735, 739, 762, 778, 780, 783, 794, 828, 836, 843, 871, 883, 890, 902, 931, 939, 952, 959, 977, 990]
args__________ ([[314, 962, 809, 786]],)
args__________ ([[320, 841, 850, 988]],)
args__________ ([[334, 934, 905, 991]],)
args__________ ([[348, 781, 857, 895]],)
args__________ ([[998, 1000, 963, 357]],)
args__________ ([[138, 187, 286, 366]],)
args__________ ([[922, 370, 994, 982]],)
args__________ ([[373, 822, 685]],)
args__________ ([[381, 943, 788, 861]],)
args__________ ([[391, 644, 932, 894]],)
args__________ ([[998, 1000, 963, 404]],)
args__________ ([[405, 743, 881, 978]],)
args__________ ([[420, 943, 728, 422]],)
args__________ ([[782, 424, 865, 995]],)
args__________ ([[428, 993, 971, 622]],)
args__________ ([[429, 676, 945, 884]],)
args__________ ([[469, 934, 991, 951]],)
args__________ ([[470, 806, 808, 789]],)
args__________ ([[477, 994, 792, 982]],)
args__________ ([[483, 993, 984, 971]],)
args__________ ([[488, 964, 691, 757]],)
args__________ ([[214, 467, 378, 500]],)
args__________ ([[590, 627, 638, 509]],)
args__________ ([[514, 932, 763, 894]],)
args__________ ([[515, 961, 950, 975]],)
args__________ ([[519, 995, 979, 844, 847]],)
args__________ ([[522, 901, 954, 947]],)
args__________ ([[256, 365, 528, 345]],)
args__________ ([[169, 508, 529, 237]],)
args__________ ([[401, 943, 546, 861]],)
args__________ ([[555, 872, 885, 879]],)
args__________ ([[568, 992, 569, 822]],)
finish single seed process___________________
sorted nodes by betweenness [608, 623, 659, 665, 672, 674, 689, 692, 735, 739, 762, 778, 780, 783, 794, 828, 836, 843, 871, 883, 890, 902, 931, 939, 952, 959, 977, 990]
args__________ ([[608, 993, 921, 858, 971]],)
args__________ ([[138, 187, 286, 277, 623]],)
args__________ ([[905, 951, 659, 955, 991]],)
args__________ ([[665, 932, 840, 763, 894]],)
args__________ ([[672, 881, 978, 914, 887]],)
args__________ ([[674, 928, 919, 985, 916]],)
args__________ ([[689, 850, 841, 765, 767]],)
args__________ ([[523, 779, 692, 664, 686]],)
args__________ ([[735, 946, 985, 927, 919]],)
args__________ ([[663, 739, 712, 815, 819, 791]],)
args__________ ([[762, 955, 934, 905, 951, 991]],)
args__________ ([[634, 994, 910, 982, 778]],)
args__________ ([[656, 966, 981, 892, 780, 929]],)
args__________ ([[783, 938, 970, 961, 973, 975]],)
args__________ ([[560, 966, 981, 893, 794, 937]],)
args__________ ([[426, 616, 586, 627, 590, 638, 828]],)
args__________ ([[728, 965, 868, 888, 836, 968]],)
args__________ ([[276, 994, 982, 877, 922, 843]],)
args__________ ([[721, 839, 779, 722, 871, 734]],)
args__________ ([[785, 993, 996, 971, 903, 883]],)
args__________ ([[717, 890, 929, 981, 893, 758]],)
args__________ ([[399, 937, 972, 966, 886, 902]],)
args__________ ([[745, 935, 918, 920, 818, 820, 931]],)
args__________ ([[143, 939, 986, 378, 467, 214, 983]],)
args__________ ([[441, 962, 867, 786, 944, 952]],)
args__________ ([[603, 893, 966, 972, 981, 929, 959]],)
args__________ ([[770, 930, 838, 891, 896, 900, 977]],)
args__________ ([[222, 872, 879, 752, 885, 854, 990]],)
finish single seed process___________________
i =  0 [899, 916, 919, 408, 28, 927, 928, 811, 562, 49, 946, 53, 310, 830, 577, 707, 331, 79, 853, 726, 985, 860, 349, 107, 878, 510, 725]
i =  1 [641, 899, 916, 919, 408, 28, 927, 928, 811, 946, 49, 562, 53, 310, 830, 577, 707, 331, 79, 725, 726, 985, 860, 349, 107, 878, 510, 853]
i =  2 [576, 769, 459, 612, 764, 518, 465, 392, 584, 651, 476, 718, 60, 17, 3, 596, 160, 220]
i =  3 [262, 647, 150, 412, 671, 290, 548, 39, 305, 691, 309, 698, 827, 829, 322, 964, 713, 842, 587, 974, 594, 211, 87, 217, 730, 570, 105, 957, 239, 757, 375]
i =  4 [131, 908, 13, 655, 532, 666, 288, 802, 678, 936, 301, 816, 561, 178, 950, 961, 453, 970, 973, 975, 208, 466, 729, 605, 227, 486, 630]
i =  5 [448, 480, 834, 804, 581, 775, 604, 266, 327, 226, 750, 493, 625, 384, 538, 635, 796, 10, 255]
i =  6 [609, 642, 918, 935, 745, 599, 812, 578, 526, 818, 820, 821, 662, 41, 920, 628, 27, 284, 574, 572]
i =  7 [394, 914, 282, 539, 418, 42, 942, 431, 182, 183, 188, 69, 978, 852, 90, 731, 732, 482, 743, 881, 756, 887]
i =  8 [704, 737, 610, 772, 293, 32, 520, 521, 170, 491, 716, 321, 268, 81, 221, 243, 352, 228, 541]
i =  9 [128, 643, 907, 912, 530, 19, 36, 677, 174, 432, 945, 824, 95, 831, 579, 676, 346, 223, 481, 492, 884, 835, 380]
i =  10 [452, 71, 202, 395, 494, 304, 273, 499, 151, 376, 956]
i =  11 [399, 656, 287, 929, 91, 937, 298, 560, 443, 575, 886, 966, 972, 717, 981, 603, 699, 741, 232, 114, 758, 892, 893]
i =  12 [324, 231, 104, 44, 238, 16, 119, 100, 766, 511]
i =  13 [482, 731, 69, 743, 42, 183, 418, 431, 394, 881, 978, 756, 182, 887, 852, 90, 539, 732, 282, 914]
i =  14 [219, 932, 166, 710, 423, 840, 297, 103, 236, 653, 688, 136, 644, 723, 763, 121, 315, 636, 894]
i =  15 [776, 782, 272, 913, 790, 923, 925, 163, 46, 285, 948, 313, 701, 196, 199, 844, 75, 588, 847, 210, 851, 607, 865, 995, 356, 997, 742, 876, 110, 252]
i =  16 [416, 386, 523, 839, 779, 686, 440, 721, 722, 195, 142, 631, 664, 987, 734]
i =  17 [263, 307, 910, 784, 403, 276, 792, 922, 415, 292, 421, 681, 51, 693, 186, 70, 592, 982, 994, 877, 503, 760, 634]
i =  18 [416, 386, 779, 839, 523, 686, 440, 721, 722, 195, 142, 967, 631, 664, 734]
i =  19 [385, 771, 37, 806, 168, 969, 76, 14, 624, 808, 789, 536, 249, 573, 350, 703]
i =  20 [673, 325, 487, 712, 663, 78, 815, 18, 819, 980, 565, 414, 791, 478, 409, 382]
i =  21 [65, 411, 9, 247, 45, 177, 439, 505, 155, 988, 475]
i =  22 [768, 388, 134, 903, 785, 535, 921, 670, 390, 425, 193, 926, 833, 353, 971, 337, 727, 984, 858, 733, 479, 993, 996, 622, 755, 759, 761, 633, 251]
i =  23 [129, 467, 143, 83, 116, 214, 983, 378, 986]
i =  24 [363, 66, 786, 787, 21, 152, 543, 679, 552, 809, 944, 441, 700, 962, 709, 589, 207, 720, 213, 706, 867, 875, 658, 751, 889, 122, 124, 149]
i =  25 [897, 387, 98, 652, 402, 30, 800, 880, 805, 682, 953, 963, 845, 846, 989, 866, 355, 998, 358, 1000, 240, 882, 637]
i =  26 [192, 197, 230, 455, 747, 364, 77, 657, 274, 23, 474, 351, 668, 669, 549]
i =  27 [389, 909, 144, 280, 33, 162, 933, 38, 554, 434, 949, 567, 826, 64, 597, 863, 224, 740, 360, 749, 112, 246, 810, 341]
i =  28 [896, 513, 770, 900, 517, 746, 898, 270, 661, 797, 545, 930, 173, 303, 606, 571, 960, 705, 838, 258, 398, 855, 94, 744, 874, 498, 372, 377, 891, 234, 917]
i =  29 [897, 387, 98, 652, 402, 30, 800, 880, 805, 682, 953, 963, 845, 846, 979, 866, 355, 998, 358, 1000, 240, 882, 637]
i =  30 [264, 905, 924, 934, 113, 43, 437, 694, 951, 185, 955, 62, 832, 708, 216, 347, 991, 229, 873, 108, 369, 248, 507, 125]
i =  31 [673, 325, 487, 712, 663, 414, 78, 815, 18, 819, 565, 598, 791, 478, 409, 382]
i =  32 [264, 905, 934, 113, 43, 437, 694, 951, 185, 955, 62, 832, 708, 216, 347, 991, 992, 229, 873, 108, 369, 248, 507, 125]
i =  33 [61, 259, 648, 841, 267, 300, 850, 451, 765, 626, 435, 117, 534, 410, 93, 767]
i =  34 [130, 774, 141, 147, 148, 120, 667, 419, 941, 430, 563, 695, 825, 316, 456, 73, 823, 333, 976, 849, 85, 343, 859, 738, 869, 999, 618, 753, 915, 632, 506, 127]
i =  35 [131, 908, 13, 655, 532, 666, 288, 802, 678, 936, 938, 301, 816, 561, 178, 950, 961, 453, 970, 973, 975, 208, 466, 729, 605, 227, 486, 630]
i =  36 [256, 1, 194, 165, 365, 206, 345, 5]
i =  37 [257, 2, 140, 911, 401, 788, 537, 422, 167, 683, 556, 558, 943, 965, 968, 329, 504, 728, 527, 861, 862, 868, 489, 856, 242, 244, 888, 639]
i =  38 [257, 2, 4, 140, 527, 401, 788, 537, 422, 167, 683, 556, 558, 943, 965, 968, 329, 504, 728, 911, 861, 862, 868, 489, 856, 242, 244, 888, 639]
i =  39 [256, 1, 194, 165, 365, 206, 345, 5]
i =  40 [512, 294, 326, 6, 585, 11, 525, 557, 564, 393, 601, 445, 133]
i =  41 [901, 7, 777, 397, 156, 798, 807, 684, 814, 947, 57, 954, 189, 200, 201, 330, 736, 99, 102, 361, 497, 379]
i =  42 [225, 68, 615, 8, 457, 106, 427, 241, 308, 118, 407, 542]
i =  43 [512, 294, 6, 326, 393, 11, 525, 557, 564, 585, 601, 445, 133]
i =  44 [161, 260, 278, 449, 524, 906, 715, 12, 551, 719, 660, 501, 406, 312, 332, 250, 795, 687]
i =  45 [97, 59, 550, 368, 47, 464, 209, 146, 254, 502, 311, 153, 15, 318]
i =  46 [289, 485, 80, 367, 176, 20, 374, 279, 84, 123, 444, 253]
i =  47 [899, 916, 22, 919, 408, 28, 927, 928, 811, 946, 49, 562, 53, 310, 830, 577, 707, 331, 79, 853, 726, 985, 860, 349, 107, 878, 510, 725]
i =  48 [354, 547, 137, 490, 269, 472, 338, 339, 181, 24, 383]
i =  49 [776, 782, 272, 913, 790, 25, 923, 925, 163, 46, 285, 948, 313, 701, 196, 199, 844, 75, 588, 847, 210, 851, 607, 865, 995, 356, 997, 742, 876, 110, 252]
i =  50 [768, 388, 134, 903, 785, 535, 921, 26, 670, 390, 425, 926, 833, 193, 353, 971, 337, 727, 984, 858, 733, 479, 993, 996, 622, 755, 759, 761, 633, 251]
i =  51 [854, 646, 711, 872, 265, 650, 620, 813, 462, 879, 752, 885, 566, 58, 463, 540, 29, 222, 629]
i =  52 [12, 399, 656, 25, 31, 929, 91, 937, 298, 560, 443, 575, 758, 966, 972, 717, 99, 981, 603, 95, 699, 741, 232, 287, 114, 886, 892, 893]
i =  53 [901, 7, 777, 397, 156, 798, 34, 807, 684, 814, 947, 57, 954, 189, 200, 201, 330, 736, 99, 102, 361, 497, 379]
i =  54 [799, 35, 132, 613, 135, 553, 619, 940, 781, 654, 175, 754, 675, 340, 171, 697, 371, 857, 591, 793, 895]
i =  55 [773, 904, 649, 154, 261, 417, 803, 680, 306, 56, 702, 96, 580, 198, 335, 848, 82, 291, 468, 88, 864, 870, 621, 40]
i =  56 [97, 59, 550, 368, 47, 464, 209, 146, 318, 502, 311, 153, 15, 254]
i =  57 [544, 801, 516, 645, 958, 438, 617, 458, 748, 48, 817, 533, 172, 212, 496, 336, 362, 446, 837]
i =  58 [418, 50, 69, 731, 743, 42, 887, 914, 431, 482, 978, 756, 182, 183, 852, 90, 539, 732, 282, 394, 881]
i =  59 [450, 233, 237, 302, 52, 471, 169, 508, 191]
i =  60 [673, 325, 487, 712, 382, 791, 78, 815, 18, 819, 478, 54, 663, 409, 414, 565]
i =  61 [359, 63, 159, 461, 495, 433, 86, 55, 283, 319]
i =  62 [773, 904, 649, 154, 261, 417, 803, 680, 306, 56, 702, 96, 580, 198, 335, 848, 82, 291, 468, 88, 864, 870, 621, 40]
i =  63 [901, 7, 777, 397, 156, 798, 807, 684, 814, 947, 57, 954, 189, 200, 201, 330, 736, 99, 102, 361, 497, 379]
i =  64 [566, 646, 711, 872, 265, 650, 620, 813, 462, 879, 752, 885, 854, 58, 463, 540, 29, 222, 629]
i =  65 [97, 550, 47, 368, 15, 464, 209, 146, 318, 502, 311, 153, 59, 254]
i =  66 [283, 359, 159, 461, 495, 433, 86, 55, 63, 319]
i =  67 [67, 101, 454, 203, 413, 342, 600, 218, 317]
i =  68 [164, 582, 614, 72, 460, 396, 980, 559, 593, 275, 180, 215, 344, 724, 602, 184, 92, 157, 442]
i =  69 [544, 801, 516, 645, 48, 617, 458, 748, 837, 336, 817, 172, 212, 496, 438, 446, 74, 362, 958, 533]
i =  70 [627, 323, 616, 426, 590, 115, 436, 89, 586, 638]
i =  71 [164, 582, 614, 72, 460, 396, 559, 593, 275, 724, 215, 344, 180, 602, 184, 92, 157, 442]
i =  72 [640, 611, 484, 179, 583, 328, 714, 685, 109, 400, 145, 595, 531, 245, 822, 473, 696, 569, 271, 190, 447]
i =  73 [138, 235, 204, 111, 277, 187, 286]
i =  74 [627, 323, 616, 426, 590, 115, 436, 89, 586, 638]
i =  75 [324, 231, 104, 44, 238, 16, 119, 100, 126, 511]
i =  76 [138, 235, 204, 111, 277, 187, 286]
i =  77 [929, 427, 68, 965, 225, 8, 457, 106, 139, 241, 308, 118, 407, 615, 542]
i =  78 [640, 611, 484, 179, 583, 328, 714, 109, 685, 400, 145, 595, 531, 245, 822, 473, 696, 569, 271, 190, 447]
i =  79 [164, 582, 614, 72, 460, 396, 559, 593, 275, 724, 215, 344, 180, 602, 184, 92, 157, 442]
i =  80 [129, 387, 897, 652, 402, 22, 866, 158, 31, 800, 880, 805, 682, 30, 953, 963, 845, 846, 989, 98, 355, 998, 358, 1000, 240, 882, 637]
i =  81 [164, 582, 614, 72, 460, 396, 559, 593, 275, 180, 215, 344, 724, 602, 184, 92, 157, 442]
i =  82 [640, 611, 484, 179, 583, 328, 714, 685, 109, 400, 145, 595, 531, 245, 822, 569, 696, 473, 271, 190, 447]
i =  83 [164, 582, 614, 72, 396, 460, 559, 593, 275, 180, 215, 344, 724, 602, 184, 92, 157, 442]
i =  84 [164, 614, 582, 72, 396, 460, 559, 157, 593, 275, 180, 215, 344, 724, 602, 184, 92, 988, 442]
i =  85 [138, 235, 204, 111, 277, 187, 286]
i =  86 [640, 611, 484, 179, 583, 328, 714, 685, 109, 400, 145, 595, 531, 245, 822, 569, 696, 473, 271, 190, 447]
i =  87 [138, 235, 204, 111, 277, 187, 286]
i =  88 [67, 101, 454, 203, 205, 413, 342, 600, 218, 317]
i =  89 [164, 582, 614, 72, 460, 396, 559, 593, 275, 724, 215, 344, 180, 602, 184, 92, 157, 442]
i =  90 [138, 235, 204, 111, 277, 187, 286]
i =  91 [640, 611, 484, 179, 583, 328, 714, 685, 109, 400, 145, 595, 531, 245, 822, 473, 696, 569, 271, 190, 447]
i =  92 [640, 271, 400, 145, 531, 685, 690, 179, 822, 696, 569, 190, 447, 583, 328, 714, 595, 473, 611, 484, 109, 245]
i =  93 [164, 582, 614, 72, 460, 396, 559, 593, 275, 180, 215, 344, 724, 602, 184, 92, 157, 442]
i =  94 [138, 235, 204, 111, 277, 187, 286]
i =  95 [389, 909, 144, 280, 281, 33, 162, 933, 38, 810, 434, 949, 567, 826, 64, 597, 863, 224, 740, 360, 749, 112, 246, 554, 341]
i =  96 [138, 235, 204, 111, 277, 187, 286]
i =  97 [262, 647, 150, 412, 671, 290, 548, 295, 305, 691, 309, 698, 827, 829, 322, 964, 713, 842, 587, 974, 594, 211, 87, 217, 730, 570, 105, 39, 957, 239, 757, 375]
i =  98 [263, 307, 910, 784, 403, 276, 792, 922, 415, 292, 421, 296, 681, 51, 693, 186, 70, 592, 982, 994, 877, 503, 760, 634]
i =  99 [768, 388, 134, 903, 785, 535, 921, 926, 390, 425, 193, 299, 670, 833, 993, 971, 337, 727, 984, 858, 733, 479, 353, 996, 622, 755, 759, 761, 633, 251]
i =  100 [875, 66, 786, 787, 149, 152, 543, 679, 552, 809, 944, 441, 314, 700, 962, 709, 589, 207, 720, 213, 706, 867, 363, 658, 751, 889, 122, 124, 21]
i =  101 [320, 259, 648, 841, 267, 300, 61, 451, 765, 850, 435, 117, 534, 410, 988, 93, 767]
i =  102 [264, 905, 934, 369, 43, 437, 694, 951, 185, 955, 62, 832, 708, 334, 216, 347, 991, 229, 873, 108, 113, 248, 507, 125]
i =  103 [132, 135, 781, 654, 793, 799, 675, 553, 171, 940, 175, 697, 591, 35, 340, 857, 348, 613, 619, 754, 371, 895]
i =  104 [897, 387, 652, 402, 866, 30, 800, 880, 805, 682, 953, 963, 845, 846, 357, 98, 355, 358, 998, 1000, 240, 882, 637]
i =  105 [138, 235, 204, 366, 111, 277, 187, 286]
i =  106 [263, 307, 910, 784, 403, 276, 792, 922, 415, 292, 421, 681, 51, 693, 186, 70, 592, 982, 994, 877, 370, 503, 760, 634]
i =  107 [640, 271, 400, 145, 531, 685, 179, 822, 696, 569, 190, 447, 583, 328, 714, 595, 473, 611, 484, 109, 373, 245]
i =  108 [257, 2, 140, 911, 401, 788, 537, 422, 167, 683, 556, 558, 943, 54, 965, 968, 329, 888, 856, 527, 861, 862, 868, 489, 728, 242, 244, 504, 381, 639]
i =  109 [219, 932, 166, 710, 423, 840, 297, 103, 236, 653, 688, 136, 723, 315, 391, 121, 644, 763, 636, 894]
i =  110 [897, 387, 652, 402, 404, 866, 30, 800, 880, 805, 682, 953, 963, 845, 846, 98, 355, 998, 358, 1000, 240, 882, 637]
i =  111 [394, 914, 405, 282, 539, 418, 42, 431, 182, 183, 188, 69, 978, 852, 90, 731, 732, 482, 743, 881, 756, 887]
i =  112 [257, 2, 140, 911, 401, 788, 537, 420, 422, 167, 683, 556, 558, 943, 965, 968, 329, 888, 728, 527, 861, 862, 868, 489, 856, 242, 244, 504, 639]
i =  113 [776, 782, 272, 913, 790, 923, 925, 163, 424, 46, 285, 948, 313, 701, 196, 199, 844, 75, 588, 847, 210, 851, 607, 865, 995, 356, 997, 742, 876, 110, 252]
i =  114 [768, 388, 390, 903, 785, 535, 921, 926, 134, 425, 428, 670, 833, 193, 353, 971, 337, 727, 984, 858, 733, 479, 993, 996, 622, 755, 759, 761, 633, 251]
i =  115 [128, 643, 907, 912, 530, 19, 676, 677, 429, 174, 432, 945, 824, 95, 831, 579, 36, 346, 223, 481, 492, 884, 835, 380]
i =  116 [264, 905, 934, 369, 43, 437, 694, 951, 185, 955, 62, 832, 708, 469, 216, 347, 991, 229, 873, 108, 113, 248, 507, 125]
i =  117 [385, 771, 37, 806, 808, 76, 14, 624, 168, 789, 470, 536, 249, 573, 350, 703]
i =  118 [263, 307, 910, 784, 403, 276, 792, 922, 415, 292, 421, 681, 51, 693, 186, 70, 592, 982, 477, 994, 877, 503, 760, 634]
i =  119 [768, 388, 134, 903, 785, 535, 921, 926, 390, 425, 670, 833, 193, 353, 971, 337, 727, 984, 858, 733, 479, 993, 483, 996, 622, 755, 759, 761, 633, 251]
i =  120 [262, 647, 150, 412, 290, 548, 39, 305, 691, 309, 570, 827, 829, 322, 964, 713, 842, 587, 974, 594, 211, 87, 217, 730, 698, 488, 105, 957, 239, 757, 375]
i =  121 [467, 143, 83, 116, 214, 500, 378]
i =  122 [627, 323, 616, 586, 590, 115, 436, 89, 509, 638, 426]
i =  123 [514, 763, 932, 710, 166, 103, 136, 297, 423, 236, 653, 688, 840, 644, 723, 315, 121, 219, 636, 894]
i =  124 [515, 908, 13, 655, 131, 532, 666, 288, 802, 678, 936, 301, 816, 561, 178, 950, 961, 453, 970, 973, 975, 208, 466, 729, 605, 227, 486, 630]
i =  125 [519, 776, 782, 272, 913, 790, 923, 925, 163, 46, 285, 948, 313, 701, 196, 199, 844, 75, 588, 847, 210, 979, 607, 865, 995, 356, 997, 742, 876, 110, 851, 252]
i =  126 [901, 7, 777, 522, 397, 156, 798, 807, 684, 814, 947, 57, 954, 189, 200, 201, 330, 736, 99, 102, 361, 497, 379]
i =  127 [256, 1, 194, 5, 365, 206, 528, 345, 165]
i =  128 [450, 169, 237, 302, 529, 52, 471, 233, 508, 191]
i =  129 [257, 2, 140, 911, 401, 788, 537, 546, 422, 167, 683, 556, 558, 943, 54, 965, 968, 329, 888, 856, 527, 861, 862, 868, 489, 728, 242, 244, 504, 639]
i =  130 [566, 646, 711, 872, 265, 650, 555, 620, 813, 462, 879, 752, 885, 854, 58, 463, 540, 29, 222, 629]
i =  131 [640, 271, 400, 145, 531, 685, 179, 822, 696, 569, 190, 447, 583, 328, 714, 568, 595, 473, 992, 611, 484, 109, 245]
i =  132 [768, 388, 390, 903, 785, 535, 921, 670, 134, 425, 926, 833, 193, 993, 971, 337, 727, 984, 858, 733, 479, 608, 353, 996, 622, 755, 759, 761, 633, 251]
i =  133 [623, 138, 235, 204, 111, 277, 187, 286]
i =  134 [264, 905, 659, 934, 113, 43, 437, 694, 951, 185, 955, 62, 832, 708, 216, 347, 991, 229, 873, 108, 369, 248, 507, 125]
i =  135 [219, 932, 710, 166, 103, 840, 297, 423, 236, 653, 688, 136, 644, 723, 315, 665, 121, 763, 636, 894]
i =  136 [394, 914, 282, 539, 672, 418, 42, 431, 182, 183, 188, 69, 978, 852, 90, 731, 732, 482, 743, 881, 756, 887]
i =  137 [899, 916, 919, 408, 28, 927, 928, 674, 811, 946, 49, 562, 53, 310, 830, 577, 707, 331, 79, 853, 726, 985, 860, 349, 107, 878, 510, 725]
i =  138 [259, 93, 648, 841, 267, 300, 451, 765, 689, 850, 435, 117, 534, 410, 61, 767]
i =  139 [416, 386, 523, 839, 779, 686, 440, 721, 722, 195, 692, 142, 631, 664, 734]
i =  140 [899, 916, 919, 408, 28, 927, 928, 811, 562, 49, 946, 53, 310, 830, 577, 707, 331, 79, 853, 726, 985, 860, 349, 735, 107, 878, 510, 725]
i =  141 [673, 739, 325, 487, 712, 663, 78, 815, 18, 819, 565, 414, 791, 478, 409, 382]
i =  142 [264, 905, 934, 113, 43, 437, 694, 951, 185, 955, 62, 832, 708, 216, 347, 991, 229, 873, 108, 369, 248, 762, 507, 125]
i =  143 [263, 307, 778, 910, 784, 403, 276, 792, 922, 415, 292, 421, 681, 51, 693, 186, 70, 592, 982, 994, 877, 503, 760, 634]
i =  144 [780, 399, 656, 287, 929, 91, 937, 298, 560, 699, 575, 758, 966, 972, 717, 981, 603, 443, 741, 232, 114, 886, 892, 893]
i =  145 [131, 908, 13, 783, 532, 666, 288, 802, 678, 936, 938, 301, 816, 561, 178, 950, 961, 453, 970, 973, 975, 208, 466, 729, 655, 605, 227, 486, 630]
i =  146 [399, 656, 794, 287, 929, 603, 937, 298, 560, 443, 575, 758, 966, 972, 717, 981, 91, 699, 741, 232, 114, 886, 892, 893]
i =  147 [627, 323, 616, 426, 590, 115, 436, 89, 828, 586, 638]
i =  148 [257, 2, 140, 527, 401, 788, 537, 422, 167, 683, 556, 558, 943, 836, 965, 968, 329, 504, 728, 911, 861, 862, 868, 489, 856, 242, 244, 888, 639]
i =  149 [263, 307, 910, 784, 403, 276, 792, 922, 415, 292, 421, 681, 51, 693, 186, 70, 843, 592, 982, 994, 877, 503, 760, 634]
i =  150 [416, 523, 386, 195, 871, 664, 779, 142, 721, 722, 686, 631, 440, 839, 734]
i =  151 [768, 388, 390, 903, 785, 535, 921, 926, 134, 425, 193, 755, 670, 833, 353, 971, 337, 727, 984, 858, 733, 479, 993, 996, 622, 883, 759, 761, 633, 251]
i =  152 [399, 656, 287, 929, 603, 937, 298, 560, 443, 575, 758, 966, 972, 717, 981, 91, 699, 741, 232, 114, 886, 890, 892, 893]
i =  153 [902, 399, 656, 287, 929, 91, 31, 937, 298, 560, 443, 575, 886, 966, 972, 717, 981, 603, 699, 741, 232, 114, 758, 892, 893]
i =  154 [609, 578, 931, 662, 935, 745, 599, 812, 642, 526, 818, 820, 821, 918, 41, 920, 628, 27, 284, 574, 572]
i =  155 [129, 214, 143, 283, 159, 161, 939, 433, 55, 63, 461, 467, 86, 983, 986, 359, 495, 83, 116, 378, 319, 126]
i =  156 [363, 66, 658, 787, 149, 152, 543, 679, 552, 809, 944, 952, 441, 700, 962, 709, 589, 207, 720, 213, 706, 867, 875, 786, 751, 889, 122, 124, 21]
i =  157 [399, 656, 287, 929, 603, 937, 298, 560, 699, 959, 758, 966, 972, 717, 981, 91, 443, 741, 232, 114, 886, 575, 892, 893]
i =  158 [896, 513, 770, 900, 517, 258, 398, 661, 234, 797, 545, 930, 173, 303, 898, 94, 571, 960, 705, 838, 977, 270, 855, 606, 744, 746, 498, 372, 377, 891, 874, 917]
i =  159 [990, 566, 646, 711, 872, 265, 650, 620, 813, 462, 879, 752, 885, 854, 58, 463, 540, 29, 222, 629]
finish get all communities
complete deal_communities
commplete get_all_nature_community
----------------------------------The detection result is: 

all communities: 
i =  1 : [3, 17, 60, 160, 220, 392, 459, 465, 476, 518, 576, 584, 596, 612, 651, 718, 764, 769]
i =  2 : [10, 226, 255, 266, 327, 384, 448, 480, 493, 538, 581, 604, 625, 635, 750, 775, 796, 804, 834]
i =  3 : [32, 81, 170, 221, 228, 243, 268, 293, 321, 352, 491, 520, 521, 541, 610, 704, 716, 737, 772]
i =  4 : [71, 151, 202, 273, 304, 376, 395, 452, 494, 499, 956]
i =  5 : [9, 45, 65, 155, 177, 247, 411, 439, 475, 505, 988]
i =  6 : [23, 77, 192, 197, 230, 274, 351, 364, 455, 474, 549, 657, 668, 669, 747]
i =  7 : [73, 85, 120, 127, 130, 141, 147, 148, 316, 333, 343, 419, 430, 456, 506, 563, 618, 632, 667, 695, 738, 753, 774, 823, 825, 849, 859, 869, 915, 941, 976, 999]
i =  8 : [6, 11, 133, 294, 326, 393, 445, 512, 525, 557, 564, 585, 601]
i =  9 : [12, 161, 250, 260, 278, 312, 332, 406, 449, 501, 524, 551, 660, 687, 715, 719, 795, 906]
i =  10 : [15, 47, 59, 97, 146, 153, 209, 254, 311, 318, 368, 464, 502, 550]
i =  11 : [20, 80, 84, 123, 176, 253, 279, 289, 367, 374, 444, 485]
i =  12 : [24, 137, 181, 269, 338, 339, 354, 383, 472, 490, 547]
i =  13 : [40, 56, 82, 88, 96, 154, 198, 261, 291, 306, 335, 417, 468, 580, 621, 649, 680, 702, 773, 803, 848, 864, 870, 904]
i =  14 : [48, 74, 172, 212, 336, 362, 438, 446, 458, 496, 516, 533, 544, 617, 645, 748, 801, 817, 837, 958]
i =  15 : [8, 68, 106, 118, 139, 225, 241, 308, 407, 427, 457, 542, 615, 929, 965]
i =  16 : [67, 101, 203, 205, 218, 317, 342, 413, 454, 600]
i =  17 : [33, 38, 64, 112, 144, 162, 224, 246, 280, 281, 341, 360, 389, 434, 554, 567, 597, 740, 749, 810, 826, 863, 909, 933, 949]
i =  18 : [35, 132, 135, 171, 175, 340, 348, 371, 553, 591, 613, 619, 654, 675, 697, 754, 781, 793, 799, 857, 895, 940]
i =  19 : [19, 36, 95, 128, 174, 223, 346, 380, 429, 432, 481, 492, 530, 579, 643, 676, 677, 824, 831, 835, 884, 907, 912, 945]
i =  20 : [83, 116, 143, 214, 378, 467, 500]
i =  21 : [1, 5, 165, 194, 206, 256, 345, 365, 528]
i =  22 : [52, 169, 191, 233, 237, 302, 450, 471, 508, 529]
i =  23 : [27, 41, 284, 526, 572, 574, 578, 599, 609, 628, 642, 662, 745, 812, 818, 820, 821, 918, 920, 931, 935]
i =  24 : [55, 63, 83, 86, 116, 126, 129, 143, 159, 161, 214, 283, 319, 359, 378, 433, 461, 467, 495, 939, 983, 986]
i =  25 : [94, 173, 234, 258, 270, 303, 372, 377, 398, 498, 513, 517, 545, 571, 606, 661, 705, 744, 746, 770, 797, 838, 855, 874, 891, 896, 898, 900, 917, 930, 960, 977]
i =  26 : [16, 44, 100, 104, 119, 126, 231, 238, 324, 511, 766]
i =  27 : [14, 37, 76, 168, 249, 350, 385, 470, 536, 573, 624, 703, 771, 789, 806, 808, 969]
i =  28 : [7, 34, 57, 99, 102, 156, 189, 200, 201, 330, 361, 379, 397, 497, 522, 684, 736, 777, 798, 807, 814, 901, 947, 954]
i =  29 : [72, 92, 157, 164, 180, 184, 215, 275, 344, 396, 442, 460, 559, 582, 593, 602, 614, 724, 980, 988]
i =  30 : [39, 87, 105, 150, 211, 217, 239, 262, 290, 295, 305, 309, 322, 375, 412, 488, 548, 570, 587, 594, 647, 671, 691, 698, 713, 730, 757, 827, 829, 842, 957, 964, 974]
i =  31 : [21, 66, 122, 124, 149, 152, 207, 213, 314, 363, 441, 543, 552, 589, 658, 679, 700, 706, 709, 720, 751, 786, 787, 809, 867, 875, 889, 944, 952, 962]
i =  32 : [111, 138, 187, 204, 235, 277, 286, 366, 623]
i =  33 : [89, 115, 323, 426, 436, 509, 586, 590, 616, 627, 638, 828]
i =  34 : [13, 131, 178, 208, 227, 288, 301, 453, 466, 486, 515, 532, 561, 605, 630, 655, 666, 678, 729, 783, 802, 816, 908, 936, 938, 950, 961, 970, 973, 975]
i =  35 : [29, 58, 222, 265, 462, 463, 540, 555, 566, 620, 629, 646, 650, 711, 752, 813, 854, 872, 879, 885, 990]
i =  36 : [61, 93, 117, 259, 267, 300, 320, 410, 435, 451, 534, 626, 648, 689, 765, 767, 841, 850, 988]
i =  37 : [25, 46, 75, 110, 163, 196, 199, 210, 252, 272, 285, 313, 356, 424, 519, 588, 607, 701, 742, 776, 782, 790, 844, 847, 851, 865, 876, 913, 923, 925, 948, 979, 995, 997]
i =  38 : [109, 145, 179, 190, 245, 271, 328, 373, 400, 447, 473, 484, 531, 568, 569, 583, 595, 611, 640, 685, 690, 696, 714, 822, 992]
i =  39 : [103, 121, 136, 166, 219, 236, 297, 315, 391, 423, 514, 636, 644, 653, 665, 688, 710, 723, 763, 840, 894, 932]
i =  40 : [22, 28, 49, 53, 79, 107, 310, 331, 349, 408, 510, 562, 577, 641, 674, 707, 725, 726, 735, 811, 830, 853, 860, 878, 899, 916, 919, 927, 928, 946, 985]
i =  41 : [42, 50, 69, 90, 182, 183, 188, 282, 394, 405, 418, 431, 482, 539, 672, 731, 732, 743, 756, 852, 881, 887, 914, 942, 978]
i =  42 : [142, 195, 386, 416, 440, 523, 631, 664, 686, 692, 721, 722, 734, 779, 839, 871, 967, 987]
i =  43 : [18, 54, 78, 325, 382, 409, 414, 478, 487, 565, 598, 663, 673, 712, 739, 791, 815, 819, 980]
i =  44 : [22, 30, 31, 98, 129, 158, 240, 355, 357, 358, 387, 402, 404, 637, 652, 682, 800, 805, 845, 846, 866, 880, 882, 897, 953, 963, 979, 989, 998, 1000]
i =  45 : [2, 4, 54, 140, 167, 242, 244, 257, 329, 381, 401, 420, 422, 489, 504, 527, 537, 546, 556, 558, 639, 683, 728, 788, 836, 856, 861, 862, 868, 888, 911, 943, 965, 968]
i =  46 : [51, 70, 186, 263, 276, 292, 296, 307, 370, 403, 415, 421, 477, 503, 592, 634, 681, 693, 760, 778, 784, 792, 843, 877, 910, 922, 982, 994]
i =  47 : [43, 62, 108, 113, 125, 185, 216, 229, 248, 264, 334, 347, 369, 437, 469, 507, 659, 694, 708, 762, 832, 873, 905, 924, 934, 951, 955, 991, 992]
i =  48 : [26, 134, 193, 251, 299, 337, 353, 388, 390, 425, 428, 479, 483, 535, 608, 622, 633, 670, 727, 733, 755, 759, 761, 768, 785, 833, 858, 883, 903, 921, 926, 971, 984, 993, 996]
i =  49 : [12, 25, 31, 91, 95, 99, 114, 232, 287, 298, 399, 443, 560, 575, 603, 656, 699, 717, 741, 758, 780, 794, 886, 890, 892, 893, 902, 929, 937, 959, 966, 972, 981]
overlapping nodes are:  [12, 22, 25, 31, 54, 83, 95, 99, 116, 126, 129, 143, 161, 214, 378, 467, 929, 965, 979, 980, 988, 992] 
 NOO is:  22
total time is:  130.108296871
