lens of ground_truth:  71
ground_truth is: [[10, 135, 190, 202, 392, 442, 536, 542, 571, 572, 582, 889, 890, 972], [7, 9, 79, 141, 414, 445, 475, 864, 880, 943, 971], [45, 157, 165, 334, 353, 480, 589, 636, 683, 699, 762, 809, 839, 846, 848, 850, 852, 860, 866, 887, 892, 905, 908, 910, 938, 943, 949, 950, 952, 955, 967, 977, 989], [16, 105, 129, 134, 176, 200, 215, 234, 243, 303, 327, 339, 422, 433, 455, 471, 589, 593, 700, 711, 715, 750, 765, 798, 809, 816, 864, 870, 901, 904, 922, 924, 925, 946, 961, 962, 964, 972, 978, 980, 989, 990, 992], [62, 148, 171, 194, 217, 320, 420, 585, 589, 639, 653, 818, 822, 892, 957], [137, 142, 226, 233, 260, 269, 477, 578, 589, 616, 645, 652, 657, 684, 685, 735, 843, 850], [164, 165, 166, 198, 261, 347, 351, 395, 429, 440, 498, 530, 636, 736, 832, 841, 860, 896, 899, 905, 912, 955, 977], [32, 170, 239, 255, 259, 307, 506, 512, 539, 648, 705, 729, 734, 767, 819, 835, 879, 880, 881, 922, 946, 971, 977, 984, 995, 998], [27, 106, 188, 222, 236, 253, 264, 279, 376, 389, 398, 455, 550, 597, 683, 715, 738, 779, 822, 827, 860, 873, 880, 955, 965, 971, 995, 996], [17, 60, 90, 214, 259, 358, 371, 393, 438, 463, 518, 532, 556, 560, 664, 705, 733, 739, 752, 773, 787, 844, 868, 933, 995, 996], [41, 114, 151, 174, 232, 291, 400, 415, 470, 748, 947], [58, 63, 70, 165, 171, 198, 219, 535, 568, 581, 598, 636, 690, 763, 818, 827, 853, 856, 892, 899, 910, 912, 946], [99, 322, 401, 455, 468, 487, 638, 773, 780, 801, 809, 889, 905, 984], [31, 55, 69, 92, 102, 187, 302, 486, 555, 570, 668, 809, 910], [20, 98, 122, 147, 258, 281, 343, 460, 465, 507, 578, 595, 642, 673, 675, 864], [18, 51, 66, 68, 105, 218, 237, 780, 852, 955], [38, 94, 133, 249, 327, 372, 383, 424, 452, 479, 526, 843, 887, 904], [1, 39, 143, 184, 242, 274, 299, 386, 549, 609, 713, 772, 864, 943, 947, 965], [40, 122, 366, 427, 482, 484, 503, 508, 528, 627, 649, 668, 748, 750, 864, 946], [37, 128, 134, 160, 366, 378, 489, 538, 548, 604, 625, 643, 660, 665, 683, 703, 704, 708, 724, 792, 795, 805, 834, 847, 896, 913, 922, 949], [14, 52, 149, 259, 385, 436, 504, 651, 827, 860, 910, 922, 947, 957], [26, 57, 76, 110, 119, 192, 289, 368, 668, 994], [64, 98, 230, 236, 248, 333, 355, 471, 517, 533, 558, 584, 661, 688, 774, 827, 957, 989], [4, 25, 83, 146, 198, 240, 286, 402, 425, 892], [91, 254, 256, 296, 338, 339, 359, 494, 554, 578, 661, 924, 992], [30, 67, 231, 357, 380, 432, 434, 488, 537, 577, 580, 661, 846], [56, 58, 98, 105, 163, 171, 259, 262, 292, 332, 335, 377, 387, 408, 466, 631, 666, 692, 693], [88, 129, 200, 201, 303, 309, 339, 417, 433, 506, 510, 559, 575, 590, 617, 618, 641, 753, 759, 801, 806, 824, 829, 833, 874, 886, 890, 891, 897, 899, 901, 911, 925, 929, 931, 970, 972, 974, 975, 976, 978, 992], [59, 61, 134, 198, 221, 236, 300, 321, 429, 433, 636, 782, 785, 801, 809, 844, 846, 848, 850, 852, 864, 883, 885, 887, 895, 899, 905, 929, 936, 948, 949, 968, 969, 977, 984], [5, 75, 122, 152, 167, 210, 219, 259, 311, 328, 379, 437, 462, 478, 523, 552, 563, 577, 586, 650, 809, 852, 880, 887, 890, 909, 920, 921, 930, 933, 953, 967, 996], [50, 84, 127, 136, 171, 212, 287, 347, 435, 546, 629, 747, 748, 759, 778, 786, 896, 946, 998], [46, 153, 285, 408, 429, 474, 551, 561, 592, 611, 624, 715, 737, 772, 807, 814, 827, 828, 842, 857, 862, 910, 920, 922], [24, 57, 86, 98, 129, 173, 490, 658, 683, 687, 691, 714, 715, 719, 721, 725, 730, 768, 773, 796, 837, 929], [57, 58, 105, 150, 155, 365, 366, 408, 439, 451, 532, 573, 621, 623, 637, 654, 683, 705, 760, 772, 773, 776, 820, 821, 822, 875, 884, 933], [12, 16, 21, 57, 104, 105, 122, 185, 200, 216, 224, 244, 303, 309, 327, 339, 346, 365, 374, 403, 408, 433, 441, 471, 532, 589, 602, 610, 612, 683, 705, 759, 813, 818, 824, 842, 843, 903, 910, 912, 933, 944, 945, 949, 967, 984, 989, 998], [53, 138, 197, 211, 241, 315, 367, 844, 912, 922, 972], [112, 122, 131, 165, 198, 245, 283, 388, 429, 471, 495, 532, 578, 633, 655, 759, 801, 818, 842, 844, 846, 848, 850, 852, 860, 887, 889, 899, 905, 912, 920, 926, 929, 943, 949, 963, 967, 977, 979, 985, 994], [13, 88, 140, 207, 314, 409, 459, 552, 594, 615, 663, 842, 880, 943, 949], [43, 199, 203, 259, 271, 310, 418, 444, 483, 499, 578, 656, 668, 670, 681, 957], [11, 16, 58, 88, 129, 191, 200, 213, 219, 309, 336, 423, 552, 567, 577, 579, 601, 632, 715, 717, 748, 759, 816, 844, 846, 850, 851, 869, 889, 890, 892, 900, 904, 914, 920, 925, 929, 935, 949, 971, 972, 989], [16, 28, 33, 85, 87, 156, 177, 200, 270, 327, 363, 365, 366, 408, 428, 433, 453, 471, 506, 527, 532, 540, 606, 705, 727, 731, 750, 770, 816, 822, 824, 842, 843, 860, 896, 902, 947, 955, 956, 978, 984, 996, 998, 999], [15, 58, 72, 88, 129, 364, 433, 500, 552, 577, 628, 667, 709, 748, 764, 784, 803, 831, 846, 850, 878, 887, 890, 892, 910, 920, 925, 946, 967], [77, 198, 284, 345, 406, 446, 564, 569, 635, 661, 682, 695, 842, 889, 971, 984], [19, 58, 96, 100, 208, 303, 339, 391, 443, 447, 496, 513, 521, 557, 644, 715, 769, 772, 818, 824, 826, 843, 844, 848, 855, 876, 901, 904, 925, 940, 954, 958, 983, 986, 987, 993, 997], [229, 238, 277, 324, 348, 361, 390, 519, 520, 759, 977, 994], [2, 73, 82, 306, 316, 347, 366, 413, 469, 583, 603, 824, 889, 992], [74, 134, 235, 243, 251, 305, 319, 350, 384, 396, 566, 677, 718, 860, 905, 957, 965, 989, 996], [34, 57, 103, 117, 144, 158, 298, 301, 326, 411, 419, 457, 505], [16, 36, 88, 200, 236, 243, 309, 327, 339, 340, 365, 455, 471, 614, 683, 715, 723, 759, 772, 780, 801, 822, 844, 858, 859, 863, 877, 880, 896, 912, 915, 919, 932, 937, 947, 955, 960, 965, 982, 989, 991, 995, 998], [3, 54, 189, 225, 268, 276, 290, 370, 578, 995], [81, 183, 236, 323, 330, 331, 342, 347, 354, 410, 578, 696, 743, 905, 943, 965, 977], [8, 182, 227, 257, 272, 313, 369, 472, 492, 497, 501, 816, 842], [16, 107, 123, 126, 154, 181, 196, 206, 275, 382, 430, 509, 544, 547, 608, 726, 749, 756, 896, 995], [29, 35, 44, 65, 124, 280, 373, 467, 473, 574, 577, 587, 588, 668, 697, 864], [47, 78, 88, 204, 294, 297, 318, 412, 450, 464, 476, 491, 576, 889], [49, 98, 105, 122, 186, 228, 247, 304, 325, 347, 421, 562, 636, 676, 705, 707, 732, 755, 766, 781, 836, 854, 924, 933], [16, 57, 115, 134, 200, 209, 219, 243, 295, 303, 309, 327, 365, 416, 471, 506, 531, 589, 674, 750, 777, 780, 789, 804, 823, 830, 843, 894, 901, 904, 923, 924, 939, 941, 957, 978, 981, 988, 995, 998, 1000], [80, 120, 130, 145, 169, 223, 236, 293, 454, 458, 502, 515, 516, 541, 600, 620, 661, 745, 746, 771, 772, 845, 922, 933], [98, 113, 159, 165, 171, 219, 341, 360, 534, 599, 636, 659, 686, 689, 716, 720, 740, 741, 761, 780, 791, 808, 848, 850, 899, 906, 924], [6, 95, 171, 179, 193, 219, 252, 347, 394, 456, 545, 577, 607, 634, 647, 742, 748, 801, 816, 817, 848, 849, 865, 920, 994], [71, 93, 118, 220, 236, 259, 266, 429, 455, 522, 524, 694, 706, 751, 800, 822, 824, 827, 867, 871, 898, 907, 927, 942, 947, 955, 959, 967, 971, 972, 984, 994], [98, 134, 172, 195, 243, 309, 365, 366, 397, 408, 429, 506, 532, 646, 680, 705, 710, 748, 750, 773, 780, 783, 788, 822, 880, 901, 918, 924, 966, 978, 994, 996], [57, 105, 134, 243, 365, 366, 408, 506, 514, 532, 622, 640, 662, 668, 702, 712, 750, 772, 773, 780, 838, 872, 882, 888, 901, 912, 924, 933, 978, 992, 994, 996], [108, 161, 165, 175, 288, 349, 511, 591, 661, 671, 698, 728, 744, 773, 775, 793, 896, 947, 957, 965], [42, 48, 89, 139, 205, 273, 278, 399, 426, 461, 485], [22, 23, 101, 121, 250, 337, 339, 352, 448, 613, 619, 661, 672, 679, 929], [58, 88, 129, 243, 267, 303, 327, 381, 431, 433, 506, 552, 553, 589, 626, 630, 701, 750, 809, 811, 816, 824, 825, 843, 892, 901, 904, 916, 925, 928, 929, 934, 972, 973, 978, 992], [97, 111, 168, 246, 308, 344, 362, 525, 543, 596, 678, 722, 758, 790, 797, 802, 852, 943, 971, 998], [116, 125, 162, 265, 282, 317, 404, 455, 481, 493, 529, 565, 920], [109, 122, 165, 171, 198, 219, 263, 347, 356, 407, 429, 449, 455, 552, 636, 757, 812, 815, 816, 818, 846, 848, 887, 890, 899, 917, 946, 965, 967], [129, 132, 178, 180, 303, 309, 312, 329, 375, 405, 552, 577, 605, 668, 669, 754, 794, 799, 801, 810, 818, 827, 840, 852, 861, 890, 893, 904, 925, 951, 992]]
nodes: [578, 636, 661, 666, 668, 748, 750, 756, 780, 787, 799, 801, 805, 809, 827, 829, 837, 846, 850, 860, 864, 870, 871, 875, 887, 896, 905, 912, 919, 920, 922, 923, 924, 943, 946, 947, 957, 967, 971, 972, 977, 978, 984, 989, 992, 994, 995, 996, 997, 998] num of nodes:  50
[[494, 554, 578], [636, 832, 736, 841], [661, 802, 852, 758], [163, 262, 692, 693, 666, 631, 466, 387], [119, 368, 668], [482, 649, 627, 748], [528, 649, 627, 750], [123, 544, 608, 726, 756, 749, 509], [51, 237, 218, 780], [518, 739, 868, 560, 787, 733, 664, 556], [405, 669, 840, 810, 861, 605, 754, 794, 799, 893, 951], [468, 638, 487, 801], [625, 834, 805, 724, 847, 913, 792, 795, 643, 708], [31, 555, 570, 809], [27, 873, 398, 827], [575, 931, 897, 833, 806, 829, 891, 970, 874, 976, 911, 886, 974, 975], [490, 768, 837, 714, 687, 719, 721, 730, 658, 691, 796, 725], [846, 866, 952, 938, 908], [850, 949, 950, 952, 938, 908], [860, 950, 952, 938, 908], [79, 445, 475, 414, 864], [593, 961, 962, 964, 870, 711, 700, 990, 980, 765, 798], [522, 867, 800, 706, 898, 871, 907, 959, 751, 694, 942, 927], [439, 776, 875, 621, 654, 623, 573, 760, 884, 820, 821, 637], [372, 526, 452, 479, 887], [498, 841, 832, 736, 896], [322, 638, 487, 401, 468, 905], [138, 315, 912, 241, 367], [614, 960, 863, 932, 937, 877, 723, 915, 858, 859, 991, 982, 919], [742, 849, 865, 817, 920], [53, 197, 367, 241, 922], [531, 894, 804, 1000, 777, 939, 941, 981, 923, 988, 789, 830, 823], [296, 924, 554, 494, 359], [141, 943, 475, 445, 414], [482, 649, 627, 528, 946], [114, 291, 400, 470, 415, 947], [149, 651, 504, 385, 436, 957], [388, 985, 963, 655, 926, 967], [7, 9, 475, 445, 414, 971], [536, 972, 582, 571, 572, 542], [498, 841, 832, 736, 977, 530], [931, 974, 970, 976, 978, 975], [224, 903, 945, 403, 984, 612], [533, 989, 774, 584, 688, 558], [296, 992, 554, 338, 494, 359], [229, 519, 390, 520, 361, 238, 994], [3, 290, 268, 370, 276, 995], [371, 739, 868, 733, 996, 664], [997, 987, 993, 983, 954, 986, 958, 940, 876, 855, 826, 769, 496], [546, 747, 778, 786, 629, 998]]
len of cliques:  50
downsides after: [[575, 931, 897, 833, 806, 829, 891, 970, 874, 976, 911, 886, 974, 975], [614, 960, 863, 932, 937, 877, 723, 915, 858, 859, 991, 982, 919], [531, 894, 804, 1000, 777, 939, 941, 981, 923, 988, 789, 830, 823], [997, 987, 993, 983, 954, 986, 958, 940, 876, 855, 826, 769, 496], [490, 768, 837, 714, 687, 719, 721, 730, 658, 691, 796, 725], [522, 867, 800, 706, 898, 871, 907, 959, 751, 694, 942, 927], [439, 776, 875, 621, 654, 623, 573, 760, 884, 820, 821, 637], [405, 669, 840, 810, 861, 605, 754, 794, 799, 893, 951], [593, 961, 962, 964, 870, 711, 700, 990, 980, 765, 798], [625, 834, 805, 724, 847, 913, 792, 795, 643, 708], [163, 262, 692, 693, 666, 631, 466, 387], [518, 739, 868, 560, 787, 733, 664, 556], [123, 544, 608, 726, 756, 749, 509], [229, 519, 390, 520, 361, 238, 994], [850, 949, 950, 952, 938, 908], [322, 638, 487, 401, 468, 905], [114, 291, 400, 470, 415, 947], [149, 651, 504, 385, 436, 957], [388, 985, 963, 655, 926, 967], [7, 9, 475, 445, 414, 971], [536, 972, 582, 571, 572, 542], [498, 841, 832, 736, 977, 530], [931, 974, 970, 976, 978, 975], [224, 903, 945, 403, 984, 612], [533, 989, 774, 584, 688, 558], [296, 992, 554, 338, 494, 359], [3, 290, 268, 370, 276, 995], [371, 739, 868, 733, 996, 664], [546, 747, 778, 786, 629, 998], [846, 866, 952, 938, 908], [860, 950, 952, 938, 908], [79, 445, 475, 414, 864], [372, 526, 452, 479, 887], [498, 841, 832, 736, 896], [138, 315, 912, 241, 367], [742, 849, 865, 817, 920], [53, 197, 367, 241, 922], [296, 924, 554, 494, 359], [141, 943, 475, 445, 414], [482, 649, 627, 528, 946], [636, 832, 736, 841], [661, 802, 852, 758], [482, 649, 627, 748], [528, 649, 627, 750], [51, 237, 218, 780], [468, 638, 487, 801], [31, 555, 570, 809], [27, 873, 398, 827]]
number of downsided seeds: 48
[[575, 931, 897, 833, 806, 829, 891, 970, 874, 976, 911, 886, 974, 975], [614, 960, 863, 932, 937, 877, 723, 915, 858, 859, 991, 982, 919], [531, 894, 804, 1000, 777, 939, 941, 981, 923, 988, 789, 830, 823], [997, 987, 993, 983, 954, 986, 958, 940, 876, 855, 826, 769, 496], [490, 768, 837, 714, 687, 719, 721, 730, 658, 691, 796, 725], [522, 867, 800, 706, 898, 871, 907, 959, 751, 694, 942, 927], [439, 776, 875, 621, 654, 623, 573, 760, 884, 820, 821, 637], [405, 669, 840, 810, 861, 605, 754, 794, 799, 893, 951], [593, 961, 962, 964, 870, 711, 700, 990, 980, 765, 798], [625, 834, 805, 724, 847, 913, 792, 795, 643, 708], [163, 262, 692, 693, 666, 631, 466, 387], [518, 739, 868, 560, 787, 733, 664, 556], [123, 544, 608, 726, 756, 749, 509], [229, 519, 390, 520, 361, 238, 994], [850, 949, 950, 952, 938, 908], [322, 638, 487, 401, 468, 905], [114, 291, 400, 470, 415, 947], [149, 651, 504, 385, 436, 957], [388, 985, 963, 655, 926, 967], [7, 9, 475, 445, 414, 971], [536, 972, 582, 571, 572, 542], [498, 841, 832, 736, 977, 530], [931, 974, 970, 976, 978, 975], [224, 903, 945, 403, 984, 612], [533, 989, 774, 584, 688, 558], [296, 992, 554, 338, 494, 359], [3, 290, 268, 370, 276, 995], [371, 739, 868, 733, 996, 664], [546, 747, 778, 786, 629, 998], [846, 866, 952, 938, 908], [860, 950, 952, 938, 908], [79, 445, 475, 414, 864], [372, 526, 452, 479, 887], [498, 841, 832, 736, 896], [138, 315, 912, 241, 367], [742, 849, 865, 817, 920], [53, 197, 367, 241, 922], [296, 924, 554, 494, 359], [141, 943, 475, 445, 414], [482, 649, 627, 528, 946], [636, 832, 736, 841], [661, 802, 852, 758], [482, 649, 627, 748], [528, 649, 627, 750], [51, 237, 218, 780], [468, 638, 487, 801], [31, 555, 570, 809], [27, 873, 398, 827]]
after sorted:  [[575, 931, 897, 833, 806, 829, 891, 970, 874, 976, 911, 886, 974, 975], [614, 960, 863, 932, 937, 877, 723, 915, 858, 859, 991, 982, 919], [531, 894, 804, 1000, 777, 939, 941, 981, 923, 988, 789, 830, 823], [997, 987, 993, 983, 954, 986, 958, 940, 876, 855, 826, 769, 496], [490, 768, 837, 714, 687, 719, 721, 730, 658, 691, 796, 725], [522, 867, 800, 706, 898, 871, 907, 959, 751, 694, 942, 927], [439, 776, 875, 621, 654, 623, 573, 760, 884, 820, 821, 637], [405, 669, 840, 810, 861, 605, 754, 794, 799, 893, 951], [593, 961, 962, 964, 870, 711, 700, 990, 980, 765, 798], [625, 834, 805, 724, 847, 913, 792, 795, 643, 708], [163, 262, 692, 693, 666, 631, 466, 387], [518, 739, 868, 560, 787, 733, 664, 556], [123, 544, 608, 726, 756, 749, 509], [229, 519, 390, 520, 361, 238, 994], [850, 949, 950, 952, 938, 908], [322, 638, 487, 401, 468, 905], [114, 291, 400, 470, 415, 947], [149, 651, 504, 385, 436, 957], [388, 985, 963, 655, 926, 967], [7, 9, 475, 445, 414, 971], [536, 972, 582, 571, 572, 542], [498, 841, 832, 736, 977, 530], [931, 974, 970, 976, 978, 975], [224, 903, 945, 403, 984, 612], [533, 989, 774, 584, 688, 558], [296, 992, 554, 338, 494, 359], [3, 290, 268, 370, 276, 995], [371, 739, 868, 733, 996, 664], [546, 747, 778, 786, 629, 998], [846, 866, 952, 938, 908], [860, 950, 952, 938, 908], [79, 445, 475, 414, 864], [372, 526, 452, 479, 887], [498, 841, 832, 736, 896], [138, 315, 912, 241, 367], [742, 849, 865, 817, 920], [53, 197, 367, 241, 922], [296, 924, 554, 494, 359], [141, 943, 475, 445, 414], [482, 649, 627, 528, 946], [636, 832, 736, 841], [661, 802, 852, 758], [482, 649, 627, 748], [528, 649, 627, 750], [51, 237, 218, 780], [468, 638, 487, 801], [31, 555, 570, 809], [27, 873, 398, 827]]
before num:  48
befor deal_cliques:  47
after deal_cliques:  47
length of seeds:  47
seeds:  [set([897, 931, 829, 806, 833, 970, 974, 911, 976, 886, 575, 891, 874, 975]), set([960, 863, 932, 614, 937, 877, 723, 982, 919, 858, 859, 915, 991]), set([804, 894, 1000, 777, 939, 941, 531, 981, 823, 923, 988, 830, 789]), set([993, 997, 769, 940, 983, 876, 954, 496, 855, 826, 987, 986, 958]), set([768, 837, 714, 719, 721, 658, 691, 725, 730, 687, 796, 490]), set([800, 706, 867, 871, 522, 907, 898, 942, 751, 694, 959, 927]), set([776, 875, 621, 654, 623, 884, 821, 439, 760, 820, 573, 637]), set([861, 840, 810, 893, 754, 405, 951, 794, 669, 605, 799]), set([961, 962, 964, 870, 711, 593, 980, 990, 700, 765, 798]), set([834, 643, 708, 805, 913, 847, 625, 724, 792, 795]), set([163, 262, 466, 387, 692, 693, 631, 666]), set([739, 868, 518, 556, 560, 787, 664, 733]), set([544, 608, 756, 726, 123, 749, 509]), set([994, 229, 390, 519, 520, 361, 238]), set([850, 949, 950, 952, 938, 908]), set([401, 322, 468, 487, 905, 638]), set([400, 114, 291, 470, 947, 415]), set([385, 436, 149, 504, 651, 957]), set([963, 388, 967, 985, 926, 655]), set([475, 7, 9, 971, 445, 414]), set([582, 536, 572, 571, 972, 542]), set([832, 736, 530, 977, 841, 498]), set([976, 978, 931, 970, 974, 975]), set([224, 945, 403, 612, 903, 984]), set([688, 533, 774, 584, 989, 558]), set([992, 338, 359, 296, 554, 494]), set([290, 3, 276, 268, 370, 995]), set([739, 996, 664, 868, 371, 733]), set([546, 629, 998, 778, 747, 786]), set([952, 866, 908, 938, 846]), set([952, 860, 938, 908, 950]), set([864, 475, 445, 414, 79]), set([372, 479, 452, 526, 887]), set([832, 841, 498, 896, 736]), set([912, 241, 138, 315, 367]), set([920, 849, 865, 742, 817]), set([241, 922, 197, 53, 367]), set([296, 554, 924, 494, 359]), set([943, 475, 445, 414, 141]), set([528, 649, 482, 627, 946]), set([802, 852, 661, 758]), set([649, 482, 627, 748]), set([528, 649, 627, 750]), set([218, 51, 780, 237]), set([801, 468, 638, 487]), set([809, 570, 555, 31]), set([873, 27, 398, 827])]
seeds_fitness [0.2462787550744249, 0.2374429223744292, 0.2254335260115607, 0.19796954314720813, 0.36065573770491804, 0.24581005586592178, 0.33587786259541985, 0.2576112412177986, 0.18900343642611683, 0.23684210526315788, 0.34146341463414637, 0.2248995983935743, 0.21761658031088082, 0.17355371900826447, 0.05190311418685121, 0.14218009478672985, 0.15463917525773196, 0.14084507042253522, 0.05714285714285714, 0.14218009478672985, 0.12396694214876033, 0.08356545961002786, 0.04477611940298507, 0.06993006993006994, 0.11363636363636363, 0.12195121951219512, 0.1485148514851485, 0.08310249307479224, 0.09345794392523364, 0.04938271604938271, 0.05115089514066496, 0.13513513513513514, 0.10526315789473684, 0.07905138339920949, 0.1092896174863388, 0.06493506493506493, 0.1282051282051282, 0.10471204188481675, 0.10204081632653061, 0.09523809523809523, 0.043010752688172046, 0.08823529411764706, 0.0821917808219178, 0.13043478260869565, 0.07947019867549669, 0.09090909090909091, 0.053811659192825115]
after sort list of tuple: [(4, 0.36065573770491804), (10, 0.34146341463414637), (6, 0.33587786259541985), (7, 0.2576112412177986), (0, 0.2462787550744249), (5, 0.24581005586592178), (1, 0.2374429223744292), (9, 0.23684210526315788), (2, 0.2254335260115607), (11, 0.2248995983935743), (12, 0.21761658031088082), (3, 0.19796954314720813), (8, 0.18900343642611683), (13, 0.17355371900826447), (16, 0.15463917525773196), (26, 0.1485148514851485), (15, 0.14218009478672985), (19, 0.14218009478672985), (17, 0.14084507042253522), (31, 0.13513513513513514), (43, 0.13043478260869565), (36, 0.1282051282051282), (20, 0.12396694214876033), (25, 0.12195121951219512), (24, 0.11363636363636363), (34, 0.1092896174863388), (32, 0.10526315789473684), (37, 0.10471204188481675), (38, 0.10204081632653061), (39, 0.09523809523809523), (28, 0.09345794392523364), (45, 0.09090909090909091), (41, 0.08823529411764706), (21, 0.08356545961002786), (27, 0.08310249307479224), (42, 0.0821917808219178), (44, 0.07947019867549669), (33, 0.07905138339920949), (23, 0.06993006993006994), (35, 0.06493506493506493), (18, 0.05714285714285714), (46, 0.053811659192825115), (14, 0.05190311418685121), (30, 0.05115089514066496), (29, 0.04938271604938271), (22, 0.04477611940298507), (40, 0.043010752688172046)]
seeds_sorted [set([768, 837, 714, 719, 721, 658, 691, 725, 730, 687, 796, 490]), set([163, 262, 466, 387, 692, 693, 631, 666]), set([776, 875, 621, 654, 623, 884, 821, 439, 760, 820, 573, 637]), set([861, 840, 810, 893, 754, 405, 951, 794, 669, 605, 799]), set([897, 931, 829, 806, 833, 970, 974, 911, 976, 886, 575, 891, 874, 975]), set([800, 706, 867, 871, 522, 907, 898, 942, 751, 694, 959, 927]), set([960, 863, 932, 614, 937, 877, 723, 982, 919, 858, 859, 915, 991]), set([834, 643, 708, 805, 913, 847, 625, 724, 792, 795]), set([804, 894, 1000, 777, 939, 941, 531, 981, 823, 923, 988, 830, 789]), set([739, 868, 518, 556, 560, 787, 664, 733]), set([544, 608, 756, 726, 123, 749, 509]), set([993, 997, 769, 940, 983, 876, 954, 496, 855, 826, 987, 986, 958]), set([961, 962, 964, 870, 711, 593, 980, 990, 700, 765, 798]), set([994, 229, 390, 519, 520, 361, 238]), set([400, 114, 291, 470, 947, 415]), set([290, 3, 276, 268, 370, 995]), set([401, 322, 468, 487, 905, 638]), set([475, 7, 9, 971, 445, 414]), set([385, 436, 149, 504, 651, 957]), set([864, 475, 445, 414, 79]), set([218, 51, 780, 237]), set([241, 922, 197, 53, 367]), set([582, 536, 572, 571, 972, 542]), set([992, 338, 359, 296, 554, 494]), set([688, 533, 774, 584, 989, 558]), set([912, 241, 138, 315, 367]), set([372, 479, 452, 526, 887]), set([296, 554, 924, 494, 359]), set([943, 475, 445, 414, 141]), set([528, 649, 482, 627, 946]), set([546, 629, 998, 778, 747, 786]), set([809, 570, 555, 31]), set([649, 482, 627, 748]), set([832, 736, 530, 977, 841, 498]), set([739, 996, 664, 868, 371, 733]), set([528, 649, 627, 750]), set([801, 468, 638, 487]), set([832, 841, 498, 896, 736]), set([224, 945, 403, 612, 903, 984]), set([920, 849, 865, 742, 817]), set([963, 388, 967, 985, 926, 655]), set([873, 27, 398, 827]), set([850, 949, 950, 952, 938, 908]), set([952, 860, 938, 908, 950]), set([952, 866, 908, 938, 846]), set([976, 978, 931, 970, 974, 975]), set([802, 852, 661, 758])]
args__________ ([set([768, 837, 714, 719, 721, 658, 691, 725, 730, 687, 796, 490]), set([802, 852, 661, 758])],)
args__________ ([set([163, 262, 466, 387, 692, 693, 631, 666]), set([976, 978, 931, 970, 974, 975])],)
args__________ ([set([776, 875, 621, 654, 623, 884, 821, 439, 760, 820, 573, 637]), set([952, 866, 908, 938, 846])],)
args__________ ([set([861, 840, 810, 893, 754, 405, 951, 794, 669, 605, 799]), set([952, 860, 938, 908, 950])],)
args__________ ([set([897, 931, 829, 806, 833, 970, 974, 911, 976, 886, 575, 891, 874, 975]), set([850, 949, 950, 952, 938, 908])],)
args__________ ([set([800, 706, 867, 871, 522, 907, 898, 942, 751, 694, 959, 927]), set([873, 27, 398, 827])],)
args__________ ([set([960, 863, 932, 614, 937, 877, 723, 982, 919, 858, 859, 915, 991]), set([963, 388, 967, 985, 926, 655])],)
args__________ ([set([834, 643, 708, 805, 913, 847, 625, 724, 792, 795]), set([920, 849, 865, 742, 817])],)
args__________ ([set([804, 894, 1000, 777, 939, 941, 531, 981, 823, 923, 988, 830, 789]), set([224, 945, 403, 612, 903, 984])],)
args__________ ([set([739, 868, 518, 556, 560, 787, 664, 733]), set([832, 841, 498, 896, 736])],)
args__________ ([set([544, 608, 756, 726, 123, 749, 509]), set([801, 468, 638, 487])],)
args__________ ([set([993, 997, 769, 940, 983, 876, 954, 496, 855, 826, 987, 986, 958]), set([528, 649, 627, 750])],)
args__________ ([set([961, 962, 964, 870, 711, 593, 980, 990, 700, 765, 798]), set([739, 996, 664, 868, 371, 733])],)
args__________ ([set([994, 229, 390, 519, 520, 361, 238]), set([832, 736, 530, 977, 841, 498])],)
args__________ ([set([400, 114, 291, 470, 947, 415]), set([649, 482, 627, 748])],)
args__________ ([set([290, 3, 276, 268, 370, 995])],)
args__________ ([set([401, 322, 468, 487, 905, 638])],)
args__________ ([set([475, 7, 9, 971, 445, 414])],)
args__________ ([set([385, 436, 149, 504, 651, 957])],)
args__________ ([set([864, 475, 445, 414, 79])],)
args__________ ([set([218, 51, 780, 237])],)
args__________ ([set([241, 922, 197, 53, 367])],)
args__________ ([set([582, 536, 572, 571, 972, 542])],)
args__________ ([set([992, 338, 359, 296, 554, 494])],)
args__________ ([set([688, 533, 774, 584, 989, 558])],)
args__________ ([set([912, 241, 138, 315, 367])],)
args__________ ([set([372, 479, 452, 526, 887])],)
args__________ ([set([296, 554, 924, 494, 359])],)
args__________ ([set([943, 475, 445, 414, 141])],)
args__________ ([set([528, 649, 482, 627, 946])],)
args__________ ([set([546, 629, 998, 778, 747, 786])],)
args__________ ([set([809, 570, 555, 31])],)
finish process___________________
sorted nodes by betweenness [1, 2, 4, 5, 8, 11, 13, 15, 16, 20, 22, 23, 25, 26, 28, 29, 30, 32, 33, 34, 35, 39, 42, 43, 44, 46, 47, 48, 49, 57, 58, 59, 61, 62, 63, 65, 67, 70, 72, 73, 74, 75, 76, 77, 78, 80, 81, 82, 83, 85, 87, 88, 89, 98, 101, 103, 105, 108, 109, 110, 113, 116, 117, 119, 120, 121, 122, 124, 125, 129, 130, 134, 137, 139, 140, 142, 143, 144, 145, 146, 147, 148, 152, 153, 156, 158, 159, 161, 162, 165, 167, 169, 170, 171, 172, 175, 177, 182, 183, 184, 186, 191, 192, 194, 195, 198, 199, 200, 203, 204, 205, 207, 210, 213, 217, 219, 221, 223, 226, 227, 228, 231, 233, 235, 236, 239, 240, 242, 243, 247, 250, 251, 255, 257, 258, 259, 260, 263, 265, 267, 269, 270, 271, 272, 273, 274, 278, 280, 281, 282, 284, 285, 286, 288, 289, 293, 294, 297, 298, 299, 300, 301, 303, 304, 305, 306, 307, 309, 310, 311, 313, 314, 316, 317, 318, 319, 320, 321, 323, 325, 326, 327, 328, 330, 331, 336, 337, 339, 341, 342, 343, 345, 347, 349, 350, 352, 354, 356, 357, 360, 363, 364, 365, 366, 368, 369, 373, 379, 380, 381, 384, 386, 396, 397, 399, 402, 404, 406, 407, 408, 409, 410, 411, 412, 413, 418, 419, 420, 421, 423, 425, 426, 428, 429, 431, 432, 433, 434, 437, 444, 446, 448, 449, 450, 453, 454, 455, 457, 458, 459, 460, 461, 462, 464, 465, 467, 469, 471, 472, 473, 474, 476, 477, 478, 481, 483, 485, 488, 491, 492, 493, 497, 499, 500, 501, 502, 505, 506, 507, 511, 512, 514, 515, 516, 523, 527, 529, 532, 534, 535, 537, 539, 540, 541, 549, 551, 552, 553, 561, 562, 563, 564, 565, 566, 567, 568, 569, 574, 576, 577, 578, 579, 580, 581, 583, 585, 586, 587, 588, 589, 591, 592, 594, 595, 598, 599, 600, 601, 603, 606, 609, 611, 613, 615, 616, 619, 620, 622, 624, 626, 628, 630, 632, 635, 636, 639, 640, 642, 645, 646, 648, 650, 652, 653, 656, 657, 659, 662, 663, 667, 668, 670, 671, 672, 673, 675, 676, 677, 679, 680, 681, 682, 683, 684, 685, 686, 689, 690, 695, 696, 697, 698, 701, 702, 705, 707, 709, 710, 712, 713, 715, 716, 717, 718, 720, 727, 728, 729, 731, 732, 734, 735, 737, 740, 741, 743, 744, 745, 746, 755, 757, 759, 761, 763, 764, 766, 767, 770, 771, 772, 773, 775, 781, 782, 783, 784, 785, 788, 791, 793, 803, 807, 808, 811, 812, 814, 815, 816, 818, 819, 822, 824, 825, 828, 831, 835, 836, 838, 842, 843, 844, 845, 848, 851, 853, 854, 856, 857, 862, 869, 872, 878, 879, 880, 881, 882, 883, 885, 888, 889, 890, 892, 895, 899, 900, 901, 902, 904, 906, 909, 910, 914, 916, 917, 918, 921, 925, 928, 929, 930, 933, 934, 935, 936, 948, 953, 955, 956, 965, 966, 968, 969, 973, 999]
args__________ ([[1, 549, 713, 299, 274, 143]],)
args__________ ([[2, 583, 306, 603, 316, 469, 413]],)
args__________ ([[4, 425, 402, 240, 25, 146, 83, 286]],)
args__________ ([[5, 930, 909, 953, 921, 586, 563]],)
args__________ ([[257, 369, 8, 272, 472, 497, 492, 501]],)
args__________ ([[11, 900, 869, 632, 914, 851, 935]],)
args__________ ([[13, 459, 615, 409, 594, 314, 207, 663]],)
args__________ ([[15, 803, 709, 784, 667, 764, 878, 831]],)
args__________ ([[16, 353]],)
args__________ ([[20, 673, 675, 595, 507, 642, 258]],)
args__________ ([[22, 448, 672, 619, 679, 613, 250]],)
args__________ ([[23, 448, 672, 337, 121, 619, 613, 679]],)
args__________ ([[4, 425, 402, 240, 25, 146, 83, 286]],)
args__________ ([[26, 192, 368, 289, 76, 110, 119]],)
args__________ ([[28, 770, 999, 956, 727, 540, 902]],)
args__________ ([[29, 587, 588, 280, 697, 574, 44]],)
args__________ ([[30, 432, 580, 488, 537, 434, 380, 357]],)
args__________ ([[32, 835, 879, 881, 729, 819, 734, 767]],)
args__________ ([[33, 999, 902, 956, 363]],)
args__________ ([[34, 457, 505, 298, 301, 419]],)
args__________ ([[35, 473, 587, 588, 574, 697, 65]],)
args__________ ([[39, 609, 713, 549, 242, 386]],)
args__________ ([[42, 485, 426, 461, 399, 48, 139]],)
args__________ ([[43, 681, 656, 670, 499, 483, 310]],)
args__________ ([[29, 587, 588, 280, 697, 574, 44]],)
args__________ ([[46, 857, 737, 611, 828, 862, 814, 807]],)
args__________ ([[47, 576, 476, 297, 491, 450]],)
args__________ ([[42, 485, 426, 461, 399, 48, 139]],)
args__________ ([[49, 707, 836, 766, 755, 732, 781, 854]],)
args__________ ([[57, 419]],)
args__________ ([[4, 58]],)
args__________ ([[59, 969, 936, 968, 883, 948, 885, 895]],)
finish single seed process___________________
sorted nodes by betweenness [63, 70, 74, 77, 80, 81, 88, 98, 105, 108, 109, 113, 116, 120, 122, 125, 129, 130, 134, 137, 142, 145, 159, 161, 162, 165, 169, 171, 172, 175, 183, 195, 198, 200, 219, 223, 226, 233, 235, 236, 243, 251, 259, 260, 263, 265, 267, 269, 282, 284, 288, 293, 303, 305, 309, 317, 319, 323, 327, 330, 331, 339, 341, 342, 345, 347, 349, 350, 354, 356, 360, 365, 366, 381, 384, 396, 397, 404, 406, 407, 408, 410, 429, 431, 433, 446, 449, 454, 455, 458, 471, 477, 481, 493, 502, 506, 511, 514, 515, 516, 529, 532, 534, 535, 541, 552, 553, 564, 565, 566, 568, 569, 577, 578, 581, 589, 591, 598, 599, 600, 616, 620, 622, 626, 630, 635, 636, 640, 645, 646, 652, 657, 659, 662, 668, 671, 677, 680, 682, 683, 684, 685, 686, 689, 690, 695, 696, 698, 701, 702, 705, 710, 712, 715, 716, 718, 720, 728, 735, 740, 741, 743, 744, 745, 746, 757, 759, 761, 763, 771, 772, 773, 775, 783, 788, 791, 793, 808, 811, 812, 815, 816, 818, 822, 824, 825, 838, 842, 843, 844, 845, 848, 853, 856, 872, 880, 882, 888, 889, 890, 892, 899, 901, 904, 906, 910, 916, 917, 918, 925, 928, 929, 933, 934, 955, 965, 966, 973]
args__________ ([[63, 690, 581, 568, 856, 763, 853, 598, 535]],)
args__________ ([[70, 581, 690, 856, 763, 853, 598, 535]],)
args__________ ([[74, 677, 718, 396, 350, 319]],)
args__________ ([[77, 446, 682, 569, 635, 564, 406, 695]],)
args__________ ([[80, 771, 745, 746, 620, 845, 458]],)
args__________ ([[81, 354, 323, 696, 330, 410, 331, 743]],)
args__________ ([[88, 934, 991]],)
args__________ ([[98, 837, 966]],)
args__________ ([[71, 105]],)
args__________ ([[108, 744, 775, 728, 793, 698, 591, 671]],)
args__________ ([[109, 449, 356, 757, 815, 812, 917, 407]],)
args__________ ([[113, 740, 741, 808, 761, 906, 716, 791]],)
args__________ ([[116, 481, 265, 529, 565, 404, 317, 493]],)
args__________ ([[120, 845, 771, 515, 541]],)
args__________ ([[122, 673, 675]],)
args__________ ([[125, 481, 265, 493, 529, 404, 565, 162]],)
args__________ ([[129, 964, 990]],)
args__________ ([[130, 771, 845, 600, 746, 458, 223]],)
args__________ ([[134, 961, 990]],)
args__________ ([[137, 645, 616, 652, 657, 477, 684, 685, 735]],)
args__________ ([[142, 645, 616, 684, 657, 477, 652, 685, 735]],)
args__________ ([[145, 771, 745, 845, 502, 541, 600]],)
args__________ ([[159, 741, 808, 761, 906, 716, 686, 791]],)
args__________ ([[161, 671, 775, 744, 728, 793, 698, 591]],)
args__________ ([[125, 481, 265, 493, 529, 404, 565, 162]],)
args__________ ([[165, 950, 938]],)
args__________ ([[169, 845, 771, 745, 600, 746]],)
args__________ ([[171, 786, 917]],)
args__________ ([[172, 788, 710, 646, 680, 966, 397, 918, 783]],)
args__________ ([[175, 775, 744, 591, 728, 793, 698, 671, 511]],)
args__________ ([[183, 743, 696, 354, 330, 410, 323, 342]],)
args__________ ([[195, 710, 966, 646, 680, 788, 397, 918, 783]],)
finish single seed process___________________
sorted nodes by betweenness [198, 200, 219, 236, 243, 259, 267, 303, 309, 327, 365, 366, 381, 408, 429, 431, 433, 455, 471, 506, 514, 532, 552, 553, 577, 578, 589, 622, 626, 630, 636, 640, 662, 668, 683, 701, 702, 705, 712, 715, 759, 772, 773, 811, 816, 818, 822, 824, 825, 838, 842, 843, 844, 848, 872, 880, 882, 888, 889, 890, 892, 899, 901, 904, 910, 916, 925, 928, 929, 933, 955, 965, 973]
args__________ ([[198, 384]],)
args__________ ([[200, 980, 990]],)
args__________ ([[219, 865]],)
args__________ ([[236, 738, 873]],)
args__________ ([[243, 961, 980]],)
args__________ ([[259, 556, 959]],)
args__________ ([[267, 825, 928, 934, 811, 916, 973, 701, 630]],)
args__________ ([[964, 980, 303]],)
args__________ ([[309, 931, 911]],)
args__________ ([[133, 479, 327]],)
args__________ ([[365, 705, 875, 884]],)
args__________ ([[366, 902, 890]],)
args__________ ([[381, 928, 934, 553, 811, 973, 825, 626, 916, 701, 630]],)
args__________ ([[408, 631, 693]],)
args__________ ([[429, 832, 841]],)
args__________ ([[431, 928, 934, 553, 811, 973, 825, 626, 916, 701, 630]],)
args__________ ([[433, 673, 465]],)
args__________ ([[322, 638, 455]],)
args__________ ([[471, 961, 980]],)
args__________ ([[506, 978, 1000, 981]],)
args__________ ([[514, 640, 838, 712, 872, 888, 882, 662, 702, 622]],)
args__________ ([[438, 868, 532]],)
args__________ ([[552, 928, 973]],)
args__________ ([[381, 928, 934, 553, 811, 973, 825, 626, 916, 701, 630]],)
args__________ ([[467, 697, 577]],)
args__________ ([[494, 554, 578]],)
args__________ ([[226, 735, 589]],)
args__________ ([[514, 640, 838, 712, 872, 888, 882, 662, 702, 622]],)
args__________ ([[381, 928, 934, 553, 811, 973, 825, 626, 916, 701, 630]],)
args__________ ([[381, 928, 934, 553, 811, 973, 825, 626, 916, 701, 630]],)
args__________ ([[636, 832, 736, 841]],)
args__________ ([[514, 640, 838, 712, 872, 888, 882, 662, 702, 622]],)
finish single seed process___________________
sorted nodes by betweenness [668, 683, 715, 759, 772, 773, 816, 818, 822, 824, 842, 843, 844, 848, 880, 889, 892, 899, 901, 904, 910, 925, 929, 933, 955, 965]
args__________ ([[119, 368, 668]],)
args__________ ([[683, 995, 932, 982]],)
args__________ ([[828, 857, 862, 715]],)
args__________ ([[759, 912, 985, 979, 926]],)
args__________ ([[828, 857, 862, 772, 922]],)
args__________ ([[468, 638, 487, 773]],)
args__________ ([[313, 497, 492, 816]],)
args__________ ([[997, 987, 993, 818, 824]],)
args__________ ([[85, 999, 956, 822]],)
args__________ ([[997, 987, 993, 818, 824]],)
args__________ ([[245, 963, 979, 842]],)
args__________ ([[249, 479, 843, 424]],)
args__________ ([[138, 315, 197, 844]],)
args__________ ([[761, 808, 848, 906, 791]],)
args__________ ([[141, 880, 475, 445, 414]],)
args__________ ([[322, 638, 487, 401, 889]],)
args__________ ([[217, 585, 653, 639, 892]],)
args__________ ([[261, 736, 832, 841, 899]],)
args__________ ([[710, 966, 783, 788, 918, 901]],)
args__________ ([[336, 869, 935, 900, 904]],)
args__________ ([[14, 651, 436, 504, 910]],)
args__________ ([[423, 869, 632, 925, 717]],)
args__________ ([[613, 672, 929, 619, 679]],)
args__________ ([[664, 868, 733, 933, 787]],)
args__________ ([[866, 950, 952, 938, 908, 955]],)
args__________ ([[242, 965, 609, 713, 386, 549]],)
finish single seed process___________________
i =  0 [768, 837, 714, 173, 719, 721, 658, 691, 725, 86, 24, 730, 687, 796, 490]
i =  1 [97, 802, 246, 678, 168, 362, 525, 111, 722, 308, 661, 758, 344, 596, 790, 797, 852, 543]
i =  2 [163, 292, 262, 332, 335, 466, 387, 692, 693, 631, 56, 377, 666]
i =  3 [897, 641, 911, 417, 931, 806, 559, 829, 575, 833, 201, 970, 974, 975, 976, 978, 590, 617, 618, 753, 886, 891, 874, 510]
i =  4 [451, 776, 875, 621, 654, 623, 884, 821, 150, 439, 760, 820, 155, 573, 637]
i =  5 [480, 353, 866, 839, 938, 908, 45, 846, 334, 950, 952, 762, 699, 157]
i =  6 [132, 893, 840, 329, 810, 375, 178, 861, 754, 180, 405, 951, 312, 794, 669, 605, 799]
i =  7 [480, 353, 866, 839, 938, 908, 45, 334, 950, 952, 762, 699, 860, 157]
i =  8 [897, 641, 911, 417, 931, 806, 559, 829, 575, 833, 201, 970, 974, 975, 976, 590, 617, 618, 753, 886, 891, 874, 510]
i =  9 [480, 353, 866, 839, 938, 908, 45, 334, 850, 949, 950, 952, 762, 699, 157]
i =  10 [800, 706, 867, 93, 118, 871, 522, 907, 524, 898, 942, 751, 694, 71, 959, 220, 266, 927]
i =  11 [738, 827, 389, 550, 264, 873, 106, 779, 398, 597, 279, 376, 27, 188, 253, 222]
i =  12 [960, 863, 932, 614, 937, 877, 723, 340, 982, 919, 36, 858, 859, 915, 991]
i =  13 [131, 388, 967, 495, 112, 963, 979, 245, 633, 985, 283, 655, 926]
i =  14 [128, 643, 913, 660, 792, 665, 538, 795, 160, 548, 805, 703, 704, 834, 708, 847, 724, 604, 37, 489, 625, 378]
i =  15 [193, 607, 742, 6, 647, 456, 394, 817, 179, 545, 920, 634, 95, 252, 849, 865]
i =  16 [416, 674, 115, 804, 894, 295, 1000, 777, 939, 941, 209, 531, 981, 823, 923, 988, 830, 789]
i =  17 [224, 610, 612, 903, 104, 12, 813, 944, 945, 403, 244, 21, 374, 185, 984, 441, 602, 216, 346]
i =  18 [752, 739, 868, 358, 518, 438, 393, 556, 463, 560, 17, 371, 214, 664, 787, 90, 60, 733]
i =  19 [832, 896, 164, 261, 166, 841, 395, 530, 498, 440, 736, 351]
i =  20 [544, 608, 126, 547, 196, 107, 749, 430, 275, 756, 206, 726, 154, 123, 509, 382, 181]
i =  21 [801, 322, 99, 487, 401, 468, 638]
i =  22 [769, 644, 513, 521, 855, 19, 391, 940, 557, 826, 443, 958, 447, 208, 983, 986, 987, 954, 96, 993, 100, 997, 876, 496]
i =  23 [482, 484, 40, 649, 427, 750, 528, 627, 503, 508]
i =  24 [961, 962, 964, 422, 870, 711, 234, 176, 593, 980, 990, 215, 700, 765, 798]
i =  25 [560, 739, 868, 518, 358, 438, 393, 556, 463, 752, 17, 371, 214, 664, 996, 90, 60, 733, 787]
i =  26 [994, 324, 229, 390, 519, 520, 361, 238, 277, 348]
i =  27 [832, 736, 164, 261, 166, 841, 395, 530, 977, 498, 440, 351]
i =  28 [291, 232, 41, 174, 400, 114, 947, 470, 151, 415]
i =  29 [482, 484, 40, 649, 427, 748, 528, 627, 503, 508]
i =  30 [225, 290, 3, 268, 370, 995, 276, 54, 189]
i =  31 [322, 99, 487, 905, 401, 468, 638]
i =  32 [7, 9, 971, 141, 79, 475, 445, 414]
i =  33 [385, 651, 14, 436, 149, 504, 52, 957]
i =  34 [864, 7, 9, 141, 79, 475, 445, 414]
i =  35 [66, 68, 780, 237, 18, 51, 218]
i =  36 [197, 138, 367, 241, 211, 53, 922, 315]
i =  37 [582, 135, 392, 10, 972, 190, 536, 442, 571, 572, 202, 542]
i =  38 [992, 256, 359, 296, 554, 494, 338, 91, 254]
i =  39 [64, 355, 230, 774, 584, 333, 558, 688, 533, 248, 989, 517]
i =  40 [197, 138, 367, 912, 241, 211, 53, 315]
i =  41 [452, 133, 38, 424, 526, 372, 887, 249, 383, 94, 479]
i =  42 [256, 359, 296, 554, 494, 338, 91, 924, 254]
i =  43 [475, 7, 9, 141, 79, 943, 445, 414]
i =  44 [482, 484, 40, 649, 427, 528, 946, 627, 503, 508]
i =  45 [546, 998, 136, 778, 747, 50, 786, 435, 84, 629, 212, 127, 287]
i =  46 [69, 486, 809, 555, 302, 55, 570, 187, 92, 102, 31]
i =  47 [1, 386, 549, 39, 713, 299, 242, 143, 274, 609, 184]
i =  48 [2, 583, 73, 82, 306, 469, 603, 316, 413]
i =  49 [4, 425, 146, 240, 402, 83, 25, 286]
i =  50 [930, 523, 5, 167, 328, 586, 75, 909, 462, 953, 210, 563, 437, 311, 152, 921, 379, 650, 478]
i =  51 [257, 227, 369, 8, 492, 272, 497, 501, 182, 472, 313]
i =  52 [579, 900, 869, 935, 11, 717, 336, 914, 851, 213, 567, 632, 601, 423, 191]
i =  53 [615, 459, 140, 13, 207, 594, 663, 409, 314]
i =  54 [803, 709, 72, 364, 878, 15, 784, 500, 628, 667, 764, 831]
i =  55 [320, 353, 194, 420, 585, 653, 16, 148, 217, 62, 639]
i =  56 [673, 258, 675, 147, 460, 642, 465, 595, 20, 343, 281, 507]
i =  57 [448, 672, 613, 679, 619, 337, 352, 23, 121, 22, 250, 101]
i =  58 [448, 672, 613, 679, 619, 337, 352, 23, 121, 22, 250, 101]
i =  59 [4, 425, 146, 240, 402, 83, 25, 286]
i =  60 [192, 289, 76, 110, 368, 119, 26]
i =  61 [33, 770, 28, 453, 902, 999, 540, 363, 428, 270, 527, 177, 85, 727, 956, 87, 731, 156, 606]
i =  62 [65, 35, 44, 587, 588, 467, 373, 473, 280, 697, 124, 29, 574]
i =  63 [67, 580, 357, 231, 488, 432, 434, 537, 380, 30]
i =  64 [32, 512, 835, 539, 648, 170, 255, 239, 881, 307, 729, 819, 879, 734, 767]
i =  65 [33, 770, 28, 453, 902, 999, 540, 363, 428, 270, 527, 177, 85, 727, 956, 87, 731, 156, 606]
i =  66 [34, 419, 326, 103, 457, 298, 301, 144, 117, 505, 411, 158]
i =  67 [65, 35, 44, 587, 588, 467, 373, 697, 280, 473, 124, 29, 574]
i =  68 [609, 386, 1, 549, 39, 713, 299, 274, 143, 242, 184]
i =  69 [485, 42, 139, 461, 399, 48, 273, 205, 278, 89, 426]
i =  70 [418, 483, 199, 681, 203, 271, 656, 43, 499, 310, 444, 670]
i =  71 [65, 35, 44, 587, 588, 467, 373, 473, 280, 697, 124, 29, 574]
i =  72 [737, 611, 862, 807, 551, 46, 592, 561, 814, 153, 857, 474, 828, 285, 624]
i =  73 [576, 450, 294, 297, 491, 204, 78, 47, 464, 412, 476, 318]
i =  74 [485, 42, 139, 461, 399, 48, 273, 205, 278, 89, 426]
i =  75 [676, 707, 228, 325, 781, 304, 49, 562, 755, 854, 247, 836, 186, 732, 766, 421]
i =  76 [34, 419, 326, 103, 457, 298, 301, 144, 117, 505, 57, 411, 158]
i =  77 [4, 425, 402, 240, 146, 83, 25, 58, 286]
i =  78 [321, 936, 969, 300, 782, 221, 785, 883, 968, 885, 948, 59, 61, 895]
i =  79 [581, 70, 856, 690, 853, 598, 535, 568, 763, 63]
i =  80 [581, 70, 568, 690, 853, 598, 535, 856, 763, 63]
i =  81 [384, 677, 74, 235, 396, 718, 305, 566, 251, 350, 319]
i =  82 [682, 77, 564, 446, 406, 695, 569, 635, 284, 345]
i =  83 [130, 771, 516, 293, 454, 745, 458, 620, 845, 541, 80, 145, 515, 502, 169, 600, 120, 746, 223]
i =  84 [354, 323, 743, 330, 331, 81, 342, 183, 696, 410]
i =  85 [960, 991, 36, 614, 934, 937, 877, 723, 340, 982, 919, 88, 932, 858, 859, 915, 863]
i =  86 [768, 98, 195, 837, 966, 490, 173, 719, 721, 658, 339, 691, 86, 24, 730, 687, 796, 714, 725]
i =  87 [485, 71, 105, 42, 139, 205, 399, 48, 273, 278, 89, 461, 426]
i =  88 [288, 161, 775, 744, 108, 591, 511, 728, 793, 698, 175, 349, 671]
i =  89 [449, 356, 263, 812, 109, 815, 757, 407, 917]
i =  90 [740, 741, 689, 360, 906, 599, 716, 686, 808, 720, 113, 659, 341, 534, 791, 761, 159]
i =  91 [481, 162, 265, 493, 125, 529, 404, 565, 116, 282, 317]
i =  92 [130, 515, 516, 293, 454, 745, 458, 620, 845, 746, 80, 145, 771, 502, 169, 600, 120, 541, 223]
i =  93 [673, 258, 675, 147, 460, 642, 465, 595, 20, 343, 281, 122, 507]
i =  94 [481, 162, 265, 493, 317, 529, 404, 565, 116, 282, 125]
i =  95 [129, 962, 964, 422, 870, 711, 234, 961, 176, 593, 980, 798, 215, 700, 765, 990]
i =  96 [130, 771, 516, 293, 454, 745, 458, 620, 845, 541, 80, 145, 515, 502, 169, 600, 120, 746, 223]
i =  97 [961, 962, 964, 422, 870, 711, 234, 176, 593, 980, 798, 215, 134, 700, 765, 990]
i =  98 [226, 260, 645, 616, 652, 684, 685, 142, 269, 657, 137, 233, 477, 735]
i =  99 [226, 260, 645, 616, 652, 684, 685, 142, 269, 657, 137, 233, 477, 735]
i =  100 [130, 771, 516, 293, 454, 745, 458, 620, 845, 746, 80, 145, 515, 502, 169, 600, 120, 541, 223]
i =  101 [740, 741, 689, 360, 906, 599, 716, 686, 808, 720, 113, 659, 341, 534, 791, 761, 159]
i =  102 [288, 161, 775, 744, 108, 591, 511, 728, 793, 698, 175, 349, 671]
i =  103 [481, 162, 265, 493, 317, 529, 404, 565, 116, 282, 125]
i =  104 [480, 353, 866, 165, 839, 938, 908, 45, 334, 950, 952, 762, 699, 157]
i =  105 [130, 771, 516, 293, 454, 745, 458, 620, 845, 541, 80, 145, 515, 502, 169, 600, 120, 746, 223]
i =  106 [263, 136, 778, 786, 917, 407, 287, 546, 171, 812, 815, 50, 435, 629, 449, 212, 347, 356, 747, 109, 757, 84, 127]
i =  107 [195, 710, 646, 680, 172, 397, 783, 788, 918, 966]
i =  108 [288, 161, 775, 744, 108, 591, 511, 728, 793, 698, 175, 349, 671]
i =  109 [354, 323, 743, 330, 331, 81, 342, 183, 696, 410]
i =  110 [195, 966, 646, 680, 172, 397, 783, 710, 788, 918]
i =  111 [384, 677, 198, 74, 235, 396, 718, 305, 566, 251, 350, 319]
i =  112 [961, 962, 964, 422, 870, 711, 200, 234, 176, 593, 980, 798, 215, 700, 765, 990]
i =  113 [193, 607, 742, 6, 647, 456, 252, 394, 817, 179, 545, 634, 219, 865, 849, 95]
i =  114 [738, 389, 550, 264, 873, 106, 779, 236, 398, 597, 279, 376, 27, 188, 253, 222]
i =  115 [961, 962, 964, 422, 870, 711, 234, 176, 593, 243, 980, 990, 215, 700, 765, 798]
i =  116 [800, 898, 867, 694, 71, 524, 266, 871, 556, 706, 942, 751, 907, 259, 118, 522, 927, 220, 93, 959]
i =  117 [928, 811, 934, 553, 267, 973, 431, 626, 916, 630, 381, 825, 701]
i =  118 [961, 962, 964, 422, 870, 711, 234, 303, 176, 593, 980, 990, 215, 700, 765, 798]
i =  119 [897, 641, 911, 417, 931, 806, 559, 309, 829, 575, 833, 201, 970, 974, 975, 976, 590, 617, 618, 753, 886, 891, 874, 510]
i =  120 [452, 133, 38, 327, 424, 526, 372, 249, 479, 94, 383]
i =  121 [705, 451, 776, 875, 365, 654, 623, 884, 821, 150, 439, 760, 820, 155, 621, 573, 637]
i =  122 [902, 649, 270, 528, 110, 26, 156, 289, 40, 427, 192, 119, 76, 87, 482, 484, 366, 368, 627, 503, 890, 508]
i =  123 [928, 701, 267, 934, 553, 811, 973, 431, 626, 916, 630, 825, 381]
i =  124 [387, 292, 262, 332, 335, 56, 466, 163, 692, 693, 631, 408, 377, 666]
i =  125 [832, 736, 164, 261, 166, 841, 395, 429, 498, 440, 530, 351]
i =  126 [928, 267, 934, 553, 811, 973, 431, 626, 916, 630, 381, 825, 701]
i =  127 [673, 258, 675, 147, 433, 460, 642, 465, 595, 20, 343, 281, 507]
i =  128 [322, 99, 455, 487, 401, 468, 638]
i =  129 [961, 962, 964, 422, 870, 711, 234, 471, 176, 593, 980, 990, 215, 700, 765, 798]
i =  130 [416, 674, 830, 804, 295, 1000, 777, 939, 941, 531, 209, 978, 115, 981, 823, 506, 923, 988, 894, 789]
i =  131 [640, 514, 838, 712, 622, 872, 882, 662, 888, 702]
i =  132 [752, 739, 868, 358, 518, 438, 393, 556, 463, 560, 17, 371, 532, 214, 664, 787, 90, 60, 733]
i =  133 [928, 701, 811, 934, 552, 553, 267, 973, 431, 626, 916, 630, 825, 381]
i =  134 [928, 701, 267, 934, 553, 811, 973, 431, 626, 916, 630, 825, 381]
i =  135 [65, 35, 577, 44, 587, 588, 467, 373, 697, 280, 473, 124, 29, 574]
i =  136 [256, 578, 359, 296, 554, 494, 338, 91, 254]
i =  137 [226, 684, 260, 645, 616, 137, 652, 685, 142, 589, 657, 269, 233, 477, 735]
i =  138 [640, 514, 838, 712, 622, 872, 882, 662, 888, 702]
i =  139 [928, 701, 267, 934, 553, 811, 973, 431, 626, 916, 630, 825, 381]
i =  140 [928, 701, 267, 934, 553, 811, 973, 431, 626, 916, 630, 825, 381]
i =  141 [832, 736, 164, 261, 166, 841, 395, 530, 498, 440, 636, 351]
i =  142 [640, 514, 838, 712, 622, 872, 882, 662, 888, 702]
i =  143 [192, 289, 76, 110, 368, 119, 26, 668]
i =  144 [960, 991, 995, 932, 614, 937, 683, 877, 723, 340, 982, 919, 36, 858, 859, 915, 863]
i =  145 [737, 611, 551, 715, 46, 592, 561, 624, 814, 807, 857, 153, 474, 828, 285, 862]
i =  146 [112, 131, 388, 633, 495, 912, 979, 963, 245, 759, 985, 283, 655, 926]
i =  147 [737, 611, 772, 551, 922, 807, 46, 592, 561, 624, 814, 857, 153, 474, 828, 285, 862]
i =  148 [322, 99, 773, 487, 401, 468, 638]
i =  149 [257, 227, 497, 8, 492, 272, 369, 501, 182, 472, 313, 816]
i =  150 [513, 644, 391, 521, 983, 19, 940, 557, 818, 824, 826, 443, 769, 958, 447, 208, 855, 986, 987, 954, 96, 993, 100, 997, 876, 496]
i =  151 [33, 770, 28, 453, 902, 999, 956, 363, 428, 270, 527, 177, 540, 85, 822, 727, 87, 731, 156, 606]
i =  152 [513, 644, 391, 521, 983, 19, 940, 557, 818, 824, 826, 443, 769, 958, 447, 208, 855, 986, 987, 954, 96, 993, 100, 997, 876, 496]
i =  153 [963, 388, 926, 842, 495, 112, 131, 245, 985, 633, 283, 655, 979]
i =  154 [452, 133, 38, 424, 843, 526, 372, 249, 383, 94, 479]
i =  155 [197, 138, 844, 367, 241, 211, 53, 315]
i =  156 [720, 740, 741, 689, 360, 906, 599, 716, 686, 808, 848, 113, 659, 341, 534, 791, 761, 159]
i =  157 [7, 9, 141, 79, 880, 475, 445, 414]
i =  158 [322, 99, 487, 401, 468, 889, 638]
i =  159 [320, 194, 420, 585, 653, 148, 217, 892, 62, 639]
i =  160 [736, 832, 899, 164, 261, 166, 841, 395, 530, 498, 440, 351]
i =  161 [195, 901, 646, 680, 172, 397, 783, 710, 788, 918, 966]
i =  162 [579, 900, 869, 935, 904, 11, 717, 336, 914, 851, 213, 567, 632, 601, 423, 191]
i =  163 [385, 651, 910, 52, 14, 504, 436, 149]
i =  164 [579, 900, 869, 935, 11, 717, 336, 914, 851, 213, 567, 632, 601, 423, 925, 191]
i =  165 [672, 929, 613, 679, 619, 337, 448, 352, 23, 121, 22, 250, 101]
i =  166 [752, 739, 868, 358, 518, 438, 393, 556, 463, 560, 17, 371, 214, 664, 787, 90, 60, 733, 933]
i =  167 [480, 353, 866, 699, 839, 938, 908, 45, 334, 950, 952, 762, 955, 157]
i =  168 [609, 386, 1, 549, 39, 713, 299, 274, 143, 242, 184, 965]
finish get all communities
complete deal_communities
commplete get_all_nature_community
----------------------------------The detection result is: 

all communities: 
i =  1 : [97, 111, 168, 246, 308, 344, 362, 525, 543, 596, 661, 678, 722, 758, 790, 797, 802, 852]
i =  2 : [132, 178, 180, 312, 329, 375, 405, 605, 669, 754, 794, 799, 810, 840, 861, 893, 951]
i =  3 : [37, 128, 160, 378, 489, 538, 548, 604, 625, 643, 660, 665, 703, 704, 708, 724, 792, 795, 805, 834, 847, 913]
i =  4 : [12, 21, 104, 185, 216, 224, 244, 346, 374, 403, 441, 602, 610, 612, 813, 903, 944, 945, 984]
i =  5 : [107, 123, 126, 154, 181, 196, 206, 275, 382, 430, 509, 544, 547, 608, 726, 749, 756]
i =  6 : [229, 238, 277, 324, 348, 361, 390, 519, 520, 994]
i =  7 : [41, 114, 151, 174, 232, 291, 400, 415, 470, 947]
i =  8 : [3, 54, 189, 225, 268, 276, 290, 370, 995]
i =  9 : [18, 51, 66, 68, 218, 237, 780]
i =  10 : [10, 135, 190, 202, 392, 442, 536, 542, 571, 572, 582, 972]
i =  11 : [64, 230, 248, 333, 355, 517, 533, 558, 584, 688, 774, 989]
i =  12 : [50, 84, 127, 136, 212, 287, 435, 546, 629, 747, 778, 786, 998]
i =  13 : [31, 55, 69, 92, 102, 187, 302, 486, 555, 570, 809]
i =  14 : [2, 73, 82, 306, 316, 413, 469, 583, 603]
i =  15 : [5, 75, 152, 167, 210, 311, 328, 379, 437, 462, 478, 523, 563, 586, 650, 909, 921, 930, 953]
i =  16 : [13, 140, 207, 314, 409, 459, 594, 615, 663]
i =  17 : [15, 72, 364, 500, 628, 667, 709, 764, 784, 803, 831, 878]
i =  18 : [30, 67, 231, 357, 380, 432, 434, 488, 537, 580]
i =  19 : [32, 170, 239, 255, 307, 512, 539, 648, 729, 734, 767, 819, 835, 879, 881]
i =  20 : [43, 199, 203, 271, 310, 418, 444, 483, 499, 656, 670, 681]
i =  21 : [47, 78, 204, 294, 297, 318, 412, 450, 464, 476, 491, 576]
i =  22 : [49, 186, 228, 247, 304, 325, 421, 562, 676, 707, 732, 755, 766, 781, 836, 854]
i =  23 : [34, 57, 103, 117, 144, 158, 298, 301, 326, 411, 419, 457, 505]
i =  24 : [4, 25, 58, 83, 146, 240, 286, 402, 425]
i =  25 : [59, 61, 221, 300, 321, 782, 785, 883, 885, 895, 936, 948, 968, 969]
i =  26 : [63, 70, 535, 568, 581, 598, 690, 763, 853, 856]
i =  27 : [77, 284, 345, 406, 446, 564, 569, 635, 682, 695]
i =  28 : [80, 120, 130, 145, 169, 223, 293, 454, 458, 502, 515, 516, 541, 600, 620, 745, 746, 771, 845]
i =  29 : [81, 183, 323, 330, 331, 342, 354, 410, 696, 743]
i =  30 : [24, 86, 98, 173, 195, 339, 490, 658, 687, 691, 714, 719, 721, 725, 730, 768, 796, 837, 966]
i =  31 : [42, 48, 71, 89, 105, 139, 205, 273, 278, 399, 426, 461, 485]
i =  32 : [108, 161, 175, 288, 349, 511, 591, 671, 698, 728, 744, 775, 793]
i =  33 : [116, 125, 162, 265, 282, 317, 404, 481, 493, 529, 565]
i =  34 : [50, 84, 109, 127, 136, 171, 212, 263, 287, 347, 356, 407, 435, 449, 546, 629, 747, 757, 778, 786, 812, 815, 917]
i =  35 : [74, 198, 235, 251, 305, 319, 350, 384, 396, 566, 677, 718]
i =  36 : [71, 93, 118, 220, 259, 266, 522, 524, 556, 694, 706, 751, 800, 867, 871, 898, 907, 927, 942, 959]
i =  37 : [150, 155, 365, 439, 451, 573, 621, 623, 637, 654, 705, 760, 776, 820, 821, 875, 884]
i =  38 : [26, 40, 76, 87, 110, 119, 156, 192, 270, 289, 366, 368, 427, 482, 484, 503, 508, 528, 627, 649, 890, 902]
i =  39 : [56, 163, 262, 292, 332, 335, 377, 387, 408, 466, 631, 666, 692, 693]
i =  40 : [115, 209, 295, 416, 506, 531, 674, 777, 789, 804, 823, 830, 894, 923, 939, 941, 978, 981, 988, 1000]
i =  41 : [514, 622, 640, 662, 702, 712, 838, 872, 882, 888]
i =  42 : [267, 381, 431, 552, 553, 626, 630, 701, 811, 825, 916, 928, 934, 973]
i =  43 : [29, 35, 44, 65, 124, 280, 373, 467, 473, 574, 577, 587, 588, 697]
i =  44 : [137, 142, 226, 233, 260, 269, 477, 589, 616, 645, 652, 657, 684, 685, 735]
i =  45 : [26, 76, 110, 119, 192, 289, 368, 668]
i =  46 : [8, 182, 227, 257, 272, 313, 369, 472, 492, 497, 501, 816]
i =  47 : [19, 96, 100, 208, 391, 443, 447, 496, 513, 521, 557, 644, 769, 818, 824, 826, 855, 876, 940, 954, 958, 983, 986, 987, 993, 997]
i =  48 : [28, 33, 85, 87, 156, 177, 270, 363, 428, 453, 527, 540, 606, 727, 731, 770, 822, 902, 956, 999]
i =  49 : [113, 159, 341, 360, 534, 599, 659, 686, 689, 716, 720, 740, 741, 761, 791, 808, 848, 906]
i =  50 : [172, 195, 397, 646, 680, 710, 783, 788, 901, 918, 966]
i =  51 : [22, 23, 101, 121, 250, 337, 352, 448, 613, 619, 672, 679, 929]
i =  52 : [1, 39, 143, 184, 242, 274, 299, 386, 549, 609, 713, 965]
i =  53 : [201, 309, 417, 510, 559, 575, 590, 617, 618, 641, 753, 806, 829, 833, 874, 886, 891, 897, 911, 931, 970, 974, 975, 976, 978]
i =  54 : [27, 106, 188, 222, 236, 253, 264, 279, 376, 389, 398, 550, 597, 738, 779, 827, 873]
i =  55 : [6, 95, 179, 193, 219, 252, 394, 456, 545, 607, 634, 647, 742, 817, 849, 865, 920]
i =  56 : [14, 52, 149, 385, 436, 504, 651, 910, 957]
i =  57 : [16, 62, 148, 194, 217, 320, 353, 420, 585, 639, 653, 892]
i =  58 : [36, 88, 340, 614, 683, 723, 858, 859, 863, 877, 915, 919, 932, 934, 937, 960, 982, 991, 995]
i =  59 : [20, 122, 147, 258, 281, 343, 433, 460, 465, 507, 595, 642, 673, 675]
i =  60 : [46, 153, 285, 474, 551, 561, 592, 611, 624, 715, 737, 772, 807, 814, 828, 857, 862, 922]
i =  61 : [11, 191, 213, 336, 423, 567, 579, 601, 632, 717, 851, 869, 900, 904, 914, 925, 935]
i =  62 : [112, 131, 245, 283, 388, 495, 633, 655, 759, 842, 912, 926, 963, 967, 979, 985]
i =  63 : [40, 427, 482, 484, 503, 508, 528, 627, 649, 748, 750, 946]
i =  64 : [17, 60, 90, 214, 358, 371, 393, 438, 463, 518, 532, 556, 560, 664, 733, 739, 752, 787, 868, 933, 996]
i =  65 : [53, 138, 197, 211, 241, 315, 367, 844, 912, 922]
i =  66 : [91, 254, 256, 296, 338, 359, 494, 554, 578, 924, 992]
i =  67 : [38, 94, 133, 249, 327, 372, 383, 424, 452, 479, 526, 843, 887]
i =  68 : [7, 9, 79, 141, 414, 445, 475, 864, 880, 943, 971]
i =  69 : [45, 157, 165, 334, 353, 480, 699, 762, 839, 846, 850, 860, 866, 908, 938, 949, 950, 952, 955]
i =  70 : [164, 166, 261, 351, 395, 429, 440, 498, 530, 636, 736, 832, 841, 896, 899, 977]
i =  71 : [99, 322, 401, 455, 468, 487, 638, 773, 801, 889, 905]
i =  72 : [129, 134, 176, 200, 215, 234, 243, 303, 422, 471, 593, 700, 711, 765, 798, 870, 961, 962, 964, 980, 990]
overlapping nodes are:  [26, 40, 50, 71, 76, 84, 87, 110, 119, 127, 136, 156, 192, 195, 212, 270, 287, 289, 353, 368, 427, 435, 482, 484, 503, 508, 528, 546, 556, 627, 629, 649, 747, 778, 786, 902, 912, 922, 934, 966, 978, 995] 
 NOO is:  42
total time is:  92.9782669544
