lens of ground_truth:  65
ground_truth is: [[53, 86, 108, 145, 172, 212, 485, 511, 518, 530, 535, 580, 761], [72, 95, 114, 136, 229, 240, 255, 266, 322, 445, 456, 903, 981], [6, 18, 58, 96, 106, 168, 182, 268, 312, 376, 401, 505, 563, 572, 599, 668, 686, 748, 833, 857, 953, 976], [143, 174, 256, 264, 297, 362, 479, 491, 580, 583, 594, 646, 695, 698, 721, 777, 810, 816, 847, 849, 883, 903, 951], [1, 8, 38, 81, 93, 140, 257, 293, 345, 376, 377, 397, 412, 424, 431, 484, 509, 527, 533, 548, 571, 580, 590, 593, 602, 659, 661, 678, 704, 761, 772, 868, 869, 877, 888, 953, 956, 967, 970, 981, 989], [18, 62, 71, 245, 270, 351, 384, 430, 480, 517, 521, 602, 634, 723, 759, 775, 778, 785, 795, 830, 975, 985], [58, 165, 189, 310, 334, 343, 383, 395, 401, 409, 472, 489, 523, 536, 572, 590, 648, 673, 683, 717, 737, 766, 779, 788, 846, 853, 872, 877, 890, 901, 905, 909, 919, 940, 967, 992], [47, 61, 62, 111, 264, 343, 434, 448, 461, 592, 602, 616, 619, 672, 747, 777, 841, 857, 874, 876, 903, 974, 997], [74, 207, 301, 328, 463, 534, 610, 614, 663, 670, 687, 691, 707, 722, 754, 777, 803, 807, 857, 1000], [8, 12, 34, 81, 93, 112, 119, 203, 257, 283, 293, 321, 345, 377, 397, 443, 461, 471, 474, 490, 511, 559, 654, 661, 674, 678, 696, 723, 727, 728, 756, 828, 853, 869, 877, 883, 899, 912, 916, 960, 970, 974, 979, 981, 989], [139, 158, 163, 175, 279, 305, 337, 354, 441, 481, 492, 548, 600, 658, 706, 722, 749, 756, 890, 956], [24, 210, 230, 302, 342, 376, 415, 430, 464, 540, 562, 568, 576, 592, 651, 661, 694, 829, 836, 840, 866, 888, 902, 903, 905, 917, 933, 974, 1000], [44, 104, 183, 199, 396, 416, 423, 587, 592, 609, 856, 877], [21, 82, 155, 197, 264, 361, 432, 470, 473, 522, 550, 587, 636, 653, 660, 752, 777, 793, 821, 872, 877, 891, 903, 906, 917, 981, 1000], [48, 49, 123, 163, 292, 308, 376, 494, 519, 568, 597, 673, 698, 705, 742, 758, 874, 917], [1, 8, 32, 197, 224, 338, 386, 430, 549, 559, 590, 606, 622, 626, 630, 654, 678, 711, 714, 723, 798, 860, 883, 887, 903, 904, 930, 932, 934, 944, 958, 963, 985, 986, 997], [6, 18, 66, 69, 107, 209, 288, 300, 487, 529, 559, 568, 570, 628, 631, 700, 713, 741, 793, 797, 819, 976], [1, 20, 98, 109, 156, 234, 253, 289, 304, 340, 345, 374, 397, 404, 441, 452, 491, 533, 558, 592, 598, 630, 655, 678, 701, 722, 752, 756, 762, 793, 828, 829, 844, 879, 881, 883, 890, 899, 923, 924, 926, 951, 979, 996, 997, 1000], [62, 142, 196, 226, 264, 281, 301, 315, 329, 352, 377, 383, 478, 515, 523, 572, 629, 656, 729, 738, 745, 788, 863, 869, 870, 872, 890, 913, 919, 936, 940, 951, 953, 967, 989, 992], [40, 64, 128, 209, 215, 257, 286, 422, 491, 527, 561, 578, 580, 666, 768, 777, 788, 829, 842, 856, 859, 875, 883, 900, 979], [29, 73, 176, 247, 264, 281, 299, 496, 504, 511, 535, 556, 580, 613, 624, 744, 793, 951, 953], [1, 4, 8, 81, 93, 101, 151, 204, 257, 264, 293, 345, 376, 397, 430, 441, 452, 491, 497, 527, 533, 561, 568, 587, 654, 661, 669, 673, 678, 685, 699, 718, 723, 732, 752, 756, 761, 773, 786, 828, 838, 874, 882, 956, 957, 979, 981, 983, 984], [8, 15, 115, 259, 343, 400, 410, 462, 516, 523, 582, 611, 667, 872, 951], [102, 185, 186, 198, 206, 290, 350, 363, 366, 393, 520, 592, 985], [18, 291, 335, 343, 383, 406, 465, 478, 524, 533, 536, 546, 569, 581, 629, 635, 657, 693, 722, 746, 757, 760, 772, 781, 783, 788, 851, 858, 877, 911, 914, 941], [5, 131, 263, 327, 333, 401, 418, 491, 630, 661], [28, 31, 37, 75, 90, 177, 192, 200, 857, 888], [17, 130, 180, 235, 281, 298, 390, 405, 723, 829, 992], [161, 187, 221, 249, 358, 381, 436, 493, 507, 523, 532, 589, 641, 643, 979], [50, 59, 103, 117, 120, 146, 252, 276, 295, 320, 336], [2, 25, 133, 152, 179, 197, 216, 241, 341, 375, 411, 419, 421, 452, 455, 559, 586, 587, 601, 815, 857, 997], [26, 54, 85, 105, 157, 190, 225, 237, 262, 280, 498, 551, 970], [45, 62, 197, 209, 316, 319, 413, 501, 528, 533, 549, 561, 566, 580, 587, 630, 644, 709, 724, 750, 761, 829, 867, 903, 917, 951, 1000], [91, 202, 217, 278, 281, 306, 359, 433, 538, 543, 574, 698, 722, 730, 733, 801, 856, 905, 940, 975], [10, 89, 170, 211, 271, 307, 309, 360, 460, 478, 499, 554, 975], [19, 52, 147, 163, 213, 296, 326, 369, 371, 428, 452, 453, 483, 486, 535, 564, 615, 638, 665, 681, 710, 790], [6, 13, 23, 58, 62, 77, 150, 261, 281, 383, 399, 401, 495, 523, 536, 577, 590, 629, 725, 731, 777, 791, 814, 820, 835, 853, 873, 905, 925, 931, 962, 970, 972, 975, 976, 992], [58, 62, 149, 272, 277, 281, 343, 383, 401, 437, 441, 446, 461, 502, 523, 533, 536, 559, 561, 572, 580, 604, 618, 629, 722, 729, 756, 767, 772, 782, 788, 817, 828, 838, 864, 872, 874, 885, 899, 905, 919, 940, 942, 946, 956, 967, 968, 989, 992], [1, 6, 88, 125, 137, 236, 242, 246, 314, 408, 970], [56, 60, 94, 99, 122, 197, 209, 264, 303, 323, 325, 357, 478, 547, 621, 645, 649, 793, 903, 953, 1000], [41, 267, 301, 353, 365, 444, 512, 514, 525, 535, 607, 627, 664, 682, 698, 726, 776, 804, 806, 845, 919, 975], [51, 78, 81, 93, 163, 209, 257, 313, 331, 345, 376, 430, 441, 491, 548, 549, 592, 602, 603, 661, 671, 698, 787, 831, 888, 894, 908, 915, 917], [6, 18, 228, 343, 348, 401, 440, 461, 511, 535, 548, 561, 572, 604, 609, 629, 673, 692, 698, 723, 729, 752, 756, 788, 813, 827, 828, 838, 848, 853, 856, 864, 872, 874, 880, 883, 897, 899, 919, 929, 940, 953, 956, 967, 976, 979, 985, 989, 992], [6, 58, 62, 80, 162, 169, 218, 250, 301, 377, 388, 429, 461, 500, 542, 549, 555, 572, 590, 604, 708, 712, 729, 735, 755, 772, 839, 852, 886, 896, 919, 943, 966, 974, 978, 981, 989, 991], [1, 8, 18, 65, 81, 93, 135, 173, 257, 345, 364, 376, 377, 397, 441, 452, 482, 511, 527, 541, 548, 561, 587, 602, 609, 654, 678, 697, 715, 740, 752, 756, 761, 769, 770, 811, 828, 838, 872, 888, 899, 922, 928, 940, 959, 961, 979, 980, 995, 997], [1, 8, 81, 83, 231, 254, 257, 293, 301, 347, 349, 372, 377, 397, 435, 450, 452, 511, 527, 548, 561, 602, 609, 630, 652, 654, 661, 662, 678, 723, 736, 739, 752, 756, 761, 793, 828, 838, 853, 861, 865, 869, 874, 905, 956, 970, 971, 974, 990, 997], [42, 92, 97, 127, 264, 273, 317, 324, 461, 559, 568, 608, 640, 654, 676, 677, 679, 809, 837, 850, 854, 869], [55, 126, 129, 163, 193, 209, 219, 220, 233, 441, 557, 565, 625, 689, 690, 698, 771, 789, 802, 956], [3, 11, 14, 178, 209, 232, 282, 427, 439, 452, 457, 467, 527, 533, 549, 552, 580, 587, 592, 620, 630, 723, 753, 772, 799, 805, 829, 864, 869, 871, 888, 907, 917, 939, 967, 970, 973, 981, 998], [6, 18, 46, 79, 153, 194, 222, 223, 330, 339, 383, 536, 539, 568, 584, 612, 774, 800, 818, 826, 856, 857, 975, 976], [8, 58, 70, 197, 251, 281, 293, 377, 392, 478, 523, 531, 590, 602, 604, 678, 703, 720, 729, 761, 764, 772, 788, 832, 834, 869, 877, 883, 889, 905, 921, 927, 951, 955, 956, 965, 988, 989], [58, 62, 93, 132, 163, 281, 301, 318, 377, 383, 397, 461, 478, 511, 523, 544, 572, 590, 604, 609, 617, 629, 630, 642, 650, 716, 729, 752, 772, 788, 792, 822, 824, 838, 843, 864, 890, 899, 905, 919, 967, 974, 989, 999], [22, 33, 58, 265, 293, 294, 387, 476, 513, 545, 591, 595, 605, 899], [35, 57, 68, 81, 118, 368, 370, 402, 417, 447, 468, 673], [43, 63, 67, 110, 144, 239, 269, 284, 367, 772, 981], [6, 39, 93, 113, 138, 159, 275, 343, 356, 383, 397, 461, 510, 535, 536, 568, 604, 609, 633, 673, 734, 752, 823, 825, 853, 856, 864, 877, 890, 910, 919, 940, 953, 967, 969, 975, 976, 985, 992, 994], [30, 84, 124, 205, 257, 285, 345, 373, 379, 398, 426, 442, 458, 548, 549, 596, 630, 654, 702, 719, 812, 884, 888, 898, 917, 920, 937, 938, 964, 985, 997], [87, 166, 191, 244, 389, 391, 407, 567, 793, 838, 857, 979, 985], [1, 9, 93, 100, 116, 167, 197, 209, 214, 274, 344, 420, 430, 452, 491, 506, 527, 533, 549, 585, 587, 592, 632, 675, 688, 761, 780, 829, 864, 869, 878, 918, 952, 970, 976, 982, 987, 997, 1000], [18, 36, 184, 238, 301, 343, 382, 401, 478, 508, 535, 536, 560, 568, 572, 604, 609, 623, 629, 647, 673, 684, 729, 765, 777, 784, 838, 853, 856, 864, 872, 874, 890, 892, 899, 940, 949, 950, 953, 954, 974, 976], [76, 81, 134, 160, 181, 258, 293, 345, 376, 378, 414, 430, 438, 469, 527, 535, 536, 548, 590, 602, 637, 654, 661, 722, 763, 888, 893, 935, 948], [16, 163, 197, 201, 346, 380, 430, 449, 454, 475, 477, 488, 491, 503, 553, 559, 573, 588, 743, 777, 829, 856, 883, 951, 1000], [148, 163, 227, 293, 301, 355, 394, 401, 403, 425, 441, 451, 459, 478, 511, 559, 561, 604, 609, 629, 639, 673, 680, 722, 729, 751, 794, 796, 808, 828, 853, 855, 857, 862, 864, 874, 890, 895, 917, 945, 947, 974, 975, 977, 985, 992, 993], [121, 164, 195, 260, 287, 311, 385, 466, 526, 537, 549, 575, 579, 698, 793], [7, 27, 141, 154, 171, 188, 208, 243, 248, 332]]
nodes: [535, 572, 592, 630, 661, 673, 710, 723, 752, 756, 775, 776, 782, 793, 802, 811, 823, 828, 829, 831, 838, 849, 852, 854, 864, 871, 872, 873, 874, 878, 884, 888, 890, 895, 899, 904, 919, 940, 941, 967, 970, 974, 976, 979, 981, 985, 988, 992, 997, 1000] num of nodes:  50
[[487, 741, 535], [745, 936, 572], [416, 423, 592], [263, 418, 630], [263, 418, 661], [447, 673, 468], [483, 710, 790, 681, 564, 428, 638], [390, 405, 723], [752, 929, 880], [158, 749, 756], [384, 480, 517, 775, 521, 778, 785, 634, 795, 830, 759], [444, 804, 806, 776, 682, 525, 664, 627, 845, 726, 607], [437, 782, 968, 618, 942, 817, 946, 446, 885, 502, 767], [660, 906, 891, 793], [220, 690, 771, 802, 625, 689, 789, 557, 565], [541, 961, 928, 769, 770, 995, 715, 740, 697, 922, 811, 980, 959], [138, 825, 994, 969, 734, 633, 510, 910, 823], [828, 968, 946, 885], [298, 405, 390, 829], [331, 313, 831, 908, 603, 787, 915, 894, 671], [838, 897, 848, 929], [256, 646, 583, 849, 810, 816, 721, 594, 847, 695], [542, 896, 708, 966, 839, 712, 943, 978, 755, 735, 852, 886, 991], [324, 676, 608, 640, 837, 809, 850, 677, 854, 679], [827, 864, 848, 929], [457, 907, 805, 998, 871, 552, 939, 753, 467, 620, 973, 799], [462, 582, 611, 667, 872], [495, 962, 835, 931, 873, 972, 814, 925, 731, 820, 725, 791], [705, 742, 758, 874], [506, 878, 675, 982, 585, 780, 688, 952, 632, 987, 918], [398, 898, 964, 937, 938, 812, 920, 596, 884, 702, 719], [37, 200, 75, 888], [305, 890, 600, 749], [639, 993, 977, 945, 680, 808, 751, 947, 794, 855, 796, 862, 895], [591, 899, 595, 605], [606, 930, 963, 932, 934, 711, 904, 714, 944, 986, 860, 798, 958, 887], [395, 901, 846, 919, 766], [538, 801, 730, 733, 940], [569, 746, 783, 781, 941, 911, 914, 851, 760, 858, 635, 757], [692, 813, 897, 929, 967], [236, 408, 242, 246, 970], [672, 619, 841, 747, 876, 974], [599, 833, 976, 748, 668, 686], [348, 813, 897, 827, 979], [943, 966, 978, 991, 981, 989], [759, 778, 785, 795, 830, 985], [531, 720, 832, 834, 927, 965, 988, 921, 889, 955, 764, 703], [648, 909, 779, 846, 992, 901], [672, 619, 841, 747, 876, 997], [670, 803, 707, 754, 807, 1000]]
len of cliques:  50
downsides after: [[606, 930, 963, 932, 934, 711, 904, 714, 944, 986, 860, 798, 958, 887], [541, 961, 928, 769, 770, 995, 715, 740, 697, 922, 811, 980, 959], [542, 896, 708, 966, 839, 712, 943, 978, 755, 735, 852, 886, 991], [639, 993, 977, 945, 680, 808, 751, 947, 794, 855, 796, 862, 895], [457, 907, 805, 998, 871, 552, 939, 753, 467, 620, 973, 799], [495, 962, 835, 931, 873, 972, 814, 925, 731, 820, 725, 791], [569, 746, 783, 781, 941, 911, 914, 851, 760, 858, 635, 757], [531, 720, 832, 834, 927, 965, 988, 921, 889, 955, 764, 703], [384, 480, 517, 775, 521, 778, 785, 634, 795, 830, 759], [444, 804, 806, 776, 682, 525, 664, 627, 845, 726, 607], [437, 782, 968, 618, 942, 817, 946, 446, 885, 502, 767], [506, 878, 675, 982, 585, 780, 688, 952, 632, 987, 918], [398, 898, 964, 937, 938, 812, 920, 596, 884, 702, 719], [256, 646, 583, 849, 810, 816, 721, 594, 847, 695], [324, 676, 608, 640, 837, 809, 850, 677, 854, 679], [220, 690, 771, 802, 625, 689, 789, 557, 565], [138, 825, 994, 969, 734, 633, 510, 910, 823], [331, 313, 831, 908, 603, 787, 915, 894, 671], [483, 710, 790, 681, 564, 428, 638], [672, 619, 841, 747, 876, 974], [599, 833, 976, 748, 668, 686], [943, 966, 978, 991, 981, 989], [759, 778, 785, 795, 830, 985], [648, 909, 779, 846, 992, 901], [672, 619, 841, 747, 876, 997], [670, 803, 707, 754, 807, 1000], [462, 582, 611, 667, 872], [395, 901, 846, 919, 766], [538, 801, 730, 733, 940], [692, 813, 897, 929, 967], [236, 408, 242, 246, 970], [348, 813, 897, 827, 979], [660, 906, 891, 793], [828, 968, 946, 885], [298, 405, 390, 829], [838, 897, 848, 929], [827, 864, 848, 929], [705, 742, 758, 874], [37, 200, 75, 888], [305, 890, 600, 749], [591, 899, 595, 605]]
number of downsided seeds: 41
[[606, 930, 963, 932, 934, 711, 904, 714, 944, 986, 860, 798, 958, 887], [541, 961, 928, 769, 770, 995, 715, 740, 697, 922, 811, 980, 959], [542, 896, 708, 966, 839, 712, 943, 978, 755, 735, 852, 886, 991], [639, 993, 977, 945, 680, 808, 751, 947, 794, 855, 796, 862, 895], [457, 907, 805, 998, 871, 552, 939, 753, 467, 620, 973, 799], [495, 962, 835, 931, 873, 972, 814, 925, 731, 820, 725, 791], [569, 746, 783, 781, 941, 911, 914, 851, 760, 858, 635, 757], [531, 720, 832, 834, 927, 965, 988, 921, 889, 955, 764, 703], [384, 480, 517, 775, 521, 778, 785, 634, 795, 830, 759], [444, 804, 806, 776, 682, 525, 664, 627, 845, 726, 607], [437, 782, 968, 618, 942, 817, 946, 446, 885, 502, 767], [506, 878, 675, 982, 585, 780, 688, 952, 632, 987, 918], [398, 898, 964, 937, 938, 812, 920, 596, 884, 702, 719], [256, 646, 583, 849, 810, 816, 721, 594, 847, 695], [324, 676, 608, 640, 837, 809, 850, 677, 854, 679], [220, 690, 771, 802, 625, 689, 789, 557, 565], [138, 825, 994, 969, 734, 633, 510, 910, 823], [331, 313, 831, 908, 603, 787, 915, 894, 671], [483, 710, 790, 681, 564, 428, 638], [672, 619, 841, 747, 876, 974], [599, 833, 976, 748, 668, 686], [943, 966, 978, 991, 981, 989], [759, 778, 785, 795, 830, 985], [648, 909, 779, 846, 992, 901], [672, 619, 841, 747, 876, 997], [670, 803, 707, 754, 807, 1000], [462, 582, 611, 667, 872], [395, 901, 846, 919, 766], [538, 801, 730, 733, 940], [692, 813, 897, 929, 967], [236, 408, 242, 246, 970], [348, 813, 897, 827, 979], [660, 906, 891, 793], [828, 968, 946, 885], [298, 405, 390, 829], [838, 897, 848, 929], [827, 864, 848, 929], [705, 742, 758, 874], [37, 200, 75, 888], [305, 890, 600, 749], [591, 899, 595, 605]]
after sorted:  [[606, 930, 963, 932, 934, 711, 904, 714, 944, 986, 860, 798, 958, 887], [541, 961, 928, 769, 770, 995, 715, 740, 697, 922, 811, 980, 959], [542, 896, 708, 966, 839, 712, 943, 978, 755, 735, 852, 886, 991], [639, 993, 977, 945, 680, 808, 751, 947, 794, 855, 796, 862, 895], [457, 907, 805, 998, 871, 552, 939, 753, 467, 620, 973, 799], [495, 962, 835, 931, 873, 972, 814, 925, 731, 820, 725, 791], [569, 746, 783, 781, 941, 911, 914, 851, 760, 858, 635, 757], [531, 720, 832, 834, 927, 965, 988, 921, 889, 955, 764, 703], [384, 480, 517, 775, 521, 778, 785, 634, 795, 830, 759], [444, 804, 806, 776, 682, 525, 664, 627, 845, 726, 607], [437, 782, 968, 618, 942, 817, 946, 446, 885, 502, 767], [506, 878, 675, 982, 585, 780, 688, 952, 632, 987, 918], [398, 898, 964, 937, 938, 812, 920, 596, 884, 702, 719], [256, 646, 583, 849, 810, 816, 721, 594, 847, 695], [324, 676, 608, 640, 837, 809, 850, 677, 854, 679], [220, 690, 771, 802, 625, 689, 789, 557, 565], [138, 825, 994, 969, 734, 633, 510, 910, 823], [331, 313, 831, 908, 603, 787, 915, 894, 671], [483, 710, 790, 681, 564, 428, 638], [672, 619, 841, 747, 876, 974], [599, 833, 976, 748, 668, 686], [943, 966, 978, 991, 981, 989], [759, 778, 785, 795, 830, 985], [648, 909, 779, 846, 992, 901], [672, 619, 841, 747, 876, 997], [670, 803, 707, 754, 807, 1000], [462, 582, 611, 667, 872], [395, 901, 846, 919, 766], [538, 801, 730, 733, 940], [692, 813, 897, 929, 967], [236, 408, 242, 246, 970], [348, 813, 897, 827, 979], [660, 906, 891, 793], [828, 968, 946, 885], [298, 405, 390, 829], [838, 897, 848, 929], [827, 864, 848, 929], [705, 742, 758, 874], [37, 200, 75, 888], [305, 890, 600, 749], [591, 899, 595, 605]]
before num:  41
befor deal_cliques:  41
after deal_cliques:  40
length of seeds:  40
seeds:  [set([930, 963, 932, 934, 711, 904, 714, 606, 944, 798, 887, 986, 860, 958]), set([928, 961, 770, 995, 740, 715, 769, 811, 980, 697, 922, 541, 959]), set([896, 708, 966, 839, 712, 943, 978, 755, 852, 886, 735, 542, 991]), set([993, 977, 680, 639, 808, 945, 947, 855, 794, 751, 796, 862, 895]), set([907, 805, 998, 871, 552, 457, 939, 620, 973, 753, 467, 799]), set([962, 835, 873, 972, 814, 495, 931, 820, 725, 791, 731, 925]), set([783, 911, 746, 941, 781, 914, 851, 757, 760, 569, 858, 635]), set([832, 834, 927, 965, 988, 720, 531, 921, 889, 955, 764, 703]), set([384, 480, 517, 775, 521, 778, 785, 759, 634, 795, 830]), set([804, 806, 776, 682, 525, 845, 627, 726, 664, 444, 607]), set([968, 618, 942, 817, 946, 782, 502, 885, 767, 446, 437]), set([675, 982, 585, 780, 878, 688, 952, 918, 632, 506, 987]), set([898, 964, 937, 938, 812, 398, 719, 596, 920, 884, 702]), set([256, 646, 583, 810, 847, 816, 849, 594, 695, 721]), set([608, 640, 676, 837, 679, 809, 850, 854, 324, 677]), set([802, 771, 625, 557, 689, 690, 789, 220, 565]), set([994, 969, 138, 825, 910, 734, 823, 633, 510]), set([831, 331, 908, 787, 313, 603, 915, 894, 671]), set([483, 564, 790, 710, 681, 428, 638]), set([672, 747, 997, 841, 619, 876, 974]), set([976, 833, 599, 668, 748, 686]), set([978, 981, 966, 991, 989, 943]), set([785, 759, 985, 778, 795, 830]), set([992, 901, 648, 779, 909, 846]), set([754, 803, 707, 807, 1000, 670]), set([872, 611, 667, 462, 582]), set([395, 846, 901, 766, 919]), set([801, 538, 940, 730, 733]), set([897, 692, 813, 929, 967]), set([408, 242, 236, 970, 246]), set([897, 827, 348, 813, 979]), set([793, 906, 891, 660]), set([968, 946, 828, 885]), set([298, 405, 390, 829]), set([848, 897, 838, 929]), set([864, 848, 827, 929]), set([705, 874, 742, 758]), set([200, 888, 75, 37]), set([600, 305, 890, 749]), set([595, 899, 605, 591])]
seeds_fitness [0.2549019607843137, 0.22285714285714286, 0.25120772946859904, 0.23708206686930092, 0.24220183486238533, 0.2395644283121597, 0.2583170254403131, 0.24858757062146894, 0.3525641025641026, 0.34055727554179566, 0.2119460500963391, 0.21912350597609562, 0.2249488752556237, 0.297029702970297, 0.297029702970297, 0.3157894736842105, 0.18798955613577023, 0.2589928057553957, 0.21428571428571427, 0.07920792079207921, 0.09900990099009901, 0.04043126684636118, 0.08498583569405099, 0.05964214711729622, 0.08403361344537816, 0.11299435028248588, 0.05405405405405406, 0.08163265306122448, 0.0392156862745098, 0.11299435028248588, 0.04962779156327544, 0.05555555555555555, 0.03116883116883117, 0.10434782608695652, 0.03314917127071823, 0.031914893617021274, 0.06629834254143646, 0.10619469026548672, 0.06349206349206349, 0.07692307692307693]
after sort list of tuple: [(8, 0.3525641025641026), (9, 0.34055727554179566), (15, 0.3157894736842105), (13, 0.297029702970297), (14, 0.297029702970297), (17, 0.2589928057553957), (6, 0.2583170254403131), (0, 0.2549019607843137), (2, 0.25120772946859904), (7, 0.24858757062146894), (4, 0.24220183486238533), (5, 0.2395644283121597), (3, 0.23708206686930092), (12, 0.2249488752556237), (1, 0.22285714285714286), (11, 0.21912350597609562), (18, 0.21428571428571427), (10, 0.2119460500963391), (16, 0.18798955613577023), (25, 0.11299435028248588), (29, 0.11299435028248588), (37, 0.10619469026548672), (33, 0.10434782608695652), (20, 0.09900990099009901), (22, 0.08498583569405099), (24, 0.08403361344537816), (27, 0.08163265306122448), (19, 0.07920792079207921), (39, 0.07692307692307693), (36, 0.06629834254143646), (38, 0.06349206349206349), (23, 0.05964214711729622), (31, 0.05555555555555555), (26, 0.05405405405405406), (30, 0.04962779156327544), (21, 0.04043126684636118), (28, 0.0392156862745098), (34, 0.03314917127071823), (35, 0.031914893617021274), (32, 0.03116883116883117)]
seeds_sorted [set([384, 480, 517, 775, 521, 778, 785, 759, 634, 795, 830]), set([804, 806, 776, 682, 525, 845, 627, 726, 664, 444, 607]), set([802, 771, 625, 557, 689, 690, 789, 220, 565]), set([256, 646, 583, 810, 847, 816, 849, 594, 695, 721]), set([608, 640, 676, 837, 679, 809, 850, 854, 324, 677]), set([831, 331, 908, 787, 313, 603, 915, 894, 671]), set([783, 911, 746, 941, 781, 914, 851, 757, 760, 569, 858, 635]), set([930, 963, 932, 934, 711, 904, 714, 606, 944, 798, 887, 986, 860, 958]), set([896, 708, 966, 839, 712, 943, 978, 755, 852, 886, 735, 542, 991]), set([832, 834, 927, 965, 988, 720, 531, 921, 889, 955, 764, 703]), set([907, 805, 998, 871, 552, 457, 939, 620, 973, 753, 467, 799]), set([962, 835, 873, 972, 814, 495, 931, 820, 725, 791, 731, 925]), set([993, 977, 680, 639, 808, 945, 947, 855, 794, 751, 796, 862, 895]), set([898, 964, 937, 938, 812, 398, 719, 596, 920, 884, 702]), set([928, 961, 770, 995, 740, 715, 769, 811, 980, 697, 922, 541, 959]), set([675, 982, 585, 780, 878, 688, 952, 918, 632, 506, 987]), set([483, 564, 790, 710, 681, 428, 638]), set([968, 618, 942, 817, 946, 782, 502, 885, 767, 446, 437]), set([994, 969, 138, 825, 910, 734, 823, 633, 510]), set([872, 611, 667, 462, 582]), set([408, 242, 236, 970, 246]), set([200, 888, 75, 37]), set([298, 405, 390, 829]), set([976, 833, 599, 668, 748, 686]), set([785, 759, 985, 778, 795, 830]), set([754, 803, 707, 807, 1000, 670]), set([801, 538, 940, 730, 733]), set([672, 747, 997, 841, 619, 876, 974]), set([595, 899, 605, 591]), set([705, 874, 742, 758]), set([600, 305, 890, 749]), set([992, 901, 648, 779, 909, 846]), set([793, 906, 891, 660]), set([395, 846, 901, 766, 919]), set([897, 827, 348, 813, 979]), set([978, 981, 966, 991, 989, 943]), set([897, 692, 813, 929, 967]), set([848, 897, 838, 929]), set([864, 848, 827, 929]), set([968, 946, 828, 885])]
args__________ ([set([384, 480, 517, 775, 521, 778, 785, 759, 634, 795, 830]), set([968, 946, 828, 885])],)
args__________ ([set([804, 806, 776, 682, 525, 845, 627, 726, 664, 444, 607]), set([864, 848, 827, 929])],)
args__________ ([set([802, 771, 625, 557, 689, 690, 789, 220, 565]), set([848, 897, 838, 929])],)
args__________ ([set([256, 646, 583, 810, 847, 816, 849, 594, 695, 721]), set([897, 692, 813, 929, 967])],)
args__________ ([set([608, 640, 676, 837, 679, 809, 850, 854, 324, 677]), set([978, 981, 966, 991, 989, 943])],)
args__________ ([set([831, 331, 908, 787, 313, 603, 915, 894, 671]), set([897, 827, 348, 813, 979])],)
args__________ ([set([783, 911, 746, 941, 781, 914, 851, 757, 760, 569, 858, 635]), set([395, 846, 901, 766, 919])],)
args__________ ([set([930, 963, 932, 934, 711, 904, 714, 606, 944, 798, 887, 986, 860, 958]), set([793, 906, 891, 660])],)
args__________ ([set([896, 708, 966, 839, 712, 943, 978, 755, 852, 886, 735, 542, 991])],)
args__________ ([set([832, 834, 927, 965, 988, 720, 531, 921, 889, 955, 764, 703])],)
args__________ ([set([907, 805, 998, 871, 552, 457, 939, 620, 973, 753, 467, 799])],)
args__________ ([set([962, 835, 873, 972, 814, 495, 931, 820, 725, 791, 731, 925])],)
args__________ ([set([993, 977, 680, 639, 808, 945, 947, 855, 794, 751, 796, 862, 895])],)
args__________ ([set([898, 964, 937, 938, 812, 398, 719, 596, 920, 884, 702])],)
args__________ ([set([928, 961, 770, 995, 740, 715, 769, 811, 980, 697, 922, 541, 959])],)
args__________ ([set([675, 982, 585, 780, 878, 688, 952, 918, 632, 506, 987])],)
args__________ ([set([483, 564, 790, 710, 681, 428, 638])],)
args__________ ([set([968, 618, 942, 817, 946, 782, 502, 885, 767, 446, 437])],)
args__________ ([set([994, 969, 138, 825, 910, 734, 823, 633, 510])],)
args__________ ([set([872, 611, 667, 462, 582])],)
args__________ ([set([408, 242, 236, 970, 246])],)
args__________ ([set([200, 888, 75, 37])],)
args__________ ([set([298, 405, 390, 829])],)
args__________ ([set([976, 833, 599, 668, 748, 686])],)
args__________ ([set([785, 759, 985, 778, 795, 830])],)
args__________ ([set([754, 803, 707, 807, 1000, 670])],)
args__________ ([set([801, 538, 940, 730, 733])],)
args__________ ([set([672, 747, 997, 841, 619, 876, 974])],)
args__________ ([set([595, 899, 605, 591])],)
args__________ ([set([705, 874, 742, 758])],)
args__________ ([set([600, 305, 890, 749])],)
args__________ ([set([992, 901, 648, 779, 909, 846])],)
finish process___________________
sorted nodes by betweenness [1, 2, 4, 5, 6, 7, 8, 10, 12, 16, 18, 20, 24, 25, 26, 27, 29, 34, 35, 36, 38, 40, 43, 44, 45, 46, 50, 53, 54, 56, 57, 58, 59, 60, 62, 63, 64, 66, 67, 68, 69, 72, 73, 76, 79, 81, 83, 85, 86, 87, 89, 93, 94, 95, 98, 99, 101, 102, 103, 104, 105, 107, 108, 109, 110, 112, 114, 117, 118, 119, 120, 121, 122, 128, 131, 132, 133, 134, 136, 140, 141, 142, 144, 145, 146, 151, 152, 153, 154, 156, 157, 160, 161, 163, 164, 166, 170, 171, 172, 176, 179, 181, 183, 184, 185, 186, 187, 188, 190, 191, 194, 195, 196, 197, 198, 199, 201, 203, 204, 206, 208, 209, 210, 211, 212, 215, 216, 221, 222, 223, 225, 226, 229, 230, 231, 234, 237, 238, 239, 240, 241, 243, 244, 247, 248, 249, 252, 253, 254, 255, 257, 258, 260, 262, 263, 264, 266, 269, 271, 276, 280, 281, 283, 284, 286, 287, 288, 289, 290, 293, 295, 299, 300, 301, 302, 303, 304, 307, 309, 311, 315, 316, 318, 319, 320, 321, 322, 323, 325, 327, 329, 330, 332, 333, 336, 339, 340, 341, 342, 343, 345, 346, 347, 349, 350, 352, 357, 358, 360, 363, 366, 367, 368, 370, 372, 374, 375, 376, 377, 378, 380, 381, 382, 383, 385, 389, 391, 393, 396, 397, 401, 402, 404, 407, 411, 412, 413, 414, 415, 416, 417, 418, 419, 421, 422, 423, 424, 430, 431, 435, 436, 438, 441, 443, 445, 447, 449, 450, 452, 454, 455, 456, 460, 461, 464, 466, 468, 469, 471, 474, 475, 477, 478, 484, 485, 487, 488, 490, 491, 493, 496, 497, 498, 499, 501, 503, 504, 507, 508, 509, 511, 515, 518, 520, 523, 526, 527, 528, 529, 530, 532, 533, 535, 536, 537, 539, 540, 544, 547, 548, 549, 551, 553, 554, 556, 558, 559, 560, 561, 562, 566, 567, 568, 570, 571, 572, 573, 575, 576, 578, 579, 580, 584, 586, 587, 588, 589, 590, 592, 593, 598, 601, 602, 604, 609, 612, 613, 617, 621, 623, 624, 628, 629, 630, 631, 637, 641, 642, 643, 644, 645, 647, 649, 650, 651, 652, 654, 655, 656, 659, 661, 662, 666, 669, 673, 674, 678, 684, 685, 694, 696, 698, 699, 700, 701, 704, 709, 713, 716, 718, 722, 723, 724, 727, 728, 729, 732, 736, 738, 739, 741, 743, 744, 745, 750, 752, 756, 761, 762, 763, 765, 768, 772, 773, 774, 777, 784, 786, 788, 792, 797, 800, 815, 818, 819, 822, 824, 826, 836, 840, 842, 843, 844, 853, 856, 857, 859, 861, 863, 865, 866, 867, 868, 869, 870, 875, 877, 879, 881, 882, 883, 892, 893, 900, 902, 903, 905, 912, 913, 916, 917, 923, 924, 926, 933, 935, 936, 948, 949, 950, 951, 953, 954, 956, 957, 960, 971, 975, 983, 984, 990, 996, 999]
args__________ ([[1, 236, 408]],)
args__________ ([[2, 815, 601, 419, 411]],)
args__________ ([[4, 773, 882, 984, 786, 732, 957, 983]],)
args__________ ([[5, 418, 263, 131, 333, 327]],)
args__________ ([[6, 897]],)
args__________ ([[7, 171, 332, 248, 208, 243]],)
args__________ ([[8, 704]],)
args__________ ([[10, 360, 554, 499, 460, 271, 170]],)
args__________ ([[12, 916, 960, 112]],)
args__________ ([[16, 743, 488, 449, 553]],)
args__________ ([[18, 833]],)
args__________ ([[20, 996, 598, 923, 881, 701]],)
args__________ ([[24, 866, 840, 836, 933, 694, 902]],)
args__________ ([[2, 815, 25, 411]],)
args__________ ([[26, 551, 498, 237, 262, 225]],)
args__________ ([[7, 171, 332, 248, 27, 141]],)
args__________ ([[29, 496, 613, 744, 624, 504, 299, 556]],)
args__________ ([[34, 728, 960, 696, 471, 916, 727]],)
args__________ ([[35, 402, 417, 368, 370, 468, 447]],)
args__________ ([[36, 684, 784, 954, 892, 949, 765, 950]],)
args__________ ([[38, 659, 868, 704, 571]],)
args__________ ([[40, 768, 578, 859, 842, 666, 875, 900]],)
args__________ ([[43, 367, 110, 144, 284, 239]],)
args__________ ([[44, 104, 416, 199, 423, 396, 183]],)
args__________ ([[45, 528, 867, 724, 750, 644, 709, 566]],)
args__________ ([[46, 800, 612, 584, 330, 818, 826, 774]],)
args__________ ([[50, 320, 252, 59, 276]],)
args__________ ([[53, 485, 518, 108, 530, 172, 212]],)
args__________ ([[54, 551, 498, 280, 157, 105]],)
args__________ ([[56, 645, 547, 649, 99]],)
args__________ ([[57, 417, 368, 370, 402, 468, 447]],)
args__________ ([[58, 833]],)
finish single seed process___________________
sorted nodes by betweenness [62, 66, 69, 76, 81, 83, 87, 93, 95, 102, 107, 114, 121, 132, 134, 136, 142, 160, 161, 163, 164, 166, 181, 185, 186, 187, 191, 195, 196, 197, 198, 206, 209, 221, 226, 229, 231, 240, 244, 249, 254, 255, 257, 258, 260, 264, 266, 281, 287, 288, 290, 293, 300, 301, 311, 315, 318, 322, 329, 343, 345, 347, 349, 350, 352, 358, 363, 366, 372, 376, 377, 378, 381, 383, 385, 389, 391, 393, 397, 401, 407, 414, 430, 435, 436, 438, 441, 445, 450, 452, 456, 461, 466, 469, 478, 487, 491, 493, 507, 511, 515, 520, 523, 526, 529, 532, 533, 535, 536, 537, 544, 548, 549, 559, 561, 567, 568, 570, 572, 575, 579, 580, 587, 589, 590, 592, 602, 604, 609, 617, 628, 629, 630, 631, 637, 641, 642, 643, 650, 652, 654, 656, 661, 662, 673, 678, 698, 700, 713, 716, 722, 723, 729, 736, 738, 739, 741, 745, 752, 756, 761, 763, 772, 777, 788, 792, 797, 819, 822, 824, 843, 853, 856, 857, 861, 863, 865, 869, 870, 877, 883, 893, 903, 905, 913, 917, 935, 936, 948, 951, 953, 956, 971, 975, 990, 999]
args__________ ([[62, 709]],)
args__________ ([[66, 741, 713, 700, 819, 628, 797, 631]],)
args__________ ([[69, 741, 713, 700, 819, 628, 797, 631]],)
args__________ ([[76, 935, 893, 763, 948, 637, 258]],)
args__________ ([[81, 908, 915]],)
args__________ ([[83, 865, 736, 990, 450, 739, 971, 861]],)
args__________ ([[87, 389, 166, 567, 191, 407, 244, 391]],)
args__________ ([[443, 93]],)
args__________ ([[95, 456, 266, 445, 240, 114]],)
args__________ ([[102, 520, 366, 393, 198, 350]],)
args__________ ([[107, 628, 741, 713, 819, 700, 797, 631]],)
args__________ ([[95, 456, 266, 445, 240, 114]],)
args__________ ([[121, 526, 385, 537, 579, 466, 575]],)
args__________ ([[999, 843, 824, 822, 650, 716, 792, 132]],)
args__________ ([[134, 948, 935, 763, 637, 893, 438, 414]],)
args__________ ([[136, 266, 445, 322, 229, 255]],)
args__________ ([[142, 738, 870, 936, 745, 913, 863, 656]],)
args__________ ([[160, 935, 637, 948, 763, 893, 414, 469]],)
args__________ ([[161, 641, 643, 493, 507, 589, 381, 436]],)
args__________ ([[163, 983, 802]],)
args__________ ([[164, 579, 526, 466, 537, 575, 385]],)
args__________ ([[87, 389, 166, 567, 191, 407, 244, 391]],)
args__________ ([[181, 258, 935, 637, 763, 948, 893, 469]],)
args__________ ([[185, 520, 198, 350, 393, 290]],)
args__________ ([[102, 520, 366, 393, 186]],)
args__________ ([[187, 641, 643, 493, 507, 532, 589, 249]],)
args__________ ([[87, 389, 166, 567, 191, 407, 244, 391]],)
args__________ ([[195, 385, 579, 260, 537, 526, 466, 575]],)
args__________ ([[196, 738, 870, 936, 745, 913, 863, 656]],)
args__________ ([[197, 411, 986]],)
args__________ ([[102, 520, 366, 393, 198, 350]],)
args__________ ([[102, 520, 366, 206, 198, 350]],)
finish single seed process___________________
sorted nodes by betweenness [209, 257, 264, 281, 293, 301, 343, 345, 376, 377, 383, 397, 401, 430, 441, 452, 461, 478, 491, 511, 523, 533, 535, 536, 548, 549, 559, 561, 568, 572, 580, 587, 590, 592, 602, 604, 609, 629, 630, 654, 661, 673, 678, 698, 722, 723, 729, 752, 756, 761, 772, 777, 788, 853, 856, 857, 869, 877, 883, 903, 905, 917, 951, 953, 956, 975]
args__________ ([[209, 900, 982]],)
args__________ ([[2, 257]],)
args__________ ([[264, 810, 847]],)
args__________ ([[391, 281]],)
args__________ ([[293, 617, 784]],)
args__________ ([[147, 301]],)
args__________ ([[343, 901, 909]],)
args__________ ([[345, 868, 659]],)
args__________ ([[376, 833, 748]],)
args__________ ([[377, 593, 571]],)
args__________ ([[648, 383, 737]],)
args__________ ([[484, 659, 397]],)
args__________ ([[401, 833, 668]],)
args__________ ([[430, 795, 588]],)
args__________ ([[441, 961, 923]],)
args__________ ([[452, 879, 926]],)
args__________ ([[762, 461, 848]],)
args__________ ([[499, 975, 478]],)
args__________ ([[491, 859, 900]],)
args__________ ([[518, 530, 511]],)
args__________ ([[374, 972, 523]],)
args__________ ([[533, 911, 868]],)
args__________ ([[487, 741, 535]],)
args__________ ([[489, 737, 536]],)
args__________ ([[548, 929, 897, 953]],)
args__________ ([[549, 963, 986]],)
args__________ ([[25, 815, 559]],)
args__________ ([[561, 942, 984, 983]],)
args__________ ([[568, 705, 994]],)
args__________ ([[745, 936, 572]],)
args__________ ([[425, 580, 862]],)
args__________ ([[396, 587, 423]],)
finish single seed process___________________
sorted nodes by betweenness [590, 592, 602, 604, 609, 629, 630, 654, 661, 673, 678, 698, 722, 723, 729, 752, 756, 761, 772, 777, 788, 853, 856, 857, 869, 877, 883, 903, 905, 917, 951, 956]
args__________ ([[593, 590, 868]],)
args__________ ([[416, 423, 592]],)
args__________ ([[602, 888, 961, 915]],)
args__________ ([[692, 604, 848]],)
args__________ ([[980, 609, 995, 997]],)
args__________ ([[656, 936, 629]],)
args__________ ([[263, 418, 630]],)
args__________ ([[592, 996, 654]],)
args__________ ([[263, 418, 661]],)
args__________ ([[447, 673, 468]],)
args__________ ([[956, 678, 984, 983]],)
args__________ ([[537, 575, 698]],)
args__________ ([[240, 722, 981]],)
args__________ ([[390, 405, 723]],)
args__________ ([[729, 993, 947]],)
args__________ ([[752, 929, 880]],)
args__________ ([[158, 749, 756]],)
args__________ ([[485, 518, 761, 530]],)
args__________ ([[424, 704, 868, 772]],)
args__________ ([[777, 847, 849, 810]],)
args__________ ([[870, 936, 913, 788]],)
args__________ ([[165, 717, 901, 853]],)
args__________ ([[800, 818, 826, 856, 976]],)
args__________ ([[31, 192, 177, 857]],)
args__________ ([[869, 965, 988, 955, 956]],)
args__________ ([[877, 955, 965, 988, 989]],)
args__________ ([[842, 900, 875, 859, 883]],)
args__________ ([[821, 906, 891, 981, 903]],)
args__________ ([[683, 779, 909, 846, 905]],)
args__________ ([[653, 917, 906, 891, 821]],)
args__________ ([[462, 582, 611, 667, 951]],)
args__________ ([[279, 706, 658, 749, 956]],)
finish single seed process___________________
i =  0 [384, 480, 517, 775, 521, 778, 71, 270, 785, 245, 759, 634, 795, 830, 351]
i =  1 [942, 968, 437, 618, 782, 272, 817, 946, 277, 502, 885, 767, 828, 446, 149]
i =  2 [512, 353, 514, 804, 806, 776, 41, 682, 267, 525, 845, 627, 726, 365, 664, 444, 607]
i =  3 [864, 929, 228, 880, 897, 813, 848, 692, 440, 827, 348]
i =  4 [193, 802, 771, 129, 233, 557, 625, 690, 789, 55, 689, 219, 220, 126, 565]
i =  5 [897, 228, 838, 929, 813, 848, 692, 440, 827, 348, 880]
i =  6 [256, 646, 583, 297, 810, 174, 847, 816, 849, 594, 695, 721, 143, 362, 479]
i =  7 [897, 228, 929, 967, 813, 848, 692, 440, 827, 348, 880]
i =  8 [608, 640, 676, 837, 679, 809, 42, 273, 850, 97, 854, 324, 127, 92, 317, 677]
i =  9 [896, 388, 542, 162, 169, 555, 429, 943, 991, 708, 966, 839, 712, 80, 978, 852, 981, 218, 989, 735, 755, 500, 886, 250]
i =  10 [51, 831, 331, 908, 78, 787, 313, 603, 915, 894, 671]
i =  11 [848, 897, 228, 929, 813, 880, 979, 692, 440, 827, 348]
i =  12 [546, 291, 911, 581, 657, 941, 746, 524, 781, 783, 465, 335, 851, 757, 406, 760, 569, 858, 635, 914, 693]
i =  13 [737, 395, 901, 648, 489, 779, 717, 846, 909, 334, 310, 919, 472, 409, 683, 189, 766, 165]
i =  14 [32, 224, 930, 963, 932, 934, 711, 904, 714, 606, 338, 622, 944, 626, 386, 958, 887, 986, 860, 798]
i =  15 [155, 550, 361, 906, 653, 432, 82, 660, 21, 470, 473, 793, 891, 636, 522, 821]
i =  16 [896, 388, 542, 162, 169, 555, 429, 943, 991, 708, 966, 839, 712, 80, 978, 852, 218, 735, 755, 500, 886, 250]
i =  17 [832, 834, 251, 927, 965, 70, 392, 988, 720, 531, 921, 889, 955, 764, 703]
i =  18 [3, 805, 998, 871, 552, 457, 907, 620, 939, 14, 973, 11, 753, 178, 467, 439, 282, 427, 232, 799]
i =  19 [577, 962, 835, 261, 873, 23, 972, 77, 814, 399, 13, 931, 820, 725, 150, 791, 495, 731, 925]
i =  20 [993, 355, 227, 945, 680, 425, 394, 459, 451, 808, 977, 403, 148, 639, 855, 794, 751, 796, 947, 862, 895]
i =  21 [898, 964, 937, 458, 426, 812, 205, 398, 719, 596, 938, 84, 373, 920, 884, 442, 379, 124, 285, 30, 702]
i =  22 [928, 961, 770, 995, 740, 715, 65, 811, 364, 173, 482, 980, 135, 697, 922, 769, 541, 959]
i =  23 [344, 675, 100, 918, 167, 585, 780, 878, 688, 952, 274, 116, 214, 9, 632, 420, 506, 987, 982]
i =  24 [19, 483, 326, 710, 615, 296, 681, 371, 428, 486, 369, 147, 564, 213, 790, 665, 52, 638, 453]
i =  25 [942, 968, 437, 618, 782, 272, 817, 946, 149, 502, 885, 767, 446, 277]
i =  26 [994, 356, 39, 969, 138, 825, 910, 113, 275, 734, 823, 633, 510, 159]
i =  27 [611, 259, 516, 582, 872, 462, 15, 400, 115, 410, 667]
i =  28 [137, 970, 236, 88, 242, 246, 408, 314, 125]
i =  29 [192, 37, 200, 75, 177, 888, 90, 28, 31]
i =  30 [130, 390, 298, 235, 17, 180, 405, 829]
i =  31 [96, 833, 168, 268, 106, 748, 686, 976, 563, 182, 599, 312, 505, 668]
i =  32 [384, 480, 517, 71, 521, 778, 775, 270, 785, 245, 759, 985, 634, 795, 830, 351]
i =  33 [610, 803, 614, 807, 1000, 74, 207, 328, 754, 707, 691, 534, 663, 463, 687, 670]
i =  34 [801, 359, 202, 940, 733, 433, 306, 278, 217, 730, 91, 538, 574, 543]
i =  35 [672, 448, 747, 997, 616, 841, 619, 876, 974, 47, 434, 111, 61]
i =  36 [33, 899, 294, 513, 265, 387, 591, 595, 545, 22, 476, 605]
i =  37 [705, 292, 742, 519, 874, 494, 48, 49, 308, 597, 758, 123]
i =  38 [481, 354, 337, 139, 492, 749, 175, 305, 658, 279, 600, 706, 890, 158]
i =  39 [992, 737, 779, 901, 648, 489, 683, 909, 846, 717, 334, 310, 472, 409, 395, 189, 766, 165]
i =  40 [1, 137, 236, 88, 242, 246, 408, 314, 125]
i =  41 [2, 419, 133, 455, 586, 815, 241, 179, 25, 341, 375, 216, 601, 152, 411, 421]
i =  42 [4, 773, 151, 204, 685, 718, 669, 497, 882, 983, 984, 786, 699, 732, 957, 101]
i =  43 [418, 131, 5, 327, 263, 333]
i =  44 [897, 6, 7, 171, 332, 141, 208, 243, 248, 154, 27, 188]
i =  45 [7, 171, 332, 141, 208, 243, 248, 154, 27, 188]
i =  46 [704, 484, 38, 424, 140, 527, 593, 659, 431, 8, 868, 571, 412, 509]
i =  47 [360, 307, 554, 460, 499, 211, 309, 170, 89, 271, 10]
i =  48 [960, 321, 34, 203, 490, 471, 12, 674, 727, 112, 728, 916, 119, 696, 912, 474, 443, 283]
i =  49 [449, 454, 743, 488, 201, 503, 588, 477, 16, 553, 346, 475, 380, 573]
i =  50 [96, 833, 168, 748, 106, 268, 686, 72, 18, 563, 182, 599, 312, 505, 668]
i =  51 [655, 404, 923, 156, 926, 289, 924, 558, 304, 701, 844, 340, 598, 98, 996, 234, 109, 879, 881, 374, 20, 762, 253]
i =  52 [576, 866, 836, 933, 230, 840, 651, 562, 302, 902, 464, 210, 342, 694, 24, 540, 415]
i =  53 [2, 419, 133, 601, 455, 586, 815, 241, 179, 341, 375, 216, 25, 152, 411, 421]
i =  54 [225, 262, 551, 105, 237, 498, 85, 54, 280, 26, 157, 190]
i =  55 [7, 171, 332, 141, 208, 243, 248, 154, 27, 188]
i =  56 [624, 613, 744, 73, 299, 556, 496, 247, 504, 176, 29]
i =  57 [960, 321, 34, 443, 471, 119, 490, 203, 12, 674, 112, 696, 916, 727, 728, 912, 474, 283]
i =  58 [417, 35, 68, 370, 368, 402, 468, 118, 57, 447]
i =  59 [560, 36, 647, 508, 684, 238, 623, 784, 949, 950, 184, 954, 892, 765, 382]
i =  60 [704, 868, 38, 424, 140, 431, 593, 659, 484, 571, 412, 509]
i =  61 [768, 64, 578, 900, 422, 40, 842, 875, 128, 215, 666, 859, 286]
i =  62 [67, 43, 269, 110, 239, 144, 367, 284, 63]
i =  63 [416, 423, 104, 44, 199, 396, 183]
i =  64 [867, 644, 709, 45, 750, 528, 724, 501, 566, 316, 413, 319]
i =  65 [800, 194, 612, 774, 584, 330, 46, 79, 818, 339, 153, 826, 539, 222, 223]
i =  66 [320, 295, 103, 146, 336, 50, 276, 117, 120, 59, 252]
i =  67 [485, 518, 108, 172, 145, 530, 212, 53, 86]
i =  68 [225, 262, 551, 105, 237, 498, 85, 54, 280, 26, 157, 190]
i =  69 [323, 645, 357, 649, 621, 303, 99, 547, 56, 122, 60, 94, 325]
i =  70 [417, 35, 68, 402, 368, 370, 468, 118, 57, 447]
i =  71 [96, 833, 168, 748, 106, 268, 686, 72, 563, 182, 599, 312, 505, 58, 668]
i =  72 [867, 644, 709, 45, 750, 528, 724, 501, 566, 316, 413, 62, 319]
i =  73 [288, 66, 741, 487, 713, 107, 300, 529, 819, 628, 631, 570, 700, 797, 69]
i =  74 [288, 66, 69, 487, 713, 107, 300, 529, 819, 628, 631, 570, 700, 797, 741]
i =  75 [160, 258, 134, 935, 76, 893, 948, 181, 438, 378, 763, 637, 414, 469]
i =  76 [831, 331, 908, 78, 81, 51, 787, 313, 603, 915, 894, 671]
i =  77 [736, 865, 450, 739, 231, 971, 652, 349, 435, 372, 254, 662, 83, 347, 861, 990]
i =  78 [389, 166, 391, 407, 244, 567, 87, 191]
i =  79 [485, 518, 108, 172, 145, 530, 212, 53, 86, 443, 93]
i =  80 [322, 229, 456, 266, 240, 72, 114, 136, 255, 445, 95]
i =  81 [290, 198, 102, 520, 393, 363, 366, 206, 185, 186, 350]
i =  82 [288, 66, 741, 487, 713, 107, 300, 529, 819, 628, 631, 570, 700, 797, 69]
i =  83 [322, 229, 456, 266, 240, 72, 114, 136, 255, 445, 95]
i =  84 [385, 579, 164, 260, 311, 526, 466, 195, 537, 121, 287, 575]
i =  85 [544, 642, 132, 999, 617, 650, 843, 716, 792, 822, 824, 318]
i =  86 [160, 258, 134, 935, 76, 637, 948, 181, 438, 378, 763, 893, 414, 469]
i =  87 [322, 229, 136, 266, 240, 456, 114, 72, 95, 445, 255]
i =  88 [352, 738, 515, 196, 870, 936, 745, 226, 142, 656, 913, 329, 315, 863]
i =  89 [160, 258, 134, 935, 76, 637, 948, 469, 438, 378, 763, 893, 414, 181]
i =  90 [161, 643, 358, 641, 436, 493, 589, 221, 532, 249, 187, 381, 507]
i =  91 [129, 802, 163, 4, 193, 233, 55, 557, 625, 50, 771, 690, 565, 983, 689, 219, 220, 29, 126, 789]
i =  92 [385, 579, 164, 260, 311, 526, 466, 195, 537, 121, 287, 575]
i =  93 [389, 166, 391, 407, 244, 567, 87, 191]
i =  94 [160, 258, 134, 935, 76, 893, 948, 181, 438, 378, 763, 637, 414, 469]
i =  95 [290, 102, 198, 520, 393, 363, 206, 366, 185, 186, 350]
i =  96 [290, 198, 102, 520, 393, 363, 366, 206, 185, 186, 350]
i =  97 [641, 643, 358, 161, 436, 589, 493, 532, 381, 249, 187, 221, 507]
i =  98 [389, 166, 391, 407, 244, 567, 87, 191]
i =  99 [385, 579, 164, 260, 311, 526, 466, 195, 537, 121, 287, 575]
i =  100 [352, 738, 515, 196, 870, 936, 745, 226, 142, 656, 913, 329, 315, 863]
i =  101 [2, 419, 197, 601, 455, 421, 586, 815, 241, 179, 341, 375, 152, 25, 986, 411, 216, 133]
i =  102 [290, 198, 102, 520, 393, 363, 366, 206, 185, 186, 350]
i =  103 [290, 198, 102, 520, 393, 363, 366, 206, 185, 186, 350]
i =  104 [128, 768, 900, 214, 9, 780, 274, 918, 666, 286, 675, 420, 422, 167, 40, 688, 952, 64, 578, 585, 842, 209, 982, 215, 344, 987, 100, 875, 878, 859, 116, 632, 506]
i =  105 [257, 2, 419, 133, 601, 455, 586, 815, 241, 179, 341, 375, 152, 25, 411, 216, 421]
i =  106 [256, 646, 583, 264, 297, 810, 174, 143, 816, 721, 594, 695, 847, 362, 849, 479]
i =  107 [389, 166, 391, 407, 244, 567, 281, 87, 191]
i =  108 [544, 560, 765, 36, 293, 647, 617, 684, 238, 623, 784, 184, 892, 508, 382]
i =  109 [322, 229, 72, 266, 301, 240, 456, 114, 147, 136, 255, 445, 95]
i =  110 [737, 779, 901, 648, 489, 683, 909, 334, 717, 846, 310, 343, 472, 409, 395, 189, 766, 165]
i =  111 [704, 484, 38, 424, 140, 431, 593, 659, 345, 571, 412, 509, 868]
i =  112 [96, 833, 168, 268, 106, 748, 686, 312, 563, 182, 599, 376, 505, 668]
i =  113 [704, 484, 38, 424, 140, 431, 593, 659, 377, 571, 412, 509, 868]
i =  114 [737, 779, 165, 648, 489, 683, 717, 334, 909, 846, 310, 901, 472, 409, 395, 189, 766, 383]
i =  115 [704, 484, 38, 424, 140, 397, 431, 593, 659, 868, 571, 412, 509]
i =  116 [96, 833, 168, 748, 106, 268, 686, 401, 563, 182, 599, 312, 505, 668]
i =  117 [480, 384, 517, 775, 521, 778, 71, 588, 430, 785, 351, 270, 759, 634, 795, 830, 245]
i =  118 [136, 266, 396, 655, 404, 445, 923, 156, 926, 416, 289, 423, 924, 44, 558, 304, 72, 183, 441, 701, 961, 322, 199, 456, 844, 340, 598, 95, 98, 996, 229, 104, 234, 109, 879, 240, 881, 114, 374, 20, 762, 253, 255]
i =  119 [655, 404, 923, 924, 926, 289, 156, 558, 304, 701, 452, 844, 340, 598, 98, 996, 234, 109, 879, 881, 374, 20, 762, 253]
i =  120 [1, 396, 269, 144, 367, 156, 416, 283, 38, 423, 284, 43, 44, 183, 63, 67, 199, 461, 848, 104, 110, 239, 762, 253]
i =  121 [360, 307, 554, 460, 271, 499, 211, 309, 170, 89, 975, 10, 478]
i =  122 [64, 128, 578, 875, 900, 422, 40, 842, 491, 286, 215, 666, 859, 768]
i =  123 [485, 518, 172, 108, 145, 530, 212, 53, 86, 511]
i =  124 [577, 962, 835, 150, 731, 873, 523, 972, 13, 814, 77, 931, 820, 725, 374, 791, 23, 495, 399, 925, 261]
i =  125 [140, 781, 911, 657, 914, 659, 533, 406, 412, 546, 291, 38, 424, 941, 431, 693, 569, 571, 704, 581, 524, 484, 335, 593, 851, 345, 858, 783, 868, 465, 746, 757, 760, 635, 509]
i =  126 [288, 66, 741, 487, 713, 107, 300, 529, 819, 628, 535, 631, 570, 700, 797, 69]
i =  127 [737, 162, 779, 165, 648, 489, 683, 717, 334, 909, 472, 846, 310, 536, 409, 395, 189, 766, 901]
i =  128 [848, 897, 548, 929, 813, 880, 692, 953, 440, 228, 827, 348]
i =  129 [32, 224, 930, 963, 932, 549, 934, 711, 904, 714, 798, 386, 622, 944, 338, 958, 626, 887, 986, 860, 606]
i =  130 [2, 419, 133, 601, 455, 586, 815, 241, 179, 341, 375, 216, 25, 152, 559, 411, 421]
i =  131 [4, 773, 396, 786, 151, 669, 416, 423, 44, 685, 942, 561, 183, 699, 957, 199, 204, 718, 983, 984, 732, 101, 104, 497, 882]
i =  132 [519, 138, 910, 275, 159, 292, 39, 48, 49, 308, 823, 568, 825, 705, 969, 597, 734, 994, 356, 742, 494, 113, 758, 633, 123, 510]
i =  133 [352, 738, 515, 196, 870, 936, 745, 226, 142, 656, 913, 329, 315, 572, 863]
i =  134 [355, 580, 808, 425, 394, 459, 403, 451, 751, 680, 18, 227, 148, 855, 794, 639, 796, 93, 862, 895]
i =  135 [416, 423, 104, 44, 587, 396, 183, 199]
i =  136 [704, 868, 38, 424, 140, 590, 431, 593, 659, 484, 571, 412, 509]
i =  137 [416, 423, 104, 44, 199, 396, 592, 183]
i =  138 [769, 770, 135, 908, 915, 90, 922, 28, 541, 671, 928, 37, 811, 173, 177, 51, 313, 31, 831, 192, 65, 961, 75, 200, 697, 331, 78, 980, 441, 602, 603, 482, 995, 740, 715, 364, 787, 888, 959, 894]
i =  139 [897, 228, 880, 929, 348, 813, 848, 692, 440, 827, 604]
i =  140 [928, 609, 482, 995, 740, 997, 715, 65, 811, 364, 173, 922, 980, 54, 769, 697, 770, 135, 541, 961, 959]
i =  141 [352, 738, 515, 196, 870, 936, 329, 226, 142, 656, 913, 629, 745, 315, 863]
i =  142 [418, 131, 5, 327, 263, 333, 630]
i =  143 [12, 654, 655, 404, 923, 156, 926, 289, 924, 558, 304, 701, 844, 592, 340, 598, 98, 996, 234, 109, 879, 881, 374, 20, 762, 253]
i =  144 [418, 131, 5, 327, 263, 333, 661]
i =  145 [673, 35, 68, 417, 402, 368, 370, 468, 118, 57, 447]
i =  146 [4, 101, 678, 732, 151, 204, 685, 718, 957, 497, 882, 983, 984, 786, 699, 956, 669, 773]
i =  147 [385, 579, 164, 260, 311, 526, 466, 195, 537, 121, 698, 287, 575]
i =  148 [418, 131, 5, 327, 456, 266, 263, 229, 322, 333, 240, 72, 722, 981, 114, 136, 255, 445, 95]
i =  149 [130, 390, 298, 235, 17, 723, 180, 405]
i =  150 [394, 403, 148, 794, 796, 680, 425, 945, 947, 451, 459, 977, 355, 855, 729, 862, 993, 227, 751, 808, 895, 639]
i =  151 [848, 929, 228, 897, 813, 880, 692, 440, 827, 348, 752]
i =  152 [481, 354, 305, 139, 492, 749, 175, 337, 658, 756, 279, 600, 706, 158]
i =  153 [485, 518, 172, 108, 145, 530, 212, 53, 86, 761]
i =  154 [704, 868, 38, 424, 140, 484, 431, 593, 659, 772, 571, 412, 509]
i =  155 [256, 646, 583, 297, 362, 777, 174, 143, 816, 849, 594, 695, 721, 847, 810, 479]
i =  156 [352, 738, 515, 196, 870, 936, 329, 226, 142, 656, 913, 788, 745, 315, 863]
i =  157 [737, 779, 901, 648, 489, 683, 717, 846, 909, 334, 853, 310, 472, 409, 395, 189, 766, 165]
i =  158 [800, 194, 612, 774, 584, 330, 46, 79, 976, 818, 339, 856, 153, 826, 539, 222, 223]
i =  159 [192, 37, 200, 75, 177, 857, 90, 28, 31]
i =  160 [832, 834, 251, 927, 869, 70, 392, 764, 956, 720, 531, 921, 889, 955, 988, 703, 965]
i =  161 [832, 112, 834, 251, 927, 965, 70, 392, 764, 877, 720, 531, 889, 921, 955, 988, 989, 703]
i =  162 [64, 128, 578, 900, 422, 40, 842, 875, 883, 768, 215, 666, 859, 286]
i =  163 [21, 155, 550, 903, 361, 906, 653, 432, 82, 660, 821, 470, 473, 891, 636, 522, 981]
i =  164 [737, 779, 165, 648, 905, 683, 909, 846, 717, 334, 310, 489, 472, 409, 395, 189, 766, 901]
i =  165 [155, 550, 361, 906, 653, 432, 82, 660, 821, 470, 917, 473, 891, 636, 522, 21]
i =  166 [611, 259, 516, 582, 462, 15, 400, 115, 951, 410, 667]
i =  167 [481, 706, 305, 139, 492, 749, 175, 337, 658, 279, 600, 354, 956, 158]
finish get all communities
complete deal_communities
commplete get_all_nature_community
----------------------------------The detection result is: 

all communities: 
i =  1 : [149, 272, 277, 437, 446, 502, 618, 767, 782, 817, 828, 885, 942, 946, 968]
i =  2 : [41, 267, 353, 365, 444, 512, 514, 525, 607, 627, 664, 682, 726, 776, 804, 806, 845]
i =  3 : [42, 92, 97, 127, 273, 317, 324, 608, 640, 676, 677, 679, 809, 837, 850, 854]
i =  4 : [80, 162, 169, 218, 250, 388, 429, 500, 542, 555, 708, 712, 735, 755, 839, 852, 886, 896, 943, 966, 978, 981, 989, 991]
i =  5 : [3, 11, 14, 178, 232, 282, 427, 439, 457, 467, 552, 620, 753, 799, 805, 871, 907, 939, 973, 998]
i =  6 : [30, 84, 124, 205, 285, 373, 379, 398, 426, 442, 458, 596, 702, 719, 812, 884, 898, 920, 937, 938, 964]
i =  7 : [19, 52, 147, 213, 296, 326, 369, 371, 428, 453, 483, 486, 564, 615, 638, 665, 681, 710, 790]
i =  8 : [74, 207, 328, 463, 534, 610, 614, 663, 670, 687, 691, 707, 754, 803, 807, 1000]
i =  9 : [91, 202, 217, 278, 306, 359, 433, 538, 543, 574, 730, 733, 801, 940]
i =  10 : [47, 61, 111, 434, 448, 616, 619, 672, 747, 841, 876, 974, 997]
i =  11 : [22, 33, 265, 294, 387, 476, 513, 545, 591, 595, 605, 899]
i =  12 : [48, 49, 123, 292, 308, 494, 519, 597, 705, 742, 758, 874]
i =  13 : [6, 7, 27, 141, 154, 171, 188, 208, 243, 248, 332, 897]
i =  14 : [12, 34, 112, 119, 203, 283, 321, 443, 471, 474, 490, 674, 696, 727, 728, 912, 916, 960]
i =  15 : [16, 201, 346, 380, 449, 454, 475, 477, 488, 503, 553, 573, 588, 743]
i =  16 : [24, 210, 230, 302, 342, 415, 464, 540, 562, 576, 651, 694, 836, 840, 866, 902, 933]
i =  17 : [26, 54, 85, 105, 157, 190, 225, 237, 262, 280, 498, 551]
i =  18 : [29, 73, 176, 247, 299, 496, 504, 556, 613, 624, 744]
i =  19 : [36, 184, 238, 382, 508, 560, 623, 647, 684, 765, 784, 892, 949, 950, 954]
i =  20 : [50, 59, 103, 117, 120, 146, 252, 276, 295, 320, 336]
i =  21 : [56, 60, 94, 99, 122, 303, 323, 325, 357, 547, 621, 645, 649]
i =  22 : [45, 62, 316, 319, 413, 501, 528, 566, 644, 709, 724, 750, 867]
i =  23 : [76, 134, 160, 181, 258, 378, 414, 438, 469, 637, 763, 893, 935, 948]
i =  24 : [51, 78, 81, 313, 331, 603, 671, 787, 831, 894, 908, 915]
i =  25 : [83, 231, 254, 347, 349, 372, 435, 450, 652, 662, 736, 739, 861, 865, 971, 990]
i =  26 : [102, 185, 186, 198, 206, 290, 350, 363, 366, 393, 520]
i =  27 : [132, 318, 544, 617, 642, 650, 716, 792, 822, 824, 843, 999]
i =  28 : [161, 187, 221, 249, 358, 381, 436, 493, 507, 532, 589, 641, 643]
i =  29 : [4, 29, 50, 55, 126, 129, 163, 193, 219, 220, 233, 557, 565, 625, 689, 690, 771, 789, 802, 983]
i =  30 : [9, 40, 64, 100, 116, 128, 167, 209, 214, 215, 274, 286, 344, 420, 422, 506, 578, 585, 632, 666, 675, 688, 768, 780, 842, 859, 875, 878, 900, 918, 952, 982, 987]
i =  31 : [87, 166, 191, 244, 281, 389, 391, 407, 567]
i =  32 : [36, 184, 238, 293, 382, 508, 544, 560, 617, 623, 647, 684, 765, 784, 892]
i =  33 : [72, 95, 114, 136, 147, 229, 240, 255, 266, 301, 322, 445, 456]
i =  34 : [20, 44, 72, 95, 98, 104, 109, 114, 136, 156, 183, 199, 229, 234, 240, 253, 255, 266, 289, 304, 322, 340, 374, 396, 404, 416, 423, 441, 445, 456, 558, 598, 655, 701, 762, 844, 879, 881, 923, 924, 926, 961, 996]
i =  35 : [1, 38, 43, 44, 63, 67, 104, 110, 144, 156, 183, 199, 239, 253, 269, 283, 284, 367, 396, 416, 423, 461, 762, 848]
i =  36 : [10, 89, 170, 211, 271, 307, 309, 360, 460, 478, 499, 554, 975]
i =  37 : [13, 23, 77, 150, 261, 374, 399, 495, 523, 577, 725, 731, 791, 814, 820, 835, 873, 925, 931, 962, 972]
i =  38 : [38, 140, 291, 335, 345, 406, 412, 424, 431, 465, 484, 509, 524, 533, 546, 569, 571, 581, 593, 635, 657, 659, 693, 704, 746, 757, 760, 781, 783, 851, 858, 868, 911, 914, 941]
i =  39 : [66, 69, 107, 288, 300, 487, 529, 535, 570, 628, 631, 700, 713, 741, 797, 819]
i =  40 : [32, 224, 338, 386, 549, 606, 622, 626, 711, 714, 798, 860, 887, 904, 930, 932, 934, 944, 958, 963, 986]
i =  41 : [39, 48, 49, 113, 123, 138, 159, 275, 292, 308, 356, 494, 510, 519, 568, 597, 633, 705, 734, 742, 758, 823, 825, 910, 969, 994]
i =  42 : [28, 31, 37, 51, 65, 75, 78, 90, 135, 173, 177, 192, 200, 313, 331, 364, 441, 482, 541, 602, 603, 671, 697, 715, 740, 769, 770, 787, 811, 831, 888, 894, 908, 915, 922, 928, 959, 961, 980, 995]
i =  43 : [54, 65, 135, 173, 364, 482, 541, 609, 697, 715, 740, 769, 770, 811, 922, 928, 959, 961, 980, 995, 997]
i =  44 : [35, 57, 68, 118, 368, 370, 402, 417, 447, 468, 673]
i =  45 : [121, 164, 195, 260, 287, 311, 385, 466, 526, 537, 575, 579, 698]
i =  46 : [5, 72, 95, 114, 131, 136, 229, 240, 255, 263, 266, 322, 327, 333, 418, 445, 456, 722, 981]
i =  47 : [46, 79, 153, 194, 222, 223, 330, 339, 539, 584, 612, 774, 800, 818, 826, 856, 976]
i =  48 : [28, 31, 37, 75, 90, 177, 192, 200, 857]
i =  49 : [15, 115, 259, 400, 410, 462, 516, 582, 611, 667, 872, 951]
i =  50 : [1, 88, 125, 137, 236, 242, 246, 314, 408, 970]
i =  51 : [17, 130, 180, 235, 298, 390, 405, 723, 829]
i =  52 : [71, 245, 270, 351, 384, 430, 480, 517, 521, 588, 634, 759, 775, 778, 785, 795, 830, 985]
i =  53 : [143, 174, 256, 264, 297, 362, 479, 583, 594, 646, 695, 721, 777, 810, 816, 847, 849]
i =  54 : [12, 20, 98, 109, 156, 234, 253, 289, 304, 340, 374, 404, 452, 558, 592, 598, 654, 655, 701, 762, 844, 879, 881, 923, 924, 926, 996]
i =  55 : [40, 64, 128, 215, 286, 422, 491, 578, 666, 768, 842, 859, 875, 883, 900]
i =  56 : [4, 44, 101, 104, 151, 183, 199, 204, 396, 416, 423, 497, 561, 669, 678, 685, 699, 718, 732, 773, 786, 882, 942, 956, 957, 983, 984]
i =  57 : [18, 93, 148, 227, 355, 394, 403, 425, 451, 459, 580, 639, 680, 729, 751, 794, 796, 808, 855, 862, 895, 945, 947, 977, 993]
i =  58 : [44, 104, 183, 199, 396, 416, 423, 587, 592]
i =  59 : [5, 131, 263, 327, 333, 418, 630, 661]
i =  60 : [70, 112, 251, 392, 531, 703, 720, 764, 832, 834, 869, 877, 889, 921, 927, 955, 956, 965, 988, 989]
i =  61 : [21, 82, 155, 361, 432, 470, 473, 522, 550, 636, 653, 660, 793, 821, 891, 903, 906, 917, 981]
i =  62 : [139, 158, 175, 279, 305, 337, 354, 481, 492, 600, 658, 706, 749, 756, 890, 956]
i =  63 : [53, 86, 93, 108, 145, 172, 212, 443, 485, 511, 518, 530, 761]
i =  64 : [2, 25, 133, 152, 179, 197, 216, 241, 257, 341, 375, 411, 419, 421, 455, 559, 586, 601, 815, 986]
i =  65 : [142, 196, 226, 315, 329, 352, 515, 572, 629, 656, 738, 745, 788, 863, 870, 913, 936]
i =  66 : [18, 58, 72, 96, 106, 168, 182, 268, 312, 376, 401, 505, 563, 599, 668, 686, 748, 833, 976]
i =  67 : [8, 38, 140, 377, 397, 412, 424, 431, 484, 509, 527, 571, 590, 593, 659, 704, 772, 868]
i =  68 : [228, 348, 440, 548, 604, 692, 752, 813, 827, 838, 848, 864, 880, 897, 929, 953, 967, 979]
i =  69 : [162, 165, 189, 310, 334, 343, 383, 395, 409, 472, 489, 536, 648, 683, 717, 737, 766, 779, 846, 853, 901, 905, 909, 919, 992]
overlapping nodes are:  [1, 4, 5, 12, 18, 20, 28, 29, 31, 36, 37, 38, 40, 44, 48, 49, 50, 51, 54, 64, 65, 72, 75, 78, 90, 93, 95, 98, 104, 109, 112, 114, 123, 128, 131, 135, 136, 140, 147, 156, 162, 173, 177, 183, 184, 192, 199, 200, 215, 229, 234, 238, 240, 253, 255, 263, 266, 283, 286, 289, 292, 304, 308, 313, 322, 327, 331, 333, 340, 364, 374, 382, 396, 404, 412, 416, 418, 422, 423, 424, 431, 441, 443, 445, 456, 482, 484, 494, 508, 509, 519, 541, 544, 558, 560, 571, 578, 588, 592, 593, 597, 598, 603, 617, 623, 647, 655, 659, 666, 671, 684, 697, 701, 704, 705, 715, 740, 742, 758, 762, 765, 768, 769, 770, 784, 787, 811, 831, 842, 844, 848, 859, 868, 875, 879, 881, 892, 894, 897, 900, 908, 915, 922, 923, 924, 926, 928, 942, 956, 959, 961, 976, 980, 981, 983, 986, 989, 995, 996, 997] 
 NOO is:  160
total time is:  106.728479862
