lens of ground_truth:  46
ground_truth is: [[38, 112, 186, 210, 262, 271, 335, 343, 351, 402, 538, 577, 585, 685, 699, 710, 711, 729, 739, 743, 799, 804, 805, 810, 822, 878, 894, 900, 928, 931, 938, 942, 956, 957, 963, 965, 969, 971, 978, 981, 982, 983, 984, 985, 987, 988, 998, 1000], [4, 23, 40, 44, 45, 58, 94, 157, 690, 972], [43, 50, 86, 194, 252, 264, 299, 330, 382, 398, 429, 448, 819, 962], [28, 124, 161, 178, 190, 249, 355, 427, 461, 483, 493, 535, 571, 611, 612, 625, 631, 633, 645], [3, 10, 25, 78, 91, 111, 130, 144, 166, 169, 294], [61, 75, 163, 193, 227, 279, 301, 307, 317, 319, 332, 371, 379, 477], [66, 141, 200, 229, 235, 327, 388, 407, 445, 460, 466, 491, 512, 519, 591, 650, 661, 664, 665, 692, 758, 768, 786, 791, 904], [22, 79, 103, 109, 117, 140, 224, 228, 336, 394, 401, 409, 451, 496, 622, 638, 667, 699, 774, 806, 825, 833, 874, 875, 877, 880, 904, 906, 910, 917, 918, 931, 935, 944, 945, 948, 951, 953, 975], [43, 98, 187, 188, 189, 256, 293, 314, 329, 390, 391, 428, 469, 552, 580, 593, 630, 645, 662, 683, 719, 729, 741, 933], [146, 266, 274, 325, 352, 356, 386, 397, 478, 495, 501, 511, 605, 670, 706, 708, 716, 720, 755, 817, 878, 976], [26, 149, 152, 215, 375, 432, 551, 562, 567, 595, 666, 702, 717, 734, 742, 769, 800, 812, 814, 827, 830, 839, 843, 876, 881, 883, 887, 891, 916, 929, 930, 932, 934, 937, 946, 952, 966, 979, 999], [92, 241, 284, 408, 441, 453, 465, 476, 481, 504, 563, 598, 619, 669, 702, 773, 775, 783, 801, 821, 848, 849, 857, 861, 862, 866, 870, 890, 893, 976, 980, 995], [20, 71, 90, 104, 174, 175, 316, 433, 435, 515, 517, 522, 532, 579, 624, 689, 723, 731, 774, 780, 793, 815, 831, 870, 944, 989, 995], [52, 87, 95, 101, 122, 159, 203, 258, 372, 380, 396, 442, 570, 597, 603, 657, 696, 727, 989], [59, 63, 121, 176, 248, 323, 328, 437, 455, 484, 506, 569, 588, 629, 850, 923, 986, 997], [8, 26, 41, 286, 287, 357, 359, 381, 392, 395, 403, 412, 462, 507, 527, 564, 990], [39, 67, 211, 340, 459, 488, 523, 526, 537, 548, 559, 574, 596, 608, 647, 648, 663, 678, 687, 733], [125, 145, 263, 270, 321, 363, 369, 418, 424, 472, 520, 576, 592, 616, 626, 637, 639, 644, 697, 718, 744, 749, 759, 782, 828, 842, 847, 975], [9, 24, 35, 82, 138, 156, 162, 184, 216, 242, 267, 365, 370, 374, 464, 470, 494, 606, 819], [57, 72, 107, 112, 182, 201, 265, 387, 405, 419, 421, 482, 521, 540, 542, 554, 674, 683, 684, 707, 764, 792, 795, 808, 820, 823, 844, 994], [120, 133, 137, 148, 183, 212, 213, 289, 309, 313, 411, 850, 941, 949, 981, 992], [12, 21, 99, 116, 149, 167, 232, 399, 417, 443, 546, 584, 587, 614, 627, 635, 671, 673, 680, 695, 698, 712, 762, 796, 798, 854, 880, 889, 895, 909, 914, 925, 926, 927, 939, 958, 964, 979, 996], [29, 53, 231, 254, 303, 348, 358, 368, 389, 417, 454, 490, 561, 607, 693, 728, 740, 746, 752, 761, 781, 785, 794, 811, 832, 837, 897, 962, 973, 980, 990, 993], [27, 34, 102, 105, 127, 147, 154, 155, 177, 191, 376], [36, 46, 54, 114, 170, 199, 239, 297, 315, 385, 452, 474, 499, 652, 696, 839, 929], [5, 19, 85, 302, 344, 354, 364, 443, 510, 514, 534, 541, 544, 545, 553, 594, 610, 653, 672, 737, 777, 803, 816, 829, 834, 840, 865, 869, 902, 907, 911, 913, 921, 922, 924, 936, 943, 954, 967, 974, 999], [15, 68, 70, 118, 196, 243, 259, 278, 334, 346, 439, 459, 466], [76, 89, 108, 131, 153, 173, 223, 268, 276, 338, 373, 400, 404, 495, 508, 525, 621, 623, 658, 765, 766, 776, 784, 790, 802, 815, 838, 846, 851, 867, 879, 892, 966, 972], [6, 42, 51, 110, 128, 202, 219, 225, 296, 360, 420, 513, 516, 556, 602, 659, 701, 726, 733, 760, 789, 792, 813, 899, 1000], [37, 55, 92, 206, 222, 237, 290, 298, 312, 377, 410, 438, 530, 550, 676, 899], [16, 67, 195, 272, 291, 300, 311, 337, 362, 364, 406, 482, 509, 536, 547, 690, 711, 736, 738, 753, 771, 828, 829, 862, 863, 868, 872, 885, 888, 901, 908, 919, 928, 940, 947, 950, 959, 960, 961, 970, 977, 997], [171, 218, 250, 274, 281, 308, 423, 463, 489, 500, 502, 589, 632, 677, 688, 694, 741, 772, 824, 841, 852, 859, 873, 884, 886, 894, 921, 941, 955, 968, 991, 994, 996], [96, 230, 233, 245, 251, 295, 339, 415, 425, 434, 440, 531, 533, 590, 609, 646, 651, 676, 681, 908], [13, 56, 62, 81, 100, 117, 230, 236, 240, 257, 275, 349, 414], [32, 60, 74, 80, 93, 106, 126, 172, 221, 226, 288, 305, 306, 341, 342, 393, 424, 458, 600, 613, 705, 713, 783, 920], [7, 30, 48, 69, 99, 134, 181, 217, 280, 367, 384, 456, 473, 475, 486, 492, 566, 586, 642, 730, 778, 788, 790, 809, 818, 853, 856, 896, 898, 905, 912, 915, 973, 992], [18, 33, 47, 165, 179, 255, 353, 378, 426, 497, 573, 578, 628, 640, 654, 687, 727, 831, 933], [14, 73, 83, 115, 119, 123, 129, 143, 185, 283, 320, 697], [17, 48, 113, 150, 151, 208, 214, 376, 416, 444, 467, 472, 480, 539, 581, 601, 604, 649, 675, 686, 745, 748, 750, 751, 770, 822, 826, 860, 864, 871, 903, 984], [11, 97, 164, 192, 260, 269, 310, 361, 423, 431, 447, 549, 557, 582, 615, 655, 668, 709, 725, 747, 757, 767, 779, 807, 835, 836, 845, 858, 882, 993], [64, 65, 132, 139, 142, 197, 209, 246, 247, 253, 292, 304], [1, 31, 158, 168, 198, 211, 234, 366, 457, 468, 485, 555, 560, 565, 583, 620, 641, 691, 724, 732, 735, 763, 927], [244, 273, 322, 358, 383, 413, 422, 430, 471, 479, 503, 572, 575, 656, 660, 679, 682, 700, 714, 722, 756, 855], [88, 136, 204, 207, 220, 238, 282, 318, 333, 350, 477, 498, 524, 562, 599, 617, 618, 652, 703, 715, 787, 817, 923, 955, 968, 986, 991], [2, 49, 135, 180, 277, 324, 345, 347, 446, 449, 487, 505, 528, 551, 558, 855], [77, 84, 160, 205, 261, 285, 326, 331, 436, 450, 518, 529, 543, 568, 634, 636, 643, 704, 721, 754, 797, 920, 932, 949]]
nodes and edges_____________: 1000 ,  9622
read network over________________________
nodes: [294, 376, 414, 477, 509, 551, 625, 676, 678, 702, 704, 723, 744, 760, 768, 786, 819, 839, 851, 855, 882, 891, 905, 910, 920, 927, 928, 933, 972, 974, 975, 979, 981, 984, 990, 994, 995, 996, 997, 1000] num of nodes:  40
[[3, 130, 166, 294, 169, 144, 25, 10], [127, 177, 376, 154, 147, 155, 191], [13, 257, 236, 240, 81, 275, 349, 414, 56], [163, 227, 477, 307, 317], [509, 960, 970, 940, 977, 947, 885, 950, 959, 901, 888, 919, 736], [551, 930, 934, 937, 952, 876, 946, 883, 916], [178, 611, 483, 461, 625, 633, 571, 612, 427], [290, 899, 676, 550, 312, 377, 298, 530, 410], [488, 608, 548, 678, 647, 648, 526, 559, 537, 574, 663, 523], [669, 801, 866, 893, 849, 821, 890, 861, 702, 980], [326, 704, 754, 797, 636, 932, 634, 436], [522, 780, 689, 532, 731, 989, 944, 793, 723], [639, 644, 842, 847, 744, 718, 697, 782, 759], [128, 516, 813, 789, 513, 726, 760, 556], [388, 692, 661, 791, 650, 460, 665, 758, 591, 768], [388, 692, 661, 791, 650, 460, 665, 758, 591, 786], [194, 448, 962, 264, 330, 819, 299, 429, 398, 382], [800, 934, 946, 952, 839, 937, 876, 881, 883, 843, 827], [338, 846, 879, 851, 892, 766, 784, 658, 867], [413, 656, 722, 756, 660, 714, 682, 700, 855, 575], [615, 836, 709, 747, 779, 845, 882, 757, 858, 993, 725, 668, 835], [769, 800, 930, 934, 937, 881, 946, 916, 952, 843, 891, 876, 883, 814, 812, 887], [642, 896, 992, 898, 778, 912, 818, 915, 788, 853, 856, 905, 809], [638, 875, 806, 935, 953, 877, 945, 948, 917, 951, 906, 825, 667, 944, 910, 918], [160, 797, 643, 920, 636, 754, 634, 436], [587, 964, 926, 895, 939, 914, 854, 958, 925, 927, 796, 798], [738, 960, 961, 868, 863, 901, 977, 872, 940, 970, 885, 950, 919, 959, 928, 753, 947], [179, 640, 933, 654, 628, 573, 353, 426, 831], [4, 40, 972, 690, 23, 58, 94, 157, 44], [737, 803, 902, 967, 840, 936, 777, 907, 974, 943, 922, 954, 924, 834, 816, 865], [638, 875, 806, 935, 953, 877, 945, 948, 917, 951, 906, 825, 667, 944, 975], [769, 800, 930, 934, 937, 881, 946, 916, 952, 843, 979, 887, 812, 883, 814], [998, 988, 982, 983, 956, 965, 985, 739, 969, 938, 971, 942, 987, 963, 981], [998, 988, 982, 983, 956, 965, 985, 957, 971, 987, 978, 963, 969, 938, 799, 984, 805, 810], [693, 897, 740, 785, 993, 781, 794, 761, 990, 962], [419, 808, 844, 674, 820, 792, 764, 994, 795, 554], [619, 893, 866, 821, 890, 848, 801, 773, 849, 995, 861, 976], [671, 964, 926, 939, 914, 958, 854, 889, 925, 895, 909, 996, 762, 712], [736, 960, 961, 901, 997, 753, 872, 970, 940, 977, 947, 885, 950, 919, 888, 959, 863, 738], [998, 988, 982, 983, 956, 965, 985, 957, 971, 987, 978, 963, 969, 938, 804, 942, 1000, 685]]
len of cliques:  40
downsides after: [[998, 988, 982, 983, 956, 965, 985, 957, 971, 987, 978, 963, 969, 938, 799, 984, 805, 810], [736, 960, 961, 901, 997, 753, 872, 970, 940, 977, 947, 885, 950, 919, 888, 959, 863, 738], [998, 988, 982, 983, 956, 965, 985, 957, 971, 987, 978, 963, 969, 938, 804, 942, 1000, 685], [738, 960, 961, 868, 863, 901, 977, 872, 940, 970, 885, 950, 919, 959, 928, 753, 947], [769, 800, 930, 934, 937, 881, 946, 916, 952, 843, 891, 876, 883, 814, 812, 887], [638, 875, 806, 935, 953, 877, 945, 948, 917, 951, 906, 825, 667, 944, 910, 918], [737, 803, 902, 967, 840, 936, 777, 907, 974, 943, 922, 954, 924, 834, 816, 865], [638, 875, 806, 935, 953, 877, 945, 948, 917, 951, 906, 825, 667, 944, 975], [769, 800, 930, 934, 937, 881, 946, 916, 952, 843, 979, 887, 812, 883, 814], [998, 988, 982, 983, 956, 965, 985, 739, 969, 938, 971, 942, 987, 963, 981], [671, 964, 926, 939, 914, 958, 854, 889, 925, 895, 909, 996, 762, 712], [509, 960, 970, 940, 977, 947, 885, 950, 959, 901, 888, 919, 736], [615, 836, 709, 747, 779, 845, 882, 757, 858, 993, 725, 668, 835], [642, 896, 992, 898, 778, 912, 818, 915, 788, 853, 856, 905, 809], [488, 608, 548, 678, 647, 648, 526, 559, 537, 574, 663, 523], [587, 964, 926, 895, 939, 914, 854, 958, 925, 927, 796, 798], [619, 893, 866, 821, 890, 848, 801, 773, 849, 995, 861, 976], [800, 934, 946, 952, 839, 937, 876, 881, 883, 843, 827], [669, 801, 866, 893, 849, 821, 890, 861, 702, 980], [388, 692, 661, 791, 650, 460, 665, 758, 591, 768], [388, 692, 661, 791, 650, 460, 665, 758, 591, 786], [194, 448, 962, 264, 330, 819, 299, 429, 398, 382], [413, 656, 722, 756, 660, 714, 682, 700, 855, 575], [693, 897, 740, 785, 993, 781, 794, 761, 990, 962], [419, 808, 844, 674, 820, 792, 764, 994, 795, 554], [13, 257, 236, 240, 81, 275, 349, 414, 56], [551, 930, 934, 937, 952, 876, 946, 883, 916], [178, 611, 483, 461, 625, 633, 571, 612, 427], [290, 899, 676, 550, 312, 377, 298, 530, 410], [522, 780, 689, 532, 731, 989, 944, 793, 723], [639, 644, 842, 847, 744, 718, 697, 782, 759], [338, 846, 879, 851, 892, 766, 784, 658, 867], [179, 640, 933, 654, 628, 573, 353, 426, 831], [4, 40, 972, 690, 23, 58, 94, 157, 44], [3, 130, 166, 294, 169, 144, 25, 10], [326, 704, 754, 797, 636, 932, 634, 436], [128, 516, 813, 789, 513, 726, 760, 556], [160, 797, 643, 920, 636, 754, 634, 436], [127, 177, 376, 154, 147, 155, 191], [163, 227, 477, 307, 317]]
number of downsided seeds: 40
[[998, 988, 982, 983, 956, 965, 985, 957, 971, 987, 978, 963, 969, 938, 799, 984, 805, 810], [736, 960, 961, 901, 997, 753, 872, 970, 940, 977, 947, 885, 950, 919, 888, 959, 863, 738], [998, 988, 982, 983, 956, 965, 985, 957, 971, 987, 978, 963, 969, 938, 804, 942, 1000, 685], [738, 960, 961, 868, 863, 901, 977, 872, 940, 970, 885, 950, 919, 959, 928, 753, 947], [769, 800, 930, 934, 937, 881, 946, 916, 952, 843, 891, 876, 883, 814, 812, 887], [638, 875, 806, 935, 953, 877, 945, 948, 917, 951, 906, 825, 667, 944, 910, 918], [737, 803, 902, 967, 840, 936, 777, 907, 974, 943, 922, 954, 924, 834, 816, 865], [638, 875, 806, 935, 953, 877, 945, 948, 917, 951, 906, 825, 667, 944, 975], [769, 800, 930, 934, 937, 881, 946, 916, 952, 843, 979, 887, 812, 883, 814], [998, 988, 982, 983, 956, 965, 985, 739, 969, 938, 971, 942, 987, 963, 981], [671, 964, 926, 939, 914, 958, 854, 889, 925, 895, 909, 996, 762, 712], [509, 960, 970, 940, 977, 947, 885, 950, 959, 901, 888, 919, 736], [615, 836, 709, 747, 779, 845, 882, 757, 858, 993, 725, 668, 835], [642, 896, 992, 898, 778, 912, 818, 915, 788, 853, 856, 905, 809], [488, 608, 548, 678, 647, 648, 526, 559, 537, 574, 663, 523], [587, 964, 926, 895, 939, 914, 854, 958, 925, 927, 796, 798], [619, 893, 866, 821, 890, 848, 801, 773, 849, 995, 861, 976], [800, 934, 946, 952, 839, 937, 876, 881, 883, 843, 827], [669, 801, 866, 893, 849, 821, 890, 861, 702, 980], [388, 692, 661, 791, 650, 460, 665, 758, 591, 768], [388, 692, 661, 791, 650, 460, 665, 758, 591, 786], [194, 448, 962, 264, 330, 819, 299, 429, 398, 382], [413, 656, 722, 756, 660, 714, 682, 700, 855, 575], [693, 897, 740, 785, 993, 781, 794, 761, 990, 962], [419, 808, 844, 674, 820, 792, 764, 994, 795, 554], [13, 257, 236, 240, 81, 275, 349, 414, 56], [551, 930, 934, 937, 952, 876, 946, 883, 916], [178, 611, 483, 461, 625, 633, 571, 612, 427], [290, 899, 676, 550, 312, 377, 298, 530, 410], [522, 780, 689, 532, 731, 989, 944, 793, 723], [639, 644, 842, 847, 744, 718, 697, 782, 759], [338, 846, 879, 851, 892, 766, 784, 658, 867], [179, 640, 933, 654, 628, 573, 353, 426, 831], [4, 40, 972, 690, 23, 58, 94, 157, 44], [3, 130, 166, 294, 169, 144, 25, 10], [326, 704, 754, 797, 636, 932, 634, 436], [128, 516, 813, 789, 513, 726, 760, 556], [160, 797, 643, 920, 636, 754, 634, 436], [127, 177, 376, 154, 147, 155, 191], [163, 227, 477, 307, 317]]
after sorted:  [[998, 988, 982, 983, 956, 965, 985, 957, 971, 987, 978, 963, 969, 938, 799, 984, 805, 810], [736, 960, 961, 901, 997, 753, 872, 970, 940, 977, 947, 885, 950, 919, 888, 959, 863, 738], [998, 988, 982, 983, 956, 965, 985, 957, 971, 987, 978, 963, 969, 938, 804, 942, 1000, 685], [738, 960, 961, 868, 863, 901, 977, 872, 940, 970, 885, 950, 919, 959, 928, 753, 947], [769, 800, 930, 934, 937, 881, 946, 916, 952, 843, 891, 876, 883, 814, 812, 887], [638, 875, 806, 935, 953, 877, 945, 948, 917, 951, 906, 825, 667, 944, 910, 918], [737, 803, 902, 967, 840, 936, 777, 907, 974, 943, 922, 954, 924, 834, 816, 865], [638, 875, 806, 935, 953, 877, 945, 948, 917, 951, 906, 825, 667, 944, 975], [769, 800, 930, 934, 937, 881, 946, 916, 952, 843, 979, 887, 812, 883, 814], [998, 988, 982, 983, 956, 965, 985, 739, 969, 938, 971, 942, 987, 963, 981], [671, 964, 926, 939, 914, 958, 854, 889, 925, 895, 909, 996, 762, 712], [509, 960, 970, 940, 977, 947, 885, 950, 959, 901, 888, 919, 736], [615, 836, 709, 747, 779, 845, 882, 757, 858, 993, 725, 668, 835], [642, 896, 992, 898, 778, 912, 818, 915, 788, 853, 856, 905, 809], [488, 608, 548, 678, 647, 648, 526, 559, 537, 574, 663, 523], [587, 964, 926, 895, 939, 914, 854, 958, 925, 927, 796, 798], [619, 893, 866, 821, 890, 848, 801, 773, 849, 995, 861, 976], [800, 934, 946, 952, 839, 937, 876, 881, 883, 843, 827], [669, 801, 866, 893, 849, 821, 890, 861, 702, 980], [388, 692, 661, 791, 650, 460, 665, 758, 591, 768], [388, 692, 661, 791, 650, 460, 665, 758, 591, 786], [194, 448, 962, 264, 330, 819, 299, 429, 398, 382], [413, 656, 722, 756, 660, 714, 682, 700, 855, 575], [693, 897, 740, 785, 993, 781, 794, 761, 990, 962], [419, 808, 844, 674, 820, 792, 764, 994, 795, 554], [13, 257, 236, 240, 81, 275, 349, 414, 56], [551, 930, 934, 937, 952, 876, 946, 883, 916], [178, 611, 483, 461, 625, 633, 571, 612, 427], [290, 899, 676, 550, 312, 377, 298, 530, 410], [522, 780, 689, 532, 731, 989, 944, 793, 723], [639, 644, 842, 847, 744, 718, 697, 782, 759], [338, 846, 879, 851, 892, 766, 784, 658, 867], [179, 640, 933, 654, 628, 573, 353, 426, 831], [4, 40, 972, 690, 23, 58, 94, 157, 44], [3, 130, 166, 294, 169, 144, 25, 10], [326, 704, 754, 797, 636, 932, 634, 436], [128, 516, 813, 789, 513, 726, 760, 556], [160, 797, 643, 920, 636, 754, 634, 436], [127, 177, 376, 154, 147, 155, 191], [163, 227, 477, 307, 317]]
before num:  40
befor deal_cliques:  37
after deal_cliques:  36
length of seeds:  36
seeds:  [set([963, 965, 969, 971, 978, 982, 983, 984, 985, 987, 988, 799, 805, 998, 938, 810, 956, 957]), set([960, 961, 901, 970, 977, 919, 863, 736, 738, 997, 872, 940, 753, 947, 885, 950, 888, 959]), set([963, 965, 969, 971, 978, 982, 983, 985, 987, 988, 804, 998, 1000, 938, 685, 942, 956, 957]), set([960, 961, 901, 970, 977, 919, 863, 928, 738, 868, 872, 940, 753, 947, 885, 950, 959]), set([769, 876, 843, 916, 800, 930, 934, 937, 812, 814, 881, 946, 883, 887, 952, 891]), set([906, 910, 917, 918, 953, 667, 806, 935, 875, 877, 944, 945, 948, 951, 825, 638]), set([834, 902, 967, 840, 777, 907, 974, 922, 924, 737, 803, 936, 943, 816, 954, 865]), set([806, 935, 906, 875, 877, 975, 944, 945, 948, 917, 953, 951, 825, 667, 638]), set([800, 769, 930, 934, 937, 843, 812, 814, 881, 946, 979, 916, 887, 952, 883]), set([964, 712, 939, 909, 914, 958, 854, 889, 996, 762, 671, 925, 926, 895]), set([993, 779, 836, 709, 615, 747, 845, 882, 835, 757, 858, 668, 725]), set([896, 992, 642, 905, 778, 898, 912, 818, 915, 788, 853, 809, 856]), set([608, 548, 678, 647, 488, 523, 526, 559, 648, 663, 537, 574]), set([587, 964, 926, 939, 914, 958, 854, 895, 796, 925, 798, 927]), set([848, 801, 866, 995, 773, 619, 893, 976, 849, 821, 890, 861]), set([800, 934, 839, 937, 843, 876, 881, 946, 883, 952, 827]), set([768, 388, 650, 460, 591, 786, 692, 661, 758, 791, 665]), set([669, 801, 866, 893, 849, 980, 821, 890, 861, 702]), set([448, 194, 264, 330, 299, 962, 398, 429, 819, 382]), set([682, 413, 656, 722, 660, 855, 756, 700, 714, 575]), set([897, 962, 740, 993, 781, 785, 693, 761, 794, 990]), set([674, 419, 808, 554, 844, 994, 820, 792, 795, 764]), set([257, 236, 13, 240, 81, 275, 56, 349, 414]), set([611, 612, 427, 461, 625, 178, 483, 633, 571]), set([290, 899, 676, 550, 298, 530, 312, 377, 410]), set([522, 780, 944, 689, 723, 532, 793, 731, 989]), set([644, 744, 842, 718, 847, 782, 759, 697, 639]), set([867, 338, 846, 879, 784, 658, 851, 892, 766]), set([640, 353, 933, 426, 654, 179, 628, 573, 831]), set([4, 40, 972, 44, 690, 23, 58, 157, 94]), set([130, 3, 294, 166, 169, 10, 144, 25]), set([704, 932, 326, 754, 436, 634, 636, 797]), set([128, 513, 516, 556, 813, 789, 726, 760]), set([160, 643, 754, 436, 920, 634, 636, 797]), set([177, 147, 376, 127, 154, 155, 191]), set([163, 307, 227, 317, 477])]
seeds_fitness [0.28598130841121494, 0.3554006968641115, 0.28073394495412846, 0.3076923076923077, 0.3669724770642202, 0.31537450722733246, 0.35398230088495575, 0.2394526795895097, 0.25240384615384615, 0.23915900131406045, 0.27177700348432055, 0.2805755395683453, 0.584070796460177, 0.20276497695852536, 0.17623497997329773, 0.18092105263157895, 0.3985239852398524, 0.14516129032258066, 0.26785714285714285, 0.2777777777777778, 0.12048192771084337, 0.17013232514177692, 0.6666666666666666, 0.4067796610169492, 0.259927797833935, 0.1256544502617801, 0.21301775147928995, 0.20055710306406685, 0.2033898305084746, 0.23841059602649006, 0.6292134831460674, 0.14213197969543148, 0.24888888888888888, 0.1691842900302115, 0.42, 0.17543859649122806]
after sort list of tuple: [(22, 0.6666666666666666), (30, 0.6292134831460674), (12, 0.584070796460177), (34, 0.42), (23, 0.4067796610169492), (16, 0.3985239852398524), (4, 0.3669724770642202), (1, 0.3554006968641115), (6, 0.35398230088495575), (5, 0.31537450722733246), (3, 0.3076923076923077), (0, 0.28598130841121494), (2, 0.28073394495412846), (11, 0.2805755395683453), (19, 0.2777777777777778), (10, 0.27177700348432055), (18, 0.26785714285714285), (24, 0.259927797833935), (8, 0.25240384615384615), (32, 0.24888888888888888), (7, 0.2394526795895097), (9, 0.23915900131406045), (29, 0.23841059602649006), (26, 0.21301775147928995), (28, 0.2033898305084746), (13, 0.20276497695852536), (27, 0.20055710306406685), (15, 0.18092105263157895), (14, 0.17623497997329773), (35, 0.17543859649122806), (21, 0.17013232514177692), (33, 0.1691842900302115), (17, 0.14516129032258066), (31, 0.14213197969543148), (25, 0.1256544502617801), (20, 0.12048192771084337)]
seeds_sorted [set([257, 236, 13, 240, 81, 275, 56, 349, 414]), set([130, 3, 294, 166, 169, 10, 144, 25]), set([608, 548, 678, 647, 488, 523, 526, 559, 648, 663, 537, 574]), set([177, 147, 376, 127, 154, 155, 191]), set([611, 612, 427, 461, 625, 178, 483, 633, 571]), set([768, 388, 650, 460, 591, 786, 692, 661, 758, 791, 665]), set([769, 876, 843, 916, 800, 930, 934, 937, 812, 814, 881, 946, 883, 887, 952, 891]), set([960, 961, 901, 970, 977, 919, 863, 736, 738, 997, 872, 940, 753, 947, 885, 950, 888, 959]), set([834, 902, 967, 840, 777, 907, 974, 922, 924, 737, 803, 936, 943, 816, 954, 865]), set([906, 910, 917, 918, 953, 667, 806, 935, 875, 877, 944, 945, 948, 951, 825, 638]), set([960, 961, 901, 970, 977, 919, 863, 928, 738, 868, 872, 940, 753, 947, 885, 950, 959]), set([963, 965, 969, 971, 978, 982, 983, 984, 985, 987, 988, 799, 805, 998, 938, 810, 956, 957]), set([963, 965, 969, 971, 978, 982, 983, 985, 987, 988, 804, 998, 1000, 938, 685, 942, 956, 957]), set([896, 992, 642, 905, 778, 898, 912, 818, 915, 788, 853, 809, 856]), set([682, 413, 656, 722, 660, 855, 756, 700, 714, 575]), set([993, 779, 836, 709, 615, 747, 845, 882, 835, 757, 858, 668, 725]), set([448, 194, 264, 330, 299, 962, 398, 429, 819, 382]), set([290, 899, 676, 550, 298, 530, 312, 377, 410]), set([800, 769, 930, 934, 937, 843, 812, 814, 881, 946, 979, 916, 887, 952, 883]), set([128, 513, 516, 556, 813, 789, 726, 760]), set([806, 935, 906, 875, 877, 975, 944, 945, 948, 917, 953, 951, 825, 667, 638]), set([964, 712, 939, 909, 914, 958, 854, 889, 996, 762, 671, 925, 926, 895]), set([4, 40, 972, 44, 690, 23, 58, 157, 94]), set([644, 744, 842, 718, 847, 782, 759, 697, 639]), set([640, 353, 933, 426, 654, 179, 628, 573, 831]), set([587, 964, 926, 939, 914, 958, 854, 895, 796, 925, 798, 927]), set([867, 338, 846, 879, 784, 658, 851, 892, 766]), set([800, 934, 839, 937, 843, 876, 881, 946, 883, 952, 827]), set([848, 801, 866, 995, 773, 619, 893, 976, 849, 821, 890, 861]), set([163, 307, 227, 317, 477]), set([674, 419, 808, 554, 844, 994, 820, 792, 795, 764]), set([160, 643, 754, 436, 920, 634, 636, 797]), set([669, 801, 866, 893, 849, 980, 821, 890, 861, 702]), set([704, 932, 326, 754, 436, 634, 636, 797]), set([522, 780, 944, 689, 723, 532, 793, 731, 989]), set([897, 962, 740, 993, 781, 785, 693, 761, 794, 990])]
args__________ ([set([257, 236, 13, 240, 81, 275, 56, 349, 414]), set([897, 962, 740, 993, 781, 785, 693, 761, 794, 990])],)
args__________ ([set([130, 3, 294, 166, 169, 10, 144, 25]), set([522, 780, 944, 689, 723, 532, 793, 731, 989])],)
args__________ ([set([608, 548, 678, 647, 488, 523, 526, 559, 648, 663, 537, 574]), set([704, 932, 326, 754, 436, 634, 636, 797])],)
args__________ ([set([177, 147, 376, 127, 154, 155, 191]), set([669, 801, 866, 893, 849, 980, 821, 890, 861, 702])],)
args__________ ([set([611, 612, 427, 461, 625, 178, 483, 633, 571])],)
args__________ ([set([768, 388, 650, 460, 591, 786, 692, 661, 758, 791, 665])],)
args__________ ([set([769, 876, 843, 916, 800, 930, 934, 937, 812, 814, 881, 946, 883, 887, 952, 891])],)
args__________ ([set([960, 961, 901, 970, 977, 919, 863, 736, 738, 997, 872, 940, 753, 947, 885, 950, 888, 959])],)
args__________ ([set([834, 902, 967, 840, 777, 907, 974, 922, 924, 737, 803, 936, 943, 816, 954, 865])],)
args__________ ([set([906, 910, 917, 918, 953, 667, 806, 935, 875, 877, 944, 945, 948, 951, 825, 638])],)
args__________ ([set([960, 961, 901, 970, 977, 919, 863, 928, 738, 868, 872, 940, 753, 947, 885, 950, 959])],)
args__________ ([set([963, 965, 969, 971, 978, 982, 983, 984, 985, 987, 988, 799, 805, 998, 938, 810, 956, 957])],)
args__________ ([set([963, 965, 969, 971, 978, 982, 983, 985, 987, 988, 804, 998, 1000, 938, 685, 942, 956, 957])],)
args__________ ([set([896, 992, 642, 905, 778, 898, 912, 818, 915, 788, 853, 809, 856])],)
args__________ ([set([682, 413, 656, 722, 660, 855, 756, 700, 714, 575])],)
args__________ ([set([993, 779, 836, 709, 615, 747, 845, 882, 835, 757, 858, 668, 725])],)
args__________ ([set([448, 194, 264, 330, 299, 962, 398, 429, 819, 382])],)
args__________ ([set([290, 899, 676, 550, 298, 530, 312, 377, 410])],)
args__________ ([set([800, 769, 930, 934, 937, 843, 812, 814, 881, 946, 979, 916, 887, 952, 883])],)
args__________ ([set([128, 513, 516, 556, 813, 789, 726, 760])],)
args__________ ([set([806, 935, 906, 875, 877, 975, 944, 945, 948, 917, 953, 951, 825, 667, 638])],)
args__________ ([set([964, 712, 939, 909, 914, 958, 854, 889, 996, 762, 671, 925, 926, 895])],)
args__________ ([set([4, 40, 972, 44, 690, 23, 58, 157, 94])],)
args__________ ([set([644, 744, 842, 718, 847, 782, 759, 697, 639])],)
args__________ ([set([640, 353, 933, 426, 654, 179, 628, 573, 831])],)
args__________ ([set([587, 964, 926, 939, 914, 958, 854, 895, 796, 925, 798, 927])],)
args__________ ([set([867, 338, 846, 879, 784, 658, 851, 892, 766])],)
args__________ ([set([800, 934, 839, 937, 843, 876, 881, 946, 883, 952, 827])],)
args__________ ([set([848, 801, 866, 995, 773, 619, 893, 976, 849, 821, 890, 861])],)
args__________ ([set([163, 307, 227, 317, 477])],)
args__________ ([set([674, 419, 808, 554, 844, 994, 820, 792, 795, 764])],)
args__________ ([set([160, 643, 754, 436, 920, 634, 636, 797])],)
finish process___________________
left nodes numner:_______ 264
sorted nodes by betweenness [1, 9, 14, 15, 17, 24, 26, 31, 32, 35, 36, 46, 48, 54, 60, 64, 65, 68, 70, 73, 74, 80, 82, 83, 88, 93, 96, 98, 99, 106, 113, 114, 115, 117, 118, 119, 123, 126, 129, 132, 136, 138, 139, 142, 143, 150, 151, 156, 158, 162, 168, 170, 171, 172, 184, 185, 187, 188, 196, 197, 198, 199, 204, 207, 208, 209, 211, 214, 216, 218, 220, 221, 226, 230, 233, 234, 238, 239, 242, 243, 245, 246, 247, 250, 251, 253, 256, 259, 267, 274, 278, 281, 282, 283, 288, 292, 293, 295, 297, 304, 305, 306, 308, 314, 315, 318, 320, 329, 333, 334, 339, 341, 342, 346, 350, 365, 366, 370, 374, 385, 390, 391, 393, 415, 416, 423, 424, 425, 428, 434, 439, 440, 443, 444, 452, 457, 458, 459, 463, 464, 466, 467, 468, 469, 470, 472, 474, 480, 482, 485, 489, 494, 495, 498, 499, 500, 502, 524, 531, 533, 539, 551, 552, 555, 560, 562, 565, 580, 581, 583, 589, 590, 593, 599, 600, 601, 604, 606, 609, 613, 617, 618, 620, 630, 632, 641, 645, 646, 649, 651, 652, 662, 675, 677, 681, 683, 686, 687, 688, 691, 694, 696, 699, 703, 705, 711, 713, 715, 719, 724, 727, 729, 732, 733, 735, 741, 745, 748, 750, 751, 763, 770, 772, 783, 787, 790, 815, 817, 822, 824, 826, 828, 829, 841, 850, 852, 859, 860, 862, 864, 871, 873, 878, 880, 884, 886, 894, 903, 904, 908, 921, 923, 929, 931, 941, 949, 955, 966, 968, 973, 981, 986, 991, 999]
args__________ ([[1, 620, 468, 724, 565, 732, 763, 735, 555]],)
args__________ ([[9, 606, 494, 267, 184]],)
args__________ ([[14, 185, 283, 320, 697, 83, 143]],)
args__________ ([[15, 278, 243, 439, 346, 68, 118, 259]],)
args__________ ([[17, 770, 903, 871, 751, 826, 860, 864, 984]],)
args__________ ([[24, 370, 470, 156, 494, 606]],)
args__________ ([[26, 937, 952, 946, 883, 887]],)
args__________ ([[31, 583, 927, 691, 763, 735, 168, 457, 732]],)
args__________ ([[32, 713, 920, 288, 600]],)
args__________ ([[35, 464, 606, 184, 370]],)
args__________ ([[36, 929, 297, 499, 239, 474, 199]],)
args__________ ([[46, 929, 385, 652, 315, 499]],)
args__________ ([[48, 896, 912, 905, 915, 853]],)
args__________ ([[54, 929, 452, 499, 170, 114]],)
args__________ ([[60, 705, 458, 920]],)
args__________ ([[64, 197, 139, 292, 304, 253, 246, 247, 132]],)
args__________ ([[65, 197, 304, 292, 209, 253, 246, 247, 132]],)
args__________ ([[15, 278, 243, 439, 346, 68, 118, 259]],)
args__________ ([[68, 118, 70, 243, 346, 278, 439, 259]],)
args__________ ([[14, 185, 283, 320, 697, 73]],)
args__________ ([[74, 705, 713, 600, 920, 341]],)
args__________ ([[80, 705, 458, 713, 920, 783]],)
args__________ ([[82, 606, 267, 365, 138]],)
args__________ ([[14, 185, 283, 320, 697, 83, 143]],)
args__________ ([[88, 787, 968, 599, 703, 282, 923]],)
args__________ ([[93, 713, 705, 920, 600, 613]],)
args__________ ([[96, 609, 646, 651, 681, 908, 531, 425]],)
args__________ ([[98, 719, 662, 580, 933, 593, 189]],)
args__________ ([[99, 964, 914, 939, 958, 854]],)
args__________ ([[106, 613, 713, 600, 342]],)
args__________ ([[113, 871, 903, 860, 675, 444]],)
args__________ ([[54, 929, 452, 499, 170, 114]],)
finish single seed process___________________
left nodes numner:_______ 66
sorted nodes by betweenness [117, 171, 211, 218, 230, 250, 274, 281, 308, 423, 424, 443, 459, 463, 466, 472, 482, 489, 495, 500, 502, 551, 562, 589, 632, 677, 683, 687, 688, 694, 696, 699, 711, 727, 729, 733, 741, 772, 790, 815, 817, 824, 828, 829, 841, 850, 852, 859, 862, 873, 878, 880, 884, 886, 894, 904, 921, 931, 941, 949, 955, 966, 973, 981, 991, 999]
args__________ ([[117, 806, 945, 953, 948, 910]],)
args__________ ([[171, 859, 841, 873, 852, 884, 886, 991, 824, 955]],)
args__________ ([[211, 608, 648, 537, 663, 678, 647]],)
args__________ ([[218, 996, 873, 886, 841, 859, 884, 968, 688]],)
args__________ ([[100, 240, 275, 349, 414, 230]],)
args__________ ([[250, 884, 886, 859, 841, 873, 281, 824]],)
args__________ ([[274, 706, 976, 755, 716, 670]],)
args__________ ([[250, 884, 886, 859, 841, 873, 281, 824]],)
args__________ ([[308, 873, 886, 852, 772, 859, 688, 884]],)
args__________ ([[423, 859, 884, 955, 852, 886, 991]],)
args__________ ([[424, 576, 842, 637, 847, 782, 718]],)
args__________ ([[443, 964, 939, 925, 895, 909, 958, 927]],)
args__________ ([[459, 678, 648, 537, 523, 574, 647]],)
args__________ ([[463, 873, 852, 886, 996, 677, 824, 955, 894]],)
args__________ ([[388, 692, 661, 791, 664, 466, 786]],)
args__________ ([[472, 871, 745, 826, 903, 604, 751]],)
args__________ ([[482, 960, 961, 977, 970, 947, 950, 959]],)
args__________ ([[489, 873, 886, 884, 824, 852, 859, 632, 996, 991]],)
args__________ ([[352, 720, 708, 716, 976, 755, 495]],)
args__________ ([[500, 852, 886, 873, 991, 824, 996, 841, 859, 884]],)
args__________ ([[502, 873, 884, 841, 859, 852, 632, 968, 677]],)
args__________ ([[551, 930, 934, 937, 952, 876, 946, 883, 916]],)
args__________ ([[562, 934, 930, 937, 952, 946, 891, 916, 814]],)
args__________ ([[589, 886, 694, 873, 884, 841, 859, 996, 852, 991, 824, 632]],)
args__________ ([[589, 886, 694, 873, 884, 841, 859, 996, 852, 991, 824, 632]],)
args__________ ([[632, 996, 859, 677, 841, 873, 852, 884, 886, 991, 968, 955]],)
args__________ ([[387, 808, 764, 844, 823, 683, 795, 540]],)
args__________ ([[523, 548, 678, 647, 648, 526, 663, 574, 687, 537]],)
args__________ ([[589, 886, 694, 873, 884, 841, 859, 996, 921, 688, 772]],)
args__________ ([[589, 886, 694, 873, 884, 841, 859, 996, 852, 991, 824, 632]],)
args__________ ([[101, 657, 989, 603, 442, 570, 696, 597]],)
args__________ ([[833, 935, 945, 948, 917, 951, 953, 874, 699, 918, 910]],)
finish single seed process___________________
left nodes numner:_______ 22
sorted nodes by betweenness [711, 727, 729, 733, 741, 790, 815, 817, 828, 829, 850, 862, 878, 880, 904, 931, 941, 949, 966, 973, 981, 999]
args__________ ([[998, 988, 711, 963, 965, 971, 985, 978, 987, 957, 983]],)
args__________ ([[47, 640, 933, 654, 628, 727, 497, 578]],)
args__________ ([[729, 963, 969, 938, 971, 942, 982, 957, 956, 983, 978]],)
args__________ ([[523, 548, 678, 647, 648, 526, 663, 574, 608, 559, 733]],)
args__________ ([[694, 886, 873, 884, 841, 852, 741, 941]],)
args__________ ([[566, 896, 898, 912, 818, 915, 778, 905, 809, 853, 790]],)
args__________ ([[104, 995, 780, 793, 624, 831, 815]],)
args__________ ([[478, 720, 706, 708, 716, 878, 976, 755, 501, 670, 817]],)
args__________ ([[828, 919, 960, 961, 771, 868, 872, 970, 888, 977, 947, 940, 959]],)
args__________ ([[829, 960, 961, 771, 901, 970, 940, 977, 863, 947, 959, 950, 919]],)
args__________ ([[59, 997, 850, 629, 569, 986, 923, 506, 588]],)
args__________ ([[862, 960, 961, 868, 901, 872, 970, 940, 977, 947, 959, 919, 885, 950, 863]],)
args__________ ([[998, 988, 878, 965, 985, 938, 971, 978, 983, 987, 956, 957, 963, 804]],)
args__________ ([[825, 935, 906, 875, 877, 945, 951, 953, 917, 880, 833, 874, 948, 918, 910]],)
args__________ ([[638, 875, 806, 935, 953, 877, 945, 948, 917, 951, 904, 944, 910, 918]],)
args__________ ([[998, 988, 982, 983, 956, 965, 985, 957, 931, 963, 987, 969, 938, 810, 978, 799]],)
args__________ ([[688, 968, 886, 873, 884, 772, 694, 841, 859, 941, 921]],)
args__________ ([[137, 992, 941, 850, 309, 981, 949, 313, 411]],)
args__________ ([[769, 800, 930, 934, 937, 881, 946, 916, 952, 843, 891, 876, 883, 827, 966]],)
args__________ ([[642, 896, 992, 898, 778, 912, 818, 915, 788, 853, 856, 905, 973]],)
args__________ ([[998, 988, 982, 983, 956, 965, 985, 739, 969, 938, 971, 942, 987, 963, 981]],)
args__________ ([[717, 769, 930, 934, 937, 881, 946, 916, 887, 952, 891, 876, 827, 843, 999]],)
finish single seed process___________________
i =  0 [257, 100, 236, 13, 240, 81, 275, 62, 56, 349, 414]
i =  1 [897, 299, 389, 392, 395, 192, 781, 398, 527, 785, 403, 794, 412, 29, 286, 287, 832, 417, 41, 811, 429, 303, 561, 50, 564, 53, 752, 693, 448, 962, 837, 454, 194, 330, 462, 86, 728, 348, 990, 607, 993, 740, 357, 358, 231, 746, 359, 381, 368, 382, 8, 264, 761, 507, 252, 490, 254]
i =  2 [130, 3, 294, 166, 169, 10, 78, 111, 144, 25, 91]
i =  3 [258, 515, 517, 774, 522, 780, 657, 532, 793, 159, 603, 689, 174, 175, 944, 433, 435, 52, 570, 316, 579, 71, 396, 203, 723, 597, 87, 90, 731, 442, 989, 95, 101, 104, 624, 372, 20, 122, 380]
i =  4 [608, 548, 678, 647, 488, 523, 663, 526, 559, 648, 340, 574, 537, 596, 39]
i =  5 [643, 261, 518, 529, 285, 543, 160, 932, 797, 436, 568, 704, 450, 326, 331, 205, 77, 721, 84, 754, 634, 636]
i =  6 [34, 27, 102, 105, 127, 177, 147, 376, 154, 155, 191]
i =  7 [773, 775, 408, 284, 669, 801, 563, 821, 441, 702, 453, 848, 465, 980, 598, 857, 476, 861, 481, 866, 849, 619, 241, 504, 890, 893]
i =  8 [161, 611, 612, 571, 28, 427, 461, 493, 625, 178, 483, 631, 535, 355, 633, 249, 124, 190]
i =  9 [768, 512, 235, 388, 519, 650, 791, 141, 786, 661, 407, 664, 665, 692, 445, 66, 327, 200, 460, 591, 229, 491, 758]
i =  10 [769, 887, 916, 152, 666, 800, 930, 934, 937, 812, 814, 432, 946, 567, 952, 827, 830, 843, 717, 595, 215, 734, 742, 876, 881, 883, 375, 891]
i =  11 [771, 901, 300, 272, 195, 406, 919, 536, 248, 291, 940, 176, 947, 437, 950, 311, 569, 59, 959, 960, 961, 67, 455, 328, 970, 588, 629, 337, 547, 484, 863, 736, 16, 738, 868, 997, 977, 872, 323, 364, 753, 362, 885, 888, 121, 506, 63, 509]
i =  12 [514, 5, 902, 777, 907, 653, 911, 913, 19, 534, 922, 924, 541, 544, 545, 803, 936, 553, 302, 943, 816, 954, 672, 834, 967, 840, 354, 974, 594, 85, 344, 737, 610, 869, 510, 865]
i =  13 [918, 906, 140, 910, 109, 401, 917, 22, 409, 667, 806, 935, 944, 945, 948, 951, 825, 394, 833, 451, 79, 336, 953, 224, 228, 103, 874, 875, 877, 622, 496, 638]
i =  14 [771, 901, 300, 272, 406, 919, 536, 928, 291, 940, 947, 950, 311, 959, 960, 961, 195, 970, 337, 547, 863, 736, 16, 738, 868, 977, 872, 362, 753, 885, 888, 509]
i =  15 [900, 262, 343, 271, 402, 538, 799, 804, 805, 38, 938, 685, 942, 585, 186, 956, 957, 577, 963, 965, 710, 969, 971, 335, 978, 982, 983, 984, 985, 987, 988, 351, 739, 998, 743, 210, 810]
i =  16 [900, 262, 343, 271, 402, 538, 799, 804, 805, 38, 938, 685, 942, 51, 585, 186, 956, 957, 577, 963, 965, 710, 969, 971, 335, 978, 982, 983, 985, 987, 988, 351, 739, 998, 743, 1000, 210, 112, 810]
i =  17 [896, 384, 642, 133, 134, 7, 905, 778, 898, 912, 915, 788, 217, 280, 411, 30, 289, 809, 818, 181, 566, 183, 313, 309, 69, 456, 586, 212, 853, 856, 473, 730, 475, 137, 992, 486, 492, 367, 120, 148, 213]
i =  18 [2, 135, 855, 656, 273, 660, 277, 413, 422, 679, 682, 430, 49, 180, 756, 572, 446, 575, 449, 322, 324, 714, 722, 471, 345, 347, 479, 528, 487, 700, 244, 503, 505, 558, 383]
i =  19 [260, 779, 269, 655, 668, 164, 549, 807, 557, 431, 310, 447, 192, 835, 836, 709, 582, 97, 845, 11, 725, 858, 993, 615, 361, 747, 882, 757, 767]
i =  20 [448, 194, 43, 264, 330, 299, 962, 398, 429, 50, 819, 86, 252, 382]
i =  21 [290, 899, 676, 37, 550, 298, 237, 206, 530, 438, 55, 312, 377, 410, 92, 42, 222]
i =  22 [769, 887, 916, 149, 152, 666, 800, 930, 934, 937, 812, 814, 432, 946, 979, 567, 952, 827, 830, 843, 717, 595, 215, 734, 742, 876, 881, 883, 375, 891]
i =  23 [128, 513, 516, 6, 225, 360, 202, 556, 813, 110, 296, 659, 789, 726, 760, 420, 602, 219, 51, 701, 42]
i =  24 [22, 774, 906, 140, 910, 109, 401, 917, 918, 409, 667, 806, 935, 944, 945, 948, 951, 825, 394, 833, 451, 975, 336, 953, 79, 224, 228, 103, 874, 875, 877, 622, 496, 638]
i =  25 [12, 909, 399, 914, 21, 796, 925, 926, 671, 673, 546, 167, 680, 939, 712, 798, 695, 698, 958, 964, 584, 587, 854, 996, 614, 232, 627, 116, 889, 762, 635, 895]
i =  26 [131, 4, 40, 972, 44, 45, 690, 23, 58, 157, 94]
i =  27 [644, 263, 520, 782, 145, 418, 697, 576, 321, 842, 744, 718, 847, 592, 270, 616, 363, 749, 637, 369, 626, 759, 125, 639]
i =  28 [640, 353, 578, 933, 165, 33, 426, 654, 47, 497, 18, 179, 628, 189, 378, 255, 573, 831]
i =  29 [12, 909, 399, 914, 21, 796, 925, 798, 927, 673, 546, 167, 680, 939, 584, 926, 695, 698, 671, 958, 964, 712, 587, 854, 614, 232, 627, 116, 889, 762, 635, 895]
i =  30 [131, 776, 268, 525, 784, 658, 276, 153, 623, 802, 173, 838, 76, 846, 338, 851, 89, 223, 400, 867, 508, 108, 621, 879, 373, 404, 892, 765, 766]
i =  31 [769, 887, 916, 152, 666, 800, 930, 934, 937, 812, 814, 432, 946, 567, 952, 827, 830, 839, 843, 717, 595, 215, 734, 742, 876, 881, 883, 375, 891]
i =  32 [386, 515, 773, 775, 522, 780, 397, 146, 532, 755, 408, 793, 284, 669, 670, 517, 801, 325, 433, 92, 174, 175, 689, 563, 821, 441, 316, 266, 702, 435, 579, 708, 453, 71, 716, 848, 465, 723, 598, 706, 857, 90, 731, 476, 861, 478, 352, 976, 866, 995, 356, 870, 849, 104, 619, 624, 241, 481, 501, 504, 20, 890, 720, 893, 605, 511]
i =  33 [193, 61, 163, 227, 75, 332, 301, 477, 307, 279, 371, 379, 317, 319]
i =  34 [387, 521, 405, 792, 795, 265, 542, 674, 419, 421, 808, 540, 554, 684, 820, 182, 823, 57, 707, 72, 201, 844, 994, 107, 764]
i =  35 [643, 261, 518, 529, 920, 285, 543, 160, 797, 436, 568, 704, 450, 326, 331, 77, 205, 721, 84, 754, 634, 636]
i =  36 [1, 31, 485, 198, 583, 168, 457, 234, 555, 620, 366, 560, 691, 724, 565, 641, 468, 763, 732, 158, 735]
i =  37 [162, 35, 82, 470, 9, 138, 267, 365, 494, 464, 24, 242, 374, 216, 370, 184, 156, 606]
i =  38 [320, 129, 115, 123, 73, 14, 143, 83, 119, 697, 283, 185]
i =  39 [259, 68, 118, 70, 334, 15, 243, 278, 439, 196, 346]
i =  40 [770, 903, 649, 17, 150, 151, 539, 416, 675, 604, 686, 822, 826, 444, 480, 581, 208, 467, 214, 984, 601, 860, 864, 871, 745, 748, 750, 751, 113]
i =  41 [162, 35, 374, 242, 9, 138, 267, 365, 494, 464, 216, 82, 470, 24, 370, 184, 156, 606]
i =  42 [769, 375, 916, 149, 152, 26, 666, 800, 930, 934, 937, 812, 814, 432, 946, 567, 952, 827, 830, 843, 717, 595, 215, 734, 742, 876, 881, 883, 887, 891]
i =  43 [1, 641, 158, 31, 168, 555, 560, 691, 565, 927, 198, 583, 457, 724, 732, 735, 485, 234, 620, 366, 468, 763]
i =  44 [393, 920, 32, 172, 93, 305, 306, 60, 74, 705, 713, 458, 288, 80, 341, 342, 600, 221, 226, 613, 106, 126]
i =  45 [162, 35, 82, 470, 9, 138, 267, 365, 494, 464, 24, 242, 374, 216, 184, 370, 156, 606]
i =  46 [929, 36, 199, 297, 170, 46, 239, 385, 114, 499, 54, 452, 474, 315]
i =  47 [929, 452, 199, 297, 170, 652, 46, 239, 385, 114, 499, 54, 36, 474, 315]
i =  48 [896, 384, 898, 134, 7, 905, 778, 642, 912, 915, 788, 217, 280, 30, 809, 48, 818, 181, 566, 69, 456, 586, 853, 856, 473, 730, 475, 486, 492, 367]
i =  49 [929, 452, 199, 297, 170, 46, 239, 385, 114, 499, 54, 36, 474, 315]
i =  50 [393, 920, 32, 172, 221, 305, 306, 60, 74, 705, 713, 458, 288, 80, 341, 342, 600, 93, 226, 613, 106, 126]
i =  51 [64, 65, 292, 197, 139, 142, 304, 209, 246, 247, 132, 253]
i =  52 [64, 65, 292, 197, 139, 142, 304, 209, 246, 247, 132, 253]
i =  53 [259, 68, 118, 70, 334, 15, 243, 278, 439, 196, 346]
i =  54 [259, 68, 118, 70, 334, 15, 243, 278, 439, 196, 346]
i =  55 [320, 129, 115, 123, 73, 14, 143, 83, 119, 697, 283, 185]
i =  56 [393, 920, 32, 172, 93, 305, 306, 60, 74, 705, 713, 458, 288, 80, 341, 342, 600, 221, 226, 613, 106, 126]
i =  57 [393, 783, 920, 32, 172, 221, 305, 306, 60, 74, 705, 713, 458, 288, 80, 341, 342, 600, 93, 226, 613, 106, 126]
i =  58 [162, 35, 82, 470, 9, 138, 267, 365, 494, 464, 24, 242, 374, 216, 370, 184, 156, 606]
i =  59 [320, 129, 115, 123, 73, 14, 143, 83, 119, 697, 283, 185]
i =  60 [136, 524, 787, 282, 923, 176, 968, 437, 569, 59, 318, 703, 323, 455, 328, 204, 715, 588, 333, 207, 599, 88, 986, 220, 477, 350, 484, 617, 618, 238, 498, 629, 248, 121, 506, 63]
i =  61 [393, 920, 288, 172, 93, 305, 306, 60, 74, 705, 32, 713, 458, 80, 341, 342, 600, 221, 226, 613, 106, 126]
i =  62 [96, 609, 646, 295, 233, 339, 651, 908, 590, 434, 531, 245, 681, 440, 251, 425, 533, 415]
i =  63 [256, 640, 645, 390, 391, 654, 18, 662, 33, 293, 552, 426, 43, 428, 47, 179, 314, 187, 188, 189, 578, 580, 329, 719, 593, 469, 933, 353, 98, 165, 573, 497, 628, 630, 378, 255]
i =  64 [895, 12, 909, 399, 914, 149, 796, 925, 926, 671, 673, 546, 167, 680, 939, 712, 798, 695, 698, 958, 964, 584, 587, 854, 99, 614, 232, 627, 116, 889, 762, 635, 21]
i =  65 [32, 705, 226, 613, 713, 458, 172, 288, 80, 305, 306, 106, 74, 341, 342, 393, 600, 221, 60, 93, 126]
i =  66 [770, 903, 649, 17, 150, 151, 539, 416, 675, 604, 686, 826, 444, 864, 581, 208, 467, 214, 601, 860, 480, 871, 745, 748, 750, 751, 113]
i =  67 [929, 452, 199, 297, 170, 46, 239, 385, 114, 499, 54, 36, 474, 315]
i =  68 [22, 906, 140, 910, 877, 401, 917, 918, 409, 667, 806, 935, 945, 948, 951, 825, 394, 833, 451, 79, 336, 953, 224, 228, 103, 874, 875, 109, 622, 496, 117, 638]
i =  69 [772, 136, 524, 274, 787, 281, 282, 677, 423, 171, 688, 308, 694, 824, 884, 955, 318, 703, 886, 968, 841, 715, 204, 589, 207, 333, 852, 463, 599, 88, 218, 859, 220, 350, 991, 617, 618, 238, 873, 498, 500, 502, 489, 632, 250]
i =  70 [608, 548, 678, 647, 648, 340, 523, 663, 526, 559, 488, 211, 596, 537, 39, 574]
i =  71 [772, 136, 524, 274, 787, 281, 282, 677, 171, 688, 308, 694, 824, 884, 955, 318, 703, 886, 968, 841, 715, 204, 333, 207, 589, 852, 463, 599, 88, 218, 859, 220, 350, 991, 489, 996, 617, 618, 238, 498, 500, 502, 873, 632, 250]
i =  72 [257, 100, 230, 236, 13, 240, 81, 275, 62, 56, 349, 414]
i =  73 [772, 281, 677, 171, 688, 308, 694, 824, 884, 886, 841, 589, 463, 852, 218, 859, 489, 500, 502, 873, 632, 250]
i =  74 [352, 720, 706, 356, 325, 266, 716, 386, 397, 976, 146, 274, 501, 755, 478, 708, 605, 670, 511]
i =  75 [772, 281, 677, 171, 688, 308, 694, 824, 884, 886, 841, 589, 463, 852, 218, 859, 489, 500, 502, 873, 632, 250]
i =  76 [772, 281, 677, 171, 688, 308, 694, 824, 884, 886, 841, 589, 463, 852, 218, 859, 489, 500, 502, 873, 632, 250]
i =  77 [772, 136, 524, 274, 787, 281, 282, 677, 423, 171, 688, 308, 694, 824, 884, 955, 318, 703, 886, 968, 841, 715, 204, 589, 207, 333, 852, 463, 599, 88, 218, 859, 220, 350, 991, 617, 618, 238, 873, 498, 500, 502, 489, 632, 250]
i =  78 [644, 263, 520, 782, 145, 418, 424, 576, 321, 842, 744, 718, 847, 592, 270, 616, 363, 749, 637, 369, 626, 759, 125, 639]
i =  79 [12, 909, 399, 914, 21, 796, 925, 926, 671, 673, 546, 167, 680, 939, 712, 798, 695, 698, 443, 958, 964, 584, 587, 927, 854, 614, 232, 627, 116, 889, 762, 635, 895]
i =  80 [608, 459, 548, 39, 678, 647, 648, 523, 526, 559, 596, 488, 340, 663, 537, 574]
i =  81 [772, 136, 524, 274, 787, 281, 282, 677, 423, 171, 688, 308, 694, 824, 884, 955, 318, 703, 886, 968, 841, 715, 204, 333, 207, 589, 852, 463, 599, 88, 218, 859, 220, 350, 991, 996, 489, 618, 238, 873, 498, 500, 502, 617, 632, 250, 894]
i =  82 [512, 768, 491, 388, 519, 650, 791, 141, 786, 661, 407, 664, 665, 692, 445, 66, 327, 200, 460, 591, 466, 229, 235, 758]
i =  83 [770, 903, 649, 17, 150, 151, 539, 416, 675, 604, 686, 826, 444, 864, 581, 208, 467, 214, 472, 601, 860, 480, 871, 745, 748, 750, 751, 113]
i =  84 [771, 901, 940, 272, 406, 919, 536, 547, 300, 947, 950, 311, 959, 960, 961, 195, 970, 738, 337, 291, 863, 736, 16, 482, 868, 977, 872, 362, 753, 885, 888, 509]
i =  85 [772, 136, 524, 274, 787, 281, 282, 677, 423, 171, 688, 308, 694, 824, 884, 955, 318, 703, 886, 968, 841, 715, 204, 333, 207, 589, 852, 463, 599, 88, 218, 859, 220, 350, 991, 489, 996, 617, 618, 238, 498, 500, 502, 873, 632, 250]
i =  86 [352, 976, 386, 708, 325, 266, 716, 397, 495, 720, 146, 755, 501, 478, 706, 356, 605, 670, 511]
i =  87 [772, 136, 524, 274, 787, 281, 282, 677, 423, 171, 688, 308, 694, 824, 884, 955, 318, 703, 886, 968, 841, 715, 204, 333, 207, 589, 852, 463, 599, 88, 218, 859, 220, 350, 991, 489, 996, 617, 618, 238, 498, 500, 502, 873, 632, 250]
i =  88 [772, 136, 281, 677, 171, 688, 308, 694, 824, 884, 886, 968, 841, 589, 463, 852, 218, 859, 489, 500, 502, 873, 632, 250]
i =  89 [769, 375, 916, 152, 26, 666, 800, 930, 934, 551, 937, 812, 814, 432, 946, 567, 952, 827, 830, 843, 717, 595, 215, 734, 742, 876, 881, 883, 887, 891]
i =  90 [769, 375, 916, 149, 152, 666, 800, 930, 934, 937, 812, 562, 814, 432, 946, 567, 952, 827, 830, 843, 717, 595, 215, 734, 742, 876, 881, 883, 887, 891]
i =  91 [772, 136, 524, 274, 787, 281, 282, 677, 423, 171, 688, 308, 694, 824, 884, 955, 318, 703, 886, 968, 841, 715, 204, 333, 207, 589, 852, 463, 599, 88, 218, 859, 220, 350, 991, 489, 996, 617, 618, 238, 498, 500, 502, 873, 632, 250]
i =  92 [772, 136, 524, 274, 787, 281, 282, 677, 423, 171, 688, 308, 694, 824, 884, 955, 318, 703, 886, 968, 841, 715, 204, 333, 207, 589, 852, 463, 599, 88, 218, 859, 220, 350, 991, 489, 996, 617, 618, 238, 498, 500, 502, 873, 632, 250]
i =  93 [772, 136, 524, 274, 787, 281, 282, 677, 171, 688, 308, 694, 824, 884, 955, 318, 703, 886, 968, 841, 715, 204, 333, 207, 589, 852, 463, 599, 88, 218, 859, 220, 350, 991, 996, 489, 618, 238, 873, 498, 500, 502, 617, 632, 250]
i =  94 [387, 521, 405, 795, 265, 542, 674, 419, 421, 808, 540, 554, 683, 684, 820, 182, 823, 57, 707, 72, 201, 844, 107, 764]
i =  95 [608, 548, 678, 39, 648, 340, 523, 647, 526, 687, 488, 596, 663, 537, 559, 574]
i =  96 [772, 281, 921, 677, 171, 688, 308, 694, 824, 884, 886, 841, 589, 463, 852, 218, 859, 996, 489, 500, 502, 873, 632, 250]
i =  97 [772, 136, 524, 274, 787, 281, 282, 677, 423, 171, 688, 308, 694, 824, 884, 955, 318, 703, 886, 968, 841, 715, 204, 333, 207, 589, 852, 463, 599, 88, 218, 859, 220, 350, 991, 489, 996, 617, 618, 238, 498, 500, 502, 873, 632, 250]
i =  98 [258, 90, 101, 316, 122, 203, 396, 442, 657, 52, 597, 87, 696, 372, 570, 95, 380, 989, 603, 159]
i =  99 [918, 394, 140, 910, 877, 401, 917, 22, 409, 667, 806, 935, 945, 948, 951, 825, 699, 906, 833, 451, 79, 336, 953, 224, 228, 103, 874, 875, 109, 622, 496, 638]
i =  100 [900, 262, 343, 271, 402, 538, 799, 804, 805, 38, 810, 685, 942, 969, 186, 956, 957, 577, 963, 965, 710, 711, 585, 971, 335, 978, 982, 983, 985, 987, 988, 351, 739, 998, 743, 210, 938]
i =  101 [640, 33, 578, 165, 353, 426, 654, 47, 497, 18, 179, 628, 189, 727, 378, 255, 573, 933]
i =  102 [900, 262, 343, 271, 402, 985, 538, 799, 804, 805, 38, 938, 685, 942, 585, 186, 956, 957, 577, 963, 965, 710, 969, 971, 335, 978, 982, 983, 729, 987, 988, 351, 739, 998, 743, 210, 810]
i =  103 [608, 548, 678, 647, 648, 523, 526, 559, 596, 488, 340, 537, 663, 39, 733, 574]
i =  104 [772, 133, 137, 148, 281, 411, 884, 289, 677, 423, 171, 941, 688, 308, 309, 694, 183, 824, 313, 886, 841, 589, 463, 120, 852, 213, 218, 859, 741, 873, 500, 502, 489, 632, 212, 250]
i =  105 [896, 384, 898, 134, 7, 905, 778, 642, 912, 915, 788, 790, 217, 280, 30, 809, 48, 818, 181, 566, 69, 456, 586, 853, 856, 473, 730, 475, 486, 492, 367]
i =  106 [515, 517, 522, 780, 20, 408, 793, 175, 689, 174, 815, 433, 435, 441, 316, 831, 579, 453, 71, 723, 90, 731, 995, 870, 104, 624, 532]
i =  107 [352, 976, 706, 708, 325, 266, 716, 386, 878, 397, 720, 817, 146, 274, 670, 501, 755, 356, 605, 478, 511]
i =  108 [771, 901, 940, 272, 406, 919, 536, 291, 300, 947, 950, 311, 828, 959, 960, 961, 195, 970, 977, 547, 863, 736, 16, 738, 868, 337, 872, 362, 753, 885, 888, 509]
i =  109 [771, 901, 940, 272, 406, 919, 536, 291, 300, 947, 950, 311, 829, 959, 960, 961, 195, 970, 337, 547, 863, 736, 16, 738, 868, 977, 872, 362, 753, 885, 888, 509]
i =  110 [133, 136, 137, 524, 787, 148, 120, 282, 923, 289, 411, 176, 437, 183, 569, 59, 313, 318, 309, 323, 455, 328, 204, 715, 588, 333, 207, 337, 850, 212, 213, 599, 88, 986, 220, 350, 484, 997, 617, 618, 238, 498, 629, 248, 121, 506, 63, 703]
i =  111 [771, 901, 940, 272, 406, 919, 536, 291, 300, 947, 950, 311, 959, 960, 961, 195, 970, 337, 547, 862, 863, 736, 16, 738, 868, 977, 872, 362, 753, 885, 888, 509]
i =  112 [900, 262, 343, 271, 402, 538, 799, 804, 805, 38, 938, 685, 942, 969, 186, 956, 957, 577, 963, 965, 710, 585, 971, 335, 978, 982, 983, 985, 987, 988, 351, 739, 998, 743, 210, 878, 810]
i =  113 [918, 906, 140, 910, 109, 401, 917, 22, 409, 667, 496, 806, 935, 945, 948, 951, 825, 394, 833, 451, 79, 336, 953, 224, 228, 103, 874, 875, 877, 622, 880, 638]
i =  114 [22, 774, 904, 394, 140, 910, 109, 401, 917, 918, 409, 667, 806, 935, 944, 945, 948, 951, 825, 906, 833, 451, 79, 336, 953, 224, 228, 103, 874, 875, 877, 622, 496, 638]
i =  115 [900, 262, 343, 109, 271, 402, 538, 799, 931, 804, 805, 38, 810, 685, 942, 585, 186, 699, 956, 957, 577, 963, 965, 710, 969, 971, 335, 210, 982, 983, 985, 987, 988, 351, 739, 998, 743, 978, 112, 938]
i =  116 [772, 133, 136, 137, 524, 274, 787, 148, 281, 921, 282, 411, 884, 289, 677, 423, 171, 941, 688, 308, 309, 694, 183, 824, 313, 955, 318, 703, 886, 968, 841, 715, 204, 589, 207, 333, 120, 852, 213, 463, 599, 88, 218, 859, 220, 350, 991, 489, 618, 238, 873, 498, 500, 502, 617, 632, 212, 250]
i =  117 [384, 133, 134, 137, 271, 148, 217, 411, 289, 941, 176, 437, 183, 569, 59, 309, 181, 323, 455, 328, 588, 248, 850, 212, 213, 313, 949, 992, 484, 629, 120, 121, 506, 63, 981]
i =  118 [769, 887, 916, 152, 666, 800, 930, 934, 937, 812, 814, 432, 946, 567, 952, 827, 830, 966, 843, 717, 595, 215, 734, 742, 876, 881, 883, 375, 891]
i =  119 [896, 384, 642, 133, 134, 7, 905, 778, 898, 912, 915, 788, 217, 280, 411, 30, 289, 809, 48, 818, 181, 566, 183, 313, 309, 69, 456, 586, 973, 212, 853, 856, 473, 730, 475, 137, 992, 486, 492, 367, 120, 148, 213]
i =  120 [900, 133, 262, 137, 343, 271, 402, 148, 538, 411, 799, 289, 804, 805, 38, 938, 685, 942, 309, 585, 313, 186, 956, 957, 577, 963, 965, 710, 969, 971, 335, 210, 212, 981, 982, 983, 985, 987, 988, 351, 739, 998, 743, 978, 183, 120, 810, 213]
i =  121 [769, 375, 916, 152, 666, 800, 930, 934, 937, 812, 814, 432, 946, 567, 952, 827, 830, 843, 717, 595, 215, 734, 742, 999, 876, 881, 883, 887, 891]
finish get all communities
complete deal_communities
commplete get_all_nature_community
----------------------------------The detection result is: 

all communities: 
i =  1 : [8, 29, 41, 50, 53, 86, 192, 194, 231, 252, 254, 264, 286, 287, 299, 303, 330, 348, 357, 358, 359, 368, 381, 382, 389, 392, 395, 398, 403, 412, 417, 429, 448, 454, 462, 490, 507, 527, 561, 564, 607, 693, 728, 740, 746, 752, 761, 781, 785, 794, 811, 832, 837, 897, 962, 990, 993]
i =  2 : [3, 10, 25, 78, 91, 111, 130, 144, 166, 169, 294]
i =  3 : [20, 52, 71, 87, 90, 95, 101, 104, 122, 159, 174, 175, 203, 258, 316, 372, 380, 396, 433, 435, 442, 515, 517, 522, 532, 570, 579, 597, 603, 624, 657, 689, 723, 731, 774, 780, 793, 944, 989]
i =  4 : [27, 34, 102, 105, 127, 147, 154, 155, 177, 191, 376]
i =  5 : [241, 284, 408, 441, 453, 465, 476, 481, 504, 563, 598, 619, 669, 702, 773, 775, 801, 821, 848, 849, 857, 861, 866, 890, 893, 980]
i =  6 : [28, 124, 161, 178, 190, 249, 355, 427, 461, 483, 493, 535, 571, 611, 612, 625, 631, 633]
i =  7 : [5, 19, 85, 302, 344, 354, 510, 514, 534, 541, 544, 545, 553, 594, 610, 653, 672, 737, 777, 803, 816, 834, 840, 865, 869, 902, 907, 911, 913, 922, 924, 936, 943, 954, 967, 974]
i =  8 : [2, 49, 135, 180, 244, 273, 277, 322, 324, 345, 347, 383, 413, 422, 430, 446, 449, 471, 479, 487, 503, 505, 528, 558, 572, 575, 656, 660, 679, 682, 700, 714, 722, 756, 855]
i =  9 : [11, 97, 164, 192, 260, 269, 310, 361, 431, 447, 549, 557, 582, 615, 655, 668, 709, 725, 747, 757, 767, 779, 807, 835, 836, 845, 858, 882, 993]
i =  10 : [43, 50, 86, 194, 252, 264, 299, 330, 382, 398, 429, 448, 819, 962]
i =  11 : [37, 42, 55, 92, 206, 222, 237, 290, 298, 312, 377, 410, 438, 530, 550, 676, 899]
i =  12 : [6, 42, 51, 110, 128, 202, 219, 225, 296, 360, 420, 513, 516, 556, 602, 659, 701, 726, 760, 789, 813]
i =  13 : [4, 23, 40, 44, 45, 58, 94, 131, 157, 690, 972]
i =  14 : [76, 89, 108, 131, 153, 173, 223, 268, 276, 338, 373, 400, 404, 508, 525, 621, 623, 658, 765, 766, 776, 784, 802, 838, 846, 851, 867, 879, 892]
i =  15 : [20, 71, 90, 92, 104, 146, 174, 175, 241, 266, 284, 316, 325, 352, 356, 386, 397, 408, 433, 435, 441, 453, 465, 476, 478, 481, 501, 504, 511, 515, 517, 522, 532, 563, 579, 598, 605, 619, 624, 669, 670, 689, 702, 706, 708, 716, 720, 723, 731, 755, 773, 775, 780, 793, 801, 821, 848, 849, 857, 861, 866, 870, 890, 893, 976, 995]
i =  16 : [61, 75, 163, 193, 227, 279, 301, 307, 317, 319, 332, 371, 379, 477]
i =  17 : [9, 24, 35, 82, 138, 156, 162, 184, 216, 242, 267, 365, 370, 374, 464, 470, 494, 606]
i =  18 : [14, 73, 83, 115, 119, 123, 129, 143, 185, 283, 320, 697]
i =  19 : [15, 68, 70, 118, 196, 243, 259, 278, 334, 346, 439]
i =  20 : [1, 31, 158, 168, 198, 234, 366, 457, 468, 485, 555, 560, 565, 583, 620, 641, 691, 724, 732, 735, 763, 927]
i =  21 : [36, 46, 54, 114, 170, 199, 239, 297, 315, 385, 452, 474, 499, 652, 929]
i =  22 : [64, 65, 132, 139, 142, 197, 209, 246, 247, 253, 292, 304]
i =  23 : [32, 60, 74, 80, 93, 106, 126, 172, 221, 226, 288, 305, 306, 341, 342, 393, 458, 600, 613, 705, 713, 783, 920]
i =  24 : [59, 63, 88, 121, 136, 176, 204, 207, 220, 238, 248, 282, 318, 323, 328, 333, 350, 437, 455, 477, 484, 498, 506, 524, 569, 588, 599, 617, 618, 629, 703, 715, 787, 923, 968, 986]
i =  25 : [96, 233, 245, 251, 295, 339, 415, 425, 434, 440, 531, 533, 590, 609, 646, 651, 681, 908]
i =  26 : [18, 33, 43, 47, 98, 165, 179, 187, 188, 189, 255, 256, 293, 314, 329, 353, 378, 390, 391, 426, 428, 469, 497, 552, 573, 578, 580, 593, 628, 630, 640, 645, 654, 662, 719, 933]
i =  27 : [13, 56, 62, 81, 100, 230, 236, 240, 257, 275, 349, 414]
i =  28 : [66, 141, 200, 229, 235, 327, 388, 407, 445, 460, 466, 491, 512, 519, 591, 650, 661, 664, 665, 692, 758, 768, 786, 791]
i =  29 : [171, 218, 250, 281, 308, 463, 489, 500, 502, 589, 632, 677, 688, 694, 772, 824, 841, 852, 859, 873, 884, 886, 921, 996]
i =  30 : [52, 87, 90, 95, 101, 122, 159, 203, 258, 316, 372, 380, 396, 442, 570, 597, 603, 657, 696, 989]
i =  31 : [120, 133, 137, 148, 171, 183, 212, 213, 218, 250, 281, 289, 308, 309, 313, 411, 423, 463, 489, 500, 502, 589, 632, 677, 688, 694, 741, 772, 824, 841, 852, 859, 873, 884, 886, 941]
i =  32 : [20, 71, 90, 104, 174, 175, 316, 408, 433, 435, 441, 453, 515, 517, 522, 532, 579, 624, 689, 723, 731, 780, 793, 815, 831, 870, 995]
i =  33 : [59, 63, 88, 120, 121, 133, 136, 137, 148, 176, 183, 204, 207, 212, 213, 220, 238, 248, 282, 289, 309, 313, 318, 323, 328, 333, 337, 350, 411, 437, 455, 484, 498, 506, 524, 569, 588, 599, 617, 618, 629, 703, 715, 787, 850, 923, 986, 997]
i =  34 : [59, 63, 120, 121, 133, 134, 137, 148, 176, 181, 183, 212, 213, 217, 248, 271, 289, 309, 313, 323, 328, 384, 411, 437, 455, 484, 506, 569, 588, 629, 850, 941, 949, 981, 992]
i =  35 : [77, 84, 160, 205, 261, 285, 326, 331, 436, 450, 518, 529, 543, 568, 634, 636, 643, 704, 721, 754, 797, 920, 932]
i =  36 : [125, 145, 263, 270, 321, 363, 369, 418, 424, 520, 576, 592, 616, 626, 637, 639, 644, 697, 718, 744, 749, 759, 782, 842, 847]
i =  37 : [18, 33, 47, 165, 179, 189, 255, 353, 378, 426, 497, 573, 578, 628, 640, 654, 727, 831, 933]
i =  38 : [57, 72, 107, 182, 201, 265, 387, 405, 419, 421, 521, 540, 542, 554, 674, 683, 684, 707, 764, 792, 795, 808, 820, 823, 844, 994]
i =  39 : [17, 113, 150, 151, 208, 214, 416, 444, 467, 472, 480, 539, 581, 601, 604, 649, 675, 686, 745, 748, 750, 751, 770, 822, 826, 860, 864, 871, 903, 984]
i =  40 : [88, 120, 133, 136, 137, 148, 171, 183, 204, 207, 212, 213, 218, 220, 238, 250, 274, 281, 282, 289, 308, 309, 313, 318, 333, 350, 411, 423, 463, 489, 498, 500, 502, 524, 589, 599, 617, 618, 632, 677, 688, 694, 703, 715, 772, 787, 824, 841, 852, 859, 873, 884, 886, 894, 921, 941, 955, 968, 991, 996]
i =  41 : [146, 266, 274, 325, 352, 356, 386, 397, 478, 495, 501, 511, 605, 670, 706, 708, 716, 720, 755, 817, 878, 976]
i =  42 : [7, 30, 48, 69, 120, 133, 134, 137, 148, 181, 183, 212, 213, 217, 280, 289, 309, 313, 367, 384, 411, 456, 473, 475, 486, 492, 566, 586, 642, 730, 778, 788, 790, 809, 818, 853, 856, 896, 898, 905, 912, 915, 973, 992]
i =  43 : [12, 21, 99, 116, 149, 167, 232, 399, 443, 546, 584, 587, 614, 627, 635, 671, 673, 680, 695, 698, 712, 762, 796, 798, 854, 889, 895, 909, 914, 925, 926, 927, 939, 958, 964, 996]
i =  44 : [39, 211, 340, 459, 488, 523, 526, 537, 548, 559, 574, 596, 608, 647, 648, 663, 678, 687, 733]
i =  45 : [22, 79, 103, 109, 117, 140, 224, 228, 336, 394, 401, 409, 451, 496, 622, 638, 667, 699, 774, 806, 825, 833, 874, 875, 877, 880, 904, 906, 910, 917, 918, 935, 944, 945, 948, 951, 953, 975]
i =  46 : [16, 59, 63, 67, 121, 176, 195, 248, 272, 291, 300, 311, 323, 328, 337, 362, 364, 406, 437, 455, 482, 484, 506, 509, 536, 547, 569, 588, 629, 736, 738, 753, 771, 828, 829, 862, 863, 868, 872, 885, 888, 901, 919, 928, 940, 947, 950, 959, 960, 961, 970, 977, 997]
i =  47 : [26, 149, 152, 215, 375, 432, 551, 562, 567, 595, 666, 717, 734, 742, 769, 800, 812, 814, 827, 830, 839, 843, 876, 881, 883, 887, 891, 916, 930, 934, 937, 946, 952, 966, 979, 999]
i =  48 : [38, 51, 109, 112, 120, 133, 137, 148, 183, 186, 210, 212, 213, 262, 271, 289, 309, 313, 335, 343, 351, 402, 411, 538, 577, 585, 685, 699, 710, 711, 729, 739, 743, 799, 804, 805, 810, 878, 900, 931, 938, 942, 956, 957, 963, 965, 969, 971, 978, 981, 982, 983, 984, 985, 987, 988, 998, 1000]
overlapping nodes are:  [18, 20, 33, 42, 43, 47, 50, 51, 52, 59, 63, 71, 86, 87, 88, 90, 92, 95, 101, 104, 109, 120, 121, 122, 131, 133, 134, 136, 137, 146, 148, 149, 159, 165, 171, 174, 175, 176, 179, 181, 183, 189, 192, 194, 203, 204, 207, 212, 213, 217, 218, 220, 238, 241, 248, 250, 252, 255, 258, 264, 266, 271, 274, 281, 282, 284, 289, 299, 308, 309, 313, 316, 318, 323, 325, 328, 330, 333, 337, 350, 352, 353, 356, 372, 378, 380, 382, 384, 386, 396, 397, 398, 408, 411, 423, 426, 429, 433, 435, 437, 441, 442, 448, 453, 455, 463, 465, 476, 477, 478, 481, 484, 489, 497, 498, 500, 501, 502, 504, 506, 511, 515, 517, 522, 524, 532, 563, 569, 570, 573, 578, 579, 588, 589, 597, 598, 599, 603, 605, 617, 618, 619, 624, 628, 629, 632, 640, 654, 657, 669, 670, 677, 688, 689, 694, 697, 699, 702, 703, 706, 708, 715, 716, 720, 723, 731, 755, 772, 773, 774, 775, 780, 787, 793, 801, 821, 824, 831, 841, 848, 849, 850, 852, 857, 859, 861, 866, 870, 873, 878, 884, 886, 890, 893, 920, 921, 923, 927, 933, 941, 944, 962, 968, 976, 981, 984, 986, 989, 992, 993, 995, 996, 997] 
 NOO is:  213
total time is:  233.01038599
