lens of ground_truth:  47
ground_truth is: [[51, 95, 178, 181, 191, 263, 297, 308, 331, 343, 349, 370, 375, 386, 434, 458, 525, 531, 596, 603, 607, 632, 640, 665, 701, 728, 846, 872, 878, 913, 918, 944, 955, 986, 993, 994, 1000], [45, 63, 67, 88, 104, 112, 120, 126, 201, 252, 287, 368, 404, 425, 432, 518, 579, 581, 618, 621, 685, 689, 741, 760, 771, 783, 794, 806, 820, 835, 836, 848, 850, 852, 873, 901, 906, 916, 923, 964, 972, 979, 984], [1, 30, 94, 134, 139, 165, 225, 262, 281, 291, 333, 357, 503, 594, 635, 638, 658, 670, 674, 695, 736, 737, 753, 754, 769, 775, 789, 804, 831, 855, 866, 937], [16, 116, 117, 185, 206, 207, 219, 280, 334, 341, 342, 351, 360, 372, 415, 437, 498, 552, 559, 634, 680, 696, 815, 826, 982], [69, 220, 278, 376, 377, 423, 433, 495, 538, 547, 577, 578, 597, 604, 653, 657, 666, 692, 777, 815, 825, 827, 839, 841, 845, 884, 892, 902, 912, 932], [78, 113, 154, 251, 280, 327, 384, 391, 406, 411, 420, 471, 480, 486, 488, 501, 513, 554, 578, 589, 630, 642, 648, 671, 688, 701, 711, 721, 732, 772, 800, 837, 865, 879, 881, 921], [23, 89, 199, 212, 221, 269, 276, 335, 364, 562, 589, 679], [9, 41, 42, 99, 148, 170, 197, 214, 427, 441, 497, 499, 569, 679, 737, 749, 826, 980], [72, 105, 131, 141, 227, 261, 266, 319, 367, 449, 472, 477, 533, 624, 688, 767, 992], [127, 293, 363, 408, 414, 421, 446, 474, 482, 500, 505, 508, 530, 602, 619, 641, 676, 677, 718, 720, 729, 743, 749, 750, 756, 795, 870, 880, 884, 885, 886, 899, 903, 911, 917, 924, 937, 941, 946, 947, 951, 954], [29, 49, 124, 150, 160, 163, 191, 291, 294, 309, 333, 362, 387, 416, 481, 490, 502, 568, 610, 622, 629, 651, 664, 706, 724, 733, 739, 770, 799, 808, 811, 883, 885, 889, 931, 932, 942, 943, 976], [46, 111, 147, 184, 232, 247, 265, 292, 319, 321, 354, 410, 431, 462, 465, 527, 540, 551, 558, 560, 564, 583, 585, 653, 684, 727, 751, 762, 766, 792, 803, 854, 875, 890, 910, 925, 930, 938, 957, 958, 960, 963], [3, 38, 98, 143, 144, 159, 223, 226, 307, 311, 378, 399, 451, 764, 898], [80, 184, 218, 235, 267, 342, 436, 453, 470, 484, 496, 504, 522, 528, 588, 680, 871, 904], [107, 134, 136, 168, 172, 186, 210, 255, 263, 271, 313, 324, 385, 439, 564, 594, 626, 655, 660, 717, 746, 781, 791, 936, 953, 989, 995], [68, 91, 155, 198, 284, 300, 304, 323, 329, 356, 422, 424, 429, 476, 563, 633, 787, 988], [133, 142, 183, 242, 244, 260, 286, 334, 355, 379, 429, 489, 493, 541, 573, 592, 593, 614, 631, 633, 647, 681, 699, 703, 731, 742, 751, 760, 793, 801, 820, 830, 833, 863, 867, 877, 886, 908, 944, 962, 967, 968, 974, 977, 983, 990, 991], [51, 57, 78, 97, 215, 258, 337, 398, 478, 494, 524, 537, 561, 562, 595, 599, 611, 615, 623, 641, 672, 702, 708, 758, 771, 791, 856, 862, 898, 900, 945, 988, 993, 995], [92, 106, 130, 161, 174, 335, 405, 448, 534, 543, 572, 587, 637, 690, 691, 787, 903], [5, 13, 28, 137, 151, 162, 188, 241, 250, 353, 412, 539, 623, 666], [60, 217, 248, 301, 336, 379, 407, 479, 485, 567, 571, 576, 606, 625, 644, 659, 700, 706, 838, 953], [29, 141, 160, 192, 193, 197, 240, 246, 315, 318, 365, 390, 396, 459, 613, 637, 639, 647, 664, 668, 697, 734, 779, 786, 823, 828, 842, 887, 889, 893, 894, 902, 915, 920, 927, 939, 940, 987, 999], [2, 62, 140, 175, 176, 237, 259, 301, 506, 665, 730, 881], [90, 138, 171, 200, 202, 213, 256, 268, 282, 314, 316, 430, 438, 456, 986], [66, 123, 196, 273, 279, 338, 352, 366, 454, 466, 519, 535, 539, 548, 557, 565, 612, 617, 627, 650, 656, 698, 748, 785, 790, 822, 824, 892, 917], [19, 26, 53, 164, 165, 194, 299, 348, 350, 418, 464, 530, 545, 550, 574, 698, 709, 723, 738, 788, 796, 817, 819, 846, 945, 976, 979, 991], [67, 88, 155, 166, 167, 190, 205, 240, 245, 287, 337, 417, 511, 526, 542, 607, 672, 673, 705, 716, 722, 765, 783, 805, 829, 834, 843, 848, 860, 876, 883, 905, 922, 930, 934, 935, 949, 970, 971, 973, 975, 980, 989], [43, 48, 75, 77, 100, 102, 115, 330, 364, 684], [8, 79, 158, 173, 290, 310, 358, 444, 473, 491, 520, 523, 532, 570, 580, 605, 652, 675, 939], [14, 15, 243, 253, 275, 298, 317, 369, 409, 413, 428, 460, 483, 514, 780, 838, 997], [35, 47, 52, 54, 64, 82, 101, 195, 216, 238, 283, 326, 373, 382, 394, 463, 586, 700], [7, 34, 118, 145, 187, 194, 234, 249, 305, 309, 326, 340, 418, 421, 455, 490, 500, 556, 590, 591, 601, 609, 683, 707, 740, 746, 747, 757, 761, 782, 821, 844, 857, 871, 872, 882, 896, 909, 914, 928, 959, 981, 985, 998], [10, 24, 36, 103, 109, 110, 189, 241, 302, 303, 371, 380, 450, 455, 509, 512, 649, 663, 687, 735, 759, 862, 984, 987], [85, 146, 209, 222, 230, 251, 272, 332, 344, 469, 599, 690], [71, 122, 187, 229, 257, 288, 299, 330, 347, 419, 461, 469, 487, 529, 584, 585, 713], [95, 103, 149, 179, 230, 306, 346, 395, 402, 426, 434, 435, 442, 443, 517, 536, 592, 600, 620, 624, 661, 693, 712, 745, 773, 797, 809, 818, 834, 847, 861, 864, 888, 933, 956, 964, 965, 966, 978, 997], [22, 55, 61, 87, 129, 135, 173, 203, 228, 506, 955, 994], [25, 40, 44, 56, 76, 96, 180, 270, 285, 286, 293, 368, 439, 447, 544, 553, 582, 646, 682, 694, 769, 936], [70, 156, 204, 208, 224, 233, 236, 295, 296, 339, 345, 389, 817], [11, 12, 50, 65, 86, 128, 296, 374, 381, 397, 400, 661, 675, 866], [20, 31, 59, 223, 231, 264, 322, 388, 393, 457, 507, 516, 527, 555, 643, 654, 695, 704, 726, 755, 762, 763, 776, 801, 849, 851, 853, 868, 869, 904, 967, 1000], [37, 39, 84, 153, 166, 239, 320, 328, 359, 361, 392, 475, 510, 546, 549, 608, 616, 645, 678, 713], [18, 79, 111, 181, 226, 274, 365, 383, 440, 445, 465, 515, 535, 541, 547, 575, 581, 628, 662, 669, 714, 715, 725, 730, 733, 752, 768, 774, 780, 784, 792, 802, 891, 897, 912, 919, 926, 929], [6, 27, 32, 58, 124, 132, 157, 211, 242, 245, 254, 294, 375, 403, 412, 492, 521, 573, 593, 598, 636, 686, 742, 748, 764, 767, 788, 798, 807, 813, 814, 832, 859, 874, 895, 907, 942, 948, 950, 952, 961, 968, 969, 992, 996], [33, 81, 93, 108, 114, 119, 169, 277, 289, 537, 770, 875, 999], [4, 21, 73, 74, 83, 121, 125, 177, 182, 249, 952], [17, 152, 158, 312, 325, 374, 401, 452, 467, 468, 566, 618, 667, 691, 710, 719, 744, 776, 778, 802, 810, 812, 816, 840, 853, 858, 910, 978, 982, 998]]
nodes and edges_____________: 1000 ,  9956
read network over________________________
nodes: [319, 330, 585, 594, 623, 624, 647, 656, 665, 678, 694, 748, 801, 817, 835, 852, 853, 866, 871, 890, 895, 903, 909, 910, 921, 922, 929, 932, 937, 939, 952, 953, 967, 976, 980, 982, 984, 986, 988, 991, 997] num of nodes:  41
[[319, 992, 472, 449, 533, 477, 367], [43, 102, 75, 684, 48, 115, 330], [585, 960, 963, 938, 766, 875, 957, 925, 958], [503, 753, 670, 789, 855, 831, 594, 804], [28, 353, 188, 623, 137, 250, 151], [105, 624, 992, 449, 472, 261, 533, 767], [647, 842, 779, 887, 940, 920, 786, 927, 893, 823], [338, 790, 617, 785, 824, 650, 656, 822, 454, 917], [62, 259, 237, 175, 176, 881, 730, 665, 140], [320, 608, 546, 549, 645, 678, 392, 616, 475, 361], [56, 694, 544, 582, 646, 936, 553, 682, 447], [748, 950, 961, 996, 807, 969, 907, 948, 798, 968], [681, 974, 863, 977, 990, 983, 962, 801, 793, 877, 830], [156, 224, 389, 295, 236, 233, 817, 345, 339, 208], [685, 923, 972, 901, 835, 741, 906, 836, 850, 979, 794], [685, 923, 972, 901, 852, 906, 836, 850, 979, 741, 794], [710, 998, 840, 858, 810, 816, 719, 744, 778, 978, 853], [503, 753, 670, 789, 855, 831, 736, 866, 674, 638], [740, 928, 844, 959, 914, 985, 981, 871, 821, 896, 857, 761], [727, 930, 960, 803, 963, 938, 875, 766, 890, 925, 957, 958], [636, 961, 996, 969, 874, 814, 948, 950, 907, 992, 686, 895, 832, 798], [619, 870, 911, 947, 951, 954, 903, 924, 946, 718, 880], [683, 844, 959, 909, 914, 985, 981, 928, 747, 821, 896, 761, 857, 740], [410, 960, 958, 938, 957, 963, 925, 803, 766, 910, 558], [480, 921, 865, 772, 800, 837, 879, 501, 554], [673, 971, 934, 935, 905, 876, 843, 973, 975, 949, 705, 922, 805, 970, 722, 989, 829, 716], [440, 897, 929, 715, 919, 926, 752, 725, 768, 784, 662], [423, 839, 777, 841, 845, 597, 825, 827, 692, 932, 538], [503, 753, 670, 789, 855, 831, 736, 804, 775, 674, 937, 638], [639, 887, 842, 940, 920, 894, 893, 927, 779, 734, 915, 823, 939, 786], [636, 961, 996, 969, 874, 814, 948, 950, 907, 807, 952, 832, 798], [407, 576, 644, 838, 625, 659, 953, 606, 567, 571, 479], [699, 974, 983, 877, 867, 833, 863, 990, 962, 908, 967], [481, 931, 943, 739, 976, 799, 889, 811, 622], [673, 971, 934, 935, 905, 876, 843, 973, 975, 949, 980, 805, 829, 722, 970, 989, 716], [325, 710, 998, 744, 840, 778, 719, 858, 816, 978, 982], [303, 649, 663, 687, 759, 987, 735, 984, 512, 450], [138, 986, 456, 438, 202, 316, 314, 268], [91, 356, 422, 424, 563, 988, 284, 476, 300], [681, 974, 863, 977, 990, 983, 962, 908, 833, 793, 877, 991], [712, 966, 797, 888, 965, 933, 956, 864, 773, 847, 809, 818, 997]]
len of cliques:  41
downsides after: [[673, 971, 934, 935, 905, 876, 843, 973, 975, 949, 705, 922, 805, 970, 722, 989, 829, 716], [673, 971, 934, 935, 905, 876, 843, 973, 975, 949, 980, 805, 829, 722, 970, 989, 716], [636, 961, 996, 969, 874, 814, 948, 950, 907, 992, 686, 895, 832, 798], [683, 844, 959, 909, 914, 985, 981, 928, 747, 821, 896, 761, 857, 740], [639, 887, 842, 940, 920, 894, 893, 927, 779, 734, 915, 823, 939, 786], [636, 961, 996, 969, 874, 814, 948, 950, 907, 807, 952, 832, 798], [712, 966, 797, 888, 965, 933, 956, 864, 773, 847, 809, 818, 997], [740, 928, 844, 959, 914, 985, 981, 871, 821, 896, 857, 761], [727, 930, 960, 803, 963, 938, 875, 766, 890, 925, 957, 958], [503, 753, 670, 789, 855, 831, 736, 804, 775, 674, 937, 638], [681, 974, 863, 977, 990, 983, 962, 908, 833, 793, 877, 991], [681, 974, 863, 977, 990, 983, 962, 801, 793, 877, 830], [685, 923, 972, 901, 835, 741, 906, 836, 850, 979, 794], [685, 923, 972, 901, 852, 906, 836, 850, 979, 741, 794], [710, 998, 840, 858, 810, 816, 719, 744, 778, 978, 853], [619, 870, 911, 947, 951, 954, 903, 924, 946, 718, 880], [410, 960, 958, 938, 957, 963, 925, 803, 766, 910, 558], [440, 897, 929, 715, 919, 926, 752, 725, 768, 784, 662], [423, 839, 777, 841, 845, 597, 825, 827, 692, 932, 538], [407, 576, 644, 838, 625, 659, 953, 606, 567, 571, 479], [699, 974, 983, 877, 867, 833, 863, 990, 962, 908, 967], [325, 710, 998, 744, 840, 778, 719, 858, 816, 978, 982], [647, 842, 779, 887, 940, 920, 786, 927, 893, 823], [338, 790, 617, 785, 824, 650, 656, 822, 454, 917], [320, 608, 546, 549, 645, 678, 392, 616, 475, 361], [748, 950, 961, 996, 807, 969, 907, 948, 798, 968], [156, 224, 389, 295, 236, 233, 817, 345, 339, 208], [503, 753, 670, 789, 855, 831, 736, 866, 674, 638], [303, 649, 663, 687, 759, 987, 735, 984, 512, 450], [585, 960, 963, 938, 766, 875, 957, 925, 958], [62, 259, 237, 175, 176, 881, 730, 665, 140], [56, 694, 544, 582, 646, 936, 553, 682, 447], [480, 921, 865, 772, 800, 837, 879, 501, 554], [481, 931, 943, 739, 976, 799, 889, 811, 622], [91, 356, 422, 424, 563, 988, 284, 476, 300], [503, 753, 670, 789, 855, 831, 594, 804], [105, 624, 992, 449, 472, 261, 533, 767], [138, 986, 456, 438, 202, 316, 314, 268], [319, 992, 472, 449, 533, 477, 367], [43, 102, 75, 684, 48, 115, 330], [28, 353, 188, 623, 137, 250, 151]]
number of downsided seeds: 41
[[673, 971, 934, 935, 905, 876, 843, 973, 975, 949, 705, 922, 805, 970, 722, 989, 829, 716], [673, 971, 934, 935, 905, 876, 843, 973, 975, 949, 980, 805, 829, 722, 970, 989, 716], [636, 961, 996, 969, 874, 814, 948, 950, 907, 992, 686, 895, 832, 798], [683, 844, 959, 909, 914, 985, 981, 928, 747, 821, 896, 761, 857, 740], [639, 887, 842, 940, 920, 894, 893, 927, 779, 734, 915, 823, 939, 786], [636, 961, 996, 969, 874, 814, 948, 950, 907, 807, 952, 832, 798], [712, 966, 797, 888, 965, 933, 956, 864, 773, 847, 809, 818, 997], [740, 928, 844, 959, 914, 985, 981, 871, 821, 896, 857, 761], [727, 930, 960, 803, 963, 938, 875, 766, 890, 925, 957, 958], [503, 753, 670, 789, 855, 831, 736, 804, 775, 674, 937, 638], [681, 974, 863, 977, 990, 983, 962, 908, 833, 793, 877, 991], [681, 974, 863, 977, 990, 983, 962, 801, 793, 877, 830], [685, 923, 972, 901, 835, 741, 906, 836, 850, 979, 794], [685, 923, 972, 901, 852, 906, 836, 850, 979, 741, 794], [710, 998, 840, 858, 810, 816, 719, 744, 778, 978, 853], [619, 870, 911, 947, 951, 954, 903, 924, 946, 718, 880], [410, 960, 958, 938, 957, 963, 925, 803, 766, 910, 558], [440, 897, 929, 715, 919, 926, 752, 725, 768, 784, 662], [423, 839, 777, 841, 845, 597, 825, 827, 692, 932, 538], [407, 576, 644, 838, 625, 659, 953, 606, 567, 571, 479], [699, 974, 983, 877, 867, 833, 863, 990, 962, 908, 967], [325, 710, 998, 744, 840, 778, 719, 858, 816, 978, 982], [647, 842, 779, 887, 940, 920, 786, 927, 893, 823], [338, 790, 617, 785, 824, 650, 656, 822, 454, 917], [320, 608, 546, 549, 645, 678, 392, 616, 475, 361], [748, 950, 961, 996, 807, 969, 907, 948, 798, 968], [156, 224, 389, 295, 236, 233, 817, 345, 339, 208], [503, 753, 670, 789, 855, 831, 736, 866, 674, 638], [303, 649, 663, 687, 759, 987, 735, 984, 512, 450], [585, 960, 963, 938, 766, 875, 957, 925, 958], [62, 259, 237, 175, 176, 881, 730, 665, 140], [56, 694, 544, 582, 646, 936, 553, 682, 447], [480, 921, 865, 772, 800, 837, 879, 501, 554], [481, 931, 943, 739, 976, 799, 889, 811, 622], [91, 356, 422, 424, 563, 988, 284, 476, 300], [503, 753, 670, 789, 855, 831, 594, 804], [105, 624, 992, 449, 472, 261, 533, 767], [138, 986, 456, 438, 202, 316, 314, 268], [319, 992, 472, 449, 533, 477, 367], [43, 102, 75, 684, 48, 115, 330], [28, 353, 188, 623, 137, 250, 151]]
after sorted:  [[673, 971, 934, 935, 905, 876, 843, 973, 975, 949, 705, 922, 805, 970, 722, 989, 829, 716], [673, 971, 934, 935, 905, 876, 843, 973, 975, 949, 980, 805, 829, 722, 970, 989, 716], [636, 961, 996, 969, 874, 814, 948, 950, 907, 992, 686, 895, 832, 798], [683, 844, 959, 909, 914, 985, 981, 928, 747, 821, 896, 761, 857, 740], [639, 887, 842, 940, 920, 894, 893, 927, 779, 734, 915, 823, 939, 786], [636, 961, 996, 969, 874, 814, 948, 950, 907, 807, 952, 832, 798], [712, 966, 797, 888, 965, 933, 956, 864, 773, 847, 809, 818, 997], [740, 928, 844, 959, 914, 985, 981, 871, 821, 896, 857, 761], [727, 930, 960, 803, 963, 938, 875, 766, 890, 925, 957, 958], [503, 753, 670, 789, 855, 831, 736, 804, 775, 674, 937, 638], [681, 974, 863, 977, 990, 983, 962, 908, 833, 793, 877, 991], [681, 974, 863, 977, 990, 983, 962, 801, 793, 877, 830], [685, 923, 972, 901, 835, 741, 906, 836, 850, 979, 794], [685, 923, 972, 901, 852, 906, 836, 850, 979, 741, 794], [710, 998, 840, 858, 810, 816, 719, 744, 778, 978, 853], [619, 870, 911, 947, 951, 954, 903, 924, 946, 718, 880], [410, 960, 958, 938, 957, 963, 925, 803, 766, 910, 558], [440, 897, 929, 715, 919, 926, 752, 725, 768, 784, 662], [423, 839, 777, 841, 845, 597, 825, 827, 692, 932, 538], [407, 576, 644, 838, 625, 659, 953, 606, 567, 571, 479], [699, 974, 983, 877, 867, 833, 863, 990, 962, 908, 967], [325, 710, 998, 744, 840, 778, 719, 858, 816, 978, 982], [647, 842, 779, 887, 940, 920, 786, 927, 893, 823], [338, 790, 617, 785, 824, 650, 656, 822, 454, 917], [320, 608, 546, 549, 645, 678, 392, 616, 475, 361], [748, 950, 961, 996, 807, 969, 907, 948, 798, 968], [156, 224, 389, 295, 236, 233, 817, 345, 339, 208], [503, 753, 670, 789, 855, 831, 736, 866, 674, 638], [303, 649, 663, 687, 759, 987, 735, 984, 512, 450], [585, 960, 963, 938, 766, 875, 957, 925, 958], [62, 259, 237, 175, 176, 881, 730, 665, 140], [56, 694, 544, 582, 646, 936, 553, 682, 447], [480, 921, 865, 772, 800, 837, 879, 501, 554], [481, 931, 943, 739, 976, 799, 889, 811, 622], [91, 356, 422, 424, 563, 988, 284, 476, 300], [503, 753, 670, 789, 855, 831, 594, 804], [105, 624, 992, 449, 472, 261, 533, 767], [138, 986, 456, 438, 202, 316, 314, 268], [319, 992, 472, 449, 533, 477, 367], [43, 102, 75, 684, 48, 115, 330], [28, 353, 188, 623, 137, 250, 151]]
before num:  41
befor deal_cliques:  39
after deal_cliques:  38
length of seeds:  38
seeds:  [set([705, 971, 905, 970, 843, 716, 973, 975, 722, 922, 989, 673, 805, 934, 935, 876, 949, 829]), set([971, 905, 970, 843, 716, 973, 975, 722, 980, 989, 673, 805, 934, 935, 876, 949, 829]), set([992, 961, 996, 832, 969, 874, 907, 814, 948, 686, 950, 636, 798, 895]), set([928, 896, 683, 740, 959, 747, 844, 909, 914, 821, 761, 857, 985, 981]), set([887, 779, 842, 939, 940, 786, 915, 894, 823, 920, 639, 893, 734, 927]), set([832, 961, 996, 807, 969, 874, 907, 814, 948, 950, 952, 636, 798]), set([864, 933, 966, 712, 809, 847, 818, 888, 965, 997, 956, 797, 773]), set([928, 896, 740, 959, 871, 844, 914, 821, 857, 761, 985, 981]), set([960, 930, 803, 938, 875, 925, 963, 766, 727, 890, 957, 958]), set([736, 674, 804, 775, 937, 855, 753, 670, 789, 503, 638, 831]), set([833, 962, 681, 908, 877, 974, 977, 983, 793, 863, 990, 991]), set([835, 836, 741, 906, 972, 685, 850, 979, 852, 794, 923, 901]), set([801, 962, 681, 877, 974, 977, 990, 983, 793, 830, 863]), set([998, 710, 840, 810, 719, 816, 744, 978, 853, 858, 778]), set([870, 903, 619, 718, 911, 880, 946, 947, 951, 954, 924]), set([960, 963, 958, 938, 910, 957, 803, 558, 410, 925, 766]), set([768, 897, 926, 929, 715, 752, 725, 662, 919, 440, 784]), set([932, 839, 777, 423, 845, 692, 597, 841, 825, 538, 827]), set([576, 644, 838, 407, 625, 659, 567, 953, 571, 606, 479]), set([833, 962, 867, 967, 908, 877, 974, 983, 699, 990, 863]), set([325, 998, 744, 778, 719, 816, 710, 978, 840, 982, 858]), set([647, 842, 779, 940, 786, 887, 823, 920, 893, 927]), set([790, 454, 617, 650, 656, 785, 338, 917, 822, 824]), set([320, 608, 546, 549, 678, 392, 361, 616, 475, 645]), set([961, 996, 807, 968, 969, 907, 748, 948, 950, 798]), set([224, 389, 295, 233, 236, 208, 817, 339, 345, 156]), set([736, 866, 855, 674, 753, 670, 789, 503, 638, 831]), set([512, 450, 987, 649, 663, 687, 759, 984, 303, 735]), set([259, 140, 237, 175, 176, 881, 665, 730, 62]), set([544, 582, 646, 936, 553, 682, 694, 56, 447]), set([480, 800, 772, 837, 865, 554, 879, 501, 921]), set([481, 931, 811, 622, 943, 976, 739, 889, 799]), set([356, 422, 424, 476, 300, 563, 91, 284, 988]), set([992, 449, 261, 105, 624, 533, 472, 767]), set([456, 202, 268, 138, 438, 986, 316, 314]), set([992, 449, 533, 472, 319, 477, 367]), set([48, 115, 75, 102, 330, 43, 684]), set([353, 188, 151, 137, 250, 28, 623])]
seeds_fitness [0.3521288837744534, 0.2851153039832285, 0.263768115942029, 0.3137931034482759, 0.27002967359050445, 0.25283630470016205, 0.23564954682779457, 0.20401854714064915, 0.17209908735332463, 0.2802547770700637, 0.17886178861788618, 0.19287833827893175, 0.16296296296296298, 0.12987012987012986, 0.17027863777089783, 0.1779935275080906, 0.2702702702702703, 0.2386117136659436, 0.2494331065759637, 0.15492957746478872, 0.1245753114382786, 0.17509727626459143, 0.20454545454545456, 0.45685279187817257, 0.1214574898785425, 0.44776119402985076, 0.22670025188916876, 0.1465798045602606, 0.23376623376623376, 0.23300970873786409, 0.20396600566572237, 0.1094224924012158, 0.2440677966101695, 0.14358974358974358, 0.20437956204379562, 0.116991643454039, 0.30434782608695654, 0.31343283582089554]
after sort list of tuple: [(23, 0.45685279187817257), (25, 0.44776119402985076), (0, 0.3521288837744534), (3, 0.3137931034482759), (37, 0.31343283582089554), (36, 0.30434782608695654), (1, 0.2851153039832285), (9, 0.2802547770700637), (16, 0.2702702702702703), (4, 0.27002967359050445), (2, 0.263768115942029), (5, 0.25283630470016205), (18, 0.2494331065759637), (32, 0.2440677966101695), (17, 0.2386117136659436), (6, 0.23564954682779457), (28, 0.23376623376623376), (29, 0.23300970873786409), (26, 0.22670025188916876), (22, 0.20454545454545456), (34, 0.20437956204379562), (7, 0.20401854714064915), (30, 0.20396600566572237), (11, 0.19287833827893175), (10, 0.17886178861788618), (15, 0.1779935275080906), (21, 0.17509727626459143), (8, 0.17209908735332463), (14, 0.17027863777089783), (12, 0.16296296296296298), (19, 0.15492957746478872), (27, 0.1465798045602606), (33, 0.14358974358974358), (13, 0.12987012987012986), (20, 0.1245753114382786), (24, 0.1214574898785425), (35, 0.116991643454039), (31, 0.1094224924012158)]
seeds_sorted [set([320, 608, 546, 549, 678, 392, 361, 616, 475, 645]), set([224, 389, 295, 233, 236, 208, 817, 339, 345, 156]), set([705, 971, 905, 970, 843, 716, 973, 975, 722, 922, 989, 673, 805, 934, 935, 876, 949, 829]), set([928, 896, 683, 740, 959, 747, 844, 909, 914, 821, 761, 857, 985, 981]), set([353, 188, 151, 137, 250, 28, 623]), set([48, 115, 75, 102, 330, 43, 684]), set([971, 905, 970, 843, 716, 973, 975, 722, 980, 989, 673, 805, 934, 935, 876, 949, 829]), set([736, 674, 804, 775, 937, 855, 753, 670, 789, 503, 638, 831]), set([768, 897, 926, 929, 715, 752, 725, 662, 919, 440, 784]), set([887, 779, 842, 939, 940, 786, 915, 894, 823, 920, 639, 893, 734, 927]), set([992, 961, 996, 832, 969, 874, 907, 814, 948, 686, 950, 636, 798, 895]), set([832, 961, 996, 807, 969, 874, 907, 814, 948, 950, 952, 636, 798]), set([576, 644, 838, 407, 625, 659, 567, 953, 571, 606, 479]), set([356, 422, 424, 476, 300, 563, 91, 284, 988]), set([932, 839, 777, 423, 845, 692, 597, 841, 825, 538, 827]), set([864, 933, 966, 712, 809, 847, 818, 888, 965, 997, 956, 797, 773]), set([259, 140, 237, 175, 176, 881, 665, 730, 62]), set([544, 582, 646, 936, 553, 682, 694, 56, 447]), set([736, 866, 855, 674, 753, 670, 789, 503, 638, 831]), set([790, 454, 617, 650, 656, 785, 338, 917, 822, 824]), set([456, 202, 268, 138, 438, 986, 316, 314]), set([928, 896, 740, 959, 871, 844, 914, 821, 857, 761, 985, 981]), set([480, 800, 772, 837, 865, 554, 879, 501, 921]), set([835, 836, 741, 906, 972, 685, 850, 979, 852, 794, 923, 901]), set([833, 962, 681, 908, 877, 974, 977, 983, 793, 863, 990, 991]), set([960, 963, 958, 938, 910, 957, 803, 558, 410, 925, 766]), set([647, 842, 779, 940, 786, 887, 823, 920, 893, 927]), set([960, 930, 803, 938, 875, 925, 963, 766, 727, 890, 957, 958]), set([870, 903, 619, 718, 911, 880, 946, 947, 951, 954, 924]), set([801, 962, 681, 877, 974, 977, 990, 983, 793, 830, 863]), set([833, 962, 867, 967, 908, 877, 974, 983, 699, 990, 863]), set([512, 450, 987, 649, 663, 687, 759, 984, 303, 735]), set([992, 449, 261, 105, 624, 533, 472, 767]), set([998, 710, 840, 810, 719, 816, 744, 978, 853, 858, 778]), set([325, 998, 744, 778, 719, 816, 710, 978, 840, 982, 858]), set([961, 996, 807, 968, 969, 907, 748, 948, 950, 798]), set([992, 449, 533, 472, 319, 477, 367]), set([481, 931, 811, 622, 943, 976, 739, 889, 799])]
args__________ ([set([320, 608, 546, 549, 678, 392, 361, 616, 475, 645]), set([481, 931, 811, 622, 943, 976, 739, 889, 799])],)
args__________ ([set([224, 389, 295, 233, 236, 208, 817, 339, 345, 156]), set([992, 449, 533, 472, 319, 477, 367])],)
args__________ ([set([705, 971, 905, 970, 843, 716, 973, 975, 722, 922, 989, 673, 805, 934, 935, 876, 949, 829]), set([961, 996, 807, 968, 969, 907, 748, 948, 950, 798])],)
args__________ ([set([928, 896, 683, 740, 959, 747, 844, 909, 914, 821, 761, 857, 985, 981]), set([325, 998, 744, 778, 719, 816, 710, 978, 840, 982, 858])],)
args__________ ([set([353, 188, 151, 137, 250, 28, 623]), set([998, 710, 840, 810, 719, 816, 744, 978, 853, 858, 778])],)
args__________ ([set([48, 115, 75, 102, 330, 43, 684]), set([992, 449, 261, 105, 624, 533, 472, 767])],)
args__________ ([set([971, 905, 970, 843, 716, 973, 975, 722, 980, 989, 673, 805, 934, 935, 876, 949, 829])],)
args__________ ([set([736, 674, 804, 775, 937, 855, 753, 670, 789, 503, 638, 831])],)
args__________ ([set([768, 897, 926, 929, 715, 752, 725, 662, 919, 440, 784])],)
args__________ ([set([887, 779, 842, 939, 940, 786, 915, 894, 823, 920, 639, 893, 734, 927])],)
args__________ ([set([992, 961, 996, 832, 969, 874, 907, 814, 948, 686, 950, 636, 798, 895])],)
args__________ ([set([832, 961, 996, 807, 969, 874, 907, 814, 948, 950, 952, 636, 798])],)
args__________ ([set([576, 644, 838, 407, 625, 659, 567, 953, 571, 606, 479])],)
args__________ ([set([356, 422, 424, 476, 300, 563, 91, 284, 988])],)
args__________ ([set([932, 839, 777, 423, 845, 692, 597, 841, 825, 538, 827])],)
args__________ ([set([864, 933, 966, 712, 809, 847, 818, 888, 965, 997, 956, 797, 773])],)
args__________ ([set([259, 140, 237, 175, 176, 881, 665, 730, 62])],)
args__________ ([set([544, 582, 646, 936, 553, 682, 694, 56, 447])],)
args__________ ([set([736, 866, 855, 674, 753, 670, 789, 503, 638, 831])],)
args__________ ([set([790, 454, 617, 650, 656, 785, 338, 917, 822, 824])],)
args__________ ([set([456, 202, 268, 138, 438, 986, 316, 314])],)
args__________ ([set([928, 896, 740, 959, 871, 844, 914, 821, 857, 761, 985, 981])],)
args__________ ([set([480, 800, 772, 837, 865, 554, 879, 501, 921])],)
args__________ ([set([835, 836, 741, 906, 972, 685, 850, 979, 852, 794, 923, 901])],)
args__________ ([set([833, 962, 681, 908, 877, 974, 977, 983, 793, 863, 990, 991])],)
args__________ ([set([960, 963, 958, 938, 910, 957, 803, 558, 410, 925, 766])],)
args__________ ([set([647, 842, 779, 940, 786, 887, 823, 920, 893, 927])],)
args__________ ([set([960, 930, 803, 938, 875, 925, 963, 766, 727, 890, 957, 958])],)
args__________ ([set([870, 903, 619, 718, 911, 880, 946, 947, 951, 954, 924])],)
args__________ ([set([801, 962, 681, 877, 974, 977, 990, 983, 793, 830, 863])],)
args__________ ([set([833, 962, 867, 967, 908, 877, 974, 983, 699, 990, 863])],)
args__________ ([set([512, 450, 987, 649, 663, 687, 759, 984, 303, 735])],)
finish process___________________
left nodes numner:_______ 274
sorted nodes by betweenness [3, 20, 22, 23, 26, 31, 35, 38, 47, 51, 52, 53, 54, 55, 57, 59, 61, 64, 71, 78, 82, 85, 87, 89, 97, 98, 101, 122, 124, 129, 134, 135, 136, 141, 143, 144, 146, 159, 160, 164, 172, 173, 178, 181, 184, 186, 187, 191, 194, 195, 197, 199, 203, 209, 210, 212, 215, 216, 221, 222, 223, 226, 228, 229, 230, 231, 238, 251, 255, 257, 258, 263, 264, 269, 272, 276, 280, 283, 286, 287, 288, 291, 293, 294, 296, 297, 299, 307, 308, 309, 311, 322, 324, 326, 331, 332, 333, 335, 342, 343, 344, 347, 348, 349, 350, 364, 368, 370, 373, 375, 378, 379, 382, 385, 386, 388, 393, 394, 398, 399, 412, 418, 419, 421, 429, 439, 451, 457, 458, 461, 463, 464, 465, 469, 478, 487, 490, 494, 500, 507, 516, 524, 525, 527, 529, 530, 531, 535, 537, 539, 541, 545, 547, 550, 555, 561, 562, 564, 574, 578, 581, 584, 585, 586, 589, 592, 593, 594, 595, 596, 599, 603, 607, 611, 615, 618, 626, 632, 633, 637, 640, 641, 643, 653, 654, 655, 660, 661, 664, 666, 672, 675, 679, 680, 688, 690, 691, 695, 698, 700, 701, 702, 704, 706, 708, 709, 713, 717, 723, 726, 728, 733, 737, 738, 742, 746, 749, 751, 755, 758, 760, 762, 763, 764, 769, 770, 771, 776, 780, 781, 783, 787, 788, 791, 792, 796, 802, 815, 819, 820, 826, 834, 846, 848, 849, 851, 856, 862, 868, 869, 872, 878, 883, 884, 885, 886, 892, 898, 900, 902, 904, 912, 913, 918, 942, 944, 945, 955, 964, 993, 994, 995, 999, 1000]
args__________ ([[3, 451, 898, 378, 98, 399, 307, 764]],)
args__________ ([[20, 868, 869, 849, 851, 726, 704, 904, 555]],)
args__________ ([[22, 129, 994, 203, 228, 87, 955, 135, 61]],)
args__________ ([[23, 199, 276, 212, 221, 89, 269, 679]],)
args__________ ([[26, 709, 796, 819, 723, 976, 574]],)
args__________ ([[31, 868, 869, 849, 851, 704, 322, 763]],)
args__________ ([[35, 586, 64, 394, 382, 463]],)
args__________ ([[38, 451, 898, 399, 378, 144, 307, 764]],)
args__________ ([[47, 586, 463, 700, 216]],)
args__________ ([[51, 993, 878, 728, 913, 986, 918]],)
args__________ ([[52, 586, 394, 463, 195, 382]],)
args__________ ([[53, 738, 819, 723, 979, 796, 976, 846]],)
args__________ ([[54, 586, 394, 216, 382]],)
args__________ ([[22, 129, 994, 203, 228, 87, 955, 135, 55]],)
args__________ ([[57, 900, 758, 494, 702, 993]],)
args__________ ([[59, 869, 851, 868, 849, 654, 763]],)
args__________ ([[22, 129, 994, 203, 228, 87, 955, 135, 61]],)
args__________ ([[35, 586, 64, 394, 382, 463]],)
args__________ ([[71, 584, 487, 288, 419, 229, 713]],)
args__________ ([[78, 865, 921, 554, 879]],)
args__________ ([[54, 586, 283, 82, 382]],)
args__________ ([[85, 332, 690, 272, 344, 209, 146, 222, 599]],)
args__________ ([[22, 129, 994, 203, 228, 87, 955, 135, 61]],)
args__________ ([[23, 199, 276, 212, 221, 89, 269, 679]],)
args__________ ([[97, 900, 856, 993, 524, 791]],)
args__________ ([[3, 451, 898, 378, 98, 399, 307, 764]],)
args__________ ([[101, 586, 216, 373, 195, 700]],)
args__________ ([[122, 288, 584, 257, 419, 347, 487, 461, 713]],)
args__________ ([[124, 996, 859, 874, 907, 948]],)
args__________ ([[22, 129, 994, 203, 228, 87, 955, 135, 61]],)
args__________ ([[134, 674, 937, 753, 804, 789]],)
args__________ ([[22, 129, 994, 203, 228, 87, 955, 135, 61]],)
finish single seed process___________________
left nodes numner:_______ 114
sorted nodes by betweenness [136, 141, 160, 172, 184, 186, 187, 197, 210, 230, 251, 255, 280, 286, 287, 291, 293, 296, 299, 309, 324, 326, 333, 342, 368, 375, 379, 385, 412, 418, 421, 429, 439, 465, 490, 500, 527, 530, 535, 537, 539, 541, 547, 562, 564, 578, 581, 585, 589, 592, 593, 594, 607, 618, 626, 633, 637, 641, 653, 655, 660, 661, 664, 666, 672, 675, 680, 688, 691, 695, 698, 701, 706, 717, 733, 737, 742, 746, 749, 751, 760, 762, 769, 770, 771, 776, 780, 781, 783, 787, 788, 792, 802, 815, 820, 826, 834, 848, 862, 872, 883, 884, 885, 886, 892, 902, 912, 942, 944, 945, 964, 995, 999, 1000]
args__________ ([[136, 995, 781, 626, 936, 953, 186, 717]],)
args__________ ([[141, 786, 915, 887, 893, 927]],)
args__________ ([[160, 940, 927, 894, 823]],)
args__________ ([[172, 995, 717, 791, 626, 324, 655]],)
args__________ ([[184, 963, 890, 925, 958, 854]],)
args__________ ([[136, 995, 781, 626, 936, 953, 186, 717]],)
args__________ ([[187, 896, 857, 985, 914, 981]],)
args__________ ([[170, 980, 427, 499, 197, 441]],)
args__________ ([[210, 995, 781, 717, 989, 953, 626]],)
args__________ ([[146, 332, 272, 344, 222, 230]],)
args__________ ([[222, 332, 272, 344, 251, 690]],)
args__________ ([[255, 995, 781, 989, 936, 717, 791, 953]],)
args__________ ([[280, 800, 921, 513, 865, 837]],)
args__________ ([[270, 694, 286, 447, 544]],)
args__________ ([[287, 848, 970, 949, 922, 971, 973, 975]],)
args__________ ([[291, 674, 831, 754, 670, 658]],)
args__________ ([[293, 941, 946, 954, 947, 756, 951]],)
args__________ ([[204, 224, 389, 295, 817, 339, 296]],)
args__________ ([[299, 584, 529, 347, 461]],)
args__________ ([[309, 896, 928, 985, 821, 981, 959]],)
args__________ ([[324, 995, 936, 781, 717, 989, 626, 655, 791]],)
args__________ ([[326, 928, 601, 985, 882, 981, 959]],)
args__________ ([[262, 736, 333, 855, 775]],)
args__________ ([[342, 522, 588, 904, 504, 496]],)
args__________ ([[25, 682, 694, 646, 553, 368, 285]],)
args__________ ([[375, 961, 969, 859, 996, 813]],)
args__________ ([[379, 953, 644, 625, 659, 838, 567]],)
args__________ ([[136, 995, 781, 626, 385, 953, 717]],)
args__________ ([[412, 961, 969, 996, 948, 950, 895]],)
args__________ ([[348, 709, 819, 979, 796, 817, 418]],)
args__________ ([[421, 899, 941, 880, 946, 954, 947, 924]],)
args__________ ([[429, 974, 977, 962, 990, 731, 968]],)
finish single seed process___________________
left nodes numner:_______ 67
sorted nodes by betweenness [465, 490, 500, 527, 530, 535, 537, 539, 541, 547, 562, 578, 581, 585, 589, 592, 607, 618, 637, 641, 653, 661, 664, 666, 675, 688, 691, 695, 698, 701, 706, 733, 737, 742, 746, 749, 751, 760, 762, 769, 770, 771, 776, 780, 787, 788, 792, 802, 815, 820, 826, 834, 862, 872, 883, 884, 885, 886, 892, 902, 912, 942, 944, 945, 964, 999, 1000]
args__________ ([[465, 960, 963, 560, 938, 957, 958, 766]],)
args__________ ([[490, 896, 928, 985, 981, 959]],)
args__________ ([[500, 896, 928, 985, 981, 959, 740]],)
args__________ ([[527, 868, 869, 851, 849, 393, 967]],)
args__________ ([[530, 911, 899, 880, 946, 954, 947, 924, 951]],)
args__________ ([[535, 897, 784, 575, 926, 919, 929]],)
args__________ ([[537, 900, 993, 856, 702, 988, 758]],)
args__________ ([[454, 790, 822, 824, 650, 656, 539]],)
args__________ ([[541, 897, 628, 725, 926, 662, 919, 929]],)
args__________ ([[547, 897, 714, 752, 725, 926, 919, 929]],)
args__________ ([[23, 199, 276, 212, 221, 562, 269, 679]],)
args__________ ([[578, 692, 839, 777, 841, 845, 827, 884]],)
args__________ ([[581, 923, 836, 906, 850, 972, 901, 806]],)
args__________ ([[585, 960, 963, 938, 766, 875, 957, 925, 958]],)
args__________ ([[501, 800, 837, 879, 921, 865, 772, 589, 554]],)
args__________ ([[592, 864, 965, 933, 888, 818, 956, 966, 847]],)
args__________ ([[607, 935, 905, 970, 949, 922, 971, 973, 975]],)
args__________ ([[618, 923, 806, 873, 972, 850, 916, 836, 852]],)
args__________ ([[637, 842, 940, 915, 887, 920, 927, 893, 894, 639]],)
args__________ ([[641, 899, 946, 951, 954, 924, 947, 880, 941]],)
args__________ ([[46, 960, 963, 938, 957, 890, 925, 653]],)
args__________ ([[620, 966, 933, 956, 965, 861, 864, 661, 809, 847]],)
args__________ ([[664, 927, 779, 940, 915, 987, 828, 734, 894, 887]],)
args__________ ([[666, 884, 839, 841, 845, 825, 827, 932, 912]],)
args__________ ([[444, 939, 580, 523, 652, 532, 570, 605, 675, 520]],)
args__________ ([[131, 992, 477, 533, 767, 227, 688]],)
args__________ ([[106, 448, 903, 587, 405, 572, 534, 543, 691]],)
args__________ ([[635, 736, 804, 937, 753, 638, 831, 695, 855]],)
args__________ ([[519, 822, 824, 785, 656, 790, 548, 698]],)
args__________ ([[488, 865, 921, 800, 837, 879, 701]],)
args__________ ([[248, 576, 644, 625, 659, 953, 571, 485, 567, 706]],)
args__________ ([[628, 897, 752, 919, 926, 768, 929, 733, 714]],)
finish single seed process___________________
left nodes numner:_______ 33
sorted nodes by betweenness [737, 742, 746, 749, 751, 760, 762, 769, 770, 771, 776, 780, 787, 788, 792, 802, 815, 820, 826, 834, 862, 872, 883, 885, 886, 892, 902, 942, 944, 945, 964, 999, 1000]
args__________ ([[357, 804, 753, 754, 855, 831, 737, 775]],)
args__________ ([[686, 996, 895, 874, 948, 742, 992, 969, 907, 968]],)
args__________ ([[707, 844, 909, 985, 981, 959, 746, 882, 857]],)
args__________ ([[743, 946, 954, 924, 941, 911, 880, 947, 951, 749]],)
args__________ ([[247, 960, 963, 957, 925, 890, 938, 751, 854]],)
args__________ ([[681, 974, 863, 977, 990, 983, 962, 908, 833, 760, 699]],)
args__________ ([[247, 960, 963, 957, 925, 890, 762, 958, 854]],)
args__________ ([[503, 753, 670, 789, 855, 831, 736, 804, 775, 769]],)
args__________ ([[33, 289, 999, 875, 770, 169, 114]],)
args__________ ([[561, 708, 900, 856, 988, 898, 758, 771]],)
args__________ ([[1000, 643, 869, 851, 868, 849, 755, 704, 555, 726, 776]],)
args__________ ([[669, 897, 715, 919, 752, 926, 768, 929, 780, 802]],)
args__________ ([[92, 903, 587, 572, 543, 161, 130, 787]],)
args__________ ([[788, 961, 996, 969, 907, 948, 950, 895, 798, 832, 968]],)
args__________ ([[292, 960, 938, 963, 957, 958, 854, 890, 925, 792]],)
args__________ ([[669, 897, 715, 919, 752, 926, 768, 929, 784, 802]],)
args__________ ([[423, 839, 777, 841, 845, 597, 825, 827, 815]],)
args__________ ([[793, 977, 983, 962, 990, 863, 908, 877, 833, 820]],)
args__________ ([[9, 980, 441, 569, 427, 737, 826]],)
args__________ ([[673, 971, 934, 935, 905, 876, 843, 973, 975, 949, 705, 922, 834, 765]],)
args__________ ([[10, 512, 649, 759, 687, 984, 987, 663, 862]],)
args__________ ([[609, 985, 844, 909, 882, 914, 981, 959, 928, 821, 872, 857]],)
args__________ ([[716, 971, 805, 829, 934, 935, 905, 970, 843, 876, 973, 975, 949, 860, 922, 883]],)
args__________ ([[619, 870, 911, 947, 951, 954, 941, 880, 885, 729]],)
args__________ ([[602, 924, 946, 954, 870, 951, 911, 947, 880, 886, 756, 941]],)
args__________ ([[538, 845, 841, 825, 827, 892, 777, 932, 692, 597]],)
args__________ ([[734, 842, 887, 779, 940, 920, 893, 894, 927, 915, 987, 939, 786, 902]],)
args__________ ([[636, 961, 996, 969, 874, 814, 948, 950, 942, 686, 895, 832, 798]],)
args__________ ([[614, 908, 877, 974, 977, 944, 793, 867, 983, 699]],)
args__________ ([[545, 709, 979, 819, 738, 723, 574, 976, 945]],)
args__________ ([[435, 864, 773, 933, 965, 966, 847, 888, 956, 861, 964, 620]],)
args__________ ([[613, 842, 887, 779, 940, 915, 920, 894, 927, 828, 893, 999, 823, 734, 639]],)
finish single seed process___________________
i =  0 [320, 608, 546, 549, 678, 39, 392, 361, 359, 239, 616, 84, 153, 475, 328, 37, 510, 645]
i =  1 [387, 651, 19, 150, 29, 799, 416, 163, 808, 811, 943, 49, 568, 976, 931, 724, 481, 610, 739, 362, 622, 629, 502, 889]
i =  2 [224, 389, 70, 295, 233, 236, 208, 817, 339, 204, 345, 156]
i =  3 [992, 449, 131, 261, 72, 105, 266, 367, 624, 227, 533, 472, 767, 477, 319]
i =  4 [107, 905, 526, 922, 542, 417, 805, 934, 935, 168, 949, 313, 829, 190, 705, 843, 673, 970, 971, 716, 205, 973, 337, 722, 975, 860, 989, 167, 876, 765, 511]
i =  5 [132, 6, 521, 907, 403, 814, 27, 157, 798, 32, 807, 813, 686, 492, 948, 950, 58, 573, 832, 961, 968, 969, 211, 598, 859, 996, 874, 748, 242, 636, 254, 895]
i =  6 [896, 601, 7, 909, 782, 145, 914, 985, 928, 34, 683, 556, 305, 821, 959, 707, 844, 590, 591, 340, 981, 857, 609, 740, 234, 747, 882, 757, 118, 761]
i =  7 [778, 16, 17, 152, 667, 158, 415, 552, 372, 810, 812, 559, 816, 437, 566, 696, 185, 452, 325, 710, 840, 206, 207, 312, 978, 467, 468, 341, 982, 858, 219, 719, 351, 998, 401, 744, 360, 498, 116, 117, 374, 634]
i =  8 [353, 162, 5, 137, 13, 623, 188, 151, 250, 28]
i =  9 [778, 17, 152, 667, 158, 810, 812, 816, 566, 312, 452, 325, 710, 840, 719, 978, 467, 468, 853, 858, 998, 401, 744]
i =  10 [75, 100, 102, 330, 43, 684, 77, 48, 115]
i =  11 [992, 449, 131, 261, 72, 105, 266, 367, 624, 227, 533, 472, 319, 477, 767]
i =  12 [9, 526, 148, 922, 155, 542, 673, 805, 934, 935, 41, 170, 427, 313, 949, 905, 569, 829, 190, 42, 705, 67, 417, 970, 971, 716, 973, 205, 337, 722, 980, 214, 441, 88, 975, 860, 989, 99, 166, 843, 167, 876, 240, 497, 499, 245, 765, 511]
i =  13 [1, 262, 775, 139, 658, 789, 281, 30, 674, 804, 937, 670, 831, 855, 94, 736, 225, 357, 753, 754, 503, 635, 638]
i =  14 [768, 897, 515, 774, 784, 274, 662, 919, 669, 926, 929, 440, 445, 575, 714, 715, 725, 18, 752, 628, 891, 383]
i =  15 [390, 520, 779, 396, 786, 915, 532, 920, 668, 927, 290, 939, 940, 8, 310, 823, 697, 570, 315, 828, 318, 192, 193, 523, 580, 652, 842, 459, 79, 473, 605, 734, 613, 358, 444, 491, 365, 246, 887, 893, 894, 639]
i =  16 [131, 132, 261, 6, 449, 521, 266, 907, 533, 403, 686, 27, 157, 798, 32, 807, 813, 814, 948, 950, 58, 573, 832, 961, 72, 969, 211, 598, 472, 859, 477, 992, 227, 996, 105, 874, 492, 367, 242, 245, 767, 636, 254, 895]
i =  17 [132, 6, 521, 907, 403, 686, 4, 27, 157, 798, 32, 807, 813, 814, 177, 948, 950, 73, 952, 58, 832, 961, 182, 969, 74, 211, 598, 859, 996, 874, 492, 21, 83, 121, 636, 125, 254, 895]
i =  18 [576, 644, 485, 838, 407, 15, 336, 625, 659, 271, 567, 248, 953, 217, 571, 60, 606, 479]
i =  19 [323, 356, 198, 422, 424, 329, 300, 476, 304, 563, 68, 91, 284, 988]
i =  20 [604, 577, 932, 69, 839, 777, 423, 845, 495, 433, 692, 597, 278, 841, 376, 825, 538, 827, 220, 657, 377]
i =  21 [514, 517, 395, 14, 15, 402, 275, 149, 536, 409, 179, 797, 773, 933, 809, 426, 428, 818, 413, 306, 435, 693, 442, 443, 956, 317, 965, 966, 712, 460, 847, 600, 346, 861, 95, 864, 483, 997, 103, 745, 620, 434, 369, 243, 888, 298, 253]
i =  22 [2, 259, 140, 237, 175, 176, 881, 301, 665, 730, 506, 62]
i =  23 [544, 96, 582, 646, 936, 553, 682, 44, 270, 76, 40, 180, 694, 56, 25, 285, 447]
i =  24 [128, 1, 262, 775, 139, 12, 397, 400, 658, 789, 281, 30, 674, 804, 165, 50, 670, 831, 65, 11, 86, 855, 94, 736, 225, 866, 357, 753, 754, 503, 635, 381, 638]
i =  25 [519, 650, 656, 273, 917, 790, 279, 548, 557, 565, 822, 824, 66, 196, 454, 338, 352, 612, 785, 617, 466, 366, 627, 123]
i =  26 [256, 456, 202, 171, 268, 430, 138, 200, 90, 213, 438, 282, 314, 316, 986]
i =  27 [896, 235, 7, 522, 267, 909, 782, 528, 145, 914, 601, 928, 34, 683, 556, 305, 436, 821, 959, 707, 453, 455, 588, 844, 484, 590, 591, 80, 340, 981, 470, 249, 857, 218, 985, 609, 740, 871, 234, 747, 496, 882, 757, 118, 504, 761]
i =  28 [384, 513, 642, 772, 391, 648, 406, 921, 154, 411, 671, 800, 420, 554, 327, 837, 711, 721, 471, 732, 480, 865, 486, 488, 879, 113, 501, 630]
i =  29 [901, 518, 906, 45, 579, 404, 794, 923, 806, 425, 685, 432, 689, 63, 67, 836, 201, 972, 850, 979, 852, 741, 104, 873, 621, 112, 120, 916, 835, 252, 126]
i =  30 [260, 133, 908, 142, 493, 793, 699, 681, 183, 863, 830, 703, 833, 962, 974, 977, 355, 983, 731, 990, 991, 867, 614, 489, 877, 244, 631]
i =  31 [265, 910, 147, 558, 410, 540, 925, 803, 292, 551, 938, 46, 431, 560, 957, 958, 960, 321, 963, 583, 462, 854, 727, 354, 232, 247, 890, 766]
i =  32 [390, 647, 779, 396, 786, 915, 920, 668, 927, 940, 823, 697, 315, 828, 318, 192, 193, 842, 459, 734, 613, 246, 887, 893, 894, 639]
i =  33 [265, 147, 277, 410, 540, 925, 33, 930, 803, 292, 551, 169, 938, 46, 431, 560, 957, 958, 960, 321, 963, 583, 119, 462, 81, 854, 727, 93, 354, 232, 875, 108, 289, 111, 114, 247, 890, 558, 766, 511]
i =  34 [130, 899, 903, 911, 405, 534, 408, 795, 924, 602, 414, 543, 161, 619, 676, 677, 941, 174, 946, 947, 951, 954, 572, 446, 448, 587, 718, 720, 729, 474, 92, 482, 870, 743, 106, 363, 750, 880, 756, 505, 508, 127]
i =  35 [260, 133, 908, 142, 493, 793, 801, 681, 183, 699, 830, 703, 833, 962, 974, 977, 867, 983, 731, 990, 863, 355, 614, 489, 877, 244, 631]
i =  36 [260, 133, 908, 142, 493, 793, 801, 681, 183, 699, 830, 703, 833, 962, 967, 974, 977, 355, 334, 983, 731, 990, 863, 867, 614, 489, 877, 244, 631]
i =  37 [512, 649, 10, 663, 24, 303, 36, 302, 687, 315, 189, 450, 459, 984, 987, 735, 109, 110, 241, 371, 759, 380, 509]
i =  38 [98, 3, 38, 223, 226, 898, 451, 399, 144, 307, 311, 378, 143, 764, 159]
i =  39 [643, 388, 470, 904, 393, 522, 267, 654, 528, 20, 516, 31, 555, 264, 436, 59, 704, 322, 453, 457, 588, 80, 849, 851, 726, 868, 218, 223, 507, 484, 869, 231, 235, 496, 755, 504, 763]
i =  40 [640, 129, 386, 918, 135, 343, 525, 913, 531, 22, 297, 173, 178, 308, 55, 955, 61, 331, 458, 203, 596, 87, 728, 603, 349, 994, 228, 878, 370, 632]
i =  41 [679, 199, 364, 269, 335, 276, 89, 23, 212, 221]
i =  42 [545, 738, 350, 164, 709, 550, 348, 976, 19, 464, 53, 723, 819, 26, 796, 574]
i =  43 [643, 516, 264, 393, 654, 20, 388, 31, 555, 59, 704, 322, 457, 849, 851, 726, 507, 868, 869, 231, 755, 763]
i =  44 [64, 35, 101, 586, 463, 238, 47, 82, 195, 52, 373, 54, 216, 283, 394, 382]
i =  45 [98, 3, 38, 223, 226, 898, 451, 399, 144, 307, 311, 378, 143, 764, 159]
i =  46 [64, 35, 101, 586, 238, 47, 82, 195, 52, 373, 54, 216, 283, 463, 700, 394, 382]
i =  47 [640, 256, 386, 263, 138, 268, 525, 913, 531, 918, 282, 90, 297, 171, 430, 456, 178, 51, 308, 181, 438, 314, 316, 202, 191, 200, 458, 331, 596, 213, 343, 728, 986, 603, 349, 95, 993, 878, 370, 632]
i =  48 [64, 35, 101, 586, 238, 47, 82, 195, 52, 373, 54, 216, 283, 463, 394, 382]
i =  49 [545, 738, 164, 709, 550, 348, 165, 194, 846, 464, 19, 350, 976, 723, 819, 26, 574, 796, 979, 53]
i =  50 [64, 35, 101, 47, 586, 238, 463, 82, 195, 52, 373, 54, 216, 283, 394, 382]
i =  51 [640, 129, 386, 918, 135, 343, 525, 913, 531, 22, 297, 173, 178, 308, 55, 955, 61, 331, 458, 203, 596, 87, 728, 603, 349, 994, 228, 878, 370, 632]
i =  52 [993, 258, 611, 900, 51, 615, 524, 494, 398, 561, 595, 708, 97, 758, 215, 856, 57, 478, 702]
i =  53 [643, 516, 264, 393, 654, 20, 388, 31, 555, 59, 704, 322, 457, 849, 851, 726, 507, 868, 869, 231, 755, 763]
i =  54 [640, 129, 386, 918, 135, 343, 525, 913, 531, 22, 297, 173, 178, 308, 55, 955, 61, 331, 458, 203, 596, 87, 728, 603, 349, 994, 228, 878, 370, 632]
i =  55 [64, 35, 101, 586, 463, 238, 47, 82, 195, 52, 373, 54, 216, 283, 394, 382]
i =  56 [288, 257, 419, 229, 487, 584, 713, 71, 461, 529, 122, 347]
i =  57 [384, 513, 642, 772, 391, 648, 406, 921, 154, 411, 671, 800, 420, 554, 327, 837, 711, 78, 721, 471, 732, 480, 865, 486, 488, 879, 113, 501, 630]
i =  58 [64, 35, 101, 47, 586, 238, 463, 82, 195, 52, 373, 54, 216, 283, 394, 382]
i =  59 [332, 146, 272, 209, 690, 85, 599, 344, 222, 469]
i =  60 [640, 129, 386, 918, 135, 343, 525, 913, 531, 22, 297, 173, 178, 308, 55, 955, 61, 331, 458, 203, 596, 87, 728, 603, 349, 994, 228, 878, 370, 632]
i =  61 [679, 199, 364, 269, 335, 276, 89, 23, 212, 221]
i =  62 [258, 900, 263, 524, 398, 791, 561, 51, 57, 702, 708, 993, 458, 595, 215, 856, 478, 97, 611, 615, 494, 758]
i =  63 [98, 3, 38, 223, 226, 898, 451, 399, 144, 307, 311, 378, 143, 764, 159]
i =  64 [64, 35, 101, 586, 463, 238, 47, 82, 195, 52, 373, 54, 216, 283, 700, 394, 382]
i =  65 [288, 257, 419, 229, 487, 584, 713, 71, 461, 529, 122, 347]
i =  66 [132, 6, 521, 907, 403, 686, 27, 157, 798, 32, 294, 807, 813, 814, 948, 950, 58, 832, 961, 969, 211, 598, 859, 996, 124, 874, 492, 636, 254, 895]
i =  67 [640, 129, 386, 918, 135, 343, 525, 913, 531, 22, 297, 173, 178, 308, 55, 955, 61, 331, 458, 203, 596, 87, 728, 603, 349, 994, 228, 878, 370, 632]
i =  68 [1, 134, 775, 139, 658, 789, 281, 30, 674, 804, 262, 937, 670, 831, 855, 94, 736, 225, 357, 753, 754, 503, 635, 638]
i =  69 [640, 129, 386, 918, 135, 343, 525, 913, 531, 22, 297, 173, 178, 308, 55, 955, 61, 331, 458, 203, 596, 87, 728, 603, 349, 994, 228, 878, 370, 632]
i =  70 [385, 644, 134, 263, 136, 44, 407, 781, 270, 271, 659, 660, 791, 25, 285, 544, 646, 625, 40, 553, 682, 172, 180, 694, 439, 56, 953, 186, 571, 60, 447, 576, 324, 582, 567, 76, 717, 336, 210, 936, 313, 217, 655, 606, 479, 96, 995, 485, 107, 168, 626, 248, 255]
i =  71 [390, 779, 396, 141, 786, 915, 920, 668, 927, 940, 823, 697, 315, 828, 318, 192, 193, 842, 459, 734, 613, 246, 887, 893, 894, 639]
i =  72 [390, 779, 396, 786, 915, 920, 668, 927, 160, 940, 823, 697, 315, 828, 318, 192, 193, 842, 459, 734, 613, 246, 887, 893, 894, 639]
i =  73 [385, 995, 324, 134, 136, 107, 172, 781, 717, 168, 210, 660, 626, 791, 313, 186, 271, 655, 255]
i =  74 [265, 147, 558, 410, 540, 925, 803, 292, 551, 938, 46, 431, 560, 184, 957, 958, 960, 321, 963, 583, 462, 854, 727, 354, 232, 247, 890, 766]
i =  75 [385, 644, 134, 263, 136, 44, 407, 781, 270, 271, 659, 660, 791, 25, 285, 544, 646, 625, 40, 553, 682, 172, 180, 694, 439, 56, 953, 186, 571, 60, 447, 576, 324, 582, 567, 76, 717, 336, 210, 936, 313, 217, 655, 606, 479, 96, 995, 485, 107, 168, 626, 248, 255]
i =  76 [896, 7, 909, 782, 145, 914, 601, 928, 34, 683, 556, 305, 821, 187, 959, 194, 707, 844, 590, 591, 340, 981, 761, 857, 985, 609, 740, 234, 747, 882, 757, 118, 249]
i =  77 [99, 197, 9, 170, 427, 497, 499, 148, 214, 41, 441, 569, 980, 42]
i =  78 [385, 644, 134, 263, 136, 407, 781, 655, 659, 660, 791, 672, 673, 168, 172, 567, 953, 186, 571, 60, 576, 324, 599, 717, 336, 337, 210, 85, 313, 217, 271, 989, 606, 479, 995, 485, 107, 722, 625, 626, 248, 255]
i =  79 [230, 332, 272, 209, 146, 85, 344, 222]
i =  80 [332, 146, 272, 209, 690, 85, 344, 251, 222, 469]
i =  81 [385, 644, 646, 263, 136, 44, 407, 781, 270, 271, 659, 660, 791, 25, 285, 544, 134, 625, 168, 553, 682, 172, 180, 694, 439, 56, 564, 186, 571, 60, 447, 576, 324, 582, 567, 76, 717, 336, 953, 210, 313, 217, 655, 989, 606, 479, 96, 995, 485, 107, 594, 936, 626, 248, 40, 255]
i =  82 [384, 513, 642, 772, 391, 648, 406, 280, 921, 154, 411, 671, 800, 420, 554, 327, 837, 711, 721, 471, 732, 480, 865, 486, 488, 879, 113, 501, 630]
i =  83 [544, 96, 582, 646, 40, 76, 682, 44, 270, 180, 694, 553, 56, 25, 285, 286, 447]
i =  84 [905, 526, 783, 922, 155, 542, 287, 417, 805, 934, 167, 949, 829, 190, 705, 843, 673, 970, 971, 716, 973, 205, 848, 337, 722, 88, 975, 860, 166, 935, 876, 245, 765, 126, 511]
i =  85 [1, 262, 775, 139, 658, 789, 281, 670, 674, 291, 804, 30, 831, 855, 94, 736, 225, 357, 753, 754, 503, 635, 638]
i =  86 [899, 911, 408, 795, 924, 602, 414, 619, 676, 293, 941, 946, 947, 951, 954, 446, 718, 720, 729, 474, 677, 482, 870, 743, 363, 750, 880, 756, 505, 508, 127]
i =  87 [224, 389, 70, 295, 296, 233, 204, 208, 817, 339, 236, 345, 156]
i =  88 [288, 257, 419, 229, 71, 584, 487, 461, 529, 299, 122, 347]
i =  89 [896, 7, 909, 782, 145, 914, 601, 928, 34, 683, 556, 305, 309, 821, 707, 844, 590, 591, 340, 981, 857, 985, 609, 740, 234, 747, 882, 757, 118, 761, 959]
i =  90 [385, 134, 136, 44, 781, 270, 271, 660, 791, 25, 285, 544, 646, 40, 553, 682, 172, 180, 694, 439, 56, 564, 186, 168, 447, 324, 582, 76, 717, 210, 313, 655, 989, 96, 995, 107, 936, 626, 255]
i =  91 [896, 7, 909, 782, 145, 914, 601, 928, 34, 683, 556, 305, 821, 959, 707, 326, 844, 590, 591, 340, 981, 857, 985, 609, 740, 234, 747, 882, 757, 118, 761]
i =  92 [1, 262, 775, 139, 658, 789, 281, 30, 674, 804, 670, 831, 333, 855, 94, 736, 225, 357, 753, 754, 503, 635, 638]
i =  93 [528, 235, 484, 453, 904, 470, 522, 267, 588, 80, 680, 436, 496, 342, 504, 218]
i =  94 [544, 96, 582, 646, 40, 553, 682, 44, 270, 368, 76, 180, 694, 56, 25, 285, 447]
i =  95 [132, 6, 521, 907, 403, 686, 27, 157, 798, 32, 807, 813, 814, 948, 950, 58, 832, 961, 969, 211, 598, 859, 996, 874, 492, 375, 636, 254, 895]
i =  96 [576, 571, 644, 485, 838, 407, 15, 336, 625, 659, 271, 567, 248, 953, 217, 379, 60, 606, 479]
i =  97 [385, 644, 134, 263, 136, 407, 781, 655, 659, 660, 791, 168, 172, 567, 953, 186, 571, 60, 576, 324, 717, 336, 210, 313, 217, 271, 606, 479, 995, 485, 107, 625, 626, 248, 255]
i =  98 [132, 6, 521, 907, 403, 686, 27, 412, 157, 798, 32, 807, 813, 814, 948, 950, 58, 832, 961, 969, 211, 598, 859, 996, 874, 492, 636, 254, 895]
i =  99 [389, 19, 26, 796, 545, 418, 164, 165, 550, 295, 156, 299, 817, 819, 53, 574, 194, 709, 70, 204, 464, 339, 723, 345, 348, 350, 224, 208, 738, 233, 236, 979]
i =  100 [899, 911, 408, 795, 924, 602, 414, 619, 676, 421, 941, 946, 947, 951, 954, 446, 718, 720, 729, 474, 677, 482, 870, 743, 363, 750, 880, 756, 505, 508, 127]
i =  101 [260, 133, 908, 142, 493, 793, 32, 681, 429, 183, 699, 573, 830, 703, 833, 962, 968, 974, 977, 867, 334, 983, 731, 990, 863, 355, 614, 593, 489, 877, 242, 244, 631, 633]
i =  102 [265, 147, 558, 410, 540, 925, 803, 292, 551, 938, 46, 431, 560, 957, 958, 960, 321, 963, 583, 462, 465, 854, 727, 354, 232, 247, 890, 766]
i =  103 [896, 7, 909, 782, 145, 914, 601, 928, 34, 683, 556, 305, 309, 821, 707, 844, 590, 591, 340, 981, 857, 985, 609, 740, 490, 747, 882, 757, 118, 761, 959, 234]
i =  104 [896, 7, 909, 782, 145, 985, 857, 928, 34, 683, 556, 305, 309, 821, 707, 844, 590, 591, 340, 981, 601, 609, 740, 234, 747, 914, 882, 500, 757, 118, 761, 959]
i =  105 [643, 516, 264, 393, 654, 527, 20, 388, 31, 555, 59, 704, 322, 967, 457, 849, 851, 726, 507, 868, 869, 231, 755, 763]
i =  106 [899, 911, 530, 408, 795, 924, 602, 414, 619, 676, 677, 941, 946, 947, 951, 954, 446, 718, 720, 729, 474, 482, 870, 743, 363, 750, 880, 756, 505, 508, 127]
i =  107 [768, 897, 515, 774, 919, 784, 18, 662, 535, 669, 926, 929, 440, 445, 575, 714, 715, 725, 274, 752, 628, 891, 383]
i =  108 [68, 258, 900, 524, 398, 563, 537, 155, 284, 422, 424, 476, 300, 304, 561, 51, 57, 702, 323, 708, 198, 993, 329, 78, 337, 595, 215, 856, 91, 988, 478, 97, 611, 356, 615, 494, 758]
i =  109 [519, 650, 656, 273, 790, 279, 539, 548, 557, 565, 822, 824, 66, 196, 454, 466, 352, 612, 785, 617, 338, 366, 627, 123]
i =  110 [768, 897, 515, 774, 784, 18, 662, 919, 541, 926, 929, 669, 440, 445, 575, 714, 715, 725, 274, 752, 628, 891, 383]
i =  111 [768, 897, 515, 774, 784, 274, 662, 919, 669, 926, 929, 547, 440, 445, 575, 714, 715, 725, 18, 752, 628, 891, 383]
i =  112 [199, 679, 364, 269, 335, 562, 212, 89, 23, 276, 221]
i =  113 [777, 657, 278, 538, 423, 220, 433, 692, 825, 827, 577, 578, 69, 839, 841, 845, 597, 604, 495, 884, 376, 377]
i =  114 [901, 518, 906, 685, 579, 404, 794, 923, 806, 425, 45, 432, 689, 63, 835, 836, 581, 201, 972, 850, 852, 741, 104, 873, 621, 112, 120, 916, 252, 126]
i =  115 [265, 147, 558, 410, 540, 925, 33, 803, 292, 551, 169, 938, 46, 431, 560, 957, 958, 960, 321, 963, 583, 585, 119, 462, 81, 854, 727, 93, 354, 232, 875, 108, 289, 111, 114, 247, 890, 766, 277]
i =  116 [384, 513, 642, 772, 391, 648, 406, 921, 154, 411, 671, 800, 420, 554, 327, 837, 711, 589, 721, 471, 732, 480, 865, 486, 488, 879, 113, 501, 630]
i =  117 [517, 395, 402, 149, 536, 179, 797, 773, 933, 809, 426, 306, 818, 435, 693, 442, 443, 956, 965, 966, 712, 847, 592, 600, 346, 861, 864, 745, 620, 888]
i =  118 [905, 526, 922, 542, 417, 805, 934, 935, 949, 829, 190, 705, 843, 673, 970, 971, 716, 205, 973, 722, 975, 860, 607, 167, 876, 245, 765, 511]
i =  119 [901, 518, 906, 685, 835, 916, 794, 923, 806, 425, 45, 432, 689, 63, 579, 836, 201, 972, 850, 852, 741, 104, 873, 618, 621, 112, 120, 404, 252, 126]
i =  120 [390, 779, 396, 786, 915, 920, 668, 927, 940, 823, 697, 315, 828, 318, 192, 193, 842, 459, 734, 613, 637, 246, 887, 893, 894, 639]
i =  121 [641, 899, 911, 408, 795, 924, 602, 414, 619, 676, 677, 941, 946, 947, 951, 954, 446, 718, 720, 729, 474, 482, 870, 743, 363, 750, 880, 756, 505, 508, 127]
i =  122 [265, 653, 147, 558, 410, 540, 925, 803, 292, 551, 938, 46, 431, 560, 957, 958, 960, 321, 963, 583, 462, 854, 727, 354, 232, 247, 890, 766]
i =  123 [517, 395, 402, 661, 536, 179, 797, 773, 933, 809, 426, 818, 306, 435, 693, 442, 443, 956, 965, 966, 712, 847, 600, 346, 861, 864, 745, 620, 888, 149]
i =  124 [512, 390, 649, 10, 779, 396, 759, 920, 786, 915, 663, 664, 687, 668, 29, 927, 36, 509, 43, 940, 302, 303, 48, 371, 823, 697, 315, 828, 330, 318, 192, 193, 450, 75, 197, 842, 459, 77, 24, 987, 734, 735, 100, 613, 102, 109, 110, 189, 115, 246, 887, 380, 893, 894, 639]
i =  125 [777, 912, 657, 278, 666, 538, 547, 932, 423, 604, 433, 692, 825, 827, 577, 578, 69, 839, 841, 845, 597, 220, 495, 884, 376, 377]
i =  126 [290, 939, 580, 358, 520, 523, 652, 8, 675, 532, 310, 473, 570, 444, 605, 491]
i =  127 [992, 449, 227, 261, 72, 105, 266, 367, 688, 131, 533, 472, 624, 319, 477, 767]
i =  128 [448, 161, 130, 903, 92, 106, 587, 174, 691, 405, 534, 572, 543]
i =  129 [1, 262, 775, 139, 658, 789, 281, 30, 674, 804, 937, 670, 695, 831, 855, 94, 736, 225, 357, 753, 754, 503, 635, 638]
i =  130 [519, 650, 656, 273, 790, 279, 548, 557, 565, 822, 824, 698, 66, 196, 454, 338, 352, 612, 785, 617, 466, 366, 627, 123]
i =  131 [384, 513, 642, 772, 391, 648, 406, 921, 154, 411, 671, 800, 420, 554, 327, 701, 837, 711, 721, 471, 732, 480, 865, 486, 488, 879, 113, 501, 630]
i =  132 [576, 706, 644, 485, 407, 271, 336, 625, 659, 567, 248, 953, 217, 571, 60, 606, 479]
i =  133 [768, 897, 515, 774, 784, 274, 662, 919, 669, 926, 929, 440, 445, 575, 714, 715, 725, 733, 18, 752, 628, 891, 383]
i =  134 [1, 262, 775, 139, 658, 789, 281, 670, 674, 804, 30, 831, 737, 855, 94, 736, 225, 357, 753, 754, 503, 635, 638]
i =  135 [131, 132, 261, 6, 449, 521, 266, 907, 403, 533, 4, 27, 157, 798, 32, 21, 807, 813, 814, 72, 948, 950, 73, 952, 58, 573, 832, 961, 182, 968, 969, 74, 211, 598, 472, 859, 477, 992, 227, 996, 742, 105, 874, 492, 686, 177, 367, 242, 83, 245, 121, 767, 636, 125, 254, 895]
i =  136 [896, 601, 7, 909, 782, 145, 914, 985, 928, 34, 683, 556, 305, 821, 959, 707, 844, 590, 591, 340, 981, 857, 609, 740, 746, 747, 882, 757, 118, 761, 234]
i =  137 [899, 911, 408, 795, 924, 602, 414, 619, 676, 677, 941, 946, 947, 951, 954, 446, 718, 720, 729, 474, 482, 870, 743, 363, 749, 750, 880, 756, 505, 508, 127]
i =  138 [265, 147, 558, 410, 540, 925, 803, 292, 551, 938, 46, 431, 560, 957, 958, 960, 321, 963, 583, 462, 854, 727, 354, 232, 751, 247, 890, 766]
i =  139 [260, 133, 908, 142, 877, 793, 681, 183, 699, 830, 703, 833, 962, 974, 977, 867, 334, 983, 731, 990, 863, 355, 614, 489, 493, 244, 631, 760]
i =  140 [265, 527, 147, 558, 410, 540, 925, 803, 292, 551, 938, 46, 431, 560, 957, 958, 960, 321, 963, 583, 462, 854, 727, 890, 354, 232, 247, 762, 766]
i =  141 [769, 262, 1, 139, 658, 789, 281, 30, 674, 804, 775, 670, 831, 855, 94, 736, 225, 357, 753, 754, 503, 635, 638]
i =  142 [33, 770, 289, 169, 875, 108, 81, 114, 277, 999, 537, 119, 93]
i =  143 [898, 3, 900, 307, 524, 258, 398, 143, 144, 563, 771, 68, 155, 284, 159, 91, 38, 424, 476, 300, 304, 561, 51, 311, 57, 702, 451, 708, 198, 329, 78, 337, 595, 215, 856, 399, 988, 478, 97, 98, 611, 356, 422, 615, 323, 494, 758, 378]
i =  144 [643, 388, 776, 393, 654, 20, 516, 31, 555, 264, 178, 59, 704, 322, 457, 849, 851, 726, 507, 868, 869, 231, 1000, 755, 763]
i =  145 [768, 897, 515, 774, 780, 784, 274, 662, 919, 669, 926, 929, 802, 440, 445, 575, 714, 715, 725, 18, 752, 628, 891, 383]
i =  146 [448, 161, 130, 903, 92, 106, 587, 174, 787, 405, 534, 572, 543]
i =  147 [132, 6, 521, 907, 403, 788, 814, 4, 27, 157, 798, 32, 807, 813, 686, 177, 948, 950, 73, 952, 58, 573, 832, 961, 182, 968, 969, 74, 211, 598, 748, 859, 996, 742, 874, 492, 21, 242, 83, 121, 636, 125, 254, 895]
i =  148 [265, 147, 558, 792, 410, 540, 925, 803, 292, 551, 938, 46, 431, 560, 957, 958, 960, 321, 963, 583, 462, 854, 727, 354, 232, 111, 247, 890, 766]
i =  149 [768, 897, 515, 774, 784, 274, 662, 919, 669, 926, 929, 802, 440, 445, 575, 714, 715, 725, 18, 752, 628, 891, 383]
i =  150 [604, 577, 495, 69, 423, 777, 839, 845, 815, 433, 692, 597, 278, 841, 376, 825, 538, 827, 220, 657, 377]
i =  151 [260, 133, 908, 142, 493, 793, 681, 820, 183, 699, 830, 703, 833, 962, 974, 977, 867, 983, 731, 990, 863, 355, 614, 489, 877, 244, 631]
i =  152 [9, 269, 148, 23, 679, 41, 42, 427, 441, 826, 197, 199, 212, 214, 569, 89, 221, 737, 99, 364, 497, 499, 276, 980, 170]
i =  153 [905, 526, 922, 542, 673, 805, 934, 935, 949, 829, 190, 705, 834, 843, 417, 970, 971, 716, 973, 205, 722, 975, 860, 167, 876, 765, 511]
i =  154 [512, 649, 10, 663, 24, 303, 36, 302, 687, 315, 189, 450, 459, 984, 987, 862, 735, 109, 110, 241, 371, 759, 380, 509]
i =  155 [896, 601, 7, 909, 782, 145, 914, 985, 928, 34, 683, 556, 305, 821, 959, 707, 844, 590, 591, 340, 981, 857, 609, 740, 872, 234, 747, 882, 757, 118, 761]
i =  156 [905, 526, 922, 542, 417, 805, 934, 935, 949, 829, 190, 705, 843, 673, 970, 971, 716, 973, 205, 722, 975, 860, 167, 876, 883, 765, 511]
i =  157 [899, 911, 408, 795, 924, 602, 414, 619, 676, 677, 941, 946, 947, 951, 954, 446, 718, 720, 729, 474, 482, 870, 743, 363, 750, 880, 756, 885, 505, 508, 127]
i =  158 [899, 911, 408, 795, 924, 474, 414, 619, 676, 677, 941, 946, 947, 951, 954, 446, 718, 720, 729, 602, 482, 870, 743, 363, 750, 880, 756, 886, 505, 508, 127]
i =  159 [777, 657, 278, 538, 932, 423, 220, 433, 692, 825, 827, 577, 69, 839, 841, 845, 597, 604, 495, 376, 377, 892]
i =  160 [512, 43, 390, 520, 649, 10, 779, 396, 365, 24, 786, 915, 532, 663, 920, 687, 668, 29, 927, 290, 36, 902, 759, 939, 940, 302, 303, 48, 8, 371, 310, 823, 697, 570, 315, 828, 189, 318, 192, 193, 450, 75, 580, 197, 455, 652, 330, 459, 842, 77, 79, 473, 987, 605, 734, 735, 523, 100, 613, 358, 103, 444, 664, 491, 364, 109, 110, 509, 102, 115, 246, 887, 380, 893, 894, 639]
i =  161 [132, 6, 521, 907, 403, 814, 27, 157, 798, 32, 294, 807, 813, 942, 948, 950, 58, 832, 961, 969, 211, 598, 859, 996, 124, 874, 492, 686, 636, 254, 895]
i =  162 [260, 133, 908, 142, 493, 793, 681, 944, 183, 699, 830, 703, 833, 962, 974, 977, 355, 334, 983, 731, 990, 863, 867, 614, 489, 877, 244, 631]
i =  163 [545, 738, 350, 164, 709, 550, 796, 194, 976, 945, 530, 19, 464, 53, 723, 819, 26, 574, 348, 979, 165]
i =  164 [517, 395, 402, 149, 536, 179, 797, 773, 933, 809, 426, 818, 306, 435, 693, 442, 443, 956, 964, 965, 966, 712, 847, 600, 346, 861, 864, 745, 620, 888]
i =  165 [390, 779, 396, 786, 915, 277, 920, 668, 927, 33, 169, 940, 823, 697, 315, 828, 318, 192, 193, 289, 842, 459, 81, 93, 734, 613, 999, 108, 114, 246, 887, 119, 893, 894, 639]
finish get all communities
complete deal_communities
commplete get_all_nature_community
----------------------------------The detection result is: 

all communities: 
i =  1 : [37, 39, 84, 153, 239, 320, 328, 359, 361, 392, 475, 510, 546, 549, 608, 616, 645, 678]
i =  2 : [19, 29, 49, 150, 163, 362, 387, 416, 481, 502, 568, 610, 622, 629, 651, 724, 739, 799, 808, 811, 889, 931, 943, 976]
i =  3 : [16, 17, 116, 117, 152, 158, 185, 206, 207, 219, 312, 325, 341, 351, 360, 372, 374, 401, 415, 437, 452, 467, 468, 498, 552, 559, 566, 634, 667, 696, 710, 719, 744, 778, 810, 812, 816, 840, 858, 978, 982, 998]
i =  4 : [5, 13, 28, 137, 151, 162, 188, 250, 353, 623]
i =  5 : [17, 152, 158, 312, 325, 401, 452, 467, 468, 566, 667, 710, 719, 744, 778, 810, 812, 816, 840, 853, 858, 978, 998]
i =  6 : [43, 48, 75, 77, 100, 102, 115, 330, 684]
i =  7 : [2, 62, 140, 175, 176, 237, 259, 301, 506, 665, 730, 881]
i =  8 : [3, 38, 98, 143, 144, 159, 223, 226, 307, 311, 378, 399, 451, 764, 898]
i =  9 : [20, 31, 59, 80, 218, 223, 231, 235, 264, 267, 322, 388, 393, 436, 453, 457, 470, 484, 496, 504, 507, 516, 522, 528, 555, 588, 643, 654, 704, 726, 755, 763, 849, 851, 868, 869, 904]
i =  10 : [22, 55, 61, 87, 129, 135, 173, 178, 203, 228, 297, 308, 331, 343, 349, 370, 386, 458, 525, 531, 596, 603, 632, 640, 728, 878, 913, 918, 955, 994]
i =  11 : [35, 47, 52, 54, 64, 82, 101, 195, 216, 238, 283, 373, 382, 394, 463, 586, 700]
i =  12 : [51, 90, 95, 138, 171, 178, 181, 191, 200, 202, 213, 256, 263, 268, 282, 297, 308, 314, 316, 331, 343, 349, 370, 386, 430, 438, 456, 458, 525, 531, 596, 603, 632, 640, 728, 878, 913, 918, 986, 993]
i =  13 : [51, 57, 97, 215, 258, 263, 398, 458, 478, 494, 524, 561, 595, 611, 615, 702, 708, 758, 791, 856, 900, 993]
i =  14 : [85, 146, 209, 222, 230, 272, 332, 344]
i =  15 : [70, 156, 204, 208, 224, 233, 236, 295, 296, 339, 345, 389, 817]
i =  16 : [80, 218, 235, 267, 342, 436, 453, 470, 484, 496, 504, 522, 528, 588, 680, 904]
i =  17 : [19, 26, 53, 70, 156, 164, 165, 194, 204, 208, 224, 233, 236, 295, 299, 339, 345, 348, 350, 389, 418, 464, 545, 550, 574, 709, 723, 738, 796, 817, 819, 979]
i =  18 : [23, 89, 199, 212, 221, 269, 276, 335, 364, 562, 679]
i =  19 : [8, 290, 310, 358, 444, 473, 491, 520, 523, 532, 570, 580, 605, 652, 675, 939]
i =  20 : [72, 105, 131, 227, 261, 266, 319, 367, 449, 472, 477, 533, 624, 688, 767, 992]
i =  21 : [33, 81, 93, 108, 114, 119, 169, 277, 289, 537, 770, 875, 999]
i =  22 : [9, 23, 41, 42, 89, 99, 148, 170, 197, 199, 212, 214, 221, 269, 276, 364, 427, 441, 497, 499, 569, 679, 737, 826, 980]
i =  23 : [10, 24, 36, 109, 110, 189, 241, 302, 303, 315, 371, 380, 450, 459, 509, 512, 649, 663, 687, 735, 759, 862, 984, 987]
i =  24 : [8, 10, 24, 29, 36, 43, 48, 75, 77, 79, 100, 102, 103, 109, 110, 115, 189, 192, 193, 197, 246, 290, 302, 303, 310, 315, 318, 330, 358, 364, 365, 371, 380, 390, 396, 444, 450, 455, 459, 473, 491, 509, 512, 520, 523, 532, 570, 580, 605, 613, 639, 649, 652, 663, 664, 668, 687, 697, 734, 735, 759, 779, 786, 823, 828, 842, 887, 893, 894, 902, 915, 920, 927, 939, 940, 987]
i =  25 : [19, 26, 53, 164, 165, 194, 348, 350, 464, 530, 545, 550, 574, 709, 723, 738, 796, 819, 846, 945, 976, 979]
i =  26 : [71, 122, 229, 257, 288, 299, 347, 419, 461, 487, 529, 584, 713]
i =  27 : [85, 146, 209, 222, 251, 272, 332, 344, 469, 599, 690]
i =  28 : [25, 40, 44, 56, 60, 76, 85, 96, 107, 134, 136, 168, 172, 180, 186, 210, 217, 248, 255, 263, 270, 271, 285, 313, 324, 336, 337, 385, 407, 439, 447, 479, 485, 544, 553, 564, 567, 571, 576, 582, 594, 599, 606, 625, 626, 644, 646, 655, 659, 660, 672, 673, 682, 694, 717, 722, 781, 791, 936, 953, 989, 995]
i =  29 : [25, 40, 44, 56, 76, 96, 180, 270, 285, 286, 368, 447, 544, 553, 582, 646, 682, 694]
i =  30 : [15, 60, 217, 248, 271, 336, 379, 407, 479, 485, 567, 571, 576, 606, 625, 644, 659, 706, 838, 953]
i =  31 : [20, 31, 59, 178, 231, 264, 322, 388, 393, 457, 507, 516, 527, 555, 643, 654, 704, 726, 755, 763, 776, 849, 851, 868, 869, 967, 1000]
i =  32 : [3, 38, 51, 57, 68, 78, 91, 97, 98, 143, 144, 155, 159, 198, 215, 258, 284, 300, 304, 307, 311, 323, 329, 337, 356, 378, 398, 399, 422, 424, 451, 476, 478, 494, 524, 537, 561, 563, 595, 611, 615, 702, 708, 758, 771, 856, 898, 900, 988, 993]
i =  33 : [92, 106, 130, 161, 174, 405, 448, 534, 543, 572, 587, 691, 787, 903]
i =  34 : [4, 6, 21, 27, 32, 58, 72, 73, 74, 83, 105, 121, 125, 131, 132, 157, 177, 182, 211, 227, 242, 245, 254, 261, 266, 367, 403, 449, 472, 477, 492, 521, 533, 573, 598, 636, 686, 742, 748, 767, 788, 798, 807, 813, 814, 832, 859, 874, 895, 907, 948, 950, 952, 961, 968, 969, 992, 996]
i =  35 : [66, 123, 196, 273, 279, 338, 352, 366, 454, 466, 519, 539, 548, 557, 565, 612, 617, 627, 650, 656, 698, 785, 790, 822, 824, 917]
i =  36 : [45, 63, 67, 104, 112, 120, 126, 201, 252, 404, 425, 432, 518, 579, 581, 618, 621, 685, 689, 741, 794, 806, 835, 836, 850, 852, 873, 901, 906, 916, 923, 972, 979]
i =  37 : [6, 27, 32, 58, 124, 132, 157, 211, 254, 294, 375, 403, 412, 492, 521, 598, 636, 686, 798, 807, 813, 814, 832, 859, 874, 895, 907, 942, 948, 950, 961, 969, 996]
i =  38 : [69, 220, 278, 376, 377, 423, 433, 495, 538, 547, 577, 578, 597, 604, 657, 666, 692, 777, 815, 825, 827, 839, 841, 845, 884, 892, 912, 932]
i =  39 : [14, 15, 95, 103, 149, 179, 243, 253, 275, 298, 306, 317, 346, 369, 395, 402, 409, 413, 426, 428, 434, 435, 442, 443, 460, 483, 514, 517, 536, 592, 600, 620, 661, 693, 712, 745, 773, 797, 809, 818, 847, 861, 864, 888, 933, 956, 964, 965, 966, 997]
i =  40 : [78, 113, 154, 280, 327, 384, 391, 406, 411, 420, 471, 480, 486, 488, 501, 513, 554, 589, 630, 642, 648, 671, 701, 711, 721, 732, 772, 800, 837, 865, 879, 921]
i =  41 : [33, 81, 93, 108, 114, 119, 141, 160, 169, 192, 193, 246, 277, 289, 315, 318, 390, 396, 459, 613, 637, 639, 647, 668, 697, 734, 779, 786, 823, 828, 842, 887, 893, 894, 915, 920, 927, 940, 999]
i =  42 : [18, 274, 383, 440, 445, 515, 535, 541, 547, 575, 628, 662, 669, 714, 715, 725, 733, 752, 768, 774, 780, 784, 802, 891, 897, 919, 926, 929]
i =  43 : [9, 41, 42, 67, 88, 99, 107, 126, 148, 155, 166, 167, 168, 170, 190, 205, 214, 240, 245, 287, 313, 337, 417, 427, 441, 497, 499, 511, 526, 542, 569, 607, 673, 705, 716, 722, 765, 783, 805, 829, 834, 843, 848, 860, 876, 883, 905, 922, 934, 935, 949, 970, 971, 973, 975, 980, 989]
i =  44 : [32, 133, 142, 183, 242, 244, 260, 334, 355, 429, 489, 493, 573, 593, 614, 631, 633, 681, 699, 703, 731, 760, 793, 801, 820, 830, 833, 863, 867, 877, 908, 944, 962, 967, 968, 974, 977, 983, 990, 991]
i =  45 : [1, 11, 12, 30, 50, 65, 86, 94, 128, 134, 139, 165, 225, 262, 281, 291, 333, 357, 381, 397, 400, 503, 635, 638, 658, 670, 674, 695, 736, 737, 753, 754, 769, 775, 789, 804, 831, 855, 866, 937]
i =  46 : [7, 34, 80, 118, 145, 187, 194, 218, 234, 235, 249, 267, 305, 309, 326, 340, 436, 453, 455, 470, 484, 490, 496, 500, 504, 522, 528, 556, 588, 590, 591, 601, 609, 683, 707, 740, 746, 747, 757, 761, 782, 821, 844, 857, 871, 872, 882, 896, 909, 914, 928, 959, 981, 985]
i =  47 : [92, 106, 127, 130, 161, 174, 293, 363, 405, 408, 414, 421, 446, 448, 474, 482, 505, 508, 530, 534, 543, 572, 587, 602, 619, 641, 676, 677, 718, 720, 729, 743, 749, 750, 756, 795, 870, 880, 885, 886, 899, 903, 911, 924, 941, 946, 947, 951, 954]
i =  48 : [33, 46, 81, 93, 108, 111, 114, 119, 147, 169, 184, 232, 247, 265, 277, 289, 292, 321, 354, 410, 431, 462, 465, 511, 527, 540, 551, 558, 560, 583, 585, 653, 727, 751, 762, 766, 792, 803, 854, 875, 890, 910, 925, 930, 938, 957, 958, 960, 963]
overlapping nodes are:  [3, 6, 8, 9, 10, 15, 17, 19, 20, 23, 24, 25, 26, 27, 29, 31, 32, 33, 36, 38, 40, 41, 42, 43, 44, 48, 51, 53, 56, 57, 58, 59, 60, 67, 70, 72, 75, 76, 77, 78, 80, 81, 85, 89, 92, 93, 95, 96, 97, 98, 99, 100, 102, 103, 105, 106, 107, 108, 109, 110, 114, 115, 119, 126, 130, 131, 132, 134, 143, 144, 146, 148, 152, 155, 156, 157, 158, 159, 161, 164, 165, 168, 169, 170, 174, 178, 180, 189, 192, 193, 194, 197, 199, 204, 208, 209, 211, 212, 214, 215, 217, 218, 221, 222, 223, 224, 227, 231, 233, 235, 236, 242, 245, 246, 248, 254, 258, 261, 263, 264, 266, 267, 269, 270, 271, 272, 276, 277, 285, 289, 290, 295, 297, 299, 302, 303, 307, 308, 310, 311, 312, 313, 315, 318, 322, 325, 330, 331, 332, 336, 337, 339, 343, 344, 345, 348, 349, 350, 358, 364, 367, 370, 371, 378, 380, 386, 388, 389, 390, 393, 396, 398, 399, 401, 403, 405, 407, 427, 436, 441, 444, 447, 448, 449, 450, 451, 452, 453, 455, 457, 458, 459, 464, 467, 468, 470, 472, 473, 477, 478, 479, 484, 485, 491, 492, 494, 496, 497, 499, 504, 507, 509, 511, 512, 516, 520, 521, 522, 523, 524, 525, 527, 528, 530, 531, 532, 533, 534, 537, 543, 544, 545, 547, 550, 553, 555, 561, 566, 567, 569, 570, 571, 572, 573, 574, 576, 580, 582, 587, 588, 595, 596, 598, 599, 603, 605, 606, 611, 613, 615, 625, 632, 636, 639, 640, 643, 644, 646, 649, 652, 654, 659, 663, 667, 668, 673, 679, 682, 686, 687, 694, 697, 702, 704, 708, 709, 710, 719, 722, 723, 726, 728, 734, 735, 737, 738, 744, 755, 758, 759, 763, 767, 778, 779, 786, 791, 796, 798, 807, 810, 812, 813, 814, 816, 817, 819, 823, 828, 832, 840, 842, 849, 851, 856, 858, 859, 868, 869, 874, 875, 878, 887, 893, 894, 895, 898, 900, 903, 904, 907, 913, 915, 918, 920, 927, 939, 940, 948, 950, 953, 961, 967, 968, 969, 976, 978, 979, 980, 987, 989, 992, 993, 996, 998, 999] 
 NOO is:  365
total time is:  322.825934172
