lens of ground_truth:  51
ground_truth is: [[50, 73, 85, 88, 131, 142, 162, 181, 193, 197, 218, 249, 329, 400, 412, 419, 431, 439, 457, 481, 520, 568, 622, 645, 647, 655, 666, 717, 743, 752, 778, 834, 866, 867, 876, 887, 897, 907, 921, 927, 938, 942, 944, 948, 954, 962, 963, 965, 967, 971, 997], [5, 148, 187, 196, 287, 324, 399, 405, 428, 430, 433, 513, 574, 606, 619, 626, 662, 738, 753, 762, 791, 810, 823, 826, 829, 832, 836, 885, 886, 888, 890, 905, 912, 913, 920, 924, 945, 950, 960, 964, 965, 982, 991], [23, 47, 91, 134, 142, 296, 339, 353, 386, 445, 466, 499, 519, 523, 554, 560, 628, 703, 735, 881, 1000], [46, 116, 151, 174, 182, 201, 262, 285, 311, 318, 326, 397, 516, 581, 584, 823, 865, 868], [11, 295, 301, 310, 335, 352, 383, 421, 464, 490, 494, 544, 562, 586, 603, 815, 840], [7, 104, 129, 199, 226, 236, 348, 440, 505, 518, 521, 548, 579, 602, 609, 627, 819, 838, 939, 975], [20, 56, 114, 115, 181, 315, 398, 449, 465, 478, 492, 493, 511, 531, 740, 741, 865], [128, 143, 238, 279, 328, 347, 354, 356, 371, 391, 413, 418, 429, 432, 471, 476, 491, 515, 611, 627, 639, 663, 671, 681, 683, 719, 735, 792, 794, 808, 816, 820, 840, 846, 864, 870, 906, 909, 916, 961, 972, 974, 992], [64, 179, 198, 228, 272, 302, 338, 359, 362, 385, 420, 457, 470, 506, 818, 864, 877, 955, 972], [61, 68, 76, 132, 212, 213, 299, 527, 602, 869, 876], [32, 48, 81, 194, 372, 382, 392, 427, 442, 507, 509, 524, 559, 564, 587, 594, 605, 638, 723, 775, 790, 817, 833, 845, 846, 859, 873, 879, 896, 900, 910, 917, 918, 926, 930, 975], [84, 186, 187, 266, 278, 330, 342, 361, 410, 432, 494, 500, 510, 520, 528, 552, 584, 592, 595, 603, 622, 632, 645, 661, 666, 746, 801, 807, 814, 851, 856, 857, 874, 887, 889, 893, 901, 902, 929, 940, 949, 960, 983, 993, 998], [15, 23, 32, 94, 140, 161, 162, 211, 242, 248, 324, 392, 400, 436, 437, 438, 463, 542, 561, 562, 568, 577, 590, 593, 607, 615, 624, 625, 706, 722, 776, 784, 785, 841, 858, 896, 900, 914, 915, 925, 928, 935, 968, 984, 985, 990, 994, 996], [17, 85, 86, 93, 158, 173, 190, 258, 499, 579, 726, 943], [81, 120, 242, 306, 316, 384, 401, 449, 477, 480, 570, 650, 654, 664, 698, 707, 708, 709, 737, 818, 821, 894, 939], [3, 53, 169, 216, 239, 293, 321, 349, 410, 429, 434, 443, 451, 475, 644, 694, 709, 736, 740, 757, 795, 806, 821, 849, 923, 952], [47, 60, 98, 136, 209, 245, 266, 268, 291, 292, 307, 839], [25, 99, 111, 189, 260, 274, 276, 396, 530, 532, 533, 538, 540, 614, 693, 731, 741, 973, 996], [163, 225, 319, 414, 488, 543, 556, 599, 654, 685, 687, 696, 716, 730, 750, 758, 766, 774, 813, 844, 858, 882, 898, 904, 906, 930, 932, 944, 995], [95, 164, 185, 223, 309, 334, 363, 415, 472, 728, 787, 849, 957, 998], [45, 77, 82, 90, 107, 171, 208, 214, 235, 240, 284, 375, 414, 424, 467, 469, 474, 513, 632, 673, 691, 693, 720, 763, 767, 799, 824, 860, 943, 953, 988], [6, 22, 40, 55, 62, 92, 146, 165, 220, 285, 533], [35, 44, 137, 149, 153, 159, 193, 197, 211, 219, 224, 279, 358, 389, 408, 417, 458, 474, 527, 598, 607, 642, 643, 669, 680, 700, 713, 715, 718, 783, 796, 850, 891, 899, 911, 936, 947, 953, 957], [12, 109, 177, 195, 243, 278, 299, 311, 361, 385, 403, 460, 484, 514, 526, 652, 659, 665, 713, 721, 732, 911, 913, 959], [147, 186, 246, 304, 323, 406, 430, 433, 451, 487, 541, 582, 591, 597, 653, 658, 678, 679, 933, 946, 989, 999], [45, 131, 148, 277, 387, 448, 479, 483, 484, 485, 555, 557, 559, 567, 601, 630, 635, 641, 724, 728, 731, 780, 863, 981, 999, 1000], [13, 30, 97, 121, 170, 184, 254, 264, 350, 402, 456, 495, 546, 550, 636, 682, 700, 701, 718, 768, 785, 828, 839, 871, 928, 958], [41, 58, 244, 322, 343, 384, 388, 418, 438, 450, 505, 508, 517, 544, 560, 588, 598, 610, 621, 643, 648, 688, 755, 768, 797, 811, 815, 848, 868, 875, 891, 903, 968, 976], [37, 39, 65, 74, 97, 155, 172, 207, 312, 332, 370, 389, 462, 535, 561, 565, 566, 580, 587, 615, 631, 672, 676, 786, 819, 827, 830, 854, 862, 878, 880, 892, 926], [28, 79, 129, 161, 333, 355, 360, 473, 486, 541, 563, 592, 599, 637, 638, 695, 702, 765, 771, 787, 832, 895, 973, 989], [89, 128, 141, 155, 169, 178, 257, 267, 294, 381, 416, 585, 612, 656, 668, 670, 684, 726, 743, 755, 756, 772, 781, 782, 833, 843, 931, 934, 946], [4, 5, 10, 31, 36, 63, 80, 231, 496, 509, 522, 525, 554, 633, 675, 677, 688, 692, 711, 739, 751, 797, 889, 894, 991], [87, 138, 144, 145, 175, 198, 210, 215, 232, 260, 340, 503, 558, 613, 616, 646, 649, 730, 742], [26, 43, 52, 59, 66, 69, 75, 108, 113, 460], [70, 123, 125, 168, 222, 250, 263, 275, 297, 337, 367, 683, 881], [21, 24, 51, 105, 182, 217, 221, 247, 298, 300, 331, 342, 346, 369, 380, 390, 394, 409, 427, 447, 461, 463, 553, 590, 623, 629, 634, 663, 668, 704, 714, 722, 729, 769, 770, 793, 809, 831, 835, 837, 871, 884, 922, 933, 934, 952, 978, 981, 986, 990], [9, 16, 83, 101, 122, 183, 191, 281, 847, 874, 879], [19, 34, 49, 110, 261, 271, 320, 412, 435, 565, 566, 655, 877, 931], [42, 51, 109, 287, 314, 344, 514, 534, 572, 573, 582, 583, 608, 624, 697, 699, 705, 710, 727, 760, 764, 770, 790, 800, 802, 838, 872, 883, 895, 908, 969, 976, 983, 995], [29, 156, 200, 234, 235, 251, 253, 317, 351, 425, 444, 453, 469, 498, 502, 657, 665, 667, 674, 747, 748, 759, 761, 789, 805, 861, 969, 984, 985, 992], [78, 157, 175, 178, 289, 318, 366, 393, 404, 422, 425, 441, 497, 523, 545, 576, 808, 962], [100, 202, 256, 290, 325, 336, 345, 354, 374, 378, 411, 444, 482, 512, 547, 589, 604, 620, 636, 706, 733, 734, 773, 863, 869, 904], [8, 103, 112, 119, 166, 188, 205, 265, 282, 357, 387, 420, 423, 667, 725, 779, 857], [71, 132, 202, 227, 259, 280, 327, 395, 407, 426, 468, 524, 539, 569, 618, 733, 789, 817], [1, 38, 124, 230, 237, 252, 273, 313, 491, 583, 647, 779, 837], [54, 130, 150, 152, 156, 160, 176, 180, 204, 248, 883], [2, 27, 31, 67, 72, 127, 133, 167, 203, 224, 225, 269, 270, 417, 452, 454, 489, 536, 551, 617, 651, 660, 708, 712, 788, 798, 844, 853, 932], [14, 42, 57, 76, 102, 118, 121, 137, 154, 229, 241, 283, 305, 365, 368, 379, 450, 455, 476, 500, 515, 537, 571, 575, 578, 640, 686, 689, 690, 749, 754, 760, 767, 801, 812, 820, 825, 842, 866, 872, 916, 919, 941, 942, 958, 970, 977, 987, 988], [33, 95, 106, 126, 139, 173, 206, 255, 286, 308, 373, 411, 419, 454, 459, 596, 600, 687, 882, 929], [18, 117, 276, 288, 289, 295, 321, 328, 341, 364, 443, 446, 453, 501, 504, 529, 549, 569, 710, 715, 744, 745, 777, 959], [44, 96, 135, 171, 192, 217, 233, 243, 303, 376, 377, 390, 394, 557, 591, 623, 629, 634, 676, 685, 714, 725, 729, 742, 752, 761, 803, 804, 807, 822, 828, 847, 852, 855, 884, 898, 922, 923, 937, 951, 955, 956, 966, 979, 980, 997]]
nodes and edges_____________: 1000 ,  9784
read network over________________________
nodes: [449, 460, 561, 562, 566, 568, 569, 667, 676, 683, 728, 730, 743, 744, 755, 760, 779, 797, 815, 817, 824, 839, 847, 850, 865, 869, 902, 913, 923, 926, 932, 938, 939, 945, 953, 955, 958, 962, 978, 983, 989, 990, 992, 996, 1000] num of nodes:  45
[[315, 493, 398, 531, 478, 511, 449], [26, 43, 108, 75, 113, 52, 460], [312, 878, 854, 892, 862, 786, 561, 830], [301, 586, 490, 562, 464, 383], [566, 880, 672, 878, 786, 862, 892, 854, 830], [568, 963, 867, 967, 921, 954, 927, 834], [341, 745, 777, 569, 504, 364, 446, 959], [657, 969, 748, 759, 985, 861, 667, 805, 984], [74, 830, 676, 878, 880, 786, 827, 892, 854, 862], [639, 961, 870, 909, 792, 683, 840], [164, 472, 998, 363, 334, 849, 728, 957, 787, 309, 415], [210, 613, 646, 649, 558, 503, 616, 730, 215], [481, 897, 967, 944, 963, 927, 743], [18, 549, 744, 529, 501, 777, 745, 715, 959], [267, 843, 931, 684, 781, 946, 755], [573, 908, 802, 705, 764, 727, 883, 969, 760], [1, 837, 313, 252, 230, 124, 273, 779], [496, 739, 677, 711, 522, 525, 751, 692, 633, 797, 991, 675], [11, 352, 586, 464, 421, 840, 815], [605, 873, 910, 975, 723, 917, 918, 930, 817], [375, 860, 824, 988, 763, 799, 424, 720, 691], [60, 98, 291, 292, 839, 136, 209, 307, 268, 245], [9, 847, 101, 874, 879, 281, 183, 191, 16], [153, 899, 936, 796, 850, 947, 642, 891, 957], [114, 741, 493, 398, 465, 478, 511, 865, 492], [61, 869, 876, 212, 213, 68, 602, 527], [510, 993, 949, 901, 940, 893, 998, 856, 746, 902, 661], [574, 950, 905, 920, 964, 982, 924, 836, 913, 890, 829, 888], [293, 736, 806, 795, 757, 821, 694, 952, 849, 923], [370, 830, 878, 880, 786, 862, 854, 631, 827, 892, 672, 926], [543, 813, 766, 995, 932, 716, 696, 882, 556], [431, 897, 967, 907, 948, 921, 954, 927, 867, 938, 834, 971], [401, 737, 707, 650, 939, 664, 818, 570, 698, 480], [738, 982, 890, 950, 924, 945, 912, 886, 964, 826, 762, 810, 920, 753, 885], [35, 936, 947, 891, 796, 669, 953, 911], [135, 937, 951, 979, 855, 956, 852, 980, 955], [241, 977, 919, 987, 825, 812, 686, 958], [997, 897, 962, 778, 948, 954, 927, 963, 921, 907, 967], [247, 978, 986, 809, 793, 769, 704], [314, 608, 908, 697, 764, 800, 983, 995, 727], [304, 933, 678, 487, 999, 679, 946, 658, 597, 989, 653, 406], [542, 925, 994, 914, 935, 776, 990, 896, 784, 915], [502, 992, 805, 969, 748, 985, 861, 984, 657, 759], [274, 996, 614, 973, 530, 396, 540, 538, 532], [483, 1000, 780, 724, 630, 635, 641, 567, 601, 981, 555]]
len of cliques:  45
downsides after: [[738, 982, 890, 950, 924, 945, 912, 886, 964, 826, 762, 810, 920, 753, 885], [496, 739, 677, 711, 522, 525, 751, 692, 633, 797, 991, 675], [574, 950, 905, 920, 964, 982, 924, 836, 913, 890, 829, 888], [370, 830, 878, 880, 786, 862, 854, 631, 827, 892, 672, 926], [431, 897, 967, 907, 948, 921, 954, 927, 867, 938, 834, 971], [304, 933, 678, 487, 999, 679, 946, 658, 597, 989, 653, 406], [164, 472, 998, 363, 334, 849, 728, 957, 787, 309, 415], [510, 993, 949, 901, 940, 893, 998, 856, 746, 902, 661], [997, 897, 962, 778, 948, 954, 927, 963, 921, 907, 967], [483, 1000, 780, 724, 630, 635, 641, 567, 601, 981, 555], [74, 830, 676, 878, 880, 786, 827, 892, 854, 862], [60, 98, 291, 292, 839, 136, 209, 307, 268, 245], [293, 736, 806, 795, 757, 821, 694, 952, 849, 923], [401, 737, 707, 650, 939, 664, 818, 570, 698, 480], [542, 925, 994, 914, 935, 776, 990, 896, 784, 915], [502, 992, 805, 969, 748, 985, 861, 984, 657, 759], [566, 880, 672, 878, 786, 862, 892, 854, 830], [657, 969, 748, 759, 985, 861, 667, 805, 984], [210, 613, 646, 649, 558, 503, 616, 730, 215], [18, 549, 744, 529, 501, 777, 745, 715, 959], [573, 908, 802, 705, 764, 727, 883, 969, 760], [605, 873, 910, 975, 723, 917, 918, 930, 817], [375, 860, 824, 988, 763, 799, 424, 720, 691], [9, 847, 101, 874, 879, 281, 183, 191, 16], [153, 899, 936, 796, 850, 947, 642, 891, 957], [114, 741, 493, 398, 465, 478, 511, 865, 492], [543, 813, 766, 995, 932, 716, 696, 882, 556], [135, 937, 951, 979, 855, 956, 852, 980, 955], [314, 608, 908, 697, 764, 800, 983, 995, 727], [274, 996, 614, 973, 530, 396, 540, 538, 532], [312, 878, 854, 892, 862, 786, 561, 830], [568, 963, 867, 967, 921, 954, 927, 834], [341, 745, 777, 569, 504, 364, 446, 959], [1, 837, 313, 252, 230, 124, 273, 779], [61, 869, 876, 212, 213, 68, 602, 527], [35, 936, 947, 891, 796, 669, 953, 911], [241, 977, 919, 987, 825, 812, 686, 958], [315, 493, 398, 531, 478, 511, 449], [26, 43, 108, 75, 113, 52, 460], [639, 961, 870, 909, 792, 683, 840], [481, 897, 967, 944, 963, 927, 743], [267, 843, 931, 684, 781, 946, 755], [11, 352, 586, 464, 421, 840, 815], [247, 978, 986, 809, 793, 769, 704], [301, 586, 490, 562, 464, 383]]
number of downsided seeds: 45
[[738, 982, 890, 950, 924, 945, 912, 886, 964, 826, 762, 810, 920, 753, 885], [496, 739, 677, 711, 522, 525, 751, 692, 633, 797, 991, 675], [574, 950, 905, 920, 964, 982, 924, 836, 913, 890, 829, 888], [370, 830, 878, 880, 786, 862, 854, 631, 827, 892, 672, 926], [431, 897, 967, 907, 948, 921, 954, 927, 867, 938, 834, 971], [304, 933, 678, 487, 999, 679, 946, 658, 597, 989, 653, 406], [164, 472, 998, 363, 334, 849, 728, 957, 787, 309, 415], [510, 993, 949, 901, 940, 893, 998, 856, 746, 902, 661], [997, 897, 962, 778, 948, 954, 927, 963, 921, 907, 967], [483, 1000, 780, 724, 630, 635, 641, 567, 601, 981, 555], [74, 830, 676, 878, 880, 786, 827, 892, 854, 862], [60, 98, 291, 292, 839, 136, 209, 307, 268, 245], [293, 736, 806, 795, 757, 821, 694, 952, 849, 923], [401, 737, 707, 650, 939, 664, 818, 570, 698, 480], [542, 925, 994, 914, 935, 776, 990, 896, 784, 915], [502, 992, 805, 969, 748, 985, 861, 984, 657, 759], [566, 880, 672, 878, 786, 862, 892, 854, 830], [657, 969, 748, 759, 985, 861, 667, 805, 984], [210, 613, 646, 649, 558, 503, 616, 730, 215], [18, 549, 744, 529, 501, 777, 745, 715, 959], [573, 908, 802, 705, 764, 727, 883, 969, 760], [605, 873, 910, 975, 723, 917, 918, 930, 817], [375, 860, 824, 988, 763, 799, 424, 720, 691], [9, 847, 101, 874, 879, 281, 183, 191, 16], [153, 899, 936, 796, 850, 947, 642, 891, 957], [114, 741, 493, 398, 465, 478, 511, 865, 492], [543, 813, 766, 995, 932, 716, 696, 882, 556], [135, 937, 951, 979, 855, 956, 852, 980, 955], [314, 608, 908, 697, 764, 800, 983, 995, 727], [274, 996, 614, 973, 530, 396, 540, 538, 532], [312, 878, 854, 892, 862, 786, 561, 830], [568, 963, 867, 967, 921, 954, 927, 834], [341, 745, 777, 569, 504, 364, 446, 959], [1, 837, 313, 252, 230, 124, 273, 779], [61, 869, 876, 212, 213, 68, 602, 527], [35, 936, 947, 891, 796, 669, 953, 911], [241, 977, 919, 987, 825, 812, 686, 958], [315, 493, 398, 531, 478, 511, 449], [26, 43, 108, 75, 113, 52, 460], [639, 961, 870, 909, 792, 683, 840], [481, 897, 967, 944, 963, 927, 743], [267, 843, 931, 684, 781, 946, 755], [11, 352, 586, 464, 421, 840, 815], [247, 978, 986, 809, 793, 769, 704], [301, 586, 490, 562, 464, 383]]
after sorted:  [[738, 982, 890, 950, 924, 945, 912, 886, 964, 826, 762, 810, 920, 753, 885], [496, 739, 677, 711, 522, 525, 751, 692, 633, 797, 991, 675], [574, 950, 905, 920, 964, 982, 924, 836, 913, 890, 829, 888], [370, 830, 878, 880, 786, 862, 854, 631, 827, 892, 672, 926], [431, 897, 967, 907, 948, 921, 954, 927, 867, 938, 834, 971], [304, 933, 678, 487, 999, 679, 946, 658, 597, 989, 653, 406], [164, 472, 998, 363, 334, 849, 728, 957, 787, 309, 415], [510, 993, 949, 901, 940, 893, 998, 856, 746, 902, 661], [997, 897, 962, 778, 948, 954, 927, 963, 921, 907, 967], [483, 1000, 780, 724, 630, 635, 641, 567, 601, 981, 555], [74, 830, 676, 878, 880, 786, 827, 892, 854, 862], [60, 98, 291, 292, 839, 136, 209, 307, 268, 245], [293, 736, 806, 795, 757, 821, 694, 952, 849, 923], [401, 737, 707, 650, 939, 664, 818, 570, 698, 480], [542, 925, 994, 914, 935, 776, 990, 896, 784, 915], [502, 992, 805, 969, 748, 985, 861, 984, 657, 759], [566, 880, 672, 878, 786, 862, 892, 854, 830], [657, 969, 748, 759, 985, 861, 667, 805, 984], [210, 613, 646, 649, 558, 503, 616, 730, 215], [18, 549, 744, 529, 501, 777, 745, 715, 959], [573, 908, 802, 705, 764, 727, 883, 969, 760], [605, 873, 910, 975, 723, 917, 918, 930, 817], [375, 860, 824, 988, 763, 799, 424, 720, 691], [9, 847, 101, 874, 879, 281, 183, 191, 16], [153, 899, 936, 796, 850, 947, 642, 891, 957], [114, 741, 493, 398, 465, 478, 511, 865, 492], [543, 813, 766, 995, 932, 716, 696, 882, 556], [135, 937, 951, 979, 855, 956, 852, 980, 955], [314, 608, 908, 697, 764, 800, 983, 995, 727], [274, 996, 614, 973, 530, 396, 540, 538, 532], [312, 878, 854, 892, 862, 786, 561, 830], [568, 963, 867, 967, 921, 954, 927, 834], [341, 745, 777, 569, 504, 364, 446, 959], [1, 837, 313, 252, 230, 124, 273, 779], [61, 869, 876, 212, 213, 68, 602, 527], [35, 936, 947, 891, 796, 669, 953, 911], [241, 977, 919, 987, 825, 812, 686, 958], [315, 493, 398, 531, 478, 511, 449], [26, 43, 108, 75, 113, 52, 460], [639, 961, 870, 909, 792, 683, 840], [481, 897, 967, 944, 963, 927, 743], [267, 843, 931, 684, 781, 946, 755], [11, 352, 586, 464, 421, 840, 815], [247, 978, 986, 809, 793, 769, 704], [301, 586, 490, 562, 464, 383]]
before num:  45
befor deal_cliques:  43
after deal_cliques:  43
length of seeds:  43
seeds:  [set([738, 964, 886, 945, 810, 826, 912, 753, 920, 885, 950, 982, 762, 924, 890]), set([739, 677, 711, 522, 525, 751, 496, 675, 692, 633, 797, 991]), set([964, 950, 905, 913, 920, 982, 888, 836, 890, 924, 829, 574]), set([672, 862, 370, 878, 880, 786, 830, 854, 631, 827, 892, 926]), set([897, 834, 867, 967, 938, 907, 971, 431, 948, 921, 954, 927]), set([933, 678, 487, 679, 653, 304, 658, 597, 406, 999, 989, 946]), set([164, 998, 472, 363, 334, 849, 787, 309, 728, 957, 415]), set([993, 901, 998, 746, 940, 949, 902, 856, 893, 510, 661]), set([897, 962, 963, 997, 967, 778, 907, 948, 921, 954, 927]), set([641, 483, 1000, 555, 780, 724, 981, 630, 567, 601, 635]), set([676, 74, 878, 880, 786, 830, 854, 827, 892, 862]), set([98, 291, 292, 839, 136, 268, 209, 307, 245, 60]), set([736, 795, 293, 806, 849, 821, 694, 952, 923, 757]), set([480, 737, 707, 650, 939, 401, 818, 664, 570, 698]), set([896, 994, 935, 776, 784, 914, 915, 542, 925, 990]), set([992, 805, 969, 748, 657, 502, 759, 984, 985, 861]), set([805, 969, 748, 657, 759, 984, 985, 667, 861]), set([613, 646, 616, 649, 503, 558, 210, 215, 730]), set([549, 744, 777, 715, 529, 18, 501, 745, 959]), set([705, 802, 969, 908, 883, 727, 760, 764, 573]), set([930, 873, 910, 975, 817, 723, 917, 918, 605]), set([424, 988, 720, 691, 375, 824, 763, 860, 799]), set([101, 9, 874, 879, 16, 183, 281, 847, 191]), set([642, 899, 936, 850, 947, 153, 891, 796, 957]), set([865, 741, 492, 493, 398, 465, 114, 478, 511]), set([995, 932, 716, 556, 813, 882, 696, 766, 543]), set([135, 937, 855, 979, 852, 951, 980, 955, 956]), set([608, 800, 995, 983, 908, 727, 697, 314, 764]), set([996, 614, 274, 396, 973, 530, 532, 538, 540]), set([834, 867, 967, 963, 568, 921, 954, 927]), set([745, 364, 341, 777, 504, 569, 446, 959]), set([1, 837, 230, 124, 779, 273, 313, 252]), set([68, 869, 876, 527, 212, 213, 602, 61]), set([35, 936, 911, 947, 953, 891, 796, 669]), set([241, 812, 686, 977, 919, 825, 987, 958]), set([449, 531, 478, 315, 493, 398, 511]), set([113, 75, 52, 108, 26, 43, 460]), set([961, 870, 840, 683, 909, 792, 639]), set([944, 897, 963, 927, 481, 967, 743]), set([946, 843, 755, 931, 267, 684, 781]), set([352, 464, 421, 840, 586, 11, 815]), set([704, 769, 978, 247, 809, 986, 793]), set([464, 562, 586, 490, 301, 383])]
seeds_fitness [0.3177004538577912, 0.2357142857142857, 0.19047619047619047, 0.26294820717131473, 0.22564102564102564, 0.16356877323420074, 0.1585014409221902, 0.18932874354561102, 0.12702078521939955, 0.2131782945736434, 0.23809523809523808, 0.5357142857142857, 0.13412816691505217, 0.21844660194174756, 0.1274787535410765, 0.10273972602739725, 0.09574468085106383, 0.33488372093023255, 0.1940700808625337, 0.11920529801324503, 0.1006993006993007, 0.15824175824175823, 0.18461538461538463, 0.138996138996139, 0.25622775800711745, 0.1094224924012158, 0.12121212121212122, 0.10810810810810811, 0.1509433962264151, 0.1009009009009009, 0.16568047337278108, 0.24888888888888888, 0.16422287390029325, 0.08974358974358974, 0.09491525423728814, 0.28187919463087246, 0.4375, 0.0860655737704918, 0.06306306306306306, 0.08383233532934131, 0.1494661921708185, 0.10268948655256724, 0.20134228187919462]
after sort list of tuple: [(11, 0.5357142857142857), (36, 0.4375), (17, 0.33488372093023255), (0, 0.3177004538577912), (35, 0.28187919463087246), (3, 0.26294820717131473), (24, 0.25622775800711745), (31, 0.24888888888888888), (10, 0.23809523809523808), (1, 0.2357142857142857), (4, 0.22564102564102564), (13, 0.21844660194174756), (9, 0.2131782945736434), (42, 0.20134228187919462), (18, 0.1940700808625337), (2, 0.19047619047619047), (7, 0.18932874354561102), (22, 0.18461538461538463), (30, 0.16568047337278108), (32, 0.16422287390029325), (5, 0.16356877323420074), (6, 0.1585014409221902), (21, 0.15824175824175823), (28, 0.1509433962264151), (40, 0.1494661921708185), (23, 0.138996138996139), (12, 0.13412816691505217), (14, 0.1274787535410765), (8, 0.12702078521939955), (26, 0.12121212121212122), (19, 0.11920529801324503), (25, 0.1094224924012158), (27, 0.10810810810810811), (15, 0.10273972602739725), (41, 0.10268948655256724), (29, 0.1009009009009009), (20, 0.1006993006993007), (16, 0.09574468085106383), (34, 0.09491525423728814), (33, 0.08974358974358974), (37, 0.0860655737704918), (39, 0.08383233532934131), (38, 0.06306306306306306)]
seeds_sorted [set([98, 291, 292, 839, 136, 268, 209, 307, 245, 60]), set([113, 75, 52, 108, 26, 43, 460]), set([613, 646, 616, 649, 503, 558, 210, 215, 730]), set([738, 964, 886, 945, 810, 826, 912, 753, 920, 885, 950, 982, 762, 924, 890]), set([449, 531, 478, 315, 493, 398, 511]), set([672, 862, 370, 878, 880, 786, 830, 854, 631, 827, 892, 926]), set([865, 741, 492, 493, 398, 465, 114, 478, 511]), set([1, 837, 230, 124, 779, 273, 313, 252]), set([676, 74, 878, 880, 786, 830, 854, 827, 892, 862]), set([739, 677, 711, 522, 525, 751, 496, 675, 692, 633, 797, 991]), set([897, 834, 867, 967, 938, 907, 971, 431, 948, 921, 954, 927]), set([480, 737, 707, 650, 939, 401, 818, 664, 570, 698]), set([641, 483, 1000, 555, 780, 724, 981, 630, 567, 601, 635]), set([464, 562, 586, 490, 301, 383]), set([549, 744, 777, 715, 529, 18, 501, 745, 959]), set([964, 950, 905, 913, 920, 982, 888, 836, 890, 924, 829, 574]), set([993, 901, 998, 746, 940, 949, 902, 856, 893, 510, 661]), set([101, 9, 874, 879, 16, 183, 281, 847, 191]), set([745, 364, 341, 777, 504, 569, 446, 959]), set([68, 869, 876, 527, 212, 213, 602, 61]), set([933, 678, 487, 679, 653, 304, 658, 597, 406, 999, 989, 946]), set([164, 998, 472, 363, 334, 849, 787, 309, 728, 957, 415]), set([424, 988, 720, 691, 375, 824, 763, 860, 799]), set([996, 614, 274, 396, 973, 530, 532, 538, 540]), set([352, 464, 421, 840, 586, 11, 815]), set([642, 899, 936, 850, 947, 153, 891, 796, 957]), set([736, 795, 293, 806, 849, 821, 694, 952, 923, 757]), set([896, 994, 935, 776, 784, 914, 915, 542, 925, 990]), set([897, 962, 963, 997, 967, 778, 907, 948, 921, 954, 927]), set([135, 937, 855, 979, 852, 951, 980, 955, 956]), set([705, 802, 969, 908, 883, 727, 760, 764, 573]), set([995, 932, 716, 556, 813, 882, 696, 766, 543]), set([608, 800, 995, 983, 908, 727, 697, 314, 764]), set([992, 805, 969, 748, 657, 502, 759, 984, 985, 861]), set([704, 769, 978, 247, 809, 986, 793]), set([834, 867, 967, 963, 568, 921, 954, 927]), set([930, 873, 910, 975, 817, 723, 917, 918, 605]), set([805, 969, 748, 657, 759, 984, 985, 667, 861]), set([241, 812, 686, 977, 919, 825, 987, 958]), set([35, 936, 911, 947, 953, 891, 796, 669]), set([961, 870, 840, 683, 909, 792, 639]), set([946, 843, 755, 931, 267, 684, 781]), set([944, 897, 963, 927, 481, 967, 743])]
args__________ ([set([98, 291, 292, 839, 136, 268, 209, 307, 245, 60]), set([944, 897, 963, 927, 481, 967, 743])],)
args__________ ([set([113, 75, 52, 108, 26, 43, 460]), set([946, 843, 755, 931, 267, 684, 781])],)
args__________ ([set([613, 646, 616, 649, 503, 558, 210, 215, 730]), set([961, 870, 840, 683, 909, 792, 639])],)
args__________ ([set([738, 964, 886, 945, 810, 826, 912, 753, 920, 885, 950, 982, 762, 924, 890]), set([35, 936, 911, 947, 953, 891, 796, 669])],)
args__________ ([set([449, 531, 478, 315, 493, 398, 511]), set([241, 812, 686, 977, 919, 825, 987, 958])],)
args__________ ([set([672, 862, 370, 878, 880, 786, 830, 854, 631, 827, 892, 926]), set([805, 969, 748, 657, 759, 984, 985, 667, 861])],)
args__________ ([set([865, 741, 492, 493, 398, 465, 114, 478, 511]), set([930, 873, 910, 975, 817, 723, 917, 918, 605])],)
args__________ ([set([1, 837, 230, 124, 779, 273, 313, 252]), set([834, 867, 967, 963, 568, 921, 954, 927])],)
args__________ ([set([676, 74, 878, 880, 786, 830, 854, 827, 892, 862]), set([704, 769, 978, 247, 809, 986, 793])],)
args__________ ([set([739, 677, 711, 522, 525, 751, 496, 675, 692, 633, 797, 991]), set([992, 805, 969, 748, 657, 502, 759, 984, 985, 861])],)
args__________ ([set([897, 834, 867, 967, 938, 907, 971, 431, 948, 921, 954, 927]), set([608, 800, 995, 983, 908, 727, 697, 314, 764])],)
args__________ ([set([480, 737, 707, 650, 939, 401, 818, 664, 570, 698])],)
args__________ ([set([641, 483, 1000, 555, 780, 724, 981, 630, 567, 601, 635])],)
args__________ ([set([464, 562, 586, 490, 301, 383])],)
args__________ ([set([549, 744, 777, 715, 529, 18, 501, 745, 959])],)
args__________ ([set([964, 950, 905, 913, 920, 982, 888, 836, 890, 924, 829, 574])],)
args__________ ([set([993, 901, 998, 746, 940, 949, 902, 856, 893, 510, 661])],)
args__________ ([set([101, 9, 874, 879, 16, 183, 281, 847, 191])],)
args__________ ([set([745, 364, 341, 777, 504, 569, 446, 959])],)
args__________ ([set([68, 869, 876, 527, 212, 213, 602, 61])],)
args__________ ([set([933, 678, 487, 679, 653, 304, 658, 597, 406, 999, 989, 946])],)
args__________ ([set([164, 998, 472, 363, 334, 849, 787, 309, 728, 957, 415])],)
args__________ ([set([424, 988, 720, 691, 375, 824, 763, 860, 799])],)
args__________ ([set([996, 614, 274, 396, 973, 530, 532, 538, 540])],)
args__________ ([set([352, 464, 421, 840, 586, 11, 815])],)
args__________ ([set([642, 899, 936, 850, 947, 153, 891, 796, 957])],)
args__________ ([set([736, 795, 293, 806, 849, 821, 694, 952, 923, 757])],)
args__________ ([set([896, 994, 935, 776, 784, 914, 915, 542, 925, 990])],)
args__________ ([set([897, 962, 963, 997, 967, 778, 907, 948, 921, 954, 927])],)
args__________ ([set([135, 937, 855, 979, 852, 951, 980, 955, 956])],)
args__________ ([set([705, 802, 969, 908, 883, 727, 760, 764, 573])],)
args__________ ([set([995, 932, 716, 556, 813, 882, 696, 766, 543])],)
finish process___________________
left nodes numner:_______ 223
sorted nodes by betweenness [5, 6, 8, 17, 22, 23, 40, 41, 46, 47, 55, 58, 62, 70, 86, 92, 93, 97, 103, 112, 116, 119, 123, 125, 128, 129, 142, 146, 151, 155, 158, 165, 166, 168, 173, 174, 175, 178, 182, 188, 190, 198, 201, 205, 220, 222, 235, 244, 250, 256, 258, 262, 263, 265, 266, 275, 278, 279, 282, 285, 287, 290, 297, 311, 318, 322, 324, 325, 326, 328, 336, 337, 343, 345, 354, 357, 367, 374, 378, 384, 385, 388, 389, 394, 397, 411, 418, 420, 423, 427, 429, 430, 432, 433, 438, 450, 451, 457, 476, 482, 484, 491, 494, 499, 505, 508, 509, 512, 513, 514, 515, 516, 517, 520, 523, 547, 554, 557, 559, 560, 561, 565, 566, 579, 581, 584, 588, 589, 590, 592, 598, 604, 607, 610, 615, 620, 621, 622, 623, 624, 627, 632, 636, 638, 643, 645, 648, 654, 655, 663, 665, 666, 668, 685, 693, 700, 706, 708, 710, 714, 718, 722, 725, 726, 729, 731, 733, 734, 735, 740, 742, 761, 768, 770, 773, 785, 789, 790, 801, 807, 808, 811, 819, 820, 823, 828, 832, 833, 838, 846, 848, 857, 858, 863, 864, 866, 868, 871, 872, 875, 877, 881, 884, 887, 889, 894, 895, 898, 900, 903, 904, 906, 916, 928, 929, 934, 942, 943, 960, 965, 968, 972, 976]
args__________ ([[5, 920, 912, 964, 885, 982]],)
args__________ ([[6, 165, 40, 220, 146, 62, 22, 55, 92]],)
args__________ ([[8, 857, 779, 282, 265, 112]],)
args__________ ([[17, 258, 943, 190, 726, 158, 93, 579, 86]],)
args__________ ([[6, 165, 40, 220, 146, 62, 22, 55, 92]],)
args__________ ([[23, 1000, 881, 703, 560]],)
args__________ ([[6, 165, 40, 220, 146, 62, 22, 55, 92]],)
args__________ ([[41, 875, 976, 848, 648, 322]],)
args__________ ([[46, 516, 581, 865, 868, 397, 326]],)
args__________ ([[47, 291, 307, 268, 839]],)
args__________ ([[6, 165, 40, 220, 146, 62, 22, 55, 92]],)
args__________ ([[58, 875, 848, 648, 868, 588]],)
args__________ ([[6, 165, 40, 220, 146, 62, 22, 55, 92]],)
args__________ ([[70, 337, 297, 367, 881, 275, 250, 168]],)
args__________ ([[17, 258, 943, 190, 726, 158, 93, 579, 86]],)
args__________ ([[6, 165, 40, 220, 146, 62, 22, 55, 92]],)
args__________ ([[17, 258, 943, 190, 726, 158, 93, 579, 86]],)
args__________ ([[97, 672, 786, 878, 862]],)
args__________ ([[103, 357, 166, 112, 282]],)
args__________ ([[8, 857, 779, 282, 265, 112]],)
args__________ ([[116, 823, 865, 868, 516, 581, 397, 201]],)
args__________ ([[119, 857, 779, 725, 205, 423]],)
args__________ ([[123, 263, 881, 297, 367, 337, 250, 275, 168]],)
args__________ ([[125, 263, 881, 367, 337, 275, 250, 168]],)
args__________ ([[128, 992, 816, 961, 974, 671]],)
args__________ ([[129, 771, 787, 765, 989]],)
args__________ ([[142, 967, 921, 778, 938, 971]],)
args__________ ([[6, 165, 40, 220, 146, 62, 22, 55, 92]],)
args__________ ([[151, 581, 516, 868, 326, 397, 865]],)
args__________ ([[155, 830, 827, 892, 862, 854]],)
args__________ ([[17, 258, 943, 190, 726, 158, 93, 579, 86]],)
args__________ ([[6, 165, 40, 220, 146, 62, 22, 55, 92]],)
finish single seed process___________________
left nodes numner:_______ 128
sorted nodes by betweenness [175, 178, 198, 235, 256, 266, 278, 287, 290, 311, 324, 325, 336, 345, 374, 378, 384, 385, 389, 394, 411, 427, 430, 432, 433, 438, 450, 451, 457, 476, 482, 484, 491, 494, 505, 509, 512, 513, 514, 515, 520, 547, 557, 559, 561, 565, 566, 584, 589, 590, 592, 598, 604, 607, 615, 620, 622, 623, 624, 627, 632, 636, 638, 643, 645, 654, 655, 665, 666, 668, 685, 693, 700, 706, 708, 710, 714, 718, 722, 729, 731, 733, 734, 735, 740, 742, 761, 768, 770, 773, 785, 789, 790, 801, 807, 808, 819, 820, 828, 832, 833, 838, 846, 858, 863, 864, 866, 871, 872, 877, 884, 887, 889, 894, 895, 898, 900, 904, 906, 916, 928, 929, 934, 942, 960, 965, 968, 972]
args__________ ([[175, 576, 545, 441, 497, 962]],)
args__________ ([[178, 545, 808, 497, 962, 422]],)
args__________ ([[87, 613, 646, 616, 649, 198]],)
args__________ ([[235, 748, 984, 759, 789, 861]],)
args__________ ([[256, 773, 734, 512, 604, 336, 589]],)
args__________ ([[266, 993, 949, 893, 746, 902]],)
args__________ ([[278, 993, 901, 949, 902]],)
args__________ ([[287, 738, 920, 945, 964, 950, 982]],)
args__________ ([[100, 512, 773, 734, 869, 290]],)
args__________ ([[311, 526, 959, 732, 913, 911]],)
args__________ ([[324, 950, 945, 810, 890, 826, 982]],)
args__________ ([[290, 734, 325, 904, 547, 620]],)
args__________ ([[256, 773, 734, 512, 604, 336, 589]],)
args__________ ([[345, 773, 547, 863, 620, 482]],)
args__________ ([[336, 773, 734, 904, 547, 374]],)
args__________ ([[256, 773, 734, 512, 620, 378]],)
args__________ ([[384, 737, 707, 939, 664, 818]],)
args__________ ([[385, 864, 506, 955, 972, 877, 470]],)
args__________ ([[389, 862, 880, 892, 878, 926, 462]],)
args__________ ([[394, 835, 809, 986, 978]],)
args__________ ([[374, 773, 734, 411, 904]],)
args__________ ([[427, 896, 873, 859, 917, 918, 910]],)
args__________ ([[430, 678, 989, 946, 999, 653, 679]],)
args__________ ([[432, 949, 993, 940, 998, 814]],)
args__________ ([[433, 964, 912, 945, 762, 890, 924, 982]],)
args__________ ([[438, 776, 994, 935, 784, 925]],)
args__________ ([[450, 970, 977, 988, 987, 812, 919]],)
args__________ ([[451, 933, 989, 679, 999, 653, 597]],)
args__________ ([[338, 972, 955, 362, 457, 818]],)
args__________ ([[476, 961, 870, 909, 974, 681, 906]],)
args__________ ([[482, 773, 734, 863, 620, 512, 869, 589]],)
args__________ ([[484, 999, 1000, 724, 780, 981, 567]],)
finish single seed process___________________
left nodes numner:_______ 79
sorted nodes by betweenness [491, 494, 505, 509, 513, 515, 520, 557, 559, 561, 566, 584, 590, 592, 598, 607, 615, 622, 623, 624, 627, 632, 636, 638, 643, 645, 654, 655, 665, 666, 668, 685, 693, 700, 706, 708, 710, 714, 718, 722, 729, 731, 733, 735, 740, 742, 761, 768, 770, 785, 790, 801, 807, 819, 820, 828, 832, 833, 838, 846, 858, 866, 871, 872, 884, 887, 889, 894, 895, 898, 900, 916, 928, 929, 934, 942, 960, 965, 968]
args__________ ([[491, 961, 870, 974, 816, 846, 972]],)
args__________ ([[310, 840, 586, 421, 490, 494, 815]],)
args__________ ([[440, 609, 939, 975, 819, 505, 518]],)
args__________ ([[509, 739, 677, 751, 525, 711, 675]],)
args__________ ([[513, 964, 950, 753, 905, 945, 924, 982, 991]],)
args__________ ([[471, 961, 794, 909, 974, 916, 515]],)
args__________ ([[520, 897, 967, 938, 954, 971, 948, 717, 927]],)
args__________ ([[483, 1000, 780, 724, 630, 635, 557, 999]],)
args__________ ([[559, 641, 999, 1000, 780, 635, 724, 981]],)
args__________ ([[312, 878, 854, 892, 862, 786, 561, 830]],)
args__________ ([[566, 880, 672, 878, 786, 862, 892, 854, 830]],)
args__________ ([[262, 516, 581, 868, 865, 397, 584, 823]],)
args__________ ([[380, 835, 986, 978, 809, 590]],)
args__________ ([[360, 771, 973, 765, 989, 702, 895, 592]],)
args__________ ([[408, 899, 936, 947, 783, 680, 598, 669]],)
args__________ ([[607, 994, 914, 915, 935, 776, 784, 925]],)
args__________ ([[615, 672, 880, 878, 892, 830, 854]],)
args__________ ([[622, 834, 971, 867, 967, 907, 948, 954, 938]],)
args__________ ([[623, 704, 769, 793, 809, 986, 835]],)
args__________ ([[624, 994, 776, 914, 915, 896, 784]],)
args__________ ([[518, 627, 609, 548, 521, 939, 975, 819]],)
args__________ ([[632, 993, 901, 874, 893, 949, 856, 902]],)
args__________ ([[482, 773, 734, 863, 636, 589]],)
args__________ ([[638, 775, 873, 845, 910, 859, 917, 918, 926]],)
args__________ ([[643, 936, 947, 899, 850, 796, 891]],)
args__________ ([[645, 948, 967, 897, 944, 963, 927]],)
args__________ ([[556, 995, 932, 904, 813, 758, 766, 654]],)
args__________ ([[655, 834, 867, 963, 948, 921, 938, 944]],)
args__________ ([[502, 992, 805, 969, 748, 985, 861, 984, 665]],)
args__________ ([[666, 897, 963, 907, 954, 927, 948, 717, 967]],)
args__________ ([[381, 843, 670, 781, 756, 772, 585, 668]],)
args__________ ([[233, 937, 979, 980, 956, 966, 852, 685, 803]],)
finish single seed process___________________
left nodes numner:_______ 43
sorted nodes by betweenness [693, 700, 706, 708, 710, 714, 718, 722, 729, 731, 733, 735, 740, 742, 761, 768, 770, 785, 790, 801, 807, 820, 828, 832, 833, 838, 858, 866, 871, 872, 884, 887, 889, 894, 898, 900, 928, 929, 934, 942, 960, 965, 968]
args__________ ([[25, 996, 614, 973, 530, 540, 731, 693]],)
args__________ ([[408, 899, 936, 947, 700, 953, 796, 669]],)
args__________ ([[577, 841, 935, 994, 915, 706, 996]],)
args__________ ([[480, 737, 707, 939, 698, 650, 708, 664, 570]],)
args__________ ([[288, 744, 777, 446, 529, 504, 710, 364]],)
args__________ ([[376, 979, 951, 966, 714, 822, 804, 884]],)
args__________ ([[358, 642, 899, 936, 947, 957, 718, 796]],)
args__________ ([[722, 990, 915, 994, 776, 841, 914, 935]],)
args__________ ([[884, 937, 979, 951, 966, 980, 956, 729, 822]],)
args__________ ([[274, 996, 614, 973, 530, 396, 540, 731, 532]],)
args__________ ([[259, 618, 817, 426, 395, 539, 733, 407]],)
args__________ ([[134, 519, 1000, 628, 703, 466, 881, 735]],)
args__________ ([[115, 865, 493, 398, 531, 478, 511, 740]],)
args__________ ([[742, 803, 966, 937, 855, 979, 956, 951, 980, 922]],)
args__________ ([[761, 966, 937, 951, 979, 852, 980, 822, 377]],)
args__________ ([[456, 701, 682, 928, 768, 958, 550, 718]],)
args__________ ([[572, 908, 800, 802, 770, 976, 872]],)
args__________ ([[13, 958, 682, 402, 785, 928]],)
args__________ ([[564, 845, 918, 873, 910, 723, 917, 930, 790]],)
args__________ ([[537, 987, 970, 801, 872, 977, 919, 689]],)
args__________ ([[807, 951, 966, 937, 979, 956, 803, 855, 922, 980, 852]],)
args__________ ([[671, 961, 974, 870, 909, 816, 808, 820, 719]],)
args__________ ([[951, 937, 979, 980, 966, 852, 956, 803, 855, 922, 828]],)
args__________ ([[662, 912, 950, 982, 945, 924, 829, 905, 836, 832, 888]],)
args__________ ([[372, 873, 918, 910, 917, 845, 775, 859, 900, 833]],)
args__________ ([[7, 838, 609, 939, 975, 521, 104, 548]],)
args__________ ([[556, 858, 904, 716, 696, 766, 758, 813, 932]],)
args__________ ([[834, 954, 866, 948, 867, 897, 778, 938, 927, 963]],)
args__________ ([[254, 928, 871, 456, 701, 839]],)
args__________ ([[537, 987, 970, 812, 977, 872, 749, 689, 919]],)
args__________ ([[884, 937, 979, 951, 966, 980, 956, 729, 822]],)
args__________ ([[746, 993, 901, 949, 940, 851, 887, 902, 893, 874]],)
finish single seed process___________________
left nodes numner:_______ 9
sorted nodes by betweenness [889, 894, 898, 929, 934, 942, 960, 965, 968]
args__________ ([[522, 739, 677, 711, 751, 692, 633, 991, 889, 675]],)
args__________ ([[496, 739, 677, 711, 522, 525, 751, 692, 633, 797, 991, 894]],)
args__________ ([[761, 966, 937, 951, 979, 852, 980, 822, 898]],)
args__________ ([[552, 993, 901, 940, 929, 851, 893, 856, 746]],)
args__________ ([[612, 772, 934, 843, 781, 656, 670, 684, 931]],)
args__________ ([[834, 954, 967, 942, 778, 948, 921, 963, 876]],)
args__________ ([[626, 950, 982, 810, 912, 888, 945, 964, 924, 836, 905, 920, 960]],)
args__________ ([[606, 964, 886, 950, 912, 982, 920, 924, 905, 965, 753, 890, 885]],)
args__________ ([[508, 875, 848, 610, 968, 811, 517]],)
finish single seed process___________________
i =  0 [98, 291, 292, 839, 136, 268, 209, 307, 245, 60]
i =  1 [897, 778, 907, 921, 329, 927, 938, 431, 944, 50, 948, 181, 439, 954, 834, 963, 197, 967, 73, 971, 717, 85, 88, 218, 481, 867, 743, 249]
i =  2 [66, 43, 69, 460, 75, 108, 113, 52, 26, 59]
i =  3 [257, 772, 261, 267, 781, 782, 271, 656, 19, 406, 412, 670, 416, 34, 931, 294, 684, 304, 49, 946, 435, 320, 323, 585, 843, 141, 89, 612, 110, 755, 756, 246, 381]
i =  4 [613, 646, 616, 649, 138, 87, 558, 144, 145, 210, 340, 503, 730, 232, 215]
i =  5 [391, 909, 143, 792, 794, 413, 671, 681, 683, 816, 961, 840, 974, 719, 471, 347, 611, 356, 870, 238, 371, 639]
i =  6 [905, 399, 912, 405, 662, 791, 920, 196, 924, 810, 428, 945, 950, 826, 829, 574, 964, 982, 762, 606, 738, 619, 753, 626, 885, 886, 888, 836, 890]
i =  7 [642, 899, 243, 137, 652, 526, 911, 403, 149, 408, 153, 796, 669, 159, 417, 35, 936, 299, 44, 177, 947, 953, 61, 193, 195, 68, 197, 713, 458, 721, 850, 211, 212, 213, 527, 474, 219, 732, 224, 783, 358, 109, 12, 680, 659, 891]
i =  8 [449, 115, 492, 493, 398, 465, 114, 531, 20, 56, 315, 478, 511]
i =  9 [640, 264, 13, 14, 365, 402, 919, 537, 154, 283, 30, 546, 550, 305, 682, 812, 941, 686, 689, 690, 184, 825, 571, 701, 958, 575, 578, 455, 456, 842, 76, 970, 977, 57, 987, 350, 229, 102, 749, 495, 368, 241, 754, 42, 500, 118, 121, 379, 170, 254]
i =  10 [786, 535, 926, 672, 37, 39, 172, 312, 827, 830, 65, 580, 74, 587, 332, 462, 207, 854, 862, 878, 880, 370, 631, 892]
i =  11 [657, 667, 156, 29, 674, 805, 425, 444, 317, 453, 200, 969, 469, 984, 985, 861, 94, 351, 234, 747, 748, 498, 502, 759, 251, 253]
i =  12 [865, 741, 449, 492, 493, 398, 531, 465, 114, 115, 20, 56, 315, 478, 511]
i =  13 [259, 518, 775, 521, 395, 524, 910, 917, 918, 407, 280, 539, 32, 930, 548, 426, 71, 48, 817, 564, 440, 442, 194, 327, 202, 845, 975, 81, 594, 723, 468, 7, 859, 348, 605, 199, 609, 226, 227, 104, 873, 618, 236, 372, 507, 382]
i =  14 [1, 837, 230, 647, 124, 779, 237, 273, 313, 38, 252]
i =  15 [897, 778, 907, 921, 329, 927, 938, 431, 50, 948, 439, 568, 954, 834, 963, 197, 967, 73, 971, 717, 88, 218, 481, 867, 249]
i =  16 [786, 535, 672, 676, 37, 39, 172, 312, 827, 830, 65, 580, 74, 332, 462, 207, 854, 862, 878, 880, 370, 631, 892]
i =  17 [769, 21, 793, 24, 409, 346, 553, 298, 300, 986, 51, 831, 704, 835, 247, 461, 978, 331, 221, 105, 369, 809, 447, 380]
i =  18 [80, 739, 4, 677, 711, 31, 522, 231, 525, 751, 688, 10, 675, 692, 496, 633, 63, 36, 797, 991]
i =  19 [657, 667, 156, 29, 674, 805, 425, 444, 317, 453, 200, 969, 469, 984, 985, 861, 94, 351, 992, 234, 747, 748, 498, 502, 759, 251, 253]
i =  20 [897, 778, 907, 921, 329, 927, 938, 431, 50, 948, 439, 954, 834, 963, 967, 73, 971, 717, 88, 218, 481, 867, 249]
i =  21 [130, 150, 727, 908, 534, 152, 800, 802, 42, 176, 180, 54, 697, 314, 699, 572, 573, 705, 583, 160, 204, 983, 344, 608, 995, 109, 883, 764]
i =  22 [518, 7, 521, 650, 401, 664, 548, 939, 818, 477, 306, 440, 570, 316, 707, 609, 81, 348, 698, 199, 480, 737, 226, 104, 236, 242, 120]
i =  23 [641, 386, 131, 134, 519, 780, 387, 148, 277, 296, 555, 567, 445, 703, 448, 466, 339, 724, 981, 601, 91, 479, 353, 483, 485, 1000, 628, 630, 635]
i =  24 [352, 421, 490, 11, 301, 335, 464, 562, 310, 586, 383]
i =  25 [288, 195, 549, 177, 744, 777, 715, 364, 529, 18, 341, 745, 504, 501, 117, 446, 959]
i =  26 [905, 399, 912, 913, 405, 662, 791, 920, 836, 964, 924, 810, 428, 945, 950, 826, 829, 574, 196, 982, 762, 606, 738, 619, 753, 626, 885, 886, 888, 890]
i =  27 [901, 902, 528, 472, 661, 410, 415, 164, 552, 940, 814, 309, 185, 186, 187, 949, 330, 334, 595, 84, 342, 856, 223, 993, 998, 361, 746, 363, 851, 893, 510]
i =  28 [101, 9, 874, 879, 16, 83, 183, 281, 122, 847, 191]
i =  29 [288, 195, 549, 177, 744, 745, 501, 364, 529, 18, 341, 777, 504, 569, 117, 446, 959]
i =  30 [100, 68, 869, 876, 299, 76, 527, 212, 213, 132, 602, 61]
i =  31 [771, 653, 658, 147, 277, 406, 28, 541, 933, 678, 679, 304, 946, 563, 695, 702, 323, 582, 333, 591, 597, 473, 79, 989, 355, 486, 487, 360, 999, 765, 246, 637]
i =  32 [95, 164, 998, 472, 363, 334, 849, 787, 309, 728, 185, 223, 957, 415]
i =  33 [673, 240, 424, 284, 107, 208, 77, 45, 720, 82, 467, 691, 214, 375, 824, 767, 90, 763, 860, 988, 799]
i =  34 [771, 260, 396, 530, 532, 533, 25, 538, 540, 161, 28, 563, 695, 189, 702, 765, 973, 333, 99, 473, 79, 355, 996, 486, 614, 360, 274, 111, 276, 637]
i =  35 [352, 544, 603, 421, 295, 840, 586, 11, 301, 335, 464, 562, 310, 815, 490, 383]
i =  36 [642, 899, 783, 149, 408, 153, 796, 669, 159, 417, 35, 164, 936, 947, 309, 185, 415, 957, 193, 197, 458, 334, 850, 211, 472, 219, 223, 224, 358, 363, 680, 891]
i =  37 [3, 644, 472, 410, 923, 415, 795, 164, 293, 806, 169, 480, 306, 434, 309, 694, 952, 185, 443, 53, 321, 709, 334, 849, 821, 216, 475, 349, 223, 736, 363, 239, 757]
i =  38 [896, 776, 140, 15, 400, 914, 915, 925, 542, 32, 162, 935, 392, 436, 990, 437, 577, 841, 463, 593, 94, 784, 994, 625, 242, 248]
i =  39 [897, 131, 393, 778, 907, 834, 400, 404, 73, 921, 412, 157, 927, 545, 162, 419, 422, 938, 431, 50, 948, 181, 439, 441, 954, 576, 193, 962, 963, 197, 967, 329, 971, 717, 78, 85, 88, 218, 481, 867, 997, 289, 366, 752, 497, 249]
i =  40 [64, 390, 135, 272, 922, 803, 804, 937, 171, 302, 303, 179, 822, 951, 955, 956, 192, 966, 338, 979, 852, 470, 855, 217, 506, 96, 228, 359, 233, 362, 243, 629, 376, 377, 634, 980]
i =  41 [130, 150, 908, 534, 152, 156, 160, 802, 176, 51, 180, 54, 697, 314, 699, 572, 573, 705, 969, 204, 727, 344, 800, 608, 883, 760, 764]
i =  42 [2, 133, 774, 139, 269, 270, 286, 788, 536, 27, 798, 543, 33, 163, 932, 551, 556, 813, 687, 712, 308, 414, 696, 319, 67, 452, 454, 72, 716, 459, 844, 126, 206, 596, 853, 203, 599, 600, 95, 225, 995, 651, 488, 489, 106, 167, 750, 882, 373, 758, 617, 660, 127, 766, 255]
i =  43 [5, 905, 399, 912, 405, 662, 791, 920, 196, 964, 924, 810, 428, 945, 950, 826, 829, 574, 836, 982, 762, 606, 738, 619, 753, 626, 885, 886, 888, 890]
i =  44 [165, 6, 40, 92, 146, 22, 55, 220, 62]
i =  45 [357, 166, 103, 8, 265, 779, 205, 112, 119, 857, 423, 188, 282]
i =  46 [258, 579, 86, 173, 943, 17, 499, 190, 726, 93, 158, 85]
i =  47 [165, 6, 40, 92, 146, 22, 55, 220, 62]
i =  48 [386, 134, 263, 523, 275, 277, 23, 168, 297, 554, 519, 560, 296, 445, 703, 70, 337, 466, 339, 91, 222, 353, 483, 1000, 367, 881, 499, 628, 250, 123, 125]
i =  49 [165, 6, 40, 92, 146, 22, 55, 220, 62]
i =  50 [848, 322, 811, 388, 517, 903, 648, 41, 875, 588, 610, 621, 976, 244, 343, 58, 508]
i =  51 [516, 262, 397, 398, 531, 20, 174, 151, 285, 46, 182, 56, 315, 318, 581, 326, 201, 465, 478, 865, 868, 492, 493, 114, 115, 116, 511]
i =  52 [98, 291, 292, 839, 136, 268, 47, 209, 307, 245, 60]
i =  53 [165, 6, 40, 92, 146, 22, 55, 220, 62]
i =  54 [388, 517, 262, 903, 648, 397, 46, 151, 516, 418, 41, 811, 174, 244, 58, 322, 581, 326, 201, 588, 848, 343, 610, 868, 875, 621, 116, 508]
i =  55 [165, 6, 40, 92, 146, 22, 55, 220, 62]
i =  56 [70, 263, 168, 297, 367, 337, 275, 250, 123, 125, 222, 881]
i =  57 [258, 579, 86, 173, 943, 17, 499, 190, 726, 93, 158, 85]
i =  58 [165, 6, 40, 92, 146, 22, 55, 220, 62]
i =  59 [258, 579, 86, 173, 943, 17, 499, 190, 726, 93, 158, 85]
i =  60 [786, 535, 672, 37, 39, 172, 312, 827, 830, 65, 580, 74, 332, 462, 207, 854, 862, 97, 878, 880, 370, 631, 892]
i =  61 [357, 166, 103, 8, 265, 423, 205, 112, 119, 282, 188]
i =  62 [357, 166, 103, 8, 265, 779, 205, 112, 119, 857, 423, 188, 282]
i =  63 [516, 262, 397, 398, 531, 20, 174, 151, 285, 46, 182, 823, 56, 315, 318, 581, 326, 201, 465, 478, 865, 868, 492, 493, 114, 115, 116, 511]
i =  64 [420, 357, 166, 423, 8, 265, 779, 205, 112, 273, 725, 119, 857, 282, 103, 188]
i =  65 [70, 263, 168, 297, 367, 337, 275, 250, 123, 125, 222, 881]
i =  66 [70, 263, 168, 297, 367, 337, 275, 250, 123, 125, 222, 881]
i =  67 [128, 391, 663, 909, 143, 657, 279, 792, 794, 29, 671, 418, 805, 681, 683, 429, 413, 816, 200, 317, 961, 328, 674, 974, 719, 471, 347, 861, 351, 992, 354, 611, 356, 870, 234, 747, 748, 238, 498, 371, 502, 759, 251, 253, 639]
i =  68 [129, 771, 653, 658, 787, 406, 28, 541, 415, 161, 164, 678, 679, 304, 563, 309, 695, 185, 186, 702, 323, 333, 334, 79, 597, 599, 472, 473, 989, 223, 355, 486, 487, 360, 363, 637, 147, 246, 765]
i =  69 [897, 778, 907, 142, 921, 329, 927, 938, 431, 50, 948, 439, 954, 834, 963, 967, 73, 971, 717, 85, 88, 218, 481, 867, 249]
i =  70 [165, 6, 40, 92, 146, 22, 55, 220, 62]
i =  71 [516, 262, 397, 398, 531, 20, 174, 151, 285, 46, 182, 56, 315, 318, 581, 326, 201, 465, 478, 865, 868, 492, 493, 114, 115, 116, 511]
i =  72 [786, 535, 155, 672, 37, 39, 172, 312, 827, 830, 65, 580, 74, 332, 462, 207, 854, 862, 878, 880, 370, 631, 892]
i =  73 [258, 579, 86, 173, 943, 17, 499, 190, 726, 93, 158, 85]
i =  74 [165, 6, 40, 92, 146, 22, 55, 220, 62]
i =  75 [576, 545, 962, 422, 289, 393, 78, 175, 497, 404, 366, 425, 441, 157, 318]
i =  76 [576, 545, 962, 422, 289, 808, 393, 78, 175, 497, 178, 404, 366, 425, 441, 157, 318]
i =  77 [613, 198, 616, 649, 138, 503, 646, 144, 145, 210, 340, 558, 215, 87, 232]
i =  78 [674, 747, 667, 805, 200, 29, 234, 235, 748, 317, 657, 498, 253, 789, 502, 759, 984, 251, 861, 351]
i =  79 [256, 512, 482, 547, 100, 773, 620, 290, 589, 336, 374, 345, 378, 604, 734, 325]
i =  80 [993, 901, 902, 552, 746, 940, 814, 893, 528, 595, 84, 949, 342, 856, 851, 330, 266, 510, 661]
i =  81 [993, 342, 901, 902, 552, 746, 940, 814, 893, 528, 595, 84, 949, 278, 856, 851, 187, 330, 266, 510, 661]
i =  82 [5, 905, 399, 912, 148, 405, 662, 791, 920, 964, 924, 287, 810, 428, 945, 950, 826, 829, 574, 196, 982, 890, 606, 738, 619, 753, 626, 885, 886, 888, 836, 762]
i =  83 [512, 256, 773, 290, 547, 61, 68, 325, 76, 589, 336, 212, 213, 345, 604, 734, 482, 100, 869, 620, 374, 378]
i =  84 [385, 514, 12, 526, 911, 913, 403, 278, 299, 177, 311, 959, 195, 652, 460, 721, 659, 732, 484, 361, 109, 243]
i =  85 [324, 905, 399, 912, 405, 662, 791, 920, 964, 924, 810, 428, 945, 950, 826, 829, 574, 196, 982, 890, 606, 738, 619, 753, 626, 885, 886, 888, 836, 762]
i =  86 [256, 512, 290, 547, 100, 325, 904, 620, 482, 589, 336, 374, 345, 378, 604, 734, 773]
i =  87 [256, 512, 482, 547, 100, 773, 620, 290, 589, 336, 374, 345, 378, 604, 734, 325]
i =  88 [512, 256, 290, 547, 100, 773, 325, 620, 482, 589, 336, 374, 345, 378, 604, 734, 863]
i =  89 [256, 512, 290, 547, 100, 773, 904, 620, 482, 589, 336, 374, 345, 378, 604, 734, 325]
i =  90 [256, 512, 290, 547, 100, 773, 620, 589, 336, 482, 374, 345, 378, 604, 734, 325]
i =  91 [384, 518, 7, 521, 650, 401, 664, 548, 939, 818, 477, 306, 440, 698, 316, 707, 199, 81, 348, 570, 480, 609, 226, 104, 236, 242, 120, 737]
i =  92 [385, 261, 271, 272, 19, 179, 34, 420, 302, 49, 435, 565, 955, 64, 198, 972, 320, 338, 470, 864, 228, 359, 362, 877, 110, 506]
i =  93 [389, 786, 535, 926, 672, 37, 39, 172, 312, 827, 830, 65, 580, 74, 587, 332, 462, 207, 854, 862, 878, 880, 370, 631, 892]
i =  94 [769, 394, 21, 793, 24, 409, 346, 809, 298, 300, 51, 182, 831, 704, 835, 331, 461, 978, 986, 221, 105, 369, 553, 447, 380, 247]
i =  95 [256, 512, 290, 547, 100, 773, 904, 620, 482, 589, 336, 374, 345, 378, 411, 604, 734, 325]
i =  96 [896, 194, 507, 775, 392, 873, 427, 845, 910, 48, 81, 594, 723, 372, 917, 918, 564, 442, 859, 605, 382]
i =  97 [771, 653, 658, 147, 277, 406, 28, 541, 678, 679, 430, 304, 946, 563, 695, 702, 323, 582, 333, 79, 597, 473, 989, 355, 486, 487, 360, 999, 765, 246, 637]
i =  98 [901, 902, 528, 472, 661, 410, 415, 164, 552, 940, 814, 432, 309, 185, 186, 187, 949, 330, 334, 595, 84, 342, 856, 223, 993, 998, 361, 746, 363, 851, 893, 510]
i =  99 [905, 399, 912, 405, 662, 791, 920, 196, 964, 433, 924, 810, 428, 430, 945, 950, 826, 829, 574, 836, 982, 762, 606, 738, 619, 753, 626, 885, 886, 888, 890]
i =  100 [577, 994, 935, 776, 841, 140, 162, 15, 784, 625, 914, 915, 436, 94, 438, 248, 593, 925, 542, 437]
i =  101 [640, 578, 14, 365, 919, 537, 154, 283, 284, 689, 812, 941, 686, 305, 690, 825, 571, 842, 575, 450, 455, 970, 977, 57, 987, 988, 229, 102, 107, 749, 368, 241, 754, 118, 121, 379, 767]
i =  102 [771, 653, 658, 451, 277, 406, 28, 541, 933, 678, 679, 304, 563, 695, 702, 323, 582, 333, 79, 597, 473, 989, 355, 486, 487, 360, 999, 765, 147, 246, 637]
i =  103 [385, 261, 271, 272, 19, 179, 34, 420, 302, 49, 818, 435, 565, 955, 64, 198, 457, 972, 320, 338, 470, 864, 228, 359, 362, 877, 110, 506]
i =  104 [391, 906, 909, 143, 792, 794, 413, 671, 681, 429, 816, 961, 328, 974, 719, 471, 347, 476, 354, 611, 356, 870, 238, 371, 639]
i =  105 [512, 256, 773, 290, 547, 61, 68, 325, 76, 354, 589, 336, 212, 213, 345, 604, 734, 863, 482, 100, 869, 620, 374, 378]
i =  106 [641, 386, 131, 134, 519, 780, 653, 142, 658, 387, 148, 277, 406, 678, 679, 296, 555, 304, 567, 445, 703, 448, 323, 246, 466, 339, 724, 981, 601, 91, 479, 353, 483, 484, 485, 999, 1000, 487, 147, 628, 630, 635, 597]
i =  107 [391, 909, 143, 272, 792, 794, 413, 671, 418, 681, 302, 816, 179, 64, 961, 972, 846, 719, 338, 974, 470, 471, 228, 347, 864, 354, 611, 356, 870, 359, 362, 491, 238, 371, 506, 639]
i =  108 [352, 544, 421, 295, 840, 490, 11, 301, 494, 815, 464, 562, 310, 335, 586, 383]
i =  109 [129, 518, 7, 521, 650, 401, 707, 664, 548, 939, 306, 819, 440, 570, 316, 579, 199, 975, 81, 602, 348, 477, 480, 609, 226, 698, 104, 236, 627, 120, 505, 737]
i =  110 [496, 739, 36, 677, 711, 522, 231, 525, 751, 80, 10, 675, 692, 633, 31, 509, 4, 63]
i =  111 [513, 4, 5, 905, 10, 525, 399, 912, 148, 405, 662, 791, 920, 964, 924, 675, 36, 677, 810, 428, 945, 692, 950, 826, 187, 829, 574, 63, 522, 196, 711, 80, 982, 633, 890, 606, 991, 738, 739, 231, 619, 751, 496, 753, 626, 885, 886, 888, 836, 762]
i =  112 [515, 391, 909, 143, 916, 792, 794, 413, 671, 681, 429, 816, 961, 974, 719, 471, 347, 476, 611, 356, 870, 238, 371, 639]
i =  113 [897, 520, 778, 907, 921, 329, 927, 938, 431, 50, 948, 439, 954, 834, 963, 197, 967, 73, 971, 717, 88, 218, 481, 867, 249]
i =  114 [641, 386, 387, 134, 519, 780, 653, 658, 147, 148, 277, 406, 678, 679, 296, 555, 557, 304, 567, 445, 703, 448, 323, 246, 466, 339, 724, 597, 601, 91, 479, 353, 483, 484, 485, 999, 1000, 487, 628, 630, 635]
i =  115 [641, 386, 131, 134, 519, 780, 653, 142, 658, 387, 148, 277, 406, 678, 679, 296, 555, 559, 304, 567, 445, 703, 448, 323, 246, 466, 339, 724, 981, 601, 91, 479, 353, 483, 484, 485, 999, 1000, 487, 147, 628, 630, 635, 597]
i =  116 [786, 535, 672, 37, 39, 172, 561, 312, 827, 830, 65, 580, 74, 332, 462, 207, 854, 862, 878, 880, 370, 631, 892]
i =  117 [786, 535, 672, 37, 39, 172, 565, 566, 312, 827, 830, 65, 580, 74, 332, 462, 207, 854, 862, 878, 880, 370, 631, 892]
i =  118 [516, 262, 397, 398, 531, 20, 174, 151, 285, 46, 182, 823, 56, 315, 318, 449, 581, 326, 584, 201, 465, 478, 865, 868, 492, 493, 114, 115, 116, 511]
i =  119 [769, 21, 793, 24, 409, 346, 809, 298, 300, 51, 182, 831, 704, 835, 331, 461, 590, 978, 986, 221, 105, 369, 553, 447, 380, 247]
i =  120 [771, 260, 396, 653, 274, 147, 532, 406, 25, 538, 28, 541, 161, 678, 679, 540, 304, 563, 658, 695, 189, 702, 637, 323, 973, 333, 592, 99, 597, 599, 473, 79, 989, 355, 614, 486, 487, 360, 530, 111, 246, 765, 895]
i =  121 [224, 642, 35, 358, 936, 947, 458, 44, 783, 680, 850, 899, 149, 598, 408, 153, 219, 796, 669, 159]
i =  122 [577, 994, 935, 776, 841, 140, 162, 15, 784, 625, 914, 915, 436, 437, 593, 248, 542, 925, 94, 607]
i =  123 [786, 535, 672, 37, 39, 172, 312, 827, 830, 65, 580, 74, 332, 462, 207, 854, 862, 615, 878, 880, 370, 631, 892]
i =  124 [897, 439, 520, 778, 907, 921, 927, 938, 431, 50, 948, 73, 954, 834, 963, 197, 967, 329, 971, 717, 88, 218, 481, 867, 622, 249]
i =  125 [769, 390, 21, 793, 24, 409, 346, 553, 298, 300, 51, 831, 704, 835, 331, 461, 978, 217, 986, 221, 105, 623, 369, 809, 447, 380, 247]
i =  126 [896, 776, 140, 15, 784, 914, 915, 925, 542, 32, 161, 162, 935, 392, 436, 437, 577, 841, 593, 94, 994, 624, 625, 248]
i =  127 [129, 518, 7, 521, 650, 401, 707, 664, 548, 939, 306, 819, 440, 570, 316, 579, 199, 975, 81, 602, 348, 477, 480, 609, 226, 698, 104, 236, 627, 120, 505, 737]
i =  128 [901, 902, 9, 266, 874, 16, 19, 661, 278, 281, 552, 940, 814, 949, 183, 191, 330, 595, 83, 84, 342, 856, 993, 101, 746, 851, 528, 632, 122, 893, 510]
i =  129 [512, 256, 482, 547, 100, 773, 325, 604, 620, 290, 589, 336, 374, 345, 378, 636, 734, 863]
i =  130 [775, 392, 910, 917, 918, 926, 48, 564, 442, 194, 587, 845, 81, 594, 723, 859, 605, 873, 372, 382, 507, 638]
i =  131 [224, 642, 35, 358, 936, 796, 458, 219, 783, 680, 850, 947, 643, 149, 598, 408, 153, 891, 899, 669, 159]
i =  132 [897, 645, 778, 907, 921, 329, 927, 938, 431, 944, 50, 948, 439, 954, 834, 963, 197, 967, 73, 971, 717, 85, 88, 218, 481, 867, 249]
i =  133 [2, 133, 774, 904, 651, 269, 654, 788, 853, 536, 27, 414, 543, 163, 932, 551, 556, 813, 712, 798, 696, 319, 67, 452, 72, 716, 203, 844, 270, 599, 224, 225, 995, 488, 489, 167, 750, 758, 617, 660, 766, 127]
i =  134 [897, 778, 907, 655, 921, 412, 329, 927, 419, 938, 431, 944, 50, 948, 439, 954, 834, 963, 197, 967, 73, 971, 717, 85, 88, 218, 481, 867, 249]
i =  135 [130, 776, 140, 15, 784, 657, 914, 915, 789, 150, 152, 665, 667, 156, 29, 542, 160, 674, 805, 935, 425, 925, 176, 436, 437, 54, 841, 180, 444, 317, 577, 453, 200, 969, 204, 593, 469, 984, 985, 861, 94, 351, 992, 994, 438, 234, 747, 748, 624, 625, 498, 883, 502, 759, 248, 251, 253]
i =  136 [897, 778, 907, 921, 666, 329, 927, 938, 431, 50, 948, 439, 954, 834, 963, 197, 967, 73, 971, 717, 88, 218, 481, 867, 249]
i =  137 [416, 257, 267, 772, 294, 585, 843, 684, 781, 782, 141, 656, 756, 89, 612, 668, 381, 670]
i =  138 [390, 135, 922, 803, 804, 937, 171, 685, 303, 822, 951, 956, 192, 966, 979, 852, 855, 217, 96, 233, 629, 376, 377, 634, 980]
i =  139 [771, 260, 396, 530, 532, 533, 25, 538, 540, 161, 28, 563, 693, 695, 189, 702, 765, 79, 973, 333, 99, 473, 731, 355, 996, 486, 614, 360, 274, 111, 276, 637]
i =  140 [669, 417, 642, 35, 358, 936, 796, 458, 44, 783, 680, 850, 899, 149, 153, 408, 953, 219, 700, 947, 159]
i =  141 [260, 776, 140, 15, 784, 914, 915, 532, 23, 25, 538, 540, 925, 542, 32, 161, 935, 530, 436, 437, 189, 577, 706, 841, 593, 211, 94, 400, 994, 99, 996, 614, 274, 111, 625, 248, 276, 396]
i =  142 [518, 7, 521, 650, 401, 664, 548, 939, 477, 306, 440, 570, 316, 707, 708, 199, 81, 348, 698, 480, 609, 226, 104, 236, 242, 120, 737]
i =  143 [288, 549, 710, 744, 777, 364, 529, 18, 501, 745, 504, 117, 446, 341]
i =  144 [390, 135, 394, 729, 922, 803, 804, 937, 171, 303, 822, 951, 956, 192, 966, 714, 331, 979, 852, 855, 217, 96, 742, 233, 623, 884, 629, 376, 377, 634, 980]
i =  145 [642, 899, 783, 149, 408, 153, 796, 669, 159, 417, 35, 164, 936, 947, 309, 185, 415, 957, 193, 197, 458, 718, 850, 211, 334, 472, 219, 223, 224, 358, 363, 680]
i =  146 [776, 140, 15, 784, 914, 915, 925, 542, 162, 935, 436, 94, 437, 577, 841, 590, 463, 593, 722, 990, 994, 625, 242, 248]
i =  147 [390, 135, 394, 217, 922, 803, 804, 937, 171, 303, 822, 951, 956, 377, 192, 966, 714, 331, 979, 980, 855, 729, 96, 233, 623, 884, 629, 376, 852, 634]
i =  148 [771, 260, 396, 530, 532, 533, 25, 538, 540, 161, 28, 563, 693, 695, 189, 702, 765, 79, 973, 333, 99, 473, 731, 355, 996, 486, 614, 360, 274, 111, 276, 637]
i =  149 [327, 259, 71, 618, 395, 524, 817, 227, 468, 407, 280, 539, 733, 426]
i =  150 [386, 134, 263, 523, 275, 23, 168, 297, 554, 519, 47, 296, 445, 703, 70, 337, 466, 339, 91, 222, 735, 353, 1000, 367, 881, 499, 628, 250, 123, 125]
i =  151 [865, 115, 740, 492, 493, 398, 465, 114, 531, 20, 56, 315, 478, 511]
i =  152 [390, 135, 922, 803, 804, 937, 171, 303, 822, 951, 956, 192, 966, 714, 979, 852, 855, 217, 96, 742, 233, 623, 629, 376, 377, 634, 980]
i =  153 [192, 96, 803, 804, 966, 135, 937, 171, 303, 855, 979, 852, 822, 951, 376, 761, 233, 980, 956, 377]
i =  154 [768, 264, 268, 13, 15, 785, 402, 30, 928, 546, 291, 292, 550, 682, 136, 307, 94, 184, 60, 701, 958, 839, 456, 718, 209, 350, 97, 98, 495, 245, 118, 121, 170, 254]
i =  155 [800, 608, 802, 379, 705, 872, 764, 42, 908, 770, 976, 760, 534, 727, 344, 697, 314, 699, 572, 573]
i =  156 [264, 13, 15, 785, 402, 30, 928, 546, 550, 682, 350, 184, 701, 958, 456, 94, 97, 495, 118, 121, 170, 254]
i =  157 [930, 859, 790, 775, 873, 194, 910, 845, 48, 81, 594, 723, 564, 917, 918, 372, 442, 507, 605, 382]
i =  158 [640, 14, 749, 919, 537, 154, 283, 801, 689, 812, 941, 686, 305, 690, 825, 571, 842, 575, 578, 455, 970, 977, 57, 987, 229, 102, 872, 365, 368, 241, 754, 118, 379]
i =  159 [390, 135, 922, 803, 804, 807, 937, 171, 303, 822, 951, 956, 192, 966, 714, 979, 852, 855, 217, 96, 233, 623, 629, 376, 377, 634, 980]
i =  160 [391, 909, 143, 792, 794, 413, 671, 808, 681, 429, 816, 820, 961, 974, 719, 471, 347, 354, 611, 356, 870, 238, 371, 639]
i =  161 [390, 135, 394, 729, 922, 803, 804, 937, 171, 303, 822, 951, 828, 192, 966, 714, 331, 979, 852, 855, 217, 96, 742, 956, 623, 884, 629, 233, 376, 377, 634, 980]
i =  162 [905, 399, 912, 152, 405, 662, 791, 920, 964, 924, 160, 810, 428, 176, 945, 950, 826, 829, 574, 832, 196, 54, 79, 982, 890, 606, 738, 619, 753, 626, 885, 886, 888, 836, 762]
i =  163 [900, 775, 392, 910, 917, 918, 32, 48, 564, 442, 833, 194, 845, 81, 594, 723, 859, 605, 873, 372, 507, 382]
i =  164 [129, 518, 7, 521, 650, 401, 707, 664, 548, 939, 306, 440, 570, 316, 579, 838, 199, 975, 81, 602, 348, 477, 480, 609, 226, 698, 104, 236, 120, 505, 737]
i =  165 [2, 133, 774, 904, 651, 269, 270, 788, 536, 27, 414, 543, 163, 932, 551, 556, 813, 712, 798, 696, 319, 67, 452, 72, 716, 203, 844, 853, 599, 858, 225, 488, 617, 167, 750, 758, 489, 660, 766, 127]
i =  166 [897, 778, 907, 921, 329, 927, 938, 431, 50, 948, 181, 439, 954, 834, 963, 197, 967, 73, 971, 717, 88, 218, 481, 866, 867, 249]
i =  167 [264, 268, 13, 15, 402, 30, 928, 546, 291, 292, 550, 682, 47, 136, 307, 184, 60, 701, 839, 456, 209, 350, 97, 98, 871, 495, 245, 121, 170, 254]
i =  168 [640, 14, 365, 919, 537, 154, 283, 689, 812, 941, 686, 305, 690, 825, 571, 842, 575, 578, 455, 970, 977, 57, 987, 229, 102, 872, 749, 368, 241, 754, 118, 379]
i =  169 [390, 135, 394, 217, 922, 803, 804, 937, 171, 303, 822, 951, 956, 377, 192, 966, 714, 331, 979, 980, 855, 729, 96, 233, 623, 884, 629, 376, 852, 634]
i =  170 [901, 902, 9, 874, 16, 19, 661, 278, 281, 552, 940, 814, 949, 183, 191, 330, 595, 83, 84, 342, 856, 993, 101, 746, 851, 528, 887, 122, 893, 510]
i =  171 [496, 739, 4, 677, 711, 31, 522, 231, 525, 751, 80, 675, 692, 889, 633, 63, 36, 10, 991]
i =  172 [80, 739, 4, 677, 711, 31, 522, 231, 525, 751, 688, 10, 675, 692, 496, 633, 63, 36, 797, 894, 991]
i =  173 [898, 135, 803, 804, 937, 171, 685, 303, 822, 951, 956, 377, 192, 966, 979, 980, 855, 852, 96, 233, 376, 761]
i =  174 [901, 902, 266, 139, 528, 600, 661, 410, 286, 929, 552, 940, 814, 308, 949, 33, 330, 459, 206, 592, 851, 84, 342, 856, 510, 603, 993, 361, 106, 494, 893, 622, 595, 373, 632, 596, 746, 126, 255]
i =  175 [257, 772, 261, 267, 781, 782, 271, 656, 19, 670, 416, 34, 931, 294, 684, 49, 435, 320, 585, 843, 141, 89, 612, 934, 110, 756, 381]
i =  176 [897, 778, 907, 921, 329, 927, 938, 942, 431, 50, 948, 439, 954, 61, 834, 963, 68, 197, 967, 73, 971, 717, 212, 85, 88, 218, 481, 867, 876, 249, 213]
i =  177 [905, 399, 912, 405, 662, 791, 920, 836, 964, 924, 810, 428, 945, 950, 826, 829, 574, 960, 196, 982, 890, 606, 738, 619, 753, 626, 885, 886, 888, 762]
i =  178 [905, 399, 912, 405, 662, 791, 920, 836, 964, 924, 810, 428, 945, 950, 826, 829, 574, 196, 965, 982, 762, 606, 738, 619, 753, 626, 885, 886, 888, 890]
i =  179 [610, 811, 388, 517, 903, 968, 41, 875, 588, 322, 621, 848, 648, 244, 343, 58, 508]
finish get all communities
complete deal_communities
commplete get_all_nature_community
----------------------------------The detection result is: 

all communities: 
i =  1 : [26, 43, 52, 59, 66, 69, 75, 108, 113, 460]
i =  2 : [12, 35, 44, 61, 68, 109, 137, 149, 153, 159, 177, 193, 195, 197, 211, 212, 213, 219, 224, 243, 299, 358, 403, 408, 417, 458, 474, 526, 527, 642, 652, 659, 669, 680, 713, 721, 732, 783, 796, 850, 891, 899, 911, 936, 947, 953]
i =  3 : [13, 14, 30, 42, 57, 76, 102, 118, 121, 154, 170, 184, 229, 241, 254, 264, 283, 305, 350, 365, 368, 379, 402, 455, 456, 495, 500, 537, 546, 550, 571, 575, 578, 640, 682, 686, 689, 690, 701, 749, 754, 812, 825, 842, 919, 941, 958, 970, 977, 987]
i =  4 : [7, 32, 48, 71, 81, 104, 194, 199, 202, 226, 227, 236, 259, 280, 327, 348, 372, 382, 395, 407, 426, 440, 442, 468, 507, 518, 521, 524, 539, 548, 564, 594, 605, 609, 618, 723, 775, 817, 845, 859, 873, 910, 917, 918, 930, 975]
i =  5 : [1, 38, 124, 230, 237, 252, 273, 313, 647, 779, 837]
i =  6 : [42, 54, 109, 130, 150, 152, 160, 176, 180, 204, 314, 344, 534, 572, 573, 583, 608, 697, 699, 705, 727, 764, 800, 802, 883, 908, 983, 995]
i =  7 : [9, 16, 83, 101, 122, 183, 191, 281, 847, 874, 879]
i =  8 : [61, 68, 76, 100, 132, 212, 213, 299, 527, 602, 869, 876]
i =  9 : [95, 164, 185, 223, 309, 334, 363, 415, 472, 728, 787, 849, 957, 998]
i =  10 : [45, 77, 82, 90, 107, 208, 214, 240, 284, 375, 424, 467, 673, 691, 720, 763, 767, 799, 824, 860, 988]
i =  11 : [3, 53, 164, 169, 185, 216, 223, 239, 293, 306, 309, 321, 334, 349, 363, 410, 415, 434, 443, 472, 475, 480, 644, 694, 709, 736, 757, 795, 806, 821, 849, 923, 952]
i =  12 : [50, 73, 78, 85, 88, 131, 157, 162, 181, 193, 197, 218, 249, 289, 329, 366, 393, 400, 404, 412, 419, 422, 431, 439, 441, 481, 497, 545, 576, 717, 752, 778, 834, 867, 897, 907, 921, 927, 938, 948, 954, 962, 963, 967, 971, 997]
i =  13 : [51, 54, 130, 150, 152, 156, 160, 176, 180, 204, 314, 344, 534, 572, 573, 608, 697, 699, 705, 727, 760, 764, 800, 802, 883, 908, 969]
i =  14 : [6, 22, 40, 55, 62, 92, 146, 165, 220]
i =  15 : [17, 85, 86, 93, 158, 173, 190, 258, 499, 579, 726, 943]
i =  16 : [41, 46, 58, 116, 151, 174, 201, 244, 262, 322, 326, 343, 388, 397, 418, 508, 516, 517, 581, 588, 610, 621, 648, 811, 848, 868, 875, 903]
i =  17 : [8, 103, 112, 119, 166, 188, 205, 265, 273, 282, 357, 420, 423, 725, 779, 857]
i =  18 : [29, 128, 143, 200, 234, 238, 251, 253, 279, 317, 328, 347, 351, 354, 356, 371, 391, 413, 418, 429, 471, 498, 502, 611, 639, 657, 663, 671, 674, 681, 683, 719, 747, 748, 759, 792, 794, 805, 816, 861, 870, 909, 961, 974, 992]
i =  19 : [28, 79, 129, 147, 161, 164, 185, 186, 223, 246, 304, 309, 323, 333, 334, 355, 360, 363, 406, 415, 472, 473, 486, 487, 541, 563, 597, 599, 637, 653, 658, 678, 679, 695, 702, 765, 771, 787, 989]
i =  20 : [78, 157, 175, 178, 289, 318, 366, 393, 404, 422, 425, 441, 497, 545, 576, 808, 962]
i =  21 : [29, 200, 234, 235, 251, 253, 317, 351, 498, 502, 657, 667, 674, 747, 748, 759, 789, 805, 861, 984]
i =  22 : [12, 109, 177, 195, 243, 278, 299, 311, 361, 385, 403, 460, 484, 514, 526, 652, 659, 721, 732, 911, 913, 959]
i =  23 : [84, 164, 185, 186, 187, 223, 309, 330, 334, 342, 361, 363, 410, 415, 432, 472, 510, 528, 552, 595, 661, 746, 814, 851, 856, 893, 901, 902, 940, 949, 993, 998]
i =  24 : [19, 34, 49, 64, 110, 179, 198, 228, 261, 271, 272, 302, 320, 338, 359, 362, 385, 420, 435, 457, 470, 506, 565, 818, 864, 877, 955, 972]
i =  25 : [64, 143, 179, 228, 238, 272, 302, 338, 347, 354, 356, 359, 362, 371, 391, 413, 418, 470, 471, 491, 506, 611, 639, 671, 681, 719, 792, 794, 816, 846, 864, 870, 909, 961, 972, 974]
i =  26 : [20, 46, 56, 114, 115, 116, 151, 174, 182, 201, 262, 285, 315, 318, 326, 397, 398, 449, 465, 478, 492, 493, 511, 516, 531, 581, 584, 823, 865, 868]
i =  27 : [25, 28, 79, 99, 111, 147, 161, 189, 246, 260, 274, 304, 323, 333, 355, 360, 396, 406, 473, 486, 487, 530, 532, 538, 540, 541, 563, 592, 597, 599, 614, 637, 653, 658, 678, 679, 695, 702, 765, 771, 895, 973, 989]
i =  28 : [15, 29, 54, 94, 130, 140, 150, 152, 156, 160, 176, 180, 200, 204, 234, 248, 251, 253, 317, 351, 425, 436, 437, 438, 444, 453, 469, 498, 502, 542, 577, 593, 624, 625, 657, 665, 667, 674, 747, 748, 759, 776, 784, 789, 805, 841, 861, 883, 914, 915, 925, 935, 969, 984, 985, 992, 994]
i =  29 : [89, 141, 257, 267, 294, 381, 416, 585, 612, 656, 668, 670, 684, 756, 772, 781, 782, 843]
i =  30 : [25, 28, 79, 99, 111, 161, 189, 260, 274, 276, 333, 355, 360, 396, 473, 486, 530, 532, 533, 538, 540, 563, 614, 637, 693, 695, 702, 731, 765, 771, 973, 996]
i =  31 : [15, 23, 25, 32, 94, 99, 111, 140, 161, 189, 211, 248, 260, 274, 276, 396, 400, 436, 437, 530, 532, 538, 540, 542, 577, 593, 614, 625, 706, 776, 784, 841, 914, 915, 925, 935, 994, 996]
i =  32 : [18, 117, 288, 341, 364, 446, 501, 504, 529, 549, 710, 744, 745, 777]
i =  33 : [71, 227, 259, 280, 327, 395, 407, 426, 468, 524, 539, 618, 733, 817]
i =  34 : [42, 314, 344, 379, 534, 572, 573, 608, 697, 699, 705, 727, 760, 764, 770, 800, 802, 872, 908, 976]
i =  35 : [33, 84, 106, 126, 139, 206, 255, 266, 286, 308, 330, 342, 361, 373, 410, 459, 494, 510, 528, 552, 592, 595, 596, 600, 603, 622, 632, 661, 746, 814, 851, 856, 893, 901, 902, 929, 940, 949, 993]
i =  36 : [19, 34, 49, 89, 110, 141, 246, 257, 261, 267, 271, 294, 304, 320, 323, 381, 406, 412, 416, 435, 585, 612, 656, 670, 684, 755, 756, 772, 781, 782, 843, 931, 934, 946]
i =  37 : [87, 138, 144, 145, 198, 210, 215, 232, 340, 503, 558, 613, 616, 646, 649, 730]
i =  38 : [20, 56, 114, 115, 315, 398, 449, 465, 478, 492, 493, 511, 531, 740, 741, 865]
i =  39 : [18, 117, 177, 195, 288, 341, 364, 446, 501, 504, 529, 549, 569, 715, 744, 745, 777, 959]
i =  40 : [11, 295, 301, 310, 335, 352, 383, 421, 464, 490, 494, 544, 562, 586, 603, 815, 840]
i =  41 : [35, 149, 153, 159, 164, 185, 193, 197, 211, 219, 223, 224, 309, 334, 358, 363, 408, 415, 417, 458, 472, 642, 669, 680, 718, 783, 796, 850, 891, 899, 936, 947, 957]
i =  42 : [23, 47, 70, 91, 123, 125, 134, 168, 222, 250, 263, 275, 277, 296, 297, 337, 339, 353, 367, 386, 445, 466, 483, 499, 519, 523, 554, 560, 628, 703, 735, 881, 1000]
i =  43 : [41, 58, 244, 322, 343, 388, 508, 517, 588, 610, 621, 648, 811, 848, 875, 903, 968, 976]
i =  44 : [14, 57, 102, 107, 118, 121, 154, 229, 241, 283, 284, 305, 365, 368, 379, 450, 455, 537, 571, 575, 578, 640, 686, 689, 690, 749, 754, 767, 801, 812, 825, 842, 872, 919, 941, 970, 977, 987, 988]
i =  45 : [91, 131, 134, 142, 147, 148, 246, 277, 296, 304, 323, 339, 353, 386, 387, 406, 445, 448, 466, 479, 483, 484, 485, 487, 519, 555, 557, 559, 567, 597, 601, 628, 630, 635, 641, 653, 658, 678, 679, 703, 724, 780, 981, 999, 1000]
i =  46 : [13, 15, 30, 47, 60, 94, 97, 98, 118, 121, 136, 170, 184, 209, 245, 254, 264, 268, 291, 292, 307, 350, 402, 456, 495, 546, 550, 682, 701, 718, 768, 785, 839, 871, 928, 958]
i =  47 : [35, 44, 149, 153, 159, 219, 224, 358, 408, 417, 458, 598, 642, 643, 669, 680, 700, 783, 796, 850, 891, 899, 936, 947, 953]
i =  48 : [28, 79, 147, 246, 277, 304, 323, 333, 355, 360, 406, 430, 451, 473, 486, 487, 541, 563, 582, 591, 597, 637, 653, 658, 678, 679, 695, 702, 765, 771, 933, 946, 989, 999]
i =  49 : [2, 27, 33, 67, 72, 95, 106, 126, 127, 133, 139, 163, 167, 203, 206, 224, 225, 255, 269, 270, 286, 308, 319, 373, 414, 452, 454, 459, 488, 489, 536, 543, 551, 556, 596, 599, 600, 617, 651, 654, 660, 687, 696, 712, 716, 750, 758, 766, 774, 788, 798, 813, 844, 853, 858, 882, 904, 932, 995]
i =  50 : [9, 16, 19, 83, 84, 101, 122, 183, 187, 191, 266, 278, 281, 330, 342, 510, 528, 552, 595, 632, 661, 746, 814, 851, 856, 874, 887, 893, 901, 902, 940, 949, 993]
i =  51 : [21, 24, 51, 105, 182, 217, 221, 247, 298, 300, 331, 346, 369, 380, 390, 394, 409, 447, 461, 553, 590, 623, 704, 769, 793, 809, 831, 835, 978, 986]
i =  52 : [61, 68, 76, 100, 212, 213, 256, 290, 325, 336, 345, 354, 374, 378, 411, 482, 512, 547, 589, 604, 620, 636, 734, 773, 863, 869, 904]
i =  53 : [4, 10, 31, 36, 63, 80, 231, 496, 509, 522, 525, 633, 675, 677, 688, 692, 711, 739, 751, 797, 889, 894, 991]
i =  54 : [143, 238, 328, 347, 354, 356, 371, 391, 413, 429, 471, 476, 515, 611, 639, 671, 681, 683, 719, 792, 794, 808, 816, 820, 840, 870, 906, 909, 916, 961, 974]
i =  55 : [7, 81, 104, 120, 129, 199, 226, 236, 242, 306, 316, 348, 384, 401, 440, 477, 480, 505, 518, 521, 548, 570, 579, 602, 609, 627, 650, 664, 698, 707, 708, 737, 818, 819, 838, 939, 975]
i =  56 : [32, 48, 81, 194, 372, 382, 392, 427, 442, 507, 564, 587, 594, 605, 638, 723, 775, 790, 833, 845, 859, 873, 896, 900, 910, 917, 918, 926, 930]
i =  57 : [15, 32, 94, 140, 161, 162, 242, 248, 392, 400, 436, 437, 438, 463, 542, 577, 590, 593, 607, 624, 625, 722, 776, 784, 841, 896, 914, 915, 925, 935, 990, 994]
i =  58 : [64, 96, 135, 171, 179, 192, 217, 228, 233, 243, 272, 302, 303, 331, 338, 359, 362, 376, 377, 390, 394, 470, 506, 623, 629, 634, 685, 714, 729, 742, 761, 803, 804, 807, 822, 828, 852, 855, 884, 898, 922, 937, 951, 955, 956, 966, 979, 980]
i =  59 : [37, 39, 65, 74, 97, 155, 172, 207, 312, 332, 370, 389, 462, 535, 561, 565, 566, 580, 587, 615, 631, 672, 676, 786, 827, 830, 854, 862, 878, 880, 892, 926]
i =  60 : [4, 5, 10, 36, 54, 63, 79, 80, 148, 152, 160, 176, 187, 196, 231, 287, 324, 399, 405, 428, 430, 433, 496, 513, 522, 525, 574, 606, 619, 626, 633, 662, 675, 677, 692, 711, 738, 739, 751, 753, 762, 791, 810, 826, 829, 832, 836, 885, 886, 888, 890, 905, 912, 913, 920, 924, 945, 950, 960, 964, 965, 982, 991]
i =  61 : [50, 61, 68, 73, 85, 88, 142, 181, 197, 212, 213, 218, 249, 329, 412, 419, 431, 439, 481, 520, 568, 622, 645, 655, 666, 717, 743, 778, 834, 866, 867, 876, 897, 907, 921, 927, 938, 942, 944, 948, 954, 963, 967, 971]
overlapping nodes are:  [4, 7, 9, 10, 12, 13, 14, 15, 16, 18, 19, 20, 23, 25, 28, 29, 30, 32, 33, 34, 35, 36, 41, 42, 44, 46, 47, 48, 49, 50, 51, 54, 56, 57, 58, 61, 63, 64, 68, 71, 73, 76, 78, 79, 80, 81, 83, 84, 85, 88, 89, 91, 94, 95, 97, 99, 100, 101, 102, 104, 106, 107, 109, 110, 111, 114, 115, 116, 117, 118, 121, 122, 126, 129, 130, 131, 134, 139, 140, 141, 142, 143, 147, 148, 149, 150, 151, 152, 153, 154, 156, 157, 159, 160, 161, 162, 164, 170, 174, 176, 177, 179, 180, 181, 182, 183, 184, 185, 186, 187, 189, 191, 193, 194, 195, 197, 198, 199, 200, 201, 204, 206, 211, 212, 213, 217, 218, 219, 223, 224, 226, 227, 228, 229, 231, 234, 236, 238, 241, 242, 243, 244, 246, 248, 249, 251, 253, 254, 255, 257, 259, 260, 261, 262, 264, 266, 267, 271, 272, 273, 274, 276, 277, 278, 280, 281, 283, 284, 286, 288, 289, 294, 296, 299, 302, 304, 305, 306, 308, 309, 314, 315, 317, 318, 320, 322, 323, 326, 327, 328, 329, 330, 331, 333, 334, 338, 339, 341, 342, 343, 344, 347, 348, 350, 351, 353, 354, 355, 356, 358, 359, 360, 361, 362, 363, 364, 365, 366, 368, 371, 372, 373, 379, 381, 382, 385, 386, 388, 390, 391, 392, 393, 394, 395, 396, 397, 398, 400, 402, 403, 404, 406, 407, 408, 410, 412, 413, 415, 416, 417, 418, 419, 420, 422, 425, 426, 429, 430, 431, 435, 436, 437, 438, 439, 440, 441, 442, 445, 446, 449, 455, 456, 458, 459, 460, 465, 466, 468, 470, 471, 472, 473, 478, 480, 481, 483, 484, 486, 487, 492, 493, 494, 495, 496, 497, 498, 499, 501, 502, 504, 506, 507, 508, 510, 511, 516, 517, 518, 519, 521, 522, 524, 525, 526, 527, 528, 529, 530, 531, 532, 534, 537, 538, 539, 540, 541, 542, 545, 546, 548, 549, 550, 552, 563, 564, 565, 571, 572, 573, 575, 576, 577, 578, 579, 581, 585, 587, 588, 590, 592, 593, 594, 595, 596, 597, 599, 600, 602, 603, 605, 608, 609, 610, 611, 612, 614, 618, 621, 622, 623, 624, 625, 628, 632, 633, 637, 639, 640, 642, 648, 652, 653, 656, 657, 658, 659, 661, 667, 669, 670, 671, 674, 675, 677, 678, 679, 680, 681, 682, 683, 684, 686, 689, 690, 692, 695, 697, 699, 701, 702, 703, 705, 711, 717, 718, 719, 721, 723, 727, 732, 739, 744, 745, 746, 747, 748, 749, 751, 754, 756, 759, 760, 764, 765, 767, 771, 772, 775, 776, 777, 778, 779, 781, 782, 783, 784, 787, 789, 792, 794, 796, 800, 802, 805, 808, 811, 812, 814, 816, 817, 818, 825, 834, 840, 841, 842, 843, 845, 848, 849, 850, 851, 856, 859, 861, 864, 865, 867, 868, 869, 870, 872, 873, 874, 875, 876, 883, 891, 893, 896, 897, 899, 901, 902, 903, 904, 907, 908, 909, 910, 911, 913, 914, 915, 917, 918, 919, 921, 925, 926, 927, 930, 935, 936, 938, 940, 941, 946, 947, 948, 949, 953, 954, 955, 957, 958, 959, 961, 962, 963, 967, 969, 970, 971, 972, 973, 974, 975, 976, 977, 984, 987, 988, 989, 991, 992, 993, 994, 995, 996, 998, 999, 1000] 
 NOO is:  553
total time is:  350.998113871
