lens of ground_truth:  54
ground_truth is: [[1, 3, 128, 135, 194, 215, 286, 321, 357, 427, 439, 458, 463, 472, 478, 532, 595, 619, 627, 659, 687, 711, 733, 735, 756, 757, 830, 852, 860, 863, 867, 893, 895, 923, 936, 940, 941, 952, 968, 978, 982, 997], [54, 106, 112, 120, 147, 156, 189, 234, 250, 253, 266, 356, 360, 450, 452, 454, 470, 506, 571, 584, 598, 616, 629, 787, 807, 835, 843, 864, 919, 937], [11, 78, 151, 212, 362, 413, 435, 464, 520, 540, 543, 575, 592, 599, 626, 659, 727, 749, 759, 805, 817, 829, 848, 859, 868, 871, 907, 908, 922, 924, 928, 942, 944, 949, 958, 981, 982, 992], [17, 38, 46, 57, 86, 144, 158, 204, 254, 267, 275, 376, 397, 453, 505, 523, 526, 577, 630, 653, 669, 686, 687, 777, 817, 822, 954, 995], [42, 57, 159, 238, 275, 283, 324, 327, 354, 380, 389, 394, 418, 531, 548, 584, 597, 600, 603, 645, 665, 717, 729, 752, 753, 763, 803, 813, 822, 823, 870, 900, 920, 926, 935, 950, 961, 964, 972, 975, 993], [78, 118, 169, 207, 252, 258, 322, 347, 413, 417, 430, 443, 475, 486, 517, 525, 536, 582, 585, 639, 693, 701, 725, 739, 744, 748, 840, 845, 866, 887, 890, 910, 913, 937, 965, 970], [49, 96, 224, 233, 272, 298, 346, 396, 398, 445, 670, 721, 743, 830], [87, 134, 137, 175, 211, 271, 286, 289, 381, 382, 384, 457, 476, 491, 512, 621, 644, 700, 725, 798, 801, 834, 956], [15, 20, 135, 223, 249, 287, 312, 341, 356, 404, 407, 418, 489, 500, 515, 581, 654, 655, 671, 689, 751, 835, 906], [4, 5, 45, 56, 66, 114, 126, 154, 243, 283, 342, 350, 361, 419, 435, 461, 485, 521, 533, 554, 607, 615, 634, 657, 663, 691, 730, 758, 804, 811, 839, 885, 905, 957, 995], [13, 29, 71, 82, 94, 101, 125, 149, 190, 203, 308, 371, 407, 409, 431, 436, 446, 451, 494, 561, 565, 569, 591, 599, 664, 731, 736, 759, 781, 784, 788, 831, 837, 864, 902, 908, 917, 919, 929, 945, 959, 962, 970, 983, 991, 998], [52, 132, 133, 257, 277, 300, 340, 346, 352, 386, 421, 425, 503, 547, 611, 613, 618, 632, 675, 694, 819, 872, 886, 902, 905, 918, 943, 993], [32, 58, 131, 151, 179, 196, 291, 335, 417, 558, 585, 611, 631, 651, 705, 708, 710, 714, 715, 742, 751, 761, 773, 783, 795, 814, 847, 856, 878, 886, 911, 923, 966], [8, 32, 50, 68, 100, 115, 155, 163, 180, 247, 292, 392, 444, 499, 502, 576, 589, 596, 617, 650, 671, 682, 696, 767, 768, 771, 775, 802, 824, 828, 878, 894, 903, 930, 931, 938, 946, 988, 997, 998], [53, 61, 103, 109, 149, 189, 206, 294, 500, 574, 743, 813, 881], [37, 76, 107, 117, 184, 216, 248, 332, 336, 349, 358, 440, 622, 638, 727, 746, 896], [39, 73, 126, 150, 168, 173, 188, 197, 388, 423, 497, 559, 695, 705, 862, 883, 933, 994], [75, 124, 176, 208, 213, 222, 318, 342, 391, 580, 826, 892, 903], [1, 20, 41, 138, 155, 187, 205, 215, 326, 357, 397, 409, 437, 439, 444, 462, 477, 504, 506, 535, 570, 590, 596, 603, 604, 624, 629, 647, 708, 709, 716, 720, 775, 798, 852, 853, 863, 867, 877, 880, 893, 915, 921, 942, 953, 960, 979, 984, 994, 996], [3, 30, 58, 64, 72, 73, 80, 95, 212, 213, 239, 304, 312, 389, 469, 517, 537, 578, 583, 587, 628, 658, 667, 688, 702, 718, 738, 741, 762, 765, 772, 782, 789, 797, 819, 844, 847, 849, 947, 963, 966, 974, 983], [6, 7, 56, 193, 200, 231, 235, 240, 328, 331, 344, 527, 604, 639, 722, 750], [9, 14, 37, 226, 265, 320, 325, 347, 377, 420, 442, 524, 579, 624, 642, 656, 674, 678, 680, 690, 719, 726, 757, 792, 808, 866, 890], [36, 81, 130, 153, 244, 304, 369, 408, 412, 438, 448, 509, 512, 553, 829, 972], [11, 83, 122, 128, 169, 172, 186, 187, 261, 281, 472, 475, 518, 580, 684, 685, 699, 701, 766, 769, 779, 785, 790, 799, 801, 806, 809, 820, 821, 833, 862, 869, 879, 884, 891, 897, 912, 914, 934, 980, 990], [46, 104, 178, 210, 267, 420, 427, 540, 569, 689, 760, 906, 939], [72, 125, 150, 177, 250, 317, 412, 487, 496, 531, 643, 691, 756, 791, 795, 836, 881, 933, 975, 978], [89, 98, 121, 220, 239, 278, 348, 383, 460, 468, 550, 593, 648, 655, 662, 673, 719, 780, 787, 818, 832, 834, 838, 865, 870, 904, 954, 976, 986], [22, 25, 77, 90, 232, 241, 310, 311, 330, 366, 384, 414, 479, 718, 844], [23, 230, 307, 325, 370, 378, 380, 459, 487, 511, 518, 539, 571, 636, 660, 677, 683, 686, 750, 776, 839, 865, 986], [63, 102, 108, 185, 237, 243, 288, 302, 309, 321, 334, 426, 452, 465, 800], [47, 70, 79, 171, 183, 192, 433, 477, 494, 536, 541], [55, 88, 97, 120, 165, 195, 252, 282, 337, 355, 387, 395, 468, 471, 495, 508, 535, 538, 541, 560, 566, 570, 614, 668, 670, 681, 706, 707, 734, 755, 770, 778, 786, 793, 800, 810, 876, 899, 912, 917, 950, 951, 955, 967, 971, 977, 987, 989], [35, 146, 156, 182, 231, 273, 296, 367, 405, 411, 428, 443, 521, 530, 572, 588, 594, 616, 625, 649, 666, 672, 713, 728, 776, 794, 796, 825, 854, 861, 883, 1000], [9, 21, 69, 91, 143, 170, 209, 256, 270, 272, 385, 501, 516, 542, 552, 562, 587, 610, 617, 640, 683, 690, 723, 737, 773, 774, 809, 841, 857, 875, 948], [16, 92, 201, 394, 410, 578, 678, 711, 721, 782, 840, 888, 909, 987], [10, 31, 34, 123, 142, 164, 245, 251, 255, 284, 329, 414, 436, 449, 510, 642, 836, 897], [19, 62, 101, 163, 214, 314, 315, 352, 372, 564, 606, 741, 969, 974], [143, 166, 209, 214, 227, 236, 308, 313, 340, 424, 437, 519, 563, 564, 568, 605, 634, 661, 674, 692, 697, 748, 764, 812, 846, 850, 858, 874, 882, 939, 973, 999], [40, 139, 217, 305, 322, 374, 402, 481, 488, 490, 498, 545, 555, 586, 652, 680, 712, 724, 732, 826, 871], [59, 100, 105, 161, 179, 186, 204, 205, 266, 274, 335, 348, 374, 400, 450, 451, 467, 553, 567, 573, 601, 694, 696, 717, 749, 768, 788, 887, 889, 898, 901, 925, 932, 943, 946, 948, 957, 958, 985, 999], [2, 12, 60, 74, 110, 116, 174, 197, 218, 586, 622], [40, 43, 62, 65, 104, 119, 138, 264, 285, 295, 314, 319, 332, 353, 390, 422, 433, 441, 490, 529, 548, 560, 623, 734, 740, 745, 754, 760, 815, 823, 873, 891, 911, 927, 949, 973, 981, 990], [33, 48, 81, 85, 141, 246, 263, 297, 339, 363, 364, 502, 647], [24, 26, 27, 89, 111, 127, 201, 216, 293, 299, 306, 353, 406, 447, 551, 567, 573, 637, 646, 679, 786], [60, 86, 181, 198, 229, 290, 333, 360, 373, 379, 403, 456, 482, 492, 498, 557, 576, 664, 703, 796, 797, 828], [67, 136, 210, 278, 303, 366, 404, 463, 524, 534, 556, 557, 633, 698, 803, 832, 872, 888, 904, 941, 1000], [28, 34, 148, 162, 221, 225, 259, 301, 319, 338, 359, 449, 697, 761], [29, 66, 67, 87, 132, 199, 229, 291, 421, 429, 471, 480, 503, 532, 549, 613, 620, 641, 676, 710, 716, 747, 821, 827, 855, 907, 916, 924, 962, 969], [109, 113, 157, 173, 242, 276, 282, 305, 316, 333, 345, 365, 368, 416, 465, 543, 546, 606, 608, 695, 791, 918, 944, 965], [42, 51, 145, 160, 202, 227, 292, 337, 376, 385, 401, 405, 455, 513, 514, 528, 574, 612, 615, 625, 626, 648, 746, 816, 851, 892, 896, 909, 964, 976, 985, 988, 992], [44, 84, 99, 152, 219, 323, 411, 429, 466, 474, 484, 488, 534, 542, 638, 676, 722, 824, 853, 882], [129, 228, 255, 260, 268, 377, 399, 403, 432, 434, 483, 539, 810, 848, 860], [93, 95, 106, 108, 160, 172, 237, 269, 279, 280, 310, 315, 343, 351, 393, 396, 415, 493, 522, 544, 552, 609, 635, 644, 704, 720, 842, 858, 877, 916, 931, 947, 956], [18, 43, 140, 167, 191, 262, 375, 388, 473, 507, 523, 602, 702, 802, 805, 961, 980, 984]]
nodes and edges_____________: 1000 ,  9654
read network over________________________
nodes: [197, 477, 536, 622, 679, 702, 703, 718, 726, 750, 751, 761, 792, 796, 800, 810, 813, 826, 868, 875, 882, 883, 884, 894, 897, 904, 906, 917, 923, 937, 956, 965, 969, 978, 981, 983, 985, 987, 988, 993, 995, 996, 999] num of nodes:  43
[[197, 994, 497, 423, 933, 559], [70, 192, 171, 183, 477, 541], [47, 192, 171, 79, 183, 70, 536], [2, 74, 12, 174, 218, 586, 116, 110, 622], [26, 646, 679, 637, 551, 447, 111, 406], [140, 961, 980, 984, 602, 507, 473, 805, 702], [198, 456, 703, 664, 482, 828], [628, 963, 762, 844, 789, 849, 718], [226, 808, 579, 866, 726, 656], [307, 986, 677, 660, 865, 636, 750], [631, 715, 814, 856, 651, 783, 751], [28, 259, 359, 301, 225, 338, 761, 162], [226, 808, 579, 866, 792, 890, 642], [530, 861, 728, 794, 672, 713, 825, 796], [387, 967, 989, 955, 951, 899, 971, 876, 800], [129, 483, 848, 260, 228, 810, 860, 434, 268, 432], [53, 294, 743, 813, 206, 881, 500, 103], [75, 391, 903, 124, 208, 892, 826, 222, 580], [362, 928, 922, 868, 982, 992, 817, 958], [170, 640, 737, 841, 875, 857, 723, 610], [519, 874, 812, 882, 850, 568, 764, 939], [168, 705, 994, 933, 423, 559, 497, 883, 862, 188], [684, 934, 914, 799, 833, 820, 785, 884, 769, 990], [650, 938, 930, 894, 824, 682, 946, 903], [684, 934, 914, 799, 833, 820, 779, 897, 699], [303, 832, 803, 872, 904, 1000, 888, 633, 698, 556, 941], [178, 906, 939, 760, 689, 540, 569], [681, 967, 971, 951, 989, 977, 755, 876, 955, 778, 917], [478, 936, 968, 940, 952, 923, 595, 619, 627], [112, 807, 843, 919, 937, 864], [134, 382, 956, 621, 834, 700, 289], [276, 608, 944, 416, 546, 316, 965, 918], [480, 907, 620, 916, 855, 827, 924, 641, 969, 962], [317, 643, 836, 933, 975, 978, 496, 881, 756, 791], [264, 927, 873, 981, 740, 754, 990, 623], [431, 837, 991, 959, 929, 945, 831, 962, 781, 983], [202, 992, 816, 401, 851, 528, 985, 964], [614, 967, 971, 955, 977, 951, 989, 899, 778, 987, 706], [499, 930, 938, 771, 988, 997, 767], [597, 935, 900, 926, 993, 870, 920, 803, 975], [995, 777, 653, 954, 577, 526, 505, 686], [326, 960, 880, 921, 953, 994, 996, 915, 942], [424, 874, 846, 850, 764, 999, 812, 939, 568, 661]]
len of cliques:  43
downsides after: [[303, 832, 803, 872, 904, 1000, 888, 633, 698, 556, 941], [681, 967, 971, 951, 989, 977, 755, 876, 955, 778, 917], [614, 967, 971, 955, 977, 951, 989, 899, 778, 987, 706], [129, 483, 848, 260, 228, 810, 860, 434, 268, 432], [168, 705, 994, 933, 423, 559, 497, 883, 862, 188], [684, 934, 914, 799, 833, 820, 785, 884, 769, 990], [480, 907, 620, 916, 855, 827, 924, 641, 969, 962], [317, 643, 836, 933, 975, 978, 496, 881, 756, 791], [431, 837, 991, 959, 929, 945, 831, 962, 781, 983], [424, 874, 846, 850, 764, 999, 812, 939, 568, 661], [2, 74, 12, 174, 218, 586, 116, 110, 622], [140, 961, 980, 984, 602, 507, 473, 805, 702], [387, 967, 989, 955, 951, 899, 971, 876, 800], [75, 391, 903, 124, 208, 892, 826, 222, 580], [684, 934, 914, 799, 833, 820, 779, 897, 699], [478, 936, 968, 940, 952, 923, 595, 619, 627], [597, 935, 900, 926, 993, 870, 920, 803, 975], [326, 960, 880, 921, 953, 994, 996, 915, 942], [26, 646, 679, 637, 551, 447, 111, 406], [28, 259, 359, 301, 225, 338, 761, 162], [530, 861, 728, 794, 672, 713, 825, 796], [53, 294, 743, 813, 206, 881, 500, 103], [362, 928, 922, 868, 982, 992, 817, 958], [170, 640, 737, 841, 875, 857, 723, 610], [519, 874, 812, 882, 850, 568, 764, 939], [650, 938, 930, 894, 824, 682, 946, 903], [276, 608, 944, 416, 546, 316, 965, 918], [264, 927, 873, 981, 740, 754, 990, 623], [202, 992, 816, 401, 851, 528, 985, 964], [995, 777, 653, 954, 577, 526, 505, 686], [47, 192, 171, 79, 183, 70, 536], [628, 963, 762, 844, 789, 849, 718], [307, 986, 677, 660, 865, 636, 750], [631, 715, 814, 856, 651, 783, 751], [226, 808, 579, 866, 792, 890, 642], [178, 906, 939, 760, 689, 540, 569], [134, 382, 956, 621, 834, 700, 289], [499, 930, 938, 771, 988, 997, 767], [197, 994, 497, 423, 933, 559], [70, 192, 171, 183, 477, 541], [198, 456, 703, 664, 482, 828], [226, 808, 579, 866, 726, 656], [112, 807, 843, 919, 937, 864]]
number of downsided seeds: 43
[[303, 832, 803, 872, 904, 1000, 888, 633, 698, 556, 941], [681, 967, 971, 951, 989, 977, 755, 876, 955, 778, 917], [614, 967, 971, 955, 977, 951, 989, 899, 778, 987, 706], [129, 483, 848, 260, 228, 810, 860, 434, 268, 432], [168, 705, 994, 933, 423, 559, 497, 883, 862, 188], [684, 934, 914, 799, 833, 820, 785, 884, 769, 990], [480, 907, 620, 916, 855, 827, 924, 641, 969, 962], [317, 643, 836, 933, 975, 978, 496, 881, 756, 791], [431, 837, 991, 959, 929, 945, 831, 962, 781, 983], [424, 874, 846, 850, 764, 999, 812, 939, 568, 661], [2, 74, 12, 174, 218, 586, 116, 110, 622], [140, 961, 980, 984, 602, 507, 473, 805, 702], [387, 967, 989, 955, 951, 899, 971, 876, 800], [75, 391, 903, 124, 208, 892, 826, 222, 580], [684, 934, 914, 799, 833, 820, 779, 897, 699], [478, 936, 968, 940, 952, 923, 595, 619, 627], [597, 935, 900, 926, 993, 870, 920, 803, 975], [326, 960, 880, 921, 953, 994, 996, 915, 942], [26, 646, 679, 637, 551, 447, 111, 406], [28, 259, 359, 301, 225, 338, 761, 162], [530, 861, 728, 794, 672, 713, 825, 796], [53, 294, 743, 813, 206, 881, 500, 103], [362, 928, 922, 868, 982, 992, 817, 958], [170, 640, 737, 841, 875, 857, 723, 610], [519, 874, 812, 882, 850, 568, 764, 939], [650, 938, 930, 894, 824, 682, 946, 903], [276, 608, 944, 416, 546, 316, 965, 918], [264, 927, 873, 981, 740, 754, 990, 623], [202, 992, 816, 401, 851, 528, 985, 964], [995, 777, 653, 954, 577, 526, 505, 686], [47, 192, 171, 79, 183, 70, 536], [628, 963, 762, 844, 789, 849, 718], [307, 986, 677, 660, 865, 636, 750], [631, 715, 814, 856, 651, 783, 751], [226, 808, 579, 866, 792, 890, 642], [178, 906, 939, 760, 689, 540, 569], [134, 382, 956, 621, 834, 700, 289], [499, 930, 938, 771, 988, 997, 767], [197, 994, 497, 423, 933, 559], [70, 192, 171, 183, 477, 541], [198, 456, 703, 664, 482, 828], [226, 808, 579, 866, 726, 656], [112, 807, 843, 919, 937, 864]]
after sorted:  [[303, 832, 803, 872, 904, 1000, 888, 633, 698, 556, 941], [681, 967, 971, 951, 989, 977, 755, 876, 955, 778, 917], [614, 967, 971, 955, 977, 951, 989, 899, 778, 987, 706], [129, 483, 848, 260, 228, 810, 860, 434, 268, 432], [168, 705, 994, 933, 423, 559, 497, 883, 862, 188], [684, 934, 914, 799, 833, 820, 785, 884, 769, 990], [480, 907, 620, 916, 855, 827, 924, 641, 969, 962], [317, 643, 836, 933, 975, 978, 496, 881, 756, 791], [431, 837, 991, 959, 929, 945, 831, 962, 781, 983], [424, 874, 846, 850, 764, 999, 812, 939, 568, 661], [2, 74, 12, 174, 218, 586, 116, 110, 622], [140, 961, 980, 984, 602, 507, 473, 805, 702], [387, 967, 989, 955, 951, 899, 971, 876, 800], [75, 391, 903, 124, 208, 892, 826, 222, 580], [684, 934, 914, 799, 833, 820, 779, 897, 699], [478, 936, 968, 940, 952, 923, 595, 619, 627], [597, 935, 900, 926, 993, 870, 920, 803, 975], [326, 960, 880, 921, 953, 994, 996, 915, 942], [26, 646, 679, 637, 551, 447, 111, 406], [28, 259, 359, 301, 225, 338, 761, 162], [530, 861, 728, 794, 672, 713, 825, 796], [53, 294, 743, 813, 206, 881, 500, 103], [362, 928, 922, 868, 982, 992, 817, 958], [170, 640, 737, 841, 875, 857, 723, 610], [519, 874, 812, 882, 850, 568, 764, 939], [650, 938, 930, 894, 824, 682, 946, 903], [276, 608, 944, 416, 546, 316, 965, 918], [264, 927, 873, 981, 740, 754, 990, 623], [202, 992, 816, 401, 851, 528, 985, 964], [995, 777, 653, 954, 577, 526, 505, 686], [47, 192, 171, 79, 183, 70, 536], [628, 963, 762, 844, 789, 849, 718], [307, 986, 677, 660, 865, 636, 750], [631, 715, 814, 856, 651, 783, 751], [226, 808, 579, 866, 792, 890, 642], [178, 906, 939, 760, 689, 540, 569], [134, 382, 956, 621, 834, 700, 289], [499, 930, 938, 771, 988, 997, 767], [197, 994, 497, 423, 933, 559], [70, 192, 171, 183, 477, 541], [198, 456, 703, 664, 482, 828], [226, 808, 579, 866, 726, 656], [112, 807, 843, 919, 937, 864]]
before num:  43
befor deal_cliques:  43
after deal_cliques:  43
length of seeds:  43
seeds:  [set([832, 803, 872, 556, 941, 303, 904, 1000, 888, 633, 698]), set([967, 681, 778, 971, 876, 977, 755, 917, 951, 955, 989]), set([706, 899, 614, 967, 778, 971, 955, 977, 951, 987, 989]), set([129, 483, 260, 810, 268, 848, 434, 432, 228, 860]), set([705, 994, 933, 423, 168, 559, 497, 883, 188, 862]), set([833, 934, 769, 684, 785, 914, 820, 884, 990, 799]), set([480, 641, 962, 969, 907, 620, 916, 855, 827, 924]), set([643, 836, 933, 975, 496, 881, 978, 756, 791, 317]), set([929, 962, 837, 781, 431, 945, 983, 959, 991, 831]), set([999, 424, 874, 939, 812, 846, 850, 661, 568, 764]), set([2, 586, 12, 110, 174, 116, 622, 218, 74]), set([961, 805, 140, 980, 984, 473, 602, 507, 702]), set([800, 387, 967, 971, 876, 899, 951, 955, 989]), set([75, 580, 391, 124, 903, 208, 826, 892, 222]), set([833, 934, 897, 779, 684, 914, 820, 699, 799]), set([936, 619, 940, 968, 595, 627, 952, 923, 478]), set([993, 803, 900, 870, 935, 975, 597, 920, 926]), set([960, 994, 996, 326, 942, 880, 915, 953, 921]), set([646, 551, 679, 111, 406, 26, 637, 447]), set([225, 162, 259, 359, 301, 338, 761, 28]), set([672, 713, 530, 728, 825, 794, 796, 861]), set([294, 743, 103, 813, 206, 881, 500, 53]), set([928, 992, 868, 362, 817, 982, 922, 958]), set([640, 737, 610, 841, 170, 875, 723, 857]), set([519, 874, 939, 812, 850, 882, 568, 764]), set([930, 682, 903, 650, 946, 824, 938, 894]), set([608, 416, 546, 965, 944, 276, 918, 316]), set([740, 264, 873, 623, 754, 981, 990, 927]), set([992, 816, 964, 202, 528, 401, 851, 985]), set([577, 995, 777, 653, 526, 686, 505, 954]), set([192, 70, 183, 536, 47, 171, 79]), set([849, 963, 628, 789, 762, 844, 718]), set([865, 307, 660, 677, 986, 636, 750]), set([715, 631, 856, 651, 751, 814, 783]), set([792, 226, 579, 642, 808, 890, 866]), set([689, 178, 760, 569, 906, 939, 540]), set([289, 834, 134, 700, 956, 621, 382]), set([930, 771, 997, 938, 767, 988, 499]), set([497, 994, 197, 423, 933, 559]), set([192, 70, 183, 171, 477, 541]), set([664, 482, 198, 456, 828, 703]), set([656, 226, 579, 726, 808, 866]), set([864, 112, 919, 807, 937, 843])]
seeds_fitness [0.11943539630836048, 0.16516516516516516, 0.1724137931034483, 0.234375, 0.13513513513513514, 0.16129032258064516, 0.12465373961218837, 0.11306532663316583, 0.12345679012345678, 0.17110266159695817, 0.4235294117647059, 0.09836065573770492, 0.1245674740484429, 0.1718377088305489, 0.14428857715430862, 0.14035087719298245, 0.08561236623067776, 0.10140845070422536, 0.3684210526315789, 0.3684210526315789, 0.17337461300309598, 0.17445482866043613, 0.0665083135391924, 0.21374045801526717, 0.13691931540342298, 0.09003215434083602, 0.10748560460652591, 0.09017713365539452, 0.07865168539325842, 0.11267605633802817, 0.39622641509433965, 0.10144927536231885, 0.1024390243902439, 0.13680781758957655, 0.10687022900763359, 0.09051724137931035, 0.12574850299401197, 0.06334841628959276, 0.0783289817232376, 0.24390243902439024, 0.11627906976744186, 0.11194029850746269, 0.06711409395973154]
after sort list of tuple: [(10, 0.4235294117647059), (30, 0.39622641509433965), (18, 0.3684210526315789), (19, 0.3684210526315789), (39, 0.24390243902439024), (3, 0.234375), (23, 0.21374045801526717), (21, 0.17445482866043613), (20, 0.17337461300309598), (2, 0.1724137931034483), (13, 0.1718377088305489), (9, 0.17110266159695817), (1, 0.16516516516516516), (5, 0.16129032258064516), (14, 0.14428857715430862), (15, 0.14035087719298245), (24, 0.13691931540342298), (33, 0.13680781758957655), (4, 0.13513513513513514), (36, 0.12574850299401197), (6, 0.12465373961218837), (12, 0.1245674740484429), (8, 0.12345679012345678), (0, 0.11943539630836048), (40, 0.11627906976744186), (7, 0.11306532663316583), (29, 0.11267605633802817), (41, 0.11194029850746269), (26, 0.10748560460652591), (34, 0.10687022900763359), (32, 0.1024390243902439), (31, 0.10144927536231885), (17, 0.10140845070422536), (11, 0.09836065573770492), (35, 0.09051724137931035), (27, 0.09017713365539452), (25, 0.09003215434083602), (16, 0.08561236623067776), (28, 0.07865168539325842), (38, 0.0783289817232376), (42, 0.06711409395973154), (22, 0.0665083135391924), (37, 0.06334841628959276)]
seeds_sorted [set([2, 586, 12, 110, 174, 116, 622, 218, 74]), set([192, 70, 183, 536, 47, 171, 79]), set([646, 551, 679, 111, 406, 26, 637, 447]), set([225, 162, 259, 359, 301, 338, 761, 28]), set([192, 70, 183, 171, 477, 541]), set([129, 483, 260, 810, 268, 848, 434, 432, 228, 860]), set([640, 737, 610, 841, 170, 875, 723, 857]), set([294, 743, 103, 813, 206, 881, 500, 53]), set([672, 713, 530, 728, 825, 794, 796, 861]), set([706, 899, 614, 967, 778, 971, 955, 977, 951, 987, 989]), set([75, 580, 391, 124, 903, 208, 826, 892, 222]), set([999, 424, 874, 939, 812, 846, 850, 661, 568, 764]), set([967, 681, 778, 971, 876, 977, 755, 917, 951, 955, 989]), set([833, 934, 769, 684, 785, 914, 820, 884, 990, 799]), set([833, 934, 897, 779, 684, 914, 820, 699, 799]), set([936, 619, 940, 968, 595, 627, 952, 923, 478]), set([519, 874, 939, 812, 850, 882, 568, 764]), set([715, 631, 856, 651, 751, 814, 783]), set([705, 994, 933, 423, 168, 559, 497, 883, 188, 862]), set([289, 834, 134, 700, 956, 621, 382]), set([480, 641, 962, 969, 907, 620, 916, 855, 827, 924]), set([800, 387, 967, 971, 876, 899, 951, 955, 989]), set([929, 962, 837, 781, 431, 945, 983, 959, 991, 831]), set([832, 803, 872, 556, 941, 303, 904, 1000, 888, 633, 698]), set([664, 482, 198, 456, 828, 703]), set([643, 836, 933, 975, 496, 881, 978, 756, 791, 317]), set([577, 995, 777, 653, 526, 686, 505, 954]), set([656, 226, 579, 726, 808, 866]), set([608, 416, 546, 965, 944, 276, 918, 316]), set([792, 226, 579, 642, 808, 890, 866]), set([865, 307, 660, 677, 986, 636, 750]), set([849, 963, 628, 789, 762, 844, 718]), set([960, 994, 996, 326, 942, 880, 915, 953, 921]), set([961, 805, 140, 980, 984, 473, 602, 507, 702]), set([689, 178, 760, 569, 906, 939, 540]), set([740, 264, 873, 623, 754, 981, 990, 927]), set([930, 682, 903, 650, 946, 824, 938, 894]), set([993, 803, 900, 870, 935, 975, 597, 920, 926]), set([992, 816, 964, 202, 528, 401, 851, 985]), set([497, 994, 197, 423, 933, 559]), set([864, 112, 919, 807, 937, 843]), set([928, 992, 868, 362, 817, 982, 922, 958]), set([930, 771, 997, 938, 767, 988, 499])]
args__________ ([set([2, 586, 12, 110, 174, 116, 622, 218, 74]), set([930, 771, 997, 938, 767, 988, 499])],)
args__________ ([set([192, 70, 183, 536, 47, 171, 79]), set([928, 992, 868, 362, 817, 982, 922, 958])],)
args__________ ([set([646, 551, 679, 111, 406, 26, 637, 447]), set([864, 112, 919, 807, 937, 843])],)
args__________ ([set([225, 162, 259, 359, 301, 338, 761, 28]), set([497, 994, 197, 423, 933, 559])],)
args__________ ([set([192, 70, 183, 171, 477, 541]), set([992, 816, 964, 202, 528, 401, 851, 985])],)
args__________ ([set([129, 483, 260, 810, 268, 848, 434, 432, 228, 860]), set([993, 803, 900, 870, 935, 975, 597, 920, 926])],)
args__________ ([set([640, 737, 610, 841, 170, 875, 723, 857]), set([930, 682, 903, 650, 946, 824, 938, 894])],)
args__________ ([set([294, 743, 103, 813, 206, 881, 500, 53]), set([740, 264, 873, 623, 754, 981, 990, 927])],)
args__________ ([set([672, 713, 530, 728, 825, 794, 796, 861]), set([689, 178, 760, 569, 906, 939, 540])],)
args__________ ([set([706, 899, 614, 967, 778, 971, 955, 977, 951, 987, 989]), set([961, 805, 140, 980, 984, 473, 602, 507, 702])],)
args__________ ([set([75, 580, 391, 124, 903, 208, 826, 892, 222]), set([960, 994, 996, 326, 942, 880, 915, 953, 921])],)
args__________ ([set([999, 424, 874, 939, 812, 846, 850, 661, 568, 764])],)
args__________ ([set([967, 681, 778, 971, 876, 977, 755, 917, 951, 955, 989])],)
args__________ ([set([833, 934, 769, 684, 785, 914, 820, 884, 990, 799])],)
args__________ ([set([833, 934, 897, 779, 684, 914, 820, 699, 799])],)
args__________ ([set([936, 619, 940, 968, 595, 627, 952, 923, 478])],)
args__________ ([set([519, 874, 939, 812, 850, 882, 568, 764])],)
args__________ ([set([715, 631, 856, 651, 751, 814, 783])],)
args__________ ([set([705, 994, 933, 423, 168, 559, 497, 883, 188, 862])],)
args__________ ([set([289, 834, 134, 700, 956, 621, 382])],)
args__________ ([set([480, 641, 962, 969, 907, 620, 916, 855, 827, 924])],)
args__________ ([set([800, 387, 967, 971, 876, 899, 951, 955, 989])],)
args__________ ([set([929, 962, 837, 781, 431, 945, 983, 959, 991, 831])],)
args__________ ([set([832, 803, 872, 556, 941, 303, 904, 1000, 888, 633, 698])],)
args__________ ([set([664, 482, 198, 456, 828, 703])],)
args__________ ([set([643, 836, 933, 975, 496, 881, 978, 756, 791, 317])],)
args__________ ([set([577, 995, 777, 653, 526, 686, 505, 954])],)
args__________ ([set([656, 226, 579, 726, 808, 866])],)
args__________ ([set([608, 416, 546, 965, 944, 276, 918, 316])],)
args__________ ([set([792, 226, 579, 642, 808, 890, 866])],)
args__________ ([set([865, 307, 660, 677, 986, 636, 750])],)
args__________ ([set([849, 963, 628, 789, 762, 844, 718])],)
finish process___________________
i =  0 [2, 586, 12, 110, 622, 116, 174, 218, 60, 74]
i =  1 [768, 513, 514, 771, 903, 8, 650, 528, 145, 115, 155, 671, 32, 161, 930, 163, 292, 444, 938, 391, 946, 816, 392, 50, 51, 180, 696, 826, 59, 828, 318, 576, 160, 194, 68, 455, 202, 75, 589, 892, 208, 824, 851, 213, 176, 612, 988, 222, 227, 100, 997, 401, 105, 247, 499, 502, 617, 124, 682, 894, 767]
i =  2 [192, 70, 171, 47, 433, 183, 536, 79]
i =  3 [520, 11, 109, 401, 659, 276, 151, 922, 413, 543, 928, 161, 546, 242, 157, 944, 817, 435, 365, 316, 958, 575, 416, 202, 78, 464, 465, 212, 982, 727, 345, 859, 608, 592, 868, 992, 362, 749, 368, 113, 626, 599]
i =  4 [293, 646, 551, 299, 679, 111, 306, 406, 24, 127, 26, 27, 637, 447]
i =  5 [598, 266, 147, 919, 156, 807, 937, 54, 571, 189, 450, 835, 452, 454, 843, 470, 864, 356, 106, 112, 234, 250, 253]
i =  6 [225, 162, 259, 359, 301, 338, 148, 761, 28, 221]
i =  7 [643, 388, 150, 791, 933, 423, 168, 173, 559, 177, 695, 188, 317, 197, 113, 73, 862, 994, 316, 39, 496, 497, 883, 126]
i =  8 [192, 70, 171, 79, 433, 183, 477, 47, 541]
i =  9 [896, 385, 514, 513, 648, 528, 145, 248, 160, 816, 292, 37, 318, 220, 42, 391, 176, 51, 440, 574, 964, 455, 202, 75, 76, 976, 184, 851, 727, 216, 985, 348, 349, 222, 992, 336, 227, 612, 358, 401, 124, 746, 107, 208, 622, 625, 626, 117, 376, 892]
i =  10 [129, 483, 260, 810, 268, 399, 848, 434, 432, 377, 228, 539, 860, 403, 255]
i =  11 [643, 900, 645, 394, 531, 920, 665, 283, 926, 159, 496, 803, 935, 42, 303, 177, 57, 317, 324, 327, 975, 597, 600, 729, 993, 354, 870, 238, 752, 753, 763]
i =  12 [640, 737, 610, 516, 69, 774, 841, 170, 875, 256, 562, 723, 270, 501, 857, 91, 21]
i =  13 [768, 771, 903, 392, 650, 32, 930, 163, 938, 391, 946, 176, 8, 50, 499, 180, 824, 59, 828, 318, 576, 68, 75, 589, 208, 696, 222, 100, 115, 502, 247, 124, 682, 894, 767]
i =  14 [96, 224, 294, 743, 233, 298, 103, 189, 813, 398, 109, 272, 49, 500, 53, 206, 445, 149, 61, 574, 881]
i =  15 [390, 264, 529, 285, 927, 422, 295, 43, 815, 433, 441, 319, 65, 332, 981, 990, 353, 740, 104, 873, 745, 623, 754, 119, 891]
i =  16 [672, 35, 854, 666, 296, 713, 588, 530, 367, 273, 146, 594, 182, 649, 728, 825, 794, 428, 796, 861, 572]
i =  17 [515, 519, 906, 267, 654, 15, 404, 661, 540, 427, 671, 420, 166, 424, 939, 812, 46, 689, 178, 563, 692, 312, 569, 287, 581, 697, 846, 568, 210, 341, 313, 135, 605, 20, 223, 104, 489, 874, 236, 850, 500, 760, 249, 764]
i =  18 [770, 899, 778, 395, 16, 387, 793, 538, 668, 410, 165, 681, 566, 951, 955, 706, 707, 967, 971, 977, 88, 987, 92, 989, 97, 355, 614, 876, 495, 755, 55, 508, 195]
i =  19 [961, 802, 523, 388, 805, 262, 167, 43, 140, 18, 980, 375, 984, 473, 602, 507, 702, 191]
i =  20 [176, 580, 391, 124, 75, 208, 903, 318, 342, 826, 892, 222, 213]
i =  21 [1, 2, 3, 4, 5, 6, 7, 8, 9, 10, 11, 12, 13, 14, 15, 16, 17, 18, 19, 20, 21, 22, 23, 24, 25, 26, 27, 28, 29, 30, 31, 32, 33, 34, 35, 36, 37, 38, 39, 40, 41, 42, 43, 44, 45, 46, 47, 48, 49, 50, 51, 52, 53, 54, 55, 56, 57, 58, 59, 60, 61, 62, 63, 64, 65, 66, 67, 68, 69, 70, 71, 72, 73, 74, 75, 76, 77, 78, 79, 80, 81, 82, 83, 84, 85, 86, 87, 88, 89, 90, 91, 92, 93, 94, 95, 96, 97, 98, 99, 100, 101, 102, 103, 104, 105, 106, 107, 108, 109, 110, 111, 112, 113, 114, 115, 116, 117, 118, 119, 120, 121, 122, 123, 124, 125, 126, 127, 128, 129, 130, 131, 132, 133, 134, 135, 136, 137, 138, 139, 140, 141, 142, 143, 144, 145, 146, 147, 148, 149, 150, 151, 152, 153, 154, 155, 156, 157, 158, 159, 160, 161, 162, 163, 164, 165, 166, 167, 168, 169, 170, 171, 172, 173, 174, 175, 176, 177, 178, 179, 180, 181, 182, 183, 184, 185, 186, 187, 188, 189, 190, 191, 192, 193, 194, 195, 196, 197, 198, 199, 200, 201, 202, 203, 204, 205, 206, 207, 208, 209, 210, 211, 212, 213, 214, 215, 216, 217, 218, 219, 220, 221, 222, 223, 224, 225, 226, 227, 228, 229, 230, 231, 232, 233, 234, 235, 236, 237, 238, 239, 240, 241, 242, 243, 244, 245, 246, 247, 248, 249, 250, 251, 252, 253, 254, 255, 256, 257, 258, 259, 260, 261, 262, 263, 264, 265, 266, 267, 268, 269, 270, 271, 272, 273, 274, 275, 276, 277, 278, 279, 280, 281, 282, 283, 284, 285, 286, 287, 288, 289, 290, 291, 292, 293, 294, 295, 296, 297, 298, 299, 300, 301, 302, 303, 304, 305, 306, 307, 308, 309, 310, 311, 312, 313, 314, 315, 316, 317, 318, 319, 320, 321, 322, 323, 324, 325, 326, 327, 328, 329, 330, 331, 332, 333, 334, 335, 336, 337, 338, 339, 340, 341, 342, 343, 344, 345, 346, 347, 348, 349, 350, 351, 352, 353, 354, 355, 356, 357, 358, 359, 360, 361, 362, 363, 364, 365, 366, 367, 368, 369, 370, 371, 372, 373, 374, 375, 376, 377, 378, 379, 380, 381, 382, 383, 384, 385, 386, 387, 388, 389, 390, 391, 392, 393, 394, 395, 396, 397, 398, 399, 400, 401, 402, 403, 404, 405, 406, 407, 408, 409, 410, 411, 412, 413, 414, 415, 416, 417, 418, 419, 420, 421, 422, 423, 424, 425, 426, 427, 428, 429, 430, 431, 432, 433, 434, 435, 436, 437, 438, 439, 440, 441, 442, 443, 444, 445, 446, 447, 448, 449, 450, 451, 452, 453, 454, 455, 456, 457, 458, 459, 460, 461, 462, 463, 464, 465, 466, 467, 468, 469, 470, 471, 472, 473, 474, 475, 476, 477, 478, 479, 480, 481, 482, 483, 484, 485, 486, 487, 488, 489, 490, 491, 492, 493, 494, 495, 496, 497, 498, 499, 500, 501, 502, 503, 504, 505, 506, 507, 508, 509, 510, 511, 512, 513, 514, 515, 516, 517, 518, 519, 520, 521, 522, 523, 524, 525, 526, 527, 528, 529, 530, 531, 532, 533, 534, 535, 536, 537, 538, 539, 540, 541, 542, 543, 544, 545, 546, 547, 548, 549, 550, 551, 552, 553, 554, 555, 556, 557, 558, 559, 560, 561, 562, 563, 564, 565, 566, 567, 568, 569, 570, 571, 572, 573, 574, 575, 576, 577, 578, 579, 580, 581, 582, 583, 584, 585, 586, 587, 588, 589, 590, 591, 592, 593, 594, 595, 596, 597, 598, 599, 600, 601, 602, 603, 604, 605, 606, 607, 608, 609, 610, 611, 612, 613, 614, 615, 616, 617, 618, 619, 620, 621, 622, 623, 624, 625, 626, 627, 628, 629, 630, 631, 632, 633, 634, 635, 636, 637, 638, 639, 640, 641, 642, 643, 644, 645, 646, 647, 648, 649, 650, 651, 652, 653, 654, 655, 656, 657, 658, 659, 660, 661, 662, 663, 664, 665, 666, 667, 668, 669, 670, 671, 672, 673, 674, 675, 676, 677, 678, 679, 680, 681, 682, 683, 684, 685, 686, 687, 688, 689, 690, 691, 692, 693, 694, 695, 696, 697, 698, 699, 700, 701, 702, 703, 704, 705, 706, 707, 708, 709, 710, 711, 712, 713, 714, 715, 716, 717, 718, 719, 720, 721, 722, 723, 724, 725, 726, 727, 728, 729, 730, 731, 732, 733, 734, 735, 736, 737, 738, 739, 740, 741, 742, 743, 744, 745, 746, 747, 748, 749, 750, 751, 752, 753, 754, 755, 756, 757, 758, 759, 760, 761, 762, 763, 764, 765, 766, 767, 768, 769, 770, 771, 772, 773, 774, 775, 776, 777, 778, 779, 780, 781, 782, 783, 784, 785, 786, 787, 788, 789, 790, 791, 792, 793, 794, 795, 796, 797, 798, 799, 800, 801, 802, 803, 804, 805, 806, 807, 808, 809, 810, 811, 812, 813, 814, 815, 816, 817, 818, 819, 820, 821, 822, 823, 824, 825, 826, 827, 828, 829, 830, 831, 832, 833, 834, 835, 836, 837, 838, 839, 840, 841, 842, 843, 844, 845, 846, 847, 848, 849, 850, 851, 852, 853, 854, 855, 856, 857, 858, 859, 860, 861, 862, 863, 864, 865, 866, 867, 868, 869, 870, 871, 872, 873, 874, 875, 876, 877, 878, 879, 880, 881, 882, 883, 884, 885, 886, 887, 888, 889, 890, 891, 892, 893, 894, 895, 896, 897, 898, 899, 900, 901, 902, 903, 904, 905, 906, 907, 908, 909, 910, 911, 912, 913, 914, 915, 916, 917, 918, 919, 920, 921, 922, 923, 924, 925, 926, 927, 928, 929, 930, 931, 932, 933, 934, 935, 936, 937, 938, 939, 940, 941, 942, 943, 944, 945, 946, 947, 948, 949, 950, 951, 952, 953, 954, 955, 956, 957, 958, 959, 960, 961, 962, 963, 964, 965, 966, 967, 968, 969, 970, 971, 972, 973, 974, 975, 976, 977, 978, 979, 980, 981, 982, 983, 984, 985, 986, 987, 988, 989, 990, 991, 992, 993, 994, 995, 996, 997, 998, 999, 1000]
i =  22 [519, 661, 166, 424, 939, 812, 564, 178, 563, 692, 568, 313, 59, 846, 209, 850, 340, 214, 605, 227, 999, 104, 874, 236, 764]
i =  23 [770, 387, 778, 395, 707, 917, 793, 538, 668, 165, 681, 566, 951, 955, 706, 195, 967, 971, 977, 88, 989, 97, 355, 614, 876, 899, 495, 755, 55, 508]
i =  24 [769, 261, 779, 785, 914, 790, 281, 799, 806, 684, 685, 820, 699, 833, 83, 990, 869, 934, 879, 884, 122, 766]
i =  25 [128, 897, 261, 769, 172, 10, 779, 142, 785, 914, 790, 934, 281, 284, 31, 164, 806, 169, 684, 685, 820, 186, 699, 799, 833, 11, 329, 83, 510, 187, 869, 879, 123, 884, 245, 122, 251, 766]
i =  26 [1, 3, 135, 923, 286, 936, 427, 940, 439, 952, 321, 194, 968, 458, 463, 595, 215, 733, 478, 735, 867, 357, 619, 627, 895]
i =  27 [227, 166, 519, 424, 236, 874, 939, 812, 178, 846, 209, 850, 563, 692, 661, 214, 568, 313, 882, 764, 605]
i =  28 [131, 196, 742, 714, 651, 814, 783, 856, 558, 151, 631, 58, 335, 715, 751]
i =  29 [643, 388, 150, 791, 933, 423, 168, 173, 559, 177, 695, 188, 317, 705, 197, 113, 73, 862, 994, 316, 39, 496, 497, 883, 126]
i =  30 [289, 834, 700, 644, 134, 137, 491, 621, 175, 211, 87, 457, 476, 271, 956, 381, 382]
i =  31 [641, 132, 907, 66, 19, 916, 924, 29, 163, 676, 549, 71, 429, 87, 827, 62, 352, 962, 67, 199, 969, 855, 471, 314, 606, 421, 480, 315, 101, 104, 747, 620, 613, 229, 372, 503]
i =  32 [770, 387, 778, 395, 707, 793, 538, 668, 800, 165, 681, 426, 302, 309, 566, 951, 185, 955, 63, 288, 706, 195, 967, 971, 334, 977, 88, 989, 97, 355, 102, 614, 876, 899, 495, 755, 55, 508]
i =  33 [781, 784, 407, 29, 929, 561, 431, 945, 436, 565, 190, 831, 962, 837, 71, 203, 13, 82, 983, 591, 731, 94, 991, 736, 101, 371, 446, 959, 125]
i =  34 [534, 904, 524, 941, 16, 404, 278, 410, 673, 35, 550, 220, 556, 557, 662, 303, 136, 818, 698, 832, 67, 838, 711, 780, 460, 463, 593, 210, 803, 121, 655, 92, 719, 98, 872, 366, 1000, 888, 633, 383]
i =  35 [482, 198, 373, 456, 60, 492, 290, 333, 360, 403, 181, 86, 664, 379, 828, 703]
i =  36 [643, 10, 142, 365, 531, 276, 150, 791, 284, 157, 31, 416, 368, 546, 164, 933, 294, 39, 168, 173, 559, 305, 691, 53, 329, 188, 317, 510, 449, 836, 197, 113, 72, 73, 695, 34, 206, 975, 978, 487, 345, 881, 608, 123, 103, 316, 423, 109, 177, 61, 496, 497, 242, 756, 245, 189, 250, 251, 125, 126]
i =  37 [777, 523, 653, 526, 144, 17, 275, 46, 669, 158, 38, 686, 954, 577, 267, 453, 397, 86, 98, 995, 630, 505, 254]
i =  38 [320, 226, 579, 420, 37, 808, 265, 524, 866, 14, 656, 726, 9, 792, 377, 442]
i =  39 [608, 416, 546, 944, 965, 113, 305, 365, 109, 368, 465, 242, 276, 918, 345, 316, 157, 543]
i =  40 [320, 226, 579, 420, 37, 678, 808, 265, 642, 14, 656, 118, 726, 9, 792, 377, 890, 347, 325, 866, 442]
i =  41 [780, 660, 662, 23, 673, 677, 550, 818, 307, 571, 838, 459, 460, 593, 986, 220, 865, 98, 230, 487, 750, 370, 121, 378, 383, 636, 511]
i =  42 [772, 658, 789, 22, 25, 537, 667, 30, 688, 311, 479, 64, 963, 583, 72, 330, 844, 77, 718, 80, 849, 212, 469, 90, 95, 738, 232, 241, 628, 762, 765]
finish get all communities
complete deal_communities
commplete get_all_nature_community
----------------------------------The detection result is: 

all communities: 
i =  1 : [2, 12, 60, 74, 110, 116, 174, 218, 586, 622]
i =  2 : [8, 32, 50, 51, 59, 68, 75, 100, 105, 115, 124, 145, 155, 160, 161, 163, 176, 180, 194, 202, 208, 213, 222, 227, 247, 292, 318, 391, 392, 401, 444, 455, 499, 502, 513, 514, 528, 576, 589, 612, 617, 650, 671, 682, 696, 767, 768, 771, 816, 824, 826, 828, 851, 892, 894, 903, 930, 938, 946, 988, 997]
i =  3 : [47, 70, 79, 171, 183, 192, 433, 536]
i =  4 : [11, 78, 109, 113, 151, 157, 161, 202, 212, 242, 276, 316, 345, 362, 365, 368, 401, 413, 416, 435, 464, 465, 520, 543, 546, 575, 592, 599, 608, 626, 659, 727, 749, 817, 859, 868, 922, 928, 944, 958, 982, 992]
i =  5 : [24, 26, 27, 111, 127, 293, 299, 306, 406, 447, 551, 637, 646, 679]
i =  6 : [54, 106, 112, 147, 156, 189, 234, 250, 253, 266, 356, 450, 452, 454, 470, 571, 598, 807, 835, 843, 864, 919, 937]
i =  7 : [28, 148, 162, 221, 225, 259, 301, 338, 359, 761]
i =  8 : [47, 70, 79, 171, 183, 192, 433, 477, 541]
i =  9 : [37, 42, 51, 75, 76, 107, 117, 124, 145, 160, 176, 184, 202, 208, 216, 220, 222, 227, 248, 292, 318, 336, 348, 349, 358, 376, 385, 391, 401, 440, 455, 513, 514, 528, 574, 612, 622, 625, 626, 648, 727, 746, 816, 851, 892, 896, 964, 976, 985, 992]
i =  10 : [129, 228, 255, 260, 268, 377, 399, 403, 432, 434, 483, 539, 810, 848, 860]
i =  11 : [42, 57, 159, 177, 238, 283, 303, 317, 324, 327, 354, 394, 496, 531, 597, 600, 643, 645, 665, 729, 752, 753, 763, 803, 870, 900, 920, 926, 935, 975, 993]
i =  12 : [21, 69, 91, 170, 256, 270, 501, 516, 562, 610, 640, 723, 737, 774, 841, 857, 875]
i =  13 : [49, 53, 61, 96, 103, 109, 149, 189, 206, 224, 233, 272, 294, 298, 398, 445, 500, 574, 743, 813, 881]
i =  14 : [43, 65, 104, 119, 264, 285, 295, 319, 332, 353, 390, 422, 433, 441, 529, 623, 740, 745, 754, 815, 873, 891, 927, 981, 990]
i =  15 : [35, 146, 182, 273, 296, 367, 428, 530, 572, 588, 594, 649, 666, 672, 713, 728, 794, 796, 825, 854, 861]
i =  16 : [15, 20, 46, 104, 135, 166, 178, 210, 223, 236, 249, 267, 287, 312, 313, 341, 404, 420, 424, 427, 489, 500, 515, 519, 540, 563, 568, 569, 581, 605, 654, 661, 671, 689, 692, 697, 760, 764, 812, 846, 850, 874, 906, 939]
i =  17 : [18, 43, 140, 167, 191, 262, 375, 388, 473, 507, 523, 602, 702, 802, 805, 961, 980, 984]
i =  18 : [75, 124, 176, 208, 213, 222, 318, 342, 391, 580, 826, 892, 903]
i =  19 : [83, 122, 261, 281, 684, 685, 699, 766, 769, 779, 785, 790, 799, 806, 820, 833, 869, 879, 884, 914, 934, 990]
i =  20 : [10, 11, 31, 83, 122, 123, 128, 142, 164, 169, 172, 186, 187, 245, 251, 261, 281, 284, 329, 510, 684, 685, 699, 766, 769, 779, 785, 790, 799, 806, 820, 833, 869, 879, 884, 897, 914, 934]
i =  21 : [1, 3, 135, 194, 215, 286, 321, 357, 427, 439, 458, 463, 478, 595, 619, 627, 733, 735, 867, 895, 923, 936, 940, 952, 968]
i =  22 : [58, 131, 151, 196, 335, 558, 631, 651, 714, 715, 742, 751, 783, 814, 856]
i =  23 : [39, 73, 113, 126, 150, 168, 173, 177, 188, 197, 316, 317, 388, 423, 496, 497, 559, 643, 695, 705, 791, 862, 883, 933, 994]
i =  24 : [87, 134, 137, 175, 211, 271, 289, 381, 382, 457, 476, 491, 621, 644, 700, 834, 956]
i =  25 : [19, 29, 62, 66, 67, 71, 87, 101, 104, 132, 163, 199, 229, 314, 315, 352, 372, 421, 429, 471, 480, 503, 549, 606, 613, 620, 641, 676, 747, 827, 855, 907, 916, 924, 962, 969]
i =  26 : [13, 29, 71, 82, 94, 101, 125, 190, 203, 371, 407, 431, 436, 446, 561, 565, 591, 731, 736, 781, 784, 831, 837, 929, 945, 959, 962, 983, 991]
i =  27 : [16, 35, 67, 92, 98, 121, 136, 210, 220, 278, 303, 366, 383, 404, 410, 460, 463, 524, 534, 550, 556, 557, 593, 633, 655, 662, 673, 698, 711, 719, 780, 803, 818, 832, 838, 872, 888, 904, 941, 1000]
i =  28 : [60, 86, 181, 198, 290, 333, 360, 373, 379, 403, 456, 482, 492, 664, 703, 828]
i =  29 : [10, 31, 34, 39, 53, 61, 72, 73, 103, 109, 113, 123, 125, 126, 142, 150, 157, 164, 168, 173, 177, 188, 189, 197, 206, 242, 245, 250, 251, 276, 284, 294, 305, 316, 317, 329, 345, 365, 368, 416, 423, 449, 487, 496, 497, 510, 531, 546, 559, 608, 643, 691, 695, 756, 791, 836, 881, 933, 975, 978]
i =  30 : [17, 38, 46, 86, 98, 144, 158, 254, 267, 275, 397, 453, 505, 523, 526, 577, 630, 653, 669, 686, 777, 954, 995]
i =  31 : [109, 113, 157, 242, 276, 305, 316, 345, 365, 368, 416, 465, 543, 546, 608, 918, 944, 965]
i =  32 : [23, 98, 121, 220, 230, 307, 370, 378, 383, 459, 460, 487, 511, 550, 571, 593, 636, 660, 662, 673, 677, 750, 780, 818, 838, 865, 986]
i =  33 : [22, 25, 30, 64, 72, 77, 80, 90, 95, 212, 232, 241, 311, 330, 469, 479, 537, 583, 628, 658, 667, 688, 718, 738, 762, 765, 772, 789, 844, 849, 963]
i =  34 : [59, 104, 166, 178, 209, 214, 227, 236, 313, 340, 424, 519, 563, 564, 568, 605, 661, 692, 764, 812, 846, 850, 874, 882, 939, 999]
i =  35 : [9, 14, 37, 118, 226, 265, 320, 325, 347, 377, 420, 442, 524, 579, 642, 656, 678, 726, 792, 808, 866, 890]
i =  36 : [16, 55, 63, 88, 92, 97, 102, 165, 185, 195, 288, 302, 309, 334, 355, 387, 395, 410, 426, 495, 508, 538, 566, 614, 668, 681, 706, 707, 755, 770, 778, 793, 800, 876, 899, 917, 951, 955, 967, 971, 977, 987, 989]
overlapping nodes are:  [10, 11, 16, 29, 31, 35, 37, 39, 42, 43, 46, 47, 51, 53, 59, 60, 61, 67, 70, 71, 72, 73, 75, 79, 83, 86, 87, 92, 98, 101, 103, 104, 109, 113, 121, 122, 123, 124, 125, 126, 135, 142, 145, 150, 151, 157, 160, 161, 163, 164, 166, 168, 171, 173, 176, 177, 178, 183, 188, 189, 192, 194, 197, 202, 206, 208, 210, 212, 213, 220, 222, 227, 236, 242, 245, 250, 251, 261, 267, 276, 281, 284, 292, 294, 303, 305, 313, 316, 317, 318, 329, 345, 365, 368, 377, 383, 388, 391, 401, 403, 404, 410, 416, 420, 423, 424, 427, 433, 455, 460, 463, 465, 487, 496, 497, 500, 510, 513, 514, 519, 523, 524, 528, 531, 543, 546, 550, 559, 563, 568, 571, 574, 593, 605, 608, 612, 622, 626, 643, 661, 662, 671, 673, 684, 685, 692, 695, 699, 727, 764, 766, 769, 779, 780, 785, 790, 791, 799, 803, 806, 812, 816, 818, 820, 826, 828, 833, 838, 846, 850, 851, 869, 874, 879, 881, 884, 892, 903, 914, 933, 934, 939, 944, 962, 975, 990, 992] 
 NOO is:  187
total time is:  205.756814957
