lens of ground_truth:  19
ground_truth is: [[33, 34, 39, 68, 95, 134, 135, 138, 139, 170, 179, 195, 227, 230, 233, 279, 283, 329, 380, 394, 408, 409, 412, 452, 486, 492, 499, 524, 531, 540, 543, 561, 564, 624, 625, 627, 655, 747, 762, 773, 780, 797, 811, 819, 850, 853, 868, 884, 907, 909, 910, 963, 965, 994, 996], [5, 18, 44, 46, 80, 85, 102, 104, 112, 120, 148, 150, 152, 163, 177, 182, 183, 207, 218, 224, 228, 232, 290, 326, 344, 346, 349, 358, 360, 399, 405, 415, 431, 473, 497, 511, 514, 521, 544, 567, 568, 582, 586, 591, 601, 612, 618, 633, 642, 675, 680, 691, 694, 696, 700, 701, 717, 720, 742, 748, 749, 757, 791, 795, 817, 828, 862, 863, 876, 897, 908, 925, 931, 952, 955, 974, 978, 992], [10, 23, 73, 80, 107, 110, 117, 124, 136, 153, 185, 246, 297, 359, 416, 420, 428, 435, 447, 457, 458, 595, 604, 621, 732, 760, 799, 814, 829, 837, 869, 881], [3, 8, 21, 26, 35, 40, 53, 57, 76, 77, 99, 114, 117, 130, 132, 146, 184, 202, 216, 229, 242, 269, 273, 276, 286, 288, 308, 312, 316, 325, 338, 350, 355, 367, 379, 380, 395, 398, 411, 436, 437, 441, 474, 480, 504, 506, 519, 520, 532, 533, 576, 584, 600, 626, 628, 662, 681, 687, 688, 703, 707, 711, 713, 716, 725, 734, 738, 741, 754, 786, 821, 827, 838, 840, 841, 844, 848, 849, 866, 874, 883, 902, 908, 917, 918, 926, 936, 964, 970, 976, 977, 998], [19, 50, 65, 71, 78, 81, 96, 154, 155, 162, 168, 174, 189, 210, 214, 216, 223, 238, 252, 272, 282, 291, 300, 307, 320, 341, 345, 401, 462, 465, 472, 485, 500, 509, 521, 548, 551, 570, 593, 594, 602, 610, 649, 656, 666, 702, 715, 730, 735, 782, 792, 800, 843, 857, 858, 865, 873, 915, 920, 922, 949, 950, 953, 981, 982], [11, 62, 103, 108, 143, 157, 158, 172, 175, 190, 191, 206, 244, 247, 260, 298, 303, 311, 313, 340, 366, 407, 429, 430, 439, 469, 471, 504, 523, 525, 545, 552, 585, 587, 598, 612, 670, 672, 679, 689, 727, 729, 755, 776, 808, 815, 824, 839, 898, 914, 938, 954, 958, 973, 980, 986, 995], [12, 29, 41, 45, 100, 108, 114, 120, 128, 141, 148, 163, 164, 173, 181, 203, 220, 231, 251, 280, 281, 289, 292, 294, 306, 323, 346, 355, 362, 368, 388, 405, 415, 424, 425, 440, 442, 451, 464, 497, 505, 512, 547, 567, 586, 592, 597, 604, 622, 637, 642, 647, 657, 667, 696, 726, 763, 783, 791, 803, 842, 852, 854, 877, 885, 916, 945, 951, 952, 968, 972, 974, 979, 987], [13, 28, 31, 32, 37, 52, 92, 115, 151, 165, 208, 226, 250, 304, 335, 387, 400, 422, 439, 476, 478, 501, 507, 538, 555, 560, 562, 565, 614, 706, 737, 750, 770, 774, 794, 835, 864, 875, 944, 948], [2, 26, 36, 38, 64, 94, 101, 140, 159, 173, 197, 211, 232, 234, 235, 249, 253, 265, 274, 293, 314, 336, 342, 348, 374, 375, 383, 389, 393, 397, 423, 433, 450, 466, 488, 503, 515, 519, 542, 558, 559, 603, 606, 607, 615, 630, 648, 664, 676, 681, 686, 687, 703, 704, 719, 736, 740, 746, 751, 767, 778, 836, 846, 855, 861, 871, 878, 935, 941, 960, 962, 975, 976, 984, 993, 997], [54, 67, 113, 131, 166, 170, 188, 212, 239, 268, 275, 285, 381, 460, 477, 516, 562, 566, 575, 609, 611, 639, 677, 683, 723, 744, 758, 771, 810, 860, 879, 882, 890, 911, 940, 942], [72, 75, 93, 106, 129, 156, 270, 299, 309, 317, 324, 372, 467, 483, 491, 546, 553, 580, 638, 655, 669, 733], [13, 22, 67, 83, 97, 109, 111, 193, 194, 200, 201, 205, 222, 237, 240, 242, 254, 261, 262, 284, 295, 302, 351, 352, 353, 356, 357, 363, 369, 376, 403, 406, 443, 446, 456, 459, 475, 489, 494, 501, 511, 534, 539, 542, 548, 550, 554, 569, 632, 636, 644, 645, 652, 692, 712, 721, 787, 809, 827, 852, 856, 859, 886, 887, 889, 894, 896, 913, 937, 956, 986, 988, 991, 993, 999], [1, 4, 15, 20, 31, 48, 55, 56, 59, 79, 86, 89, 105, 176, 225, 255, 258, 264, 319, 337, 351, 354, 378, 522, 536, 557, 573, 578, 599, 619, 654, 661, 718, 722, 724, 752, 764, 771, 772, 801, 813, 826, 831, 891, 904, 919, 926, 946, 947, 967, 983, 985, 1000], [6, 24, 34, 54, 60, 66, 69, 74, 82, 87, 90, 121, 127, 137, 161, 169, 171, 180, 192, 215, 219, 241, 245, 253, 266, 270, 276, 288, 301, 302, 327, 339, 343, 364, 370, 379, 384, 390, 391, 402, 406, 413, 417, 421, 433, 448, 453, 468, 487, 496, 537, 541, 577, 589, 620, 643, 660, 662, 673, 674, 678, 689, 697, 708, 709, 714, 768, 790, 804, 806, 818, 823, 830, 833, 845, 866, 867, 870, 880, 900, 905, 928, 934, 939, 942, 954, 956, 966, 971, 989, 990], [9, 70, 88, 118, 125, 142, 145, 156, 160, 178, 189, 198, 207, 217, 236, 243, 266, 271, 278, 293, 315, 331, 370, 434, 444, 455, 463, 470, 495, 535, 556, 571, 574, 590, 631, 641, 646, 651, 658, 659, 663, 668, 679, 684, 690, 693, 708, 728, 753, 761, 766, 779, 793, 807, 816, 820, 825, 873, 921, 927, 932, 933, 957], [25, 27, 47, 49, 58, 61, 84, 98, 122, 123, 126, 199, 204, 221, 257, 365, 427, 438, 479, 481, 482, 502, 517, 524, 563, 588, 608, 665, 695, 710, 758, 785, 789, 798, 805, 812, 901, 929, 930, 943], [16, 17, 43, 63, 119, 133, 187, 196, 248, 305, 320, 332, 371, 377, 404, 419, 426, 449, 461, 530, 583, 596, 634, 671, 699, 745, 765, 775, 796, 832, 893], [7, 30, 42, 51, 73, 147, 149, 167, 169, 186, 209, 213, 259, 263, 267, 287, 294, 328, 330, 334, 341, 357, 361, 373, 382, 385, 391, 392, 396, 410, 413, 416, 432, 454, 484, 490, 498, 508, 513, 526, 529, 537, 561, 572, 579, 585, 605, 613, 617, 623, 625, 629, 631, 640, 650, 682, 685, 698, 728, 759, 777, 779, 781, 784, 790, 802, 834, 851, 888, 892, 895, 903, 912, 924, 959, 961, 984], [14, 91, 116, 144, 256, 277, 278, 296, 310, 318, 321, 322, 333, 347, 386, 414, 418, 445, 493, 510, 518, 527, 528, 549, 581, 616, 635, 653, 705, 731, 739, 743, 756, 769, 788, 822, 847, 872, 885, 899, 906, 923, 969]]
nodes: [511, 537, 576, 631, 717, 728, 733, 737, 793, 812, 817, 832, 837, 845, 857, 863, 876, 882, 883, 888, 896, 902, 904, 918, 930, 932, 933, 934, 939, 941, 948, 955, 959, 968, 969, 970, 973, 982, 984, 986, 987, 988, 990, 993, 995, 996, 997, 1000] num of nodes:  48
[[511, 999, 856, 859, 991], [490, 961, 912, 537], [338, 576, 936, 738], [328, 892, 834, 631], [177, 717, 931, 978, 925], [118, 921, 728, 761], [72, 669, 309, 580, 733, 483, 324, 467], [560, 875, 864, 750, 944, 770, 737], [463, 927, 793, 693, 957], [84, 812, 901, 943, 221, 695], [675, 992, 974, 978, 817, 795], [16, 832, 775, 671, 745, 248, 893], [136, 837, 869, 359, 760, 829, 881, 799], [421, 971, 833, 660, 845], [551, 570, 858, 730, 792, 857], [183, 925, 931, 863, 992, 978], [680, 992, 897, 876, 828, 862], [516, 810, 940, 911, 882, 942, 744, 890, 860], [8, 964, 883, 786, 917], [213, 895, 605, 903, 888], [712, 937, 999, 859, 896, 991], [8, 964, 902, 977, 437], [599, 919, 985, 947, 983, 904, 752, 946], [716, 821, 786, 918, 848, 917], [122, 929, 789, 930, 608, 482, 805, 943], [70, 957, 820, 927, 932, 766], [331, 957, 825, 933, 434], [589, 900, 880, 905, 867, 934], [327, 989, 928, 939, 541], [686, 962, 836, 740, 975, 941], [250, 944, 875, 864, 948, 770, 750, 560], [183, 925, 931, 955, 691], [508, 959, 513, 961, 617], [622, 968, 842, 951, 945, 763, 979], [318, 969, 493, 906, 822, 872, 769, 899], [325, 970, 821, 716, 841], [552, 938, 973, 808, 958, 815, 898], [78, 915, 981, 982, 792, 865], [94, 960, 984, 140, 975], [62, 980, 986, 525, 776, 914], [424, 987, 972, 783, 916, 877], [856, 859, 913, 886, 894, 988], [453, 900, 589, 905, 990, 989], [254, 913, 886, 456, 993], [244, 995, 980, 776, 914, 938, 672], [996, 994, 965, 963, 909, 797, 233, 910], [197, 975, 836, 997, 846, 935, 719], [619, 983, 919, 947, 985, 946, 752, 1000]]
len of cliques:  48
length of seeds:  48
seeds:  [[516, 810, 940, 911, 882, 942, 744, 890, 860], [72, 669, 309, 580, 733, 483, 324, 467], [136, 837, 869, 359, 760, 829, 881, 799], [599, 919, 985, 947, 983, 904, 752, 946], [122, 929, 789, 930, 608, 482, 805, 943], [250, 944, 875, 864, 948, 770, 750, 560], [318, 969, 493, 906, 822, 872, 769, 899], [996, 994, 965, 963, 909, 797, 233, 910], [619, 983, 919, 947, 985, 946, 752, 1000], [560, 875, 864, 750, 944, 770, 737], [16, 832, 775, 671, 745, 248, 893], [622, 968, 842, 951, 945, 763, 979], [552, 938, 973, 808, 958, 815, 898], [244, 995, 980, 776, 914, 938, 672], [197, 975, 836, 997, 846, 935, 719], [84, 812, 901, 943, 221, 695], [675, 992, 974, 978, 817, 795], [551, 570, 858, 730, 792, 857], [183, 925, 931, 863, 992, 978], [680, 992, 897, 876, 828, 862], [712, 937, 999, 859, 896, 991], [716, 821, 786, 918, 848, 917], [70, 957, 820, 927, 932, 766], [589, 900, 880, 905, 867, 934], [686, 962, 836, 740, 975, 941], [78, 915, 981, 982, 792, 865], [62, 980, 986, 525, 776, 914], [424, 987, 972, 783, 916, 877], [856, 859, 913, 886, 894, 988], [453, 900, 589, 905, 990, 989], [511, 999, 856, 859, 991], [177, 717, 931, 978, 925], [463, 927, 793, 693, 957], [421, 971, 833, 660, 845], [8, 964, 883, 786, 917], [213, 895, 605, 903, 888], [8, 964, 902, 977, 437], [331, 957, 825, 933, 434], [327, 989, 928, 939, 541], [183, 925, 931, 955, 691], [508, 959, 513, 961, 617], [325, 970, 821, 716, 841], [94, 960, 984, 140, 975], [254, 913, 886, 456, 993], [490, 961, 912, 537], [338, 576, 936, 738], [328, 892, 834, 631], [118, 921, 728, 761]]
seeds_fitness [0.17307692307692307, 0.3236994219653179, 0.2066420664206642, 0.10275229357798166, 0.1568627450980392, 0.15864022662889518, 0.1330166270783848, 0.10467289719626169, 0.10126582278481013, 0.12352941176470589, 0.16279069767441862, 0.07155025553662692, 0.08030592734225621, 0.08155339805825243, 0.0637329286798179, 0.08955223880597014, 0.03963011889035667, 0.06896551724137931, 0.049099836333878884, 0.05110732538330494, 0.04854368932038835, 0.0539568345323741, 0.06012024048096192, 0.05084745762711865, 0.050505050505050504, 0.0528169014084507, 0.05226480836236934, 0.05110732538330494, 0.04838709677419355, 0.04608294930875576, 0.034071550255536626, 0.037243947858473, 0.045351473922902494, 0.04357298474945534, 0.03816793893129771, 0.04938271604938271, 0.035398230088495575, 0.04395604395604396, 0.03424657534246575, 0.03766478342749529, 0.045871559633027525, 0.04024144869215292, 0.03361344537815126, 0.03731343283582089, 0.030456852791878174, 0.029556650246305417, 0.037267080745341616, 0.03333333333333333]
after sort list of tuple: [(1, 0.3236994219653179), (2, 0.2066420664206642), (0, 0.17307692307692307), (10, 0.16279069767441862), (5, 0.15864022662889518), (4, 0.1568627450980392), (6, 0.1330166270783848), (9, 0.12352941176470589), (7, 0.10467289719626169), (3, 0.10275229357798166), (8, 0.10126582278481013), (15, 0.08955223880597014), (13, 0.08155339805825243), (12, 0.08030592734225621), (11, 0.07155025553662692), (17, 0.06896551724137931), (14, 0.0637329286798179), (22, 0.06012024048096192), (21, 0.0539568345323741), (25, 0.0528169014084507), (26, 0.05226480836236934), (19, 0.05110732538330494), (27, 0.05110732538330494), (23, 0.05084745762711865), (24, 0.050505050505050504), (35, 0.04938271604938271), (18, 0.049099836333878884), (20, 0.04854368932038835), (28, 0.04838709677419355), (29, 0.04608294930875576), (40, 0.045871559633027525), (32, 0.045351473922902494), (37, 0.04395604395604396), (33, 0.04357298474945534), (41, 0.04024144869215292), (16, 0.03963011889035667), (34, 0.03816793893129771), (39, 0.03766478342749529), (43, 0.03731343283582089), (46, 0.037267080745341616), (31, 0.037243947858473), (36, 0.035398230088495575), (38, 0.03424657534246575), (30, 0.034071550255536626), (42, 0.03361344537815126), (47, 0.03333333333333333), (44, 0.030456852791878174), (45, 0.029556650246305417)]
seeds_sorted [[72, 669, 309, 580, 733, 483, 324, 467], [136, 837, 869, 359, 760, 829, 881, 799], [516, 810, 940, 911, 882, 942, 744, 890, 860], [16, 832, 775, 671, 745, 248, 893], [250, 944, 875, 864, 948, 770, 750, 560], [122, 929, 789, 930, 608, 482, 805, 943], [318, 969, 493, 906, 822, 872, 769, 899], [560, 875, 864, 750, 944, 770, 737], [996, 994, 965, 963, 909, 797, 233, 910], [599, 919, 985, 947, 983, 904, 752, 946], [619, 983, 919, 947, 985, 946, 752, 1000], [84, 812, 901, 943, 221, 695], [244, 995, 980, 776, 914, 938, 672], [552, 938, 973, 808, 958, 815, 898], [622, 968, 842, 951, 945, 763, 979], [551, 570, 858, 730, 792, 857], [197, 975, 836, 997, 846, 935, 719], [70, 957, 820, 927, 932, 766], [716, 821, 786, 918, 848, 917], [78, 915, 981, 982, 792, 865], [62, 980, 986, 525, 776, 914], [680, 992, 897, 876, 828, 862], [424, 987, 972, 783, 916, 877], [589, 900, 880, 905, 867, 934], [686, 962, 836, 740, 975, 941], [213, 895, 605, 903, 888], [183, 925, 931, 863, 992, 978], [712, 937, 999, 859, 896, 991], [856, 859, 913, 886, 894, 988], [453, 900, 589, 905, 990, 989], [508, 959, 513, 961, 617], [463, 927, 793, 693, 957], [331, 957, 825, 933, 434], [421, 971, 833, 660, 845], [325, 970, 821, 716, 841], [675, 992, 974, 978, 817, 795], [8, 964, 883, 786, 917], [183, 925, 931, 955, 691], [254, 913, 886, 456, 993], [328, 892, 834, 631], [177, 717, 931, 978, 925], [8, 964, 902, 977, 437], [327, 989, 928, 939, 541], [511, 999, 856, 859, 991], [94, 960, 984, 140, 975], [118, 921, 728, 761], [490, 961, 912, 537], [338, 576, 936, 738]]
args__________ ([[72, 669, 309, 580, 733, 483, 324, 467], [338, 576, 936, 738]],)
args__________ ([[136, 837, 869, 359, 760, 829, 881, 799], [490, 961, 912, 537]],)
args__________ ([[516, 810, 940, 911, 882, 942, 744, 890, 860], [118, 921, 728, 761]],)
args__________ ([[16, 832, 775, 671, 745, 248, 893], [94, 960, 984, 140, 975]],)
args__________ ([[250, 944, 875, 864, 948, 770, 750, 560], [511, 999, 856, 859, 991]],)
args__________ ([[122, 929, 789, 930, 608, 482, 805, 943], [327, 989, 928, 939, 541]],)
args__________ ([[318, 969, 493, 906, 822, 872, 769, 899], [8, 964, 902, 977, 437]],)
args__________ ([[560, 875, 864, 750, 944, 770, 737], [177, 717, 931, 978, 925]],)
args__________ ([[996, 994, 965, 963, 909, 797, 233, 910], [328, 892, 834, 631]],)
args__________ ([[599, 919, 985, 947, 983, 904, 752, 946], [254, 913, 886, 456, 993]],)
args__________ ([[619, 983, 919, 947, 985, 946, 752, 1000], [183, 925, 931, 955, 691]],)
args__________ ([[84, 812, 901, 943, 221, 695], [8, 964, 883, 786, 917]],)
args__________ ([[244, 995, 980, 776, 914, 938, 672], [675, 992, 974, 978, 817, 795]],)
args__________ ([[552, 938, 973, 808, 958, 815, 898], [325, 970, 821, 716, 841]],)
args__________ ([[622, 968, 842, 951, 945, 763, 979], [421, 971, 833, 660, 845]],)
args__________ ([[551, 570, 858, 730, 792, 857], [331, 957, 825, 933, 434]],)
args__________ ([[197, 975, 836, 997, 846, 935, 719]],)
args__________ ([[70, 957, 820, 927, 932, 766]],)
args__________ ([[716, 821, 786, 918, 848, 917]],)
args__________ ([[78, 915, 981, 982, 792, 865]],)
args__________ ([[62, 980, 986, 525, 776, 914]],)
args__________ ([[680, 992, 897, 876, 828, 862]],)
args__________ ([[424, 987, 972, 783, 916, 877]],)
args__________ ([[589, 900, 880, 905, 867, 934]],)
args__________ ([[686, 962, 836, 740, 975, 941]],)
args__________ ([[213, 895, 605, 903, 888]],)
args__________ ([[183, 925, 931, 863, 992, 978]],)
args__________ ([[712, 937, 999, 859, 896, 991]],)
args__________ ([[856, 859, 913, 886, 894, 988]],)
args__________ ([[453, 900, 589, 905, 990, 989]],)
args__________ ([[508, 959, 513, 961, 617]],)
args__________ ([[463, 927, 793, 693, 957]],)
finish process___________________
seed_node 976
seed_community:  [130, 3, 132, 902, 8, 395, 269, 398, 840, 273, 786, 532, 533, 918, 411, 286, 21, 35, 936, 184, 754, 688, 520, 308, 437, 713, 312, 57, 316, 202, 53, 576, 707, 964, 325, 838, 711, 584, 841, 970, 844, 77, 976, 977, 338, 821, 441, 600, 474, 725, 734, 229, 480, 848, 738, 99, 741, 998, 849, 716, 146, 367, 76, 40, 626, 883, 628, 350, 506, 380, 874, 917]
seed_node 952
seed_community:  [128, 512, 388, 726, 647, 12, 141, 783, 657, 323, 916, 280, 281, 667, 29, 289, 547, 292, 424, 41, 45, 945, 306, 181, 951, 952, 442, 451, 968, 842, 203, 972, 464, 440, 803, 597, 854, 164, 987, 220, 592, 251, 100, 231, 362, 877, 622, 368, 979, 425, 505, 763, 637]
seed_node 954
seed_community:  [898, 260, 776, 11, 525, 143, 914, 407, 303, 157, 670, 672, 545, 808, 298, 172, 429, 430, 815, 158, 311, 824, 313, 954, 958, 191, 175, 523, 471, 839, 587, 973, 206, 340, 469, 598, 727, 729, 995, 103, 366, 552, 755, 244, 190, 247, 62, 980, 938]
seed_node 956
seed_community:  [384, 768, 643, 900, 6, 577, 137, 215, 823, 402, 806, 660, 24, 541, 364, 453, 928, 673, 674, 804, 421, 934, 241, 171, 301, 818, 180, 496, 905, 697, 60, 714, 830, 192, 833, 66, 69, 390, 161, 74, 971, 589, 845, 82, 339, 468, 87, 966, 90, 219, 989, 990, 327, 867, 678, 870, 487, 956, 939, 620, 880, 417, 245, 343, 121, 448, 709, 127]
seed_node 926
seed_community:  [1, 258, 4, 904, 522, 599, 654, 557, 20, 661, 919, 536, 772, 926, 801, 48, 813, 176, 264, 946, 947, 55, 56, 826, 59, 573, 831, 578, 967, 718, 79, 337, 722, 724, 86, 983, 985, 15, 225, 354, 891, 1000, 105, 619, 752, 89, 378, 319, 764, 255]
seed_node 908
seed_community:  [897, 514, 5, 521, 908, 399, 18, 150, 473, 152, 795, 925, 544, 290, 931, 326, 817, 680, 44, 46, 431, 177, 691, 182, 183, 568, 955, 828, 701, 992, 694, 582, 876, 717, 591, 720, 978, 675, 85, 344, 601, 218, 349, 862, 863, 224, 228, 358, 742, 360, 700, 618, 748, 749, 112, 104, 757, 120, 633, 102]
seed_node 885
seed_community:  [256, 769, 386, 899, 518, 705, 906, 653, 14, 527, 528, 788, 277, 923, 414, 418, 731, 549, 296, 822, 116, 347, 445, 318, 321, 322, 581, 969, 333, 847, 91, 144, 739, 743, 616, 493, 310, 872, 756, 885, 635, 510]
seed_node 873
seed_community:  [922, 214, 649, 782, 272, 401, 19, 593, 857, 792, 154, 155, 282, 800, 162, 291, 602, 666, 551, 168, 300, 174, 50, 307, 949, 950, 953, 570, 735, 702, 65, 715, 71, 843, 78, 81, 210, 462, 982, 472, 345, 730, 858, 223, 96, 865, 610, 485, 465, 873, 594, 238, 920, 915, 500, 656, 252, 509, 981]
seed_node 866
seed_community:  [130, 3, 132, 902, 8, 57, 395, 269, 398, 840, 273, 146, 532, 533, 918, 917, 411, 866, 286, 35, 40, 184, 114, 688, 520, 436, 53, 713, 312, 308, 316, 202, 437, 576, 707, 964, 325, 838, 711, 584, 841, 970, 844, 77, 848, 849, 338, 821, 441, 600, 474, 734, 741, 480, 738, 99, 229, 998, 977, 716, 786, 367, 76, 936, 754, 883, 628, 626, 350, 506, 21, 874, 725]
seed_node 852
seed_community:  [896, 644, 645, 262, 652, 237, 913, 787, 534, 22, 539, 284, 261, 636, 859, 550, 295, 809, 554, 712, 692, 937, 569, 443, 446, 193, 194, 353, 456, 201, 459, 205, 632, 721, 83, 852, 856, 475, 988, 222, 991, 352, 97, 356, 999, 489, 363, 109, 494, 111, 240, 369, 242, 403, 894, 886, 887, 376, 889, 200, 254]
seed_node 827
seed_community:  [896, 644, 645, 262, 652, 237, 913, 403, 22, 539, 284, 261, 636, 475, 550, 295, 809, 554, 712, 692, 937, 569, 827, 446, 193, 194, 353, 456, 201, 459, 205, 632, 721, 534, 856, 83, 859, 988, 222, 991, 352, 97, 443, 356, 999, 489, 363, 109, 494, 111, 240, 369, 787, 254, 886, 887, 376, 889, 200, 894]
seed_node 790
seed_community:  [640, 513, 259, 263, 392, 777, 650, 267, 396, 781, 526, 784, 529, 147, 149, 790, 410, 924, 508, 30, 287, 802, 167, 42, 903, 685, 432, 51, 186, 572, 959, 961, 834, 579, 454, 328, 330, 759, 334, 629, 209, 851, 213, 7, 605, 912, 484, 613, 698, 361, 490, 623, 385, 498, 373, 617, 888, 892, 682, 382, 895]
seed_node 791
seed_community:  [897, 514, 5, 876, 473, 399, 18, 150, 791, 152, 358, 795, 925, 415, 544, 290, 931, 326, 177, 680, 44, 46, 431, 817, 691, 694, 567, 568, 955, 700, 701, 992, 182, 582, 183, 717, 591, 720, 978, 675, 85, 344, 601, 218, 349, 862, 863, 224, 228, 102, 742, 360, 828, 618, 748, 749, 112, 104, 757, 633]
seed_node 771
seed_community:  [1, 258, 771, 4, 904, 522, 599, 654, 15, 20, 661, 919, 536, 772, 31, 176, 557, 48, 264, 946, 947, 55, 56, 826, 59, 573, 831, 578, 967, 718, 79, 337, 722, 724, 86, 983, 985, 225, 354, 891, 813, 1000, 105, 619, 752, 89, 378, 319, 764, 801, 255]
seed_node 779
seed_community:  [640, 513, 259, 263, 392, 777, 650, 779, 396, 781, 526, 912, 529, 147, 149, 410, 924, 508, 30, 287, 802, 167, 682, 903, 685, 432, 51, 7, 186, 572, 959, 961, 834, 579, 454, 373, 328, 330, 334, 209, 851, 213, 267, 605, 361, 784, 484, 613, 698, 617, 490, 623, 385, 498, 629, 759, 888, 892, 42, 382, 895]
seed_node 758
seed_community:  [131, 516, 268, 911, 275, 239, 285, 677, 166, 810, 683, 940, 942, 566, 188, 575, 460, 723, 212, 860, 477, 609, 611, 744, 879, 113, 882, 758, 890, 381, 639]
seed_node 708
seed_community:  [384, 768, 643, 900, 390, 577, 137, 266, 215, 823, 402, 660, 934, 24, 541, 364, 453, 928, 673, 674, 804, 6, 678, 171, 301, 942, 818, 180, 54, 905, 697, 60, 74, 830, 192, 833, 66, 708, 69, 966, 417, 714, 971, 589, 845, 82, 339, 468, 87, 90, 219, 880, 989, 990, 421, 939, 867, 806, 870, 487, 161, 327, 620, 496, 241, 245, 343, 121, 448, 709, 127]
seed_node 679
seed_community:  [898, 260, 727, 776, 11, 525, 143, 914, 407, 815, 157, 158, 672, 545, 679, 808, 938, 172, 429, 430, 303, 670, 311, 824, 313, 958, 191, 175, 523, 839, 587, 973, 206, 980, 469, 598, 471, 729, 995, 103, 366, 552, 755, 244, 190, 247, 62, 340, 298]
seed_node 681
seed_community:  [130, 3, 132, 902, 8, 57, 395, 269, 398, 273, 786, 532, 533, 918, 917, 411, 286, 977, 35, 936, 681, 754, 688, 520, 308, 53, 713, 312, 436, 316, 202, 437, 576, 707, 964, 325, 838, 711, 840, 841, 970, 844, 77, 584, 848, 184, 338, 821, 441, 600, 474, 734, 229, 480, 738, 99, 741, 998, 849, 716, 146, 367, 76, 40, 626, 883, 628, 350, 506, 21, 874, 725]
seed_node 687
seed_community:  [64, 2, 515, 389, 648, 393, 778, 140, 397, 274, 686, 235, 664, 687, 606, 159, 36, 38, 423, 941, 558, 559, 871, 960, 265, 314, 704, 450, 836, 197, 375, 846, 719, 336, 466, 211, 342, 855, 676, 603, 348, 861, 94, 607, 736, 962, 740, 101, 975, 615, 488, 746, 935, 878, 751, 383, 630, 503, 249, 374, 997, 234, 767]
seed_node 689
seed_community:  [898, 260, 727, 776, 523, 525, 143, 914, 407, 303, 157, 158, 672, 545, 552, 298, 172, 429, 430, 815, 689, 670, 311, 824, 313, 190, 191, 175, 11, 839, 587, 973, 206, 340, 469, 598, 471, 729, 995, 103, 366, 808, 755, 244, 958, 247, 62, 980, 938]
seed_node 696
seed_community:  [512, 128, 388, 854, 647, 12, 141, 783, 657, 451, 916, 280, 281, 667, 29, 289, 547, 164, 424, 41, 45, 945, 306, 181, 951, 696, 442, 323, 968, 842, 203, 972, 464, 440, 803, 597, 726, 292, 987, 220, 592, 763, 100, 231, 362, 877, 622, 368, 114, 979, 425, 120, 505, 251, 637]
seed_node 642
seed_community:  [512, 128, 642, 388, 726, 647, 12, 141, 783, 657, 323, 148, 280, 281, 667, 29, 289, 547, 292, 424, 41, 45, 945, 306, 181, 951, 440, 442, 451, 968, 842, 203, 972, 592, 803, 597, 854, 164, 987, 220, 464, 763, 100, 231, 362, 877, 622, 368, 979, 425, 505, 916, 251, 637]
seed_node 655
seed_community:  [773, 134, 135, 394, 907, 780, 909, 910, 655, 531, 279, 408, 409, 283, 412, 797, 543, 33, 34, 39, 540, 811, 452, 179, 564, 138, 139, 68, 965, 329, 850, 853, 996, 95, 627, 994, 227, 868, 230, 486, 233, 747, 492, 624, 499, 884, 963, 762, 819, 195]
seed_node 662
seed_community:  [130, 3, 132, 918, 902, 8, 57, 395, 269, 398, 840, 273, 146, 532, 533, 662, 849, 26, 411, 286, 35, 40, 626, 688, 520, 308, 437, 713, 312, 436, 316, 202, 53, 576, 707, 964, 325, 838, 711, 584, 841, 970, 844, 77, 848, 184, 338, 821, 441, 600, 474, 725, 734, 741, 480, 738, 99, 229, 998, 977, 716, 786, 367, 76, 936, 754, 883, 628, 350, 506, 21, 874, 917]
seed_node 604
seed_community:  [136, 10, 23, 153, 799, 420, 297, 428, 814, 435, 185, 829, 447, 837, 457, 458, 595, 604, 732, 869, 359, 107, 621, 110, 881, 246, 760, 124]
seed_node 612
seed_community:  [898, 260, 727, 776, 11, 525, 143, 303, 914, 407, 175, 157, 670, 672, 545, 552, 938, 172, 429, 430, 815, 158, 311, 824, 313, 958, 191, 523, 839, 587, 973, 206, 340, 469, 598, 471, 729, 995, 612, 103, 366, 808, 755, 244, 190, 247, 62, 980, 298]
seed_node 625
seed_community:  [773, 134, 135, 138, 907, 780, 909, 910, 531, 279, 408, 409, 283, 540, 797, 543, 33, 39, 412, 811, 452, 179, 564, 394, 139, 68, 965, 329, 850, 853, 996, 95, 627, 994, 227, 868, 486, 230, 233, 747, 492, 624, 625, 499, 884, 963, 762, 819, 195]
seed_node 585
seed_community:  [898, 260, 776, 523, 525, 143, 914, 407, 303, 157, 670, 672, 545, 808, 938, 172, 429, 430, 815, 158, 311, 824, 313, 958, 191, 175, 11, 471, 839, 585, 587, 973, 206, 340, 469, 598, 727, 729, 995, 103, 366, 552, 755, 244, 190, 247, 62, 980, 298]
seed_node 586
seed_community:  [512, 128, 388, 854, 647, 12, 141, 783, 657, 323, 148, 280, 281, 667, 29, 289, 803, 292, 424, 425, 45, 945, 306, 181, 951, 440, 442, 586, 451, 968, 842, 203, 972, 464, 979, 597, 726, 164, 987, 220, 592, 251, 100, 231, 362, 108, 877, 622, 368, 547, 41, 505, 916, 763, 637]
seed_node 519
seed_community:  [704, 2, 515, 389, 519, 648, 265, 778, 140, 397, 274, 558, 664, 606, 159, 676, 423, 38, 935, 941, 686, 559, 871, 960, 393, 314, 703, 64, 962, 836, 197, 375, 846, 719, 450, 466, 211, 342, 855, 36, 603, 348, 861, 94, 607, 736, 336, 740, 101, 975, 615, 488, 234, 235, 878, 751, 383, 630, 503, 249, 374, 997, 746, 767]
seed_node 524
seed_community:  [257, 901, 524, 785, 789, 665, 25, 943, 798, 517, 929, 930, 27, 805, 427, 812, 47, 49, 563, 438, 695, 58, 61, 710, 199, 204, 588, 482, 84, 221, 479, 608, 481, 98, 365, 502, 122, 123, 126]
seed_node 542
seed_community:  [704, 2, 515, 389, 648, 265, 778, 140, 397, 274, 558, 664, 606, 542, 159, 36, 38, 423, 615, 941, 686, 559, 935, 960, 393, 314, 64, 450, 836, 197, 503, 846, 719, 336, 466, 211, 342, 855, 676, 603, 348, 861, 94, 607, 736, 962, 740, 101, 975, 871, 488, 746, 235, 878, 751, 383, 630, 375, 249, 374, 997, 234, 767]
seed_node 548
seed_community:  [282, 982, 649, 782, 272, 401, 19, 154, 345, 920, 666, 155, 922, 800, 162, 291, 548, 551, 168, 300, 174, 50, 307, 949, 950, 953, 570, 223, 702, 65, 843, 792, 71, 730, 715, 78, 465, 210, 462, 214, 472, 857, 602, 858, 735, 96, 865, 610, 485, 81, 594, 238, 593, 915, 500, 656, 252, 509, 981]
seed_node 561
seed_community:  [773, 134, 135, 138, 907, 780, 909, 910, 195, 279, 408, 409, 283, 540, 797, 543, 33, 39, 412, 811, 561, 452, 179, 564, 394, 963, 68, 965, 329, 531, 850, 139, 853, 996, 95, 627, 994, 227, 868, 230, 486, 233, 747, 492, 624, 499, 884, 762, 819]
seed_node 562
seed_community:  [131, 516, 268, 911, 275, 239, 285, 677, 166, 810, 683, 940, 942, 562, 566, 188, 575, 460, 723, 212, 860, 477, 609, 611, 744, 879, 113, 882, 890, 381, 639]
seed_node 497
seed_community:  [512, 128, 388, 854, 647, 12, 141, 783, 657, 323, 916, 280, 281, 667, 29, 289, 803, 292, 424, 41, 45, 945, 306, 181, 951, 440, 442, 451, 968, 842, 203, 972, 464, 979, 597, 726, 164, 987, 220, 592, 763, 100, 231, 362, 877, 622, 368, 497, 547, 425, 505, 251, 637]
seed_node 501
seed_community:  [770, 387, 774, 400, 151, 538, 28, 794, 31, 32, 304, 37, 422, 92, 555, 944, 52, 565, 560, 948, 706, 835, 335, 208, 476, 478, 165, 864, 737, 226, 614, 875, 750, 115, 501, 250, 507]
seed_node 504
seed_community:  [898, 260, 727, 776, 523, 525, 143, 914, 958, 407, 303, 157, 670, 672, 545, 552, 298, 172, 429, 430, 815, 158, 311, 824, 313, 62, 191, 175, 11, 839, 587, 973, 206, 340, 469, 598, 471, 729, 995, 103, 366, 808, 755, 244, 190, 247, 504, 980, 938]
seed_node 391
seed_community:  [640, 513, 259, 341, 391, 392, 777, 650, 267, 396, 781, 526, 912, 529, 147, 149, 410, 924, 30, 287, 802, 167, 892, 682, 7, 685, 605, 432, 51, 698, 572, 959, 961, 834, 579, 454, 373, 328, 330, 334, 209, 851, 213, 361, 186, 357, 263, 784, 484, 613, 617, 490, 623, 385, 498, 903, 629, 759, 888, 508, 42, 382, 895]
seed_node 405
seed_community:  [897, 514, 5, 748, 642, 399, 18, 405, 150, 601, 152, 795, 925, 544, 290, 931, 326, 177, 680, 44, 46, 431, 817, 691, 675, 694, 183, 568, 955, 828, 701, 992, 182, 582, 586, 717, 591, 80, 612, 978, 163, 85, 218, 344, 473, 346, 349, 862, 863, 224, 720, 228, 742, 358, 104, 700, 618, 876, 749, 112, 360, 757, 120, 633, 102]
seed_node 406
seed_community:  [896, 644, 261, 262, 652, 237, 913, 787, 406, 22, 539, 284, 645, 859, 550, 295, 809, 554, 456, 692, 569, 443, 712, 446, 193, 194, 353, 200, 201, 459, 403, 205, 632, 721, 534, 856, 475, 988, 222, 991, 352, 97, 356, 887, 999, 489, 363, 109, 494, 111, 240, 369, 83, 254, 886, 937, 376, 889, 636, 894]
seed_node 413
seed_community:  [640, 385, 259, 903, 392, 777, 650, 267, 396, 781, 526, 912, 529, 508, 147, 149, 410, 924, 413, 30, 287, 802, 167, 42, 7, 685, 605, 432, 51, 513, 698, 572, 959, 961, 834, 579, 454, 373, 328, 330, 759, 334, 209, 851, 213, 186, 263, 784, 484, 613, 361, 490, 623, 498, 629, 617, 888, 892, 682, 382, 895]
seed_node 416
seed_community:  [136, 10, 23, 153, 799, 416, 420, 297, 428, 814, 435, 185, 829, 447, 837, 457, 458, 595, 732, 869, 359, 107, 621, 110, 881, 246, 760, 124]
seed_node 433
seed_community:  [64, 2, 515, 389, 648, 265, 778, 140, 397, 274, 558, 664, 159, 676, 38, 423, 615, 941, 686, 559, 433, 935, 960, 393, 314, 94, 704, 450, 836, 197, 503, 846, 719, 976, 466, 211, 342, 855, 984, 36, 603, 348, 861, 606, 607, 736, 336, 740, 101, 975, 871, 488, 746, 235, 878, 751, 383, 630, 375, 249, 374, 997, 767, 234, 962]
seed_node 439
seed_community:  [770, 387, 774, 400, 151, 538, 28, 794, 31, 32, 304, 165, 422, 92, 555, 560, 52, 565, 439, 948, 706, 835, 335, 944, 476, 478, 37, 864, 737, 226, 614, 875, 208, 750, 115, 250, 507]
seed_node 302
seed_community:  [896, 644, 645, 262, 652, 237, 913, 403, 534, 22, 539, 284, 261, 475, 550, 295, 809, 554, 302, 456, 692, 569, 443, 712, 446, 193, 194, 353, 200, 201, 459, 205, 632, 721, 83, 856, 859, 988, 222, 991, 352, 97, 356, 887, 999, 489, 363, 109, 494, 111, 240, 369, 787, 254, 886, 937, 376, 889, 636, 894]
seed_node 320
seed_community:  [320, 133, 775, 16, 17, 530, 404, 796, 671, 419, 426, 43, 305, 187, 63, 832, 449, 196, 583, 332, 461, 596, 699, 745, 893, 371, 119, 248, 377, 634, 765]
seed_node 355
seed_community:  [512, 128, 388, 854, 647, 763, 12, 141, 783, 657, 323, 916, 280, 281, 667, 29, 289, 803, 292, 424, 41, 45, 945, 306, 181, 951, 440, 442, 451, 968, 842, 203, 972, 464, 979, 597, 726, 164, 987, 220, 592, 355, 100, 231, 362, 877, 622, 368, 547, 425, 505, 251, 637]
seed_node 370
seed_community:  [641, 646, 684, 663, 793, 142, 271, 145, 658, 659, 535, 921, 668, 927, 160, 932, 70, 807, 556, 434, 816, 178, 820, 693, 9, 825, 315, 444, 957, 574, 651, 198, 455, 331, 590, 463, 470, 88, 217, 933, 571, 236, 495, 753, 370, 243, 118, 690, 761, 125, 766]
seed_node 379
seed_community:  [384, 768, 643, 900, 327, 6, 577, 137, 87, 402, 660, 934, 24, 541, 69, 928, 417, 674, 804, 421, 806, 171, 301, 175, 818, 180, 496, 905, 697, 60, 714, 830, 192, 833, 66, 971, 453, 966, 673, 74, 823, 76, 845, 589, 82, 339, 468, 215, 90, 219, 620, 989, 990, 390, 866, 867, 678, 870, 487, 379, 161, 939, 364, 880, 241, 114, 245, 343, 121, 448, 709, 127]
seed_node 232
seed_community:  [64, 2, 515, 389, 648, 393, 778, 140, 397, 274, 686, 235, 664, 26, 606, 159, 36, 293, 38, 935, 615, 941, 558, 559, 960, 265, 314, 704, 450, 836, 197, 503, 846, 719, 336, 466, 211, 342, 855, 676, 603, 348, 861, 94, 607, 736, 962, 740, 101, 975, 871, 232, 746, 423, 878, 751, 488, 383, 630, 375, 249, 374, 997, 234, 767]
seed_node 270
seed_community:  [93, 129, 546, 75, 324, 309, 467, 72, 553, 106, 299, 270, 733, 483, 372, 317, 580, 669, 638, 491]
seed_node 276
seed_community:  [384, 768, 643, 900, 390, 577, 137, 266, 215, 823, 402, 806, 276, 24, 541, 364, 453, 928, 673, 674, 804, 6, 678, 171, 301, 448, 818, 180, 496, 417, 905, 697, 60, 74, 830, 192, 833, 66, 69, 966, 161, 714, 971, 845, 589, 82, 339, 468, 87, 90, 219, 989, 990, 421, 939, 867, 934, 870, 487, 327, 620, 880, 241, 245, 343, 660, 121, 709, 127]
seed_node 278
seed_community:  [256, 769, 386, 899, 518, 705, 906, 653, 14, 527, 528, 788, 277, 278, 923, 414, 418, 347, 549, 296, 91, 310, 116, 445, 318, 321, 322, 581, 969, 333, 847, 731, 144, 739, 743, 872, 493, 616, 822, 756, 635, 510]
seed_node 294
seed_community:  [640, 513, 259, 263, 392, 777, 650, 267, 396, 781, 526, 784, 529, 147, 149, 410, 924, 30, 287, 802, 294, 167, 892, 42, 7, 685, 605, 432, 51, 698, 572, 959, 961, 834, 579, 454, 328, 330, 759, 334, 629, 209, 851, 213, 186, 361, 912, 484, 613, 617, 490, 623, 385, 498, 903, 373, 631, 888, 508, 682, 382, 895]
seed_node 169
seed_community:  [768, 384, 643, 900, 6, 577, 905, 87, 192, 678, 823, 402, 660, 24, 541, 364, 69, 928, 161, 674, 804, 421, 934, 169, 171, 301, 302, 818, 180, 137, 697, 60, 74, 830, 448, 833, 66, 453, 966, 417, 714, 971, 589, 845, 82, 339, 468, 215, 90, 219, 880, 989, 990, 390, 939, 867, 806, 870, 487, 327, 620, 496, 241, 245, 343, 673, 121, 709, 127]
seed_node 170
seed_community:  [773, 134, 135, 138, 907, 780, 909, 910, 499, 531, 279, 408, 409, 283, 540, 797, 543, 33, 34, 39, 412, 170, 811, 452, 179, 564, 394, 963, 68, 965, 329, 850, 139, 853, 996, 95, 994, 227, 868, 230, 486, 233, 747, 492, 624, 627, 884, 762, 819, 195]
seed_node 173
seed_community:  [128, 512, 388, 726, 647, 12, 141, 783, 657, 323, 916, 280, 281, 667, 29, 289, 803, 292, 424, 425, 45, 945, 306, 181, 951, 440, 442, 451, 968, 842, 203, 972, 592, 173, 547, 597, 854, 164, 987, 220, 464, 763, 100, 231, 362, 877, 622, 368, 979, 41, 505, 251, 637]
seed_node 189
seed_community:  [641, 646, 9, 651, 793, 142, 271, 145, 658, 659, 535, 921, 668, 927, 160, 932, 198, 807, 684, 690, 816, 434, 820, 693, 825, 571, 444, 189, 574, 556, 70, 455, 957, 331, 663, 590, 463, 470, 88, 217, 933, 315, 178, 236, 495, 753, 243, 118, 761, 125, 766]
seed_node 73
seed_community:  [136, 10, 23, 153, 799, 420, 297, 428, 814, 435, 73, 185, 829, 447, 837, 457, 458, 595, 732, 869, 359, 107, 621, 110, 881, 246, 760, 124]
seed_node 117
seed_community:  [136, 10, 23, 153, 799, 420, 297, 428, 814, 435, 185, 829, 447, 837, 457, 458, 595, 732, 869, 359, 107, 621, 110, 881, 117, 246, 760, 124]
i =  0 [317, 129, 546, 483, 580, 72, 553, 106, 299, 93, 75, 467, 372, 309, 733, 324, 669, 638, 491]
i =  1 [130, 3, 132, 902, 8, 395, 269, 398, 840, 273, 146, 532, 533, 918, 411, 286, 312, 35, 936, 436, 626, 688, 520, 308, 821, 713, 184, 57, 316, 970, 53, 576, 707, 964, 325, 838, 711, 584, 841, 202, 844, 77, 848, 849, 338, 725, 441, 600, 474, 506, 734, 229, 480, 738, 99, 741, 998, 977, 716, 786, 437, 367, 76, 40, 754, 883, 628, 350, 703, 21, 874, 917]
i =  2 [136, 10, 23, 153, 799, 420, 297, 428, 814, 435, 185, 829, 447, 837, 457, 458, 595, 732, 869, 359, 107, 621, 110, 881, 246, 760, 124]
i =  3 [640, 385, 259, 263, 392, 777, 650, 267, 396, 781, 526, 912, 529, 147, 149, 537, 410, 924, 30, 287, 802, 167, 892, 42, 903, 685, 432, 51, 513, 698, 572, 959, 961, 834, 579, 454, 373, 328, 330, 334, 209, 851, 213, 186, 7, 605, 361, 784, 484, 613, 617, 490, 623, 498, 629, 759, 888, 508, 682, 382, 895]
i =  4 [131, 516, 268, 911, 275, 879, 285, 677, 166, 810, 683, 940, 942, 566, 188, 575, 460, 723, 212, 860, 477, 609, 611, 744, 239, 113, 882, 890, 381, 639]
i =  5 [641, 646, 9, 651, 793, 142, 271, 145, 658, 659, 535, 921, 668, 728, 927, 160, 932, 198, 807, 684, 434, 816, 690, 820, 693, 825, 315, 444, 957, 574, 556, 70, 455, 331, 663, 590, 463, 470, 88, 217, 933, 571, 178, 236, 495, 753, 243, 118, 761, 125, 766]
i =  6 [133, 775, 16, 17, 530, 404, 796, 671, 419, 426, 43, 305, 699, 63, 832, 449, 196, 583, 332, 461, 596, 187, 745, 765, 371, 119, 248, 377, 634, 893]
i =  7 [935, 64, 2, 515, 746, 389, 648, 265, 778, 140, 397, 274, 686, 664, 159, 676, 38, 423, 941, 558, 559, 871, 960, 393, 314, 94, 704, 450, 836, 197, 375, 846, 719, 336, 466, 211, 342, 855, 984, 36, 603, 348, 861, 606, 607, 736, 962, 740, 101, 975, 615, 488, 234, 235, 878, 751, 630, 503, 249, 374, 997, 767, 253, 383]
i =  8 [770, 387, 774, 400, 151, 794, 28, 538, 31, 32, 944, 165, 422, 92, 555, 304, 948, 565, 560, 52, 706, 835, 335, 208, 476, 478, 37, 864, 737, 226, 614, 875, 750, 115, 250, 507]
i =  9 [896, 644, 645, 262, 652, 109, 913, 403, 534, 22, 539, 284, 261, 376, 200, 475, 550, 295, 809, 554, 456, 692, 937, 569, 443, 446, 193, 194, 97, 712, 201, 459, 205, 721, 83, 856, 859, 988, 222, 991, 352, 353, 356, 999, 489, 363, 237, 494, 111, 240, 369, 787, 894, 886, 887, 632, 889, 636, 254, 511]
i =  10 [257, 517, 785, 789, 665, 25, 943, 798, 901, 929, 930, 27, 805, 427, 812, 47, 49, 563, 438, 695, 58, 61, 710, 199, 204, 588, 482, 84, 221, 479, 608, 481, 98, 365, 502, 122, 123, 126]
i =  11 [768, 384, 643, 900, 6, 833, 137, 215, 402, 806, 660, 24, 541, 364, 69, 928, 417, 674, 804, 390, 934, 171, 301, 818, 180, 905, 697, 60, 74, 830, 192, 577, 66, 971, 453, 966, 673, 714, 823, 845, 589, 82, 339, 468, 87, 90, 219, 880, 989, 990, 421, 327, 867, 678, 870, 487, 161, 939, 620, 496, 241, 245, 343, 121, 448, 709, 127]
i =  12 [256, 769, 386, 899, 518, 321, 906, 653, 14, 527, 144, 788, 277, 923, 414, 418, 731, 549, 296, 822, 116, 347, 445, 318, 705, 322, 581, 969, 333, 847, 91, 528, 739, 743, 872, 493, 310, 616, 756, 635, 510]
i =  13 [130, 3, 132, 902, 8, 395, 269, 398, 273, 146, 532, 533, 918, 411, 286, 312, 35, 40, 584, 436, 626, 688, 520, 308, 53, 841, 184, 57, 316, 970, 821, 576, 707, 964, 325, 838, 711, 840, 713, 202, 844, 77, 848, 977, 338, 725, 441, 600, 474, 506, 734, 741, 480, 738, 99, 229, 998, 849, 716, 786, 437, 367, 76, 936, 754, 883, 628, 350, 21, 874, 917]
i =  14 [770, 387, 774, 400, 151, 538, 28, 794, 31, 32, 944, 165, 422, 476, 555, 304, 948, 565, 560, 52, 706, 835, 335, 208, 92, 478, 37, 864, 737, 226, 614, 875, 750, 115, 250, 507]
i =  15 [897, 514, 5, 748, 399, 18, 150, 601, 152, 795, 925, 544, 290, 931, 582, 817, 680, 44, 46, 431, 177, 691, 694, 183, 568, 955, 828, 701, 224, 182, 326, 717, 591, 720, 978, 675, 85, 344, 473, 218, 349, 862, 863, 992, 228, 742, 358, 360, 700, 618, 876, 749, 112, 104, 757, 120, 633, 102]
i =  16 [773, 134, 135, 138, 907, 780, 909, 910, 499, 963, 279, 408, 409, 283, 412, 797, 543, 33, 39, 540, 811, 452, 179, 564, 394, 195, 68, 965, 329, 850, 139, 853, 868, 95, 627, 994, 227, 996, 486, 230, 233, 747, 492, 624, 531, 884, 762, 819]
i =  17 [640, 513, 259, 7, 392, 777, 650, 267, 396, 781, 526, 784, 529, 147, 149, 410, 924, 508, 30, 287, 802, 167, 682, 903, 685, 432, 51, 186, 572, 959, 961, 834, 579, 454, 328, 330, 759, 334, 629, 209, 851, 213, 361, 605, 613, 263, 912, 484, 357, 698, 617, 490, 623, 385, 498, 373, 631, 888, 892, 42, 382, 895]
i =  18 [1, 258, 4, 904, 522, 983, 654, 15, 20, 661, 919, 536, 772, 801, 176, 557, 48, 264, 946, 947, 55, 56, 826, 59, 573, 831, 578, 967, 718, 79, 337, 722, 724, 86, 599, 985, 225, 354, 813, 1000, 105, 619, 752, 319, 89, 378, 891, 764, 255]
i =  19 [896, 993, 644, 261, 262, 652, 13, 237, 913, 787, 534, 22, 539, 284, 645, 376, 475, 550, 295, 809, 554, 456, 692, 937, 569, 991, 712, 446, 194, 67, 353, 200, 201, 459, 205, 721, 83, 856, 859, 988, 222, 351, 352, 97, 443, 356, 999, 489, 363, 109, 494, 111, 240, 369, 403, 894, 886, 887, 632, 889, 636, 254]
i =  20 [1, 258, 4, 904, 522, 983, 654, 813, 20, 661, 919, 536, 772, 801, 176, 557, 48, 264, 946, 947, 55, 56, 826, 59, 573, 831, 578, 967, 718, 79, 337, 722, 724, 86, 599, 985, 15, 225, 354, 1000, 105, 619, 752, 319, 89, 378, 891, 764, 255]
i =  21 [897, 514, 5, 748, 399, 18, 150, 601, 152, 795, 925, 544, 290, 931, 582, 817, 680, 44, 46, 431, 177, 691, 694, 183, 568, 955, 700, 701, 224, 182, 326, 717, 591, 720, 978, 675, 85, 344, 473, 218, 349, 862, 863, 992, 228, 358, 742, 360, 828, 618, 876, 749, 112, 104, 757, 633, 102]
i =  22 [257, 901, 785, 789, 665, 25, 943, 798, 517, 929, 930, 27, 805, 427, 812, 47, 49, 563, 438, 695, 58, 61, 710, 199, 204, 588, 482, 84, 221, 479, 608, 481, 98, 365, 502, 122, 123, 126]
i =  23 [130, 3, 132, 902, 8, 57, 395, 269, 398, 840, 273, 786, 532, 533, 918, 917, 411, 286, 312, 35, 40, 626, 688, 520, 308, 437, 841, 184, 436, 316, 970, 53, 576, 707, 964, 325, 838, 711, 584, 713, 202, 844, 77, 848, 977, 338, 821, 441, 600, 474, 506, 734, 741, 480, 738, 99, 229, 998, 849, 716, 146, 367, 76, 936, 754, 883, 628, 350, 21, 874, 725]
i =  24 [898, 260, 776, 11, 525, 143, 914, 407, 815, 157, 670, 672, 545, 552, 938, 172, 429, 430, 303, 158, 311, 824, 313, 958, 191, 175, 523, 471, 839, 587, 973, 206, 980, 469, 598, 727, 729, 995, 103, 366, 808, 755, 244, 190, 247, 62, 340, 298]
i =  25 [897, 514, 5, 748, 399, 18, 150, 473, 152, 795, 925, 544, 290, 675, 582, 177, 680, 44, 46, 431, 817, 691, 182, 183, 568, 955, 828, 701, 224, 694, 326, 717, 974, 207, 80, 978, 931, 85, 218, 344, 601, 346, 591, 349, 862, 863, 992, 720, 228, 358, 742, 104, 700, 618, 876, 749, 112, 360, 757, 120, 633, 102]
i =  26 [898, 260, 776, 11, 525, 143, 914, 407, 303, 157, 158, 672, 545, 552, 298, 172, 429, 430, 815, 670, 311, 824, 313, 958, 191, 175, 523, 471, 839, 587, 973, 206, 340, 469, 598, 727, 729, 995, 103, 366, 808, 755, 244, 190, 247, 62, 980, 938]
i =  27 [130, 3, 132, 902, 520, 57, 395, 269, 398, 840, 273, 786, 532, 533, 918, 411, 286, 312, 35, 936, 754, 688, 8, 308, 821, 713, 184, 436, 316, 970, 53, 576, 707, 964, 325, 838, 711, 584, 841, 202, 844, 77, 848, 977, 338, 725, 441, 600, 474, 216, 734, 741, 480, 738, 99, 229, 998, 849, 716, 146, 437, 367, 76, 40, 626, 883, 628, 350, 506, 21, 874, 917]
i =  28 [512, 128, 388, 726, 647, 12, 141, 783, 657, 451, 916, 280, 281, 667, 29, 289, 803, 292, 424, 41, 45, 945, 306, 181, 951, 440, 442, 323, 968, 842, 203, 972, 464, 979, 597, 854, 164, 987, 220, 592, 251, 100, 231, 362, 877, 622, 368, 547, 425, 505, 763, 637]
i =  29 [768, 384, 880, 643, 900, 390, 577, 137, 87, 823, 402, 660, 934, 24, 541, 453, 928, 673, 674, 804, 6, 678, 171, 301, 818, 180, 905, 697, 60, 714, 830, 192, 833, 66, 69, 966, 417, 74, 971, 845, 589, 82, 339, 468, 215, 90, 219, 620, 989, 990, 421, 939, 867, 806, 870, 487, 161, 327, 364, 496, 241, 245, 343, 121, 448, 709, 127]
i =  30 [282, 982, 981, 649, 782, 656, 401, 19, 154, 857, 792, 666, 155, 922, 800, 162, 291, 602, 551, 168, 300, 174, 50, 307, 949, 950, 953, 570, 735, 702, 65, 715, 71, 843, 462, 81, 594, 78, 214, 472, 345, 730, 858, 223, 96, 272, 610, 485, 465, 210, 238, 593, 920, 915, 500, 252, 509, 865]
i =  31 [641, 646, 9, 651, 793, 142, 271, 145, 658, 659, 663, 921, 156, 927, 160, 932, 933, 807, 668, 556, 434, 816, 178, 820, 693, 825, 571, 444, 957, 574, 684, 198, 455, 535, 331, 590, 463, 470, 88, 217, 70, 315, 236, 495, 753, 243, 118, 690, 761, 125, 766]
i =  32 [935, 704, 2, 515, 389, 648, 265, 778, 140, 397, 274, 558, 664, 159, 36, 38, 423, 64, 941, 686, 559, 871, 94, 393, 314, 960, 450, 836, 197, 375, 846, 719, 336, 466, 211, 342, 855, 676, 603, 348, 861, 606, 607, 736, 962, 740, 101, 975, 615, 488, 746, 235, 878, 751, 383, 630, 503, 249, 374, 997, 234, 767]
i =  33 [641, 646, 556, 663, 793, 142, 271, 145, 658, 659, 535, 921, 668, 927, 160, 932, 933, 807, 684, 690, 816, 434, 820, 693, 9, 825, 315, 444, 957, 574, 651, 198, 455, 331, 590, 463, 470, 88, 217, 70, 571, 178, 236, 495, 753, 243, 118, 761, 125, 766]
i =  34 [130, 3, 132, 902, 8, 57, 395, 269, 398, 273, 786, 532, 533, 918, 411, 286, 35, 40, 584, 754, 688, 520, 436, 821, 713, 312, 308, 316, 970, 53, 576, 707, 964, 325, 838, 711, 840, 841, 202, 844, 77, 184, 848, 977, 338, 725, 441, 600, 474, 506, 734, 229, 480, 738, 99, 741, 998, 849, 716, 146, 437, 367, 76, 936, 626, 883, 628, 350, 21, 874, 917]
i =  35 [282, 982, 649, 782, 272, 401, 19, 154, 857, 792, 666, 155, 922, 800, 162, 291, 602, 551, 168, 300, 174, 50, 307, 949, 950, 953, 570, 735, 702, 65, 715, 71, 843, 78, 81, 594, 462, 214, 472, 345, 730, 858, 223, 96, 865, 610, 485, 465, 210, 238, 593, 920, 915, 500, 656, 252, 509, 981]
i =  36 [898, 260, 776, 523, 525, 143, 303, 914, 407, 175, 157, 158, 672, 545, 552, 298, 172, 429, 430, 815, 670, 311, 824, 313, 190, 191, 11, 471, 839, 587, 973, 206, 980, 469, 598, 727, 729, 986, 995, 103, 108, 366, 808, 755, 244, 958, 247, 62, 340, 938]
i =  37 [897, 514, 5, 748, 399, 18, 150, 473, 152, 795, 925, 544, 290, 931, 582, 817, 680, 44, 46, 431, 177, 691, 182, 183, 568, 955, 828, 701, 224, 694, 326, 717, 591, 720, 978, 675, 85, 344, 601, 218, 349, 862, 863, 992, 228, 742, 358, 360, 700, 618, 876, 749, 112, 104, 757, 633, 102]
i =  38 [128, 512, 388, 854, 647, 12, 141, 783, 657, 451, 916, 280, 281, 667, 29, 289, 547, 164, 424, 41, 45, 945, 306, 181, 951, 440, 442, 323, 968, 842, 203, 972, 464, 803, 597, 726, 292, 987, 220, 592, 251, 100, 231, 362, 877, 622, 368, 979, 425, 505, 763, 637]
i =  39 [768, 448, 643, 900, 6, 833, 905, 215, 402, 660, 934, 24, 541, 453, 928, 417, 674, 804, 421, 806, 171, 301, 818, 180, 496, 823, 697, 60, 714, 830, 192, 577, 66, 69, 966, 673, 384, 74, 971, 589, 845, 82, 339, 468, 87, 90, 219, 620, 989, 990, 390, 939, 867, 678, 870, 487, 161, 327, 364, 880, 241, 245, 343, 137, 121, 709, 127]
i =  40 [960, 2, 515, 389, 648, 265, 778, 140, 397, 274, 558, 235, 664, 159, 676, 38, 423, 64, 941, 686, 559, 871, 94, 393, 314, 704, 962, 836, 197, 503, 846, 719, 450, 466, 211, 342, 855, 36, 603, 348, 861, 606, 607, 736, 336, 740, 101, 975, 615, 488, 234, 935, 878, 751, 383, 630, 375, 249, 374, 997, 746, 767]
i =  41 [640, 385, 259, 903, 392, 777, 650, 267, 396, 781, 526, 912, 529, 147, 149, 410, 924, 30, 287, 802, 167, 892, 42, 7, 685, 432, 51, 513, 698, 572, 959, 961, 834, 579, 454, 328, 330, 334, 629, 209, 851, 213, 186, 605, 361, 263, 784, 484, 613, 617, 490, 623, 498, 373, 759, 888, 508, 682, 382, 895]
i =  42 [897, 514, 5, 748, 399, 18, 150, 473, 152, 795, 925, 544, 290, 931, 582, 817, 680, 44, 46, 431, 177, 691, 182, 183, 568, 955, 828, 701, 224, 694, 326, 717, 591, 80, 978, 675, 85, 344, 601, 218, 349, 862, 863, 992, 720, 228, 742, 358, 360, 700, 618, 876, 749, 112, 104, 757, 120, 633, 102]
i =  43 [896, 644, 261, 262, 652, 237, 913, 403, 534, 22, 539, 284, 645, 200, 859, 550, 295, 809, 554, 456, 692, 569, 443, 446, 193, 194, 97, 712, 201, 459, 205, 632, 721, 83, 856, 475, 988, 222, 991, 352, 353, 356, 887, 999, 489, 363, 109, 494, 111, 240, 369, 787, 894, 886, 937, 376, 889, 636, 254]
i =  44 [896, 644, 645, 262, 652, 109, 913, 403, 534, 22, 539, 284, 261, 376, 475, 550, 295, 809, 554, 712, 692, 937, 569, 443, 446, 636, 193, 194, 97, 456, 201, 459, 205, 721, 83, 856, 859, 988, 222, 991, 352, 353, 356, 999, 489, 363, 237, 494, 111, 240, 369, 787, 894, 886, 887, 632, 889, 200, 254]
i =  45 [384, 768, 643, 900, 6, 833, 137, 266, 215, 678, 823, 402, 660, 24, 541, 453, 288, 673, 674, 804, 390, 806, 171, 301, 928, 818, 180, 496, 905, 697, 60, 714, 830, 192, 577, 66, 69, 966, 417, 74, 971, 589, 845, 82, 339, 468, 87, 90, 219, 620, 989, 990, 421, 939, 867, 934, 870, 487, 161, 327, 364, 880, 241, 245, 343, 121, 448, 709, 127]
i =  46 [640, 513, 259, 263, 392, 777, 650, 267, 396, 781, 526, 912, 529, 147, 149, 410, 924, 30, 287, 802, 167, 892, 42, 903, 685, 432, 51, 698, 572, 959, 961, 834, 579, 454, 328, 330, 759, 334, 629, 209, 851, 213, 186, 7, 605, 784, 484, 613, 617, 490, 623, 385, 498, 373, 361, 888, 508, 682, 382, 895]
i =  47 [641, 646, 684, 535, 793, 142, 271, 145, 658, 659, 663, 921, 668, 927, 160, 932, 933, 807, 556, 690, 816, 434, 820, 693, 9, 825, 315, 444, 957, 574, 651, 198, 455, 331, 590, 463, 470, 88, 217, 70, 571, 178, 236, 495, 753, 243, 118, 761, 125, 766]
i =  48 [130, 3, 132, 902, 8, 395, 269, 398, 840, 273, 786, 532, 533, 918, 411, 286, 21, 35, 936, 184, 754, 688, 520, 308, 437, 713, 312, 57, 316, 202, 53, 576, 707, 964, 325, 838, 711, 584, 841, 970, 844, 77, 976, 977, 338, 821, 441, 600, 474, 725, 734, 229, 480, 848, 738, 99, 741, 998, 849, 716, 146, 367, 76, 40, 626, 883, 628, 350, 506, 380, 874, 917]
i =  49 [128, 512, 388, 726, 647, 12, 141, 783, 657, 323, 916, 280, 281, 667, 29, 289, 547, 292, 424, 41, 45, 945, 306, 181, 951, 952, 442, 451, 968, 842, 203, 972, 464, 440, 803, 597, 854, 164, 987, 220, 592, 251, 100, 231, 362, 877, 622, 368, 979, 425, 505, 763, 637]
i =  50 [898, 260, 776, 11, 525, 143, 914, 407, 303, 157, 670, 672, 545, 808, 298, 172, 429, 430, 815, 158, 311, 824, 313, 954, 958, 191, 175, 523, 471, 839, 587, 973, 206, 340, 469, 598, 727, 729, 995, 103, 366, 552, 755, 244, 190, 247, 62, 980, 938]
i =  51 [384, 768, 643, 900, 6, 577, 137, 215, 823, 402, 806, 660, 24, 541, 364, 453, 928, 673, 674, 804, 421, 934, 241, 171, 301, 818, 180, 496, 905, 697, 60, 714, 830, 192, 833, 66, 69, 390, 161, 74, 971, 589, 845, 82, 339, 468, 87, 966, 90, 219, 989, 990, 327, 867, 678, 870, 487, 956, 939, 620, 880, 417, 245, 343, 121, 448, 709, 127]
i =  52 [1, 258, 4, 904, 522, 599, 654, 557, 20, 661, 919, 536, 772, 926, 801, 48, 813, 176, 264, 946, 947, 55, 56, 826, 59, 573, 831, 578, 967, 718, 79, 337, 722, 724, 86, 983, 985, 15, 225, 354, 891, 1000, 105, 619, 752, 89, 378, 319, 764, 255]
i =  53 [897, 514, 5, 521, 908, 399, 18, 150, 473, 152, 795, 925, 544, 290, 931, 326, 817, 680, 44, 46, 431, 177, 691, 182, 183, 568, 955, 828, 701, 992, 694, 582, 876, 717, 591, 720, 978, 675, 85, 344, 601, 218, 349, 862, 863, 224, 228, 358, 742, 360, 700, 618, 748, 749, 112, 104, 757, 120, 633, 102]
i =  54 [256, 769, 386, 899, 518, 705, 906, 653, 14, 527, 528, 788, 277, 923, 414, 418, 731, 549, 296, 822, 116, 347, 445, 318, 321, 322, 581, 969, 333, 847, 91, 144, 739, 743, 616, 493, 310, 872, 756, 885, 635, 510]
i =  55 [922, 214, 649, 782, 272, 401, 19, 593, 857, 792, 154, 155, 282, 800, 162, 291, 602, 666, 551, 168, 300, 174, 50, 307, 949, 950, 953, 570, 735, 702, 65, 715, 71, 843, 78, 81, 210, 462, 982, 472, 345, 730, 858, 223, 96, 865, 610, 485, 465, 873, 594, 238, 920, 915, 500, 656, 252, 509, 981]
i =  56 [130, 3, 132, 902, 8, 57, 395, 269, 398, 840, 273, 146, 532, 533, 918, 917, 411, 866, 286, 35, 40, 184, 114, 688, 520, 436, 53, 713, 312, 308, 316, 202, 437, 576, 707, 964, 325, 838, 711, 584, 841, 970, 844, 77, 848, 849, 338, 821, 441, 600, 474, 734, 741, 480, 738, 99, 229, 998, 977, 716, 786, 367, 76, 936, 754, 883, 628, 626, 350, 506, 21, 874, 725]
i =  57 [896, 644, 645, 262, 652, 237, 913, 787, 534, 22, 539, 284, 261, 636, 859, 550, 295, 809, 554, 712, 692, 937, 569, 443, 446, 193, 194, 353, 456, 201, 459, 205, 632, 721, 83, 852, 856, 475, 988, 222, 991, 352, 97, 356, 999, 489, 363, 109, 494, 111, 240, 369, 242, 403, 894, 886, 887, 376, 889, 200, 254]
i =  58 [896, 644, 645, 262, 652, 237, 913, 403, 22, 539, 284, 261, 636, 475, 550, 295, 809, 554, 712, 692, 937, 569, 827, 446, 193, 194, 353, 456, 201, 459, 205, 632, 721, 534, 856, 83, 859, 988, 222, 991, 352, 97, 443, 356, 999, 489, 363, 109, 494, 111, 240, 369, 787, 254, 886, 887, 376, 889, 200, 894]
i =  59 [640, 513, 259, 263, 392, 777, 650, 267, 396, 781, 526, 784, 529, 147, 149, 790, 410, 924, 508, 30, 287, 802, 167, 42, 903, 685, 432, 51, 186, 572, 959, 961, 834, 579, 454, 328, 330, 759, 334, 629, 209, 851, 213, 7, 605, 912, 484, 613, 698, 361, 490, 623, 385, 498, 373, 617, 888, 892, 682, 382, 895]
i =  60 [897, 514, 5, 876, 473, 399, 18, 150, 791, 152, 358, 795, 925, 415, 544, 290, 931, 326, 177, 680, 44, 46, 431, 817, 691, 694, 567, 568, 955, 700, 701, 992, 182, 582, 183, 717, 591, 720, 978, 675, 85, 344, 601, 218, 349, 862, 863, 224, 228, 102, 742, 360, 828, 618, 748, 749, 112, 104, 757, 633]
i =  61 [1, 258, 771, 4, 904, 522, 599, 654, 15, 20, 661, 919, 536, 772, 31, 176, 557, 48, 264, 946, 947, 55, 56, 826, 59, 573, 831, 578, 967, 718, 79, 337, 722, 724, 86, 983, 985, 225, 354, 891, 813, 1000, 105, 619, 752, 89, 378, 319, 764, 801, 255]
i =  62 [640, 513, 259, 263, 392, 777, 650, 779, 396, 781, 526, 912, 529, 147, 149, 410, 924, 508, 30, 287, 802, 167, 682, 903, 685, 432, 51, 7, 186, 572, 959, 961, 834, 579, 454, 373, 328, 330, 334, 209, 851, 213, 267, 605, 361, 784, 484, 613, 698, 617, 490, 623, 385, 498, 629, 759, 888, 892, 42, 382, 895]
i =  63 [131, 516, 268, 911, 275, 239, 285, 677, 166, 810, 683, 940, 942, 566, 188, 575, 460, 723, 212, 860, 477, 609, 611, 744, 879, 113, 882, 758, 890, 381, 639]
i =  64 [384, 768, 643, 900, 390, 577, 137, 266, 215, 823, 402, 660, 934, 24, 541, 364, 453, 928, 673, 674, 804, 6, 678, 171, 301, 942, 818, 180, 54, 905, 697, 60, 74, 830, 192, 833, 66, 708, 69, 966, 417, 714, 971, 589, 845, 82, 339, 468, 87, 90, 219, 880, 989, 990, 421, 939, 867, 806, 870, 487, 161, 327, 620, 496, 241, 245, 343, 121, 448, 709, 127]
i =  65 [898, 260, 727, 776, 11, 525, 143, 914, 407, 815, 157, 158, 672, 545, 679, 808, 938, 172, 429, 430, 303, 670, 311, 824, 313, 958, 191, 175, 523, 839, 587, 973, 206, 980, 469, 598, 471, 729, 995, 103, 366, 552, 755, 244, 190, 247, 62, 340, 298]
i =  66 [130, 3, 132, 902, 8, 57, 395, 269, 398, 273, 786, 532, 533, 918, 917, 411, 286, 977, 35, 936, 681, 754, 688, 520, 308, 53, 713, 312, 436, 316, 202, 437, 576, 707, 964, 325, 838, 711, 840, 841, 970, 844, 77, 584, 848, 184, 338, 821, 441, 600, 474, 734, 229, 480, 738, 99, 741, 998, 849, 716, 146, 367, 76, 40, 626, 883, 628, 350, 506, 21, 874, 725]
i =  67 [64, 2, 515, 389, 648, 393, 778, 140, 397, 274, 686, 235, 664, 687, 606, 159, 36, 38, 423, 941, 558, 559, 871, 960, 265, 314, 704, 450, 836, 197, 375, 846, 719, 336, 466, 211, 342, 855, 676, 603, 348, 861, 94, 607, 736, 962, 740, 101, 975, 615, 488, 746, 935, 878, 751, 383, 630, 503, 249, 374, 997, 234, 767]
i =  68 [898, 260, 727, 776, 523, 525, 143, 914, 407, 303, 157, 158, 672, 545, 552, 298, 172, 429, 430, 815, 689, 670, 311, 824, 313, 190, 191, 175, 11, 839, 587, 973, 206, 340, 469, 598, 471, 729, 995, 103, 366, 808, 755, 244, 958, 247, 62, 980, 938]
i =  69 [512, 128, 388, 854, 647, 12, 141, 783, 657, 451, 916, 280, 281, 667, 29, 289, 547, 164, 424, 41, 45, 945, 306, 181, 951, 696, 442, 323, 968, 842, 203, 972, 464, 440, 803, 597, 726, 292, 987, 220, 592, 763, 100, 231, 362, 877, 622, 368, 114, 979, 425, 120, 505, 251, 637]
i =  70 [512, 128, 642, 388, 726, 647, 12, 141, 783, 657, 323, 148, 280, 281, 667, 29, 289, 547, 292, 424, 41, 45, 945, 306, 181, 951, 440, 442, 451, 968, 842, 203, 972, 592, 803, 597, 854, 164, 987, 220, 464, 763, 100, 231, 362, 877, 622, 368, 979, 425, 505, 916, 251, 637]
i =  71 [773, 134, 135, 394, 907, 780, 909, 910, 655, 531, 279, 408, 409, 283, 412, 797, 543, 33, 34, 39, 540, 811, 452, 179, 564, 138, 139, 68, 965, 329, 850, 853, 996, 95, 627, 994, 227, 868, 230, 486, 233, 747, 492, 624, 499, 884, 963, 762, 819, 195]
i =  72 [130, 3, 132, 918, 902, 8, 57, 395, 269, 398, 840, 273, 146, 532, 533, 662, 849, 26, 411, 286, 35, 40, 626, 688, 520, 308, 437, 713, 312, 436, 316, 202, 53, 576, 707, 964, 325, 838, 711, 584, 841, 970, 844, 77, 848, 184, 338, 821, 441, 600, 474, 725, 734, 741, 480, 738, 99, 229, 998, 977, 716, 786, 367, 76, 936, 754, 883, 628, 350, 506, 21, 874, 917]
i =  73 [136, 10, 23, 153, 799, 420, 297, 428, 814, 435, 185, 829, 447, 837, 457, 458, 595, 604, 732, 869, 359, 107, 621, 110, 881, 246, 760, 124]
i =  74 [898, 260, 727, 776, 11, 525, 143, 303, 914, 407, 175, 157, 670, 672, 545, 552, 938, 172, 429, 430, 815, 158, 311, 824, 313, 958, 191, 523, 839, 587, 973, 206, 340, 469, 598, 471, 729, 995, 612, 103, 366, 808, 755, 244, 190, 247, 62, 980, 298]
i =  75 [773, 134, 135, 138, 907, 780, 909, 910, 531, 279, 408, 409, 283, 540, 797, 543, 33, 39, 412, 811, 452, 179, 564, 394, 139, 68, 965, 329, 850, 853, 996, 95, 627, 994, 227, 868, 486, 230, 233, 747, 492, 624, 625, 499, 884, 963, 762, 819, 195]
i =  76 [898, 260, 776, 523, 525, 143, 914, 407, 303, 157, 670, 672, 545, 808, 938, 172, 429, 430, 815, 158, 311, 824, 313, 958, 191, 175, 11, 471, 839, 585, 587, 973, 206, 340, 469, 598, 727, 729, 995, 103, 366, 552, 755, 244, 190, 247, 62, 980, 298]
i =  77 [512, 128, 388, 854, 647, 12, 141, 783, 657, 323, 148, 280, 281, 667, 29, 289, 803, 292, 424, 425, 45, 945, 306, 181, 951, 440, 442, 586, 451, 968, 842, 203, 972, 464, 979, 597, 726, 164, 987, 220, 592, 251, 100, 231, 362, 108, 877, 622, 368, 547, 41, 505, 916, 763, 637]
i =  78 [704, 2, 515, 389, 519, 648, 265, 778, 140, 397, 274, 558, 664, 606, 159, 676, 423, 38, 935, 941, 686, 559, 871, 960, 393, 314, 703, 64, 962, 836, 197, 375, 846, 719, 450, 466, 211, 342, 855, 36, 603, 348, 861, 94, 607, 736, 336, 740, 101, 975, 615, 488, 234, 235, 878, 751, 383, 630, 503, 249, 374, 997, 746, 767]
i =  79 [257, 901, 524, 785, 789, 665, 25, 943, 798, 517, 929, 930, 27, 805, 427, 812, 47, 49, 563, 438, 695, 58, 61, 710, 199, 204, 588, 482, 84, 221, 479, 608, 481, 98, 365, 502, 122, 123, 126]
i =  80 [704, 2, 515, 389, 648, 265, 778, 140, 397, 274, 558, 664, 606, 542, 159, 36, 38, 423, 615, 941, 686, 559, 935, 960, 393, 314, 64, 450, 836, 197, 503, 846, 719, 336, 466, 211, 342, 855, 676, 603, 348, 861, 94, 607, 736, 962, 740, 101, 975, 871, 488, 746, 235, 878, 751, 383, 630, 375, 249, 374, 997, 234, 767]
i =  81 [282, 982, 649, 782, 272, 401, 19, 154, 345, 920, 666, 155, 922, 800, 162, 291, 548, 551, 168, 300, 174, 50, 307, 949, 950, 953, 570, 223, 702, 65, 843, 792, 71, 730, 715, 78, 465, 210, 462, 214, 472, 857, 602, 858, 735, 96, 865, 610, 485, 81, 594, 238, 593, 915, 500, 656, 252, 509, 981]
i =  82 [773, 134, 135, 138, 907, 780, 909, 910, 195, 279, 408, 409, 283, 540, 797, 543, 33, 39, 412, 811, 561, 452, 179, 564, 394, 963, 68, 965, 329, 531, 850, 139, 853, 996, 95, 627, 994, 227, 868, 230, 486, 233, 747, 492, 624, 499, 884, 762, 819]
i =  83 [131, 516, 268, 911, 275, 239, 285, 677, 166, 810, 683, 940, 942, 562, 566, 188, 575, 460, 723, 212, 860, 477, 609, 611, 744, 879, 113, 882, 890, 381, 639]
i =  84 [512, 128, 388, 854, 647, 12, 141, 783, 657, 323, 916, 280, 281, 667, 29, 289, 803, 292, 424, 41, 45, 945, 306, 181, 951, 440, 442, 451, 968, 842, 203, 972, 464, 979, 597, 726, 164, 987, 220, 592, 763, 100, 231, 362, 877, 622, 368, 497, 547, 425, 505, 251, 637]
i =  85 [770, 387, 774, 400, 151, 538, 28, 794, 31, 32, 304, 37, 422, 92, 555, 944, 52, 565, 560, 948, 706, 835, 335, 208, 476, 478, 165, 864, 737, 226, 614, 875, 750, 115, 501, 250, 507]
i =  86 [898, 260, 727, 776, 523, 525, 143, 914, 958, 407, 303, 157, 670, 672, 545, 552, 298, 172, 429, 430, 815, 158, 311, 824, 313, 62, 191, 175, 11, 839, 587, 973, 206, 340, 469, 598, 471, 729, 995, 103, 366, 808, 755, 244, 190, 247, 504, 980, 938]
i =  87 [640, 513, 259, 341, 391, 392, 777, 650, 267, 396, 781, 526, 912, 529, 147, 149, 410, 924, 30, 287, 802, 167, 892, 682, 7, 685, 605, 432, 51, 698, 572, 959, 961, 834, 579, 454, 373, 328, 330, 334, 209, 851, 213, 361, 186, 357, 263, 784, 484, 613, 617, 490, 623, 385, 498, 903, 629, 759, 888, 508, 42, 382, 895]
i =  88 [897, 514, 5, 748, 642, 399, 18, 405, 150, 601, 152, 795, 925, 544, 290, 931, 326, 177, 680, 44, 46, 431, 817, 691, 675, 694, 183, 568, 955, 828, 701, 992, 182, 582, 586, 717, 591, 80, 612, 978, 163, 85, 218, 344, 473, 346, 349, 862, 863, 224, 720, 228, 742, 358, 104, 700, 618, 876, 749, 112, 360, 757, 120, 633, 102]
i =  89 [896, 644, 261, 262, 652, 237, 913, 787, 406, 22, 539, 284, 645, 859, 550, 295, 809, 554, 456, 692, 569, 443, 712, 446, 193, 194, 353, 200, 201, 459, 403, 205, 632, 721, 534, 856, 475, 988, 222, 991, 352, 97, 356, 887, 999, 489, 363, 109, 494, 111, 240, 369, 83, 254, 886, 937, 376, 889, 636, 894]
i =  90 [640, 385, 259, 903, 392, 777, 650, 267, 396, 781, 526, 912, 529, 508, 147, 149, 410, 924, 413, 30, 287, 802, 167, 42, 7, 685, 605, 432, 51, 513, 698, 572, 959, 961, 834, 579, 454, 373, 328, 330, 759, 334, 209, 851, 213, 186, 263, 784, 484, 613, 361, 490, 623, 498, 629, 617, 888, 892, 682, 382, 895]
i =  91 [136, 10, 23, 153, 799, 416, 420, 297, 428, 814, 435, 185, 829, 447, 837, 457, 458, 595, 732, 869, 359, 107, 621, 110, 881, 246, 760, 124]
i =  92 [64, 2, 515, 389, 648, 265, 778, 140, 397, 274, 558, 664, 159, 676, 38, 423, 615, 941, 686, 559, 433, 935, 960, 393, 314, 94, 704, 450, 836, 197, 503, 846, 719, 976, 466, 211, 342, 855, 984, 36, 603, 348, 861, 606, 607, 736, 336, 740, 101, 975, 871, 488, 746, 235, 878, 751, 383, 630, 375, 249, 374, 997, 767, 234, 962]
i =  93 [770, 387, 774, 400, 151, 538, 28, 794, 31, 32, 304, 165, 422, 92, 555, 560, 52, 565, 439, 948, 706, 835, 335, 944, 476, 478, 37, 864, 737, 226, 614, 875, 208, 750, 115, 250, 507]
i =  94 [896, 644, 645, 262, 652, 237, 913, 403, 534, 22, 539, 284, 261, 475, 550, 295, 809, 554, 302, 456, 692, 569, 443, 712, 446, 193, 194, 353, 200, 201, 459, 205, 632, 721, 83, 856, 859, 988, 222, 991, 352, 97, 356, 887, 999, 489, 363, 109, 494, 111, 240, 369, 787, 254, 886, 937, 376, 889, 636, 894]
i =  95 [320, 133, 775, 16, 17, 530, 404, 796, 671, 419, 426, 43, 305, 187, 63, 832, 449, 196, 583, 332, 461, 596, 699, 745, 893, 371, 119, 248, 377, 634, 765]
i =  96 [512, 128, 388, 854, 647, 763, 12, 141, 783, 657, 323, 916, 280, 281, 667, 29, 289, 803, 292, 424, 41, 45, 945, 306, 181, 951, 440, 442, 451, 968, 842, 203, 972, 464, 979, 597, 726, 164, 987, 220, 592, 355, 100, 231, 362, 877, 622, 368, 547, 425, 505, 251, 637]
i =  97 [641, 646, 684, 663, 793, 142, 271, 145, 658, 659, 535, 921, 668, 927, 160, 932, 70, 807, 556, 434, 816, 178, 820, 693, 9, 825, 315, 444, 957, 574, 651, 198, 455, 331, 590, 463, 470, 88, 217, 933, 571, 236, 495, 753, 370, 243, 118, 690, 761, 125, 766]
i =  98 [384, 768, 643, 900, 327, 6, 577, 137, 87, 402, 660, 934, 24, 541, 69, 928, 417, 674, 804, 421, 806, 171, 301, 175, 818, 180, 496, 905, 697, 60, 714, 830, 192, 833, 66, 971, 453, 966, 673, 74, 823, 76, 845, 589, 82, 339, 468, 215, 90, 219, 620, 989, 990, 390, 866, 867, 678, 870, 487, 379, 161, 939, 364, 880, 241, 114, 245, 343, 121, 448, 709, 127]
i =  99 [64, 2, 515, 389, 648, 393, 778, 140, 397, 274, 686, 235, 664, 26, 606, 159, 36, 293, 38, 935, 615, 941, 558, 559, 960, 265, 314, 704, 450, 836, 197, 503, 846, 719, 336, 466, 211, 342, 855, 676, 603, 348, 861, 94, 607, 736, 962, 740, 101, 975, 871, 232, 746, 423, 878, 751, 488, 383, 630, 375, 249, 374, 997, 234, 767]
i =  100 [93, 129, 546, 75, 324, 309, 467, 72, 553, 106, 299, 270, 733, 483, 372, 317, 580, 669, 638, 491]
i =  101 [384, 768, 643, 900, 390, 577, 137, 266, 215, 823, 402, 806, 276, 24, 541, 364, 453, 928, 673, 674, 804, 6, 678, 171, 301, 448, 818, 180, 496, 417, 905, 697, 60, 74, 830, 192, 833, 66, 69, 966, 161, 714, 971, 845, 589, 82, 339, 468, 87, 90, 219, 989, 990, 421, 939, 867, 934, 870, 487, 327, 620, 880, 241, 245, 343, 660, 121, 709, 127]
i =  102 [256, 769, 386, 899, 518, 705, 906, 653, 14, 527, 528, 788, 277, 278, 923, 414, 418, 347, 549, 296, 91, 310, 116, 445, 318, 321, 322, 581, 969, 333, 847, 731, 144, 739, 743, 872, 493, 616, 822, 756, 635, 510]
i =  103 [640, 513, 259, 263, 392, 777, 650, 267, 396, 781, 526, 784, 529, 147, 149, 410, 924, 30, 287, 802, 294, 167, 892, 42, 7, 685, 605, 432, 51, 698, 572, 959, 961, 834, 579, 454, 328, 330, 759, 334, 629, 209, 851, 213, 186, 361, 912, 484, 613, 617, 490, 623, 385, 498, 903, 373, 631, 888, 508, 682, 382, 895]
i =  104 [768, 384, 643, 900, 6, 577, 905, 87, 192, 678, 823, 402, 660, 24, 541, 364, 69, 928, 161, 674, 804, 421, 934, 169, 171, 301, 302, 818, 180, 137, 697, 60, 74, 830, 448, 833, 66, 453, 966, 417, 714, 971, 589, 845, 82, 339, 468, 215, 90, 219, 880, 989, 990, 390, 939, 867, 806, 870, 487, 327, 620, 496, 241, 245, 343, 673, 121, 709, 127]
i =  105 [773, 134, 135, 138, 907, 780, 909, 910, 499, 531, 279, 408, 409, 283, 540, 797, 543, 33, 34, 39, 412, 170, 811, 452, 179, 564, 394, 963, 68, 965, 329, 850, 139, 853, 996, 95, 994, 227, 868, 230, 486, 233, 747, 492, 624, 627, 884, 762, 819, 195]
i =  106 [128, 512, 388, 726, 647, 12, 141, 783, 657, 323, 916, 280, 281, 667, 29, 289, 803, 292, 424, 425, 45, 945, 306, 181, 951, 440, 442, 451, 968, 842, 203, 972, 592, 173, 547, 597, 854, 164, 987, 220, 464, 763, 100, 231, 362, 877, 622, 368, 979, 41, 505, 251, 637]
i =  107 [641, 646, 9, 651, 793, 142, 271, 145, 658, 659, 535, 921, 668, 927, 160, 932, 198, 807, 684, 690, 816, 434, 820, 693, 825, 571, 444, 189, 574, 556, 70, 455, 957, 331, 663, 590, 463, 470, 88, 217, 933, 315, 178, 236, 495, 753, 243, 118, 761, 125, 766]
i =  108 [136, 10, 23, 153, 799, 420, 297, 428, 814, 435, 73, 185, 829, 447, 837, 457, 458, 595, 732, 869, 359, 107, 621, 110, 881, 246, 760, 124]
i =  109 [136, 10, 23, 153, 799, 420, 297, 428, 814, 435, 185, 829, 447, 837, 457, 458, 595, 732, 869, 359, 107, 621, 110, 881, 117, 246, 760, 124]
finish get all communities
complete deal_communities
commplete get_all_nature_community
----------------------------------The detection result is: 

all communities: 
i =  1 : [25, 27, 47, 49, 58, 61, 84, 98, 122, 123, 126, 199, 204, 221, 257, 365, 427, 438, 479, 481, 482, 502, 517, 524, 563, 588, 608, 665, 695, 710, 785, 789, 798, 805, 812, 901, 929, 930, 943]
i =  2 : [16, 17, 43, 63, 119, 133, 187, 196, 248, 305, 320, 332, 371, 377, 404, 419, 426, 449, 461, 530, 583, 596, 634, 671, 699, 745, 765, 775, 796, 832, 893]
i =  3 : [72, 75, 93, 106, 129, 270, 299, 309, 317, 324, 372, 467, 483, 491, 546, 553, 580, 638, 669, 733]
i =  4 : [1, 4, 15, 20, 31, 48, 55, 56, 59, 79, 86, 89, 105, 176, 225, 255, 258, 264, 319, 337, 354, 378, 522, 536, 557, 573, 578, 599, 619, 654, 661, 718, 722, 724, 752, 764, 771, 772, 801, 813, 826, 831, 891, 904, 919, 926, 946, 947, 967, 983, 985, 1000]
i =  5 : [14, 91, 116, 144, 256, 277, 278, 296, 310, 318, 321, 322, 333, 347, 386, 414, 418, 445, 493, 510, 518, 527, 528, 549, 581, 616, 635, 653, 705, 731, 739, 743, 756, 769, 788, 822, 847, 872, 885, 899, 906, 923, 969]
i =  6 : [19, 50, 65, 71, 78, 81, 96, 154, 155, 162, 168, 174, 210, 214, 223, 238, 252, 272, 282, 291, 300, 307, 345, 401, 462, 465, 472, 485, 500, 509, 548, 551, 570, 593, 594, 602, 610, 649, 656, 666, 702, 715, 730, 735, 782, 792, 800, 843, 857, 858, 865, 873, 915, 920, 922, 949, 950, 953, 981, 982]
i =  7 : [113, 131, 166, 188, 212, 239, 268, 275, 285, 381, 460, 477, 516, 562, 566, 575, 609, 611, 639, 677, 683, 723, 744, 758, 810, 860, 879, 882, 890, 911, 940, 942]
i =  8 : [28, 31, 32, 37, 52, 92, 115, 151, 165, 208, 226, 250, 304, 335, 387, 400, 422, 439, 476, 478, 501, 507, 538, 555, 560, 565, 614, 706, 737, 750, 770, 774, 794, 835, 864, 875, 944, 948]
i =  9 : [9, 70, 88, 118, 125, 142, 145, 156, 160, 178, 189, 198, 217, 236, 243, 271, 315, 331, 370, 434, 444, 455, 463, 470, 495, 535, 556, 571, 574, 590, 641, 646, 651, 658, 659, 663, 668, 684, 690, 693, 728, 753, 761, 766, 793, 807, 816, 820, 825, 921, 927, 932, 933, 957]
i =  10 : [5, 18, 44, 46, 80, 85, 102, 104, 112, 120, 150, 152, 163, 177, 182, 183, 207, 218, 224, 228, 290, 326, 344, 346, 349, 358, 360, 399, 405, 415, 431, 473, 514, 521, 544, 567, 568, 582, 586, 591, 601, 612, 618, 633, 642, 675, 680, 691, 694, 700, 701, 717, 720, 742, 748, 749, 757, 791, 795, 817, 828, 862, 863, 876, 897, 908, 925, 931, 955, 974, 978, 992]
i =  11 : [33, 34, 39, 68, 95, 134, 135, 138, 139, 170, 179, 195, 227, 230, 233, 279, 283, 329, 394, 408, 409, 412, 452, 486, 492, 499, 531, 540, 543, 561, 564, 624, 625, 627, 655, 747, 762, 773, 780, 797, 811, 819, 850, 853, 868, 884, 907, 909, 910, 963, 965, 994, 996]
i =  12 : [10, 23, 73, 107, 110, 117, 124, 136, 153, 185, 246, 297, 359, 416, 420, 428, 435, 447, 457, 458, 595, 604, 621, 732, 760, 799, 814, 829, 837, 869, 881]
i =  13 : [3, 8, 21, 26, 35, 40, 53, 57, 76, 77, 99, 114, 130, 132, 146, 184, 202, 216, 229, 269, 273, 286, 308, 312, 316, 325, 338, 350, 367, 380, 395, 398, 411, 436, 437, 441, 474, 480, 506, 520, 532, 533, 576, 584, 600, 626, 628, 662, 681, 688, 703, 707, 711, 713, 716, 725, 734, 738, 741, 754, 786, 821, 838, 840, 841, 844, 848, 849, 866, 874, 883, 902, 917, 918, 936, 964, 970, 976, 977, 998]
i =  14 : [2, 26, 36, 38, 64, 94, 101, 140, 159, 197, 211, 232, 234, 235, 249, 253, 265, 274, 293, 314, 336, 342, 348, 374, 375, 383, 389, 393, 397, 423, 433, 450, 466, 488, 503, 515, 519, 542, 558, 559, 603, 606, 607, 615, 630, 648, 664, 676, 686, 687, 703, 704, 719, 736, 740, 746, 751, 767, 778, 836, 846, 855, 861, 871, 878, 935, 941, 960, 962, 975, 976, 984, 997]
i =  15 : [13, 22, 67, 83, 97, 109, 111, 193, 194, 200, 201, 205, 222, 237, 240, 242, 254, 261, 262, 284, 295, 302, 351, 352, 353, 356, 363, 369, 376, 403, 406, 443, 446, 456, 459, 475, 489, 494, 511, 534, 539, 550, 554, 569, 632, 636, 644, 645, 652, 692, 712, 721, 787, 809, 827, 852, 856, 859, 886, 887, 889, 894, 896, 913, 937, 988, 991, 993, 999]
i =  16 : [6, 24, 54, 60, 66, 69, 74, 76, 82, 87, 90, 114, 121, 127, 137, 161, 169, 171, 175, 180, 192, 215, 219, 241, 245, 266, 276, 288, 301, 302, 327, 339, 343, 364, 379, 384, 390, 402, 417, 421, 448, 453, 468, 487, 496, 541, 577, 589, 620, 643, 660, 673, 674, 678, 697, 708, 709, 714, 768, 804, 806, 818, 823, 830, 833, 845, 866, 867, 870, 880, 900, 905, 928, 934, 939, 942, 956, 966, 971, 989, 990]
i =  17 : [7, 30, 42, 51, 147, 149, 167, 186, 209, 213, 259, 263, 267, 287, 294, 328, 330, 334, 341, 357, 361, 373, 382, 385, 391, 392, 396, 410, 413, 432, 454, 484, 490, 498, 508, 513, 526, 529, 537, 572, 579, 605, 613, 617, 623, 629, 631, 640, 650, 682, 685, 698, 759, 777, 779, 781, 784, 790, 802, 834, 851, 888, 892, 895, 903, 912, 924, 959, 961]
i =  18 : [11, 62, 103, 108, 143, 157, 158, 172, 175, 190, 191, 206, 244, 247, 260, 298, 303, 311, 313, 340, 366, 407, 429, 430, 469, 471, 504, 523, 525, 545, 552, 585, 587, 598, 612, 670, 672, 679, 689, 727, 729, 755, 776, 808, 815, 824, 839, 898, 914, 938, 954, 958, 973, 980, 986, 995]
i =  19 : [12, 29, 41, 45, 100, 108, 114, 120, 128, 141, 148, 164, 173, 181, 203, 220, 231, 251, 280, 281, 289, 292, 306, 323, 355, 362, 368, 388, 424, 425, 440, 442, 451, 464, 497, 505, 512, 547, 586, 592, 597, 622, 637, 642, 647, 657, 667, 696, 726, 763, 783, 803, 842, 854, 877, 916, 945, 951, 952, 968, 972, 979, 987]
overlapping nodes are:  [26, 31, 76, 108, 114, 120, 175, 302, 586, 612, 642, 703, 866, 942, 976] 
 NOO is:  15
total time is:  251.371846914
