lens of ground_truth:  30
ground_truth is: [[83, 85, 110, 172, 232, 264, 265, 287, 318, 350, 462, 463, 513, 525, 533, 560, 572, 602, 619, 627, 639, 656, 676, 701, 707, 724, 820, 833, 888], [43, 46, 230, 295, 308, 312, 322, 379, 406, 415, 417, 445, 479, 486, 532, 570, 640, 663, 686, 699, 721, 965], [12, 29, 47, 49, 57, 62, 82, 91, 95, 98, 99, 108, 126, 167, 173, 184, 317, 328, 334, 340, 365, 366, 375, 380, 412, 413, 426, 430, 432, 458, 482, 489, 510, 514, 515, 521, 574, 575, 586, 601, 638, 641, 668, 674, 705, 767, 768, 770, 828, 844, 853, 855, 858, 874, 900, 901, 904, 907, 914, 916, 923, 946, 978, 979, 981, 999], [7, 18, 40, 57, 66, 69, 78, 86, 100, 109, 117, 121, 128, 147, 185, 198, 211, 218, 224, 226, 231, 244, 258, 282, 286, 290, 315, 319, 321, 330, 339, 341, 355, 380, 381, 385, 388, 392, 441, 467, 489, 493, 522, 526, 543, 556, 589, 591, 608, 613, 642, 670, 671, 676, 702, 716, 718, 741, 744, 755, 796, 810, 812, 831, 847, 865, 869, 900, 906, 918, 921, 924, 928, 929, 939, 942, 950, 957, 960, 967, 972, 987, 989, 991, 994], [93, 94, 105, 120, 135, 142, 144, 239, 241, 246, 300, 302, 426, 485, 511, 536, 546, 573, 588, 593, 635, 661, 672, 678, 722, 736, 816, 842, 854, 879, 982], [8, 22, 64, 80, 175, 243, 248, 295, 304, 345, 370, 383, 404, 408, 423, 449, 469, 476, 483, 516, 524, 569, 594, 598, 611, 646, 661, 679, 744, 748, 811, 884, 887, 909, 932, 937, 990], [10, 33, 106, 118, 125, 127, 170, 219, 228, 233, 291, 309, 346, 349, 370, 374, 401, 414, 439, 457, 517, 545, 680, 718, 753, 762, 770, 776, 787, 793, 798, 805, 806, 821, 825, 828, 867, 868, 880, 886, 887, 899, 926, 935, 952, 956, 988], [13, 21, 26, 37, 42, 87, 133, 190, 195, 199, 247, 255, 263, 268, 273, 283, 356, 388, 421, 438, 453, 459, 474, 476, 509, 519, 535, 554, 578, 600, 603, 606, 675, 689, 698, 765, 808, 826, 829, 859, 862, 877, 897, 903, 908, 911, 916, 951, 953, 970, 975, 977, 992], [28, 53, 115, 119, 134, 137, 158, 159, 202, 222, 252, 272, 276, 287, 303, 316, 333, 343, 371, 454, 462, 466, 482, 490, 491, 500, 502, 523, 582, 595, 621, 632, 664, 670, 737, 766, 772, 782, 783, 785, 808, 848, 852, 864, 870, 872, 883, 893, 922, 959, 963, 969, 983, 986, 998], [9, 17, 24, 35, 44, 56, 62, 69, 157, 234, 252, 255, 269, 288, 347, 363, 375, 398, 429, 509, 519, 557, 612, 624, 653, 657, 665, 666, 695, 713, 745, 761, 764, 767, 783, 784, 827, 841, 851, 863, 889, 891, 893, 896, 898, 905, 907, 917, 929, 964, 990, 996, 999], [34, 36, 73, 74, 84, 96, 166, 192, 248, 249, 300, 310, 314, 452, 496, 571, 599, 607, 659, 711, 717, 733, 931], [39, 59, 200, 206, 231, 261, 279, 294, 367, 395, 433, 537, 538, 540, 626, 649, 704, 729, 730, 757, 758, 759, 775, 813, 919, 963], [50, 107, 117, 140, 152, 187, 275, 297, 299, 357, 411, 456, 481, 501, 536, 547, 549, 550, 558, 563, 587, 620, 662, 719, 801, 823, 832, 886, 901], [60, 76, 92, 129, 131, 154, 194, 240, 266, 291, 357, 399, 402, 424, 428, 480, 568, 645, 653, 691, 722, 740, 746, 760, 792, 873], [4, 6, 21, 90, 92, 97, 139, 175, 203, 204, 292, 368, 387, 410, 459, 530, 534, 541, 542, 551, 658, 687, 692, 693, 700, 728, 778, 797, 845, 866, 882, 933], [11, 54, 77, 136, 153, 165, 171, 179, 237, 257, 284, 289, 323, 325, 431, 495, 497, 512, 651, 726, 860], [16, 41, 67, 132, 159, 178, 181, 215, 216, 223, 251, 373, 376, 400, 406, 520, 531, 561, 564, 634, 688, 769, 815, 839, 917, 921, 968, 979, 994], [65, 208, 214, 235, 245, 262, 275, 278, 361, 420, 424, 436, 444, 465, 475, 495, 498, 506, 547, 630, 650, 655, 682, 735, 803, 830, 836, 863, 930, 933, 980, 993], [23, 38, 52, 71, 79, 150, 162, 183, 238, 293, 301, 313, 327, 332, 348, 378, 405, 435, 437, 442, 450, 576, 583, 604, 646, 647, 674, 728, 754, 802, 881, 908, 925], [3, 15, 102, 113, 124, 168, 174, 176, 189, 205, 213, 267, 271, 306, 310, 311, 360, 367, 372, 389, 451, 455, 468, 528, 579, 601, 605, 628, 643, 654, 673, 690, 697, 703, 715, 725, 727, 739, 745, 753, 794, 817, 849, 873, 876, 878, 892, 912, 915, 938, 943, 945, 955, 966, 982, 989, 1000], [27, 45, 78, 138, 145, 229, 250, 342, 344, 345, 359, 439, 484, 498, 552, 580, 581, 616, 683, 714, 732, 734, 750, 771, 800, 814, 835, 972], [17, 66, 163, 173, 190, 208, 241, 242, 260, 281, 354, 382, 427, 448, 487, 667, 694, 699, 837, 860], [25, 31, 44, 89, 112, 114, 151, 168, 277, 335, 351, 352, 363, 377, 390, 447, 504, 553, 566, 579, 615, 636, 669, 720, 740, 777, 779, 809, 812, 818, 834, 857, 875, 881, 983, 998], [19, 111, 146, 155, 180, 186, 209, 220, 225, 270, 369, 398, 416, 446, 492, 527, 585, 614, 625, 677, 853], [58, 88, 188, 191, 196, 212, 256, 296, 305, 386, 393, 396, 425, 461, 508, 542, 548, 565, 642, 709, 742, 747, 756, 774, 799, 830], [20, 51, 61, 75, 136, 141, 210, 217, 269, 274, 298, 307, 338, 358, 443, 470, 573, 590, 609, 660, 684, 749, 752, 788, 804, 891], [2, 6, 68, 99, 104, 126, 143, 161, 180, 197, 253, 311, 324, 326, 385, 422, 494, 555, 577, 617, 618, 652, 686, 780, 786, 789, 791, 822, 837, 850, 924, 927, 931, 936, 940, 968, 976, 986], [1, 16, 37, 70, 72, 101, 116, 123, 130, 148, 149, 164, 169, 201, 212, 242, 259, 280, 285, 307, 316, 337, 365, 377, 384, 391, 397, 403, 419, 432, 460, 464, 472, 481, 512, 518, 532, 539, 562, 584, 592, 612, 629, 637, 644, 648, 708, 710, 723, 730, 732, 738, 743, 751, 754, 781, 789, 795, 802, 807, 819, 838, 843, 846, 861, 869, 871, 880, 888, 890, 902, 906, 910, 918, 920, 923, 930, 944, 954, 962, 980, 981, 997], [3, 30, 35, 48, 73, 97, 103, 115, 156, 182, 207, 211, 221, 236, 254, 273, 288, 331, 360, 362, 368, 384, 409, 418, 431, 434, 440, 471, 503, 505, 530, 541, 544, 559, 569, 583, 596, 622, 628, 633, 654, 696, 706, 710, 712, 731, 739, 741, 763, 815, 824, 840, 841, 857, 866, 894, 925, 937, 941, 947, 948, 949, 958, 961, 974, 984, 985, 993, 995, 1000], [5, 11, 12, 14, 32, 55, 63, 81, 93, 122, 149, 160, 177, 193, 201, 227, 271, 320, 329, 335, 336, 353, 364, 371, 393, 394, 407, 434, 473, 477, 478, 488, 493, 499, 505, 507, 529, 538, 567, 597, 610, 618, 623, 631, 636, 668, 669, 681, 685, 693, 726, 758, 773, 790, 856, 885, 895, 913, 919, 928, 934, 962, 965, 971, 973, 976]]
nodes: [492, 618, 642, 718, 736, 745, 754, 756, 796, 819, 829, 832, 833, 855, 856, 860, 864, 869, 873, 880, 882, 887, 891, 892, 920, 925, 931, 937, 962, 963, 965, 970, 972, 976, 981, 982, 993, 994, 998, 999] num of nodes:  40
[[155, 677, 585, 186, 225, 853, 492], [618, 927, 936, 780, 940, 822, 837], [188, 747, 799, 642, 709, 774], [517, 868, 988, 825, 718, 798, 776, 952], [120, 672, 546, 854, 842, 816, 588, 879, 736], [745, 898, 964, 896, 996, 784, 905, 929], [301, 435, 378, 754, 442], [188, 747, 799, 742, 461, 756, 565, 774], [796, 987, 960, 865, 957, 950], [997, 954, 890, 592, 819, 843], [606, 975, 992, 829, 953, 698, 862, 826], [140, 832, 801, 823, 550, 620, 563, 719], [265, 833, 701, 707, 602, 619, 820, 639], [641, 978, 844, 874, 705, 674, 855], [407, 773, 934, 928, 856, 973], [260, 448, 487, 427, 694, 281, 667, 860, 837], [119, 922, 969, 864, 737, 772, 852], [7, 991, 869, 939, 950], [643, 938, 943, 878, 912, 945, 873, 966], [776, 952, 805, 899, 867, 880, 787], [139, 778, 692, 882, 845, 658, 797, 387, 687], [776, 952, 805, 899, 988, 868, 956, 825, 887], [51, 609, 804, 684, 749, 752, 788, 891, 660, 590], [673, 912, 878, 945, 892, 938, 966, 697, 876, 943], [997, 910, 920, 838, 751, 743], [418, 958, 961, 984, 995, 947, 925], [166, 931, 711, 717, 659, 571, 249, 452, 733], [706, 894, 995, 947, 985, 712, 824, 937, 974], [477, 681, 971, 913, 962], [294, 704, 649, 813, 626, 757, 537, 540, 759, 963], [312, 965, 721, 570, 322, 417, 486, 686], [554, 897, 975, 992, 977, 970, 826, 862, 698], [342, 800, 771, 835, 616, 814, 714, 344, 972, 750], [324, 936, 940, 850, 791, 927, 617, 924, 780, 976], [510, 904, 978, 844, 641, 946, 981], [120, 672, 546, 854, 842, 816, 588, 879, 982], [235, 993, 930, 836, 980, 735, 444], [376, 839, 564, 994, 688, 917, 769, 561], [31, 834, 998, 875, 504, 983, 809, 818], [695, 896, 898, 964, 996, 905, 784, 827, 999]]
len of cliques:  40
length of seeds:  40
seeds:  [[51, 609, 804, 684, 749, 752, 788, 891, 660, 590], [673, 912, 878, 945, 892, 938, 966, 697, 876, 943], [294, 704, 649, 813, 626, 757, 537, 540, 759, 963], [342, 800, 771, 835, 616, 814, 714, 344, 972, 750], [324, 936, 940, 850, 791, 927, 617, 924, 780, 976], [120, 672, 546, 854, 842, 816, 588, 879, 736], [260, 448, 487, 427, 694, 281, 667, 860, 837], [139, 778, 692, 882, 845, 658, 797, 387, 687], [776, 952, 805, 899, 988, 868, 956, 825, 887], [166, 931, 711, 717, 659, 571, 249, 452, 733], [706, 894, 995, 947, 985, 712, 824, 937, 974], [554, 897, 975, 992, 977, 970, 826, 862, 698], [120, 672, 546, 854, 842, 816, 588, 879, 982], [695, 896, 898, 964, 996, 905, 784, 827, 999], [517, 868, 988, 825, 718, 798, 776, 952], [745, 898, 964, 896, 996, 784, 905, 929], [188, 747, 799, 742, 461, 756, 565, 774], [606, 975, 992, 829, 953, 698, 862, 826], [140, 832, 801, 823, 550, 620, 563, 719], [265, 833, 701, 707, 602, 619, 820, 639], [643, 938, 943, 878, 912, 945, 873, 966], [312, 965, 721, 570, 322, 417, 486, 686], [376, 839, 564, 994, 688, 917, 769, 561], [31, 834, 998, 875, 504, 983, 809, 818], [155, 677, 585, 186, 225, 853, 492], [618, 927, 936, 780, 940, 822, 837], [641, 978, 844, 874, 705, 674, 855], [119, 922, 969, 864, 737, 772, 852], [776, 952, 805, 899, 867, 880, 787], [418, 958, 961, 984, 995, 947, 925], [510, 904, 978, 844, 641, 946, 981], [235, 993, 930, 836, 980, 735, 444], [188, 747, 799, 642, 709, 774], [796, 987, 960, 865, 957, 950], [997, 954, 890, 592, 819, 843], [407, 773, 934, 928, 856, 973], [997, 910, 920, 838, 751, 743], [301, 435, 378, 754, 442], [7, 991, 869, 939, 950], [477, 681, 971, 913, 962]]
seeds_fitness [0.27439024390243905, 0.1541095890410959, 0.23136246786632392, 0.24725274725274726, 0.15985790408525755, 0.2465753424657534, 0.23841059602649006, 0.2656826568265683, 0.1234991423670669, 0.23684210526315788, 0.09350649350649351, 0.1276595744680851, 0.17061611374407584, 0.11428571428571428, 0.10810810810810811, 0.09210526315789473, 0.24561403508771928, 0.1038961038961039, 0.22857142857142856, 0.21875, 0.0852359208523592, 0.18241042345276873, 0.1206896551724138, 0.09929078014184398, 0.19811320754716982, 0.0945945945945946, 0.07581227436823104, 0.0860655737704918, 0.0825147347740668, 0.05890603085553997, 0.06645569620253164, 0.07204116638078903, 0.12931034482758622, 0.04297994269340974, 0.04559270516717325, 0.0544464609800363, 0.04643962848297214, 0.10638297872340426, 0.032520325203252036, 0.04]
after sort list of tuple: [(0, 0.27439024390243905), (7, 0.2656826568265683), (3, 0.24725274725274726), (5, 0.2465753424657534), (16, 0.24561403508771928), (6, 0.23841059602649006), (9, 0.23684210526315788), (2, 0.23136246786632392), (18, 0.22857142857142856), (19, 0.21875), (24, 0.19811320754716982), (21, 0.18241042345276873), (12, 0.17061611374407584), (4, 0.15985790408525755), (1, 0.1541095890410959), (32, 0.12931034482758622), (11, 0.1276595744680851), (8, 0.1234991423670669), (22, 0.1206896551724138), (13, 0.11428571428571428), (14, 0.10810810810810811), (37, 0.10638297872340426), (17, 0.1038961038961039), (23, 0.09929078014184398), (25, 0.0945945945945946), (10, 0.09350649350649351), (15, 0.09210526315789473), (27, 0.0860655737704918), (20, 0.0852359208523592), (28, 0.0825147347740668), (26, 0.07581227436823104), (31, 0.07204116638078903), (30, 0.06645569620253164), (29, 0.05890603085553997), (35, 0.0544464609800363), (36, 0.04643962848297214), (34, 0.04559270516717325), (33, 0.04297994269340974), (39, 0.04), (38, 0.032520325203252036)]
seeds_sorted [[51, 609, 804, 684, 749, 752, 788, 891, 660, 590], [139, 778, 692, 882, 845, 658, 797, 387, 687], [342, 800, 771, 835, 616, 814, 714, 344, 972, 750], [120, 672, 546, 854, 842, 816, 588, 879, 736], [188, 747, 799, 742, 461, 756, 565, 774], [260, 448, 487, 427, 694, 281, 667, 860, 837], [166, 931, 711, 717, 659, 571, 249, 452, 733], [294, 704, 649, 813, 626, 757, 537, 540, 759, 963], [140, 832, 801, 823, 550, 620, 563, 719], [265, 833, 701, 707, 602, 619, 820, 639], [155, 677, 585, 186, 225, 853, 492], [312, 965, 721, 570, 322, 417, 486, 686], [120, 672, 546, 854, 842, 816, 588, 879, 982], [324, 936, 940, 850, 791, 927, 617, 924, 780, 976], [673, 912, 878, 945, 892, 938, 966, 697, 876, 943], [188, 747, 799, 642, 709, 774], [554, 897, 975, 992, 977, 970, 826, 862, 698], [776, 952, 805, 899, 988, 868, 956, 825, 887], [376, 839, 564, 994, 688, 917, 769, 561], [695, 896, 898, 964, 996, 905, 784, 827, 999], [517, 868, 988, 825, 718, 798, 776, 952], [301, 435, 378, 754, 442], [606, 975, 992, 829, 953, 698, 862, 826], [31, 834, 998, 875, 504, 983, 809, 818], [618, 927, 936, 780, 940, 822, 837], [706, 894, 995, 947, 985, 712, 824, 937, 974], [745, 898, 964, 896, 996, 784, 905, 929], [119, 922, 969, 864, 737, 772, 852], [643, 938, 943, 878, 912, 945, 873, 966], [776, 952, 805, 899, 867, 880, 787], [641, 978, 844, 874, 705, 674, 855], [235, 993, 930, 836, 980, 735, 444], [510, 904, 978, 844, 641, 946, 981], [418, 958, 961, 984, 995, 947, 925], [407, 773, 934, 928, 856, 973], [997, 910, 920, 838, 751, 743], [997, 954, 890, 592, 819, 843], [796, 987, 960, 865, 957, 950], [477, 681, 971, 913, 962], [7, 991, 869, 939, 950]]
args__________ ([[51, 609, 804, 684, 749, 752, 788, 891, 660, 590], [7, 991, 869, 939, 950]],)
args__________ ([[139, 778, 692, 882, 845, 658, 797, 387, 687], [477, 681, 971, 913, 962]],)
args__________ ([[342, 800, 771, 835, 616, 814, 714, 344, 972, 750], [796, 987, 960, 865, 957, 950]],)
args__________ ([[120, 672, 546, 854, 842, 816, 588, 879, 736], [997, 954, 890, 592, 819, 843]],)
args__________ ([[188, 747, 799, 742, 461, 756, 565, 774], [997, 910, 920, 838, 751, 743]],)
args__________ ([[260, 448, 487, 427, 694, 281, 667, 860, 837], [407, 773, 934, 928, 856, 973]],)
args__________ ([[166, 931, 711, 717, 659, 571, 249, 452, 733], [418, 958, 961, 984, 995, 947, 925]],)
args__________ ([[294, 704, 649, 813, 626, 757, 537, 540, 759, 963], [510, 904, 978, 844, 641, 946, 981]],)
args__________ ([[140, 832, 801, 823, 550, 620, 563, 719]],)
args__________ ([[265, 833, 701, 707, 602, 619, 820, 639]],)
args__________ ([[155, 677, 585, 186, 225, 853, 492]],)
args__________ ([[312, 965, 721, 570, 322, 417, 486, 686]],)
args__________ ([[120, 672, 546, 854, 842, 816, 588, 879, 982]],)
args__________ ([[324, 936, 940, 850, 791, 927, 617, 924, 780, 976]],)
args__________ ([[673, 912, 878, 945, 892, 938, 966, 697, 876, 943]],)
args__________ ([[188, 747, 799, 642, 709, 774]],)
args__________ ([[554, 897, 975, 992, 977, 970, 826, 862, 698]],)
args__________ ([[776, 952, 805, 899, 988, 868, 956, 825, 887]],)
args__________ ([[376, 839, 564, 994, 688, 917, 769, 561]],)
args__________ ([[695, 896, 898, 964, 996, 905, 784, 827, 999]],)
args__________ ([[517, 868, 988, 825, 718, 798, 776, 952]],)
args__________ ([[301, 435, 378, 754, 442]],)
args__________ ([[606, 975, 992, 829, 953, 698, 862, 826]],)
args__________ ([[31, 834, 998, 875, 504, 983, 809, 818]],)
args__________ ([[618, 927, 936, 780, 940, 822, 837]],)
args__________ ([[706, 894, 995, 947, 985, 712, 824, 937, 974]],)
args__________ ([[745, 898, 964, 896, 996, 784, 905, 929]],)
args__________ ([[119, 922, 969, 864, 737, 772, 852]],)
args__________ ([[643, 938, 943, 878, 912, 945, 873, 966]],)
args__________ ([[776, 952, 805, 899, 867, 880, 787]],)
args__________ ([[641, 978, 844, 874, 705, 674, 855]],)
args__________ ([[235, 993, 930, 836, 980, 735, 444]],)
finish process___________________
seed_node 1000
seed_community:  [643, 389, 267, 15, 912, 915, 794, 673, 817, 938, 306, 174, 943, 176, 945, 690, 697, 955, 189, 703, 451, 966, 455, 715, 205, 849, 468, 725, 727, 605, 528, 102, 1000, 892, 876, 878, 113, 372, 124, 213]
seed_node 989
seed_community:  [643, 389, 267, 15, 912, 915, 794, 673, 945, 938, 690, 174, 943, 176, 817, 306, 697, 955, 189, 703, 451, 966, 455, 715, 205, 849, 468, 213, 727, 989, 528, 102, 892, 876, 878, 113, 372, 124, 605, 725]
seed_node 990
seed_community:  [896, 898, 9, 269, 429, 784, 657, 24, 665, 666, 157, 288, 35, 557, 905, 695, 56, 827, 62, 964, 713, 851, 761, 347, 990, 996, 17, 234, 624, 889, 764]
seed_node 986
seed_community:  [2, 652, 143, 786, 791, 68, 927, 161, 422, 936, 555, 940, 822, 577, 324, 197, 326, 780, 976, 850, 986, 104, 617, 494, 253]
seed_node 979
seed_community:  [769, 132, 520, 400, 531, 917, 921, 41, 815, 688, 561, 178, 564, 181, 67, 839, 979, 215, 216, 223, 994, 373, 376, 634, 251]
seed_node 968
seed_community:  [2, 652, 143, 786, 791, 324, 927, 161, 422, 936, 555, 940, 822, 577, 68, 197, 326, 968, 780, 850, 215, 104, 617, 494, 253]
seed_node 932
seed_community:  [516, 8, 524, 909, 404, 22, 408, 932, 679, 811, 304, 64, 449, 80, 594, 611, 469, 598, 483, 423, 748, 243, 884, 383]
seed_node 933
seed_community:  [387, 4, 6, 778, 139, 658, 534, 410, 797, 292, 933, 551, 687, 692, 693, 700, 203, 204, 845, 90, 866, 882]
seed_node 919
seed_community:  [704, 963, 537, 261, 294, 775, 200, 649, 395, 813, 206, 759, 433, 626, 919, 757, 279, 729, 59, 540, 39]
seed_node 923
seed_community:  [768, 641, 514, 515, 904, 521, 914, 923, 412, 29, 167, 426, 430, 47, 49, 946, 184, 57, 458, 574, 575, 978, 705, 328, 586, 844, 334, 82, 340, 855, 858, 91, 95, 98, 874, 108, 365, 366, 317, 510, 413, 638]
seed_node 916
seed_community:  [897, 554, 133, 903, 268, 13, 911, 916, 21, 535, 26, 283, 675, 421, 42, 263, 689, 606, 438, 951, 953, 698, 829, 578, 195, 453, 199, 970, 975, 977, 87, 600, 474, 603, 826, 862, 992, 356, 877, 859, 247, 765]
seed_node 918
seed_community:  [128, 258, 7, 392, 522, 224, 526, 18, 147, 918, 282, 796, 286, 543, 290, 40, 810, 939, 556, 942, 950, 339, 57, 671, 957, 702, 319, 960, 321, 66, 198, 967, 330, 716, 589, 78, 591, 467, 341, 86, 185, 218, 987, 991, 315, 441, 608, 865, 226, 355, 100, 613, 231, 847, 109, 755, 244, 121, 831, 381]
seed_node 906
seed_community:  [128, 258, 7, 392, 906, 526, 18, 147, 282, 796, 286, 671, 290, 40, 810, 939, 556, 942, 950, 185, 543, 522, 702, 319, 960, 321, 198, 967, 330, 716, 589, 467, 591, 211, 341, 86, 441, 355, 608, 218, 987, 991, 339, 224, 865, 226, 315, 100, 613, 847, 109, 957, 755, 244, 121, 831, 381]
seed_node 908
seed_community:  [897, 133, 903, 268, 13, 911, 535, 26, 283, 675, 421, 554, 263, 689, 862, 438, 951, 953, 826, 829, 578, 195, 453, 199, 908, 970, 603, 975, 977, 87, 600, 474, 859, 698, 606, 37, 992, 356, 877, 765, 247, 42]
seed_node 900
seed_community:  [128, 258, 900, 7, 392, 522, 526, 18, 147, 282, 796, 286, 671, 290, 40, 810, 939, 556, 942, 755, 950, 441, 543, 957, 702, 319, 960, 321, 198, 967, 330, 716, 589, 591, 467, 341, 86, 185, 355, 608, 218, 987, 991, 224, 865, 226, 315, 100, 613, 847, 109, 339, 244, 121, 831, 381]
seed_node 901
seed_community:  [901, 140, 275, 662, 152, 411, 801, 549, 550, 297, 299, 558, 50, 563, 823, 187, 832, 456, 587, 719, 107, 620, 501]
seed_node 886
seed_community:  [899, 517, 776, 10, 401, 787, 414, 793, 798, 545, 805, 806, 935, 680, 170, 821, 952, 825, 956, 926, 309, 33, 457, 118, 228, 346, 219, 988, 349, 867, 868, 374, 233, 106, 886, 762, 125, 127]
seed_node 888
seed_community:  [513, 264, 265, 525, 656, 533, 172, 560, 820, 572, 701, 318, 833, 707, 463, 83, 724, 85, 602, 350, 232, 619, 110, 627, 888, 639]
seed_node 893
seed_community:  [772, 134, 137, 523, 782, 272, 785, 276, 664, 922, 28, 158, 582, 303, 53, 959, 454, 969, 202, 333, 848, 466, 595, 852, 343, 222, 864, 737, 870, 872, 490, 491, 621, 883, 500, 502, 119, 632, 893, 766]
seed_node 881
seed_community:  [390, 777, 779, 277, 857, 25, 31, 553, 818, 566, 151, 447, 834, 720, 89, 351, 352, 615, 875, 112, 881, 114, 809, 504]
seed_node 863
seed_community:  [896, 898, 9, 429, 784, 657, 24, 665, 666, 157, 288, 35, 557, 905, 695, 56, 827, 964, 713, 851, 761, 996, 347, 863, 612, 234, 624, 889, 764]
seed_node 841
seed_community:  [896, 898, 9, 907, 269, 429, 784, 657, 24, 665, 666, 157, 288, 44, 557, 841, 905, 695, 56, 827, 964, 713, 851, 761, 347, 996, 234, 624, 889, 764]
seed_node 828
seed_community:  [899, 517, 776, 10, 401, 787, 414, 793, 798, 545, 805, 806, 935, 680, 170, 956, 926, 821, 952, 825, 828, 309, 374, 33, 457, 228, 346, 219, 988, 349, 867, 868, 233, 106, 118, 887, 762, 125, 127]
seed_node 830
seed_community:  [256, 386, 774, 396, 799, 548, 296, 425, 305, 565, 58, 188, 830, 191, 196, 709, 461, 88, 742, 747, 756, 508]
seed_node 808
seed_community:  [897, 133, 263, 268, 13, 911, 535, 26, 283, 675, 421, 808, 554, 903, 689, 862, 438, 951, 953, 826, 829, 42, 578, 195, 453, 199, 970, 975, 977, 87, 600, 474, 603, 698, 606, 992, 356, 877, 859, 247, 765, 255]
seed_node 812
seed_community:  [390, 777, 779, 277, 151, 25, 31, 809, 812, 818, 566, 447, 834, 720, 983, 89, 351, 352, 998, 615, 875, 112, 114, 553, 504, 636]
seed_node 802
seed_community:  [647, 405, 150, 23, 925, 802, 293, 38, 604, 327, 301, 435, 52, 437, 183, 313, 442, 576, 450, 71, 332, 162, 79, 348, 583, 238, 378]
seed_node 783
seed_community:  [896, 898, 9, 269, 557, 784, 657, 24, 665, 666, 157, 288, 35, 44, 429, 905, 695, 56, 827, 964, 713, 851, 889, 347, 783, 996, 745, 234, 624, 761, 764]
seed_node 789
seed_community:  [2, 780, 143, 786, 789, 791, 324, 924, 927, 161, 422, 936, 555, 940, 822, 577, 68, 197, 326, 652, 976, 850, 104, 617, 494, 253]
seed_node 792
seed_community:  [480, 129, 194, 131, 645, 873, 746, 76, 760, 399, 240, 792, 402, 691, 568, 154, 428, 60, 266]
seed_node 758
seed_community:  [704, 261, 294, 39, 200, 649, 729, 395, 813, 206, 759, 775, 433, 626, 757, 758, 279, 537, 59, 540]
seed_node 767
seed_community:  [896, 898, 9, 557, 784, 657, 24, 665, 666, 157, 35, 44, 429, 905, 695, 56, 827, 964, 713, 851, 761, 347, 996, 764, 234, 624, 889, 252, 767]
seed_node 770
seed_community:  [768, 641, 770, 515, 904, 521, 514, 914, 412, 29, 167, 430, 47, 49, 946, 184, 458, 574, 575, 705, 328, 586, 844, 126, 334, 82, 340, 855, 858, 91, 95, 98, 874, 108, 978, 366, 317, 510, 413, 638]
seed_node 739
seed_community:  [409, 156, 30, 544, 418, 440, 941, 559, 48, 840, 947, 948, 949, 182, 824, 958, 961, 706, 712, 331, 974, 207, 696, 739, 596, 471, 984, 985, 731, 221, 995, 103, 362, 236, 622, 894, 503, 633, 763, 254]
seed_node 740
seed_community:  [390, 777, 779, 277, 151, 25, 31, 553, 818, 566, 447, 834, 720, 983, 89, 351, 352, 740, 998, 615, 875, 112, 114, 809, 504, 377, 636]
seed_node 741
seed_community:  [409, 156, 30, 544, 418, 696, 941, 559, 48, 840, 947, 948, 949, 182, 440, 958, 961, 706, 712, 331, 974, 207, 824, 596, 471, 984, 985, 731, 221, 993, 995, 741, 103, 362, 236, 622, 254, 503, 633, 763, 894]
seed_node 744
seed_community:  [516, 8, 524, 909, 404, 22, 408, 932, 679, 811, 175, 304, 64, 449, 80, 594, 483, 469, 598, 611, 744, 423, 748, 243, 884, 383]
seed_node 753
seed_community:  [899, 517, 776, 10, 401, 787, 414, 793, 798, 33, 805, 806, 935, 680, 170, 926, 821, 952, 825, 956, 309, 118, 545, 457, 868, 346, 219, 988, 349, 867, 228, 233, 106, 753, 374, 762, 125, 127]
seed_node 726
seed_community:  [257, 323, 165, 289, 651, 237, 77, 11, 497, 179, 171, 726, 153, 54, 284, 325]
seed_node 728
seed_community:  [139, 4, 551, 778, 203, 204, 845, 687, 658, 387, 692, 797, 534, 728, 292, 90, 700, 882, 410]
seed_node 730
seed_community:  [261, 775, 649, 395, 919, 537, 540, 294, 39, 813, 433, 59, 704, 279, 963, 200, 206, 729, 730, 626, 757, 759]
seed_node 732
seed_community:  [771, 138, 145, 27, 800, 552, 683, 45, 814, 835, 580, 581, 714, 972, 342, 344, 732, 734, 484, 229, 359, 616, 750, 250]
seed_node 710
seed_community:  [409, 156, 30, 544, 418, 696, 941, 559, 48, 712, 434, 947, 948, 949, 182, 824, 958, 961, 706, 710, 633, 840, 331, 974, 207, 440, 596, 471, 984, 985, 731, 221, 995, 103, 362, 236, 622, 254, 503, 505, 763, 894]
seed_node 722
seed_community:  [135, 142, 144, 879, 672, 546, 678, 302, 816, 842, 588, 593, 722, 854, 94, 736, 485, 105, 239, 246, 120, 635, 511]
seed_node 699
seed_community:  [448, 354, 163, 260, 487, 427, 17, 242, 667, 694, 281, 699, 382]
seed_node 653
seed_community:  [480, 129, 194, 131, 645, 873, 266, 76, 653, 792, 399, 240, 568, 402, 691, 760, 154, 428, 60, 746]
seed_node 654
seed_community:  [643, 389, 267, 654, 15, 912, 915, 794, 673, 945, 938, 690, 174, 943, 176, 817, 306, 697, 955, 189, 703, 451, 966, 455, 715, 205, 849, 468, 213, 727, 605, 3, 528, 102, 892, 876, 878, 113, 372, 124, 725]
seed_node 661
seed_community:  [135, 142, 144, 661, 879, 672, 546, 678, 302, 816, 842, 588, 593, 854, 94, 736, 485, 105, 239, 246, 120, 635, 511]
seed_node 668
seed_community:  [773, 394, 12, 14, 913, 790, 407, 668, 5, 32, 934, 681, 685, 177, 567, 63, 320, 193, 329, 971, 973, 336, 81, 597, 856, 473, 477, 478, 353, 610, 227, 529, 488, 364, 623, 499, 885, 631, 160, 55, 122, 507, 895]
seed_node 669
seed_community:  [390, 777, 779, 277, 151, 25, 669, 31, 553, 818, 566, 447, 834, 720, 89, 351, 352, 615, 875, 112, 114, 809, 504]
seed_node 670
seed_community:  [772, 134, 137, 523, 782, 272, 785, 276, 664, 922, 28, 158, 454, 303, 670, 53, 582, 969, 202, 333, 848, 466, 595, 852, 343, 222, 864, 737, 870, 872, 490, 491, 621, 883, 500, 502, 119, 632, 959, 766]
seed_node 676
seed_community:  [513, 264, 265, 525, 656, 533, 676, 172, 560, 820, 572, 701, 318, 833, 707, 463, 83, 724, 85, 602, 350, 232, 619, 110, 627, 639]
seed_node 628
seed_community:  [3, 409, 156, 30, 544, 418, 440, 941, 559, 48, 840, 947, 948, 949, 182, 824, 958, 961, 706, 712, 331, 974, 207, 696, 596, 471, 984, 985, 731, 221, 995, 103, 360, 362, 236, 622, 115, 628, 894, 503, 633, 763, 254]
seed_node 646
seed_community:  [516, 646, 8, 524, 909, 404, 22, 408, 932, 679, 811, 304, 64, 449, 80, 594, 483, 469, 598, 611, 423, 748, 243, 884, 383]
seed_node 569
seed_community:  [516, 8, 524, 909, 404, 22, 408, 932, 679, 811, 304, 569, 64, 449, 80, 594, 483, 469, 598, 611, 423, 748, 243, 884, 383]
seed_node 573
seed_community:  [135, 142, 144, 879, 672, 546, 678, 302, 816, 573, 842, 588, 593, 854, 94, 736, 485, 105, 239, 246, 120, 635, 511]
seed_node 579
seed_community:  [390, 777, 779, 277, 857, 25, 31, 553, 818, 566, 151, 447, 834, 579, 720, 89, 351, 352, 615, 875, 112, 114, 809, 504]
seed_node 601
seed_community:  [768, 641, 514, 515, 904, 521, 914, 412, 29, 167, 430, 47, 49, 946, 184, 458, 574, 575, 705, 328, 586, 844, 334, 978, 340, 855, 601, 858, 91, 95, 98, 874, 108, 82, 366, 317, 638, 413, 510]
seed_node 530
seed_community:  [530, 409, 156, 30, 544, 418, 35, 941, 559, 48, 712, 947, 948, 949, 182, 696, 958, 961, 706, 840, 331, 974, 207, 824, 596, 471, 984, 985, 731, 221, 97, 866, 995, 103, 362, 236, 622, 368, 440, 115, 254, 503, 633, 763, 894]
seed_node 532
seed_community:  [640, 230, 322, 415, 965, 486, 417, 43, 46, 721, 532, 663, 312, 308, 570, 379, 445, 479]
seed_node 536
seed_community:  [140, 536, 662, 152, 411, 801, 549, 550, 297, 299, 558, 50, 563, 823, 187, 832, 456, 587, 719, 107, 620, 501]
seed_node 538
seed_community:  [704, 261, 294, 775, 200, 649, 729, 395, 813, 206, 759, 433, 626, 757, 279, 537, 538, 59, 540, 39]
seed_node 541
seed_community:  [541, 139, 292, 551, 778, 203, 204, 845, 687, 882, 387, 692, 534, 4, 90, 658, 700, 797, 410]
seed_node 542
seed_community:  [97, 387, 4, 551, 778, 203, 204, 845, 687, 882, 797, 139, 292, 534, 692, 90, 658, 700, 410, 542]
seed_node 547
seed_community:  [901, 140, 662, 152, 411, 801, 547, 549, 550, 297, 299, 558, 50, 563, 823, 187, 832, 456, 587, 719, 107, 620, 501, 886]
seed_node 489
seed_community:  [768, 641, 514, 515, 904, 521, 914, 412, 29, 167, 426, 430, 47, 49, 946, 184, 458, 62, 575, 705, 328, 586, 844, 334, 82, 340, 853, 855, 510, 858, 91, 95, 98, 999, 489, 874, 108, 978, 366, 317, 574, 375, 413, 638]
seed_node 493
seed_community:  [128, 258, 7, 392, 522, 526, 493, 18, 147, 282, 796, 286, 543, 290, 40, 810, 939, 556, 942, 950, 185, 671, 957, 702, 319, 960, 321, 198, 967, 330, 716, 589, 591, 467, 341, 86, 441, 608, 218, 987, 339, 315, 991, 224, 865, 226, 355, 100, 613, 847, 109, 755, 244, 117, 121, 831, 381]
seed_node 495
seed_community:  [262, 650, 655, 275, 278, 803, 420, 682, 436, 444, 65, 836, 208, 465, 214, 475, 735, 361, 235, 495, 245, 630, 506]
seed_node 498
seed_community:  [771, 138, 145, 27, 800, 552, 683, 45, 814, 835, 580, 581, 714, 342, 344, 734, 484, 229, 359, 616, 750, 498, 250]
seed_node 509
seed_community:  [897, 133, 263, 268, 13, 911, 21, 535, 26, 283, 675, 421, 42, 903, 689, 862, 438, 951, 953, 698, 509, 829, 578, 195, 453, 199, 970, 975, 977, 87, 600, 474, 603, 826, 606, 992, 356, 877, 765, 859, 247, 554]
seed_node 512
seed_community:  [512, 289, 323, 165, 257, 860, 651, 77, 237, 11, 497, 179, 171, 54, 153, 284, 325]
seed_node 519
seed_community:  [897, 554, 133, 519, 268, 13, 911, 21, 535, 26, 283, 675, 421, 42, 263, 689, 606, 438, 951, 953, 826, 829, 578, 195, 453, 199, 970, 975, 977, 87, 600, 474, 603, 698, 862, 992, 356, 877, 859, 903, 247, 765]
seed_node 431
seed_community:  [384, 409, 431, 156, 30, 544, 418, 440, 941, 559, 48, 712, 947, 948, 949, 182, 824, 958, 961, 706, 840, 331, 974, 207, 696, 596, 471, 984, 985, 731, 221, 995, 103, 362, 236, 622, 894, 503, 633, 763, 254]
seed_node 432
seed_community:  [768, 641, 514, 515, 904, 521, 914, 412, 29, 167, 426, 430, 47, 432, 49, 946, 184, 586, 574, 575, 705, 328, 458, 844, 334, 82, 340, 855, 858, 91, 95, 98, 999, 874, 108, 978, 366, 317, 510, 375, 413, 638]
seed_node 439
seed_community:  [771, 138, 145, 27, 800, 552, 683, 45, 814, 439, 835, 580, 581, 714, 972, 342, 344, 734, 484, 229, 359, 616, 750, 250]
seed_node 459
seed_community:  [897, 554, 133, 903, 268, 13, 911, 21, 535, 26, 283, 675, 421, 42, 263, 689, 862, 438, 951, 953, 698, 829, 578, 195, 453, 199, 970, 459, 975, 977, 87, 600, 474, 603, 826, 606, 992, 356, 877, 859, 247, 765]
seed_node 462
seed_community:  [513, 264, 265, 525, 656, 533, 172, 560, 820, 572, 701, 318, 833, 707, 462, 463, 83, 724, 85, 602, 350, 232, 619, 110, 627, 639]
seed_node 476
seed_community:  [516, 8, 524, 909, 404, 22, 408, 932, 679, 811, 304, 64, 449, 80, 594, 483, 469, 598, 476, 611, 423, 748, 243, 884, 383]
seed_node 481
seed_community:  [140, 662, 152, 411, 801, 549, 550, 297, 299, 558, 50, 563, 823, 187, 832, 456, 587, 719, 481, 107, 620, 501]
seed_node 482
seed_community:  [772, 134, 137, 523, 782, 272, 785, 276, 664, 922, 28, 158, 454, 303, 53, 959, 582, 969, 202, 333, 848, 466, 595, 852, 343, 986, 222, 864, 737, 482, 870, 872, 490, 491, 621, 883, 500, 502, 119, 632, 766]
seed_node 371
seed_community:  [772, 134, 137, 523, 782, 785, 276, 664, 922, 28, 158, 454, 303, 371, 53, 959, 963, 582, 969, 202, 333, 848, 466, 595, 852, 343, 222, 864, 737, 870, 872, 490, 491, 621, 883, 500, 502, 119, 632, 766]
seed_node 380
seed_community:  [768, 641, 514, 515, 900, 904, 521, 12, 914, 412, 29, 167, 430, 47, 49, 946, 184, 458, 574, 575, 705, 328, 586, 844, 334, 978, 340, 855, 858, 91, 95, 98, 874, 108, 82, 366, 317, 638, 413, 380, 510]
seed_node 385
seed_community:  [385, 2, 652, 143, 786, 791, 68, 927, 161, 422, 936, 555, 940, 822, 577, 324, 197, 326, 780, 976, 850, 986, 104, 617, 494, 253]
seed_node 388
seed_community:  [897, 388, 133, 903, 268, 13, 911, 535, 26, 283, 675, 421, 554, 263, 689, 862, 438, 951, 953, 826, 829, 42, 578, 195, 453, 199, 970, 975, 977, 87, 600, 474, 603, 698, 606, 992, 356, 877, 859, 247, 765]
seed_node 393
seed_community:  [256, 386, 774, 393, 396, 799, 548, 296, 425, 305, 565, 58, 188, 830, 191, 196, 709, 461, 88, 742, 747, 756, 508]
seed_node 398
seed_community:  [896, 898, 905, 269, 398, 429, 784, 657, 9, 24, 665, 666, 157, 35, 557, 695, 56, 827, 62, 964, 713, 851, 761, 347, 996, 234, 624, 889, 764]
seed_node 406
seed_community:  [640, 417, 322, 379, 230, 486, 43, 46, 479, 721, 308, 406, 663, 312, 570, 415, 445, 965]
seed_node 307
seed_community:  [51, 141, 749, 274, 788, 804, 298, 684, 307, 443, 61, 75, 590, 338, 470, 217, 20, 609, 358, 210, 752, 660]
seed_node 310
seed_community:  [192, 96, 34, 452, 166, 711, 74, 717, 496, 659, 84, 310, 599, 249, 314, 571, 36, 733, 607]
seed_node 311
seed_community:  [2, 652, 143, 786, 791, 324, 927, 161, 422, 936, 555, 940, 822, 311, 577, 68, 197, 326, 780, 976, 850, 104, 617, 494, 253]
seed_node 316
seed_community:  [1, 130, 259, 644, 518, 391, 648, 781, 910, 280, 403, 148, 920, 795, 285, 419, 164, 70, 807, 169, 944, 72, 562, 819, 954, 316, 539, 708, 838, 584, 201, 843, 460, 846, 397, 464, 337, 723, 902, 472, 861, 101, 592, 738, 997, 871, 743, 365, 751, 116, 629, 890, 123, 637]
seed_node 335
seed_community:  [390, 777, 779, 277, 151, 25, 31, 553, 818, 566, 447, 834, 335, 720, 89, 351, 352, 998, 615, 875, 112, 114, 809, 504, 377]
seed_node 345
seed_community:  [771, 138, 145, 27, 800, 552, 683, 45, 814, 835, 580, 581, 714, 342, 344, 345, 734, 484, 229, 359, 616, 750, 250]
seed_node 357
seed_community:  [901, 140, 275, 662, 152, 411, 801, 549, 550, 297, 299, 558, 50, 563, 823, 187, 832, 456, 587, 719, 357, 107, 620, 501, 886]
seed_node 363
seed_community:  [896, 898, 905, 429, 784, 657, 9, 917, 24, 665, 666, 157, 35, 557, 695, 56, 827, 964, 713, 851, 761, 347, 996, 234, 363, 624, 889, 764, 255]
seed_node 367
seed_community:  [704, 261, 294, 775, 200, 649, 729, 395, 759, 813, 206, 367, 433, 626, 757, 279, 537, 59, 540, 39]
seed_node 370
seed_community:  [516, 8, 524, 909, 404, 22, 408, 932, 679, 811, 304, 64, 449, 80, 594, 483, 469, 598, 611, 423, 748, 370, 243, 884, 383]
seed_node 241
seed_community:  [135, 142, 144, 879, 672, 546, 678, 302, 816, 842, 588, 593, 854, 94, 736, 485, 105, 239, 241, 246, 120, 635, 511]
seed_node 248
seed_community:  [96, 192, 34, 931, 452, 166, 711, 74, 717, 496, 607, 659, 84, 599, 248, 249, 314, 571, 733, 36]
seed_node 271
seed_community:  [643, 389, 267, 271, 912, 915, 794, 673, 817, 938, 690, 174, 943, 176, 945, 306, 697, 955, 189, 703, 451, 966, 455, 715, 205, 849, 468, 213, 727, 15, 605, 528, 102, 124, 876, 878, 113, 372, 892, 725]
seed_node 273
seed_community:  [273, 409, 156, 30, 544, 418, 696, 941, 559, 48, 840, 947, 948, 949, 182, 440, 958, 961, 706, 633, 712, 331, 974, 207, 824, 596, 471, 984, 985, 731, 221, 993, 995, 103, 362, 236, 622, 894, 503, 505, 763, 254]
seed_node 287
seed_community:  [513, 264, 265, 525, 656, 533, 287, 172, 560, 820, 572, 701, 318, 833, 707, 463, 83, 724, 85, 602, 350, 232, 619, 110, 627, 639]
seed_node 291
seed_community:  [899, 517, 776, 10, 401, 787, 414, 793, 926, 545, 291, 805, 806, 935, 680, 170, 798, 952, 825, 956, 309, 118, 33, 457, 821, 228, 346, 219, 988, 349, 867, 868, 233, 106, 374, 762, 125, 127]
seed_node 295
seed_community:  [640, 417, 322, 415, 486, 230, 295, 43, 46, 721, 308, 663, 312, 570, 379, 445, 479]
seed_node 300
seed_community:  [135, 142, 144, 879, 672, 546, 678, 300, 302, 816, 842, 588, 593, 854, 94, 736, 485, 105, 239, 246, 120, 635, 511]
seed_node 149
seed_community:  [768, 641, 514, 515, 904, 521, 365, 914, 149, 923, 412, 29, 930, 167, 169, 173, 430, 47, 432, 49, 946, 184, 458, 574, 575, 705, 328, 586, 62, 844, 334, 464, 888, 978, 340, 981, 855, 510, 858, 91, 95, 98, 101, 874, 108, 82, 366, 317, 638, 413, 126]
seed_node 159
seed_community:  [769, 132, 520, 400, 531, 159, 41, 688, 561, 178, 564, 181, 67, 839, 968, 215, 216, 223, 994, 373, 376, 634, 251]
seed_node 168
seed_community:  [390, 777, 779, 277, 151, 25, 31, 168, 809, 818, 566, 447, 834, 720, 89, 351, 352, 998, 615, 875, 112, 114, 553, 504, 377]
seed_node 180
seed_community:  [416, 225, 677, 614, 209, 585, 492, 270, 111, 625, 146, 19, 180, 527, 186, 155, 220, 369, 446]
seed_node 16
seed_community:  [769, 132, 520, 400, 531, 917, 41, 688, 561, 178, 564, 181, 67, 839, 968, 979, 215, 216, 223, 16, 373, 376, 634, 251]
seed_node 69
seed_community:  [896, 898, 9, 557, 784, 657, 917, 24, 665, 666, 157, 35, 429, 905, 695, 56, 827, 964, 69, 713, 851, 889, 996, 347, 612, 17, 234, 624, 761, 764]
seed_node 73
seed_community:  [192, 96, 34, 452, 166, 711, 73, 74, 717, 496, 659, 84, 599, 249, 314, 571, 36, 733, 607]
seed_node 92
seed_community:  [480, 129, 194, 131, 645, 428, 746, 76, 792, 399, 240, 760, 402, 691, 568, 154, 60, 92, 266]
seed_node 93
seed_community:  [135, 142, 144, 879, 672, 546, 678, 302, 816, 573, 842, 588, 593, 854, 93, 94, 736, 485, 105, 239, 246, 120, 635, 511]
seed_node 99
seed_community:  [2, 652, 143, 786, 791, 68, 927, 161, 422, 936, 555, 940, 822, 577, 324, 197, 326, 968, 780, 850, 215, 99, 104, 617, 494, 253]
i =  0 [136, 141, 749, 274, 788, 804, 298, 684, 51, 443, 61, 75, 590, 210, 470, 217, 20, 609, 358, 338, 752, 660, 891]
i =  1 [128, 258, 7, 392, 522, 526, 18, 147, 282, 796, 286, 543, 290, 40, 810, 939, 556, 942, 950, 185, 315, 671, 957, 702, 831, 960, 224, 198, 967, 330, 716, 589, 78, 591, 467, 341, 86, 441, 218, 987, 339, 991, 608, 865, 226, 355, 100, 613, 321, 847, 109, 755, 244, 117, 869, 121, 319, 381]
i =  2 [387, 4, 551, 882, 778, 139, 204, 845, 687, 658, 692, 534, 292, 90, 203, 700, 797, 410]
i =  3 [5, 394, 14, 913, 790, 407, 773, 32, 934, 681, 685, 177, 567, 63, 320, 193, 962, 329, 971, 973, 336, 81, 597, 856, 473, 477, 478, 353, 610, 227, 529, 488, 364, 623, 499, 885, 631, 160, 55, 122, 507, 895]
i =  4 [771, 138, 145, 27, 800, 552, 683, 45, 814, 835, 580, 581, 714, 972, 342, 344, 734, 484, 229, 359, 616, 750, 250]
i =  5 [258, 7, 392, 522, 526, 18, 147, 282, 796, 286, 543, 290, 40, 810, 939, 556, 942, 950, 121, 441, 671, 957, 702, 319, 960, 321, 198, 967, 330, 716, 589, 591, 467, 341, 86, 185, 608, 218, 987, 339, 991, 224, 865, 226, 355, 100, 613, 847, 109, 755, 244, 315, 831, 381]
i =  6 [135, 142, 144, 239, 672, 546, 678, 302, 816, 842, 588, 593, 854, 94, 736, 485, 105, 879, 246, 120, 635, 511]
i =  7 [1, 130, 259, 644, 518, 391, 648, 781, 910, 280, 403, 148, 920, 539, 285, 419, 164, 838, 807, 169, 944, 72, 562, 819, 954, 708, 70, 584, 843, 460, 846, 397, 592, 337, 723, 902, 472, 861, 101, 464, 738, 997, 743, 795, 871, 751, 116, 629, 890, 123, 637]
i =  8 [256, 386, 548, 774, 742, 296, 425, 747, 396, 461, 305, 709, 756, 565, 88, 196, 58, 191, 188, 508, 799]
i =  9 [1, 130, 259, 644, 518, 391, 648, 781, 910, 920, 403, 148, 280, 795, 285, 539, 164, 902, 807, 169, 944, 72, 562, 819, 954, 708, 70, 584, 843, 460, 846, 397, 592, 337, 419, 838, 472, 861, 101, 464, 738, 997, 743, 871, 751, 723, 116, 629, 212, 890, 123, 637]
i =  10 [448, 354, 163, 260, 837, 487, 427, 173, 17, 242, 190, 694, 281, 667, 860, 382]
i =  11 [5, 193, 394, 12, 14, 529, 790, 407, 773, 928, 934, 681, 685, 177, 567, 63, 320, 32, 329, 971, 973, 336, 81, 597, 856, 473, 477, 478, 353, 610, 227, 913, 488, 364, 623, 499, 885, 631, 160, 55, 122, 507, 895]
i =  12 [192, 96, 34, 931, 452, 166, 711, 74, 717, 496, 607, 659, 84, 599, 249, 314, 571, 733, 36]
i =  13 [409, 156, 925, 30, 544, 418, 696, 941, 559, 48, 712, 947, 948, 949, 182, 824, 958, 961, 706, 840, 331, 974, 207, 440, 596, 471, 984, 985, 731, 221, 97, 995, 103, 362, 236, 622, 254, 503, 633, 763, 894]
i =  14 [704, 279, 963, 261, 294, 775, 200, 649, 729, 395, 813, 206, 433, 626, 757, 759, 537, 59, 540, 39]
i =  15 [768, 641, 514, 515, 904, 521, 914, 412, 29, 167, 430, 47, 49, 946, 184, 458, 574, 575, 705, 328, 586, 844, 334, 82, 340, 981, 855, 858, 91, 95, 98, 874, 108, 978, 366, 317, 638, 413, 510]
i =  16 [832, 801, 587, 549, 550, 456, 620, 299, 140, 558, 719, 50, 563, 501, 662, 823, 152, 187, 411, 297, 107]
i =  17 [513, 264, 265, 525, 656, 533, 172, 560, 820, 572, 701, 318, 833, 707, 463, 83, 724, 85, 602, 350, 232, 619, 110, 627, 639]
i =  18 [416, 225, 677, 614, 209, 585, 492, 270, 111, 625, 146, 19, 853, 527, 186, 155, 220, 369, 446]
i =  19 [640, 417, 322, 965, 486, 43, 686, 721, 308, 46, 479, 663, 312, 570, 379, 230, 445, 415]
i =  20 [982, 135, 142, 144, 239, 672, 546, 678, 302, 816, 842, 588, 593, 854, 94, 736, 485, 105, 879, 246, 120, 635, 511]
i =  21 [2, 780, 143, 786, 791, 68, 924, 927, 161, 422, 936, 555, 940, 822, 577, 324, 197, 326, 652, 976, 850, 104, 617, 494, 253]
i =  22 [643, 389, 267, 15, 912, 915, 794, 673, 817, 938, 690, 174, 943, 176, 945, 306, 697, 955, 189, 703, 451, 966, 455, 715, 205, 849, 468, 213, 727, 605, 528, 102, 892, 876, 878, 113, 372, 124, 725]
i =  23 [256, 642, 774, 396, 386, 799, 548, 296, 425, 305, 565, 58, 188, 191, 196, 709, 461, 88, 742, 747, 756, 508]
i =  24 [897, 133, 263, 268, 13, 911, 21, 535, 26, 283, 675, 421, 554, 903, 689, 606, 438, 951, 953, 698, 829, 578, 195, 453, 199, 970, 975, 977, 87, 600, 474, 603, 826, 862, 992, 356, 877, 765, 859, 247, 42]
i =  25 [899, 517, 776, 10, 401, 787, 414, 793, 798, 33, 805, 806, 935, 680, 170, 926, 821, 952, 825, 956, 309, 374, 545, 457, 228, 346, 219, 988, 349, 867, 868, 233, 106, 118, 887, 762, 125, 127]
i =  26 [769, 132, 520, 400, 531, 917, 41, 688, 561, 178, 564, 181, 67, 839, 215, 216, 223, 994, 373, 376, 634, 251]
i =  27 [896, 898, 905, 907, 429, 784, 657, 24, 665, 666, 157, 35, 557, 9, 56, 827, 964, 713, 695, 851, 889, 347, 996, 17, 234, 999, 624, 761, 764]
i =  28 [899, 517, 776, 10, 401, 787, 414, 793, 798, 545, 805, 806, 935, 680, 170, 926, 821, 952, 825, 956, 309, 118, 33, 457, 718, 868, 346, 219, 988, 349, 867, 228, 233, 106, 374, 762, 125, 127]
i =  29 [647, 405, 150, 23, 162, 293, 38, 604, 327, 301, 435, 52, 437, 183, 313, 442, 576, 450, 71, 332, 79, 348, 238, 754, 378]
i =  30 [897, 133, 263, 268, 13, 911, 535, 26, 283, 675, 421, 554, 903, 689, 606, 438, 951, 953, 698, 829, 578, 195, 453, 199, 970, 975, 977, 87, 600, 474, 603, 826, 862, 992, 356, 877, 765, 859, 247, 42]
i =  31 [390, 777, 779, 277, 151, 25, 31, 553, 818, 566, 447, 834, 720, 983, 89, 351, 352, 998, 615, 875, 112, 114, 809, 504, 377]
i =  32 [2, 780, 143, 786, 791, 68, 197, 161, 422, 936, 555, 940, 822, 927, 577, 324, 837, 326, 652, 850, 104, 617, 618, 494, 253]
i =  33 [236, 409, 156, 30, 544, 418, 937, 941, 559, 48, 840, 434, 947, 948, 949, 182, 440, 958, 961, 706, 505, 712, 331, 974, 207, 696, 596, 471, 984, 985, 731, 221, 995, 103, 362, 824, 622, 894, 503, 633, 763, 254]
i =  34 [896, 898, 9, 269, 557, 784, 657, 24, 665, 666, 157, 288, 929, 429, 905, 695, 56, 827, 964, 713, 851, 889, 347, 996, 745, 234, 624, 761, 764]
i =  35 [772, 134, 137, 523, 782, 272, 785, 276, 664, 922, 28, 158, 582, 303, 53, 959, 454, 969, 202, 333, 848, 466, 595, 852, 343, 222, 864, 737, 870, 872, 490, 491, 621, 883, 500, 502, 119, 632, 766]
i =  36 [643, 389, 267, 15, 912, 915, 794, 673, 817, 892, 938, 690, 174, 943, 176, 945, 306, 697, 955, 189, 703, 451, 966, 455, 715, 205, 849, 468, 213, 727, 605, 528, 102, 873, 876, 878, 113, 372, 124, 725]
i =  37 [899, 517, 776, 10, 401, 787, 414, 793, 798, 545, 805, 806, 935, 680, 170, 926, 821, 952, 825, 956, 309, 374, 33, 457, 868, 346, 219, 988, 349, 867, 228, 233, 106, 880, 118, 762, 125, 127]
i =  38 [768, 641, 514, 515, 904, 521, 914, 412, 29, 674, 167, 173, 430, 47, 49, 946, 184, 458, 574, 575, 705, 328, 586, 844, 334, 82, 340, 855, 858, 91, 95, 98, 874, 108, 978, 366, 317, 638, 413, 510]
i =  39 [262, 650, 655, 278, 930, 803, 420, 424, 682, 436, 444, 65, 836, 465, 980, 214, 475, 735, 993, 361, 235, 245, 630, 506]
i =  40 [643, 389, 267, 15, 912, 915, 794, 673, 817, 938, 306, 174, 943, 176, 945, 690, 697, 955, 189, 703, 451, 966, 455, 715, 205, 849, 468, 725, 727, 605, 528, 102, 1000, 892, 876, 878, 113, 372, 124, 213]
i =  41 [643, 389, 267, 15, 912, 915, 794, 673, 945, 938, 690, 174, 943, 176, 817, 306, 697, 955, 189, 703, 451, 966, 455, 715, 205, 849, 468, 213, 727, 989, 528, 102, 892, 876, 878, 113, 372, 124, 605, 725]
i =  42 [896, 898, 9, 269, 429, 784, 657, 24, 665, 666, 157, 288, 35, 557, 905, 695, 56, 827, 62, 964, 713, 851, 761, 347, 990, 996, 17, 234, 624, 889, 764]
i =  43 [2, 652, 143, 786, 791, 68, 927, 161, 422, 936, 555, 940, 822, 577, 324, 197, 326, 780, 976, 850, 986, 104, 617, 494, 253]
i =  44 [769, 132, 520, 400, 531, 917, 921, 41, 815, 688, 561, 178, 564, 181, 67, 839, 979, 215, 216, 223, 994, 373, 376, 634, 251]
i =  45 [2, 652, 143, 786, 791, 324, 927, 161, 422, 936, 555, 940, 822, 577, 68, 197, 326, 968, 780, 850, 215, 104, 617, 494, 253]
i =  46 [516, 8, 524, 909, 404, 22, 408, 932, 679, 811, 304, 64, 449, 80, 594, 611, 469, 598, 483, 423, 748, 243, 884, 383]
i =  47 [387, 4, 6, 778, 139, 658, 534, 410, 797, 292, 933, 551, 687, 692, 693, 700, 203, 204, 845, 90, 866, 882]
i =  48 [704, 963, 537, 261, 294, 775, 200, 649, 395, 813, 206, 759, 433, 626, 919, 757, 279, 729, 59, 540, 39]
i =  49 [768, 641, 514, 515, 904, 521, 914, 923, 412, 29, 167, 426, 430, 47, 49, 946, 184, 57, 458, 574, 575, 978, 705, 328, 586, 844, 334, 82, 340, 855, 858, 91, 95, 98, 874, 108, 365, 366, 317, 510, 413, 638]
i =  50 [897, 554, 133, 903, 268, 13, 911, 916, 21, 535, 26, 283, 675, 421, 42, 263, 689, 606, 438, 951, 953, 698, 829, 578, 195, 453, 199, 970, 975, 977, 87, 600, 474, 603, 826, 862, 992, 356, 877, 859, 247, 765]
i =  51 [128, 258, 7, 392, 522, 224, 526, 18, 147, 918, 282, 796, 286, 543, 290, 40, 810, 939, 556, 942, 950, 339, 57, 671, 957, 702, 319, 960, 321, 66, 198, 967, 330, 716, 589, 78, 591, 467, 341, 86, 185, 218, 987, 991, 315, 441, 608, 865, 226, 355, 100, 613, 231, 847, 109, 755, 244, 121, 831, 381]
i =  52 [128, 258, 7, 392, 906, 526, 18, 147, 282, 796, 286, 671, 290, 40, 810, 939, 556, 942, 950, 185, 543, 522, 702, 319, 960, 321, 198, 967, 330, 716, 589, 467, 591, 211, 341, 86, 441, 355, 608, 218, 987, 991, 339, 224, 865, 226, 315, 100, 613, 847, 109, 957, 755, 244, 121, 831, 381]
i =  53 [897, 133, 903, 268, 13, 911, 535, 26, 283, 675, 421, 554, 263, 689, 862, 438, 951, 953, 826, 829, 578, 195, 453, 199, 908, 970, 603, 975, 977, 87, 600, 474, 859, 698, 606, 37, 992, 356, 877, 765, 247, 42]
i =  54 [128, 258, 900, 7, 392, 522, 526, 18, 147, 282, 796, 286, 671, 290, 40, 810, 939, 556, 942, 755, 950, 441, 543, 957, 702, 319, 960, 321, 198, 967, 330, 716, 589, 591, 467, 341, 86, 185, 355, 608, 218, 987, 991, 224, 865, 226, 315, 100, 613, 847, 109, 339, 244, 121, 831, 381]
i =  55 [901, 140, 275, 662, 152, 411, 801, 549, 550, 297, 299, 558, 50, 563, 823, 187, 832, 456, 587, 719, 107, 620, 501]
i =  56 [899, 517, 776, 10, 401, 787, 414, 793, 798, 545, 805, 806, 935, 680, 170, 821, 952, 825, 956, 926, 309, 33, 457, 118, 228, 346, 219, 988, 349, 867, 868, 374, 233, 106, 886, 762, 125, 127]
i =  57 [513, 264, 265, 525, 656, 533, 172, 560, 820, 572, 701, 318, 833, 707, 463, 83, 724, 85, 602, 350, 232, 619, 110, 627, 888, 639]
i =  58 [772, 134, 137, 523, 782, 272, 785, 276, 664, 922, 28, 158, 582, 303, 53, 959, 454, 969, 202, 333, 848, 466, 595, 852, 343, 222, 864, 737, 870, 872, 490, 491, 621, 883, 500, 502, 119, 632, 893, 766]
i =  59 [390, 777, 779, 277, 857, 25, 31, 553, 818, 566, 151, 447, 834, 720, 89, 351, 352, 615, 875, 112, 881, 114, 809, 504]
i =  60 [896, 898, 9, 429, 784, 657, 24, 665, 666, 157, 288, 35, 557, 905, 695, 56, 827, 964, 713, 851, 761, 996, 347, 863, 612, 234, 624, 889, 764]
i =  61 [896, 898, 9, 907, 269, 429, 784, 657, 24, 665, 666, 157, 288, 44, 557, 841, 905, 695, 56, 827, 964, 713, 851, 761, 347, 996, 234, 624, 889, 764]
i =  62 [899, 517, 776, 10, 401, 787, 414, 793, 798, 545, 805, 806, 935, 680, 170, 956, 926, 821, 952, 825, 828, 309, 374, 33, 457, 228, 346, 219, 988, 349, 867, 868, 233, 106, 118, 887, 762, 125, 127]
i =  63 [256, 386, 774, 396, 799, 548, 296, 425, 305, 565, 58, 188, 830, 191, 196, 709, 461, 88, 742, 747, 756, 508]
i =  64 [897, 133, 263, 268, 13, 911, 535, 26, 283, 675, 421, 808, 554, 903, 689, 862, 438, 951, 953, 826, 829, 42, 578, 195, 453, 199, 970, 975, 977, 87, 600, 474, 603, 698, 606, 992, 356, 877, 859, 247, 765, 255]
i =  65 [390, 777, 779, 277, 151, 25, 31, 809, 812, 818, 566, 447, 834, 720, 983, 89, 351, 352, 998, 615, 875, 112, 114, 553, 504, 636]
i =  66 [647, 405, 150, 23, 925, 802, 293, 38, 604, 327, 301, 435, 52, 437, 183, 313, 442, 576, 450, 71, 332, 162, 79, 348, 583, 238, 378]
i =  67 [896, 898, 9, 269, 557, 784, 657, 24, 665, 666, 157, 288, 35, 44, 429, 905, 695, 56, 827, 964, 713, 851, 889, 347, 783, 996, 745, 234, 624, 761, 764]
i =  68 [2, 780, 143, 786, 789, 791, 324, 924, 927, 161, 422, 936, 555, 940, 822, 577, 68, 197, 326, 652, 976, 850, 104, 617, 494, 253]
i =  69 [480, 129, 194, 131, 645, 873, 746, 76, 760, 399, 240, 792, 402, 691, 568, 154, 428, 60, 266]
i =  70 [704, 261, 294, 39, 200, 649, 729, 395, 813, 206, 759, 775, 433, 626, 757, 758, 279, 537, 59, 540]
i =  71 [896, 898, 9, 557, 784, 657, 24, 665, 666, 157, 35, 44, 429, 905, 695, 56, 827, 964, 713, 851, 761, 347, 996, 764, 234, 624, 889, 252, 767]
i =  72 [768, 641, 770, 515, 904, 521, 514, 914, 412, 29, 167, 430, 47, 49, 946, 184, 458, 574, 575, 705, 328, 586, 844, 126, 334, 82, 340, 855, 858, 91, 95, 98, 874, 108, 978, 366, 317, 510, 413, 638]
i =  73 [409, 156, 30, 544, 418, 440, 941, 559, 48, 840, 947, 948, 949, 182, 824, 958, 961, 706, 712, 331, 974, 207, 696, 739, 596, 471, 984, 985, 731, 221, 995, 103, 362, 236, 622, 894, 503, 633, 763, 254]
i =  74 [390, 777, 779, 277, 151, 25, 31, 553, 818, 566, 447, 834, 720, 983, 89, 351, 352, 740, 998, 615, 875, 112, 114, 809, 504, 377, 636]
i =  75 [409, 156, 30, 544, 418, 696, 941, 559, 48, 840, 947, 948, 949, 182, 440, 958, 961, 706, 712, 331, 974, 207, 824, 596, 471, 984, 985, 731, 221, 993, 995, 741, 103, 362, 236, 622, 254, 503, 633, 763, 894]
i =  76 [516, 8, 524, 909, 404, 22, 408, 932, 679, 811, 175, 304, 64, 449, 80, 594, 483, 469, 598, 611, 744, 423, 748, 243, 884, 383]
i =  77 [899, 517, 776, 10, 401, 787, 414, 793, 798, 33, 805, 806, 935, 680, 170, 926, 821, 952, 825, 956, 309, 118, 545, 457, 868, 346, 219, 988, 349, 867, 228, 233, 106, 753, 374, 762, 125, 127]
i =  78 [257, 323, 165, 289, 651, 237, 77, 11, 497, 179, 171, 726, 153, 54, 284, 325]
i =  79 [139, 4, 551, 778, 203, 204, 845, 687, 658, 387, 692, 797, 534, 728, 292, 90, 700, 882, 410]
i =  80 [261, 775, 649, 395, 919, 537, 540, 294, 39, 813, 433, 59, 704, 279, 963, 200, 206, 729, 730, 626, 757, 759]
i =  81 [771, 138, 145, 27, 800, 552, 683, 45, 814, 835, 580, 581, 714, 972, 342, 344, 732, 734, 484, 229, 359, 616, 750, 250]
i =  82 [409, 156, 30, 544, 418, 696, 941, 559, 48, 712, 434, 947, 948, 949, 182, 824, 958, 961, 706, 710, 633, 840, 331, 974, 207, 440, 596, 471, 984, 985, 731, 221, 995, 103, 362, 236, 622, 254, 503, 505, 763, 894]
i =  83 [135, 142, 144, 879, 672, 546, 678, 302, 816, 842, 588, 593, 722, 854, 94, 736, 485, 105, 239, 246, 120, 635, 511]
i =  84 [448, 354, 163, 260, 487, 427, 17, 242, 667, 694, 281, 699, 382]
i =  85 [480, 129, 194, 131, 645, 873, 266, 76, 653, 792, 399, 240, 568, 402, 691, 760, 154, 428, 60, 746]
i =  86 [643, 389, 267, 654, 15, 912, 915, 794, 673, 945, 938, 690, 174, 943, 176, 817, 306, 697, 955, 189, 703, 451, 966, 455, 715, 205, 849, 468, 213, 727, 605, 3, 528, 102, 892, 876, 878, 113, 372, 124, 725]
i =  87 [135, 142, 144, 661, 879, 672, 546, 678, 302, 816, 842, 588, 593, 854, 94, 736, 485, 105, 239, 246, 120, 635, 511]
i =  88 [773, 394, 12, 14, 913, 790, 407, 668, 5, 32, 934, 681, 685, 177, 567, 63, 320, 193, 329, 971, 973, 336, 81, 597, 856, 473, 477, 478, 353, 610, 227, 529, 488, 364, 623, 499, 885, 631, 160, 55, 122, 507, 895]
i =  89 [390, 777, 779, 277, 151, 25, 669, 31, 553, 818, 566, 447, 834, 720, 89, 351, 352, 615, 875, 112, 114, 809, 504]
i =  90 [772, 134, 137, 523, 782, 272, 785, 276, 664, 922, 28, 158, 454, 303, 670, 53, 582, 969, 202, 333, 848, 466, 595, 852, 343, 222, 864, 737, 870, 872, 490, 491, 621, 883, 500, 502, 119, 632, 959, 766]
i =  91 [513, 264, 265, 525, 656, 533, 676, 172, 560, 820, 572, 701, 318, 833, 707, 463, 83, 724, 85, 602, 350, 232, 619, 110, 627, 639]
i =  92 [3, 409, 156, 30, 544, 418, 440, 941, 559, 48, 840, 947, 948, 949, 182, 824, 958, 961, 706, 712, 331, 974, 207, 696, 596, 471, 984, 985, 731, 221, 995, 103, 360, 362, 236, 622, 115, 628, 894, 503, 633, 763, 254]
i =  93 [516, 646, 8, 524, 909, 404, 22, 408, 932, 679, 811, 304, 64, 449, 80, 594, 483, 469, 598, 611, 423, 748, 243, 884, 383]
i =  94 [516, 8, 524, 909, 404, 22, 408, 932, 679, 811, 304, 569, 64, 449, 80, 594, 483, 469, 598, 611, 423, 748, 243, 884, 383]
i =  95 [135, 142, 144, 879, 672, 546, 678, 302, 816, 573, 842, 588, 593, 854, 94, 736, 485, 105, 239, 246, 120, 635, 511]
i =  96 [390, 777, 779, 277, 857, 25, 31, 553, 818, 566, 151, 447, 834, 579, 720, 89, 351, 352, 615, 875, 112, 114, 809, 504]
i =  97 [768, 641, 514, 515, 904, 521, 914, 412, 29, 167, 430, 47, 49, 946, 184, 458, 574, 575, 705, 328, 586, 844, 334, 978, 340, 855, 601, 858, 91, 95, 98, 874, 108, 82, 366, 317, 638, 413, 510]
i =  98 [530, 409, 156, 30, 544, 418, 35, 941, 559, 48, 712, 947, 948, 949, 182, 696, 958, 961, 706, 840, 331, 974, 207, 824, 596, 471, 984, 985, 731, 221, 97, 866, 995, 103, 362, 236, 622, 368, 440, 115, 254, 503, 633, 763, 894]
i =  99 [640, 230, 322, 415, 965, 486, 417, 43, 46, 721, 532, 663, 312, 308, 570, 379, 445, 479]
i =  100 [140, 536, 662, 152, 411, 801, 549, 550, 297, 299, 558, 50, 563, 823, 187, 832, 456, 587, 719, 107, 620, 501]
i =  101 [704, 261, 294, 775, 200, 649, 729, 395, 813, 206, 759, 433, 626, 757, 279, 537, 538, 59, 540, 39]
i =  102 [541, 139, 292, 551, 778, 203, 204, 845, 687, 882, 387, 692, 534, 4, 90, 658, 700, 797, 410]
i =  103 [97, 387, 4, 551, 778, 203, 204, 845, 687, 882, 797, 139, 292, 534, 692, 90, 658, 700, 410, 542]
i =  104 [901, 140, 662, 152, 411, 801, 547, 549, 550, 297, 299, 558, 50, 563, 823, 187, 832, 456, 587, 719, 107, 620, 501, 886]
i =  105 [768, 641, 514, 515, 904, 521, 914, 412, 29, 167, 426, 430, 47, 49, 946, 184, 458, 62, 575, 705, 328, 586, 844, 334, 82, 340, 853, 855, 510, 858, 91, 95, 98, 999, 489, 874, 108, 978, 366, 317, 574, 375, 413, 638]
i =  106 [128, 258, 7, 392, 522, 526, 493, 18, 147, 282, 796, 286, 543, 290, 40, 810, 939, 556, 942, 950, 185, 671, 957, 702, 319, 960, 321, 198, 967, 330, 716, 589, 591, 467, 341, 86, 441, 608, 218, 987, 339, 315, 991, 224, 865, 226, 355, 100, 613, 847, 109, 755, 244, 117, 121, 831, 381]
i =  107 [262, 650, 655, 275, 278, 803, 420, 682, 436, 444, 65, 836, 208, 465, 214, 475, 735, 361, 235, 495, 245, 630, 506]
i =  108 [771, 138, 145, 27, 800, 552, 683, 45, 814, 835, 580, 581, 714, 342, 344, 734, 484, 229, 359, 616, 750, 498, 250]
i =  109 [897, 133, 263, 268, 13, 911, 21, 535, 26, 283, 675, 421, 42, 903, 689, 862, 438, 951, 953, 698, 509, 829, 578, 195, 453, 199, 970, 975, 977, 87, 600, 474, 603, 826, 606, 992, 356, 877, 765, 859, 247, 554]
i =  110 [512, 289, 323, 165, 257, 860, 651, 77, 237, 11, 497, 179, 171, 54, 153, 284, 325]
i =  111 [897, 554, 133, 519, 268, 13, 911, 21, 535, 26, 283, 675, 421, 42, 263, 689, 606, 438, 951, 953, 826, 829, 578, 195, 453, 199, 970, 975, 977, 87, 600, 474, 603, 698, 862, 992, 356, 877, 859, 903, 247, 765]
i =  112 [384, 409, 431, 156, 30, 544, 418, 440, 941, 559, 48, 712, 947, 948, 949, 182, 824, 958, 961, 706, 840, 331, 974, 207, 696, 596, 471, 984, 985, 731, 221, 995, 103, 362, 236, 622, 894, 503, 633, 763, 254]
i =  113 [768, 641, 514, 515, 904, 521, 914, 412, 29, 167, 426, 430, 47, 432, 49, 946, 184, 586, 574, 575, 705, 328, 458, 844, 334, 82, 340, 855, 858, 91, 95, 98, 999, 874, 108, 978, 366, 317, 510, 375, 413, 638]
i =  114 [771, 138, 145, 27, 800, 552, 683, 45, 814, 439, 835, 580, 581, 714, 972, 342, 344, 734, 484, 229, 359, 616, 750, 250]
i =  115 [897, 554, 133, 903, 268, 13, 911, 21, 535, 26, 283, 675, 421, 42, 263, 689, 862, 438, 951, 953, 698, 829, 578, 195, 453, 199, 970, 459, 975, 977, 87, 600, 474, 603, 826, 606, 992, 356, 877, 859, 247, 765]
i =  116 [513, 264, 265, 525, 656, 533, 172, 560, 820, 572, 701, 318, 833, 707, 462, 463, 83, 724, 85, 602, 350, 232, 619, 110, 627, 639]
i =  117 [516, 8, 524, 909, 404, 22, 408, 932, 679, 811, 304, 64, 449, 80, 594, 483, 469, 598, 476, 611, 423, 748, 243, 884, 383]
i =  118 [140, 662, 152, 411, 801, 549, 550, 297, 299, 558, 50, 563, 823, 187, 832, 456, 587, 719, 481, 107, 620, 501]
i =  119 [772, 134, 137, 523, 782, 272, 785, 276, 664, 922, 28, 158, 454, 303, 53, 959, 582, 969, 202, 333, 848, 466, 595, 852, 343, 986, 222, 864, 737, 482, 870, 872, 490, 491, 621, 883, 500, 502, 119, 632, 766]
i =  120 [772, 134, 137, 523, 782, 785, 276, 664, 922, 28, 158, 454, 303, 371, 53, 959, 963, 582, 969, 202, 333, 848, 466, 595, 852, 343, 222, 864, 737, 870, 872, 490, 491, 621, 883, 500, 502, 119, 632, 766]
i =  121 [768, 641, 514, 515, 900, 904, 521, 12, 914, 412, 29, 167, 430, 47, 49, 946, 184, 458, 574, 575, 705, 328, 586, 844, 334, 978, 340, 855, 858, 91, 95, 98, 874, 108, 82, 366, 317, 638, 413, 380, 510]
i =  122 [385, 2, 652, 143, 786, 791, 68, 927, 161, 422, 936, 555, 940, 822, 577, 324, 197, 326, 780, 976, 850, 986, 104, 617, 494, 253]
i =  123 [897, 388, 133, 903, 268, 13, 911, 535, 26, 283, 675, 421, 554, 263, 689, 862, 438, 951, 953, 826, 829, 42, 578, 195, 453, 199, 970, 975, 977, 87, 600, 474, 603, 698, 606, 992, 356, 877, 859, 247, 765]
i =  124 [256, 386, 774, 393, 396, 799, 548, 296, 425, 305, 565, 58, 188, 830, 191, 196, 709, 461, 88, 742, 747, 756, 508]
i =  125 [896, 898, 905, 269, 398, 429, 784, 657, 9, 24, 665, 666, 157, 35, 557, 695, 56, 827, 62, 964, 713, 851, 761, 347, 996, 234, 624, 889, 764]
i =  126 [640, 417, 322, 379, 230, 486, 43, 46, 479, 721, 308, 406, 663, 312, 570, 415, 445, 965]
i =  127 [51, 141, 749, 274, 788, 804, 298, 684, 307, 443, 61, 75, 590, 338, 470, 217, 20, 609, 358, 210, 752, 660]
i =  128 [192, 96, 34, 452, 166, 711, 74, 717, 496, 659, 84, 310, 599, 249, 314, 571, 36, 733, 607]
i =  129 [2, 652, 143, 786, 791, 324, 927, 161, 422, 936, 555, 940, 822, 311, 577, 68, 197, 326, 780, 976, 850, 104, 617, 494, 253]
i =  130 [1, 130, 259, 644, 518, 391, 648, 781, 910, 280, 403, 148, 920, 795, 285, 419, 164, 70, 807, 169, 944, 72, 562, 819, 954, 316, 539, 708, 838, 584, 201, 843, 460, 846, 397, 464, 337, 723, 902, 472, 861, 101, 592, 738, 997, 871, 743, 365, 751, 116, 629, 890, 123, 637]
i =  131 [390, 777, 779, 277, 151, 25, 31, 553, 818, 566, 447, 834, 335, 720, 89, 351, 352, 998, 615, 875, 112, 114, 809, 504, 377]
i =  132 [771, 138, 145, 27, 800, 552, 683, 45, 814, 835, 580, 581, 714, 342, 344, 345, 734, 484, 229, 359, 616, 750, 250]
i =  133 [901, 140, 275, 662, 152, 411, 801, 549, 550, 297, 299, 558, 50, 563, 823, 187, 832, 456, 587, 719, 357, 107, 620, 501, 886]
i =  134 [896, 898, 905, 429, 784, 657, 9, 917, 24, 665, 666, 157, 35, 557, 695, 56, 827, 964, 713, 851, 761, 347, 996, 234, 363, 624, 889, 764, 255]
i =  135 [704, 261, 294, 775, 200, 649, 729, 395, 759, 813, 206, 367, 433, 626, 757, 279, 537, 59, 540, 39]
i =  136 [516, 8, 524, 909, 404, 22, 408, 932, 679, 811, 304, 64, 449, 80, 594, 483, 469, 598, 611, 423, 748, 370, 243, 884, 383]
i =  137 [135, 142, 144, 879, 672, 546, 678, 302, 816, 842, 588, 593, 854, 94, 736, 485, 105, 239, 241, 246, 120, 635, 511]
i =  138 [96, 192, 34, 931, 452, 166, 711, 74, 717, 496, 607, 659, 84, 599, 248, 249, 314, 571, 733, 36]
i =  139 [643, 389, 267, 271, 912, 915, 794, 673, 817, 938, 690, 174, 943, 176, 945, 306, 697, 955, 189, 703, 451, 966, 455, 715, 205, 849, 468, 213, 727, 15, 605, 528, 102, 124, 876, 878, 113, 372, 892, 725]
i =  140 [273, 409, 156, 30, 544, 418, 696, 941, 559, 48, 840, 947, 948, 949, 182, 440, 958, 961, 706, 633, 712, 331, 974, 207, 824, 596, 471, 984, 985, 731, 221, 993, 995, 103, 362, 236, 622, 894, 503, 505, 763, 254]
i =  141 [513, 264, 265, 525, 656, 533, 287, 172, 560, 820, 572, 701, 318, 833, 707, 463, 83, 724, 85, 602, 350, 232, 619, 110, 627, 639]
i =  142 [899, 517, 776, 10, 401, 787, 414, 793, 926, 545, 291, 805, 806, 935, 680, 170, 798, 952, 825, 956, 309, 118, 33, 457, 821, 228, 346, 219, 988, 349, 867, 868, 233, 106, 374, 762, 125, 127]
i =  143 [640, 417, 322, 415, 486, 230, 295, 43, 46, 721, 308, 663, 312, 570, 379, 445, 479]
i =  144 [135, 142, 144, 879, 672, 546, 678, 300, 302, 816, 842, 588, 593, 854, 94, 736, 485, 105, 239, 246, 120, 635, 511]
i =  145 [768, 641, 514, 515, 904, 521, 365, 914, 149, 923, 412, 29, 930, 167, 169, 173, 430, 47, 432, 49, 946, 184, 458, 574, 575, 705, 328, 586, 62, 844, 334, 464, 888, 978, 340, 981, 855, 510, 858, 91, 95, 98, 101, 874, 108, 82, 366, 317, 638, 413, 126]
i =  146 [769, 132, 520, 400, 531, 159, 41, 688, 561, 178, 564, 181, 67, 839, 968, 215, 216, 223, 994, 373, 376, 634, 251]
i =  147 [390, 777, 779, 277, 151, 25, 31, 168, 809, 818, 566, 447, 834, 720, 89, 351, 352, 998, 615, 875, 112, 114, 553, 504, 377]
i =  148 [416, 225, 677, 614, 209, 585, 492, 270, 111, 625, 146, 19, 180, 527, 186, 155, 220, 369, 446]
i =  149 [769, 132, 520, 400, 531, 917, 41, 688, 561, 178, 564, 181, 67, 839, 968, 979, 215, 216, 223, 16, 373, 376, 634, 251]
i =  150 [896, 898, 9, 557, 784, 657, 917, 24, 665, 666, 157, 35, 429, 905, 695, 56, 827, 964, 69, 713, 851, 889, 996, 347, 612, 17, 234, 624, 761, 764]
i =  151 [192, 96, 34, 452, 166, 711, 73, 74, 717, 496, 659, 84, 599, 249, 314, 571, 36, 733, 607]
i =  152 [480, 129, 194, 131, 645, 428, 746, 76, 792, 399, 240, 760, 402, 691, 568, 154, 60, 92, 266]
i =  153 [135, 142, 144, 879, 672, 546, 678, 302, 816, 573, 842, 588, 593, 854, 93, 94, 736, 485, 105, 239, 246, 120, 635, 511]
i =  154 [2, 652, 143, 786, 791, 68, 927, 161, 422, 936, 555, 940, 822, 577, 324, 197, 326, 968, 780, 850, 215, 99, 104, 617, 494, 253]
finish get all communities
complete deal_communities
commplete get_all_nature_community
----------------------------------The detection result is: 

all communities: 
i =  1 : [17, 163, 173, 190, 242, 260, 281, 354, 382, 427, 448, 487, 667, 694, 837, 860]
i =  2 : [65, 214, 235, 245, 262, 278, 361, 420, 424, 436, 444, 465, 475, 506, 630, 650, 655, 682, 735, 803, 836, 930, 980, 993]
i =  3 : [17, 163, 242, 260, 281, 354, 382, 427, 448, 487, 667, 694, 699]
i =  4 : [65, 208, 214, 235, 245, 262, 275, 278, 361, 420, 436, 444, 465, 475, 495, 506, 630, 650, 655, 682, 735, 803, 836]
i =  5 : [20, 51, 61, 75, 136, 141, 210, 217, 274, 298, 307, 338, 358, 443, 470, 590, 609, 660, 684, 749, 752, 788, 804, 891]
i =  6 : [1, 70, 72, 101, 116, 123, 130, 148, 164, 169, 201, 212, 259, 280, 285, 316, 337, 365, 391, 397, 403, 419, 460, 464, 472, 518, 539, 562, 584, 592, 629, 637, 644, 648, 708, 723, 738, 743, 751, 781, 795, 807, 819, 838, 843, 846, 861, 871, 890, 902, 910, 920, 944, 954, 997]
i =  7 : [19, 111, 146, 155, 180, 186, 209, 220, 225, 270, 369, 416, 446, 492, 527, 585, 614, 625, 677, 853]
i =  8 : [58, 88, 188, 191, 196, 256, 296, 305, 386, 393, 396, 425, 461, 508, 548, 565, 642, 709, 742, 747, 756, 774, 799, 830]
i =  9 : [23, 38, 52, 71, 79, 150, 162, 183, 238, 293, 301, 313, 327, 332, 348, 378, 405, 435, 437, 442, 450, 576, 583, 604, 647, 754, 802, 925]
i =  10 : [11, 54, 77, 153, 165, 171, 179, 237, 257, 284, 289, 323, 325, 497, 512, 651, 726, 860]
i =  11 : [60, 76, 92, 129, 131, 154, 194, 240, 266, 399, 402, 428, 480, 568, 645, 653, 691, 746, 760, 792, 873]
i =  12 : [5, 12, 14, 32, 55, 63, 81, 122, 160, 177, 193, 227, 320, 329, 336, 353, 364, 394, 407, 473, 477, 478, 488, 499, 507, 529, 567, 597, 610, 623, 631, 668, 681, 685, 773, 790, 856, 885, 895, 913, 928, 934, 962, 971, 973]
i =  13 : [16, 41, 67, 132, 159, 178, 181, 215, 216, 223, 251, 373, 376, 400, 520, 531, 561, 564, 634, 688, 769, 815, 839, 917, 921, 968, 979, 994]
i =  14 : [34, 36, 73, 74, 84, 96, 166, 192, 248, 249, 310, 314, 452, 496, 571, 599, 607, 659, 711, 717, 733, 931]
i =  15 : [43, 46, 230, 295, 308, 312, 322, 379, 406, 415, 417, 445, 479, 486, 532, 570, 640, 663, 686, 721, 965]
i =  16 : [4, 6, 90, 97, 139, 203, 204, 292, 387, 410, 534, 541, 542, 551, 658, 687, 692, 693, 700, 728, 778, 797, 845, 866, 882, 933]
i =  17 : [83, 85, 110, 172, 232, 264, 265, 287, 318, 350, 462, 463, 513, 525, 533, 560, 572, 602, 619, 627, 639, 656, 676, 701, 707, 724, 820, 833, 888]
i =  18 : [28, 53, 119, 134, 137, 158, 202, 222, 272, 276, 303, 333, 343, 371, 454, 466, 482, 490, 491, 500, 502, 523, 582, 595, 621, 632, 664, 670, 737, 766, 772, 782, 785, 848, 852, 864, 870, 872, 883, 893, 922, 959, 963, 969, 986]
i =  19 : [39, 59, 200, 206, 261, 279, 294, 367, 395, 433, 537, 538, 540, 626, 649, 704, 729, 730, 757, 758, 759, 775, 813, 919, 963]
i =  20 : [27, 45, 138, 145, 229, 250, 342, 344, 345, 359, 439, 484, 498, 552, 580, 581, 616, 683, 714, 732, 734, 750, 771, 800, 814, 835, 972]
i =  21 : [50, 107, 140, 152, 187, 275, 297, 299, 357, 411, 456, 481, 501, 536, 547, 549, 550, 558, 563, 587, 620, 662, 719, 801, 823, 832, 886, 901]
i =  22 : [7, 18, 40, 57, 66, 78, 86, 100, 109, 117, 121, 128, 147, 185, 198, 211, 218, 224, 226, 231, 244, 258, 282, 286, 290, 315, 319, 321, 330, 339, 341, 355, 381, 392, 441, 467, 493, 522, 526, 543, 556, 589, 591, 608, 613, 671, 702, 716, 755, 796, 810, 831, 847, 865, 869, 900, 906, 918, 939, 942, 950, 957, 960, 967, 987, 991]
i =  23 : [2, 68, 99, 104, 143, 161, 197, 215, 253, 311, 324, 326, 385, 422, 494, 555, 577, 617, 618, 652, 780, 786, 789, 791, 822, 837, 850, 924, 927, 936, 940, 968, 976, 986]
i =  24 : [3, 15, 102, 113, 124, 174, 176, 189, 205, 213, 267, 271, 306, 372, 389, 451, 455, 468, 528, 605, 643, 654, 673, 690, 697, 703, 715, 725, 727, 794, 817, 849, 873, 876, 878, 892, 912, 915, 938, 943, 945, 955, 966, 989, 1000]
i =  25 : [8, 22, 64, 80, 175, 243, 304, 370, 383, 404, 408, 423, 449, 469, 476, 483, 516, 524, 569, 594, 598, 611, 646, 679, 744, 748, 811, 884, 909, 932]
i =  26 : [93, 94, 105, 120, 135, 142, 144, 239, 241, 246, 300, 302, 485, 511, 546, 573, 588, 593, 635, 661, 672, 678, 722, 736, 816, 842, 854, 879, 982]
i =  27 : [10, 33, 106, 118, 125, 127, 170, 219, 228, 233, 291, 309, 346, 349, 374, 401, 414, 457, 517, 545, 680, 718, 753, 762, 776, 787, 793, 798, 805, 806, 821, 825, 828, 867, 868, 880, 886, 887, 899, 926, 935, 952, 956, 988]
i =  28 : [13, 21, 26, 37, 42, 87, 133, 195, 199, 247, 255, 263, 268, 283, 356, 388, 421, 438, 453, 459, 474, 509, 519, 535, 554, 578, 600, 603, 606, 675, 689, 698, 765, 808, 826, 829, 859, 862, 877, 897, 903, 908, 911, 916, 951, 953, 970, 975, 977, 992]
i =  29 : [25, 31, 89, 112, 114, 151, 168, 277, 335, 351, 352, 377, 390, 447, 504, 553, 566, 579, 615, 636, 669, 720, 740, 777, 779, 809, 812, 818, 834, 857, 875, 881, 983, 998]
i =  30 : [12, 29, 47, 49, 57, 62, 82, 91, 95, 98, 101, 108, 126, 149, 167, 169, 173, 184, 317, 328, 334, 340, 365, 366, 375, 380, 412, 413, 426, 430, 432, 458, 464, 489, 510, 514, 515, 521, 574, 575, 586, 601, 638, 641, 674, 705, 768, 770, 844, 853, 855, 858, 874, 888, 900, 904, 914, 923, 930, 946, 978, 981, 999]
i =  31 : [3, 30, 35, 48, 97, 103, 115, 156, 182, 207, 221, 236, 254, 273, 331, 360, 362, 368, 384, 409, 418, 431, 434, 440, 471, 503, 505, 530, 544, 559, 596, 622, 628, 633, 696, 706, 710, 712, 731, 739, 741, 763, 824, 840, 866, 894, 925, 937, 941, 947, 948, 949, 958, 961, 974, 984, 985, 993, 995]
i =  32 : [9, 17, 24, 35, 44, 56, 62, 69, 157, 234, 252, 255, 269, 288, 347, 363, 398, 429, 557, 612, 624, 657, 665, 666, 695, 713, 745, 761, 764, 767, 783, 784, 827, 841, 851, 863, 889, 896, 898, 905, 907, 917, 929, 964, 990, 996, 999]
overlapping nodes are:  [3, 12, 17, 35, 57, 62, 65, 97, 101, 163, 169, 173, 214, 215, 235, 242, 245, 255, 260, 262, 275, 278, 281, 354, 361, 365, 382, 420, 427, 436, 444, 448, 464, 465, 475, 487, 506, 630, 650, 655, 667, 682, 694, 735, 803, 836, 837, 853, 860, 866, 873, 886, 888, 900, 917, 925, 930, 963, 968, 986, 993, 999] 
 NOO is:  62
total time is:  227.187553883
