lens of ground_truth:  30
ground_truth is: [[55, 57, 96, 166, 169, 177, 185, 206, 280, 313, 368, 377, 389, 409, 410, 415, 444, 503, 520, 526, 527, 549, 661, 670, 673, 677, 691, 694, 701, 702, 719, 736, 737, 793, 809, 820, 834, 836, 858, 894, 895, 905, 914, 927, 936, 943, 959, 963, 964, 967, 971, 978, 994], [5, 7, 28, 84, 105, 130, 203, 265, 323, 328, 345, 372, 493, 510, 580, 600, 609, 618, 648, 666, 672, 776, 823, 855, 962], [10, 18, 28, 30, 32, 39, 47, 64, 82, 96, 104, 116, 126, 163, 165, 167, 182, 207, 215, 222, 254, 257, 267, 273, 315, 318, 362, 364, 365, 374, 382, 398, 413, 420, 422, 425, 426, 442, 443, 458, 476, 492, 495, 496, 517, 525, 541, 544, 556, 574, 576, 590, 599, 606, 638, 682, 686, 693, 696, 787, 788, 809, 828, 866, 873, 887, 891, 925, 956, 959, 961, 973, 993], [56, 61, 90, 110, 134, 184, 193, 243, 248, 268, 302, 340, 370, 388, 399, 412, 427, 437, 463, 466, 469, 477, 501, 505, 532, 534, 536, 560, 572, 641, 644, 650, 664, 717, 730, 765, 794, 800, 804, 939, 976, 984, 985, 989, 990, 999], [9, 15, 19, 27, 92, 103, 130, 147, 157, 166, 178, 188, 191, 198, 225, 230, 245, 257, 273, 310, 322, 333, 335, 365, 371, 379, 380, 385, 390, 397, 405, 413, 429, 438, 450, 464, 471, 489, 497, 507, 519, 521, 525, 530, 547, 554, 565, 566, 569, 574, 579, 580, 584, 592, 594, 605, 609, 617, 636, 637, 639, 672, 682, 697, 724, 740, 744, 760, 762, 774, 782, 798, 801, 806, 811, 829, 846, 852, 856, 861, 870, 889, 900, 901, 917, 919, 931, 938, 939, 945, 946, 954, 965, 966, 979, 996], [15, 53, 67, 68, 72, 76, 117, 159, 161, 202, 302, 303, 327, 415, 416, 469, 512, 536, 562, 636, 704, 721, 749, 763, 772, 773, 805, 816, 849, 870, 903, 975, 983, 988], [12, 13, 14, 21, 33, 50, 117, 127, 128, 132, 173, 180, 181, 182, 199, 214, 240, 241, 244, 274, 294, 328, 339, 345, 359, 367, 385, 400, 448, 452, 479, 515, 591, 598, 621, 622, 625, 709, 720, 723, 742, 745, 780, 830, 850, 859, 871, 888, 894, 898, 910, 924, 949, 952, 997], [22, 51, 63, 64, 69, 107, 119, 144, 160, 169, 199, 200, 205, 245, 250, 253, 259, 285, 296, 300, 305, 306, 311, 312, 314, 319, 341, 343, 344, 360, 361, 379, 414, 420, 429, 449, 454, 458, 468, 472, 492, 533, 631, 656, 657, 663, 681, 711, 730, 735, 769, 774, 787, 789, 791, 804, 817, 820, 821, 827, 829, 831, 839, 840, 854, 860, 864, 869, 874, 876, 883, 904, 930, 941, 949, 953, 956, 957, 961, 969, 973], [44, 59, 115, 116, 145, 159, 220, 248, 262, 287, 291, 320, 382, 403, 451, 453, 489, 502, 528, 586, 614, 678, 699, 712, 713, 720, 739, 799, 807, 838, 875, 879, 896, 899, 906, 907, 957, 965, 993], [46, 77, 125, 140, 141, 158, 192, 240, 250, 258, 268, 281, 296, 320, 327, 333, 375, 406, 441, 488, 543, 551, 557, 620, 662, 678, 697, 736, 740, 807, 822, 825, 832, 845, 881, 892, 899, 947, 974], [84, 86, 99, 135, 216, 219, 230, 317, 386, 394, 486, 555, 559, 562, 577, 598, 626, 630, 685, 703, 704, 707, 768, 769, 773, 778, 812, 842, 852, 855, 877, 897], [20, 24, 30, 31, 35, 40, 42, 43, 47, 60, 81, 97, 106, 133, 141, 155, 178, 211, 213, 214, 233, 238, 246, 249, 256, 289, 297, 332, 336, 337, 342, 344, 353, 402, 403, 406, 409, 423, 427, 440, 467, 471, 474, 480, 508, 524, 537, 552, 601, 603, 605, 653, 673, 681, 715, 725, 733, 758, 781, 783, 799, 837, 848, 850, 880, 918, 922, 935, 940, 944, 955, 964, 982, 986, 995], [3, 26, 34, 102, 143, 271, 278, 282, 309, 330, 376, 404, 472, 483, 506, 541, 611, 659, 663, 718, 734, 743, 795, 838, 858], [2, 3, 37, 45, 52, 67, 70, 73, 131, 138, 201, 290, 292, 295, 298, 316, 323, 329, 396, 399, 414, 432, 475, 501, 509, 518, 531, 538, 543, 547, 567, 623, 624, 642, 649, 667, 724, 811, 825, 835, 851, 857, 908, 930, 942, 958, 998], [6, 11, 17, 19, 25, 58, 76, 79, 124, 253, 260, 263, 265, 293, 316, 321, 350, 418, 419, 474, 485, 523, 553, 595, 602, 645, 651, 675, 727, 728, 764, 767, 779, 796, 808, 835, 864, 869, 871, 889, 914, 924, 929, 942, 944, 969, 978], [90, 123, 260, 262, 277, 307, 324, 325, 346, 370, 436, 446, 473, 498, 513, 597, 607, 615, 684, 719, 747, 884, 904, 946, 977], [10, 25, 61, 80, 89, 98, 120, 140, 171, 183, 210, 212, 217, 256, 272, 279, 283, 298, 315, 334, 349, 352, 357, 366, 373, 402, 411, 421, 430, 457, 465, 499, 507, 516, 537, 542, 558, 561, 566, 573, 575, 582, 594, 596, 601, 610, 612, 634, 643, 680, 683, 690, 700, 705, 707, 725, 739, 748, 767, 770, 785, 792, 795, 815, 816, 833, 886, 888, 907, 915, 948, 990], [88, 122, 139, 187, 224, 234, 261, 312, 322, 336, 348, 371, 449, 454, 546, 622, 627, 632, 664, 667, 738, 741, 763, 834, 887, 905, 919, 953], [33, 75, 87, 91, 118, 138, 185, 206, 207, 223, 231, 254, 303, 319, 384, 438, 455, 480, 504, 546, 551, 583, 597, 610, 611, 625, 658, 660, 668, 698, 710, 723, 726, 729, 732, 844, 912], [16, 24, 36, 43, 48, 49, 54, 66, 74, 78, 95, 107, 112, 113, 120, 137, 156, 162, 175, 181, 195, 205, 236, 255, 267, 284, 304, 374, 384, 387, 412, 417, 459, 498, 564, 585, 617, 629, 630, 631, 638, 639, 655, 657, 662, 687, 700, 708, 751, 758, 771, 776, 793, 803, 814, 826, 874, 875, 884, 913, 915, 928, 968], [27, 31, 87, 94, 158, 194, 232, 251, 259, 266, 281, 288, 326, 363, 410, 455, 484, 500, 502, 511, 633, 695], [4, 21, 45, 62, 63, 65, 103, 112, 128, 145, 152, 153, 168, 170, 176, 208, 223, 235, 239, 270, 347, 389, 400, 411, 428, 434, 440, 470, 570, 585, 587, 632, 637, 716, 755, 757, 759, 766, 768, 781, 802, 819, 822, 824, 853, 857, 891, 893, 921, 922, 926, 950, 960, 972, 977, 987, 988, 991, 994, 1000], [13, 51, 73, 83, 105, 113, 134, 150, 151, 155, 160, 174, 180, 212, 213, 237, 239, 247, 269, 283, 301, 342, 351, 352, 393, 417, 424, 430, 456, 460, 514, 521, 528, 535, 542, 545, 550, 589, 640, 643, 650, 652, 654, 656, 666, 668, 671, 688, 705, 714, 733, 748, 754, 770, 783, 818, 819, 842, 879, 885, 896, 897, 911, 917, 920, 932, 940, 943, 966, 974, 975, 995], [40, 101, 133, 186, 189, 264, 277, 317, 334, 401, 445, 494, 571, 575, 579, 619, 626, 647, 649, 674, 706, 709, 798, 856, 862, 892, 903, 970, 976, 984], [62, 82, 148, 154, 179, 202, 218, 229, 235, 236, 290, 313, 360, 392, 397, 434, 444, 447, 448, 464, 487, 552, 563, 604, 608, 623, 648, 684, 722, 746, 772, 813, 868, 877, 911, 981], [8, 41, 66, 93, 94, 102, 108, 114, 121, 125, 142, 170, 174, 183, 198, 209, 215, 218, 224, 242, 252, 255, 264, 275, 276, 286, 310, 314, 324, 329, 330, 335, 341, 354, 355, 366, 390, 391, 392, 393, 405, 407, 431, 435, 442, 450, 461, 478, 481, 491, 512, 540, 545, 554, 569, 588, 593, 616, 627, 635, 646, 669, 676, 679, 688, 689, 706, 750, 754, 761, 780, 786, 801, 806, 808, 810, 812, 843, 863, 865, 873, 876, 880, 908, 933, 954, 962, 980, 983, 985], [14, 18, 23, 38, 42, 71, 75, 85, 95, 100, 101, 109, 122, 146, 149, 197, 227, 228, 289, 299, 308, 368, 376, 383, 408, 419, 439, 468, 484, 516, 518, 548, 573, 589, 592, 731, 756, 784, 794, 823, 828, 831, 833, 861, 867, 872, 890, 910, 948], [2, 17, 32, 41, 46, 57, 91, 110, 126, 127, 129, 135, 136, 164, 172, 179, 188, 195, 203, 222, 238, 243, 251, 263, 270, 343, 361, 362, 369, 375, 381, 387, 426, 428, 432, 433, 462, 477, 505, 510, 534, 557, 568, 576, 578, 581, 593, 612, 613, 614, 742, 757, 775, 785, 791, 882, 909, 923, 926, 938, 950, 951, 963, 968, 970, 982, 992, 998], [1, 59, 111, 142, 171, 190, 204, 216, 219, 226, 233, 338, 354, 356, 378, 490, 499, 500, 531, 539, 565, 621, 658, 675, 692, 696, 710, 752, 841, 886], [29, 49, 54, 68, 70, 80, 109, 114, 154, 156, 173, 196, 221, 242, 249, 285, 325, 331, 339, 358, 380, 395, 421, 470, 476, 482, 517, 522, 529, 530, 582, 596, 628, 629, 652, 665, 753, 777, 778, 786, 790, 797, 847, 878, 898, 902, 916, 934, 937, 979, 981]]
nodes: [589, 629, 697, 707, 720, 743, 759, 760, 762, 771, 780, 788, 803, 818, 820, 831, 832, 837, 841, 848, 851, 855, 876, 899, 902, 905, 910, 912, 914, 919, 928, 930, 943, 945, 948, 956, 969, 970, 972, 977, 979, 981, 982, 983, 985, 990, 993, 995, 998] num of nodes:  49
[[85, 890, 872, 828, 589], [331, 937, 934, 629, 916], [258, 974, 947, 845, 488, 697, 807], [486, 897, 577, 703, 707, 685], [214, 720, 997, 367, 745], [271, 743, 659, 734, 718, 404, 795, 278], [168, 1000, 853, 991, 960, 921, 893, 759], [157, 901, 760, 198], [191, 931, 939, 762, 744], [387, 771, 875, 884, 751], [359, 997, 745, 949, 780], [39, 788, 961, 606], [708, 814, 826, 803, 913, 751], [237, 920, 818, 885, 932], [527, 971, 994, 927, 820], [85, 890, 872, 828, 592, 831], [441, 832, 845, 947, 620, 892, 881], [297, 955, 918, 935, 337, 837], [204, 356, 841, 490, 692, 752, 378, 539], [337, 848, 524, 935, 922], [475, 958, 642, 851, 624, 538], [5, 962, 618, 855, 648, 600], [711, 941, 817, 876], [620, 947, 845, 974, 881, 899, 822], [358, 934, 937, 902, 777, 753, 628, 790, 665], [549, 927, 936, 971, 994, 905, 964], [244, 479, 910, 830, 952, 859, 742], [231, 844, 912, 729, 726, 504, 583], [409, 971, 927, 836, 914, 503], [139, 738, 741, 919, 187], [16, 928, 913, 826, 137], [52, 958, 825, 930, 295], [55, 836, 737, 936, 943, 691, 971], [322, 945, 917, 996, 846], [227, 948, 299, 890, 756], [165, 925, 866, 693, 956], [602, 764, 779, 796, 969, 978], [401, 984, 862, 619, 494, 571, 647, 970], [716, 960, 921, 991, 802, 1000, 893, 891, 972], [307, 615, 747, 904, 977, 884, 346, 597], [395, 790, 979, 878, 937, 797, 777, 847], [196, 934, 937, 878, 797, 981, 916], [775, 992, 950, 968, 982, 923, 951], [161, 749, 983, 704, 721, 849, 975], [340, 999, 989, 641, 572, 985, 650], [193, 999, 989, 800, 984, 794, 990], [220, 713, 993, 712, 906, 699], [995, 20, 353, 918, 935], [45, 998, 908, 942, 958]]
len of cliques:  49
length of seeds:  49
seeds:  [[358, 934, 937, 902, 777, 753, 628, 790, 665], [716, 960, 921, 991, 802, 1000, 893, 891, 972], [271, 743, 659, 734, 718, 404, 795, 278], [168, 1000, 853, 991, 960, 921, 893, 759], [204, 356, 841, 490, 692, 752, 378, 539], [401, 984, 862, 619, 494, 571, 647, 970], [307, 615, 747, 904, 977, 884, 346, 597], [395, 790, 979, 878, 937, 797, 777, 847], [258, 974, 947, 845, 488, 697, 807], [441, 832, 845, 947, 620, 892, 881], [620, 947, 845, 974, 881, 899, 822], [549, 927, 936, 971, 994, 905, 964], [244, 479, 910, 830, 952, 859, 742], [231, 844, 912, 729, 726, 504, 583], [55, 836, 737, 936, 943, 691, 971], [196, 934, 937, 878, 797, 981, 916], [775, 992, 950, 968, 982, 923, 951], [161, 749, 983, 704, 721, 849, 975], [340, 999, 989, 641, 572, 985, 650], [193, 999, 989, 800, 984, 794, 990], [486, 897, 577, 703, 707, 685], [708, 814, 826, 803, 913, 751], [85, 890, 872, 828, 592, 831], [297, 955, 918, 935, 337, 837], [475, 958, 642, 851, 624, 538], [5, 962, 618, 855, 648, 600], [409, 971, 927, 836, 914, 503], [602, 764, 779, 796, 969, 978], [220, 713, 993, 712, 906, 699], [85, 890, 872, 828, 589], [331, 937, 934, 629, 916], [214, 720, 997, 367, 745], [191, 931, 939, 762, 744], [387, 771, 875, 884, 751], [359, 997, 745, 949, 780], [237, 920, 818, 885, 932], [527, 971, 994, 927, 820], [337, 848, 524, 935, 922], [139, 738, 741, 919, 187], [16, 928, 913, 826, 137], [52, 958, 825, 930, 295], [322, 945, 917, 996, 846], [227, 948, 299, 890, 756], [165, 925, 866, 693, 956], [995, 20, 353, 918, 935], [45, 998, 908, 942, 958], [157, 901, 760, 198], [39, 788, 961, 606], [711, 941, 817, 876]]
seeds_fitness [0.1769041769041769, 0.11783960720130933, 0.23529411764705882, 0.10748560460652591, 0.2828282828282828, 0.1278538812785388, 0.1278538812785388, 0.11991434689507495, 0.09905660377358491, 0.11475409836065574, 0.07954545454545454, 0.052830188679245285, 0.0911062906724512, 0.17872340425531916, 0.07984790874524715, 0.08349900596421471, 0.05817174515235457, 0.09836065573770492, 0.08588957055214724, 0.06422018348623854, 0.10135135135135136, 0.08021390374331551, 0.07712082262210797, 0.06912442396313365, 0.10600706713780919, 0.09836065573770492, 0.05649717514124294, 0.056179775280898875, 0.0847457627118644, 0.06289308176100629, 0.05405405405405406, 0.056179775280898875, 0.04201680672268908, 0.04319654427645788, 0.048426150121065374, 0.0468384074941452, 0.03048780487804878, 0.05012531328320802, 0.09049773755656108, 0.0625, 0.05154639175257732, 0.03731343283582089, 0.05917159763313609, 0.04866180048661801, 0.04415011037527594, 0.037037037037037035, 0.045454545454545456, 0.038461538461538464, 0.0316622691292876]
after sort list of tuple: [(4, 0.2828282828282828), (2, 0.23529411764705882), (13, 0.17872340425531916), (0, 0.1769041769041769), (5, 0.1278538812785388), (6, 0.1278538812785388), (7, 0.11991434689507495), (1, 0.11783960720130933), (9, 0.11475409836065574), (3, 0.10748560460652591), (24, 0.10600706713780919), (20, 0.10135135135135136), (8, 0.09905660377358491), (17, 0.09836065573770492), (25, 0.09836065573770492), (12, 0.0911062906724512), (38, 0.09049773755656108), (18, 0.08588957055214724), (28, 0.0847457627118644), (15, 0.08349900596421471), (21, 0.08021390374331551), (14, 0.07984790874524715), (10, 0.07954545454545454), (22, 0.07712082262210797), (23, 0.06912442396313365), (19, 0.06422018348623854), (29, 0.06289308176100629), (39, 0.0625), (42, 0.05917159763313609), (16, 0.05817174515235457), (26, 0.05649717514124294), (27, 0.056179775280898875), (31, 0.056179775280898875), (30, 0.05405405405405406), (11, 0.052830188679245285), (40, 0.05154639175257732), (37, 0.05012531328320802), (43, 0.04866180048661801), (34, 0.048426150121065374), (35, 0.0468384074941452), (46, 0.045454545454545456), (44, 0.04415011037527594), (33, 0.04319654427645788), (32, 0.04201680672268908), (47, 0.038461538461538464), (41, 0.03731343283582089), (45, 0.037037037037037035), (48, 0.0316622691292876), (36, 0.03048780487804878)]
seeds_sorted [[204, 356, 841, 490, 692, 752, 378, 539], [271, 743, 659, 734, 718, 404, 795, 278], [231, 844, 912, 729, 726, 504, 583], [358, 934, 937, 902, 777, 753, 628, 790, 665], [401, 984, 862, 619, 494, 571, 647, 970], [307, 615, 747, 904, 977, 884, 346, 597], [395, 790, 979, 878, 937, 797, 777, 847], [716, 960, 921, 991, 802, 1000, 893, 891, 972], [441, 832, 845, 947, 620, 892, 881], [168, 1000, 853, 991, 960, 921, 893, 759], [475, 958, 642, 851, 624, 538], [486, 897, 577, 703, 707, 685], [258, 974, 947, 845, 488, 697, 807], [161, 749, 983, 704, 721, 849, 975], [5, 962, 618, 855, 648, 600], [244, 479, 910, 830, 952, 859, 742], [139, 738, 741, 919, 187], [340, 999, 989, 641, 572, 985, 650], [220, 713, 993, 712, 906, 699], [196, 934, 937, 878, 797, 981, 916], [708, 814, 826, 803, 913, 751], [55, 836, 737, 936, 943, 691, 971], [620, 947, 845, 974, 881, 899, 822], [85, 890, 872, 828, 592, 831], [297, 955, 918, 935, 337, 837], [193, 999, 989, 800, 984, 794, 990], [85, 890, 872, 828, 589], [16, 928, 913, 826, 137], [227, 948, 299, 890, 756], [775, 992, 950, 968, 982, 923, 951], [409, 971, 927, 836, 914, 503], [602, 764, 779, 796, 969, 978], [214, 720, 997, 367, 745], [331, 937, 934, 629, 916], [549, 927, 936, 971, 994, 905, 964], [52, 958, 825, 930, 295], [337, 848, 524, 935, 922], [165, 925, 866, 693, 956], [359, 997, 745, 949, 780], [237, 920, 818, 885, 932], [157, 901, 760, 198], [995, 20, 353, 918, 935], [387, 771, 875, 884, 751], [191, 931, 939, 762, 744], [39, 788, 961, 606], [322, 945, 917, 996, 846], [45, 998, 908, 942, 958], [711, 941, 817, 876], [527, 971, 994, 927, 820]]
args__________ ([[204, 356, 841, 490, 692, 752, 378, 539], [527, 971, 994, 927, 820]],)
args__________ ([[271, 743, 659, 734, 718, 404, 795, 278], [711, 941, 817, 876]],)
args__________ ([[231, 844, 912, 729, 726, 504, 583], [45, 998, 908, 942, 958]],)
args__________ ([[358, 934, 937, 902, 777, 753, 628, 790, 665], [322, 945, 917, 996, 846]],)
args__________ ([[401, 984, 862, 619, 494, 571, 647, 970], [39, 788, 961, 606]],)
args__________ ([[307, 615, 747, 904, 977, 884, 346, 597], [191, 931, 939, 762, 744]],)
args__________ ([[395, 790, 979, 878, 937, 797, 777, 847], [387, 771, 875, 884, 751]],)
args__________ ([[716, 960, 921, 991, 802, 1000, 893, 891, 972], [995, 20, 353, 918, 935]],)
args__________ ([[441, 832, 845, 947, 620, 892, 881], [157, 901, 760, 198]],)
args__________ ([[168, 1000, 853, 991, 960, 921, 893, 759], [237, 920, 818, 885, 932]],)
args__________ ([[475, 958, 642, 851, 624, 538], [359, 997, 745, 949, 780]],)
args__________ ([[486, 897, 577, 703, 707, 685], [165, 925, 866, 693, 956]],)
args__________ ([[258, 974, 947, 845, 488, 697, 807], [337, 848, 524, 935, 922]],)
args__________ ([[161, 749, 983, 704, 721, 849, 975], [52, 958, 825, 930, 295]],)
args__________ ([[5, 962, 618, 855, 648, 600], [549, 927, 936, 971, 994, 905, 964]],)
args__________ ([[244, 479, 910, 830, 952, 859, 742], [331, 937, 934, 629, 916]],)
args__________ ([[139, 738, 741, 919, 187], [214, 720, 997, 367, 745]],)
args__________ ([[340, 999, 989, 641, 572, 985, 650]],)
args__________ ([[220, 713, 993, 712, 906, 699]],)
args__________ ([[196, 934, 937, 878, 797, 981, 916]],)
args__________ ([[708, 814, 826, 803, 913, 751]],)
args__________ ([[55, 836, 737, 936, 943, 691, 971]],)
args__________ ([[620, 947, 845, 974, 881, 899, 822]],)
args__________ ([[85, 890, 872, 828, 592, 831]],)
args__________ ([[297, 955, 918, 935, 337, 837]],)
args__________ ([[193, 999, 989, 800, 984, 794, 990]],)
args__________ ([[85, 890, 872, 828, 589]],)
args__________ ([[16, 928, 913, 826, 137]],)
args__________ ([[227, 948, 299, 890, 756]],)
args__________ ([[775, 992, 950, 968, 982, 923, 951]],)
args__________ ([[409, 971, 927, 836, 914, 503]],)
args__________ ([[602, 764, 779, 796, 969, 978]],)
finish process___________________
i =  0 [1, 226, 356, 841, 490, 204, 111, 752, 338, 692, 378, 539, 190]
i =  1 [520, 526, 527, 661, 280, 409, 410, 670, 927, 549, 936, 177, 691, 820, 694, 55, 185, 444, 701, 702, 836, 967, 971, 677, 737, 994, 368, 503, 377, 895]
i =  2 [34, 3, 102, 743, 330, 718, 143, 271, 282, 483, 659, 309, 278, 376, 404, 506, 795, 26, 734]
i =  3 [259, 144, 789, 22, 791, 414, 160, 817, 839, 300, 941, 305, 306, 821, 311, 312, 314, 827, 69, 711, 840, 341, 854, 343, 344, 860, 735, 361, 876, 883, 245, 119, 250, 200, 253, 533]
i =  4 [480, 118, 455, 583, 138, 231, 844, 206, 207, 912, 660, 726, 87, 504, 729, 698, 732, 319]
i =  5 [642, 131, 908, 531, 73, 538, 329, 290, 547, 292, 37, 295, 298, 45, 942, 52, 567, 958, 67, 70, 201, 851, 475, 998, 623, 624, 396, 509]
i =  6 [902, 777, 522, 395, 529, 916, 790, 665, 29, 934, 937, 797, 196, 331, 847, 221, 482, 358, 878, 753, 628, 629]
i =  7 [257, 130, 900, 901, 390, 519, 9, 450, 782, 15, 147, 917, 27, 157, 801, 931, 166, 811, 945, 438, 569, 954, 191, 322, 310, 198, 225, 584, 333, 846, 592, 92, 609, 996, 806, 744, 497, 371, 760, 762, 507, 380]
i =  8 [674, 579, 133, 647, 970, 619, 706, 494, 317, 401, 626, 334, 984, 445, 186, 571, 101, 189, 862, 277]
i =  9 [257, 10, 599, 398, 18, 787, 788, 28, 925, 30, 32, 163, 420, 165, 422, 39, 425, 426, 556, 686, 47, 693, 442, 443, 318, 64, 961, 590, 82, 544, 606, 866, 104, 167, 364, 495, 496, 413]
i =  10 [513, 324, 262, 615, 904, 747, 597, 977, 307, 884, 277, 473, 436, 346, 123, 446, 607]
i =  11 [1, 2, 3, 4, 5, 6, 7, 8, 9, 10, 11, 12, 13, 14, 15, 16, 17, 18, 19, 20, 21, 22, 23, 24, 25, 26, 27, 28, 29, 30, 31, 32, 33, 34, 35, 36, 37, 38, 39, 40, 41, 42, 43, 44, 45, 46, 47, 48, 49, 50, 51, 52, 53, 54, 55, 56, 57, 58, 59, 60, 61, 62, 63, 64, 65, 66, 67, 68, 69, 70, 71, 72, 73, 74, 75, 76, 77, 78, 79, 80, 81, 82, 83, 84, 85, 86, 87, 88, 89, 90, 91, 92, 93, 94, 95, 96, 97, 98, 99, 100, 101, 102, 103, 104, 105, 106, 107, 108, 109, 110, 111, 112, 113, 114, 115, 116, 117, 118, 119, 120, 121, 122, 123, 124, 125, 126, 127, 128, 129, 130, 131, 132, 133, 134, 135, 136, 137, 138, 139, 140, 141, 142, 143, 144, 145, 146, 147, 148, 149, 150, 151, 152, 153, 154, 155, 156, 157, 158, 159, 160, 161, 162, 163, 164, 165, 166, 167, 168, 169, 170, 171, 172, 173, 174, 175, 176, 177, 178, 179, 180, 181, 182, 183, 184, 185, 186, 187, 188, 189, 190, 191, 192, 193, 194, 195, 196, 197, 198, 199, 200, 201, 202, 203, 204, 205, 206, 207, 208, 209, 210, 211, 212, 213, 214, 215, 216, 217, 218, 219, 220, 221, 222, 223, 224, 225, 226, 227, 228, 229, 230, 231, 232, 233, 234, 235, 236, 237, 238, 239, 240, 241, 242, 243, 244, 245, 246, 247, 248, 249, 250, 251, 252, 253, 254, 255, 256, 257, 258, 259, 260, 261, 262, 263, 264, 265, 266, 267, 268, 269, 270, 271, 272, 273, 274, 275, 276, 277, 278, 279, 280, 281, 282, 283, 284, 285, 286, 287, 288, 289, 290, 291, 292, 293, 294, 295, 296, 297, 298, 299, 300, 301, 302, 303, 304, 305, 306, 307, 308, 309, 310, 311, 312, 313, 314, 315, 316, 317, 318, 319, 320, 321, 322, 323, 324, 325, 326, 327, 328, 329, 330, 331, 332, 333, 334, 335, 336, 337, 338, 339, 340, 341, 342, 343, 344, 345, 346, 347, 348, 349, 350, 351, 352, 353, 354, 355, 356, 357, 358, 359, 360, 361, 362, 363, 364, 365, 366, 367, 368, 369, 370, 371, 372, 373, 374, 375, 376, 377, 378, 379, 380, 381, 382, 383, 384, 385, 386, 387, 388, 389, 390, 391, 392, 393, 394, 395, 396, 397, 398, 399, 400, 401, 402, 403, 404, 405, 406, 407, 408, 409, 410, 411, 412, 413, 414, 415, 416, 417, 418, 419, 420, 421, 422, 423, 424, 425, 426, 427, 428, 429, 430, 431, 432, 433, 434, 435, 436, 437, 438, 439, 440, 441, 442, 443, 444, 445, 446, 447, 448, 449, 450, 451, 452, 453, 454, 455, 456, 457, 458, 459, 460, 461, 462, 463, 464, 465, 466, 467, 468, 469, 470, 471, 472, 473, 474, 475, 476, 477, 478, 479, 480, 481, 482, 483, 484, 485, 486, 487, 488, 489, 490, 491, 492, 493, 494, 495, 496, 497, 498, 499, 500, 501, 502, 503, 504, 505, 506, 507, 508, 509, 510, 511, 512, 513, 514, 515, 516, 517, 518, 519, 520, 521, 522, 523, 524, 525, 526, 527, 528, 529, 530, 531, 532, 533, 534, 535, 536, 537, 538, 539, 540, 541, 542, 543, 544, 545, 546, 547, 548, 549, 550, 551, 552, 553, 554, 555, 556, 557, 558, 559, 560, 561, 562, 563, 564, 565, 566, 567, 568, 569, 570, 571, 572, 573, 574, 575, 576, 577, 578, 579, 580, 581, 582, 583, 584, 585, 586, 587, 588, 589, 590, 591, 592, 593, 594, 595, 596, 597, 598, 599, 600, 601, 602, 603, 604, 605, 606, 607, 608, 609, 610, 611, 612, 613, 614, 615, 616, 617, 618, 619, 620, 621, 622, 623, 624, 625, 626, 627, 628, 629, 630, 631, 632, 633, 634, 635, 636, 637, 638, 639, 640, 641, 642, 643, 644, 645, 646, 647, 648, 649, 650, 651, 652, 653, 654, 655, 656, 657, 658, 659, 660, 661, 662, 663, 664, 665, 666, 667, 668, 669, 670, 671, 672, 673, 674, 675, 676, 677, 678, 679, 680, 681, 682, 683, 684, 685, 686, 687, 688, 689, 690, 691, 692, 693, 694, 695, 696, 697, 698, 699, 700, 701, 702, 703, 704, 705, 706, 707, 708, 709, 710, 711, 712, 713, 714, 715, 716, 717, 718, 719, 720, 721, 722, 723, 724, 725, 726, 727, 728, 729, 730, 731, 732, 733, 734, 735, 736, 737, 738, 739, 740, 741, 742, 743, 744, 745, 746, 747, 748, 749, 750, 751, 752, 753, 754, 755, 756, 757, 758, 759, 760, 761, 762, 763, 764, 765, 766, 767, 768, 769, 770, 771, 772, 773, 774, 775, 776, 777, 778, 779, 780, 781, 782, 783, 784, 785, 786, 787, 788, 789, 790, 791, 792, 793, 794, 795, 796, 797, 798, 799, 800, 801, 802, 803, 804, 805, 806, 807, 808, 809, 810, 811, 812, 813, 814, 815, 816, 817, 818, 819, 820, 821, 822, 823, 824, 825, 826, 827, 828, 829, 830, 831, 832, 833, 834, 835, 836, 837, 838, 839, 840, 841, 842, 843, 844, 845, 846, 847, 848, 849, 850, 851, 852, 853, 854, 855, 856, 857, 858, 859, 860, 861, 862, 863, 864, 865, 866, 867, 868, 869, 870, 871, 872, 873, 874, 875, 876, 877, 878, 879, 880, 881, 882, 883, 884, 885, 886, 887, 888, 889, 890, 891, 892, 893, 894, 895, 896, 897, 898, 899, 900, 901, 902, 903, 904, 905, 906, 907, 908, 909, 910, 911, 912, 913, 914, 915, 916, 917, 918, 919, 920, 921, 922, 923, 924, 925, 926, 927, 928, 929, 930, 931, 932, 933, 934, 935, 936, 937, 938, 939, 940, 941, 942, 943, 944, 945, 946, 947, 948, 949, 950, 951, 952, 953, 954, 955, 956, 957, 958, 959, 960, 961, 962, 963, 964, 965, 966, 967, 968, 969, 970, 971, 972, 973, 974, 975, 976, 977, 978, 979, 980, 981, 982, 983, 984, 985, 986, 987, 988, 989, 990, 991, 992, 993, 994, 995, 996, 997, 998, 999, 1000]
i =  12 [902, 777, 522, 395, 529, 916, 790, 665, 29, 934, 937, 797, 196, 331, 847, 979, 221, 482, 358, 878, 753, 628, 629]
i =  13 [771, 137, 655, 16, 913, 387, 687, 284, 928, 304, 162, 803, 36, 814, 175, 48, 49, 564, 181, 54, 826, 708, 74, 459, 78, 107, 617, 875, 751, 113, 498, 884, 629]
i =  14 [4, 21, 921, 152, 153, 802, 987, 168, 176, 824, 570, 960, 65, 716, 587, 972, 208, 853, 347, 991, 1000, 239, 755, 759, 891, 893, 766]
i =  15 [256, 524, 653, 20, 918, 24, 537, 155, 31, 35, 423, 297, 42, 955, 60, 837, 97, 715, 332, 848, 337, 211, 725, 986, 603, 353, 995, 81, 106, 935, 467, 246, 508]
i =  16 [832, 192, 258, 740, 327, 488, 620, 845, 46, 77, 141, 881, 125, 947, 333, 375, 441, 250, 892, 557, 158]
i =  17 [130, 939, 900, 901, 390, 391, 9, 525, 782, 273, 147, 405, 27, 157, 798, 801, 931, 682, 774, 806, 938, 519, 945, 435, 438, 569, 954, 188, 191, 322, 579, 310, 198, 584, 73, 846, 397, 450, 760, 547, 724, 856, 335, 92, 186, 225, 99, 996, 166, 230, 103, 744, 497, 371, 592, 852, 762, 379, 554]
i =  18 [4, 21, 921, 152, 153, 802, 987, 168, 176, 824, 570, 62, 63, 960, 65, 972, 587, 716, 208, 853, 347, 991, 1000, 239, 755, 759, 893, 766]
i =  19 [640, 514, 393, 535, 269, 654, 150, 151, 920, 671, 417, 932, 550, 424, 301, 818, 456, 73, 714, 460, 13, 83, 351, 352, 237, 113, 885, 247]
i =  20 [642, 131, 396, 2, 399, 201, 538, 329, 292, 37, 295, 298, 432, 52, 567, 958, 70, 73, 851, 475, 623, 624, 509]
i =  21 [128, 385, 515, 132, 780, 14, 274, 33, 294, 50, 949, 182, 952, 830, 181, 452, 199, 12, 591, 859, 479, 997, 359, 745, 621, 367, 241, 244, 117]
i =  22 [897, 386, 707, 630, 486, 577, 394, 555, 685, 559, 99, 86, 219, 769, 703]
i =  23 [257, 10, 398, 222, 18, 787, 788, 28, 925, 30, 544, 163, 165, 422, 39, 425, 426, 556, 686, 47, 693, 442, 315, 956, 318, 64, 32, 590, 82, 599, 606, 866, 443, 104, 167, 364, 495, 496, 374, 413, 254]
i =  24 [192, 258, 899, 141, 662, 281, 158, 543, 678, 807, 46, 947, 697, 832, 327, 77, 974, 845, 441, 488, 620, 881, 375, 250, 125]
i =  25 [256, 524, 141, 20, 918, 24, 537, 922, 31, 35, 423, 297, 955, 60, 837, 97, 715, 332, 653, 848, 81, 211, 986, 603, 353, 337, 106, 935, 467, 246, 249, 508]
i =  26 [15, 159, 416, 161, 805, 303, 562, 53, 704, 67, 68, 72, 202, 76, 975, 849, 983, 870, 721, 749, 117, 763]
i =  27 [2, 131, 396, 642, 399, 531, 201, 538, 930, 292, 37, 295, 298, 432, 52, 567, 825, 958, 70, 329, 851, 475, 623, 624, 509]
i =  28 [130, 5, 7, 776, 265, 666, 28, 648, 823, 962, 323, 580, 328, 203, 855, 600, 345, 609, 105, 618, 493, 372, 510]
i =  29 [520, 905, 139, 526, 527, 661, 280, 409, 410, 670, 927, 549, 166, 936, 169, 177, 691, 694, 55, 185, 701, 702, 834, 964, 967, 971, 206, 57, 836, 677, 737, 994, 368, 503, 377, 895]
i =  30 [128, 515, 132, 12, 910, 274, 21, 33, 294, 50, 180, 182, 952, 830, 448, 452, 199, 591, 598, 859, 479, 997, 742, 359, 745, 621, 367, 241, 244, 117, 127]
i =  31 [797, 902, 777, 522, 395, 529, 916, 790, 665, 29, 934, 937, 285, 196, 331, 847, 80, 221, 482, 358, 109, 878, 753, 628, 629]
i =  32 [738, 261, 234, 139, 322, 622, 632, 919, 312, 88, 187, 348, 741]
i =  33 [128, 515, 132, 12, 274, 21, 33, 294, 50, 181, 182, 952, 830, 452, 199, 591, 720, 214, 859, 479, 997, 359, 745, 621, 367, 241, 244]
i =  34 [641, 644, 134, 650, 532, 388, 412, 800, 427, 560, 437, 56, 572, 61, 193, 717, 463, 184, 466, 340, 469, 985, 90, 989, 999, 248, 765]
i =  35 [896, 993, 451, 453, 614, 712, 713, 906, 44, 291, 287, 59, 115, 489, 699, 220, 586, 382, 159]
i =  36 [902, 777, 522, 395, 529, 916, 790, 665, 29, 934, 937, 797, 196, 331, 847, 981, 221, 482, 358, 878, 753, 114, 628, 629]
i =  37 [771, 137, 655, 16, 913, 687, 284, 928, 304, 162, 803, 36, 814, 175, 48, 564, 54, 826, 195, 708, 74, 459, 78, 617, 751, 113, 498, 120]
i =  38 [520, 526, 527, 661, 280, 409, 670, 927, 549, 166, 936, 169, 943, 177, 691, 694, 55, 701, 702, 836, 967, 971, 677, 737, 503, 377, 895]
i =  39 [832, 258, 899, 140, 141, 662, 281, 158, 678, 807, 296, 557, 46, 947, 822, 697, 192, 441, 327, 77, 974, 845, 825, 488, 551, 620, 240, 881, 375, 125]
i =  40 [784, 146, 149, 23, 408, 548, 38, 299, 308, 439, 828, 831, 197, 71, 592, 867, 85, 228, 731, 227, 100, 872, 756, 890, 383]
i =  41 [256, 524, 653, 20, 918, 537, 155, 31, 35, 935, 297, 955, 60, 837, 97, 715, 332, 848, 337, 211, 342, 986, 603, 353, 81, 106, 423, 336, 467, 246, 249, 508]
i =  42 [641, 388, 134, 647, 650, 268, 401, 532, 494, 534, 644, 794, 412, 800, 674, 862, 427, 477, 560, 437, 56, 445, 186, 571, 572, 61, 193, 717, 334, 463, 976, 184, 466, 340, 469, 984, 90, 989, 990, 101, 999, 619, 110, 189, 243, 501, 248, 505, 765]
i =  43 [14, 784, 146, 149, 23, 408, 548, 38, 299, 308, 439, 828, 197, 71, 589, 867, 85, 228, 731, 227, 100, 872, 756, 890, 383]
i =  44 [771, 137, 655, 16, 913, 687, 284, 928, 304, 162, 803, 36, 814, 175, 48, 49, 564, 826, 195, 708, 417, 74, 459, 78, 751, 120, 255]
i =  45 [784, 146, 149, 23, 408, 548, 38, 299, 308, 439, 948, 197, 71, 227, 85, 228, 731, 867, 100, 872, 756, 890, 383]
i =  46 [129, 2, 775, 136, 909, 17, 923, 32, 164, 41, 172, 46, 433, 950, 951, 568, 578, 581, 968, 462, 982, 222, 992, 613, 785, 362, 369, 882, 375, 381, 126, 127]
i =  47 [520, 526, 527, 914, 661, 280, 409, 670, 927, 549, 166, 936, 169, 177, 691, 694, 55, 185, 701, 702, 836, 967, 971, 677, 737, 503, 377, 895]
i =  48 [260, 645, 6, 523, 796, 929, 418, 293, 553, 58, 321, 779, 969, 79, 11, 978, 595, 727, 728, 602, 350, 651, 485, 124, 764]
finish get all communities
complete deal_communities
commplete get_all_nature_community
----------------------------------The detection result is: 

all communities: 
i =  1 : [1, 111, 190, 204, 226, 338, 356, 378, 490, 539, 692, 752, 841]
i =  2 : [3, 26, 34, 102, 143, 271, 278, 282, 309, 330, 376, 404, 483, 506, 659, 718, 734, 743, 795]
i =  3 : [22, 69, 119, 144, 160, 200, 245, 250, 253, 259, 300, 305, 306, 311, 312, 314, 341, 343, 344, 361, 414, 533, 711, 735, 789, 791, 817, 821, 827, 839, 840, 854, 860, 876, 883, 941]
i =  4 : [87, 118, 138, 206, 207, 231, 319, 455, 480, 504, 583, 660, 698, 726, 729, 732, 844, 912]
i =  5 : [37, 45, 52, 67, 70, 73, 131, 201, 290, 292, 295, 298, 329, 396, 475, 509, 531, 538, 547, 567, 623, 624, 642, 851, 908, 942, 958, 998]
i =  6 : [9, 15, 27, 92, 130, 147, 157, 166, 191, 198, 225, 257, 310, 322, 333, 371, 380, 390, 438, 450, 497, 507, 519, 569, 584, 592, 609, 744, 760, 762, 782, 801, 806, 811, 846, 900, 901, 917, 931, 945, 954, 996]
i =  7 : [101, 133, 186, 189, 277, 317, 334, 401, 445, 494, 571, 579, 619, 626, 647, 674, 706, 862, 970, 984]
i =  8 : [123, 262, 277, 307, 324, 346, 436, 446, 473, 513, 597, 607, 615, 747, 884, 904, 977]
i =  9 : [46, 77, 125, 141, 158, 192, 250, 258, 327, 333, 375, 441, 488, 557, 620, 740, 832, 845, 881, 892, 947]
i =  10 : [9, 27, 73, 92, 99, 103, 130, 147, 157, 166, 186, 188, 191, 198, 225, 230, 273, 310, 322, 335, 371, 379, 390, 391, 397, 405, 435, 438, 450, 497, 519, 525, 547, 554, 569, 579, 584, 592, 682, 724, 744, 760, 762, 774, 782, 798, 801, 806, 846, 852, 856, 900, 901, 931, 938, 939, 945, 954, 996]
i =  11 : [13, 73, 83, 113, 150, 151, 237, 247, 269, 301, 351, 352, 393, 417, 424, 456, 460, 514, 535, 550, 640, 654, 671, 714, 818, 885, 920, 932]
i =  12 : [86, 99, 219, 386, 394, 486, 555, 559, 577, 630, 685, 703, 707, 769, 897]
i =  13 : [15, 53, 67, 68, 72, 76, 117, 159, 161, 202, 303, 416, 562, 704, 721, 749, 763, 805, 849, 870, 975, 983]
i =  14 : [5, 7, 28, 105, 130, 203, 265, 323, 328, 345, 372, 493, 510, 580, 600, 609, 618, 648, 666, 776, 823, 855, 962]
i =  15 : [88, 139, 187, 234, 261, 312, 322, 348, 622, 632, 738, 741, 919]
i =  16 : [56, 61, 90, 134, 184, 193, 248, 340, 388, 412, 427, 437, 463, 466, 469, 532, 560, 572, 641, 644, 650, 717, 765, 800, 985, 989, 999]
i =  17 : [44, 59, 115, 159, 220, 287, 291, 382, 451, 453, 489, 586, 614, 699, 712, 713, 896, 906, 993]
i =  18 : [56, 61, 90, 101, 110, 134, 184, 186, 189, 193, 243, 248, 268, 334, 340, 388, 401, 412, 427, 437, 445, 463, 466, 469, 477, 494, 501, 505, 532, 534, 560, 571, 572, 619, 641, 644, 647, 650, 674, 717, 765, 794, 800, 862, 976, 984, 989, 990, 999]
i =  19 : [2, 17, 32, 41, 46, 126, 127, 129, 136, 164, 172, 222, 362, 369, 375, 381, 433, 462, 568, 578, 581, 613, 775, 785, 882, 909, 923, 950, 951, 968, 982, 992]
i =  20 : [6, 11, 58, 79, 124, 260, 293, 321, 350, 418, 485, 523, 553, 595, 602, 645, 651, 727, 728, 764, 779, 796, 929, 969, 978]
i =  21 : [10, 18, 28, 30, 32, 39, 47, 64, 82, 104, 163, 165, 167, 222, 254, 257, 315, 318, 364, 374, 398, 413, 420, 422, 425, 426, 442, 443, 495, 496, 544, 556, 590, 599, 606, 686, 693, 787, 788, 866, 925, 956, 961]
i =  22 : [4, 21, 62, 63, 65, 152, 153, 168, 176, 208, 239, 347, 570, 587, 716, 755, 759, 766, 802, 824, 853, 891, 893, 921, 960, 972, 987, 991, 1000]
i =  23 : [2, 37, 52, 70, 73, 131, 201, 292, 295, 298, 329, 396, 399, 432, 475, 509, 531, 538, 567, 623, 624, 642, 825, 851, 930, 958]
i =  24 : [46, 77, 125, 140, 141, 158, 192, 240, 250, 258, 281, 296, 327, 375, 441, 488, 543, 551, 557, 620, 662, 678, 697, 807, 822, 825, 832, 845, 881, 899, 947, 974]
i =  25 : [29, 80, 109, 114, 196, 221, 285, 331, 358, 395, 482, 522, 529, 628, 629, 665, 753, 777, 790, 797, 847, 878, 902, 916, 934, 937, 979, 981]
i =  26 : [16, 36, 48, 49, 54, 74, 78, 107, 113, 120, 137, 162, 175, 181, 195, 255, 284, 304, 387, 417, 459, 498, 564, 617, 629, 655, 687, 708, 751, 771, 803, 814, 826, 875, 884, 913, 928]
i =  27 : [20, 24, 31, 35, 42, 60, 81, 97, 106, 141, 155, 211, 246, 249, 256, 297, 332, 336, 337, 342, 353, 423, 467, 508, 524, 537, 603, 653, 715, 725, 837, 848, 918, 922, 935, 955, 986, 995]
i =  28 : [12, 14, 21, 33, 50, 117, 127, 128, 132, 180, 181, 182, 199, 214, 241, 244, 274, 294, 359, 367, 385, 448, 452, 479, 515, 591, 598, 621, 720, 742, 745, 780, 830, 859, 910, 949, 952, 997]
i =  29 : [14, 23, 38, 71, 85, 100, 146, 149, 197, 227, 228, 299, 308, 383, 408, 439, 548, 589, 592, 731, 756, 784, 828, 831, 867, 872, 890, 948]
i =  30 : [55, 57, 139, 166, 169, 177, 185, 206, 280, 368, 377, 409, 410, 444, 503, 520, 526, 527, 549, 661, 670, 677, 691, 694, 701, 702, 737, 820, 834, 836, 895, 905, 914, 927, 936, 943, 964, 967, 971, 994]
overlapping nodes are:  [2, 9, 14, 15, 21, 27, 28, 32, 37, 46, 52, 56, 61, 67, 70, 73, 77, 90, 92, 99, 101, 113, 117, 125, 127, 130, 131, 134, 139, 141, 147, 157, 158, 159, 166, 181, 184, 186, 189, 191, 192, 193, 198, 201, 206, 222, 225, 248, 250, 257, 258, 277, 292, 295, 298, 310, 312, 322, 327, 329, 333, 334, 340, 371, 375, 388, 390, 396, 401, 412, 417, 427, 437, 438, 441, 445, 450, 463, 466, 469, 475, 488, 494, 497, 509, 519, 531, 532, 538, 547, 557, 560, 567, 569, 571, 572, 579, 584, 592, 609, 619, 620, 623, 624, 629, 641, 642, 644, 647, 650, 674, 717, 744, 760, 762, 765, 782, 800, 801, 806, 825, 832, 845, 846, 851, 862, 881, 884, 900, 901, 931, 945, 947, 954, 958, 984, 989, 996, 999] 
 NOO is:  139
total time is:  87.3244318962
