lens of ground_truth:  46
ground_truth is: [[45, 96, 138, 207, 210, 301, 328, 389, 427, 442, 510, 552, 557, 601, 624, 627, 641, 684, 810, 812, 827], [43, 133, 145, 166, 214, 291, 331, 400, 434, 544, 568, 596, 712, 783], [3, 10, 17, 18, 25, 113, 139, 162, 183, 190, 243, 345, 358, 362, 435, 451, 554, 599, 607, 624, 632, 682, 715, 727, 757, 820, 855, 878, 901, 927, 959, 967, 975], [55, 76, 134, 231, 232, 233, 293, 294, 302, 311, 321, 359, 441, 474, 497, 515, 606, 631, 651, 713, 746, 748, 750, 753, 763, 765, 769, 825, 842, 902, 916, 970], [48, 86, 99, 170, 177, 281, 337, 347, 393, 409, 475, 780], [19, 108, 157, 323, 371, 387, 440, 446, 466, 467, 493, 765], [14, 117, 127, 140, 169, 171, 216, 248, 361, 380, 407, 410, 469, 519, 533, 595, 606, 610, 642, 649, 702, 759], [41, 57, 59, 130, 158, 160, 163, 209, 243, 286, 348, 399, 460, 472, 482, 490, 517, 556, 573, 580, 616, 624, 636, 653, 660, 673, 674, 692, 722, 760, 792, 832, 841, 879, 897, 960, 972, 973], [16, 65, 84, 110, 120, 141, 167, 168, 251, 333, 376, 431, 461, 491, 520, 558, 590, 635, 661, 673, 698, 706, 721, 755, 762, 782, 809, 831, 869, 870, 889, 917, 947, 964, 969, 975, 976, 988, 990, 993, 998], [8, 21, 67, 82, 101, 115, 143, 194, 200, 217, 276, 278, 292, 301, 330, 362, 414, 415, 442, 449, 491, 508, 522, 538, 566, 635, 711, 721, 732, 754, 758, 783, 790, 809, 813, 817, 834, 875, 877, 881, 882, 895, 931, 933, 934, 941, 977, 988, 991], [11, 56, 109, 137, 237, 310, 373, 461, 468, 483, 499, 515, 523, 575, 613, 647, 662, 734, 780, 796, 813, 874, 886], [13, 97, 156, 198, 241, 269, 303, 330, 357, 402, 526, 538, 539, 540, 582, 605, 618, 691, 779, 799, 803, 808, 811, 819, 847, 857, 871, 926, 929, 930, 950, 953, 974, 991], [28, 58, 77, 111, 185, 187, 192, 196, 255, 298, 301, 327, 366, 378, 397, 401, 415, 506, 511, 548, 571, 588, 614, 666, 724, 776, 791, 801, 810, 816, 824, 845, 849, 903, 910, 938, 978], [12, 85, 110, 226, 285, 360, 385, 420, 430, 437, 486, 492, 503, 505, 513, 576, 638, 697, 740, 785, 835, 859, 907], [75, 175, 193, 205, 257, 266, 322, 339, 381, 384, 405], [76, 78, 94, 116, 132, 147, 165, 184, 186, 196, 226, 388, 487, 521, 522, 543, 598, 620, 665, 685, 693, 709, 719, 738, 783, 793, 810, 826, 846, 920, 935], [153, 203, 204, 206, 244, 312, 363, 369, 820, 992], [13, 30, 47, 89, 105, 122, 148, 223, 252, 283, 390, 413, 457, 504, 532, 564, 589, 703, 710, 728, 731, 741, 812], [26, 31, 35, 54, 71, 128, 142, 295, 336, 374, 512, 918], [13, 37, 58, 62, 121, 212, 227, 246, 250, 275, 304, 314, 391, 403, 428, 458, 487, 525, 538, 633, 634, 672, 720, 821, 851, 888, 891, 916, 920, 951, 991], [76, 95, 274, 282, 392, 418, 442, 447, 546, 551, 584, 608, 609, 626, 652, 657, 669, 681, 687, 696, 726, 756, 822, 836], [29, 72, 176, 202, 220, 222, 259, 264, 318, 359, 379, 382, 462, 502, 569, 578, 585, 671, 729, 809, 918], [22, 58, 70, 194, 240, 249, 251, 289, 299, 327, 342, 353, 415, 461, 547, 602, 614, 645, 688, 716, 717, 777, 787, 820, 828, 849, 852, 853, 860, 883, 924, 925, 949, 955, 968, 971, 980, 989, 997], [159, 226, 267, 287, 297, 325, 326, 354, 386, 416, 463, 479, 480, 529], [4, 55, 98, 221, 222, 294, 332, 350, 383, 487, 514, 531, 535, 597, 646, 676, 678, 711, 746, 774, 830, 839, 840, 862, 868, 879, 906, 909, 922, 944, 965, 966, 979, 994, 995, 996], [44, 79, 88, 90, 92, 124, 195, 200, 229, 236, 338, 362, 470, 527, 572, 586, 615, 677, 710, 730], [103, 131, 135, 182, 230, 242, 277, 307, 353, 424, 453, 545, 591, 622, 640, 696, 707, 714, 742, 749, 775, 798, 814, 861, 865, 901, 913, 918, 920, 943, 951], [106, 123, 149, 196, 251, 370, 406, 449, 455, 473, 480, 491, 517, 533, 534, 699, 700, 718, 745, 771, 795, 800, 823], [32, 55, 61, 64, 119, 155, 184, 194, 279, 286, 306, 365, 377, 394, 411, 479, 490, 501, 515, 570, 592, 630, 650, 673, 695, 743, 746, 778, 863, 873, 880, 904, 905, 914, 921, 942, 961, 981, 983, 984, 996, 1000], [191, 199, 247, 261, 262, 286, 367, 368, 449, 465, 485, 517, 524, 563, 654, 683, 725, 733], [34, 38, 102, 104, 208, 215, 219, 243, 253, 294, 329, 340, 356, 421, 489, 490, 542, 621, 623, 770, 848, 849, 854, 951, 953], [5, 8, 22, 70, 73, 154, 200, 254, 271, 280, 316, 345, 349, 359, 404, 448, 451, 459, 478, 576, 604, 644, 656, 692, 747, 780, 789, 856, 898, 909, 919, 936, 939], [42, 100, 110, 152, 201, 256, 290, 334, 344, 425, 477, 498, 509, 565, 587, 628, 818], [50, 69, 112, 150, 179, 225, 265, 341, 372, 669], [66, 144, 181, 189, 228, 236, 335, 408, 422, 423, 426, 452, 536, 562, 567, 581, 603], [6, 7, 22, 136, 268, 284, 288, 348, 412, 432, 448, 478, 480, 496, 555, 558, 629, 637, 659, 680, 696, 705, 708, 710, 711, 712, 722, 761, 784, 786, 806, 833, 867, 885, 900, 908, 948, 954, 982, 985, 987, 996], [46, 81, 87, 126, 174, 184, 188, 197, 313, 324, 345, 417, 445, 448, 454, 583, 690, 736, 737, 772, 773, 812, 813, 843, 872, 884, 890, 893, 907, 914, 938, 957, 975], [20, 40, 60, 118, 222, 239, 258, 281, 324, 364, 398, 402, 479, 488, 497, 500, 549, 553, 560, 600, 606, 611, 612, 618, 639, 679, 701, 763, 765, 829, 844, 866, 901, 928, 940, 952, 958, 992], [1, 8, 27, 49, 83, 125, 218, 272, 273, 319, 395, 429], [23, 51, 151, 164, 234, 235, 305, 317, 320, 427], [39, 68, 93, 173, 280, 300, 315, 355, 450, 528, 541, 576, 577, 579, 618, 619, 655, 663, 667, 689, 712, 752, 766, 767, 794, 805, 838, 886, 894, 896, 899], [146, 172, 236, 245, 308, 330, 444, 481, 484, 494, 497, 625, 675, 692, 698, 723, 739, 744, 751, 763, 764, 830, 850, 864, 876, 887, 892, 912, 917, 953], [2, 70, 74, 114, 270, 296, 309, 327, 342, 351, 353, 375, 427, 451, 456, 495, 506, 537, 574, 593, 614, 643, 670, 735, 768, 804, 818, 830, 886, 907, 909, 923, 937, 938, 946, 962, 986, 992, 999], [24, 53, 107, 129, 178, 180, 213, 263, 280, 324, 346, 348, 396, 464, 471, 476, 506, 516, 522, 530, 550, 558, 559, 617, 635, 658, 664, 668, 669, 686, 721, 722, 788, 797, 802, 807, 837, 858, 911, 914, 916, 917, 956, 963, 988], [9, 15, 36, 63, 91, 224, 281, 342, 352, 402, 433, 436, 438, 439, 478, 507, 518, 533, 561, 594, 648, 694, 698, 704, 781, 815, 879, 915, 932, 945], [33, 52, 80, 161, 211, 238, 260, 343, 419, 443, 818]]
nodes: [480, 587, 603, 610, 662, 698, 710, 728, 733, 755, 759, 792, 793, 795, 799, 815, 822, 827, 831, 838, 840, 842, 859, 886, 900, 903, 911, 914, 917, 918, 920, 936, 938, 951, 953, 958, 960, 975, 977, 991, 992, 996, 997] num of nodes:  43
[[480, 745, 800, 771, 823], [100, 498, 587, 344, 565], [335, 422, 536, 603, 426, 562, 581], [127, 595, 610, 410, 702], [237, 874, 662, 796, 734, 613, 310, 647], [698, 964, 976, 993, 947, 998], [124, 586, 730, 677, 710], [30, 741, 731, 728, 457, 703], [199, 733, 683, 563, 524, 725, 654, 247], [661, 976, 993, 998, 969, 782, 990, 964, 755, 889, 947], [14, 702, 519, 642, 759], [616, 972, 973, 760, 792, 636, 653], [543, 935, 685, 846, 826, 793, 693, 620], [406, 800, 771, 699, 455, 745, 795, 700, 534, 718, 823], [526, 929, 930, 871, 779, 974, 950, 799, 857, 819, 811], [91, 704, 932, 945, 915, 781, 694, 815], [584, 836, 657, 608, 756, 652, 822, 681], [138, 641, 389, 627, 827, 684, 552], [661, 976, 993, 998, 969, 782, 990, 831, 889, 947], [528, 899, 896, 838, 667, 752, 766], [597, 994, 995, 868, 965, 966, 774, 839, 840, 944, 906, 922, 979, 862], [134, 902, 842, 970, 825, 750, 769, 753], [430, 835, 785, 859, 740, 697, 638, 505], [483, 796, 874, 647, 613, 575, 886], [659, 708, 948, 987, 786, 900, 982, 761, 954], [548, 978, 903, 910, 791, 824, 776, 801, 816], [464, 963, 911, 858, 802, 956, 658], [570, 961, 1000, 981, 984, 904, 914, 921], [762, 993, 969, 976, 998, 917, 947, 964, 870], [742, 943, 913, 865, 814, 918], [132, 935, 738, 846, 920, 665], [604, 898, 939, 644, 936, 656, 856, 747, 789, 919], [735, 962, 999, 946, 986, 938, 768, 804], [707, 951, 865, 913, 861, 798, 714, 749], [269, 929, 930, 779, 974, 926, 950, 953], [611, 866, 940, 844, 952, 958, 928, 829], [580, 973, 832, 960, 841, 616, 760, 972], [782, 993, 998, 969, 976, 990, 975, 964, 889, 947], [732, 931, 977, 817, 882, 790, 934, 895], [582, 930, 808, 974, 950, 991, 819, 691], [153, 992, 203, 363, 312, 369, 244, 204, 206], [774, 994, 995, 965, 906, 944, 979, 966, 868, 839, 996], [997, 989, 980, 955, 949, 968, 971, 924, 925, 860, 883, 852, 853, 828, 787, 777, 716]]
len of cliques:  43
downsides after: [[997, 989, 980, 955, 949, 968, 971, 924, 925, 860, 883, 852, 853, 828, 787, 777, 716], [597, 994, 995, 868, 965, 966, 774, 839, 840, 944, 906, 922, 979, 862], [661, 976, 993, 998, 969, 782, 990, 964, 755, 889, 947], [406, 800, 771, 699, 455, 745, 795, 700, 534, 718, 823], [526, 929, 930, 871, 779, 974, 950, 799, 857, 819, 811], [774, 994, 995, 965, 906, 944, 979, 966, 868, 839, 996], [661, 976, 993, 998, 969, 782, 990, 831, 889, 947], [604, 898, 939, 644, 936, 656, 856, 747, 789, 919], [782, 993, 998, 969, 976, 990, 975, 964, 889, 947], [659, 708, 948, 987, 786, 900, 982, 761, 954], [548, 978, 903, 910, 791, 824, 776, 801, 816], [762, 993, 969, 976, 998, 917, 947, 964, 870], [153, 992, 203, 363, 312, 369, 244, 204, 206], [237, 874, 662, 796, 734, 613, 310, 647], [199, 733, 683, 563, 524, 725, 654, 247], [543, 935, 685, 846, 826, 793, 693, 620], [91, 704, 932, 945, 915, 781, 694, 815], [584, 836, 657, 608, 756, 652, 822, 681], [134, 902, 842, 970, 825, 750, 769, 753], [430, 835, 785, 859, 740, 697, 638, 505], [570, 961, 1000, 981, 984, 904, 914, 921], [735, 962, 999, 946, 986, 938, 768, 804], [707, 951, 865, 913, 861, 798, 714, 749], [269, 929, 930, 779, 974, 926, 950, 953], [611, 866, 940, 844, 952, 958, 928, 829], [580, 973, 832, 960, 841, 616, 760, 972], [732, 931, 977, 817, 882, 790, 934, 895], [582, 930, 808, 974, 950, 991, 819, 691], [335, 422, 536, 603, 426, 562, 581], [616, 972, 973, 760, 792, 636, 653], [138, 641, 389, 627, 827, 684, 552], [528, 899, 896, 838, 667, 752, 766], [483, 796, 874, 647, 613, 575, 886], [464, 963, 911, 858, 802, 956, 658], [698, 964, 976, 993, 947, 998], [30, 741, 731, 728, 457, 703], [742, 943, 913, 865, 814, 918], [132, 935, 738, 846, 920, 665], [480, 745, 800, 771, 823], [100, 498, 587, 344, 565], [127, 595, 610, 410, 702], [124, 586, 730, 677, 710], [14, 702, 519, 642, 759]]
number of downsided seeds: 43
[[997, 989, 980, 955, 949, 968, 971, 924, 925, 860, 883, 852, 853, 828, 787, 777, 716], [597, 994, 995, 868, 965, 966, 774, 839, 840, 944, 906, 922, 979, 862], [661, 976, 993, 998, 969, 782, 990, 964, 755, 889, 947], [406, 800, 771, 699, 455, 745, 795, 700, 534, 718, 823], [526, 929, 930, 871, 779, 974, 950, 799, 857, 819, 811], [774, 994, 995, 965, 906, 944, 979, 966, 868, 839, 996], [661, 976, 993, 998, 969, 782, 990, 831, 889, 947], [604, 898, 939, 644, 936, 656, 856, 747, 789, 919], [782, 993, 998, 969, 976, 990, 975, 964, 889, 947], [659, 708, 948, 987, 786, 900, 982, 761, 954], [548, 978, 903, 910, 791, 824, 776, 801, 816], [762, 993, 969, 976, 998, 917, 947, 964, 870], [153, 992, 203, 363, 312, 369, 244, 204, 206], [237, 874, 662, 796, 734, 613, 310, 647], [199, 733, 683, 563, 524, 725, 654, 247], [543, 935, 685, 846, 826, 793, 693, 620], [91, 704, 932, 945, 915, 781, 694, 815], [584, 836, 657, 608, 756, 652, 822, 681], [134, 902, 842, 970, 825, 750, 769, 753], [430, 835, 785, 859, 740, 697, 638, 505], [570, 961, 1000, 981, 984, 904, 914, 921], [735, 962, 999, 946, 986, 938, 768, 804], [707, 951, 865, 913, 861, 798, 714, 749], [269, 929, 930, 779, 974, 926, 950, 953], [611, 866, 940, 844, 952, 958, 928, 829], [580, 973, 832, 960, 841, 616, 760, 972], [732, 931, 977, 817, 882, 790, 934, 895], [582, 930, 808, 974, 950, 991, 819, 691], [335, 422, 536, 603, 426, 562, 581], [616, 972, 973, 760, 792, 636, 653], [138, 641, 389, 627, 827, 684, 552], [528, 899, 896, 838, 667, 752, 766], [483, 796, 874, 647, 613, 575, 886], [464, 963, 911, 858, 802, 956, 658], [698, 964, 976, 993, 947, 998], [30, 741, 731, 728, 457, 703], [742, 943, 913, 865, 814, 918], [132, 935, 738, 846, 920, 665], [480, 745, 800, 771, 823], [100, 498, 587, 344, 565], [127, 595, 610, 410, 702], [124, 586, 730, 677, 710], [14, 702, 519, 642, 759]]
after sorted:  [[997, 989, 980, 955, 949, 968, 971, 924, 925, 860, 883, 852, 853, 828, 787, 777, 716], [597, 994, 995, 868, 965, 966, 774, 839, 840, 944, 906, 922, 979, 862], [661, 976, 993, 998, 969, 782, 990, 964, 755, 889, 947], [406, 800, 771, 699, 455, 745, 795, 700, 534, 718, 823], [526, 929, 930, 871, 779, 974, 950, 799, 857, 819, 811], [774, 994, 995, 965, 906, 944, 979, 966, 868, 839, 996], [661, 976, 993, 998, 969, 782, 990, 831, 889, 947], [604, 898, 939, 644, 936, 656, 856, 747, 789, 919], [782, 993, 998, 969, 976, 990, 975, 964, 889, 947], [659, 708, 948, 987, 786, 900, 982, 761, 954], [548, 978, 903, 910, 791, 824, 776, 801, 816], [762, 993, 969, 976, 998, 917, 947, 964, 870], [153, 992, 203, 363, 312, 369, 244, 204, 206], [237, 874, 662, 796, 734, 613, 310, 647], [199, 733, 683, 563, 524, 725, 654, 247], [543, 935, 685, 846, 826, 793, 693, 620], [91, 704, 932, 945, 915, 781, 694, 815], [584, 836, 657, 608, 756, 652, 822, 681], [134, 902, 842, 970, 825, 750, 769, 753], [430, 835, 785, 859, 740, 697, 638, 505], [570, 961, 1000, 981, 984, 904, 914, 921], [735, 962, 999, 946, 986, 938, 768, 804], [707, 951, 865, 913, 861, 798, 714, 749], [269, 929, 930, 779, 974, 926, 950, 953], [611, 866, 940, 844, 952, 958, 928, 829], [580, 973, 832, 960, 841, 616, 760, 972], [732, 931, 977, 817, 882, 790, 934, 895], [582, 930, 808, 974, 950, 991, 819, 691], [335, 422, 536, 603, 426, 562, 581], [616, 972, 973, 760, 792, 636, 653], [138, 641, 389, 627, 827, 684, 552], [528, 899, 896, 838, 667, 752, 766], [483, 796, 874, 647, 613, 575, 886], [464, 963, 911, 858, 802, 956, 658], [698, 964, 976, 993, 947, 998], [30, 741, 731, 728, 457, 703], [742, 943, 913, 865, 814, 918], [132, 935, 738, 846, 920, 665], [480, 745, 800, 771, 823], [100, 498, 587, 344, 565], [127, 595, 610, 410, 702], [124, 586, 730, 677, 710], [14, 702, 519, 642, 759]]
before num:  43
befor deal_cliques:  41
after deal_cliques:  41
length of seeds:  41
seeds:  [set([968, 777, 971, 716, 787, 980, 853, 860, 925, 997, 924, 989, 883, 949, 852, 955, 828]), set([994, 995, 868, 965, 966, 839, 840, 906, 944, 774, 979, 597, 922, 862]), set([993, 964, 998, 969, 782, 976, 755, 661, 889, 947, 990]), set([800, 771, 406, 455, 745, 718, 534, 823, 699, 795, 700]), set([929, 930, 779, 871, 811, 974, 819, 526, 950, 857, 799]), set([994, 995, 868, 965, 774, 839, 906, 944, 979, 966, 996]), set([993, 998, 969, 782, 976, 947, 661, 889, 990, 831]), set([898, 939, 644, 936, 747, 656, 789, 919, 856, 604]), set([900, 708, 786, 659, 948, 982, 761, 954, 987]), set([801, 548, 903, 776, 910, 816, 978, 791, 824]), set([993, 964, 998, 870, 969, 976, 947, 917, 762]), set([992, 203, 363, 204, 206, 369, 244, 312, 153]), set([613, 647, 874, 237, 662, 310, 796, 734]), set([199, 683, 524, 654, 563, 725, 247, 733]), set([935, 620, 685, 846, 693, 793, 826, 543]), set([704, 932, 781, 815, 945, 915, 694, 91]), set([608, 836, 584, 681, 652, 657, 756, 822]), set([769, 902, 134, 970, 750, 753, 825, 842]), set([835, 740, 430, 785, 697, 505, 859, 638]), set([961, 1000, 904, 914, 981, 984, 921, 570]), set([768, 962, 804, 999, 938, 946, 986, 735]), set([865, 707, 714, 749, 913, 951, 861, 798]), set([929, 930, 779, 269, 974, 950, 953, 926]), set([928, 866, 611, 844, 940, 952, 829, 958]), set([832, 960, 580, 616, 841, 972, 973, 760]), set([931, 934, 977, 817, 882, 790, 732, 895]), set([930, 582, 808, 974, 819, 691, 950, 991]), set([562, 581, 422, 536, 426, 603, 335]), set([792, 760, 616, 636, 972, 973, 653]), set([641, 627, 389, 552, 138, 827, 684]), set([896, 752, 899, 838, 667, 766, 528]), set([483, 613, 886, 647, 874, 796, 575]), set([464, 802, 963, 858, 956, 658, 911]), set([741, 728, 457, 731, 30, 703]), set([865, 918, 742, 913, 814, 943]), set([738, 132, 935, 920, 665, 846]), set([480, 745, 771, 800, 823]), set([344, 498, 587, 100, 565]), set([610, 595, 410, 702, 127]), set([586, 124, 730, 710, 677]), set([642, 519, 14, 702, 759])]
seeds_fitness [0.2764227642276423, 0.2195416164053076, 0.16200294550810015, 0.34591194968553457, 0.19607843137254902, 0.12415349887133183, 0.13803680981595093, 0.20785219399538107, 0.12100840336134454, 0.171021377672209, 0.10603829160530191, 0.301255230125523, 0.24347826086956523, 0.30601092896174864, 0.18122977346278318, 0.16, 0.2066420664206642, 0.16091954022988506, 0.22764227642276422, 0.08763693270735524, 0.09705372616984402, 0.11715481171548117, 0.099644128113879, 0.1308411214953271, 0.13365155131264916, 0.109375, 0.10108303249097472, 0.28378378378378377, 0.11965811965811966, 0.22702702702702704, 0.12923076923076923, 0.13504823151125403, 0.1065989847715736, 0.16216216216216217, 0.07537688442211055, 0.08849557522123894, 0.09345794392523364, 0.17543859649122806, 0.13071895424836602, 0.11976047904191617, 0.12578616352201258]
after sort list of tuple: [(3, 0.34591194968553457), (13, 0.30601092896174864), (11, 0.301255230125523), (27, 0.28378378378378377), (0, 0.2764227642276423), (12, 0.24347826086956523), (18, 0.22764227642276422), (29, 0.22702702702702704), (1, 0.2195416164053076), (7, 0.20785219399538107), (16, 0.2066420664206642), (4, 0.19607843137254902), (14, 0.18122977346278318), (37, 0.17543859649122806), (9, 0.171021377672209), (33, 0.16216216216216217), (2, 0.16200294550810015), (17, 0.16091954022988506), (15, 0.16), (6, 0.13803680981595093), (31, 0.13504823151125403), (24, 0.13365155131264916), (23, 0.1308411214953271), (38, 0.13071895424836602), (30, 0.12923076923076923), (40, 0.12578616352201258), (5, 0.12415349887133183), (8, 0.12100840336134454), (39, 0.11976047904191617), (28, 0.11965811965811966), (21, 0.11715481171548117), (25, 0.109375), (32, 0.1065989847715736), (10, 0.10603829160530191), (26, 0.10108303249097472), (22, 0.099644128113879), (20, 0.09705372616984402), (36, 0.09345794392523364), (35, 0.08849557522123894), (19, 0.08763693270735524), (34, 0.07537688442211055)]
seeds_sorted [set([800, 771, 406, 455, 745, 718, 534, 823, 699, 795, 700]), set([199, 683, 524, 654, 563, 725, 247, 733]), set([992, 203, 363, 204, 206, 369, 244, 312, 153]), set([562, 581, 422, 536, 426, 603, 335]), set([968, 777, 971, 716, 787, 980, 853, 860, 925, 997, 924, 989, 883, 949, 852, 955, 828]), set([613, 647, 874, 237, 662, 310, 796, 734]), set([835, 740, 430, 785, 697, 505, 859, 638]), set([641, 627, 389, 552, 138, 827, 684]), set([994, 995, 868, 965, 966, 839, 840, 906, 944, 774, 979, 597, 922, 862]), set([898, 939, 644, 936, 747, 656, 789, 919, 856, 604]), set([608, 836, 584, 681, 652, 657, 756, 822]), set([929, 930, 779, 871, 811, 974, 819, 526, 950, 857, 799]), set([935, 620, 685, 846, 693, 793, 826, 543]), set([344, 498, 587, 100, 565]), set([801, 548, 903, 776, 910, 816, 978, 791, 824]), set([741, 728, 457, 731, 30, 703]), set([993, 964, 998, 969, 782, 976, 755, 661, 889, 947, 990]), set([769, 902, 134, 970, 750, 753, 825, 842]), set([704, 932, 781, 815, 945, 915, 694, 91]), set([993, 998, 969, 782, 976, 947, 661, 889, 990, 831]), set([483, 613, 886, 647, 874, 796, 575]), set([832, 960, 580, 616, 841, 972, 973, 760]), set([928, 866, 611, 844, 940, 952, 829, 958]), set([610, 595, 410, 702, 127]), set([896, 752, 899, 838, 667, 766, 528]), set([642, 519, 14, 702, 759]), set([994, 995, 868, 965, 774, 839, 906, 944, 979, 966, 996]), set([900, 708, 786, 659, 948, 982, 761, 954, 987]), set([586, 124, 730, 710, 677]), set([792, 760, 616, 636, 972, 973, 653]), set([865, 707, 714, 749, 913, 951, 861, 798]), set([931, 934, 977, 817, 882, 790, 732, 895]), set([464, 802, 963, 858, 956, 658, 911]), set([993, 964, 998, 870, 969, 976, 947, 917, 762]), set([930, 582, 808, 974, 819, 691, 950, 991]), set([929, 930, 779, 269, 974, 950, 953, 926]), set([768, 962, 804, 999, 938, 946, 986, 735]), set([480, 745, 771, 800, 823]), set([738, 132, 935, 920, 665, 846]), set([961, 1000, 904, 914, 981, 984, 921, 570]), set([865, 918, 742, 913, 814, 943])]
args__________ ([set([800, 771, 406, 455, 745, 718, 534, 823, 699, 795, 700]), set([865, 918, 742, 913, 814, 943])],)
args__________ ([set([199, 683, 524, 654, 563, 725, 247, 733]), set([961, 1000, 904, 914, 981, 984, 921, 570])],)
args__________ ([set([992, 203, 363, 204, 206, 369, 244, 312, 153]), set([738, 132, 935, 920, 665, 846])],)
args__________ ([set([562, 581, 422, 536, 426, 603, 335]), set([480, 745, 771, 800, 823])],)
args__________ ([set([968, 777, 971, 716, 787, 980, 853, 860, 925, 997, 924, 989, 883, 949, 852, 955, 828]), set([768, 962, 804, 999, 938, 946, 986, 735])],)
args__________ ([set([613, 647, 874, 237, 662, 310, 796, 734]), set([929, 930, 779, 269, 974, 950, 953, 926])],)
args__________ ([set([835, 740, 430, 785, 697, 505, 859, 638]), set([930, 582, 808, 974, 819, 691, 950, 991])],)
args__________ ([set([641, 627, 389, 552, 138, 827, 684]), set([993, 964, 998, 870, 969, 976, 947, 917, 762])],)
args__________ ([set([994, 995, 868, 965, 966, 839, 840, 906, 944, 774, 979, 597, 922, 862]), set([464, 802, 963, 858, 956, 658, 911])],)
args__________ ([set([898, 939, 644, 936, 747, 656, 789, 919, 856, 604])],)
args__________ ([set([608, 836, 584, 681, 652, 657, 756, 822])],)
args__________ ([set([929, 930, 779, 871, 811, 974, 819, 526, 950, 857, 799])],)
args__________ ([set([935, 620, 685, 846, 693, 793, 826, 543])],)
args__________ ([set([344, 498, 587, 100, 565])],)
args__________ ([set([801, 548, 903, 776, 910, 816, 978, 791, 824])],)
args__________ ([set([741, 728, 457, 731, 30, 703])],)
args__________ ([set([993, 964, 998, 969, 782, 976, 755, 661, 889, 947, 990])],)
args__________ ([set([769, 902, 134, 970, 750, 753, 825, 842])],)
args__________ ([set([704, 932, 781, 815, 945, 915, 694, 91])],)
args__________ ([set([993, 998, 969, 782, 976, 947, 661, 889, 990, 831])],)
args__________ ([set([483, 613, 886, 647, 874, 796, 575])],)
args__________ ([set([832, 960, 580, 616, 841, 972, 973, 760])],)
args__________ ([set([928, 866, 611, 844, 940, 952, 829, 958])],)
args__________ ([set([610, 595, 410, 702, 127])],)
args__________ ([set([896, 752, 899, 838, 667, 766, 528])],)
args__________ ([set([642, 519, 14, 702, 759])],)
args__________ ([set([994, 995, 868, 965, 774, 839, 906, 944, 979, 966, 996])],)
args__________ ([set([900, 708, 786, 659, 948, 982, 761, 954, 987])],)
args__________ ([set([586, 124, 730, 710, 677])],)
args__________ ([set([792, 760, 616, 636, 972, 973, 653])],)
args__________ ([set([865, 707, 714, 749, 913, 951, 861, 798])],)
args__________ ([set([931, 934, 977, 817, 882, 790, 732, 895])],)
finish process___________________
sorted nodes by betweenness [1, 3, 8, 10, 13, 17, 18, 19, 22, 23, 25, 26, 27, 29, 31, 33, 34, 35, 37, 38, 43, 46, 48, 49, 50, 51, 52, 53, 54, 55, 58, 62, 69, 70, 71, 72, 75, 76, 80, 81, 83, 86, 87, 99, 102, 104, 108, 110, 112, 113, 121, 125, 126, 128, 133, 139, 142, 145, 146, 150, 151, 157, 159, 161, 162, 164, 166, 170, 172, 174, 175, 176, 177, 179, 183, 184, 188, 190, 193, 194, 196, 197, 200, 202, 205, 208, 211, 212, 214, 215, 218, 219, 220, 222, 225, 226, 227, 234, 235, 236, 238, 243, 245, 246, 250, 251, 253, 257, 259, 260, 264, 265, 266, 267, 272, 273, 275, 280, 281, 286, 287, 291, 294, 295, 297, 301, 304, 305, 308, 313, 314, 317, 318, 319, 320, 322, 323, 324, 325, 326, 327, 329, 330, 331, 336, 337, 339, 340, 341, 342, 343, 345, 347, 348, 353, 354, 356, 358, 359, 362, 371, 372, 374, 379, 381, 382, 384, 386, 387, 391, 393, 395, 400, 402, 403, 405, 409, 415, 416, 417, 419, 421, 427, 428, 429, 434, 435, 440, 442, 443, 444, 445, 446, 448, 449, 451, 454, 458, 461, 462, 463, 466, 467, 475, 478, 479, 481, 484, 487, 489, 490, 491, 493, 494, 497, 502, 506, 512, 515, 517, 522, 525, 529, 533, 538, 542, 544, 554, 558, 568, 569, 576, 578, 583, 585, 596, 599, 606, 607, 614, 618, 621, 623, 624, 625, 632, 633, 634, 635, 669, 671, 672, 673, 675, 682, 690, 692, 696, 698, 711, 712, 715, 720, 721, 722, 723, 727, 729, 736, 737, 739, 744, 746, 751, 757, 763, 764, 765, 770, 772, 773, 780, 783, 809, 810, 812, 813, 818, 820, 821, 830, 843, 848, 849, 850, 851, 854, 855, 864, 872, 876, 878, 879, 884, 887, 888, 890, 891, 892, 893, 901, 907, 909, 912, 916, 927, 957, 959, 967, 975, 988]
args__________ ([[1, 429, 272, 319, 273, 27]],)
args__________ ([[3, 967, 855, 959, 878, 927, 727]],)
args__________ ([[8, 936, 856]],)
args__________ ([[10, 967, 878, 632, 727, 607]],)
args__________ ([[13, 929, 930, 811]],)
args__________ ([[17, 967, 927, 959, 878, 901]],)
args__________ ([[18, 967, 959, 554, 715, 927]],)
args__________ ([[19, 323, 387, 371, 466, 467, 493, 446]],)
args__________ ([[22, 980, 955, 989]],)
args__________ ([[23, 320, 305, 234, 235, 164, 317]],)
args__________ ([[25, 967, 855, 927, 358, 607]],)
args__________ ([[71, 512, 26, 336, 918]],)
args__________ ([[1, 429, 272, 319, 273, 27]],)
args__________ ([[29, 569, 729, 671, 379]],)
args__________ ([[31, 918, 512, 336, 142]],)
args__________ ([[33, 419, 238, 443, 343, 211, 260]],)
args__________ ([[34, 848, 854, 329, 623]],)
args__________ ([[35, 512, 336, 54, 142]],)
args__________ ([[37, 821, 720, 891, 888, 634]],)
args__________ ([[38, 770, 848, 489, 854, 219]],)
args__________ ([[43, 544, 434, 568, 596, 133]],)
args__________ ([[46, 890, 872, 843, 957, 884, 893]],)
args__________ ([[48, 393, 475, 170, 409, 337, 347]],)
args__________ ([[49, 429, 272, 319, 273, 395]],)
args__________ ([[50, 372, 341, 150, 112, 225, 265]],)
args__________ ([[51, 320, 164, 305, 234, 235, 317, 151]],)
args__________ ([[33, 419, 238, 443, 161, 52]],)
args__________ ([[53, 956, 963, 721]],)
args__________ ([[35, 512, 336, 54, 142]],)
args__________ ([[55, 231, 842, 970]],)
args__________ ([[824, 58, 978, 910]],)
args__________ ([[62, 672, 888, 633, 891]],)
finish single seed process___________________
sorted nodes by betweenness [75, 76, 110, 146, 159, 172, 174, 175, 184, 193, 194, 196, 200, 205, 222, 226, 236, 243, 245, 251, 257, 266, 267, 280, 281, 286, 287, 294, 297, 301, 308, 322, 324, 325, 326, 327, 330, 339, 345, 353, 354, 359, 362, 381, 384, 386, 402, 405, 415, 416, 427, 442, 444, 448, 449, 451, 461, 463, 478, 479, 481, 484, 487, 490, 491, 494, 497, 506, 515, 517, 522, 529, 533, 538, 558, 576, 606, 614, 618, 624, 625, 635, 669, 673, 675, 692, 696, 698, 711, 712, 722, 723, 739, 744, 746, 751, 763, 764, 765, 780, 783, 809, 810, 812, 813, 818, 820, 830, 849, 850, 864, 876, 879, 887, 892, 907, 909, 912, 916, 975, 988]
args__________ ([[75, 384, 405, 257, 205, 339]],)
args__________ ([[76, 836, 822]],)
args__________ ([[110, 964, 990, 998]],)
args__________ ([[146, 864, 739, 892, 850, 876, 887]],)
args__________ ([[159, 354, 529, 326, 416, 267]],)
args__________ ([[172, 912, 892, 850, 917, 751]],)
args__________ ([[174, 872, 884, 957, 890, 772, 773]],)
args__________ ([[175, 384, 322, 339, 405, 193, 266]],)
args__________ ([[184, 738, 620, 935]],)
args__________ ([[175, 384, 322, 339, 405, 193, 266]],)
args__________ ([[194, 933, 758]],)
args__________ ([[196, 816, 978, 910]],)
args__________ ([[200, 898, 919]],)
args__________ ([[175, 384, 322, 339, 405, 205, 257]],)
args__________ ([[222, 928, 958, 679]],)
args__________ ([[226, 416, 354, 463]],)
args__________ ([[236, 677, 730, 572]],)
args__________ ([[243, 972, 792, 973]],)
args__________ ([[245, 850, 912, 864, 876, 892, 887, 723]],)
args__________ ([[251, 771, 795, 699]],)
args__________ ([[175, 384, 322, 339, 405, 205, 257]],)
args__________ ([[175, 384, 322, 339, 405, 193, 266]],)
args__________ ([[159, 354, 529, 326, 416, 267]],)
args__________ ([[280, 802, 837, 911]],)
args__________ ([[281, 945, 915, 694]],)
args__________ ([[286, 960, 972, 973]],)
args__________ ([[159, 354, 529, 287, 386, 463]],)
args__________ ([[294, 994, 979, 995]],)
args__________ ([[287, 325, 529, 386, 463, 297]],)
args__________ ([[301, 827, 627]],)
args__________ ([[308, 912, 864, 675, 876, 850, 723, 892, 744]],)
args__________ ([[175, 384, 322, 339, 405, 193, 266]],)
finish single seed process___________________
sorted nodes by betweenness [324, 327, 330, 345, 353, 359, 362, 402, 415, 427, 442, 448, 449, 451, 461, 478, 479, 487, 490, 491, 497, 506, 515, 517, 522, 533, 538, 558, 576, 606, 614, 618, 624, 635, 669, 673, 692, 696, 698, 711, 712, 722, 746, 763, 765, 780, 783, 809, 810, 812, 813, 818, 820, 830, 849, 879, 907, 909, 916, 975, 988]
args__________ ([[324, 938, 843, 890]],)
args__________ ([[997, 327, 849, 980, 949]],)
args__________ ([[330, 864, 876, 887]],)
args__________ ([[345, 736, 893, 957]],)
args__________ ([[742, 943, 913, 353]],)
args__________ ([[359, 769, 970, 842, 902]],)
args__________ ([[362, 677, 586, 730]],)
args__________ ([[402, 704, 945, 932]],)
args__________ ([[882, 931, 415, 977, 934]],)
args__________ ([[427, 641, 601, 810, 827]],)
args__________ ([[328, 827, 442, 684, 510]],)
args__________ ([[448, 644, 656, 936, 939]],)
args__________ ([[449, 823, 473, 795, 700]],)
args__________ ([[451, 939, 898, 747, 919]],)
args__________ ([[869, 964, 976, 461, 889]],)
args__________ ([[478, 747, 936, 939, 919]],)
args__________ ([[479, 983, 880, 984, 981]],)
args__________ ([[487, 685, 793, 826, 846]],)
args__________ ([[490, 961, 1000, 592, 984]],)
args__________ ([[491, 993, 976, 969, 998]],)
args__________ ([[497, 864, 744, 912, 876]],)
args__________ ([[506, 686, 788, 807]],)
args__________ ([[483, 796, 874, 515, 662]],)
args__________ ([[517, 960, 832, 841, 973]],)
args__________ ([[522, 934, 933, 875]],)
args__________ ([[438, 945, 932, 533, 648]],)
args__________ ([[538, 933, 881, 875]],)
args__________ ([[558, 870, 976, 869, 990]],)
args__________ ([[430, 835, 785, 859, 576, 638]],)
args__________ ([[606, 769, 970, 902, 753]],)
args__________ ([[997, 614, 968, 971, 955]],)
args__________ ([[618, 974, 803, 950, 929]],)
finish single seed process___________________
sorted nodes by betweenness [624, 635, 669, 673, 692, 696, 698, 711, 712, 722, 746, 763, 765, 780, 783, 809, 812, 813, 818, 820, 830, 879, 907, 909, 916, 975, 988]
args__________ ([[510, 641, 684, 827, 627, 624]],)
args__________ ([[590, 998, 969, 635, 762]],)
args__________ ([[179, 265, 372, 341, 669]],)
args__________ ([[673, 947, 976, 993, 998, 831]],)
args__________ ([[404, 936, 939, 898, 919, 692]],)
args__________ ([[696, 954, 987, 985, 885, 982]],)
args__________ ([[698, 964, 976, 993, 947, 998]],)
args__________ ([[711, 867, 987, 908, 885, 982]],)
args__________ ([[291, 400, 331, 596, 568, 712]],)
args__________ ([[636, 972, 897, 960, 832, 722]],)
args__________ ([[746, 769, 825, 970, 750, 902]],)
args__________ ([[600, 958, 940, 844, 639, 763]],)
args__________ ([[387, 765, 493, 440, 466, 467, 446]],)
args__________ ([[48, 393, 475, 170, 409, 780]],)
args__________ ([[145, 544, 596, 568, 400, 434, 783]],)
args__________ ([[809, 976, 993, 990, 969, 998, 889]],)
args__________ ([[690, 957, 884, 772, 812, 914]],)
args__________ ([[772, 957, 884, 890, 813, 872]],)
args__________ ([[211, 419, 443, 260, 343, 818]],)
args__________ ([[599, 959, 967, 682, 878, 820, 855]],)
args__________ ([[830, 995, 979, 994, 965, 966, 862, 839]],)
args__________ ([[868, 994, 995, 965, 966, 944, 979, 879, 922]],)
args__________ ([[583, 736, 872, 843, 890, 893, 907]],)
args__________ ([[774, 994, 995, 965, 906, 944, 979, 909, 840, 922]],)
args__________ ([[474, 902, 970, 825, 748, 916, 750]],)
args__________ ([[782, 993, 998, 969, 976, 990, 975, 964, 889, 947]],)
args__________ ([[706, 993, 998, 969, 976, 964, 755, 947, 889, 988, 990]],)
finish single seed process___________________
i =  0 [800, 771, 406, 455, 745, 106, 718, 370, 123, 149, 534, 823, 473, 699, 795, 700]
i =  1 [640, 131, 135, 913, 277, 918, 798, 545, 424, 775, 814, 943, 307, 182, 707, 453, 714, 591, 861, 865, 742, 230, 103, 749, 622, 242]
i =  2 [261, 262, 199, 683, 524, 654, 367, 368, 465, 563, 725, 247, 485, 733, 191]
i =  3 [904, 905, 650, 914, 279, 921, 411, 32, 155, 942, 306, 695, 570, 778, 394, 64, 961, 592, 981, 983, 984, 863, 743, 1000, 873, 365, 61, 880, 501, 630, 119, 377]
i =  4 [992, 203, 363, 204, 206, 369, 244, 312, 153]
i =  5 [132, 665, 521, 147, 793, 920, 388, 543, 165, 935, 685, 693, 186, 709, 846, 719, 78, 598, 826, 94, 738, 620, 116]
i =  6 [66, 228, 581, 422, 423, 426, 335, 144, 408, 562, 181, 567, 536, 452, 603, 189]
i =  7 [480, 800, 771, 534, 455, 795, 745, 106, 718, 370, 149, 406, 823, 473, 699, 123, 700]
i =  8 [645, 777, 787, 924, 925, 289, 547, 299, 688, 949, 955, 828, 968, 971, 716, 717, 980, 853, 602, 860, 989, 997, 240, 883, 852, 249]
i =  9 [768, 2, 643, 270, 537, 923, 670, 804, 296, 937, 938, 946, 309, 735, 574, 962, 456, 74, 593, 986, 351, 999, 495, 114, 375]
i =  10 [523, 613, 647, 137, 874, 11, 499, 237, 662, 109, 483, 468, 373, 310, 56, 796, 734, 575]
i =  11 [779, 269, 526, 691, 539, 156, 926, 799, 929, 930, 803, 582, 808, 540, 811, 303, 819, 950, 953, 198, 974, 847, 857, 605, 97, 357, 871, 241]
i =  12 [385, 835, 740, 486, 513, 360, 12, 697, 503, 492, 430, 785, 437, 505, 420, 859, 285, 638, 85]
i =  13 [779, 269, 526, 819, 539, 156, 926, 799, 929, 930, 803, 198, 808, 540, 811, 303, 691, 950, 582, 974, 847, 857, 605, 991, 97, 357, 871, 241]
i =  14 [96, 641, 389, 552, 138, 684, 45, 207, 328, 210, 627, 601, 827, 557, 510]
i =  15 [520, 141, 782, 16, 661, 167, 168, 431, 947, 831, 65, 706, 964, 969, 333, 590, 976, 120, 84, 990, 993, 869, 998, 870, 755, 376, 889, 762, 917]
i =  16 [514, 4, 646, 906, 531, 535, 922, 676, 774, 678, 944, 862, 965, 966, 839, 840, 332, 98, 979, 597, 221, 350, 994, 995, 868, 383]
i =  17 [129, 516, 263, 396, 346, 911, 24, 530, 788, 664, 668, 797, 802, 550, 807, 686, 559, 178, 180, 956, 963, 837, 464, 213, 471, 858, 476, 617, 107, 658]
i =  18 [898, 747, 644, 5, 936, 73, 939, 271, 656, 316, 404, 789, 459, 919, 856, 154, 604, 349, 254]
i =  19 [608, 609, 546, 836, 726, 551, 392, 681, 652, 626, 687, 584, 274, 756, 822, 657, 282, 95, 418, 447]
i =  20 [779, 269, 526, 819, 539, 156, 926, 799, 929, 930, 803, 582, 808, 540, 811, 303, 691, 950, 198, 974, 847, 857, 605, 97, 357, 871]
i =  21 [132, 665, 521, 147, 793, 388, 543, 165, 935, 685, 693, 186, 709, 846, 719, 78, 598, 826, 94, 738, 620, 116]
i =  22 [256, 290, 100, 425, 42, 587, 334, 477, 152, 498, 628, 565, 201, 344, 509]
i =  23 [903, 776, 397, 910, 401, 791, 666, 28, 801, 548, 298, 816, 824, 185, 571, 192, 588, 845, 77, 978, 724, 187, 366, 111, 378, 511, 255]
i =  24 [105, 741, 390, 457, 564, 589, 223, 47, 504, 148, 30, 89, 728, 532, 122, 731, 252, 413, 283, 703]
i =  25 [520, 141, 782, 16, 661, 167, 168, 431, 947, 831, 65, 706, 964, 969, 333, 590, 976, 120, 84, 990, 993, 869, 998, 870, 755, 376, 889, 762]
i =  26 [769, 293, 902, 231, 232, 713, 970, 651, 748, 321, 753, 302, 311, 631, 825, 474, 233, 750, 842, 134, 441]
i =  27 [518, 648, 9, 781, 15, 915, 932, 945, 815, 433, 436, 438, 439, 63, 704, 352, 694, 594, 561, 36, 91, 224, 507]
i =  28 [520, 141, 782, 16, 661, 167, 168, 431, 947, 831, 65, 706, 964, 969, 333, 590, 976, 120, 84, 990, 993, 869, 998, 870, 755, 376, 889, 762]
i =  29 [483, 613, 647, 137, 874, 523, 237, 662, 109, 11, 310, 499, 468, 373, 886, 56, 796, 734, 575]
i =  30 [897, 130, 653, 399, 660, 792, 158, 160, 832, 674, 163, 41, 556, 57, 59, 573, 960, 580, 841, 972, 973, 209, 472, 482, 616, 636, 760, 460]
i =  31 [258, 398, 20, 239, 928, 549, 679, 40, 553, 940, 560, 952, 60, 829, 958, 844, 600, 866, 611, 612, 488, 364, 701, 500, 118, 639]
i =  32 [610, 519, 649, 171, 140, 642, 14, 759, 216, 595, 117, 469, 407, 248, 169, 410, 127, 380, 702, 361]
i =  33 [896, 899, 655, 528, 663, 794, 667, 541, 805, 39, 300, 173, 689, 315, 577, 450, 579, 68, 838, 93, 355, 619, 752, 894, 766, 767]
i =  34 [642, 519, 649, 171, 140, 610, 14, 759, 248, 595, 117, 469, 407, 216, 169, 410, 127, 380, 702, 361]
i =  35 [514, 4, 774, 906, 531, 535, 922, 676, 646, 678, 944, 862, 965, 966, 839, 840, 332, 98, 979, 597, 996, 221, 350, 994, 995, 868, 383]
i =  36 [900, 6, 7, 136, 908, 784, 786, 659, 412, 288, 806, 680, 284, 555, 432, 948, 954, 833, 885, 705, 708, 268, 982, 985, 987, 867, 496, 629, 761, 637]
i =  37 [195, 677, 710, 615, 92, 586, 44, 79, 124, 338, 470, 88, 730, 527, 572, 90, 229]
i =  38 [897, 130, 653, 399, 660, 792, 158, 160, 832, 674, 163, 41, 556, 57, 59, 573, 960, 580, 841, 972, 973, 209, 472, 482, 616, 460, 760, 636]
i =  39 [640, 131, 135, 913, 277, 798, 545, 424, 775, 814, 943, 307, 182, 951, 707, 453, 714, 591, 861, 865, 742, 230, 103, 749, 622, 242]
i =  40 [790, 143, 276, 21, 278, 414, 931, 292, 933, 934, 941, 817, 566, 834, 67, 977, 82, 217, 732, 101, 875, 877, 881, 754, 115, 758, 508, 882, 895]
i =  41 [1, 49, 395, 429, 272, 273, 83, 218, 27, 125, 319]
i =  42 [3, 10, 727, 17, 18, 25, 927, 162, 682, 435, 183, 190, 959, 139, 967, 715, 855, 599, 607, 358, 878, 113, 757, 632, 554]
i =  43 [604, 898, 747, 644, 5, 8, 73, 459, 939, 271, 656, 936, 404, 789, 919, 856, 154, 316, 349, 254]
i =  44 [3, 10, 727, 17, 18, 25, 927, 162, 682, 435, 183, 190, 959, 139, 967, 715, 855, 599, 607, 358, 878, 113, 757, 632, 554]
i =  45 [779, 13, 526, 819, 539, 540, 926, 799, 929, 930, 803, 582, 808, 156, 811, 303, 691, 950, 198, 974, 269, 857, 847, 605, 97, 357, 871]
i =  46 [3, 901, 10, 727, 17, 18, 25, 927, 162, 682, 435, 183, 190, 959, 139, 967, 715, 855, 599, 607, 358, 878, 113, 757, 632, 554]
i =  47 [3, 10, 727, 17, 18, 25, 927, 162, 554, 435, 183, 190, 959, 139, 967, 715, 855, 599, 607, 358, 878, 113, 757, 632, 682]
i =  48 [19, 323, 108, 493, 467, 157, 466, 371, 440, 387, 446]
i =  49 [645, 777, 787, 22, 924, 925, 289, 547, 299, 688, 949, 955, 828, 70, 968, 971, 716, 717, 980, 853, 342, 249, 602, 860, 989, 997, 240, 883, 852]
i =  50 [320, 164, 234, 235, 305, 51, 23, 151, 317]
i =  51 [3, 10, 855, 17, 18, 25, 927, 162, 682, 435, 183, 190, 959, 139, 967, 715, 727, 599, 607, 358, 878, 113, 757, 632, 554]
i =  52 [512, 128, 35, 374, 295, 71, 142, 336, 918, 26, 54, 31]
i =  53 [1, 49, 395, 429, 272, 273, 83, 218, 27, 125, 319]
i =  54 [578, 259, 72, 585, 202, 462, 176, 264, 318, 502, 729, 569, 379, 220, 29, 382, 671]
i =  55 [512, 128, 35, 918, 71, 295, 142, 336, 54, 374, 26, 31]
i =  56 [33, 419, 260, 161, 238, 80, 211, 52, 343, 443]
i =  57 [208, 34, 356, 421, 38, 104, 489, 770, 623, 848, 102, 340, 854, 215, 329, 219, 253, 542, 621]
i =  58 [512, 128, 35, 374, 295, 71, 142, 336, 54, 26, 31]
i =  59 [391, 525, 275, 672, 37, 428, 304, 821, 314, 62, 458, 720, 851, 212, 633, 634, 227, 403, 246, 888, 121, 250, 891]
i =  60 [208, 770, 356, 102, 38, 104, 489, 34, 623, 848, 340, 854, 215, 329, 219, 621, 253, 542, 421]
i =  61 [544, 291, 133, 166, 43, 400, 145, 434, 596, 214, 568, 331]
i =  62 [772, 773, 417, 46, 690, 313, 188, 445, 197, 454, 583, 843, 81, 87, 736, 737, 872, 957, 884, 890, 893, 126]
i =  63 [99, 177, 393, 170, 48, 337, 86, 409, 347, 475]
i =  64 [1, 273, 395, 429, 272, 49, 83, 218, 27, 125, 319]
i =  65 [225, 69, 265, 112, 50, 179, 372, 341, 150]
i =  66 [320, 164, 234, 235, 305, 51, 151, 23, 317]
i =  67 [33, 419, 260, 161, 238, 80, 211, 52, 343, 443]
i =  68 [129, 516, 263, 396, 346, 911, 664, 530, 788, 24, 668, 797, 802, 550, 807, 476, 686, 559, 178, 180, 53, 956, 963, 837, 464, 721, 213, 471, 858, 348, 617, 107, 658]
i =  69 [512, 128, 35, 374, 295, 71, 142, 336, 54, 26, 31]
i =  70 [769, 134, 651, 293, 302, 55, 825, 970, 321, 713, 842, 311, 902, 441, 474, 231, 232, 233, 748, 750, 753, 631]
i =  71 [903, 776, 397, 910, 401, 791, 666, 28, 801, 548, 298, 816, 824, 185, 58, 187, 192, 588, 845, 77, 978, 724, 571, 366, 111, 378, 511, 255]
i =  72 [391, 525, 403, 672, 37, 428, 304, 821, 314, 62, 458, 720, 851, 212, 633, 250, 227, 275, 246, 888, 121, 634, 891]
i =  73 [384, 257, 322, 193, 266, 75, 205, 175, 339, 405, 381]
i =  74 [608, 609, 418, 836, 726, 551, 392, 652, 76, 626, 687, 584, 274, 546, 756, 822, 681, 657, 282, 95, 447]
i =  75 [520, 141, 782, 16, 661, 167, 168, 431, 947, 831, 65, 706, 964, 969, 333, 590, 976, 120, 84, 990, 993, 869, 998, 870, 110, 755, 376, 889, 762]
i =  76 [864, 481, 739, 484, 764, 744, 444, 172, 850, 876, 751, 912, 625, 146, 675, 308, 494, 723, 887, 892, 245]
i =  77 [416, 354, 325, 326, 297, 267, 386, 463, 529, 287, 159]
i =  78 [912, 146, 917, 675, 172, 308, 444, 850, 723, 864, 481, 739, 484, 744, 892, 876, 494, 751, 625, 245, 887, 764]
i =  79 [772, 773, 174, 417, 46, 690, 313, 188, 445, 197, 454, 583, 843, 81, 87, 736, 737, 872, 957, 884, 890, 893, 126]
i =  80 [384, 193, 322, 257, 266, 75, 205, 175, 339, 405, 381]
i =  81 [132, 665, 521, 147, 793, 388, 543, 165, 935, 685, 693, 184, 186, 709, 78, 719, 846, 598, 826, 94, 738, 620, 116]
i =  82 [384, 193, 322, 257, 266, 75, 205, 175, 339, 405, 381]
i =  83 [790, 834, 143, 276, 21, 278, 414, 931, 292, 933, 934, 941, 817, 566, 194, 67, 977, 82, 217, 732, 101, 875, 877, 881, 882, 115, 758, 754, 508, 895]
i =  84 [903, 776, 397, 910, 401, 791, 666, 28, 801, 548, 298, 816, 824, 185, 571, 192, 196, 588, 845, 77, 978, 724, 187, 366, 111, 378, 511, 255]
i =  85 [604, 898, 35, 644, 5, 200, 73, 747, 939, 271, 656, 936, 404, 789, 459, 919, 856, 154, 316, 349, 254]
i =  86 [384, 257, 322, 193, 266, 75, 205, 175, 339, 405, 381]
i =  87 [258, 398, 20, 928, 549, 679, 40, 553, 940, 560, 952, 60, 829, 958, 701, 844, 600, 222, 866, 611, 612, 488, 364, 239, 500, 118, 639]
i =  88 [416, 226, 325, 326, 297, 267, 354, 386, 463, 529, 287, 159]
i =  89 [195, 677, 615, 44, 586, 236, 527, 229, 124, 338, 470, 88, 730, 79, 92, 90, 572]
i =  90 [897, 130, 653, 399, 660, 792, 158, 160, 674, 163, 960, 41, 556, 57, 59, 573, 832, 580, 841, 972, 973, 209, 472, 482, 616, 460, 243, 760, 636]
i =  91 [864, 481, 675, 484, 764, 744, 444, 172, 146, 876, 751, 912, 625, 850, 739, 308, 494, 723, 887, 892, 245]
i =  92 [800, 771, 534, 455, 795, 745, 106, 823, 718, 370, 149, 406, 251, 473, 699, 123, 700]
i =  93 [384, 257, 322, 193, 266, 75, 205, 175, 339, 405, 381]
i =  94 [384, 193, 322, 257, 266, 75, 205, 175, 339, 405, 381]
i =  95 [416, 354, 325, 326, 297, 267, 386, 463, 529, 287, 159]
i =  96 [129, 516, 263, 396, 911, 24, 530, 788, 664, 668, 797, 802, 550, 807, 858, 686, 559, 178, 180, 956, 963, 837, 464, 213, 471, 346, 476, 280, 617, 107, 658]
i =  97 [518, 648, 9, 781, 15, 915, 281, 36, 945, 815, 433, 436, 438, 439, 63, 704, 224, 694, 594, 561, 932, 91, 352, 507]
i =  98 [897, 130, 653, 399, 660, 792, 158, 160, 832, 674, 163, 41, 556, 286, 57, 59, 573, 960, 580, 841, 972, 973, 209, 472, 482, 616, 460, 760, 636]
i =  99 [416, 354, 325, 326, 297, 267, 386, 463, 529, 159, 287]
i =  100 [514, 4, 646, 906, 531, 535, 922, 676, 774, 294, 944, 862, 55, 965, 966, 839, 840, 332, 98, 979, 597, 221, 350, 994, 995, 868, 678, 383]
i =  101 [416, 354, 325, 326, 297, 267, 386, 463, 529, 159, 287]
i =  102 [96, 641, 389, 552, 138, 684, 45, 207, 328, 210, 627, 301, 601, 827, 557, 510]
i =  103 [864, 481, 675, 484, 764, 744, 444, 172, 146, 876, 751, 912, 625, 850, 739, 308, 494, 723, 887, 892, 245]
i =  104 [384, 193, 322, 257, 266, 75, 205, 175, 339, 405, 381]
i =  105 [772, 773, 174, 417, 938, 46, 690, 313, 188, 957, 324, 197, 454, 583, 843, 81, 87, 736, 737, 872, 445, 884, 890, 893, 126]
i =  106 [645, 777, 787, 924, 925, 289, 547, 299, 688, 949, 955, 828, 70, 327, 968, 971, 716, 717, 849, 980, 853, 602, 860, 989, 997, 240, 883, 852, 249]
i =  107 [912, 146, 675, 172, 308, 444, 330, 850, 723, 864, 481, 739, 484, 744, 892, 876, 494, 751, 625, 245, 887, 764]
i =  108 [772, 773, 417, 46, 690, 313, 188, 957, 197, 454, 583, 843, 81, 87, 345, 736, 737, 872, 445, 884, 890, 893, 126]
i =  109 [640, 131, 135, 913, 277, 798, 545, 424, 775, 814, 943, 307, 182, 707, 453, 865, 714, 591, 861, 353, 230, 742, 103, 749, 622, 242]
i =  110 [769, 902, 651, 293, 302, 311, 825, 842, 134, 321, 713, 970, 441, 474, 359, 232, 233, 231, 748, 750, 753, 631]
i =  111 [195, 677, 615, 92, 362, 44, 79, 229, 338, 90, 470, 88, 730, 527, 124, 586, 572]
i =  112 [518, 648, 9, 781, 15, 402, 915, 932, 945, 815, 433, 436, 694, 439, 63, 704, 352, 438, 594, 561, 36, 91, 224, 507]
i =  113 [790, 143, 276, 21, 278, 414, 415, 931, 292, 933, 934, 941, 817, 566, 834, 67, 977, 82, 217, 732, 101, 875, 877, 881, 754, 115, 758, 508, 882, 895]
i =  114 [96, 641, 827, 389, 328, 810, 427, 684, 45, 557, 552, 210, 627, 601, 207, 138, 510]
i =  115 [96, 641, 389, 328, 138, 684, 45, 207, 552, 210, 627, 601, 442, 827, 557, 510]
i =  116 [448, 604, 898, 459, 644, 5, 936, 73, 747, 939, 271, 656, 404, 789, 919, 856, 154, 316, 349, 254]
i =  117 [800, 449, 771, 534, 455, 745, 106, 718, 370, 123, 149, 406, 823, 473, 699, 795, 700]
i =  118 [898, 451, 644, 5, 936, 73, 747, 939, 271, 656, 316, 404, 789, 459, 919, 856, 154, 604, 349, 254]
i =  119 [520, 141, 782, 16, 661, 167, 168, 431, 947, 831, 65, 706, 964, 969, 333, 590, 461, 976, 120, 84, 990, 993, 869, 998, 870, 755, 376, 889, 762]
i =  120 [604, 898, 747, 644, 5, 936, 73, 939, 271, 656, 919, 404, 254, 459, 856, 154, 316, 349, 478, 789]
i =  121 [904, 905, 650, 279, 921, 155, 32, 411, 942, 306, 695, 570, 863, 778, 394, 64, 961, 592, 981, 983, 984, 479, 743, 1000, 873, 365, 61, 880, 501, 630, 119, 377]
i =  122 [132, 665, 521, 147, 793, 388, 543, 165, 935, 685, 693, 826, 709, 78, 719, 846, 598, 186, 94, 738, 487, 620, 116]
i =  123 [904, 905, 650, 279, 921, 411, 32, 155, 942, 306, 695, 570, 778, 394, 64, 961, 592, 981, 983, 984, 863, 743, 1000, 873, 490, 365, 61, 880, 501, 630, 119, 377]
i =  124 [520, 141, 782, 16, 661, 167, 168, 431, 947, 831, 65, 706, 964, 969, 333, 590, 976, 120, 84, 990, 993, 869, 998, 870, 491, 755, 376, 889, 762]
i =  125 [912, 146, 675, 497, 172, 308, 444, 850, 723, 864, 481, 739, 484, 744, 892, 876, 494, 751, 625, 245, 887, 764]
i =  126 [129, 516, 263, 396, 346, 911, 664, 530, 788, 24, 668, 797, 802, 550, 807, 686, 559, 178, 180, 53, 956, 963, 837, 464, 213, 86, 471, 858, 476, 617, 107, 658, 506]
i =  127 [515, 310, 647, 137, 874, 523, 499, 109, 237, 11, 483, 468, 373, 662, 56, 575, 796, 734, 613]
i =  128 [897, 130, 517, 653, 399, 660, 792, 158, 160, 832, 674, 163, 41, 556, 57, 59, 573, 960, 580, 841, 972, 973, 209, 472, 482, 616, 636, 760, 460]
i =  129 [790, 522, 143, 276, 21, 278, 414, 931, 292, 933, 934, 941, 817, 566, 834, 67, 977, 82, 217, 732, 101, 875, 877, 881, 882, 115, 758, 754, 508, 895]
i =  130 [518, 648, 9, 781, 15, 915, 533, 932, 561, 815, 433, 436, 694, 439, 63, 704, 224, 438, 594, 36, 91, 352, 945, 507]
i =  131 [790, 143, 276, 21, 278, 538, 414, 931, 292, 933, 934, 941, 817, 566, 834, 67, 977, 82, 217, 732, 101, 875, 877, 881, 882, 115, 758, 754, 508, 895]
i =  132 [520, 141, 782, 16, 661, 167, 168, 558, 431, 947, 831, 65, 706, 964, 969, 333, 590, 976, 120, 84, 990, 993, 869, 998, 870, 755, 376, 889, 762]
i =  133 [576, 385, 835, 740, 486, 513, 360, 12, 697, 503, 492, 430, 785, 437, 505, 420, 859, 285, 638, 85]
i =  134 [769, 902, 651, 293, 302, 311, 825, 842, 134, 321, 713, 970, 441, 474, 606, 231, 232, 233, 748, 750, 753, 631]
i =  135 [645, 777, 787, 924, 925, 289, 547, 299, 688, 949, 955, 828, 968, 971, 716, 717, 852, 853, 602, 860, 989, 997, 614, 240, 883, 249, 980]
i =  136 [779, 269, 526, 691, 539, 540, 926, 799, 929, 930, 803, 582, 808, 156, 811, 303, 819, 950, 198, 974, 847, 857, 605, 97, 357, 871, 618, 241]
i =  137 [96, 641, 389, 552, 138, 684, 45, 207, 624, 328, 210, 627, 601, 827, 557, 510]
i =  138 [520, 141, 782, 16, 661, 167, 168, 431, 947, 831, 65, 706, 964, 969, 333, 590, 976, 376, 84, 990, 993, 869, 998, 870, 755, 120, 889, 762, 635]
i =  139 [225, 69, 265, 112, 50, 179, 372, 341, 150, 669]
i =  140 [520, 141, 782, 16, 661, 673, 167, 168, 431, 947, 831, 65, 706, 964, 969, 333, 590, 976, 120, 84, 990, 993, 869, 998, 870, 755, 376, 889, 762]
i =  141 [604, 898, 459, 644, 5, 936, 73, 747, 939, 271, 656, 692, 789, 919, 856, 404, 154, 316, 349, 254]
i =  142 [900, 6, 7, 136, 268, 784, 786, 659, 412, 288, 806, 680, 284, 555, 432, 948, 696, 954, 833, 629, 705, 708, 908, 982, 985, 987, 867, 496, 885, 761, 637]
i =  143 [520, 141, 782, 16, 661, 167, 168, 431, 947, 698, 831, 65, 706, 964, 969, 333, 590, 976, 120, 84, 990, 993, 869, 998, 870, 755, 376, 889, 762]
i =  144 [900, 6, 7, 136, 908, 784, 786, 659, 284, 288, 806, 680, 412, 555, 432, 948, 954, 833, 629, 705, 708, 711, 268, 982, 985, 987, 867, 496, 885, 761, 637]
i =  145 [544, 214, 291, 133, 166, 712, 331, 400, 145, 434, 596, 43, 568]
i =  146 [897, 130, 653, 399, 660, 792, 158, 160, 832, 674, 163, 41, 556, 57, 59, 573, 960, 580, 841, 972, 973, 209, 722, 472, 482, 616, 460, 760, 636]
i =  147 [769, 134, 651, 293, 302, 311, 825, 970, 321, 713, 842, 902, 441, 474, 231, 232, 233, 746, 748, 750, 753, 631]
i =  148 [258, 398, 20, 239, 928, 549, 679, 40, 553, 940, 560, 952, 60, 829, 958, 844, 600, 866, 611, 612, 488, 364, 701, 500, 118, 763, 639]
i =  149 [323, 371, 108, 493, 467, 765, 466, 19, 440, 387, 157, 446]
i =  150 [99, 177, 393, 170, 780, 48, 337, 86, 409, 347, 475]
i =  151 [544, 291, 133, 166, 43, 783, 400, 145, 434, 596, 214, 568, 331]
i =  152 [520, 141, 782, 16, 661, 167, 168, 809, 431, 947, 831, 65, 706, 964, 969, 333, 590, 976, 120, 84, 990, 993, 869, 998, 870, 755, 376, 889, 762]
i =  153 [772, 773, 914, 46, 417, 812, 174, 690, 313, 188, 957, 197, 454, 583, 843, 81, 87, 736, 737, 872, 445, 884, 890, 893, 126]
i =  154 [772, 773, 174, 417, 813, 46, 690, 313, 188, 445, 197, 454, 583, 843, 81, 87, 736, 737, 872, 957, 884, 890, 893, 126]
i =  155 [33, 419, 260, 161, 238, 80, 818, 211, 52, 343, 443]
i =  156 [3, 10, 139, 17, 18, 25, 927, 162, 682, 435, 820, 183, 190, 959, 967, 715, 727, 855, 599, 607, 358, 878, 113, 757, 632, 554]
i =  157 [514, 4, 646, 906, 531, 535, 922, 676, 774, 678, 944, 862, 830, 965, 966, 839, 840, 332, 98, 979, 597, 221, 350, 994, 995, 868, 383]
i =  158 [514, 4, 646, 906, 531, 535, 922, 676, 774, 678, 944, 862, 965, 966, 839, 840, 332, 98, 979, 597, 221, 350, 994, 995, 868, 879, 383]
i =  159 [772, 773, 907, 417, 46, 690, 313, 188, 445, 197, 454, 583, 843, 81, 87, 736, 737, 872, 957, 884, 890, 893, 126]
i =  160 [514, 4, 774, 906, 909, 531, 535, 922, 676, 646, 678, 944, 862, 965, 966, 839, 840, 332, 98, 979, 597, 221, 350, 994, 995, 868, 383]
i =  161 [769, 134, 651, 916, 293, 302, 311, 825, 842, 321, 713, 970, 902, 441, 474, 231, 232, 233, 748, 750, 753, 631]
i =  162 [520, 141, 782, 16, 661, 167, 168, 431, 947, 831, 65, 706, 964, 969, 333, 590, 975, 976, 120, 84, 990, 993, 869, 998, 870, 755, 376, 889, 762]
i =  163 [520, 141, 782, 16, 661, 167, 168, 431, 947, 831, 65, 706, 964, 969, 333, 590, 976, 120, 84, 988, 990, 993, 869, 998, 870, 755, 376, 889, 762]
finish get all communities
complete deal_communities
commplete get_all_nature_community
----------------------------------The detection result is: 

all communities: 
i =  1 : [191, 199, 247, 261, 262, 367, 368, 465, 485, 524, 563, 654, 683, 725, 733]
i =  2 : [153, 203, 204, 206, 244, 312, 363, 369, 992]
i =  3 : [66, 144, 181, 189, 228, 335, 408, 422, 423, 426, 452, 536, 562, 567, 581, 603]
i =  4 : [2, 74, 114, 270, 296, 309, 351, 375, 456, 495, 537, 574, 593, 643, 670, 735, 768, 804, 923, 937, 938, 946, 962, 986, 999]
i =  5 : [42, 100, 152, 201, 256, 290, 334, 344, 425, 477, 498, 509, 565, 587, 628]
i =  6 : [30, 47, 89, 105, 122, 148, 223, 252, 283, 390, 413, 457, 504, 532, 564, 589, 703, 728, 731, 741]
i =  7 : [14, 117, 127, 140, 169, 171, 216, 248, 361, 380, 407, 410, 469, 519, 595, 610, 642, 649, 702, 759]
i =  8 : [39, 68, 93, 173, 300, 315, 355, 450, 528, 541, 577, 579, 619, 655, 663, 667, 689, 752, 766, 767, 794, 805, 838, 894, 896, 899]
i =  9 : [1, 27, 49, 83, 125, 218, 272, 273, 319, 395, 429]
i =  10 : [23, 51, 151, 164, 234, 235, 305, 317, 320]
i =  11 : [26, 31, 35, 54, 71, 128, 142, 295, 336, 374, 512, 918]
i =  12 : [29, 72, 176, 202, 220, 259, 264, 318, 379, 382, 462, 502, 569, 578, 585, 671, 729]
i =  13 : [34, 38, 102, 104, 208, 215, 219, 253, 329, 340, 356, 421, 489, 542, 621, 623, 770, 848, 854]
i =  14 : [37, 62, 121, 212, 227, 246, 250, 275, 304, 314, 391, 403, 428, 458, 525, 633, 634, 672, 720, 821, 851, 888, 891]
i =  15 : [75, 175, 193, 205, 257, 266, 322, 339, 381, 384, 405]
i =  16 : [76, 95, 274, 282, 392, 418, 447, 546, 551, 584, 608, 609, 626, 652, 657, 681, 687, 726, 756, 822, 836]
i =  17 : [159, 226, 267, 287, 297, 325, 326, 354, 386, 416, 463, 529]
i =  18 : [12, 85, 285, 360, 385, 420, 430, 437, 486, 492, 503, 505, 513, 576, 638, 697, 740, 785, 835, 859]
i =  19 : [50, 69, 112, 150, 179, 225, 265, 341, 372, 669]
i =  20 : [19, 108, 157, 323, 371, 387, 440, 446, 466, 467, 493, 765]
i =  21 : [48, 86, 99, 170, 177, 337, 347, 393, 409, 475, 780]
i =  22 : [33, 52, 80, 161, 211, 238, 260, 343, 419, 443, 818]
i =  23 : [11, 56, 109, 137, 237, 310, 373, 468, 483, 499, 515, 523, 575, 613, 647, 662, 734, 796, 874, 886]
i =  24 : [3, 10, 17, 18, 25, 113, 139, 162, 183, 190, 358, 435, 554, 599, 607, 632, 682, 715, 727, 757, 820, 855, 878, 901, 927, 959, 967]
i =  25 : [28, 58, 77, 111, 185, 187, 192, 196, 255, 298, 366, 378, 397, 401, 511, 548, 571, 588, 666, 724, 776, 791, 801, 816, 824, 845, 903, 910, 978]
i =  26 : [20, 40, 60, 118, 222, 239, 258, 364, 398, 488, 500, 549, 553, 560, 600, 611, 612, 639, 679, 701, 763, 829, 844, 866, 928, 940, 952, 958]
i =  27 : [6, 7, 136, 268, 284, 288, 412, 432, 496, 555, 629, 637, 659, 680, 696, 705, 708, 711, 761, 784, 786, 806, 833, 867, 885, 900, 908, 948, 954, 982, 985, 987]
i =  28 : [43, 133, 145, 166, 214, 291, 331, 400, 434, 544, 568, 596, 712, 783]
i =  29 : [103, 131, 135, 182, 230, 242, 277, 307, 353, 424, 453, 545, 591, 622, 640, 707, 714, 742, 749, 775, 798, 814, 861, 865, 913, 918, 943, 951]
i =  30 : [32, 61, 64, 119, 155, 279, 306, 365, 377, 394, 411, 479, 490, 501, 570, 592, 630, 650, 695, 743, 778, 863, 873, 880, 904, 905, 914, 921, 942, 961, 981, 983, 984, 1000]
i =  31 : [78, 94, 116, 132, 147, 165, 184, 186, 388, 487, 521, 543, 598, 620, 665, 685, 693, 709, 719, 738, 793, 826, 846, 920, 935]
i =  32 : [106, 123, 149, 251, 370, 406, 449, 455, 473, 480, 534, 699, 700, 718, 745, 771, 795, 800, 823]
i =  33 : [44, 79, 88, 90, 92, 124, 195, 229, 236, 338, 362, 470, 527, 572, 586, 615, 677, 710, 730]
i =  34 : [22, 70, 240, 249, 289, 299, 327, 342, 547, 602, 614, 645, 688, 716, 717, 777, 787, 828, 849, 852, 853, 860, 883, 924, 925, 949, 955, 968, 971, 980, 989, 997]
i =  35 : [24, 53, 86, 107, 129, 178, 180, 213, 263, 280, 346, 348, 396, 464, 471, 476, 506, 516, 530, 550, 559, 617, 658, 664, 668, 686, 721, 788, 797, 802, 807, 837, 858, 911, 956, 963]
i =  36 : [146, 172, 245, 308, 330, 444, 481, 484, 494, 497, 625, 675, 723, 739, 744, 751, 764, 850, 864, 876, 887, 892, 912, 917]
i =  37 : [9, 15, 36, 63, 91, 224, 281, 352, 402, 433, 436, 438, 439, 507, 518, 533, 561, 594, 648, 694, 704, 781, 815, 915, 932, 945]
i =  38 : [13, 97, 156, 198, 241, 269, 303, 357, 526, 539, 540, 582, 605, 618, 691, 779, 799, 803, 808, 811, 819, 847, 857, 871, 926, 929, 930, 950, 953, 974, 991]
i =  39 : [21, 67, 82, 101, 115, 143, 194, 217, 276, 278, 292, 414, 415, 508, 522, 538, 566, 732, 754, 758, 790, 817, 834, 875, 877, 881, 882, 895, 931, 933, 934, 941, 977]
i =  40 : [41, 57, 59, 130, 158, 160, 163, 209, 243, 286, 399, 460, 472, 482, 517, 556, 573, 580, 616, 636, 653, 660, 674, 722, 760, 792, 832, 841, 897, 960, 972, 973]
i =  41 : [45, 96, 138, 207, 210, 301, 328, 389, 427, 442, 510, 552, 557, 601, 624, 627, 641, 684, 810, 827]
i =  42 : [4, 55, 98, 221, 294, 332, 350, 383, 514, 531, 535, 597, 646, 676, 678, 774, 830, 839, 840, 862, 868, 879, 906, 909, 922, 944, 965, 966, 979, 994, 995, 996]
i =  43 : [55, 134, 231, 232, 233, 293, 302, 311, 321, 359, 441, 474, 606, 631, 651, 713, 746, 748, 750, 753, 769, 825, 842, 902, 916, 970]
i =  44 : [46, 81, 87, 126, 174, 188, 197, 313, 324, 345, 417, 445, 454, 583, 690, 736, 737, 772, 773, 812, 813, 843, 872, 884, 890, 893, 907, 914, 938, 957]
i =  45 : [5, 8, 35, 73, 154, 200, 254, 271, 316, 349, 404, 448, 451, 459, 478, 604, 644, 656, 692, 747, 789, 856, 898, 919, 936, 939]
i =  46 : [16, 65, 84, 110, 120, 141, 167, 168, 333, 376, 431, 461, 491, 520, 558, 590, 635, 661, 673, 698, 706, 755, 762, 782, 809, 831, 869, 870, 889, 917, 947, 964, 969, 975, 976, 988, 990, 993, 998]
overlapping nodes are:  [35, 55, 86, 914, 917, 918, 938] 
 NOO is:  7
total time is:  166.624358892
