lens of ground_truth:  56
ground_truth is: [[307, 316, 349, 453, 472, 536, 565, 569, 580, 591, 612, 671, 677, 705, 769, 771, 775, 781, 792, 800, 807, 822, 848, 865, 872, 904, 913, 914, 966], [22, 43, 70, 107, 146, 164, 220, 253, 278, 317, 412, 423, 509, 523, 540], [23, 109, 117, 123, 160, 281, 307, 413, 419, 435, 448, 455, 509, 533, 536, 576, 617, 683, 689, 751, 759, 821, 823, 850, 855, 864, 874, 901, 903, 912, 922, 927, 973, 975, 989], [6, 47, 162, 171, 239, 282, 396, 469, 499, 534, 601, 682, 804, 906, 999], [23, 25, 63, 192, 311, 344, 424, 428, 431, 472, 775, 914, 948], [113, 129, 137, 187, 205, 246, 397, 410, 488, 524, 783, 860], [48, 133, 147, 167, 211, 260, 281, 307, 320, 390, 437, 440, 509, 513, 552, 553, 594, 617, 632, 642, 689, 701, 718, 719, 752, 773, 804, 820, 825, 853, 890, 915, 928, 931, 940, 961, 980, 990], [16, 42, 101, 191, 199, 284, 332, 407, 420, 725, 980], [132, 153, 195, 268, 302, 303, 348, 368, 492, 541, 577, 583, 590, 602, 746, 805, 945], [4, 12, 81, 151, 211, 240, 296, 321, 324, 334, 356, 399, 417, 463, 497, 535, 545, 571, 580, 659, 663, 669, 684, 689, 758, 760, 765, 769, 800, 828, 841, 882, 966], [23, 30, 217, 255, 294, 304, 381, 385, 501, 549, 585, 622, 635, 805], [14, 34, 84, 112, 133, 150, 154, 158, 159, 199, 260, 301, 336, 345, 347, 389, 390, 400, 403, 425, 426, 434, 444, 455, 475, 509, 546, 547, 558, 615, 632, 680, 713, 719, 724, 746, 772, 795, 800, 804, 813, 818, 871, 885, 937, 956, 963, 966, 980, 995], [2, 93, 118, 175, 181, 264, 335, 402, 557, 708, 860, 966], [23, 130, 232, 319, 405, 409, 443, 454, 508, 522, 532, 604, 611, 617, 693, 718, 758, 771, 834, 836, 858, 885, 889, 896, 897, 926, 935, 938, 943, 945, 963], [156, 160, 234, 257, 275, 292, 447, 467, 617, 732, 955], [84, 124, 128, 150, 162, 165, 211, 229, 235, 246, 268, 273, 281, 324, 351, 391, 401, 417, 420, 433, 436, 504, 530, 559, 579, 676, 699, 732, 743, 750, 783, 789, 824, 858, 860, 862, 897, 911, 916, 920, 929, 968, 969, 972, 974, 988, 991, 993], [5, 82, 117, 168, 173, 246, 258, 271, 287, 376, 405, 438, 441, 514, 537, 564, 625, 689, 726, 769, 771, 777, 805, 830, 839, 848, 873, 892, 914, 925, 943, 993, 1000], [26, 54, 211, 225, 268, 273, 289, 373, 391, 414, 419, 430, 506, 606, 654, 668, 758, 787, 797, 809, 837, 847, 859, 888, 895, 911, 924, 936, 941, 947, 955, 963], [17, 39, 92, 136, 139, 170, 243, 302, 470, 482, 511, 527, 566, 800], [7, 52, 75, 124, 149, 161, 177, 260, 312, 331, 438, 462, 476, 477, 538, 578, 608, 652, 771, 775, 868, 883, 887, 897, 909, 918, 937, 943, 944, 945, 949, 950, 954, 956, 967], [45, 46, 67, 160, 229, 268, 276, 324, 403, 417, 433, 449, 543, 555, 570, 579, 587, 645, 651, 676, 682, 685, 692, 699, 719, 754, 765, 783, 804, 805, 810, 857, 858, 906, 934, 944, 954, 957, 959, 979, 987], [43, 61, 72, 109, 160, 162, 190, 246, 256, 327, 345, 390, 446, 468, 509, 531, 542, 550, 632, 682, 719, 732, 763, 781, 844, 851, 856, 867, 878, 899, 905, 907, 932, 937, 943, 956, 973, 981, 982, 996], [43, 99, 102, 111, 117, 133, 199, 206, 214, 238, 254, 269, 281, 302, 340, 342, 345, 433, 445, 458, 611, 613, 659, 664, 673, 704, 725, 737, 741, 805, 826, 827, 840, 848, 852, 860, 885, 911, 957, 986, 993, 1000], [91, 160, 210, 216, 326, 414, 422, 471, 478, 502, 510, 643, 659, 688, 730, 758, 851, 945], [85, 131, 150, 218, 246, 247, 251, 295, 319, 339, 345, 354, 391, 455, 491, 543, 566, 623, 631, 670, 708, 710, 715, 725, 727, 732, 771, 783, 798, 802, 804, 815, 858, 863, 866, 897, 911, 952, 957, 977, 990, 993], [19, 105, 229, 237, 279, 366, 375, 398, 429, 496, 503, 518, 554, 580, 616, 619, 691, 709, 775, 801, 855, 948, 999], [31, 109, 110, 259, 267, 363, 414, 438, 512, 561, 595, 603, 716, 723, 732, 769, 781, 831, 855, 948, 973, 989, 999], [36, 66, 250, 262, 300, 309, 343, 353, 416, 419, 451, 461, 507, 528, 548], [55, 120, 172, 197, 244, 323, 324, 394, 406, 473, 487, 505, 605, 621, 674, 738, 937, 945], [24, 69, 71, 166, 357, 411, 415, 479, 516, 618, 627, 628, 636, 675, 739, 788, 851, 855, 865, 957, 999], [32, 84, 109, 117, 124, 135, 150, 194, 229, 341, 358, 374, 403, 405, 419, 433, 455, 543, 574, 579, 582, 593, 599, 649, 659, 699, 720, 733, 740, 861, 884, 906, 917, 930, 939, 957, 970, 983, 985], [98, 122, 145, 230, 241, 242, 248, 297, 498, 536, 973], [1, 3, 18, 182, 199, 290, 308, 337, 405, 438, 439, 457, 659, 711, 746, 765, 980], [96, 134, 176, 180, 204, 224, 293, 299, 675, 682], [73, 119, 163, 179, 211, 261, 273, 274, 346, 383, 388, 466, 572, 658, 665, 955], [43, 83, 219, 260, 365, 390, 426, 566, 567, 600, 607, 610, 624, 632, 660, 678, 746, 767, 781, 806, 843, 851, 937, 948, 954, 955], [33, 95, 124, 140, 315, 319, 333, 336, 377, 427, 604, 611, 626, 676, 718, 764, 817, 849, 855, 865, 943, 973, 980], [15, 41, 200, 202, 222, 280, 438, 529, 575, 586, 592, 675, 948, 956], [10, 133, 152, 193, 223, 272, 285, 305, 319, 360, 472, 493, 494, 589, 632, 637, 675, 700, 719, 725, 761, 814, 815, 879, 898, 902, 908, 910, 919, 944, 946, 953, 960, 963, 964, 978, 984, 990], [40, 65, 68, 252, 322, 361, 369, 404, 408, 481, 580, 655, 718, 721, 779, 783, 796, 848, 954, 993], [27, 94, 142, 184, 227, 362, 421, 442, 455, 551, 662, 672, 694, 707, 725, 736, 769, 790, 1000], [56, 103, 106, 169, 186, 208, 229, 265, 273, 288, 318, 324, 336, 380, 386, 387, 391, 403, 418, 420, 426, 450, 460, 479, 500, 515, 539, 543, 579, 639, 640, 695, 698, 703, 722, 757, 758, 770, 784, 803, 875, 906, 921, 944, 965, 971, 990, 997], [62, 80, 84, 97, 212, 233, 372, 379, 403, 562, 566, 644, 682, 699, 765], [37, 76, 89, 100, 144, 270, 329, 359, 452, 485, 906], [8, 21, 53, 58, 59, 74, 77, 124, 141, 143, 162, 313, 432, 588, 617, 638, 657, 690, 780, 848, 966, 1000], [20, 57, 90, 104, 109, 114, 127, 328, 345, 367, 382, 390, 417, 464, 526, 544, 614, 629, 681, 749, 755, 815, 851, 891, 914, 956], [9, 28, 35, 64, 162, 185, 198, 199, 213, 302, 310, 319, 325, 330, 336, 405, 426, 465, 472, 480, 486, 489, 495, 525, 579, 604, 686, 697, 699, 747, 748, 782, 786, 791, 794, 799, 815, 816, 819, 858, 865, 870, 885, 894, 933, 958, 976, 992, 1000], [43, 84, 117, 125, 174, 236, 249, 302, 306, 307, 336, 391, 433, 581, 597, 609, 634, 646, 647, 656, 667, 708, 728, 729, 744, 753, 765, 774, 811, 854, 876, 877, 880, 923, 955], [203, 209, 215, 370, 414, 419, 472, 490, 536, 556, 560, 596, 620, 746], [78, 133, 148, 157, 188, 201, 226, 350, 414, 420, 426, 479, 517, 543, 563, 580, 584, 604, 611, 650, 653, 676, 679, 708, 718, 734, 762, 775, 776, 778, 785, 793, 800, 815, 829, 833, 845, 860, 865, 885, 886, 893, 911, 942, 951, 962, 990, 994, 998], [11, 23, 29, 44, 138, 155, 260, 281, 286, 384, 392, 519, 536, 566, 598, 633, 648, 676, 717, 742, 756, 832, 842, 869, 881, 900, 963, 989], [50, 108, 178, 196, 207, 291, 307, 393, 420, 479, 611, 641, 661, 689, 731, 766, 954, 989], [13, 60, 121, 263, 338, 352, 456, 459, 484, 520, 573, 630, 687, 696, 702, 706, 712, 714, 745, 808, 812, 838, 914], [38, 49, 79, 189, 228, 245, 283, 314, 675, 989], [88, 115, 116, 126, 150, 183, 268, 273, 277, 298, 371, 378, 483, 521, 568, 604, 666, 708, 735, 768, 781, 835, 846, 944, 999], [51, 86, 87, 221, 231, 266, 355, 364, 395, 417, 474, 479, 897]]
nodes: [509, 611, 617, 669, 674, 675, 682, 688, 698, 718, 737, 746, 756, 800, 812, 819, 841, 847, 850, 855, 858, 876, 878, 893, 914, 919, 920, 931, 952, 954, 956, 963, 973, 980, 983, 989, 993, 994, 997, 999, 1000] num of nodes:  41
[[22, 509, 523], [611, 938, 926, 935], [617, 935, 938, 926], [399, 760, 828, 463, 669], [120, 674, 738, 605, 244, 621], [134, 293, 176, 675], [62, 644, 562, 682], [216, 643, 422, 326, 688, 478, 730, 502, 510], [698, 971, 770, 639, 784, 875], [369, 779, 796, 655, 718], [613, 826, 664, 986, 704, 737, 840], [1, 711, 290, 746], [519, 832, 900, 869, 648, 842, 881, 633, 756, 717, 598], [677, 904, 913, 872, 800, 966], [520, 706, 838, 712, 808, 696, 630, 702, 812], [697, 992, 976, 786, 819, 870, 794, 894], [4, 841, 571, 828, 760, 684], [654, 924, 837, 936, 809, 797, 941, 847, 787, 888, 859, 947, 668, 895], [683, 864, 901, 903, 874, 823, 975, 751, 912, 850, 922, 927, 821, 759], [855, 903, 912, 922, 927, 975], [692, 987, 959, 934, 979, 858], [634, 876, 923, 877, 880, 854, 647, 667, 728, 811], [531, 899, 867, 996, 932, 905, 907, 844, 982, 856, 763, 981, 878], [650, 962, 845, 886, 951, 833, 893, 942, 776], [792, 904, 913, 914, 872, 822, 807], [637, 960, 898, 964, 902, 761, 908, 946, 814, 910, 984, 953, 978, 879, 919], [743, 974, 916, 929, 968, 969, 972, 750, 920, 824, 988, 789, 862, 991], [553, 928, 961, 931, 773, 940, 915, 820, 825, 890, 853, 752], [491, 977, 952, 863, 802, 727, 866, 710], [312, 918, 967, 909, 949, 950, 887, 954], [538, 956, 883, 967, 949, 918, 950], [717, 869, 832, 900, 842, 881, 963], [874, 901, 903, 975, 912, 922, 927, 973], [16, 101, 42, 980, 284, 191, 332, 407], [593, 917, 930, 740, 649, 970, 599, 939, 861, 720, 985, 884, 733, 983], [363, 831, 716, 561, 723, 512, 603, 989], [929, 968, 972, 993, 969, 988, 974, 991], [563, 994, 998, 845, 886, 951, 793, 785, 778, 829], [997, 965, 640, 803, 460, 875, 695], [298, 768, 835, 846, 735, 568, 999], [421, 672, 736, 707, 790, 694, 1000]]
len of cliques:  41
downsides after: [[637, 960, 898, 964, 902, 761, 908, 946, 814, 910, 984, 953, 978, 879, 919], [654, 924, 837, 936, 809, 797, 941, 847, 787, 888, 859, 947, 668, 895], [683, 864, 901, 903, 874, 823, 975, 751, 912, 850, 922, 927, 821, 759], [743, 974, 916, 929, 968, 969, 972, 750, 920, 824, 988, 789, 862, 991], [593, 917, 930, 740, 649, 970, 599, 939, 861, 720, 985, 884, 733, 983], [531, 899, 867, 996, 932, 905, 907, 844, 982, 856, 763, 981, 878], [553, 928, 961, 931, 773, 940, 915, 820, 825, 890, 853, 752], [519, 832, 900, 869, 648, 842, 881, 633, 756, 717, 598], [634, 876, 923, 877, 880, 854, 647, 667, 728, 811], [563, 994, 998, 845, 886, 951, 793, 785, 778, 829], [216, 643, 422, 326, 688, 478, 730, 502, 510], [520, 706, 838, 712, 808, 696, 630, 702, 812], [650, 962, 845, 886, 951, 833, 893, 942, 776], [697, 992, 976, 786, 819, 870, 794, 894], [491, 977, 952, 863, 802, 727, 866, 710], [312, 918, 967, 909, 949, 950, 887, 954], [874, 901, 903, 975, 912, 922, 927, 973], [16, 101, 42, 980, 284, 191, 332, 407], [363, 831, 716, 561, 723, 512, 603, 989], [929, 968, 972, 993, 969, 988, 974, 991], [613, 826, 664, 986, 704, 737, 840], [792, 904, 913, 914, 872, 822, 807], [538, 956, 883, 967, 949, 918, 950], [717, 869, 832, 900, 842, 881, 963], [997, 965, 640, 803, 460, 875, 695], [298, 768, 835, 846, 735, 568, 999], [421, 672, 736, 707, 790, 694, 1000], [120, 674, 738, 605, 244, 621], [698, 971, 770, 639, 784, 875], [677, 904, 913, 872, 800, 966], [4, 841, 571, 828, 760, 684], [855, 903, 912, 922, 927, 975], [692, 987, 959, 934, 979, 858], [399, 760, 828, 463, 669], [369, 779, 796, 655, 718], [611, 938, 926, 935], [617, 935, 938, 926], [134, 293, 176, 675], [62, 644, 562, 682], [1, 711, 290, 746]]
number of downsided seeds: 40
[[637, 960, 898, 964, 902, 761, 908, 946, 814, 910, 984, 953, 978, 879, 919], [654, 924, 837, 936, 809, 797, 941, 847, 787, 888, 859, 947, 668, 895], [683, 864, 901, 903, 874, 823, 975, 751, 912, 850, 922, 927, 821, 759], [743, 974, 916, 929, 968, 969, 972, 750, 920, 824, 988, 789, 862, 991], [593, 917, 930, 740, 649, 970, 599, 939, 861, 720, 985, 884, 733, 983], [531, 899, 867, 996, 932, 905, 907, 844, 982, 856, 763, 981, 878], [553, 928, 961, 931, 773, 940, 915, 820, 825, 890, 853, 752], [519, 832, 900, 869, 648, 842, 881, 633, 756, 717, 598], [634, 876, 923, 877, 880, 854, 647, 667, 728, 811], [563, 994, 998, 845, 886, 951, 793, 785, 778, 829], [216, 643, 422, 326, 688, 478, 730, 502, 510], [520, 706, 838, 712, 808, 696, 630, 702, 812], [650, 962, 845, 886, 951, 833, 893, 942, 776], [697, 992, 976, 786, 819, 870, 794, 894], [491, 977, 952, 863, 802, 727, 866, 710], [312, 918, 967, 909, 949, 950, 887, 954], [874, 901, 903, 975, 912, 922, 927, 973], [16, 101, 42, 980, 284, 191, 332, 407], [363, 831, 716, 561, 723, 512, 603, 989], [929, 968, 972, 993, 969, 988, 974, 991], [613, 826, 664, 986, 704, 737, 840], [792, 904, 913, 914, 872, 822, 807], [538, 956, 883, 967, 949, 918, 950], [717, 869, 832, 900, 842, 881, 963], [997, 965, 640, 803, 460, 875, 695], [298, 768, 835, 846, 735, 568, 999], [421, 672, 736, 707, 790, 694, 1000], [120, 674, 738, 605, 244, 621], [698, 971, 770, 639, 784, 875], [677, 904, 913, 872, 800, 966], [4, 841, 571, 828, 760, 684], [855, 903, 912, 922, 927, 975], [692, 987, 959, 934, 979, 858], [399, 760, 828, 463, 669], [369, 779, 796, 655, 718], [611, 938, 926, 935], [617, 935, 938, 926], [134, 293, 176, 675], [62, 644, 562, 682], [1, 711, 290, 746]]
after sorted:  [[637, 960, 898, 964, 902, 761, 908, 946, 814, 910, 984, 953, 978, 879, 919], [654, 924, 837, 936, 809, 797, 941, 847, 787, 888, 859, 947, 668, 895], [683, 864, 901, 903, 874, 823, 975, 751, 912, 850, 922, 927, 821, 759], [743, 974, 916, 929, 968, 969, 972, 750, 920, 824, 988, 789, 862, 991], [593, 917, 930, 740, 649, 970, 599, 939, 861, 720, 985, 884, 733, 983], [531, 899, 867, 996, 932, 905, 907, 844, 982, 856, 763, 981, 878], [553, 928, 961, 931, 773, 940, 915, 820, 825, 890, 853, 752], [519, 832, 900, 869, 648, 842, 881, 633, 756, 717, 598], [634, 876, 923, 877, 880, 854, 647, 667, 728, 811], [563, 994, 998, 845, 886, 951, 793, 785, 778, 829], [216, 643, 422, 326, 688, 478, 730, 502, 510], [520, 706, 838, 712, 808, 696, 630, 702, 812], [650, 962, 845, 886, 951, 833, 893, 942, 776], [697, 992, 976, 786, 819, 870, 794, 894], [491, 977, 952, 863, 802, 727, 866, 710], [312, 918, 967, 909, 949, 950, 887, 954], [874, 901, 903, 975, 912, 922, 927, 973], [16, 101, 42, 980, 284, 191, 332, 407], [363, 831, 716, 561, 723, 512, 603, 989], [929, 968, 972, 993, 969, 988, 974, 991], [613, 826, 664, 986, 704, 737, 840], [792, 904, 913, 914, 872, 822, 807], [538, 956, 883, 967, 949, 918, 950], [717, 869, 832, 900, 842, 881, 963], [997, 965, 640, 803, 460, 875, 695], [298, 768, 835, 846, 735, 568, 999], [421, 672, 736, 707, 790, 694, 1000], [120, 674, 738, 605, 244, 621], [698, 971, 770, 639, 784, 875], [677, 904, 913, 872, 800, 966], [4, 841, 571, 828, 760, 684], [855, 903, 912, 922, 927, 975], [692, 987, 959, 934, 979, 858], [399, 760, 828, 463, 669], [369, 779, 796, 655, 718], [611, 938, 926, 935], [617, 935, 938, 926], [134, 293, 176, 675], [62, 644, 562, 682], [1, 711, 290, 746]]
before num:  40
befor deal_cliques:  39
after deal_cliques:  38
length of seeds:  38
seeds:  [set([960, 898, 964, 902, 761, 908, 946, 814, 879, 978, 910, 919, 984, 953, 637]), set([837, 936, 809, 924, 941, 654, 847, 888, 947, 787, 859, 668, 797, 895]), set([864, 901, 903, 874, 683, 975, 912, 823, 850, 821, 759, 922, 751, 927]), set([929, 789, 743, 968, 969, 972, 974, 920, 916, 750, 824, 988, 862, 991]), set([930, 740, 649, 970, 939, 861, 720, 593, 599, 884, 917, 983, 985, 733]), set([867, 996, 905, 907, 844, 878, 531, 981, 982, 856, 932, 763, 899]), set([928, 961, 931, 773, 553, 940, 752, 915, 820, 853, 825, 890]), set([832, 900, 869, 519, 648, 842, 717, 881, 756, 598, 633]), set([923, 647, 811, 876, 877, 880, 854, 728, 634, 667]), set([994, 998, 778, 845, 785, 563, 886, 951, 793, 829]), set([643, 326, 422, 688, 478, 502, 216, 730, 510]), set([706, 838, 520, 812, 808, 630, 696, 712, 702]), set([833, 962, 776, 650, 845, 942, 886, 951, 893]), set([992, 870, 976, 786, 819, 697, 794, 894]), set([802, 710, 491, 866, 977, 727, 952, 863]), set([950, 967, 909, 949, 918, 887, 312, 954]), set([901, 903, 874, 973, 975, 912, 922, 927]), set([101, 42, 332, 16, 980, 407, 284, 191]), set([512, 363, 716, 561, 723, 603, 989, 831]), set([929, 993, 968, 969, 972, 974, 988, 991]), set([704, 737, 613, 840, 664, 826, 986]), set([913, 914, 822, 872, 807, 904, 792]), set([883, 949, 950, 967, 538, 956, 918]), set([832, 881, 963, 900, 869, 842, 717]), set([640, 803, 997, 695, 875, 460, 965]), set([768, 835, 999, 568, 298, 846, 735]), set([672, 736, 790, 707, 421, 694, 1000]), set([674, 244, 120, 738, 621, 605]), set([784, 770, 875, 698, 971, 639]), set([800, 913, 677, 966, 904, 872]), set([4, 828, 760, 841, 571, 684]), set([979, 692, 934, 858, 987, 959]), set([760, 399, 828, 669, 463]), set([369, 779, 796, 718, 655]), set([617, 938, 611, 926, 935]), set([176, 675, 293, 134]), set([562, 644, 682, 62]), set([1, 290, 746, 711])]
seeds_fitness [0.23809523809523808, 0.24863387978142076, 0.2641509433962264, 0.22386223862238622, 0.2668621700879765, 0.2157676348547718, 0.21359223300970873, 0.2729528535980149, 0.18672199170124482, 0.140625, 0.3891891891891892, 0.23529411764705882, 0.12478336221837089, 0.109375, 0.1362530413625304, 0.08668730650154799, 0.0896, 0.25806451612903225, 0.15426997245179064, 0.07865168539325842, 0.12844036697247707, 0.11023622047244094, 0.07407407407407407, 0.09438202247191012, 0.1016949152542373, 0.112, 0.12, 0.20270270270270271, 0.07653061224489796, 0.066815144766147, 0.13043478260869565, 0.06451612903225806, 0.1092896174863388, 0.09389671361502347, 0.05278592375366569, 0.13333333333333333, 0.10084033613445378, 0.09375]
after sort list of tuple: [(10, 0.3891891891891892), (7, 0.2729528535980149), (4, 0.2668621700879765), (2, 0.2641509433962264), (17, 0.25806451612903225), (1, 0.24863387978142076), (0, 0.23809523809523808), (11, 0.23529411764705882), (3, 0.22386223862238622), (5, 0.2157676348547718), (6, 0.21359223300970873), (27, 0.20270270270270271), (8, 0.18672199170124482), (18, 0.15426997245179064), (9, 0.140625), (14, 0.1362530413625304), (35, 0.13333333333333333), (30, 0.13043478260869565), (20, 0.12844036697247707), (12, 0.12478336221837089), (26, 0.12), (25, 0.112), (21, 0.11023622047244094), (13, 0.109375), (32, 0.1092896174863388), (24, 0.1016949152542373), (36, 0.10084033613445378), (23, 0.09438202247191012), (33, 0.09389671361502347), (37, 0.09375), (16, 0.0896), (15, 0.08668730650154799), (19, 0.07865168539325842), (28, 0.07653061224489796), (22, 0.07407407407407407), (29, 0.066815144766147), (31, 0.06451612903225806), (34, 0.05278592375366569)]
seeds_sorted [set([643, 326, 422, 688, 478, 502, 216, 730, 510]), set([832, 900, 869, 519, 648, 842, 717, 881, 756, 598, 633]), set([930, 740, 649, 970, 939, 861, 720, 593, 599, 884, 917, 983, 985, 733]), set([864, 901, 903, 874, 683, 975, 912, 823, 850, 821, 759, 922, 751, 927]), set([101, 42, 332, 16, 980, 407, 284, 191]), set([837, 936, 809, 924, 941, 654, 847, 888, 947, 787, 859, 668, 797, 895]), set([960, 898, 964, 902, 761, 908, 946, 814, 879, 978, 910, 919, 984, 953, 637]), set([706, 838, 520, 812, 808, 630, 696, 712, 702]), set([929, 789, 743, 968, 969, 972, 974, 920, 916, 750, 824, 988, 862, 991]), set([867, 996, 905, 907, 844, 878, 531, 981, 982, 856, 932, 763, 899]), set([928, 961, 931, 773, 553, 940, 752, 915, 820, 853, 825, 890]), set([674, 244, 120, 738, 621, 605]), set([923, 647, 811, 876, 877, 880, 854, 728, 634, 667]), set([512, 363, 716, 561, 723, 603, 989, 831]), set([994, 998, 778, 845, 785, 563, 886, 951, 793, 829]), set([802, 710, 491, 866, 977, 727, 952, 863]), set([176, 675, 293, 134]), set([4, 828, 760, 841, 571, 684]), set([704, 737, 613, 840, 664, 826, 986]), set([833, 962, 776, 650, 845, 942, 886, 951, 893]), set([672, 736, 790, 707, 421, 694, 1000]), set([768, 835, 999, 568, 298, 846, 735]), set([913, 914, 822, 872, 807, 904, 792]), set([992, 870, 976, 786, 819, 697, 794, 894]), set([760, 399, 828, 669, 463]), set([640, 803, 997, 695, 875, 460, 965]), set([562, 644, 682, 62]), set([832, 881, 963, 900, 869, 842, 717]), set([369, 779, 796, 718, 655]), set([1, 290, 746, 711]), set([901, 903, 874, 973, 975, 912, 922, 927]), set([950, 967, 909, 949, 918, 887, 312, 954]), set([929, 993, 968, 969, 972, 974, 988, 991]), set([784, 770, 875, 698, 971, 639]), set([883, 949, 950, 967, 538, 956, 918]), set([800, 913, 677, 966, 904, 872]), set([979, 692, 934, 858, 987, 959]), set([617, 938, 611, 926, 935])]
args__________ ([set([643, 326, 422, 688, 478, 502, 216, 730, 510]), set([617, 938, 611, 926, 935])],)
args__________ ([set([832, 900, 869, 519, 648, 842, 717, 881, 756, 598, 633]), set([979, 692, 934, 858, 987, 959])],)
args__________ ([set([930, 740, 649, 970, 939, 861, 720, 593, 599, 884, 917, 983, 985, 733]), set([800, 913, 677, 966, 904, 872])],)
args__________ ([set([864, 901, 903, 874, 683, 975, 912, 823, 850, 821, 759, 922, 751, 927]), set([883, 949, 950, 967, 538, 956, 918])],)
args__________ ([set([101, 42, 332, 16, 980, 407, 284, 191]), set([784, 770, 875, 698, 971, 639])],)
args__________ ([set([837, 936, 809, 924, 941, 654, 847, 888, 947, 787, 859, 668, 797, 895]), set([929, 993, 968, 969, 972, 974, 988, 991])],)
args__________ ([set([960, 898, 964, 902, 761, 908, 946, 814, 879, 978, 910, 919, 984, 953, 637])],)
args__________ ([set([706, 838, 520, 812, 808, 630, 696, 712, 702])],)
args__________ ([set([929, 789, 743, 968, 969, 972, 974, 920, 916, 750, 824, 988, 862, 991])],)
args__________ ([set([867, 996, 905, 907, 844, 878, 531, 981, 982, 856, 932, 763, 899])],)
args__________ ([set([928, 961, 931, 773, 553, 940, 752, 915, 820, 853, 825, 890])],)
args__________ ([set([674, 244, 120, 738, 621, 605])],)
args__________ ([set([923, 647, 811, 876, 877, 880, 854, 728, 634, 667])],)
args__________ ([set([512, 363, 716, 561, 723, 603, 989, 831])],)
args__________ ([set([994, 998, 778, 845, 785, 563, 886, 951, 793, 829])],)
args__________ ([set([802, 710, 491, 866, 977, 727, 952, 863])],)
args__________ ([set([176, 675, 293, 134])],)
args__________ ([set([4, 828, 760, 841, 571, 684])],)
args__________ ([set([704, 737, 613, 840, 664, 826, 986])],)
args__________ ([set([833, 962, 776, 650, 845, 942, 886, 951, 893])],)
args__________ ([set([672, 736, 790, 707, 421, 694, 1000])],)
args__________ ([set([768, 835, 999, 568, 298, 846, 735])],)
args__________ ([set([913, 914, 822, 872, 807, 904, 792])],)
args__________ ([set([992, 870, 976, 786, 819, 697, 794, 894])],)
args__________ ([set([760, 399, 828, 669, 463])],)
args__________ ([set([640, 803, 997, 695, 875, 460, 965])],)
args__________ ([set([562, 644, 682, 62])],)
args__________ ([set([832, 881, 963, 900, 869, 842, 717])],)
args__________ ([set([369, 779, 796, 718, 655])],)
args__________ ([set([1, 290, 746, 711])],)
args__________ ([set([901, 903, 874, 973, 975, 912, 922, 927])],)
args__________ ([set([950, 967, 909, 949, 918, 887, 312, 954])],)
finish process___________________
sorted nodes by betweenness [2, 5, 6, 8, 14, 15, 17, 19, 20, 21, 22, 23, 24, 25, 30, 33, 34, 36, 37, 38, 39, 41, 43, 47, 49, 50, 51, 53, 57, 58, 59, 63, 66, 69, 70, 71, 73, 74, 76, 77, 79, 82, 83, 84, 86, 87, 89, 90, 92, 93, 95, 98, 100, 104, 105, 107, 108, 109, 112, 113, 114, 117, 118, 119, 122, 124, 127, 129, 132, 133, 136, 137, 139, 140, 141, 143, 144, 145, 146, 150, 153, 154, 156, 158, 159, 160, 162, 163, 164, 166, 168, 170, 171, 173, 175, 178, 179, 181, 187, 189, 192, 195, 196, 199, 200, 202, 203, 205, 207, 209, 211, 215, 217, 219, 220, 221, 222, 228, 229, 230, 231, 234, 237, 239, 241, 242, 243, 245, 246, 248, 250, 253, 255, 257, 258, 260, 261, 262, 264, 266, 268, 270, 271, 273, 274, 275, 278, 279, 280, 281, 282, 283, 287, 291, 292, 294, 297, 300, 301, 302, 303, 304, 307, 309, 311, 313, 314, 315, 317, 319, 324, 328, 329, 333, 335, 336, 343, 344, 345, 346, 347, 348, 353, 355, 357, 359, 364, 365, 366, 367, 368, 370, 375, 376, 377, 381, 382, 383, 385, 388, 389, 390, 391, 393, 395, 396, 397, 398, 400, 402, 403, 405, 410, 411, 412, 414, 415, 416, 417, 419, 420, 423, 424, 425, 426, 427, 428, 429, 431, 432, 433, 434, 438, 441, 444, 447, 451, 452, 455, 461, 464, 466, 467, 469, 470, 472, 474, 475, 479, 482, 485, 488, 490, 492, 496, 498, 499, 501, 503, 507, 509, 511, 514, 516, 518, 523, 524, 526, 527, 528, 529, 534, 536, 537, 540, 541, 543, 544, 546, 547, 548, 549, 554, 556, 557, 558, 560, 564, 566, 567, 572, 575, 577, 579, 580, 583, 585, 586, 588, 590, 592, 596, 600, 601, 602, 604, 607, 610, 614, 615, 616, 618, 619, 620, 622, 624, 625, 626, 627, 628, 629, 632, 635, 636, 638, 641, 657, 658, 659, 660, 661, 665, 676, 678, 680, 681, 689, 690, 691, 699, 708, 709, 713, 719, 724, 725, 726, 731, 732, 739, 749, 755, 758, 764, 765, 766, 767, 769, 771, 772, 775, 777, 780, 781, 783, 788, 795, 801, 804, 805, 806, 813, 815, 817, 818, 830, 839, 843, 848, 849, 851, 855, 860, 865, 871, 873, 885, 891, 892, 897, 906, 911, 925, 937, 943, 944, 945, 948, 955, 957, 990, 995]
args__________ ([[2, 557, 264, 402, 966, 181]],)
args__________ ([[5, 925, 625, 892, 777, 537, 726]],)
args__________ ([[6, 601, 171, 534, 499, 282]],)
args__________ ([[8, 780, 638, 313, 432]],)
args__________ ([[14, 995, 772, 425, 871]],)
args__________ ([[15, 592, 280, 529, 575, 956]],)
args__________ ([[17, 482, 527, 136, 243, 470]],)
args__________ ([[19, 801, 518, 619, 554]],)
args__________ ([[20, 755, 891, 681, 749, 629]],)
args__________ ([[21, 780, 638, 690, 588, 657]],)
args__________ ([[22, 412, 540, 523, 253]],)
args__________ ([[23, 975, 927]],)
args__________ ([[24, 788, 739, 618, 636, 166]],)
args__________ ([[25, 424, 428, 431, 192, 344]],)
args__________ ([[30, 549, 385, 585, 635, 622, 501]],)
args__________ ([[33, 427, 849, 817, 626, 315, 764, 333]],)
args__________ ([[34, 995, 813, 713, 724]],)
args__________ ([[36, 507, 548, 262, 528, 343]],)
args__________ ([[37, 485, 359, 452, 270, 329, 76]],)
args__________ ([[38, 228, 314, 283, 49, 189]],)
args__________ ([[39, 511, 482, 139, 527]],)
args__________ ([[200, 592, 529, 586, 575, 280, 41]],)
args__________ ([[43, 932, 982]],)
args__________ ([[47, 534, 601, 499, 469, 239]],)
args__________ ([[38, 228, 314, 283, 49, 189]],)
args__________ ([[50, 641, 661, 766, 731, 291, 196]],)
args__________ ([[51, 355, 266, 395, 474, 364]],)
args__________ ([[53, 780, 690, 313, 638]],)
args__________ ([[57, 526, 464, 755, 891, 681, 749]],)
args__________ ([[58, 588, 690, 780, 657]],)
args__________ ([[59, 780, 657, 638, 432, 141]],)
args__________ ([[25, 424, 428, 431, 63, 344]],)
finish single seed process___________________
sorted nodes by betweenness [73, 83, 84, 98, 109, 113, 117, 119, 122, 124, 129, 132, 133, 137, 145, 150, 153, 156, 160, 162, 163, 179, 187, 195, 199, 203, 205, 209, 211, 215, 219, 229, 230, 234, 241, 242, 246, 248, 257, 260, 261, 268, 273, 274, 275, 292, 297, 302, 303, 319, 324, 336, 345, 346, 348, 365, 368, 370, 383, 388, 390, 391, 397, 403, 405, 410, 414, 417, 419, 420, 426, 433, 438, 447, 455, 466, 467, 472, 479, 488, 490, 492, 498, 509, 524, 536, 541, 543, 556, 560, 566, 567, 572, 577, 579, 580, 583, 590, 596, 600, 602, 604, 607, 610, 620, 624, 632, 658, 659, 660, 665, 676, 678, 689, 699, 708, 719, 725, 732, 758, 765, 767, 769, 771, 775, 781, 783, 804, 805, 806, 815, 843, 848, 851, 855, 860, 865, 885, 897, 906, 911, 937, 943, 944, 945, 948, 955, 957, 990]
args__________ ([[73, 658, 665, 388, 274, 346]],)
args__________ ([[83, 678, 806, 843, 767, 624, 607]],)
args__________ ([[84, 969, 972]],)
args__________ ([[98, 145, 297, 498, 248, 241, 242]],)
args__________ ([[109, 905, 981]],)
args__________ ([[113, 488, 137, 410, 524, 397, 187]],)
args__________ ([[117, 777, 873]],)
args__________ ([[119, 658, 665, 572, 163, 179]],)
args__________ ([[122, 297, 145, 498, 248, 241, 242]],)
args__________ ([[124, 969, 991]],)
args__________ ([[129, 488, 137, 410, 524, 397, 187]],)
args__________ ([[132, 583, 492, 577, 541, 602, 348]],)
args__________ ([[133, 995, 724]],)
args__________ ([[113, 488, 137, 410, 524, 397, 187]],)
args__________ ([[98, 145, 297, 498, 248, 241, 242]],)
args__________ ([[150, 968, 991]],)
args__________ ([[132, 583, 492, 153, 602, 348]],)
args__________ ([[156, 257, 292, 275, 234, 467, 955, 447]],)
args__________ ([[160, 975, 922]],)
args__________ ([[162, 933, 905]],)
args__________ ([[119, 658, 665, 572, 163, 179]],)
args__________ ([[179, 658, 665, 466, 346, 572, 383]],)
args__________ ([[113, 488, 137, 410, 524, 397, 187]],)
args__________ ([[195, 577, 492, 368, 602, 348]],)
args__________ ([[199, 995, 871]],)
args__________ ([[203, 556, 490, 620, 560, 209, 370, 596, 215]],)
args__________ ([[113, 488, 137, 410, 524, 397, 205]],)
args__________ ([[203, 556, 490, 620, 560, 209, 370, 596, 215]],)
args__________ ([[51, 355, 211]],)
args__________ ([[203, 556, 490, 620, 560, 209, 370, 596, 215]],)
args__________ ([[219, 678, 806, 843, 660, 767, 624, 610]],)
args__________ ([[313, 959, 229]],)
finish single seed process___________________
sorted nodes by betweenness [246, 260, 268, 273, 302, 319, 324, 336, 345, 390, 391, 403, 405, 414, 417, 420, 426, 433, 438, 455, 472, 479, 509, 536, 543, 566, 579, 580, 604, 632, 659, 676, 689, 699, 708, 719, 725, 758, 765, 769, 771, 775, 781, 783, 804, 805, 815, 848, 851, 855, 860, 865, 885, 897, 906, 911, 937, 943, 944, 945, 948, 957, 990]
args__________ ([[246, 892, 925, 830]],)
args__________ ([[260, 928, 825]],)
args__________ ([[268, 941, 947]],)
args__________ ([[273, 969, 988]],)
args__________ ([[39, 511, 302]],)
args__________ ([[319, 817, 953, 978]],)
args__________ ([[497, 841, 324]],)
args__________ ([[336, 923, 880]],)
args__________ ([[345, 899, 982]],)
args__________ ([[390, 931, 701]],)
args__________ ([[608, 391, 967]],)
args__________ ([[562, 644, 403]],)
args__________ ([[337, 711, 405]],)
args__________ ([[414, 620, 596]],)
args__________ ([[417, 945, 889]],)
args__________ ([[332, 407, 420]],)
args__________ ([[426, 843, 966]],)
args__________ ([[433, 737, 826]],)
args__________ ([[363, 831, 438]],)
args__________ ([[455, 802, 866]],)
args__________ ([[311, 472, 428]],)
args__________ ([[479, 739, 636, 788]],)
args__________ ([[22, 509, 523]],)
args__________ ([[536, 822, 792, 913]],)
args__________ ([[750, 920, 543]],)
args__________ ([[470, 527, 511, 566]],)
args__________ ([[579, 969, 972, 991]],)
args__________ ([[580, 822, 913, 807]],)
args__________ ([[604, 943, 938, 926, 935]],)
args__________ ([[632, 961, 931, 940]],)
args__________ ([[308, 337, 711, 659]],)
args__________ ([[676, 833, 994, 845]],)
finish single seed process___________________
sorted nodes by betweenness [689, 699, 708, 719, 725, 758, 765, 769, 771, 775, 781, 783, 804, 805, 815, 848, 851, 855, 860, 865, 885, 897, 906, 911, 937, 944, 948, 957, 990]
args__________ ([[689, 975, 912, 922, 927]],)
args__________ ([[372, 644, 562, 699]],)
args__________ ([[93, 557, 708, 335]],)
args__________ ([[719, 961, 928, 931, 940]],)
args__________ ([[284, 332, 407, 725]],)
args__________ ([[889, 935, 938, 926, 758]],)
args__________ ([[765, 987, 959, 979, 934]],)
args__________ ([[569, 807, 913, 904, 769]],)
args__________ ([[771, 913, 904, 872, 822]],)
args__________ ([[331, 868, 950, 967, 775]],)
args__________ ([[781, 996, 932, 973, 981, 982]],)
args__________ ([[205, 488, 410, 524, 783]],)
args__________ ([[804, 961, 890, 825, 940]],)
args__________ ([[541, 577, 583, 805, 602]],)
args__________ ([[815, 898, 984, 953, 964]],)
args__________ ([[671, 904, 872, 913, 822, 848]],)
args__________ ([[851, 932, 907, 996, 981, 982]],)
args__________ ([[855, 903, 912, 922, 927, 975]],)
args__________ ([[175, 557, 402, 181, 860, 335]],)
args__________ ([[516, 627, 788, 865, 739]],)
args__________ ([[785, 962, 885, 994, 998, 942]],)
args__________ ([[834, 896, 935, 938, 889, 926, 897]],)
args__________ ([[754, 934, 979, 987, 857, 906]],)
args__________ ([[888, 936, 941, 947, 924, 895, 911]],)
args__________ ([[899, 907, 981, 982, 996, 932, 937]],)
args__________ ([[883, 950, 967, 949, 918, 887, 944]],)
args__________ ([[219, 678, 806, 843, 660, 767, 948]],)
args__________ ([[754, 934, 979, 987, 857, 959, 957]],)
args__________ ([[853, 928, 961, 940, 890, 915, 990, 931]],)
finish single seed process___________________
i =  0 [643, 326, 422, 688, 210, 478, 502, 471, 216, 730, 91, 510]
i =  1 [896, 130, 611, 836, 454, 935, 232, 617, 938, 834, 532, 693, 889, 409, 443, 508, 522, 926]
i =  2 [832, 384, 900, 869, 742, 519, 392, 842, 11, 44, 717, 138, 648, 756, 598, 633, 155, 29, 286, 881]
i =  3 [449, 276, 67, 651, 645, 934, 810, 587, 45, 46, 685, 754, 979, 692, 857, 858, 987, 555, 570, 959]
i =  4 [135, 649, 983, 917, 32, 930, 939, 733, 574, 194, 582, 970, 720, 593, 341, 599, 985, 861, 740, 358, 884, 374]
i =  5 [800, 705, 612, 677, 966, 807, 904, 316, 591, 872, 565, 822, 792, 569, 671, 913, 349, 453]
i =  6 [864, 576, 901, 821, 903, 874, 683, 975, 912, 823, 850, 435, 448, 533, 759, 922, 123, 751, 413, 927]
i =  7 [7, 652, 909, 149, 918, 538, 161, 177, 52, 949, 950, 312, 956, 578, 75, 967, 331, 462, 476, 477, 608, 868, 883, 887]
i =  8 [101, 42, 332, 16, 980, 407, 284, 191]
i =  9 [640, 770, 387, 265, 386, 784, 515, 921, 539, 288, 418, 803, 169, 695, 56, 698, 318, 703, 450, 965, 971, 460, 208, 722, 186, 997, 103, 106, 875, 500, 757, 380, 639]
i =  10 [654, 787, 26, 924, 797, 289, 936, 809, 941, 430, 947, 54, 837, 847, 859, 606, 225, 668, 373, 888, 506, 895]
i =  11 [128, 401, 530, 916, 789, 920, 929, 165, 559, 436, 824, 991, 65, 968, 969, 972, 974, 988, 862, 351, 993, 743, 235, 750, 504]
i =  12 [898, 902, 10, 908, 910, 272, 919, 152, 285, 814, 305, 946, 953, 700, 960, 193, 964, 589, 978, 984, 223, 360, 493, 494, 879, 761, 637]
i =  13 [263, 520, 13, 808, 812, 687, 712, 696, 60, 573, 702, 706, 838, 456, 714, 459, 338, 352, 484, 745, 630, 121]
i =  14 [128, 401, 530, 916, 789, 920, 929, 165, 559, 436, 824, 991, 968, 969, 972, 974, 988, 862, 351, 743, 235, 750, 504]
i =  15 [256, 899, 905, 907, 531, 542, 932, 550, 61, 190, 327, 72, 844, 468, 981, 982, 856, 867, 996, 878, 446, 763]
i =  16 [513, 642, 773, 147, 928, 931, 167, 552, 553, 940, 48, 820, 437, 440, 825, 701, 320, 961, 594, 853, 752, 915, 890]
i =  17 [674, 323, 197, 487, 394, 473, 172, 738, 621, 244, 406, 55, 120, 505, 605]
i =  18 [646, 647, 236, 656, 923, 667, 774, 811, 174, 306, 581, 597, 854, 728, 729, 609, 744, 876, 877, 880, 753, 249, 634, 125]
i =  19 [512, 259, 31, 363, 716, 110, 561, 595, 723, 267, 603, 989, 831]
i =  20 [517, 776, 226, 778, 653, 785, 148, 793, 157, 679, 942, 563, 350, 951, 188, 650, 833, 962, 584, 201, 845, 78, 734, 994, 998, 829, 886, 762, 893]
i =  21 [952, 802, 131, 715, 710, 295, 491, 866, 623, 977, 339, 670, 85, 727, 354, 631, 218, 251, 247, 798, 863]
i =  22 [96, 224, 675, 293, 134, 299, 204, 176, 180]
i =  23 [4, 535, 12, 399, 663, 669, 545, 296, 684, 571, 151, 321, 841, 334, 463, 81, 356, 828, 240, 497, 882, 760]
i =  24 [214, 269, 664, 673, 826, 827, 445, 704, 840, 458, 206, 340, 342, 986, 741, 737, 99, 613, 102, 238, 111, 852, 254]
i =  25 [517, 776, 650, 653, 785, 148, 793, 157, 994, 679, 942, 563, 734, 951, 188, 778, 833, 962, 584, 201, 845, 78, 350, 226, 998, 829, 886, 762, 893]
i =  26 [672, 736, 707, 662, 421, 551, 1000, 362, 142, 790, 227, 694, 184, 442, 27, 94]
i =  27 [768, 835, 999, 521, 298, 371, 846, 115, 88, 483, 116, 277, 183, 568, 666, 378, 126, 735]
i =  28 [705, 612, 453, 807, 872, 677, 591, 913, 914, 565, 822, 792, 569, 904, 316, 349, 671]
i =  29 [9, 525, 782, 786, 791, 794, 28, 799, 35, 933, 686, 816, 819, 310, 697, 958, 64, 480, 325, 198, 330, 976, 465, 213, 185, 992, 870, 486, 489, 747, 748, 495, 894]
i =  30 [4, 535, 12, 399, 663, 669, 545, 296, 684, 571, 151, 321, 841, 334, 463, 81, 356, 828, 240, 497, 882, 760]
i =  31 [640, 386, 515, 265, 770, 784, 387, 921, 539, 288, 418, 803, 169, 695, 56, 186, 318, 703, 450, 965, 971, 460, 208, 722, 698, 997, 103, 106, 875, 500, 757, 380, 639]
i =  32 [97, 644, 233, 682, 80, 562, 212, 372, 379, 62]
i =  33 [832, 384, 963, 900, 869, 742, 519, 392, 842, 11, 44, 717, 138, 881, 648, 756, 598, 633, 155, 29, 286]
i =  34 [65, 322, 68, 481, 40, 361, 779, 718, 655, 369, 404, 252, 408, 721, 796]
i =  35 [1, 290, 3, 711, 457, 746, 337, 18, 308, 182, 439]
i =  36 [448, 576, 821, 901, 864, 903, 874, 683, 973, 751, 912, 823, 850, 435, 533, 759, 922, 123, 975, 413, 927]
i =  37 [7, 652, 909, 149, 918, 538, 161, 177, 52, 949, 950, 312, 954, 578, 75, 967, 331, 462, 476, 477, 608, 868, 883, 887]
i =  38 [2, 966, 264, 557, 175, 402, 181, 118, 335, 93]
i =  39 [441, 258, 5, 839, 168, 777, 173, 271, 625, 82, 564, 726, 873, 376, 537, 514, 892, 925, 830, 287]
i =  40 [6, 171, 396, 47, 499, 469, 534, 601, 282, 239]
i =  41 [8, 588, 74, 780, 141, 77, 432, 657, 690, 53, 313, 58, 59, 143, 638, 21]
i =  42 [772, 389, 14, 301, 400, 154, 795, 158, 159, 546, 547, 680, 425, 813, 558, 818, 347, 444, 713, 34, 724, 475, 995, 871, 615, 434, 112]
i =  43 [200, 41, 586, 15, 592, 529, 280, 956, 202, 222, 575]
i =  44 [482, 39, 136, 170, 139, 527, 17, 243, 470, 92, 511]
i =  45 [279, 801, 375, 709, 518, 616, 105, 554, 619, 237, 366, 429, 496, 19, 691, 398, 503]
i =  46 [544, 614, 104, 681, 749, 526, 367, 464, 328, 114, 755, 20, 629, 57, 90, 891, 382, 127]
i =  47 [8, 780, 74, 588, 141, 77, 432, 657, 690, 21, 313, 58, 59, 143, 638, 53]
i =  48 [107, 164, 22, 70, 423, 220, 523, 317, 146, 278, 412, 253, 540]
i =  49 [576, 901, 903, 307, 912, 533, 23, 281, 922, 413, 927, 683, 435, 821, 823, 448, 975, 850, 864, 874, 751, 759, 123]
i =  50 [739, 516, 357, 166, 71, 618, 627, 788, 24, 628, 415, 411, 636, 69]
i =  51 [192, 424, 428, 431, 311, 344, 25, 63]
i =  52 [385, 549, 294, 585, 622, 304, 501, 217, 635, 381, 30, 255]
i =  53 [33, 849, 427, 140, 333, 817, 626, 377, 315, 764, 95]
i =  54 [772, 389, 14, 813, 400, 154, 795, 158, 159, 546, 547, 680, 425, 301, 558, 818, 444, 475, 713, 34, 724, 347, 995, 615, 871, 434, 112]
i =  55 [416, 353, 66, 451, 548, 262, 300, 461, 528, 309, 343, 36, 250, 507]
i =  56 [100, 452, 37, 359, 329, 76, 270, 144, 89, 485]
i =  57 [228, 38, 79, 49, 245, 314, 283, 189]
i =  58 [482, 39, 136, 170, 139, 527, 17, 243, 470, 92, 511]
i =  59 [200, 41, 586, 15, 592, 529, 280, 202, 222, 575]
i =  60 [256, 899, 905, 907, 531, 542, 932, 550, 43, 61, 190, 327, 72, 844, 468, 981, 982, 856, 867, 996, 878, 446, 763]
i =  61 [6, 171, 396, 239, 499, 469, 534, 601, 282, 47]
i =  62 [228, 38, 79, 49, 245, 314, 283, 189]
i =  63 [641, 291, 196, 393, 108, 178, 207, 50, 661, 731, 766]
i =  64 [355, 231, 266, 395, 364, 51, 86, 87, 474, 221]
i =  65 [8, 588, 74, 780, 141, 77, 432, 657, 690, 53, 313, 58, 59, 143, 638, 21]
i =  66 [544, 614, 104, 681, 749, 526, 367, 464, 328, 114, 755, 20, 629, 57, 90, 891, 382, 127]
i =  67 [8, 588, 74, 780, 141, 77, 432, 657, 690, 21, 313, 58, 59, 143, 638, 53]
i =  68 [8, 588, 74, 780, 141, 77, 432, 657, 690, 21, 313, 58, 59, 143, 638, 53]
i =  69 [192, 424, 428, 431, 311, 344, 25, 63]
i =  70 [163, 388, 261, 73, 658, 466, 274, 179, 119, 665, 346, 572, 383]
i =  71 [610, 678, 806, 843, 365, 624, 83, 660, 567, 600, 607, 219, 767]
i =  72 [128, 401, 530, 916, 789, 920, 929, 165, 559, 436, 824, 991, 968, 969, 972, 974, 84, 988, 862, 351, 743, 235, 750, 504]
i =  73 [98, 230, 241, 297, 242, 145, 498, 248, 122]
i =  74 [256, 899, 905, 907, 531, 542, 932, 550, 61, 190, 327, 72, 844, 468, 981, 982, 856, 867, 996, 109, 878, 446, 763]
i =  75 [129, 488, 137, 524, 205, 397, 113, 410, 187]
i =  76 [258, 537, 5, 839, 168, 777, 514, 173, 625, 82, 564, 117, 726, 873, 376, 441, 271, 892, 925, 830, 287]
i =  77 [163, 388, 261, 73, 274, 466, 179, 658, 119, 665, 346, 572, 383]
i =  78 [98, 230, 241, 297, 242, 145, 498, 248, 122]
i =  79 [128, 401, 530, 916, 789, 920, 929, 165, 559, 436, 824, 351, 968, 969, 972, 974, 988, 862, 991, 743, 235, 750, 504, 124]
i =  80 [129, 488, 137, 524, 205, 397, 113, 410, 187]
i =  81 [577, 195, 132, 583, 492, 590, 303, 368, 153, 602, 348, 541]
i =  82 [772, 133, 14, 301, 400, 154, 795, 158, 159, 34, 547, 680, 425, 813, 558, 818, 444, 475, 713, 546, 724, 347, 995, 615, 871, 389, 434, 112]
i =  83 [129, 488, 137, 524, 205, 397, 113, 410, 187]
i =  84 [98, 230, 241, 297, 242, 145, 498, 248, 122]
i =  85 [128, 401, 530, 916, 789, 150, 920, 929, 165, 559, 436, 824, 351, 968, 969, 972, 974, 988, 862, 991, 743, 235, 750, 504]
i =  86 [577, 195, 132, 583, 492, 590, 303, 368, 153, 602, 348, 541]
i =  87 [257, 292, 234, 467, 275, 955, 156, 447]
i =  88 [576, 901, 903, 912, 533, 922, 413, 927, 160, 419, 683, 435, 821, 823, 448, 975, 850, 864, 874, 109, 751, 117, 759, 123]
i =  89 [257, 905, 525, 782, 786, 275, 791, 794, 156, 799, 160, 162, 35, 292, 933, 28, 686, 816, 819, 310, 9, 697, 61, 190, 447, 64, 992, 325, 198, 72, 330, 976, 465, 467, 213, 185, 732, 480, 486, 870, 489, 234, 747, 748, 109, 495, 958, 894]
i =  90 [163, 388, 261, 73, 274, 466, 179, 658, 119, 665, 346, 572, 383]
i =  91 [163, 388, 261, 73, 274, 466, 179, 658, 119, 665, 346, 572, 383]
i =  92 [129, 488, 137, 524, 205, 397, 113, 410, 187]
i =  93 [577, 195, 132, 583, 492, 590, 303, 368, 153, 602, 348, 541]
i =  94 [772, 389, 14, 301, 400, 154, 795, 158, 159, 546, 547, 680, 425, 813, 558, 818, 444, 475, 199, 713, 34, 724, 347, 995, 871, 615, 434, 112]
i =  95 [556, 490, 203, 620, 560, 209, 370, 596, 215]
i =  96 [129, 488, 137, 524, 205, 397, 113, 410, 187]
i =  97 [556, 490, 203, 620, 560, 209, 370, 596, 215]
i =  98 [355, 211, 231, 266, 395, 364, 51, 86, 87, 474, 221]
i =  99 [556, 490, 203, 620, 560, 209, 370, 596, 215]
i =  100 [610, 678, 806, 843, 365, 624, 83, 660, 567, 600, 607, 219, 767]
i =  101 [645, 8, 651, 780, 141, 45, 657, 276, 21, 934, 810, 555, 685, 46, 432, 690, 692, 53, 313, 58, 59, 959, 449, 67, 74, 587, 588, 77, 979, 857, 987, 570, 229, 754, 143, 638]
i =  102 [514, 537, 5, 839, 168, 873, 258, 173, 726, 625, 82, 564, 246, 777, 376, 441, 271, 892, 925, 830, 287]
i =  103 [513, 642, 260, 773, 147, 928, 931, 167, 552, 553, 940, 48, 820, 437, 440, 825, 701, 320, 961, 594, 853, 752, 915, 890]
i =  104 [268, 654, 273, 787, 26, 924, 797, 289, 936, 809, 941, 430, 947, 54, 837, 847, 859, 606, 225, 668, 373, 888, 506, 895]
i =  105 [128, 401, 273, 530, 916, 789, 920, 929, 165, 559, 436, 824, 991, 968, 969, 972, 974, 988, 862, 351, 743, 235, 750, 504]
i =  106 [482, 39, 136, 170, 139, 302, 527, 17, 243, 470, 92, 511]
i =  107 [898, 902, 10, 908, 910, 272, 919, 152, 285, 817, 427, 814, 305, 946, 953, 700, 319, 960, 193, 964, 589, 978, 984, 223, 360, 493, 494, 879, 761, 637]
i =  108 [4, 535, 12, 399, 663, 669, 545, 296, 684, 151, 571, 828, 321, 324, 841, 334, 463, 81, 356, 240, 497, 882, 760]
i =  109 [646, 647, 236, 656, 667, 923, 774, 811, 174, 306, 581, 336, 597, 854, 728, 729, 609, 744, 876, 877, 880, 753, 249, 634, 125]
i =  110 [256, 899, 905, 907, 531, 542, 932, 550, 61, 190, 327, 72, 844, 468, 981, 982, 856, 345, 867, 996, 878, 446, 763]
i =  111 [513, 642, 773, 390, 147, 928, 931, 167, 552, 553, 940, 48, 820, 437, 440, 825, 701, 320, 961, 594, 853, 752, 915, 890]
i =  112 [391, 652, 909, 149, 918, 538, 161, 7, 177, 52, 949, 950, 312, 578, 75, 967, 331, 462, 476, 477, 608, 868, 883, 887]
i =  113 [97, 644, 233, 80, 562, 403, 212, 372, 379, 62]
i =  114 [1, 290, 3, 711, 457, 337, 18, 308, 405, 182, 439]
i =  115 [556, 490, 203, 620, 560, 209, 370, 596, 215, 414]
i =  116 [896, 130, 643, 522, 12, 532, 409, 926, 417, 454, 422, 935, 938, 688, 945, 693, 443, 834, 836, 326, 33, 210, 471, 216, 730, 91, 478, 232, 502, 889, 508, 510]
i =  117 [420, 101, 42, 332, 16, 407, 284, 191]
i =  118 [2, 264, 402, 660, 806, 426, 557, 175, 181, 567, 966, 843, 335, 83, 600, 219, 93, 607, 610, 678, 365, 624, 118, 767]
i =  119 [214, 269, 664, 673, 433, 826, 827, 445, 704, 840, 458, 206, 852, 342, 986, 741, 737, 99, 613, 102, 238, 111, 340, 254]
i =  120 [512, 831, 259, 438, 363, 716, 110, 561, 595, 723, 267, 603, 31]
i =  121 [131, 670, 802, 295, 798, 952, 715, 710, 455, 247, 866, 977, 339, 85, 727, 218, 863, 354, 491, 623, 631, 251]
i =  122 [192, 424, 428, 431, 344, 311, 472, 25, 63]
i =  123 [739, 516, 357, 166, 71, 618, 627, 788, 24, 628, 415, 411, 636, 69, 479]
i =  124 [107, 164, 278, 70, 423, 412, 523, 509, 146, 253, 22, 220, 317, 540]
i =  125 [705, 612, 453, 807, 872, 677, 792, 591, 913, 904, 565, 822, 536, 569, 316, 349, 671]
i =  126 [128, 5, 401, 530, 916, 789, 920, 543, 929, 165, 559, 436, 824, 57, 991, 968, 969, 972, 974, 988, 862, 351, 743, 235, 750, 504]
i =  127 [482, 470, 39, 136, 170, 139, 527, 17, 243, 566, 92, 511]
i =  128 [128, 401, 530, 916, 789, 920, 929, 165, 559, 436, 824, 991, 579, 968, 969, 972, 974, 988, 862, 351, 743, 235, 750, 504]
i =  129 [705, 580, 453, 807, 872, 677, 591, 913, 904, 565, 822, 569, 792, 612, 316, 349, 671]
i =  130 [896, 130, 836, 454, 935, 232, 508, 938, 834, 943, 532, 693, 889, 409, 443, 604, 522, 926]
i =  131 [513, 642, 773, 147, 928, 931, 167, 552, 553, 940, 48, 820, 437, 440, 825, 701, 320, 961, 594, 853, 752, 915, 632, 890]
i =  132 [1, 290, 3, 711, 457, 337, 18, 659, 308, 182, 439]
i =  133 [517, 776, 226, 778, 653, 785, 148, 793, 157, 676, 679, 942, 563, 350, 951, 188, 650, 833, 962, 584, 201, 845, 78, 734, 994, 998, 829, 886, 762, 893]
i =  134 [448, 864, 901, 821, 903, 874, 683, 759, 975, 912, 689, 850, 435, 533, 823, 576, 922, 123, 751, 413, 927]
i =  135 [97, 379, 644, 233, 80, 562, 212, 372, 699, 62]
i =  136 [2, 708, 264, 557, 175, 402, 181, 118, 335, 93]
i =  137 [513, 642, 773, 147, 928, 931, 167, 552, 553, 940, 48, 820, 437, 440, 825, 701, 320, 961, 719, 594, 853, 752, 915, 890]
i =  138 [101, 42, 332, 16, 725, 407, 284, 191]
i =  139 [896, 130, 836, 454, 935, 232, 938, 834, 532, 693, 758, 409, 889, 443, 508, 522, 926]
i =  140 [449, 67, 651, 645, 934, 810, 587, 45, 46, 685, 754, 979, 692, 857, 276, 570, 987, 555, 765, 959]
i =  141 [769, 612, 453, 807, 904, 872, 591, 913, 677, 565, 822, 792, 569, 705, 316, 349, 671]
i =  142 [705, 771, 612, 453, 807, 904, 677, 591, 913, 822, 565, 872, 792, 569, 316, 349, 671]
i =  143 [775, 652, 909, 149, 918, 538, 161, 7, 177, 52, 949, 950, 312, 578, 331, 967, 75, 462, 476, 477, 608, 868, 883, 887]
i =  144 [256, 899, 905, 907, 781, 531, 542, 932, 550, 61, 190, 327, 72, 844, 973, 468, 981, 982, 856, 867, 996, 878, 446, 763]
i =  145 [129, 488, 137, 524, 205, 783, 113, 397, 410, 187]
i =  146 [513, 642, 773, 147, 928, 931, 804, 167, 552, 553, 940, 48, 820, 437, 440, 825, 701, 320, 961, 594, 853, 752, 915, 890]
i =  147 [577, 195, 132, 805, 583, 492, 590, 303, 368, 153, 602, 348, 541]
i =  148 [898, 902, 10, 908, 910, 272, 919, 152, 285, 814, 815, 305, 946, 953, 700, 960, 193, 964, 589, 978, 984, 223, 360, 493, 494, 879, 761, 637]
i =  149 [705, 612, 453, 807, 904, 872, 591, 848, 913, 677, 565, 822, 792, 569, 316, 349, 671]
i =  150 [256, 899, 905, 907, 531, 542, 932, 550, 61, 190, 327, 72, 844, 851, 468, 981, 982, 856, 867, 996, 878, 446, 763]
i =  151 [448, 576, 901, 864, 903, 855, 874, 683, 759, 821, 975, 912, 850, 435, 533, 823, 922, 123, 751, 413, 927]
i =  152 [2, 264, 557, 335, 402, 181, 118, 175, 860, 93]
i =  153 [865, 739, 516, 357, 166, 71, 618, 627, 788, 24, 628, 415, 411, 636, 69]
i =  154 [517, 776, 226, 650, 653, 785, 148, 793, 157, 679, 942, 563, 734, 951, 188, 778, 833, 962, 584, 201, 845, 78, 350, 994, 998, 829, 885, 886, 762, 893]
i =  155 [896, 897, 834, 836, 454, 935, 232, 938, 130, 532, 693, 409, 889, 443, 508, 522, 926]
i =  156 [449, 67, 651, 645, 934, 906, 587, 45, 46, 685, 959, 754, 979, 692, 857, 276, 570, 987, 810, 555]
i =  157 [654, 911, 787, 26, 924, 797, 289, 936, 809, 941, 430, 947, 54, 837, 847, 859, 606, 225, 668, 373, 888, 506, 895]
i =  158 [256, 899, 905, 907, 531, 542, 932, 550, 937, 61, 190, 327, 72, 844, 468, 981, 982, 856, 867, 996, 878, 446, 763]
i =  159 [7, 652, 909, 149, 918, 538, 161, 944, 177, 52, 949, 950, 312, 578, 75, 967, 331, 462, 476, 477, 608, 868, 883, 887]
i =  160 [610, 678, 806, 843, 365, 624, 83, 660, 567, 600, 948, 607, 219, 767]
i =  161 [449, 587, 67, 645, 934, 810, 651, 45, 46, 685, 754, 979, 692, 555, 857, 570, 987, 276, 957, 959]
i =  162 [513, 642, 773, 147, 928, 931, 167, 552, 553, 940, 48, 820, 437, 440, 825, 701, 320, 961, 594, 853, 990, 752, 915, 890]
finish get all communities
complete deal_communities
commplete get_all_nature_community
----------------------------------The detection result is: 

all communities: 
i =  1 : [32, 135, 194, 341, 358, 374, 574, 582, 593, 599, 649, 720, 733, 740, 861, 884, 917, 930, 939, 970, 983, 985]
i =  2 : [56, 103, 106, 169, 186, 208, 265, 288, 318, 380, 386, 387, 418, 450, 460, 500, 515, 539, 639, 640, 695, 698, 703, 722, 757, 770, 784, 803, 875, 921, 965, 971, 997]
i =  3 : [13, 60, 121, 263, 338, 352, 456, 459, 484, 520, 573, 630, 687, 696, 702, 706, 712, 714, 745, 808, 812, 838]
i =  4 : [55, 120, 172, 197, 244, 323, 394, 406, 473, 487, 505, 605, 621, 674, 738]
i =  5 : [96, 134, 176, 180, 204, 224, 293, 299, 675]
i =  6 : [27, 94, 142, 184, 227, 362, 421, 442, 551, 662, 672, 694, 707, 736, 790, 1000]
i =  7 : [88, 115, 116, 126, 183, 277, 298, 371, 378, 483, 521, 568, 666, 735, 768, 835, 846, 999]
i =  8 : [11, 29, 44, 138, 155, 286, 384, 392, 519, 598, 633, 648, 717, 742, 756, 832, 842, 869, 881, 900, 963]
i =  9 : [40, 65, 68, 252, 322, 361, 369, 404, 408, 481, 655, 718, 721, 779, 796]
i =  10 : [6, 47, 171, 239, 282, 396, 469, 499, 534, 601]
i =  11 : [15, 41, 200, 202, 222, 280, 529, 575, 586, 592, 956]
i =  12 : [19, 105, 237, 279, 366, 375, 398, 429, 496, 503, 518, 554, 616, 619, 691, 709, 801]
i =  13 : [20, 57, 90, 104, 114, 127, 328, 367, 382, 464, 526, 544, 614, 629, 681, 749, 755, 891]
i =  14 : [30, 217, 255, 294, 304, 381, 385, 501, 549, 585, 622, 635]
i =  15 : [33, 95, 140, 315, 333, 377, 427, 626, 764, 817, 849]
i =  16 : [36, 66, 250, 262, 300, 309, 343, 353, 416, 451, 461, 507, 528, 548]
i =  17 : [37, 76, 89, 100, 144, 270, 329, 359, 452, 485]
i =  18 : [38, 49, 79, 189, 228, 245, 283, 314]
i =  19 : [50, 108, 178, 196, 207, 291, 393, 641, 661, 731, 766]
i =  20 : [73, 119, 163, 179, 261, 274, 346, 383, 388, 466, 572, 658, 665]
i =  21 : [98, 122, 145, 230, 241, 242, 248, 297, 498]
i =  22 : [156, 234, 257, 275, 292, 447, 467, 955]
i =  23 : [9, 28, 35, 61, 64, 72, 109, 156, 160, 162, 185, 190, 198, 213, 234, 257, 275, 292, 310, 325, 330, 447, 465, 467, 480, 486, 489, 495, 525, 686, 697, 732, 747, 748, 782, 786, 791, 794, 799, 816, 819, 870, 894, 905, 933, 958, 976, 992]
i =  24 : [51, 86, 87, 211, 221, 231, 266, 355, 364, 395, 474]
i =  25 : [8, 21, 45, 46, 53, 58, 59, 67, 74, 77, 141, 143, 229, 276, 313, 432, 449, 555, 570, 587, 588, 638, 645, 651, 657, 685, 690, 692, 754, 780, 810, 857, 934, 959, 979, 987]
i =  26 : [4, 12, 81, 151, 240, 296, 321, 324, 334, 356, 399, 463, 497, 535, 545, 571, 663, 669, 684, 760, 828, 841, 882]
i =  27 : [125, 174, 236, 249, 306, 336, 581, 597, 609, 634, 646, 647, 656, 667, 728, 729, 744, 753, 774, 811, 854, 876, 877, 880, 923]
i =  28 : [203, 209, 215, 370, 414, 490, 556, 560, 596, 620]
i =  29 : [12, 33, 91, 130, 210, 216, 232, 326, 409, 417, 422, 443, 454, 471, 478, 502, 508, 510, 522, 532, 643, 688, 693, 730, 834, 836, 889, 896, 926, 935, 938, 945]
i =  30 : [2, 83, 93, 118, 175, 181, 219, 264, 335, 365, 402, 426, 557, 567, 600, 607, 610, 624, 660, 678, 767, 806, 843, 966]
i =  31 : [99, 102, 111, 206, 214, 238, 254, 269, 340, 342, 433, 445, 458, 613, 664, 673, 704, 737, 741, 826, 827, 840, 852, 986]
i =  32 : [85, 131, 218, 247, 251, 295, 339, 354, 455, 491, 623, 631, 670, 710, 715, 727, 798, 802, 863, 866, 952, 977]
i =  33 : [25, 63, 192, 311, 344, 424, 428, 431, 472]
i =  34 : [22, 70, 107, 146, 164, 220, 253, 278, 317, 412, 423, 509, 523, 540]
i =  35 : [113, 129, 137, 187, 205, 397, 410, 488, 524, 783]
i =  36 : [132, 153, 195, 303, 348, 368, 492, 541, 577, 583, 590, 602, 805]
i =  37 : [83, 219, 365, 567, 600, 607, 610, 624, 660, 678, 767, 806, 843, 948]
i =  38 : [31, 110, 259, 267, 363, 438, 512, 561, 595, 603, 716, 723, 831, 989]
i =  39 : [5, 82, 117, 168, 173, 246, 258, 271, 287, 376, 441, 514, 537, 564, 625, 726, 777, 830, 839, 873, 892, 925]
i =  40 : [14, 34, 112, 133, 154, 158, 159, 199, 301, 347, 389, 400, 425, 434, 444, 475, 546, 547, 558, 615, 680, 713, 724, 772, 795, 813, 818, 871, 995]
i =  41 : [26, 54, 225, 268, 273, 289, 373, 430, 506, 606, 654, 668, 787, 797, 809, 837, 847, 859, 888, 895, 911, 924, 936, 941, 947]
i =  42 : [17, 39, 92, 136, 139, 170, 243, 302, 470, 482, 511, 527, 566]
i =  43 : [10, 152, 193, 223, 272, 285, 305, 319, 360, 427, 493, 494, 589, 637, 700, 761, 814, 815, 817, 879, 898, 902, 908, 910, 919, 946, 953, 960, 964, 978, 984]
i =  44 : [24, 69, 71, 166, 357, 411, 415, 479, 516, 618, 627, 628, 636, 739, 788, 865]
i =  45 : [78, 148, 157, 188, 201, 226, 350, 517, 563, 584, 650, 653, 676, 679, 734, 762, 776, 778, 785, 793, 829, 833, 845, 885, 886, 893, 942, 951, 962, 994, 998]
i =  46 : [2, 93, 118, 175, 181, 264, 335, 402, 557, 708, 860]
i =  47 : [16, 42, 101, 191, 284, 332, 407, 420, 725, 980]
i =  48 : [62, 80, 97, 212, 233, 372, 379, 403, 562, 644, 682, 699]
i =  49 : [1, 3, 18, 182, 290, 308, 337, 405, 439, 457, 659, 711, 746]
i =  50 : [130, 232, 409, 443, 454, 508, 522, 532, 604, 611, 617, 693, 758, 834, 836, 889, 896, 897, 926, 935, 938, 943]
i =  51 : [45, 46, 67, 276, 449, 555, 570, 587, 645, 651, 685, 692, 754, 765, 810, 857, 858, 906, 934, 957, 959, 979, 987]
i =  52 : [7, 52, 75, 149, 161, 177, 312, 331, 391, 462, 476, 477, 538, 578, 608, 652, 775, 868, 883, 887, 909, 918, 944, 949, 950, 954, 956, 967]
i =  53 : [23, 109, 117, 123, 160, 281, 307, 413, 419, 435, 448, 533, 576, 683, 689, 751, 759, 821, 823, 850, 855, 864, 874, 901, 903, 912, 922, 927, 973, 975]
i =  54 : [43, 61, 72, 109, 190, 256, 327, 345, 446, 468, 531, 542, 550, 763, 781, 844, 851, 856, 867, 878, 899, 905, 907, 932, 937, 973, 981, 982, 996]
i =  55 : [48, 147, 167, 260, 320, 390, 437, 440, 513, 552, 553, 594, 632, 642, 701, 719, 752, 773, 804, 820, 825, 853, 890, 915, 928, 931, 940, 961, 990]
i =  56 : [316, 349, 453, 536, 565, 569, 580, 591, 612, 671, 677, 705, 769, 771, 792, 800, 807, 822, 848, 872, 904, 913, 914, 966]
i =  57 : [5, 57, 65, 84, 124, 128, 150, 165, 235, 273, 351, 401, 436, 504, 530, 543, 559, 579, 743, 750, 789, 824, 862, 916, 920, 929, 968, 969, 972, 974, 988, 991, 993]
overlapping nodes are:  [2, 5, 12, 33, 45, 46, 57, 61, 65, 67, 72, 83, 93, 109, 117, 118, 130, 156, 160, 175, 181, 190, 219, 232, 234, 257, 264, 273, 275, 276, 292, 335, 365, 402, 409, 427, 443, 447, 449, 454, 467, 508, 522, 532, 555, 557, 567, 570, 587, 600, 607, 610, 624, 645, 651, 660, 678, 685, 692, 693, 754, 767, 806, 810, 817, 834, 836, 843, 857, 889, 896, 905, 926, 934, 935, 938, 956, 959, 966, 973, 979, 987] 
 NOO is:  82
total time is:  141.002726078
