lens of ground_truth:  54
ground_truth is: [[59, 97, 144, 192, 205, 207, 259, 268, 315, 488, 554, 555, 574, 623, 671, 699, 703, 717, 734, 752, 786, 806, 820, 830, 856, 887, 966], [88, 144, 156, 200, 245, 276, 280, 324, 351, 359, 371, 375, 431, 441, 450, 467, 486, 546, 564, 571, 600, 624, 671, 746, 755, 768, 786, 834, 839, 840, 898, 905, 916, 933, 942, 975, 993, 995, 997], [135, 248, 374, 407, 408, 412, 475, 612, 651, 681, 784, 916, 953, 966, 997, 1000], [6, 26, 36, 73, 158, 164, 169, 182, 205, 206, 233, 238, 255, 303, 311, 315, 403, 409, 417, 467, 552, 584, 601, 605, 624, 648, 691, 692, 699, 714, 734, 751, 759, 779, 788, 794, 804, 842, 864, 870, 891, 908, 942, 957, 977, 998], [31, 76, 138, 164, 304, 323, 411, 429, 458, 477, 498, 549, 552, 597, 621, 649, 701, 719, 843], [41, 81, 84, 131, 216, 232, 262, 290, 385, 387, 400, 443, 476, 591, 602, 628, 632, 633, 642, 674, 709, 878, 894, 921, 957, 977, 988, 999], [6, 15, 22, 37, 56, 109, 181, 243, 270, 348, 431, 437, 486, 563, 566, 595, 619, 624, 626, 703, 734, 735, 750, 777, 778, 798, 810, 814, 816, 860, 870, 879, 887, 905, 940, 980, 997], [90, 127, 180, 230, 233, 424, 492, 518, 557, 617, 720, 749, 756, 761, 794, 834, 847, 953, 957, 999], [72, 94, 101, 160, 203, 226, 275, 290, 318, 328, 469, 504, 510, 516, 522, 592, 600, 655, 671, 675, 692, 698, 726, 737, 739, 786, 791, 794, 827, 835, 864, 868, 877, 881, 923, 957, 984, 999], [92, 99, 128, 132, 156, 294, 296, 299, 335, 342, 345, 350, 364, 447, 468, 490, 569, 773], [17, 22, 39, 42, 51, 302, 391, 439, 701, 794, 921], [15, 56, 72, 88, 101, 115, 177, 188, 199, 210, 213, 275, 373, 467, 486, 503, 555, 581, 600, 613, 656, 705, 716, 784, 805, 814, 827, 846, 857, 906, 930, 935, 963, 968, 971, 978, 986, 1000], [1, 24, 41, 71, 202, 262, 290, 351, 380, 409, 457, 528, 565, 611, 641, 646, 662, 676, 837, 849, 862, 864, 867, 897, 900, 988], [88, 144, 156, 164, 200, 239, 262, 272, 276, 301, 389, 409, 431, 440, 486, 502, 577, 587, 605, 624, 676, 685, 696, 706, 740, 786, 790, 834, 853, 865, 867, 898, 901, 905, 911, 913, 915, 927, 940, 953, 960, 967, 976, 985, 988], [67, 94, 159, 187, 205, 210, 233, 271, 290, 320, 373, 414, 430, 433, 434, 490, 526, 553, 579, 628, 683, 686, 699, 725, 745, 794, 863, 875, 957, 973, 999, 1000], [10, 124, 186, 199, 214, 234, 313, 317, 337, 369, 383, 431, 457, 538, 603, 703, 732, 748, 805, 963], [4, 41, 88, 91, 149, 289, 336, 438, 517, 520, 573, 679, 701, 797, 942], [20, 22, 23, 44, 47, 49, 153, 164, 168, 205, 246, 325, 376, 422, 448, 449, 500, 599, 643, 654, 672, 673, 677, 693, 694, 700, 723, 786, 800, 834, 845, 870, 898, 902, 912, 940, 942, 943, 952], [74, 147, 148, 177, 191, 198, 208, 254, 368, 457, 509, 539, 593, 703, 741, 742, 763, 767, 822, 831, 921], [15, 56, 65, 72, 103, 105, 117, 162, 175, 177, 199, 210, 220, 276, 291, 315, 326, 349, 373, 467, 486, 490, 503, 572, 581, 656, 665, 797, 807, 886, 925, 940, 981, 1000], [96, 107, 140, 157, 230, 261, 339, 388, 405, 496, 550, 999], [11, 19, 43, 75, 94, 177, 178, 230, 382, 393, 511, 561, 594, 600, 633, 634, 637, 647, 713, 727, 775, 794, 799, 813, 814, 823, 863, 870, 897, 920, 931, 937, 953, 957, 969, 992], [5, 18, 62, 126, 204, 205, 230, 322, 329, 423, 457, 463, 489, 525, 568, 609, 724, 729, 734, 831], [38, 41, 56, 129, 165, 176, 179, 201, 290, 311, 351, 425, 432, 452, 464, 490, 639, 667, 676, 821, 824, 828, 848, 858, 869, 966, 988, 999], [27, 32, 35, 48, 70, 80, 307, 308, 321, 332, 427, 484, 505, 519, 556, 678, 731, 760, 838, 883, 916, 953, 980], [3, 15, 56, 89, 101, 110, 138, 199, 210, 244, 260, 276, 277, 310, 436, 444, 503, 555, 581, 589, 606, 656, 692, 722, 726, 797, 805, 812, 826, 827, 831, 854, 861, 890, 892, 909, 921, 956, 966, 970, 977, 989, 990, 997], [6, 89, 144, 156, 166, 177, 188, 193, 200, 230, 356, 361, 404, 461, 482, 500, 504, 605, 627, 635, 671, 672, 697, 708, 743, 797, 807, 843, 872, 898, 940, 948, 955, 964, 978, 980, 991], [6, 52, 79, 101, 138, 184, 188, 233, 256, 262, 275, 340, 351, 398, 419, 467, 482, 483, 487, 499, 570, 578, 608, 633, 672, 692, 726, 782, 784, 804, 805, 807, 814, 831, 847, 864, 867, 876, 889, 890, 919, 944, 958, 962, 977, 978, 979, 986, 990], [12, 33, 66, 101, 116, 122, 141, 218, 357, 409, 454, 535, 552, 585, 656, 658, 671, 721, 730, 734, 829, 836, 841, 887, 888], [354, 363, 379, 421, 462, 480, 521, 537, 551, 605, 699, 978], [34, 77, 112, 229, 240, 247, 295, 346, 445, 504, 515, 544], [30, 40, 72, 94, 150, 300, 396, 399, 401, 409, 459, 533, 534, 552, 620, 630, 636, 695, 715, 769, 774, 873, 885, 887, 911], [6, 89, 138, 145, 233, 262, 285, 305, 344, 352, 365, 482, 582, 583, 605, 606, 670, 672, 692, 711, 726, 785, 792, 805, 807, 827, 831, 832, 847, 880, 890, 897, 898, 911, 921, 939, 946, 950, 964, 966, 978, 986, 990, 997], [13, 22, 58, 89, 93, 155, 156, 164, 188, 227, 242, 265, 275, 292, 431, 435, 471, 472, 481, 482, 486, 504, 624, 633, 701, 784, 804, 825, 843, 867, 882, 895, 905, 907, 918, 940, 942, 959, 963, 980, 987, 994, 997, 1000], [25, 46, 100, 104, 125, 222, 267, 279, 330, 360, 377, 392, 465, 500, 559, 645, 652, 754, 870], [9, 21, 55, 61, 94, 106, 137, 142, 173, 205, 231, 311, 362, 478, 494, 529, 532, 536, 560, 576, 615, 628, 669, 684, 766, 784, 801, 851, 864, 964], [144, 253, 288, 290, 315, 372, 457, 470, 523, 531, 545, 548, 628, 631, 663, 666, 765, 797, 863, 963], [2, 22, 94, 139, 194, 217, 224, 237, 311, 334, 351, 366, 394, 456, 590, 622, 629, 676, 789, 814, 859, 863, 867, 897, 899, 953, 963, 966, 986, 988], [85, 170, 183, 185, 228, 233, 274, 311, 431, 863], [45, 69, 78, 108, 133, 134, 152, 381, 807, 843], [57, 72, 98, 146, 151, 197, 223, 225, 230, 287, 297, 327, 508, 514, 606, 671, 687, 701, 783, 817, 874, 905], [8, 29, 82, 215, 236, 273, 278, 316, 319, 333, 980], [15, 56, 72, 95, 120, 144, 161, 177, 189, 199, 210, 235, 262, 275, 276, 293, 351, 373, 384, 490, 503, 524, 527, 555, 581, 600, 656, 682, 699, 710, 738, 771, 807, 831, 847, 863, 921, 949, 986, 1000], [16, 22, 212, 252, 309, 315, 390, 397, 409, 474, 500, 503, 504, 618, 624, 625, 628, 657, 689, 701, 702, 707, 744, 802, 811, 814, 855, 887, 898, 910, 911, 916, 917, 922, 974], [7, 14, 60, 196, 219, 358, 378, 416, 460, 466, 547, 552, 588, 661, 753, 757, 843, 870, 964], [88, 102, 114, 241, 264, 269, 283, 373, 406, 415, 418, 495, 501, 638, 659, 703, 704, 718, 780, 787, 819, 833, 887, 893, 904, 905, 916], [28, 54, 86, 119, 200, 298, 353, 395, 507, 512, 540, 562, 606, 660, 676, 776, 843, 847, 864], [63, 88, 113, 138, 156, 163, 172, 174, 209, 314, 315, 338, 355, 457, 479, 506, 644, 650, 680, 786, 803, 850, 903, 911, 916, 926, 932], [89, 130, 154, 164, 188, 251, 311, 312, 367, 410, 446, 455, 482, 500, 530, 543, 552, 575, 605, 633, 653, 672, 676, 712, 726, 733, 762, 764, 784, 804, 834, 852, 866, 871, 890, 897, 911, 942, 951, 964, 965, 978, 988, 990], [53, 64, 68, 167, 257, 266, 286, 402, 453, 734, 827], [41, 50, 101, 118, 121, 199, 250, 263, 276, 282, 284, 306, 386, 485, 491, 493, 504, 542, 555, 581, 586, 606, 607, 610, 614, 616, 633, 640, 688, 690, 692, 703, 796, 804, 805, 809, 815, 818, 827, 890, 897, 936, 938, 941, 961, 977, 983, 986, 990], [6, 89, 138, 190, 195, 200, 211, 281, 331, 341, 343, 426, 473, 482, 500, 567, 596, 606, 664, 672, 726, 728, 736, 781, 793, 795, 804, 808, 844, 867, 890, 896, 914, 928, 929, 947, 954, 964, 972, 977, 980, 990, 996], [41, 83, 87, 136, 171, 221, 249, 258, 347, 442, 451, 513, 541, 834], [15, 111, 123, 143, 188, 200, 210, 275, 370, 373, 413, 420, 428, 467, 490, 497, 503, 555, 558, 580, 581, 598, 600, 604, 628, 656, 668, 699, 747, 758, 770, 772, 797, 847, 884, 924, 934, 945, 963, 982]]
nodes: [628, 672, 729, 730, 731, 742, 750, 754, 769, 773, 787, 792, 797, 802, 805, 824, 825, 827, 839, 843, 867, 871, 874, 887, 916, 921, 943, 961, 963, 964, 977, 978, 980, 985, 986, 990, 992, 998, 999, 1000] num of nodes:  40
[[392, 628, 559], [376, 952, 912, 672], [126, 609, 423, 724, 729, 568, 525], [218, 836, 721, 658, 888, 730, 829, 841, 535], [35, 838, 556, 760, 883, 731, 321], [208, 539, 741, 742, 593, 763, 509, 822, 767], [437, 778, 816, 777, 750, 798], [125, 645, 754, 652, 392, 330], [401, 459, 873, 715, 885, 636, 695, 769, 774], [99, 773, 468, 350, 569, 447], [418, 833, 904, 780, 495, 787, 893, 819, 501], [582, 832, 946, 950, 711, 880, 792, 939, 785], [520, 679, 573, 797], [618, 707, 811, 910, 974, 689, 917, 922, 855, 802], [805, 968, 930, 971, 935], [425, 452, 869, 848, 821, 824, 858, 667, 828, 639], [242, 994, 959, 907, 882, 895, 825, 987, 918, 471], [286, 827, 402, 453], [546, 768, 993, 933, 839, 840, 975, 571, 564, 755, 746], [429, 649, 719, 843, 621], [837, 900, 849, 862, 867], [410, 852, 965, 871, 764, 733, 446], [57, 874, 687, 783, 817, 514, 508], [811, 922, 910, 917, 887], [840, 975, 993, 995, 916, 997, 933], [17, 391, 302, 439, 921], [422, 845, 448, 902, 943, 694], [485, 961, 936, 941, 938, 640, 815], [548, 963, 666, 663, 765, 631], [711, 946, 939, 950, 832, 964], [892, 989, 970, 909, 977, 956], [697, 978, 708, 872, 955, 948, 991], [193, 743, 872, 948, 955, 991, 980], [577, 960, 901, 976, 913, 915, 985, 927, 853, 685, 967], [857, 930, 935, 968, 906, 971, 986], [812, 970, 854, 989, 892, 826, 990], [637, 992, 931, 775, 823, 813, 937, 920, 969, 713, 799], [584, 998, 691, 908, 842, 788, 759], [140, 388, 550, 496, 339, 405, 999], [857, 930, 935, 968, 906, 971, 1000]]
len of cliques:  40
downsides after: [[546, 768, 993, 933, 839, 840, 975, 571, 564, 755, 746], [577, 960, 901, 976, 913, 915, 985, 927, 853, 685, 967], [637, 992, 931, 775, 823, 813, 937, 920, 969, 713, 799], [618, 707, 811, 910, 974, 689, 917, 922, 855, 802], [425, 452, 869, 848, 821, 824, 858, 667, 828, 639], [242, 994, 959, 907, 882, 895, 825, 987, 918, 471], [218, 836, 721, 658, 888, 730, 829, 841, 535], [208, 539, 741, 742, 593, 763, 509, 822, 767], [401, 459, 873, 715, 885, 636, 695, 769, 774], [418, 833, 904, 780, 495, 787, 893, 819, 501], [582, 832, 946, 950, 711, 880, 792, 939, 785], [126, 609, 423, 724, 729, 568, 525], [35, 838, 556, 760, 883, 731, 321], [410, 852, 965, 871, 764, 733, 446], [57, 874, 687, 783, 817, 514, 508], [840, 975, 993, 995, 916, 997, 933], [485, 961, 936, 941, 938, 640, 815], [697, 978, 708, 872, 955, 948, 991], [193, 743, 872, 948, 955, 991, 980], [857, 930, 935, 968, 906, 971, 986], [812, 970, 854, 989, 892, 826, 990], [584, 998, 691, 908, 842, 788, 759], [140, 388, 550, 496, 339, 405, 999], [857, 930, 935, 968, 906, 971, 1000], [437, 778, 816, 777, 750, 798], [125, 645, 754, 652, 392, 330], [99, 773, 468, 350, 569, 447], [422, 845, 448, 902, 943, 694], [548, 963, 666, 663, 765, 631], [711, 946, 939, 950, 832, 964], [892, 989, 970, 909, 977, 956], [805, 968, 930, 971, 935], [429, 649, 719, 843, 621], [837, 900, 849, 862, 867], [811, 922, 910, 917, 887], [17, 391, 302, 439, 921], [376, 952, 912, 672], [520, 679, 573, 797], [286, 827, 402, 453]]
number of downsided seeds: 39
[[546, 768, 993, 933, 839, 840, 975, 571, 564, 755, 746], [577, 960, 901, 976, 913, 915, 985, 927, 853, 685, 967], [637, 992, 931, 775, 823, 813, 937, 920, 969, 713, 799], [618, 707, 811, 910, 974, 689, 917, 922, 855, 802], [425, 452, 869, 848, 821, 824, 858, 667, 828, 639], [242, 994, 959, 907, 882, 895, 825, 987, 918, 471], [218, 836, 721, 658, 888, 730, 829, 841, 535], [208, 539, 741, 742, 593, 763, 509, 822, 767], [401, 459, 873, 715, 885, 636, 695, 769, 774], [418, 833, 904, 780, 495, 787, 893, 819, 501], [582, 832, 946, 950, 711, 880, 792, 939, 785], [126, 609, 423, 724, 729, 568, 525], [35, 838, 556, 760, 883, 731, 321], [410, 852, 965, 871, 764, 733, 446], [57, 874, 687, 783, 817, 514, 508], [840, 975, 993, 995, 916, 997, 933], [485, 961, 936, 941, 938, 640, 815], [697, 978, 708, 872, 955, 948, 991], [193, 743, 872, 948, 955, 991, 980], [857, 930, 935, 968, 906, 971, 986], [812, 970, 854, 989, 892, 826, 990], [584, 998, 691, 908, 842, 788, 759], [140, 388, 550, 496, 339, 405, 999], [857, 930, 935, 968, 906, 971, 1000], [437, 778, 816, 777, 750, 798], [125, 645, 754, 652, 392, 330], [99, 773, 468, 350, 569, 447], [422, 845, 448, 902, 943, 694], [548, 963, 666, 663, 765, 631], [711, 946, 939, 950, 832, 964], [892, 989, 970, 909, 977, 956], [805, 968, 930, 971, 935], [429, 649, 719, 843, 621], [837, 900, 849, 862, 867], [811, 922, 910, 917, 887], [17, 391, 302, 439, 921], [376, 952, 912, 672], [520, 679, 573, 797], [286, 827, 402, 453]]
after sorted:  [[546, 768, 993, 933, 839, 840, 975, 571, 564, 755, 746], [577, 960, 901, 976, 913, 915, 985, 927, 853, 685, 967], [637, 992, 931, 775, 823, 813, 937, 920, 969, 713, 799], [618, 707, 811, 910, 974, 689, 917, 922, 855, 802], [425, 452, 869, 848, 821, 824, 858, 667, 828, 639], [242, 994, 959, 907, 882, 895, 825, 987, 918, 471], [218, 836, 721, 658, 888, 730, 829, 841, 535], [208, 539, 741, 742, 593, 763, 509, 822, 767], [401, 459, 873, 715, 885, 636, 695, 769, 774], [418, 833, 904, 780, 495, 787, 893, 819, 501], [582, 832, 946, 950, 711, 880, 792, 939, 785], [126, 609, 423, 724, 729, 568, 525], [35, 838, 556, 760, 883, 731, 321], [410, 852, 965, 871, 764, 733, 446], [57, 874, 687, 783, 817, 514, 508], [840, 975, 993, 995, 916, 997, 933], [485, 961, 936, 941, 938, 640, 815], [697, 978, 708, 872, 955, 948, 991], [193, 743, 872, 948, 955, 991, 980], [857, 930, 935, 968, 906, 971, 986], [812, 970, 854, 989, 892, 826, 990], [584, 998, 691, 908, 842, 788, 759], [140, 388, 550, 496, 339, 405, 999], [857, 930, 935, 968, 906, 971, 1000], [437, 778, 816, 777, 750, 798], [125, 645, 754, 652, 392, 330], [99, 773, 468, 350, 569, 447], [422, 845, 448, 902, 943, 694], [548, 963, 666, 663, 765, 631], [711, 946, 939, 950, 832, 964], [892, 989, 970, 909, 977, 956], [805, 968, 930, 971, 935], [429, 649, 719, 843, 621], [837, 900, 849, 862, 867], [811, 922, 910, 917, 887], [17, 391, 302, 439, 921], [376, 952, 912, 672], [520, 679, 573, 797], [286, 827, 402, 453]]
before num:  39
befor deal_cliques:  38
after deal_cliques:  37
length of seeds:  37
seeds:  [set([768, 993, 546, 933, 839, 840, 746, 975, 755, 564, 571]), set([960, 577, 901, 967, 685, 976, 913, 915, 853, 985, 927]), set([992, 931, 775, 937, 823, 813, 969, 713, 920, 637, 799]), set([802, 707, 618, 811, 974, 689, 910, 855, 922, 917]), set([452, 869, 425, 848, 821, 824, 858, 667, 828, 639]), set([994, 895, 907, 882, 242, 918, 471, 825, 987, 959]), set([836, 730, 841, 721, 658, 535, 888, 218, 829]), set([539, 741, 742, 208, 593, 822, 763, 509, 767]), set([769, 459, 774, 873, 715, 401, 885, 695, 636]), set([833, 418, 904, 780, 495, 787, 501, 819, 893]), set([832, 582, 711, 939, 880, 785, 946, 950, 792]), set([930, 935, 1000, 906, 971, 968, 857, 986]), set([609, 724, 423, 568, 729, 525, 126]), set([321, 35, 838, 760, 883, 556, 731]), set([852, 965, 871, 410, 764, 733, 446]), set([817, 514, 57, 874, 687, 508, 783]), set([993, 995, 916, 997, 840, 933, 975]), set([640, 961, 485, 936, 938, 941, 815]), set([978, 708, 697, 872, 948, 955, 991]), set([193, 948, 743, 872, 980, 955, 991]), set([854, 892, 970, 812, 826, 990, 989]), set([691, 788, 998, 759, 584, 842, 908]), set([496, 339, 388, 405, 550, 999, 140]), set([816, 798, 437, 777, 778, 750]), set([754, 645, 392, 330, 652, 125]), set([99, 468, 773, 569, 350, 447]), set([448, 422, 902, 694, 845, 943]), set([963, 548, 663, 666, 631, 765]), set([832, 946, 964, 950, 711, 939]), set([977, 956, 970, 892, 909, 989]), set([649, 843, 621, 719, 429]), set([849, 867, 900, 837, 862]), set([922, 811, 917, 910, 887]), set([921, 439, 391, 302, 17]), set([376, 952, 912, 672]), set([520, 679, 797, 573]), set([402, 827, 453, 286])]
seeds_fitness [0.2330508474576271, 0.17488076311605724, 0.19855595667870035, 0.20044543429844097, 0.27439024390243905, 0.17543859649122806, 0.2482758620689655, 0.3037974683544304, 0.26666666666666666, 0.2236024844720497, 0.1782178217821782, 0.07086614173228346, 0.2625, 0.19718309859154928, 0.13043478260869565, 0.22580645161290322, 0.06095791001451379, 0.10606060606060606, 0.08316831683168317, 0.08641975308641975, 0.07179487179487179, 0.11382113821138211, 0.17573221757322174, 0.1276595744680851, 0.21739130434782608, 0.22900763358778625, 0.10309278350515463, 0.1111111111111111, 0.06818181818181818, 0.05870841487279843, 0.11235955056179775, 0.06734006734006734, 0.05714285714285714, 0.14814814814814814, 0.04195804195804196, 0.08888888888888889, 0.10619469026548672]
after sort list of tuple: [(7, 0.3037974683544304), (4, 0.27439024390243905), (8, 0.26666666666666666), (12, 0.2625), (6, 0.2482758620689655), (0, 0.2330508474576271), (25, 0.22900763358778625), (15, 0.22580645161290322), (9, 0.2236024844720497), (24, 0.21739130434782608), (3, 0.20044543429844097), (2, 0.19855595667870035), (13, 0.19718309859154928), (10, 0.1782178217821782), (22, 0.17573221757322174), (5, 0.17543859649122806), (1, 0.17488076311605724), (33, 0.14814814814814814), (14, 0.13043478260869565), (23, 0.1276595744680851), (21, 0.11382113821138211), (30, 0.11235955056179775), (27, 0.1111111111111111), (36, 0.10619469026548672), (17, 0.10606060606060606), (26, 0.10309278350515463), (35, 0.08888888888888889), (19, 0.08641975308641975), (18, 0.08316831683168317), (20, 0.07179487179487179), (11, 0.07086614173228346), (28, 0.06818181818181818), (31, 0.06734006734006734), (16, 0.06095791001451379), (29, 0.05870841487279843), (32, 0.05714285714285714), (34, 0.04195804195804196)]
seeds_sorted [set([539, 741, 742, 208, 593, 822, 763, 509, 767]), set([452, 869, 425, 848, 821, 824, 858, 667, 828, 639]), set([769, 459, 774, 873, 715, 401, 885, 695, 636]), set([609, 724, 423, 568, 729, 525, 126]), set([836, 730, 841, 721, 658, 535, 888, 218, 829]), set([768, 993, 546, 933, 839, 840, 746, 975, 755, 564, 571]), set([99, 468, 773, 569, 350, 447]), set([817, 514, 57, 874, 687, 508, 783]), set([833, 418, 904, 780, 495, 787, 501, 819, 893]), set([754, 645, 392, 330, 652, 125]), set([802, 707, 618, 811, 974, 689, 910, 855, 922, 917]), set([992, 931, 775, 937, 823, 813, 969, 713, 920, 637, 799]), set([321, 35, 838, 760, 883, 556, 731]), set([832, 582, 711, 939, 880, 785, 946, 950, 792]), set([496, 339, 388, 405, 550, 999, 140]), set([994, 895, 907, 882, 242, 918, 471, 825, 987, 959]), set([960, 577, 901, 967, 685, 976, 913, 915, 853, 985, 927]), set([921, 439, 391, 302, 17]), set([852, 965, 871, 410, 764, 733, 446]), set([816, 798, 437, 777, 778, 750]), set([691, 788, 998, 759, 584, 842, 908]), set([649, 843, 621, 719, 429]), set([963, 548, 663, 666, 631, 765]), set([402, 827, 453, 286]), set([640, 961, 485, 936, 938, 941, 815]), set([448, 422, 902, 694, 845, 943]), set([520, 679, 797, 573]), set([193, 948, 743, 872, 980, 955, 991]), set([978, 708, 697, 872, 948, 955, 991]), set([854, 892, 970, 812, 826, 990, 989]), set([930, 935, 1000, 906, 971, 968, 857, 986]), set([832, 946, 964, 950, 711, 939]), set([849, 867, 900, 837, 862]), set([993, 995, 916, 997, 840, 933, 975]), set([977, 956, 970, 892, 909, 989]), set([922, 811, 917, 910, 887]), set([376, 952, 912, 672])]
args__________ ([set([539, 741, 742, 208, 593, 822, 763, 509, 767]), set([376, 952, 912, 672])],)
args__________ ([set([452, 869, 425, 848, 821, 824, 858, 667, 828, 639]), set([922, 811, 917, 910, 887])],)
args__________ ([set([769, 459, 774, 873, 715, 401, 885, 695, 636]), set([977, 956, 970, 892, 909, 989])],)
args__________ ([set([609, 724, 423, 568, 729, 525, 126]), set([993, 995, 916, 997, 840, 933, 975])],)
args__________ ([set([836, 730, 841, 721, 658, 535, 888, 218, 829]), set([849, 867, 900, 837, 862])],)
args__________ ([set([768, 993, 546, 933, 839, 840, 746, 975, 755, 564, 571])],)
args__________ ([set([99, 468, 773, 569, 350, 447])],)
args__________ ([set([817, 514, 57, 874, 687, 508, 783])],)
args__________ ([set([833, 418, 904, 780, 495, 787, 501, 819, 893])],)
args__________ ([set([754, 645, 392, 330, 652, 125])],)
args__________ ([set([802, 707, 618, 811, 974, 689, 910, 855, 922, 917])],)
args__________ ([set([992, 931, 775, 937, 823, 813, 969, 713, 920, 637, 799])],)
args__________ ([set([321, 35, 838, 760, 883, 556, 731])],)
args__________ ([set([832, 582, 711, 939, 880, 785, 946, 950, 792])],)
args__________ ([set([496, 339, 388, 405, 550, 999, 140])],)
args__________ ([set([994, 895, 907, 882, 242, 918, 471, 825, 987, 959])],)
args__________ ([set([960, 577, 901, 967, 685, 976, 913, 915, 853, 985, 927])],)
args__________ ([set([921, 439, 391, 302, 17])],)
args__________ ([set([852, 965, 871, 410, 764, 733, 446])],)
args__________ ([set([816, 798, 437, 777, 778, 750])],)
args__________ ([set([691, 788, 998, 759, 584, 842, 908])],)
args__________ ([set([649, 843, 621, 719, 429])],)
args__________ ([set([963, 548, 663, 666, 631, 765])],)
args__________ ([set([402, 827, 453, 286])],)
args__________ ([set([640, 961, 485, 936, 938, 941, 815])],)
args__________ ([set([448, 422, 902, 694, 845, 943])],)
args__________ ([set([520, 679, 797, 573])],)
args__________ ([set([193, 948, 743, 872, 980, 955, 991])],)
args__________ ([set([978, 708, 697, 872, 948, 955, 991])],)
args__________ ([set([854, 892, 970, 812, 826, 990, 989])],)
args__________ ([set([930, 935, 1000, 906, 971, 968, 857, 986])],)
args__________ ([set([832, 946, 964, 950, 711, 939])],)
finish process___________________
sorted nodes by betweenness [2, 6, 7, 8, 9, 10, 14, 15, 21, 22, 28, 29, 34, 41, 45, 52, 54, 55, 56, 59, 60, 61, 63, 65, 67, 69, 72, 77, 78, 79, 81, 82, 83, 84, 85, 86, 87, 88, 89, 90, 94, 95, 97, 101, 103, 105, 106, 108, 111, 112, 113, 117, 119, 120, 123, 124, 127, 131, 133, 134, 135, 136, 137, 138, 139, 142, 143, 144, 150, 152, 156, 159, 160, 161, 162, 163, 164, 170, 171, 172, 173, 174, 175, 177, 178, 180, 183, 184, 185, 186, 187, 189, 190, 192, 194, 195, 196, 199, 200, 203, 205, 207, 209, 211, 214, 215, 216, 217, 219, 220, 221, 224, 226, 228, 229, 230, 231, 232, 233, 234, 235, 236, 237, 240, 247, 248, 249, 256, 258, 259, 262, 268, 271, 273, 274, 275, 276, 278, 281, 290, 291, 293, 295, 298, 311, 313, 314, 315, 316, 317, 318, 319, 320, 326, 328, 331, 333, 334, 337, 338, 340, 341, 343, 346, 347, 349, 351, 353, 354, 355, 358, 362, 363, 366, 369, 370, 374, 378, 379, 381, 383, 384, 385, 387, 394, 395, 398, 400, 407, 408, 409, 412, 413, 414, 416, 419, 420, 421, 424, 426, 428, 430, 431, 433, 434, 442, 443, 445, 451, 456, 457, 460, 462, 466, 467, 469, 473, 475, 476, 478, 479, 480, 482, 483, 486, 487, 488, 490, 492, 494, 497, 499, 500, 503, 504, 506, 507, 510, 512, 513, 515, 516, 518, 521, 522, 524, 526, 527, 529, 532, 536, 537, 538, 540, 541, 544, 547, 551, 552, 553, 554, 555, 557, 558, 560, 562, 567, 570, 572, 574, 576, 578, 579, 580, 581, 588, 590, 591, 592, 596, 598, 600, 602, 603, 604, 605, 606, 608, 612, 615, 617, 622, 623, 624, 628, 629, 632, 633, 642, 644, 650, 651, 655, 656, 660, 661, 664, 665, 668, 669, 671, 674, 675, 676, 680, 681, 682, 683, 684, 686, 692, 698, 699, 701, 703, 709, 710, 717, 720, 725, 726, 728, 732, 734, 736, 737, 738, 739, 745, 747, 748, 749, 752, 753, 756, 757, 758, 761, 766, 770, 771, 772, 776, 781, 782, 784, 786, 789, 791, 793, 794, 795, 801, 803, 804, 805, 806, 807, 808, 814, 820, 830, 831, 834, 835, 844, 847, 850, 851, 856, 859, 863, 864, 868, 870, 875, 876, 877, 878, 881, 884, 886, 889, 890, 894, 896, 897, 898, 899, 903, 905, 911, 914, 919, 923, 924, 925, 926, 928, 929, 932, 934, 940, 942, 944, 945, 947, 949, 953, 954, 957, 958, 962, 966, 972, 973, 979, 981, 982, 984, 988, 996]
args__________ ([[2, 899, 859, 224, 789]],)
args__________ ([[6, 930, 991]],)
args__________ ([[7, 753, 466, 757, 661, 358]],)
args__________ ([[8, 333, 273, 319, 82, 236]],)
args__________ ([[9, 142, 173, 478]],)
args__________ ([[313, 748, 10, 603, 732, 317]],)
args__________ ([[14, 753, 757, 460, 196, 547]],)
args__________ ([[15, 860, 735]],)
args__________ ([[21, 801, 362, 576, 684]],)
args__________ ([[22, 810, 595]],)
args__________ ([[28, 512, 776, 395, 660, 298, 540]],)
args__________ ([[29, 273, 319, 316, 333, 278, 215]],)
args__________ ([[34, 544, 515, 240, 346, 247, 445, 295]],)
args__________ ([[41, 682, 95]],)
args__________ ([[45, 152, 381, 69, 108, 134, 133, 78]],)
args__________ ([[52, 962, 979, 958, 889, 876]],)
args__________ ([[54, 776, 512, 562, 395, 507, 660]],)
args__________ ([[55, 669, 766, 532, 494]],)
args__________ ([[56, 1000, 968]],)
args__________ ([[59, 717, 752, 820, 830, 488, 806]],)
args__________ ([[60, 753, 661, 460, 757]],)
args__________ ([[61, 851, 684, 529, 478]],)
args__________ ([[63, 932, 803, 850, 926, 903, 680]],)
args__________ ([[65, 981, 886, 925, 665, 291]],)
args__________ ([[67, 745, 875, 973, 320, 414]],)
args__________ ([[45, 152, 381, 69, 108, 134, 133, 78]],)
args__________ ([[72, 984, 923]],)
args__________ ([[77, 544, 515, 240, 346, 445, 229]],)
args__________ ([[45, 152, 381, 69, 108, 134, 133, 78]],)
args__________ ([[79, 578, 876, 944, 979, 958, 889]],)
args__________ ([[81, 894, 642, 632, 878, 591]],)
args__________ ([[82, 236, 273, 316, 333, 278, 319]],)
finish single seed process___________________
sorted nodes by betweenness [83, 85, 87, 89, 90, 94, 101, 111, 123, 127, 135, 136, 138, 143, 144, 150, 156, 164, 170, 171, 177, 178, 180, 183, 185, 190, 195, 199, 200, 205, 211, 221, 228, 230, 233, 248, 249, 258, 262, 274, 275, 276, 281, 290, 311, 315, 331, 341, 343, 347, 351, 354, 363, 370, 374, 379, 407, 408, 409, 412, 413, 420, 421, 424, 426, 428, 431, 442, 451, 457, 462, 467, 473, 475, 480, 482, 486, 490, 492, 497, 500, 503, 504, 513, 518, 521, 537, 541, 551, 552, 555, 557, 558, 567, 580, 581, 596, 598, 600, 604, 605, 606, 612, 617, 624, 628, 633, 651, 656, 664, 668, 671, 676, 681, 692, 699, 701, 703, 720, 726, 728, 734, 736, 747, 749, 756, 758, 761, 770, 772, 781, 784, 786, 793, 794, 795, 804, 805, 807, 808, 814, 831, 834, 844, 847, 863, 864, 870, 884, 890, 896, 897, 898, 905, 911, 914, 924, 928, 929, 934, 940, 942, 945, 947, 953, 954, 957, 966, 972, 982, 988, 996]
args__________ ([[83, 347, 451, 258, 442]],)
args__________ ([[85, 228, 185, 170, 274, 183]],)
args__________ ([[87, 513, 451, 541, 249, 171]],)
args__________ ([[956, 989, 89]],)
args__________ ([[90, 518, 617, 720, 756, 749, 492]],)
args__________ ([[2, 94]],)
args__________ ([[101, 675, 868]],)
args__________ ([[111, 934, 924, 945, 982, 884, 668]],)
args__________ ([[123, 604, 772, 758, 945, 884, 924, 934, 982]],)
args__________ ([[127, 720, 761, 617, 756, 424, 749]],)
args__________ ([[135, 612, 681, 651, 248, 475]],)
args__________ ([[136, 513, 451, 347, 442]],)
args__________ ([[76, 549, 138]],)
args__________ ([[598, 934, 982, 945, 884, 143, 924, 772]],)
args__________ ([[144, 995, 975]],)
args__________ ([[150, 774, 873, 885, 769, 533]],)
args__________ ([[156, 995, 993]],)
args__________ ([[164, 621, 719]],)
args__________ ([[85, 228, 185, 170, 274, 183]],)
args__________ ([[87, 513, 451, 541, 249, 171]],)
args__________ ([[148, 822, 177]],)
args__________ ([[178, 992, 969, 920, 937, 931, 727]],)
args__________ ([[180, 720, 518, 424, 617, 761, 756, 557, 749]],)
args__________ ([[85, 228, 185, 170, 274, 183]],)
args__________ ([[85, 228, 185, 170, 274, 183]],)
args__________ ([[736, 929, 972, 954, 190, 896]],)
args__________ ([[996, 972, 195, 928, 954, 793, 844]],)
args__________ ([[199, 935, 971]],)
args__________ ([[200, 993, 995]],)
args__________ ([[205, 806, 856]],)
args__________ ([[736, 929, 972, 954, 928, 795, 211, 896, 947]],)
args__________ ([[136, 513, 221, 347, 442]],)
finish single seed process___________________
sorted nodes by betweenness [230, 233, 262, 275, 276, 290, 311, 315, 351, 354, 363, 379, 409, 421, 431, 457, 462, 467, 480, 482, 486, 490, 503, 504, 521, 537, 551, 552, 555, 581, 600, 605, 606, 624, 628, 633, 656, 671, 676, 692, 699, 701, 703, 726, 734, 784, 786, 794, 804, 805, 807, 814, 831, 834, 847, 863, 864, 870, 890, 897, 898, 905, 911, 940, 942, 953, 957, 966, 988]
args__________ ([[230, 992, 969]],)
args__________ ([[170, 274, 233]],)
args__________ ([[262, 849, 900]],)
args__________ ([[185, 881, 275]],)
args__________ ([[276, 993, 995]],)
args__________ ([[290, 900, 862]],)
args__________ ([[153, 965, 311]],)
args__________ ([[315, 998, 932]],)
args__________ ([[351, 900, 849]],)
args__________ ([[354, 480, 421, 551, 379, 521, 537, 363, 462]],)
args__________ ([[354, 480, 421, 551, 379, 521, 537, 363, 462]],)
args__________ ([[354, 480, 421, 551, 379, 521, 537, 363, 462]],)
args__________ ([[900, 967, 976, 409]],)
args__________ ([[354, 480, 421, 551, 379, 521, 537, 363, 462]],)
args__________ ([[431, 960, 985]],)
args__________ ([[202, 900, 457]],)
args__________ ([[354, 480, 421, 551, 379, 521, 537, 363, 462]],)
args__________ ([[467, 998, 993]],)
args__________ ([[354, 480, 421, 551, 379, 521, 537, 363, 462]],)
args__________ ([[792, 939, 482]],)
args__________ ([[486, 994, 987]],)
args__________ ([[299, 773, 490]],)
args__________ ([[503, 689, 964, 974]],)
args__________ ([[297, 504, 948]],)
args__________ ([[354, 480, 421, 551, 379, 521, 537, 363, 462]],)
args__________ ([[354, 480, 421, 551, 379, 521, 537, 363, 462]],)
args__________ ([[354, 480, 421, 551, 379, 521, 537, 363, 462]],)
args__________ ([[552, 998, 714]],)
args__________ ([[555, 771, 949]],)
args__________ ([[34, 945, 581]],)
args__________ ([[600, 995, 993, 975]],)
args__________ ([[605, 891, 998, 751]],)
finish single seed process___________________
sorted nodes by betweenness [606, 624, 628, 633, 656, 671, 676, 692, 699, 701, 703, 726, 734, 784, 786, 794, 804, 805, 807, 814, 831, 834, 847, 863, 864, 870, 890, 897, 898, 905, 911, 940, 942, 953, 957, 966, 988]
args__________ ([[54, 776, 606]],)
args__________ ([[624, 993, 995, 975]],)
args__________ ([[392, 628, 559]],)
args__________ ([[359, 633, 931]],)
args__________ ([[656, 968, 971, 935]],)
args__________ ([[671, 993, 995, 975]],)
args__________ ([[676, 976, 696, 985]],)
args__________ ([[692, 779, 788, 908]],)
args__________ ([[699, 752, 820, 830]],)
args__________ ([[304, 701, 411, 621]],)
args__________ ([[603, 748, 703, 732]],)
args__________ ([[782, 958, 784, 726]],)
args__________ ([[417, 998, 734, 891]],)
args__________ ([[627, 635, 743, 784]],)
args__________ ([[717, 806, 856, 786]],)
args__________ ([[302, 439, 391, 794]],)
args__________ ([[417, 998, 804, 842]],)
args__________ ([[805, 968, 930, 971, 935]],)
args__________ ([[120, 771, 807, 949]],)
args__________ ([[608, 979, 814, 876]],)
args__________ ([[539, 822, 767, 763, 831]],)
args__________ ([[834, 993, 995, 933, 975]],)
args__________ ([[617, 720, 756, 847, 749]],)
args__________ ([[470, 631, 666, 765, 863]],)
args__________ ([[662, 849, 900, 837, 864]],)
args__________ ([[588, 757, 753, 870]],)
args__________ ([[410, 852, 965, 871, 890]],)
args__________ ([[837, 900, 849, 862, 897]],)
args__________ ([[855, 974, 922, 917, 898]],)
args__________ ([[825, 959, 918, 987, 905]],)
args__________ ([[853, 911, 976, 915, 985, 865]],)
args__________ ([[740, 976, 913, 985, 927, 940]],)
finish single seed process___________________
sorted nodes by betweenness [942, 953, 957, 966, 988]
args__________ ([[517, 679, 573, 520, 942]],)
args__________ ([[127, 720, 761, 617, 756, 953]],)
args__________ ([[557, 761, 749, 756, 957, 720]],)
args__________ ([[589, 722, 956, 970, 989, 966]],)
args__________ ([[432, 869, 848, 828, 821, 858, 988]],)
finish single seed process___________________
i =  0 [198, 368, 539, 741, 742, 74, 191, 208, 593, 147, 148, 822, 763, 509, 254, 767]
i =  1 [643, 902, 654, 912, 20, 23, 153, 47, 672, 673, 677, 422, 168, 44, 943, 49, 693, 694, 952, 700, 448, 449, 325, 845, 723, 599, 800, 246, 376]
i =  2 [129, 869, 452, 165, 38, 201, 176, 848, 432, 464, 821, 425, 824, 179, 667, 828, 858, 639]
i =  3 [390, 397, 910, 16, 657, 917, 922, 802, 811, 689, 309, 702, 707, 974, 212, 855, 474, 744, 618, 625, 887, 252]
i =  4 [769, 459, 630, 774, 40, 873, 715, 300, 620, 399, 401, 885, 534, 695, 396, 636, 30, 533]
i =  5 [3, 260, 854, 861, 892, 444, 970, 812, 909, 110, 589, 977, 722, 244, 277, 310, 436, 826, 956, 989]
i =  6 [609, 322, 5, 423, 329, 204, 525, 463, 18, 724, 62, 489, 568, 729, 126]
i =  7 [768, 916, 280, 546, 933, 755, 564, 441, 571, 450, 324, 839, 840, 975, 993, 995, 997, 359, 746, 371, 245, 375]
i =  8 [33, 66, 836, 357, 454, 730, 841, 12, 141, 721, 658, 116, 122, 535, 888, 218, 829, 585]
i =  9 [1, 867, 900, 837, 646, 71, 202, 528, 849, 611, 565, 662, 24, 641, 380, 862]
i =  10 [768, 993, 546, 995, 324, 933, 839, 840, 746, 359, 450, 975, 371, 564, 245, 375, 280, 441, 755, 571]
i =  11 [128, 99, 132, 773, 294, 296, 299, 364, 335, 468, 342, 345, 569, 92, 350, 447]
i =  12 [225, 514, 197, 327, 297, 874, 98, 783, 287, 817, 146, 151, 57, 687, 508, 223]
i =  13 [704, 833, 418, 102, 904, 638, 780, 269, 718, 495, 241, 114, 787, 659, 501, 406, 819, 283, 893, 264, 415]
i =  14 [392, 100, 645, 360, 330, 267, 652, 46, 559, 465, 754, 25, 279, 104, 125, 222, 377]
i =  15 [802, 707, 390, 625, 744, 618, 811, 397, 974, 16, 657, 212, 309, 855, 917, 689, 922, 252, 474, 702, 910]
i =  16 [647, 393, 11, 19, 920, 799, 931, 937, 43, 813, 561, 969, 75, 713, 823, 594, 727, 992, 775, 634, 637, 382, 511]
i =  17 [32, 321, 35, 484, 70, 838, 519, 332, 427, 556, 678, 80, 27, 307, 308, 48, 760, 505, 883, 731]
i =  18 [832, 352, 305, 582, 583, 939, 365, 711, 880, 145, 946, 950, 792, 785, 285, 670, 344]
i =  19 [96, 388, 261, 550, 999, 107, 140, 496, 339, 405, 157]
i =  20 [481, 994, 227, 292, 882, 265, 907, 13, 895, 242, 435, 155, 918, 471, 472, 825, 58, 987, 93, 959]
i =  21 [901, 685, 272, 913, 915, 790, 389, 301, 440, 927, 960, 577, 706, 967, 587, 976, 696, 853, 985, 865, 740, 239, 502]
i =  22 [39, 42, 391, 302, 17, 51, 439, 921]
i =  23 [130, 965, 455, 712, 762, 871, 866, 653, 530, 367, 852, 154, 951, 312, 575, 410, 251, 764, 733, 446, 543]
i =  24 [750, 37, 181, 243, 860, 777, 778, 619, 109, 270, 879, 816, 563, 626, 595, 437, 566, 348, 810, 798, 735]
i =  25 [648, 779, 908, 403, 788, 26, 158, 417, 36, 169, 303, 691, 182, 842, 584, 73, 714, 206, 601, 998, 238, 751, 759, 891, 255]
i =  26 [323, 549, 649, 458, 843, 76, 621, 719, 304, 498, 597, 429, 411, 477, 31]
i =  27 [288, 545, 963, 548, 523, 253, 531, 372, 470, 663, 631, 666, 765]
i =  28 [64, 257, 68, 453, 167, 266, 402, 53, 827, 286]
i =  29 [640, 386, 263, 306, 282, 284, 542, 936, 809, 938, 941, 815, 688, 50, 961, 586, 983, 607, 610, 485, 614, 616, 491, 493, 118, 690, 121, 250, 818, 796]
i =  30 [643, 902, 654, 912, 20, 23, 153, 47, 800, 673, 677, 422, 168, 44, 943, 49, 693, 694, 952, 700, 448, 449, 325, 845, 723, 599, 246, 376]
i =  31 [289, 4, 517, 679, 520, 797, 336, 149, 438, 91, 573]
i =  32 [193, 635, 356, 166, 743, 872, 361, 404, 461, 627, 948, 697, 708, 955, 980, 991]
i =  33 [193, 635, 708, 166, 743, 872, 361, 461, 356, 978, 627, 948, 697, 404, 955, 991]
i =  34 [3, 260, 310, 861, 892, 970, 812, 589, 110, 909, 722, 436, 277, 854, 244, 826, 444, 956, 989, 990]
i =  35 [705, 930, 613, 935, 1000, 906, 971, 716, 846, 968, 210, 115, 213, 857, 986, 188, 373]
i =  36 [832, 352, 305, 964, 582, 583, 939, 365, 711, 880, 145, 946, 950, 792, 785, 285, 670, 344]
i =  37 [224, 2, 899, 456, 394, 139, 194, 366, 237, 334, 789, 217, 859, 590, 622, 629]
i =  38 [257, 6, 266, 402, 404, 708, 286, 930, 166, 167, 948, 30, 697, 955, 53, 64, 193, 68, 453, 461, 991, 356, 743, 872, 361, 627, 635]
i =  39 [416, 547, 196, 358, 7, 588, 460, 14, 753, 466, 661, 378, 219, 60, 757]
i =  40 [8, 236, 333, 273, 82, 278, 215, 316, 29, 319]
i =  41 [137, 142, 529, 532, 21, 536, 669, 801, 684, 173, 560, 55, 61, 576, 851, 478, 9, 615, 106, 231, 494, 362, 766]
i =  42 [369, 124, 10, 748, 337, 214, 186, 313, 538, 603, 732, 317, 234, 383]
i =  43 [416, 547, 196, 358, 7, 588, 460, 14, 753, 466, 757, 378, 219, 60, 661]
i =  44 [777, 778, 270, 15, 798, 37, 860, 810, 816, 563, 181, 566, 437, 595, 348, 735, 619, 109, 750, 879, 626, 243]
i =  45 [137, 142, 529, 532, 21, 536, 669, 801, 684, 173, 560, 55, 61, 576, 851, 478, 9, 615, 106, 231, 494, 362, 766]
i =  46 [777, 778, 270, 22, 798, 37, 348, 810, 816, 563, 181, 566, 437, 595, 860, 735, 619, 109, 750, 879, 626, 243]
i =  47 [512, 353, 86, 776, 540, 298, 395, 562, 660, 54, 119, 507, 28]
i =  48 [8, 236, 333, 273, 82, 278, 215, 316, 29, 319]
i =  49 [544, 112, 34, 515, 229, 295, 77, 240, 247, 346, 445]
i =  50 [384, 161, 738, 771, 293, 710, 41, 682, 235, 524, 527, 949, 120, 189, 95]
i =  51 [69, 134, 108, 45, 78, 152, 381, 133]
i =  52 [256, 608, 962, 483, 487, 419, 876, 578, 782, 79, 944, 979, 340, 398, 919, 184, 889, 570, 499, 958, 52]
i =  53 [512, 353, 86, 776, 540, 298, 395, 562, 660, 54, 119, 507, 28]
i =  54 [137, 142, 529, 532, 21, 536, 669, 801, 684, 173, 560, 55, 61, 576, 851, 478, 9, 615, 106, 231, 494, 362, 766]
i =  55 [65, 162, 291, 326, 103, 1000, 105, 117, 925, 15, 968, 220, 373, 886, 56, 665, 175, 572, 349, 88, 981]
i =  56 [192, 97, 259, 806, 488, 623, 554, 268, 717, 207, 752, 820, 574, 856, 59, 830]
i =  57 [416, 547, 196, 358, 7, 588, 460, 14, 753, 466, 757, 378, 219, 60, 661]
i =  58 [137, 142, 529, 532, 21, 536, 669, 801, 684, 173, 560, 55, 61, 576, 851, 478, 9, 615, 106, 231, 494, 362, 766]
i =  59 [355, 932, 903, 680, 650, 172, 338, 174, 209, 850, 163, 113, 479, 803, 314, 644, 506, 926, 63]
i =  60 [65, 162, 291, 326, 103, 105, 349, 572, 175, 117, 886, 665, 220, 925, 981]
i =  61 [320, 67, 725, 553, 683, 973, 686, 271, 433, 434, 579, 430, 745, 875, 526, 187, 414, 159]
i =  62 [69, 134, 108, 45, 78, 152, 381, 133]
i =  63 [516, 522, 655, 791, 923, 160, 675, 72, 698, 318, 835, 328, 203, 592, 469, 984, 737, 226, 739, 868, 877, 881, 510]
i =  64 [544, 112, 34, 515, 229, 295, 77, 240, 247, 346, 445]
i =  65 [69, 134, 108, 45, 78, 152, 381, 133]
i =  66 [256, 608, 578, 483, 487, 419, 876, 962, 782, 79, 944, 979, 340, 398, 919, 184, 889, 570, 499, 958, 52]
i =  67 [385, 642, 387, 709, 232, 632, 674, 878, 591, 400, 81, 131, 84, 216, 602, 443, 476, 894]
i =  68 [8, 236, 333, 273, 82, 278, 215, 316, 29, 319]
i =  69 [513, 258, 451, 136, 171, 221, 83, 87, 249, 442, 347, 541]
i =  70 [228, 170, 274, 85, 183, 185]
i =  71 [513, 258, 451, 136, 171, 221, 83, 87, 249, 442, 347, 541]
i =  72 [3, 260, 310, 861, 892, 444, 970, 826, 812, 909, 110, 589, 722, 436, 277, 854, 89, 244, 956, 989]
i =  73 [518, 424, 617, 492, 749, 557, 720, 180, 761, 756, 90, 127]
i =  74 [224, 2, 899, 456, 394, 139, 194, 366, 237, 334, 629, 217, 859, 590, 622, 94, 789]
i =  75 [516, 522, 655, 791, 923, 160, 675, 698, 318, 835, 328, 203, 592, 469, 984, 737, 226, 739, 868, 101, 877, 881, 500, 510]
i =  76 [770, 772, 982, 143, 924, 413, 420, 934, 668, 428, 558, 945, 580, 598, 604, 747, 111, 497, 370, 884, 758, 123]
i =  77 [770, 772, 982, 143, 924, 413, 420, 934, 668, 428, 558, 945, 580, 598, 604, 747, 111, 497, 370, 884, 758, 123]
i =  78 [518, 424, 617, 492, 749, 557, 720, 180, 756, 761, 90, 127]
i =  79 [612, 135, 681, 651, 408, 374, 407, 248, 475, 412]
i =  80 [513, 258, 451, 136, 171, 221, 83, 87, 249, 442, 347, 541]
i =  81 [323, 549, 649, 458, 76, 429, 719, 304, 498, 597, 477, 411, 621, 138, 31]
i =  82 [770, 772, 982, 143, 924, 413, 420, 934, 668, 428, 558, 945, 580, 598, 604, 747, 111, 497, 370, 884, 758, 123]
i =  83 [768, 144, 280, 546, 933, 371, 564, 441, 571, 450, 324, 839, 840, 975, 88, 993, 995, 359, 746, 755, 245, 375]
i =  84 [769, 459, 534, 774, 40, 873, 715, 300, 620, 399, 401, 150, 885, 630, 695, 396, 636, 30, 533]
i =  85 [768, 280, 156, 546, 933, 840, 371, 564, 441, 571, 450, 324, 839, 200, 975, 993, 995, 359, 746, 755, 245, 375]
i =  86 [323, 164, 549, 649, 458, 76, 429, 621, 304, 498, 597, 719, 411, 477, 31]
i =  87 [228, 170, 274, 85, 183, 185]
i =  88 [513, 258, 451, 136, 171, 221, 83, 87, 249, 442, 347, 541]
i =  89 [208, 539, 741, 198, 593, 74, 742, 368, 177, 147, 148, 822, 763, 767, 509, 254, 191]
i =  90 [647, 393, 11, 19, 920, 799, 931, 937, 43, 813, 561, 178, 713, 75, 969, 823, 594, 727, 992, 775, 634, 637, 382, 511]
i =  91 [518, 424, 617, 492, 557, 749, 720, 180, 756, 761, 90, 127]
i =  92 [228, 170, 274, 85, 183, 185]
i =  93 [228, 170, 274, 85, 183, 185]
i =  94 [896, 781, 914, 793, 664, 281, 795, 928, 929, 808, 426, 947, 567, 954, 190, 195, 972, 331, 844, 211, 596, 341, 343, 728, 473, 736, 996]
i =  95 [896, 781, 914, 281, 664, 793, 795, 928, 929, 808, 426, 947, 567, 954, 190, 195, 972, 331, 844, 211, 596, 341, 343, 728, 473, 736, 996]
i =  96 [705, 930, 613, 935, 968, 906, 971, 716, 846, 115, 213, 857, 188, 199]
i =  97 [768, 280, 156, 546, 933, 840, 371, 564, 441, 571, 450, 324, 839, 200, 975, 993, 995, 359, 746, 755, 245, 375]
i =  98 [192, 97, 259, 806, 488, 623, 554, 268, 717, 207, 752, 205, 820, 830, 856, 59, 574]
i =  99 [896, 781, 914, 793, 664, 281, 795, 928, 929, 808, 426, 947, 567, 954, 190, 195, 972, 331, 844, 211, 596, 341, 343, 728, 473, 736, 996]
i =  100 [513, 258, 451, 136, 171, 541, 83, 87, 249, 442, 347, 221]
i =  101 [647, 393, 11, 19, 920, 799, 931, 937, 43, 813, 561, 178, 713, 75, 969, 823, 594, 727, 992, 230, 775, 634, 637, 382, 511]
i =  102 [228, 233, 170, 274, 85, 183, 185]
i =  103 [641, 611, 900, 646, 262, 71, 202, 565, 528, 849, 1, 662, 24, 380, 862, 837]
i =  104 [516, 522, 655, 274, 275, 791, 923, 160, 675, 170, 183, 185, 698, 318, 835, 328, 203, 592, 85, 984, 868, 737, 226, 739, 228, 233, 877, 881, 510, 469]
i =  105 [768, 276, 280, 156, 546, 933, 840, 371, 564, 441, 571, 450, 324, 839, 200, 975, 993, 995, 359, 746, 755, 245, 375]
i =  106 [1, 290, 611, 900, 837, 646, 71, 202, 528, 849, 565, 662, 24, 641, 380, 862]
i =  107 [130, 653, 530, 153, 154, 410, 543, 303, 951, 312, 446, 575, 965, 455, 712, 311, 852, 733, 866, 871, 367, 762, 251, 764]
i =  108 [644, 903, 648, 650, 779, 908, 403, 788, 26, 158, 417, 803, 932, 680, 169, 7, 172, 174, 303, 691, 926, 182, 314, 315, 36, 842, 63, 584, 73, 714, 205, 206, 209, 338, 163, 601, 479, 355, 998, 850, 238, 751, 113, 759, 506, 891, 255]
i =  109 [1, 611, 900, 837, 646, 71, 202, 528, 849, 565, 662, 24, 641, 380, 862, 351]
i =  110 [480, 354, 421, 551, 521, 363, 462, 537, 379]
i =  111 [480, 354, 421, 551, 521, 363, 462, 537, 379]
i =  112 [480, 354, 421, 551, 521, 363, 462, 537, 379]
i =  113 [900, 389, 301, 272, 913, 915, 790, 409, 927, 685, 440, 960, 577, 706, 967, 587, 976, 696, 853, 985, 865, 740, 239, 502, 901]
i =  114 [480, 354, 421, 551, 521, 363, 462, 537, 379]
i =  115 [901, 685, 272, 913, 915, 790, 927, 389, 301, 431, 440, 960, 577, 706, 967, 587, 976, 696, 853, 985, 865, 740, 239, 502]
i =  116 [641, 611, 900, 837, 646, 71, 457, 202, 528, 849, 1, 662, 24, 380, 862, 565]
i =  117 [480, 354, 421, 551, 521, 363, 462, 537, 379]
i =  118 [768, 7, 648, 779, 908, 403, 788, 755, 280, 26, 158, 417, 546, 36, 933, 169, 303, 840, 691, 564, 182, 441, 571, 842, 450, 324, 839, 584, 73, 714, 375, 206, 975, 467, 601, 993, 995, 998, 359, 746, 238, 751, 371, 245, 759, 891, 255]
i =  119 [480, 354, 421, 551, 521, 363, 462, 537, 379]
i =  120 [352, 832, 482, 582, 583, 939, 365, 711, 880, 145, 946, 950, 792, 305, 785, 285, 670, 344]
i =  121 [481, 994, 227, 292, 959, 486, 265, 907, 13, 242, 882, 435, 155, 918, 471, 472, 825, 58, 987, 93, 895]
i =  122 [128, 99, 132, 773, 294, 296, 490, 299, 364, 335, 468, 342, 345, 569, 92, 350, 447]
i =  123 [390, 397, 910, 16, 657, 917, 922, 802, 811, 689, 309, 702, 707, 964, 974, 212, 855, 474, 744, 618, 625, 503, 252]
i =  124 [23, 12, 141, 658, 404, 535, 409, 218, 33, 166, 297, 47, 888, 948, 585, 697, 955, 829, 193, 66, 836, 454, 841, 461, 721, 89, 730, 122, 356, 357, 743, 872, 361, 627, 116, 504, 708, 635]
i =  125 [480, 354, 421, 551, 521, 363, 462, 537, 379]
i =  126 [480, 354, 421, 551, 521, 363, 462, 537, 379]
i =  127 [480, 354, 421, 551, 521, 363, 462, 537, 379]
i =  128 [648, 779, 908, 403, 788, 26, 158, 417, 36, 552, 169, 303, 691, 182, 842, 584, 73, 714, 206, 601, 998, 238, 751, 759, 891, 255]
i =  129 [384, 161, 738, 771, 293, 710, 682, 555, 524, 527, 949, 235, 120, 189, 95]
i =  130 [770, 772, 982, 391, 143, 17, 558, 668, 413, 34, 420, 934, 39, 924, 42, 428, 302, 945, 51, 439, 580, 581, 598, 604, 747, 111, 497, 370, 884, 758, 123]
i =  131 [768, 993, 450, 995, 324, 933, 839, 840, 746, 359, 546, 975, 280, 755, 564, 245, 375, 600, 441, 571, 371]
i =  132 [648, 779, 908, 403, 788, 26, 158, 417, 36, 169, 303, 691, 182, 842, 584, 73, 714, 206, 601, 605, 998, 238, 751, 759, 891, 255]
i =  133 [512, 353, 86, 776, 540, 298, 395, 562, 660, 54, 119, 507, 28, 606]
i =  134 [768, 993, 450, 995, 324, 933, 839, 840, 746, 359, 546, 975, 624, 755, 564, 245, 375, 280, 441, 571, 371]
i =  135 [360, 100, 645, 392, 330, 267, 652, 46, 559, 465, 754, 628, 222, 279, 25, 125, 104, 377]
i =  136 [647, 393, 11, 19, 920, 799, 931, 937, 43, 813, 561, 178, 713, 75, 969, 823, 594, 727, 992, 359, 775, 633, 634, 637, 382, 511]
i =  137 [705, 930, 613, 935, 968, 906, 971, 716, 846, 656, 115, 213, 857]
i =  138 [768, 993, 450, 995, 324, 933, 359, 840, 746, 839, 546, 975, 755, 564, 245, 375, 280, 441, 571, 371, 671]
i =  139 [389, 301, 272, 913, 915, 790, 901, 927, 676, 685, 440, 960, 577, 706, 967, 587, 976, 696, 853, 985, 865, 740, 239, 502]
i =  140 [648, 779, 908, 403, 788, 26, 158, 417, 36, 169, 303, 691, 692, 182, 842, 584, 73, 714, 206, 601, 998, 238, 751, 759, 891, 255]
i =  141 [192, 97, 259, 806, 488, 623, 554, 268, 717, 207, 752, 59, 820, 574, 856, 699, 830]
i =  142 [323, 549, 649, 458, 76, 621, 429, 304, 498, 597, 477, 411, 701, 719, 31]
i =  143 [538, 369, 124, 10, 748, 337, 383, 214, 313, 186, 603, 732, 317, 234, 703]
i =  144 [256, 962, 782, 784, 919, 419, 944, 52, 184, 570, 958, 578, 79, 979, 340, 398, 726, 608, 483, 487, 876, 499, 889]
i =  145 [648, 779, 908, 403, 788, 26, 158, 417, 36, 169, 303, 691, 182, 842, 584, 73, 714, 206, 601, 734, 998, 238, 751, 759, 891, 255]
i =  146 [193, 955, 356, 708, 166, 743, 872, 361, 461, 784, 627, 948, 697, 404, 635]
i =  147 [192, 97, 259, 806, 488, 623, 554, 268, 717, 207, 752, 786, 820, 830, 856, 59, 574]
i =  148 [39, 42, 391, 302, 17, 51, 439, 794]
i =  149 [648, 779, 908, 403, 788, 26, 158, 417, 804, 169, 303, 691, 182, 714, 36, 584, 73, 842, 206, 601, 998, 238, 751, 759, 891, 255]
i =  150 [705, 930, 805, 935, 968, 906, 971, 716, 846, 115, 213, 857, 613]
i =  151 [384, 161, 738, 771, 293, 710, 807, 682, 235, 524, 527, 949, 120, 189, 95]
i =  152 [256, 962, 782, 919, 419, 814, 944, 52, 184, 570, 958, 578, 79, 979, 340, 398, 608, 483, 487, 876, 499, 889]
i =  153 [368, 763, 741, 198, 593, 74, 191, 208, 742, 147, 148, 822, 539, 767, 509, 254, 831]
i =  154 [768, 993, 834, 995, 324, 933, 359, 840, 746, 839, 546, 975, 450, 371, 564, 245, 375, 280, 441, 755, 571]
i =  155 [518, 424, 617, 492, 749, 847, 720, 180, 761, 756, 90, 557, 127]
i =  156 [288, 545, 548, 523, 765, 531, 372, 470, 663, 631, 666, 253, 863]
i =  157 [864, 641, 611, 900, 837, 646, 1, 202, 71, 528, 849, 565, 662, 24, 380, 862]
i =  158 [416, 547, 196, 358, 870, 7, 460, 588, 14, 753, 466, 757, 378, 219, 60, 661]
i =  159 [130, 653, 530, 410, 154, 543, 951, 312, 446, 575, 965, 455, 712, 852, 733, 866, 871, 890, 367, 762, 251, 764]
i =  160 [897, 611, 900, 837, 646, 71, 202, 528, 849, 1, 662, 24, 641, 380, 862, 565]
i =  161 [898, 390, 397, 910, 16, 657, 917, 922, 802, 811, 689, 309, 702, 707, 974, 212, 855, 474, 744, 618, 625, 252]
i =  162 [481, 994, 227, 292, 905, 907, 13, 93, 895, 242, 435, 155, 918, 471, 472, 825, 58, 987, 265, 882, 959]
i =  163 [389, 301, 272, 913, 915, 790, 901, 927, 685, 440, 960, 577, 706, 967, 587, 976, 696, 853, 985, 911, 865, 740, 239, 502]
i =  164 [389, 685, 272, 913, 915, 790, 901, 927, 940, 301, 440, 960, 577, 706, 967, 587, 976, 696, 853, 985, 865, 740, 239, 502]
i =  165 [289, 4, 517, 679, 520, 942, 336, 149, 438, 91, 573]
i =  166 [518, 424, 617, 492, 557, 749, 720, 180, 756, 761, 953, 90, 127]
i =  167 [518, 424, 617, 492, 557, 749, 720, 180, 756, 761, 90, 957, 127]
i =  168 [3, 260, 854, 966, 892, 444, 970, 812, 589, 110, 909, 722, 244, 277, 310, 436, 826, 956, 989, 861]
i =  169 [129, 452, 869, 38, 639, 201, 176, 988, 848, 432, 464, 821, 425, 824, 179, 667, 828, 858, 165]
finish get all communities
complete deal_communities
commplete get_all_nature_community
----------------------------------The detection result is: 

all communities: 
i =  1 : [20, 23, 44, 47, 49, 153, 168, 246, 325, 376, 422, 448, 449, 599, 643, 654, 672, 673, 677, 693, 694, 700, 723, 800, 845, 902, 912, 943, 952]
i =  2 : [5, 18, 62, 126, 204, 322, 329, 423, 463, 489, 525, 568, 609, 724, 729]
i =  3 : [57, 98, 146, 151, 197, 223, 225, 287, 297, 327, 508, 514, 687, 783, 817, 874]
i =  4 : [102, 114, 241, 264, 269, 283, 406, 415, 418, 495, 501, 638, 659, 704, 718, 780, 787, 819, 833, 893, 904]
i =  5 : [27, 32, 35, 48, 70, 80, 307, 308, 321, 332, 427, 484, 505, 519, 556, 678, 731, 760, 838, 883]
i =  6 : [96, 107, 140, 157, 261, 339, 388, 405, 496, 550, 999]
i =  7 : [53, 64, 68, 167, 257, 266, 286, 402, 453, 827]
i =  8 : [50, 118, 121, 250, 263, 282, 284, 306, 386, 485, 491, 493, 542, 586, 607, 610, 614, 616, 640, 688, 690, 796, 809, 815, 818, 936, 938, 941, 961, 983]
i =  9 : [6, 30, 53, 64, 68, 166, 167, 193, 257, 266, 286, 356, 361, 402, 404, 453, 461, 627, 635, 697, 708, 743, 872, 930, 948, 955, 991]
i =  10 : [8, 29, 82, 215, 236, 273, 278, 316, 319, 333]
i =  11 : [9, 21, 55, 61, 106, 137, 142, 173, 231, 362, 478, 494, 529, 532, 536, 560, 576, 615, 669, 684, 766, 801, 851]
i =  12 : [34, 77, 112, 229, 240, 247, 295, 346, 445, 515, 544]
i =  13 : [45, 69, 78, 108, 133, 134, 152, 381]
i =  14 : [15, 56, 65, 88, 103, 105, 117, 162, 175, 220, 291, 326, 349, 373, 572, 665, 886, 925, 968, 981, 1000]
i =  15 : [67, 159, 187, 271, 320, 414, 430, 433, 434, 526, 553, 579, 683, 686, 725, 745, 875, 973]
i =  16 : [81, 84, 131, 216, 232, 385, 387, 400, 443, 476, 591, 602, 632, 642, 674, 709, 878, 894]
i =  17 : [83, 87, 136, 171, 221, 249, 258, 347, 442, 451, 513, 541]
i =  18 : [2, 94, 139, 194, 217, 224, 237, 334, 366, 394, 456, 590, 622, 629, 789, 859, 899]
i =  19 : [135, 248, 374, 407, 408, 412, 475, 612, 651, 681]
i =  20 : [30, 40, 150, 300, 396, 399, 401, 459, 533, 534, 620, 630, 636, 695, 715, 769, 774, 873, 885]
i =  21 : [190, 195, 211, 281, 331, 341, 343, 426, 473, 567, 596, 664, 728, 736, 781, 793, 795, 808, 844, 896, 914, 928, 929, 947, 954, 972, 996]
i =  22 : [7, 26, 36, 63, 73, 113, 158, 163, 169, 172, 174, 182, 205, 206, 209, 238, 255, 303, 314, 315, 338, 355, 403, 417, 479, 506, 584, 601, 644, 648, 650, 680, 691, 714, 751, 759, 779, 788, 803, 842, 850, 891, 903, 908, 926, 932, 998]
i =  23 : [354, 363, 379, 421, 462, 480, 521, 537, 551]
i =  24 : [7, 26, 36, 73, 158, 169, 182, 206, 238, 245, 255, 280, 303, 324, 359, 371, 375, 403, 417, 441, 450, 467, 546, 564, 571, 584, 601, 648, 691, 714, 746, 751, 755, 759, 768, 779, 788, 839, 840, 842, 891, 908, 933, 975, 993, 995, 998]
i =  25 : [92, 99, 128, 132, 294, 296, 299, 335, 342, 345, 350, 364, 447, 468, 490, 569, 773]
i =  26 : [12, 23, 33, 47, 66, 89, 116, 122, 141, 166, 193, 218, 297, 356, 357, 361, 404, 409, 454, 461, 504, 535, 585, 627, 635, 658, 697, 708, 721, 730, 743, 829, 836, 841, 872, 888, 948, 955]
i =  27 : [17, 34, 39, 42, 51, 111, 123, 143, 302, 370, 391, 413, 420, 428, 439, 497, 558, 580, 581, 598, 604, 668, 747, 758, 770, 772, 884, 924, 934, 945, 982]
i =  28 : [28, 54, 86, 119, 298, 353, 395, 507, 512, 540, 562, 606, 660, 776]
i =  29 : [25, 46, 100, 104, 125, 222, 267, 279, 330, 360, 377, 392, 465, 559, 628, 645, 652, 754]
i =  30 : [10, 124, 186, 214, 234, 313, 317, 337, 369, 383, 538, 603, 703, 732, 748]
i =  31 : [7, 14, 60, 196, 219, 358, 378, 416, 460, 466, 547, 588, 661, 753, 757, 870]
i =  32 : [38, 129, 165, 176, 179, 201, 425, 432, 452, 464, 639, 667, 821, 824, 828, 848, 858, 869, 988]
i =  33 : [17, 39, 42, 51, 302, 391, 439, 794, 921]
i =  34 : [253, 288, 372, 470, 523, 531, 545, 548, 631, 663, 666, 765, 863, 963]
i =  35 : [4, 91, 149, 289, 336, 438, 517, 520, 573, 679, 797, 942]
i =  36 : [145, 285, 305, 344, 352, 365, 482, 582, 583, 670, 711, 785, 792, 832, 880, 939, 946, 950, 964]
i =  37 : [15, 22, 37, 109, 181, 243, 270, 348, 437, 563, 566, 595, 619, 626, 735, 750, 777, 778, 798, 810, 816, 860, 879]
i =  38 : [74, 147, 148, 177, 191, 198, 208, 254, 368, 509, 539, 593, 741, 742, 763, 767, 822, 831]
i =  39 : [11, 19, 43, 75, 178, 230, 359, 382, 393, 511, 561, 594, 633, 634, 637, 647, 713, 727, 775, 799, 813, 823, 920, 931, 937, 969, 992]
i =  40 : [130, 153, 154, 251, 303, 311, 312, 367, 410, 446, 455, 530, 543, 575, 653, 712, 733, 762, 764, 852, 866, 871, 890, 951, 965]
i =  41 : [13, 58, 93, 155, 227, 242, 265, 292, 435, 471, 472, 481, 486, 825, 882, 895, 905, 907, 918, 959, 987, 994]
i =  42 : [52, 79, 184, 256, 340, 398, 419, 483, 487, 499, 570, 578, 608, 726, 782, 784, 814, 876, 889, 919, 944, 958, 962, 979]
i =  43 : [16, 212, 252, 309, 390, 397, 474, 503, 618, 625, 657, 689, 702, 707, 744, 802, 811, 855, 887, 898, 910, 917, 922, 964, 974]
i =  44 : [166, 193, 356, 361, 404, 461, 627, 635, 697, 708, 743, 784, 872, 948, 955, 978, 980, 991]
i =  45 : [41, 95, 120, 161, 189, 235, 293, 384, 524, 527, 555, 682, 710, 738, 771, 807, 949]
i =  46 : [72, 85, 101, 160, 170, 183, 185, 203, 226, 228, 233, 274, 275, 318, 328, 469, 500, 510, 516, 522, 592, 655, 675, 698, 737, 739, 791, 835, 868, 877, 881, 923, 984]
i =  47 : [59, 97, 192, 205, 207, 259, 268, 488, 554, 574, 623, 699, 717, 752, 786, 806, 820, 830, 856]
i =  48 : [90, 127, 180, 424, 492, 518, 557, 617, 720, 749, 756, 761, 847, 953, 957]
i =  49 : [3, 89, 110, 244, 260, 277, 310, 436, 444, 589, 722, 812, 826, 854, 861, 892, 909, 956, 966, 970, 977, 989, 990]
i =  50 : [31, 76, 138, 164, 304, 323, 411, 429, 458, 477, 498, 549, 597, 621, 649, 701, 719, 843]
i =  51 : [115, 188, 199, 210, 213, 373, 613, 656, 705, 716, 805, 846, 857, 906, 930, 935, 968, 971, 986, 1000]
i =  52 : [239, 272, 301, 389, 409, 431, 440, 502, 577, 587, 676, 685, 696, 706, 740, 790, 853, 865, 900, 901, 911, 913, 915, 927, 940, 960, 967, 976, 985]
i =  53 : [26, 36, 73, 158, 169, 182, 206, 238, 255, 303, 403, 417, 552, 584, 601, 605, 648, 691, 692, 714, 734, 751, 759, 779, 788, 804, 842, 891, 908, 998]
i =  54 : [88, 144, 156, 200, 245, 276, 280, 324, 359, 371, 375, 441, 450, 546, 564, 571, 600, 624, 671, 746, 755, 768, 834, 839, 840, 916, 933, 975, 993, 995, 997]
i =  55 : [1, 24, 71, 202, 262, 290, 351, 380, 457, 528, 565, 611, 641, 646, 662, 837, 849, 862, 864, 867, 897, 900]
overlapping nodes are:  [7, 15, 17, 23, 26, 30, 34, 36, 39, 42, 47, 51, 53, 64, 68, 73, 88, 89, 153, 158, 166, 167, 169, 182, 193, 205, 206, 238, 245, 255, 257, 266, 280, 286, 297, 302, 303, 324, 356, 359, 361, 371, 373, 375, 391, 402, 403, 404, 409, 417, 439, 441, 450, 453, 461, 546, 564, 571, 584, 601, 627, 635, 648, 691, 697, 708, 714, 743, 746, 751, 755, 759, 768, 779, 784, 788, 839, 840, 842, 872, 891, 900, 908, 930, 933, 948, 955, 964, 968, 975, 991, 993, 995, 998, 1000] 
 NOO is:  95
total time is:  126.607607126
