setting... -N 1000
setting... -k 20
setting... -maxk 50
setting... -mu 0.3
setting... -t1 2
setting... -t2 1
setting... -minc 10
setting... -maxc 50
setting... -on 100
setting... -om 8

**************************************************************
number of nodes:	1000
average degree:	20
maximum degree:	50
exponent for the degree distribution:	2
exponent for the community size distribution:	1
mixing parameter:	0.3
number of overlapping nodes:	100
number of memberships of the overlapping nodes:	8
community size range set equal to [10 , 50]
**************************************************************

building communities... 
connecting communities... 
recording network...


---------------------------------------------------------------------------
network of 1000 vertices and 9416 edges;	 average degree = 18.832

average mixing parameter: 0.311701 +/- 0.0361041
p_in: 0.388463	p_out: 0.0123546


i =8: 
mutual3:	0.606604
