nodes: [87, 191, 548, 29, 363, 309, 423, 68, 116, 681, 442, 405, 651, 991, 749, 299, 852, 865, 108, 360, 464, 498, 582, 777, 877, 428, 529, 57, 531, 227, 485, 254, 245, 404, 315, 101, 172, 566, 46, 69, 219, 233, 792, 424, 561, 705, 38, 112, 126, 596, 434, 761, 92, 151, 449, 620, 814, 878, 921, 234, 291, 857, 876, 59, 197, 281, 495, 530, 652, 708, 765] num of nodes:  71
[[87, 209, 455, 241, 298, 692, 513, 802, 305, 137, 393, 698, 258, 486, 778, 193, 676, 924, 72, 349, 160, 381, 257, 981], [181, 444, 772, 289, 215, 556, 191, 198, 688, 445, 844, 510, 483, 373, 941, 205, 654, 251, 992, 461, 376, 634, 990, 774, 834], [27, 422, 713, 548, 569, 598, 327, 480, 106, 622, 702, 706, 998, 329, 846, 624, 333, 272, 727, 88, 345, 443], [1, 182, 134, 522, 268, 411, 29, 161, 66, 741, 230, 167, 77, 879, 433, 311, 988, 75, 850, 82, 253, 192, 240, 697, 132, 23], [24, 545, 827, 714, 985, 363, 413, 435, 80, 922, 695, 869, 888, 503, 849, 261, 965, 171, 951, 114, 930, 923, 816, 823], [28, 265, 284, 539, 41, 668, 169, 462, 655, 707, 180, 309, 472, 347, 74, 62, 323, 210, 188, 55], [18, 423, 549, 800, 558, 848, 195, 808, 592, 238, 663, 884, 611, 649, 756, 278, 471, 482], [45, 427, 578, 68, 730, 243, 964, 310, 560, 511, 135, 218, 751, 920, 259, 880, 458, 61], [17, 906, 403, 116, 966, 658, 980, 678, 202, 786, 628, 890, 98, 85, 117, 767, 710, 723, 976, 501], [9, 681, 787, 100, 613, 647, 1000, 237, 871, 766, 157, 350, 314, 276, 380, 740], [26, 442, 324, 841, 225, 893, 273, 142, 401, 99, 290, 418, 213, 190, 837, 762, 747, 469, 436], [22, 405, 78, 867, 754, 398, 610, 492, 353, 200, 905, 797, 820, 804, 648, 335, 636], [10, 577, 651, 759, 287, 235, 626, 794, 520, 20, 441, 532], [113, 798, 320, 870, 366, 945, 887, 189, 991, 864, 838, 843, 466, 642, 563, 365], [27, 422, 749, 480, 706, 106, 622, 345, 702, 624, 846, 998, 329, 598, 327, 333, 272, 727, 443], [7, 35, 299, 467, 860, 547, 294, 491, 40, 633, 832, 286], [39, 65, 866, 388, 453, 873, 43, 852, 437, 156, 288, 690, 312, 835], [13, 602, 865, 874, 781, 956, 409, 139, 37, 721, 400, 691, 631], [108, 704, 875, 972, 672, 263, 184, 641, 973], [15, 224, 516, 360, 457, 44, 364, 689, 700, 685, 854, 431], [42, 464, 489, 271, 359, 601, 97, 904, 387], [70, 809, 498, 643, 264, 687, 367, 361, 645], [146, 582, 753, 584, 919, 383, 813, 897], [11, 833, 605, 162, 777, 12, 343, 122, 625, 659], [262, 877, 895, 567, 703, 358, 817, 580, 734, 512, 763, 959, 552, 394], [49, 428, 724, 446, 239, 638, 228, 506, 204, 673], [33, 102, 807, 604, 925, 529, 732, 509], [21, 970, 926, 429, 432, 158, 57, 755], [531, 193, 258, 802, 676, 486, 305, 209, 455, 72, 393, 137, 298, 241, 692, 698, 778, 924], [89, 227, 304, 351, 165, 176, 586], [159, 898, 899, 485, 987, 943, 949, 616, 540, 279], [83, 430, 677, 254, 164, 460, 357, 619], [220, 773, 245, 337, 303, 368, 810, 779], [181, 444, 772, 289, 215, 404, 992, 483, 198, 461, 941, 205, 688, 251, 373, 445, 654], [47, 315, 130, 168, 63, 96], [101, 372, 266, 599, 155, 960, 476], [79, 938, 172, 666, 603, 123], [120, 996, 566, 896, 796], [46, 617, 412, 222, 321, 564, 554, 174], [69, 795, 892, 497, 295, 770, 840], [18, 219, 800, 848, 195, 549, 808, 649, 558, 592, 339, 884, 238, 663], [61, 730, 578, 427, 243, 310, 218, 511, 233, 880, 125, 751], [248, 792, 585, 635, 760, 521, 517], [60, 424, 480, 272, 846, 702, 624, 443, 333, 327], [53, 330, 561, 790, 136, 588], [705, 193, 513, 676, 486, 455, 72, 305, 778, 698, 692], [38, 230, 741, 134, 167, 268, 433, 879, 988, 77, 311], [112, 320, 838, 870, 945, 466, 798, 366, 887], [9, 126, 100, 613, 237, 647, 1000, 787], [170, 847, 661, 600, 596, 812], [77, 161, 434, 741, 167, 988, 522, 268, 253, 879], [7, 761, 547, 40, 313, 467, 860, 286], [92, 483, 772, 198, 688, 844, 444, 445, 215], [139, 874, 781, 691, 151, 400, 971], [77, 161, 449, 167, 988, 522, 411, 268, 182], [195, 663, 592, 808, 620, 848, 756, 238, 558], [383, 814, 753, 919, 584, 897], [170, 847, 661, 600, 878, 831], [21, 970, 926, 429, 432, 921], [7, 35, 234, 547, 860, 994], [263, 973, 291, 672, 875, 972], [238, 857, 800, 808, 848, 339, 558, 663], [158, 876, 970, 429, 926, 302], [59, 869, 888, 985, 827, 413], [58, 970, 429, 755, 197], [281, 320, 864, 945, 798, 838, 366], [495, 817, 567, 895, 580, 959], [11, 833, 605, 162, 530, 12], [652, 513, 72, 393, 258, 676, 486], [304, 708, 909, 481], [49, 765, 673, 724, 228, 446, 638]]
len of cliques:  71
length of seeds:  31
i =  0 [256, 1, 132, 134, 522, 907, 268, 147, 448, 23, 154, 411, 29, 161, 902, 38, 167, 557, 285, 433, 434, 182, 311, 697, 830, 192, 449, 66, 929, 75, 77, 82, 988, 741, 230, 850, 879, 240, 629, 508, 253]
i =  1 [384, 771, 388, 776, 784, 43, 156, 288, 39, 811, 690, 437, 568, 65, 835, 453, 715, 76, 312, 852, 866, 657, 873, 999]
i =  2 [772, 901, 774, 775, 392, 654, 404, 534, 289, 518, 555, 556, 941, 688, 562, 181, 187, 444, 445, 191, 834, 331, 198, 587, 844, 205, 461, 632, 215, 217, 92, 989, 990, 421, 992, 609, 483, 110, 373, 376, 634, 251, 510]
i =  3 [512, 262, 394, 267, 927, 417, 552, 817, 307, 567, 959, 580, 734, 358, 877, 495, 296, 374, 119, 763, 703, 895]
i =  4 [513, 258, 133, 257, 393, 778, 652, 782, 783, 785, 531, 660, 924, 31, 160, 802, 675, 676, 679, 298, 199, 305, 692, 137, 698, 650, 705, 455, 712, 969, 591, 208, 209, 193, 981, 87, 474, 349, 95, 608, 486, 241, 140, 72, 378, 381]
i =  5 [386, 649, 269, 18, 494, 278, 663, 800, 674, 549, 423, 808, 558, 177, 818, 739, 756, 195, 717, 592, 339, 470, 471, 857, 219, 606, 223, 848, 482, 611, 742, 746, 620, 109, 238, 884, 686]
i =  6 [261, 525, 399, 823, 149, 24, 665, 922, 923, 669, 581, 545, 930, 667, 292, 171, 413, 48, 435, 951, 827, 816, 695, 452, 965, 714, 439, 206, 80, 849, 931, 985, 731, 479, 59, 869, 363, 493, 114, 118, 503, 888]
i =  7 [139, 13, 400, 409, 25, 414, 36, 37, 151, 691, 308, 56, 956, 575, 326, 971, 781, 721, 979, 602, 865, 868, 874, 107, 631]
i =  8 [644, 391, 272, 664, 533, 407, 536, 27, 947, 496, 548, 422, 424, 711, 819, 329, 569, 571, 60, 702, 706, 579, 758, 327, 713, 183, 333, 846, 595, 590, 598, 727, 88, 345, 91, 607, 480, 16, 443, 998, 106, 749, 622, 624, 499, 502]
i =  9 [520, 10, 651, 19, 20, 277, 794, 670, 287, 420, 166, 680, 50, 185, 957, 577, 456, 247, 441, 728, 104, 362, 235, 701, 626, 788, 759, 532, 573, 382]
i =  10 [214, 6, 265, 524, 14, 655, 707, 150, 793, 539, 284, 169, 426, 180, 309, 950, 55, 952, 188, 62, 447, 322, 323, 73, 74, 28, 81, 210, 462, 342, 472, 347, 348, 993, 668, 356, 316, 618, 41]
i =  11 [903, 286, 32, 35, 294, 40, 682, 299, 547, 948, 803, 574, 832, 451, 761, 465, 467, 341, 313, 7, 860, 477, 994, 234, 491, 111, 633]
i =  12 [131, 982, 906, 17, 658, 403, 917, 791, 541, 710, 678, 306, 116, 955, 117, 966, 202, 226, 976, 723, 980, 853, 86, 862, 98, 743, 786, 242, 628, 501, 340, 890, 319, 85, 767]
i =  13 [385, 516, 15, 528, 408, 538, 934, 44, 685, 431, 944, 689, 700, 457, 354, 975, 211, 854, 855, 221, 224, 738, 360, 364]
i =  14 [780, 141, 142, 273, 914, 196, 26, 290, 942, 436, 54, 954, 190, 324, 837, 967, 841, 418, 718, 213, 983, 346, 442, 225, 99, 401, 747, 637, 371, 889, 762, 127, 893, 469]
i =  15 [2, 259, 135, 578, 173, 145, 402, 920, 68, 218, 544, 933, 935, 553, 427, 45, 815, 560, 693, 310, 61, 961, 962, 964, 438, 458, 416, 344, 730, 233, 490, 236, 751, 880, 243, 125, 511]
i =  16 [644, 391, 272, 664, 533, 407, 536, 27, 947, 496, 548, 422, 424, 711, 819, 713, 569, 571, 60, 702, 706, 579, 502, 327, 329, 183, 333, 846, 595, 590, 598, 727, 88, 345, 91, 607, 480, 16, 443, 998, 106, 749, 622, 624, 499, 758]
i =  17 [513, 258, 133, 257, 137, 778, 652, 782, 783, 785, 531, 660, 924, 31, 160, 802, 675, 676, 679, 298, 199, 305, 692, 393, 698, 650, 705, 455, 712, 969, 591, 208, 209, 193, 981, 87, 474, 349, 95, 608, 486, 241, 140, 72, 378, 381]
i =  18 [386, 649, 269, 18, 494, 278, 663, 800, 674, 549, 423, 808, 558, 177, 818, 739, 756, 195, 717, 592, 339, 470, 471, 857, 219, 606, 223, 848, 482, 611, 742, 746, 620, 109, 238, 884, 686]
i =  19 [256, 1, 132, 134, 522, 907, 268, 147, 448, 23, 154, 411, 285, 929, 902, 38, 167, 557, 29, 433, 434, 182, 311, 697, 830, 192, 449, 66, 161, 75, 77, 82, 988, 741, 230, 850, 879, 240, 629, 508, 253]
i =  20 [2, 259, 135, 578, 173, 145, 402, 920, 964, 218, 544, 933, 935, 553, 427, 45, 815, 560, 693, 310, 61, 961, 962, 68, 438, 458, 416, 344, 730, 233, 490, 236, 751, 880, 243, 125, 511]
i =  21 [768, 833, 162, 355, 932, 551, 777, 908, 583, 748, 722, 12, 11, 625, 338, 659, 375, 343, 122, 530, 605]
i =  22 [513, 258, 133, 257, 393, 778, 652, 782, 783, 785, 531, 660, 924, 31, 160, 802, 675, 676, 679, 298, 199, 305, 692, 137, 698, 650, 705, 455, 712, 969, 591, 208, 209, 193, 981, 87, 474, 349, 95, 608, 486, 241, 140, 72, 378, 381]
i =  23 [673, 194, 228, 886, 614, 328, 204, 523, 428, 239, 49, 946, 724, 446, 8, 733, 4, 506, 719, 765, 638]
i =  24 [648, 905, 398, 915, 405, 22, 153, 797, 542, 804, 820, 186, 200, 842, 845, 78, 335, 720, 986, 859, 353, 610, 867, 492, 623, 754, 883, 757, 250, 891, 636]
i =  25 [898, 899, 612, 485, 487, 616, 911, 656, 789, 279, 696, 473, 943, 987, 540, 949, 159]
i =  26 [772, 901, 774, 775, 392, 654, 404, 534, 289, 518, 555, 556, 941, 688, 562, 181, 187, 444, 445, 191, 834, 331, 198, 587, 844, 461, 205, 376, 215, 217, 92, 989, 990, 421, 992, 609, 483, 110, 373, 632, 634, 251, 510]
i =  27 [644, 391, 272, 664, 533, 407, 536, 27, 947, 496, 548, 422, 424, 711, 819, 713, 569, 571, 60, 702, 706, 579, 758, 327, 329, 183, 333, 846, 595, 590, 598, 727, 88, 345, 91, 607, 480, 16, 443, 998, 106, 749, 622, 624, 499, 502]
i =  28 [683, 647, 9, 144, 787, 148, 157, 799, 681, 519, 684, 314, 325, 454, 203, 334, 725, 377, 740, 93, 350, 613, 737, 100, 229, 871, 1000, 103, 237, 232, 126, 425, 276, 380, 766]
i =  29 [256, 1, 132, 134, 522, 907, 268, 147, 448, 23, 154, 411, 285, 161, 902, 38, 167, 557, 29, 433, 434, 182, 311, 697, 830, 192, 449, 66, 929, 75, 77, 82, 988, 741, 230, 850, 879, 240, 629, 508, 253]
i =  30 [642, 515, 912, 916, 918, 281, 410, 798, 671, 419, 937, 945, 563, 822, 189, 320, 838, 968, 201, 843, 466, 858, 991, 864, 870, 365, 366, 112, 113, 887]
i =  31 [641, 514, 3, 260, 5, 263, 672, 801, 291, 550, 52, 184, 829, 704, 972, 973, 589, 597, 729, 463, 806, 105, 875, 108, 255]
i =  32 [387, 904, 395, 396, 526, 271, 252, 30, 42, 51, 64, 839, 464, 216, 601, 861, 863, 97, 359, 744, 489, 621, 507, 124]
i =  33 [769, 643, 645, 390, 264, 406, 280, 163, 809, 687, 572, 67, 70, 71, 212, 90, 997, 361, 367, 369, 498, 630, 894]
i =  34 [897, 900, 646, 535, 146, 919, 282, 546, 813, 814, 824, 953, 570, 699, 318, 836, 582, 584, 468, 475, 750, 753, 383]
i =  35 [33, 732, 709, 102, 807, 925, 604, 332, 370, 143, 913, 178, 529, 821, 543, 828, 509, 958, 885]
i =  36 [57, 450, 995, 197, 158, 940, 970, 876, 429, 302, 559, 432, 179, 94, 726, 755, 984, 921, 58, 926, 21]
i =  37 [481, 227, 708, 165, 745, 586, 909, 270, 304, 176, 882, 275, 89, 504, 537, 351, 478, 639]
i =  38 [83, 164, 677, 357, 872, 619, 460, 430, 978, 115, 805, 246, 851, 254, 389]
i =  39 [928, 368, 379, 773, 337, 810, 779, 303, 752, 881, 274, 245, 825, 283, 220]
i =  40 [96, 640, 130, 315, 168, 63, 207, 627, 84, 152, 47, 735, 415]
i =  41 [960, 101, 266, 459, 175, 372, 599, 826, 244, 121, 155, 476, 138]
i =  42 [129, 123, 484, 615, 938, 172, 79, 662, 440, 249, 666, 603, 317]
i =  43 [896, 996, 977, 936, 796, 939, 716, 974, 593, 500, 566, 120, 764]
i =  44 [736, 321, 34, 617, 554, 46, 594, 564, 174, 505, 412, 222]
i =  45 [576, 770, 69, 231, 840, 295, 336, 497, 856, 795, 892, 293]
i =  46 [963, 517, 488, 521, 301, 792, 527, 248, 694, 585, 760, 635]
i =  47 [352, 136, 297, 330, 588, 653, 910, 561, 53, 790, 565]
i =  48 [300, 170, 812, 397, 878, 847, 596, 661, 600, 831]
i =  49 [128, 644, 391, 16, 664, 533, 407, 536, 819, 27, 496, 548, 422, 424, 327, 947, 713, 569, 571, 60, 702, 706, 579, 502, 711, 329, 183, 333, 590, 595, 846, 598, 727, 88, 345, 91, 607, 480, 272, 443, 998, 106, 749, 622, 624, 499, 758]
complete deal_communities
commplete get_all_nature_community
----------------------------------The detection result is: 

all communities: 
i =  1 : [1, 23, 29, 38, 66, 75, 77, 82, 132, 134, 147, 154, 161, 167, 182, 192, 230, 240, 253, 256, 268, 285, 311, 411, 433, 434, 448, 449, 508, 522, 557, 629, 697, 741, 830, 850, 879, 902, 907, 929, 988]
i =  2 : [39, 43, 65, 76, 156, 288, 312, 384, 388, 437, 453, 568, 657, 690, 715, 771, 776, 784, 811, 835, 852, 866, 873, 999]
i =  3 : [92, 110, 181, 187, 191, 198, 205, 215, 217, 251, 289, 331, 373, 376, 392, 404, 421, 444, 445, 461, 483, 510, 518, 534, 555, 556, 562, 587, 609, 632, 634, 654, 688, 772, 774, 775, 834, 844, 901, 941, 989, 990, 992]
i =  4 : [119, 262, 267, 296, 307, 358, 374, 394, 417, 495, 512, 552, 567, 580, 703, 734, 763, 817, 877, 895, 927, 959]
i =  5 : [31, 72, 87, 95, 133, 137, 140, 160, 193, 199, 208, 209, 241, 257, 258, 298, 305, 349, 378, 381, 393, 455, 474, 486, 513, 531, 591, 608, 650, 652, 660, 675, 676, 679, 692, 698, 705, 712, 778, 782, 783, 785, 802, 924, 969, 981]
i =  6 : [18, 109, 177, 195, 219, 223, 238, 269, 278, 339, 386, 423, 470, 471, 482, 494, 549, 558, 592, 606, 611, 620, 649, 663, 674, 686, 717, 739, 742, 746, 756, 800, 808, 818, 848, 857, 884]
i =  7 : [24, 48, 59, 80, 114, 118, 149, 171, 206, 261, 292, 363, 399, 413, 435, 439, 452, 479, 493, 503, 525, 545, 581, 665, 667, 669, 695, 714, 731, 816, 823, 827, 849, 869, 888, 922, 923, 930, 931, 951, 965, 985]
i =  8 : [13, 25, 36, 37, 56, 107, 139, 151, 308, 326, 400, 409, 414, 575, 602, 631, 691, 721, 781, 865, 868, 874, 956, 971, 979]
i =  9 : [10, 19, 20, 50, 104, 166, 185, 235, 247, 277, 287, 362, 382, 420, 441, 456, 520, 532, 573, 577, 626, 651, 670, 680, 701, 728, 759, 788, 794, 957]
i =  10 : [6, 14, 28, 41, 55, 62, 73, 74, 81, 150, 169, 180, 188, 210, 214, 265, 284, 309, 316, 322, 323, 342, 347, 348, 356, 426, 447, 462, 472, 524, 539, 618, 655, 668, 707, 793, 950, 952, 993]
i =  11 : [7, 32, 35, 40, 111, 234, 286, 294, 299, 313, 341, 451, 465, 467, 477, 491, 547, 574, 633, 682, 761, 803, 832, 860, 903, 948, 994]
i =  12 : [17, 85, 86, 98, 116, 117, 131, 202, 226, 242, 306, 319, 340, 403, 501, 541, 628, 658, 678, 710, 723, 743, 767, 786, 791, 853, 862, 890, 906, 917, 955, 966, 976, 980, 982]
i =  13 : [15, 44, 211, 221, 224, 354, 360, 364, 385, 408, 431, 457, 516, 528, 538, 685, 689, 700, 738, 854, 855, 934, 944, 975]
i =  14 : [26, 54, 99, 127, 141, 142, 190, 196, 213, 225, 273, 290, 324, 346, 371, 401, 418, 436, 442, 469, 637, 718, 747, 762, 780, 837, 841, 889, 893, 914, 942, 954, 967, 983]
i =  15 : [2, 45, 61, 68, 125, 135, 145, 173, 218, 233, 236, 243, 259, 310, 344, 402, 416, 427, 438, 458, 490, 511, 544, 553, 560, 578, 693, 730, 751, 815, 880, 920, 933, 935, 961, 962, 964]
i =  16 : [11, 12, 122, 162, 338, 343, 355, 375, 530, 551, 583, 605, 625, 659, 722, 748, 768, 777, 833, 908, 932]
i =  17 : [4, 8, 49, 194, 204, 228, 239, 328, 428, 446, 506, 523, 614, 638, 673, 719, 724, 733, 765, 886, 946]
i =  18 : [22, 78, 153, 186, 200, 250, 335, 353, 398, 405, 492, 542, 610, 623, 636, 648, 720, 754, 757, 797, 804, 820, 842, 845, 859, 867, 883, 891, 905, 915, 986]
i =  19 : [159, 279, 473, 485, 487, 540, 612, 616, 656, 696, 789, 898, 899, 911, 943, 949, 987]
i =  20 : [9, 93, 100, 103, 126, 144, 148, 157, 203, 229, 232, 237, 276, 314, 325, 334, 350, 377, 380, 425, 454, 519, 613, 647, 681, 683, 684, 725, 737, 740, 766, 787, 799, 871, 1000]
i =  21 : [112, 113, 189, 201, 281, 320, 365, 366, 410, 419, 466, 515, 563, 642, 671, 798, 822, 838, 843, 858, 864, 870, 887, 912, 916, 918, 937, 945, 968, 991]
i =  22 : [3, 5, 52, 105, 108, 184, 255, 260, 263, 291, 463, 514, 550, 589, 597, 641, 672, 704, 729, 801, 806, 829, 875, 972, 973]
i =  23 : [30, 42, 51, 64, 97, 124, 216, 252, 271, 359, 387, 395, 396, 464, 489, 507, 526, 601, 621, 744, 839, 861, 863, 904]
i =  24 : [67, 70, 71, 90, 163, 212, 264, 280, 361, 367, 369, 390, 406, 498, 572, 630, 643, 645, 687, 769, 809, 894, 997]
i =  25 : [146, 282, 318, 383, 468, 475, 535, 546, 570, 582, 584, 646, 699, 750, 753, 813, 814, 824, 836, 897, 900, 919, 953]
i =  26 : [33, 102, 143, 178, 332, 370, 509, 529, 543, 604, 709, 732, 807, 821, 828, 885, 913, 925, 958]
i =  27 : [21, 57, 58, 94, 158, 179, 197, 302, 429, 432, 450, 559, 726, 755, 876, 921, 926, 940, 970, 984, 995]
i =  28 : [89, 165, 176, 227, 270, 275, 304, 351, 478, 481, 504, 537, 586, 639, 708, 745, 882, 909]
i =  29 : [83, 115, 164, 246, 254, 357, 389, 430, 460, 619, 677, 805, 851, 872, 978]
i =  30 : [220, 245, 274, 283, 303, 337, 368, 379, 752, 773, 779, 810, 825, 881, 928]
i =  31 : [47, 63, 84, 96, 130, 152, 168, 207, 315, 415, 627, 640, 735]
i =  32 : [101, 121, 138, 155, 175, 244, 266, 372, 459, 476, 599, 826, 960]
i =  33 : [79, 123, 129, 172, 249, 317, 440, 484, 603, 615, 662, 666, 938]
i =  34 : [120, 500, 566, 593, 716, 764, 796, 896, 936, 939, 974, 977, 996]
i =  35 : [34, 46, 174, 222, 321, 412, 505, 554, 564, 594, 617, 736]
i =  36 : [69, 231, 293, 295, 336, 497, 576, 770, 795, 840, 856, 892]
i =  37 : [248, 301, 488, 517, 521, 527, 585, 635, 694, 760, 792, 963]
i =  38 : [53, 136, 297, 330, 352, 561, 565, 588, 653, 790, 910]
i =  39 : [170, 300, 397, 596, 600, 661, 812, 831, 847, 878]
i =  40 : [16, 27, 60, 88, 91, 106, 128, 183, 272, 327, 329, 333, 345, 391, 407, 422, 424, 443, 480, 496, 499, 502, 533, 536, 548, 569, 571, 579, 590, 595, 598, 607, 622, 624, 644, 664, 702, 706, 711, 713, 727, 749, 758, 819, 846, 947, 998]
overlapping nodes are:  [] 
 NOO is:  0
total time is:  319.929864883
