nodes: [20, 138, 164, 330, 766, 243, 711, 819, 177, 124, 460, 682, 971, 496, 659, 249, 517, 492, 911, 425, 150, 709, 491, 494, 699, 272, 246, 771, 305, 377, 119, 594, 788, 412, 29, 112, 900, 563, 853, 180, 248, 646, 723, 898, 288, 611, 890, 121, 315, 387, 601, 629, 963, 830, 131, 583, 670, 826, 46, 205, 264, 668, 764, 909, 53, 97, 165, 367, 416, 630, 743, 790, 521, 730, 892, 943, 76, 99, 317, 441, 471, 508, 578, 703, 863, 913, 986, 189, 251, 449, 977, 988, 41, 114, 130, 135, 144, 149, 454, 485, 609, 631, 684, 694, 728] num of nodes:  105
[[20, 626, 347, 154, 961, 964, 427, 805, 520, 678], [17, 138, 994, 472, 285, 67, 216, 549, 229, 247, 52, 79], [13, 225, 164, 809, 752, 861, 632], [5, 330, 586, 499, 605, 353, 999, 432, 768, 343, 481, 643, 184, 729, 954, 858, 357], [11, 766, 220, 662, 710, 527, 623, 45, 616, 840, 276, 991], [39, 990, 187, 284, 980, 2, 883, 706, 482, 241, 64, 243, 697, 201, 750, 862, 337, 245, 765], [15, 711, 465, 92, 65, 612, 848, 821, 470, 98], [14, 819, 339, 641, 341, 348, 115, 685, 478], [8, 531, 177, 42, 968, 513, 394, 633, 221, 928, 715, 333, 713, 820, 155], [92, 848, 998, 345, 465, 98, 610, 124, 415, 159], [48, 170, 299, 182, 460, 989, 867, 62, 775, 759, 286, 742, 816, 497, 393, 695, 113, 657, 196], [16, 386, 535, 193, 962, 514, 199, 72, 682, 842, 237, 212, 501, 477, 420, 19, 426, 781], [44, 403, 971, 192, 125, 566, 976, 590, 448, 355, 572, 997, 473, 104, 258], [197, 961, 23, 805, 678, 154, 626, 880, 496], [68, 897, 659, 945, 737, 160, 400, 596, 658, 917, 218, 107, 301, 309], [14, 249, 339, 641, 341, 871, 116, 115, 607], [43, 517, 522, 680, 837, 831, 136, 581, 923, 362, 978, 128, 352, 511], [51, 969, 929, 492, 741, 700, 328, 559, 217, 794, 617, 321, 564], [207, 753, 396, 632, 206, 911, 495], [42, 513, 968, 937, 425, 633, 221, 290, 525, 973, 675, 518, 254], [63, 773, 118, 236, 150, 767, 106, 401, 554, 459, 176, 906, 635, 987], [109, 709, 120, 818, 380, 802, 395, 996], [166, 865, 491, 632, 652, 734], [108, 480, 494, 638, 391, 651, 332, 792, 313, 152], [40, 699, 95, 148, 537, 101, 584, 712, 912, 523, 591, 719], [270, 740, 361, 970, 272, 433, 574, 698], [47, 246, 186, 358, 882, 291, 838], [141, 771, 297, 789, 392, 755, 169, 850], [110, 424, 305, 560, 934, 178, 660, 161, 689, 817], [3, 447, 377, 250, 476, 548, 22], [9, 841, 570, 119, 965, 645, 876, 628], [18, 373, 811, 748, 594, 808, 827, 891], [84, 788, 688, 949, 350, 576, 194, 210], [67, 412, 994, 216, 472, 229, 785, 247], [29, 783, 287, 896, 716, 738, 938, 791], [4, 266, 112, 312, 904, 839], [93, 900, 545, 168, 435, 732, 277], [14, 563, 641, 915, 478, 115], [38, 653, 418, 853, 745, 679, 772], [14, 180, 339, 641, 478, 348], [81, 528, 248, 253, 705, 414], [39, 990, 187, 284, 980, 2, 883, 706, 482, 241, 646, 245, 862], [115, 339, 723, 871, 532, 341], [39, 990, 898, 2, 706, 482, 201, 750, 241, 697, 883, 980, 245, 862], [145, 288, 877, 947, 951, 920, 544], [60, 65, 611, 151, 98, 92, 821], [134, 753, 396, 632, 890, 206], [121, 690, 800, 714, 163], [30, 315, 203, 402, 140], [207, 753, 396, 632, 234, 387], [11, 601, 710, 616, 840, 276, 45, 662, 623], [228, 672, 760, 666, 331, 629], [65, 963, 848, 465, 92, 821, 98], [478, 830, 739, 731, 915, 637], [131, 252, 761, 483, 797, 647], [31, 866, 388, 498, 583], [123, 670, 753, 736, 752], [252, 826, 761, 483, 647], [46, 742, 393, 170, 299, 48, 497, 695, 286, 759], [47, 205, 186, 509, 625], [3, 447, 264, 250, 589, 974], [95, 148, 537, 668, 912, 591, 719], [92, 764, 159, 465, 98, 998], [39, 909, 482, 241, 337, 697, 284, 883, 980, 765], [53, 391, 480, 638, 792, 70], [97, 736, 226, 283], [40, 165, 101, 537, 591, 523, 148, 175], [9, 841, 570, 847, 553, 367, 645], [416, 427, 520, 154, 678, 834], [52, 285, 630, 216, 67, 472], [45, 662, 710, 743, 276], [344, 519, 669, 790], [11, 521, 220, 276, 933, 710], [39, 990, 187, 284, 730, 241, 482, 862], [31, 866, 762, 892], [418, 653, 679, 943, 745, 772], [43, 76, 581, 136, 680, 522, 978, 831], [9, 841, 570, 847, 553, 99], [3, 317, 250, 636, 974], [115, 763, 116, 924, 441, 532], [471, 961, 154, 347, 964, 829], [5, 508, 586, 999, 605, 550, 343], [93, 578, 435, 852], [115, 703, 924, 116, 641, 341], [44, 403, 863, 976, 572, 125, 590], [913, 961, 154, 347, 36, 829, 23], [255, 986, 490, 998, 655], [44, 189, 192, 473, 125, 566], [251, 848, 821, 345], [95, 148, 537, 449, 912, 523], [72, 386, 514, 977, 212, 420], [115, 763, 988, 341], [41, 930, 88, 479], [114, 435, 732, 409], [13, 130, 752, 865], [135, 381, 678, 626], [67, 144, 472, 229], [27, 149, 809, 861], [13, 283, 454], [110, 424, 485, 817, 178], [102, 609, 279], [115, 631, 731, 116], [344, 519, 684], [184, 954, 694, 353, 729, 586], [373, 728, 811, 827, 804]]
len of cliques:  105
length of seeds:  52
i =  0 [2, 747, 646, 898, 782, 284, 293, 295, 304, 243, 308, 990, 201, 697, 187, 316, 64, 706, 835, 585, 75, 909, 337, 980, 55, 730, 860, 349, 862, 482, 487, 744, 956, 39, 750, 241, 883, 245, 889, 507, 765]
i =  1 [427, 262, 135, 520, 649, 913, 530, 275, 20, 533, 534, 23, 154, 282, 543, 416, 496, 91, 36, 966, 678, 453, 171, 429, 565, 777, 185, 829, 475, 961, 834, 964, 197, 582, 844, 595, 471, 347, 606, 805, 356, 621, 880, 626, 376, 754, 634, 381]
i =  2 [576, 194, 708, 260, 209, 873, 210, 688, 721, 338, 84, 949, 788, 122, 350, 735]
i =  3 [515, 645, 390, 327, 9, 202, 119, 876, 397, 367, 628, 99, 404, 841, 953, 553, 847, 570, 884, 965]
i =  4 [1, 902, 775, 393, 139, 784, 657, 280, 153, 286, 816, 497, 170, 299, 556, 46, 48, 182, 695, 62, 196, 438, 200, 460, 989, 223, 354, 867, 742, 113, 242, 759]
i =  5 [650, 151, 908, 15, 451, 663, 408, 281, 415, 32, 764, 821, 183, 159, 60, 799, 65, 66, 707, 711, 73, 610, 335, 848, 465, 211, 919, 213, 470, 856, 345, 986, 655, 92, 351, 98, 611, 612, 998, 233, 490, 375, 724, 251, 124, 443, 524, 255]
i =  6 [939, 138, 17, 195, 412, 285, 549, 810, 555, 49, 307, 52, 833, 450, 67, 836, 630, 74, 79, 592, 82, 342, 216, 37, 864, 994, 472, 229, 785, 259, 787, 500, 886, 247, 899, 893, 639]
i =  7 [768, 643, 5, 89, 24, 796, 413, 926, 801, 602, 550, 551, 552, 858, 432, 434, 694, 184, 954, 458, 586, 353, 330, 462, 440, 343, 729, 346, 605, 357, 481, 806, 999, 499, 756, 502, 508]
i =  8 [386, 389, 907, 781, 399, 16, 19, 278, 535, 420, 682, 812, 436, 950, 311, 193, 962, 199, 72, 842, 972, 977, 514, 212, 143, 477, 224, 749, 105, 875, 237, 501, 426]
i =  9 [650, 663, 908, 15, 451, 151, 408, 281, 415, 32, 764, 821, 183, 159, 60, 799, 65, 66, 707, 711, 73, 610, 335, 848, 465, 211, 919, 213, 470, 856, 345, 986, 655, 92, 351, 98, 611, 612, 998, 233, 490, 375, 724, 251, 124, 443, 524, 255]
i =  10 [896, 738, 935, 938, 716, 783, 273, 979, 94, 791, 59, 29, 849, 287]
i =  11 [192, 258, 786, 403, 405, 918, 539, 681, 44, 946, 942, 562, 566, 572, 189, 448, 971, 590, 976, 981, 982, 984, 473, 863, 355, 997, 104, 235, 751, 378, 125]
i =  12 [768, 643, 5, 89, 24, 796, 413, 926, 801, 602, 550, 551, 552, 858, 432, 434, 694, 440, 954, 458, 586, 481, 330, 462, 184, 343, 729, 346, 605, 357, 353, 806, 999, 499, 756, 502, 508]
i =  13 [642, 391, 651, 152, 792, 25, 540, 422, 428, 53, 310, 56, 313, 70, 332, 77, 474, 480, 108, 494, 638, 894, 383]
i =  14 [10, 523, 912, 148, 537, 795, 165, 40, 175, 712, 948, 699, 188, 191, 449, 579, 584, 591, 719, 95, 995, 101, 111, 379]
i =  15 [427, 262, 135, 520, 649, 913, 530, 275, 20, 533, 534, 23, 154, 282, 543, 416, 496, 347, 36, 805, 678, 453, 171, 429, 565, 777, 185, 829, 475, 961, 834, 964, 197, 582, 844, 595, 471, 966, 91, 606, 356, 621, 880, 626, 376, 754, 634, 381]
i =  16 [513, 518, 8, 394, 525, 654, 531, 410, 155, 928, 290, 675, 561, 937, 42, 177, 820, 952, 958, 959, 323, 580, 967, 968, 713, 715, 333, 973, 463, 221, 546, 230, 1000, 879, 425, 633, 298, 254]
i =  17 [384, 161, 326, 934, 423, 424, 660, 365, 110, 560, 305, 178, 371, 340, 664, 689, 219, 817, 158, 485]
i =  18 [2, 747, 646, 898, 782, 284, 293, 295, 304, 883, 308, 990, 201, 697, 187, 316, 64, 706, 835, 585, 75, 909, 337, 980, 55, 730, 860, 349, 862, 482, 487, 744, 956, 39, 750, 241, 243, 889, 507, 765]
i =  19 [448, 258, 786, 403, 405, 918, 539, 681, 44, 946, 942, 562, 566, 572, 189, 192, 971, 590, 976, 981, 982, 984, 473, 863, 355, 997, 104, 235, 751, 378, 125]
i =  20 [1, 902, 775, 393, 139, 784, 657, 280, 153, 286, 816, 497, 170, 299, 556, 46, 48, 438, 695, 62, 196, 182, 200, 460, 989, 223, 354, 867, 742, 113, 242, 759]
i =  21 [128, 517, 136, 137, 522, 538, 923, 837, 162, 680, 43, 306, 439, 61, 831, 608, 581, 456, 587, 76, 978, 352, 362, 466, 624, 296, 127, 126, 511]
i =  22 [897, 142, 400, 658, 659, 917, 452, 922, 667, 28, 160, 807, 301, 945, 309, 567, 825, 701, 68, 843, 596, 218, 859, 222, 737, 107, 238, 370, 372, 888]
i =  23 [898, 747, 646, 2, 782, 284, 293, 295, 304, 243, 308, 862, 201, 697, 187, 316, 64, 706, 835, 585, 75, 909, 337, 980, 55, 730, 860, 349, 990, 482, 487, 744, 956, 39, 750, 241, 883, 889, 507, 765]
i =  24 [129, 130, 387, 134, 263, 652, 780, 13, 911, 656, 529, 274, 149, 406, 27, 157, 670, 491, 283, 164, 504, 166, 369, 809, 173, 814, 303, 798, 57, 58, 232, 702, 703, 96, 454, 865, 268, 484, 206, 207, 720, 593, 722, 985, 975, 988, 861, 734, 736, 225, 226, 100, 613, 97, 488, 618, 231, 890, 495, 752, 753, 117, 758, 632, 505, 396, 123, 234]
i =  25 [128, 517, 136, 137, 522, 538, 923, 837, 162, 680, 43, 306, 439, 61, 831, 608, 581, 456, 587, 76, 978, 352, 362, 466, 624, 296, 127, 126, 511]
i =  26 [640, 641, 644, 960, 778, 14, 173, 656, 915, 532, 819, 924, 671, 289, 676, 294, 167, 988, 685, 686, 563, 180, 693, 824, 441, 444, 830, 703, 832, 324, 325, 568, 339, 341, 723, 727, 731, 348, 478, 607, 739, 871, 872, 115, 116, 757, 631, 249, 763, 637]
i =  27 [129, 130, 387, 134, 263, 652, 780, 13, 911, 656, 529, 274, 149, 406, 27, 157, 670, 491, 283, 164, 504, 166, 369, 809, 173, 814, 303, 798, 57, 58, 232, 702, 703, 736, 454, 865, 268, 484, 206, 207, 720, 593, 722, 985, 975, 988, 861, 734, 96, 225, 226, 100, 613, 97, 488, 618, 231, 890, 495, 752, 753, 117, 758, 632, 505, 396, 123, 234]
i =  28 [773, 906, 12, 401, 150, 541, 554, 558, 176, 823, 573, 318, 63, 71, 459, 588, 86, 987, 604, 106, 236, 240, 118, 635, 767]
i =  29 [427, 262, 135, 520, 649, 913, 530, 275, 20, 533, 534, 23, 154, 282, 543, 416, 496, 347, 36, 805, 678, 453, 171, 429, 565, 777, 185, 829, 475, 961, 834, 964, 197, 582, 844, 595, 471, 966, 91, 606, 356, 621, 880, 626, 376, 754, 634, 381]
i =  30 [198, 291, 292, 838, 358, 267, 205, 910, 47, 208, 625, 882, 398, 246, 445, 186, 571, 509, 261]
i =  31 [2, 747, 646, 898, 782, 284, 293, 295, 304, 243, 308, 990, 201, 697, 187, 316, 64, 706, 835, 585, 75, 909, 337, 980, 55, 730, 860, 349, 862, 482, 487, 744, 956, 39, 750, 241, 883, 245, 889, 507, 765]
i =  32 [640, 641, 644, 960, 778, 14, 173, 656, 915, 532, 819, 924, 671, 289, 676, 294, 167, 988, 685, 686, 563, 180, 693, 824, 441, 444, 830, 703, 832, 324, 325, 568, 339, 341, 723, 727, 731, 348, 478, 607, 739, 871, 872, 115, 116, 757, 631, 249, 763, 637]
i =  33 [673, 3, 548, 103, 264, 636, 589, 974, 336, 147, 516, 22, 377, 250, 927, 476, 317, 447]
i =  34 [265, 271, 921, 665, 794, 929, 803, 932, 559, 51, 564, 700, 957, 321, 328, 969, 845, 597, 600, 217, 992, 741, 360, 617, 492]
i =  35 [385, 7, 300, 11, 269, 557, 276, 21, 662, 411, 417, 933, 940, 45, 486, 431, 179, 521, 314, 83, 710, 840, 718, 467, 87, 601, 90, 527, 220, 442, 991, 813, 614, 743, 616, 874, 366, 623, 881, 851, 244, 622, 766]
i =  36 [545, 34, 419, 900, 901, 168, 578, 368, 114, 435, 852, 277, 409, 793, 732, 93, 542]
i =  37 [513, 518, 8, 394, 525, 654, 531, 410, 155, 928, 290, 675, 561, 425, 42, 177, 820, 952, 958, 959, 323, 580, 967, 968, 713, 715, 973, 333, 463, 221, 546, 230, 1000, 879, 937, 633, 298, 254]
i =  38 [257, 648, 905, 395, 146, 26, 802, 677, 818, 575, 709, 846, 725, 854, 855, 733, 996, 620, 109, 627, 120, 380]
i =  39 [418, 547, 772, 869, 38, 679, 745, 746, 653, 717, 916, 853, 822, 943, 469]
i =  40 [2, 747, 646, 898, 782, 284, 293, 39, 304, 243, 308, 990, 585, 697, 187, 316, 64, 706, 835, 201, 75, 909, 337, 980, 55, 730, 860, 349, 862, 482, 487, 744, 956, 295, 750, 241, 883, 245, 889, 507, 765]
i =  41 [704, 769, 993, 740, 615, 361, 970, 172, 270, 239, 272, 433, 78, 374, 887, 696, 698, 603, 512, 574]
i =  42 [288, 544, 877, 941, 320, 145, 947, 951, 920, 461, 506]
i =  43 [939, 138, 17, 195, 285, 549, 810, 555, 49, 307, 52, 833, 450, 67, 836, 630, 74, 79, 592, 82, 342, 472, 216, 37, 864, 994, 229, 785, 259, 787, 500, 886, 247, 899, 893, 639]
i =  44 [770, 771, 421, 903, 392, 297, 407, 141, 526, 464, 850, 755, 789, 726, 983, 169, 828, 215, 181]
i =  45 [650, 151, 908, 15, 451, 919, 408, 281, 415, 32, 764, 159, 821, 183, 443, 60, 799, 65, 66, 707, 711, 73, 663, 98, 335, 848, 465, 211, 724, 213, 470, 856, 345, 986, 655, 92, 351, 610, 611, 612, 998, 233, 490, 375, 251, 124, 524, 255]
i =  46 [385, 7, 940, 11, 269, 813, 276, 21, 662, 411, 417, 933, 300, 45, 431, 179, 521, 314, 83, 710, 840, 718, 557, 467, 87, 601, 90, 527, 220, 442, 991, 486, 614, 743, 616, 874, 366, 623, 881, 851, 244, 622, 766]
i =  47 [515, 645, 390, 327, 553, 202, 876, 397, 841, 847, 953, 99, 628, 119, 404, 9, 367, 570, 884, 965]
i =  48 [650, 663, 908, 655, 707, 151, 408, 281, 159, 32, 764, 821, 183, 415, 60, 799, 65, 66, 963, 711, 73, 98, 335, 848, 465, 211, 919, 213, 470, 856, 345, 986, 15, 92, 351, 610, 611, 612, 998, 233, 490, 451, 375, 724, 251, 124, 443, 524, 255]
i =  49 [10, 523, 912, 148, 537, 795, 165, 40, 175, 584, 948, 699, 188, 191, 449, 579, 712, 591, 719, 95, 995, 101, 111, 379]
i =  50 [227, 804, 808, 382, 811, 748, 18, 80, 594, 35, 373, 375, 728, 857, 827, 925, 891]
i =  51 [10, 523, 912, 148, 537, 795, 668, 165, 40, 175, 584, 948, 699, 188, 191, 449, 579, 712, 591, 719, 95, 995, 101, 111, 379]
i =  52 [939, 138, 17, 67, 285, 549, 810, 555, 49, 307, 52, 446, 833, 450, 195, 836, 886, 74, 79, 592, 82, 342, 472, 216, 37, 864, 994, 229, 785, 259, 787, 500, 630, 247, 899, 893, 639]
i =  53 [256, 4, 839, 904, 489, 266, 363, 204, 493, 112, 503, 312, 132, 364]
i =  54 [705, 674, 214, 329, 174, 528, 81, 437, 598, 248, 253, 414]
i =  55 [866, 388, 583, 457, 498, 944, 914, 692, 762, 31, 892, 319]
i =  56 [800, 577, 163, 714, 779, 430, 687, 690, 661, 121, 955]
i =  57 [385, 7, 940, 11, 269, 813, 276, 21, 662, 411, 33, 933, 300, 45, 431, 179, 521, 314, 851, 710, 417, 840, 442, 718, 83, 87, 601, 90, 527, 220, 557, 991, 614, 486, 743, 616, 874, 366, 623, 881, 467, 244, 622, 766]
i =  58 [322, 203, 69, 774, 359, 619, 140, 302, 402, 599, 315, 30]
i =  59 [257, 648, 905, 395, 146, 26, 802, 677, 818, 575, 709, 846, 725, 854, 855, 733, 996, 620, 109, 627, 120, 380, 510]
i =  60 [672, 228, 331, 815, 691, 629, 54, 760, 666, 463, 190]
i =  61 [192, 258, 6, 786, 403, 405, 918, 539, 681, 44, 946, 942, 562, 566, 572, 189, 448, 971, 590, 976, 981, 982, 984, 473, 863, 355, 997, 104, 235, 751, 378, 125]
i =  62 [265, 271, 665, 921, 794, 929, 931, 932, 559, 51, 564, 700, 957, 321, 328, 969, 845, 803, 597, 600, 217, 992, 741, 360, 617, 492]
i =  63 [609, 131, 102, 647, 776, 252, 483, 885, 279, 536, 761, 826, 156, 797]
i =  64 [265, 271, 921, 665, 794, 929, 803, 932, 559, 51, 564, 700, 957, 321, 328, 969, 845, 334, 597, 600, 217, 992, 741, 360, 617, 492]
i =  65 [930, 870, 519, 41, 684, 344, 790, 88, 569, 669, 479]
i =  66 [768, 643, 5, 346, 806, 729, 24, 796, 602, 926, 801, 550, 551, 552, 434, 413, 432, 50, 694, 184, 954, 458, 586, 353, 330, 462, 440, 343, 89, 858, 605, 481, 357, 999, 499, 756, 502, 508]
i =  67 [768, 643, 5, 806, 729, 24, 796, 413, 926, 801, 602, 550, 551, 552, 858, 432, 434, 694, 184, 954, 458, 586, 353, 330, 462, 440, 85, 343, 89, 346, 605, 481, 357, 999, 499, 756, 502, 508]
i =  68 [171, 133, 262, 135, 520, 649, 913, 530, 275, 20, 533, 534, 23, 154, 282, 543, 416, 496, 197, 91, 36, 805, 678, 427, 429, 565, 777, 185, 347, 829, 961, 834, 964, 453, 582, 844, 595, 471, 966, 475, 606, 356, 621, 880, 626, 376, 754, 634, 381]
i =  69 [171, 133, 262, 135, 520, 777, 913, 530, 275, 20, 533, 534, 23, 154, 282, 543, 416, 496, 197, 91, 36, 805, 678, 427, 429, 565, 649, 185, 829, 475, 961, 834, 964, 453, 582, 455, 844, 595, 471, 966, 347, 606, 356, 621, 880, 626, 376, 754, 634, 381]
i =  70 [650, 151, 908, 15, 124, 707, 919, 408, 281, 799, 32, 345, 159, 415, 821, 183, 443, 60, 65, 66, 451, 711, 73, 663, 98, 335, 848, 465, 211, 724, 213, 470, 856, 868, 986, 655, 92, 351, 610, 611, 612, 998, 233, 490, 375, 251, 764, 524, 255]
i =  71 [770, 771, 421, 903, 392, 297, 983, 141, 526, 464, 850, 755, 468, 789, 726, 407, 169, 828, 215, 181]
i =  72 [257, 648, 905, 395, 146, 26, 802, 677, 683, 818, 575, 709, 846, 725, 854, 855, 733, 996, 620, 109, 627, 120, 380]
i =  73 [129, 130, 387, 134, 263, 632, 780, 13, 911, 656, 529, 274, 149, 406, 283, 157, 670, 27, 164, 166, 753, 809, 895, 173, 814, 303, 798, 758, 57, 58, 702, 703, 736, 488, 454, 97, 652, 206, 975, 720, 593, 722, 985, 207, 988, 861, 734, 100, 96, 225, 226, 396, 484, 613, 231, 232, 234, 491, 495, 752, 369, 117, 268, 504, 505, 890, 123, 618, 865]
i =  74 [291, 292, 198, 358, 936, 267, 205, 398, 47, 208, 625, 882, 838, 910, 246, 445, 186, 571, 509, 261]
i =  75 [259, 138, 144, 17, 67, 412, 285, 549, 810, 555, 939, 49, 307, 52, 833, 450, 195, 836, 886, 74, 79, 592, 82, 342, 472, 216, 37, 864, 994, 229, 785, 787, 500, 630, 247, 899, 893, 639]
i =  76 [768, 643, 5, 346, 729, 24, 796, 602, 926, 801, 806, 551, 552, 413, 432, 434, 694, 440, 954, 458, 586, 481, 330, 462, 184, 343, 89, 858, 605, 357, 353, 550, 999, 878, 499, 756, 502, 508]
complete deal_communities
commplete get_all_nature_community
----------------------------------The detection result is: 

all communities: 
i =  1 : [2, 39, 55, 64, 75, 187, 201, 241, 243, 245, 284, 293, 295, 304, 308, 316, 337, 349, 482, 487, 507, 585, 646, 697, 706, 730, 744, 747, 750, 765, 782, 835, 860, 862, 883, 889, 898, 909, 956, 980, 990]
i =  2 : [84, 122, 194, 209, 210, 260, 338, 350, 576, 688, 708, 721, 735, 788, 873, 949]
i =  3 : [9, 99, 119, 202, 327, 367, 390, 397, 404, 515, 553, 570, 628, 645, 841, 847, 876, 884, 953, 965]
i =  4 : [1, 46, 48, 62, 113, 139, 153, 170, 182, 196, 200, 223, 242, 280, 286, 299, 354, 393, 438, 460, 497, 556, 657, 695, 742, 759, 775, 784, 816, 867, 902, 989]
i =  5 : [16, 19, 72, 105, 143, 193, 199, 212, 224, 237, 278, 311, 386, 389, 399, 420, 426, 436, 477, 501, 514, 535, 682, 749, 781, 812, 842, 875, 907, 950, 962, 972, 977]
i =  6 : [29, 59, 94, 273, 287, 716, 738, 783, 791, 849, 896, 935, 938, 979]
i =  7 : [25, 53, 56, 70, 77, 108, 152, 310, 313, 332, 383, 391, 422, 428, 474, 480, 494, 540, 638, 642, 651, 792, 894]
i =  8 : [8, 42, 155, 177, 221, 230, 254, 290, 298, 323, 333, 394, 410, 425, 463, 513, 518, 525, 531, 546, 561, 580, 633, 654, 675, 713, 715, 820, 879, 928, 937, 952, 958, 959, 967, 968, 973, 1000]
i =  9 : [110, 158, 161, 178, 219, 305, 326, 340, 365, 371, 384, 423, 424, 485, 560, 660, 664, 689, 817, 934]
i =  10 : [43, 61, 76, 126, 127, 128, 136, 137, 162, 296, 306, 352, 362, 439, 456, 466, 511, 517, 522, 538, 581, 587, 608, 624, 680, 831, 837, 923, 978]
i =  11 : [28, 68, 107, 142, 160, 218, 222, 238, 301, 309, 370, 372, 400, 452, 567, 596, 658, 659, 667, 701, 737, 807, 825, 843, 859, 888, 897, 917, 922, 945]
i =  12 : [14, 115, 116, 167, 173, 180, 249, 289, 294, 324, 325, 339, 341, 348, 441, 444, 478, 532, 563, 568, 607, 631, 637, 640, 641, 644, 656, 671, 676, 685, 686, 693, 703, 723, 727, 731, 739, 757, 763, 778, 819, 824, 830, 832, 871, 872, 915, 924, 960, 988]
i =  13 : [12, 63, 71, 86, 106, 118, 150, 176, 236, 240, 318, 401, 459, 541, 554, 558, 573, 588, 604, 635, 767, 773, 823, 906, 987]
i =  14 : [3, 22, 103, 147, 250, 264, 317, 336, 377, 447, 476, 516, 548, 589, 636, 673, 927, 974]
i =  15 : [34, 93, 114, 168, 277, 368, 409, 419, 435, 542, 545, 578, 732, 793, 852, 900, 901]
i =  16 : [38, 418, 469, 547, 653, 679, 717, 745, 746, 772, 822, 853, 869, 916, 943]
i =  17 : [78, 172, 239, 270, 272, 361, 374, 433, 512, 574, 603, 615, 696, 698, 704, 740, 769, 887, 970, 993]
i =  18 : [145, 288, 320, 461, 506, 544, 877, 920, 941, 947, 951]
i =  19 : [18, 35, 80, 227, 373, 375, 382, 594, 728, 748, 804, 808, 811, 827, 857, 891, 925]
i =  20 : [10, 40, 95, 101, 111, 148, 165, 175, 188, 191, 379, 449, 523, 537, 579, 584, 591, 668, 699, 712, 719, 795, 912, 948, 995]
i =  21 : [4, 112, 132, 204, 256, 266, 312, 363, 364, 489, 493, 503, 839, 904]
i =  22 : [81, 174, 214, 248, 253, 329, 414, 437, 528, 598, 674, 705]
i =  23 : [31, 319, 388, 457, 498, 583, 692, 762, 866, 892, 914, 944]
i =  24 : [121, 163, 430, 577, 661, 687, 690, 714, 779, 800, 955]
i =  25 : [7, 11, 21, 33, 45, 83, 87, 90, 179, 220, 244, 269, 276, 300, 314, 366, 385, 411, 417, 431, 442, 467, 486, 521, 527, 557, 601, 614, 616, 622, 623, 662, 710, 718, 743, 766, 813, 840, 851, 874, 881, 933, 940, 991]
i =  26 : [30, 69, 140, 203, 302, 315, 322, 359, 402, 599, 619, 774]
i =  27 : [54, 190, 228, 331, 463, 629, 666, 672, 691, 760, 815]
i =  28 : [6, 44, 104, 125, 189, 192, 235, 258, 355, 378, 403, 405, 448, 473, 539, 562, 566, 572, 590, 681, 751, 786, 863, 918, 942, 946, 971, 976, 981, 982, 984, 997]
i =  29 : [102, 131, 156, 252, 279, 483, 536, 609, 647, 761, 776, 797, 826, 885]
i =  30 : [41, 88, 344, 479, 519, 569, 669, 684, 790, 870, 930]
i =  31 : [20, 23, 36, 91, 133, 135, 154, 171, 185, 197, 262, 275, 282, 347, 356, 376, 381, 416, 427, 429, 453, 455, 471, 475, 496, 520, 530, 533, 534, 543, 565, 582, 595, 606, 621, 626, 634, 649, 678, 754, 777, 805, 829, 834, 844, 880, 913, 961, 964, 966]
i =  32 : [141, 169, 181, 215, 297, 392, 407, 421, 464, 468, 526, 726, 755, 770, 771, 789, 828, 850, 903, 983]
i =  33 : [13, 27, 57, 58, 96, 97, 100, 117, 123, 129, 130, 134, 149, 157, 164, 166, 173, 206, 207, 225, 226, 231, 232, 234, 263, 268, 274, 283, 303, 369, 387, 396, 406, 454, 484, 488, 491, 495, 504, 505, 529, 593, 613, 618, 632, 652, 656, 670, 702, 703, 720, 722, 734, 736, 752, 753, 758, 780, 798, 809, 814, 861, 865, 890, 895, 911, 975, 985, 988]
i =  34 : [47, 186, 198, 205, 208, 246, 261, 267, 291, 292, 358, 398, 445, 509, 571, 625, 838, 882, 910, 936]
i =  35 : [15, 32, 60, 65, 66, 73, 92, 98, 124, 151, 159, 183, 211, 213, 233, 251, 255, 281, 335, 345, 351, 375, 408, 415, 443, 451, 465, 470, 490, 524, 610, 611, 612, 650, 655, 663, 707, 711, 724, 764, 799, 821, 848, 856, 868, 908, 919, 963, 986, 998]
i =  36 : [17, 37, 49, 52, 67, 74, 79, 82, 138, 144, 195, 216, 229, 247, 259, 285, 307, 342, 412, 446, 450, 472, 500, 549, 555, 592, 630, 639, 785, 787, 810, 833, 836, 864, 886, 893, 899, 939, 994]
i =  37 : [26, 109, 120, 146, 257, 380, 395, 510, 575, 620, 627, 648, 677, 683, 709, 725, 733, 802, 818, 846, 854, 855, 905, 996]
i =  38 : [51, 217, 265, 271, 321, 328, 334, 360, 492, 559, 564, 597, 600, 617, 665, 700, 741, 794, 803, 845, 921, 929, 931, 932, 957, 969, 992]
i =  39 : [5, 24, 50, 85, 89, 184, 330, 343, 346, 353, 357, 413, 432, 434, 440, 458, 462, 481, 499, 502, 508, 550, 551, 552, 586, 602, 605, 643, 694, 729, 756, 768, 796, 801, 806, 858, 878, 926, 954, 999]
overlapping nodes are:  [173, 375, 463, 656, 703, 988] 
 NOO is:  6
total time is:  2101.67912388
