nodes: [184, 206, 702, 955, 92, 733, 757, 857, 142, 284, 311, 510, 527, 990, 796, 403, 986, 688, 26, 525, 210, 362, 954, 2, 487, 987, 99, 148, 469, 316, 644, 988, 565, 70, 125, 229, 680, 748, 788, 349, 864, 919, 292, 475, 176, 563, 641, 167, 270, 354, 172, 508, 656, 517, 583, 960, 55, 135, 482, 506, 772, 54, 178, 195, 215, 221, 544, 705, 291, 327, 337, 966, 43, 301, 367, 415, 707, 856, 39, 58, 95, 110, 159, 164, 220, 341, 358, 545, 819, 854, 903, 941, 999, 3, 189, 264, 278, 328, 386, 557, 780, 808, 84, 263, 266, 348, 450, 682, 740, 767, 790, 867, 984, 994, 83, 153, 187, 247, 262, 363, 370, 384, 398, 453, 459, 480, 497, 587, 634, 729, 821, 928, 972] num of nodes:  133
[[184, 909, 38, 49, 241, 915, 182, 539, 204], [73, 356, 206, 963, 936, 239, 498, 431, 609, 873], [12, 421, 702, 25, 152, 347], [10, 259, 835, 623, 592, 310, 955, 930, 764, 44, 505, 490, 428, 279], [53, 92, 173, 735, 741, 888, 823, 730, 747, 851], [8, 733, 648, 577, 112, 391, 579, 345, 610, 795, 507, 22, 375], [15, 27, 673, 18, 757, 925, 979, 681, 404, 401, 723, 636], [36, 857, 285, 45, 130, 922, 436, 997, 124, 817, 657], [142, 973, 553, 900, 472, 451, 188, 492], [31, 708, 706, 69, 761, 931, 71, 284, 942], [168, 311, 631, 621, 614, 755, 977, 200, 212, 477, 260], [170, 510, 437, 754, 265, 891, 604], [29, 527, 213, 104, 597, 717], [181, 862, 990, 586, 768, 624, 483, 850, 256, 208], [63, 277, 904, 578, 908, 282, 635, 796], [46, 403, 594, 343, 776, 238, 248, 76, 753], [9, 779, 462, 944, 699, 481, 986, 515, 456, 881, 981], [80, 952, 226, 392, 554, 688, 500, 471, 89, 186, 991, 905, 243, 443], [1, 275, 26, 669, 439, 115, 590, 855], [81, 525, 549, 416, 547, 414, 351], [170, 210, 665, 891, 377, 265, 754], [149, 936, 209, 470, 239, 362, 423], [113, 954, 529, 122], [2, 491, 838, 524, 526, 309, 765], [271, 487, 640, 572, 638, 512, 520, 842, 719], [157, 416, 549, 573, 971, 987], [99, 150, 805, 697, 365, 803, 116, 756, 185, 283], [37, 818, 148, 566, 687, 476, 382], [29, 21, 119, 469, 597, 213], [47, 316, 426, 714, 666, 435, 68, 85], [48, 977, 614, 621, 168, 755, 644, 477, 212], [90, 601, 145, 988, 826], [323, 711, 552, 921, 565, 934], [7, 70, 385, 513, 715, 312, 330, 11], [125, 598, 339, 442, 899, 618, 745], [229, 843, 847, 325, 300, 858, 333, 478], [352, 680, 891, 974, 840], [29, 569, 748, 502, 119], [174, 546, 788, 923, 252, 980], [339, 442, 598, 349, 852, 395], [272, 864, 357, 633, 859, 906], [59, 464, 919, 378, 784, 933], [33, 101, 637, 777, 292], [16, 792, 475, 177, 218, 570], [176, 832, 197, 962, 474, 329], [258, 331, 563, 340, 454], [641, 204, 539, 909, 241], [167, 235, 361, 907, 332, 950], [108, 270, 537, 920], [96, 354, 617, 304], [52, 211, 685, 536, 172, 713], [63, 277, 508, 282, 810, 574], [63, 277, 904, 578, 945, 656], [97, 241, 517, 182], [108, 583, 650, 836], [150, 960, 756, 697, 185, 116, 365], [55, 609, 936, 498, 470, 420], [15, 27, 135, 681, 978, 559], [217, 900, 482, 553, 973], [64, 317, 154, 506, 355], [9, 779, 462, 944, 699, 772, 778], [54, 891, 342, 437], [31, 708, 706, 69, 761, 178], [46, 195, 248, 584], [215, 38, 32, 865, 274], [31, 221, 706, 69, 942, 440], [202, 323, 921, 711, 544], [250, 705, 776, 787, 389], [136, 291, 216, 710], [208, 327, 483, 134], [73, 337, 963, 239], [130, 966, 997, 285, 657, 436], [43, 578, 63, 282], [8, 301, 648, 345, 610, 795, 391], [1, 275, 367, 489, 548], [150, 805, 415, 803, 116, 365], [150, 805, 697, 365, 707, 283, 116], [33, 101, 856, 593], [39, 548, 855, 275, 590, 519], [58, 586, 850, 181, 256], [50, 858, 95, 333, 703], [110, 339, 442, 598, 674], [63, 277, 159, 810, 111], [13, 419, 728, 164], [208, 862, 220, 850], [341, 483, 624, 134], [24, 605, 358], [545, 204, 539, 915, 182], [258, 331, 819, 383], [432, 854, 751, 652, 615], [181, 903, 624, 586, 483], [13, 419, 67, 953, 941], [29, 845, 432, 999], [3, 843, 858, 333, 703], [64, 317, 154, 189], [258, 331, 264, 340], [278, 909, 940, 749], [328, 553, 973], [1, 275, 386, 855], [101, 557, 593], [551, 931, 780, 761, 653], [96, 808, 831], [84, 317, 762, 154, 883], [235, 263, 907, 950], [181, 266, 586, 624, 256], [64, 317, 154, 348], [432, 450, 652, 615], [306, 682, 818], [605, 740, 625, 530], [310, 767, 623, 835, 479], [15, 790, 401, 979], [168, 867, 200, 631], [984, 241, 204, 274, 940], [258, 331, 994], [63, 83, 904, 616], [153, 174, 923, 980], [13, 187, 728], [28, 792, 514, 247], [262, 768, 204], [256, 586, 862, 363], [89, 186, 226, 370, 554], [150, 805, 697, 384, 676], [168, 398, 977, 694], [73, 356, 453], [146, 459, 404], [391, 480, 112, 577, 579], [365, 697, 497, 756, 805], [587, 865, 34], [213, 634, 597], [590, 275, 729, 794], [74, 821, 356, 431], [357, 928, 633, 906, 859], [48, 977, 972, 260]]
len of cliques:  133
length of seeds:  86
i =  0 [259, 428, 522, 916, 279, 495, 797, 927, 930, 44, 310, 955, 10, 704, 835, 720, 344, 479, 592, 738, 871, 1000, 490, 623, 880, 627, 504, 505, 764, 767]
i =  1 [769, 131, 900, 773, 137, 396, 781, 142, 528, 529, 67, 406, 407, 793, 412, 799, 555, 675, 424, 937, 939, 941, 560, 434, 953, 954, 187, 188, 831, 194, 451, 328, 585, 973, 718, 848, 728, 217, 346, 731, 482, 553, 472, 613, 492, 750, 253, 113, 126, 297, 121, 122, 380, 893, 894]
i =  2 [960, 384, 803, 676, 805, 756, 581, 746, 365, 14, 497, 99, 116, 846, 707, 185, 600, 697, 283, 150, 965]
i =  3 [209, 786, 19, 149, 286, 420, 677, 423, 936, 299, 812, 431, 821, 55, 824, 575, 448, 963, 453, 73, 74, 203, 206, 207, 976, 721, 75, 470, 612, 863, 609, 356, 337, 873, 362, 239, 498, 371, 376, 381]
i =  4 [544, 323, 806, 934, 711, 552, 202, 199, 701, 433, 106, 921, 91, 445, 565]
i =  5 [641, 517, 262, 151, 140, 909, 274, 915, 278, 23, 539, 158, 32, 545, 34, 38, 938, 555, 940, 49, 564, 822, 184, 180, 956, 191, 182, 97, 587, 204, 589, 466, 215, 984, 608, 865, 700, 749, 241, 117]
i =  6 [387, 86, 392, 905, 554, 242, 688, 305, 952, 186, 443, 61, 449, 77, 334, 80, 726, 471, 89, 94, 991, 226, 100, 370, 243, 500, 886]
i =  7 [643, 904, 908, 399, 656, 531, 277, 535, 282, 796, 159, 161, 810, 43, 945, 841, 313, 314, 828, 574, 63, 578, 201, 629, 83, 468, 97, 635, 484, 958, 616, 364, 111, 501, 763, 508]
i =  8 [774, 138, 12, 912, 145, 530, 659, 152, 25, 541, 287, 347, 421, 166, 625, 296, 860, 740, 813, 692, 567, 826, 60, 702, 193, 834, 839, 72, 78, 79, 465, 725, 24, 601, 90, 219, 988, 605, 293, 996, 358, 240, 369, 169, 895, 511]
i =  9 [128, 642, 135, 269, 15, 17, 18, 660, 790, 27, 925, 673, 681, 811, 559, 961, 417, 459, 844, 978, 723, 41, 982, 732, 93, 898, 276, 401, 496, 882, 979, 757, 246, 503, 404, 636]
i =  10 [389, 776, 649, 913, 787, 901, 935, 684, 46, 820, 393, 830, 705, 195, 584, 76, 591, 594, 724, 343, 869, 230, 360, 238, 753, 403, 248, 249, 250, 892, 255]
i =  11 [387, 86, 392, 905, 554, 370, 688, 305, 952, 186, 443, 61, 449, 77, 334, 80, 726, 471, 89, 94, 991, 226, 100, 242, 243, 500, 886]
i =  12 [391, 8, 139, 141, 22, 795, 798, 418, 561, 301, 943, 648, 315, 689, 577, 579, 460, 338, 345, 602, 733, 480, 610, 744, 494, 112, 374, 375, 507, 766]
i =  13 [1, 386, 519, 785, 275, 532, 917, 281, 26, 156, 669, 548, 422, 39, 794, 438, 439, 567, 590, 855, 606, 489, 367, 115, 885]
i =  14 [875, 518, 775, 469, 652, 527, 21, 918, 663, 664, 409, 411, 29, 671, 162, 390, 427, 814, 432, 696, 543, 450, 324, 717, 845, 722, 595, 596, 597, 854, 473, 486, 999, 104, 615, 114, 502, 119, 120, 634, 213]
i =  15 [261, 523, 780, 653, 911, 284, 31, 801, 931, 678, 551, 942, 178, 947, 440, 190, 65, 706, 651, 708, 69, 71, 716, 221, 734, 224, 993, 739, 868, 807, 876, 879, 62, 761]
i =  16 [1, 386, 519, 785, 275, 532, 917, 281, 794, 156, 26, 548, 422, 39, 669, 438, 439, 567, 590, 855, 606, 489, 367, 115, 885]
i =  17 [384, 960, 99, 676, 805, 756, 746, 365, 14, 497, 707, 116, 846, 150, 185, 600, 697, 965, 283, 803, 581]
i =  18 [128, 642, 135, 269, 15, 401, 18, 660, 790, 27, 925, 673, 681, 811, 559, 961, 417, 459, 844, 978, 723, 41, 982, 732, 93, 898, 17, 404, 496, 882, 979, 757, 246, 503, 276, 636]
i =  19 [379, 68, 975, 426, 77, 47, 435, 85, 183, 666, 667, 316, 714, 542]
i =  20 [525, 155, 157, 670, 416, 929, 547, 549, 679, 815, 562, 179, 414, 573, 833, 837, 971, 81, 987, 351, 866, 611, 622]
i =  21 [261, 523, 780, 653, 911, 284, 31, 801, 931, 678, 551, 942, 178, 947, 440, 190, 65, 706, 651, 708, 69, 71, 716, 221, 734, 224, 993, 739, 868, 807, 876, 879, 62, 761]
i =  22 [256, 129, 388, 134, 903, 266, 396, 782, 655, 789, 661, 791, 280, 768, 219, 862, 686, 690, 307, 181, 58, 321, 580, 327, 586, 335, 208, 850, 910, 599, 603, 220, 861, 990, 607, 353, 483, 872, 363, 624, 890, 341]
i =  23 [391, 8, 139, 141, 22, 795, 798, 418, 561, 301, 943, 648, 315, 689, 577, 579, 460, 338, 345, 602, 733, 480, 610, 744, 494, 112, 374, 375, 507, 766]
i =  24 [130, 645, 902, 493, 657, 147, 196, 922, 285, 36, 45, 558, 817, 436, 567, 452, 966, 205, 857, 989, 225, 228, 997, 359, 105, 109, 884, 373, 123, 124]
i =  25 [192, 385, 290, 715, 70, 513, 330, 11, 273, 658, 312, 7, 254]
i =  26 [875, 390, 775, 652, 597, 527, 21, 918, 663, 664, 409, 411, 29, 671, 162, 518, 427, 814, 432, 696, 543, 450, 324, 845, 717, 722, 595, 596, 213, 854, 473, 486, 999, 104, 615, 114, 502, 119, 120, 634, 469]
i =  27 [130, 645, 902, 493, 657, 147, 452, 922, 285, 36, 45, 558, 817, 436, 567, 196, 966, 205, 857, 989, 225, 228, 997, 359, 105, 109, 884, 373, 123, 124]
i =  28 [3, 325, 233, 843, 300, 333, 654, 847, 229, 50, 408, 858, 703, 478, 95]
i =  29 [384, 960, 99, 676, 805, 756, 746, 365, 14, 497, 707, 116, 846, 150, 185, 600, 697, 965, 283, 803, 581]
i =  30 [644, 521, 266, 599, 146, 260, 672, 804, 165, 168, 48, 694, 311, 57, 957, 709, 200, 458, 972, 977, 867, 212, 853, 727, 477, 227, 485, 614, 871, 874, 621, 755, 631, 596, 4]
i =  31 [3, 229, 233, 95, 843, 300, 333, 654, 847, 50, 408, 858, 703, 478, 325]
i =  32 [544, 323, 806, 934, 711, 552, 202, 199, 701, 433, 106, 921, 91, 445, 565]
i =  33 [384, 14, 150, 283, 965, 803, 676, 805, 116, 415, 960, 707, 581, 697, 846, 185, 600, 99, 746, 365, 497, 756]
i =  34 [576, 736, 674, 899, 662, 742, 745, 618, 395, 98, 110, 125, 339, 852, 245, 598, 88, 442, 349, 133]
i =  35 [928, 737, 357, 864, 906, 302, 272, 20, 633, 410, 859]
i =  36 [132, 515, 516, 6, 9, 778, 779, 268, 782, 783, 914, 772, 538, 543, 425, 944, 456, 308, 457, 699, 267, 712, 969, 588, 462, 981, 87, 986, 481, 827, 620, 881, 758]
i =  37 [897, 265, 402, 665, 30, 800, 35, 680, 170, 499, 437, 54, 568, 441, 571, 444, 446, 992, 840, 970, 459, 461, 974, 463, 210, 163, 342, 377, 985, 604, 352, 236, 237, 754, 467, 887, 889, 890, 891, 510]
i =  38 [546, 295, 252, 430, 303, 788, 174, 214, 153, 923, 980, 447]
i =  39 [1, 386, 519, 785, 275, 532, 917, 281, 794, 156, 26, 548, 422, 39, 669, 438, 439, 590, 855, 606, 489, 367, 115, 885, 509]
i =  40 [643, 904, 908, 399, 656, 531, 277, 535, 282, 796, 159, 161, 810, 43, 945, 841, 313, 314, 828, 574, 63, 578, 201, 501, 83, 468, 97, 763, 484, 958, 616, 364, 111, 629, 635, 508]
i =  41 [786, 19, 149, 721, 286, 420, 677, 423, 936, 299, 812, 431, 821, 55, 824, 575, 448, 963, 453, 73, 74, 203, 206, 207, 976, 209, 75, 470, 612, 863, 609, 356, 337, 873, 362, 239, 498, 371, 376, 381]
i =  42 [525, 155, 157, 670, 416, 929, 547, 549, 679, 815, 562, 179, 414, 573, 833, 837, 971, 81, 987, 351, 866, 611, 622]
i =  43 [736, 576, 674, 899, 133, 742, 662, 745, 618, 395, 98, 110, 125, 339, 852, 245, 598, 88, 442, 349]
i =  44 [774, 138, 12, 912, 145, 530, 659, 152, 25, 541, 287, 347, 421, 166, 625, 296, 860, 740, 813, 692, 567, 826, 60, 702, 193, 834, 839, 72, 78, 79, 465, 725, 24, 601, 90, 219, 988, 605, 293, 996, 358, 240, 369, 169, 511, 895]
i =  45 [641, 517, 262, 23, 140, 909, 274, 915, 278, 151, 539, 158, 32, 545, 34, 38, 938, 555, 940, 49, 180, 182, 184, 564, 956, 191, 822, 97, 587, 204, 589, 466, 215, 984, 608, 865, 700, 749, 241, 117]
i =  46 [171, 5, 405, 540, 967, 173, 51, 53, 823, 735, 829, 318, 964, 326, 455, 695, 336, 504, 851, 983, 730, 92, 222, 223, 995, 741, 747, 626, 888]
i =  47 [897, 265, 402, 665, 30, 800, 35, 163, 680, 170, 437, 54, 568, 441, 571, 444, 446, 992, 840, 970, 459, 461, 974, 463, 210, 467, 342, 889, 985, 604, 352, 236, 237, 754, 499, 887, 377, 890, 891, 510]
i =  48 [864, 928, 357, 737, 906, 302, 272, 20, 633, 410, 859]
i =  49 [897, 265, 402, 665, 30, 800, 35, 163, 680, 170, 437, 54, 568, 441, 571, 444, 446, 992, 840, 970, 459, 461, 974, 463, 210, 467, 342, 889, 985, 604, 352, 236, 237, 754, 499, 887, 377, 890, 891, 510]
i =  50 [213, 390, 775, 652, 527, 21, 918, 663, 664, 409, 411, 29, 671, 162, 518, 427, 814, 432, 999, 696, 569, 543, 450, 324, 717, 845, 722, 595, 596, 469, 854, 473, 486, 615, 104, 875, 748, 751, 114, 502, 119, 120, 634, 597]
i =  51 [768, 256, 388, 134, 903, 266, 396, 782, 655, 789, 661, 791, 280, 219, 129, 686, 690, 307, 181, 58, 321, 580, 327, 990, 586, 335, 208, 850, 910, 599, 603, 220, 861, 862, 607, 353, 483, 872, 363, 624, 890, 341]
i =  52 [337, 786, 19, 149, 286, 420, 677, 423, 936, 299, 812, 431, 821, 55, 824, 575, 448, 963, 453, 73, 74, 203, 206, 207, 976, 721, 75, 470, 612, 863, 609, 356, 209, 873, 362, 239, 498, 371, 376, 381]
i =  53 [784, 933, 968, 366, 464, 946, 878, 919, 378, 59]
i =  54 [875, 390, 775, 652, 597, 527, 21, 918, 663, 664, 409, 411, 29, 671, 162, 518, 427, 814, 432, 696, 569, 543, 450, 324, 845, 717, 722, 595, 596, 213, 854, 473, 486, 999, 104, 615, 748, 751, 114, 502, 119, 120, 634, 469]
i =  55 [256, 129, 388, 134, 903, 266, 396, 782, 655, 789, 661, 791, 280, 768, 219, 862, 686, 690, 307, 181, 58, 321, 580, 327, 586, 335, 208, 850, 910, 599, 603, 220, 861, 990, 607, 353, 483, 872, 363, 624, 890, 341]
i =  56 [384, 960, 803, 676, 805, 756, 581, 746, 365, 14, 497, 99, 116, 846, 707, 185, 600, 697, 283, 150, 965]
i =  57 [288, 2, 771, 932, 550, 838, 40, 491, 524, 802, 646, 175, 294, 526, 630, 639, 765, 309]
i =  58 [368, 514, 488, 16, 177, 118, 247, 792, 218, 475, 28, 570]
i =  59 [33, 770, 292, 101, 582, 647, 777, 557, 400, 593, 628, 725, 759, 856, 251, 637, 127]
i =  60 [769, 67, 164, 102, 13, 941, 419, 728, 953, 187]
i =  61 [641, 517, 262, 151, 140, 909, 274, 915, 278, 23, 539, 158, 32, 545, 34, 38, 938, 555, 940, 49, 564, 822, 184, 180, 956, 191, 182, 97, 587, 204, 589, 466, 215, 984, 608, 865, 700, 749, 241, 117]
i =  62 [257, 66, 37, 231, 107, 82, 687, 818, 148, 693, 566, 306, 731, 476, 413, 382]
i =  63 [832, 962, 197, 329, 42, 619, 364, 176, 474, 698]
i =  64 [258, 454, 264, 298, 331, 994, 563, 340, 533, 534, 948, 819, 383]
i =  65 [3, 325, 233, 843, 300, 333, 654, 847, 229, 50, 408, 858, 703, 478, 95]
i =  66 [261, 523, 780, 653, 911, 284, 31, 801, 931, 678, 551, 942, 178, 947, 440, 190, 65, 706, 651, 708, 69, 71, 716, 221, 734, 224, 993, 739, 868, 807, 876, 879, 62, 761]
i =  67 [576, 736, 674, 899, 133, 742, 662, 745, 618, 395, 98, 110, 339, 852, 245, 598, 88, 442, 125]
i =  68 [263, 907, 870, 167, 361, 951, 235, 332, 949, 950, 809]
i =  69 [641, 517, 262, 151, 140, 909, 274, 915, 278, 23, 539, 158, 32, 545, 34, 38, 938, 555, 940, 49, 564, 182, 184, 180, 956, 191, 822, 97, 587, 204, 589, 466, 215, 984, 608, 865, 700, 749, 241, 117]
i =  70 [261, 523, 780, 653, 911, 284, 31, 801, 931, 678, 551, 942, 178, 947, 440, 190, 65, 706, 651, 708, 69, 71, 716, 221, 734, 224, 993, 739, 868, 807, 876, 879, 62, 761]
i =  71 [389, 776, 393, 913, 403, 901, 935, 684, 46, 820, 649, 830, 705, 195, 584, 76, 591, 594, 724, 343, 869, 230, 360, 238, 753, 787, 248, 249, 250, 892, 255]
i =  72 [960, 384, 803, 676, 581, 756, 746, 365, 14, 497, 99, 116, 846, 707, 185, 600, 697, 965, 283, 150, 805]
i =  73 [232, 713, 172, 685, 397, 338, 211, 52, 536, 143, 668, 556]
i =  74 [896, 769, 131, 900, 773, 137, 396, 781, 142, 528, 529, 67, 406, 407, 793, 412, 926, 799, 675, 424, 937, 555, 941, 560, 434, 953, 954, 187, 188, 831, 194, 451, 328, 585, 973, 718, 848, 728, 217, 346, 731, 297, 482, 472, 613, 939, 492, 750, 893, 113, 126, 553, 121, 122, 380, 253, 894]
i =  75 [64, 320, 355, 924, 317, 189, 883, 84, 154, 506, 348, 762]
i =  76 [640, 512, 683, 103, 520, 842, 487, 877, 271, 816, 372, 638, 719, 572, 752, 394, 959]
i =  77 [132, 515, 772, 6, 9, 778, 779, 268, 782, 783, 914, 516, 538, 543, 425, 944, 456, 308, 457, 699, 267, 712, 969, 588, 462, 981, 87, 986, 481, 827, 620, 881, 758]
i =  78 [643, 904, 908, 399, 656, 531, 277, 535, 282, 796, 159, 161, 810, 43, 945, 841, 313, 314, 828, 574, 63, 578, 201, 501, 83, 468, 97, 635, 484, 958, 616, 364, 111, 629, 763, 508]
i =  79 [64, 320, 355, 762, 189, 883, 84, 154, 348, 506, 924, 317]
i =  80 [256, 129, 388, 134, 903, 266, 396, 782, 655, 789, 661, 791, 280, 768, 219, 862, 686, 690, 307, 181, 58, 321, 580, 327, 586, 335, 208, 850, 910, 599, 603, 220, 861, 990, 607, 353, 483, 872, 363, 624, 890, 341]
i =  81 [644, 521, 266, 599, 146, 260, 672, 804, 165, 168, 48, 694, 311, 57, 957, 709, 200, 458, 972, 977, 867, 212, 853, 727, 477, 227, 485, 614, 871, 874, 621, 755, 631, 596, 4]
i =  82 [391, 8, 139, 141, 22, 795, 798, 418, 561, 301, 943, 648, 315, 689, 577, 579, 460, 338, 345, 602, 733, 480, 610, 744, 494, 112, 374, 375, 507, 766]
i =  83 [643, 904, 908, 399, 656, 531, 277, 535, 282, 796, 159, 161, 810, 43, 945, 201, 313, 314, 828, 958, 63, 578, 841, 629, 83, 468, 574, 97, 635, 484, 616, 364, 111, 501, 763, 508]
i =  84 [641, 517, 262, 151, 140, 909, 274, 915, 278, 23, 539, 158, 32, 545, 34, 38, 938, 555, 940, 49, 564, 182, 184, 180, 956, 191, 822, 97, 587, 204, 589, 466, 215, 984, 608, 865, 700, 749, 241, 117]
i =  85 [259, 428, 522, 916, 279, 495, 797, 927, 930, 44, 310, 955, 10, 704, 835, 720, 344, 479, 592, 738, 871, 1000, 490, 623, 880, 627, 504, 505, 764, 767]
i =  86 [386, 774, 138, 12, 912, 145, 530, 659, 152, 25, 541, 287, 219, 293, 166, 369, 296, 860, 740, 813, 692, 567, 826, 60, 702, 193, 834, 839, 72, 78, 79, 465, 725, 24, 601, 90, 347, 988, 605, 421, 996, 358, 240, 625, 169, 632, 895, 511]
i =  87 [96, 304, 354, 291, 710, 998, 743, 136, 617, 429, 144, 808, 760, 825, 216, 831]
i =  88 [289, 387, 836, 198, 583, 650, 108, 270, 691, 920, 537, 234, 350, 319]
i =  89 [525, 155, 157, 670, 416, 929, 547, 549, 679, 815, 562, 179, 414, 56, 573, 833, 837, 971, 81, 987, 351, 866, 611, 622]
i =  90 [736, 576, 98, 899, 133, 742, 745, 618, 395, 598, 674, 110, 339, 244, 245, 662, 88, 852, 442, 125]
i =  91 [259, 428, 522, 916, 279, 623, 797, 927, 930, 44, 310, 955, 10, 704, 322, 835, 592, 344, 479, 720, 738, 871, 1000, 490, 495, 880, 627, 504, 505, 764, 767]
i =  92 [259, 44, 522, 916, 279, 623, 797, 30, 927, 800, 930, 170, 428, 310, 955, 10, 704, 835, 592, 849, 344, 479, 720, 738, 871, 1000, 490, 236, 237, 495, 880, 627, 504, 505, 764, 767]
i =  93 [257, 66, 37, 231, 682, 107, 818, 687, 82, 148, 693, 566, 306, 731, 476, 413, 382]
i =  94 [641, 517, 262, 151, 140, 909, 274, 915, 278, 23, 539, 158, 160, 545, 34, 38, 938, 555, 940, 49, 564, 182, 184, 180, 956, 191, 32, 822, 865, 587, 204, 589, 466, 215, 984, 608, 97, 700, 749, 241, 117]
i =  95 [260, 521, 266, 727, 398, 146, 4, 672, 804, 165, 168, 48, 694, 311, 57, 957, 709, 200, 458, 972, 977, 227, 212, 853, 599, 644, 477, 867, 485, 614, 871, 874, 621, 755, 631]
i =  96 [1, 386, 519, 785, 275, 532, 917, 281, 794, 156, 26, 548, 422, 39, 669, 438, 567, 439, 590, 855, 729, 606, 489, 367, 115, 885]
complete deal_communities
commplete get_all_nature_community
----------------------------------The detection result is: 

all communities: 
i =  1 : [19, 55, 73, 74, 75, 149, 203, 206, 207, 209, 239, 286, 299, 337, 356, 362, 371, 376, 381, 420, 423, 431, 448, 453, 470, 498, 575, 609, 612, 677, 721, 786, 812, 821, 824, 863, 873, 936, 963, 976]
i =  2 : [91, 106, 199, 202, 323, 433, 445, 544, 552, 565, 701, 711, 806, 921, 934]
i =  3 : [61, 77, 80, 86, 89, 94, 100, 186, 226, 242, 243, 305, 334, 370, 387, 392, 443, 449, 471, 500, 554, 688, 726, 886, 905, 952, 991]
i =  4 : [43, 63, 83, 97, 111, 159, 161, 201, 277, 282, 313, 314, 364, 399, 468, 484, 501, 508, 531, 535, 574, 578, 616, 629, 635, 643, 656, 763, 796, 810, 828, 841, 904, 908, 945, 958]
i =  5 : [15, 17, 18, 27, 41, 93, 128, 135, 246, 269, 276, 401, 404, 417, 459, 496, 503, 559, 636, 642, 660, 673, 681, 723, 732, 757, 790, 811, 844, 882, 898, 925, 961, 978, 979, 982]
i =  6 : [46, 76, 195, 230, 238, 248, 249, 250, 255, 343, 360, 389, 393, 403, 584, 591, 594, 649, 684, 705, 724, 753, 776, 787, 820, 830, 869, 892, 901, 913, 935]
i =  7 : [8, 22, 112, 139, 141, 301, 315, 338, 345, 374, 375, 391, 418, 460, 480, 494, 507, 561, 577, 579, 602, 610, 648, 689, 733, 744, 766, 795, 798, 943]
i =  8 : [31, 62, 65, 69, 71, 178, 190, 221, 224, 261, 284, 440, 523, 551, 651, 653, 678, 706, 708, 716, 734, 739, 761, 780, 801, 807, 868, 876, 879, 911, 931, 942, 947, 993]
i =  9 : [47, 68, 77, 85, 183, 316, 379, 426, 435, 542, 666, 667, 714, 975]
i =  10 : [58, 129, 134, 181, 208, 219, 220, 256, 266, 280, 307, 321, 327, 335, 341, 353, 363, 388, 396, 483, 580, 586, 599, 603, 607, 624, 655, 661, 686, 690, 768, 782, 789, 791, 850, 861, 862, 872, 890, 903, 910, 990]
i =  11 : [36, 45, 105, 109, 123, 124, 130, 147, 196, 205, 225, 228, 285, 359, 373, 436, 452, 493, 558, 567, 645, 657, 817, 857, 884, 902, 922, 966, 989, 997]
i =  12 : [7, 11, 70, 192, 254, 273, 290, 312, 330, 385, 513, 658, 715]
i =  13 : [3, 50, 95, 229, 233, 300, 325, 333, 408, 478, 654, 703, 843, 847, 858]
i =  14 : [14, 99, 116, 150, 185, 283, 365, 384, 415, 497, 581, 600, 676, 697, 707, 746, 756, 803, 805, 846, 960, 965]
i =  15 : [20, 272, 302, 357, 410, 633, 737, 859, 864, 906, 928]
i =  16 : [6, 9, 87, 132, 267, 268, 308, 425, 456, 457, 462, 481, 515, 516, 538, 543, 588, 620, 699, 712, 758, 772, 778, 779, 782, 783, 827, 881, 914, 944, 969, 981, 986]
i =  17 : [30, 35, 54, 163, 170, 210, 236, 237, 265, 342, 352, 377, 402, 437, 441, 444, 446, 459, 461, 463, 467, 499, 510, 568, 571, 604, 665, 680, 754, 800, 840, 887, 889, 890, 891, 897, 970, 974, 985, 992]
i =  18 : [153, 174, 214, 252, 295, 303, 430, 447, 546, 788, 923, 980]
i =  19 : [5, 51, 53, 92, 171, 173, 222, 223, 318, 326, 336, 405, 455, 504, 540, 626, 695, 730, 735, 741, 747, 823, 829, 851, 888, 964, 967, 983, 995]
i =  20 : [21, 29, 104, 114, 119, 120, 162, 213, 324, 390, 409, 411, 427, 432, 450, 469, 473, 486, 502, 518, 527, 543, 569, 595, 596, 597, 615, 634, 652, 663, 664, 671, 696, 717, 722, 748, 751, 775, 814, 845, 854, 875, 918, 999]
i =  21 : [59, 366, 378, 464, 784, 878, 919, 933, 946, 968]
i =  22 : [2, 40, 175, 288, 294, 309, 491, 524, 526, 550, 630, 639, 646, 765, 771, 802, 838, 932]
i =  23 : [16, 28, 118, 177, 218, 247, 368, 475, 488, 514, 570, 792]
i =  24 : [33, 101, 127, 251, 292, 400, 557, 582, 593, 628, 637, 647, 725, 759, 770, 777, 856]
i =  25 : [13, 67, 102, 164, 187, 419, 728, 769, 941, 953]
i =  26 : [42, 176, 197, 329, 364, 474, 619, 698, 832, 962]
i =  27 : [258, 264, 298, 331, 340, 383, 454, 533, 534, 563, 819, 948, 994]
i =  28 : [167, 235, 263, 332, 361, 809, 870, 907, 949, 950, 951]
i =  29 : [52, 143, 172, 211, 232, 338, 397, 536, 556, 668, 685, 713]
i =  30 : [67, 113, 121, 122, 126, 131, 137, 142, 187, 188, 194, 217, 253, 297, 328, 346, 380, 396, 406, 407, 412, 424, 434, 451, 472, 482, 492, 528, 529, 553, 555, 560, 585, 613, 675, 718, 728, 731, 750, 769, 773, 781, 793, 799, 831, 848, 893, 894, 896, 900, 926, 937, 939, 941, 953, 954, 973]
i =  31 : [64, 84, 154, 189, 317, 320, 348, 355, 506, 762, 883, 924]
i =  32 : [103, 271, 372, 394, 487, 512, 520, 572, 638, 640, 683, 719, 752, 816, 842, 877, 959]
i =  33 : [12, 24, 25, 60, 72, 78, 79, 90, 138, 145, 152, 166, 169, 193, 219, 240, 287, 293, 296, 347, 358, 369, 386, 421, 465, 511, 530, 541, 567, 601, 605, 625, 632, 659, 692, 702, 725, 740, 774, 813, 826, 834, 839, 860, 895, 912, 988, 996]
i =  34 : [96, 136, 144, 216, 291, 304, 354, 429, 617, 710, 743, 760, 808, 825, 831, 998]
i =  35 : [108, 198, 234, 270, 289, 319, 350, 387, 537, 583, 650, 691, 836, 920]
i =  36 : [56, 81, 155, 157, 179, 351, 414, 416, 525, 547, 549, 562, 573, 611, 622, 670, 679, 815, 833, 837, 866, 929, 971, 987]
i =  37 : [37, 66, 82, 107, 148, 231, 257, 306, 382, 413, 476, 566, 682, 687, 693, 731, 818]
i =  38 : [23, 32, 34, 38, 49, 97, 117, 140, 151, 158, 160, 180, 182, 184, 191, 204, 215, 241, 262, 274, 278, 466, 517, 539, 545, 555, 564, 587, 589, 608, 641, 700, 749, 822, 865, 909, 915, 938, 940, 956, 984]
i =  39 : [4, 48, 57, 146, 165, 168, 200, 212, 227, 260, 266, 311, 398, 458, 477, 485, 521, 596, 599, 614, 621, 631, 644, 672, 694, 709, 727, 755, 804, 853, 867, 871, 874, 957, 972, 977]
i =  40 : [1, 26, 39, 115, 156, 275, 281, 367, 386, 422, 438, 439, 489, 509, 519, 532, 548, 567, 590, 606, 669, 729, 785, 794, 855, 885, 917]
i =  41 : [88, 98, 110, 125, 133, 244, 245, 339, 349, 395, 442, 576, 598, 618, 662, 674, 736, 742, 745, 852, 899]
i =  42 : [10, 30, 44, 170, 236, 237, 259, 279, 310, 322, 344, 428, 479, 490, 495, 504, 505, 522, 592, 623, 627, 704, 720, 738, 764, 767, 797, 800, 835, 849, 871, 880, 916, 927, 930, 955, 1000]
overlapping nodes are:  [30, 67, 77, 97, 170, 187, 219, 236, 237, 266, 338, 364, 386, 387, 396, 459, 504, 543, 555, 567, 596, 599, 725, 728, 731, 769, 782, 800, 831, 871, 890, 941, 953] 
 NOO is:  33
total time is:  1798.95212913
