nodes: [1, 166, 355, 832, 92, 99, 703, 755, 816, 639, 736, 295, 391, 255, 531, 39, 61, 363, 184, 56, 978, 168, 586, 189, 438, 257, 466, 645, 887, 123, 513, 881, 677, 682, 882, 915, 976, 705, 380, 768, 728, 277, 313, 633, 713, 243, 100, 365, 625, 939, 783, 980, 120, 378, 718, 704, 826, 388, 730, 908, 970, 297, 46, 614, 30, 258, 267, 309, 450, 608, 84, 110, 137, 294, 339, 501, 747, 956, 96, 670, 767, 830, 898, 937, 62, 119, 249, 389, 664, 665, 674, 751, 802, 847, 859, 863, 891, 990, 54, 227, 262, 285, 356, 672, 722, 770, 25, 44, 164, 264, 332, 399, 504, 738, 788, 828, 876, 914, 74, 88, 198, 336, 413, 460, 542, 597, 644, 648, 959, 70, 155, 159, 342, 393, 427, 650, 688, 709, 791, 799, 800, 806, 992, 997, 36, 43, 117, 254, 256, 354, 372, 453, 486, 585, 829, 899, 936, 50, 89, 113, 202, 220, 239, 302, 326, 335, 361, 442, 448, 553, 554, 576, 594, 662, 819, 864, 870, 878, 941, 953, 987] num of nodes:  181
[[1, 495, 11, 763, 679], [166, 266, 884, 406], [23, 560, 355, 845, 591], [177, 832, 568, 11], [57, 772, 197, 92, 370, 547], [16, 99, 681, 577, 786], [20, 948, 312, 703], [13, 755, 384, 924, 578, 842, 717], [3, 640, 816, 40, 733], [22, 424, 201, 639], [112, 779, 736, 178], [272, 604, 295, 306, 472, 325], [180, 403, 391, 593, 808, 293], [153, 986, 515, 961, 255, 602], [21, 531, 151, 172], [39, 780, 523, 921, 188], [61, 222, 993, 73, 716], [177, 363, 366, 750, 185, 559], [31, 928, 98, 1000, 184], [56, 853, 480, 681], [53, 568, 964, 634, 978], [45, 439, 168], [6, 471, 506, 586], [189, 439, 658, 923], [146, 175, 345, 438], [8, 165, 42, 257], [29, 466, 495], [9, 645, 72], [507, 994, 913, 887, 512], [123, 683, 178, 632], [112, 642, 513], [520, 803, 881, 555, 742], [169, 677, 394, 652], [462, 497, 894, 682, 487], [18, 793, 882, 889], [12, 869, 915], [20, 443, 976], [139, 705, 440, 449], [8, 281, 380, 200], [127, 768, 447, 421, 518], [108, 950, 728, 616], [277, 909, 312, 673], [9, 232, 820, 313], [29, 892, 449, 633], [201, 642, 211, 424, 713], [4, 547, 243], [100, 921, 122, 974], [6, 519, 365], [32, 293, 593, 625, 426], [203, 649, 939, 958], [544, 783, 762, 652], [21, 814, 980], [120, 190, 147, 572, 341], [151, 386, 378], [31, 193, 638, 718], [85, 86, 935, 562, 704], [2, 526, 826], [388, 495, 93, 605], [347, 730, 808, 403], [124, 908, 818], [2, 970, 669], [218, 297, 537], [46, 472, 306, 272, 604], [59, 288, 614], [30, 750, 177, 185], [118, 304, 369, 258], [82, 749, 618, 267, 491], [169, 309, 706], [76, 450, 789], [73, 608, 993, 222], [21, 818, 84], [57, 110, 484], [53, 568, 137, 634], [21, 172, 294], [260, 339, 617, 943], [422, 210, 501, 487], [201, 747, 362], [201, 948, 956], [96, 230, 647, 843], [208, 670, 965, 638], [234, 857, 767], [21, 280, 234, 830], [8, 898, 456], [435, 583, 937], [62, 226, 210, 67], [119, 480, 515, 750], [71, 201, 249], [234, 857, 784, 389], [224, 228, 571, 664], [31, 928, 98, 665], [76, 514, 674], [224, 763, 751], [147, 190, 341, 802], [228, 847, 892], [177, 859, 185, 328], [37, 546, 863], [158, 433, 217, 437, 891], [523, 780, 990, 921], [54, 506, 651], [227, 938, 894], [191, 262, 772, 292], [29, 285, 398], [147, 562, 356], [228, 571, 996, 672], [411, 467, 640, 722], [57, 770, 487], [25, 571, 228], [44, 549, 59, 991], [164, 772, 456], [19, 803, 264], [22, 209, 332], [33, 822, 399, 160], [165, 504, 817], [38, 738, 628], [293, 370, 788], [131, 901, 632, 828], [228, 571, 996, 876], [108, 950, 914], [74, 901], [88, 131, 318], [198, 592, 574, 822], [188, 532, 336], [413, 489, 954], [460, 888, 312], [67, 584, 210, 542], [27, 647, 597], [288, 291, 644], [55, 648], [34, 959], [70, 955, 988], [155, 454, 794], [159, 838], [86, 935, 342], [40, 733, 393], [250, 427], [95, 650], [688, 866, 837], [21, 709, 306], [321, 791], [519, 799, 885], [9, 232, 800], [602, 986, 806], [222, 183, 992], [143, 922, 997], [36, 67, 584], [43, 73, 727], [6, 117], [3, 640, 254], [28, 256], [16, 354, 169], [85, 372], [81, 453, 955], [55, 550, 486], [539, 675, 585], [22, 829, 348], [98, 899, 985], [82, 936], [50, 475], [89, 579, 369, 118], [73, 113], [202, 874], [220, 840, 334], [9, 232, 239], [302, 563, 635], [167, 517, 326], [335, 233, 689], [3, 361], [417, 442, 757], [448, 968, 617], [409, 312, 553], [424, 554, 642], [225, 280, 857, 576], [115, 594], [201, 662, 211], [18, 819], [8, 864], [32, 712, 870], [497, 878, 938], [192, 941], [913, 994, 953], [24, 987]]
len of cliques:  181
length of seeds:  161
i =  0 [384, 128, 578, 452, 902, 7, 552, 842, 199, 717, 13, 336, 83, 532, 629, 755, 149, 404, 924, 458, 213]
i =  1 [512, 269, 654, 275, 282, 795, 947, 682, 819, 186, 332, 973, 462, 212, 590, 215, 856, 864, 227, 487, 878, 637, 497, 754, 507, 938, 894]
i =  2 [6, 519, 141, 914, 536, 799, 368, 420, 390, 298, 687, 950, 586, 212, 471, 728, 732, 864, 481, 227, 616, 108, 880, 500, 885, 506, 765]
i =  3 [771, 141, 527, 144, 899, 790, 919, 665, 412, 670, 31, 928, 624, 162, 687, 52, 184, 959, 193, 965, 711, 718, 208, 465, 855, 989, 94, 98, 485, 1000, 492, 880, 241, 242, 638]
i =  4 [928, 65, 98, 899, 775, 1000, 393, 141, 687, 880, 855, 665, 412, 31]
i =  5 [864, 577, 835, 36, 829, 358, 641, 872, 907, 495, 43, 466, 949, 854, 343, 536, 420, 444, 29, 542, 543]
i =  6 [864, 420, 709, 294, 594, 814, 818, 115, 84, 21, 36, 287, 444, 349, 543]
i =  7 [692, 802, 356, 101, 809, 130, 590, 335, 562, 275, 468, 147, 25, 813, 819]
i =  8 [959, 70, 231, 297, 107, 460, 796, 145, 988, 275, 533, 819, 955, 316, 125, 511]
i =  9 [550, 486, 711, 45, 688, 55, 315]
i =  10 [512, 994, 868, 887, 975, 913, 405, 534, 759, 953, 507]
i =  11 [132, 262, 685, 17, 788, 772, 794, 155, 284, 543, 34, 547, 292, 933, 806, 45, 814, 952, 57, 827, 828, 959, 65, 322, 708, 197, 454, 696, 84, 469, 164, 92, 221, 479, 864, 482, 251, 484, 615, 744, 746, 110, 370, 884, 191, 509]
i =  12 [768, 421, 518, 940, 396, 687, 489, 248, 954, 127, 413, 447]
i =  13 [900, 425, 427, 189, 176, 658, 212, 439, 244, 282, 923, 442, 287]
i =  14 [386, 811, 388, 904, 14, 662, 801, 807, 220, 43, 93, 315, 956, 246, 326, 854, 476, 605, 606, 495, 114, 758, 253]
i =  15 [802, 667, 132, 936, 265, 170, 459, 748, 274, 622, 50, 147, 500, 341, 120, 25, 154, 595, 572, 190, 309]
i =  16 [645, 9, 650, 413, 800, 291, 38, 687, 954, 829, 72, 931, 343, 860, 606, 95, 739, 232, 489, 494, 239, 499, 244, 761]
i =  17 [194, 707, 484, 197, 615, 744, 748, 132, 396, 685, 110, 814, 788, 469, 694, 57, 509, 150, 565]
i =  18 [864, 929, 770, 420, 709, 262, 487, 744, 788, 823, 57, 444, 509, 543]
i =  19 [65, 482, 155, 933, 454, 744, 298, 267, 204, 34, 806, 788, 794, 827, 509]
i =  20 [675, 585, 987, 116, 181, 374, 539]
i =  21 [325, 838, 295, 936, 444, 907, 844, 301, 46, 463, 272, 306, 693, 694, 472, 697, 604, 573, 565]
i =  22 [642, 904, 782, 662, 936, 428, 308, 821, 713, 315, 956, 246, 326, 201, 211, 596, 476, 606, 609, 995, 362, 424, 758, 375, 253]
i =  23 [864, 278, 771, 101, 326, 241, 107, 175, 758, 146, 438, 87, 249, 922, 335, 345]
i =  24 [641, 610, 347, 357, 711, 808, 545, 327, 159, 623, 880, 49, 403, 149, 567, 601, 730, 688, 412, 661]
i =  25 [481, 930, 229, 518, 321, 328, 209, 174, 79, 177, 914, 30, 823, 24, 185, 859, 5, 862, 127]
i =  26 [513, 642, 995, 327, 554, 492, 590, 112, 145, 273, 275, 821, 792, 819, 698, 315, 476, 253, 159]
i =  27 [386, 135, 269, 14, 531, 788, 21, 151, 543, 294, 42, 172, 686, 818, 186, 287, 220, 349, 864, 490, 115, 503, 509]
i =  28 [672, 224, 771, 228, 998, 551, 972, 876, 664, 25, 443, 60, 996, 571]
i =  29 [704, 607, 5, 935, 746, 431, 465, 562, 85, 342, 695, 374, 239, 86, 575]
i =  30 [797, 598, 778, 274, 829, 498, 245, 22, 348, 925, 637]
i =  31 [385, 391, 664, 403, 661, 279, 24, 412, 159, 672, 545, 930, 676, 293, 808, 426, 180, 624, 316, 32, 68, 712, 331, 593, 338, 595, 730, 347, 867, 357, 870, 871, 105, 623, 880, 625, 787, 149]
i =  32 [385, 391, 664, 403, 149, 279, 24, 412, 159, 672, 545, 930, 676, 293, 808, 426, 180, 316, 32, 68, 880, 712, 331, 593, 338, 595, 855, 730, 347, 867, 357, 870, 871, 105, 623, 624, 625, 787, 661]
i =  33 [257, 770, 483, 165, 134, 551, 8, 42, 354, 431, 200, 291, 377, 698, 831]
i =  34 [264, 778, 366, 24, 157, 30, 930, 91, 298, 299, 177, 310, 823, 185, 10, 328, 724, 725, 697, 859, 481, 363, 750]
i =  35 [100, 130, 523, 804, 72, 300, 75, 780, 813, 974, 136, 307, 691, 761, 921, 122, 282, 990, 895]
i =  36 [739, 869, 12, 140, 915, 489, 413]
i =  37 [864, 262, 201, 362, 747, 879, 662, 521, 696, 543]
i =  38 [385, 772, 262, 521, 279, 413, 543, 420, 941, 305, 694, 707, 710, 456, 202, 594, 852, 164, 223, 864, 872, 242]
i =  39 [838, 40, 393, 117, 855, 379, 733, 159]
i =  40 [864, 98, 771, 420, 5, 775, 241, 899, 150, 985]
i =  41 [515, 65, 776, 659, 153, 602, 415, 676, 806, 691, 564, 702, 961, 962, 451, 216, 729, 986, 870, 237, 494, 496, 195, 255]
i =  42 [802, 667, 132, 936, 265, 170, 459, 748, 274, 622, 50, 147, 500, 341, 120, 25, 154, 595, 572, 190, 309]
i =  43 [768, 259, 518, 396, 413, 164, 421, 809, 711, 940, 687, 688, 178, 691, 683, 447, 709, 327, 632, 852, 954, 123, 489, 883, 248, 635, 764, 127]
i =  44 [833, 258, 227, 133, 385, 304, 369, 579, 212, 565, 694, 376, 89, 867, 118, 181]
i =  45 [772, 262, 788, 794, 155, 284, 543, 547, 292, 806, 311, 827, 191, 65, 708, 197, 454, 469, 164, 92, 479, 482, 744, 746, 509]
i =  46 [482, 771, 998, 902, 903, 522, 972, 333, 976, 115, 594, 371, 340, 181, 20, 916, 987, 443]
i =  47 [642, 904, 522, 782, 662, 792, 424, 428, 308, 821, 201, 948, 315, 956, 246, 326, 713, 211, 596, 476, 606, 609, 995, 362, 936, 758, 375, 253]
i =  48 [51, 610, 803, 742, 881, 264, 555, 305, 19, 852, 735, 520]
i =  49 [610, 837, 327, 711, 866, 688, 474]
i =  50 [805, 840, 316, 524, 269, 14, 145, 275, 334, 590, 819, 220, 78]
i =  51 [264, 10, 366, 24, 30, 930, 91, 298, 299, 174, 559, 177, 310, 823, 185, 778, 328, 332, 464, 209, 338, 724, 725, 697, 859, 220, 481, 363, 750]
i =  52 [704, 607, 5, 935, 746, 431, 465, 562, 85, 342, 695, 374, 239, 86, 575]
i =  53 [129, 354, 868, 677, 711, 169, 394, 652, 385, 595, 630, 279, 202, 997]
i =  54 [608, 992, 611, 900, 694, 993, 73, 716, 941, 654, 751, 176, 113, 883, 52, 150, 700, 707, 222]
i =  55 [672, 224, 771, 996, 998, 551, 972, 876, 664, 228, 443, 60, 571]
i =  56 [547, 4, 433, 746, 107, 812, 45, 145, 243, 52, 437, 694, 535, 852, 217, 891, 828, 541, 158, 565]
i =  57 [576, 707, 389, 326, 234, 557, 784, 758, 87, 280, 857, 767]
i =  58 [834, 265, 332, 209, 50, 947, 372, 22, 984, 829]
i =  59 [864, 416, 420, 709, 262, 957, 521, 554, 697, 349, 306, 115, 21, 311, 36, 186, 287, 444, 906, 543]
i =  60 [800, 739, 829, 38, 232, 9, 239, 499, 343, 860, 931, 95]
i =  61 [1, 2, 3, 4, 5, 6, 7, 8, 9, 10, 11, 12, 13, 14, 15, 16, 17, 18, 19, 20, 21, 22, 23, 24, 25, 26, 27, 28, 29, 30, 31, 32, 33, 34, 35, 36, 37, 38, 39, 40, 41, 42, 43, 44, 45, 46, 47, 48, 49, 50, 51, 52, 53, 54, 55, 56, 57, 58, 59, 60, 61, 62, 63, 64, 65, 66, 67, 68, 69, 70, 71, 72, 73, 74, 75, 76, 77, 78, 79, 80, 81, 82, 83, 84, 85, 86, 87, 88, 89, 90, 91, 92, 93, 94, 95, 96, 97, 98, 99, 100, 101, 102, 103, 104, 105, 106, 107, 108, 109, 110, 111, 112, 113, 114, 115, 116, 117, 118, 119, 120, 121, 122, 123, 124, 125, 126, 127, 128, 129, 130, 131, 132, 133, 134, 135, 136, 137, 138, 139, 140, 141, 142, 143, 144, 145, 146, 147, 148, 149, 150, 151, 152, 153, 154, 155, 156, 157, 158, 159, 160, 161, 162, 163, 164, 165, 166, 167, 168, 169, 170, 171, 172, 173, 174, 175, 176, 177, 178, 179, 180, 181, 182, 183, 184, 185, 186, 187, 188, 189, 190, 191, 192, 193, 194, 195, 196, 197, 198, 199, 200, 201, 202, 203, 204, 205, 206, 207, 208, 209, 210, 211, 212, 213, 214, 215, 216, 217, 218, 219, 220, 221, 222, 223, 224, 225, 226, 227, 228, 229, 230, 231, 232, 233, 234, 235, 236, 237, 238, 239, 240, 241, 242, 243, 244, 245, 246, 247, 248, 249, 250, 251, 252, 253, 254, 255, 256, 257, 258, 259, 260, 261, 262, 263, 264, 265, 266, 267, 268, 269, 270, 271, 272, 273, 274, 275, 276, 277, 278, 279, 280, 281, 282, 283, 284, 285, 286, 287, 288, 289, 290, 291, 292, 293, 294, 295, 296, 297, 298, 299, 300, 301, 302, 303, 304, 305, 306, 307, 308, 309, 310, 311, 312, 313, 314, 315, 316, 317, 318, 319, 320, 321, 322, 323, 324, 325, 326, 327, 328, 329, 330, 331, 332, 333, 334, 335, 336, 337, 338, 339, 340, 341, 342, 343, 344, 345, 346, 347, 348, 349, 350, 351, 352, 353, 354, 355, 356, 357, 358, 359, 360, 361, 362, 363, 364, 365, 366, 367, 368, 369, 370, 371, 372, 373, 374, 375, 376, 377, 378, 379, 380, 381, 382, 383, 384, 385, 386, 387, 388, 389, 390, 391, 392, 393, 394, 395, 396, 397, 398, 399, 400, 401, 402, 403, 404, 405, 406, 407, 408, 409, 410, 411, 412, 413, 414, 415, 416, 417, 418, 419, 420, 421, 422, 423, 424, 425, 426, 427, 428, 429, 430, 431, 432, 433, 434, 435, 436, 437, 438, 439, 440, 441, 442, 443, 444, 445, 446, 447, 448, 449, 450, 451, 452, 453, 454, 455, 456, 457, 458, 459, 460, 461, 462, 463, 464, 465, 466, 467, 468, 469, 470, 471, 472, 473, 474, 475, 476, 477, 478, 479, 480, 481, 482, 483, 484, 485, 486, 487, 488, 489, 490, 491, 492, 493, 494, 495, 496, 497, 498, 499, 500, 501, 502, 503, 504, 505, 506, 507, 508, 509, 510, 511, 512, 513, 514, 515, 516, 517, 518, 519, 520, 521, 522, 523, 524, 525, 526, 527, 528, 529, 530, 531, 532, 533, 534, 535, 536, 537, 538, 539, 540, 541, 542, 543, 544, 545, 546, 547, 548, 549, 550, 551, 552, 553, 554, 555, 556, 557, 558, 559, 560, 561, 562, 563, 564, 565, 566, 567, 568, 569, 570, 571, 572, 573, 574, 575, 576, 577, 578, 579, 580, 581, 582, 583, 584, 585, 586, 587, 588, 589, 590, 591, 592, 593, 594, 595, 596, 597, 598, 599, 600, 601, 602, 603, 604, 605, 606, 607, 608, 609, 610, 611, 612, 613, 614, 615, 616, 617, 618, 619, 620, 621, 622, 623, 624, 625, 626, 627, 628, 629, 630, 631, 632, 633, 634, 635, 636, 637, 638, 639, 640, 641, 642, 643, 644, 645, 646, 647, 648, 649, 650, 651, 652, 653, 654, 655, 656, 657, 658, 659, 660, 661, 662, 663, 664, 665, 666, 667, 668, 669, 670, 671, 672, 673, 674, 675, 676, 677, 678, 679, 680, 681, 682, 683, 684, 685, 686, 687, 688, 689, 690, 691, 692, 693, 694, 695, 696, 697, 698, 699, 700, 701, 702, 703, 704, 705, 706, 707, 708, 709, 710, 711, 712, 713, 714, 715, 716, 717, 718, 719, 720, 721, 722, 723, 724, 725, 726, 727, 728, 729, 730, 731, 732, 733, 734, 735, 736, 737, 738, 739, 740, 741, 742, 743, 744, 745, 746, 747, 748, 749, 750, 751, 752, 753, 754, 755, 756, 757, 758, 759, 760, 761, 762, 763, 764, 765, 766, 767, 768, 769, 770, 771, 772, 773, 774, 775, 776, 777, 778, 779, 780, 781, 782, 783, 784, 785, 786, 787, 788, 789, 790, 791, 792, 793, 794, 795, 796, 797, 798, 799, 800, 801, 802, 803, 804, 805, 806, 807, 808, 809, 810, 811, 812, 813, 814, 815, 816, 817, 818, 819, 820, 821, 822, 823, 824, 825, 826, 827, 828, 829, 830, 831, 832, 833, 834, 835, 836, 837, 838, 839, 840, 841, 842, 843, 844, 845, 846, 847, 848, 849, 850, 851, 852, 853, 854, 855, 856, 857, 858, 859, 860, 861, 862, 863, 864, 865, 866, 867, 868, 869, 870, 871, 872, 873, 874, 875, 876, 877, 878, 879, 880, 881, 882, 883, 884, 885, 886, 887, 888, 889, 890, 891, 892, 893, 894, 895, 896, 897, 898, 899, 900, 901, 902, 903, 904, 905, 906, 907, 908, 909, 910, 911, 912, 913, 914, 915, 916, 917, 918, 919, 920, 921, 922, 923, 924, 925, 926, 927, 928, 929, 930, 931, 932, 933, 934, 935, 936, 937, 938, 939, 940, 941, 942, 943, 944, 945, 946, 947, 948, 949, 950, 951, 952, 953, 954, 955, 956, 957, 958, 959, 960, 961, 962, 963, 964, 965, 966, 967, 968, 969, 970, 971, 972, 973, 974, 975, 976, 977, 978, 979, 980, 981, 982, 983, 984, 985, 986, 987, 988, 989, 990, 991, 992, 993, 994, 995, 996, 997, 998, 999, 1000]
i =  62 [907, 272, 157, 295, 299, 684, 301, 46, 306, 565, 694, 311, 697, 444, 573, 693, 960, 325, 838, 844, 79, 472, 463, 604, 867, 367, 626]
i =  63 [933, 966, 275, 425, 74, 882, 432, 18, 51, 889, 793, 851, 699, 650, 819]
i =  64 [96, 97, 290, 35, 68, 805, 230, 647, 137, 843, 775, 978, 947, 53, 105, 568, 964, 634, 27, 509, 63]
i =  65 [640, 733, 3, 5, 393, 411, 48, 807, 552, 425, 303, 816, 821, 182, 696, 319, 833, 200, 722, 467, 90, 477, 117, 375, 379]
i =  66 [6, 519, 15, 88, 914, 799, 34, 420, 950, 318, 117, 962, 323, 338, 212, 728, 481, 616, 108, 365, 756, 885]
i =  67 [864, 898, 488, 456, 650, 354, 941, 17, 594, 116, 8, 543, 346, 95, 200, 223]
i =  68 [385, 134, 279, 281, 796, 165, 806, 302, 817, 692, 569, 700, 831, 833, 200, 202, 212, 90, 227, 245, 504, 635, 380]
i =  69 [34, 420, 519, 108, 914, 885, 799]
i =  70 [962, 323, 834, 302, 15, 338, 563, 756, 691, 365, 248, 635, 701]
i =  71 [644, 138, 396, 15, 150, 23, 413, 291, 560, 305, 694, 824, 954, 64, 707, 845, 591, 376, 355, 486, 489, 244, 248, 254]
i =  72 [34, 491, 618, 267, 130, 749, 82, 778, 245, 221]
i =  73 [449, 906, 139, 398, 24, 29, 927, 41, 554, 430, 181, 440, 957, 705, 582, 87, 987, 732, 862, 743, 620, 502, 633, 892]
i =  74 [448, 641, 260, 326, 872, 617, 43, 943, 339, 606, 758, 536, 271, 732, 542, 734]
i =  75 [771, 278, 392, 138, 150, 23, 920, 288, 801, 549, 44, 560, 692, 59, 700, 64, 970, 845, 591, 991, 627, 244, 760, 254]
i =  76 [864, 129, 107, 836, 709, 904, 395, 814, 79, 241, 594, 115, 980, 21, 771, 420, 444, 36]
i =  77 [65, 34, 583, 937, 171, 482, 435, 155, 959]
i =  78 [738, 38, 711, 393, 834, 688, 156, 628, 855, 316, 861]
i =  79 [800, 739, 829, 38, 232, 9, 239, 499, 343, 860, 931, 95]
i =  80 [517, 326, 167, 758, 375, 606]
i =  81 [480, 577, 912, 99, 773, 872, 681, 43, 77, 302, 16, 786, 931, 853, 119, 56, 371, 26, 603]
i =  82 [4, 433, 812, 145, 52, 437, 535, 217, 891, 541, 158]
i =  83 [864, 354, 291, 420, 134, 8, 585, 200, 756, 374, 281, 698, 539, 380]
i =  84 [641, 130, 709, 422, 487, 872, 809, 711, 173, 335, 210, 372, 501, 726, 52, 879, 989, 542, 101]
i =  85 [160, 33, 899, 69, 198, 417, 973, 399, 592, 883, 757, 822, 377, 771, 985, 250, 335, 442, 574, 621]
i =  86 [386, 142, 14, 434, 846, 151, 378, 220, 405]
i =  87 [864, 771, 420, 421, 711, 201, 74, 71, 396, 688, 241, 931, 821, 662, 536, 249, 156, 696, 543]
i =  88 [707, 293, 305, 744, 45, 413, 648, 370, 180, 565, 694, 788, 117, 509, 479]
i =  89 [65, 635, 644, 806, 987, 602, 237, 302, 285, 691, 564, 654, 153, 986, 155, 701, 995]
i =  90 [130, 611, 101, 775, 233, 650, 335, 689, 601, 953, 751, 223]
i =  91 [640, 3, 393, 148, 533, 807, 40, 477, 816, 692, 696, 316, 319, 833, 844, 596, 90, 733, 610, 876, 623, 254]
i =  92 [992, 737, 930, 933, 166, 775, 266, 338, 271, 176, 594, 274, 884, 406, 664, 468, 442, 700, 998]
i =  93 [34, 420, 519, 616, 108, 914, 212, 885, 950, 728]
i =  94 [96, 290, 35, 964, 230, 647, 323, 843, 27, 275, 597, 819, 867, 395, 509]
i =  95 [418, 259, 164, 997, 327, 746, 711, 610, 223, 688, 24, 883, 852, 131, 632, 901, 987, 828, 650, 735, 181]
i =  96 [2, 868, 326, 390, 359, 970, 526, 15, 785, 212, 758, 826, 606]
i =  97 [514, 171, 612, 455, 812, 811, 76, 674, 947, 372, 756, 489, 984, 516, 834, 413]
i =  98 [34, 420, 519, 616, 108, 914, 212, 885, 950, 728]
i =  99 [992, 130, 611, 900, 101, 809, 751, 271, 183, 953, 335, 222]
i =  100 [385, 417, 361, 202, 757, 279, 442]
i =  101 [130, 523, 780, 532, 691, 921, 666, 926, 804, 39, 809, 813, 307, 188, 72, 75, 336, 984, 420, 990, 353, 611, 101, 103, 879, 372, 761]
i =  102 [1, 2, 3, 4, 5, 6, 7, 8, 9, 10, 11, 12, 13, 14, 15, 16, 17, 18, 19, 20, 21, 22, 23, 24, 25, 26, 27, 28, 29, 30, 31, 32, 33, 34, 35, 36, 37, 38, 39, 40, 41, 42, 43, 44, 45, 46, 47, 48, 49, 50, 51, 52, 53, 54, 55, 56, 57, 58, 59, 60, 61, 62, 63, 64, 65, 66, 67, 68, 69, 70, 71, 72, 73, 74, 75, 76, 77, 78, 79, 80, 81, 82, 83, 84, 85, 86, 87, 88, 89, 90, 91, 92, 93, 94, 95, 96, 97, 98, 99, 100, 101, 102, 103, 104, 105, 106, 107, 108, 109, 110, 111, 112, 113, 114, 115, 116, 117, 118, 119, 120, 121, 122, 123, 124, 125, 126, 127, 128, 129, 130, 131, 132, 133, 134, 135, 136, 137, 138, 139, 140, 141, 142, 143, 144, 145, 146, 147, 148, 149, 150, 151, 152, 153, 154, 155, 156, 157, 158, 159, 160, 161, 162, 163, 164, 165, 166, 167, 168, 169, 170, 171, 172, 173, 174, 175, 176, 177, 178, 179, 180, 181, 182, 183, 184, 185, 186, 187, 188, 189, 190, 191, 192, 193, 194, 195, 196, 197, 198, 199, 200, 201, 202, 203, 204, 205, 206, 207, 208, 209, 210, 211, 212, 213, 214, 215, 216, 217, 218, 219, 220, 221, 222, 223, 224, 225, 226, 227, 228, 229, 230, 231, 232, 233, 234, 235, 236, 237, 238, 239, 240, 241, 242, 243, 244, 245, 246, 247, 248, 249, 250, 251, 252, 253, 254, 255, 256, 257, 258, 259, 260, 261, 262, 263, 264, 265, 266, 267, 268, 269, 270, 271, 272, 273, 274, 275, 276, 277, 278, 279, 280, 281, 282, 283, 284, 285, 286, 287, 288, 289, 290, 291, 292, 293, 294, 295, 296, 297, 298, 299, 300, 301, 302, 303, 304, 305, 306, 307, 308, 309, 310, 311, 312, 313, 314, 315, 316, 317, 318, 319, 320, 321, 322, 323, 324, 325, 326, 327, 328, 329, 330, 331, 332, 333, 334, 335, 336, 337, 338, 339, 340, 341, 342, 343, 344, 345, 346, 347, 348, 349, 350, 351, 352, 353, 354, 355, 356, 357, 358, 359, 360, 361, 362, 363, 364, 365, 366, 367, 368, 369, 370, 371, 372, 373, 374, 375, 376, 377, 378, 379, 380, 381, 382, 383, 384, 385, 386, 387, 388, 389, 390, 391, 392, 393, 394, 395, 396, 397, 398, 399, 400, 401, 402, 403, 404, 405, 406, 407, 408, 409, 410, 411, 412, 413, 414, 415, 416, 417, 418, 419, 420, 421, 422, 423, 424, 425, 426, 427, 428, 429, 430, 431, 432, 433, 434, 435, 436, 437, 438, 439, 440, 441, 442, 443, 444, 445, 446, 447, 448, 449, 450, 451, 452, 453, 454, 455, 456, 457, 458, 459, 460, 461, 462, 463, 464, 465, 466, 467, 468, 469, 470, 471, 472, 473, 474, 475, 476, 477, 478, 479, 480, 481, 482, 483, 484, 485, 486, 487, 488, 489, 490, 491, 492, 493, 494, 495, 496, 497, 498, 499, 500, 501, 502, 503, 504, 505, 506, 507, 508, 509, 510, 511, 512, 513, 514, 515, 516, 517, 518, 519, 520, 521, 522, 523, 524, 525, 526, 527, 528, 529, 530, 531, 532, 533, 534, 535, 536, 537, 538, 539, 540, 541, 542, 543, 544, 545, 546, 547, 548, 549, 550, 551, 552, 553, 554, 555, 556, 557, 558, 559, 560, 561, 562, 563, 564, 565, 566, 567, 568, 569, 570, 571, 572, 573, 574, 575, 576, 577, 578, 579, 580, 581, 582, 583, 584, 585, 586, 587, 588, 589, 590, 591, 592, 593, 594, 595, 596, 597, 598, 599, 600, 601, 602, 603, 604, 605, 606, 607, 608, 609, 610, 611, 612, 613, 614, 615, 616, 617, 618, 619, 620, 621, 622, 623, 624, 625, 626, 627, 628, 629, 630, 631, 632, 633, 634, 635, 636, 637, 638, 639, 640, 641, 642, 643, 644, 645, 646, 647, 648, 649, 650, 651, 652, 653, 654, 655, 656, 657, 658, 659, 660, 661, 662, 663, 664, 665, 666, 667, 668, 669, 670, 671, 672, 673, 674, 675, 676, 677, 678, 679, 680, 681, 682, 683, 684, 685, 686, 687, 688, 689, 690, 691, 692, 693, 694, 695, 696, 697, 698, 699, 700, 701, 702, 703, 704, 705, 706, 707, 708, 709, 710, 711, 712, 713, 714, 715, 716, 717, 718, 719, 720, 721, 722, 723, 724, 725, 726, 727, 728, 729, 730, 731, 732, 733, 734, 735, 736, 737, 738, 739, 740, 741, 742, 743, 744, 745, 746, 747, 748, 749, 750, 751, 752, 753, 754, 755, 756, 757, 758, 759, 760, 761, 762, 763, 764, 765, 766, 767, 768, 769, 770, 771, 772, 773, 774, 775, 776, 777, 778, 779, 780, 781, 782, 783, 784, 785, 786, 787, 788, 789, 790, 791, 792, 793, 794, 795, 796, 797, 798, 799, 800, 801, 802, 803, 804, 805, 806, 807, 808, 809, 810, 811, 812, 813, 814, 815, 816, 817, 818, 819, 820, 821, 822, 823, 824, 825, 826, 827, 828, 829, 830, 831, 832, 833, 834, 835, 836, 837, 838, 839, 840, 841, 842, 843, 844, 845, 846, 847, 848, 849, 850, 851, 852, 853, 854, 855, 856, 857, 858, 859, 860, 861, 862, 863, 864, 865, 866, 867, 868, 869, 870, 871, 872, 873, 874, 875, 876, 877, 878, 879, 880, 881, 882, 883, 884, 885, 886, 887, 888, 889, 890, 891, 892, 893, 894, 895, 896, 897, 898, 899, 900, 901, 902, 903, 904, 905, 906, 907, 908, 909, 910, 911, 912, 913, 914, 915, 916, 917, 918, 919, 920, 921, 922, 923, 924, 925, 926, 927, 928, 929, 930, 931, 932, 933, 934, 935, 936, 937, 938, 939, 940, 941, 942, 943, 944, 945, 946, 947, 948, 949, 950, 951, 952, 953, 954, 955, 956, 957, 958, 959, 960, 961, 962, 963, 964, 965, 966, 967, 968, 969, 970, 971, 972, 973, 974, 975, 976, 977, 978, 979, 980, 981, 982, 983, 984, 985, 986, 987, 988, 989, 990, 991, 992, 993, 994, 995, 996, 997, 998, 999, 1000]
i =  103 [256, 673, 771, 277, 646, 129, 553, 522, 903, 909, 878, 536, 481, 782, 312, 641, 864, 906, 241, 543]
i =  104 [771, 775, 141, 527, 899, 790, 665, 412, 670, 31, 928, 624, 162, 812, 687, 305, 184, 953, 314, 965, 198, 674, 208, 465, 94, 98, 485, 1000, 492, 880, 241, 242, 638]
i =  105 [672, 224, 771, 996, 998, 551, 972, 876, 664, 228, 443, 60, 571]
i =  106 [864, 420, 393, 908, 50, 818, 855, 444, 124, 349]
i =  107 [641, 771, 775, 536, 278, 664, 543, 672, 551, 298, 176, 443, 60, 224, 972, 996, 864, 228, 101, 998, 751, 241, 763]
i =  108 [834, 131, 984, 947, 372, 886, 88, 315, 318]
i =  109 [101, 326, 335, 758, 922, 143, 606, 997]
i =  110 [448, 482, 291, 326, 968, 617, 522, 43, 722, 271, 594, 734, 758, 792, 698, 155, 606]
i =  111 [992, 993, 611, 900, 861, 113, 73, 716, 941, 654, 751, 977, 192, 52, 942, 521, 548, 271, 61, 222]
i =  112 [899, 903, 522, 908, 916, 248, 809, 171, 813, 692, 312, 948, 186, 703, 835, 332, 460, 333, 209, 594, 607, 999, 879, 115, 888, 20]
i =  113 [800, 931, 739, 38, 232, 9, 499, 239, 179, 820, 854, 343, 313, 719, 860, 829, 95]
i =  114 [576, 225, 707, 389, 234, 557, 784, 21, 470, 87, 280, 857, 58, 669, 830, 709]
i =  115 [417, 899, 69, 198, 33, 490, 973, 621, 592, 883, 399, 757, 822, 985, 771, 377, 250, 335, 442, 574]
i =  116 [2, 326, 390, 970, 212, 758, 669, 606]
i =  117 [224, 672, 771, 228, 998, 551, 972, 876, 847, 305, 862, 664, 996, 443, 892, 60, 413, 571]
i =  118 [864, 611, 420, 316, 813, 336, 145, 275, 532, 953, 188, 125]
i =  119 [641, 67, 36, 584, 332, 872, 451, 947, 542]
i =  120 [354, 936, 553, 522, 809, 460, 802, 200, 244, 503, 312, 409, 906]
i =  121 [928, 880, 98, 899, 965, 1000, 393, 715, 492, 162, 665, 141, 48, 465, 855, 184, 624, 527, 412, 687, 31]
i =  122 [642, 388, 22, 812, 10, 782, 274, 662, 922, 539, 925, 289, 585, 424, 554, 428, 308, 821, 951, 698, 315, 956, 829, 863, 451, 246, 326, 201, 778, 844, 713, 596, 598, 89, 476, 606, 351, 609, 995, 998, 362, 747, 936, 211, 245, 758, 375, 253, 254, 639]
i =  123 [449, 957, 743, 732, 906, 398, 271, 157, 339, 862, 246, 170, 633, 892, 29, 62]
i =  124 [226, 67, 36, 726, 872, 619, 173, 584, 210, 451, 372, 542, 918, 984, 668, 947, 62]
i =  125 [641, 67, 36, 918, 358, 839, 584, 619, 173, 879, 872, 210, 451, 372, 726, 984, 947, 542]
i =  126 [488, 297, 524, 552, 920, 537, 218, 863, 346, 223]
i =  127 [194, 37, 390, 524, 546, 863, 383]
i =  128 [707, 489, 687, 305, 694, 248, 954, 413]
i =  129 [610, 395, 900, 327, 73, 43, 711, 688, 113, 883, 917, 727, 861]
i =  130 [642, 805, 326, 424, 554, 782, 434, 596, 821, 758, 375, 315, 476, 253, 606]
i =  131 [96, 97, 290, 35, 964, 805, 230, 647, 137, 843, 978, 947, 53, 105, 568, 68, 634, 27, 395, 509, 63]
i =  132 [641, 899, 129, 778, 779, 525, 655, 771, 919, 536, 413, 670, 164, 680, 298, 174, 305, 178, 701, 969, 972, 141, 473, 476, 221, 736, 482, 872, 489, 112, 245, 253]
i =  133 [130, 100, 202, 300, 813, 974, 879, 48, 465, 115, 921, 122, 157, 895]
i =  134 [130, 515, 133, 264, 10, 494, 26, 773, 289, 802, 809, 812, 813, 68, 119, 77, 468, 89, 351, 480, 101, 750, 503, 724]
i =  135 [833, 258, 579, 133, 369, 867, 181, 694, 376, 89, 118, 565]
i =  136 [288, 321, 291, 644, 614, 64, 970, 845, 591, 560, 448, 150, 23, 824, 244, 59, 254]
i =  137 [322, 323, 874, 651, 300, 50, 687, 434, 851, 734, 54, 381, 506, 378, 202, 475]
i =  138 [835, 936, 553, 522, 460, 49, 594, 821, 375, 888, 511, 312, 906, 607]
i =  139 [640, 801, 3, 902, 807, 425, 204, 910, 303, 496, 182, 361, 696, 254]
i =  140 [642, 904, 782, 662, 424, 428, 308, 821, 713, 315, 956, 246, 326, 201, 74, 211, 596, 476, 606, 609, 995, 362, 936, 758, 375, 253]
i =  141 [512, 994, 868, 759, 975, 913, 405, 534, 887, 953, 507]
i =  142 [386, 115, 135, 904, 490, 686, 172, 269, 846, 79, 765, 531, 14, 151, 186, 220, 509, 21]
i =  143 [939, 68, 805, 958, 840, 649, 203, 524, 14, 488, 220, 334, 278, 537, 155, 636, 78, 798]
i =  144 [576, 707, 389, 326, 234, 557, 784, 758, 87, 280, 857, 476, 253]
i =  145 [576, 225, 707, 389, 234, 557, 784, 87, 280, 857, 58, 669]
i =  146 [706, 997, 70, 200, 169, 453, 354, 418, 552, 309, 983, 735]
i =  147 [385, 962, 227, 298, 524, 973, 878, 212, 174, 279, 856, 729, 282, 795, 938, 894]
i =  148 [65, 647, 105, 204, 590, 275, 373, 819, 27, 156, 509, 597]
i =  149 [129, 354, 997, 200, 169, 16, 552, 983, 920, 133]
i =  150 [32, 930, 867, 870, 871, 712, 426, 903, 624, 625, 338, 855, 522]
i =  151 [19, 610, 803, 742, 305, 520, 555, 881, 51, 852, 735]
i =  152 [480, 577, 66, 931, 773, 71, 872, 681, 43, 397, 912, 786, 853, 777, 56, 745, 186, 26, 317]
i =  153 [544, 385, 354, 868, 677, 70, 711, 169, 202, 652, 783, 176, 595, 630, 279, 762, 688, 156]
i =  154 [224, 672, 771, 228, 998, 551, 972, 876, 664, 996, 443, 60, 571]
i =  155 [962, 323, 676, 168, 45, 176, 439, 765]
i =  156 [450, 489, 171, 76, 333, 269, 916, 789, 756, 413]
i =  157 [705, 906, 139, 398, 24, 285, 927, 41, 554, 430, 29, 181, 440, 957, 449, 582, 87, 987, 732, 862, 743, 620, 626, 502, 633, 892]
i =  158 [288, 834, 291, 36, 773, 551, 332, 431, 947, 984, 644, 26]
i =  159 [65, 34, 155, 453, 70, 231, 482, 81, 511, 955, 316, 125, 959]
i =  160 [864, 385, 227, 420, 938, 427, 878, 497, 212, 174, 279, 282, 186]
complete deal_communities
commplete get_all_nature_community
----------------------------------The detection result is: 

all communities: 
i =  1 : [7, 13, 83, 128, 149, 199, 213, 336, 384, 404, 452, 458, 532, 552, 578, 629, 717, 755, 842, 902, 924]
i =  2 : [186, 212, 215, 227, 269, 275, 282, 332, 462, 487, 497, 507, 512, 590, 637, 654, 682, 754, 795, 819, 856, 864, 878, 894, 938, 947, 973]
i =  3 : [6, 108, 141, 212, 227, 298, 368, 390, 420, 471, 481, 500, 506, 519, 536, 586, 616, 687, 728, 732, 765, 799, 864, 880, 885, 914, 950]
i =  4 : [31, 65, 98, 141, 393, 412, 665, 687, 775, 855, 880, 899, 928, 1000]
i =  5 : [29, 36, 43, 343, 358, 420, 444, 466, 495, 536, 542, 543, 577, 641, 829, 835, 854, 864, 872, 907, 949]
i =  6 : [21, 36, 84, 115, 287, 294, 349, 420, 444, 543, 594, 709, 814, 818, 864]
i =  7 : [25, 101, 130, 147, 275, 335, 356, 468, 562, 590, 692, 802, 809, 813, 819]
i =  8 : [70, 107, 125, 145, 231, 275, 297, 316, 460, 511, 533, 796, 819, 955, 959, 988]
i =  9 : [45, 55, 315, 486, 550, 688, 711]
i =  10 : [405, 507, 512, 534, 759, 868, 887, 913, 953, 975, 994]
i =  11 : [17, 34, 45, 57, 65, 84, 92, 110, 132, 155, 164, 191, 197, 221, 251, 262, 284, 292, 322, 370, 454, 469, 479, 482, 484, 509, 543, 547, 615, 685, 696, 708, 744, 746, 772, 788, 794, 806, 814, 827, 828, 864, 884, 933, 952, 959]
i =  12 : [176, 189, 212, 244, 282, 287, 425, 427, 439, 442, 658, 900, 923]
i =  13 : [14, 43, 93, 114, 220, 246, 253, 315, 326, 386, 388, 476, 495, 605, 606, 662, 758, 801, 807, 811, 854, 904, 956]
i =  14 : [25, 50, 120, 132, 147, 154, 170, 190, 265, 274, 309, 341, 459, 500, 572, 595, 622, 667, 748, 802, 936]
i =  15 : [9, 38, 72, 95, 232, 239, 244, 291, 343, 413, 489, 494, 499, 606, 645, 650, 687, 739, 761, 800, 829, 860, 931, 954]
i =  16 : [57, 110, 132, 150, 194, 197, 396, 469, 484, 509, 565, 615, 685, 694, 707, 744, 748, 788, 814]
i =  17 : [57, 262, 420, 444, 487, 509, 543, 709, 744, 770, 788, 823, 864, 929]
i =  18 : [34, 65, 155, 204, 267, 298, 454, 482, 509, 744, 788, 794, 806, 827, 933]
i =  19 : [116, 181, 374, 539, 585, 675, 987]
i =  20 : [87, 101, 107, 146, 175, 241, 249, 278, 326, 335, 345, 438, 758, 771, 864, 922]
i =  21 : [49, 149, 159, 327, 347, 357, 403, 412, 545, 567, 601, 610, 623, 641, 661, 688, 711, 730, 808, 880]
i =  22 : [5, 24, 30, 79, 127, 174, 177, 185, 209, 229, 321, 328, 481, 518, 823, 859, 862, 914, 930]
i =  23 : [112, 145, 159, 253, 273, 275, 315, 327, 476, 492, 513, 554, 590, 642, 698, 792, 819, 821, 995]
i =  24 : [14, 21, 42, 115, 135, 151, 172, 186, 220, 269, 287, 294, 349, 386, 490, 503, 509, 531, 543, 686, 788, 818, 864]
i =  25 : [5, 85, 86, 239, 342, 374, 431, 465, 562, 575, 607, 695, 704, 746, 935]
i =  26 : [22, 245, 274, 348, 498, 598, 637, 778, 797, 829, 925]
i =  27 : [24, 32, 68, 105, 149, 159, 180, 279, 293, 316, 331, 338, 347, 357, 385, 391, 403, 412, 426, 545, 593, 595, 623, 624, 625, 661, 664, 672, 676, 712, 730, 787, 808, 855, 867, 870, 871, 880, 930]
i =  28 : [8, 42, 134, 165, 200, 257, 291, 354, 377, 431, 483, 551, 698, 770, 831]
i =  29 : [72, 75, 100, 122, 130, 136, 282, 300, 307, 523, 691, 761, 780, 804, 813, 895, 921, 974, 990]
i =  30 : [12, 140, 413, 489, 739, 869, 915]
i =  31 : [201, 262, 362, 521, 543, 662, 696, 747, 864, 879]
i =  32 : [164, 202, 223, 242, 262, 279, 305, 385, 413, 420, 456, 521, 543, 594, 694, 707, 710, 772, 852, 864, 872, 941]
i =  33 : [40, 117, 159, 379, 393, 733, 838, 855]
i =  34 : [5, 98, 150, 241, 420, 771, 775, 864, 899, 985]
i =  35 : [65, 153, 195, 216, 237, 255, 415, 451, 494, 496, 515, 564, 602, 659, 676, 691, 702, 729, 776, 806, 870, 961, 962, 986]
i =  36 : [123, 127, 164, 178, 248, 259, 327, 396, 413, 421, 447, 489, 518, 632, 635, 683, 687, 688, 691, 709, 711, 764, 768, 809, 852, 883, 940, 954]
i =  37 : [89, 118, 133, 181, 212, 227, 258, 304, 369, 376, 385, 565, 579, 694, 833, 867]
i =  38 : [65, 92, 155, 164, 191, 197, 262, 284, 292, 311, 454, 469, 479, 482, 509, 543, 547, 708, 744, 746, 772, 788, 794, 806, 827]
i =  39 : [20, 115, 181, 333, 340, 371, 443, 482, 522, 594, 771, 902, 903, 916, 972, 976, 987, 998]
i =  40 : [19, 51, 264, 305, 520, 555, 610, 735, 742, 803, 852, 881]
i =  41 : [327, 474, 610, 688, 711, 837, 866]
i =  42 : [14, 78, 145, 220, 269, 275, 316, 334, 524, 590, 805, 819, 840]
i =  43 : [129, 169, 202, 279, 354, 385, 394, 595, 630, 652, 677, 711, 868, 997]
i =  44 : [52, 73, 113, 150, 176, 222, 608, 611, 654, 694, 700, 707, 716, 751, 883, 900, 941, 992, 993]
i =  45 : [4, 45, 52, 107, 145, 158, 217, 243, 433, 437, 535, 541, 547, 565, 694, 746, 812, 828, 852, 891]
i =  46 : [22, 50, 209, 265, 332, 372, 829, 834, 947, 984]
i =  47 : [21, 36, 115, 186, 262, 287, 306, 311, 349, 416, 420, 444, 521, 543, 554, 697, 709, 864, 906, 957]
i =  48 : [18, 51, 74, 275, 425, 432, 650, 699, 793, 819, 851, 882, 889, 933, 966]
i =  49 : [3, 5, 48, 90, 117, 182, 200, 303, 319, 375, 379, 393, 411, 425, 467, 477, 552, 640, 696, 722, 733, 807, 816, 821, 833]
i =  50 : [6, 15, 34, 88, 108, 117, 212, 318, 323, 338, 365, 420, 481, 519, 616, 728, 756, 799, 885, 914, 950, 962]
i =  51 : [8, 17, 95, 116, 200, 223, 346, 354, 456, 488, 543, 594, 650, 864, 898, 941]
i =  52 : [90, 134, 165, 200, 202, 212, 227, 245, 279, 281, 302, 380, 385, 504, 569, 635, 692, 700, 796, 806, 817, 831, 833]
i =  53 : [15, 248, 302, 323, 338, 365, 563, 635, 691, 701, 756, 834, 962]
i =  54 : [15, 23, 64, 138, 150, 244, 248, 254, 291, 305, 355, 376, 396, 413, 486, 489, 560, 591, 644, 694, 707, 824, 845, 954]
i =  55 : [34, 82, 130, 221, 245, 267, 491, 618, 749, 778]
i =  56 : [43, 260, 271, 326, 339, 448, 536, 542, 606, 617, 641, 732, 734, 758, 872, 943]
i =  57 : [23, 44, 59, 64, 138, 150, 244, 254, 278, 288, 392, 549, 560, 591, 627, 692, 700, 760, 771, 801, 845, 920, 970, 991]
i =  58 : [21, 36, 79, 107, 115, 129, 241, 395, 420, 444, 594, 709, 771, 814, 836, 864, 904, 980]
i =  59 : [34, 65, 155, 171, 435, 482, 583, 937, 959]
i =  60 : [38, 156, 316, 393, 628, 688, 711, 738, 834, 855, 861]
i =  61 : [167, 326, 375, 517, 606, 758]
i =  62 : [16, 26, 43, 56, 77, 99, 119, 302, 371, 480, 577, 603, 681, 773, 786, 853, 872, 912, 931]
i =  63 : [8, 134, 200, 281, 291, 354, 374, 380, 420, 539, 585, 698, 756, 864]
i =  64 : [52, 101, 130, 173, 210, 335, 372, 422, 487, 501, 542, 641, 709, 711, 726, 809, 872, 879, 989]
i =  65 : [14, 142, 151, 220, 378, 386, 405, 434, 846]
i =  66 : [71, 74, 156, 201, 241, 249, 396, 420, 421, 536, 543, 662, 688, 696, 711, 771, 821, 864, 931]
i =  67 : [45, 117, 180, 293, 305, 370, 413, 479, 509, 565, 648, 694, 707, 744, 788]
i =  68 : [65, 153, 155, 237, 285, 302, 564, 602, 635, 644, 654, 691, 701, 806, 986, 987, 995]
i =  69 : [101, 130, 223, 233, 335, 601, 611, 650, 689, 751, 775, 953]
i =  70 : [3, 40, 90, 148, 254, 316, 319, 393, 477, 533, 596, 610, 623, 640, 692, 696, 733, 807, 816, 833, 844, 876]
i =  71 : [166, 176, 266, 271, 274, 338, 406, 442, 468, 594, 664, 700, 737, 775, 884, 930, 933, 992, 998]
i =  72 : [27, 35, 96, 230, 275, 290, 323, 395, 509, 597, 647, 819, 843, 867, 964]
i =  73 : [24, 131, 164, 181, 223, 259, 327, 418, 610, 632, 650, 688, 711, 735, 746, 828, 852, 883, 901, 987, 997]
i =  74 : [2, 15, 212, 326, 359, 390, 526, 606, 758, 785, 826, 868, 970]
i =  75 : [76, 171, 372, 413, 455, 489, 514, 516, 612, 674, 756, 811, 812, 834, 947, 984]
i =  76 : [101, 130, 183, 222, 271, 335, 611, 751, 809, 900, 953, 992]
i =  77 : [202, 279, 361, 385, 417, 442, 757]
i =  78 : [39, 72, 75, 101, 103, 130, 188, 307, 336, 353, 372, 420, 523, 532, 611, 666, 691, 761, 780, 804, 809, 813, 879, 921, 926, 984, 990]
i =  79 : [129, 241, 256, 277, 312, 481, 522, 536, 543, 553, 641, 646, 673, 771, 782, 864, 878, 903, 906, 909]
i =  80 : [50, 124, 349, 393, 420, 444, 818, 855, 864, 908]
i =  81 : [60, 101, 176, 224, 228, 241, 278, 298, 443, 536, 543, 551, 641, 664, 672, 751, 763, 771, 775, 864, 972, 996, 998]
i =  82 : [88, 131, 315, 318, 372, 834, 886, 947, 984]
i =  83 : [101, 143, 326, 335, 606, 758, 922, 997]
i =  84 : [43, 155, 271, 291, 326, 448, 482, 522, 594, 606, 617, 698, 722, 734, 758, 792, 968]
i =  85 : [52, 61, 73, 113, 192, 222, 271, 521, 548, 611, 654, 716, 751, 861, 900, 941, 942, 977, 992, 993]
i =  86 : [20, 115, 171, 186, 209, 248, 312, 332, 333, 460, 522, 594, 607, 692, 703, 809, 813, 835, 879, 888, 899, 903, 908, 916, 948, 999]
i =  87 : [9, 38, 95, 179, 232, 239, 313, 343, 499, 719, 739, 800, 820, 829, 854, 860, 931]
i =  88 : [21, 58, 87, 225, 234, 280, 389, 470, 557, 576, 669, 707, 709, 784, 830, 857]
i =  89 : [2, 212, 326, 390, 606, 669, 758, 970]
i =  90 : [125, 145, 188, 275, 316, 336, 420, 532, 611, 813, 864, 953]
i =  91 : [36, 67, 332, 451, 542, 584, 641, 872, 947]
i =  92 : [200, 244, 312, 354, 409, 460, 503, 522, 553, 802, 809, 906, 936]
i =  93 : [31, 48, 98, 141, 162, 184, 393, 412, 465, 492, 527, 624, 665, 687, 715, 855, 880, 899, 928, 965, 1000]
i =  94 : [10, 22, 89, 201, 211, 245, 246, 253, 254, 274, 289, 308, 315, 326, 351, 362, 375, 388, 424, 428, 451, 476, 539, 554, 585, 596, 598, 606, 609, 639, 642, 662, 698, 713, 747, 758, 778, 782, 812, 821, 829, 844, 863, 922, 925, 936, 951, 956, 995, 998]
i =  95 : [29, 62, 157, 170, 246, 271, 339, 398, 449, 633, 732, 743, 862, 892, 906, 957]
i =  96 : [218, 223, 297, 346, 488, 524, 537, 552, 863, 920]
i =  97 : [37, 194, 383, 390, 524, 546, 863]
i =  98 : [248, 305, 413, 489, 687, 694, 707, 954]
i =  99 : [43, 73, 113, 327, 395, 610, 688, 711, 727, 861, 883, 900, 917]
i =  100 : [253, 315, 326, 375, 424, 434, 476, 554, 596, 606, 642, 758, 782, 805, 821]
i =  101 : [112, 129, 141, 164, 174, 178, 221, 245, 253, 298, 305, 413, 473, 476, 482, 489, 525, 536, 641, 655, 670, 680, 701, 736, 771, 778, 779, 872, 899, 919, 969, 972]
i =  102 : [48, 100, 115, 122, 130, 157, 202, 300, 465, 813, 879, 895, 921, 974]
i =  103 : [10, 26, 68, 77, 89, 101, 119, 130, 133, 264, 289, 351, 468, 480, 494, 503, 515, 724, 750, 773, 802, 809, 812, 813]
i =  104 : [23, 59, 64, 150, 244, 254, 288, 291, 321, 448, 560, 591, 614, 644, 824, 845, 970]
i =  105 : [50, 54, 202, 300, 322, 323, 378, 381, 434, 475, 506, 651, 687, 734, 851, 874]
i =  106 : [49, 312, 375, 460, 511, 522, 553, 594, 607, 821, 835, 888, 906, 936]
i =  107 : [3, 182, 204, 254, 303, 361, 425, 496, 640, 696, 801, 807, 902, 910]
i =  108 : [14, 21, 79, 115, 135, 151, 172, 186, 220, 269, 386, 490, 509, 531, 686, 765, 846, 904]
i =  109 : [14, 68, 78, 155, 203, 220, 278, 334, 488, 524, 537, 636, 649, 798, 805, 840, 939, 958]
i =  110 : [70, 169, 200, 309, 354, 418, 453, 552, 706, 735, 983, 997]
i =  111 : [174, 212, 227, 279, 282, 298, 385, 524, 729, 795, 856, 878, 894, 938, 962, 973]
i =  112 : [27, 65, 105, 156, 204, 275, 373, 509, 590, 597, 647, 819]
i =  113 : [16, 129, 133, 169, 200, 354, 552, 920, 983, 997]
i =  114 : [32, 338, 426, 522, 624, 625, 712, 855, 867, 870, 871, 903, 930]
i =  115 : [26, 43, 56, 66, 71, 186, 317, 397, 480, 577, 681, 745, 773, 777, 786, 853, 872, 912, 931]
i =  116 : [70, 156, 169, 176, 202, 279, 354, 385, 544, 595, 630, 652, 677, 688, 711, 762, 783, 868]
i =  117 : [45, 168, 176, 323, 439, 676, 765, 962]
i =  118 : [76, 171, 269, 333, 413, 450, 489, 756, 789, 916]
i =  119 : [24, 29, 41, 87, 139, 181, 285, 398, 430, 440, 449, 502, 554, 582, 620, 626, 633, 705, 732, 743, 862, 892, 906, 927, 957, 987]
i =  120 : [26, 36, 288, 291, 332, 431, 551, 644, 773, 834, 947, 984]
i =  121 : [34, 65, 70, 81, 125, 155, 231, 316, 453, 482, 511, 955, 959]
i =  122 : [174, 186, 212, 227, 279, 282, 385, 420, 427, 497, 864, 878, 938]
i =  123 : [31, 52, 94, 98, 141, 144, 162, 184, 193, 198, 208, 241, 242, 305, 314, 412, 465, 485, 492, 527, 624, 638, 665, 670, 674, 687, 711, 718, 771, 775, 790, 812, 855, 880, 899, 919, 928, 953, 959, 965, 989, 1000]
i =  124 : [46, 79, 157, 272, 295, 299, 301, 306, 311, 325, 367, 444, 463, 472, 565, 573, 604, 626, 684, 693, 694, 697, 838, 844, 867, 907, 936, 960]
i =  125 : [25, 60, 224, 228, 305, 413, 443, 551, 571, 664, 672, 771, 847, 862, 876, 892, 972, 996, 998]
i =  126 : [10, 24, 30, 91, 157, 174, 177, 185, 209, 220, 264, 298, 299, 310, 328, 332, 338, 363, 366, 464, 481, 559, 697, 724, 725, 750, 778, 823, 859, 930]
i =  127 : [74, 201, 211, 246, 253, 308, 315, 326, 362, 375, 424, 428, 476, 522, 596, 606, 609, 642, 662, 713, 758, 782, 792, 821, 904, 936, 948, 956, 995]
i =  128 : [87, 234, 253, 280, 326, 389, 476, 557, 576, 707, 758, 767, 784, 857]
i =  129 : [27, 35, 53, 63, 68, 96, 97, 105, 137, 230, 290, 395, 509, 568, 634, 647, 775, 805, 843, 947, 964, 978]
i =  130 : [33, 69, 160, 198, 250, 335, 377, 399, 417, 442, 490, 574, 592, 621, 757, 771, 822, 883, 899, 973, 985]
i =  131 : [36, 62, 67, 173, 210, 226, 358, 372, 451, 542, 584, 619, 641, 668, 726, 839, 872, 879, 918, 947, 984]
overlapping nodes are:  [2, 3, 5, 6, 8, 9, 10, 14, 15, 16, 17, 20, 21, 22, 23, 24, 25, 26, 27, 29, 30, 31, 32, 34, 35, 36, 38, 40, 42, 43, 45, 48, 49, 50, 51, 52, 56, 57, 59, 60, 62, 64, 65, 67, 68, 70, 71, 72, 73, 74, 75, 76, 77, 78, 79, 84, 87, 88, 89, 90, 92, 95, 96, 98, 100, 101, 105, 107, 108, 110, 112, 113, 115, 116, 117, 119, 122, 125, 127, 129, 130, 131, 132, 133, 134, 135, 138, 141, 145, 147, 149, 150, 151, 153, 155, 156, 157, 159, 162, 164, 165, 169, 170, 171, 172, 173, 174, 176, 177, 178, 180, 181, 182, 184, 185, 186, 188, 191, 194, 197, 198, 200, 201, 202, 204, 209, 210, 211, 212, 220, 221, 222, 223, 224, 227, 228, 230, 231, 232, 234, 237, 239, 241, 242, 244, 245, 246, 248, 249, 253, 254, 259, 262, 264, 265, 267, 269, 271, 274, 275, 278, 279, 280, 281, 282, 284, 285, 287, 288, 289, 290, 291, 292, 293, 294, 297, 298, 299, 300, 302, 303, 305, 306, 307, 308, 309, 311, 312, 315, 316, 318, 319, 321, 322, 323, 326, 327, 328, 332, 333, 334, 335, 336, 338, 339, 343, 346, 347, 349, 351, 354, 357, 358, 361, 362, 365, 370, 371, 372, 374, 375, 376, 377, 378, 379, 380, 385, 386, 388, 389, 390, 393, 395, 396, 398, 403, 405, 412, 413, 417, 418, 420, 421, 424, 425, 426, 427, 428, 431, 434, 439, 442, 443, 444, 448, 449, 451, 453, 454, 456, 460, 465, 468, 469, 476, 477, 479, 480, 481, 482, 484, 486, 487, 488, 489, 490, 492, 494, 495, 496, 497, 499, 500, 503, 506, 507, 509, 511, 512, 515, 518, 519, 521, 522, 523, 524, 527, 531, 532, 533, 536, 537, 539, 542, 543, 545, 547, 551, 552, 553, 554, 557, 560, 562, 564, 565, 576, 577, 584, 585, 590, 591, 594, 595, 596, 597, 598, 601, 602, 606, 607, 609, 610, 611, 615, 616, 617, 623, 624, 625, 626, 630, 632, 633, 635, 637, 640, 641, 642, 644, 647, 650, 652, 654, 661, 662, 664, 665, 669, 670, 672, 674, 676, 677, 681, 685, 686, 687, 688, 691, 692, 694, 696, 697, 698, 700, 701, 707, 708, 709, 711, 712, 713, 716, 722, 724, 726, 728, 729, 730, 732, 733, 734, 735, 739, 743, 744, 746, 747, 748, 750, 751, 756, 757, 758, 761, 765, 770, 771, 772, 773, 775, 778, 780, 782, 784, 786, 788, 792, 794, 795, 796, 799, 800, 801, 802, 804, 805, 806, 807, 808, 809, 811, 812, 813, 814, 816, 818, 819, 821, 823, 824, 827, 828, 829, 831, 833, 834, 835, 838, 840, 843, 844, 845, 846, 851, 852, 853, 854, 855, 856, 857, 859, 860, 861, 862, 863, 864, 867, 868, 870, 871, 872, 876, 878, 879, 880, 883, 884, 885, 888, 892, 894, 895, 899, 900, 902, 903, 904, 906, 907, 908, 912, 914, 916, 919, 920, 921, 922, 925, 928, 930, 931, 933, 936, 938, 941, 947, 948, 950, 953, 954, 955, 956, 957, 959, 962, 964, 965, 970, 972, 973, 974, 983, 984, 985, 986, 987, 989, 990, 992, 993, 995, 996, 997, 998, 1000] 
 NOO is:  537
total time is:  15763.2362471
