nodes: [73, 338, 360, 644, 777, 370, 475, 949, 973, 258, 281, 590, 173, 687, 807, 15, 371, 491, 355, 474, 342, 510, 71, 212, 418, 689, 883, 798, 92, 912, 242, 304, 277, 850, 603, 857, 1, 432, 454, 476, 836, 503, 585, 115, 962, 981, 609, 659, 862, 287, 350, 362, 753, 805, 896, 63, 394, 85, 308, 709, 830, 257, 550, 955, 213, 568, 93, 192, 598, 838, 980, 126, 359, 514, 640, 835, 898, 938, 7, 10, 79, 84, 220, 291, 522, 924, 490, 563, 688, 943, 966, 20, 155, 191, 198, 234, 319, 369, 423, 442, 487, 497, 525, 530, 536, 658, 880, 44, 105, 112, 298, 323, 387, 395, 586, 608, 710, 775, 878, 974, 2, 36, 76, 113, 121, 139, 150, 153, 174, 250, 271, 273, 324, 375, 407, 470, 566, 589, 778, 825, 831, 853, 134, 159, 177, 210, 235, 283, 341, 412, 413, 459, 464, 469, 493, 567, 629, 642, 673, 674, 676, 686, 746, 763, 774, 822, 904, 906, 919, 923, 64, 67, 86, 97, 107, 170, 193, 345, 379, 424, 441, 511, 512, 520, 558, 593, 690, 724, 768, 872] num of nodes:  190
[[73, 516, 136, 321], [31, 338, 834, 315], [87, 360, 942, 364, 885, 799], [30, 644, 201, 915], [35, 777, 992, 754], [68, 370, 971, 143], [61, 844, 475, 733], [197, 949, 584, 452], [88, 973, 188, 605], [70, 258, 985, 286], [9, 297, 281, 380], [61, 158, 590], [25, 173, 871], [305, 714, 687, 426, 618, 348], [45, 807, 415], [15, 645, 401], [138, 371, 434, 953], [59, 646, 491, 925], [45, 347, 355, 416, 404, 415], [124, 388, 474, 262], [29, 342, 200], [70, 903, 510, 871], [29, 849, 848, 71], [34, 212, 136, 553], [195, 418, 905, 717], [8, 267, 689, 453], [87, 883, 532], [80, 798, 87], [92, 655, 509], [25, 163, 637, 912, 721], [242, 977, 136, 793], [95, 304, 856, 985], [78, 277, 602, 227], [24, 138, 850], [215, 843, 754, 603, 668], [187, 854, 857], [1, 398, 672], [368, 453, 432], [96, 152, 454], [57, 941, 476], [580, 848, 776, 827, 836], [165, 411, 792, 503], [585, 971, 992, 610], [9, 297, 664, 115], [102, 962, 889], [50, 929, 981], [356, 609, 368, 713], [5, 659, 916], [129, 902, 500, 862], [287, 645, 905], [48, 452, 350], [22, 87, 362], [78, 605, 753], [118, 805, 624], [141, 896, 444], [63, 992, 654], [187, 394, 706], [85, 302, 839], [223, 747, 308], [236, 709, 967], [129, 902, 830, 671], [78, 257, 665], [37, 783, 550], [118, 184, 955], [25, 213, 232], [507, 568, 942], [54, 819, 93], [69, 602, 192], [184, 772, 598], [647, 838, 903], [88, 294, 980, 118], [12, 126], [95, 951, 359], [259, 514, 391], [222, 640, 789], [184, 772, 835], [279, 898, 600], [272, 938, 300], [7, 992, 915], [10, 942, 575], [79, 496, 272], [16, 747, 84], [108, 897, 220], [66, 279, 291], [522, 616, 655], [434, 924, 560], [102, 854, 490], [562, 992, 563], [354, 494, 688], [161, 943, 871], [848, 964, 966], [20, 643, 717], [155, 936, 701], [53, 856, 191], [54, 415, 198], [48, 806, 234], [319, 751, 752], [369, 483, 136], [215, 843, 754, 423], [8, 442], [274, 487, 917], [25, 867, 497], [248, 829, 525], [140, 530, 429], [183, 751, 536], [66, 658, 109], [78, 880], [44, 238, 211], [6, 105], [43, 112], [298, 643, 717], [323, 692, 577], [138, 387], [151, 395, 404], [415, 829, 586], [608, 766, 847], [262, 710, 752], [186, 713, 775], [388, 553, 878], [90, 131, 974], [2, 935, 929], [36, 793, 703], [69, 76], [113, 481, 166], [89, 121], [40, 139, 284], [150, 832, 136], [54, 819, 968, 153], [174, 422, 984], [250, 776, 619], [271, 833, 624], [273, 731, 815], [324, 612, 243], [331, 375], [119, 407], [470, 978, 791], [566, 104, 791], [59, 589, 738], [232, 942, 778], [96, 825], [405, 834, 831], [4, 853], [54, 134], [159, 737], [177, 483, 628], [37, 210], [106, 235, 653], [154, 279, 283], [40, 341], [45, 412], [238, 834, 413], [459, 968, 664], [352, 840, 464], [469, 875, 677], [233, 162, 493], [199, 567], [116, 629], [147, 897, 642], [151, 673, 900], [219, 674], [90, 676], [305, 714, 686], [415, 828, 746], [666, 834, 763], [25, 774], [232, 822], [645, 904, 877], [80, 906], [335, 919], [415, 923, 416], [6, 64], [67, 800], [31, 86], [97, 136, 977], [107, 285, 632], [170, 930], [193, 336, 621], [120, 345], [52, 379], [102, 424, 823], [41, 441], [18, 511], [77, 512], [240, 520], [91, 558, 343], [138, 593], [102, 690], [402, 724], [57, 768], [133, 872]]
len of cliques:  190
length of seeds:  150
i =  0 [775, 108, 778, 395, 662, 345, 153, 799, 164, 295, 942, 306, 950, 55, 960, 204, 718, 469, 87, 601, 732, 861, 997, 360, 364, 885, 120, 252]
i =  1 [384, 131, 134, 138, 908, 341, 21, 924, 159, 801, 934, 41, 560, 434, 953, 927, 60, 194, 974, 593, 851, 852, 981, 726, 94, 608, 229, 486, 489, 363, 241, 371, 638, 247, 634, 381, 766, 895]
i =  2 [129, 181, 131, 676, 902, 1000, 906, 333, 110, 80, 626, 382, 366, 312, 511, 60, 830, 671]
i =  3 [96, 454, 906, 940, 366, 734, 152, 825, 826, 795, 446]
i =  4 [257, 292, 965, 441, 993, 331, 652, 493, 78, 375, 665, 250]
i =  5 [976, 515, 196, 775, 10, 459, 942, 592, 51, 545, 662, 568, 537, 634, 507, 575]
i =  6 [806, 234, 48, 414, 247, 249, 541, 638]
i =  7 [64, 803, 6, 775, 713, 662, 186, 763]
i =  8 [662, 774, 775, 232, 778, 525, 942, 817, 724, 822, 760, 441, 74, 248, 62]
i =  9 [416, 768, 482, 219, 705, 746, 11, 652, 674, 718, 271, 878, 601, 923, 828, 669, 415]
i =  10 [512, 256, 519, 778, 652, 17, 275, 558, 406, 920, 921, 292, 424, 41, 426, 686, 687, 305, 690, 74, 952, 441, 445, 841, 714, 331, 594, 339, 469, 348, 613, 736, 737, 997, 614, 618, 722, 110, 111, 884, 375, 247]
i =  11 [384, 646, 524, 271, 345, 925, 670, 927, 421, 817, 179, 438, 441, 59, 833, 589, 718, 465, 774, 724, 217, 491, 878, 241, 756, 629, 247, 120, 638]
i =  12 [4, 652, 271, 657, 20, 601, 920, 541, 36, 294, 566, 955, 319, 310, 455, 203, 718, 979, 980, 982, 88, 473, 482, 99, 806, 118, 887]
i =  13 [768, 652, 271, 674, 675, 476, 682, 684, 941, 57, 828, 705, 459, 718, 601, 219, 860, 991, 482, 746, 249, 506]
i =  14 [513, 484, 37, 550, 459, 972, 783, 120, 345, 667, 191]
i =  15 [768, 272, 674, 135, 746, 108, 79, 496, 705, 219, 828, 255]
i =  16 [768, 705, 674, 779, 710, 519, 682, 11, 684, 751, 752, 51, 565, 506, 219, 828, 746, 319]
i =  17 [768, 705, 674, 388, 228, 553, 746, 652, 482, 718, 271, 785, 878, 919, 249, 219, 828, 638]
i =  18 [834, 135, 235, 759, 405, 887, 26, 763, 831]
i =  19 [736, 97, 310, 326, 193, 136, 172, 459, 620, 977, 690, 756, 150, 23, 472, 520, 702, 991]
i =  20 [768, 263, 520, 395, 652, 656, 404, 21, 23, 153, 283, 669, 415, 416, 923, 420, 519, 684, 45, 392, 692, 565, 694, 347, 699, 828, 577, 323, 842, 11, 722, 979, 472, 932, 219, 860, 482, 355, 746, 110, 765, 622, 126, 383]
i =  21 [768, 388, 262, 833, 652, 271, 660, 283, 160, 674, 428, 51, 826, 828, 446, 705, 710, 718, 471, 474, 219, 482, 746, 878, 124]
i =  22 [260, 581, 423, 843, 175, 16, 241, 754, 215, 668, 861, 670, 607]
i =  23 [962, 102, 424, 269, 367, 690, 447, 247, 889, 249, 541, 638, 735]
i =  24 [256, 994, 675, 292, 310, 778, 652, 591, 920, 722, 979, 948, 118, 184, 36, 250, 955, 26]
i =  25 [816, 298, 747, 718, 271, 16, 84, 366, 825, 732, 734]
i =  26 [97, 483, 581, 326, 417, 136, 177, 106, 235, 365, 367, 401, 369, 628, 86, 756, 796, 150]
i =  27 [546, 131, 974, 210, 726, 90]
i =  28 [483, 581, 369, 521, 106, 235, 366, 367, 177, 628, 413, 549]
i =  29 [512, 482, 292, 298, 107, 652, 77, 718, 271, 632, 285, 990]
i =  30 [4, 774, 135, 907, 912, 657, 403, 149, 853, 25, 666, 670, 33, 163, 933, 861, 697, 573, 62, 334, 721, 213, 732, 477, 99, 998, 273, 108, 255, 637, 511]
i =  31 [512, 130, 903, 907, 14, 657, 661, 278, 667, 412, 414, 70, 41, 647, 428, 990, 566, 951, 952, 441, 838, 455, 203, 76, 593, 85, 345, 94, 99, 871, 510, 767]
i =  32 [768, 961, 674, 123, 933, 705, 968, 746, 459, 972, 219, 593, 178, 819, 54, 345, 153, 26, 667, 828, 598]
i =  33 [107, 929, 323, 486, 779, 908, 845, 622, 301, 50, 451, 206, 537, 981, 895, 765, 959]
i =  34 [774, 265, 778, 779, 652, 525, 271, 400, 657, 403, 25, 796, 546, 292, 177, 168, 817, 441, 573, 907, 331, 589, 760, 724, 213, 86, 732, 477, 993, 482, 99, 232, 551, 108, 365, 375, 248, 250, 511]
i =  35 [897, 642, 99, 203, 108, 657, 690, 220]
i =  36 [512, 705, 674, 389, 487, 521, 684, 557, 206, 367, 274, 179, 917, 219, 990]
i =  37 [929, 2, 107, 774, 935, 779, 845, 206, 817, 724, 441, 185, 893, 673]
i =  38 [67, 490, 235, 940, 653, 910, 781, 758, 106]
i =  39 [193, 667, 774, 621, 336, 120, 345, 251]
i =  40 [260, 581, 423, 843, 524, 175, 16, 241, 754, 724, 215, 603, 668, 670, 607]
i =  41 [904, 657, 29, 582, 296, 41, 558, 200, 565, 439, 952, 441, 319, 838, 71, 712, 203, 848, 849, 979, 991, 99, 743, 636]
i =  42 [5, 647, 392, 271, 657, 345, 158, 549, 168, 41, 298, 558, 816, 177, 566, 952, 825, 826, 61, 446, 833, 581, 203, 332, 718, 723, 590, 982, 441, 601, 734, 482, 99, 366, 367, 369, 628, 379]
i =  43 [451, 5, 296, 301, 49, 659, 916, 537, 121, 895]
i =  44 [545, 775, 778, 942, 662, 568, 185, 634, 507, 74, 673]
i =  45 [64, 768, 66, 291, 100, 705, 279, 301, 895, 146, 451, 820, 567, 537, 858, 283, 607]
i =  46 [545, 867, 4, 933, 774, 97, 616, 522, 204, 655, 497, 19, 756, 853, 217, 25, 997, 995, 511]
i =  47 [194, 36, 134, 519, 904, 906, 80, 565, 726, 793, 542, 703]
i =  48 [768, 705, 674, 219, 746, 459, 972, 722, 279, 154, 283, 828]
i =  49 [512, 389, 139, 652, 910, 271, 400, 345, 667, 293, 424, 690, 435, 823, 833, 77, 718, 601, 990, 482, 102, 120]
i =  50 [382, 580, 199, 776, 298, 718, 271, 848, 296, 691, 558, 600, 601, 250, 827, 732, 836]
i =  51 [3, 136, 428, 910, 273, 150, 34, 549, 167, 553, 940, 815, 581, 966, 459, 972, 212, 598, 991, 228, 620, 878, 369, 504, 340]
i =  52 [2, 4, 5, 774, 647, 907, 14, 301, 659, 661, 278, 25, 414, 677, 296, 903, 173, 817, 820, 441, 189, 575, 64, 779, 582, 975, 592, 593, 979, 838, 853, 505, 858, 399, 990, 933, 998, 871, 573, 497, 755, 724, 895, 85, 511]
i =  53 [645, 904, 905, 21, 565, 826, 860, 957, 287]
i =  54 [768, 705, 674, 219, 100, 746, 684, 593, 819, 54, 537, 153, 123, 828, 93]
i =  55 [997, 616, 522, 204, 655, 726]
i =  56 [64, 803, 6, 616, 522, 459, 204, 525, 664, 339, 248, 829, 991]
i =  57 [481, 4, 933, 166, 545, 113, 853]
i =  58 [834, 387, 135, 525, 238, 477, 245, 178, 405, 887, 26, 763, 413, 831]
i =  59 [4, 933, 343, 845, 558, 179, 980, 853, 887, 91]
i =  60 [384, 256, 516, 5, 136, 908, 659, 414, 38, 470, 298, 49, 820, 310, 317, 321, 451, 581, 73, 588, 974, 718, 726, 728, 601, 97, 357, 367, 756, 121, 252, 895]
i =  61 [96, 97, 418, 195, 540, 893, 905, 203, 717, 367, 657, 866, 99, 756, 150, 521, 218, 860, 957, 254, 287]
i =  62 [768, 392, 652, 271, 878, 923, 415, 674, 292, 807, 45, 828, 705, 965, 198, 718, 601, 219, 482, 746, 110, 379, 767]
i =  63 [673, 452, 934, 806, 234, 48, 414, 888, 185, 634, 218, 350]
i =  64 [192, 230, 803, 69, 998, 616, 76, 522, 204, 974, 399, 625, 756, 726, 697, 602, 734, 997]
i =  65 [641, 932, 134, 775, 656, 434, 21, 662, 560, 473, 634, 924]
i =  66 [642, 675, 36, 726, 678, 615, 616, 140, 429, 974, 530, 131, 374, 567, 728, 420, 607, 412, 159]
i =  67 [64, 322, 451, 229, 6, 519, 40, 60, 811, 493, 974, 616, 131, 139, 341, 726, 536, 537, 284, 803, 895]
i =  68 [768, 705, 674, 933, 968, 746, 459, 972, 598, 664, 153, 219, 828]
i =  69 [834, 31, 630, 359, 680, 457, 11, 428, 247, 366, 464, 338, 660, 86, 407, 505, 346, 315, 604, 410, 351]
i =  70 [256, 545, 994, 803, 261, 177, 8, 106, 267, 204, 365, 206, 413, 689, 453, 235, 26, 997, 506, 831]
i =  71 [641, 392, 99, 645, 657, 456, 457, 379, 15, 16, 401, 904, 464, 745, 505, 168, 101, 933]
i =  72 [169, 362, 80, 19, 20, 22, 87, 252, 906]
i =  73 [768, 705, 674, 835, 772, 684, 746, 459, 972, 51, 598, 184, 219, 828, 42]
i =  74 [99, 870, 102, 424, 490, 203, 657, 690, 854, 566, 767]
i =  75 [642, 99, 870, 586, 203, 525, 751, 657, 83, 566, 183, 952, 319, 636, 536]
i =  76 [960, 130, 387, 4, 391, 136, 10, 268, 269, 771, 150, 545, 932, 933, 558, 945, 178, 958, 447, 832, 581, 326, 993, 206, 207, 853, 217, 606, 97, 866, 995, 487, 19, 756, 890, 251, 507]
i =  77 [352, 512, 389, 840, 457, 746, 684, 464, 662, 505, 219, 828, 990]
i =  78 [256, 641, 644, 12, 915, 24, 28, 30, 167, 41, 558, 438, 201, 56, 451, 457, 464, 722, 91, 634, 361, 367, 505, 396]
i =  79 [641, 519, 136, 150, 793, 36, 682, 698, 702, 193, 194, 581, 326, 459, 977, 466, 726, 599, 991, 97, 489, 620, 493, 242, 506]
i =  80 [192, 451, 200, 301, 342, 537, 251, 29, 318, 895]
i =  81 [97, 292, 774, 817, 41, 756, 331, 652, 78, 753, 724, 558, 217, 952, 441, 250, 571, 605, 895]
i =  82 [838, 903, 296, 41, 647, 558, 112, 952, 441]
i =  83 [992, 549, 459, 620, 557, 562, 563, 991, 581]
i =  84 [66, 451, 932, 109, 301, 658, 820, 661, 567, 895, 860, 607]
i =  85 [512, 482, 803, 292, 422, 652, 459, 972, 77, 174, 271, 718, 984, 601, 250, 990]
i =  86 [677, 457, 875, 430, 464, 469, 695, 505]
i =  87 [260, 518, 777, 395, 16, 151, 35, 677, 430, 175, 948, 825, 959, 581, 326, 457, 204, 464, 469, 599, 734, 992, 997, 366, 754, 505]
i =  88 [768, 6, 652, 271, 601, 537, 674, 803, 292, 684, 304, 828, 64, 705, 331, 718, 856, 985, 219, 95, 482, 100, 746, 250, 767]
i =  89 [673, 900, 135, 200, 841, 906, 80, 424, 883, 532, 87, 888, 185, 735]
i =  90 [512, 389, 652, 14, 271, 482, 345, 667, 805, 298, 310, 955, 833, 77, 718, 462, 601, 990, 866, 745, 878, 624, 118]
i =  91 [768, 99, 997, 230, 359, 636, 203, 204, 247, 366, 399, 657, 84, 951, 825, 604, 734, 95]
i =  92 [354, 774, 273, 322, 494, 493, 688, 817, 724, 441]
i =  93 [266, 44, 238, 211, 724, 536, 185, 571, 413]
i =  94 [482, 292, 199, 776, 619, 652, 718, 271, 567, 601, 250, 382]
i =  95 [162, 997, 870, 455, 233, 395, 204, 493, 20, 252]
i =  96 [768, 705, 322, 11, 68, 710, 358, 746, 971, 923, 674, 143, 241, 370, 51, 408, 219, 828]
i =  97 [51, 652, 910, 786, 277, 292, 933, 41, 558, 817, 690, 435, 438, 952, 441, 955, 965, 455, 331, 78, 724, 697, 602, 482, 227, 101, 745, 110, 310, 758, 250]
i =  98 [451, 486, 841, 906, 80, 241, 87, 798, 895]
i =  99 [896, 592, 197, 230, 457, 204, 141, 399, 464, 21, 441, 505, 444, 669, 997]
i =  100 [768, 705, 514, 259, 391, 457, 746, 940, 674, 464, 505, 219, 828]
i =  101 [161, 99, 4, 933, 871, 545, 622, 943, 979, 181, 853, 319, 565]
i =  102 [643, 168, 298, 203, 717, 718, 657, 99, 20, 686, 566, 767]
i =  103 [833, 482, 652, 718, 271, 624, 878, 601, 120, 345, 667]
i =  104 [897, 642, 99, 266, 203, 657, 690, 147, 319]
i =  105 [768, 831, 898, 515, 900, 135, 395, 657, 131, 405, 151, 26, 671, 160, 673, 674, 475, 42, 61, 319, 705, 196, 844, 976, 337, 345, 219, 733, 734, 592, 99, 751, 759, 379, 255]
i =  106 [673, 67, 165, 648, 522, 204, 424, 880, 616, 803, 726, 503, 792, 185, 411, 997]
i =  107 [803, 997, 616, 522, 204, 655, 726, 247, 249, 92, 509, 638]
i =  108 [992, 513, 581, 991, 455, 585, 459, 620, 654, 944, 408, 972, 20, 245, 887, 120, 345, 667, 477, 63]
i =  109 [640, 417, 260, 682, 874, 789, 86, 266, 796, 477, 222]
i =  110 [64, 705, 674, 803, 964, 966, 6, 296, 746, 682, 203, 558, 848, 657, 99, 566, 219, 828, 266, 768, 319]
i =  111 [520, 577, 323, 692, 622]
i =  112 [549, 108, 815, 273, 724, 629, 888, 952, 218, 731, 670, 581]
i =  113 [673, 900, 135, 395, 151, 185, 255]
i =  114 [960, 99, 452, 197, 230, 584, 170, 141, 399, 872, 949, 758, 185, 888, 441, 218, 734, 21]
i =  115 [4, 518, 7, 908, 654, 657, 658, 20, 473, 408, 667, 544, 931, 549, 944, 51, 317, 203, 581, 455, 456, 585, 971, 980, 982, 345, 991, 992, 610, 357, 620, 887, 633, 892, 382]
i =  116 [512, 482, 389, 138, 363, 652, 77, 718, 271, 593, 850, 341, 24, 60, 990]
i =  117 [512, 514, 965, 394, 706, 718, 77, 271, 246, 887, 504, 282, 187, 990, 389]
i =  118 [768, 705, 674, 835, 772, 684, 746, 459, 972, 51, 598, 184, 219, 828, 42]
i =  119 [643, 168, 298, 203, 717, 718, 657, 99, 20, 686, 566, 767]
i =  120 [673, 997, 204, 395, 428, 660, 471, 404, 151, 185]
i =  121 [866, 131, 612, 662, 6, 616, 938, 974, 310, 243, 726, 324, 803]
i =  122 [512, 997, 359, 714, 204, 686, 305, 778, 638, 247, 921, 249, 74, 990, 389]
i =  123 [652, 397, 271, 656, 657, 275, 345, 920, 667, 932, 42, 299, 695, 188, 958, 36, 960, 193, 973, 718, 336, 851, 982, 88, 292, 605, 482, 872, 881, 250, 251]
i =  124 [512, 115, 9, 266, 428, 686, 593, 594, 339, 660, 85, 297, 664, 956, 477, 990]
i =  125 [512, 960, 99, 667, 657, 872, 490, 203, 492, 168, 958, 511, 574, 854, 471, 857, 187, 990, 191]
i =  126 [512, 677, 134, 839, 361, 302, 592, 85, 505, 990]
i =  127 [768, 705, 898, 91, 41, 746, 557, 558, 146, 674, 279, 600, 921, 219, 828, 283]
i =  128 [512, 743, 936, 557, 592, 85, 155, 701, 990]
i =  129 [768, 705, 482, 219, 420, 586, 392, 746, 652, 674, 878, 271, 339, 718, 923, 828, 829, 415]
i =  130 [545, 331, 292, 870, 486, 203, 652, 100, 399, 758, 978, 853, 470, 791, 566, 441, 507, 101, 459, 933]
i =  131 [482, 219, 746, 652, 718, 271, 878, 601, 923, 828, 415]
i =  132 [768, 512, 258, 389, 652, 407, 537, 286, 801, 674, 292, 681, 684, 310, 441, 955, 705, 451, 70, 455, 331, 985, 219, 100, 869, 250, 893, 895]
i =  133 [512, 387, 389, 266, 147, 803, 561, 179, 824, 522, 713, 204, 208, 594, 339, 726, 990, 609, 356, 997, 614, 616, 368, 756]
i =  134 [672, 1, 778, 398, 921, 49, 247, 249, 27, 638]
i =  135 [84, 99, 325, 657, 392, 747, 16, 168, 308, 203, 825, 379, 732, 734, 223]
i =  136 [705, 674, 135, 108, 938, 300, 272, 273, 471, 888, 185, 219, 673]
i =  137 [64, 833, 482, 803, 6, 652, 718, 271, 53, 345, 856, 601, 667, 191]
i =  138 [608, 998, 486, 908, 334, 847, 697, 766]
i =  139 [292, 486, 104, 748, 202, 331, 652, 558, 41, 566, 791, 441, 250, 381, 767]
i =  140 [417, 834, 292, 424, 41, 331, 652, 482, 558, 413, 690, 887, 375, 952, 441, 666, 763, 445]
i =  141 [512, 9, 906, 664, 660, 24, 281, 297, 428, 686, 115, 312, 956, 459, 592, 593, 594, 339, 85, 990, 499, 630, 380]
i =  142 [64, 129, 131, 902, 6, 519, 1000, 105, 382, 366, 500, 110, 862, 325]
i =  143 [256, 609, 453, 614, 359, 423, 204, 208, 368, 432, 247, 641, 249, 698, 541, 638, 997]
i =  144 [704, 194, 709, 518, 647, 872, 108, 682, 967, 236, 816, 273, 179, 593, 219, 220, 349]
i =  145 [992, 512, 482, 99, 708, 581, 7, 652, 810, 203, 12, 77, 718, 271, 657, 915, 245, 438, 982, 566, 990]
i =  146 [482, 763, 292, 134, 198, 746, 11, 652, 718, 271, 209, 878, 54, 601, 219, 828, 923, 415]
i =  147 [400, 419, 262, 710, 392, 379, 682, 11, 940, 910, 976, 177, 51, 758, 923, 752, 734]
i =  148 [512, 389, 652, 271, 400, 482, 345, 282, 667, 177, 59, 191, 833, 77, 718, 589, 601, 990, 993, 738, 375, 120]
i =  149 [645, 904, 457, 877, 464, 565, 505, 826, 21, 669, 287]
i =  150 [641, 179, 11, 660, 792, 281, 154, 283, 544, 931, 167, 174, 51, 696, 825, 446, 928, 710, 459, 972, 976, 337, 980, 473, 861, 734, 96, 610, 873, 366, 239, 630, 764]
i =  151 [131, 358, 710, 170, 11, 974, 851, 241, 370, 51, 345, 206, 726, 89, 120, 249, 250, 59, 638, 247]
i =  152 [128, 512, 389, 779, 652, 271, 144, 413, 292, 677, 430, 457, 56, 572, 448, 833, 201, 55, 77, 718, 975, 464, 469, 990, 592, 482, 700, 361, 505, 250, 85]
i =  153 [642, 774, 907, 140, 657, 25, 168, 477, 566, 439, 62, 960, 182, 203, 725, 861, 99, 228, 485, 870, 490, 511, 767]
i =  154 [512, 132, 12, 323, 558, 413, 30, 677, 41, 686, 438, 441, 572, 449, 451, 457, 77, 464, 594, 85, 91, 990, 592, 361, 622, 915, 430, 505, 396, 895]
i =  155 [768, 704, 652, 526, 271, 657, 662, 921, 674, 675, 38, 938, 816, 821, 310, 828, 64, 705, 324, 203, 76, 718, 340, 982, 601, 858, 219, 349, 863, 482, 99, 359, 316, 746, 366, 495, 243, 247, 596, 636, 298]
i =  156 [384, 3, 726, 6, 522, 783, 86, 541, 31, 803, 806, 171, 49, 55, 64, 69, 204, 470, 728, 217, 858, 220, 616, 874, 756, 249, 234]
i =  157 [768, 648, 395, 141, 399, 660, 790, 160, 674, 548, 808, 428, 441, 442, 828, 705, 452, 197, 471, 474, 219, 604, 734, 997, 230, 746, 112, 20, 763, 252]
i =  158 [256, 644, 647, 8, 26, 675, 676, 582, 809, 301, 175, 952, 442, 991, 190, 703, 451, 838, 206, 36, 634, 351, 994, 876, 493, 41, 506, 895]
i =  159 [1, 2, 3, 4, 5, 6, 7, 8, 9, 10, 11, 12, 13, 14, 15, 16, 17, 18, 19, 20, 21, 22, 23, 24, 25, 26, 27, 28, 29, 30, 31, 32, 33, 34, 35, 36, 37, 38, 39, 40, 41, 42, 43, 44, 45, 46, 47, 48, 49, 50, 51, 52, 53, 54, 55, 56, 57, 58, 59, 60, 61, 62, 63, 64, 65, 66, 67, 68, 69, 70, 71, 72, 73, 74, 75, 76, 77, 78, 79, 80, 81, 82, 83, 84, 85, 86, 87, 88, 89, 90, 91, 92, 93, 94, 95, 96, 97, 98, 99, 100, 101, 102, 103, 104, 105, 106, 107, 108, 109, 110, 111, 112, 113, 114, 115, 116, 117, 118, 119, 120, 121, 122, 123, 124, 125, 126, 127, 128, 129, 130, 131, 132, 133, 134, 135, 136, 137, 138, 139, 140, 141, 142, 143, 144, 145, 146, 147, 148, 149, 150, 151, 152, 153, 154, 155, 156, 157, 158, 159, 160, 161, 162, 163, 164, 165, 166, 167, 168, 169, 170, 171, 172, 173, 174, 175, 176, 177, 178, 179, 180, 181, 182, 183, 184, 185, 186, 187, 188, 189, 190, 191, 192, 193, 194, 195, 196, 197, 198, 199, 200, 201, 202, 203, 204, 205, 206, 207, 208, 209, 210, 211, 212, 213, 214, 215, 216, 217, 218, 219, 220, 221, 222, 223, 224, 225, 226, 227, 228, 229, 230, 231, 232, 233, 234, 235, 236, 237, 238, 239, 240, 241, 242, 243, 244, 245, 246, 247, 248, 249, 250, 251, 252, 253, 254, 255, 256, 257, 258, 259, 260, 261, 262, 263, 264, 265, 266, 267, 268, 269, 270, 271, 272, 273, 274, 275, 276, 277, 278, 279, 280, 281, 282, 283, 284, 285, 286, 287, 288, 289, 290, 291, 292, 293, 294, 295, 296, 297, 298, 299, 300, 301, 302, 303, 304, 305, 306, 307, 308, 309, 310, 311, 312, 313, 314, 315, 316, 317, 318, 319, 320, 321, 322, 323, 324, 325, 326, 327, 328, 329, 330, 331, 332, 333, 334, 335, 336, 337, 338, 339, 340, 341, 342, 343, 344, 345, 346, 347, 348, 349, 350, 351, 352, 353, 354, 355, 356, 357, 358, 359, 360, 361, 362, 363, 364, 365, 366, 367, 368, 369, 370, 371, 372, 373, 374, 375, 376, 377, 378, 379, 380, 381, 382, 383, 384, 385, 386, 387, 388, 389, 390, 391, 392, 393, 394, 395, 396, 397, 398, 399, 400, 401, 402, 403, 404, 405, 406, 407, 408, 409, 410, 411, 412, 413, 414, 415, 416, 417, 418, 419, 420, 421, 422, 423, 424, 425, 426, 427, 428, 429, 430, 431, 432, 433, 434, 435, 436, 437, 438, 439, 440, 441, 442, 443, 444, 445, 446, 447, 448, 449, 450, 451, 452, 453, 454, 455, 456, 457, 458, 459, 460, 461, 462, 463, 464, 465, 466, 467, 468, 469, 470, 471, 472, 473, 474, 475, 476, 477, 478, 479, 480, 481, 482, 483, 484, 485, 486, 487, 488, 489, 490, 491, 492, 493, 494, 495, 496, 497, 498, 499, 500, 501, 502, 503, 504, 505, 506, 507, 508, 509, 510, 511, 512, 513, 514, 515, 516, 517, 518, 519, 520, 521, 522, 523, 524, 525, 526, 527, 528, 529, 530, 531, 532, 533, 534, 535, 536, 537, 538, 539, 540, 541, 542, 543, 544, 545, 546, 547, 548, 549, 550, 551, 552, 553, 554, 555, 556, 557, 558, 559, 560, 561, 562, 563, 564, 565, 566, 567, 568, 569, 570, 571, 572, 573, 574, 575, 576, 577, 578, 579, 580, 581, 582, 583, 584, 585, 586, 587, 588, 589, 590, 591, 592, 593, 594, 595, 596, 597, 598, 599, 600, 601, 602, 603, 604, 605, 606, 607, 608, 609, 610, 611, 612, 613, 614, 615, 616, 617, 618, 619, 620, 621, 622, 623, 624, 625, 626, 627, 628, 629, 630, 631, 632, 633, 634, 635, 636, 637, 638, 639, 640, 641, 642, 643, 644, 645, 646, 647, 648, 649, 650, 651, 652, 653, 654, 655, 656, 657, 658, 659, 660, 661, 662, 663, 664, 665, 666, 667, 668, 669, 670, 671, 672, 673, 674, 675, 676, 677, 678, 679, 680, 681, 682, 683, 684, 685, 686, 687, 688, 689, 690, 691, 692, 693, 694, 695, 696, 697, 698, 699, 700, 701, 702, 703, 704, 705, 706, 707, 708, 709, 710, 711, 712, 713, 714, 715, 716, 717, 718, 719, 720, 721, 722, 723, 724, 725, 726, 727, 728, 729, 730, 731, 732, 733, 734, 735, 736, 737, 738, 739, 740, 741, 742, 743, 744, 745, 746, 747, 748, 749, 750, 751, 752, 753, 754, 755, 756, 757, 758, 759, 760, 761, 762, 763, 764, 765, 766, 767, 768, 769, 770, 771, 772, 773, 774, 775, 776, 777, 778, 779, 780, 781, 782, 783, 784, 785, 786, 787, 788, 789, 790, 791, 792, 793, 794, 795, 796, 797, 798, 799, 800, 801, 802, 803, 804, 805, 806, 807, 808, 809, 810, 811, 812, 813, 814, 815, 816, 817, 818, 819, 820, 821, 822, 823, 824, 825, 826, 827, 828, 829, 830, 831, 832, 833, 834, 835, 836, 837, 838, 839, 840, 841, 842, 843, 844, 845, 846, 847, 848, 849, 850, 851, 852, 853, 854, 855, 856, 857, 858, 859, 860, 861, 862, 863, 864, 865, 866, 867, 868, 869, 870, 871, 872, 873, 874, 875, 876, 877, 878, 879, 880, 881, 882, 883, 884, 885, 886, 887, 888, 889, 890, 891, 892, 893, 894, 895, 896, 897, 898, 899, 900, 901, 902, 903, 904, 905, 906, 907, 908, 909, 910, 911, 912, 913, 914, 915, 916, 917, 918, 919, 920, 921, 922, 923, 924, 925, 926, 927, 928, 929, 930, 931, 932, 933, 934, 935, 936, 937, 938, 939, 940, 941, 942, 943, 944, 945, 946, 947, 948, 949, 950, 951, 952, 953, 954, 955, 956, 957, 958, 959, 960, 961, 962, 963, 964, 965, 966, 967, 968, 969, 970, 971, 972, 973, 974, 975, 976, 977, 978, 979, 980, 981, 982, 983, 984, 985, 986, 987, 988, 989, 990, 991, 992, 993, 994, 995, 996, 997, 998, 999, 1000]
complete deal_communities
commplete get_all_nature_community
----------------------------------The detection result is: 

all communities: 
i =  1 : [55, 87, 108, 120, 153, 164, 204, 252, 295, 306, 345, 360, 364, 395, 469, 601, 662, 718, 732, 775, 778, 799, 861, 885, 942, 950, 960, 997]
i =  2 : [21, 41, 60, 94, 131, 134, 138, 159, 194, 229, 241, 247, 341, 363, 371, 381, 384, 434, 486, 489, 560, 593, 608, 634, 638, 726, 766, 801, 851, 852, 895, 908, 924, 927, 934, 953, 974, 981]
i =  3 : [60, 80, 110, 129, 131, 181, 312, 333, 366, 382, 511, 626, 671, 676, 830, 902, 906, 1000]
i =  4 : [96, 152, 366, 446, 454, 734, 795, 825, 826, 906, 940]
i =  5 : [78, 250, 257, 292, 331, 375, 441, 493, 652, 665, 965, 993]
i =  6 : [10, 51, 196, 459, 507, 515, 537, 545, 568, 575, 592, 634, 662, 775, 942, 976]
i =  7 : [48, 234, 247, 249, 414, 541, 638, 806]
i =  8 : [6, 64, 186, 662, 713, 763, 775, 803]
i =  9 : [62, 74, 232, 248, 441, 525, 662, 724, 760, 774, 775, 778, 817, 822, 942]
i =  10 : [11, 219, 271, 415, 416, 482, 601, 652, 669, 674, 705, 718, 746, 768, 828, 878, 923]
i =  11 : [17, 41, 74, 110, 111, 247, 256, 275, 292, 305, 331, 339, 348, 375, 406, 424, 426, 441, 445, 469, 512, 519, 558, 594, 613, 614, 618, 652, 686, 687, 690, 714, 722, 736, 737, 778, 841, 884, 920, 921, 952, 997]
i =  12 : [59, 120, 179, 217, 241, 247, 271, 345, 384, 421, 438, 441, 465, 491, 524, 589, 629, 638, 646, 670, 718, 724, 756, 774, 817, 833, 878, 925, 927]
i =  13 : [4, 20, 36, 88, 99, 118, 203, 271, 294, 310, 319, 455, 473, 482, 541, 566, 601, 652, 657, 718, 806, 887, 920, 955, 979, 980, 982]
i =  14 : [57, 219, 249, 271, 459, 476, 482, 506, 601, 652, 674, 675, 682, 684, 705, 718, 746, 768, 828, 860, 941, 991]
i =  15 : [37, 120, 191, 345, 459, 484, 513, 550, 667, 783, 972]
i =  16 : [79, 108, 135, 219, 255, 272, 496, 674, 705, 746, 768, 828]
i =  17 : [11, 51, 219, 319, 506, 519, 565, 674, 682, 684, 705, 710, 746, 751, 752, 768, 779, 828]
i =  18 : [219, 228, 249, 271, 388, 482, 553, 638, 652, 674, 705, 718, 746, 768, 785, 828, 878, 919]
i =  19 : [26, 135, 235, 405, 759, 763, 831, 834, 887]
i =  20 : [23, 97, 136, 150, 172, 193, 310, 326, 459, 472, 520, 620, 690, 702, 736, 756, 977, 991]
i =  21 : [11, 21, 23, 45, 110, 126, 153, 219, 263, 283, 323, 347, 355, 383, 392, 395, 404, 415, 416, 420, 472, 482, 519, 520, 565, 577, 622, 652, 656, 669, 684, 692, 694, 699, 722, 746, 765, 768, 828, 842, 860, 923, 932, 979]
i =  22 : [51, 124, 160, 219, 262, 271, 283, 388, 428, 446, 471, 474, 482, 652, 660, 674, 705, 710, 718, 746, 768, 826, 828, 833, 878]
i =  23 : [102, 247, 249, 269, 367, 424, 447, 541, 638, 690, 735, 889, 962]
i =  24 : [26, 36, 118, 184, 250, 256, 292, 310, 591, 652, 675, 722, 778, 920, 948, 955, 979, 994]
i =  25 : [16, 84, 271, 298, 366, 718, 732, 734, 747, 816, 825]
i =  26 : [86, 97, 106, 136, 150, 177, 235, 326, 365, 367, 369, 401, 417, 483, 581, 628, 756, 796]
i =  27 : [90, 131, 210, 546, 726, 974]
i =  28 : [106, 177, 235, 366, 367, 369, 413, 483, 521, 549, 581, 628]
i =  29 : [77, 107, 271, 285, 292, 298, 482, 512, 632, 652, 718, 990]
i =  30 : [4, 25, 33, 62, 99, 108, 135, 149, 163, 213, 255, 273, 334, 403, 477, 511, 573, 637, 657, 666, 670, 697, 721, 732, 774, 853, 861, 907, 912, 933, 998]
i =  31 : [14, 41, 70, 76, 85, 94, 99, 130, 203, 278, 345, 412, 414, 428, 441, 455, 510, 512, 566, 593, 647, 657, 661, 667, 767, 838, 871, 903, 907, 951, 952, 990]
i =  32 : [26, 54, 123, 153, 178, 219, 345, 459, 593, 598, 667, 674, 705, 746, 768, 819, 828, 933, 961, 968, 972]
i =  33 : [50, 107, 206, 301, 323, 451, 486, 537, 622, 765, 779, 845, 895, 908, 929, 959, 981]
i =  34 : [25, 86, 99, 108, 168, 177, 213, 232, 248, 250, 265, 271, 292, 331, 365, 375, 400, 403, 441, 477, 482, 511, 525, 546, 551, 573, 589, 652, 657, 724, 732, 760, 774, 778, 779, 796, 817, 907, 993]
i =  35 : [99, 108, 203, 220, 642, 657, 690, 897]
i =  36 : [179, 206, 219, 274, 367, 389, 487, 512, 521, 557, 674, 684, 705, 917, 990]
i =  37 : [2, 107, 185, 206, 441, 673, 724, 774, 779, 817, 845, 893, 929, 935]
i =  38 : [67, 106, 235, 490, 653, 758, 781, 910, 940]
i =  39 : [120, 193, 251, 336, 345, 621, 667, 774]
i =  40 : [29, 41, 71, 99, 200, 203, 296, 319, 439, 441, 558, 565, 582, 636, 657, 712, 743, 838, 848, 849, 904, 952, 979, 991]
i =  41 : [5, 41, 61, 99, 158, 168, 177, 203, 271, 298, 332, 345, 366, 367, 369, 379, 392, 441, 446, 482, 549, 558, 566, 581, 590, 601, 628, 647, 657, 718, 723, 734, 816, 825, 826, 833, 952, 982]
i =  42 : [5, 49, 121, 296, 301, 451, 537, 659, 895, 916]
i =  43 : [74, 185, 507, 545, 568, 634, 662, 673, 775, 778, 942]
i =  44 : [64, 66, 100, 146, 279, 283, 291, 301, 451, 537, 567, 607, 705, 768, 820, 858, 895]
i =  45 : [4, 19, 25, 97, 204, 217, 497, 511, 522, 545, 616, 655, 756, 774, 853, 867, 933, 995, 997]
i =  46 : [36, 80, 134, 194, 519, 542, 565, 703, 726, 793, 904, 906]
i =  47 : [154, 219, 279, 283, 459, 674, 705, 722, 746, 768, 828, 972]
i =  48 : [77, 102, 120, 139, 271, 293, 345, 389, 400, 424, 435, 482, 512, 601, 652, 667, 690, 718, 823, 833, 910, 990]
i =  49 : [199, 250, 271, 296, 298, 382, 558, 580, 600, 601, 691, 718, 732, 776, 827, 836, 848]
i =  50 : [3, 34, 136, 150, 167, 212, 228, 273, 340, 369, 428, 459, 504, 549, 553, 581, 598, 620, 815, 878, 910, 940, 966, 972, 991]
i =  51 : [2, 4, 5, 14, 25, 64, 85, 173, 189, 278, 296, 301, 399, 414, 441, 497, 505, 511, 573, 575, 582, 592, 593, 647, 659, 661, 677, 724, 755, 774, 779, 817, 820, 838, 853, 858, 871, 895, 903, 907, 933, 975, 979, 990, 998]
i =  52 : [21, 287, 565, 645, 826, 860, 904, 905, 957]
i =  53 : [54, 93, 100, 123, 153, 219, 537, 593, 674, 684, 705, 746, 768, 819, 828]
i =  54 : [6, 64, 204, 248, 339, 459, 522, 525, 616, 664, 803, 829, 991]
i =  55 : [4, 113, 166, 481, 545, 853, 933]
i =  56 : [26, 135, 178, 238, 245, 387, 405, 413, 477, 525, 763, 831, 834, 887]
i =  57 : [4, 91, 179, 343, 558, 845, 853, 887, 933, 980]
i =  58 : [5, 38, 49, 73, 97, 121, 136, 252, 256, 298, 310, 317, 321, 357, 367, 384, 414, 451, 470, 516, 581, 588, 601, 659, 718, 726, 728, 756, 820, 895, 908, 974]
i =  59 : [96, 97, 99, 150, 195, 203, 218, 254, 287, 367, 418, 521, 540, 657, 717, 756, 860, 866, 893, 905, 957]
i =  60 : [45, 110, 198, 219, 271, 292, 379, 392, 415, 482, 601, 652, 674, 705, 718, 746, 767, 768, 807, 828, 878, 923, 965]
i =  61 : [48, 185, 218, 234, 350, 414, 452, 634, 673, 806, 888, 934]
i =  62 : [69, 76, 192, 204, 230, 399, 522, 602, 616, 625, 697, 726, 734, 756, 803, 974, 997, 998]
i =  63 : [21, 134, 434, 473, 560, 634, 641, 656, 662, 775, 924, 932]
i =  64 : [36, 131, 140, 159, 374, 412, 420, 429, 530, 567, 607, 615, 616, 642, 675, 678, 726, 728, 974]
i =  65 : [6, 40, 60, 64, 131, 139, 229, 284, 322, 341, 451, 493, 519, 536, 537, 616, 726, 803, 811, 895, 974]
i =  66 : [153, 219, 459, 598, 664, 674, 705, 746, 768, 828, 933, 968, 972]
i =  67 : [11, 31, 86, 247, 315, 338, 346, 351, 359, 366, 407, 410, 428, 457, 464, 505, 604, 630, 660, 680, 834]
i =  68 : [8, 26, 106, 177, 204, 206, 235, 256, 261, 267, 365, 413, 453, 506, 545, 689, 803, 831, 994, 997]
i =  69 : [15, 16, 99, 101, 168, 379, 392, 401, 456, 457, 464, 505, 641, 645, 657, 745, 904, 933]
i =  70 : [19, 20, 22, 80, 87, 169, 252, 362, 906]
i =  71 : [42, 51, 184, 219, 459, 598, 674, 684, 705, 746, 768, 772, 828, 835, 972]
i =  72 : [99, 102, 203, 424, 490, 566, 657, 690, 767, 854, 870]
i =  73 : [83, 99, 183, 203, 319, 525, 536, 566, 586, 636, 642, 657, 751, 870, 952]
i =  74 : [4, 10, 19, 97, 130, 136, 150, 178, 206, 207, 217, 251, 268, 269, 326, 387, 391, 447, 487, 507, 545, 558, 581, 606, 756, 771, 832, 853, 866, 890, 932, 933, 945, 958, 960, 993, 995]
i =  75 : [219, 352, 389, 457, 464, 505, 512, 662, 684, 746, 828, 840, 990]
i =  76 : [12, 24, 28, 30, 41, 56, 91, 167, 201, 256, 361, 367, 396, 438, 451, 457, 464, 505, 558, 634, 641, 644, 722, 915]
i =  77 : [36, 97, 136, 150, 193, 194, 242, 326, 459, 466, 489, 493, 506, 519, 581, 599, 620, 641, 682, 698, 702, 726, 793, 977, 991]
i =  78 : [29, 192, 200, 251, 301, 318, 342, 451, 537, 895]
i =  79 : [41, 78, 97, 217, 250, 292, 331, 441, 558, 571, 605, 652, 724, 753, 756, 774, 817, 895, 952]
i =  80 : [41, 112, 296, 441, 558, 647, 838, 903, 952]
i =  81 : [459, 549, 557, 562, 563, 581, 620, 991, 992]
i =  82 : [66, 109, 301, 451, 567, 607, 658, 661, 820, 860, 895, 932]
i =  83 : [77, 174, 250, 271, 292, 422, 459, 482, 512, 601, 652, 718, 803, 972, 984, 990]
i =  84 : [430, 457, 464, 469, 505, 677, 695, 875]
i =  85 : [16, 35, 151, 175, 204, 260, 326, 366, 395, 430, 457, 464, 469, 505, 518, 581, 599, 677, 734, 754, 777, 825, 948, 959, 992, 997]
i =  86 : [6, 64, 95, 100, 219, 250, 271, 292, 304, 331, 482, 537, 601, 652, 674, 684, 705, 718, 746, 767, 768, 803, 828, 856, 985]
i =  87 : [80, 87, 135, 185, 200, 424, 532, 673, 735, 841, 883, 888, 900, 906]
i =  88 : [14, 77, 118, 271, 298, 310, 345, 389, 462, 482, 512, 601, 624, 652, 667, 718, 745, 805, 833, 866, 878, 955, 990]
i =  89 : [84, 95, 99, 203, 204, 230, 247, 359, 366, 399, 604, 636, 657, 734, 768, 825, 951, 997]
i =  90 : [273, 322, 354, 441, 493, 494, 688, 724, 774, 817]
i =  91 : [44, 185, 211, 238, 266, 413, 536, 571, 724]
i =  92 : [199, 250, 271, 292, 382, 482, 567, 601, 619, 652, 718, 776]
i =  93 : [20, 162, 204, 233, 252, 395, 455, 493, 870, 997]
i =  94 : [11, 51, 68, 143, 219, 241, 322, 358, 370, 408, 674, 705, 710, 746, 768, 828, 923, 971]
i =  95 : [41, 51, 78, 101, 110, 227, 250, 277, 292, 310, 331, 435, 438, 441, 455, 482, 558, 602, 652, 690, 697, 724, 745, 758, 786, 817, 910, 933, 952, 955, 965]
i =  96 : [80, 87, 241, 451, 486, 798, 841, 895, 906]
i =  97 : [21, 141, 197, 204, 230, 399, 441, 444, 457, 464, 505, 592, 669, 896, 997]
i =  98 : [219, 259, 391, 457, 464, 505, 514, 674, 705, 746, 768, 828, 940]
i =  99 : [4, 99, 161, 181, 319, 545, 565, 622, 853, 871, 933, 943, 979]
i =  100 : [20, 99, 168, 203, 298, 566, 643, 657, 686, 717, 718, 767]
i =  101 : [120, 271, 345, 482, 601, 624, 652, 667, 718, 833, 878]
i =  102 : [99, 147, 203, 266, 319, 642, 657, 690, 897]
i =  103 : [26, 42, 61, 99, 131, 135, 151, 160, 196, 219, 255, 319, 337, 345, 379, 395, 405, 475, 515, 592, 657, 671, 673, 674, 705, 733, 734, 751, 759, 768, 831, 844, 898, 900, 976]
i =  104 : [67, 165, 185, 204, 411, 424, 503, 522, 616, 648, 673, 726, 792, 803, 880, 997]
i =  105 : [92, 204, 247, 249, 509, 522, 616, 638, 655, 726, 803, 997]
i =  106 : [20, 63, 120, 245, 345, 408, 455, 459, 477, 513, 581, 585, 620, 654, 667, 887, 944, 972, 991, 992]
i =  107 : [86, 222, 260, 266, 417, 477, 640, 682, 789, 796, 874]
i =  108 : [6, 64, 99, 203, 219, 266, 296, 319, 558, 566, 657, 674, 682, 705, 746, 768, 803, 828, 848, 964, 966]
i =  109 : [108, 218, 273, 549, 581, 629, 670, 724, 731, 815, 888, 952]
i =  110 : [135, 151, 185, 255, 395, 673, 900]
i =  111 : [21, 99, 141, 170, 185, 197, 218, 230, 399, 441, 452, 584, 734, 758, 872, 888, 949, 960]
i =  112 : [4, 7, 20, 51, 203, 317, 345, 357, 382, 408, 455, 456, 473, 518, 544, 549, 581, 585, 610, 620, 633, 654, 657, 658, 667, 887, 892, 908, 931, 944, 971, 980, 982, 991, 992]
i =  113 : [24, 60, 77, 138, 271, 341, 363, 389, 482, 512, 593, 652, 718, 850, 990]
i =  114 : [77, 187, 246, 271, 282, 389, 394, 504, 512, 514, 706, 718, 887, 965, 990]
i =  115 : [151, 185, 204, 395, 404, 428, 471, 660, 673, 997]
i =  116 : [6, 131, 243, 310, 324, 612, 616, 662, 726, 803, 866, 938, 974]
i =  117 : [74, 204, 247, 249, 305, 359, 389, 512, 638, 686, 714, 778, 921, 990, 997]
i =  118 : [36, 42, 88, 188, 193, 250, 251, 271, 275, 292, 299, 336, 345, 397, 482, 605, 652, 656, 657, 667, 695, 718, 851, 872, 881, 920, 932, 958, 960, 973, 982]
i =  119 : [9, 85, 115, 266, 297, 339, 428, 477, 512, 593, 594, 660, 664, 686, 956, 990]
i =  120 : [99, 168, 187, 191, 203, 471, 490, 492, 511, 512, 574, 657, 667, 854, 857, 872, 958, 960, 990]
i =  121 : [85, 134, 302, 361, 505, 512, 592, 677, 839, 990]
i =  122 : [41, 91, 146, 219, 279, 283, 557, 558, 600, 674, 705, 746, 768, 828, 898, 921]
i =  123 : [85, 155, 512, 557, 592, 701, 743, 936, 990]
i =  124 : [219, 271, 339, 392, 415, 420, 482, 586, 652, 674, 705, 718, 746, 768, 828, 829, 878, 923]
i =  125 : [100, 101, 203, 292, 331, 399, 441, 459, 470, 486, 507, 545, 566, 652, 758, 791, 853, 870, 933, 978]
i =  126 : [70, 100, 219, 250, 258, 286, 292, 310, 331, 389, 407, 441, 451, 455, 512, 537, 652, 674, 681, 684, 705, 768, 801, 869, 893, 895, 955, 985]
i =  127 : [147, 179, 204, 208, 266, 339, 356, 368, 387, 389, 512, 522, 561, 594, 609, 614, 616, 713, 726, 756, 803, 824, 990, 997]
i =  128 : [1, 27, 49, 247, 249, 398, 638, 672, 778, 921]
i =  129 : [16, 84, 99, 168, 203, 223, 308, 325, 379, 392, 657, 732, 734, 747, 825]
i =  130 : [108, 135, 185, 219, 272, 273, 300, 471, 673, 674, 705, 888, 938]
i =  131 : [6, 53, 64, 191, 271, 345, 482, 601, 652, 667, 718, 803, 833, 856]
i =  132 : [334, 486, 608, 697, 766, 847, 908, 998]
i =  133 : [41, 104, 202, 250, 292, 331, 381, 441, 486, 558, 566, 652, 748, 767, 791]
i =  134 : [41, 292, 331, 375, 413, 417, 424, 441, 445, 482, 558, 652, 666, 690, 763, 834, 887, 952]
i =  135 : [9, 24, 85, 115, 281, 297, 312, 339, 380, 428, 459, 499, 512, 592, 593, 594, 630, 660, 664, 686, 906, 956, 990]
i =  136 : [6, 64, 105, 110, 129, 131, 325, 366, 382, 500, 519, 862, 902, 1000]
i =  137 : [204, 208, 247, 249, 256, 359, 368, 423, 432, 453, 541, 609, 614, 638, 641, 698, 997]
i =  138 : [108, 179, 194, 219, 220, 236, 273, 349, 518, 593, 647, 682, 704, 709, 816, 872, 967]
i =  139 : [7, 12, 77, 99, 203, 245, 271, 438, 482, 512, 566, 581, 652, 657, 708, 718, 810, 915, 982, 990, 992]
i =  140 : [11, 54, 134, 198, 209, 219, 271, 292, 415, 482, 601, 652, 718, 746, 763, 828, 878, 923]
i =  141 : [11, 51, 177, 262, 379, 392, 400, 419, 682, 710, 734, 752, 758, 910, 923, 940, 976]
i =  142 : [59, 77, 120, 177, 191, 271, 282, 345, 375, 389, 400, 482, 512, 589, 601, 652, 667, 718, 738, 833, 990, 993]
i =  143 : [21, 287, 457, 464, 505, 565, 645, 669, 826, 877, 904]
i =  144 : [11, 51, 96, 154, 167, 174, 179, 239, 281, 283, 337, 366, 446, 459, 473, 544, 610, 630, 641, 660, 696, 710, 734, 764, 792, 825, 861, 873, 928, 931, 972, 976, 980]
i =  145 : [11, 51, 59, 89, 120, 131, 170, 206, 241, 247, 249, 250, 345, 358, 370, 638, 710, 726, 851, 974]
i =  146 : [55, 56, 77, 85, 128, 144, 201, 250, 271, 292, 361, 389, 413, 430, 448, 457, 464, 469, 482, 505, 512, 572, 592, 652, 677, 700, 718, 779, 833, 975, 990]
i =  147 : [25, 62, 99, 140, 168, 182, 203, 228, 439, 477, 485, 490, 511, 566, 642, 657, 725, 767, 774, 861, 870, 907, 960]
i =  148 : [12, 30, 41, 77, 85, 91, 132, 323, 361, 396, 413, 430, 438, 441, 449, 451, 457, 464, 505, 512, 558, 572, 592, 594, 622, 677, 686, 895, 915, 990]
i =  149 : [38, 64, 76, 99, 203, 219, 243, 247, 271, 298, 310, 316, 324, 340, 349, 359, 366, 482, 495, 526, 596, 601, 636, 652, 657, 662, 674, 675, 704, 705, 718, 746, 768, 816, 821, 828, 858, 863, 921, 938, 982]
i =  150 : [3, 6, 31, 49, 55, 64, 69, 86, 171, 204, 217, 220, 234, 249, 384, 470, 522, 541, 616, 726, 728, 756, 783, 803, 806, 858, 874]
i =  151 : [20, 112, 141, 160, 197, 219, 230, 252, 395, 399, 428, 441, 442, 452, 471, 474, 548, 604, 648, 660, 674, 705, 734, 746, 763, 768, 790, 808, 828, 997]
i =  152 : [8, 26, 36, 41, 175, 190, 206, 256, 301, 351, 442, 451, 493, 506, 582, 634, 644, 647, 675, 676, 703, 809, 838, 876, 895, 952, 991, 994]
i =  153 : [16, 175, 215, 241, 260, 423, 524, 581, 603, 607, 668, 670, 724, 754, 843, 861]
overlapping nodes are:  [2, 3, 4, 5, 6, 7, 8, 9, 10, 11, 12, 14, 16, 19, 20, 21, 23, 24, 25, 26, 29, 30, 31, 36, 38, 41, 42, 45, 48, 49, 51, 54, 55, 56, 59, 60, 61, 62, 64, 66, 67, 69, 70, 74, 76, 77, 78, 80, 84, 85, 86, 87, 88, 91, 94, 95, 96, 97, 99, 100, 101, 102, 106, 107, 108, 110, 112, 115, 118, 120, 121, 123, 129, 130, 131, 134, 135, 136, 138, 139, 140, 141, 146, 147, 150, 151, 153, 154, 159, 160, 167, 168, 170, 174, 175, 177, 178, 179, 181, 184, 185, 187, 191, 192, 193, 194, 196, 197, 198, 199, 200, 201, 203, 204, 206, 208, 213, 217, 218, 219, 220, 228, 229, 230, 232, 234, 235, 238, 241, 243, 245, 247, 248, 249, 250, 251, 252, 255, 256, 260, 262, 266, 269, 271, 272, 273, 275, 278, 279, 281, 282, 283, 287, 292, 296, 297, 298, 301, 305, 310, 312, 317, 319, 322, 323, 324, 325, 326, 331, 334, 336, 337, 339, 340, 341, 345, 349, 351, 357, 358, 359, 361, 363, 365, 366, 367, 368, 369, 370, 375, 379, 381, 382, 384, 387, 388, 389, 391, 392, 395, 396, 399, 400, 401, 403, 404, 405, 407, 408, 412, 413, 414, 415, 416, 417, 420, 423, 424, 428, 430, 434, 435, 438, 439, 441, 442, 445, 446, 447, 451, 452, 453, 455, 456, 457, 459, 464, 469, 470, 471, 472, 473, 474, 477, 482, 483, 486, 487, 489, 490, 493, 497, 504, 505, 506, 507, 511, 512, 513, 514, 515, 518, 519, 520, 521, 522, 524, 525, 536, 537, 541, 544, 545, 546, 549, 553, 557, 558, 560, 565, 566, 567, 568, 571, 572, 573, 575, 581, 582, 585, 586, 589, 592, 593, 594, 598, 599, 600, 601, 602, 604, 605, 607, 608, 609, 610, 614, 616, 620, 622, 624, 628, 629, 630, 634, 636, 638, 641, 642, 644, 645, 647, 648, 652, 654, 655, 656, 657, 658, 659, 660, 661, 662, 664, 666, 667, 669, 670, 671, 673, 674, 675, 676, 677, 682, 684, 686, 690, 695, 697, 698, 702, 703, 704, 705, 710, 713, 714, 717, 718, 722, 724, 726, 728, 732, 734, 735, 736, 743, 745, 746, 747, 751, 752, 754, 756, 758, 759, 760, 763, 765, 766, 767, 768, 774, 775, 776, 778, 779, 783, 791, 792, 793, 796, 801, 803, 806, 815, 816, 817, 819, 820, 825, 826, 828, 829, 831, 833, 834, 838, 841, 845, 848, 851, 853, 854, 856, 858, 860, 861, 866, 870, 871, 872, 874, 878, 887, 888, 893, 895, 897, 898, 900, 902, 903, 904, 905, 906, 907, 908, 910, 915, 920, 921, 923, 924, 927, 929, 931, 932, 933, 934, 938, 940, 942, 944, 948, 951, 952, 955, 956, 957, 958, 959, 960, 965, 966, 968, 971, 972, 974, 975, 976, 977, 979, 980, 981, 982, 985, 990, 991, 992, 993, 994, 995, 997, 998, 1000] 
 NOO is:  488
total time is:  13102.373646
