lens of ground_truth:  37
ground_truth is: [[11, 65, 160, 248, 327, 393, 410, 411, 453, 482, 504, 567, 599, 637, 638, 657, 662, 714, 748, 764, 782, 792, 811, 833, 839, 847, 867, 871, 877, 894, 898, 902, 905], [9, 102, 152, 173, 200, 286, 323, 338, 349, 356, 407, 519, 531, 532, 539, 560, 565, 585, 607, 702, 719, 725], [14, 73, 122, 222, 269, 280, 283, 284, 314, 368, 445, 474, 478, 537, 555, 570, 591, 650, 664, 686, 717, 735], [16, 74, 108, 118, 131, 153, 348, 388, 401, 436, 451, 511, 525, 540, 547, 561, 566, 581, 672, 711, 720, 744, 755, 805, 809, 814, 832, 842, 843, 868, 875, 881, 889, 913, 920, 922, 930, 939, 943, 954], [31, 35, 75, 90, 113, 144, 155, 203, 292, 345, 353, 374, 402, 403, 404, 440, 494, 496, 552, 597, 600, 642, 705, 710, 736, 737, 742, 766, 768, 846, 854, 880, 891, 897, 919, 928, 953, 956, 959, 961, 970], [3, 19, 40, 52, 60, 140, 141, 174, 179, 182, 183], [15, 127, 212, 219, 238, 281, 340, 361, 391, 425, 455, 456, 462, 499, 554, 563, 582, 584, 587, 618, 621, 625, 646, 676, 721, 734, 746, 750, 794, 857, 858, 886], [84, 91, 111, 143, 187, 209, 249, 267, 294, 300, 321, 423, 522, 589, 605, 617, 629, 635, 653, 692, 707], [7, 13, 34, 48, 55, 56, 61, 104, 121, 211, 256, 296], [30, 112, 191, 199, 237, 241, 264, 295, 370, 383, 395, 396, 413, 417, 475, 517, 559, 603, 626, 665], [29, 36, 43, 45, 80, 88, 105, 247, 290, 337, 355, 427, 446, 463, 586, 628, 669, 671, 674, 708, 718, 780, 781, 783, 806, 827, 835, 851, 853, 861], [49, 53, 54, 163, 177, 214, 224, 235, 240, 246, 251, 350, 358], [32, 225, 252, 270, 317, 344, 346, 362, 394, 414, 439, 509, 527, 562, 579, 616, 661, 668, 688, 723, 754, 761, 795, 797, 798, 802, 808, 817, 825, 849, 856, 873, 892, 895, 896, 909, 914, 921, 964, 965, 969, 973], [12, 28, 33, 145, 253, 255, 257, 307, 332, 335, 419, 449, 470, 480, 487, 524, 595, 604, 632, 634, 690, 701, 724, 741, 743, 747, 751, 752, 762, 855, 859, 878], [69, 101, 109, 110, 138, 154, 171, 175, 178, 233, 278, 316, 375, 473, 483, 503, 510, 523, 551, 612, 641, 651, 681, 706, 760, 767, 787, 800, 801, 803, 815, 819, 899, 925, 926, 948, 951, 963, 968, 971, 972, 978, 982, 984], [5, 6, 64, 202, 220, 221, 293, 302, 325, 389, 428, 476, 485, 507, 534, 538, 556, 614, 623, 636, 678, 680, 695, 763, 774, 777, 785, 791, 810, 820, 823, 844, 863, 864, 874, 903, 912, 937, 942, 966, 967, 974, 980, 988, 990], [115, 184, 198, 260, 262, 291, 304, 315, 319, 347, 422, 454, 465, 481, 505, 515], [4, 18, 78, 117, 139, 156, 169, 227, 330, 380, 390, 416, 461, 495, 500, 550, 590, 627, 659, 666, 679, 684, 694, 704, 753, 758, 771, 799, 824, 828, 836, 845, 865, 866, 907], [158, 165, 180, 181, 230, 258, 301, 342, 364, 372, 408, 434, 484, 486, 497, 575, 578], [27, 47, 67, 100, 123, 206, 250, 265, 297, 312, 382, 492, 529, 569, 619, 630, 687, 697, 716, 722, 738, 769, 776, 788, 796, 829, 834, 841, 848, 852, 876, 882, 884, 885, 888, 901, 908, 915, 936, 938, 946, 981, 993, 994, 997, 998, 1000], [10, 22, 70, 82, 107, 126, 134, 151, 196, 226, 231, 244, 308, 313, 341, 441, 469, 536, 541, 594, 608, 610, 709, 728, 731, 733, 739, 757, 759, 765, 775, 818, 837, 860, 918, 929, 932, 933, 945, 949, 950, 958, 962, 976, 986, 987, 991, 992, 995, 996], [37, 62, 194, 210, 223, 234, 273, 320, 377, 384, 398, 415, 426, 464, 479, 501, 508, 545, 624], [41, 96, 170, 197, 213, 215, 218, 254, 310, 420, 433, 448, 460, 472, 528, 546], [39, 46, 58, 114, 146, 277, 282, 365, 373, 387, 450, 530, 564, 583, 601, 602, 611, 648, 649, 670], [1, 72, 93, 148, 166, 205, 371, 379, 385, 400, 477, 516, 526, 535, 543, 609, 613, 645, 652, 654, 656, 677, 683, 685, 713, 779, 784, 790, 830, 838, 862, 870, 872, 883, 900, 911, 924, 927, 931, 947, 952, 955, 983, 985, 989, 999], [24, 59, 86, 133, 164, 201, 274, 276, 311, 351, 360, 369, 444, 452, 493, 512, 514, 549, 571, 643, 703, 715, 727, 740, 772, 793, 812], [50, 87, 125, 137, 189, 190, 271, 306, 326, 336, 363, 378, 409, 418, 431, 447, 577, 620, 622, 658, 689, 693, 696, 698, 700, 732, 770, 804, 813, 816, 821, 840, 893], [2, 57, 63, 71, 77, 81, 92, 94, 97, 207, 239], [42, 79, 99, 176, 193, 229, 261, 298, 303, 309, 331, 397, 468, 488, 520, 553, 557, 615, 660, 667, 682, 729, 749, 756, 778, 822], [129, 136, 167, 266, 289, 329, 366, 392, 429, 442, 471, 506, 521, 544, 580, 588, 593, 633, 644, 663], [8, 38, 44, 66, 128, 150, 172, 186, 268, 334, 357, 367, 405, 432, 548, 572, 573], [20, 68, 83, 89, 103, 120, 124, 149, 157, 195, 208], [17, 116, 132, 142, 162, 243, 263, 279, 285, 324, 359, 376, 412, 435, 437, 458, 489, 542, 576, 596, 606, 631, 639, 640, 655, 673, 712, 730, 786, 789, 807, 831, 879, 887, 890, 910, 917, 923, 941, 957, 960, 975, 977, 979], [26, 106, 119, 204, 217, 245, 288, 322, 343, 354, 386, 424, 466, 490, 502, 513, 518, 568, 574, 592, 598, 647, 675, 691, 699, 726, 745, 773, 826, 850, 869, 904, 906, 916, 934, 935, 940, 944], [21, 76, 85, 161, 216, 228, 259, 275, 328, 333, 339, 406, 430, 443, 457, 467, 533, 558], [95, 130, 135, 147, 159, 168, 192, 232, 242, 272, 318, 381, 421, 459], [23, 25, 51, 98, 185, 188, 236, 287, 299, 305, 352, 399, 438, 491, 498]]
nodes: [183, 296, 309, 372, 421, 491, 505, 546, 548, 558, 560, 583, 585, 601, 617, 624, 627, 634, 663, 665, 715, 729, 735, 812, 826, 851, 865, 878, 886, 893, 904, 905, 926, 954, 965, 970, 972, 979, 987, 990, 998, 999] num of nodes:  42
[[3, 183, 140, 141, 174, 60, 179, 182, 40], [7, 296, 211, 256, 48, 104, 34], [176, 778, 660, 822, 615, 309, 749], [301, 578, 486, 364, 408, 497, 434, 372, 575], [130, 421, 459, 272, 242, 381, 318, 232, 192], [51, 352, 491, 299, 305, 185, 498, 438, 399], [198, 291, 515, 262, 454, 505, 465, 481, 422], [170, 546, 420, 528, 433, 472, 448, 460, 215], [8, 548, 572, 573, 334, 432, 38, 367], [161, 558, 533, 275, 457, 430, 443], [407, 560, 719, 532, 725, 539, 702, 531, 519], [277, 611, 648, 649, 365, 602, 583, 530, 564, 670], [323, 719, 725, 539, 702, 607, 585, 531], [277, 611, 648, 649, 365, 602, 601, 530, 564, 670], [423, 707, 617, 522, 653, 635, 629, 692, 589, 605], [223, 545, 624, 501, 479, 426, 464, 398], [550, 824, 836, 828, 907, 590, 627, 845], [419, 595, 855, 859, 634, 762, 524], [129, 663, 580, 588, 633, 544, 593, 521, 644], [191, 626, 603, 665, 417, 395, 475], [201, 512, 514, 772, 703, 715, 727], [229, 749, 822, 667, 778, 682, 729, 756, 397], [122, 650, 686, 664, 474, 735, 478, 445, 537], [201, 512, 514, 772, 703, 793, 812, 727], [354, 935, 940, 944, 850, 916, 869, 826, 598, 906], [247, 835, 708, 806, 780, 781, 861, 851, 628, 853, 827], [659, 704, 865, 907, 866, 836, 679, 824, 753, 828], [332, 878, 859, 724, 855, 480, 752, 632, 743], [127, 886, 857, 794, 621, 554, 734], [447, 698, 893, 821, 816, 693, 813, 689, 622], [490, 934, 935, 904, 940, 944, 574, 773, 850, 869, 691], [482, 833, 898, 867, 902, 839, 905, 811, 877, 847, 894, 782, 637, 871], [681, 801, 968, 803, 971, 978, 984, 963, 948, 982, 951, 925, 899, 800, 815, 926], [672, 930, 809, 939, 842, 943, 954, 832, 843, 814, 922, 920, 913], [616, 964, 965, 973, 914, 969, 921, 896, 873, 856, 909, 825, 761], [552, 736, 961, 897, 970, 854, 953, 891, 956, 959, 846, 919, 880, 600], [681, 801, 968, 803, 971, 978, 984, 963, 948, 982, 951, 925, 899, 800, 815, 972], [673, 941, 975, 977, 979, 917, 960, 957, 807, 730, 831, 910, 879], [918, 991, 996, 987, 950, 986, 932, 949, 976, 945, 933, 860, 765, 837, 733], [777, 966, 967, 903, 937, 974, 942, 912, 980, 988, 990, 874, 863, 785, 820], [697, 998, 993, 1000, 938, 994, 997, 885, 841, 888, 946, 915, 829, 716, 884, 981], [652, 900, 999, 911, 983, 952, 955, 989, 931, 947, 985, 713, 830, 862]]
len of cliques:  42
downsides after: [[681, 801, 968, 803, 971, 978, 984, 963, 948, 982, 951, 925, 899, 800, 815, 926], [681, 801, 968, 803, 971, 978, 984, 963, 948, 982, 951, 925, 899, 800, 815, 972], [697, 998, 993, 1000, 938, 994, 997, 885, 841, 888, 946, 915, 829, 716, 884, 981], [918, 991, 996, 987, 950, 986, 932, 949, 976, 945, 933, 860, 765, 837, 733], [777, 966, 967, 903, 937, 974, 942, 912, 980, 988, 990, 874, 863, 785, 820], [482, 833, 898, 867, 902, 839, 905, 811, 877, 847, 894, 782, 637, 871], [552, 736, 961, 897, 970, 854, 953, 891, 956, 959, 846, 919, 880, 600], [652, 900, 999, 911, 983, 952, 955, 989, 931, 947, 985, 713, 830, 862], [672, 930, 809, 939, 842, 943, 954, 832, 843, 814, 922, 920, 913], [616, 964, 965, 973, 914, 969, 921, 896, 873, 856, 909, 825, 761], [673, 941, 975, 977, 979, 917, 960, 957, 807, 730, 831, 910, 879], [247, 835, 708, 806, 780, 781, 861, 851, 628, 853, 827], [490, 934, 935, 904, 940, 944, 574, 773, 850, 869, 691], [277, 611, 648, 649, 365, 602, 583, 530, 564, 670], [277, 611, 648, 649, 365, 602, 601, 530, 564, 670], [423, 707, 617, 522, 653, 635, 629, 692, 589, 605], [354, 935, 940, 944, 850, 916, 869, 826, 598, 906], [659, 704, 865, 907, 866, 836, 679, 824, 753, 828], [3, 183, 140, 141, 174, 60, 179, 182, 40], [301, 578, 486, 364, 408, 497, 434, 372, 575], [130, 421, 459, 272, 242, 381, 318, 232, 192], [51, 352, 491, 299, 305, 185, 498, 438, 399], [198, 291, 515, 262, 454, 505, 465, 481, 422], [170, 546, 420, 528, 433, 472, 448, 460, 215], [407, 560, 719, 532, 725, 539, 702, 531, 519], [129, 663, 580, 588, 633, 544, 593, 521, 644], [229, 749, 822, 667, 778, 682, 729, 756, 397], [122, 650, 686, 664, 474, 735, 478, 445, 537], [332, 878, 859, 724, 855, 480, 752, 632, 743], [447, 698, 893, 821, 816, 693, 813, 689, 622], [8, 548, 572, 573, 334, 432, 38, 367], [323, 719, 725, 539, 702, 607, 585, 531], [223, 545, 624, 501, 479, 426, 464, 398], [550, 824, 836, 828, 907, 590, 627, 845], [201, 512, 514, 772, 703, 793, 812, 727], [7, 296, 211, 256, 48, 104, 34], [176, 778, 660, 822, 615, 309, 749], [161, 558, 533, 275, 457, 430, 443], [419, 595, 855, 859, 634, 762, 524], [191, 626, 603, 665, 417, 395, 475], [201, 512, 514, 772, 703, 715, 727], [127, 886, 857, 794, 621, 554, 734]]
number of downsided seeds: 42
[[681, 801, 968, 803, 971, 978, 984, 963, 948, 982, 951, 925, 899, 800, 815, 926], [681, 801, 968, 803, 971, 978, 984, 963, 948, 982, 951, 925, 899, 800, 815, 972], [697, 998, 993, 1000, 938, 994, 997, 885, 841, 888, 946, 915, 829, 716, 884, 981], [918, 991, 996, 987, 950, 986, 932, 949, 976, 945, 933, 860, 765, 837, 733], [777, 966, 967, 903, 937, 974, 942, 912, 980, 988, 990, 874, 863, 785, 820], [482, 833, 898, 867, 902, 839, 905, 811, 877, 847, 894, 782, 637, 871], [552, 736, 961, 897, 970, 854, 953, 891, 956, 959, 846, 919, 880, 600], [652, 900, 999, 911, 983, 952, 955, 989, 931, 947, 985, 713, 830, 862], [672, 930, 809, 939, 842, 943, 954, 832, 843, 814, 922, 920, 913], [616, 964, 965, 973, 914, 969, 921, 896, 873, 856, 909, 825, 761], [673, 941, 975, 977, 979, 917, 960, 957, 807, 730, 831, 910, 879], [247, 835, 708, 806, 780, 781, 861, 851, 628, 853, 827], [490, 934, 935, 904, 940, 944, 574, 773, 850, 869, 691], [277, 611, 648, 649, 365, 602, 583, 530, 564, 670], [277, 611, 648, 649, 365, 602, 601, 530, 564, 670], [423, 707, 617, 522, 653, 635, 629, 692, 589, 605], [354, 935, 940, 944, 850, 916, 869, 826, 598, 906], [659, 704, 865, 907, 866, 836, 679, 824, 753, 828], [3, 183, 140, 141, 174, 60, 179, 182, 40], [301, 578, 486, 364, 408, 497, 434, 372, 575], [130, 421, 459, 272, 242, 381, 318, 232, 192], [51, 352, 491, 299, 305, 185, 498, 438, 399], [198, 291, 515, 262, 454, 505, 465, 481, 422], [170, 546, 420, 528, 433, 472, 448, 460, 215], [407, 560, 719, 532, 725, 539, 702, 531, 519], [129, 663, 580, 588, 633, 544, 593, 521, 644], [229, 749, 822, 667, 778, 682, 729, 756, 397], [122, 650, 686, 664, 474, 735, 478, 445, 537], [332, 878, 859, 724, 855, 480, 752, 632, 743], [447, 698, 893, 821, 816, 693, 813, 689, 622], [8, 548, 572, 573, 334, 432, 38, 367], [323, 719, 725, 539, 702, 607, 585, 531], [223, 545, 624, 501, 479, 426, 464, 398], [550, 824, 836, 828, 907, 590, 627, 845], [201, 512, 514, 772, 703, 793, 812, 727], [7, 296, 211, 256, 48, 104, 34], [176, 778, 660, 822, 615, 309, 749], [161, 558, 533, 275, 457, 430, 443], [419, 595, 855, 859, 634, 762, 524], [191, 626, 603, 665, 417, 395, 475], [201, 512, 514, 772, 703, 715, 727], [127, 886, 857, 794, 621, 554, 734]]
after sorted:  [[681, 801, 968, 803, 971, 978, 984, 963, 948, 982, 951, 925, 899, 800, 815, 926], [681, 801, 968, 803, 971, 978, 984, 963, 948, 982, 951, 925, 899, 800, 815, 972], [697, 998, 993, 1000, 938, 994, 997, 885, 841, 888, 946, 915, 829, 716, 884, 981], [918, 991, 996, 987, 950, 986, 932, 949, 976, 945, 933, 860, 765, 837, 733], [777, 966, 967, 903, 937, 974, 942, 912, 980, 988, 990, 874, 863, 785, 820], [482, 833, 898, 867, 902, 839, 905, 811, 877, 847, 894, 782, 637, 871], [552, 736, 961, 897, 970, 854, 953, 891, 956, 959, 846, 919, 880, 600], [652, 900, 999, 911, 983, 952, 955, 989, 931, 947, 985, 713, 830, 862], [672, 930, 809, 939, 842, 943, 954, 832, 843, 814, 922, 920, 913], [616, 964, 965, 973, 914, 969, 921, 896, 873, 856, 909, 825, 761], [673, 941, 975, 977, 979, 917, 960, 957, 807, 730, 831, 910, 879], [247, 835, 708, 806, 780, 781, 861, 851, 628, 853, 827], [490, 934, 935, 904, 940, 944, 574, 773, 850, 869, 691], [277, 611, 648, 649, 365, 602, 583, 530, 564, 670], [277, 611, 648, 649, 365, 602, 601, 530, 564, 670], [423, 707, 617, 522, 653, 635, 629, 692, 589, 605], [354, 935, 940, 944, 850, 916, 869, 826, 598, 906], [659, 704, 865, 907, 866, 836, 679, 824, 753, 828], [3, 183, 140, 141, 174, 60, 179, 182, 40], [301, 578, 486, 364, 408, 497, 434, 372, 575], [130, 421, 459, 272, 242, 381, 318, 232, 192], [51, 352, 491, 299, 305, 185, 498, 438, 399], [198, 291, 515, 262, 454, 505, 465, 481, 422], [170, 546, 420, 528, 433, 472, 448, 460, 215], [407, 560, 719, 532, 725, 539, 702, 531, 519], [129, 663, 580, 588, 633, 544, 593, 521, 644], [229, 749, 822, 667, 778, 682, 729, 756, 397], [122, 650, 686, 664, 474, 735, 478, 445, 537], [332, 878, 859, 724, 855, 480, 752, 632, 743], [447, 698, 893, 821, 816, 693, 813, 689, 622], [8, 548, 572, 573, 334, 432, 38, 367], [323, 719, 725, 539, 702, 607, 585, 531], [223, 545, 624, 501, 479, 426, 464, 398], [550, 824, 836, 828, 907, 590, 627, 845], [201, 512, 514, 772, 703, 793, 812, 727], [7, 296, 211, 256, 48, 104, 34], [176, 778, 660, 822, 615, 309, 749], [161, 558, 533, 275, 457, 430, 443], [419, 595, 855, 859, 634, 762, 524], [191, 626, 603, 665, 417, 395, 475], [201, 512, 514, 772, 703, 715, 727], [127, 886, 857, 794, 621, 554, 734]]
before num:  42
befor deal_cliques:  42
after deal_cliques:  40
length of seeds:  40
seeds:  [set([963, 968, 971, 972, 978, 899, 982, 984, 925, 926, 800, 801, 803, 681, 815, 948, 951]), set([841, 716, 915, 981, 993, 994, 997, 998, 1000, 938, 946, 884, 885, 888, 697, 829]), set([996, 837, 991, 765, 976, 945, 949, 918, 950, 932, 986, 987, 860, 733, 933]), set([966, 903, 777, 874, 967, 974, 912, 785, 980, 942, 937, 820, 988, 990, 863]), set([833, 482, 867, 902, 839, 905, 811, 898, 782, 877, 871, 847, 637, 894]), set([736, 897, 961, 552, 970, 846, 880, 854, 919, 600, 953, 891, 956, 959]), set([931, 900, 999, 713, 652, 911, 947, 830, 983, 952, 985, 955, 989, 862]), set([672, 832, 930, 939, 809, 842, 843, 814, 943, 913, 920, 954, 922]), set([896, 964, 965, 616, 969, 873, 973, 909, 921, 914, 761, 856, 825]), set([960, 673, 807, 941, 910, 975, 977, 979, 917, 730, 879, 957, 831]), set([835, 708, 806, 780, 781, 851, 628, 853, 247, 827, 861]), set([773, 934, 935, 904, 490, 940, 944, 850, 691, 574, 869]), set([611, 583, 648, 649, 365, 530, 564, 277, 601, 602, 670]), set([707, 423, 617, 522, 653, 589, 692, 629, 635, 605]), set([354, 869, 935, 906, 940, 944, 850, 916, 598, 826]), set([704, 865, 866, 836, 679, 907, 753, 659, 824, 828]), set([3, 40, 140, 141, 174, 179, 182, 183, 60]), set([578, 486, 364, 301, 497, 434, 372, 408, 575]), set([192, 130, 421, 232, 459, 272, 242, 381, 318]), set([352, 299, 491, 399, 305, 498, 51, 438, 185]), set([481, 515, 262, 198, 422, 454, 465, 291, 505]), set([448, 546, 420, 170, 460, 528, 433, 215, 472]), set([519, 719, 560, 531, 532, 725, 407, 539, 702]), set([544, 129, 580, 633, 521, 588, 593, 663, 644]), set([229, 778, 749, 397, 756, 822, 729, 667, 682]), set([650, 686, 122, 664, 537, 474, 445, 478, 735]), set([480, 743, 332, 878, 752, 724, 855, 632, 859]), set([821, 813, 622, 816, 689, 693, 698, 893, 447]), set([548, 38, 8, 334, 367, 432, 572, 573]), set([323, 585, 719, 531, 725, 539, 702, 607]), set([545, 426, 398, 624, 464, 501, 479, 223]), set([836, 550, 907, 845, 590, 627, 824, 828]), set([512, 514, 772, 201, 812, 727, 793, 703]), set([256, 48, 34, 211, 7, 296, 104]), set([176, 660, 309, 822, 615, 778, 749]), set([161, 275, 533, 558, 457, 443, 430]), set([595, 419, 855, 762, 859, 524, 634]), set([417, 626, 395, 603, 665, 475, 191]), set([512, 514, 772, 727, 201, 715, 703]), set([794, 886, 857, 554, 621, 734, 127])]
seeds_fitness [0.35340314136125656, 0.30037546933667086, 0.25331724969843183, 0.29207232267037553, 0.37916666666666665, 0.310580204778157, 0.2570621468926554, 0.26804123711340205, 0.24605678233438485, 0.2520193861066236, 0.3206997084548105, 0.22964509394572025, 0.4976958525345622, 0.4147465437788018, 0.19313304721030042, 0.22842639593908629, 0.7346938775510204, 0.4585987261146497, 0.5806451612903226, 0.5454545454545454, 0.48322147651006714, 0.48322147651006714, 0.3364485981308411, 0.3673469387755102, 0.277992277992278, 0.33488372093023255, 0.21621621621621623, 0.21114369501466276, 0.4057971014492754, 0.27722772277227725, 0.3522012578616352, 0.15342465753424658, 0.22580645161290322, 0.4827586206896552, 0.17872340425531916, 0.3, 0.13504823151125403, 0.25609756097560976, 0.17647058823529413, 0.13592233009708737]
after sort list of tuple: [(16, 0.7346938775510204), (18, 0.5806451612903226), (19, 0.5454545454545454), (12, 0.4976958525345622), (20, 0.48322147651006714), (21, 0.48322147651006714), (33, 0.4827586206896552), (17, 0.4585987261146497), (13, 0.4147465437788018), (28, 0.4057971014492754), (4, 0.37916666666666665), (23, 0.3673469387755102), (0, 0.35340314136125656), (30, 0.3522012578616352), (22, 0.3364485981308411), (25, 0.33488372093023255), (10, 0.3206997084548105), (5, 0.310580204778157), (1, 0.30037546933667086), (35, 0.3), (3, 0.29207232267037553), (24, 0.277992277992278), (29, 0.27722772277227725), (7, 0.26804123711340205), (6, 0.2570621468926554), (37, 0.25609756097560976), (2, 0.25331724969843183), (9, 0.2520193861066236), (8, 0.24605678233438485), (11, 0.22964509394572025), (15, 0.22842639593908629), (32, 0.22580645161290322), (26, 0.21621621621621623), (27, 0.21114369501466276), (14, 0.19313304721030042), (34, 0.17872340425531916), (38, 0.17647058823529413), (31, 0.15342465753424658), (39, 0.13592233009708737), (36, 0.13504823151125403)]
seeds_sorted [set([3, 40, 140, 141, 174, 179, 182, 183, 60]), set([192, 130, 421, 232, 459, 272, 242, 381, 318]), set([352, 299, 491, 399, 305, 498, 51, 438, 185]), set([611, 583, 648, 649, 365, 530, 564, 277, 601, 602, 670]), set([481, 515, 262, 198, 422, 454, 465, 291, 505]), set([448, 546, 420, 170, 460, 528, 433, 215, 472]), set([256, 48, 34, 211, 7, 296, 104]), set([578, 486, 364, 301, 497, 434, 372, 408, 575]), set([707, 423, 617, 522, 653, 589, 692, 629, 635, 605]), set([548, 38, 8, 334, 367, 432, 572, 573]), set([833, 482, 867, 902, 839, 905, 811, 898, 782, 877, 871, 847, 637, 894]), set([544, 129, 580, 633, 521, 588, 593, 663, 644]), set([963, 968, 971, 972, 978, 899, 982, 984, 925, 926, 800, 801, 803, 681, 815, 948, 951]), set([545, 426, 398, 624, 464, 501, 479, 223]), set([519, 719, 560, 531, 532, 725, 407, 539, 702]), set([650, 686, 122, 664, 537, 474, 445, 478, 735]), set([835, 708, 806, 780, 781, 851, 628, 853, 247, 827, 861]), set([736, 897, 961, 552, 970, 846, 880, 854, 919, 600, 953, 891, 956, 959]), set([841, 716, 915, 981, 993, 994, 997, 998, 1000, 938, 946, 884, 885, 888, 697, 829]), set([161, 275, 533, 558, 457, 443, 430]), set([966, 903, 777, 874, 967, 974, 912, 785, 980, 942, 937, 820, 988, 990, 863]), set([229, 778, 749, 397, 756, 822, 729, 667, 682]), set([323, 585, 719, 531, 725, 539, 702, 607]), set([672, 832, 930, 939, 809, 842, 843, 814, 943, 913, 920, 954, 922]), set([931, 900, 999, 713, 652, 911, 947, 830, 983, 952, 985, 955, 989, 862]), set([417, 626, 395, 603, 665, 475, 191]), set([996, 837, 991, 765, 976, 945, 949, 918, 950, 932, 986, 987, 860, 733, 933]), set([960, 673, 807, 941, 910, 975, 977, 979, 917, 730, 879, 957, 831]), set([896, 964, 965, 616, 969, 873, 973, 909, 921, 914, 761, 856, 825]), set([773, 934, 935, 904, 490, 940, 944, 850, 691, 574, 869]), set([704, 865, 866, 836, 679, 907, 753, 659, 824, 828]), set([512, 514, 772, 201, 812, 727, 793, 703]), set([480, 743, 332, 878, 752, 724, 855, 632, 859]), set([821, 813, 622, 816, 689, 693, 698, 893, 447]), set([354, 869, 935, 906, 940, 944, 850, 916, 598, 826]), set([176, 660, 309, 822, 615, 778, 749]), set([512, 514, 772, 727, 201, 715, 703]), set([836, 550, 907, 845, 590, 627, 824, 828]), set([794, 886, 857, 554, 621, 734, 127]), set([595, 419, 855, 762, 859, 524, 634])]
args__________ ([set([3, 40, 140, 141, 174, 179, 182, 183, 60]), set([595, 419, 855, 762, 859, 524, 634])],)
args__________ ([set([192, 130, 421, 232, 459, 272, 242, 381, 318]), set([794, 886, 857, 554, 621, 734, 127])],)
args__________ ([set([352, 299, 491, 399, 305, 498, 51, 438, 185]), set([836, 550, 907, 845, 590, 627, 824, 828])],)
args__________ ([set([611, 583, 648, 649, 365, 530, 564, 277, 601, 602, 670]), set([512, 514, 772, 727, 201, 715, 703])],)
args__________ ([set([481, 515, 262, 198, 422, 454, 465, 291, 505]), set([176, 660, 309, 822, 615, 778, 749])],)
args__________ ([set([448, 546, 420, 170, 460, 528, 433, 215, 472]), set([354, 869, 935, 906, 940, 944, 850, 916, 598, 826])],)
args__________ ([set([256, 48, 34, 211, 7, 296, 104]), set([821, 813, 622, 816, 689, 693, 698, 893, 447])],)
args__________ ([set([578, 486, 364, 301, 497, 434, 372, 408, 575]), set([480, 743, 332, 878, 752, 724, 855, 632, 859])],)
args__________ ([set([707, 423, 617, 522, 653, 589, 692, 629, 635, 605])],)
args__________ ([set([548, 38, 8, 334, 367, 432, 572, 573])],)
args__________ ([set([833, 482, 867, 902, 839, 905, 811, 898, 782, 877, 871, 847, 637, 894])],)
args__________ ([set([544, 129, 580, 633, 521, 588, 593, 663, 644])],)
args__________ ([set([963, 968, 971, 972, 978, 899, 982, 984, 925, 926, 800, 801, 803, 681, 815, 948, 951])],)
args__________ ([set([545, 426, 398, 624, 464, 501, 479, 223])],)
args__________ ([set([519, 719, 560, 531, 532, 725, 407, 539, 702])],)
args__________ ([set([650, 686, 122, 664, 537, 474, 445, 478, 735])],)
args__________ ([set([835, 708, 806, 780, 781, 851, 628, 853, 247, 827, 861])],)
args__________ ([set([736, 897, 961, 552, 970, 846, 880, 854, 919, 600, 953, 891, 956, 959])],)
args__________ ([set([841, 716, 915, 981, 993, 994, 997, 998, 1000, 938, 946, 884, 885, 888, 697, 829])],)
args__________ ([set([161, 275, 533, 558, 457, 443, 430])],)
args__________ ([set([966, 903, 777, 874, 967, 974, 912, 785, 980, 942, 937, 820, 988, 990, 863])],)
args__________ ([set([229, 778, 749, 397, 756, 822, 729, 667, 682])],)
args__________ ([set([323, 585, 719, 531, 725, 539, 702, 607])],)
args__________ ([set([672, 832, 930, 939, 809, 842, 843, 814, 943, 913, 920, 954, 922])],)
args__________ ([set([931, 900, 999, 713, 652, 911, 947, 830, 983, 952, 985, 955, 989, 862])],)
args__________ ([set([417, 626, 395, 603, 665, 475, 191])],)
args__________ ([set([996, 837, 991, 765, 976, 945, 949, 918, 950, 932, 986, 987, 860, 733, 933])],)
args__________ ([set([960, 673, 807, 941, 910, 975, 977, 979, 917, 730, 879, 957, 831])],)
args__________ ([set([896, 964, 965, 616, 969, 873, 973, 909, 921, 914, 761, 856, 825])],)
args__________ ([set([773, 934, 935, 904, 490, 940, 944, 850, 691, 574, 869])],)
args__________ ([set([704, 865, 866, 836, 679, 907, 753, 659, 824, 828])],)
args__________ ([set([512, 514, 772, 201, 812, 727, 793, 703])],)
finish process___________________
left nodes numner:_______ 35
sorted nodes by betweenness [2, 20, 49, 53, 54, 57, 63, 68, 71, 77, 81, 83, 89, 92, 94, 97, 103, 120, 124, 149, 157, 163, 177, 195, 207, 208, 214, 224, 235, 239, 240, 246, 251, 350, 358]
args__________ ([[2, 207, 239, 71, 94, 81, 92]],)
args__________ ([[20, 195, 68, 208, 149, 120, 124, 157, 89]],)
args__________ ([[49, 214, 358, 350, 224, 240, 246]],)
args__________ ([[53, 224, 358, 235, 177, 350, 251, 163]],)
args__________ ([[54, 246, 358, 235, 240, 350, 251, 163]],)
args__________ ([[57, 207, 239, 71, 94, 81, 92]],)
args__________ ([[2, 207, 239, 71, 94, 63, 92]],)
args__________ ([[20, 195, 68, 208, 149, 120, 124, 157, 89]],)
args__________ ([[2, 207, 239, 71, 94, 81, 92]],)
args__________ ([[2, 207, 239, 71, 94, 81, 77]],)
args__________ ([[2, 207, 239, 71, 94, 81, 92]],)
args__________ ([[20, 195, 68, 208, 149, 120, 124, 157, 83]],)
args__________ ([[20, 195, 68, 208, 149, 120, 124, 157, 89]],)
args__________ ([[2, 207, 239, 71, 94, 81, 92]],)
args__________ ([[2, 207, 239, 71, 94, 81, 92]],)
args__________ ([[2, 207, 239, 97, 81, 92]],)
args__________ ([[68, 195, 103, 208, 149, 120, 124, 157, 89]],)
args__________ ([[20, 195, 68, 208, 149, 120, 124, 157, 89]],)
args__________ ([[20, 195, 68, 208, 149, 120, 124, 157, 89]],)
args__________ ([[20, 195, 68, 208, 149, 120, 124, 157, 89]],)
args__________ ([[20, 195, 68, 208, 149, 120, 124, 157, 89]],)
args__________ ([[163, 224, 358, 235, 240, 177, 251, 246, 350]],)
args__________ ([[163, 224, 358, 235, 240, 177, 251, 246, 350]],)
args__________ ([[20, 195, 68, 208, 149, 120, 124, 157, 89]],)
args__________ ([[2, 207, 239, 71, 94, 81, 92]],)
args__________ ([[20, 195, 68, 208, 149, 120, 124, 157, 89]],)
args__________ ([[177, 224, 214, 358, 240, 235, 251, 246, 350]],)
args__________ ([[163, 224, 358, 235, 240, 177, 251, 246, 350]],)
args__________ ([[163, 224, 358, 235, 240, 177, 251, 246, 350]],)
args__________ ([[2, 207, 239, 71, 94, 81, 92]],)
args__________ ([[163, 224, 358, 235, 240, 177, 251, 246, 350]],)
args__________ ([[163, 224, 358, 235, 240, 177, 251, 246, 350]],)
finish single seed process___________________
i =  0 [19, 3, 40, 140, 141, 174, 179, 52, 182, 183, 60]
i =  1 [257, 747, 12, 145, 28, 33, 419, 690, 307, 701, 449, 524, 332, 335, 595, 724, 470, 855, 859, 604, 634, 480, 741, 743, 487, 878, 751, 752, 632, 762, 253, 255]
i =  2 [192, 130, 421, 135, 232, 459, 272, 168, 242, 147, 95, 381, 318, 159]
i =  3 [646, 391, 15, 238, 281, 794, 676, 425, 554, 456, 563, 582, 455, 584, 587, 462, 721, 212, 857, 858, 219, 734, 361, 746, 621, 750, 625, 499, 886, 340, 618, 127]
i =  4 [352, 98, 491, 299, 236, 399, 305, 498, 51, 438, 23, 25, 188, 185, 287]
i =  5 [771, 4, 390, 907, 18, 659, 666, 156, 799, 416, 550, 679, 169, 684, 694, 824, 828, 704, 139, 836, 330, 845, 590, 461, 78, 865, 866, 227, 495, 753, 627, 500, 117, 758, 380]
i =  6 [450, 611, 602, 146, 583, 648, 649, 39, 365, 46, 114, 387, 564, 277, 601, 282, 530, 58, 670, 373]
i =  7 [512, 514, 643, 772, 133, 274, 276, 24, 793, 164, 549, 812, 311, 571, 444, 703, 452, 201, 715, 86, 727, 351, 59, 740, 360, 493, 369]
i =  8 [481, 262, 515, 260, 198, 454, 422, 304, 465, 291, 115, 184, 505, 347, 315, 319]
i =  9 [261, 520, 778, 397, 660, 667, 553, 682, 557, 303, 176, 309, 822, 193, 331, 79, 468, 729, 99, 229, 615, 488, 749, 756, 298, 42]
i =  10 [448, 96, 546, 420, 197, 41, 170, 460, 528, 433, 213, 310, 215, 472, 218, 254]
i =  11 [513, 386, 773, 518, 647, 904, 906, 916, 26, 288, 675, 934, 935, 424, 940, 944, 691, 568, 826, 699, 574, 322, 204, 592, 850, 598, 343, 217, 354, 869, 745, 106, 466, 726, 245, 502, 119, 490]
i =  12 [256, 34, 7, 296, 13, 48, 104, 211, 55, 56, 121, 61]
i =  13 [770, 137, 271, 658, 306, 409, 418, 804, 813, 431, 816, 689, 50, 821, 696, 698, 700, 189, 190, 693, 577, 326, 840, 336, 87, 732, 363, 620, 622, 893, 378, 447, 125]
i =  14 [230, 578, 484, 165, 486, 364, 258, 301, 497, 434, 372, 181, 342, 408, 180, 158, 575]
i =  15 [257, 12, 145, 28, 33, 419, 487, 690, 307, 701, 449, 524, 332, 335, 595, 724, 470, 855, 859, 604, 634, 480, 741, 743, 747, 878, 751, 752, 632, 762, 253, 255]
i =  16 [321, 707, 294, 423, 617, 522, 267, 300, 653, 143, 209, 91, 692, 187, 249, 111, 84, 635, 605, 589, 629]
i =  17 [128, 66, 548, 357, 38, 8, 172, 268, 334, 367, 432, 44, 405, 150, 186, 572, 573]
i =  18 [898, 902, 65, 905, 11, 782, 657, 662, 792, 410, 411, 160, 393, 811, 567, 833, 453, 839, 714, 847, 504, 599, 482, 867, 871, 327, 748, 877, 638, 248, 764, 637, 894]
i =  19 [544, 129, 580, 289, 392, 521, 266, 167, 588, 429, 366, 136, 633, 593, 471, 644, 506, 663, 329, 442]
i =  20 [641, 899, 503, 138, 651, 787, 278, 154, 175, 925, 926, 800, 801, 803, 551, 681, 171, 815, 178, 819, 948, 951, 316, 706, 963, 69, 968, 971, 972, 978, 982, 984, 473, 523, 483, 612, 101, 233, 109, 110, 375, 760, 510, 767]
i =  21 [384, 545, 194, 37, 426, 398, 624, 273, 210, 464, 501, 320, 377, 415, 479, 508, 234, 62, 223]
i =  22 [519, 9, 531, 532, 407, 152, 539, 286, 173, 560, 565, 702, 323, 200, 585, 719, 338, 725, 349, 607, 356, 102]
i =  23 [650, 269, 14, 664, 280, 537, 283, 284, 555, 686, 478, 570, 445, 73, 717, 591, 474, 314, 222, 735, 368, 122]
i =  24 [427, 780, 781, 783, 669, 671, 290, 36, 806, 43, 45, 29, 827, 446, 835, 708, 586, 674, 718, 463, 80, 337, 851, 853, 88, 861, 355, 105, 628, 247]
i =  25 [768, 897, 642, 705, 144, 402, 403, 404, 919, 155, 31, 928, 496, 35, 292, 552, 440, 953, 956, 959, 961, 75, 710, 737, 970, 203, 846, 597, 854, 600, 345, 90, 736, 353, 742, 494, 880, 113, 374, 891, 766]
i =  26 [769, 901, 776, 265, 908, 529, 915, 788, 687, 796, 27, 936, 297, 938, 47, 946, 312, 697, 829, 834, 67, 841, 716, 738, 206, 848, 722, 852, 981, 569, 993, 994, 100, 997, 998, 1000, 619, 492, 876, 882, 884, 885, 630, 888, 250, 123, 382]
i =  27 [161, 259, 228, 328, 457, 339, 76, 333, 467, 275, 558, 406, 430, 216, 443, 21, 85, 533]
i =  28 [389, 774, 903, 777, 912, 785, 302, 534, 791, 538, 5, 293, 678, 680, 220, 810, 556, 942, 820, 695, 6, 428, 64, 325, 966, 967, 202, 823, 844, 974, 980, 476, 221, 990, 863, 864, 763, 485, 614, 874, 988, 623, 937, 507, 636]
i =  29 [261, 520, 778, 397, 660, 667, 553, 682, 557, 303, 176, 309, 822, 193, 331, 79, 468, 729, 99, 229, 615, 488, 749, 756, 298, 42]
i =  30 [519, 9, 531, 532, 407, 152, 539, 286, 173, 560, 565, 702, 323, 200, 585, 719, 338, 725, 349, 607, 356, 102]
i =  31 [131, 388, 525, 16, 401, 920, 153, 922, 540, 672, 930, 547, 805, 809, 939, 814, 943, 561, 436, 566, 954, 842, 832, 451, 581, 711, 74, 843, 720, 348, 868, 913, 744, 875, 108, 881, 755, 118, 889, 511]
i =  32 [1, 900, 645, 385, 779, 652, 526, 911, 400, 148, 790, 535, 516, 883, 924, 927, 931, 677, 166, 683, 685, 989, 947, 952, 955, 830, 838, 72, 713, 205, 654, 983, 985, 477, 862, 609, 613, 870, 999, 872, 93, 371, 543, 656, 379, 784]
i =  33 [417, 475, 517, 295, 199, 264, 395, 396, 237, 559, 112, 241, 370, 383, 626, 665, 603, 413, 30, 191]
i =  34 [22, 134, 775, 10, 918, 151, 536, 541, 709, 929, 731, 932, 933, 945, 818, 308, 949, 950, 441, 958, 992, 962, 196, 837, 70, 610, 976, 82, 739, 341, 313, 728, 986, 987, 860, 733, 991, 608, 226, 995, 996, 231, 107, 594, 244, 757, 759, 765, 126, 469]
i =  35 [640, 576, 132, 263, 910, 655, 17, 786, 789, 279, 923, 412, 285, 542, 673, 162, 807, 941, 435, 437, 957, 831, 960, 324, 712, 458, 631, 975, 977, 979, 596, 142, 730, 606, 359, 489, 879, 243, 116, 887, 376, 890, 639, 917]
i =  36 [896, 394, 909, 270, 527, 344, 914, 252, 661, 921, 795, 668, 797, 798, 32, 802, 808, 688, 817, 562, 414, 439, 825, 317, 579, 964, 965, 969, 973, 849, 723, 856, 346, 225, 616, 873, 362, 754, 761, 892, 509, 895]
i =  37 [513, 386, 773, 518, 647, 904, 906, 916, 26, 288, 675, 934, 935, 424, 940, 944, 691, 568, 826, 699, 574, 322, 204, 592, 850, 598, 343, 217, 354, 869, 745, 490, 466, 726, 245, 502, 119, 106]
i =  38 [771, 4, 390, 139, 18, 659, 666, 156, 799, 416, 550, 679, 169, 684, 694, 824, 828, 704, 907, 836, 330, 461, 590, 845, 78, 865, 866, 227, 495, 753, 627, 500, 117, 758, 380]
i =  39 [512, 514, 643, 772, 133, 274, 276, 24, 793, 164, 549, 812, 311, 59, 444, 703, 452, 201, 715, 86, 727, 351, 571, 740, 360, 493, 369]
i =  40 [97, 2, 71, 77, 239, 81, 57, 207, 92, 94, 63]
i =  41 [195, 68, 103, 208, 83, 20, 149, 120, 89, 124, 157]
i =  42 [224, 163, 246, 358, 177, 54, 235, 240, 49, 53, 214, 251, 350]
i =  43 [224, 214, 163, 54, 358, 49, 235, 240, 177, 53, 246, 251, 350]
i =  44 [224, 214, 163, 246, 358, 49, 235, 240, 177, 53, 54, 251, 350]
i =  45 [97, 2, 71, 77, 239, 81, 57, 207, 92, 94, 63]
i =  46 [97, 2, 71, 77, 239, 81, 57, 207, 92, 94, 63]
i =  47 [195, 68, 103, 208, 83, 20, 149, 120, 89, 124, 157]
i =  48 [97, 2, 71, 77, 239, 81, 57, 207, 92, 94, 63]
i =  49 [97, 2, 71, 77, 239, 81, 57, 207, 92, 94, 63]
i =  50 [97, 2, 71, 77, 239, 81, 57, 207, 92, 94, 63]
i =  51 [195, 68, 103, 208, 83, 20, 149, 120, 89, 124, 157]
i =  52 [195, 68, 103, 208, 83, 20, 149, 120, 89, 124, 157]
i =  53 [97, 2, 71, 77, 239, 81, 57, 207, 92, 94, 63]
i =  54 [97, 2, 71, 77, 239, 81, 57, 207, 92, 94, 63]
i =  55 [97, 2, 71, 77, 239, 81, 57, 207, 92, 94, 63]
i =  56 [195, 68, 103, 208, 83, 20, 149, 120, 89, 124, 157]
i =  57 [195, 68, 103, 208, 83, 20, 149, 120, 89, 124, 157]
i =  58 [195, 68, 103, 208, 83, 20, 149, 120, 89, 124, 157]
i =  59 [195, 68, 103, 208, 83, 20, 149, 120, 89, 124, 157]
i =  60 [195, 68, 103, 208, 83, 20, 149, 120, 89, 124, 157]
i =  61 [224, 246, 163, 54, 358, 49, 235, 240, 177, 53, 214, 251, 350]
i =  62 [224, 246, 163, 54, 358, 49, 235, 240, 177, 53, 214, 251, 350]
i =  63 [195, 68, 103, 208, 83, 20, 149, 120, 89, 124, 157]
i =  64 [97, 2, 71, 77, 239, 81, 57, 207, 92, 94, 63]
i =  65 [195, 68, 103, 208, 83, 20, 149, 120, 89, 124, 157]
i =  66 [224, 214, 163, 54, 358, 49, 235, 240, 177, 53, 246, 251, 350]
i =  67 [224, 246, 163, 54, 358, 49, 235, 240, 177, 53, 214, 251, 350]
i =  68 [224, 246, 163, 54, 358, 49, 235, 240, 177, 53, 214, 251, 350]
i =  69 [97, 2, 71, 77, 239, 81, 57, 207, 92, 94, 63]
i =  70 [224, 246, 163, 54, 358, 49, 235, 240, 177, 53, 214, 251, 350]
i =  71 [224, 246, 163, 54, 358, 49, 235, 240, 177, 53, 214, 251, 350]
finish get all communities
complete deal_communities
commplete get_all_nature_community
----------------------------------The detection result is: 

all communities: 
i =  1 : [3, 19, 40, 52, 60, 140, 141, 174, 179, 182, 183]
i =  2 : [12, 28, 33, 145, 253, 255, 257, 307, 332, 335, 419, 449, 470, 480, 487, 524, 595, 604, 632, 634, 690, 701, 724, 741, 743, 747, 751, 752, 762, 855, 859, 878]
i =  3 : [95, 130, 135, 147, 159, 168, 192, 232, 242, 272, 318, 381, 421, 459]
i =  4 : [15, 127, 212, 219, 238, 281, 340, 361, 391, 425, 455, 456, 462, 499, 554, 563, 582, 584, 587, 618, 621, 625, 646, 676, 721, 734, 746, 750, 794, 857, 858, 886]
i =  5 : [23, 25, 51, 98, 185, 188, 236, 287, 299, 305, 352, 399, 438, 491, 498]
i =  6 : [4, 18, 78, 117, 139, 156, 169, 227, 330, 380, 390, 416, 461, 495, 500, 550, 590, 627, 659, 666, 679, 684, 694, 704, 753, 758, 771, 799, 824, 828, 836, 845, 865, 866, 907]
i =  7 : [39, 46, 58, 114, 146, 277, 282, 365, 373, 387, 450, 530, 564, 583, 601, 602, 611, 648, 649, 670]
i =  8 : [24, 59, 86, 133, 164, 201, 274, 276, 311, 351, 360, 369, 444, 452, 493, 512, 514, 549, 571, 643, 703, 715, 727, 740, 772, 793, 812]
i =  9 : [115, 184, 198, 260, 262, 291, 304, 315, 319, 347, 422, 454, 465, 481, 505, 515]
i =  10 : [42, 79, 99, 176, 193, 229, 261, 298, 303, 309, 331, 397, 468, 488, 520, 553, 557, 615, 660, 667, 682, 729, 749, 756, 778, 822]
i =  11 : [41, 96, 170, 197, 213, 215, 218, 254, 310, 420, 433, 448, 460, 472, 528, 546]
i =  12 : [26, 106, 119, 204, 217, 245, 288, 322, 343, 354, 386, 424, 466, 490, 502, 513, 518, 568, 574, 592, 598, 647, 675, 691, 699, 726, 745, 773, 826, 850, 869, 904, 906, 916, 934, 935, 940, 944]
i =  13 : [7, 13, 34, 48, 55, 56, 61, 104, 121, 211, 256, 296]
i =  14 : [50, 87, 125, 137, 189, 190, 271, 306, 326, 336, 363, 378, 409, 418, 431, 447, 577, 620, 622, 658, 689, 693, 696, 698, 700, 732, 770, 804, 813, 816, 821, 840, 893]
i =  15 : [158, 165, 180, 181, 230, 258, 301, 342, 364, 372, 408, 434, 484, 486, 497, 575, 578]
i =  16 : [84, 91, 111, 143, 187, 209, 249, 267, 294, 300, 321, 423, 522, 589, 605, 617, 629, 635, 653, 692, 707]
i =  17 : [8, 38, 44, 66, 128, 150, 172, 186, 268, 334, 357, 367, 405, 432, 548, 572, 573]
i =  18 : [11, 65, 160, 248, 327, 393, 410, 411, 453, 482, 504, 567, 599, 637, 638, 657, 662, 714, 748, 764, 782, 792, 811, 833, 839, 847, 867, 871, 877, 894, 898, 902, 905]
i =  19 : [129, 136, 167, 266, 289, 329, 366, 392, 429, 442, 471, 506, 521, 544, 580, 588, 593, 633, 644, 663]
i =  20 : [69, 101, 109, 110, 138, 154, 171, 175, 178, 233, 278, 316, 375, 473, 483, 503, 510, 523, 551, 612, 641, 651, 681, 706, 760, 767, 787, 800, 801, 803, 815, 819, 899, 925, 926, 948, 951, 963, 968, 971, 972, 978, 982, 984]
i =  21 : [37, 62, 194, 210, 223, 234, 273, 320, 377, 384, 398, 415, 426, 464, 479, 501, 508, 545, 624]
i =  22 : [9, 102, 152, 173, 200, 286, 323, 338, 349, 356, 407, 519, 531, 532, 539, 560, 565, 585, 607, 702, 719, 725]
i =  23 : [14, 73, 122, 222, 269, 280, 283, 284, 314, 368, 445, 474, 478, 537, 555, 570, 591, 650, 664, 686, 717, 735]
i =  24 : [29, 36, 43, 45, 80, 88, 105, 247, 290, 337, 355, 427, 446, 463, 586, 628, 669, 671, 674, 708, 718, 780, 781, 783, 806, 827, 835, 851, 853, 861]
i =  25 : [31, 35, 75, 90, 113, 144, 155, 203, 292, 345, 353, 374, 402, 403, 404, 440, 494, 496, 552, 597, 600, 642, 705, 710, 736, 737, 742, 766, 768, 846, 854, 880, 891, 897, 919, 928, 953, 956, 959, 961, 970]
i =  26 : [27, 47, 67, 100, 123, 206, 250, 265, 297, 312, 382, 492, 529, 569, 619, 630, 687, 697, 716, 722, 738, 769, 776, 788, 796, 829, 834, 841, 848, 852, 876, 882, 884, 885, 888, 901, 908, 915, 936, 938, 946, 981, 993, 994, 997, 998, 1000]
i =  27 : [21, 76, 85, 161, 216, 228, 259, 275, 328, 333, 339, 406, 430, 443, 457, 467, 533, 558]
i =  28 : [5, 6, 64, 202, 220, 221, 293, 302, 325, 389, 428, 476, 485, 507, 534, 538, 556, 614, 623, 636, 678, 680, 695, 763, 774, 777, 785, 791, 810, 820, 823, 844, 863, 864, 874, 903, 912, 937, 942, 966, 967, 974, 980, 988, 990]
i =  29 : [16, 74, 108, 118, 131, 153, 348, 388, 401, 436, 451, 511, 525, 540, 547, 561, 566, 581, 672, 711, 720, 744, 755, 805, 809, 814, 832, 842, 843, 868, 875, 881, 889, 913, 920, 922, 930, 939, 943, 954]
i =  30 : [1, 72, 93, 148, 166, 205, 371, 379, 385, 400, 477, 516, 526, 535, 543, 609, 613, 645, 652, 654, 656, 677, 683, 685, 713, 779, 784, 790, 830, 838, 862, 870, 872, 883, 900, 911, 924, 927, 931, 947, 952, 955, 983, 985, 989, 999]
i =  31 : [30, 112, 191, 199, 237, 241, 264, 295, 370, 383, 395, 396, 413, 417, 475, 517, 559, 603, 626, 665]
i =  32 : [10, 22, 70, 82, 107, 126, 134, 151, 196, 226, 231, 244, 308, 313, 341, 441, 469, 536, 541, 594, 608, 610, 709, 728, 731, 733, 739, 757, 759, 765, 775, 818, 837, 860, 918, 929, 932, 933, 945, 949, 950, 958, 962, 976, 986, 987, 991, 992, 995, 996]
i =  33 : [17, 116, 132, 142, 162, 243, 263, 279, 285, 324, 359, 376, 412, 435, 437, 458, 489, 542, 576, 596, 606, 631, 639, 640, 655, 673, 712, 730, 786, 789, 807, 831, 879, 887, 890, 910, 917, 923, 941, 957, 960, 975, 977, 979]
i =  34 : [32, 225, 252, 270, 317, 344, 346, 362, 394, 414, 439, 509, 527, 562, 579, 616, 661, 668, 688, 723, 754, 761, 795, 797, 798, 802, 808, 817, 825, 849, 856, 873, 892, 895, 896, 909, 914, 921, 964, 965, 969, 973]
i =  35 : [2, 57, 63, 71, 77, 81, 92, 94, 97, 207, 239]
i =  36 : [20, 68, 83, 89, 103, 120, 124, 149, 157, 195, 208]
i =  37 : [49, 53, 54, 163, 177, 214, 224, 235, 240, 246, 251, 350, 358]
overlapping nodes are:  [] 
 NOO is:  0
total time is:  66.9348549843
