lens of ground_truth:  41
ground_truth is: [[9, 17, 130, 216, 288, 289, 393, 441, 451, 482, 528, 587, 637, 639, 653, 698, 699, 721, 726, 727, 752, 787, 818, 827, 829, 841, 860, 861, 870, 885, 907, 909, 912, 934, 938, 979], [29, 38, 45, 47, 61, 189, 199, 217, 230, 245, 279, 306, 328, 330, 475, 558, 615, 684, 719, 724, 759, 789, 855, 857, 863, 869, 872, 879, 880, 887, 890, 897, 898, 901, 998], [8, 64, 75, 140, 263, 307, 322, 337, 364, 384, 387, 427, 435, 436, 478, 626, 657, 672, 712, 745, 760, 788, 792, 810, 944], [4, 19, 22, 46, 48, 57, 131, 153, 193, 258, 276, 282, 285, 365, 436, 467, 543, 549, 555, 573, 576, 579, 643, 659, 661, 696, 714, 739, 748, 783, 791, 824, 825, 858, 889, 910, 914, 921, 923, 926, 937, 945, 946, 948, 950, 954, 961, 967, 968, 969, 982, 983, 984, 989], [24, 66, 179, 214, 228, 246, 252, 367, 404, 501, 503, 517, 530, 532, 561, 588, 655, 734, 744, 916, 919], [79, 107, 108, 186, 312, 356, 385, 394, 408, 413, 427, 432, 481, 514, 553, 556, 650, 658, 671, 678, 679, 735, 778, 793, 821, 823, 865, 871, 875], [83, 148, 154, 204, 212, 242, 284, 331, 336, 346, 377, 392, 550], [19, 114, 165, 187, 261, 299, 373, 375, 381, 445, 469, 486, 527, 531, 548, 564, 592, 613, 679, 681, 689, 743, 753, 761, 768, 785, 816, 877, 938], [13, 51, 69, 92, 132, 173, 268, 311, 325, 401, 405, 420, 509, 557, 957, 984], [49, 63, 118, 146, 161, 196, 310, 416, 422, 424, 487, 536, 550, 565, 601, 614, 642, 654, 968], [58, 123, 139, 181, 190, 206, 248, 272, 296, 345, 449, 450, 455, 480, 500, 508, 541, 600, 635, 686, 711, 713, 728, 741, 746, 747, 773, 834, 850, 873, 878, 881, 906, 919, 949, 956, 957, 962, 978, 980, 990, 992, 994, 995, 997, 999], [21, 56, 106, 110, 113, 127, 129, 147, 240, 250, 255, 262, 274, 277, 433, 460, 542, 609, 616, 627, 636, 670, 680, 710, 732, 748, 749, 763, 766, 771, 825, 847, 854, 883, 891, 904, 913, 937, 959, 987], [145, 158, 183, 211, 221, 225, 241, 260, 266, 370, 418, 442, 454, 464], [20, 34, 50, 73, 89, 116, 125, 233, 749, 779], [30, 99, 103, 138, 142, 149, 170, 197, 222, 360, 433, 447, 463, 490, 546, 590, 664, 666, 721], [112, 167, 188, 198, 247, 259, 273, 282, 317, 326, 402, 409, 411, 544, 562, 586, 606, 925], [5, 44, 48, 90, 101, 185, 229, 291, 301, 313, 380, 386, 429, 473, 506, 619, 631, 651, 656, 682, 683, 691, 694, 777, 813, 819], [16, 40, 100, 144, 166, 195, 223, 254, 269, 340, 378, 417, 988], [33, 55, 65, 86, 105, 126, 168, 171, 172, 219, 281, 285, 304, 333, 335, 343, 358, 371, 485, 499, 580, 598, 603, 628, 634, 663, 707, 764, 800, 837, 849, 893, 905, 924, 930, 935, 940, 944, 960, 983, 991, 996], [32, 133, 184, 192, 239, 315, 317, 327, 426, 474, 503, 515, 534, 577, 582, 589, 597, 630, 647, 662, 676, 702, 732, 738, 807, 814, 893, 895, 989, 998], [1, 12, 14, 25, 35, 62, 95, 98, 104, 117], [37, 88, 122, 139, 149, 182, 205, 207, 210, 231, 271, 302, 344, 351, 423, 498, 539, 546, 574, 594, 602, 638, 671, 692, 784, 798, 799, 817, 822, 830, 884, 892, 899, 936, 940, 943, 955, 958, 963, 965, 966, 977, 979, 988, 1000], [200, 218, 243, 296, 306, 321, 457, 488, 493, 584, 640, 649, 687, 708, 717, 730, 756, 765, 770, 772, 775, 812, 831, 856, 859, 862, 864, 868, 886, 890, 896, 899, 902, 918, 993], [54, 68, 80, 85, 150, 163, 180, 235, 334, 342, 354, 368, 425, 547, 551, 559, 564, 608, 643, 646, 660, 704, 705, 750, 767, 776, 848, 866, 925], [128, 151, 157, 176, 203, 209, 290, 376, 397, 403, 406, 419, 526, 591, 604, 612, 624, 736, 779], [32, 94, 120, 141, 143, 191, 208, 256, 347, 391, 396, 421, 470, 491, 497, 513, 518, 566, 605, 611, 621, 622, 688, 693, 703, 786, 822, 832, 833, 839, 845, 927, 928, 992], [6, 159, 160, 178, 236, 300, 319, 352, 667, 699, 773, 907], [53, 70, 71, 82, 91, 106, 121, 173, 201, 294, 350, 357, 412, 446, 511, 545, 560, 606, 632, 674, 675, 709, 775, 794, 835, 846, 867, 882, 894, 903, 916, 929, 941, 951, 952, 953, 964, 972, 973, 976, 981, 985, 986, 987], [238, 298, 299, 341, 361, 389, 395, 439, 459, 484, 495, 502, 516, 520, 558, 610, 677, 715, 731, 742, 757, 782, 811, 815, 826, 836, 840, 842, 851, 852, 858, 874, 892, 908, 933], [4, 15, 31, 60, 77, 215, 220, 275, 292, 305, 329, 349, 388, 529, 552, 578, 593, 595, 695, 700, 725, 780, 804, 828, 831, 883], [23, 26, 96, 124, 134, 136, 156, 175, 213, 251, 287, 320, 353, 415, 453], [74, 76, 87, 97, 265, 267, 270, 359, 374, 399, 430, 449, 489, 492, 583, 618, 620, 645, 648, 665, 680, 737, 762, 796, 797, 802, 806, 808, 876, 902, 1000], [52, 152, 162, 202, 234, 323, 355, 372, 407, 434, 448, 462, 476, 510, 519, 563, 574, 623, 641, 736, 740, 755, 939, 993], [3, 7, 155, 224, 286, 316, 348, 379, 390, 413, 466, 494, 504, 538, 571, 607, 614, 635, 697, 701, 716, 769, 774, 801, 838, 843, 853], [10, 27, 121, 168, 233, 244, 308, 338, 357, 362, 382, 383, 398, 438, 458, 472, 477, 496, 505, 519, 523, 524, 533, 568, 633, 636, 690, 722, 740, 794, 795, 805, 809, 900, 911, 915, 917, 920, 931, 947], [11, 78, 81, 137, 177, 237, 257, 264, 283, 290, 332, 333, 367, 369, 398, 471, 479, 535, 540, 554, 575, 599, 625, 652, 667, 669, 685, 707, 723, 737, 751, 790, 820, 844, 888, 895, 922, 932, 942, 969, 970, 971, 974, 975], [28, 36, 102, 109, 135, 227, 293, 324, 410, 428, 437, 440, 483, 706], [39, 41, 59, 65, 93, 226, 232, 297, 339, 363, 452, 461, 465, 525, 569, 581, 596, 629, 644, 706, 718, 789, 996], [43, 67, 72, 111, 119, 295, 366, 431, 444, 456, 512, 522, 537, 567, 570, 585, 663, 673, 720, 729, 754, 781, 803, 939, 947], [18, 84, 164, 174, 194, 280, 309, 314, 318, 400, 414, 443, 468, 507, 521, 572, 617, 668, 733, 758, 923], [2, 42, 115, 169, 249, 253, 278, 303, 708, 764, 872, 967]]
nodes: [346, 398, 415, 449, 511, 585, 609, 612, 636, 666, 668, 674, 684, 749, 750, 761, 773, 789, 792, 795, 813, 851, 853, 858, 863, 875, 881, 883, 892, 893, 899, 916, 925, 938, 947, 967, 968, 970, 984, 992, 993, 996, 1000] num of nodes:  43
[[83, 392, 331, 336, 377, 346, 154, 148], [398, 931, 920, 915, 900, 917, 911], [96, 453, 320, 134, 156, 353, 415], [449, 980, 994, 978, 995, 997, 990, 999], [511, 929, 964, 903, 972, 941, 973, 951, 976, 981, 952, 953, 985, 986, 894], [444, 673, 803, 781, 585, 754, 720, 939, 567], [110, 904, 913, 959, 847, 891, 609], [151, 624, 604, 612, 526, 403, 591, 376], [636, 913, 854, 959, 904, 771, 766], [30, 463, 664, 666, 490, 360, 590, 447], [194, 758, 923, 668, 733, 572, 507, 468], [674, 929, 835, 867, 964, 903, 972, 941, 973, 846, 976, 882, 951, 981, 952, 953, 985, 986, 894], [475, 897, 898, 901, 879, 880, 857, 998, 719, 887, 684], [20, 34, 779, 749, 116, 125, 73, 89, 50], [68, 646, 776, 866, 608, 354, 750, 767], [373, 877, 816, 785, 743, 681, 768, 689, 761], [773, 978, 994, 962, 995, 997, 999, 850, 906, 949, 834], [724, 897, 879, 855, 880, 869, 898, 901, 789, 887], [322, 657, 712, 745, 810, 792, 387, 384, 788], [382, 931, 911, 915, 917, 920, 795, 722, 523], [90, 619, 813, 656, 819, 691, 631, 506, 694], [389, 933, 840, 842, 811, 815, 874, 852, 826, 908, 851], [466, 838, 843, 853, 769, 801, 774, 504, 571, 697], [782, 933, 840, 842, 815, 811, 858, 852, 874, 826, 908], [615, 897, 898, 901, 869, 879, 880, 724, 855, 857, 863, 998], [553, 875, 865, 871, 823, 678, 556, 778, 793, 821], [480, 994, 995, 997, 999, 850, 978, 980, 949, 956, 990, 881, 746], [552, 804, 828, 780, 700, 883, 595, 831], [271, 965, 966, 943, 892, 692, 955, 830], [580, 924, 991, 960, 930, 837, 905, 849, 983, 800, 893], [302, 817, 936, 943, 963, 884, 958, 899, 955], [867, 929, 964, 903, 972, 941, 985, 973, 976, 882, 981, 951, 952, 953, 986, 894, 916], [198, 544, 586, 925, 402, 409, 562, 411], [698, 934, 870, 841, 909, 829, 827, 885, 912, 787, 938], [308, 900, 920, 917, 931, 523, 915, 690, 947], [2, 967, 872, 303, 278, 253, 249, 169, 115], [146, 416, 968, 654, 565, 642, 487, 422, 601], [575, 970, 974, 975, 971, 932, 844, 888, 922, 969, 685], [13, 420, 557, 509, 405, 984, 957, 401, 311], [686, 994, 995, 997, 999, 873, 978, 949, 990, 962, 906, 850, 992, 834], [640, 896, 864, 918, 772, 868, 756, 765, 856, 717, 993], [580, 924, 991, 996, 935, 837, 905, 849, 983, 800], [1000, 965, 943, 977, 966, 958, 963, 817, 830, 784, 955, 884]]
len of cliques:  43
downsides after: [[674, 929, 835, 867, 964, 903, 972, 941, 973, 846, 976, 882, 951, 981, 952, 953, 985, 986, 894], [867, 929, 964, 903, 972, 941, 985, 973, 976, 882, 981, 951, 952, 953, 986, 894, 916], [511, 929, 964, 903, 972, 941, 973, 951, 976, 981, 952, 953, 985, 986, 894], [686, 994, 995, 997, 999, 873, 978, 949, 990, 962, 906, 850, 992, 834], [480, 994, 995, 997, 999, 850, 978, 980, 949, 956, 990, 881, 746], [615, 897, 898, 901, 869, 879, 880, 724, 855, 857, 863, 998], [1000, 965, 943, 977, 966, 958, 963, 817, 830, 784, 955, 884], [475, 897, 898, 901, 879, 880, 857, 998, 719, 887, 684], [773, 978, 994, 962, 995, 997, 999, 850, 906, 949, 834], [389, 933, 840, 842, 811, 815, 874, 852, 826, 908, 851], [782, 933, 840, 842, 815, 811, 858, 852, 874, 826, 908], [580, 924, 991, 960, 930, 837, 905, 849, 983, 800, 893], [698, 934, 870, 841, 909, 829, 827, 885, 912, 787, 938], [575, 970, 974, 975, 971, 932, 844, 888, 922, 969, 685], [640, 896, 864, 918, 772, 868, 756, 765, 856, 717, 993], [724, 897, 879, 855, 880, 869, 898, 901, 789, 887], [466, 838, 843, 853, 769, 801, 774, 504, 571, 697], [553, 875, 865, 871, 823, 678, 556, 778, 793, 821], [580, 924, 991, 996, 935, 837, 905, 849, 983, 800], [444, 673, 803, 781, 585, 754, 720, 939, 567], [20, 34, 779, 749, 116, 125, 73, 89, 50], [373, 877, 816, 785, 743, 681, 768, 689, 761], [322, 657, 712, 745, 810, 792, 387, 384, 788], [382, 931, 911, 915, 917, 920, 795, 722, 523], [90, 619, 813, 656, 819, 691, 631, 506, 694], [302, 817, 936, 943, 963, 884, 958, 899, 955], [308, 900, 920, 917, 931, 523, 915, 690, 947], [2, 967, 872, 303, 278, 253, 249, 169, 115], [146, 416, 968, 654, 565, 642, 487, 422, 601], [13, 420, 557, 509, 405, 984, 957, 401, 311], [83, 392, 331, 336, 377, 346, 154, 148], [449, 980, 994, 978, 995, 997, 990, 999], [151, 624, 604, 612, 526, 403, 591, 376], [30, 463, 664, 666, 490, 360, 590, 447], [194, 758, 923, 668, 733, 572, 507, 468], [68, 646, 776, 866, 608, 354, 750, 767], [552, 804, 828, 780, 700, 883, 595, 831], [271, 965, 966, 943, 892, 692, 955, 830], [198, 544, 586, 925, 402, 409, 562, 411], [398, 931, 920, 915, 900, 917, 911], [96, 453, 320, 134, 156, 353, 415], [110, 904, 913, 959, 847, 891, 609], [636, 913, 854, 959, 904, 771, 766]]
number of downsided seeds: 43
[[674, 929, 835, 867, 964, 903, 972, 941, 973, 846, 976, 882, 951, 981, 952, 953, 985, 986, 894], [867, 929, 964, 903, 972, 941, 985, 973, 976, 882, 981, 951, 952, 953, 986, 894, 916], [511, 929, 964, 903, 972, 941, 973, 951, 976, 981, 952, 953, 985, 986, 894], [686, 994, 995, 997, 999, 873, 978, 949, 990, 962, 906, 850, 992, 834], [480, 994, 995, 997, 999, 850, 978, 980, 949, 956, 990, 881, 746], [615, 897, 898, 901, 869, 879, 880, 724, 855, 857, 863, 998], [1000, 965, 943, 977, 966, 958, 963, 817, 830, 784, 955, 884], [475, 897, 898, 901, 879, 880, 857, 998, 719, 887, 684], [773, 978, 994, 962, 995, 997, 999, 850, 906, 949, 834], [389, 933, 840, 842, 811, 815, 874, 852, 826, 908, 851], [782, 933, 840, 842, 815, 811, 858, 852, 874, 826, 908], [580, 924, 991, 960, 930, 837, 905, 849, 983, 800, 893], [698, 934, 870, 841, 909, 829, 827, 885, 912, 787, 938], [575, 970, 974, 975, 971, 932, 844, 888, 922, 969, 685], [640, 896, 864, 918, 772, 868, 756, 765, 856, 717, 993], [724, 897, 879, 855, 880, 869, 898, 901, 789, 887], [466, 838, 843, 853, 769, 801, 774, 504, 571, 697], [553, 875, 865, 871, 823, 678, 556, 778, 793, 821], [580, 924, 991, 996, 935, 837, 905, 849, 983, 800], [444, 673, 803, 781, 585, 754, 720, 939, 567], [20, 34, 779, 749, 116, 125, 73, 89, 50], [373, 877, 816, 785, 743, 681, 768, 689, 761], [322, 657, 712, 745, 810, 792, 387, 384, 788], [382, 931, 911, 915, 917, 920, 795, 722, 523], [90, 619, 813, 656, 819, 691, 631, 506, 694], [302, 817, 936, 943, 963, 884, 958, 899, 955], [308, 900, 920, 917, 931, 523, 915, 690, 947], [2, 967, 872, 303, 278, 253, 249, 169, 115], [146, 416, 968, 654, 565, 642, 487, 422, 601], [13, 420, 557, 509, 405, 984, 957, 401, 311], [83, 392, 331, 336, 377, 346, 154, 148], [449, 980, 994, 978, 995, 997, 990, 999], [151, 624, 604, 612, 526, 403, 591, 376], [30, 463, 664, 666, 490, 360, 590, 447], [194, 758, 923, 668, 733, 572, 507, 468], [68, 646, 776, 866, 608, 354, 750, 767], [552, 804, 828, 780, 700, 883, 595, 831], [271, 965, 966, 943, 892, 692, 955, 830], [198, 544, 586, 925, 402, 409, 562, 411], [398, 931, 920, 915, 900, 917, 911], [96, 453, 320, 134, 156, 353, 415], [110, 904, 913, 959, 847, 891, 609], [636, 913, 854, 959, 904, 771, 766]]
after sorted:  [[674, 929, 835, 867, 964, 903, 972, 941, 973, 846, 976, 882, 951, 981, 952, 953, 985, 986, 894], [867, 929, 964, 903, 972, 941, 985, 973, 976, 882, 981, 951, 952, 953, 986, 894, 916], [511, 929, 964, 903, 972, 941, 973, 951, 976, 981, 952, 953, 985, 986, 894], [686, 994, 995, 997, 999, 873, 978, 949, 990, 962, 906, 850, 992, 834], [480, 994, 995, 997, 999, 850, 978, 980, 949, 956, 990, 881, 746], [615, 897, 898, 901, 869, 879, 880, 724, 855, 857, 863, 998], [1000, 965, 943, 977, 966, 958, 963, 817, 830, 784, 955, 884], [475, 897, 898, 901, 879, 880, 857, 998, 719, 887, 684], [773, 978, 994, 962, 995, 997, 999, 850, 906, 949, 834], [389, 933, 840, 842, 811, 815, 874, 852, 826, 908, 851], [782, 933, 840, 842, 815, 811, 858, 852, 874, 826, 908], [580, 924, 991, 960, 930, 837, 905, 849, 983, 800, 893], [698, 934, 870, 841, 909, 829, 827, 885, 912, 787, 938], [575, 970, 974, 975, 971, 932, 844, 888, 922, 969, 685], [640, 896, 864, 918, 772, 868, 756, 765, 856, 717, 993], [724, 897, 879, 855, 880, 869, 898, 901, 789, 887], [466, 838, 843, 853, 769, 801, 774, 504, 571, 697], [553, 875, 865, 871, 823, 678, 556, 778, 793, 821], [580, 924, 991, 996, 935, 837, 905, 849, 983, 800], [444, 673, 803, 781, 585, 754, 720, 939, 567], [20, 34, 779, 749, 116, 125, 73, 89, 50], [373, 877, 816, 785, 743, 681, 768, 689, 761], [322, 657, 712, 745, 810, 792, 387, 384, 788], [382, 931, 911, 915, 917, 920, 795, 722, 523], [90, 619, 813, 656, 819, 691, 631, 506, 694], [302, 817, 936, 943, 963, 884, 958, 899, 955], [308, 900, 920, 917, 931, 523, 915, 690, 947], [2, 967, 872, 303, 278, 253, 249, 169, 115], [146, 416, 968, 654, 565, 642, 487, 422, 601], [13, 420, 557, 509, 405, 984, 957, 401, 311], [83, 392, 331, 336, 377, 346, 154, 148], [449, 980, 994, 978, 995, 997, 990, 999], [151, 624, 604, 612, 526, 403, 591, 376], [30, 463, 664, 666, 490, 360, 590, 447], [194, 758, 923, 668, 733, 572, 507, 468], [68, 646, 776, 866, 608, 354, 750, 767], [552, 804, 828, 780, 700, 883, 595, 831], [271, 965, 966, 943, 892, 692, 955, 830], [198, 544, 586, 925, 402, 409, 562, 411], [398, 931, 920, 915, 900, 917, 911], [96, 453, 320, 134, 156, 353, 415], [110, 904, 913, 959, 847, 891, 609], [636, 913, 854, 959, 904, 771, 766]]
before num:  43
befor deal_cliques:  41
after deal_cliques:  41
length of seeds:  41
seeds:  [set([835, 964, 903, 972, 973, 846, 976, 981, 985, 986, 929, 674, 867, 941, 882, 951, 952, 953, 894]), set([964, 903, 972, 973, 976, 916, 981, 985, 986, 929, 867, 941, 882, 951, 952, 953, 894]), set([992, 962, 994, 995, 997, 999, 873, 906, 834, 686, 978, 949, 850, 990]), set([480, 994, 995, 997, 999, 746, 850, 881, 978, 980, 949, 956, 990]), set([897, 898, 869, 998, 615, 879, 880, 724, 855, 901, 857, 863]), set([963, 965, 966, 977, 1000, 943, 784, 817, 884, 958, 955, 830]), set([897, 898, 901, 998, 684, 879, 880, 887, 857, 475, 719]), set([994, 962, 995, 773, 999, 906, 834, 978, 949, 850, 997]), set([389, 840, 842, 811, 908, 815, 851, 852, 826, 874, 933]), set([933, 840, 842, 811, 908, 874, 782, 815, 852, 826, 858]), set([960, 800, 930, 580, 837, 905, 849, 983, 924, 893, 991]), set([870, 934, 841, 938, 909, 912, 787, 885, 698, 827, 829]), set([932, 969, 970, 971, 844, 685, 974, 975, 888, 922, 575]), set([640, 896, 772, 864, 993, 717, 756, 918, 856, 868, 765]), set([897, 898, 869, 855, 879, 880, 724, 789, 887, 901]), set([769, 838, 774, 801, 843, 466, 853, 504, 697, 571]), set([865, 678, 871, 553, 778, 875, 556, 821, 823, 793]), set([800, 580, 837, 935, 905, 849, 983, 996, 924, 991]), set([673, 803, 585, 939, 781, 720, 754, 567, 444]), set([34, 73, 779, 749, 50, 116, 89, 125, 20]), set([768, 743, 681, 877, 816, 785, 373, 761, 689]), set([384, 322, 387, 712, 745, 810, 657, 788, 792]), set([931, 523, 911, 722, 915, 917, 920, 795, 382]), set([619, 813, 656, 819, 691, 694, 631, 90, 506]), set([963, 936, 302, 943, 817, 899, 884, 955, 958]), set([931, 900, 523, 690, 915, 308, 917, 920, 947]), set([2, 967, 872, 169, 303, 115, 278, 249, 253]), set([416, 642, 422, 487, 968, 654, 146, 565, 601]), set([420, 13, 557, 401, 405, 311, 984, 509, 957]), set([392, 331, 336, 83, 148, 377, 346, 154]), set([612, 526, 591, 624, 403, 151, 376, 604]), set([360, 490, 590, 463, 664, 666, 30, 447]), set([194, 923, 572, 468, 758, 507, 668, 733]), set([608, 866, 68, 646, 776, 354, 750, 767]), set([804, 552, 828, 780, 595, 883, 700, 831]), set([965, 966, 943, 271, 692, 955, 892, 830]), set([544, 198, 586, 402, 562, 409, 411, 925]), set([931, 900, 917, 920, 915, 398, 911]), set([96, 320, 453, 134, 353, 156, 415]), set([609, 959, 913, 904, 891, 110, 847]), set([913, 771, 854, 904, 636, 766, 959])]
seeds_fitness [0.4418604651162791, 0.32929782082324455, 0.2190132370637786, 0.23963133640552994, 0.23655913978494625, 0.18333333333333332, 0.2018348623853211, 0.16272189349112426, 0.2631578947368421, 0.2231237322515213, 0.16516516516516516, 0.20257826887661143, 0.1636904761904762, 0.19891500904159132, 0.2088167053364269, 0.3249097472924188, 0.29411764705882354, 0.12931034482758622, 0.20168067226890757, 0.36923076923076925, 0.2508710801393728, 0.3116883116883117, 0.18461538461538463, 0.291497975708502, 0.12, 0.14145383104125736, 0.21301775147928995, 0.24742268041237114, 0.17518248175182483, 0.5283018867924528, 0.34782608695652173, 0.3783783783783784, 0.1917808219178082, 0.21621621621621623, 0.14249363867684478, 0.1001788908765653, 0.23829787234042554, 0.10909090909090909, 0.3888888888888889, 0.116991643454039, 0.10824742268041238]
after sort list of tuple: [(29, 0.5283018867924528), (0, 0.4418604651162791), (38, 0.3888888888888889), (31, 0.3783783783783784), (19, 0.36923076923076925), (30, 0.34782608695652173), (1, 0.32929782082324455), (15, 0.3249097472924188), (21, 0.3116883116883117), (16, 0.29411764705882354), (23, 0.291497975708502), (8, 0.2631578947368421), (20, 0.2508710801393728), (27, 0.24742268041237114), (3, 0.23963133640552994), (36, 0.23829787234042554), (4, 0.23655913978494625), (9, 0.2231237322515213), (2, 0.2190132370637786), (33, 0.21621621621621623), (26, 0.21301775147928995), (14, 0.2088167053364269), (11, 0.20257826887661143), (6, 0.2018348623853211), (18, 0.20168067226890757), (13, 0.19891500904159132), (32, 0.1917808219178082), (22, 0.18461538461538463), (5, 0.18333333333333332), (28, 0.17518248175182483), (10, 0.16516516516516516), (12, 0.1636904761904762), (7, 0.16272189349112426), (34, 0.14249363867684478), (25, 0.14145383104125736), (17, 0.12931034482758622), (24, 0.12), (39, 0.116991643454039), (37, 0.10909090909090909), (40, 0.10824742268041238), (35, 0.1001788908765653)]
seeds_sorted [set([392, 331, 336, 83, 148, 377, 346, 154]), set([835, 964, 903, 972, 973, 846, 976, 981, 985, 986, 929, 674, 867, 941, 882, 951, 952, 953, 894]), set([96, 320, 453, 134, 353, 156, 415]), set([360, 490, 590, 463, 664, 666, 30, 447]), set([34, 73, 779, 749, 50, 116, 89, 125, 20]), set([612, 526, 591, 624, 403, 151, 376, 604]), set([964, 903, 972, 973, 976, 916, 981, 985, 986, 929, 867, 941, 882, 951, 952, 953, 894]), set([769, 838, 774, 801, 843, 466, 853, 504, 697, 571]), set([384, 322, 387, 712, 745, 810, 657, 788, 792]), set([865, 678, 871, 553, 778, 875, 556, 821, 823, 793]), set([619, 813, 656, 819, 691, 694, 631, 90, 506]), set([389, 840, 842, 811, 908, 815, 851, 852, 826, 874, 933]), set([768, 743, 681, 877, 816, 785, 373, 761, 689]), set([416, 642, 422, 487, 968, 654, 146, 565, 601]), set([480, 994, 995, 997, 999, 746, 850, 881, 978, 980, 949, 956, 990]), set([544, 198, 586, 402, 562, 409, 411, 925]), set([897, 898, 869, 998, 615, 879, 880, 724, 855, 901, 857, 863]), set([933, 840, 842, 811, 908, 874, 782, 815, 852, 826, 858]), set([992, 962, 994, 995, 997, 999, 873, 906, 834, 686, 978, 949, 850, 990]), set([608, 866, 68, 646, 776, 354, 750, 767]), set([2, 967, 872, 169, 303, 115, 278, 249, 253]), set([897, 898, 869, 855, 879, 880, 724, 789, 887, 901]), set([870, 934, 841, 938, 909, 912, 787, 885, 698, 827, 829]), set([897, 898, 901, 998, 684, 879, 880, 887, 857, 475, 719]), set([673, 803, 585, 939, 781, 720, 754, 567, 444]), set([640, 896, 772, 864, 993, 717, 756, 918, 856, 868, 765]), set([194, 923, 572, 468, 758, 507, 668, 733]), set([931, 523, 911, 722, 915, 917, 920, 795, 382]), set([963, 965, 966, 977, 1000, 943, 784, 817, 884, 958, 955, 830]), set([420, 13, 557, 401, 405, 311, 984, 509, 957]), set([960, 800, 930, 580, 837, 905, 849, 983, 924, 893, 991]), set([932, 969, 970, 971, 844, 685, 974, 975, 888, 922, 575]), set([994, 962, 995, 773, 999, 906, 834, 978, 949, 850, 997]), set([804, 552, 828, 780, 595, 883, 700, 831]), set([931, 900, 523, 690, 915, 308, 917, 920, 947]), set([800, 580, 837, 935, 905, 849, 983, 996, 924, 991]), set([963, 936, 302, 943, 817, 899, 884, 955, 958]), set([609, 959, 913, 904, 891, 110, 847]), set([931, 900, 917, 920, 915, 398, 911]), set([913, 771, 854, 904, 636, 766, 959]), set([965, 966, 943, 271, 692, 955, 892, 830])]
args__________ ([set([392, 331, 336, 83, 148, 377, 346, 154]), set([965, 966, 943, 271, 692, 955, 892, 830])],)
args__________ ([set([835, 964, 903, 972, 973, 846, 976, 981, 985, 986, 929, 674, 867, 941, 882, 951, 952, 953, 894]), set([913, 771, 854, 904, 636, 766, 959])],)
args__________ ([set([96, 320, 453, 134, 353, 156, 415]), set([931, 900, 917, 920, 915, 398, 911])],)
args__________ ([set([360, 490, 590, 463, 664, 666, 30, 447]), set([609, 959, 913, 904, 891, 110, 847])],)
args__________ ([set([34, 73, 779, 749, 50, 116, 89, 125, 20]), set([963, 936, 302, 943, 817, 899, 884, 955, 958])],)
args__________ ([set([612, 526, 591, 624, 403, 151, 376, 604]), set([800, 580, 837, 935, 905, 849, 983, 996, 924, 991])],)
args__________ ([set([964, 903, 972, 973, 976, 916, 981, 985, 986, 929, 867, 941, 882, 951, 952, 953, 894]), set([931, 900, 523, 690, 915, 308, 917, 920, 947])],)
args__________ ([set([769, 838, 774, 801, 843, 466, 853, 504, 697, 571]), set([804, 552, 828, 780, 595, 883, 700, 831])],)
args__________ ([set([384, 322, 387, 712, 745, 810, 657, 788, 792]), set([994, 962, 995, 773, 999, 906, 834, 978, 949, 850, 997])],)
args__________ ([set([865, 678, 871, 553, 778, 875, 556, 821, 823, 793])],)
args__________ ([set([619, 813, 656, 819, 691, 694, 631, 90, 506])],)
args__________ ([set([389, 840, 842, 811, 908, 815, 851, 852, 826, 874, 933])],)
args__________ ([set([768, 743, 681, 877, 816, 785, 373, 761, 689])],)
args__________ ([set([416, 642, 422, 487, 968, 654, 146, 565, 601])],)
args__________ ([set([480, 994, 995, 997, 999, 746, 850, 881, 978, 980, 949, 956, 990])],)
args__________ ([set([544, 198, 586, 402, 562, 409, 411, 925])],)
args__________ ([set([897, 898, 869, 998, 615, 879, 880, 724, 855, 901, 857, 863])],)
args__________ ([set([933, 840, 842, 811, 908, 874, 782, 815, 852, 826, 858])],)
args__________ ([set([992, 962, 994, 995, 997, 999, 873, 906, 834, 686, 978, 949, 850, 990])],)
args__________ ([set([608, 866, 68, 646, 776, 354, 750, 767])],)
args__________ ([set([2, 967, 872, 169, 303, 115, 278, 249, 253])],)
args__________ ([set([897, 898, 869, 855, 879, 880, 724, 789, 887, 901])],)
args__________ ([set([870, 934, 841, 938, 909, 912, 787, 885, 698, 827, 829])],)
args__________ ([set([897, 898, 901, 998, 684, 879, 880, 887, 857, 475, 719])],)
args__________ ([set([673, 803, 585, 939, 781, 720, 754, 567, 444])],)
args__________ ([set([640, 896, 772, 864, 993, 717, 756, 918, 856, 868, 765])],)
args__________ ([set([194, 923, 572, 468, 758, 507, 668, 733])],)
args__________ ([set([931, 523, 911, 722, 915, 917, 920, 795, 382])],)
args__________ ([set([963, 965, 966, 977, 1000, 943, 784, 817, 884, 958, 955, 830])],)
args__________ ([set([420, 13, 557, 401, 405, 311, 984, 509, 957])],)
args__________ ([set([960, 800, 930, 580, 837, 905, 849, 983, 924, 893, 991])],)
args__________ ([set([932, 969, 970, 971, 844, 685, 974, 975, 888, 922, 575])],)
finish process___________________
left nodes numner:_______ 262
sorted nodes by betweenness [1, 4, 12, 14, 16, 19, 22, 24, 25, 28, 32, 35, 36, 40, 46, 48, 52, 57, 62, 66, 74, 76, 87, 94, 95, 97, 98, 100, 102, 104, 109, 117, 120, 131, 133, 135, 139, 141, 143, 144, 145, 149, 152, 153, 158, 162, 166, 168, 179, 183, 184, 191, 192, 193, 195, 202, 208, 211, 214, 221, 223, 225, 227, 228, 234, 239, 241, 246, 252, 254, 256, 258, 260, 265, 266, 267, 269, 270, 276, 282, 290, 293, 299, 306, 315, 317, 323, 324, 327, 333, 340, 347, 355, 357, 359, 365, 367, 370, 372, 374, 378, 391, 396, 399, 404, 407, 410, 413, 417, 418, 421, 426, 427, 428, 430, 433, 434, 436, 437, 440, 442, 448, 449, 454, 462, 464, 467, 470, 474, 476, 483, 489, 491, 492, 497, 501, 503, 510, 513, 515, 517, 518, 519, 530, 532, 534, 543, 546, 549, 550, 555, 558, 561, 563, 564, 566, 573, 574, 576, 577, 579, 582, 583, 588, 589, 597, 605, 606, 611, 614, 618, 620, 621, 622, 623, 630, 635, 641, 643, 645, 647, 648, 655, 659, 661, 662, 663, 665, 667, 671, 676, 679, 680, 688, 693, 696, 699, 702, 703, 706, 707, 708, 714, 721, 732, 734, 736, 737, 738, 739, 740, 744, 748, 755, 762, 764, 775, 783, 786, 791, 794, 796, 797, 802, 806, 807, 808, 814, 822, 824, 825, 832, 833, 839, 845, 876, 889, 890, 895, 902, 907, 910, 914, 919, 921, 926, 927, 928, 937, 940, 944, 945, 946, 948, 950, 954, 961, 979, 982, 987, 988, 989]
args__________ ([[1, 98, 35, 104, 12, 25, 14, 117, 62, 95]],)
args__________ ([[4, 961, 948, 926, 910]],)
args__________ ([[1, 98, 35, 104, 12, 25, 14, 117, 62, 95]],)
args__________ ([[1, 98, 35, 104, 12, 25, 14, 117, 62, 95]],)
args__________ ([[16, 417, 340, 378, 988, 254, 40, 223]],)
args__________ ([[19, 768, 785, 877, 527]],)
args__________ ([[22, 954, 739, 984, 889, 950]],)
args__________ ([[24, 744, 588, 734, 916, 530, 561]],)
args__________ ([[1, 98, 35, 104, 12, 25, 14, 117, 62, 95]],)
args__________ ([[28, 428, 483, 440, 410, 324, 437, 227]],)
args__________ ([[32, 928, 688, 833, 927]],)
args__________ ([[1, 98, 35, 104, 12, 25, 14, 117, 62, 95]],)
args__________ ([[28, 428, 483, 440, 410, 36, 293]],)
args__________ ([[16, 417, 340, 378, 988, 254, 40, 223]],)
args__________ ([[46, 945, 889, 946, 824, 984]],)
args__________ ([[48, 948, 954, 921, 910]],)
args__________ ([[52, 755, 462, 563, 510, 476, 939]],)
args__________ ([[57, 948, 950, 914, 889, 921, 969]],)
args__________ ([[1, 98, 35, 104, 12, 25, 14, 117, 62, 95]],)
args__________ ([[66, 744, 655, 530, 532, 919, 916, 501, 517]],)
args__________ ([[74, 876, 802, 665, 808, 267]],)
args__________ ([[645, 76, 665, 808, 620, 796]],)
args__________ ([[430, 762, 87, 489, 876, 797]],)
args__________ ([[94, 928, 927, 845, 992, 786]],)
args__________ ([[1, 98, 35, 104, 12, 25, 14, 117, 62, 95]],)
args__________ ([[1000, 796, 876, 802, 97, 806, 583]],)
args__________ ([[1, 98, 35, 104, 12, 25, 14, 117, 62, 95]],)
args__________ ([[100, 417, 195, 166, 144, 340, 378, 988, 269]],)
args__________ ([[102, 324, 428, 483, 440, 437, 410, 706]],)
args__________ ([[1, 98, 35, 104, 12, 25, 14, 117, 62, 95]],)
args__________ ([[109, 324, 428, 483, 440, 410, 437, 227]],)
args__________ ([[1, 98, 35, 104, 12, 25, 14, 117, 62, 95]],)
finish single seed process___________________
left nodes numner:_______ 89
sorted nodes by betweenness [133, 139, 145, 149, 158, 168, 183, 184, 192, 211, 221, 225, 239, 241, 260, 266, 290, 299, 306, 315, 317, 327, 333, 357, 367, 370, 413, 418, 426, 427, 433, 442, 449, 454, 464, 474, 515, 519, 534, 546, 550, 558, 564, 574, 577, 582, 589, 597, 606, 614, 630, 635, 643, 647, 662, 663, 667, 671, 676, 679, 680, 699, 702, 707, 708, 721, 732, 736, 737, 738, 740, 748, 764, 775, 794, 807, 814, 822, 825, 890, 895, 902, 907, 937, 940, 944, 979, 987, 989]
args__________ ([[133, 738, 676, 814, 807, 515]],)
args__________ ([[949, 995, 994, 997, 999, 139]],)
args__________ ([[145, 418, 454, 464, 442, 241, 370, 266]],)
args__________ ([[149, 590, 664, 666, 433]],)
args__________ ([[158, 418, 454, 464, 370, 442, 225, 260]],)
args__________ ([[168, 960, 930, 991, 499]],)
args__________ ([[145, 418, 454, 464, 442, 241, 370, 183]],)
args__________ ([[184, 814, 702, 895, 989]],)
args__________ ([[192, 662, 989, 582, 702, 474]],)
args__________ ([[145, 418, 454, 464, 442, 241, 211, 183]],)
args__________ ([[158, 418, 454, 464, 370, 442, 266, 221]],)
args__________ ([[158, 418, 454, 464, 370, 442, 225, 260]],)
args__________ ([[239, 807, 998, 662, 597, 589]],)
args__________ ([[145, 418, 454, 464, 442, 241, 370, 266]],)
args__________ ([[145, 418, 454, 464, 442, 260, 370, 266]],)
args__________ ([[145, 418, 454, 464, 442, 241, 370, 266]],)
args__________ ([[290, 932, 970, 922, 974, 751]],)
args__________ ([[299, 768, 681, 877, 816, 592]],)
args__________ ([[306, 897, 863, 855, 869, 998]],)
args__________ ([[315, 738, 676, 577, 989, 814]],)
args__________ ([[317, 544, 586, 562, 411, 925]],)
args__________ ([[327, 814, 738, 630, 582, 989, 895]],)
args__________ ([[333, 932, 888, 969, 970, 974, 975]],)
args__________ ([[357, 972, 976, 985, 986, 973, 981]],)
args__________ ([[367, 744, 919, 404, 517]],)
args__________ ([[145, 418, 454, 464, 442, 241, 370, 266]],)
args__________ ([[413, 769, 801, 843, 838, 853, 774]],)
args__________ ([[145, 418, 454, 464, 442, 241, 370, 266]],)
args__________ ([[426, 738, 630, 662, 582, 989]],)
args__________ ([[427, 865, 823, 793, 658, 875, 871]],)
args__________ ([[433, 913, 959, 904, 710, 670]],)
args__________ ([[145, 418, 454, 464, 442, 241, 370, 266]],)
finish single seed process___________________
left nodes numner:_______ 38
sorted nodes by betweenness [449, 519, 546, 550, 558, 564, 574, 606, 614, 635, 643, 663, 667, 671, 679, 680, 699, 707, 708, 721, 732, 736, 737, 740, 748, 764, 775, 794, 822, 825, 890, 902, 907, 937, 940, 944, 979, 987]
args__________ ([[449, 980, 994, 978, 995, 997, 990, 999]],)
args__________ ([[407, 755, 641, 519, 623]],)
args__________ ([[360, 490, 590, 721, 664, 666, 447, 546]],)
args__________ ([[154, 392, 331, 336, 377, 242, 550]],)
args__________ ([[558, 897, 898, 901, 880, 615, 857, 863]],)
args__________ ([[531, 743, 877, 564, 681, 761, 753]],)
args__________ ([[574, 963, 965, 966, 977, 958, 943, 936]],)
args__________ ([[606, 929, 964, 941, 976, 985, 953, 986, 981, 894]],)
args__________ ([[49, 968, 654, 565, 601, 536, 614]],)
args__________ ([[635, 834, 994, 995, 997, 881, 978, 949, 990, 999]],)
args__________ ([[643, 945, 921, 926, 982, 961]],)
args__________ ([[634, 837, 905, 849, 924, 991, 663, 935]],)
args__________ ([[6, 352, 773, 300, 907, 667, 236, 160, 178]],)
args__________ ([[671, 799, 963, 965, 936, 977, 958, 784, 955]],)
args__________ ([[481, 865, 875, 871, 823, 821, 778, 678, 679]],)
args__________ ([[240, 891, 959, 904, 710, 680]],)
args__________ ([[159, 352, 773, 300, 907, 236, 160, 178, 699]],)
args__________ ([[603, 935, 924, 991, 930, 905, 983, 707, 628]],)
args__________ ([[42, 967, 872, 303, 278, 253, 764, 249, 708]],)
args__________ ([[170, 490, 590, 664, 666, 360, 463, 721]],)
args__________ ([[277, 847, 904, 854, 732, 891, 763]],)
args__________ ([[290, 612, 604, 526, 591, 736]],)
args__________ ([[790, 932, 970, 971, 974, 942, 922, 975, 737]],)
args__________ ([[434, 939, 755, 993, 623, 563, 740]],)
args__________ ([[696, 914, 961, 982, 945, 748, 926, 921]],)
args__________ ([[42, 967, 872, 303, 278, 253, 764, 249, 169]],)
args__________ ([[775, 964, 929, 903, 972, 973, 951, 976, 985, 953, 986, 981]],)
args__________ ([[794, 972, 964, 973, 941, 976, 882, 951, 952, 985, 953, 986, 981]],)
args__________ ([[936, 965, 966, 977, 943, 958, 963, 822, 784, 955, 884]],)
args__________ ([[262, 891, 847, 959, 913, 883, 825]],)
args__________ ([[649, 896, 918, 859, 864, 812, 886, 862, 890, 765]],)
args__________ ([[649, 896, 918, 859, 902, 868, 886, 687]],)
finish single seed process___________________
left nodes numner:_______ 5
sorted nodes by betweenness [937, 940, 944, 979, 987]
args__________ ([[696, 914, 961, 982, 937, 946, 950, 791]],)
args__________ ([[936, 940, 943, 977, 963, 955, 784, 884, 822]],)
args__________ ([[126, 960, 930, 837, 935, 905, 991, 800, 944]],)
args__________ ([[726, 934, 870, 841, 909, 827, 861, 818, 979, 885, 912, 787]],)
args__________ ([[709, 929, 835, 867, 964, 987, 903, 972, 973, 941, 846, 976, 882, 951, 981, 952, 953, 985, 986, 894]],)
finish single seed process___________________
i =  0 [148, 392, 331, 204, 336, 242, 83, 212, 377, 346, 284, 154]
i =  1 [271, 784, 88, 539, 798, 799, 37, 423, 936, 302, 943, 817, 692, 182, 955, 830, 963, 965, 966, 205, 207, 977, 210, 344, 602, 351, 231, 594, 498, 884, 958, 122, 892, 638]
i =  2 [903, 412, 929, 674, 675, 294, 941, 560, 53, 951, 952, 953, 446, 835, 964, 709, 70, 71, 201, 972, 973, 846, 976, 82, 981, 985, 986, 91, 350, 867, 882, 545, 632, 894, 511]
i =  3 [129, 771, 262, 904, 913, 274, 147, 277, 670, 542, 56, 959, 710, 460, 847, 854, 609, 891, 616, 106, 21, 110, 255, 240, 113, 627, 250, 763, 636, 766, 127]
i =  4 [96, 320, 453, 134, 353, 136, 124, 175, 287, 213, 23, 26, 251, 156, 415]
i =  5 [900, 10, 523, 524, 398, 911, 915, 533, 920, 27, 931, 805, 809, 690, 308, 438, 568, 795, 458, 722, 633, 472, 477, 362, 338, 496, 244, 505, 383, 382, 917]
i =  6 [99, 197, 103, 360, 490, 590, 463, 222, 142, 170, 664, 666, 138, 30, 447]
i =  7 [129, 771, 262, 904, 913, 274, 147, 277, 670, 542, 56, 959, 710, 460, 847, 854, 609, 891, 616, 110, 255, 240, 113, 627, 250, 763, 21, 766, 127]
i =  8 [34, 73, 779, 749, 50, 116, 233, 89, 125, 20]
i =  9 [899, 271, 784, 88, 539, 798, 799, 37, 423, 936, 302, 943, 817, 692, 182, 955, 958, 963, 965, 966, 205, 207, 977, 210, 344, 602, 351, 231, 594, 498, 884, 830, 122, 638]
i =  10 [128, 176, 419, 612, 203, 397, 526, 591, 624, 209, 403, 406, 151, 376, 604, 157]
i =  11 [644, 598, 905, 983, 452, 525, 281, 924, 285, 581, 800, 33, 930, 219, 39, 297, 171, 172, 304, 499, 935, 55, 569, 59, 960, 65, 580, 837, 461, 718, 335, 849, 339, 596, 86, 343, 603, 93, 991, 226, 996, 485, 358, 465, 232, 105, 363, 371, 628, 629, 41, 634, 126]
i =  12 [903, 916, 412, 929, 674, 675, 294, 941, 560, 53, 951, 952, 953, 446, 835, 964, 709, 70, 71, 201, 972, 973, 846, 976, 82, 981, 985, 986, 91, 350, 867, 882, 545, 632, 894, 511]
i =  13 [900, 10, 523, 524, 911, 915, 533, 920, 27, 931, 805, 809, 43, 690, 947, 308, 438, 568, 505, 795, 458, 722, 633, 472, 477, 362, 338, 496, 244, 121, 383, 382, 917]
i =  14 [769, 3, 774, 7, 538, 155, 286, 801, 390, 697, 571, 316, 701, 838, 843, 716, 466, 853, 348, 607, 224, 494, 504, 379]
i =  15 [388, 780, 15, 529, 275, 31, 700, 292, 552, 305, 695, 828, 831, 578, 329, 77, 593, 595, 725, 215, 804, 220, 349, 60, 883]
i =  16 [384, 387, 263, 8, 140, 435, 657, 788, 792, 672, 810, 307, 64, 322, 712, 75, 337, 478, 745, 364, 626, 760]
i =  17 [773, 6, 906, 450, 272, 728, 541, 159, 160, 296, 711, 300, 686, 178, 181, 319, 58, 956, 190, 949, 352, 962, 455, 713, 206, 978, 980, 600, 345, 834, 990, 997, 480, 994, 995, 741, 999, 873, 746, 747, 236, 850, 878, 881, 500, 248, 123, 508]
i =  18 [385, 514, 875, 778, 658, 408, 793, 678, 553, 556, 432, 821, 823, 312, 186, 650, 394, 481, 79, 735, 865, 356, 871, 107, 108]
i =  19 [386, 5, 777, 651, 301, 656, 819, 291, 682, 683, 44, 813, 691, 694, 185, 429, 313, 473, 90, 229, 101, 619, 631, 506, 380]
i =  20 [516, 389, 520, 395, 908, 782, 933, 298, 811, 815, 439, 826, 459, 836, 840, 842, 715, 851, 852, 341, 731, 677, 610, 484, 742, 361, 874, 238, 495, 757, 502]
i =  21 [768, 261, 527, 785, 531, 548, 165, 681, 816, 689, 187, 445, 592, 469, 613, 486, 743, 877, 753, 114, 373, 375, 761, 381]
i =  22 [416, 161, 642, 196, 118, 422, 487, 424, 654, 49, 146, 968, 565, 310, 536, 601, 63]
i =  23 [906, 962, 272, 600, 541, 455, 686, 949, 58, 956, 190, 181, 450, 711, 713, 206, 978, 980, 728, 345, 834, 990, 741, 480, 994, 995, 997, 999, 873, 746, 747, 850, 878, 881, 500, 248, 123, 508]
i =  24 [544, 259, 326, 198, 167, 586, 402, 112, 273, 562, 247, 409, 411, 188, 925]
i =  25 [897, 898, 901, 230, 279, 29, 38, 684, 45, 47, 189, 61, 199, 328, 330, 887, 719, 724, 855, 857, 475, 863, 869, 998, 615, 879, 880, 245, 759, 217]
i =  26 [516, 389, 520, 395, 908, 782, 933, 298, 811, 815, 439, 826, 459, 836, 840, 842, 715, 851, 852, 341, 858, 731, 677, 610, 484, 742, 361, 874, 238, 495, 757, 502]
i =  27 [906, 450, 272, 728, 541, 711, 686, 949, 58, 956, 190, 181, 480, 962, 455, 713, 206, 978, 980, 600, 345, 834, 990, 741, 992, 994, 995, 997, 999, 873, 746, 747, 850, 878, 881, 500, 248, 123, 508]
i =  28 [646, 776, 660, 150, 547, 551, 425, 559, 180, 54, 704, 705, 68, 354, 334, 848, 163, 85, 342, 608, 80, 866, 235, 750, 368, 767]
i =  29 [2, 967, 872, 169, 42, 303, 115, 278, 249, 253]
i =  30 [897, 898, 901, 789, 279, 29, 38, 684, 45, 47, 189, 61, 199, 328, 330, 759, 719, 724, 855, 857, 475, 863, 869, 230, 615, 879, 880, 245, 887, 217]
i =  31 [130, 393, 909, 912, 17, 787, 288, 289, 934, 938, 818, 9, 441, 698, 827, 829, 451, 841, 587, 653, 726, 727, 216, 860, 861, 528, 482, 870, 752, 885, 637, 639]
i =  32 [897, 898, 901, 230, 279, 29, 38, 684, 45, 47, 189, 61, 199, 328, 330, 759, 719, 724, 855, 857, 475, 863, 869, 998, 615, 879, 880, 245, 887, 217]
i =  33 [512, 43, 522, 781, 537, 673, 803, 295, 939, 431, 72, 567, 570, 444, 67, 456, 585, 720, 729, 366, 111, 754, 119]
i =  34 [640, 896, 770, 772, 649, 918, 730, 812, 687, 584, 321, 200, 457, 717, 856, 218, 859, 862, 864, 993, 868, 488, 493, 243, 756, 886, 765]
i =  35 [194, 507, 164, 443, 521, 174, 414, 400, 18, 84, 309, 758, 617, 280, 468, 314, 923, 668, 733, 318, 572]
i =  36 [900, 10, 523, 524, 911, 915, 533, 920, 27, 931, 805, 809, 690, 308, 438, 568, 795, 458, 722, 505, 472, 477, 362, 338, 496, 244, 633, 383, 382, 917]
i =  37 [271, 784, 88, 539, 798, 799, 37, 423, 936, 302, 943, 817, 692, 182, 955, 958, 963, 965, 966, 205, 207, 977, 210, 344, 602, 351, 231, 1000, 594, 498, 884, 830, 122, 638]
i =  38 [132, 268, 13, 173, 401, 20, 405, 325, 34, 420, 557, 50, 51, 311, 58, 957, 69, 73, 984, 89, 92, 233, 125, 116, 509]
i =  39 [598, 905, 343, 281, 924, 800, 33, 930, 219, 935, 171, 172, 304, 499, 55, 960, 580, 837, 335, 849, 86, 983, 603, 991, 485, 358, 105, 371, 628, 634, 893, 126]
i =  40 [257, 264, 137, 11, 652, 790, 535, 922, 283, 540, 669, 932, 369, 554, 685, 942, 177, 820, 575, 969, 970, 971, 844, 974, 975, 81, 723, 78, 471, 332, 479, 237, 751, 625, 599, 888]
i =  41 [1, 98, 35, 104, 12, 14, 117, 25, 62, 95]
i =  42 [258, 131, 4, 193, 910, 783, 914, 659, 276, 661, 22, 791, 921, 926, 543, 549, 555, 46, 945, 946, 948, 950, 696, 57, 954, 573, 576, 961, 579, 714, 824, 467, 982, 739, 365, 153, 889]
i =  43 [1, 98, 35, 104, 12, 14, 117, 25, 62, 95]
i =  44 [1, 98, 35, 104, 12, 14, 117, 25, 62, 95]
i =  45 [417, 195, 100, 166, 40, 144, 269, 16, 340, 378, 988, 254, 223]
i =  46 [768, 261, 527, 785, 19, 548, 165, 681, 816, 689, 187, 445, 592, 469, 613, 486, 743, 877, 753, 114, 531, 373, 375, 761, 381]
i =  47 [258, 131, 132, 961, 268, 13, 910, 783, 401, 914, 19, 276, 661, 22, 791, 921, 926, 543, 420, 549, 555, 557, 46, 48, 945, 946, 51, 948, 950, 311, 824, 57, 954, 573, 576, 193, 579, 325, 714, 696, 467, 982, 984, 69, 92, 739, 365, 659, 436, 153, 889, 509, 4, 405]
i =  48 [214, 66, 228, 517, 744, 588, 655, 561, 530, 179, 532, 501, 246, 24, 404, 916, 252, 734]
i =  49 [1, 98, 35, 104, 12, 14, 117, 25, 62, 95]
i =  50 [483, 324, 293, 102, 135, 428, 109, 227, 437, 440, 36, 410, 28]
i =  51 [256, 513, 518, 833, 396, 141, 143, 786, 927, 928, 421, 391, 688, 693, 566, 703, 832, 32, 839, 845, 208, 470, 347, 605, 94, 611, 491, 621, 622, 497, 120, 191]
i =  52 [1, 98, 35, 104, 12, 14, 117, 25, 62, 95]
i =  53 [483, 36, 293, 102, 135, 428, 109, 227, 437, 440, 324, 410, 28]
i =  54 [417, 195, 100, 166, 40, 144, 269, 16, 340, 378, 988, 254, 223]
i =  55 [258, 131, 132, 193, 268, 13, 910, 783, 401, 914, 19, 276, 661, 22, 791, 921, 282, 926, 543, 420, 549, 555, 557, 46, 48, 945, 946, 51, 948, 950, 311, 824, 57, 954, 573, 576, 961, 579, 325, 714, 696, 467, 982, 984, 69, 92, 739, 365, 659, 436, 153, 889, 509, 4, 405]
i =  56 [258, 131, 4, 961, 910, 783, 914, 659, 276, 661, 22, 791, 921, 926, 543, 549, 555, 46, 48, 945, 946, 948, 950, 824, 57, 954, 573, 576, 193, 579, 714, 696, 467, 982, 739, 365, 153, 889]
i =  57 [448, 641, 162, 323, 407, 355, 202, 939, 462, 623, 434, 563, 52, 755, 152, 372, 476, 234, 510]
i =  58 [258, 131, 4, 193, 910, 783, 914, 659, 276, 661, 22, 791, 921, 926, 543, 549, 555, 46, 48, 945, 946, 948, 950, 696, 57, 954, 573, 576, 961, 579, 969, 714, 824, 467, 982, 739, 365, 153, 889]
i =  59 [1, 98, 35, 104, 12, 14, 117, 25, 62, 95]
i =  60 [246, 66, 228, 517, 744, 503, 588, 655, 561, 530, 179, 404, 501, 214, 919, 24, 532, 916, 252, 734]
i =  61 [645, 648, 265, 267, 270, 399, 665, 796, 797, 802, 806, 808, 430, 492, 620, 583, 74, 76, 87, 97, 359, 489, 618, 876, 374, 762]
i =  62 [645, 648, 265, 267, 270, 399, 665, 796, 797, 802, 806, 808, 430, 492, 620, 583, 74, 76, 87, 97, 359, 489, 618, 876, 374, 762]
i =  63 [645, 648, 265, 267, 270, 399, 665, 796, 797, 802, 806, 808, 430, 492, 620, 583, 74, 76, 87, 97, 359, 489, 618, 876, 374, 762]
i =  64 [256, 513, 518, 391, 396, 141, 143, 786, 927, 928, 421, 688, 693, 566, 703, 832, 833, 839, 845, 208, 470, 347, 605, 94, 992, 611, 491, 621, 622, 497, 120, 191]
i =  65 [1, 98, 35, 104, 12, 14, 117, 25, 62, 95]
i =  66 [645, 648, 265, 267, 270, 399, 665, 796, 797, 802, 37, 806, 808, 430, 492, 583, 876, 74, 76, 87, 97, 359, 1000, 489, 618, 620, 374, 762]
i =  67 [1, 98, 35, 104, 12, 14, 117, 25, 62, 95]
i =  68 [417, 195, 100, 166, 40, 144, 269, 16, 340, 378, 988, 254, 223]
i =  69 [706, 483, 324, 293, 102, 135, 428, 109, 227, 437, 440, 36, 410, 28]
i =  70 [1, 98, 35, 104, 12, 14, 117, 25, 62, 95]
i =  71 [483, 324, 293, 102, 135, 428, 109, 227, 437, 440, 36, 410, 28]
i =  72 [1, 98, 35, 104, 12, 14, 117, 25, 62, 95]
i =  73 [515, 133, 647, 662, 676, 807, 426, 814, 184, 315, 317, 702, 192, 577, 582, 327, 589, 534, 597, 474, 738, 239, 630]
i =  74 [906, 139, 450, 272, 600, 541, 711, 686, 949, 58, 956, 190, 181, 962, 455, 713, 206, 850, 980, 728, 345, 834, 990, 741, 480, 994, 995, 997, 999, 873, 746, 747, 978, 878, 881, 500, 248, 123, 508]
i =  75 [225, 418, 260, 454, 241, 266, 464, 145, 370, 211, 183, 442, 221, 158]
i =  76 [99, 142, 197, 103, 360, 490, 590, 463, 222, 433, 149, 170, 664, 666, 138, 30, 447]
i =  77 [225, 418, 260, 454, 241, 266, 464, 145, 370, 211, 183, 442, 221, 158]
i =  78 [598, 905, 281, 924, 800, 33, 930, 603, 935, 168, 171, 172, 304, 371, 55, 960, 65, 580, 837, 335, 849, 86, 343, 219, 991, 485, 358, 105, 499, 628, 634, 126]
i =  79 [225, 418, 260, 454, 241, 266, 464, 145, 370, 211, 183, 442, 221, 158]
i =  80 [515, 133, 647, 662, 676, 807, 426, 814, 184, 315, 702, 192, 577, 582, 327, 589, 534, 597, 474, 989, 738, 239, 630, 895]
i =  81 [515, 133, 647, 662, 676, 807, 426, 814, 184, 315, 702, 192, 577, 582, 327, 589, 534, 597, 474, 989, 738, 239, 630]
i =  82 [225, 418, 260, 454, 241, 266, 464, 145, 370, 211, 183, 442, 221, 158]
i =  83 [225, 418, 260, 454, 145, 266, 464, 241, 370, 211, 183, 442, 221, 158]
i =  84 [225, 418, 260, 454, 241, 266, 464, 145, 370, 211, 183, 442, 221, 158]
i =  85 [515, 133, 647, 534, 676, 38, 807, 426, 814, 184, 315, 61, 702, 192, 577, 582, 327, 328, 589, 597, 474, 738, 998, 662, 239, 630]
i =  86 [225, 418, 260, 454, 241, 266, 464, 145, 370, 211, 183, 442, 221, 158]
i =  87 [225, 418, 260, 454, 241, 266, 464, 145, 370, 211, 183, 442, 221, 158]
i =  88 [225, 418, 260, 454, 241, 266, 464, 145, 370, 211, 183, 442, 221, 158]
i =  89 [257, 264, 137, 11, 652, 790, 535, 922, 283, 540, 669, 290, 932, 625, 554, 685, 942, 177, 820, 575, 332, 970, 971, 844, 974, 975, 81, 723, 78, 471, 479, 237, 751, 369, 599, 888]
i =  90 [768, 261, 527, 785, 531, 548, 165, 681, 299, 816, 689, 187, 445, 592, 469, 613, 486, 743, 877, 753, 114, 373, 375, 761, 381]
i =  91 [897, 898, 901, 230, 279, 29, 38, 684, 45, 47, 306, 189, 199, 328, 330, 887, 719, 724, 855, 857, 475, 863, 61, 869, 998, 615, 879, 880, 245, 759, 217]
i =  92 [515, 133, 647, 662, 676, 807, 426, 814, 184, 315, 317, 702, 192, 577, 582, 327, 589, 534, 597, 474, 989, 738, 239, 630]
i =  93 [544, 259, 326, 198, 167, 586, 402, 925, 112, 273, 562, 247, 409, 411, 188, 317]
i =  94 [515, 133, 647, 662, 676, 807, 426, 814, 184, 315, 702, 192, 577, 582, 327, 589, 534, 597, 474, 989, 738, 239, 630, 895]
i =  95 [257, 264, 137, 11, 652, 790, 535, 922, 283, 540, 669, 932, 625, 554, 685, 942, 177, 820, 575, 969, 970, 971, 844, 333, 974, 975, 81, 723, 78, 471, 332, 479, 237, 751, 369, 599, 888]
i =  96 [903, 412, 929, 674, 675, 294, 941, 560, 53, 951, 952, 953, 446, 835, 964, 709, 70, 71, 201, 972, 973, 846, 976, 82, 981, 985, 986, 91, 350, 867, 357, 882, 545, 632, 894, 511]
i =  97 [246, 66, 228, 517, 744, 588, 367, 561, 530, 179, 404, 501, 214, 919, 24, 532, 655, 252, 734]
i =  98 [225, 418, 260, 454, 241, 266, 464, 145, 370, 211, 183, 442, 221, 158]
i =  99 [769, 3, 774, 7, 538, 155, 413, 286, 801, 390, 697, 571, 316, 701, 838, 843, 716, 466, 853, 348, 607, 224, 494, 504, 379]
i =  100 [225, 418, 260, 454, 241, 266, 464, 145, 370, 211, 183, 442, 221, 158]
i =  101 [515, 133, 647, 662, 676, 807, 426, 814, 184, 315, 702, 192, 577, 582, 327, 589, 534, 597, 474, 989, 738, 239, 630]
i =  102 [385, 514, 875, 778, 658, 408, 793, 678, 553, 427, 556, 432, 821, 823, 312, 186, 650, 394, 865, 79, 735, 481, 356, 871, 107, 108]
i =  103 [129, 771, 262, 904, 913, 274, 147, 277, 670, 433, 542, 56, 959, 710, 460, 847, 854, 609, 891, 616, 110, 255, 240, 113, 627, 250, 763, 21, 766, 127]
i =  104 [225, 418, 260, 454, 241, 266, 464, 145, 370, 211, 183, 442, 221, 158]
i =  105 [906, 962, 272, 600, 541, 711, 686, 181, 58, 956, 190, 949, 449, 450, 455, 713, 206, 978, 980, 728, 345, 834, 990, 741, 480, 994, 995, 997, 999, 873, 746, 747, 850, 878, 881, 500, 248, 123, 508]
i =  106 [448, 641, 162, 323, 755, 519, 202, 355, 462, 623, 434, 563, 372, 407, 152, 52, 476, 234, 510]
i =  107 [546, 99, 197, 103, 360, 490, 142, 463, 222, 721, 590, 138, 664, 666, 170, 30, 447]
i =  108 [148, 550, 392, 331, 204, 336, 242, 83, 212, 377, 154, 284, 346]
i =  109 [897, 898, 901, 279, 29, 38, 684, 45, 558, 47, 189, 61, 199, 328, 330, 759, 719, 724, 855, 857, 475, 863, 869, 230, 615, 879, 880, 245, 887, 217]
i =  110 [768, 261, 527, 785, 531, 548, 165, 681, 816, 689, 564, 187, 445, 592, 469, 613, 486, 743, 877, 753, 114, 373, 375, 761, 381]
i =  111 [958, 271, 784, 88, 539, 798, 799, 37, 423, 936, 302, 943, 817, 692, 182, 955, 574, 963, 965, 966, 205, 207, 977, 210, 344, 602, 351, 231, 594, 498, 884, 830, 122, 638]
i =  112 [903, 606, 412, 929, 674, 675, 294, 71, 941, 560, 53, 951, 952, 953, 446, 835, 964, 709, 70, 545, 201, 972, 973, 846, 976, 82, 981, 985, 986, 91, 350, 867, 882, 632, 894, 511]
i =  113 [416, 161, 642, 196, 422, 614, 487, 424, 654, 49, 146, 968, 565, 310, 536, 601, 118, 63]
i =  114 [635, 906, 139, 962, 272, 600, 541, 711, 686, 949, 58, 956, 190, 181, 450, 455, 713, 206, 978, 980, 728, 345, 834, 990, 997, 480, 994, 995, 741, 999, 873, 746, 747, 850, 878, 881, 500, 248, 123, 508]
i =  115 [258, 131, 4, 193, 910, 783, 921, 914, 659, 276, 661, 22, 791, 153, 926, 543, 549, 555, 46, 945, 946, 948, 950, 696, 57, 954, 573, 576, 961, 579, 714, 824, 467, 982, 739, 365, 643, 889]
i =  116 [598, 905, 663, 281, 924, 800, 33, 930, 219, 935, 171, 172, 304, 371, 55, 960, 580, 837, 335, 849, 86, 343, 603, 991, 485, 358, 105, 499, 628, 634, 126]
i =  117 [352, 160, 699, 773, 6, 236, 907, 300, 319, 178, 667, 159]
i =  118 [271, 784, 88, 539, 798, 671, 37, 423, 936, 302, 943, 817, 692, 182, 955, 958, 799, 963, 965, 966, 205, 207, 977, 210, 344, 602, 351, 231, 594, 498, 884, 830, 122, 638]
i =  119 [385, 514, 107, 778, 658, 408, 793, 678, 679, 553, 556, 432, 821, 823, 312, 186, 650, 394, 865, 79, 735, 481, 356, 871, 875, 108]
i =  120 [129, 771, 262, 904, 913, 274, 147, 277, 542, 680, 670, 56, 959, 710, 460, 847, 854, 609, 763, 616, 127, 110, 240, 113, 627, 250, 891, 21, 766, 255]
i =  121 [352, 160, 667, 773, 6, 300, 907, 236, 319, 178, 699, 159]
i =  122 [598, 905, 343, 281, 924, 800, 33, 930, 219, 935, 171, 172, 304, 371, 55, 960, 707, 580, 837, 335, 849, 86, 983, 603, 991, 485, 358, 105, 499, 628, 634, 126]
i =  123 [2, 708, 967, 872, 169, 42, 303, 115, 278, 249, 764, 253]
i =  124 [99, 197, 103, 360, 490, 142, 463, 721, 30, 590, 138, 664, 666, 170, 222, 447]
i =  125 [129, 771, 262, 904, 913, 274, 147, 277, 670, 542, 56, 959, 710, 460, 847, 854, 732, 609, 763, 616, 127, 110, 240, 113, 627, 250, 891, 21, 766, 255]
i =  126 [736, 128, 290, 419, 612, 203, 397, 526, 591, 624, 209, 403, 406, 151, 376, 176, 604, 157]
i =  127 [257, 264, 137, 11, 652, 790, 535, 922, 283, 540, 669, 932, 625, 554, 685, 942, 177, 820, 575, 332, 970, 971, 844, 78, 975, 81, 723, 974, 471, 479, 737, 237, 751, 369, 599, 888]
i =  128 [448, 993, 162, 355, 740, 641, 234, 939, 462, 623, 563, 434, 323, 52, 407, 755, 152, 372, 476, 202, 510]
i =  129 [258, 131, 4, 193, 910, 783, 921, 914, 659, 276, 661, 22, 791, 153, 926, 543, 549, 555, 46, 945, 946, 948, 950, 696, 57, 954, 573, 576, 961, 579, 714, 824, 467, 982, 739, 748, 365, 889]
i =  130 [2, 967, 872, 169, 42, 303, 115, 278, 249, 764, 253]
i =  131 [903, 71, 412, 929, 674, 675, 294, 775, 941, 560, 53, 951, 952, 953, 446, 835, 964, 709, 70, 545, 201, 972, 973, 846, 976, 82, 981, 985, 986, 91, 350, 867, 882, 632, 894, 511]
i =  132 [903, 794, 412, 929, 674, 675, 294, 941, 560, 53, 951, 952, 953, 446, 835, 964, 709, 70, 71, 201, 972, 973, 846, 976, 82, 981, 985, 986, 91, 350, 867, 882, 545, 632, 121, 894, 511]
i =  133 [271, 784, 88, 539, 798, 799, 37, 423, 936, 302, 943, 817, 351, 692, 822, 955, 958, 963, 965, 966, 205, 207, 977, 210, 344, 602, 182, 231, 594, 498, 884, 830, 122, 638]
i =  134 [129, 771, 262, 904, 913, 274, 147, 277, 670, 883, 542, 56, 825, 959, 710, 460, 847, 854, 609, 763, 616, 110, 255, 240, 113, 627, 250, 891, 21, 766, 127]
i =  135 [896, 640, 770, 772, 649, 918, 730, 812, 687, 200, 321, 584, 457, 717, 856, 218, 859, 862, 864, 868, 488, 493, 243, 756, 886, 890, 765]
i =  136 [896, 640, 770, 772, 902, 649, 918, 730, 812, 687, 200, 321, 584, 457, 717, 856, 218, 859, 862, 864, 868, 488, 493, 243, 756, 886, 765]
i =  137 [258, 131, 4, 193, 910, 783, 921, 914, 659, 276, 661, 22, 791, 153, 926, 543, 549, 937, 555, 46, 945, 946, 948, 950, 696, 57, 954, 573, 576, 961, 579, 714, 824, 467, 982, 739, 365, 889]
i =  138 [271, 784, 344, 539, 798, 799, 37, 423, 936, 940, 302, 943, 817, 692, 822, 955, 958, 963, 965, 966, 205, 207, 977, 210, 88, 602, 182, 351, 231, 594, 498, 884, 830, 122, 638]
i =  139 [598, 905, 281, 924, 800, 33, 930, 219, 935, 171, 172, 304, 944, 499, 55, 960, 580, 837, 335, 849, 86, 343, 603, 991, 485, 358, 105, 371, 628, 634, 126]
i =  140 [130, 393, 909, 528, 17, 787, 288, 289, 934, 818, 9, 441, 698, 827, 829, 451, 841, 587, 653, 979, 726, 727, 216, 860, 861, 912, 482, 870, 752, 885, 637, 639]
i =  141 [903, 412, 929, 674, 675, 987, 294, 941, 560, 53, 951, 952, 953, 446, 835, 964, 709, 70, 71, 201, 972, 973, 846, 976, 82, 981, 985, 986, 91, 350, 867, 882, 545, 632, 894, 511]
finish get all communities
complete deal_communities
commplete get_all_nature_community
----------------------------------The detection result is: 

all communities: 
i =  1 : [23, 26, 96, 124, 134, 136, 156, 175, 213, 251, 287, 320, 353, 415, 453]
i =  2 : [20, 34, 50, 73, 89, 116, 125, 233, 749, 779]
i =  3 : [15, 31, 60, 77, 215, 220, 275, 292, 305, 329, 349, 388, 529, 552, 578, 593, 595, 695, 700, 725, 780, 804, 828, 831, 883]
i =  4 : [8, 64, 75, 140, 263, 307, 322, 337, 364, 384, 387, 435, 478, 626, 657, 672, 712, 745, 760, 788, 792, 810]
i =  5 : [5, 44, 90, 101, 185, 229, 291, 301, 313, 380, 386, 429, 473, 506, 619, 631, 651, 656, 682, 683, 691, 694, 777, 813, 819]
i =  6 : [238, 298, 341, 361, 389, 395, 439, 459, 484, 495, 502, 516, 520, 610, 677, 715, 731, 742, 757, 782, 811, 815, 826, 836, 840, 842, 851, 852, 858, 874, 908, 933]
i =  7 : [54, 68, 80, 85, 150, 163, 180, 235, 334, 342, 354, 368, 425, 547, 551, 559, 608, 646, 660, 704, 705, 750, 767, 776, 848, 866]
i =  8 : [43, 67, 72, 111, 119, 295, 366, 431, 444, 456, 512, 522, 537, 567, 570, 585, 673, 720, 729, 754, 781, 803, 939]
i =  9 : [18, 84, 164, 174, 194, 280, 309, 314, 318, 400, 414, 443, 468, 507, 521, 572, 617, 668, 733, 758, 923]
i =  10 : [13, 20, 34, 50, 51, 58, 69, 73, 89, 92, 116, 125, 132, 173, 233, 268, 311, 325, 401, 405, 420, 509, 557, 957, 984]
i =  11 : [1, 12, 14, 25, 35, 62, 95, 98, 104, 117]
i =  12 : [16, 40, 100, 144, 166, 195, 223, 254, 269, 340, 378, 417, 988]
i =  13 : [37, 74, 76, 87, 97, 265, 267, 270, 359, 374, 399, 430, 489, 492, 583, 618, 620, 645, 648, 665, 762, 796, 797, 802, 806, 808, 876, 1000]
i =  14 : [28, 36, 102, 109, 135, 227, 293, 324, 410, 428, 437, 440, 483, 706]
i =  15 : [145, 158, 183, 211, 221, 225, 241, 260, 266, 370, 418, 442, 454, 464]
i =  16 : [112, 167, 188, 198, 247, 259, 273, 317, 326, 402, 409, 411, 544, 562, 586, 925]
i =  17 : [3, 7, 155, 224, 286, 316, 348, 379, 390, 413, 466, 494, 504, 538, 571, 607, 697, 701, 716, 769, 774, 801, 838, 843, 853]
i =  18 : [83, 148, 154, 204, 212, 242, 284, 331, 336, 346, 377, 392, 550]
i =  19 : [49, 63, 118, 146, 161, 196, 310, 416, 422, 424, 487, 536, 565, 601, 614, 642, 654, 968]
i =  20 : [6, 159, 160, 178, 236, 300, 319, 352, 667, 699, 773, 907]
i =  21 : [2, 42, 115, 169, 249, 253, 278, 303, 708, 764, 872, 967]
i =  22 : [128, 151, 157, 176, 203, 209, 290, 376, 397, 403, 406, 419, 526, 591, 604, 612, 624, 736]
i =  23 : [10, 27, 43, 121, 244, 308, 338, 362, 382, 383, 398, 438, 458, 472, 477, 496, 505, 523, 524, 533, 568, 633, 690, 722, 795, 805, 809, 900, 911, 915, 917, 920, 931, 947]
i =  24 : [9, 17, 130, 216, 288, 289, 393, 441, 451, 482, 528, 587, 637, 639, 653, 698, 726, 727, 752, 787, 818, 827, 829, 841, 860, 861, 870, 885, 909, 912, 934, 938, 979]
i =  25 : [32, 94, 120, 141, 143, 191, 208, 256, 347, 391, 396, 421, 470, 491, 497, 513, 518, 566, 605, 611, 621, 622, 688, 693, 703, 786, 832, 833, 839, 845, 927, 928, 992]
i =  26 : [24, 66, 179, 214, 228, 246, 252, 367, 404, 501, 503, 517, 530, 532, 561, 588, 655, 734, 744, 916, 919]
i =  27 : [30, 99, 103, 138, 142, 149, 170, 197, 222, 360, 433, 447, 463, 490, 546, 590, 664, 666, 721]
i =  28 : [79, 107, 108, 186, 312, 356, 385, 394, 408, 427, 432, 481, 514, 553, 556, 650, 658, 678, 679, 735, 778, 793, 821, 823, 865, 871, 875]
i =  29 : [52, 152, 162, 202, 234, 323, 355, 372, 407, 434, 448, 462, 476, 510, 519, 563, 623, 641, 740, 755, 939, 993]
i =  30 : [29, 38, 45, 47, 61, 189, 199, 217, 230, 245, 279, 306, 328, 330, 475, 558, 615, 684, 719, 724, 759, 789, 855, 857, 863, 869, 879, 880, 887, 897, 898, 901, 998]
i =  31 : [200, 218, 243, 321, 457, 488, 493, 584, 640, 649, 687, 717, 730, 756, 765, 770, 772, 812, 856, 859, 862, 864, 868, 886, 890, 896, 902, 918, 993]
i =  32 : [19, 114, 165, 187, 261, 299, 373, 375, 381, 445, 469, 486, 527, 531, 548, 564, 592, 613, 681, 689, 743, 753, 761, 768, 785, 816, 877]
i =  33 : [38, 61, 133, 184, 192, 239, 315, 317, 327, 328, 426, 474, 515, 534, 577, 582, 589, 597, 630, 647, 662, 676, 702, 738, 807, 814, 895, 989, 998]
i =  34 : [11, 78, 81, 137, 177, 237, 257, 264, 283, 290, 332, 333, 369, 471, 479, 535, 540, 554, 575, 599, 625, 652, 669, 685, 723, 737, 751, 790, 820, 844, 888, 922, 932, 942, 969, 970, 971, 974, 975]
i =  35 : [6, 58, 123, 139, 159, 160, 178, 181, 190, 206, 236, 248, 272, 296, 300, 319, 345, 352, 449, 450, 455, 480, 500, 508, 541, 600, 635, 686, 711, 713, 728, 741, 746, 747, 773, 834, 850, 873, 878, 881, 906, 949, 956, 962, 978, 980, 990, 992, 994, 995, 997, 999]
i =  36 : [21, 56, 106, 110, 113, 127, 129, 147, 240, 250, 255, 262, 274, 277, 433, 460, 542, 609, 616, 627, 636, 670, 680, 710, 732, 763, 766, 771, 825, 847, 854, 883, 891, 904, 913, 959]
i =  37 : [4, 13, 19, 22, 46, 48, 51, 57, 69, 92, 131, 132, 153, 193, 258, 268, 276, 282, 311, 325, 365, 401, 405, 420, 436, 467, 509, 543, 549, 555, 557, 573, 576, 579, 643, 659, 661, 696, 714, 739, 748, 783, 791, 824, 889, 910, 914, 921, 926, 937, 945, 946, 948, 950, 954, 961, 969, 982, 984]
i =  38 : [37, 88, 122, 182, 205, 207, 210, 231, 271, 302, 344, 351, 423, 498, 539, 574, 594, 602, 638, 671, 692, 784, 798, 799, 817, 822, 830, 884, 892, 899, 936, 940, 943, 955, 958, 963, 965, 966, 977, 1000]
i =  39 : [33, 39, 41, 55, 59, 65, 86, 93, 105, 126, 168, 171, 172, 219, 226, 232, 281, 285, 297, 304, 335, 339, 343, 358, 363, 371, 452, 461, 465, 485, 499, 525, 569, 580, 581, 596, 598, 603, 628, 629, 634, 644, 663, 707, 718, 800, 837, 849, 893, 905, 924, 930, 935, 944, 960, 983, 991, 996]
i =  40 : [53, 70, 71, 82, 91, 121, 201, 294, 350, 357, 412, 446, 511, 545, 560, 606, 632, 674, 675, 709, 775, 794, 835, 846, 867, 882, 894, 903, 916, 929, 941, 951, 952, 953, 964, 972, 973, 976, 981, 985, 986, 987]
overlapping nodes are:  [6, 13, 19, 20, 34, 37, 38, 43, 50, 51, 58, 61, 69, 73, 89, 92, 116, 121, 125, 132, 159, 160, 178, 233, 236, 268, 290, 300, 311, 317, 319, 325, 328, 352, 401, 405, 420, 433, 509, 557, 773, 883, 916, 939, 969, 984, 992, 993, 998, 1000] 
 NOO is:  50
total time is:  163.104954958
