lens of ground_truth:  48
ground_truth is: [[69, 110, 111, 115, 151, 152, 156, 208, 266, 278, 309, 337, 352, 448, 530, 531, 590, 975], [88, 125, 143, 232, 257, 330, 340, 379, 382, 386, 395, 418, 874, 995], [1, 40, 50, 107, 195, 260, 364, 398, 455, 457, 478, 483, 604, 845], [29, 58, 86, 88, 110, 209, 243, 297, 354, 374, 376, 381, 392, 435, 445, 495, 499, 523, 530, 542, 558, 598, 603, 622, 675, 695, 703, 721, 744, 786, 804, 837, 852, 903, 907, 912, 919, 944, 952, 958, 960, 965, 969, 978, 982, 983, 991, 992, 998], [128, 130, 149, 240, 261, 292, 303, 375, 384, 439, 444, 460, 468, 471, 490, 543, 560, 593, 676, 689, 739, 793, 800, 827, 910], [13, 35, 78, 112, 118, 119, 165, 205, 224, 234, 271, 448], [2, 19, 30, 94, 105, 137, 168, 187, 210, 283, 885, 919], [60, 121, 136, 179, 220, 221, 247, 284, 296, 415, 436, 467, 501, 565, 617, 680, 931, 982], [50, 52, 71, 176, 206, 239, 266, 274, 351, 370, 372, 485, 985, 997], [22, 27, 45, 59, 216, 222, 244, 356, 383, 410, 510, 523, 608, 656, 664, 665, 717, 768, 948, 968, 972, 980], [227, 233, 242, 276, 318, 328, 414, 434, 446, 459, 492, 503, 516, 578, 599, 644, 660, 669, 686, 692, 694, 698, 706, 734, 763, 772, 774, 857, 891, 893, 899, 905, 917, 930, 951, 952, 955, 961, 978], [46, 51, 245, 389, 407, 414, 487, 492, 500, 503, 542, 635, 637, 640, 649, 724, 727, 730, 750, 752, 771, 784, 790, 794, 805, 807, 817, 833, 841, 849, 861, 880, 885, 910, 911, 939, 943, 949, 950], [7, 31, 66, 90, 93, 114, 134, 173, 214, 270, 974], [24, 53, 68, 91, 246, 291, 363, 367, 451, 466, 489, 569, 571, 602, 603, 652, 654, 722, 746, 770, 779, 798, 863, 995], [5, 52, 53, 81, 175, 177, 192, 319, 350, 401, 474, 490, 506, 514, 527, 545, 553, 613, 615, 619, 673, 691, 697, 701, 741, 755, 764, 772, 783, 785, 791, 859, 916, 922, 923, 929, 934, 959, 963, 970, 973, 981, 988, 990, 993, 994, 996, 999, 1000], [47, 61, 123, 203, 259, 344, 369, 383, 419, 425, 469, 484, 507, 520, 573, 626, 628, 709, 735, 747, 765, 777, 778, 810, 909], [29, 53, 65, 80, 155, 273, 276, 376, 387, 408, 412, 417, 426, 438, 465, 566, 594, 597, 636, 675, 701, 707, 708, 738, 742, 757, 762, 813, 871, 876, 886, 894, 896, 932, 957, 958, 962, 964, 967, 982], [8, 204, 244, 362, 387, 413, 447, 491, 493, 532, 539, 561, 572, 585, 607, 612, 627, 629, 687, 743, 808, 814, 819, 829, 842, 851, 855, 866, 893, 903, 930], [32, 43, 70, 146, 171, 199, 314, 381, 428, 441, 479, 496, 503, 546, 624, 642, 653, 684, 715, 773, 775, 789, 969], [9, 14, 28, 44, 82, 167, 249, 272, 346, 380, 579, 611, 620, 630, 662, 919, 952, 967, 980], [15, 87, 141, 253, 254, 293, 335, 347, 357, 377, 432, 486, 521, 523, 604], [34, 68, 120, 159, 188, 225, 252, 323, 333, 350, 361, 431, 448, 512, 517, 533, 542, 588, 604, 658, 671, 672, 677, 705, 745, 758, 790, 821, 828, 845, 867, 872, 879, 888, 892, 899, 906, 985], [76, 95, 101, 116, 282, 343, 353, 359, 420, 453, 502, 517, 556, 707, 959, 975], [21, 37, 112, 164, 183, 193, 219, 275, 381, 396, 414, 910], [17, 39, 42, 58, 127, 256, 388, 515, 517, 530, 548, 553, 554, 583, 611, 663, 666, 700, 713, 731, 776, 792, 823, 831, 843, 860, 864, 869, 881, 902, 913, 930, 945, 951, 954, 966, 970, 971, 975, 976, 977, 980, 984, 997, 999], [12, 99, 228, 276, 336, 365, 371, 423, 452, 473, 496, 540, 586, 616, 636, 681, 687, 729, 733, 736, 740, 749], [81, 104, 198, 235, 241, 266, 280, 329, 449, 488, 514, 534, 552, 574, 591, 605, 623, 667, 675, 679, 725], [46, 52, 75, 81, 182, 217, 304, 316, 350, 383, 396, 435, 480, 490, 492, 494, 545, 549, 563, 603, 621, 631, 633, 647, 659, 680, 701, 727, 741, 753, 769, 790, 797, 805, 830, 837, 845, 863, 875, 878, 884, 885, 921, 940, 946, 953, 968, 970, 979, 985], [3, 17, 72, 75, 174, 200, 223, 299, 305, 376, 387, 389, 421, 422, 462, 463, 504, 525, 535, 538, 539, 611, 640, 668, 683, 693, 711, 731, 741, 767, 832, 834, 837, 838, 847, 854, 874, 883, 895, 898, 899, 915, 927, 935, 956, 986, 987, 989, 997, 999], [23, 110, 180, 201, 317, 334, 378, 402, 404, 426, 456, 464, 509, 522, 537, 564, 567, 647, 650, 696, 796, 799, 829, 835, 844, 848, 860, 870, 883], [26, 48, 73, 92, 154, 160, 189, 190, 218, 250, 315, 424, 536, 570, 581, 601, 614, 638, 639, 646], [17, 75, 77, 102, 153, 172, 268, 302, 310, 325, 326, 348, 450, 550, 641, 687, 707, 712, 716, 720, 726, 748, 760, 780, 818, 840, 842, 850, 853, 860, 865, 874, 920, 941, 948, 951, 969], [138, 191, 258, 393, 406, 411, 437, 476, 505, 555, 647, 651, 661, 663, 731, 751, 759, 803, 809, 812, 816, 829, 833, 863, 902, 940], [68, 112, 161, 212, 231, 244, 301, 321, 426, 454, 461, 514, 519, 600, 625, 643, 688, 690, 699, 718, 737, 761, 811, 903, 958, 968], [29, 49, 97, 109, 135, 145, 184, 196, 215, 264, 308, 311, 312, 409, 481, 513, 553, 568, 648, 766, 772, 906], [46, 108, 265, 349, 427, 476, 551, 657, 685, 704, 714, 802, 820, 822, 825, 849, 856, 858, 862, 873, 882, 890, 893, 897, 901, 904, 908, 909, 924, 926, 928, 936, 942, 947, 974, 995], [113, 157, 226, 269, 286, 306, 338, 399, 403, 429, 477, 496, 528, 576, 589, 618, 636, 641, 674, 680, 754, 787, 806, 824, 839, 849], [25, 117, 150, 248, 251, 289, 290, 358, 368, 443, 539, 640, 663, 909], [100, 162, 163, 186, 202, 207, 213, 230, 288, 433, 472, 541, 547, 587, 592, 641, 967], [56, 74, 85, 142, 178, 194, 229, 277, 294, 313, 327, 345, 355], [64, 67, 88, 96, 132, 133, 166, 185, 236, 237, 279, 287, 385, 430, 906], [10, 33, 36, 103, 131, 169, 170, 197, 300, 389, 435, 482, 498, 529, 559, 580, 606, 655, 678, 682, 702, 710, 727, 756, 788, 801, 842, 846, 883, 889, 931, 933, 937, 938, 974], [11, 16, 62, 63, 122, 126, 140, 400, 470, 475, 497, 511, 544, 584, 609, 645, 670, 719, 931, 959, 972], [6, 54, 55, 144, 147, 148, 158, 255, 320, 322, 331, 416, 440, 545, 582, 595, 902], [4, 41, 89, 181, 211, 281, 285, 390, 394, 397, 405, 508, 518, 526, 562, 575, 577, 632], [79, 83, 84, 98, 129, 262, 267, 295, 324, 332, 360, 373, 805, 833], [38, 50, 57, 58, 124, 238, 298, 391, 396, 442, 458, 476, 524, 557, 596, 610, 634, 723, 728, 732, 781, 782, 795, 815, 826, 836, 868, 877, 887, 900, 914, 918, 925, 940], [18, 20, 106, 139, 263, 307, 339, 341, 342, 366, 948, 972, 978]]
nodes: [224, 320, 381, 435, 496, 523, 562, 568, 616, 636, 640, 641, 646, 647, 679, 680, 687, 727, 731, 761, 805, 810, 820, 823, 826, 849, 857, 860, 876, 879, 885, 893, 902, 903, 906, 910, 912, 931, 940, 967, 969, 974, 975, 978, 980, 985, 986, 994, 995] num of nodes:  49
[[13, 224, 35, 165, 234, 118, 271, 205, 78, 119], [144, 416, 582, 595, 440, 320, 147], [381, 960, 992, 983, 998, 991], [435, 744, 944, 965, 998, 991], [286, 839, 754, 824, 618, 496], [410, 768, 717, 665, 608, 523], [41, 577, 518, 390, 562, 632, 575, 508, 285], [109, 766, 648, 481, 264, 568, 184], [365, 736, 740, 423, 616, 681, 586, 749, 729, 473, 371, 540, 733], [636, 736, 681, 729, 740, 733, 749], [150, 358, 443, 909, 368, 251, 640], [207, 547, 587, 592, 472, 541, 641], [73, 614, 646, 536, 639, 601, 250, 638], [647, 875, 953, 946, 979, 830], [235, 679, 449, 488, 552, 623, 574, 591, 605, 725, 534], [296, 617, 467, 565, 982, 415, 680], [561, 819, 851, 687, 572, 629, 855], [655, 933, 937, 756, 889, 938, 727, 788], [731, 999, 984, 966, 976, 977, 954, 971], [231, 737, 811, 688, 690, 761, 643, 699, 718, 519], [805, 807, 939, 943, 911, 880, 949, 950, 833], [61, 709, 425, 777, 778, 810, 747, 628, 469, 735], [704, 928, 897, 802, 901, 904, 936, 873, 908, 942, 882, 947, 820, 862, 822, 856, 825, 858, 890, 924, 926], [666, 913, 945, 971, 869, 966, 977, 843, 792, 976, 823, 984, 954, 700, 864, 776], [557, 826, 877, 914, 723, 918, 887, 900, 728, 868, 925, 836, 732, 781, 782], [849, 942, 936, 928, 904, 908, 947, 924, 926], [516, 961, 955, 917, 905, 857, 774, 891, 692, 686], [831, 945, 971, 984, 976, 977, 966, 954, 860, 951], [566, 964, 932, 871, 876, 962, 886, 957, 894, 757, 896, 742, 762, 738], [671, 821, 892, 705, 879, 867, 872, 888, 828, 677, 758], [637, 880, 861, 939, 911, 943, 950, 807, 885, 817, 771], [858, 928, 908, 942, 936, 947, 926, 924, 862, 893], [792, 971, 977, 976, 984, 966, 945, 869, 831, 864, 902], [598, 960, 992, 944, 965, 998, 852, 991, 903, 744], [185, 385, 906, 287, 430, 237, 279], [635, 880, 939, 911, 949, 910, 784, 724, 943], [598, 960, 992, 944, 965, 998, 852, 991, 804, 907, 912, 983, 744, 703], [678, 933, 937, 846, 889, 938, 931, 788, 710], [728, 900, 877, 781, 914, 918, 887, 868, 925, 940, 815], [708, 896, 962, 964, 932, 813, 762, 957, 894, 967, 886, 871], [622, 960, 992, 944, 804, 965, 998, 907, 991, 983, 969], [825, 897, 904, 862, 936, 873, 908, 882, 947, 942, 924, 890, 974, 901, 926], [515, 966, 913, 977, 971, 976, 984, 945, 954, 975, 997], [495, 960, 992, 944, 998, 983, 991, 852, 965, 978, 695], [548, 945, 977, 971, 869, 966, 881, 843, 976, 984, 913, 954, 980, 831], [71, 985, 485, 997, 274, 176, 370, 351, 372, 239], [463, 895, 915, 986, 987, 956, 989, 927, 834, 935, 898, 847], [996, 993, 981, 990, 988, 994, 973, 963, 1000, 929, 923, 934, 922, 916, 859, 783, 785, 791, 755, 764], [825, 897, 904, 862, 936, 873, 908, 882, 947, 942, 924, 890, 928, 856, 995]]
len of cliques:  49
downsides after: [[704, 928, 897, 802, 901, 904, 936, 873, 908, 942, 882, 947, 820, 862, 822, 856, 825, 858, 890, 924, 926], [996, 993, 981, 990, 988, 994, 973, 963, 1000, 929, 923, 934, 922, 916, 859, 783, 785, 791, 755, 764], [666, 913, 945, 971, 869, 966, 977, 843, 792, 976, 823, 984, 954, 700, 864, 776], [557, 826, 877, 914, 723, 918, 887, 900, 728, 868, 925, 836, 732, 781, 782], [825, 897, 904, 862, 936, 873, 908, 882, 947, 942, 924, 890, 974, 901, 926], [825, 897, 904, 862, 936, 873, 908, 882, 947, 942, 924, 890, 928, 856, 995], [566, 964, 932, 871, 876, 962, 886, 957, 894, 757, 896, 742, 762, 738], [598, 960, 992, 944, 965, 998, 852, 991, 804, 907, 912, 983, 744, 703], [548, 945, 977, 971, 869, 966, 881, 843, 976, 984, 913, 954, 980, 831], [365, 736, 740, 423, 616, 681, 586, 749, 729, 473, 371, 540, 733], [708, 896, 962, 964, 932, 813, 762, 957, 894, 967, 886, 871], [463, 895, 915, 986, 987, 956, 989, 927, 834, 935, 898, 847], [235, 679, 449, 488, 552, 623, 574, 591, 605, 725, 534], [671, 821, 892, 705, 879, 867, 872, 888, 828, 677, 758], [637, 880, 861, 939, 911, 943, 950, 807, 885, 817, 771], [792, 971, 977, 976, 984, 966, 945, 869, 831, 864, 902], [728, 900, 877, 781, 914, 918, 887, 868, 925, 940, 815], [622, 960, 992, 944, 804, 965, 998, 907, 991, 983, 969], [515, 966, 913, 977, 971, 976, 984, 945, 954, 975, 997], [495, 960, 992, 944, 998, 983, 991, 852, 965, 978, 695], [13, 224, 35, 165, 234, 118, 271, 205, 78, 119], [231, 737, 811, 688, 690, 761, 643, 699, 718, 519], [61, 709, 425, 777, 778, 810, 747, 628, 469, 735], [516, 961, 955, 917, 905, 857, 774, 891, 692, 686], [831, 945, 971, 984, 976, 977, 966, 954, 860, 951], [858, 928, 908, 942, 936, 947, 926, 924, 862, 893], [598, 960, 992, 944, 965, 998, 852, 991, 903, 744], [71, 985, 485, 997, 274, 176, 370, 351, 372, 239], [41, 577, 518, 390, 562, 632, 575, 508, 285], [805, 807, 939, 943, 911, 880, 949, 950, 833], [849, 942, 936, 928, 904, 908, 947, 924, 926], [635, 880, 939, 911, 949, 910, 784, 724, 943], [678, 933, 937, 846, 889, 938, 931, 788, 710], [73, 614, 646, 536, 639, 601, 250, 638], [655, 933, 937, 756, 889, 938, 727, 788], [731, 999, 984, 966, 976, 977, 954, 971], [144, 416, 582, 595, 440, 320, 147], [109, 766, 648, 481, 264, 568, 184], [636, 736, 681, 729, 740, 733, 749], [150, 358, 443, 909, 368, 251, 640], [207, 547, 587, 592, 472, 541, 641], [296, 617, 467, 565, 982, 415, 680], [561, 819, 851, 687, 572, 629, 855], [185, 385, 906, 287, 430, 237, 279], [381, 960, 992, 983, 998, 991], [435, 744, 944, 965, 998, 991], [286, 839, 754, 824, 618, 496], [410, 768, 717, 665, 608, 523], [647, 875, 953, 946, 979, 830]]
number of downsided seeds: 49
[[704, 928, 897, 802, 901, 904, 936, 873, 908, 942, 882, 947, 820, 862, 822, 856, 825, 858, 890, 924, 926], [996, 993, 981, 990, 988, 994, 973, 963, 1000, 929, 923, 934, 922, 916, 859, 783, 785, 791, 755, 764], [666, 913, 945, 971, 869, 966, 977, 843, 792, 976, 823, 984, 954, 700, 864, 776], [557, 826, 877, 914, 723, 918, 887, 900, 728, 868, 925, 836, 732, 781, 782], [825, 897, 904, 862, 936, 873, 908, 882, 947, 942, 924, 890, 974, 901, 926], [825, 897, 904, 862, 936, 873, 908, 882, 947, 942, 924, 890, 928, 856, 995], [566, 964, 932, 871, 876, 962, 886, 957, 894, 757, 896, 742, 762, 738], [598, 960, 992, 944, 965, 998, 852, 991, 804, 907, 912, 983, 744, 703], [548, 945, 977, 971, 869, 966, 881, 843, 976, 984, 913, 954, 980, 831], [365, 736, 740, 423, 616, 681, 586, 749, 729, 473, 371, 540, 733], [708, 896, 962, 964, 932, 813, 762, 957, 894, 967, 886, 871], [463, 895, 915, 986, 987, 956, 989, 927, 834, 935, 898, 847], [235, 679, 449, 488, 552, 623, 574, 591, 605, 725, 534], [671, 821, 892, 705, 879, 867, 872, 888, 828, 677, 758], [637, 880, 861, 939, 911, 943, 950, 807, 885, 817, 771], [792, 971, 977, 976, 984, 966, 945, 869, 831, 864, 902], [728, 900, 877, 781, 914, 918, 887, 868, 925, 940, 815], [622, 960, 992, 944, 804, 965, 998, 907, 991, 983, 969], [515, 966, 913, 977, 971, 976, 984, 945, 954, 975, 997], [495, 960, 992, 944, 998, 983, 991, 852, 965, 978, 695], [13, 224, 35, 165, 234, 118, 271, 205, 78, 119], [231, 737, 811, 688, 690, 761, 643, 699, 718, 519], [61, 709, 425, 777, 778, 810, 747, 628, 469, 735], [516, 961, 955, 917, 905, 857, 774, 891, 692, 686], [831, 945, 971, 984, 976, 977, 966, 954, 860, 951], [858, 928, 908, 942, 936, 947, 926, 924, 862, 893], [598, 960, 992, 944, 965, 998, 852, 991, 903, 744], [71, 985, 485, 997, 274, 176, 370, 351, 372, 239], [41, 577, 518, 390, 562, 632, 575, 508, 285], [805, 807, 939, 943, 911, 880, 949, 950, 833], [849, 942, 936, 928, 904, 908, 947, 924, 926], [635, 880, 939, 911, 949, 910, 784, 724, 943], [678, 933, 937, 846, 889, 938, 931, 788, 710], [73, 614, 646, 536, 639, 601, 250, 638], [655, 933, 937, 756, 889, 938, 727, 788], [731, 999, 984, 966, 976, 977, 954, 971], [144, 416, 582, 595, 440, 320, 147], [109, 766, 648, 481, 264, 568, 184], [636, 736, 681, 729, 740, 733, 749], [150, 358, 443, 909, 368, 251, 640], [207, 547, 587, 592, 472, 541, 641], [296, 617, 467, 565, 982, 415, 680], [561, 819, 851, 687, 572, 629, 855], [185, 385, 906, 287, 430, 237, 279], [381, 960, 992, 983, 998, 991], [435, 744, 944, 965, 998, 991], [286, 839, 754, 824, 618, 496], [410, 768, 717, 665, 608, 523], [647, 875, 953, 946, 979, 830]]
after sorted:  [[704, 928, 897, 802, 901, 904, 936, 873, 908, 942, 882, 947, 820, 862, 822, 856, 825, 858, 890, 924, 926], [996, 993, 981, 990, 988, 994, 973, 963, 1000, 929, 923, 934, 922, 916, 859, 783, 785, 791, 755, 764], [666, 913, 945, 971, 869, 966, 977, 843, 792, 976, 823, 984, 954, 700, 864, 776], [557, 826, 877, 914, 723, 918, 887, 900, 728, 868, 925, 836, 732, 781, 782], [825, 897, 904, 862, 936, 873, 908, 882, 947, 942, 924, 890, 974, 901, 926], [825, 897, 904, 862, 936, 873, 908, 882, 947, 942, 924, 890, 928, 856, 995], [566, 964, 932, 871, 876, 962, 886, 957, 894, 757, 896, 742, 762, 738], [598, 960, 992, 944, 965, 998, 852, 991, 804, 907, 912, 983, 744, 703], [548, 945, 977, 971, 869, 966, 881, 843, 976, 984, 913, 954, 980, 831], [365, 736, 740, 423, 616, 681, 586, 749, 729, 473, 371, 540, 733], [708, 896, 962, 964, 932, 813, 762, 957, 894, 967, 886, 871], [463, 895, 915, 986, 987, 956, 989, 927, 834, 935, 898, 847], [235, 679, 449, 488, 552, 623, 574, 591, 605, 725, 534], [671, 821, 892, 705, 879, 867, 872, 888, 828, 677, 758], [637, 880, 861, 939, 911, 943, 950, 807, 885, 817, 771], [792, 971, 977, 976, 984, 966, 945, 869, 831, 864, 902], [728, 900, 877, 781, 914, 918, 887, 868, 925, 940, 815], [622, 960, 992, 944, 804, 965, 998, 907, 991, 983, 969], [515, 966, 913, 977, 971, 976, 984, 945, 954, 975, 997], [495, 960, 992, 944, 998, 983, 991, 852, 965, 978, 695], [13, 224, 35, 165, 234, 118, 271, 205, 78, 119], [231, 737, 811, 688, 690, 761, 643, 699, 718, 519], [61, 709, 425, 777, 778, 810, 747, 628, 469, 735], [516, 961, 955, 917, 905, 857, 774, 891, 692, 686], [831, 945, 971, 984, 976, 977, 966, 954, 860, 951], [858, 928, 908, 942, 936, 947, 926, 924, 862, 893], [598, 960, 992, 944, 965, 998, 852, 991, 903, 744], [71, 985, 485, 997, 274, 176, 370, 351, 372, 239], [41, 577, 518, 390, 562, 632, 575, 508, 285], [805, 807, 939, 943, 911, 880, 949, 950, 833], [849, 942, 936, 928, 904, 908, 947, 924, 926], [635, 880, 939, 911, 949, 910, 784, 724, 943], [678, 933, 937, 846, 889, 938, 931, 788, 710], [73, 614, 646, 536, 639, 601, 250, 638], [655, 933, 937, 756, 889, 938, 727, 788], [731, 999, 984, 966, 976, 977, 954, 971], [144, 416, 582, 595, 440, 320, 147], [109, 766, 648, 481, 264, 568, 184], [636, 736, 681, 729, 740, 733, 749], [150, 358, 443, 909, 368, 251, 640], [207, 547, 587, 592, 472, 541, 641], [296, 617, 467, 565, 982, 415, 680], [561, 819, 851, 687, 572, 629, 855], [185, 385, 906, 287, 430, 237, 279], [381, 960, 992, 983, 998, 991], [435, 744, 944, 965, 998, 991], [286, 839, 754, 824, 618, 496], [410, 768, 717, 665, 608, 523], [647, 875, 953, 946, 979, 830]]
before num:  49
befor deal_cliques:  44
after deal_cliques:  44
length of seeds:  44
seeds:  [set([704, 897, 901, 904, 908, 856, 858, 924, 926, 928, 802, 936, 873, 942, 882, 947, 820, 862, 822, 825, 890]), set([963, 929, 973, 783, 785, 916, 981, 791, 922, 859, 988, 990, 993, 994, 923, 996, 934, 1000, 755, 764]), set([971, 966, 776, 843, 976, 977, 984, 666, 864, 869, 913, 792, 945, 823, 954, 700]), set([900, 557, 782, 877, 914, 723, 781, 918, 887, 728, 868, 826, 732, 925, 836]), set([897, 862, 901, 904, 873, 908, 942, 936, 882, 947, 974, 825, 890, 924, 926]), set([896, 962, 932, 566, 742, 871, 876, 738, 757, 886, 964, 762, 957, 894]), set([960, 992, 944, 804, 965, 998, 744, 907, 912, 852, 598, 983, 991, 703]), set([945, 971, 548, 869, 966, 977, 843, 976, 913, 980, 984, 954, 881, 831]), set([736, 740, 423, 616, 681, 586, 365, 749, 371, 729, 473, 540, 733]), set([896, 962, 964, 967, 871, 813, 886, 708, 762, 932, 957, 894]), set([834, 987, 935, 898, 847, 895, 915, 986, 463, 956, 989, 927]), set([449, 679, 488, 235, 623, 552, 725, 534, 591, 605, 574]), set([705, 867, 677, 872, 892, 879, 821, 758, 888, 828, 671]), set([771, 807, 939, 943, 880, 817, 885, 950, 911, 861, 637]), set([864, 869, 966, 977, 971, 792, 976, 945, 902, 984, 831]), set([900, 940, 877, 781, 914, 918, 887, 728, 868, 815, 925]), set([960, 992, 804, 965, 998, 969, 907, 622, 944, 983, 991]), set([913, 515, 997, 966, 977, 971, 975, 976, 945, 984, 954]), set([960, 992, 965, 998, 983, 495, 944, 978, 852, 695, 991]), set([224, 35, 165, 234, 13, 78, 271, 205, 118, 119]), set([737, 643, 231, 811, 519, 718, 688, 690, 761, 699]), set([709, 425, 778, 747, 628, 469, 777, 810, 61, 735]), set([961, 955, 516, 774, 905, 686, 692, 917, 857, 891]), set([966, 945, 971, 976, 977, 951, 984, 954, 860, 831]), set([928, 936, 908, 942, 947, 926, 858, 924, 893, 862]), set([960, 992, 965, 998, 903, 744, 944, 852, 598, 991]), set([997, 71, 485, 274, 239, 176, 370, 372, 985, 351]), set([577, 390, 518, 41, 562, 632, 508, 285, 575]), set([833, 805, 807, 939, 943, 880, 949, 950, 911]), set([880, 635, 939, 910, 943, 784, 724, 949, 911]), set([931, 933, 678, 937, 938, 846, 710, 788, 889]), set([646, 614, 73, 536, 601, 250, 638, 639]), set([933, 937, 938, 889, 655, 756, 727, 788]), set([416, 320, 595, 147, 582, 440, 144]), set([481, 766, 568, 648, 184, 109, 264]), set([736, 740, 729, 681, 636, 749, 733]), set([640, 368, 443, 150, 358, 251, 909]), set([592, 641, 547, 472, 587, 541, 207]), set([680, 467, 565, 982, 296, 617, 415]), set([561, 851, 629, 855, 819, 572, 687]), set([385, 279, 185, 906, 237, 430, 287]), set([496, 754, 839, 824, 618, 286]), set([768, 608, 665, 410, 523, 717]), set([946, 979, 647, 953, 875, 830])]
seeds_fitness [0.5785123966942148, 0.4342857142857143, 0.36253776435045315, 0.4375, 0.29207232267037553, 0.3603960396039604, 0.2959349593495935, 0.21980676328502416, 0.6070038910505836, 0.21428571428571427, 0.2214765100671141, 0.5238095238095238, 0.2842377260981912, 0.20599250936329588, 0.16248153618906944, 0.19469026548672566, 0.14965986394557823, 0.11664899257688228, 0.1532033426183844, 0.8256880733944955, 0.37344398340248963, 0.34220532319391633, 0.2102803738317757, 0.11278195488721804, 0.1505016722408027, 0.140625, 0.16885553470919323, 0.43636363636363634, 0.13358070500927643, 0.14285714285714285, 0.14845360824742268, 0.32748538011695905, 0.13861386138613863, 0.3387096774193548, 0.2709677419354839, 0.17796610169491525, 0.16216216216216217, 0.23204419889502761, 0.10473815461346633, 0.13291139240506328, 0.22459893048128343, 0.12048192771084337, 0.15306122448979592, 0.06928406466512702]
after sort list of tuple: [(19, 0.8256880733944955), (8, 0.6070038910505836), (0, 0.5785123966942148), (11, 0.5238095238095238), (3, 0.4375), (27, 0.43636363636363634), (1, 0.4342857142857143), (20, 0.37344398340248963), (2, 0.36253776435045315), (5, 0.3603960396039604), (21, 0.34220532319391633), (33, 0.3387096774193548), (31, 0.32748538011695905), (6, 0.2959349593495935), (4, 0.29207232267037553), (12, 0.2842377260981912), (34, 0.2709677419354839), (37, 0.23204419889502761), (40, 0.22459893048128343), (10, 0.2214765100671141), (7, 0.21980676328502416), (9, 0.21428571428571427), (22, 0.2102803738317757), (13, 0.20599250936329588), (15, 0.19469026548672566), (35, 0.17796610169491525), (26, 0.16885553470919323), (14, 0.16248153618906944), (36, 0.16216216216216217), (18, 0.1532033426183844), (42, 0.15306122448979592), (24, 0.1505016722408027), (16, 0.14965986394557823), (30, 0.14845360824742268), (29, 0.14285714285714285), (25, 0.140625), (32, 0.13861386138613863), (28, 0.13358070500927643), (39, 0.13291139240506328), (41, 0.12048192771084337), (17, 0.11664899257688228), (23, 0.11278195488721804), (38, 0.10473815461346633), (43, 0.06928406466512702)]
seeds_sorted [set([224, 35, 165, 234, 13, 78, 271, 205, 118, 119]), set([736, 740, 423, 616, 681, 586, 365, 749, 371, 729, 473, 540, 733]), set([704, 897, 901, 904, 908, 856, 858, 924, 926, 928, 802, 936, 873, 942, 882, 947, 820, 862, 822, 825, 890]), set([449, 679, 488, 235, 623, 552, 725, 534, 591, 605, 574]), set([900, 557, 782, 877, 914, 723, 781, 918, 887, 728, 868, 826, 732, 925, 836]), set([577, 390, 518, 41, 562, 632, 508, 285, 575]), set([963, 929, 973, 783, 785, 916, 981, 791, 922, 859, 988, 990, 993, 994, 923, 996, 934, 1000, 755, 764]), set([737, 643, 231, 811, 519, 718, 688, 690, 761, 699]), set([971, 966, 776, 843, 976, 977, 984, 666, 864, 869, 913, 792, 945, 823, 954, 700]), set([896, 962, 932, 566, 742, 871, 876, 738, 757, 886, 964, 762, 957, 894]), set([709, 425, 778, 747, 628, 469, 777, 810, 61, 735]), set([416, 320, 595, 147, 582, 440, 144]), set([646, 614, 73, 536, 601, 250, 638, 639]), set([960, 992, 944, 804, 965, 998, 744, 907, 912, 852, 598, 983, 991, 703]), set([897, 862, 901, 904, 873, 908, 942, 936, 882, 947, 974, 825, 890, 924, 926]), set([705, 867, 677, 872, 892, 879, 821, 758, 888, 828, 671]), set([481, 766, 568, 648, 184, 109, 264]), set([592, 641, 547, 472, 587, 541, 207]), set([385, 279, 185, 906, 237, 430, 287]), set([834, 987, 935, 898, 847, 895, 915, 986, 463, 956, 989, 927]), set([945, 971, 548, 869, 966, 977, 843, 976, 913, 980, 984, 954, 881, 831]), set([896, 962, 964, 967, 871, 813, 886, 708, 762, 932, 957, 894]), set([961, 955, 516, 774, 905, 686, 692, 917, 857, 891]), set([771, 807, 939, 943, 880, 817, 885, 950, 911, 861, 637]), set([900, 940, 877, 781, 914, 918, 887, 728, 868, 815, 925]), set([736, 740, 729, 681, 636, 749, 733]), set([997, 71, 485, 274, 239, 176, 370, 372, 985, 351]), set([864, 869, 966, 977, 971, 792, 976, 945, 902, 984, 831]), set([640, 368, 443, 150, 358, 251, 909]), set([960, 992, 965, 998, 983, 495, 944, 978, 852, 695, 991]), set([768, 608, 665, 410, 523, 717]), set([928, 936, 908, 942, 947, 926, 858, 924, 893, 862]), set([960, 992, 804, 965, 998, 969, 907, 622, 944, 983, 991]), set([931, 933, 678, 937, 938, 846, 710, 788, 889]), set([880, 635, 939, 910, 943, 784, 724, 949, 911]), set([960, 992, 965, 998, 903, 744, 944, 852, 598, 991]), set([933, 937, 938, 889, 655, 756, 727, 788]), set([833, 805, 807, 939, 943, 880, 949, 950, 911]), set([561, 851, 629, 855, 819, 572, 687]), set([496, 754, 839, 824, 618, 286]), set([913, 515, 997, 966, 977, 971, 975, 976, 945, 984, 954]), set([966, 945, 971, 976, 977, 951, 984, 954, 860, 831]), set([680, 467, 565, 982, 296, 617, 415]), set([946, 979, 647, 953, 875, 830])]
args__________ ([set([224, 35, 165, 234, 13, 78, 271, 205, 118, 119]), set([946, 979, 647, 953, 875, 830])],)
args__________ ([set([736, 740, 423, 616, 681, 586, 365, 749, 371, 729, 473, 540, 733]), set([680, 467, 565, 982, 296, 617, 415])],)
args__________ ([set([704, 897, 901, 904, 908, 856, 858, 924, 926, 928, 802, 936, 873, 942, 882, 947, 820, 862, 822, 825, 890]), set([966, 945, 971, 976, 977, 951, 984, 954, 860, 831])],)
args__________ ([set([449, 679, 488, 235, 623, 552, 725, 534, 591, 605, 574]), set([913, 515, 997, 966, 977, 971, 975, 976, 945, 984, 954])],)
args__________ ([set([900, 557, 782, 877, 914, 723, 781, 918, 887, 728, 868, 826, 732, 925, 836]), set([496, 754, 839, 824, 618, 286])],)
args__________ ([set([577, 390, 518, 41, 562, 632, 508, 285, 575]), set([561, 851, 629, 855, 819, 572, 687])],)
args__________ ([set([963, 929, 973, 783, 785, 916, 981, 791, 922, 859, 988, 990, 993, 994, 923, 996, 934, 1000, 755, 764]), set([833, 805, 807, 939, 943, 880, 949, 950, 911])],)
args__________ ([set([737, 643, 231, 811, 519, 718, 688, 690, 761, 699]), set([933, 937, 938, 889, 655, 756, 727, 788])],)
args__________ ([set([971, 966, 776, 843, 976, 977, 984, 666, 864, 869, 913, 792, 945, 823, 954, 700]), set([960, 992, 965, 998, 903, 744, 944, 852, 598, 991])],)
args__________ ([set([896, 962, 932, 566, 742, 871, 876, 738, 757, 886, 964, 762, 957, 894]), set([880, 635, 939, 910, 943, 784, 724, 949, 911])],)
args__________ ([set([709, 425, 778, 747, 628, 469, 777, 810, 61, 735]), set([931, 933, 678, 937, 938, 846, 710, 788, 889])],)
args__________ ([set([416, 320, 595, 147, 582, 440, 144]), set([960, 992, 804, 965, 998, 969, 907, 622, 944, 983, 991])],)
args__________ ([set([646, 614, 73, 536, 601, 250, 638, 639])],)
args__________ ([set([960, 992, 944, 804, 965, 998, 744, 907, 912, 852, 598, 983, 991, 703])],)
args__________ ([set([897, 862, 901, 904, 873, 908, 942, 936, 882, 947, 974, 825, 890, 924, 926])],)
args__________ ([set([705, 867, 677, 872, 892, 879, 821, 758, 888, 828, 671])],)
args__________ ([set([481, 766, 568, 648, 184, 109, 264])],)
args__________ ([set([592, 641, 547, 472, 587, 541, 207])],)
args__________ ([set([385, 279, 185, 906, 237, 430, 287])],)
args__________ ([set([834, 987, 935, 898, 847, 895, 915, 986, 463, 956, 989, 927])],)
args__________ ([set([945, 971, 548, 869, 966, 977, 843, 976, 913, 980, 984, 954, 881, 831])],)
args__________ ([set([896, 962, 964, 967, 871, 813, 886, 708, 762, 932, 957, 894])],)
args__________ ([set([961, 955, 516, 774, 905, 686, 692, 917, 857, 891])],)
args__________ ([set([771, 807, 939, 943, 880, 817, 885, 950, 911, 861, 637])],)
args__________ ([set([900, 940, 877, 781, 914, 918, 887, 728, 868, 815, 925])],)
args__________ ([set([736, 740, 729, 681, 636, 749, 733])],)
args__________ ([set([997, 71, 485, 274, 239, 176, 370, 372, 985, 351])],)
args__________ ([set([864, 869, 966, 977, 971, 792, 976, 945, 902, 984, 831])],)
args__________ ([set([640, 368, 443, 150, 358, 251, 909])],)
args__________ ([set([960, 992, 965, 998, 983, 495, 944, 978, 852, 695, 991])],)
args__________ ([set([768, 608, 665, 410, 523, 717])],)
args__________ ([set([928, 936, 908, 942, 947, 926, 858, 924, 893, 862])],)
finish process___________________
left nodes numner:_______ 299
sorted nodes by betweenness [1, 2, 9, 11, 14, 15, 16, 17, 19, 21, 23, 24, 28, 29, 30, 32, 37, 40, 43, 44, 53, 56, 58, 62, 63, 68, 70, 74, 75, 77, 79, 81, 82, 83, 84, 85, 87, 88, 91, 94, 98, 102, 107, 112, 122, 125, 126, 128, 129, 130, 137, 138, 140, 141, 142, 143, 146, 149, 153, 164, 167, 168, 171, 172, 178, 180, 183, 187, 191, 193, 194, 195, 199, 201, 210, 219, 229, 232, 240, 244, 246, 249, 253, 254, 257, 258, 260, 261, 262, 267, 268, 272, 275, 276, 277, 283, 291, 292, 293, 294, 295, 302, 303, 310, 313, 314, 317, 324, 325, 326, 327, 330, 332, 334, 335, 340, 345, 346, 347, 348, 350, 355, 357, 360, 363, 364, 367, 373, 375, 376, 377, 378, 379, 380, 381, 382, 383, 384, 386, 387, 389, 393, 395, 396, 398, 400, 402, 404, 406, 411, 414, 418, 426, 428, 432, 435, 437, 439, 441, 444, 448, 450, 451, 455, 456, 457, 460, 464, 466, 468, 470, 471, 475, 476, 478, 479, 483, 486, 489, 490, 492, 497, 503, 505, 509, 511, 514, 517, 521, 522, 530, 537, 539, 542, 543, 544, 545, 546, 550, 553, 555, 560, 564, 567, 569, 571, 579, 584, 593, 602, 603, 604, 609, 611, 620, 624, 630, 642, 645, 650, 651, 652, 653, 654, 661, 662, 663, 670, 675, 676, 684, 689, 696, 701, 707, 712, 715, 716, 719, 720, 722, 726, 731, 739, 741, 746, 748, 751, 759, 760, 770, 772, 773, 775, 779, 780, 789, 790, 793, 796, 798, 799, 800, 803, 809, 812, 816, 818, 827, 829, 835, 837, 840, 842, 844, 845, 848, 849, 850, 853, 863, 865, 870, 874, 883, 899, 919, 920, 930, 941, 948, 952, 958, 959, 968, 970, 972, 995, 999]
args__________ ([[1, 195, 483, 260, 457, 364, 478, 398, 455]],)
args__________ ([[2, 283, 210, 137, 187, 19]],)
args__________ ([[9, 662, 579, 44, 249, 380]],)
args__________ ([[11, 645, 719, 544, 670, 584, 497]],)
args__________ ([[14, 630, 620, 662, 579, 952, 380]],)
args__________ ([[15, 293, 486, 521, 335, 432, 377, 347, 253, 254]],)
args__________ ([[16, 609, 719, 584, 497, 645, 959]],)
args__________ ([[17, 999, 976, 984, 977]],)
args__________ ([[19, 168, 137, 283, 210, 94, 187]],)
args__________ ([[21, 193, 164, 275, 219, 37, 910, 183]],)
args__________ ([[23, 835, 870, 844, 848, 696, 796, 509]],)
args__________ ([[24, 770, 746, 779, 571, 798, 489, 995]],)
args__________ ([[28, 630, 620, 980, 662, 249]],)
args__________ ([[29, 481, 648, 766]],)
args__________ ([[2, 283, 30, 137, 187, 19]],)
args__________ ([[32, 715, 773, 775, 789, 314, 642, 546]],)
args__________ ([[21, 193, 164, 275, 219, 37, 910, 183]],)
args__________ ([[40, 260, 455, 457, 364, 478, 398, 483, 195]],)
args__________ ([[43, 773, 775, 969, 624, 715, 684, 653, 789]],)
args__________ ([[44, 579, 630, 662, 952, 249, 380]],)
args__________ ([[53, 962, 964, 742]],)
args__________ ([[56, 355, 229, 294, 327, 345, 313, 194, 142]],)
args__________ ([[58, 960, 786, 983]],)
args__________ ([[62, 645, 719, 670, 609, 470, 122]],)
args__________ ([[63, 584, 719, 511, 544, 609, 475, 670]],)
args__________ ([[68, 770, 602, 798]],)
args__________ ([[70, 642, 773, 775, 684, 715, 653, 789, 624]],)
args__________ ([[74, 355, 229, 294, 327, 345, 313, 277, 178]],)
args__________ ([[75, 753, 979, 884]],)
args__________ ([[77, 941, 720, 853, 840, 920, 760]],)
args__________ ([[79, 324, 129, 360, 98, 84]],)
args__________ ([[198, 679, 725, 81]],)
finish single seed process___________________
left nodes numner:_______ 90
sorted nodes by betweenness [88, 128, 130, 138, 149, 191, 240, 244, 258, 261, 276, 292, 303, 350, 375, 376, 381, 383, 384, 389, 393, 406, 411, 414, 426, 435, 437, 439, 444, 448, 460, 468, 471, 476, 490, 492, 503, 505, 514, 517, 530, 539, 542, 543, 545, 553, 555, 560, 593, 603, 604, 611, 651, 661, 663, 675, 676, 689, 701, 707, 731, 739, 741, 751, 759, 772, 790, 793, 800, 803, 809, 812, 816, 827, 829, 837, 842, 845, 849, 863, 874, 883, 899, 919, 930, 948, 958, 968, 970, 972]
args__________ ([[88, 992, 998, 991]],)
args__________ ([[128, 800, 793, 827, 689, 460, 468, 676]],)
args__________ ([[130, 800, 793, 827, 689, 543, 384, 676]],)
args__________ ([[138, 809, 803, 812, 816, 759, 661, 411, 651]],)
args__________ ([[149, 800, 793, 827, 689, 560, 292]],)
args__________ ([[191, 803, 812, 816, 809, 759, 661, 651]],)
args__________ ([[240, 800, 827, 793, 689, 560, 593]],)
args__________ ([[244, 768, 356, 717, 510]],)
args__________ ([[258, 816, 803, 809, 812, 555, 661, 651]],)
args__________ ([[261, 800, 793, 827, 689, 676, 384, 593, 543]],)
args__________ ([[276, 896, 964, 962, 932]],)
args__________ ([[149, 800, 793, 827, 689, 560, 292]],)
args__________ ([[128, 800, 793, 827, 739, 676, 468, 303]],)
args__________ ([[350, 672, 872, 588, 821]],)
args__________ ([[130, 800, 793, 827, 689, 375, 676]],)
args__________ ([[376, 991, 992, 907, 998, 983]],)
args__________ ([[381, 960, 992, 983, 998, 991]],)
args__________ ([[383, 968, 768, 656, 665, 717]],)
args__________ ([[261, 800, 793, 827, 689, 676, 384, 593, 543]],)
args__________ ([[389, 997, 986, 987, 895]],)
args__________ ([[393, 803, 812, 816, 759, 809, 437, 555]],)
args__________ ([[406, 812, 803, 816, 661, 759, 505, 809, 555, 651]],)
args__________ ([[406, 812, 803, 816, 661, 759, 505, 809, 411, 651]],)
args__________ ([[164, 193, 219, 275, 414]],)
args__________ ([[426, 896, 962, 964, 957, 894]],)
args__________ ([[435, 744, 944, 965, 998, 991]],)
args__________ ([[411, 803, 809, 651, 812, 816, 505, 661, 437, 759]],)
args__________ ([[128, 800, 793, 827, 739, 439, 303]],)
args__________ ([[444, 800, 689, 827, 593, 543, 560, 471]],)
args__________ ([[118, 224, 234, 271, 448]],)
args__________ ([[128, 800, 793, 827, 689, 460, 468, 676]],)
args__________ ([[128, 800, 793, 827, 689, 460, 468, 676]],)
finish single seed process___________________
left nodes numner:_______ 37
sorted nodes by betweenness [476, 490, 492, 503, 514, 517, 530, 539, 542, 545, 553, 603, 604, 611, 663, 675, 701, 707, 731, 741, 772, 790, 829, 837, 842, 845, 849, 863, 874, 883, 899, 919, 930, 948, 958, 970, 972]
args__________ ([[476, 901, 936, 947, 926, 942]],)
args__________ ([[490, 993, 1000, 994, 973, 990]],)
args__________ ([[492, 939, 943, 949, 950, 911]],)
args__________ ([[503, 939, 880, 949, 950, 943]],)
args__________ ([[574, 591, 725, 667, 605, 514]],)
args__________ ([[420, 556, 453, 502, 517]],)
args__________ ([[337, 352, 530, 531, 590, 975]],)
args__________ ([[289, 290, 443, 368, 539, 358]],)
args__________ ([[542, 960, 992, 912, 998, 983]],)
args__________ ([[996, 993, 545, 1000, 994, 970, 988, 973]],)
args__________ ([[913, 977, 971, 976, 984, 553]],)
args__________ ([[466, 770, 722, 798, 603, 746, 652]],)
args__________ ([[364, 483, 455, 478, 457, 398, 604]],)
args__________ ([[611, 864, 984, 945, 977, 971, 966]],)
args__________ ([[117, 289, 290, 368, 248, 443, 663]],)
args__________ ([[534, 679, 623, 725, 667, 605, 675]],)
args__________ ([[417, 962, 932, 964, 871, 886, 957, 701]],)
args__________ ([[707, 962, 738, 708, 964, 932, 957, 886]],)
args__________ ([[731, 999, 984, 966, 976, 977, 954, 971]],)
args__________ ([[996, 993, 981, 990, 988, 994, 973, 741, 970]],)
args__________ ([[996, 993, 981, 990, 988, 994, 973, 772]],)
args__________ ([[750, 950, 939, 949, 841, 752, 817, 790]],)
args__________ ([[555, 803, 812, 816, 759, 809, 751, 829]],)
args__________ ([[495, 960, 992, 944, 998, 983, 991, 837, 978]],)
args__________ ([[702, 801, 933, 937, 938, 974, 889, 842]],)
args__________ ([[40, 260, 455, 457, 364, 478, 398, 483, 845]],)
args__________ ([[849, 942, 936, 928, 904, 908, 947, 924, 926]],)
args__________ ([[437, 809, 816, 803, 863, 651, 661, 759]],)
args__________ ([[125, 386, 418, 995, 330, 395, 379, 340, 382, 874]],)
args__________ ([[200, 711, 935, 898, 986, 987, 989, 883]],)
args__________ ([[686, 961, 905, 891, 955, 899, 857, 698]],)
args__________ ([[392, 992, 944, 965, 998, 907, 912, 983, 991, 786, 919]],)
finish single seed process___________________
left nodes numner:_______ 4
sorted nodes by betweenness [930, 948, 958, 972]
args__________ ([[713, 971, 913, 966, 976, 984, 977, 930, 792, 881, 823]],)
args__________ ([[20, 263, 339, 972, 366, 978, 307, 948, 341, 342]],)
args__________ ([[703, 960, 992, 804, 965, 998, 983, 991, 912, 907, 944, 958, 852]],)
args__________ ([[20, 263, 339, 972, 366, 978, 307, 948, 341, 342]],)
finish single seed process___________________
i =  0 [224, 35, 165, 234, 13, 78, 271, 205, 118, 119]
i =  1 [769, 647, 659, 878, 921, 797, 549, 304, 946, 563, 182, 953, 316, 830, 979, 217, 480, 875, 621, 494, 753, 884, 631, 633]
i =  2 [736, 733, 99, 228, 423, 616, 681, 586, 12, 365, 749, 336, 371, 740, 729, 473, 540, 452]
i =  3 [179, 680, 617, 501, 284, 60, 296, 467, 436, 565, 982, 247, 121, 136, 220, 221, 415]
i =  4 [897, 901, 904, 265, 908, 657, 924, 926, 928, 802, 551, 936, 427, 685, 942, 947, 820, 822, 825, 704, 714, 856, 858, 349, 862, 873, 108, 882, 890]
i =  5 [256, 515, 388, 776, 823, 792, 666, 548, 39, 42, 945, 951, 954, 700, 831, 971, 966, 583, 713, 843, 976, 977, 984, 860, 864, 869, 913, 881, 554, 127]
i =  6 [449, 667, 198, 679, 488, 329, 235, 623, 552, 725, 534, 280, 241, 104, 591, 605, 574]
i =  7 [256, 515, 388, 776, 266, 913, 274, 531, 278, 151, 792, 666, 111, 156, 282, 69, 548, 39, 42, 71, 556, 176, 945, 309, 823, 116, 954, 95, 700, 831, 352, 843, 453, 966, 583, 713, 971, 76, 206, 975, 976, 337, 590, 343, 984, 420, 152, 351, 864, 353, 101, 977, 359, 208, 239, 881, 370, 115, 372, 502, 869, 485, 997, 554, 127]
i =  8 [900, 391, 524, 781, 782, 914, 918, 795, 925, 38, 298, 557, 815, 57, 826, 836, 458, 723, 596, 728, 732, 442, 610, 868, 877, 238, 887, 634, 124]
i =  9 [269, 399, 528, 787, 157, 286, 674, 806, 429, 306, 824, 576, 839, 589, 338, 477, 226, 618, 496, 113, 754, 403]
i =  10 [577, 181, 4, 390, 518, 41, 394, 397, 526, 562, 211, 405, 281, 632, 89, 508, 285, 575]
i =  11 [8, 532, 413, 808, 814, 687, 561, 819, 572, 447, 585, 204, 851, 855, 607, 866, 612, 743, 362, 491, 493, 627, 629]
i =  12 [619, 5, 783, 785, 916, 791, 922, 923, 929, 934, 175, 177, 691, 697, 319, 192, 963, 673, 973, 981, 527, 474, 859, 988, 990, 993, 994, 996, 613, 401, 1000, 615, 755, 506, 764]
i =  13 [771, 649, 911, 784, 407, 794, 752, 805, 807, 939, 943, 817, 51, 949, 950, 833, 841, 724, 730, 861, 487, 750, 880, 500, 245, 635, 637]
i =  14 [737, 643, 454, 161, 519, 811, 301, 321, 461, 688, 625, 690, 212, 718, 600, 761, 699, 231]
i =  15 [131, 10, 655, 529, 788, 33, 36, 933, 678, 937, 170, 300, 559, 702, 580, 197, 710, 801, 938, 846, 727, 606, 482, 103, 498, 756, 169, 889, 682]
i =  16 [256, 515, 388, 776, 913, 792, 666, 548, 39, 42, 945, 823, 954, 700, 831, 971, 966, 583, 713, 843, 976, 977, 984, 864, 869, 881, 554, 127]
i =  17 [86, 903, 392, 907, 912, 786, 804, 297, 558, 944, 499, 695, 445, 703, 960, 965, 209, 852, 598, 983, 991, 992, 354, 998, 721, 744, 622, 495, 243, 374]
i =  18 [896, 273, 408, 708, 155, 412, 417, 932, 813, 566, 957, 65, 962, 964, 438, 80, 465, 594, 597, 738, 742, 871, 876, 757, 886, 762, 894]
i =  19 [771, 649, 910, 911, 784, 407, 794, 752, 807, 939, 943, 817, 51, 949, 950, 841, 724, 730, 861, 487, 750, 880, 500, 245, 635, 637]
i =  20 [259, 520, 777, 778, 419, 425, 810, 47, 61, 709, 203, 469, 344, 735, 507, 484, 747, 573, 369, 626, 628, 123, 765]
i =  21 [131, 10, 655, 529, 788, 33, 931, 36, 933, 678, 937, 682, 300, 559, 702, 580, 197, 710, 801, 846, 170, 606, 482, 103, 498, 756, 169, 889, 938]
i =  22 [416, 320, 322, 6, 582, 331, 144, 595, 147, 148, 54, 55, 440, 158, 255]
i =  23 [86, 392, 907, 912, 786, 804, 297, 558, 944, 499, 695, 445, 703, 960, 965, 969, 721, 852, 598, 983, 991, 992, 354, 998, 209, 744, 622, 495, 243, 374]
i =  24 [160, 581, 614, 424, 73, 646, 189, 48, 536, 26, 190, 154, 218, 601, 570, 315, 92, 250, 638, 639]
i =  25 [86, 392, 907, 912, 786, 804, 297, 558, 944, 243, 695, 445, 703, 960, 965, 721, 852, 598, 983, 991, 992, 354, 998, 209, 744, 622, 495, 499, 374]
i =  26 [897, 901, 134, 7, 904, 265, 908, 270, 173, 657, 46, 924, 90, 926, 31, 928, 802, 551, 936, 427, 685, 942, 93, 947, 820, 822, 825, 704, 66, 714, 974, 214, 856, 858, 349, 862, 873, 108, 114, 890, 882]
i =  27 [512, 658, 533, 159, 672, 34, 677, 828, 892, 431, 821, 671, 188, 705, 323, 588, 333, 120, 225, 867, 872, 361, 879, 758, 745, 888, 252]
i =  28 [97, 196, 766, 49, 264, 648, 135, 109, 145, 481, 513, 308, 311, 568, 409, 184, 215, 312]
i =  29 [288, 641, 162, 547, 100, 230, 202, 587, 207, 592, 433, 163, 213, 472, 186, 541]
i =  30 [96, 385, 67, 132, 133, 166, 64, 906, 236, 237, 430, 279, 185, 287]
i =  31 [898, 3, 525, 915, 535, 538, 668, 927, 421, 422, 935, 299, 174, 72, 693, 683, 956, 832, 834, 838, 711, 200, 305, 462, 463, 854, 986, 987, 989, 223, 847, 504, 767, 895]
i =  32 [256, 515, 388, 776, 913, 792, 666, 548, 39, 42, 945, 823, 954, 700, 831, 843, 966, 583, 713, 971, 976, 977, 980, 984, 864, 869, 881, 554, 127]
i =  33 [896, 273, 408, 708, 155, 412, 417, 163, 932, 813, 438, 957, 65, 962, 964, 566, 967, 202, 80, 465, 594, 597, 738, 100, 742, 871, 876, 757, 886, 762, 894]
i =  34 [644, 774, 763, 905, 706, 660, 917, 516, 669, 686, 434, 692, 694, 698, 955, 446, 961, 578, 328, 459, 599, 857, 734, 227, 233, 242, 318, 891]
i =  35 [771, 649, 911, 784, 407, 794, 752, 807, 939, 943, 817, 51, 949, 950, 885, 841, 724, 730, 861, 487, 105, 750, 880, 500, 245, 635, 637]
i =  36 [900, 391, 524, 781, 782, 914, 918, 795, 925, 38, 298, 940, 557, 815, 57, 826, 836, 458, 723, 596, 728, 732, 442, 610, 868, 877, 238, 887, 634, 124]
i =  37 [736, 733, 99, 228, 423, 616, 681, 586, 12, 749, 365, 336, 371, 740, 473, 729, 636, 452, 540]
i =  38 [485, 71, 266, 370, 206, 239, 176, 50, 274, 372, 985, 997, 52, 351]
i =  39 [256, 515, 388, 902, 776, 913, 792, 666, 548, 39, 42, 945, 823, 954, 700, 831, 971, 966, 583, 713, 843, 976, 977, 984, 864, 869, 881, 554, 127]
i =  40 [640, 289, 290, 443, 358, 909, 368, 117, 150, 248, 25, 251]
i =  41 [342, 263, 392, 907, 912, 786, 20, 110, 86, 804, 297, 558, 944, 307, 243, 695, 445, 703, 960, 139, 965, 209, 978, 339, 852, 341, 598, 983, 991, 992, 354, 998, 721, 744, 106, 18, 622, 495, 499, 366, 374]
i =  42 [768, 608, 59, 356, 523, 717, 45, 656, 216, 510, 22, 664, 665, 410, 27, 222]
i =  43 [897, 901, 904, 265, 908, 657, 924, 926, 928, 802, 551, 936, 427, 685, 942, 947, 820, 822, 825, 704, 714, 856, 858, 349, 862, 873, 108, 882, 890, 893]
i =  44 [1, 195, 260, 455, 40, 457, 107, 364, 398, 483, 478]
i =  45 [2, 283, 168, 137, 210, 19, 94, 105, 187, 30]
i =  46 [579, 630, 167, 9, 620, 14, 44, 272, 82, 662, 249, 346, 28, 380]
i =  47 [544, 609, 645, 584, 63, 11, 140, 126, 719, 16, 497, 400, 670, 470, 122, 475, 62, 511]
i =  48 [579, 662, 167, 620, 44, 14, 272, 82, 630, 9, 952, 249, 346, 28, 380]
i =  49 [347, 293, 486, 521, 141, 335, 432, 87, 377, 15, 253, 254, 357]
i =  50 [645, 11, 140, 16, 282, 670, 544, 420, 556, 62, 959, 453, 353, 584, 76, 719, 470, 343, 475, 95, 609, 101, 359, 497, 400, 116, 502, 122, 63, 126, 511]
i =  51 [256, 515, 388, 776, 913, 792, 666, 548, 39, 42, 945, 823, 954, 700, 831, 192, 971, 966, 583, 713, 843, 976, 977, 984, 864, 869, 17, 999, 881, 554, 127]
i =  52 [2, 187, 168, 137, 210, 19, 30, 105, 283, 94]
i =  53 [193, 164, 37, 396, 910, 112, 275, 21, 183, 219]
i =  54 [522, 402, 404, 23, 537, 796, 799, 180, 567, 696, 564, 650, 835, 456, 201, 844, 334, 464, 848, 870, 317, 378, 509]
i =  55 [257, 770, 779, 652, 386, 654, 143, 24, 798, 418, 291, 569, 571, 451, 330, 722, 340, 602, 91, 395, 995, 232, 489, 746, 363, 466, 367, 246, 379, 125, 382]
i =  56 [579, 662, 167, 9, 620, 14, 44, 272, 82, 980, 630, 249, 346, 28, 380]
i =  57 [481, 196, 49, 311, 513, 264, 648, 135, 109, 145, 308, 97, 215, 568, 409, 184, 29, 766, 312]
i =  58 [2, 187, 168, 137, 210, 19, 94, 105, 283, 30]
i =  59 [32, 546, 715, 773, 70, 775, 684, 171, 428, 642, 653, 624, 43, 146, 789, 441, 314, 199, 479]
i =  60 [193, 164, 37, 396, 910, 112, 275, 21, 183, 219]
i =  61 [1, 483, 260, 455, 40, 457, 107, 364, 398, 195, 478]
i =  62 [32, 642, 715, 773, 70, 775, 969, 171, 684, 653, 624, 43, 146, 546, 789, 441, 314, 428, 199, 479]
i =  63 [579, 662, 167, 9, 620, 14, 44, 272, 82, 630, 952, 249, 346, 28, 380]
i =  64 [896, 387, 273, 408, 708, 155, 412, 29, 417, 932, 813, 53, 566, 957, 65, 962, 964, 438, 80, 465, 594, 597, 738, 742, 871, 876, 757, 886, 762, 894]
i =  65 [194, 355, 229, 294, 327, 74, 142, 178, 277, 313, 56, 345, 85]
i =  66 [86, 392, 907, 912, 786, 804, 297, 558, 944, 243, 695, 58, 445, 703, 960, 965, 721, 852, 598, 983, 991, 992, 354, 998, 209, 744, 622, 495, 499, 374]
i =  67 [544, 609, 645, 584, 11, 140, 126, 719, 16, 497, 400, 670, 470, 511, 122, 475, 62, 63]
i =  68 [544, 609, 645, 584, 63, 11, 140, 126, 719, 16, 497, 400, 670, 470, 122, 475, 62, 511]
i =  69 [571, 770, 451, 68, 779, 489, 746, 363, 652, 722, 654, 367, 466, 291, 246, 24, 569, 602, 91, 798]
i =  70 [32, 642, 715, 773, 70, 775, 428, 171, 684, 653, 624, 43, 146, 546, 789, 441, 314, 199, 479]
i =  71 [194, 355, 229, 294, 327, 74, 142, 178, 277, 313, 56, 345, 85]
i =  72 [769, 659, 494, 921, 797, 549, 304, 946, 563, 52, 182, 953, 316, 830, 75, 979, 217, 480, 875, 621, 878, 753, 884, 631, 633]
i =  73 [780, 920, 153, 550, 172, 941, 302, 712, 818, 310, 450, 325, 326, 840, 268, 716, 77, 720, 850, 853, 726, 348, 865, 102, 748, 760]
i =  74 [129, 98, 324, 262, 295, 360, 267, 332, 79, 83, 84, 373]
i =  75 [449, 198, 679, 552, 329, 235, 623, 488, 725, 534, 104, 280, 241, 591, 667, 605, 574, 81]
i =  76 [86, 392, 907, 912, 786, 804, 297, 558, 944, 243, 695, 445, 703, 960, 965, 721, 852, 598, 983, 88, 991, 992, 354, 998, 209, 744, 622, 495, 499, 374]
i =  77 [128, 384, 130, 261, 149, 793, 543, 800, 676, 303, 560, 689, 439, 827, 444, 460, 593, 468, 471, 292, 739, 240, 375]
i =  78 [384, 128, 130, 261, 149, 793, 543, 800, 676, 303, 560, 689, 439, 827, 444, 460, 593, 468, 471, 292, 739, 240, 375]
i =  79 [555, 258, 803, 393, 138, 651, 812, 751, 816, 661, 437, 406, 809, 505, 411, 759, 191]
i =  80 [128, 384, 130, 261, 149, 793, 543, 800, 292, 303, 560, 689, 439, 827, 444, 460, 593, 468, 471, 676, 739, 240, 375]
i =  81 [555, 258, 803, 393, 138, 651, 812, 751, 816, 661, 437, 406, 809, 505, 411, 759, 191]
i =  82 [128, 384, 130, 261, 149, 793, 543, 800, 292, 303, 560, 689, 439, 827, 444, 460, 593, 468, 471, 676, 739, 240, 375]
i =  83 [768, 608, 59, 356, 717, 45, 656, 216, 244, 222, 22, 664, 665, 410, 27, 510]
i =  84 [258, 803, 651, 393, 138, 555, 812, 437, 751, 816, 661, 406, 809, 505, 411, 759, 191]
i =  85 [384, 128, 130, 261, 149, 793, 543, 800, 676, 303, 560, 689, 439, 827, 444, 460, 593, 468, 471, 292, 739, 240, 375]
i =  86 [896, 273, 276, 408, 708, 155, 412, 417, 932, 813, 566, 957, 65, 962, 964, 438, 80, 465, 594, 597, 738, 742, 871, 876, 757, 886, 762, 894]
i =  87 [128, 384, 130, 261, 149, 793, 543, 800, 292, 303, 560, 689, 439, 827, 444, 460, 593, 468, 471, 676, 739, 240, 375]
i =  88 [128, 384, 130, 261, 149, 793, 543, 800, 676, 303, 560, 689, 439, 827, 444, 460, 593, 468, 471, 292, 739, 240, 375]
i =  89 [512, 658, 533, 671, 672, 34, 677, 431, 821, 159, 188, 705, 323, 588, 333, 120, 350, 225, 867, 872, 828, 252, 745, 879, 758, 361, 888, 892]
i =  90 [128, 384, 130, 261, 149, 793, 543, 800, 676, 303, 560, 689, 439, 827, 444, 460, 593, 468, 471, 292, 739, 240, 375]
i =  91 [86, 392, 907, 912, 786, 29, 804, 297, 558, 944, 243, 695, 445, 703, 960, 965, 721, 852, 598, 983, 991, 992, 354, 998, 209, 744, 622, 495, 499, 374, 376]
i =  92 [86, 392, 907, 912, 786, 804, 297, 558, 944, 243, 695, 445, 703, 960, 965, 721, 852, 598, 983, 991, 992, 354, 998, 209, 744, 622, 495, 499, 374, 381]
i =  93 [768, 608, 27, 356, 968, 717, 45, 656, 216, 244, 510, 22, 664, 665, 410, 59, 222, 383]
i =  94 [384, 128, 130, 261, 149, 793, 543, 800, 676, 303, 560, 689, 439, 827, 444, 460, 593, 468, 471, 292, 739, 240, 375]
i =  95 [898, 3, 389, 525, 274, 915, 535, 538, 668, 927, 421, 422, 935, 299, 174, 176, 200, 693, 683, 351, 956, 832, 834, 838, 71, 72, 75, 305, 462, 463, 206, 854, 986, 987, 989, 223, 847, 997, 485, 711, 239, 370, 372, 504, 767, 895]
i =  96 [258, 803, 651, 393, 138, 555, 812, 437, 751, 816, 661, 406, 809, 505, 411, 759, 191]
i =  97 [258, 803, 651, 393, 138, 555, 812, 191, 751, 816, 437, 406, 809, 505, 411, 759, 661]
i =  98 [555, 258, 803, 393, 138, 651, 812, 751, 816, 661, 437, 406, 809, 505, 411, 759, 191]
i =  99 [193, 164, 37, 275, 21, 183, 219, 414]
i =  100 [896, 273, 408, 708, 155, 412, 417, 932, 426, 813, 566, 957, 65, 962, 964, 438, 80, 465, 594, 597, 738, 742, 871, 876, 757, 886, 762, 894]
i =  101 [86, 243, 392, 907, 912, 786, 804, 297, 558, 944, 435, 695, 445, 703, 960, 965, 209, 852, 598, 983, 991, 992, 354, 998, 721, 744, 622, 495, 499, 374]
i =  102 [555, 258, 803, 393, 138, 651, 812, 191, 751, 816, 437, 406, 809, 505, 411, 759, 661]
i =  103 [128, 384, 130, 261, 149, 793, 543, 800, 292, 303, 560, 689, 439, 827, 444, 460, 593, 468, 471, 676, 739, 240, 375]
i =  104 [128, 384, 130, 261, 149, 793, 543, 800, 292, 303, 560, 689, 439, 827, 444, 460, 593, 468, 471, 676, 739, 240, 375]
i =  105 [224, 448, 35, 165, 234, 13, 78, 271, 205, 118, 119]
i =  106 [128, 384, 130, 261, 149, 793, 543, 800, 676, 303, 560, 689, 439, 827, 444, 460, 593, 468, 471, 292, 739, 240, 375]
i =  107 [128, 384, 130, 261, 149, 793, 543, 800, 676, 303, 560, 689, 439, 827, 444, 460, 593, 468, 471, 292, 739, 240, 375]
i =  108 [897, 901, 904, 265, 908, 657, 924, 926, 928, 802, 551, 936, 427, 685, 942, 947, 820, 822, 825, 704, 714, 856, 858, 476, 349, 862, 873, 108, 882, 890]
i =  109 [619, 5, 783, 785, 916, 791, 922, 923, 929, 859, 934, 175, 177, 691, 697, 319, 192, 963, 673, 973, 981, 474, 527, 988, 990, 993, 994, 996, 613, 401, 1000, 490, 615, 755, 506, 764]
i =  110 [771, 649, 911, 784, 407, 794, 752, 807, 939, 943, 817, 51, 949, 950, 841, 724, 730, 861, 487, 492, 750, 880, 500, 245, 635, 637]
i =  111 [771, 649, 911, 784, 407, 794, 752, 807, 939, 943, 817, 51, 949, 950, 841, 724, 730, 861, 487, 750, 880, 500, 245, 503, 635, 637]
i =  112 [449, 514, 198, 679, 488, 329, 235, 623, 552, 725, 534, 280, 241, 104, 591, 667, 605, 574]
i =  113 [353, 420, 453, 359, 556, 76, 116, 502, 343, 282, 95, 517, 101]
i =  114 [530, 531, 278, 151, 152, 282, 156, 453, 420, 556, 309, 69, 76, 590, 975, 208, 337, 343, 95, 352, 353, 101, 359, 110, 111, 115, 116, 502]
i =  115 [289, 290, 539, 358, 368, 117, 150, 248, 25, 251, 443]
i =  116 [86, 392, 907, 912, 786, 542, 804, 297, 558, 944, 243, 695, 445, 703, 960, 965, 721, 852, 598, 983, 991, 992, 354, 998, 209, 744, 622, 495, 499, 374]
i =  117 [619, 5, 783, 785, 916, 791, 922, 923, 929, 934, 175, 177, 691, 697, 319, 192, 963, 545, 970, 973, 981, 527, 474, 859, 988, 990, 993, 994, 996, 613, 401, 1000, 615, 755, 673, 506, 764]
i =  118 [256, 515, 388, 776, 913, 792, 666, 548, 39, 553, 42, 945, 823, 954, 700, 831, 971, 966, 583, 713, 843, 976, 977, 984, 864, 869, 17, 881, 554, 127]
i =  119 [770, 291, 91, 779, 489, 746, 363, 652, 466, 654, 367, 24, 722, 451, 246, 603, 569, 602, 571, 798]
i =  120 [1, 483, 260, 455, 40, 457, 107, 364, 398, 195, 604, 478]
i =  121 [256, 515, 388, 776, 913, 792, 666, 548, 39, 42, 945, 823, 954, 700, 831, 971, 966, 583, 713, 843, 976, 977, 984, 864, 611, 869, 881, 554, 127]
i =  122 [289, 290, 251, 358, 368, 117, 150, 663, 248, 25, 443]
i =  123 [449, 675, 198, 679, 488, 329, 235, 623, 552, 725, 534, 280, 241, 104, 591, 667, 605, 574]
i =  124 [896, 273, 408, 708, 155, 412, 417, 932, 813, 566, 701, 65, 962, 964, 438, 80, 465, 594, 597, 738, 742, 871, 876, 957, 757, 886, 762, 894]
i =  125 [896, 273, 408, 964, 155, 412, 417, 932, 813, 438, 957, 65, 962, 707, 708, 566, 80, 465, 594, 597, 738, 742, 871, 876, 757, 886, 762, 894]
i =  126 [256, 515, 388, 776, 913, 792, 666, 548, 39, 42, 945, 823, 954, 700, 831, 192, 971, 966, 583, 713, 843, 976, 977, 984, 731, 864, 869, 17, 999, 881, 554, 127]
i =  127 [5, 783, 401, 785, 916, 791, 922, 923, 929, 934, 175, 177, 691, 697, 319, 192, 963, 673, 970, 973, 981, 527, 474, 859, 988, 990, 613, 993, 994, 996, 741, 615, 1000, 619, 755, 545, 506, 764]
i =  128 [619, 772, 5, 783, 785, 916, 791, 922, 923, 929, 859, 934, 175, 177, 691, 697, 319, 192, 963, 673, 973, 981, 474, 527, 988, 990, 993, 994, 996, 613, 401, 1000, 615, 755, 506, 764]
i =  129 [771, 649, 911, 784, 790, 407, 794, 880, 807, 939, 943, 817, 51, 949, 950, 841, 724, 730, 861, 487, 750, 752, 500, 245, 635, 637]
i =  130 [258, 803, 651, 393, 138, 555, 812, 437, 751, 816, 759, 661, 406, 809, 505, 411, 829, 191]
i =  131 [342, 263, 392, 907, 912, 786, 20, 366, 86, 965, 804, 297, 558, 944, 307, 243, 695, 445, 703, 960, 139, 837, 721, 978, 339, 852, 341, 598, 983, 991, 992, 354, 998, 209, 744, 106, 18, 622, 495, 499, 374]
i =  132 [131, 134, 7, 10, 270, 655, 529, 788, 31, 801, 36, 933, 678, 937, 682, 300, 173, 559, 702, 66, 580, 197, 710, 33, 842, 938, 974, 846, 214, 90, 93, 606, 482, 114, 103, 498, 756, 169, 889, 170]
i =  133 [1, 483, 260, 455, 40, 457, 107, 364, 845, 398, 195, 478]
i =  134 [897, 901, 904, 265, 908, 657, 924, 926, 928, 802, 551, 936, 427, 685, 942, 947, 820, 822, 825, 704, 714, 849, 856, 858, 349, 862, 873, 108, 882, 890]
i =  135 [555, 258, 803, 393, 138, 651, 812, 191, 751, 816, 661, 406, 809, 505, 863, 411, 759, 437]
i =  136 [257, 386, 995, 232, 330, 395, 418, 143, 340, 874, 379, 125, 382]
i =  137 [898, 3, 525, 915, 535, 538, 668, 927, 421, 422, 935, 299, 174, 305, 693, 683, 956, 832, 834, 838, 711, 200, 462, 463, 854, 72, 986, 987, 989, 223, 847, 883, 504, 895, 767]
i =  138 [899, 644, 774, 763, 905, 706, 660, 917, 516, 669, 686, 434, 692, 694, 698, 955, 446, 961, 578, 328, 459, 599, 857, 734, 227, 233, 242, 318, 891]
i =  139 [86, 392, 907, 912, 786, 919, 804, 297, 558, 944, 243, 695, 445, 703, 960, 965, 721, 852, 598, 983, 991, 992, 354, 998, 209, 744, 622, 495, 499, 374]
i =  140 [256, 515, 388, 776, 913, 792, 666, 930, 548, 39, 42, 945, 823, 954, 700, 831, 971, 966, 583, 713, 843, 976, 977, 984, 864, 869, 881, 554, 127]
i =  141 [768, 263, 139, 656, 18, 20, 22, 664, 665, 410, 27, 45, 307, 948, 59, 972, 717, 978, 339, 341, 342, 216, 222, 608, 356, 106, 366, 510]
i =  142 [86, 392, 907, 912, 786, 29, 804, 297, 558, 944, 243, 695, 445, 958, 703, 960, 965, 721, 852, 598, 983, 991, 992, 354, 998, 209, 744, 622, 495, 499, 374]
i =  143 [768, 263, 139, 656, 18, 20, 22, 664, 665, 410, 27, 45, 307, 948, 59, 972, 717, 978, 339, 341, 342, 216, 222, 608, 356, 106, 366, 510]
finish get all communities
complete deal_communities
commplete get_all_nature_community
----------------------------------The detection result is: 

all communities: 
i =  1 : [60, 121, 136, 179, 220, 221, 247, 284, 296, 415, 436, 467, 501, 565, 617, 680, 982]
i =  2 : [39, 42, 69, 71, 76, 95, 101, 111, 115, 116, 127, 151, 152, 156, 176, 206, 208, 239, 256, 266, 274, 278, 282, 309, 337, 343, 351, 352, 353, 359, 370, 372, 388, 420, 453, 485, 502, 515, 531, 548, 554, 556, 583, 590, 666, 700, 713, 776, 792, 823, 831, 843, 864, 869, 881, 913, 945, 954, 966, 971, 975, 976, 977, 984, 997]
i =  3 : [113, 157, 226, 269, 286, 306, 338, 399, 403, 429, 477, 496, 528, 576, 589, 618, 674, 754, 787, 806, 824, 839]
i =  4 : [4, 41, 89, 181, 211, 281, 285, 390, 394, 397, 405, 508, 518, 526, 562, 575, 577, 632]
i =  5 : [8, 204, 362, 413, 447, 491, 493, 532, 561, 572, 585, 607, 612, 627, 629, 687, 743, 808, 814, 819, 851, 855, 866]
i =  6 : [161, 212, 231, 301, 321, 454, 461, 519, 600, 625, 643, 688, 690, 699, 718, 737, 761, 811]
i =  7 : [47, 61, 123, 203, 259, 344, 369, 419, 425, 469, 484, 507, 520, 573, 626, 628, 709, 735, 747, 765, 777, 778, 810]
i =  8 : [6, 54, 55, 144, 147, 148, 158, 255, 320, 322, 331, 416, 440, 582, 595]
i =  9 : [26, 48, 73, 92, 154, 160, 189, 190, 218, 250, 315, 424, 536, 570, 581, 601, 614, 638, 639, 646]
i =  10 : [100, 162, 163, 186, 202, 207, 213, 230, 288, 433, 472, 541, 547, 587, 592, 641]
i =  11 : [64, 67, 96, 132, 133, 166, 185, 236, 237, 279, 287, 385, 430, 906]
i =  12 : [38, 57, 124, 238, 298, 391, 442, 458, 524, 557, 596, 610, 634, 723, 728, 732, 781, 782, 795, 815, 826, 836, 868, 877, 887, 900, 914, 918, 925, 940]
i =  13 : [12, 99, 228, 336, 365, 371, 423, 452, 473, 540, 586, 616, 636, 681, 729, 733, 736, 740, 749]
i =  14 : [50, 52, 71, 176, 206, 239, 266, 274, 351, 370, 372, 485, 985, 997]
i =  15 : [25, 117, 150, 248, 251, 289, 290, 358, 368, 443, 640, 909]
i =  16 : [2, 19, 30, 94, 105, 137, 168, 187, 210, 283]
i =  17 : [15, 87, 141, 253, 254, 293, 335, 347, 357, 377, 432, 486, 521]
i =  18 : [11, 16, 62, 63, 76, 95, 101, 116, 122, 126, 140, 282, 343, 353, 359, 400, 420, 453, 470, 475, 497, 502, 511, 544, 556, 584, 609, 645, 670, 719, 959]
i =  19 : [21, 37, 112, 164, 183, 193, 219, 275, 396, 910]
i =  20 : [23, 180, 201, 317, 334, 378, 402, 404, 456, 464, 509, 522, 537, 564, 567, 650, 696, 796, 799, 835, 844, 848, 870]
i =  21 : [24, 91, 125, 143, 232, 246, 257, 291, 330, 340, 363, 367, 379, 382, 386, 395, 418, 451, 466, 489, 569, 571, 602, 652, 654, 722, 746, 770, 779, 798, 995]
i =  22 : [29, 49, 97, 109, 135, 145, 184, 196, 215, 264, 308, 311, 312, 409, 481, 513, 568, 648, 766]
i =  23 : [32, 43, 70, 146, 171, 199, 314, 428, 441, 479, 546, 624, 642, 653, 684, 715, 773, 775, 789, 969]
i =  24 : [56, 74, 85, 142, 178, 194, 229, 277, 294, 313, 327, 345, 355]
i =  25 : [77, 102, 153, 172, 268, 302, 310, 325, 326, 348, 450, 550, 712, 716, 720, 726, 748, 760, 780, 818, 840, 850, 853, 865, 920, 941]
i =  26 : [79, 83, 84, 98, 129, 262, 267, 295, 324, 332, 360, 373]
i =  27 : [128, 130, 149, 240, 261, 292, 303, 375, 384, 439, 444, 460, 468, 471, 543, 560, 593, 676, 689, 739, 793, 800, 827]
i =  28 : [34, 120, 159, 188, 225, 252, 323, 333, 350, 361, 431, 512, 533, 588, 658, 671, 672, 677, 705, 745, 758, 821, 828, 867, 872, 879, 888, 892]
i =  29 : [21, 37, 164, 183, 193, 219, 275, 414]
i =  30 : [13, 35, 78, 118, 119, 165, 205, 224, 234, 271, 448]
i =  31 : [76, 95, 101, 116, 282, 343, 353, 359, 420, 453, 502, 517, 556]
i =  32 : [69, 76, 95, 101, 110, 111, 115, 116, 151, 152, 156, 208, 278, 282, 309, 337, 343, 352, 353, 359, 420, 453, 502, 530, 531, 556, 590, 975]
i =  33 : [7, 10, 31, 33, 36, 66, 90, 93, 103, 114, 131, 134, 169, 170, 173, 197, 214, 270, 300, 482, 498, 529, 559, 580, 606, 655, 678, 682, 702, 710, 756, 788, 801, 842, 846, 889, 933, 937, 938, 974]
i =  34 : [125, 143, 232, 257, 330, 340, 379, 382, 386, 395, 418, 874, 995]
i =  35 : [227, 233, 242, 318, 328, 434, 446, 459, 516, 578, 599, 644, 660, 669, 686, 692, 694, 698, 706, 734, 763, 774, 857, 891, 899, 905, 917, 955, 961]
i =  36 : [18, 20, 22, 27, 45, 59, 106, 139, 216, 222, 263, 307, 339, 341, 342, 356, 366, 410, 510, 608, 656, 664, 665, 717, 768, 948, 972, 978]
i =  37 : [52, 75, 182, 217, 304, 316, 480, 494, 549, 563, 621, 631, 633, 647, 659, 753, 769, 797, 830, 875, 878, 884, 921, 946, 953, 979]
i =  38 : [10, 33, 36, 103, 131, 169, 170, 197, 300, 482, 498, 529, 559, 580, 606, 655, 678, 682, 702, 710, 727, 756, 788, 801, 846, 889, 931, 933, 937, 938]
i =  39 : [22, 27, 45, 59, 216, 222, 244, 356, 383, 410, 510, 523, 608, 656, 664, 665, 717, 768, 968]
i =  40 : [9, 14, 28, 44, 82, 167, 249, 272, 346, 380, 579, 620, 630, 662, 952, 980]
i =  41 : [24, 68, 91, 246, 291, 363, 367, 451, 466, 489, 569, 571, 602, 603, 652, 654, 722, 746, 770, 779, 798]
i =  42 : [3, 71, 72, 75, 174, 176, 200, 206, 223, 239, 274, 299, 305, 351, 370, 372, 389, 421, 422, 462, 463, 485, 504, 525, 535, 538, 668, 683, 693, 711, 767, 832, 834, 838, 847, 854, 883, 895, 898, 915, 927, 935, 956, 986, 987, 989, 997]
i =  43 : [25, 117, 150, 248, 251, 289, 290, 358, 368, 443, 539, 663]
i =  44 : [1, 40, 107, 195, 260, 364, 398, 455, 457, 478, 483, 604, 845]
i =  45 : [138, 191, 258, 393, 406, 411, 437, 505, 555, 651, 661, 751, 759, 803, 809, 812, 816, 829, 863]
i =  46 : [81, 104, 198, 235, 241, 280, 329, 449, 488, 514, 534, 552, 574, 591, 605, 623, 667, 675, 679, 725]
i =  47 : [5, 175, 177, 192, 319, 401, 474, 490, 506, 527, 545, 613, 615, 619, 673, 691, 697, 741, 755, 764, 772, 783, 785, 791, 859, 916, 922, 923, 929, 934, 963, 970, 973, 981, 988, 990, 993, 994, 996, 1000]
i =  48 : [7, 31, 46, 66, 90, 93, 108, 114, 134, 173, 214, 265, 270, 349, 427, 476, 551, 657, 685, 704, 714, 802, 820, 822, 825, 849, 856, 858, 862, 873, 882, 890, 893, 897, 901, 904, 908, 924, 926, 928, 936, 942, 947, 974]
i =  49 : [51, 105, 245, 407, 487, 492, 500, 503, 635, 637, 649, 724, 730, 750, 752, 771, 784, 790, 794, 805, 807, 817, 833, 841, 861, 880, 885, 910, 911, 939, 943, 949, 950]
i =  50 : [29, 53, 65, 80, 100, 155, 163, 202, 273, 276, 387, 408, 412, 417, 426, 438, 465, 566, 594, 597, 701, 707, 708, 738, 742, 757, 762, 813, 871, 876, 886, 894, 896, 932, 957, 962, 964, 967]
i =  51 : [17, 39, 42, 127, 192, 256, 388, 515, 548, 553, 554, 583, 611, 666, 700, 713, 731, 776, 792, 823, 831, 843, 860, 864, 869, 881, 902, 913, 930, 945, 951, 954, 966, 971, 976, 977, 980, 984, 999]
i =  52 : [18, 20, 29, 58, 86, 88, 106, 110, 139, 209, 243, 263, 297, 307, 339, 341, 342, 354, 366, 374, 376, 381, 392, 435, 445, 495, 499, 542, 558, 598, 622, 695, 703, 721, 744, 786, 804, 837, 852, 903, 907, 912, 919, 944, 958, 960, 965, 969, 978, 983, 991, 992, 998]
overlapping nodes are:  [7, 10, 18, 20, 21, 22, 24, 25, 27, 29, 31, 33, 36, 37, 39, 42, 45, 52, 59, 66, 69, 71, 75, 76, 90, 91, 93, 95, 100, 101, 103, 105, 106, 110, 111, 114, 115, 116, 117, 125, 127, 131, 134, 139, 143, 150, 151, 152, 156, 163, 164, 169, 170, 173, 176, 183, 192, 193, 197, 202, 206, 208, 214, 216, 219, 222, 232, 239, 246, 248, 251, 256, 257, 263, 266, 270, 274, 275, 278, 282, 289, 290, 291, 300, 307, 309, 330, 337, 339, 340, 341, 342, 343, 351, 352, 353, 356, 358, 359, 363, 366, 367, 368, 370, 372, 379, 382, 386, 388, 395, 410, 418, 420, 443, 451, 453, 466, 482, 485, 489, 498, 502, 510, 515, 529, 531, 548, 554, 556, 559, 569, 571, 580, 583, 590, 602, 606, 608, 652, 654, 655, 656, 664, 665, 666, 678, 682, 700, 702, 710, 713, 717, 722, 746, 756, 768, 770, 776, 779, 788, 792, 798, 801, 823, 831, 843, 846, 864, 869, 881, 889, 910, 913, 933, 937, 938, 945, 954, 966, 969, 971, 974, 975, 976, 977, 978, 980, 984, 995, 997] 
 NOO is:  190
total time is:  208.422286987
