lens of ground_truth:  55
ground_truth is: [[8, 76, 100, 131, 191, 319, 348, 409, 421, 480, 492, 499, 504, 535, 542, 558, 563, 567, 577, 683, 702, 738, 746, 765, 780, 781, 789, 810, 823, 825, 827, 828, 860, 879, 906, 911, 933, 948], [81, 196, 212, 252, 356, 514, 546, 562, 583, 606, 677, 728, 743, 753, 766, 791, 805, 809, 824, 857, 867, 868, 877, 950, 983, 989, 993, 997], [222, 263, 286, 365, 397, 413, 427, 478, 484, 543, 556, 599, 667, 675, 693, 698, 711, 739, 752, 794, 813, 814, 815, 852, 857, 867, 922, 971, 1000], [13, 30, 54, 261, 284, 306, 405, 418, 503, 509, 520, 590, 643, 647, 649, 664, 745, 775, 825, 867, 871, 990], [20, 46, 68, 167, 169, 174, 323, 331, 354, 389, 448, 454, 455, 860], [79, 157, 171, 198, 259, 318, 330, 346, 471, 543, 544, 564, 591, 595, 620, 660, 666, 690, 696, 746, 760, 771, 775, 782, 808, 812, 866, 893, 900, 920, 924, 936, 939, 940, 945, 952, 966, 990], [79, 125, 132, 140, 335, 463, 471, 473, 536, 543, 575, 597, 674, 723, 727, 746, 750, 769, 787, 804, 816, 821, 850, 857, 860, 874, 899, 912, 913, 936, 940, 943, 945, 952, 986, 994], [192, 221, 239, 245, 280, 305, 315, 363, 385, 493, 518, 523, 548, 569, 601, 644, 689, 694, 961, 980], [6, 23, 31, 74, 86, 87, 694, 775, 911, 983], [54, 71, 90, 116, 118, 175, 180, 186, 275, 696, 993], [11, 25, 41, 75, 84, 85, 112, 176, 213, 291, 321, 342, 351, 399, 549, 578, 693], [8, 17, 108, 161, 168, 230, 254, 387, 421, 445, 506, 524, 530, 606, 662, 703, 715, 718, 731, 754, 760, 764, 775, 785, 798, 806, 835, 849, 853, 875, 877, 904, 905, 907, 910, 918, 921, 923, 951, 958, 960, 968, 973, 975, 1000], [65, 96, 120, 301, 348, 353, 368, 459, 486, 501, 502, 564, 580, 613, 625, 633, 641, 651, 701, 948, 983, 990], [15, 47, 77, 155, 266, 328, 401, 410, 411, 442, 458, 467, 476, 488, 522, 525, 557, 834], [82, 104, 113, 124, 173, 178, 183, 217, 235, 785, 936], [28, 34, 35, 121, 143, 154, 357, 429, 456, 482, 487, 494, 526, 540, 547, 561, 598], [225, 231, 274, 288, 299, 303, 314, 330, 332, 338, 340, 354, 550, 629, 659, 696, 713, 744, 760, 769, 785, 802, 805, 820, 842, 850, 860, 869, 871, 874, 945, 959], [5, 26, 38, 62, 70, 137, 187, 223, 623, 693, 993], [51, 83, 216, 244, 251, 286, 317, 345, 406, 452, 468, 505, 553, 585, 587, 594, 661, 671, 685, 688, 692, 756, 772, 834, 936], [102, 210, 293, 304, 308, 365, 369, 417, 419, 420, 430, 484, 488, 510, 611, 708, 717, 724, 779, 834, 911, 920], [21, 24, 45, 211, 264, 282, 322, 398, 425, 439, 534, 572, 574, 586, 624, 648, 653, 657, 920], [53, 91, 122, 147, 150, 177, 189, 194, 201, 224, 895], [49, 50, 61, 101, 220, 229, 283, 296, 302, 354, 396, 431, 568, 692, 693, 952, 980], [32, 54, 123, 157, 259, 279, 428, 464, 471, 528, 533, 544, 565, 631, 640, 678, 725, 771, 783, 800, 839, 861, 884, 886, 889, 892, 898, 901, 902, 928, 934, 940, 949, 954, 966, 971, 986, 993], [72, 110, 156, 182, 195, 258, 271, 324, 373, 383, 402, 412, 806, 868], [10, 19, 49, 93, 157, 333, 365, 386, 391, 423, 488, 516, 581, 643, 656, 665, 676, 691, 692, 747, 767, 768, 805, 819, 830, 834, 856, 872, 877, 880, 943], [57, 109, 141, 242, 243, 280, 365, 395, 397, 430, 557, 573, 681, 698, 699, 727, 732, 734, 740, 758, 764, 769, 797, 801, 818, 839, 840, 848, 871, 875, 887, 896, 908, 917, 922, 929, 939, 944, 946, 957, 963, 967, 972, 981, 983, 985, 988, 995, 999], [54, 105, 139, 227, 232, 240, 248, 273, 276, 336, 381, 408, 868], [4, 8, 108, 160, 246, 256, 292, 307, 313, 393, 444, 495, 541, 545, 551, 555, 557, 560, 602, 627, 686, 779], [29, 32, 278, 280, 286, 348, 354, 362, 430, 448, 483, 488, 504, 515, 623, 658, 771, 785, 799, 812, 832, 844, 845, 850, 871, 873, 874, 888, 909, 911, 916, 937, 939, 953, 955, 959, 962, 964, 965, 966, 980, 989, 994, 997], [42, 107, 148, 149, 152, 199, 218, 290, 316, 327, 339, 421, 873], [13, 52, 79, 129, 165, 262, 311, 325, 378, 436, 471, 496, 532, 544, 663, 687, 704, 707, 716, 727, 733, 757, 760, 847, 862, 881, 882, 918, 940, 981, 986, 996], [32, 69, 103, 207, 349, 443, 475, 517, 538, 543, 570, 571, 592, 596, 672, 825, 897, 918, 948, 952], [43, 49, 188, 219, 257, 334, 355, 375, 433, 453, 477, 531, 582, 607, 670, 680, 692, 698, 759, 870, 887, 895, 897, 945, 994], [55, 59, 114, 144, 146, 151, 170, 223, 265, 364, 424, 465, 511, 564, 812, 873], [12, 40, 78, 111, 127, 142, 205, 255, 300, 350, 358, 382, 416, 897], [9, 39, 119, 277, 361, 374, 380, 388, 434, 435, 449, 462, 498, 507, 589, 608, 895], [16, 22, 33, 79, 81, 136, 190, 394, 600, 610, 635, 643, 645, 673, 684, 694, 722, 755, 763, 796, 870, 873, 917, 990], [13, 196, 204, 237, 259, 297, 298, 330, 370, 593, 643, 696, 728, 741, 773, 774, 776, 807, 822, 826, 829, 836, 901, 913, 917, 943, 959, 961, 981, 996], [2, 7, 179, 181, 184, 226, 289, 347, 359, 376, 384, 441, 451, 961], [16, 76, 108, 223, 280, 397, 407, 421, 430, 461, 466, 484, 504, 557, 564, 614, 623, 646, 654, 698, 764, 777, 790, 792, 806, 843, 851, 870, 875, 877, 887, 895, 897, 915, 918, 922, 927, 935, 939, 948, 950, 966, 970, 979, 980, 982, 989, 1000], [13, 16, 49, 67, 76, 81, 286, 341, 360, 397, 472, 504, 544, 559, 712, 726, 728, 817, 846, 854, 859, 876, 883, 885, 887, 891, 903, 914, 917, 925, 926, 930, 932, 938, 941, 942, 947, 950, 956, 969, 974, 976, 977, 978, 984, 987, 991, 992, 998], [106, 108, 128, 130, 238, 241, 268, 281, 285, 348, 901, 997], [36, 37, 97, 206, 236, 259, 326, 450, 490, 508, 519, 566, 606, 630, 695, 709, 721, 728, 779, 803, 806, 839, 841, 855, 857, 858, 863, 943, 997, 1000], [1, 16, 80, 115, 163, 197, 203, 209, 260, 295, 329, 469, 489, 497, 636, 655, 727, 746, 769], [133, 164, 214, 249, 294, 310, 343, 372, 379, 426, 446, 448, 485, 513, 920], [58, 153, 223, 234, 267, 337, 366, 500, 512, 527, 579, 588, 612, 623, 626, 669, 697, 720, 748, 805, 867, 971], [14, 48, 89, 94, 98, 99, 135, 158, 172, 202, 215], [8, 32, 63, 76, 162, 287, 367, 403, 481, 484, 491, 521, 634, 638, 642, 668, 710, 714, 762, 771, 778, 795, 811, 850, 864, 865, 874, 875, 890, 894, 919, 931, 950, 959, 986, 994], [60, 81, 95, 145, 157, 185, 253, 270, 272, 309, 400, 438, 606, 616, 622, 650, 679, 706, 719, 737, 751, 770, 839], [27, 126, 138, 196, 208, 247, 250, 371, 392, 415, 437, 552, 576, 605, 609, 615, 617, 621, 637, 779, 784, 786, 831, 833, 837, 838, 870, 878, 981, 996], [18, 44, 73, 92, 200, 320, 352, 377, 390, 447, 457, 474, 479, 537, 764, 812, 996], [233, 269, 404, 440, 448, 460, 470, 529, 539, 554, 584, 603, 618, 628, 639, 652, 682, 700, 730, 913, 971, 989], [3, 56, 64, 66, 88, 117, 159, 166, 193, 694, 922], [134, 196, 228, 312, 330, 344, 414, 422, 432, 604, 619, 632, 705, 729, 735, 736, 742, 749, 761, 788, 793, 825, 868, 901, 913, 961]]
nodes: [99, 286, 421, 448, 488, 521, 540, 541, 557, 578, 624, 643, 659, 692, 727, 746, 770, 771, 785, 810, 812, 834, 849, 870, 871, 873, 874, 875, 877, 895, 896, 897, 901, 911, 922, 936, 943, 952, 961, 971, 981, 986, 989, 990, 991, 993, 994, 996, 1000] num of nodes:  49
[[14, 202, 172, 215, 158, 98, 99, 89], [286, 962, 937, 965], [316, 339, 327, 421], [323, 389, 454, 455, 448], [266, 328, 488, 401], [367, 864, 865, 931, 521, 778, 811, 762, 890, 795, 894, 642], [357, 482, 547, 456, 494, 526, 561, 598, 540, 429], [160, 551, 686, 627, 555, 602, 256, 541], [442, 525, 476, 557, 458], [112, 321, 578, 351, 291, 549, 213, 399], [211, 648, 425, 586, 653, 624, 657, 534, 439, 282], [643, 872, 880, 856, 830, 767], [231, 802, 869, 744, 713, 842, 274, 659], [582, 759, 453, 670, 692, 680], [575, 899, 912, 787, 674, 727], [577, 933, 827, 879, 823, 746], [270, 737, 706, 770, 679, 616, 650, 400, 751, 438, 622, 719], [666, 900, 893, 866, 808, 771, 782], [113, 235, 173, 178, 183, 217, 785], [558, 933, 879, 906, 810, 683, 823, 827, 828, 780, 781], [591, 924, 900, 893, 866, 595, 808, 812], [308, 717, 724, 708, 834, 420, 510], [703, 960, 798, 835, 907, 923, 904, 968, 905, 973, 975, 910, 849, 754, 853, 951, 921, 958, 731, 715], [645, 673, 684, 722, 755, 763, 796, 870], [871, 962, 964, 965, 937, 953, 955, 916, 959], [873, 962, 964, 965, 937, 953, 955, 916, 909], [597, 899, 804, 912, 787, 723, 821, 674, 874], [875, 929, 995, 963, 985, 999, 988, 957, 967], [583, 809, 791, 824, 766, 753, 877, 677, 743], [122, 224, 194, 201, 177, 147, 189, 150, 895], [732, 896, 848, 929, 801, 963, 995, 740, 999, 967, 840, 908, 972, 818, 957, 944, 946, 734, 985, 988, 797, 758], [646, 935, 982, 970, 915, 979, 927, 851, 897], [128, 130, 901, 997, 241, 281, 268, 285, 238], [909, 962, 964, 965, 937, 916, 953, 955, 911], [478, 739, 675, 813, 814, 815, 752, 852, 794, 922], [82, 104, 936, 235, 173, 178, 183, 217, 113], [656, 768, 872, 880, 856, 819, 747, 691, 830, 943], [575, 899, 912, 787, 674, 750, 821, 816, 952], [228, 736, 742, 729, 749, 788, 793, 761, 735, 961], [599, 711, 813, 675, 814, 815, 752, 794, 852, 667, 971], [929, 999, 963, 995, 972, 957, 967, 944, 988, 985, 946, 981], [861, 928, 898, 934, 902, 884, 949, 886, 892, 954, 889, 986], [844, 962, 964, 965, 937, 909, 916, 888, 953, 955, 845, 989], [600, 673, 610, 763, 645, 684, 635, 722, 755, 796, 990], [991, 998, 992, 987, 984, 978, 974, 969, 977, 956, 976, 947, 938, 942, 941, 930, 932, 914, 925, 926, 903, 891, 876, 883, 854, 885, 859, 846], [861, 928, 898, 934, 902, 884, 949, 886, 892, 954, 889, 993], [844, 962, 964, 965, 937, 909, 916, 888, 953, 955, 845, 994], [593, 836, 774, 807, 776, 773, 822, 826, 829, 996, 741], [556, 739, 675, 711, 813, 814, 815, 752, 794, 667, 852, 1000]]
len of cliques:  49
downsides after: [[991, 998, 992, 987, 984, 978, 974, 969, 977, 956, 976, 947, 938, 942, 941, 930, 932, 914, 925, 926, 903, 891, 876, 883, 854, 885, 859, 846], [732, 896, 848, 929, 801, 963, 995, 740, 999, 967, 840, 908, 972, 818, 957, 944, 946, 734, 985, 988, 797, 758], [703, 960, 798, 835, 907, 923, 904, 968, 905, 973, 975, 910, 849, 754, 853, 951, 921, 958, 731, 715], [367, 864, 865, 931, 521, 778, 811, 762, 890, 795, 894, 642], [270, 737, 706, 770, 679, 616, 650, 400, 751, 438, 622, 719], [929, 999, 963, 995, 972, 957, 967, 944, 988, 985, 946, 981], [861, 928, 898, 934, 902, 884, 949, 886, 892, 954, 889, 986], [844, 962, 964, 965, 937, 909, 916, 888, 953, 955, 845, 989], [861, 928, 898, 934, 902, 884, 949, 886, 892, 954, 889, 993], [844, 962, 964, 965, 937, 909, 916, 888, 953, 955, 845, 994], [556, 739, 675, 711, 813, 814, 815, 752, 794, 667, 852, 1000], [558, 933, 879, 906, 810, 683, 823, 827, 828, 780, 781], [599, 711, 813, 675, 814, 815, 752, 794, 852, 667, 971], [600, 673, 610, 763, 645, 684, 635, 722, 755, 796, 990], [593, 836, 774, 807, 776, 773, 822, 826, 829, 996, 741], [357, 482, 547, 456, 494, 526, 561, 598, 540, 429], [211, 648, 425, 586, 653, 624, 657, 534, 439, 282], [478, 739, 675, 813, 814, 815, 752, 852, 794, 922], [656, 768, 872, 880, 856, 819, 747, 691, 830, 943], [228, 736, 742, 729, 749, 788, 793, 761, 735, 961], [871, 962, 964, 965, 937, 953, 955, 916, 959], [873, 962, 964, 965, 937, 953, 955, 916, 909], [597, 899, 804, 912, 787, 723, 821, 674, 874], [875, 929, 995, 963, 985, 999, 988, 957, 967], [583, 809, 791, 824, 766, 753, 877, 677, 743], [122, 224, 194, 201, 177, 147, 189, 150, 895], [646, 935, 982, 970, 915, 979, 927, 851, 897], [128, 130, 901, 997, 241, 281, 268, 285, 238], [909, 962, 964, 965, 937, 916, 953, 955, 911], [82, 104, 936, 235, 173, 178, 183, 217, 113], [575, 899, 912, 787, 674, 750, 821, 816, 952], [14, 202, 172, 215, 158, 98, 99, 89], [160, 551, 686, 627, 555, 602, 256, 541], [112, 321, 578, 351, 291, 549, 213, 399], [231, 802, 869, 744, 713, 842, 274, 659], [591, 924, 900, 893, 866, 595, 808, 812], [645, 673, 684, 722, 755, 763, 796, 870], [666, 900, 893, 866, 808, 771, 782], [113, 235, 173, 178, 183, 217, 785], [308, 717, 724, 708, 834, 420, 510], [643, 872, 880, 856, 830, 767], [582, 759, 453, 670, 692, 680], [575, 899, 912, 787, 674, 727], [577, 933, 827, 879, 823, 746], [323, 389, 454, 455, 448], [442, 525, 476, 557, 458], [286, 962, 937, 965], [316, 339, 327, 421], [266, 328, 488, 401]]
number of downsided seeds: 49
[[991, 998, 992, 987, 984, 978, 974, 969, 977, 956, 976, 947, 938, 942, 941, 930, 932, 914, 925, 926, 903, 891, 876, 883, 854, 885, 859, 846], [732, 896, 848, 929, 801, 963, 995, 740, 999, 967, 840, 908, 972, 818, 957, 944, 946, 734, 985, 988, 797, 758], [703, 960, 798, 835, 907, 923, 904, 968, 905, 973, 975, 910, 849, 754, 853, 951, 921, 958, 731, 715], [367, 864, 865, 931, 521, 778, 811, 762, 890, 795, 894, 642], [270, 737, 706, 770, 679, 616, 650, 400, 751, 438, 622, 719], [929, 999, 963, 995, 972, 957, 967, 944, 988, 985, 946, 981], [861, 928, 898, 934, 902, 884, 949, 886, 892, 954, 889, 986], [844, 962, 964, 965, 937, 909, 916, 888, 953, 955, 845, 989], [861, 928, 898, 934, 902, 884, 949, 886, 892, 954, 889, 993], [844, 962, 964, 965, 937, 909, 916, 888, 953, 955, 845, 994], [556, 739, 675, 711, 813, 814, 815, 752, 794, 667, 852, 1000], [558, 933, 879, 906, 810, 683, 823, 827, 828, 780, 781], [599, 711, 813, 675, 814, 815, 752, 794, 852, 667, 971], [600, 673, 610, 763, 645, 684, 635, 722, 755, 796, 990], [593, 836, 774, 807, 776, 773, 822, 826, 829, 996, 741], [357, 482, 547, 456, 494, 526, 561, 598, 540, 429], [211, 648, 425, 586, 653, 624, 657, 534, 439, 282], [478, 739, 675, 813, 814, 815, 752, 852, 794, 922], [656, 768, 872, 880, 856, 819, 747, 691, 830, 943], [228, 736, 742, 729, 749, 788, 793, 761, 735, 961], [871, 962, 964, 965, 937, 953, 955, 916, 959], [873, 962, 964, 965, 937, 953, 955, 916, 909], [597, 899, 804, 912, 787, 723, 821, 674, 874], [875, 929, 995, 963, 985, 999, 988, 957, 967], [583, 809, 791, 824, 766, 753, 877, 677, 743], [122, 224, 194, 201, 177, 147, 189, 150, 895], [646, 935, 982, 970, 915, 979, 927, 851, 897], [128, 130, 901, 997, 241, 281, 268, 285, 238], [909, 962, 964, 965, 937, 916, 953, 955, 911], [82, 104, 936, 235, 173, 178, 183, 217, 113], [575, 899, 912, 787, 674, 750, 821, 816, 952], [14, 202, 172, 215, 158, 98, 99, 89], [160, 551, 686, 627, 555, 602, 256, 541], [112, 321, 578, 351, 291, 549, 213, 399], [231, 802, 869, 744, 713, 842, 274, 659], [591, 924, 900, 893, 866, 595, 808, 812], [645, 673, 684, 722, 755, 763, 796, 870], [666, 900, 893, 866, 808, 771, 782], [113, 235, 173, 178, 183, 217, 785], [308, 717, 724, 708, 834, 420, 510], [643, 872, 880, 856, 830, 767], [582, 759, 453, 670, 692, 680], [575, 899, 912, 787, 674, 727], [577, 933, 827, 879, 823, 746], [323, 389, 454, 455, 448], [442, 525, 476, 557, 458], [286, 962, 937, 965], [316, 339, 327, 421], [266, 328, 488, 401]]
after sorted:  [[991, 998, 992, 987, 984, 978, 974, 969, 977, 956, 976, 947, 938, 942, 941, 930, 932, 914, 925, 926, 903, 891, 876, 883, 854, 885, 859, 846], [732, 896, 848, 929, 801, 963, 995, 740, 999, 967, 840, 908, 972, 818, 957, 944, 946, 734, 985, 988, 797, 758], [703, 960, 798, 835, 907, 923, 904, 968, 905, 973, 975, 910, 849, 754, 853, 951, 921, 958, 731, 715], [367, 864, 865, 931, 521, 778, 811, 762, 890, 795, 894, 642], [270, 737, 706, 770, 679, 616, 650, 400, 751, 438, 622, 719], [929, 999, 963, 995, 972, 957, 967, 944, 988, 985, 946, 981], [861, 928, 898, 934, 902, 884, 949, 886, 892, 954, 889, 986], [844, 962, 964, 965, 937, 909, 916, 888, 953, 955, 845, 989], [861, 928, 898, 934, 902, 884, 949, 886, 892, 954, 889, 993], [844, 962, 964, 965, 937, 909, 916, 888, 953, 955, 845, 994], [556, 739, 675, 711, 813, 814, 815, 752, 794, 667, 852, 1000], [558, 933, 879, 906, 810, 683, 823, 827, 828, 780, 781], [599, 711, 813, 675, 814, 815, 752, 794, 852, 667, 971], [600, 673, 610, 763, 645, 684, 635, 722, 755, 796, 990], [593, 836, 774, 807, 776, 773, 822, 826, 829, 996, 741], [357, 482, 547, 456, 494, 526, 561, 598, 540, 429], [211, 648, 425, 586, 653, 624, 657, 534, 439, 282], [478, 739, 675, 813, 814, 815, 752, 852, 794, 922], [656, 768, 872, 880, 856, 819, 747, 691, 830, 943], [228, 736, 742, 729, 749, 788, 793, 761, 735, 961], [871, 962, 964, 965, 937, 953, 955, 916, 959], [873, 962, 964, 965, 937, 953, 955, 916, 909], [597, 899, 804, 912, 787, 723, 821, 674, 874], [875, 929, 995, 963, 985, 999, 988, 957, 967], [583, 809, 791, 824, 766, 753, 877, 677, 743], [122, 224, 194, 201, 177, 147, 189, 150, 895], [646, 935, 982, 970, 915, 979, 927, 851, 897], [128, 130, 901, 997, 241, 281, 268, 285, 238], [909, 962, 964, 965, 937, 916, 953, 955, 911], [82, 104, 936, 235, 173, 178, 183, 217, 113], [575, 899, 912, 787, 674, 750, 821, 816, 952], [14, 202, 172, 215, 158, 98, 99, 89], [160, 551, 686, 627, 555, 602, 256, 541], [112, 321, 578, 351, 291, 549, 213, 399], [231, 802, 869, 744, 713, 842, 274, 659], [591, 924, 900, 893, 866, 595, 808, 812], [645, 673, 684, 722, 755, 763, 796, 870], [666, 900, 893, 866, 808, 771, 782], [113, 235, 173, 178, 183, 217, 785], [308, 717, 724, 708, 834, 420, 510], [643, 872, 880, 856, 830, 767], [582, 759, 453, 670, 692, 680], [575, 899, 912, 787, 674, 727], [577, 933, 827, 879, 823, 746], [323, 389, 454, 455, 448], [442, 525, 476, 557, 458], [286, 962, 937, 965], [316, 339, 327, 421], [266, 328, 488, 401]]
before num:  49
befor deal_cliques:  44
after deal_cliques:  42
length of seeds:  42
seeds:  [set([978, 903, 883, 969, 974, 976, 977, 914, 846, 854, 984, 859, 925, 926, 991, 992, 930, 987, 932, 998, 938, 876, 941, 942, 947, 885, 891, 956]), set([896, 929, 963, 967, 840, 972, 908, 848, 985, 732, 797, 734, 801, 995, 740, 999, 988, 946, 944, 818, 758, 957]), set([960, 835, 904, 905, 907, 973, 910, 975, 849, 853, 921, 731, 798, 923, 715, 968, 754, 951, 958, 703]), set([928, 993, 898, 902, 934, 954, 884, 949, 886, 889, 986, 892, 861]), set([994, 964, 965, 845, 937, 844, 962, 909, 916, 888, 953, 955, 989]), set([864, 865, 642, 931, 521, 778, 811, 367, 762, 795, 890, 894]), set([737, 706, 679, 616, 650, 770, 270, 751, 400, 622, 438, 719]), set([929, 963, 999, 967, 972, 944, 946, 995, 981, 985, 988, 957]), set([739, 711, 1000, 556, 813, 814, 815, 752, 675, 852, 794, 667]), set([933, 906, 683, 780, 781, 558, 879, 823, 827, 828, 810]), set([675, 711, 971, 813, 814, 815, 752, 852, 599, 794, 667]), set([673, 610, 763, 645, 684, 722, 755, 600, 635, 796, 990]), set([836, 773, 774, 807, 776, 593, 822, 996, 826, 829, 741]), set([482, 547, 357, 456, 429, 526, 561, 494, 598, 540]), set([648, 425, 586, 653, 624, 657, 211, 534, 439, 282]), set([739, 813, 814, 815, 752, 675, 852, 794, 922, 478]), set([768, 656, 872, 747, 943, 880, 819, 691, 856, 830]), set([736, 961, 228, 742, 729, 749, 788, 793, 761, 735]), set([674, 899, 804, 874, 912, 787, 597, 723, 821]), set([677, 583, 809, 743, 877, 753, 791, 824, 766]), set([224, 194, 201, 177, 147, 150, 122, 189, 895]), set([897, 646, 935, 970, 915, 982, 851, 979, 927]), set([128, 130, 901, 268, 238, 241, 281, 285, 997]), set([82, 104, 235, 173, 113, 178, 936, 183, 217]), set([912, 674, 899, 750, 816, 787, 821, 952, 575]), set([98, 99, 202, 172, 14, 215, 89, 158]), set([160, 256, 551, 555, 686, 627, 602, 541]), set([321, 578, 291, 549, 399, 112, 213, 351]), set([802, 869, 231, 744, 713, 842, 274, 659]), set([866, 900, 808, 812, 591, 595, 924, 893]), set([673, 645, 870, 684, 722, 755, 763, 796]), set([866, 771, 900, 808, 666, 893, 782]), set([785, 178, 113, 183, 217, 235, 173]), set([834, 420, 724, 308, 708, 717, 510]), set([880, 856, 643, 872, 830, 767]), set([692, 453, 582, 759, 680, 670]), set([912, 674, 899, 727, 787, 575]), set([577, 933, 823, 746, 827, 879]), set([448, 323, 389, 454, 455]), set([458, 557, 476, 442, 525]), set([339, 316, 421, 327]), set([328, 488, 266, 401])]
seeds_fitness [0.5966850828729282, 0.5139043381535039, 0.4909560723514212, 0.17225950782997762, 0.16452991452991453, 0.32754342431761785, 0.5454545454545454, 0.1515499425947187, 0.2430939226519337, 0.2702702702702703, 0.23809523809523808, 0.25943396226415094, 0.21825396825396826, 0.5325443786982249, 0.47368421052631576, 0.20179372197309417, 0.20361990950226244, 0.20594965675057209, 0.16179775280898875, 0.2, 0.36363636363636365, 0.13284132841328414, 0.16666666666666666, 0.3302752293577982, 0.15824175824175823, 0.6363636363636364, 0.32, 0.4375, 0.21374045801526717, 0.14545454545454545, 0.1755485893416928, 0.10473815461346633, 0.2709677419354839, 0.18340611353711792, 0.1016949152542373, 0.1382488479262673, 0.08645533141210375, 0.07792207792207792, 0.17857142857142858, 0.13986013986013987, 0.13043478260869565, 0.09230769230769231]
after sort list of tuple: [(25, 0.6363636363636364), (0, 0.5966850828729282), (6, 0.5454545454545454), (13, 0.5325443786982249), (1, 0.5139043381535039), (2, 0.4909560723514212), (14, 0.47368421052631576), (27, 0.4375), (20, 0.36363636363636365), (23, 0.3302752293577982), (5, 0.32754342431761785), (26, 0.32), (32, 0.2709677419354839), (9, 0.2702702702702703), (11, 0.25943396226415094), (8, 0.2430939226519337), (10, 0.23809523809523808), (12, 0.21825396825396826), (28, 0.21374045801526717), (17, 0.20594965675057209), (16, 0.20361990950226244), (15, 0.20179372197309417), (19, 0.2), (33, 0.18340611353711792), (38, 0.17857142857142858), (30, 0.1755485893416928), (3, 0.17225950782997762), (22, 0.16666666666666666), (4, 0.16452991452991453), (18, 0.16179775280898875), (24, 0.15824175824175823), (7, 0.1515499425947187), (29, 0.14545454545454545), (39, 0.13986013986013987), (35, 0.1382488479262673), (21, 0.13284132841328414), (40, 0.13043478260869565), (31, 0.10473815461346633), (34, 0.1016949152542373), (41, 0.09230769230769231), (36, 0.08645533141210375), (37, 0.07792207792207792)]
seeds_sorted [set([98, 99, 202, 172, 14, 215, 89, 158]), set([978, 903, 883, 969, 974, 976, 977, 914, 846, 854, 984, 859, 925, 926, 991, 992, 930, 987, 932, 998, 938, 876, 941, 942, 947, 885, 891, 956]), set([737, 706, 679, 616, 650, 770, 270, 751, 400, 622, 438, 719]), set([482, 547, 357, 456, 429, 526, 561, 494, 598, 540]), set([896, 929, 963, 967, 840, 972, 908, 848, 985, 732, 797, 734, 801, 995, 740, 999, 988, 946, 944, 818, 758, 957]), set([960, 835, 904, 905, 907, 973, 910, 975, 849, 853, 921, 731, 798, 923, 715, 968, 754, 951, 958, 703]), set([648, 425, 586, 653, 624, 657, 211, 534, 439, 282]), set([321, 578, 291, 549, 399, 112, 213, 351]), set([224, 194, 201, 177, 147, 150, 122, 189, 895]), set([82, 104, 235, 173, 113, 178, 936, 183, 217]), set([864, 865, 642, 931, 521, 778, 811, 367, 762, 795, 890, 894]), set([160, 256, 551, 555, 686, 627, 602, 541]), set([785, 178, 113, 183, 217, 235, 173]), set([933, 906, 683, 780, 781, 558, 879, 823, 827, 828, 810]), set([673, 610, 763, 645, 684, 722, 755, 600, 635, 796, 990]), set([739, 711, 1000, 556, 813, 814, 815, 752, 675, 852, 794, 667]), set([675, 711, 971, 813, 814, 815, 752, 852, 599, 794, 667]), set([836, 773, 774, 807, 776, 593, 822, 996, 826, 829, 741]), set([802, 869, 231, 744, 713, 842, 274, 659]), set([736, 961, 228, 742, 729, 749, 788, 793, 761, 735]), set([768, 656, 872, 747, 943, 880, 819, 691, 856, 830]), set([739, 813, 814, 815, 752, 675, 852, 794, 922, 478]), set([677, 583, 809, 743, 877, 753, 791, 824, 766]), set([834, 420, 724, 308, 708, 717, 510]), set([448, 323, 389, 454, 455]), set([673, 645, 870, 684, 722, 755, 763, 796]), set([928, 993, 898, 902, 934, 954, 884, 949, 886, 889, 986, 892, 861]), set([128, 130, 901, 268, 238, 241, 281, 285, 997]), set([994, 964, 965, 845, 937, 844, 962, 909, 916, 888, 953, 955, 989]), set([674, 899, 804, 874, 912, 787, 597, 723, 821]), set([912, 674, 899, 750, 816, 787, 821, 952, 575]), set([929, 963, 999, 967, 972, 944, 946, 995, 981, 985, 988, 957]), set([866, 900, 808, 812, 591, 595, 924, 893]), set([458, 557, 476, 442, 525]), set([692, 453, 582, 759, 680, 670]), set([897, 646, 935, 970, 915, 982, 851, 979, 927]), set([339, 316, 421, 327]), set([866, 771, 900, 808, 666, 893, 782]), set([880, 856, 643, 872, 830, 767]), set([328, 488, 266, 401]), set([912, 674, 899, 727, 787, 575]), set([577, 933, 823, 746, 827, 879])]
args__________ ([set([98, 99, 202, 172, 14, 215, 89, 158]), set([577, 933, 823, 746, 827, 879])],)
args__________ ([set([978, 903, 883, 969, 974, 976, 977, 914, 846, 854, 984, 859, 925, 926, 991, 992, 930, 987, 932, 998, 938, 876, 941, 942, 947, 885, 891, 956]), set([912, 674, 899, 727, 787, 575])],)
args__________ ([set([737, 706, 679, 616, 650, 770, 270, 751, 400, 622, 438, 719]), set([328, 488, 266, 401])],)
args__________ ([set([482, 547, 357, 456, 429, 526, 561, 494, 598, 540]), set([880, 856, 643, 872, 830, 767])],)
args__________ ([set([896, 929, 963, 967, 840, 972, 908, 848, 985, 732, 797, 734, 801, 995, 740, 999, 988, 946, 944, 818, 758, 957]), set([866, 771, 900, 808, 666, 893, 782])],)
args__________ ([set([960, 835, 904, 905, 907, 973, 910, 975, 849, 853, 921, 731, 798, 923, 715, 968, 754, 951, 958, 703]), set([339, 316, 421, 327])],)
args__________ ([set([648, 425, 586, 653, 624, 657, 211, 534, 439, 282]), set([897, 646, 935, 970, 915, 982, 851, 979, 927])],)
args__________ ([set([321, 578, 291, 549, 399, 112, 213, 351]), set([692, 453, 582, 759, 680, 670])],)
args__________ ([set([224, 194, 201, 177, 147, 150, 122, 189, 895]), set([458, 557, 476, 442, 525])],)
args__________ ([set([82, 104, 235, 173, 113, 178, 936, 183, 217]), set([866, 900, 808, 812, 591, 595, 924, 893])],)
args__________ ([set([864, 865, 642, 931, 521, 778, 811, 367, 762, 795, 890, 894])],)
args__________ ([set([160, 256, 551, 555, 686, 627, 602, 541])],)
args__________ ([set([785, 178, 113, 183, 217, 235, 173])],)
args__________ ([set([933, 906, 683, 780, 781, 558, 879, 823, 827, 828, 810])],)
args__________ ([set([673, 610, 763, 645, 684, 722, 755, 600, 635, 796, 990])],)
args__________ ([set([739, 711, 1000, 556, 813, 814, 815, 752, 675, 852, 794, 667])],)
args__________ ([set([675, 711, 971, 813, 814, 815, 752, 852, 599, 794, 667])],)
args__________ ([set([836, 773, 774, 807, 776, 593, 822, 996, 826, 829, 741])],)
args__________ ([set([802, 869, 231, 744, 713, 842, 274, 659])],)
args__________ ([set([736, 961, 228, 742, 729, 749, 788, 793, 761, 735])],)
args__________ ([set([768, 656, 872, 747, 943, 880, 819, 691, 856, 830])],)
args__________ ([set([739, 813, 814, 815, 752, 675, 852, 794, 922, 478])],)
args__________ ([set([677, 583, 809, 743, 877, 753, 791, 824, 766])],)
args__________ ([set([834, 420, 724, 308, 708, 717, 510])],)
args__________ ([set([448, 323, 389, 454, 455])],)
args__________ ([set([673, 645, 870, 684, 722, 755, 763, 796])],)
args__________ ([set([928, 993, 898, 902, 934, 954, 884, 949, 886, 889, 986, 892, 861])],)
args__________ ([set([128, 130, 901, 268, 238, 241, 281, 285, 997])],)
args__________ ([set([994, 964, 965, 845, 937, 844, 962, 909, 916, 888, 953, 955, 989])],)
args__________ ([set([674, 899, 804, 874, 912, 787, 597, 723, 821])],)
args__________ ([set([912, 674, 899, 750, 816, 787, 821, 952, 575])],)
args__________ ([set([929, 963, 999, 967, 972, 944, 946, 995, 981, 985, 988, 957])],)
finish process___________________
left nodes numner:_______ 391
sorted nodes by betweenness [1, 2, 3, 6, 7, 8, 9, 12, 13, 16, 23, 27, 30, 31, 32, 36, 37, 39, 40, 44, 49, 50, 51, 52, 55, 56, 58, 59, 61, 64, 65, 66, 69, 72, 73, 74, 76, 78, 79, 80, 81, 83, 86, 87, 88, 92, 96, 97, 101, 103, 105, 108, 110, 111, 114, 115, 117, 119, 120, 126, 127, 129, 133, 138, 139, 142, 144, 146, 151, 153, 156, 157, 159, 163, 164, 165, 166, 170, 179, 181, 182, 184, 192, 193, 195, 196, 197, 200, 203, 205, 206, 207, 208, 209, 214, 216, 220, 221, 223, 226, 227, 229, 232, 233, 234, 236, 239, 240, 244, 245, 247, 248, 249, 250, 251, 255, 258, 259, 260, 261, 262, 265, 267, 269, 271, 273, 276, 277, 280, 283, 284, 286, 289, 294, 295, 296, 300, 301, 302, 305, 306, 310, 311, 315, 317, 320, 324, 325, 326, 329, 330, 336, 337, 343, 345, 347, 349, 350, 352, 353, 354, 358, 359, 361, 363, 364, 365, 366, 368, 371, 372, 373, 374, 376, 377, 378, 379, 380, 381, 382, 383, 384, 385, 388, 390, 392, 396, 397, 402, 404, 405, 406, 408, 412, 415, 416, 418, 424, 426, 430, 431, 434, 435, 436, 437, 440, 441, 443, 446, 447, 449, 450, 451, 452, 457, 459, 460, 462, 465, 468, 469, 470, 471, 474, 475, 479, 484, 485, 486, 489, 490, 493, 496, 497, 498, 500, 501, 502, 503, 504, 505, 507, 508, 509, 511, 512, 513, 517, 518, 519, 520, 523, 527, 529, 532, 537, 538, 539, 543, 544, 548, 552, 553, 554, 564, 566, 568, 569, 570, 571, 576, 579, 580, 584, 585, 587, 588, 589, 590, 592, 594, 596, 601, 603, 605, 606, 608, 609, 612, 613, 615, 617, 618, 621, 623, 625, 626, 628, 630, 633, 636, 637, 639, 641, 644, 647, 649, 651, 652, 655, 661, 663, 664, 669, 671, 672, 682, 685, 687, 688, 689, 693, 694, 695, 696, 697, 698, 700, 701, 704, 707, 709, 716, 720, 721, 728, 730, 733, 745, 748, 756, 757, 760, 764, 769, 772, 775, 779, 784, 786, 803, 805, 806, 825, 831, 833, 837, 838, 839, 841, 847, 850, 855, 857, 858, 860, 862, 863, 867, 868, 871, 873, 875, 878, 881, 882, 887, 911, 913, 917, 918, 920, 939, 940, 945, 948, 950, 959, 966, 980, 983]
args__________ ([[1, 655, 636, 469, 329, 489, 295]],)
args__________ ([[2, 384, 226, 451, 359, 441, 376, 347]],)
args__________ ([[3, 193, 159, 64, 66, 56, 117, 166, 88]],)
args__________ ([[6, 86, 983, 87, 23, 31, 74, 911]],)
args__________ ([[7, 451, 441, 184, 376, 347, 289]],)
args__________ ([[8, 933, 810, 823]],)
args__________ ([[9, 608, 361, 589, 498, 462, 507, 434, 380]],)
args__________ ([[12, 416, 382, 255, 350, 358, 142, 127]],)
args__________ ([[13, 647, 745, 590]],)
args__________ ([[755, 763, 796, 16]],)
args__________ ([[6, 86, 983, 87, 23, 31, 74, 911]],)
args__________ ([[27, 838, 833, 878, 784, 831, 552, 786]],)
args__________ ([[30, 647, 520, 405, 745, 664, 649, 306]],)
args__________ ([[6, 86, 983, 87, 23, 31, 74, 911]],)
args__________ ([[32, 928, 954, 949]],)
args__________ ([[36, 803, 841, 566, 855, 858, 863, 508, 709]],)
args__________ ([[37, 841, 803, 695, 630, 858, 855, 863, 508]],)
args__________ ([[39, 608, 589, 449, 388, 119, 435, 507]],)
args__________ ([[40, 416, 382, 350, 358, 897, 78]],)
args__________ ([[44, 457, 537, 474, 352, 320, 447, 479]],)
args__________ ([[296, 568, 49]],)
args__________ ([[50, 568, 431, 952, 396]],)
args__________ ([[51, 688, 594, 772, 553, 505, 585]],)
args__________ ([[52, 847, 881, 882, 707, 733, 862, 687]],)
args__________ ([[55, 465, 511, 424, 265, 151]],)
args__________ ([[3, 193, 159, 64, 66, 56, 117, 166, 88]],)
args__________ ([[58, 748, 720, 697, 612, 626, 588, 669, 527]],)
args__________ ([[55, 465, 511, 144, 170, 59]],)
args__________ ([[61, 431, 568, 296, 302, 220]],)
args__________ ([[3, 193, 159, 64, 66, 56, 117, 166, 88]],)
args__________ ([[65, 641, 613, 501, 701, 625, 633, 459]],)
args__________ ([[3, 193, 159, 64, 66, 56, 117, 166, 88]],)
finish single seed process___________________
left nodes numner:_______ 140
sorted nodes by betweenness [69, 72, 76, 79, 81, 103, 105, 108, 110, 133, 139, 156, 157, 164, 182, 192, 195, 196, 207, 214, 221, 223, 227, 232, 233, 239, 240, 245, 248, 249, 258, 259, 269, 271, 273, 276, 280, 286, 294, 305, 310, 315, 324, 330, 336, 343, 349, 354, 363, 365, 372, 373, 379, 381, 383, 385, 397, 402, 404, 408, 412, 426, 430, 440, 443, 446, 460, 470, 471, 475, 484, 485, 493, 504, 513, 517, 518, 523, 529, 538, 539, 543, 544, 548, 554, 564, 569, 570, 571, 584, 592, 596, 601, 603, 606, 618, 623, 628, 639, 644, 652, 672, 682, 689, 693, 696, 698, 700, 728, 730, 760, 764, 769, 775, 779, 805, 806, 825, 839, 850, 857, 860, 867, 868, 871, 873, 875, 887, 913, 917, 918, 920, 939, 940, 945, 948, 950, 959, 966, 980]
args__________ ([[69, 672, 592, 596, 570, 538, 571, 349]],)
args__________ ([[72, 324, 402, 412, 383, 258, 373, 182]],)
args__________ ([[76, 933, 828, 879]],)
args__________ ([[79, 808, 924, 782]],)
args__________ ([[81, 514, 809, 791]],)
args__________ ([[103, 672, 571, 475, 592, 570, 538, 443, 517]],)
args__________ ([[105, 240, 227, 232, 381, 336, 408, 248, 273, 276]],)
args__________ ([[108, 960, 973, 951]],)
args__________ ([[110, 402, 412, 383, 258, 324, 373, 271]],)
args__________ ([[133, 513, 310, 485, 426, 372, 446, 249, 379]],)
args__________ ([[139, 240, 227, 232, 381, 336, 408, 248, 273, 276]],)
args__________ ([[156, 324, 402, 412, 383, 182, 373, 258]],)
args__________ ([[157, 900, 924, 318]],)
args__________ ([[133, 513, 310, 485, 426, 372, 446, 249, 164]],)
args__________ ([[72, 324, 402, 412, 383, 258, 373, 182]],)
args__________ ([[192, 644, 961, 385, 689, 239]],)
args__________ ([[110, 402, 412, 383, 195, 324, 373, 271]],)
args__________ ([[196, 997, 824, 809]],)
args__________ ([[207, 672, 517, 443, 592, 538, 570, 475, 596]],)
args__________ ([[133, 513, 310, 485, 426, 372, 446, 214, 379]],)
args__________ ([[221, 548, 644, 601, 518, 689, 315, 569, 305]],)
args__________ ([[26, 993, 137, 223]],)
args__________ ([[105, 240, 227, 232, 381, 336, 408, 248, 273, 276]],)
args__________ ([[105, 240, 227, 232, 381, 336, 408, 248, 273, 276]],)
args__________ ([[233, 730, 700, 639, 682, 652, 529, 554]],)
args__________ ([[239, 569, 689, 644, 601, 385, 548, 493]],)
args__________ ([[105, 240, 227, 232, 381, 336, 408, 248, 273, 276]],)
args__________ ([[221, 548, 644, 601, 518, 245, 523]],)
args__________ ([[105, 240, 227, 232, 381, 336, 408, 248, 273, 276]],)
args__________ ([[133, 513, 310, 485, 426, 372, 446, 249, 379]],)
args__________ ([[72, 324, 402, 412, 383, 258, 373, 182]],)
args__________ ([[259, 866, 924, 990]],)
finish single seed process___________________
left nodes numner:_______ 49
sorted nodes by betweenness [280, 286, 330, 354, 365, 397, 430, 471, 484, 504, 543, 544, 564, 606, 623, 693, 696, 698, 728, 760, 764, 769, 775, 779, 805, 806, 825, 839, 850, 857, 860, 867, 868, 871, 873, 875, 887, 913, 917, 918, 920, 939, 940, 945, 948, 950, 959, 966, 980]
args__________ ([[280, 962, 964, 965]],)
args__________ ([[286, 962, 937, 965]],)
args__________ ([[330, 736, 705, 793]],)
args__________ ([[314, 869, 842, 354]],)
args__________ ([[365, 999, 988, 972]],)
args__________ ([[711, 852, 397, 794]],)
args__________ ([[430, 929, 985, 963]],)
args__________ ([[471, 866, 808, 900, 893]],)
args__________ ([[484, 813, 852, 814, 815]],)
args__________ ([[792, 979, 970, 504, 843]],)
args__________ ([[543, 813, 794, 852, 815]],)
args__________ ([[591, 924, 544, 690, 782]],)
args__________ ([[564, 900, 595, 924, 893]],)
args__________ ([[606, 737, 706, 770, 751]],)
args__________ ([[5, 993, 70, 137, 187, 623]],)
args__________ ([[5, 993, 70, 137, 187, 693]],)
args__________ ([[118, 993, 186, 275, 175, 696]],)
args__________ ([[531, 759, 680, 698, 897, 607]],)
args__________ ([[252, 791, 824, 728, 809, 766]],)
args__________ ([[760, 904, 968, 849, 853, 958, 975]],)
args__________ ([[764, 967, 944, 985, 946, 908, 999]],)
args__________ ([[335, 912, 821, 769, 816, 536]],)
args__________ ([[6, 86, 983, 87, 23, 775]],)
args__________ ([[293, 708, 717, 611, 724, 779, 510]],)
args__________ ([[562, 809, 791, 824, 805, 766, 583]],)
args__________ ([[806, 927, 851, 970, 843, 979, 982]],)
args__________ ([[503, 649, 745, 590, 664, 825, 509, 990]],)
args__________ ([[839, 928, 898, 954, 892, 902, 949, 934]],)
args__________ ([[811, 931, 919, 890, 894, 864, 865, 850]],)
args__________ ([[739, 813, 814, 815, 752, 852, 794, 857]],)
args__________ ([[68, 323, 389, 454, 455, 331, 167, 860]],)
args__________ ([[711, 852, 814, 813, 815, 752, 867, 739]],)
finish single seed process___________________
left nodes numner:_______ 17
sorted nodes by betweenness [868, 871, 873, 875, 887, 913, 917, 918, 920, 939, 940, 945, 948, 950, 959, 966, 980]
args__________ ([[240, 408, 868, 336, 248, 273, 276, 381]],)
args__________ ([[871, 962, 964, 965, 937, 953, 955, 916, 959]],)
args__________ ([[873, 962, 964, 965, 937, 953, 955, 916, 909]],)
args__________ ([[875, 929, 995, 963, 985, 999, 988, 957, 967]],)
args__________ ([[944, 999, 967, 972, 995, 988, 957, 887, 985]],)
args__________ ([[773, 836, 807, 776, 822, 826, 829, 774, 913]],)
args__________ ([[908, 963, 995, 999, 972, 946, 957, 929, 985, 917]],)
args__________ ([[905, 960, 968, 975, 951, 921, 923, 958, 918, 907]],)
args__________ ([[21, 648, 653, 624, 657, 572, 574, 920]],)
args__________ ([[777, 982, 979, 927, 970, 939, 851, 843, 915, 790]],)
args__________ ([[884, 928, 898, 902, 934, 949, 954, 892, 889, 940, 966]],)
args__________ ([[666, 900, 893, 866, 808, 924, 945, 782]],)
args__________ ([[654, 982, 970, 915, 851, 979, 927, 935, 792, 948]],)
args__________ ([[614, 790, 851, 982, 979, 927, 935, 970, 950, 915]],)
args__________ ([[844, 962, 964, 965, 937, 909, 916, 888, 953, 955, 959]],)
args__________ ([[777, 982, 979, 927, 970, 935, 915, 843, 851, 790, 966]],)
args__________ ([[614, 790, 851, 982, 979, 927, 980, 792, 777, 843, 915]],)
finish single seed process___________________
i =  0 [98, 99, 135, 202, 172, 14, 48, 94, 215, 89, 158]
i =  1 [131, 906, 780, 781, 789, 535, 409, 542, 933, 810, 683, 558, 563, 567, 827, 828, 702, 191, 577, 823, 480, 738, 100, 746, 492, 879, 499, 319, 765]
i =  2 [726, 903, 472, 914, 925, 926, 930, 859, 932, 938, 941, 942, 559, 817, 947, 956, 67, 712, 969, 846, 976, 977, 978, 974, 854, 984, 987, 991, 992, 998, 360, 876, 883, 885, 891, 341]
i =  3 [816, 674, 899, 132, 821, 140, 750, 335, 912, 787, 804, 597, 723, 727, 536, 473, 463, 125, 575]
i =  4 [737, 706, 679, 616, 650, 770, 270, 751, 272, 145, 400, 253, 309, 438, 185, 719, 60, 622, 95]
i =  5 [155, 401, 488, 47, 522, 525, 77, 15, 266, 328, 467, 410, 411, 476, 458, 442]
i =  6 [482, 547, 357, 487, 456, 28, 429, 526, 143, 34, 561, 35, 494, 598, 121, 154, 540]
i =  7 [768, 386, 643, 516, 391, 10, 656, 19, 665, 819, 676, 423, 691, 830, 581, 333, 856, 93, 872, 747, 880, 767]
i =  8 [896, 395, 908, 141, 797, 929, 732, 818, 944, 946, 57, 699, 957, 963, 967, 840, 972, 848, 985, 988, 734, 995, 740, 999, 109, 573, 242, 243, 758, 681, 801]
i =  9 [866, 771, 900, 198, 808, 171, 620, 346, 782, 591, 690, 595, 660, 666, 924, 893, 318]
i =  10 [387, 904, 905, 907, 524, 910, 17, 530, 662, 921, 923, 798, 161, 168, 951, 445, 958, 703, 960, 835, 968, 715, 973, 718, 975, 849, 853, 731, 230, 754, 506, 254]
i =  11 [290, 421, 199, 42, 107, 339, 148, 149, 152, 327, 218, 316]
i =  12 [322, 648, 425, 586, 653, 398, 45, 624, 657, 211, 21, 534, 439, 24, 282, 574, 572, 264]
i =  13 [897, 614, 646, 935, 777, 970, 843, 461, 654, 466, 915, 982, 407, 792, 851, 790, 979, 927]
i =  14 [321, 578, 291, 549, 41, 75, 399, 112, 11, 84, 213, 342, 176, 25, 85, 351]
i =  15 [257, 355, 453, 582, 680, 43, 334, 375, 433, 531, 692, 759, 219, 188, 477, 670, 607]
i =  16 [224, 194, 201, 177, 147, 53, 150, 122, 91, 189, 895]
i =  17 [522, 155, 328, 47, 458, 525, 15, 77, 401, 557, 467, 442, 411, 476, 266, 410]
i =  18 [104, 235, 82, 173, 113, 178, 936, 183, 217, 124]
i =  19 [866, 900, 198, 808, 620, 171, 812, 782, 591, 690, 595, 660, 346, 924, 893, 318, 666]
i =  20 [642, 521, 778, 403, 919, 795, 668, 287, 162, 931, 811, 63, 710, 481, 714, 634, 864, 865, 491, 890, 367, 894, 762, 638]
i =  21 [160, 256, 292, 545, 393, 555, 551, 495, 560, 627, 307, 246, 313, 602, 444, 541, 4, 686]
i =  22 [82, 785, 104, 235, 173, 113, 178, 183, 217, 124]
i =  23 [131, 906, 780, 781, 789, 535, 409, 542, 933, 810, 683, 558, 563, 567, 827, 828, 702, 191, 577, 823, 480, 738, 100, 492, 879, 499, 319, 765]
i =  24 [673, 610, 763, 645, 33, 136, 394, 684, 722, 755, 190, 22, 600, 635, 796, 990]
i =  25 [739, 711, 1000, 263, 556, 813, 814, 815, 752, 427, 675, 852, 478, 599, 794, 667, 413, 222]
i =  26 [263, 675, 711, 971, 556, 813, 814, 815, 752, 427, 739, 852, 478, 599, 794, 667, 413, 222]
i =  27 [18, 836, 773, 774, 807, 776, 297, 298, 204, 237, 593, 370, 822, 996, 826, 829, 741]
i =  28 [288, 225, 802, 869, 550, 231, 744, 713, 842, 299, 332, 338, 303, 274, 659, 340, 629, 820, 314]
i =  29 [736, 961, 344, 228, 134, 742, 422, 729, 619, 749, 432, 312, 788, 761, 632, 793, 705, 604, 414, 735]
i =  30 [768, 386, 516, 391, 10, 656, 19, 665, 819, 676, 423, 943, 691, 830, 581, 333, 856, 93, 872, 747, 880, 767]
i =  31 [675, 263, 427, 556, 813, 711, 815, 752, 222, 739, 852, 814, 599, 413, 794, 667, 922, 478]
i =  32 [514, 356, 677, 583, 809, 743, 877, 753, 562, 546, 212, 791, 824, 252, 766]
i =  33 [417, 834, 419, 420, 293, 102, 717, 304, 369, 210, 611, 308, 724, 708, 510]
i =  34 [448, 323, 68, 389, 454, 455, 169, 331, 46, 20, 174, 167]
i =  35 [673, 610, 635, 645, 870, 33, 136, 394, 684, 722, 755, 22, 600, 763, 796, 190]
i =  36 [640, 898, 5, 902, 137, 783, 528, 275, 533, 279, 26, 90, 928, 934, 428, 175, 180, 949, 54, 116, 954, 187, 62, 565, 800, 118, 70, 71, 464, 725, 186, 986, 861, 993, 678, 38, 884, 886, 631, 889, 123, 892]
i =  37 [128, 130, 901, 106, 268, 238, 241, 281, 348, 285, 997]
i =  38 [832, 994, 483, 964, 965, 845, 29, 937, 362, 844, 962, 909, 658, 515, 916, 278, 888, 953, 955, 989, 799]
i =  39 [816, 674, 899, 132, 874, 140, 750, 335, 912, 787, 597, 723, 804, 536, 473, 463, 125, 575, 821]
i =  40 [912, 674, 899, 132, 597, 140, 750, 463, 816, 536, 787, 821, 723, 804, 952, 473, 335, 125, 575]
i =  41 [896, 395, 908, 141, 797, 929, 681, 818, 944, 946, 57, 699, 573, 963, 967, 840, 972, 848, 981, 985, 732, 734, 995, 740, 999, 988, 109, 957, 242, 243, 758, 801]
i =  42 [1, 163, 260, 197, 295, 489, 203, 655, 80, 209, 497, 469, 115, 329, 636]
i =  43 [384, 289, 2, 451, 359, 7, 226, 184, 179, 181, 376, 441, 347]
i =  44 [64, 193, 66, 3, 166, 88, 117, 56, 159]
i =  45 [694, 6, 74, 983, 911, 86, 23, 87, 31]
i =  46 [384, 289, 226, 451, 7, 359, 2, 376, 179, 181, 184, 441, 347]
i =  47 [131, 8, 906, 780, 781, 789, 535, 409, 542, 933, 810, 683, 558, 563, 567, 827, 828, 702, 191, 577, 823, 480, 738, 100, 492, 879, 499, 319, 765]
i =  48 [608, 449, 388, 39, 9, 589, 462, 434, 498, 435, 277, 374, 119, 507, 380, 361]
i =  49 [416, 358, 40, 300, 382, 12, 205, 78, 111, 142, 127, 350, 255]
i =  50 [418, 261, 647, 520, 649, 745, 13, 590, 306, 405, 503, 664, 284, 509, 30]
i =  51 [33, 610, 635, 645, 673, 136, 394, 684, 16, 722, 755, 22, 600, 763, 796, 190]
i =  52 [694, 6, 74, 983, 911, 86, 23, 87, 31]
i =  53 [392, 138, 784, 786, 27, 415, 552, 437, 831, 576, 833, 837, 838, 208, 605, 609, 615, 617, 621, 878, 371, 247, 250, 637, 126]
i =  54 [418, 261, 647, 520, 649, 503, 590, 306, 405, 745, 664, 284, 509, 30]
i =  55 [694, 6, 74, 983, 911, 86, 23, 87, 31]
i =  56 [640, 898, 902, 783, 528, 533, 279, 32, 678, 428, 565, 54, 954, 949, 928, 464, 725, 861, 800, 934, 884, 886, 631, 889, 123, 892]
i =  57 [97, 450, 803, 36, 709, 326, 519, 841, 490, 695, 236, 630, 206, 721, 566, 855, 858, 508, 37, 863]
i =  58 [97, 450, 803, 36, 37, 326, 519, 841, 490, 855, 236, 206, 721, 709, 630, 695, 566, 858, 508, 863]
i =  59 [608, 449, 388, 39, 361, 589, 462, 434, 498, 435, 9, 277, 374, 119, 507, 380]
i =  60 [416, 897, 358, 40, 300, 382, 12, 205, 142, 111, 78, 255, 350, 127]
i =  61 [352, 320, 390, 200, 457, 44, 377, 18, 73, 537, 474, 479, 92, 447]
i =  62 [101, 296, 396, 302, 431, 49, 50, 568, 283, 220, 61, 229]
i =  63 [101, 296, 396, 302, 431, 952, 50, 568, 283, 220, 61, 229]
i =  64 [83, 772, 468, 553, 756, 587, 452, 685, 688, 594, 51, 244, 661, 406, 585, 216, 505, 251, 317, 345, 671]
i =  65 [704, 129, 707, 165, 262, 663, 716, 847, 496, 881, 882, 436, 757, 311, 532, 378, 687, 325, 733, 862, 52]
i =  66 [424, 265, 170, 55, 364, 146, 144, 465, 114, 151, 59, 511]
i =  67 [64, 193, 66, 3, 166, 88, 117, 56, 159]
i =  68 [512, 579, 612, 748, 234, 267, 588, 366, 527, 720, 337, 626, 500, 153, 697, 58, 669]
i =  69 [424, 265, 170, 151, 364, 146, 144, 465, 114, 55, 59, 511]
i =  70 [101, 296, 396, 302, 431, 50, 568, 283, 220, 61, 229]
i =  71 [64, 193, 66, 3, 166, 88, 117, 56, 159]
i =  72 [96, 65, 651, 580, 613, 486, 641, 459, 301, 353, 368, 625, 501, 502, 120, 633, 701]
i =  73 [64, 193, 66, 3, 166, 88, 117, 56, 159]
i =  74 [672, 443, 69, 103, 207, 592, 596, 349, 570, 571, 538, 475, 517]
i =  75 [258, 195, 324, 72, 156, 110, 271, 402, 373, 182, 412, 383]
i =  76 [131, 906, 780, 781, 789, 535, 409, 542, 933, 810, 683, 558, 563, 567, 827, 828, 702, 191, 577, 823, 76, 480, 738, 100, 492, 879, 499, 319, 765]
i =  77 [866, 900, 198, 808, 171, 620, 782, 79, 690, 595, 660, 346, 591, 924, 893, 318, 666]
i =  78 [514, 356, 677, 583, 809, 743, 546, 81, 562, 212, 791, 824, 753, 252, 766]
i =  79 [672, 443, 517, 103, 207, 592, 596, 349, 570, 571, 538, 475, 69]
i =  80 [336, 408, 227, 232, 105, 139, 240, 273, 276, 248, 381]
i =  81 [387, 904, 905, 907, 524, 910, 17, 530, 662, 921, 923, 798, 161, 168, 951, 445, 958, 703, 960, 835, 968, 715, 973, 718, 975, 849, 853, 731, 230, 108, 754, 506, 254]
i =  82 [258, 195, 324, 72, 156, 110, 271, 402, 373, 182, 412, 383]
i =  83 [214, 513, 164, 133, 294, 426, 372, 310, 343, 249, 379, 446, 485]
i =  84 [336, 408, 227, 232, 105, 139, 240, 273, 276, 248, 381]
i =  85 [258, 195, 324, 72, 156, 110, 271, 402, 373, 182, 412, 383]
i =  86 [866, 900, 198, 893, 808, 171, 620, 782, 591, 690, 595, 660, 346, 924, 157, 318, 666]
i =  87 [214, 513, 164, 133, 294, 426, 372, 310, 343, 249, 379, 446, 485]
i =  88 [258, 195, 324, 72, 156, 110, 271, 402, 373, 182, 412, 383]
i =  89 [192, 961, 363, 644, 569, 518, 385, 523, 493, 239, 305, 245, 601, 548, 315, 221, 689]
i =  90 [258, 195, 324, 72, 156, 110, 271, 402, 373, 182, 412, 383]
i =  91 [128, 514, 268, 130, 791, 281, 285, 546, 677, 241, 809, 562, 824, 196, 583, 212, 356, 997, 743, 106, 238, 753, 252, 766]
i =  92 [672, 571, 443, 517, 103, 207, 592, 596, 349, 570, 475, 538, 69]
i =  93 [214, 513, 164, 133, 294, 426, 372, 310, 343, 249, 379, 446, 485]
i =  94 [192, 385, 363, 644, 518, 689, 523, 548, 493, 239, 305, 245, 601, 569, 315, 221]
i =  95 [993, 5, 38, 71, 137, 175, 118, 275, 116, 54, 186, 180, 90, 187, 70, 26, 62, 223]
i =  96 [336, 408, 227, 232, 105, 139, 240, 273, 276, 248, 381]
i =  97 [336, 408, 227, 232, 105, 139, 240, 273, 276, 248, 381]
i =  98 [652, 539, 618, 584, 233, 682, 460, 269, 529, 404, 470, 440, 628, 730, 603, 700, 554, 639]
i =  99 [192, 385, 523, 644, 518, 305, 363, 548, 493, 239, 689, 245, 601, 569, 315, 221]
i =  100 [336, 408, 227, 232, 105, 139, 240, 273, 276, 248, 381]
i =  101 [192, 385, 523, 548, 569, 518, 689, 363, 493, 239, 305, 245, 601, 644, 315, 221]
i =  102 [336, 408, 227, 232, 105, 139, 240, 273, 276, 248, 381]
i =  103 [214, 513, 164, 133, 294, 426, 372, 310, 343, 249, 379, 446, 485]
i =  104 [258, 195, 324, 72, 156, 110, 271, 402, 373, 182, 412, 383]
i =  105 [866, 259, 900, 198, 808, 171, 620, 782, 591, 157, 690, 595, 660, 318, 346, 924, 893, 990, 666]
i =  106 [832, 962, 483, 964, 965, 937, 362, 844, 845, 909, 888, 658, 515, 916, 278, 280, 953, 955, 29, 799]
i =  107 [832, 962, 483, 964, 965, 937, 362, 844, 845, 909, 658, 515, 916, 278, 888, 953, 955, 348, 29, 286, 799]
i =  108 [736, 705, 228, 134, 422, 330, 619, 749, 432, 632, 788, 414, 742, 729, 312, 793, 735, 604, 761, 344]
i =  109 [288, 225, 354, 869, 550, 231, 744, 713, 842, 299, 332, 274, 303, 338, 659, 340, 629, 820, 314, 802]
i =  110 [896, 395, 908, 141, 365, 797, 929, 681, 946, 944, 818, 57, 699, 957, 963, 967, 840, 972, 848, 985, 732, 734, 995, 740, 999, 988, 109, 573, 242, 243, 758, 801]
i =  111 [263, 675, 667, 711, 427, 556, 813, 814, 397, 752, 739, 852, 478, 599, 794, 815, 413, 222]
i =  112 [896, 395, 908, 141, 797, 929, 681, 946, 430, 944, 818, 57, 699, 573, 963, 967, 840, 972, 848, 985, 732, 734, 995, 740, 999, 988, 109, 957, 242, 243, 758, 801]
i =  113 [866, 900, 198, 808, 171, 620, 782, 591, 690, 595, 660, 471, 346, 924, 893, 318, 666]
i =  114 [675, 484, 263, 427, 556, 813, 814, 815, 752, 739, 852, 711, 599, 478, 794, 667, 413, 222]
i =  115 [614, 646, 935, 777, 970, 843, 461, 654, 504, 466, 979, 790, 407, 792, 982, 851, 915, 927]
i =  116 [263, 675, 711, 427, 556, 813, 814, 815, 752, 739, 852, 478, 599, 794, 667, 413, 222, 543]
i =  117 [544, 866, 900, 198, 808, 171, 620, 782, 591, 690, 595, 660, 346, 924, 893, 318, 666]
i =  118 [866, 900, 198, 808, 171, 620, 782, 591, 690, 595, 564, 660, 346, 924, 893, 318, 666]
i =  119 [737, 706, 309, 679, 616, 650, 770, 270, 751, 272, 145, 400, 622, 438, 185, 719, 60, 253, 606, 95]
i =  120 [993, 5, 38, 71, 623, 137, 175, 118, 275, 116, 54, 186, 180, 90, 187, 70, 26, 62]
i =  121 [993, 90, 5, 38, 71, 137, 175, 118, 275, 116, 693, 54, 180, 26, 187, 70, 186, 62]
i =  122 [993, 90, 54, 38, 71, 137, 175, 275, 116, 118, 696, 180, 26, 187, 70, 186, 62, 5]
i =  123 [897, 355, 453, 582, 257, 680, 43, 334, 375, 433, 531, 759, 698, 219, 188, 477, 670, 607]
i =  124 [514, 356, 677, 743, 809, 583, 728, 546, 753, 562, 212, 791, 824, 252, 766]
i =  125 [387, 904, 905, 907, 524, 910, 17, 530, 662, 921, 923, 798, 161, 168, 951, 445, 958, 703, 960, 835, 968, 715, 973, 718, 975, 849, 853, 731, 230, 754, 760, 506, 254]
i =  126 [896, 395, 908, 141, 797, 929, 681, 946, 944, 818, 57, 699, 957, 963, 967, 840, 972, 848, 985, 732, 734, 995, 740, 999, 988, 109, 573, 242, 243, 758, 764, 801]
i =  127 [769, 674, 899, 132, 140, 750, 335, 912, 723, 575, 597, 804, 536, 473, 463, 816, 125, 787, 821]
i =  128 [694, 6, 775, 74, 983, 86, 87, 23, 31]
i =  129 [417, 611, 708, 293, 102, 779, 717, 304, 369, 210, 419, 308, 420, 724, 510]
i =  130 [514, 356, 805, 583, 809, 743, 546, 753, 562, 212, 791, 824, 252, 766, 677]
i =  131 [806, 614, 935, 777, 970, 843, 461, 646, 466, 851, 654, 982, 407, 792, 790, 915, 979, 927]
i =  132 [418, 261, 647, 520, 649, 30, 503, 590, 306, 405, 745, 664, 825, 284, 509, 990]
i =  133 [640, 898, 902, 783, 528, 533, 279, 928, 934, 428, 949, 954, 565, 800, 839, 464, 725, 861, 678, 884, 886, 631, 889, 123, 892]
i =  134 [642, 521, 778, 403, 919, 795, 668, 287, 162, 931, 811, 63, 710, 481, 714, 850, 634, 864, 865, 762, 491, 367, 894, 890, 638]
i =  135 [263, 739, 711, 427, 556, 813, 814, 815, 752, 675, 852, 478, 599, 857, 794, 667, 413, 222]
i =  136 [323, 68, 389, 454, 455, 169, 331, 174, 20, 46, 860, 167]
i =  137 [867, 711, 263, 556, 813, 814, 815, 752, 427, 739, 852, 675, 599, 478, 794, 667, 413, 222]
i =  138 [336, 408, 227, 868, 232, 105, 139, 240, 273, 276, 248, 381]
i =  139 [832, 799, 962, 483, 964, 965, 871, 937, 362, 844, 845, 909, 658, 515, 916, 278, 888, 953, 955, 29, 959]
i =  140 [832, 962, 483, 964, 965, 873, 362, 844, 909, 845, 658, 515, 916, 278, 937, 888, 953, 955, 29, 799]
i =  141 [896, 395, 908, 141, 797, 929, 681, 946, 944, 818, 57, 699, 573, 963, 967, 840, 972, 848, 985, 732, 734, 995, 740, 999, 875, 988, 109, 957, 242, 243, 758, 801]
i =  142 [896, 395, 908, 141, 797, 929, 681, 946, 944, 818, 57, 699, 573, 963, 967, 840, 972, 848, 985, 988, 734, 995, 740, 999, 109, 957, 242, 243, 732, 758, 887, 801]
i =  143 [836, 773, 774, 807, 776, 297, 298, 204, 237, 593, 913, 370, 822, 826, 829, 741]
i =  144 [896, 395, 908, 141, 67, 917, 797, 929, 681, 818, 944, 946, 57, 699, 573, 963, 967, 840, 972, 848, 985, 732, 734, 995, 740, 999, 988, 109, 957, 242, 243, 758, 801]
i =  145 [387, 918, 904, 905, 907, 524, 910, 17, 530, 662, 921, 923, 798, 161, 168, 951, 445, 958, 703, 960, 835, 968, 715, 973, 718, 975, 849, 853, 731, 230, 754, 506, 254]
i =  146 [322, 648, 425, 586, 24, 653, 398, 45, 624, 657, 211, 264, 21, 534, 439, 920, 282, 572, 574]
i =  147 [843, 646, 614, 935, 777, 970, 939, 461, 654, 466, 979, 790, 407, 792, 982, 851, 915, 927]
i =  148 [640, 898, 902, 940, 783, 528, 533, 279, 928, 934, 428, 949, 954, 565, 800, 966, 464, 725, 861, 678, 884, 886, 631, 889, 123, 892]
i =  149 [866, 900, 198, 808, 171, 620, 782, 591, 945, 690, 595, 660, 346, 924, 893, 318, 666]
i =  150 [614, 646, 935, 777, 970, 843, 461, 654, 466, 851, 948, 982, 407, 792, 790, 915, 979, 927]
i =  151 [614, 646, 935, 777, 970, 843, 461, 654, 466, 851, 950, 407, 792, 982, 790, 915, 979, 927]
i =  152 [832, 799, 962, 483, 964, 965, 937, 362, 844, 909, 845, 658, 515, 916, 278, 888, 953, 955, 29, 959]
i =  153 [646, 966, 935, 777, 970, 843, 614, 654, 461, 466, 979, 790, 407, 792, 982, 851, 915, 927]
i =  154 [614, 646, 935, 777, 970, 843, 461, 654, 466, 851, 980, 790, 407, 792, 982, 915, 979, 927]
finish get all communities
complete deal_communities
commplete get_all_nature_community
----------------------------------The detection result is: 

all communities: 
i =  1 : [14, 48, 89, 94, 98, 99, 135, 158, 172, 202, 215]
i =  2 : [67, 341, 360, 472, 559, 712, 726, 817, 846, 854, 859, 876, 883, 885, 891, 903, 914, 925, 926, 930, 932, 938, 941, 942, 947, 956, 969, 974, 976, 977, 978, 984, 987, 991, 992, 998]
i =  3 : [28, 34, 35, 121, 143, 154, 357, 429, 456, 482, 487, 494, 526, 540, 547, 561, 598]
i =  4 : [42, 107, 148, 149, 152, 199, 218, 290, 316, 327, 339, 421]
i =  5 : [11, 25, 41, 75, 84, 85, 112, 176, 213, 291, 321, 342, 351, 399, 549, 578]
i =  6 : [53, 91, 122, 147, 150, 177, 189, 194, 201, 224, 895]
i =  7 : [82, 104, 113, 124, 173, 178, 183, 217, 235, 936]
i =  8 : [4, 160, 246, 256, 292, 307, 313, 393, 444, 495, 541, 545, 551, 555, 560, 602, 627, 686]
i =  9 : [82, 104, 113, 124, 173, 178, 183, 217, 235, 785]
i =  10 : [5, 26, 38, 54, 62, 70, 71, 90, 116, 118, 123, 137, 175, 180, 186, 187, 275, 279, 428, 464, 528, 533, 565, 631, 640, 678, 725, 783, 800, 861, 884, 886, 889, 892, 898, 902, 928, 934, 949, 954, 986, 993]
i =  11 : [106, 128, 130, 238, 241, 268, 281, 285, 348, 901, 997]
i =  12 : [1, 80, 115, 163, 197, 203, 209, 260, 295, 329, 469, 489, 497, 636, 655]
i =  13 : [2, 7, 179, 181, 184, 226, 289, 347, 359, 376, 384, 441, 451]
i =  14 : [3, 56, 64, 66, 88, 117, 159, 166, 193]
i =  15 : [9, 39, 119, 277, 361, 374, 380, 388, 434, 435, 449, 462, 498, 507, 589, 608]
i =  16 : [27, 126, 138, 208, 247, 250, 371, 392, 415, 437, 552, 576, 605, 609, 615, 617, 621, 637, 784, 786, 831, 833, 837, 838, 878]
i =  17 : [36, 37, 97, 206, 236, 326, 450, 490, 508, 519, 566, 630, 695, 709, 721, 803, 841, 855, 858, 863]
i =  18 : [12, 40, 78, 111, 127, 142, 205, 255, 300, 350, 358, 382, 416, 897]
i =  19 : [18, 44, 73, 92, 200, 320, 352, 377, 390, 447, 457, 474, 479, 537]
i =  20 : [51, 83, 216, 244, 251, 317, 345, 406, 452, 468, 505, 553, 585, 587, 594, 661, 671, 685, 688, 756, 772]
i =  21 : [52, 129, 165, 262, 311, 325, 378, 436, 496, 532, 663, 687, 704, 707, 716, 733, 757, 847, 862, 881, 882]
i =  22 : [55, 59, 114, 144, 146, 151, 170, 265, 364, 424, 465, 511]
i =  23 : [58, 153, 234, 267, 337, 366, 500, 512, 527, 579, 588, 612, 626, 669, 697, 720, 748]
i =  24 : [65, 96, 120, 301, 353, 368, 459, 486, 501, 502, 580, 613, 625, 633, 641, 651, 701]
i =  25 : [69, 103, 207, 349, 443, 475, 517, 538, 570, 571, 592, 596, 672]
i =  26 : [72, 110, 156, 182, 195, 258, 271, 324, 373, 383, 402, 412]
i =  27 : [133, 164, 214, 249, 294, 310, 343, 372, 379, 426, 446, 485, 513]
i =  28 : [192, 221, 239, 245, 305, 315, 363, 385, 493, 518, 523, 548, 569, 601, 644, 689, 961]
i =  29 : [106, 128, 130, 196, 212, 238, 241, 252, 268, 281, 285, 356, 514, 546, 562, 583, 677, 743, 753, 766, 791, 809, 824, 997]
i =  30 : [233, 269, 404, 440, 460, 470, 529, 539, 554, 584, 603, 618, 628, 639, 652, 682, 700, 730]
i =  31 : [225, 231, 274, 288, 299, 303, 314, 332, 338, 340, 354, 550, 629, 659, 713, 744, 802, 820, 842, 869]
i =  32 : [60, 95, 145, 185, 253, 270, 272, 309, 400, 438, 606, 616, 622, 650, 679, 706, 719, 737, 751, 770]
i =  33 : [63, 162, 287, 367, 403, 481, 491, 521, 634, 638, 642, 668, 710, 714, 762, 778, 795, 811, 850, 864, 865, 890, 894, 919, 931]
i =  34 : [105, 139, 227, 232, 240, 248, 273, 276, 336, 381, 408, 868]
i =  35 : [21, 24, 45, 211, 264, 282, 322, 398, 425, 439, 534, 572, 574, 586, 624, 648, 653, 657, 920]
i =  36 : [15, 47, 77, 155, 266, 328, 401, 410, 411, 442, 458, 467, 476, 488, 522, 525, 557]
i =  37 : [10, 19, 93, 333, 386, 391, 423, 516, 581, 643, 656, 665, 676, 691, 747, 767, 768, 819, 830, 856, 872, 880, 943]
i =  38 : [43, 188, 219, 257, 334, 355, 375, 433, 453, 477, 531, 582, 607, 670, 680, 692, 698, 759, 897]
i =  39 : [18, 204, 237, 297, 298, 370, 593, 741, 773, 774, 776, 807, 822, 826, 829, 836, 913, 996]
i =  40 : [134, 228, 312, 330, 344, 414, 422, 432, 604, 619, 632, 705, 729, 735, 736, 742, 749, 761, 788, 793, 961]
i =  41 : [102, 210, 293, 304, 308, 369, 417, 419, 420, 510, 611, 708, 717, 724, 779, 834]
i =  42 : [20, 46, 68, 167, 169, 174, 323, 331, 389, 448, 454, 455, 860]
i =  43 : [6, 23, 31, 74, 86, 87, 694, 775, 911, 983]
i =  44 : [13, 30, 261, 284, 306, 405, 418, 503, 509, 520, 590, 647, 649, 664, 745, 825, 990]
i =  45 : [49, 50, 61, 101, 220, 229, 283, 296, 302, 396, 431, 568, 952]
i =  46 : [8, 76, 100, 131, 191, 319, 409, 480, 492, 499, 535, 542, 558, 563, 567, 577, 683, 702, 738, 746, 765, 780, 781, 789, 810, 823, 827, 828, 879, 906, 933]
i =  47 : [16, 22, 33, 136, 190, 394, 600, 610, 635, 645, 673, 684, 722, 755, 763, 796, 870, 990]
i =  48 : [32, 54, 123, 279, 428, 464, 528, 533, 565, 631, 640, 678, 725, 783, 800, 839, 861, 884, 886, 889, 892, 898, 902, 928, 934, 940, 949, 954, 966]
i =  49 : [17, 108, 161, 168, 230, 254, 387, 445, 506, 524, 530, 662, 703, 715, 718, 731, 754, 760, 798, 835, 849, 853, 904, 905, 907, 910, 918, 921, 923, 951, 958, 960, 968, 973, 975]
i =  50 : [125, 132, 140, 335, 463, 473, 536, 575, 597, 674, 723, 727, 750, 769, 787, 804, 816, 821, 874, 899, 912, 952]
i =  51 : [81, 212, 252, 356, 514, 546, 562, 583, 677, 728, 743, 753, 766, 791, 805, 809, 824, 877]
i =  52 : [5, 26, 38, 54, 62, 70, 71, 90, 116, 118, 137, 175, 180, 186, 187, 223, 275, 623, 693, 696, 993]
i =  53 : [29, 278, 280, 286, 348, 362, 483, 515, 658, 799, 832, 844, 845, 871, 873, 888, 909, 916, 937, 953, 955, 959, 962, 964, 965, 989, 994]
i =  54 : [57, 67, 109, 141, 242, 243, 365, 395, 430, 573, 681, 699, 732, 734, 740, 758, 764, 797, 801, 818, 840, 848, 875, 887, 896, 908, 917, 929, 944, 946, 957, 963, 967, 972, 981, 985, 988, 995, 999]
i =  55 : [79, 157, 171, 198, 259, 318, 346, 471, 544, 564, 591, 595, 620, 660, 666, 690, 771, 782, 808, 812, 866, 893, 900, 924, 945, 990]
i =  56 : [407, 461, 466, 504, 614, 646, 654, 777, 790, 792, 806, 843, 851, 897, 915, 927, 935, 939, 948, 950, 966, 970, 979, 980, 982]
i =  57 : [222, 263, 397, 413, 427, 478, 484, 543, 556, 599, 667, 675, 711, 739, 752, 794, 813, 814, 815, 852, 857, 867, 922, 971, 1000]
overlapping nodes are:  [5, 18, 26, 38, 54, 62, 67, 70, 71, 82, 90, 104, 106, 113, 116, 118, 123, 124, 128, 130, 137, 173, 175, 178, 180, 183, 186, 187, 212, 217, 235, 238, 241, 252, 268, 275, 279, 281, 285, 348, 356, 428, 464, 514, 528, 533, 546, 562, 565, 583, 631, 640, 677, 678, 725, 743, 753, 766, 783, 791, 800, 809, 824, 861, 884, 886, 889, 892, 897, 898, 902, 928, 934, 949, 952, 954, 961, 966, 990, 993, 997] 
 NOO is:  81
total time is:  186.641698837
