lens of ground_truth:  61
ground_truth is: [[225, 248, 257, 317, 435, 462, 483, 510, 538, 547, 622, 643, 677, 703, 728, 828, 904, 931, 934, 936, 981], [1, 15, 99, 114, 120, 128, 179, 213, 245, 280, 329, 357, 525], [2, 69, 325, 400, 444, 458, 478, 494, 516, 531, 580, 602, 621, 717, 788, 805, 806, 817, 838, 841, 846, 848, 851, 860, 870, 871, 893, 894, 897, 899, 907, 909, 922, 942, 971, 979, 981, 982, 986, 990], [278, 330, 480, 531, 631, 654, 658, 750, 764, 785, 802, 811, 840, 841, 855, 860, 861, 866, 870, 879, 882, 886, 889, 893, 898, 899, 901, 903, 904, 913, 914, 919, 929, 936, 937, 943, 944, 947, 949, 952, 961, 963, 967, 968, 970, 975, 977, 979, 987, 992], [111, 115, 217, 330, 334, 396, 408, 459, 461, 512, 527, 528, 545, 581, 606, 662, 724, 785, 791, 810, 870, 882, 883, 885, 893, 897, 905, 929, 949, 961, 971, 978, 979, 987, 991, 1000], [35, 220, 283, 502, 525, 531, 578, 594, 601, 654, 658, 687, 704, 733, 750, 764, 774, 785, 796, 811, 840, 851, 858, 881, 884, 901, 903, 904, 908, 911, 912, 914, 918, 921, 929, 949, 957, 961, 962, 969, 974, 984, 986, 994, 999], [69, 283, 330, 474, 504, 564, 567, 641, 726, 744, 754, 757, 764, 772, 785, 814, 820, 822, 834, 837, 855, 861, 865, 879, 889, 893, 903, 905, 906, 916, 929, 939, 946, 955, 961, 964, 967, 987], [5, 43, 51, 253, 282, 309, 453, 513, 541, 544, 552, 565, 566, 573, 593, 764, 851, 992], [50, 74, 91, 104, 129, 269, 273, 275, 339, 347, 425, 530, 931], [182, 270, 366, 387, 456, 484, 539, 574, 590, 625, 628, 640, 645, 684, 690, 732, 737, 796, 841, 854, 934, 943], [21, 190, 251, 260, 338, 369, 394, 519, 563, 584, 607, 661, 691, 708, 722, 750, 751, 778, 886, 907, 936, 971, 982, 990], [18, 38, 77, 162, 278, 293, 330, 348, 372, 463, 502, 512, 612, 631, 651, 658, 750, 781, 785, 819, 824, 832, 840, 855, 870, 882, 888, 897, 898, 905, 907, 909, 929, 949, 951, 953, 956, 978, 979, 982, 991, 1000], [84, 89, 119, 195, 224, 246, 261, 305, 315, 320, 440, 897, 979], [3, 14, 29, 78, 79, 80, 116, 199, 914, 965], [183, 248, 382, 388, 400, 416, 441, 452, 500, 503, 559, 560, 616, 657, 669, 681, 707, 727, 762, 783, 790, 793, 854, 962], [69, 125, 136, 205, 232, 270, 303, 306, 417, 469, 478, 486, 501, 532, 582, 639, 680, 958, 965], [58, 270, 307, 322, 346, 389, 437, 470, 543, 600, 618, 636, 663, 695, 706, 748, 756, 787, 796, 799, 800, 863, 936, 971, 991, 998], [38, 133, 161, 221, 222, 227, 230, 238, 291, 332, 351, 383, 401, 907], [363, 391, 502, 516, 531, 538, 650, 654, 734, 743, 750, 773, 779, 796, 807, 811, 813, 834, 838, 874, 877, 886, 899, 901, 904, 907, 910, 925, 926, 938, 943, 946, 948, 949, 962, 964, 973, 974, 980, 985, 988, 992, 993, 995, 996, 998], [34, 72, 113, 124, 130, 145, 152, 164, 210, 267, 834, 965], [138, 259, 302, 350, 457, 477, 569, 572, 605, 649, 651, 654, 687, 702, 705, 710, 746, 784, 841, 854, 860, 902, 934, 958, 967, 982], [12, 68, 223, 244, 319, 371, 406, 446, 455, 495, 536, 540, 555, 556, 614, 633, 654, 672, 714, 718, 745, 767, 837, 879], [10, 144, 163, 171, 192, 279, 285, 359, 402, 579, 588, 591, 603, 626, 631, 943, 958], [20, 76, 107, 146, 167, 236, 243, 308, 311, 898, 946, 958], [8, 118, 126, 132, 140, 151, 155, 176, 185, 796, 904], [13, 31, 108, 258, 301, 331, 368, 385, 429, 432, 451, 524, 576, 638, 675, 837, 863, 879, 931, 965], [378, 384, 436, 449, 492, 522, 537, 608, 620, 659, 664, 686, 696, 851, 863, 901, 914, 922, 967, 997], [49, 361, 377, 423, 472, 526, 557, 586, 589, 619, 627, 828, 914, 931, 934, 982, 985, 989], [25, 54, 92, 105, 166, 191, 193, 194, 200, 284, 921], [57, 122, 165, 188, 202, 218, 233, 288, 321, 360, 651, 986], [27, 37, 137, 148, 150, 203, 208, 298, 344, 367, 498, 571, 598, 615, 647, 651, 666, 671, 730, 747, 854, 860], [7, 64, 67, 94, 142, 149, 177, 189, 204, 215, 295, 687], [53, 75, 83, 231, 242, 247, 265, 316, 341, 376, 409, 834, 989], [26, 33, 90, 100, 187, 228, 333, 407, 418, 420, 438, 488, 837, 861], [125, 153, 156, 219, 283, 387, 393, 448, 478, 493, 525, 562, 595, 602, 770, 780, 786, 811, 823, 830, 834, 854, 855, 872, 889, 901, 903, 908, 909, 915, 923, 924, 926, 927, 930, 962, 964, 967, 974], [56, 168, 175, 372, 381, 390, 413, 445, 553, 570, 624, 630, 644, 679, 712, 798, 828, 961, 985, 989, 998], [52, 110, 153, 265, 292, 324, 400, 502, 515, 530, 531, 550, 551, 635, 651, 682, 688, 713, 721, 738, 740, 755, 760, 771, 838, 841, 849, 895, 898, 902, 903, 920, 922, 931, 933, 945, 950, 954, 959, 960, 986], [98, 125, 197, 255, 323, 372, 398, 405, 431, 471, 497, 502, 516, 523, 538, 611, 632, 716, 723, 798, 889, 948, 958, 991, 992], [42, 143, 147, 169, 173, 178, 262, 410, 415, 442, 476, 479, 491, 535, 943], [39, 86, 102, 153, 159, 186, 214, 250, 475, 508, 534, 542, 554, 948, 987, 998], [19, 35, 38, 48, 125, 157, 265, 270, 387, 397, 511, 517, 533, 538, 546, 583, 631, 678, 700, 765, 775, 780, 816, 825, 827, 974, 986], [35, 38, 81, 93, 123, 160, 196, 248, 299, 304, 454, 473, 487, 512, 623, 646, 699, 711, 741, 749, 769, 840, 905], [125, 158, 184, 250, 265, 289, 356, 387, 400, 430, 439, 496, 520, 602, 648, 665, 687, 829, 850, 852, 861, 882, 893, 896, 908, 926, 932, 936, 946, 948, 964, 985, 989, 990, 998], [47, 69, 85, 121, 209, 263, 272, 326, 374, 379, 428, 905, 997], [32, 46, 65, 70, 139, 174, 207, 241, 658, 889, 926], [135, 248, 250, 265, 337, 386, 460, 509, 587, 667, 676, 687, 694, 701, 731, 735, 777, 803, 821, 835, 842, 861, 873, 876, 878, 880, 886, 887, 892, 900, 902, 917, 928, 941, 948, 964, 965, 966, 972, 976, 983, 985], [40, 235, 268, 395, 399, 404, 466, 602, 692, 693, 697, 709, 720, 742, 752, 782, 792, 795, 797, 808, 812, 815, 833, 845, 856, 862, 899, 934, 997], [9, 35, 44, 87, 95, 123, 153, 180, 266, 353, 362, 364, 400, 424, 558, 698, 715, 719, 725, 761, 766, 768, 804, 837, 997], [30, 117, 172, 234, 352, 375, 380, 421, 422, 426, 482, 549, 568, 575, 585, 798, 851, 921], [22, 88, 123, 212, 237, 250, 256, 296, 392, 505, 507, 514, 521, 538, 592, 609, 629, 656, 660, 736, 753, 759, 997], [36, 101, 131, 153, 283, 342, 349, 387, 478, 481, 516, 525, 597, 602, 637, 642, 674, 739, 763, 798, 831, 839, 843, 847, 867, 868, 879, 891, 908, 926, 974], [17, 35, 38, 278, 283, 355, 370, 372, 512, 530, 658, 683, 689, 758, 776, 801, 809, 828, 838, 840, 857, 860, 863, 870, 882, 902, 909, 922, 935, 940, 971, 978, 981, 990, 991, 1000], [154, 170, 206, 216, 226, 271, 294, 427, 450, 490, 512, 631, 780, 899], [55, 106, 112, 127, 248, 278, 330, 340, 419, 447, 478, 489, 529, 530, 780, 794, 818, 838, 844, 853, 855, 863, 875, 890, 897, 921, 922, 962, 978, 981, 987, 1000], [71, 73, 97, 211, 229, 264, 270, 278, 297, 343, 345, 414, 485, 908], [16, 23, 24, 28, 41, 59, 63, 82, 96, 525], [60, 62, 66, 69, 109, 123, 201, 249, 250, 312, 328, 467, 516, 548, 610, 668, 780, 989, 992], [11, 134, 198, 239, 240, 254, 287, 313, 318, 336, 358, 411, 898], [4, 6, 181, 327, 335, 354, 373, 403, 434, 468, 506, 518, 634, 655, 673, 685, 729, 764, 789, 826, 836, 859, 864, 869, 909, 946, 978, 981, 990, 1000], [252, 276, 290, 300, 314, 365, 372, 443, 465, 499, 561, 599, 604, 613, 617, 652, 798, 828, 921], [45, 61, 103, 123, 141, 274, 277, 281, 286, 310, 412, 433, 464, 530, 577, 596, 653, 670, 811, 886, 902]]
nodes: [123, 265, 270, 372, 400, 478, 525, 530, 631, 654, 658, 698, 718, 750, 759, 764, 780, 785, 796, 798, 811, 815, 837, 840, 841, 851, 854, 855, 860, 861, 863, 878, 879, 886, 898, 899, 901, 902, 903, 904, 905, 907, 908, 909, 914, 921, 922, 926, 934, 943, 962, 964, 965, 967, 974, 981, 982, 985, 986, 987, 989, 991, 992, 1000] num of nodes:  64
[[123, 736, 753], [265, 409, 376, 341], [270, 799, 787], [372, 951, 953, 956], [400, 960, 950, 959], [205, 582, 680, 478], [16, 96, 82, 525], [339, 347, 425, 530], [631, 963, 968, 947, 975], [654, 994, 984, 969, 999], [658, 994, 984, 969, 999], [266, 768, 353, 804, 424, 715, 558, 761, 698, 725, 766, 719], [455, 745, 714, 556, 718, 767, 614, 495, 555, 540], [750, 936, 968, 944, 977, 947, 975], [296, 736, 609, 514, 592, 521, 753, 505, 629, 759, 656], [764, 952, 977, 970, 963, 975], [216, 450, 490, 427, 780, 294], [606, 883, 885, 785, 581, 662], [543, 800, 706, 756, 799, 796], [352, 585, 568, 575, 798, 375], [811, 963, 944, 968, 937, 970, 975], [692, 833, 752, 709, 742, 808, 812, 845, 782, 815, 720, 856, 693, 792, 697, 795, 797, 862], [772, 955, 906, 916, 939, 837, 820], [840, 994, 984, 969, 911, 957, 999], [841, 937, 968, 944, 977, 963, 947], [851, 994, 984, 969, 911, 957, 999], [539, 737, 645, 684, 732, 854, 625], [814, 906, 916, 955, 939, 855, 822], [477, 705, 860, 784, 649, 605, 702], [333, 418, 488, 420, 861, 438, 407], [437, 800, 787, 799, 695, 748, 863], [731, 928, 976, 821, 835, 803, 900, 966, 777, 873, 972, 842, 983, 876, 941, 878, 880, 887, 892, 917, 735], [772, 955, 906, 916, 939, 865, 879], [886, 993, 980, 996, 995, 988, 973], [898, 952, 968, 937, 977, 970, 947, 975], [720, 833, 845, 856, 797, 862, 899], [901, 937, 968, 944, 977, 970, 947, 975], [902, 945, 960, 920, 954, 933, 950, 959], [903, 952, 963, 968, 937, 977, 970, 975], [904, 963, 968, 944, 952, 937, 970, 975], [263, 326, 428, 272, 379, 374, 905], [717, 942, 894, 788, 805, 848, 817, 907], [908, 969, 994, 912, 984, 911, 957, 999], [781, 956, 888, 951, 953, 832, 909, 612], [911, 969, 999, 994, 912, 984, 957, 914], [911, 969, 999, 994, 912, 984, 957, 921], [449, 608, 620, 686, 696, 659, 664, 922], [32, 70, 139, 207, 174, 241, 65, 926], [462, 728, 703, 547, 677, 934, 483, 643], [937, 963, 975, 968, 970, 977, 952, 944, 943], [911, 969, 999, 994, 912, 984, 957, 918, 962], [772, 955, 906, 916, 939, 964, 820, 814, 822], [3, 199, 14, 80, 116, 29, 965, 78, 79], [814, 906, 916, 955, 939, 865, 820, 822, 967], [763, 867, 868, 839, 891, 847, 843, 974, 831], [971, 801, 935, 776, 809, 689, 857, 940, 981, 758], [494, 806, 871, 942, 848, 817, 982, 805], [910, 993, 995, 996, 938, 973, 980, 988, 925, 985], [122, 288, 321, 165, 360, 986, 233, 202, 218, 188], [744, 955, 939, 865, 916, 906, 772, 820, 822, 987], [75, 231, 242, 83, 341, 376, 409, 316, 989, 247], [781, 956, 888, 951, 953, 832, 819, 824, 978, 991], [910, 993, 995, 996, 938, 973, 980, 988, 925, 992], [1000, 776, 801, 935, 809, 689, 857, 683, 940, 758]]
len of cliques:  64
downsides after: [[731, 928, 976, 821, 835, 803, 900, 966, 777, 873, 972, 842, 983, 876, 941, 878, 880, 887, 892, 917, 735], [692, 833, 752, 709, 742, 808, 812, 845, 782, 815, 720, 856, 693, 792, 697, 795, 797, 862], [266, 768, 353, 804, 424, 715, 558, 761, 698, 725, 766, 719], [296, 736, 609, 514, 592, 521, 753, 505, 629, 759, 656], [455, 745, 714, 556, 718, 767, 614, 495, 555, 540], [971, 801, 935, 776, 809, 689, 857, 940, 981, 758], [910, 993, 995, 996, 938, 973, 980, 988, 925, 985], [122, 288, 321, 165, 360, 986, 233, 202, 218, 188], [744, 955, 939, 865, 916, 906, 772, 820, 822, 987], [75, 231, 242, 83, 341, 376, 409, 316, 989, 247], [781, 956, 888, 951, 953, 832, 819, 824, 978, 991], [910, 993, 995, 996, 938, 973, 980, 988, 925, 992], [1000, 776, 801, 935, 809, 689, 857, 683, 940, 758], [937, 963, 975, 968, 970, 977, 952, 944, 943], [911, 969, 999, 994, 912, 984, 957, 918, 962], [772, 955, 906, 916, 939, 964, 820, 814, 822], [3, 199, 14, 80, 116, 29, 965, 78, 79], [814, 906, 916, 955, 939, 865, 820, 822, 967], [763, 867, 868, 839, 891, 847, 843, 974, 831], [898, 952, 968, 937, 977, 970, 947, 975], [901, 937, 968, 944, 977, 970, 947, 975], [902, 945, 960, 920, 954, 933, 950, 959], [903, 952, 963, 968, 937, 977, 970, 975], [904, 963, 968, 944, 952, 937, 970, 975], [717, 942, 894, 788, 805, 848, 817, 907], [908, 969, 994, 912, 984, 911, 957, 999], [781, 956, 888, 951, 953, 832, 909, 612], [911, 969, 999, 994, 912, 984, 957, 914], [911, 969, 999, 994, 912, 984, 957, 921], [449, 608, 620, 686, 696, 659, 664, 922], [32, 70, 139, 207, 174, 241, 65, 926], [462, 728, 703, 547, 677, 934, 483, 643], [494, 806, 871, 942, 848, 817, 982, 805], [750, 936, 968, 944, 977, 947, 975], [811, 963, 944, 968, 937, 970, 975], [772, 955, 906, 916, 939, 837, 820], [840, 994, 984, 969, 911, 957, 999], [841, 937, 968, 944, 977, 963, 947], [851, 994, 984, 969, 911, 957, 999], [539, 737, 645, 684, 732, 854, 625], [814, 906, 916, 955, 939, 855, 822], [477, 705, 860, 784, 649, 605, 702], [333, 418, 488, 420, 861, 438, 407], [437, 800, 787, 799, 695, 748, 863], [772, 955, 906, 916, 939, 865, 879], [886, 993, 980, 996, 995, 988, 973], [720, 833, 845, 856, 797, 862, 899], [263, 326, 428, 272, 379, 374, 905], [764, 952, 977, 970, 963, 975], [216, 450, 490, 427, 780, 294], [606, 883, 885, 785, 581, 662], [543, 800, 706, 756, 799, 796], [352, 585, 568, 575, 798, 375], [631, 963, 968, 947, 975], [654, 994, 984, 969, 999], [658, 994, 984, 969, 999], [265, 409, 376, 341], [372, 951, 953, 956], [400, 960, 950, 959], [205, 582, 680, 478], [16, 96, 82, 525], [339, 347, 425, 530]]
number of downsided seeds: 62
[[731, 928, 976, 821, 835, 803, 900, 966, 777, 873, 972, 842, 983, 876, 941, 878, 880, 887, 892, 917, 735], [692, 833, 752, 709, 742, 808, 812, 845, 782, 815, 720, 856, 693, 792, 697, 795, 797, 862], [266, 768, 353, 804, 424, 715, 558, 761, 698, 725, 766, 719], [296, 736, 609, 514, 592, 521, 753, 505, 629, 759, 656], [455, 745, 714, 556, 718, 767, 614, 495, 555, 540], [971, 801, 935, 776, 809, 689, 857, 940, 981, 758], [910, 993, 995, 996, 938, 973, 980, 988, 925, 985], [122, 288, 321, 165, 360, 986, 233, 202, 218, 188], [744, 955, 939, 865, 916, 906, 772, 820, 822, 987], [75, 231, 242, 83, 341, 376, 409, 316, 989, 247], [781, 956, 888, 951, 953, 832, 819, 824, 978, 991], [910, 993, 995, 996, 938, 973, 980, 988, 925, 992], [1000, 776, 801, 935, 809, 689, 857, 683, 940, 758], [937, 963, 975, 968, 970, 977, 952, 944, 943], [911, 969, 999, 994, 912, 984, 957, 918, 962], [772, 955, 906, 916, 939, 964, 820, 814, 822], [3, 199, 14, 80, 116, 29, 965, 78, 79], [814, 906, 916, 955, 939, 865, 820, 822, 967], [763, 867, 868, 839, 891, 847, 843, 974, 831], [898, 952, 968, 937, 977, 970, 947, 975], [901, 937, 968, 944, 977, 970, 947, 975], [902, 945, 960, 920, 954, 933, 950, 959], [903, 952, 963, 968, 937, 977, 970, 975], [904, 963, 968, 944, 952, 937, 970, 975], [717, 942, 894, 788, 805, 848, 817, 907], [908, 969, 994, 912, 984, 911, 957, 999], [781, 956, 888, 951, 953, 832, 909, 612], [911, 969, 999, 994, 912, 984, 957, 914], [911, 969, 999, 994, 912, 984, 957, 921], [449, 608, 620, 686, 696, 659, 664, 922], [32, 70, 139, 207, 174, 241, 65, 926], [462, 728, 703, 547, 677, 934, 483, 643], [494, 806, 871, 942, 848, 817, 982, 805], [750, 936, 968, 944, 977, 947, 975], [811, 963, 944, 968, 937, 970, 975], [772, 955, 906, 916, 939, 837, 820], [840, 994, 984, 969, 911, 957, 999], [841, 937, 968, 944, 977, 963, 947], [851, 994, 984, 969, 911, 957, 999], [539, 737, 645, 684, 732, 854, 625], [814, 906, 916, 955, 939, 855, 822], [477, 705, 860, 784, 649, 605, 702], [333, 418, 488, 420, 861, 438, 407], [437, 800, 787, 799, 695, 748, 863], [772, 955, 906, 916, 939, 865, 879], [886, 993, 980, 996, 995, 988, 973], [720, 833, 845, 856, 797, 862, 899], [263, 326, 428, 272, 379, 374, 905], [764, 952, 977, 970, 963, 975], [216, 450, 490, 427, 780, 294], [606, 883, 885, 785, 581, 662], [543, 800, 706, 756, 799, 796], [352, 585, 568, 575, 798, 375], [631, 963, 968, 947, 975], [654, 994, 984, 969, 999], [658, 994, 984, 969, 999], [265, 409, 376, 341], [372, 951, 953, 956], [400, 960, 950, 959], [205, 582, 680, 478], [16, 96, 82, 525], [339, 347, 425, 530]]
after sorted:  [[731, 928, 976, 821, 835, 803, 900, 966, 777, 873, 972, 842, 983, 876, 941, 878, 880, 887, 892, 917, 735], [692, 833, 752, 709, 742, 808, 812, 845, 782, 815, 720, 856, 693, 792, 697, 795, 797, 862], [266, 768, 353, 804, 424, 715, 558, 761, 698, 725, 766, 719], [296, 736, 609, 514, 592, 521, 753, 505, 629, 759, 656], [455, 745, 714, 556, 718, 767, 614, 495, 555, 540], [971, 801, 935, 776, 809, 689, 857, 940, 981, 758], [910, 993, 995, 996, 938, 973, 980, 988, 925, 985], [122, 288, 321, 165, 360, 986, 233, 202, 218, 188], [744, 955, 939, 865, 916, 906, 772, 820, 822, 987], [75, 231, 242, 83, 341, 376, 409, 316, 989, 247], [781, 956, 888, 951, 953, 832, 819, 824, 978, 991], [910, 993, 995, 996, 938, 973, 980, 988, 925, 992], [1000, 776, 801, 935, 809, 689, 857, 683, 940, 758], [937, 963, 975, 968, 970, 977, 952, 944, 943], [911, 969, 999, 994, 912, 984, 957, 918, 962], [772, 955, 906, 916, 939, 964, 820, 814, 822], [3, 199, 14, 80, 116, 29, 965, 78, 79], [814, 906, 916, 955, 939, 865, 820, 822, 967], [763, 867, 868, 839, 891, 847, 843, 974, 831], [898, 952, 968, 937, 977, 970, 947, 975], [901, 937, 968, 944, 977, 970, 947, 975], [902, 945, 960, 920, 954, 933, 950, 959], [903, 952, 963, 968, 937, 977, 970, 975], [904, 963, 968, 944, 952, 937, 970, 975], [717, 942, 894, 788, 805, 848, 817, 907], [908, 969, 994, 912, 984, 911, 957, 999], [781, 956, 888, 951, 953, 832, 909, 612], [911, 969, 999, 994, 912, 984, 957, 914], [911, 969, 999, 994, 912, 984, 957, 921], [449, 608, 620, 686, 696, 659, 664, 922], [32, 70, 139, 207, 174, 241, 65, 926], [462, 728, 703, 547, 677, 934, 483, 643], [494, 806, 871, 942, 848, 817, 982, 805], [750, 936, 968, 944, 977, 947, 975], [811, 963, 944, 968, 937, 970, 975], [772, 955, 906, 916, 939, 837, 820], [840, 994, 984, 969, 911, 957, 999], [841, 937, 968, 944, 977, 963, 947], [851, 994, 984, 969, 911, 957, 999], [539, 737, 645, 684, 732, 854, 625], [814, 906, 916, 955, 939, 855, 822], [477, 705, 860, 784, 649, 605, 702], [333, 418, 488, 420, 861, 438, 407], [437, 800, 787, 799, 695, 748, 863], [772, 955, 906, 916, 939, 865, 879], [886, 993, 980, 996, 995, 988, 973], [720, 833, 845, 856, 797, 862, 899], [263, 326, 428, 272, 379, 374, 905], [764, 952, 977, 970, 963, 975], [216, 450, 490, 427, 780, 294], [606, 883, 885, 785, 581, 662], [543, 800, 706, 756, 799, 796], [352, 585, 568, 575, 798, 375], [631, 963, 968, 947, 975], [654, 994, 984, 969, 999], [658, 994, 984, 969, 999], [265, 409, 376, 341], [372, 951, 953, 956], [400, 960, 950, 959], [205, 582, 680, 478], [16, 96, 82, 525], [339, 347, 425, 530]]
before num:  62
befor deal_cliques:  49
after deal_cliques:  48
length of seeds:  48
seeds:  [set([835, 900, 966, 777, 842, 972, 976, 917, 983, 731, 735, 928, 803, 873, 876, 941, 878, 880, 821, 887, 892]), set([833, 709, 845, 782, 720, 856, 792, 795, 797, 862, 742, 808, 812, 815, 752, 692, 693, 697]), set([768, 353, 804, 424, 266, 715, 558, 719, 725, 761, 698, 766]), set([736, 609, 514, 296, 521, 592, 753, 629, 759, 505, 656]), set([992, 993, 995, 996, 938, 973, 910, 980, 985, 988, 925]), set([614, 455, 745, 714, 555, 556, 718, 495, 540, 767]), set([801, 935, 776, 809, 971, 940, 689, 981, 758, 857]), set([288, 321, 165, 360, 233, 202, 986, 218, 188, 122]), set([865, 955, 772, 744, 906, 939, 916, 822, 820, 987]), set([231, 75, 242, 83, 341, 247, 376, 409, 316, 989]), set([832, 781, 888, 978, 819, 951, 824, 953, 956, 991]), set([801, 935, 1000, 809, 683, 940, 776, 758, 857, 689]), set([963, 968, 937, 970, 975, 944, 977, 952, 943]), set([994, 999, 969, 962, 911, 912, 918, 984, 957]), set([964, 906, 939, 814, 772, 916, 822, 820, 955]), set([3, 965, 199, 14, 79, 80, 116, 78, 29]), set([867, 868, 839, 843, 974, 847, 891, 763, 831]), set([898, 968, 937, 970, 975, 977, 947, 952]), set([960, 933, 902, 945, 950, 920, 954, 959]), set([963, 904, 937, 970, 975, 944, 968, 952]), set([805, 907, 717, 942, 848, 817, 788, 894]), set([994, 999, 969, 908, 911, 912, 984, 957]), set([832, 612, 781, 909, 951, 888, 953, 956]), set([608, 449, 620, 686, 696, 659, 664, 922]), set([32, 65, 70, 139, 174, 207, 241, 926]), set([547, 677, 934, 462, 483, 643, 728, 703]), set([805, 806, 871, 942, 848, 817, 494, 982]), set([944, 977, 947, 968, 936, 750, 975]), set([944, 977, 963, 937, 968, 841, 947]), set([737, 645, 854, 625, 732, 539, 684]), set([955, 916, 822, 855, 906, 939, 814]), set([784, 705, 649, 860, 605, 702, 477]), set([418, 420, 438, 407, 488, 333, 861]), set([800, 787, 437, 695, 799, 748, 863]), set([865, 955, 772, 916, 906, 939, 879]), set([720, 833, 899, 856, 845, 862, 797]), set([272, 374, 326, 263, 905, 379, 428]), set([977, 963, 952, 970, 764, 975]), set([450, 294, 216, 490, 427, 780]), set([785, 883, 581, 662, 606, 885]), set([800, 706, 756, 799, 796, 543]), set([352, 375, 568, 585, 798, 575]), set([968, 631, 963, 947, 975]), set([376, 265, 341, 409]), set([400, 960, 950, 959]), set([680, 582, 205, 478]), set([16, 96, 82, 525]), set([425, 339, 347, 530])]
seeds_fitness [0.5172413793103449, 0.6169354838709677, 0.5116279069767442, 0.48672566371681414, 0.10384615384615385, 0.39473684210526316, 0.12278308321964529, 0.28213166144200624, 0.14240506329113925, 0.3146853146853147, 0.11873350923482849, 0.15, 0.10794602698650675, 0.10794602698650675, 0.12265758091993186, 0.3116883116883117, 0.13358070500927643, 0.09605488850771869, 0.10467289719626169, 0.08, 0.11313131313131314, 0.09807355516637478, 0.10748560460652591, 0.18360655737704917, 0.27722772277227725, 0.1951219512195122, 0.1100196463654224, 0.058011049723756904, 0.08045977011494253, 0.1590909090909091, 0.08030592734225621, 0.14046822742474915, 0.22459893048128343, 0.1346153846153846, 0.08624229979466119, 0.10632911392405063, 0.21761658031088082, 0.055970149253731345, 0.19607843137254902, 0.06944444444444445, 0.10526315789473684, 0.16216216216216217, 0.04310344827586207, 0.13793103448275862, 0.031007751937984496, 0.08888888888888889, 0.16216216216216217, 0.12244897959183673]
after sort list of tuple: [(1, 0.6169354838709677), (0, 0.5172413793103449), (2, 0.5116279069767442), (3, 0.48672566371681414), (5, 0.39473684210526316), (9, 0.3146853146853147), (15, 0.3116883116883117), (7, 0.28213166144200624), (24, 0.27722772277227725), (32, 0.22459893048128343), (36, 0.21761658031088082), (38, 0.19607843137254902), (25, 0.1951219512195122), (23, 0.18360655737704917), (41, 0.16216216216216217), (46, 0.16216216216216217), (29, 0.1590909090909091), (11, 0.15), (8, 0.14240506329113925), (31, 0.14046822742474915), (43, 0.13793103448275862), (33, 0.1346153846153846), (16, 0.13358070500927643), (6, 0.12278308321964529), (14, 0.12265758091993186), (47, 0.12244897959183673), (10, 0.11873350923482849), (20, 0.11313131313131314), (26, 0.1100196463654224), (12, 0.10794602698650675), (13, 0.10794602698650675), (22, 0.10748560460652591), (35, 0.10632911392405063), (40, 0.10526315789473684), (18, 0.10467289719626169), (4, 0.10384615384615385), (21, 0.09807355516637478), (17, 0.09605488850771869), (45, 0.08888888888888889), (34, 0.08624229979466119), (28, 0.08045977011494253), (30, 0.08030592734225621), (19, 0.08), (39, 0.06944444444444445), (27, 0.058011049723756904), (37, 0.055970149253731345), (42, 0.04310344827586207), (44, 0.031007751937984496)]
seeds_sorted [set([833, 709, 845, 782, 720, 856, 792, 795, 797, 862, 742, 808, 812, 815, 752, 692, 693, 697]), set([835, 900, 966, 777, 842, 972, 976, 917, 983, 731, 735, 928, 803, 873, 876, 941, 878, 880, 821, 887, 892]), set([768, 353, 804, 424, 266, 715, 558, 719, 725, 761, 698, 766]), set([736, 609, 514, 296, 521, 592, 753, 629, 759, 505, 656]), set([614, 455, 745, 714, 555, 556, 718, 495, 540, 767]), set([231, 75, 242, 83, 341, 247, 376, 409, 316, 989]), set([3, 965, 199, 14, 79, 80, 116, 78, 29]), set([288, 321, 165, 360, 233, 202, 986, 218, 188, 122]), set([32, 65, 70, 139, 174, 207, 241, 926]), set([418, 420, 438, 407, 488, 333, 861]), set([272, 374, 326, 263, 905, 379, 428]), set([450, 294, 216, 490, 427, 780]), set([547, 677, 934, 462, 483, 643, 728, 703]), set([608, 449, 620, 686, 696, 659, 664, 922]), set([352, 375, 568, 585, 798, 575]), set([16, 96, 82, 525]), set([737, 645, 854, 625, 732, 539, 684]), set([801, 935, 1000, 809, 683, 940, 776, 758, 857, 689]), set([865, 955, 772, 744, 906, 939, 916, 822, 820, 987]), set([784, 705, 649, 860, 605, 702, 477]), set([376, 265, 341, 409]), set([800, 787, 437, 695, 799, 748, 863]), set([867, 868, 839, 843, 974, 847, 891, 763, 831]), set([801, 935, 776, 809, 971, 940, 689, 981, 758, 857]), set([964, 906, 939, 814, 772, 916, 822, 820, 955]), set([425, 339, 347, 530]), set([832, 781, 888, 978, 819, 951, 824, 953, 956, 991]), set([805, 907, 717, 942, 848, 817, 788, 894]), set([805, 806, 871, 942, 848, 817, 494, 982]), set([963, 968, 937, 970, 975, 944, 977, 952, 943]), set([994, 999, 969, 962, 911, 912, 918, 984, 957]), set([832, 612, 781, 909, 951, 888, 953, 956]), set([720, 833, 899, 856, 845, 862, 797]), set([800, 706, 756, 799, 796, 543]), set([960, 933, 902, 945, 950, 920, 954, 959]), set([992, 993, 995, 996, 938, 973, 910, 980, 985, 988, 925]), set([994, 999, 969, 908, 911, 912, 984, 957]), set([898, 968, 937, 970, 975, 977, 947, 952]), set([680, 582, 205, 478]), set([865, 955, 772, 916, 906, 939, 879]), set([944, 977, 963, 937, 968, 841, 947]), set([955, 916, 822, 855, 906, 939, 814]), set([963, 904, 937, 970, 975, 944, 968, 952]), set([785, 883, 581, 662, 606, 885]), set([944, 977, 947, 968, 936, 750, 975]), set([977, 963, 952, 970, 764, 975]), set([968, 631, 963, 947, 975]), set([400, 960, 950, 959])]
args__________ ([set([833, 709, 845, 782, 720, 856, 792, 795, 797, 862, 742, 808, 812, 815, 752, 692, 693, 697]), set([400, 960, 950, 959])],)
args__________ ([set([835, 900, 966, 777, 842, 972, 976, 917, 983, 731, 735, 928, 803, 873, 876, 941, 878, 880, 821, 887, 892]), set([968, 631, 963, 947, 975])],)
args__________ ([set([768, 353, 804, 424, 266, 715, 558, 719, 725, 761, 698, 766]), set([977, 963, 952, 970, 764, 975])],)
args__________ ([set([736, 609, 514, 296, 521, 592, 753, 629, 759, 505, 656]), set([944, 977, 947, 968, 936, 750, 975])],)
args__________ ([set([614, 455, 745, 714, 555, 556, 718, 495, 540, 767]), set([785, 883, 581, 662, 606, 885])],)
args__________ ([set([231, 75, 242, 83, 341, 247, 376, 409, 316, 989]), set([963, 904, 937, 970, 975, 944, 968, 952])],)
args__________ ([set([3, 965, 199, 14, 79, 80, 116, 78, 29]), set([955, 916, 822, 855, 906, 939, 814])],)
args__________ ([set([288, 321, 165, 360, 233, 202, 986, 218, 188, 122]), set([944, 977, 963, 937, 968, 841, 947])],)
args__________ ([set([32, 65, 70, 139, 174, 207, 241, 926]), set([865, 955, 772, 916, 906, 939, 879])],)
args__________ ([set([418, 420, 438, 407, 488, 333, 861]), set([680, 582, 205, 478])],)
args__________ ([set([272, 374, 326, 263, 905, 379, 428]), set([898, 968, 937, 970, 975, 977, 947, 952])],)
args__________ ([set([450, 294, 216, 490, 427, 780]), set([994, 999, 969, 908, 911, 912, 984, 957])],)
args__________ ([set([547, 677, 934, 462, 483, 643, 728, 703]), set([992, 993, 995, 996, 938, 973, 910, 980, 985, 988, 925])],)
args__________ ([set([608, 449, 620, 686, 696, 659, 664, 922]), set([960, 933, 902, 945, 950, 920, 954, 959])],)
args__________ ([set([352, 375, 568, 585, 798, 575]), set([800, 706, 756, 799, 796, 543])],)
args__________ ([set([16, 96, 82, 525]), set([720, 833, 899, 856, 845, 862, 797])],)
args__________ ([set([737, 645, 854, 625, 732, 539, 684])],)
args__________ ([set([801, 935, 1000, 809, 683, 940, 776, 758, 857, 689])],)
args__________ ([set([865, 955, 772, 744, 906, 939, 916, 822, 820, 987])],)
args__________ ([set([784, 705, 649, 860, 605, 702, 477])],)
args__________ ([set([376, 265, 341, 409])],)
args__________ ([set([800, 787, 437, 695, 799, 748, 863])],)
args__________ ([set([867, 868, 839, 843, 974, 847, 891, 763, 831])],)
args__________ ([set([801, 935, 776, 809, 971, 940, 689, 981, 758, 857])],)
args__________ ([set([964, 906, 939, 814, 772, 916, 822, 820, 955])],)
args__________ ([set([425, 339, 347, 530])],)
args__________ ([set([832, 781, 888, 978, 819, 951, 824, 953, 956, 991])],)
args__________ ([set([805, 907, 717, 942, 848, 817, 788, 894])],)
args__________ ([set([805, 806, 871, 942, 848, 817, 494, 982])],)
args__________ ([set([963, 968, 937, 970, 975, 944, 977, 952, 943])],)
args__________ ([set([994, 999, 969, 962, 911, 912, 918, 984, 957])],)
args__________ ([set([832, 612, 781, 909, 951, 888, 953, 956])],)
finish process___________________
left nodes numner:_______ 468
sorted nodes by betweenness [1, 4, 5, 6, 7, 8, 10, 11, 13, 15, 19, 20, 21, 25, 27, 31, 34, 35, 37, 38, 39, 42, 43, 45, 48, 49, 51, 54, 55, 56, 60, 61, 62, 64, 66, 67, 69, 71, 72, 73, 76, 81, 84, 86, 89, 92, 93, 94, 97, 98, 99, 102, 103, 105, 106, 107, 108, 109, 112, 113, 114, 118, 119, 120, 123, 124, 125, 126, 127, 128, 130, 132, 133, 134, 137, 140, 141, 142, 143, 144, 145, 146, 147, 148, 149, 150, 151, 152, 153, 155, 156, 157, 158, 159, 160, 161, 163, 164, 166, 167, 168, 169, 171, 173, 175, 176, 177, 178, 179, 181, 183, 184, 185, 186, 189, 190, 191, 192, 193, 194, 195, 196, 197, 198, 200, 201, 203, 204, 208, 210, 211, 213, 214, 215, 219, 221, 222, 224, 227, 229, 230, 236, 238, 239, 240, 243, 245, 246, 248, 249, 250, 251, 252, 253, 254, 255, 258, 260, 261, 262, 264, 267, 270, 274, 276, 277, 278, 279, 280, 281, 282, 283, 284, 285, 286, 287, 289, 290, 291, 295, 297, 298, 299, 300, 301, 304, 305, 308, 309, 310, 311, 312, 313, 314, 315, 318, 320, 323, 327, 328, 329, 330, 331, 332, 335, 336, 338, 340, 343, 344, 345, 351, 354, 356, 357, 358, 359, 361, 365, 367, 368, 369, 372, 373, 377, 381, 382, 383, 385, 387, 388, 390, 393, 394, 397, 398, 401, 402, 403, 405, 410, 411, 412, 413, 414, 415, 416, 419, 423, 429, 430, 431, 432, 433, 434, 439, 440, 441, 442, 443, 445, 447, 448, 451, 452, 453, 454, 464, 465, 467, 468, 471, 472, 473, 475, 476, 479, 485, 487, 489, 491, 493, 496, 497, 498, 499, 500, 502, 503, 506, 508, 511, 512, 513, 516, 517, 518, 519, 520, 523, 524, 526, 529, 531, 533, 534, 535, 538, 541, 542, 544, 546, 548, 552, 553, 554, 557, 559, 560, 561, 562, 563, 565, 566, 570, 571, 573, 576, 577, 579, 583, 584, 586, 588, 589, 591, 593, 595, 596, 598, 599, 602, 603, 604, 607, 610, 611, 613, 615, 616, 617, 619, 623, 624, 626, 627, 630, 632, 634, 638, 644, 646, 647, 648, 651, 652, 653, 655, 657, 658, 661, 665, 666, 668, 669, 670, 671, 673, 675, 678, 679, 681, 685, 687, 691, 699, 700, 707, 708, 711, 712, 716, 722, 723, 727, 729, 730, 741, 747, 749, 751, 762, 765, 769, 770, 775, 778, 783, 786, 789, 790, 793, 794, 811, 816, 818, 823, 825, 826, 827, 828, 829, 830, 834, 836, 837, 838, 840, 844, 850, 851, 852, 853, 859, 864, 869, 870, 872, 875, 882, 886, 889, 890, 893, 896, 897, 901, 903, 914, 915, 921, 923, 924, 927, 929, 930, 931, 932, 946, 948, 949, 958, 961, 967, 979, 990, 997, 998]
args__________ ([[1, 357, 329, 245, 280, 128, 120, 114]],)
args__________ ([[4, 864, 836, 869, 789, 859, 826, 673, 729]],)
args__________ ([[5, 513, 593, 565, 566, 544, 552, 282]],)
args__________ ([[6, 864, 673, 869, 789, 859, 826, 403, 836]],)
args__________ ([[7, 295, 189, 142, 177, 149, 215, 64]],)
args__________ ([[8, 132, 140, 176, 185, 155, 126, 118, 151]],)
args__________ ([[10, 603, 579, 588, 626, 402, 591, 192, 359]],)
args__________ ([[11, 240, 198, 358, 336, 411, 287, 318, 254]],)
args__________ ([[13, 451, 675, 638, 432, 368]],)
args__________ ([[15, 357, 329, 213, 280, 245, 99, 179]],)
args__________ ([[19, 827, 678, 775, 816, 825, 765, 700, 533, 511]],)
args__________ ([[20, 243, 167, 308, 311, 107, 146, 236]],)
args__________ ([[21, 708, 778, 751, 691, 661, 722, 190]],)
args__________ ([[25, 193, 194, 166, 200, 92, 105, 284, 54]],)
args__________ ([[27, 747, 666, 730, 671, 615, 208]],)
args__________ ([[31, 331, 675, 638, 576, 385, 451, 524]],)
args__________ ([[34, 130, 164, 267, 145, 210, 72, 152]],)
args__________ ([[35, 769, 749]],)
args__________ ([[37, 747, 498, 666, 730, 571, 671, 598, 615]],)
args__________ ([[38, 769, 749]],)
args__________ ([[39, 475, 554, 534, 508, 542, 186, 102]],)
args__________ ([[42, 491, 535, 415, 476, 442, 410, 147]],)
args__________ ([[43, 544, 513, 453, 552, 573, 541, 566, 282]],)
args__________ ([[45, 653, 277, 464, 274, 412, 577]],)
args__________ ([[48, 678, 775, 583, 816, 825, 827, 700, 533, 765]],)
args__________ ([[49, 619, 557, 589, 627, 586, 526, 472]],)
args__________ ([[51, 513, 541, 593, 565, 566, 573, 544, 552]],)
args__________ ([[25, 193, 194, 166, 200, 92, 105, 284, 54]],)
args__________ ([[55, 875, 844, 818, 853, 890, 794, 489, 447]],)
args__________ ([[56, 644, 390, 679, 712, 624, 570, 413, 381, 630]],)
args__________ ([[60, 610, 467, 668, 548, 249, 328, 312]],)
args__________ ([[61, 653, 670, 281, 310, 596, 286]],)
finish single seed process___________________
left nodes numner:_______ 165
sorted nodes by betweenness [69, 71, 73, 84, 89, 97, 98, 119, 123, 125, 133, 153, 156, 158, 161, 183, 184, 195, 197, 211, 219, 221, 222, 224, 227, 229, 230, 238, 246, 248, 250, 252, 255, 261, 264, 270, 276, 278, 283, 289, 290, 291, 297, 300, 305, 314, 315, 320, 323, 330, 332, 343, 345, 351, 356, 365, 372, 382, 383, 387, 388, 393, 398, 401, 405, 414, 416, 430, 431, 439, 440, 441, 443, 448, 452, 465, 471, 485, 493, 496, 497, 499, 500, 502, 503, 512, 516, 520, 523, 531, 538, 559, 560, 561, 562, 595, 599, 602, 604, 611, 613, 616, 617, 632, 648, 651, 652, 657, 658, 665, 669, 681, 687, 707, 716, 723, 727, 762, 770, 783, 786, 790, 793, 811, 823, 828, 829, 830, 834, 837, 838, 840, 850, 851, 852, 870, 872, 882, 886, 889, 893, 896, 897, 901, 903, 914, 915, 921, 923, 924, 927, 929, 930, 931, 932, 946, 948, 949, 958, 961, 967, 979, 990, 997, 998]
args__________ ([[69, 326, 428]],)
args__________ ([[71, 229, 485, 264, 297, 345, 211, 414, 343]],)
args__________ ([[73, 97, 229, 485, 264, 297, 345, 211, 414, 343]],)
args__________ ([[84, 320, 305, 440, 224, 261, 195]],)
args__________ ([[89, 440, 315, 224, 320, 195, 261]],)
args__________ ([[73, 97, 229, 485, 264, 297, 345, 211, 414, 343]],)
args__________ ([[98, 611, 716, 471, 523, 632, 723]],)
args__________ ([[84, 320, 305, 440, 119, 195, 261]],)
args__________ ([[123, 736, 753]],)
args__________ ([[125, 896, 852, 932]],)
args__________ ([[133, 230, 332, 238, 401, 291, 351, 222, 383, 227]],)
args__________ ([[153, 768, 804]],)
args__________ ([[156, 770, 930, 872, 786, 915, 923, 823, 924, 830, 927]],)
args__________ ([[158, 896, 932, 648, 850, 852, 829, 665, 520, 496]],)
args__________ ([[161, 332, 401, 291, 383, 222, 351, 227]],)
args__________ ([[183, 783, 793, 790, 727, 762, 681, 657, 707]],)
args__________ ([[184, 896, 932, 850, 852, 829, 520, 496, 648, 665]],)
args__________ ([[84, 320, 305, 440, 224, 261, 195]],)
args__________ ([[197, 723, 497, 611, 398, 405, 255]],)
args__________ ([[73, 97, 229, 485, 264, 297, 345, 211, 414, 343]],)
args__________ ([[219, 770, 930, 872, 786, 915, 923, 823, 924, 830, 927]],)
args__________ ([[133, 230, 332, 238, 401, 291, 351, 222, 383, 221]],)
args__________ ([[133, 230, 332, 238, 401, 291, 351, 222, 383, 227]],)
args__________ ([[84, 320, 305, 440, 224, 261, 195]],)
args__________ ([[133, 230, 332, 238, 401, 291, 351, 222, 383, 227]],)
args__________ ([[73, 97, 229, 485, 264, 297, 345, 211, 414, 343]],)
args__________ ([[133, 230, 332, 238, 401, 291, 351, 222, 383, 227]],)
args__________ ([[133, 230, 332, 238, 401, 291, 351, 222, 383, 227]],)
args__________ ([[84, 320, 305, 440, 224, 246, 195]],)
args__________ ([[248, 728, 703, 677]],)
args__________ ([[250, 554, 508, 542]],)
args__________ ([[252, 613, 561, 617, 652, 499, 599, 604, 465, 290]],)
finish single seed process___________________
left nodes numner:_______ 44
sorted nodes by betweenness [270, 278, 283, 330, 372, 387, 502, 512, 516, 531, 538, 602, 651, 658, 687, 811, 828, 834, 837, 838, 840, 851, 870, 882, 886, 889, 893, 897, 901, 903, 914, 921, 929, 931, 946, 948, 949, 958, 961, 967, 979, 990, 997, 998]
args__________ ([[270, 799, 787]],)
args__________ ([[278, 975, 952, 947, 949]],)
args__________ ([[283, 994, 999]],)
args__________ ([[330, 968, 952, 970]],)
args__________ ([[372, 951, 953, 956]],)
args__________ ([[387, 737, 732, 628]],)
args__________ ([[497, 723, 502, 632]],)
args__________ ([[294, 450, 490, 512]],)
args__________ ([[516, 838, 993, 995, 996]],)
args__________ ([[531, 993, 995, 996]],)
args__________ ([[538, 996, 904, 993, 995]],)
args__________ ([[602, 871, 717, 942, 846]],)
args__________ ([[457, 746, 605, 702, 651]],)
args__________ ([[658, 994, 984, 969, 999]],)
args__________ ([[649, 784, 687, 746, 982]],)
args__________ ([[811, 963, 944, 968, 937, 970, 975]],)
args__________ ([[483, 643, 677, 728, 703, 828, 622]],)
args__________ ([[820, 955, 939, 916, 906, 822, 834]],)
args__________ ([[772, 955, 906, 916, 939, 837, 820]],)
args__________ ([[838, 960, 945, 954, 950, 959]],)
args__________ ([[840, 994, 984, 969, 911, 957, 999]],)
args__________ ([[851, 994, 984, 969, 911, 957, 999]],)
args__________ ([[781, 956, 888, 870, 824, 953, 819]],)
args__________ ([[1000, 801, 935, 809, 940, 758, 857, 882]],)
args__________ ([[886, 993, 980, 996, 995, 988, 973]],)
args__________ ([[32, 70, 139, 207, 174, 241, 889]],)
args__________ ([[325, 848, 942, 893, 817, 788, 805]],)
args__________ ([[788, 942, 894, 846, 806, 871, 848, 897]],)
args__________ ([[901, 937, 968, 944, 977, 970, 947, 975]],)
args__________ ([[903, 952, 963, 968, 937, 977, 970, 975]],)
args__________ ([[911, 969, 999, 994, 912, 984, 957, 914]],)
args__________ ([[911, 969, 999, 994, 912, 984, 957, 921]],)
finish single seed process___________________
left nodes numner:_______ 11
sorted nodes by betweenness [929, 931, 946, 948, 958, 961, 967, 979, 990, 997, 998]
args__________ ([[772, 955, 906, 916, 939, 865, 929, 814]],)
args__________ ([[129, 931, 425, 275, 273, 347, 339, 269]],)
args__________ ([[814, 906, 916, 955, 939, 865, 820, 822, 946]],)
args__________ ([[925, 995, 993, 938, 973, 980, 988, 996, 948, 992]],)
args__________ ([[205, 582, 680, 417, 501, 639, 532, 958]],)
args__________ ([[911, 969, 999, 994, 912, 984, 957, 918, 961]],)
args__________ ([[814, 906, 916, 955, 939, 865, 820, 822, 967]],)
args__________ ([[944, 970, 975, 977, 952, 963, 968, 947, 979]],)
args__________ ([[990, 801, 935, 776, 809, 689, 857, 683, 940, 758]],)
args__________ ([[558, 768, 804, 997, 715, 761, 698, 725, 766, 719]],)
args__________ ([[910, 993, 995, 996, 938, 973, 980, 988, 925, 998]],)
finish single seed process___________________
i =  0 [395, 268, 782, 399, 404, 792, 795, 797, 808, 812, 815, 692, 693, 697, 833, 709, 845, 720, 466, 856, 862, 742, 235, 752, 40]
i =  1 [515, 400, 771, 920, 292, 933, 550, 551, 682, 688, 945, 52, 950, 954, 959, 960, 324, 713, 721, 738, 740, 849, 110, 755, 760, 635, 895]
i =  2 [386, 900, 135, 777, 917, 667, 928, 803, 676, 941, 821, 694, 701, 835, 966, 972, 842, 587, 460, 976, 337, 983, 731, 735, 873, 876, 878, 880, 887, 892, 509]
i =  3 [480, 802, 963, 977, 968, 937, 970, 919, 866, 975, 944, 913, 947, 631, 952]
i =  4 [768, 353, 804, 424, 9, 266, 715, 364, 558, 719, 44, 180, 725, 87, 761, 698, 362, 766, 95]
i =  5 [480, 802, 963, 913, 968, 937, 970, 866, 975, 944, 977, 947, 919, 952, 764]
i =  6 [736, 609, 514, 392, 521, 237, 256, 592, 753, 660, 212, 629, 22, 759, 88, 505, 656, 507, 296]
i =  7 [480, 802, 963, 913, 936, 937, 970, 866, 750, 975, 944, 977, 947, 968, 654, 919, 952]
i =  8 [672, 68, 614, 455, 745, 714, 555, 12, 556, 718, 495, 371, 244, 223, 406, 536, 633, 319, 540, 446, 767]
i =  9 [545, 581, 810, 459, 396, 461, 334, 527, 528, 785, 115, 724, 885, 662, 791, 408, 217, 111, 883, 606]
i =  10 [231, 75, 242, 83, 341, 247, 376, 409, 316, 989, 53]
i =  11 [480, 802, 963, 977, 904, 937, 970, 866, 750, 975, 944, 913, 947, 968, 654, 919, 952]
i =  12 [3, 965, 199, 14, 79, 80, 116, 78, 29]
i =  13 [641, 955, 772, 726, 865, 744, 906, 939, 814, 754, 564, 757, 822, 567, 504, 820, 916, 855, 474]
i =  14 [288, 321, 165, 360, 233, 202, 986, 57, 218, 188, 122]
i =  15 [480, 802, 963, 913, 968, 841, 970, 919, 866, 975, 944, 977, 947, 937, 952]
i =  16 [32, 65, 70, 139, 174, 207, 241, 46, 926]
i =  17 [641, 772, 822, 865, 744, 906, 939, 814, 879, 754, 564, 757, 726, 567, 504, 820, 916, 955, 474]
i =  18 [33, 418, 420, 228, 488, 333, 90, 438, 407, 100, 26, 187, 861]
i =  19 [417, 486, 582, 680, 205, 303, 136, 306, 532, 501, 639, 232, 478, 469]
i =  20 [326, 263, 905, 428, 47, 272, 209, 85, 374, 121, 379]
i =  21 [480, 898, 963, 913, 968, 937, 970, 802, 975, 944, 977, 947, 919, 952, 866]
i =  22 [450, 294, 490, 427, 780, 226, 206, 271, 216, 154, 170]
i =  23 [704, 994, 774, 999, 969, 733, 908, 578, 911, 912, 881, 594, 884, 918, 984, 601, 858, 220, 957]
i =  24 [257, 547, 677, 934, 225, 435, 462, 483, 643, 622, 728, 317, 510, 703]
i =  25 [773, 391, 650, 779, 910, 925, 807, 938, 813, 973, 980, 985, 988, 734, 992, 993, 995, 996, 743, 874, 363, 877]
i =  26 [608, 449, 492, 522, 620, 686, 696, 384, 659, 436, 664, 537, 922, 378]
i =  27 [515, 902, 771, 920, 292, 933, 550, 551, 682, 688, 945, 52, 950, 954, 959, 960, 324, 713, 721, 738, 740, 849, 110, 755, 760, 635, 895]
i =  28 [352, 482, 421, 422, 585, 234, 172, 549, 30, 117, 375, 568, 380, 426, 798, 575]
i =  29 [800, 706, 389, 636, 618, 695, 748, 322, 307, 756, 437, 470, 663, 600, 787, 58, 799, 796, 346, 543]
i =  30 [96, 41, 525, 16, 82, 23, 24, 59, 28, 63]
i =  31 [899, 395, 268, 782, 399, 404, 792, 795, 797, 808, 812, 815, 692, 693, 697, 833, 709, 845, 720, 466, 856, 862, 742, 235, 752, 40]
i =  32 [640, 737, 484, 645, 456, 684, 366, 625, 690, 628, 590, 854, 539, 732, 574, 182]
i =  33 [801, 355, 17, 935, 1000, 809, 683, 940, 776, 370, 758, 857, 689]
i =  34 [865, 955, 772, 726, 641, 744, 906, 939, 814, 754, 564, 757, 822, 567, 504, 820, 916, 987, 474]
i =  35 [705, 259, 710, 649, 746, 302, 477, 784, 350, 138, 457, 569, 860, 605, 702, 572]
i =  36 [231, 265, 75, 242, 83, 53, 247, 376, 409, 316, 341]
i =  37 [800, 799, 322, 389, 618, 663, 748, 706, 307, 756, 437, 470, 695, 600, 787, 58, 863, 636, 346, 543]
i =  38 [481, 674, 867, 868, 101, 831, 839, 843, 642, 974, 847, 131, 597, 342, 739, 891, 36, 763, 349, 637]
i =  39 [801, 355, 935, 776, 809, 683, 940, 971, 17, 370, 981, 758, 857, 689]
i =  40 [641, 772, 726, 865, 744, 906, 939, 814, 754, 564, 757, 822, 567, 504, 820, 916, 955, 964, 474]
i =  41 [129, 347, 91, 104, 425, 74, 269, 275, 273, 50, 339, 530]
i =  42 [832, 162, 612, 293, 348, 18, 781, 77, 888, 978, 819, 951, 824, 953, 463, 956, 991]
i =  43 [2, 580, 805, 806, 871, 458, 907, 717, 942, 621, 848, 817, 788, 846, 494, 444, 894, 325]
i =  44 [2, 580, 805, 806, 871, 458, 621, 942, 717, 848, 817, 788, 846, 982, 494, 444, 894, 325]
i =  45 [480, 802, 963, 913, 968, 937, 970, 866, 975, 944, 977, 947, 919, 952, 943]
i =  46 [704, 994, 774, 999, 969, 733, 962, 911, 912, 881, 594, 578, 918, 984, 601, 858, 220, 957, 884]
i =  47 [832, 162, 612, 293, 348, 909, 77, 824, 18, 819, 781, 951, 888, 953, 463, 956]
i =  48 [128, 1, 99, 357, 329, 15, 120, 114, 179, 245, 280, 213]
i =  49 [4, 6, 655, 403, 789, 673, 518, 685, 434, 181, 826, 836, 327, 335, 468, 729, 859, 634, 864, 354, 869, 373, 506]
i =  50 [544, 513, 453, 253, 552, 43, 541, 593, 51, 565, 566, 282, 5, 573, 309]
i =  51 [4, 6, 655, 403, 789, 673, 518, 685, 434, 181, 826, 836, 327, 335, 468, 729, 859, 634, 864, 354, 869, 373, 506]
i =  52 [64, 67, 295, 7, 204, 142, 177, 149, 215, 189, 94]
i =  53 [132, 8, 140, 176, 118, 151, 185, 155, 126]
i =  54 [192, 579, 359, 10, 171, 588, 402, 591, 144, 626, 163, 279, 603, 285]
i =  55 [336, 198, 358, 11, 239, 240, 254, 134, 313, 411, 318, 287]
i =  56 [576, 385, 258, 675, 108, 331, 524, 13, 429, 432, 368, 451, 301, 638, 31]
i =  57 [128, 1, 99, 357, 329, 15, 120, 114, 179, 213, 280, 245]
i =  58 [48, 546, 517, 678, 775, 583, 397, 157, 816, 19, 533, 825, 827, 700, 765, 511]
i =  59 [167, 76, 107, 236, 146, 243, 308, 311, 20]
i =  60 [708, 519, 584, 778, 338, 751, 369, 722, 691, 661, 563, 260, 607, 251, 394, 190, 21]
i =  61 [193, 194, 166, 200, 105, 284, 54, 25, 92, 191]
i =  62 [571, 203, 37, 647, 137, 298, 747, 367, 208, 498, 148, 598, 344, 615, 666, 27, 730, 150, 671]
i =  63 [576, 385, 258, 675, 108, 331, 524, 13, 301, 432, 368, 451, 429, 638, 31]
i =  64 [34, 164, 113, 72, 267, 130, 145, 210, 152, 124]
i =  65 [160, 769, 35, 196, 454, 38, 487, 299, 749, 646, 623, 304, 81, 711, 473, 699, 93, 741]
i =  66 [203, 37, 647, 137, 298, 747, 367, 208, 27, 498, 148, 598, 344, 615, 730, 571, 666, 150, 671]
i =  67 [160, 769, 35, 196, 454, 38, 487, 299, 749, 646, 623, 304, 81, 711, 473, 699, 93, 741]
i =  68 [214, 86, 102, 39, 554, 534, 186, 475, 508, 542, 159]
i =  69 [262, 169, 42, 491, 173, 143, 178, 147, 535, 442, 479, 476, 410, 415]
i =  70 [544, 513, 453, 253, 552, 43, 573, 593, 51, 565, 566, 282, 5, 541, 309]
i =  71 [577, 310, 103, 653, 45, 464, 141, 274, 596, 277, 433, 670, 281, 412, 61, 286]
i =  72 [816, 546, 517, 678, 583, 775, 397, 157, 48, 19, 533, 825, 827, 700, 765, 511]
i =  73 [423, 361, 586, 619, 557, 526, 589, 49, 627, 472, 377]
i =  74 [544, 513, 453, 253, 552, 43, 573, 593, 51, 309, 566, 282, 5, 541, 565]
i =  75 [193, 194, 166, 200, 105, 284, 54, 25, 92, 191]
i =  76 [419, 489, 106, 875, 844, 112, 529, 818, 340, 853, 55, 890, 127, 794, 447]
i =  77 [644, 390, 679, 712, 553, 175, 624, 168, 630, 381, 56, 445, 570, 413]
i =  78 [610, 548, 328, 201, 60, 66, 109, 467, 312, 249, 668, 62]
i =  79 [577, 103, 433, 45, 653, 464, 141, 274, 596, 286, 310, 281, 412, 61, 670, 277]
i =  80 [69, 326, 263, 428, 47, 272, 209, 85, 374, 121, 379]
i =  81 [97, 485, 71, 264, 297, 211, 73, 343, 345, 414, 229]
i =  82 [97, 485, 71, 264, 73, 211, 343, 345, 297, 414, 229]
i =  83 [320, 224, 195, 261, 305, 84, 246, 119, 440, 89, 315]
i =  84 [224, 320, 195, 261, 305, 84, 246, 119, 440, 89, 315]
i =  85 [97, 485, 71, 264, 73, 211, 343, 345, 297, 414, 229]
i =  86 [98, 323, 197, 523, 716, 398, 431, 497, 611, 405, 723, 471, 632, 255]
i =  87 [320, 224, 195, 261, 305, 84, 246, 119, 440, 89, 315]
i =  88 [736, 256, 514, 505, 609, 392, 521, 237, 656, 753, 212, 629, 22, 759, 88, 660, 123, 296, 592, 507]
i =  89 [896, 289, 932, 520, 356, 430, 829, 496, 648, 850, 852, 439, 184, 665, 125, 158]
i =  90 [161, 291, 133, 230, 332, 238, 401, 227, 383, 221, 222, 351]
i =  91 [768, 353, 804, 424, 9, 266, 715, 364, 558, 44, 180, 725, 87, 761, 153, 698, 719, 362, 766, 95]
i =  92 [448, 770, 219, 872, 393, 924, 930, 595, 493, 562, 915, 823, 786, 923, 156, 830, 927]
i =  93 [896, 289, 932, 648, 356, 430, 496, 520, 850, 852, 439, 184, 665, 829, 158]
i =  94 [161, 227, 133, 230, 332, 238, 401, 291, 351, 221, 222, 383]
i =  95 [416, 441, 707, 452, 616, 681, 503, 793, 783, 560, 657, 183, 500, 790, 727, 388, 762, 559, 669, 382]
i =  96 [896, 289, 932, 648, 356, 430, 496, 520, 850, 852, 439, 184, 665, 829, 158]
i =  97 [320, 224, 195, 261, 305, 84, 246, 119, 440, 89, 315]
i =  98 [98, 323, 197, 523, 716, 398, 431, 497, 611, 405, 723, 471, 632, 255]
i =  99 [97, 485, 71, 264, 73, 211, 343, 345, 297, 414, 229]
i =  100 [448, 770, 923, 156, 872, 393, 930, 595, 493, 562, 915, 823, 786, 219, 924, 830, 927]
i =  101 [161, 291, 133, 230, 332, 238, 401, 227, 383, 221, 222, 351]
i =  102 [161, 291, 133, 230, 332, 238, 401, 227, 383, 221, 222, 351]
i =  103 [320, 224, 195, 261, 305, 84, 246, 119, 440, 89, 315]
i =  104 [161, 291, 133, 230, 332, 238, 401, 227, 383, 221, 222, 351]
i =  105 [97, 485, 71, 264, 73, 211, 343, 345, 297, 414, 229]
i =  106 [161, 291, 133, 230, 332, 238, 401, 227, 383, 221, 222, 351]
i =  107 [161, 291, 133, 230, 332, 238, 401, 227, 383, 221, 222, 351]
i =  108 [320, 224, 195, 261, 305, 84, 246, 119, 440, 89, 315]
i =  109 [225, 483, 677, 257, 435, 462, 248, 547, 643, 622, 728, 317, 510, 703]
i =  110 [86, 102, 39, 554, 534, 214, 250, 475, 508, 186, 542, 159]
i =  111 [604, 290, 613, 465, 617, 652, 365, 561, 499, 276, 599, 300, 443, 252, 314]
i =  112 [800, 322, 389, 618, 695, 748, 706, 270, 307, 756, 437, 470, 663, 600, 787, 58, 543, 636, 346, 799]
i =  113 [480, 802, 963, 977, 968, 937, 970, 631, 866, 750, 975, 944, 913, 947, 949, 278, 919, 952, 330, 654]
i =  114 [704, 994, 35, 774, 999, 969, 578, 957, 911, 912, 881, 594, 884, 918, 984, 601, 858, 283, 220, 733]
i =  115 [480, 802, 963, 977, 968, 937, 330, 866, 975, 944, 913, 947, 919, 952, 970]
i =  116 [832, 162, 612, 293, 348, 77, 781, 888, 18, 819, 372, 951, 824, 953, 463, 956]
i =  117 [640, 737, 387, 484, 645, 456, 684, 590, 625, 690, 628, 366, 182, 539, 732, 574]
i =  118 [98, 323, 197, 502, 523, 716, 398, 431, 497, 611, 405, 723, 471, 632, 255]
i =  119 [512, 450, 294, 170, 427, 226, 206, 271, 216, 154, 490]
i =  120 [516, 773, 391, 650, 779, 910, 925, 807, 938, 813, 838, 973, 980, 988, 734, 993, 995, 996, 743, 874, 363, 877]
i =  121 [993, 995, 996, 773, 391, 925, 650, 779, 938, 973, 910, 743, 807, 531, 980, 877, 813, 363, 988, 874, 734]
i =  122 [773, 391, 904, 650, 779, 910, 538, 925, 807, 938, 813, 973, 980, 988, 734, 993, 995, 996, 743, 874, 363, 877]
i =  123 [2, 580, 325, 806, 871, 458, 717, 942, 621, 848, 817, 788, 846, 494, 602, 444, 894, 805]
i =  124 [705, 259, 710, 457, 746, 651, 302, 477, 784, 702, 138, 649, 569, 572, 605, 350]
i =  125 [704, 994, 774, 999, 969, 578, 957, 911, 912, 881, 658, 594, 918, 984, 601, 858, 220, 733, 884]
i =  126 [705, 259, 710, 649, 746, 138, 302, 687, 784, 350, 982, 457, 569, 477, 572, 605, 702]
i =  127 [480, 802, 963, 977, 968, 937, 970, 811, 866, 750, 975, 944, 913, 947, 654, 919, 952]
i =  128 [257, 483, 677, 225, 622, 547, 435, 643, 462, 728, 828, 317, 510, 703]
i =  129 [641, 834, 772, 726, 865, 744, 906, 939, 814, 754, 564, 757, 822, 567, 504, 820, 916, 955, 474]
i =  130 [641, 772, 837, 865, 744, 906, 939, 814, 754, 822, 564, 757, 726, 567, 504, 820, 916, 955, 474]
i =  131 [515, 771, 920, 292, 933, 550, 551, 682, 688, 945, 52, 950, 954, 959, 960, 324, 838, 713, 721, 738, 740, 849, 110, 755, 760, 635, 895]
i =  132 [704, 994, 774, 999, 840, 969, 733, 578, 911, 912, 881, 594, 884, 918, 984, 601, 858, 220, 957]
i =  133 [704, 994, 774, 999, 969, 733, 578, 911, 912, 881, 594, 851, 884, 918, 984, 601, 858, 220, 957]
i =  134 [832, 162, 612, 293, 870, 348, 781, 77, 824, 18, 819, 372, 951, 888, 953, 463, 956]
i =  135 [801, 355, 935, 1000, 809, 683, 940, 370, 776, 17, 882, 758, 857, 689]
i =  136 [993, 995, 996, 773, 391, 925, 874, 779, 938, 813, 910, 743, 807, 973, 980, 877, 886, 363, 988, 650, 734]
i =  137 [32, 65, 70, 139, 174, 207, 241, 46, 889]
i =  138 [2, 580, 325, 806, 871, 458, 621, 942, 717, 848, 817, 788, 846, 494, 444, 893, 894, 805]
i =  139 [897, 2, 580, 325, 806, 871, 458, 621, 846, 717, 848, 817, 788, 942, 494, 444, 894, 805]
i =  140 [480, 802, 963, 901, 913, 968, 937, 970, 811, 866, 750, 975, 944, 977, 947, 654, 919, 952]
i =  141 [480, 913, 802, 963, 903, 968, 937, 970, 866, 975, 944, 977, 947, 919, 952]
i =  142 [704, 994, 774, 999, 969, 733, 578, 911, 912, 881, 914, 594, 918, 984, 601, 858, 220, 957, 884]
i =  143 [704, 994, 774, 999, 969, 733, 578, 911, 912, 881, 594, 884, 918, 601, 984, 921, 858, 220, 957]
i =  144 [865, 772, 822, 929, 744, 906, 939, 814, 754, 820, 757, 726, 567, 504, 564, 916, 955, 474, 641]
i =  145 [339, 129, 931, 104, 425, 74, 269, 91, 273, 50, 275, 347]
i =  146 [865, 772, 726, 641, 744, 906, 939, 754, 814, 946, 564, 757, 822, 567, 504, 820, 916, 955, 474]
i =  147 [773, 391, 650, 779, 910, 925, 807, 938, 813, 948, 973, 980, 86, 988, 734, 992, 993, 995, 996, 743, 874, 363, 877]
i =  148 [417, 486, 582, 680, 469, 205, 303, 136, 306, 532, 501, 232, 958, 639]
i =  149 [704, 961, 994, 774, 999, 969, 733, 578, 911, 912, 881, 594, 884, 918, 984, 601, 858, 220, 957]
i =  150 [865, 772, 726, 967, 744, 906, 939, 814, 754, 564, 757, 822, 567, 504, 820, 916, 955, 474, 641]
i =  151 [480, 802, 963, 913, 968, 937, 970, 866, 975, 944, 977, 947, 919, 952, 979]
i =  152 [801, 355, 935, 776, 809, 683, 940, 17, 370, 758, 689, 857, 990]
i =  153 [768, 353, 804, 997, 424, 9, 266, 715, 364, 558, 44, 180, 725, 87, 761, 698, 719, 362, 766, 95]
i =  154 [773, 391, 650, 779, 910, 925, 807, 938, 813, 973, 980, 86, 988, 734, 993, 995, 996, 998, 743, 874, 363, 877]
finish get all communities
complete deal_communities
commplete get_all_nature_community
----------------------------------The detection result is: 

all communities: 
i =  1 : [135, 337, 386, 460, 509, 587, 667, 676, 694, 701, 731, 735, 777, 803, 821, 835, 842, 873, 876, 878, 880, 887, 892, 900, 917, 928, 941, 966, 972, 976, 983]
i =  2 : [12, 68, 223, 244, 319, 371, 406, 446, 455, 495, 536, 540, 555, 556, 614, 633, 672, 714, 718, 745, 767]
i =  3 : [111, 115, 217, 334, 396, 408, 459, 461, 527, 528, 545, 581, 606, 662, 724, 785, 791, 810, 883, 885]
i =  4 : [3, 14, 29, 78, 79, 80, 116, 199, 965]
i =  5 : [57, 122, 165, 188, 202, 218, 233, 288, 321, 360, 986]
i =  6 : [32, 46, 65, 70, 139, 174, 207, 241, 926]
i =  7 : [26, 33, 90, 100, 187, 228, 333, 407, 418, 420, 438, 488, 861]
i =  8 : [378, 384, 436, 449, 492, 522, 537, 608, 620, 659, 664, 686, 696, 922]
i =  9 : [30, 117, 172, 234, 352, 375, 380, 421, 422, 426, 482, 549, 568, 575, 585, 798]
i =  10 : [16, 23, 24, 28, 41, 59, 63, 82, 96, 525]
i =  11 : [40, 235, 268, 395, 399, 404, 466, 692, 693, 697, 709, 720, 742, 752, 782, 792, 795, 797, 808, 812, 815, 833, 845, 856, 862, 899]
i =  12 : [36, 101, 131, 342, 349, 481, 597, 637, 642, 674, 739, 763, 831, 839, 843, 847, 867, 868, 891, 974]
i =  13 : [1, 15, 99, 114, 120, 128, 179, 213, 245, 280, 329, 357]
i =  14 : [4, 6, 181, 327, 335, 354, 373, 403, 434, 468, 506, 518, 634, 655, 673, 685, 729, 789, 826, 836, 859, 864, 869]
i =  15 : [5, 43, 51, 253, 282, 309, 453, 513, 541, 544, 552, 565, 566, 573, 593]
i =  16 : [7, 64, 67, 94, 142, 149, 177, 189, 204, 215, 295]
i =  17 : [8, 118, 126, 132, 140, 151, 155, 176, 185]
i =  18 : [10, 144, 163, 171, 192, 279, 285, 359, 402, 579, 588, 591, 603, 626]
i =  19 : [11, 134, 198, 239, 240, 254, 287, 313, 318, 336, 358, 411]
i =  20 : [13, 31, 108, 258, 301, 331, 368, 385, 429, 432, 451, 524, 576, 638, 675]
i =  21 : [19, 48, 157, 397, 511, 517, 533, 546, 583, 678, 700, 765, 775, 816, 825, 827]
i =  22 : [20, 76, 107, 146, 167, 236, 243, 308, 311]
i =  23 : [21, 190, 251, 260, 338, 369, 394, 519, 563, 584, 607, 661, 691, 708, 722, 751, 778]
i =  24 : [25, 54, 92, 105, 166, 191, 193, 194, 200, 284]
i =  25 : [27, 37, 137, 148, 150, 203, 208, 298, 344, 367, 498, 571, 598, 615, 647, 666, 671, 730, 747]
i =  26 : [34, 72, 113, 124, 130, 145, 152, 164, 210, 267]
i =  27 : [35, 38, 81, 93, 160, 196, 299, 304, 454, 473, 487, 623, 646, 699, 711, 741, 749, 769]
i =  28 : [42, 143, 147, 169, 173, 178, 262, 410, 415, 442, 476, 479, 491, 535]
i =  29 : [45, 61, 103, 141, 274, 277, 281, 286, 310, 412, 433, 464, 577, 596, 653, 670]
i =  30 : [49, 361, 377, 423, 472, 526, 557, 586, 589, 619, 627]
i =  31 : [55, 106, 112, 127, 340, 419, 447, 489, 529, 794, 818, 844, 853, 875, 890]
i =  32 : [56, 168, 175, 381, 390, 413, 445, 553, 570, 624, 630, 644, 679, 712]
i =  33 : [60, 62, 66, 109, 201, 249, 312, 328, 467, 548, 610, 668]
i =  34 : [71, 73, 97, 211, 229, 264, 297, 343, 345, 414, 485]
i =  35 : [84, 89, 119, 195, 224, 246, 261, 305, 315, 320, 440]
i =  36 : [22, 88, 123, 212, 237, 256, 296, 392, 505, 507, 514, 521, 592, 609, 629, 656, 660, 736, 753, 759]
i =  37 : [125, 158, 184, 289, 356, 430, 439, 496, 520, 648, 665, 829, 850, 852, 896, 932]
i =  38 : [133, 161, 221, 222, 227, 230, 238, 291, 332, 351, 383, 401]
i =  39 : [156, 219, 393, 448, 493, 562, 595, 770, 786, 823, 830, 872, 915, 923, 924, 927, 930]
i =  40 : [183, 382, 388, 416, 441, 452, 500, 503, 559, 560, 616, 657, 669, 681, 707, 727, 762, 783, 790, 793]
i =  41 : [39, 86, 102, 159, 186, 214, 250, 475, 508, 534, 542, 554]
i =  42 : [252, 276, 290, 300, 314, 365, 443, 465, 499, 561, 599, 604, 613, 617, 652]
i =  43 : [98, 197, 255, 323, 398, 405, 431, 471, 497, 502, 523, 611, 632, 716, 723]
i =  44 : [32, 46, 65, 70, 139, 174, 207, 241, 889]
i =  45 : [53, 75, 83, 231, 242, 247, 265, 316, 341, 376, 409, 989]
i =  46 : [136, 205, 232, 303, 306, 417, 469, 478, 486, 501, 532, 582, 639, 680, 958]
i =  47 : [47, 69, 85, 121, 209, 263, 272, 326, 374, 379, 428, 905]
i =  48 : [154, 170, 206, 216, 226, 271, 294, 427, 450, 490, 512, 780]
i =  49 : [182, 366, 387, 456, 484, 539, 574, 590, 625, 628, 640, 645, 684, 690, 732, 737, 854]
i =  50 : [50, 74, 91, 104, 129, 269, 273, 275, 339, 347, 425, 530, 931]
i =  51 : [9, 44, 87, 95, 153, 180, 266, 353, 362, 364, 424, 558, 698, 715, 719, 725, 761, 766, 768, 804, 997]
i =  52 : [52, 110, 292, 324, 400, 515, 550, 551, 635, 682, 688, 713, 721, 738, 740, 755, 760, 771, 838, 849, 895, 902, 920, 933, 945, 950, 954, 959, 960]
i =  53 : [225, 248, 257, 317, 435, 462, 483, 510, 547, 622, 643, 677, 703, 728, 828, 934]
i =  54 : [58, 270, 307, 322, 346, 389, 437, 470, 543, 600, 618, 636, 663, 695, 706, 748, 756, 787, 796, 799, 800, 863]
i =  55 : [138, 259, 302, 350, 457, 477, 569, 572, 605, 649, 651, 687, 702, 705, 710, 746, 784, 860, 982]
i =  56 : [17, 355, 370, 683, 689, 758, 776, 801, 809, 857, 882, 935, 940, 971, 981, 990, 1000]
i =  57 : [18, 77, 162, 293, 348, 372, 463, 612, 781, 819, 824, 832, 870, 888, 909, 951, 953, 956, 978, 991]
i =  58 : [2, 325, 444, 458, 494, 580, 602, 621, 717, 788, 805, 806, 817, 846, 848, 871, 893, 894, 897, 907, 942, 982]
i =  59 : [86, 363, 391, 516, 531, 538, 650, 734, 743, 773, 779, 807, 813, 838, 874, 877, 886, 904, 910, 925, 938, 948, 973, 980, 985, 988, 992, 993, 995, 996, 998]
i =  60 : [474, 504, 564, 567, 641, 726, 744, 754, 757, 772, 814, 820, 822, 834, 837, 855, 865, 879, 906, 916, 929, 939, 946, 955, 964, 967, 987]
i =  61 : [35, 220, 283, 578, 594, 601, 658, 704, 733, 774, 840, 851, 858, 881, 884, 908, 911, 912, 914, 918, 921, 957, 961, 962, 969, 984, 994, 999]
i =  62 : [278, 330, 480, 631, 654, 750, 764, 802, 811, 841, 866, 898, 901, 903, 904, 913, 919, 936, 937, 943, 944, 947, 949, 952, 963, 968, 970, 975, 977, 979]
overlapping nodes are:  [32, 35, 46, 65, 70, 86, 139, 174, 207, 241, 838, 904, 982] 
 NOO is:  13
total time is:  171.628180981
