setting... -N 1000
setting... -k 20
setting... -maxk 50
setting... -mu 0.1
setting... -t1 2
setting... -t2 1
setting... -minc 10
setting... -maxc 50
setting... -on 100
setting... -om 5

**************************************************************
number of nodes:	1000
average degree:	20
maximum degree:	50
exponent for the degree distribution:	2
exponent for the community size distribution:	1
mixing parameter:	0.1
number of overlapping nodes:	100
number of memberships of the overlapping nodes:	5
community size range set equal to [10 , 50]
**************************************************************

building communities... 
connecting communities... 
recording network...


---------------------------------------------------------------------------
network of 1000 vertices and 9523 edges;	 average degree = 19.046

average mixing parameter: 0.102295 +/- 0.0261063
p_in: 0.579878	p_out: 0.00883576


i =5: 
mutual3:	0.739773
