lens of ground_truth:  61
ground_truth is: [[8, 52, 168, 253, 337, 364, 421, 425, 479, 481, 517, 535, 548, 561, 605, 616, 636, 644, 720, 736, 755, 756, 929, 946, 952, 955, 991], [21, 41, 65, 222, 254, 287, 299, 394, 433, 472, 510, 584, 605, 623, 946, 992], [17, 110, 163, 239, 277, 286, 349, 356, 426, 456, 522, 560, 564, 600, 618, 668, 686, 701, 704, 713, 729, 739, 749, 912, 946, 983, 985], [26, 68, 125, 180, 192, 417, 429, 469, 489, 498, 567, 573, 588, 607, 623, 684, 685, 692, 706, 767, 768, 794, 837, 862, 876, 886, 892, 895, 908, 915, 946, 947, 952, 971, 972, 976, 985], [180, 265, 273, 334, 345, 371, 432, 482, 484, 530, 560, 567, 568, 605, 648, 651, 695, 698, 730, 736, 766, 781, 810, 818, 874, 895, 904, 918, 955, 962, 967, 975, 983, 985, 992], [114, 130, 179, 375, 385, 400, 455, 506, 558, 584, 599, 643, 649, 660, 723, 727, 734, 735, 764, 780, 781, 787, 823, 827, 842, 896, 917, 938, 941, 976], [112, 119, 134, 145, 154, 161, 225, 240, 248, 270, 396, 406, 442, 998], [24, 26, 58, 144, 192, 235, 349, 360, 371, 432, 486, 492, 540, 551, 562, 584, 586, 627, 654, 684, 702, 726, 775, 798, 802, 813, 818, 824, 830, 837, 841, 842, 892, 916, 923, 934, 935, 938, 944, 947, 948, 949, 952, 953, 968, 972, 975, 990, 992, 994], [26, 93, 126, 144, 235, 349, 360, 432, 466, 552, 560, 584, 616, 621, 627, 654, 684, 742, 783, 799, 813, 814, 818, 824, 842, 901, 912, 916, 923, 931, 935, 938, 942, 945, 948, 950, 953, 954, 975, 978, 980, 981, 984, 987, 990, 991], [26, 77, 126, 225, 283, 371, 385, 432, 507, 517, 553, 598, 632, 654, 683, 684, 751, 757, 770, 773, 788, 802, 824, 844, 859, 912, 915, 923, 935, 936, 940, 941, 943, 946, 947, 948, 954, 960, 963, 987, 992], [96, 144, 280, 367, 440, 523, 543, 551, 552, 560, 608, 609, 649, 655, 672, 675, 714, 728, 759, 778, 800, 802, 807, 820, 879, 891, 913, 923, 926, 942, 948, 962, 967, 971, 975, 985, 990, 1000], [206, 215, 321, 323, 391, 469, 517, 534, 577, 602, 605, 628, 630, 633, 657, 670, 696, 712, 718, 725, 748, 789, 851, 854, 929, 952, 953, 956, 962, 971, 983], [107, 122, 125, 199, 250, 317, 339, 377, 395, 458, 488, 489, 536, 590, 593, 625, 665, 677, 740, 760, 813, 825, 917, 946, 958, 979], [174, 316, 414, 427, 463, 494, 497, 521, 549, 552, 560, 619, 627, 636, 638, 654, 664, 681, 685, 733, 741, 750, 761, 773, 781, 784, 794, 816, 837, 875, 877, 972, 984], [66, 87, 120, 183, 203, 211, 371, 552, 938, 982, 987], [91, 132, 187, 193, 245, 281, 290, 361, 363, 413, 470, 478, 623, 842, 917], [37, 81, 130, 258, 306, 310, 320, 324, 349, 415, 457, 459, 503, 566, 651, 824, 952], [50, 210, 228, 238, 246, 264, 318, 349, 424, 436, 450, 465, 471, 491, 545, 565, 714], [159, 175, 282, 360, 381, 383, 399, 402, 526, 576, 649, 662, 678, 680, 714, 717, 743, 790, 802, 808, 825, 827, 832, 845, 846, 883, 884, 897, 898, 912, 952, 982, 998, 1000], [35, 139, 192, 313, 347, 440, 444, 454, 489, 551, 567, 600, 622, 624, 631, 651, 653, 662, 747, 795, 803, 808, 825, 827, 835, 864, 870, 896, 904, 935, 958, 982, 984, 998], [42, 126, 184, 276, 403, 430, 464, 527, 546, 552, 563, 580, 592, 616, 636, 649, 652, 667, 669, 955, 967], [6, 11, 36, 55, 129, 198, 267, 303, 311, 336, 342, 392, 727, 736], [1, 86, 106, 111, 128, 176, 177, 186, 236, 837, 976, 987], [5, 72, 139, 166, 181, 204, 214, 259, 307, 352, 393, 474, 476, 487, 554, 560, 947], [44, 144, 164, 256, 314, 338, 408, 468, 495, 500, 517, 571, 594, 600, 636, 824, 956, 981, 991], [53, 118, 225, 229, 327, 343, 360, 369, 398, 439, 501, 519, 559, 567, 582, 808, 958, 971, 981, 1000], [71, 125, 144, 169, 252, 431, 440, 469, 485, 489, 499, 513, 585, 600, 613, 627, 635, 649, 656, 663, 666, 671, 724, 758, 781, 817, 825, 848, 889, 895, 904, 938, 962, 998], [27, 30, 40, 170, 196, 197, 226, 255, 285, 331, 405, 735, 979], [20, 117, 160, 319, 365, 372, 378, 385, 404, 410, 423, 461, 942, 998], [22, 25, 29, 48, 61, 69, 94, 137, 171, 417, 552], [3, 23, 64, 67, 75, 82, 85, 133, 135, 152, 157], [10, 31, 57, 59, 89, 101, 103, 194, 972, 987], [63, 125, 130, 139, 225, 338, 557, 596, 603, 606, 642, 649, 652, 725, 727, 738, 754, 779, 781, 794, 808, 818, 850, 894, 895, 896, 900, 917, 918, 941, 942, 967, 971, 981, 984, 991], [100, 136, 167, 293, 341, 355, 409, 417, 434, 438, 467, 490, 532, 605, 616, 967], [33, 130, 139, 153, 269, 302, 312, 329, 332, 364, 374, 419, 825, 916], [13, 116, 192, 207, 221, 289, 338, 340, 376, 387, 420, 794, 918, 954], [38, 78, 84, 88, 189, 216, 232, 243, 266, 288, 983, 1000], [7, 12, 60, 104, 113, 233, 242, 268, 305, 440, 727, 979], [26, 144, 180, 212, 235, 315, 330, 338, 349, 382, 440, 449, 518, 525, 584, 600, 627, 651, 662, 714, 725, 773, 775, 792, 813, 818, 825, 838, 843, 892, 896, 904, 906, 916, 939, 942, 953, 957, 958, 970, 975, 979, 981, 982, 990, 998], [151, 178, 205, 235, 297, 338, 358, 362, 416, 440, 517, 528, 555, 567, 570, 581, 623, 634, 651, 722, 731, 786, 801, 802, 813, 818, 842, 855, 923, 929, 930, 942, 948, 951, 956, 959, 962, 964, 972, 973, 974, 990, 992, 993, 995], [125, 180, 192, 373, 397, 417, 418, 460, 469, 480, 539, 551, 589, 611, 627, 629, 652, 685, 721, 735, 791, 794, 809, 829, 849, 856, 899, 907, 910, 911, 915, 919, 925, 928, 976, 985, 1000], [14, 19, 43, 46, 47, 49, 83, 115, 773, 842], [16, 257, 301, 350, 364, 368, 379, 451, 502, 509, 512, 556, 574, 583, 605, 612, 661, 674, 682, 691, 711, 736, 772, 904, 976], [9, 28, 92, 231, 249, 291, 295, 309, 364, 412, 428, 714, 896, 917, 962, 981], [109, 263, 292, 422, 469, 572, 579, 591, 636, 645, 652, 658, 687, 732, 736, 744, 762, 777, 794, 837, 929, 954, 955, 956, 983], [51, 126, 213, 300, 322, 346, 385, 390, 452, 489, 515, 541, 547, 600, 662, 688, 703, 707, 710, 716, 765, 776, 808, 811, 812, 834, 853, 857, 867, 902, 915, 955, 982, 983], [192, 235, 262, 284, 335, 360, 417, 432, 469, 551, 584, 587, 654, 684, 700, 708, 714, 775, 793, 802, 813, 819, 822, 824, 831, 863, 882, 895, 915, 916, 923, 927, 932, 935, 941, 948, 953, 954, 958, 961, 965, 969, 975, 977, 979, 985, 990, 996, 999], [54, 123, 148, 150, 155, 165, 195, 200, 202, 223, 247], [76, 130, 139, 149, 190, 353, 354, 357, 435, 516, 542, 551, 615, 662, 699, 727, 782, 806, 826, 833, 837, 858, 861, 866, 873, 887, 895, 896, 917, 918, 956, 984], [95, 185, 225, 271, 272, 304, 333, 360, 370, 386, 437, 508, 514, 597, 623, 654, 685, 690, 715, 719, 773, 785, 804, 865, 868, 881, 885, 888, 890, 892, 893, 909, 912, 920, 922, 924, 937, 938, 984], [124, 130, 147, 191, 220, 227, 326, 338, 385, 401, 489, 569, 623, 637, 640, 651, 673, 694, 725, 727, 735, 753, 781, 797, 808, 827, 839, 918, 941, 947, 967, 979, 982, 991], [126, 139, 146, 180, 188, 274, 278, 298, 328, 359, 366, 417, 432, 475, 504, 537, 595, 616, 647, 685, 752, 773, 775, 805, 828, 847, 852, 878, 880, 892, 903, 904, 905, 935, 972], [131, 172, 219, 260, 296, 364, 380, 384, 447, 493, 505, 511, 517, 550, 567, 578, 601, 626, 929], [56, 127, 142, 156, 162, 201, 218, 294, 371, 775, 916, 956], [26, 34, 45, 74, 125, 126, 141, 158, 180, 224, 235, 445, 483, 538, 617, 659, 676, 679, 684, 685, 693, 725, 737, 745, 763, 821, 836, 860, 892, 912, 914, 915, 918, 921, 933, 947, 953, 954, 966, 971, 986, 987, 988, 989, 992, 997], [15, 32, 98, 99, 173, 217, 275, 735, 736, 827, 955], [2, 80, 121, 230, 234, 308, 411, 448, 473, 477, 639, 646, 652, 662, 697, 705, 725, 746, 769, 771, 774, 796, 815, 840, 869, 871, 872, 941, 958, 976, 991, 1000], [108, 244, 251, 344, 348, 351, 389, 407, 453, 462, 496, 524, 531, 533, 544, 614, 616, 775, 827], [79, 140, 237, 241, 261, 325, 364, 388, 441, 443, 446, 520, 529, 575, 604, 610, 620, 636, 641, 650, 689, 709, 929], [18, 90, 102, 138, 143, 182, 208, 209, 225, 279, 385], [4, 39, 62, 70, 73, 97, 105, 371, 652, 735]]
nodes: [225, 247, 349, 371, 417, 440, 489, 517, 552, 560, 567, 584, 600, 605, 627, 649, 651, 652, 654, 661, 662, 689, 721, 725, 727, 735, 773, 794, 802, 824, 825, 827, 828, 831, 836, 837, 842, 865, 892, 895, 904, 912, 915, 916, 917, 918, 923, 929, 930, 938, 941, 946, 947, 948, 953, 954, 956, 958, 962, 971, 972, 976, 979, 981, 983, 984, 985, 990, 992, 998, 1000] num of nodes:  71
[[225, 960, 963], [54, 195, 155, 200, 202, 123, 247, 148, 150, 223], [320, 566, 349], [183, 211, 371], [417, 876, 692, 908], [233, 268, 305, 440], [489, 640, 753, 797], [517, 960, 963, 943], [183, 211, 203, 552], [560, 913, 778, 926], [439, 559, 567, 501], [394, 510, 433, 584], [468, 571, 600, 594], [253, 605, 755, 756], [627, 928, 925, 910], [592, 667, 669, 649], [651, 975, 970, 939, 838], [563, 667, 669, 592, 652], [654, 944, 968, 994, 949], [350, 674, 612, 772, 583, 711, 682, 691, 661, 512, 574], [662, 897, 898, 883, 884], [237, 650, 689, 620, 604, 709, 529, 520, 441], [539, 928, 899, 611, 721, 829, 809, 907, 919, 910, 911, 856, 849, 925, 629, 791], [657, 851, 854, 725, 712], [267, 392, 336, 311, 727], [170, 331, 405, 735, 197], [14, 19, 115, 83, 773], [767, 908, 886, 862, 876, 794], [798, 968, 994, 934, 802, 949], [824, 994, 968, 949, 934, 830], [663, 817, 889, 825, 666, 724], [599, 780, 787, 764, 823, 827], [475, 752, 805, 903, 647, 905, 878, 847, 880, 504, 537, 828, 595, 852], [587, 961, 863, 932, 708, 996, 965, 999, 969, 977, 882, 819, 793, 927, 700, 822, 831], [997, 988, 989, 966, 986, 933, 921, 914, 860, 836, 821, 737, 745, 763, 693, 676, 617, 659, 679], [741, 875, 784, 877, 816, 837, 761], [660, 823, 787, 780, 764, 842], [597, 865, 890, 804, 868, 881, 937, 715, 909, 719, 785, 920, 690, 888, 922, 924, 885, 893], [706, 768, 908, 886, 862, 876, 892], [568, 874, 695, 730, 766, 810, 895], [530, 766, 874, 730, 810, 698, 904], [618, 739, 713, 749, 729, 912, 686], [706, 768, 908, 886, 862, 915, 767], [127, 162, 294, 201, 218, 142, 916], [187, 363, 245, 470, 413, 478, 917], [221, 289, 387, 376, 420, 340, 918], [759, 879, 913, 926, 807, 800, 923], [645, 744, 732, 777, 687, 762, 929, 955], [555, 993, 801, 930, 995, 964, 581, 951, 786, 973, 974, 722, 959, 634, 570, 731, 855], [643, 823, 787, 734, 780, 764, 723, 938], [643, 823, 787, 734, 780, 764, 723, 941], [767, 908, 886, 862, 876, 768, 946, 952], [706, 768, 908, 886, 862, 876, 767, 947], [726, 934, 968, 841, 949, 948, 798, 830], [602, 748, 854, 718, 851, 789, 633, 953], [207, 289, 387, 376, 420, 954, 340, 221], [314, 495, 594, 408, 500, 571, 468, 956], [653, 864, 835, 803, 870, 747, 795, 958], [215, 712, 854, 748, 718, 851, 789, 962], [327, 582, 559, 369, 501, 971, 398, 519], [10, 194, 101, 103, 89, 57, 31, 972], [643, 823, 787, 734, 780, 764, 976, 660], [792, 970, 838, 939, 906, 843, 957, 979, 982], [118, 582, 327, 559, 369, 501, 981, 439], [78, 288, 232, 266, 243, 189, 983, 216], [799, 931, 901, 814, 984, 945, 978, 980, 950], [456, 739, 713, 749, 729, 522, 985, 701], [798, 968, 994, 934, 944, 841, 949, 990, 830], [798, 968, 994, 934, 944, 841, 992, 830], [622, 864, 803, 835, 870, 747, 795, 653, 998], [778, 891, 913, 879, 926, 820, 807, 800, 1000]]
len of cliques:  71
downsides after: [[997, 988, 989, 966, 986, 933, 921, 914, 860, 836, 821, 737, 745, 763, 693, 676, 617, 659, 679], [597, 865, 890, 804, 868, 881, 937, 715, 909, 719, 785, 920, 690, 888, 922, 924, 885, 893], [587, 961, 863, 932, 708, 996, 965, 999, 969, 977, 882, 819, 793, 927, 700, 822, 831], [555, 993, 801, 930, 995, 964, 581, 951, 786, 973, 974, 722, 959, 634, 570, 731, 855], [539, 928, 899, 611, 721, 829, 809, 907, 919, 910, 911, 856, 849, 925, 629, 791], [475, 752, 805, 903, 647, 905, 878, 847, 880, 504, 537, 828, 595, 852], [350, 674, 612, 772, 583, 711, 682, 691, 661, 512, 574], [54, 195, 155, 200, 202, 123, 247, 148, 150, 223], [237, 650, 689, 620, 604, 709, 529, 520, 441], [792, 970, 838, 939, 906, 843, 957, 979, 982], [799, 931, 901, 814, 984, 945, 978, 980, 950], [798, 968, 994, 934, 944, 841, 949, 990, 830], [622, 864, 803, 835, 870, 747, 795, 653, 998], [778, 891, 913, 879, 926, 820, 807, 800, 1000], [645, 744, 732, 777, 687, 762, 929, 955], [643, 823, 787, 734, 780, 764, 723, 938], [643, 823, 787, 734, 780, 764, 723, 941], [767, 908, 886, 862, 876, 768, 946, 952], [706, 768, 908, 886, 862, 876, 767, 947], [726, 934, 968, 841, 949, 948, 798, 830], [602, 748, 854, 718, 851, 789, 633, 953], [207, 289, 387, 376, 420, 954, 340, 221], [314, 495, 594, 408, 500, 571, 468, 956], [653, 864, 835, 803, 870, 747, 795, 958], [215, 712, 854, 748, 718, 851, 789, 962], [327, 582, 559, 369, 501, 971, 398, 519], [10, 194, 101, 103, 89, 57, 31, 972], [643, 823, 787, 734, 780, 764, 976, 660], [118, 582, 327, 559, 369, 501, 981, 439], [78, 288, 232, 266, 243, 189, 983, 216], [456, 739, 713, 749, 729, 522, 985, 701], [798, 968, 994, 934, 944, 841, 992, 830], [741, 875, 784, 877, 816, 837, 761], [706, 768, 908, 886, 862, 876, 892], [568, 874, 695, 730, 766, 810, 895], [530, 766, 874, 730, 810, 698, 904], [618, 739, 713, 749, 729, 912, 686], [706, 768, 908, 886, 862, 915, 767], [127, 162, 294, 201, 218, 142, 916], [187, 363, 245, 470, 413, 478, 917], [221, 289, 387, 376, 420, 340, 918], [759, 879, 913, 926, 807, 800, 923], [767, 908, 886, 862, 876, 794], [798, 968, 994, 934, 802, 949], [824, 994, 968, 949, 934, 830], [663, 817, 889, 825, 666, 724], [599, 780, 787, 764, 823, 827], [660, 823, 787, 780, 764, 842], [651, 975, 970, 939, 838], [563, 667, 669, 592, 652], [654, 944, 968, 994, 949], [662, 897, 898, 883, 884], [657, 851, 854, 725, 712], [267, 392, 336, 311, 727], [170, 331, 405, 735, 197], [14, 19, 115, 83, 773], [417, 876, 692, 908], [233, 268, 305, 440], [489, 640, 753, 797], [517, 960, 963, 943], [183, 211, 203, 552], [560, 913, 778, 926], [439, 559, 567, 501], [394, 510, 433, 584], [468, 571, 600, 594], [253, 605, 755, 756], [627, 928, 925, 910], [592, 667, 669, 649]]
number of downsided seeds: 68
[[997, 988, 989, 966, 986, 933, 921, 914, 860, 836, 821, 737, 745, 763, 693, 676, 617, 659, 679], [597, 865, 890, 804, 868, 881, 937, 715, 909, 719, 785, 920, 690, 888, 922, 924, 885, 893], [587, 961, 863, 932, 708, 996, 965, 999, 969, 977, 882, 819, 793, 927, 700, 822, 831], [555, 993, 801, 930, 995, 964, 581, 951, 786, 973, 974, 722, 959, 634, 570, 731, 855], [539, 928, 899, 611, 721, 829, 809, 907, 919, 910, 911, 856, 849, 925, 629, 791], [475, 752, 805, 903, 647, 905, 878, 847, 880, 504, 537, 828, 595, 852], [350, 674, 612, 772, 583, 711, 682, 691, 661, 512, 574], [54, 195, 155, 200, 202, 123, 247, 148, 150, 223], [237, 650, 689, 620, 604, 709, 529, 520, 441], [792, 970, 838, 939, 906, 843, 957, 979, 982], [799, 931, 901, 814, 984, 945, 978, 980, 950], [798, 968, 994, 934, 944, 841, 949, 990, 830], [622, 864, 803, 835, 870, 747, 795, 653, 998], [778, 891, 913, 879, 926, 820, 807, 800, 1000], [645, 744, 732, 777, 687, 762, 929, 955], [643, 823, 787, 734, 780, 764, 723, 938], [643, 823, 787, 734, 780, 764, 723, 941], [767, 908, 886, 862, 876, 768, 946, 952], [706, 768, 908, 886, 862, 876, 767, 947], [726, 934, 968, 841, 949, 948, 798, 830], [602, 748, 854, 718, 851, 789, 633, 953], [207, 289, 387, 376, 420, 954, 340, 221], [314, 495, 594, 408, 500, 571, 468, 956], [653, 864, 835, 803, 870, 747, 795, 958], [215, 712, 854, 748, 718, 851, 789, 962], [327, 582, 559, 369, 501, 971, 398, 519], [10, 194, 101, 103, 89, 57, 31, 972], [643, 823, 787, 734, 780, 764, 976, 660], [118, 582, 327, 559, 369, 501, 981, 439], [78, 288, 232, 266, 243, 189, 983, 216], [456, 739, 713, 749, 729, 522, 985, 701], [798, 968, 994, 934, 944, 841, 992, 830], [741, 875, 784, 877, 816, 837, 761], [706, 768, 908, 886, 862, 876, 892], [568, 874, 695, 730, 766, 810, 895], [530, 766, 874, 730, 810, 698, 904], [618, 739, 713, 749, 729, 912, 686], [706, 768, 908, 886, 862, 915, 767], [127, 162, 294, 201, 218, 142, 916], [187, 363, 245, 470, 413, 478, 917], [221, 289, 387, 376, 420, 340, 918], [759, 879, 913, 926, 807, 800, 923], [767, 908, 886, 862, 876, 794], [798, 968, 994, 934, 802, 949], [824, 994, 968, 949, 934, 830], [663, 817, 889, 825, 666, 724], [599, 780, 787, 764, 823, 827], [660, 823, 787, 780, 764, 842], [651, 975, 970, 939, 838], [563, 667, 669, 592, 652], [654, 944, 968, 994, 949], [662, 897, 898, 883, 884], [657, 851, 854, 725, 712], [267, 392, 336, 311, 727], [170, 331, 405, 735, 197], [14, 19, 115, 83, 773], [417, 876, 692, 908], [233, 268, 305, 440], [489, 640, 753, 797], [517, 960, 963, 943], [183, 211, 203, 552], [560, 913, 778, 926], [439, 559, 567, 501], [394, 510, 433, 584], [468, 571, 600, 594], [253, 605, 755, 756], [627, 928, 925, 910], [592, 667, 669, 649]]
after sorted:  [[997, 988, 989, 966, 986, 933, 921, 914, 860, 836, 821, 737, 745, 763, 693, 676, 617, 659, 679], [597, 865, 890, 804, 868, 881, 937, 715, 909, 719, 785, 920, 690, 888, 922, 924, 885, 893], [587, 961, 863, 932, 708, 996, 965, 999, 969, 977, 882, 819, 793, 927, 700, 822, 831], [555, 993, 801, 930, 995, 964, 581, 951, 786, 973, 974, 722, 959, 634, 570, 731, 855], [539, 928, 899, 611, 721, 829, 809, 907, 919, 910, 911, 856, 849, 925, 629, 791], [475, 752, 805, 903, 647, 905, 878, 847, 880, 504, 537, 828, 595, 852], [350, 674, 612, 772, 583, 711, 682, 691, 661, 512, 574], [54, 195, 155, 200, 202, 123, 247, 148, 150, 223], [237, 650, 689, 620, 604, 709, 529, 520, 441], [792, 970, 838, 939, 906, 843, 957, 979, 982], [799, 931, 901, 814, 984, 945, 978, 980, 950], [798, 968, 994, 934, 944, 841, 949, 990, 830], [622, 864, 803, 835, 870, 747, 795, 653, 998], [778, 891, 913, 879, 926, 820, 807, 800, 1000], [645, 744, 732, 777, 687, 762, 929, 955], [643, 823, 787, 734, 780, 764, 723, 938], [643, 823, 787, 734, 780, 764, 723, 941], [767, 908, 886, 862, 876, 768, 946, 952], [706, 768, 908, 886, 862, 876, 767, 947], [726, 934, 968, 841, 949, 948, 798, 830], [602, 748, 854, 718, 851, 789, 633, 953], [207, 289, 387, 376, 420, 954, 340, 221], [314, 495, 594, 408, 500, 571, 468, 956], [653, 864, 835, 803, 870, 747, 795, 958], [215, 712, 854, 748, 718, 851, 789, 962], [327, 582, 559, 369, 501, 971, 398, 519], [10, 194, 101, 103, 89, 57, 31, 972], [643, 823, 787, 734, 780, 764, 976, 660], [118, 582, 327, 559, 369, 501, 981, 439], [78, 288, 232, 266, 243, 189, 983, 216], [456, 739, 713, 749, 729, 522, 985, 701], [798, 968, 994, 934, 944, 841, 992, 830], [741, 875, 784, 877, 816, 837, 761], [706, 768, 908, 886, 862, 876, 892], [568, 874, 695, 730, 766, 810, 895], [530, 766, 874, 730, 810, 698, 904], [618, 739, 713, 749, 729, 912, 686], [706, 768, 908, 886, 862, 915, 767], [127, 162, 294, 201, 218, 142, 916], [187, 363, 245, 470, 413, 478, 917], [221, 289, 387, 376, 420, 340, 918], [759, 879, 913, 926, 807, 800, 923], [767, 908, 886, 862, 876, 794], [798, 968, 994, 934, 802, 949], [824, 994, 968, 949, 934, 830], [663, 817, 889, 825, 666, 724], [599, 780, 787, 764, 823, 827], [660, 823, 787, 780, 764, 842], [651, 975, 970, 939, 838], [563, 667, 669, 592, 652], [654, 944, 968, 994, 949], [662, 897, 898, 883, 884], [657, 851, 854, 725, 712], [267, 392, 336, 311, 727], [170, 331, 405, 735, 197], [14, 19, 115, 83, 773], [417, 876, 692, 908], [233, 268, 305, 440], [489, 640, 753, 797], [517, 960, 963, 943], [183, 211, 203, 552], [560, 913, 778, 926], [439, 559, 567, 501], [394, 510, 433, 584], [468, 571, 600, 594], [253, 605, 755, 756], [627, 928, 925, 910], [592, 667, 669, 649]]
before num:  68
befor deal_cliques:  66
after deal_cliques:  65
length of seeds:  65
seeds:  [set([836, 966, 914, 659, 921, 986, 860, 989, 997, 737, 676, 933, 679, 617, 988, 693, 745, 763, 821]), set([715, 909, 719, 785, 597, 920, 868, 922, 924, 865, 804, 937, 881, 690, 885, 888, 890, 893]), set([961, 708, 965, 969, 587, 977, 793, 932, 927, 996, 999, 882, 819, 822, 863, 700, 831]), set([964, 581, 801, 973, 974, 786, 855, 731, 570, 993, 930, 995, 555, 722, 951, 634, 959]), set([899, 907, 910, 911, 849, 919, 791, 856, 539, 925, 928, 611, 721, 809, 629, 829]), set([752, 805, 647, 905, 903, 878, 847, 880, 595, 852, 504, 537, 475, 828]), set([512, 674, 772, 711, 682, 583, 691, 350, 661, 612, 574]), set([195, 54, 200, 202, 123, 148, 150, 247, 155, 223]), set([709, 689, 520, 650, 620, 237, 529, 441, 604]), set([843, 838, 970, 939, 906, 979, 982, 792, 957]), set([931, 901, 814, 945, 978, 980, 950, 984, 799]), set([994, 934, 968, 841, 798, 944, 990, 830, 949]), set([864, 835, 870, 998, 747, 653, 622, 803, 795]), set([800, 807, 1000, 778, 879, 913, 820, 891, 926]), set([643, 938, 780, 941, 787, 723, 823, 764, 734]), set([929, 645, 744, 777, 687, 762, 955, 732]), set([768, 876, 908, 946, 886, 952, 862, 767]), set([768, 706, 876, 908, 947, 886, 862, 767]), set([798, 934, 968, 841, 948, 949, 726, 830]), set([748, 718, 851, 789, 854, 633, 953, 602]), set([289, 387, 420, 207, 340, 376, 954, 221]), set([495, 594, 500, 408, 468, 314, 571, 956]), set([864, 803, 870, 747, 653, 835, 795, 958]), set([962, 712, 748, 718, 851, 789, 854, 215]), set([971, 582, 327, 519, 398, 559, 369, 501]), set([194, 101, 103, 10, 972, 57, 89, 31]), set([582, 327, 559, 369, 501, 118, 439, 981]), set([288, 232, 266, 78, 243, 983, 216, 189]), set([739, 456, 713, 522, 749, 729, 985, 701]), set([992, 994, 934, 968, 841, 944, 798, 830]), set([816, 784, 741, 761, 875, 877, 837]), set([768, 706, 862, 886, 876, 908, 892]), set([695, 568, 874, 810, 730, 766, 895]), set([530, 904, 730, 698, 874, 810, 766]), set([912, 739, 729, 713, 618, 749, 686]), set([768, 706, 915, 886, 908, 862, 767]), set([162, 916, 294, 201, 218, 142, 127]), set([187, 245, 470, 363, 413, 478, 917]), set([289, 387, 420, 918, 376, 340, 221]), set([800, 913, 923, 807, 759, 926, 879]), set([994, 949, 934, 968, 802, 798]), set([824, 994, 949, 934, 968, 830]), set([817, 724, 663, 825, 666, 889]), set([787, 764, 599, 827, 823, 780]), set([787, 660, 823, 764, 842, 780]), set([970, 651, 939, 838, 975]), set([592, 563, 652, 667, 669]), set([944, 968, 994, 949, 654]), set([897, 898, 883, 884, 662]), set([712, 657, 851, 725, 854]), set([392, 336, 267, 311, 727]), set([170, 331, 197, 735, 405]), set([19, 83, 115, 773, 14]), set([417, 692, 908, 876]), set([440, 233, 268, 305]), set([640, 489, 797, 753]), set([960, 963, 517, 943]), set([552, 211, 203, 183]), set([560, 913, 778, 926]), set([439, 559, 501, 567]), set([584, 433, 394, 510]), set([600, 594, 571, 468]), set([755, 756, 253, 605]), set([928, 627, 925, 910]), set([592, 649, 667, 669])]
seeds_fitness [0.5007320644216691, 0.5221843003412969, 0.45107794361525705, 0.45484949832775917, 0.4948453608247423, 0.48663101604278075, 0.4263565891472868, 0.7964601769911505, 0.3380281690140845, 0.08944099378881988, 0.12857142857142856, 0.08591885441527446, 0.13090909090909092, 0.125, 0.11494252873563218, 0.12095032397408208, 0.09655172413793103, 0.11715481171548117, 0.07272727272727272, 0.11740041928721175, 0.24347826086956523, 0.20512820512820512, 0.11666666666666667, 0.1275626423690205, 0.18360655737704917, 0.24034334763948498, 0.1794871794871795, 0.21621621621621623, 0.14177215189873418, 0.08211143695014662, 0.10344827586206896, 0.09523809523809523, 0.105, 0.10741687979539642, 0.11475409836065574, 0.08842105263157894, 0.21212121212121213, 0.1810344827586207, 0.20192307692307693, 0.07, 0.05366726296958855, 0.04950495049504951, 0.08152173913043478, 0.09933774834437085, 0.09202453987730061, 0.026954177897574125, 0.11363636363636363, 0.03929273084479371, 0.0547945205479452, 0.06451612903225806, 0.16260162601626016, 0.15873015873015872, 0.18867924528301888, 0.046153846153846156, 0.14285714285714285, 0.057971014492753624, 0.03858520900321544, 0.14634146341463414, 0.0335195530726257, 0.07947019867549669, 0.09302325581395349, 0.0851063829787234, 0.05687203791469194, 0.03519061583577713, 0.07058823529411765]
after sort list of tuple: [(7, 0.7964601769911505), (1, 0.5221843003412969), (0, 0.5007320644216691), (4, 0.4948453608247423), (5, 0.48663101604278075), (3, 0.45484949832775917), (2, 0.45107794361525705), (6, 0.4263565891472868), (8, 0.3380281690140845), (20, 0.24347826086956523), (25, 0.24034334763948498), (27, 0.21621621621621623), (36, 0.21212121212121213), (21, 0.20512820512820512), (38, 0.20192307692307693), (52, 0.18867924528301888), (24, 0.18360655737704917), (37, 0.1810344827586207), (26, 0.1794871794871795), (50, 0.16260162601626016), (51, 0.15873015873015872), (57, 0.14634146341463414), (54, 0.14285714285714285), (28, 0.14177215189873418), (12, 0.13090909090909092), (10, 0.12857142857142856), (23, 0.1275626423690205), (13, 0.125), (15, 0.12095032397408208), (19, 0.11740041928721175), (17, 0.11715481171548117), (22, 0.11666666666666667), (14, 0.11494252873563218), (34, 0.11475409836065574), (46, 0.11363636363636363), (33, 0.10741687979539642), (32, 0.105), (30, 0.10344827586206896), (43, 0.09933774834437085), (16, 0.09655172413793103), (31, 0.09523809523809523), (60, 0.09302325581395349), (44, 0.09202453987730061), (9, 0.08944099378881988), (35, 0.08842105263157894), (11, 0.08591885441527446), (61, 0.0851063829787234), (29, 0.08211143695014662), (42, 0.08152173913043478), (59, 0.07947019867549669), (18, 0.07272727272727272), (64, 0.07058823529411765), (39, 0.07), (49, 0.06451612903225806), (55, 0.057971014492753624), (62, 0.05687203791469194), (48, 0.0547945205479452), (40, 0.05366726296958855), (41, 0.04950495049504951), (53, 0.046153846153846156), (47, 0.03929273084479371), (56, 0.03858520900321544), (63, 0.03519061583577713), (58, 0.0335195530726257), (45, 0.026954177897574125)]
seeds_sorted [set([195, 54, 200, 202, 123, 148, 150, 247, 155, 223]), set([715, 909, 719, 785, 597, 920, 868, 922, 924, 865, 804, 937, 881, 690, 885, 888, 890, 893]), set([836, 966, 914, 659, 921, 986, 860, 989, 997, 737, 676, 933, 679, 617, 988, 693, 745, 763, 821]), set([899, 907, 910, 911, 849, 919, 791, 856, 539, 925, 928, 611, 721, 809, 629, 829]), set([752, 805, 647, 905, 903, 878, 847, 880, 595, 852, 504, 537, 475, 828]), set([964, 581, 801, 973, 974, 786, 855, 731, 570, 993, 930, 995, 555, 722, 951, 634, 959]), set([961, 708, 965, 969, 587, 977, 793, 932, 927, 996, 999, 882, 819, 822, 863, 700, 831]), set([512, 674, 772, 711, 682, 583, 691, 350, 661, 612, 574]), set([709, 689, 520, 650, 620, 237, 529, 441, 604]), set([289, 387, 420, 207, 340, 376, 954, 221]), set([194, 101, 103, 10, 972, 57, 89, 31]), set([288, 232, 266, 78, 243, 983, 216, 189]), set([162, 916, 294, 201, 218, 142, 127]), set([495, 594, 500, 408, 468, 314, 571, 956]), set([289, 387, 420, 918, 376, 340, 221]), set([19, 83, 115, 773, 14]), set([971, 582, 327, 519, 398, 559, 369, 501]), set([187, 245, 470, 363, 413, 478, 917]), set([582, 327, 559, 369, 501, 118, 439, 981]), set([392, 336, 267, 311, 727]), set([170, 331, 197, 735, 405]), set([552, 211, 203, 183]), set([440, 233, 268, 305]), set([739, 456, 713, 522, 749, 729, 985, 701]), set([864, 835, 870, 998, 747, 653, 622, 803, 795]), set([931, 901, 814, 945, 978, 980, 950, 984, 799]), set([962, 712, 748, 718, 851, 789, 854, 215]), set([800, 807, 1000, 778, 879, 913, 820, 891, 926]), set([929, 645, 744, 777, 687, 762, 955, 732]), set([748, 718, 851, 789, 854, 633, 953, 602]), set([768, 706, 876, 908, 947, 886, 862, 767]), set([864, 803, 870, 747, 653, 835, 795, 958]), set([643, 938, 780, 941, 787, 723, 823, 764, 734]), set([912, 739, 729, 713, 618, 749, 686]), set([592, 563, 652, 667, 669]), set([530, 904, 730, 698, 874, 810, 766]), set([695, 568, 874, 810, 730, 766, 895]), set([816, 784, 741, 761, 875, 877, 837]), set([787, 764, 599, 827, 823, 780]), set([768, 876, 908, 946, 886, 952, 862, 767]), set([768, 706, 862, 886, 876, 908, 892]), set([584, 433, 394, 510]), set([787, 660, 823, 764, 842, 780]), set([843, 838, 970, 939, 906, 979, 982, 792, 957]), set([768, 706, 915, 886, 908, 862, 767]), set([994, 934, 968, 841, 798, 944, 990, 830, 949]), set([600, 594, 571, 468]), set([992, 994, 934, 968, 841, 944, 798, 830]), set([817, 724, 663, 825, 666, 889]), set([439, 559, 501, 567]), set([798, 934, 968, 841, 948, 949, 726, 830]), set([592, 649, 667, 669]), set([800, 913, 923, 807, 759, 926, 879]), set([712, 657, 851, 725, 854]), set([640, 489, 797, 753]), set([755, 756, 253, 605]), set([897, 898, 883, 884, 662]), set([994, 949, 934, 968, 802, 798]), set([824, 994, 949, 934, 968, 830]), set([417, 692, 908, 876]), set([944, 968, 994, 949, 654]), set([960, 963, 517, 943]), set([928, 627, 925, 910]), set([560, 913, 778, 926]), set([970, 651, 939, 838, 975])]
args__________ ([set([195, 54, 200, 202, 123, 148, 150, 247, 155, 223]), set([560, 913, 778, 926]), set([970, 651, 939, 838, 975])],)
args__________ ([set([715, 909, 719, 785, 597, 920, 868, 922, 924, 865, 804, 937, 881, 690, 885, 888, 890, 893]), set([928, 627, 925, 910])],)
args__________ ([set([836, 966, 914, 659, 921, 986, 860, 989, 997, 737, 676, 933, 679, 617, 988, 693, 745, 763, 821]), set([960, 963, 517, 943])],)
args__________ ([set([899, 907, 910, 911, 849, 919, 791, 856, 539, 925, 928, 611, 721, 809, 629, 829]), set([944, 968, 994, 949, 654])],)
args__________ ([set([752, 805, 647, 905, 903, 878, 847, 880, 595, 852, 504, 537, 475, 828]), set([417, 692, 908, 876])],)
args__________ ([set([964, 581, 801, 973, 974, 786, 855, 731, 570, 993, 930, 995, 555, 722, 951, 634, 959]), set([824, 994, 949, 934, 968, 830])],)
args__________ ([set([961, 708, 965, 969, 587, 977, 793, 932, 927, 996, 999, 882, 819, 822, 863, 700, 831]), set([994, 949, 934, 968, 802, 798])],)
args__________ ([set([512, 674, 772, 711, 682, 583, 691, 350, 661, 612, 574]), set([897, 898, 883, 884, 662])],)
args__________ ([set([709, 689, 520, 650, 620, 237, 529, 441, 604]), set([755, 756, 253, 605])],)
args__________ ([set([289, 387, 420, 207, 340, 376, 954, 221]), set([640, 489, 797, 753])],)
args__________ ([set([194, 101, 103, 10, 972, 57, 89, 31]), set([712, 657, 851, 725, 854])],)
args__________ ([set([288, 232, 266, 78, 243, 983, 216, 189]), set([800, 913, 923, 807, 759, 926, 879])],)
args__________ ([set([162, 916, 294, 201, 218, 142, 127]), set([592, 649, 667, 669])],)
args__________ ([set([495, 594, 500, 408, 468, 314, 571, 956]), set([798, 934, 968, 841, 948, 949, 726, 830])],)
args__________ ([set([289, 387, 420, 918, 376, 340, 221]), set([439, 559, 501, 567])],)
args__________ ([set([19, 83, 115, 773, 14]), set([817, 724, 663, 825, 666, 889])],)
args__________ ([set([971, 582, 327, 519, 398, 559, 369, 501]), set([992, 994, 934, 968, 841, 944, 798, 830])],)
args__________ ([set([187, 245, 470, 363, 413, 478, 917]), set([600, 594, 571, 468])],)
args__________ ([set([582, 327, 559, 369, 501, 118, 439, 981]), set([994, 934, 968, 841, 798, 944, 990, 830, 949])],)
args__________ ([set([392, 336, 267, 311, 727]), set([768, 706, 915, 886, 908, 862, 767])],)
args__________ ([set([170, 331, 197, 735, 405]), set([843, 838, 970, 939, 906, 979, 982, 792, 957])],)
args__________ ([set([552, 211, 203, 183]), set([787, 660, 823, 764, 842, 780])],)
args__________ ([set([440, 233, 268, 305]), set([584, 433, 394, 510])],)
args__________ ([set([739, 456, 713, 522, 749, 729, 985, 701]), set([768, 706, 862, 886, 876, 908, 892])],)
args__________ ([set([864, 835, 870, 998, 747, 653, 622, 803, 795]), set([768, 876, 908, 946, 886, 952, 862, 767])],)
args__________ ([set([931, 901, 814, 945, 978, 980, 950, 984, 799]), set([787, 764, 599, 827, 823, 780])],)
args__________ ([set([962, 712, 748, 718, 851, 789, 854, 215]), set([816, 784, 741, 761, 875, 877, 837])],)
args__________ ([set([800, 807, 1000, 778, 879, 913, 820, 891, 926]), set([695, 568, 874, 810, 730, 766, 895])],)
args__________ ([set([929, 645, 744, 777, 687, 762, 955, 732]), set([530, 904, 730, 698, 874, 810, 766])],)
args__________ ([set([748, 718, 851, 789, 854, 633, 953, 602]), set([592, 563, 652, 667, 669])],)
args__________ ([set([768, 706, 876, 908, 947, 886, 862, 767]), set([912, 739, 729, 713, 618, 749, 686])],)
args__________ ([set([864, 803, 870, 747, 653, 835, 795, 958]), set([643, 938, 780, 941, 787, 723, 823, 764, 734])],)
finish process___________________
left nodes numner:_______ 313
sorted nodes by betweenness [1, 2, 3, 4, 5, 9, 15, 18, 20, 22, 23, 25, 26, 28, 29, 32, 33, 37, 39, 48, 50, 51, 61, 62, 63, 64, 67, 69, 70, 72, 73, 75, 76, 80, 81, 82, 85, 86, 90, 92, 94, 97, 98, 99, 100, 102, 105, 106, 107, 108, 111, 112, 117, 119, 121, 122, 125, 126, 128, 130, 131, 133, 134, 135, 136, 137, 138, 139, 143, 145, 149, 152, 153, 154, 157, 160, 161, 166, 167, 171, 172, 173, 176, 177, 180, 181, 182, 186, 190, 192, 199, 204, 208, 209, 210, 213, 214, 217, 219, 225, 228, 230, 231, 234, 236, 238, 240, 244, 246, 248, 249, 250, 251, 258, 259, 260, 264, 269, 270, 275, 279, 291, 293, 295, 296, 300, 302, 306, 307, 308, 309, 310, 312, 317, 318, 319, 320, 322, 324, 329, 332, 338, 339, 341, 344, 346, 348, 349, 351, 352, 353, 354, 355, 357, 360, 364, 365, 371, 372, 374, 377, 378, 380, 384, 385, 389, 390, 393, 395, 396, 404, 406, 407, 409, 410, 411, 412, 415, 419, 423, 424, 428, 432, 434, 435, 436, 438, 442, 447, 448, 450, 452, 453, 457, 458, 459, 461, 462, 465, 467, 469, 471, 473, 474, 476, 477, 487, 488, 490, 491, 493, 496, 503, 505, 511, 515, 516, 524, 531, 532, 533, 536, 541, 542, 544, 545, 547, 550, 551, 554, 557, 565, 566, 578, 590, 593, 596, 601, 603, 606, 614, 615, 616, 623, 625, 626, 636, 639, 642, 646, 665, 677, 684, 685, 688, 697, 699, 703, 705, 707, 710, 714, 716, 736, 738, 740, 746, 754, 760, 765, 769, 771, 774, 775, 776, 779, 781, 782, 794, 796, 806, 808, 811, 812, 813, 815, 818, 826, 833, 834, 840, 850, 853, 857, 858, 861, 866, 867, 869, 871, 872, 873, 887, 894, 896, 900, 902, 935, 942, 967, 976, 987, 991]
args__________ ([[1, 236, 177, 186, 128, 176, 86, 111]],)
args__________ ([[2, 769, 771, 869, 774, 840, 872, 815, 796, 871]],)
args__________ ([[3, 133, 135, 152, 157, 75, 67, 85]],)
args__________ ([[4, 97, 105, 70, 73, 62, 39]],)
args__________ ([[5, 487, 554, 474, 476, 307, 259]],)
args__________ ([[9, 295, 231, 412, 28, 428, 309, 291]],)
args__________ ([[15, 173, 275, 217, 32, 99, 98]],)
args__________ ([[18, 102, 138, 143, 208, 209, 90, 182, 279]],)
args__________ ([[20, 160, 423, 461, 365, 372, 378, 410, 404, 319]],)
args__________ ([[22, 171, 69, 137, 48, 25, 61, 29, 94]],)
args__________ ([[3, 133, 135, 152, 157, 23, 67, 85]],)
args__________ ([[22, 171, 69, 137, 48, 25, 61, 29, 94]],)
args__________ ([[841, 934, 26]],)
args__________ ([[9, 295, 231, 412, 28, 428, 309, 291]],)
args__________ ([[22, 171, 69, 137, 48, 25, 61, 29, 94]],)
args__________ ([[15, 173, 275, 217, 32, 99, 98]],)
args__________ ([[33, 419, 329, 332, 312, 153, 374, 269, 302]],)
args__________ ([[37, 320, 258, 324, 566, 457, 459, 415, 310, 503]],)
args__________ ([[4, 97, 105, 70, 73, 62, 39]],)
args__________ ([[22, 171, 69, 137, 48, 25, 61, 29, 94]],)
args__________ ([[50, 545, 491, 465, 436, 318, 565, 471, 450]],)
args__________ ([[51, 834, 867, 902, 776, 857, 811, 812, 853, 765]],)
args__________ ([[22, 171, 69, 137, 48, 25, 61, 29, 94]],)
args__________ ([[4, 97, 105, 70, 73, 62, 39]],)
args__________ ([[63, 642, 738, 900, 779, 894, 850, 754, 603, 606]],)
args__________ ([[3, 133, 135, 152, 157, 75, 64]],)
args__________ ([[3, 133, 135, 152, 157, 75, 67, 85]],)
args__________ ([[22, 171, 69, 137, 48, 25, 61, 29, 94]],)
args__________ ([[4, 97, 105, 70, 73, 62, 39]],)
args__________ ([[72, 487, 393, 554, 474, 476, 352, 259, 214]],)
args__________ ([[4, 97, 105, 70, 73, 62, 39]],)
args__________ ([[3, 133, 135, 152, 157, 75, 67, 85]],)
finish single seed process___________________
left nodes numner:_______ 129
sorted nodes by betweenness [76, 100, 107, 108, 112, 119, 122, 125, 126, 130, 131, 134, 136, 139, 145, 149, 154, 161, 167, 172, 180, 190, 192, 199, 219, 225, 240, 244, 248, 250, 251, 260, 270, 293, 296, 317, 338, 339, 341, 344, 348, 349, 351, 353, 354, 355, 357, 360, 364, 371, 377, 380, 384, 385, 389, 395, 396, 406, 407, 409, 432, 434, 435, 438, 442, 447, 453, 458, 462, 467, 469, 488, 490, 493, 496, 505, 511, 516, 524, 531, 532, 533, 536, 542, 544, 550, 551, 578, 590, 593, 601, 614, 615, 616, 623, 625, 626, 636, 665, 677, 684, 685, 699, 714, 736, 740, 760, 775, 781, 782, 794, 806, 808, 813, 818, 826, 833, 858, 861, 866, 873, 887, 896, 935, 942, 967, 976, 987, 991]
args__________ ([[76, 833, 866, 806, 873, 826, 858, 861, 782, 887]],)
args__________ ([[100, 355, 293, 490, 434, 409, 467, 532, 341, 438]],)
args__________ ([[107, 740, 625, 760, 395, 665, 458]],)
args__________ ([[108, 453, 614, 524, 496, 533, 531, 244]],)
args__________ ([[112, 396, 270, 406, 248, 442, 154, 240]],)
args__________ ([[112, 396, 270, 406, 248, 442, 119, 134]],)
args__________ ([[122, 760, 590, 677, 665, 593, 488, 625]],)
args__________ ([[779, 850, 125]],)
args__________ ([[592, 667, 126]],)
args__________ ([[130, 900, 894]],)
args__________ ([[131, 578, 550, 296, 493, 626, 505, 601, 447, 380, 511]],)
args__________ ([[112, 396, 270, 406, 248, 442, 154, 134]],)
args__________ ([[136, 355, 293, 167, 490, 434, 409, 467, 532, 341, 438]],)
args__________ ([[139, 803, 870]],)
args__________ ([[119, 396, 406, 248, 442, 145, 270, 134]],)
args__________ ([[149, 833, 866, 806, 873, 782, 826, 858, 699, 861, 887]],)
args__________ ([[112, 396, 270, 406, 248, 442, 154, 240]],)
args__________ ([[119, 396, 406, 248, 442, 161, 270, 134]],)
args__________ ([[136, 355, 293, 167, 490, 434, 409, 467, 532, 341, 438]],)
args__________ ([[172, 384, 578, 550, 493, 626, 505, 601, 219, 447, 511]],)
args__________ ([[692, 908, 180]],)
args__________ ([[190, 833, 866, 806, 873, 782, 826, 858, 699, 861, 887]],)
args__________ ([[192, 994, 949]],)
args__________ ([[199, 740, 677, 760, 625, 593, 665, 590]],)
args__________ ([[172, 384, 578, 550, 493, 626, 505, 601, 219, 447, 511]],)
args__________ ([[225, 960, 963]],)
args__________ ([[112, 396, 270, 406, 248, 442, 154, 240]],)
args__________ ([[244, 544, 614, 524, 496, 531, 533, 251, 453]],)
args__________ ([[112, 396, 270, 406, 248, 442, 154, 240]],)
args__________ ([[199, 740, 677, 760, 625, 593, 250]],)
args__________ ([[244, 544, 614, 524, 496, 531, 533, 251, 453]],)
args__________ ([[260, 384, 578, 550, 296, 493, 626, 601, 505, 511, 380, 447]],)
finish single seed process___________________
left nodes numner:_______ 29
sorted nodes by betweenness [338, 349, 360, 364, 371, 385, 432, 469, 551, 616, 623, 636, 684, 685, 714, 736, 775, 781, 794, 808, 813, 818, 896, 935, 942, 967, 976, 987, 991]
args__________ ([[338, 640, 839]],)
args__________ ([[320, 566, 349]],)
args__________ ([[360, 1000, 897, 846]],)
args__________ ([[364, 548, 720, 756]],)
args__________ ([[183, 211, 371]],)
args__________ ([[385, 780, 764, 734]],)
args__________ ([[432, 994, 968, 726]],)
args__________ ([[469, 908, 876, 767]],)
args__________ ([[551, 928, 925, 910]],)
args__________ ([[348, 614, 616, 351]],)
args__________ ([[623, 992, 993, 995, 974]],)
args__________ ([[468, 571, 495, 636]],)
args__________ ([[798, 968, 994, 684, 949]],)
args__________ ([[741, 875, 784, 877, 685]],)
args__________ ([[714, 981, 970, 906, 939, 957]],)
args__________ ([[36, 392, 303, 342, 736]],)
args__________ ([[344, 544, 614, 524, 775]],)
args__________ ([[764, 780, 787, 823, 827, 781]],)
args__________ ([[767, 908, 886, 862, 876, 794]],)
args__________ ([[747, 864, 870, 803, 795, 808, 958]],)
args__________ ([[813, 994, 968, 841, 830, 934]],)
args__________ ([[818, 994, 944, 968, 949, 934]],)
args__________ ([[603, 738, 900, 850, 894, 642, 896]],)
args__________ ([[830, 934, 968, 994, 944, 841, 949, 935]],)
args__________ ([[814, 931, 901, 945, 978, 980, 950, 942]],)
args__________ ([[527, 580, 667, 592, 669, 563, 546, 967]],)
args__________ ([[643, 823, 787, 734, 780, 764, 976, 660]],)
args__________ ([[10, 194, 101, 103, 89, 57, 31, 987]],)
args__________ ([[124, 839, 753, 797, 640, 673, 694, 991]],)
finish single seed process___________________
i =  0 [195, 165, 200, 202, 123, 148, 54, 247, 155, 150, 223]
i =  1 [96, 672, 675, 891, 609, 778, 523, 800, 879, 560, 913, 820, 807, 759, 728, 608, 280, 367, 655, 926, 543]
i =  2 [449, 651, 518, 838, 957, 970, 939, 525, 975, 843, 212, 235, 792, 315, 330, 906, 382]
i =  3 [514, 909, 271, 272, 785, 920, 922, 924, 804, 937, 304, 690, 437, 185, 715, 333, 386, 719, 597, 95, 865, 868, 881, 370, 885, 888, 890, 508, 893]
i =  4 [899, 907, 397, 910, 911, 919, 539, 925, 928, 418, 809, 829, 629, 460, 589, 791, 849, 856, 480, 611, 721, 627, 373]
i =  5 [141, 914, 659, 921, 538, 158, 34, 676, 933, 679, 988, 45, 693, 445, 821, 836, 966, 74, 986, 860, 989, 224, 737, 483, 997, 617, 745, 763]
i =  6 [960, 770, 963, 517, 936, 553, 683, 844, 77, 943, 788, 757, 598, 632, 940, 859, 507, 283, 751]
i =  7 [899, 907, 397, 910, 911, 919, 539, 925, 928, 418, 809, 829, 373, 460, 589, 791, 849, 856, 480, 611, 721, 629]
i =  8 [994, 830, 934, 486, 968, 841, 586, 492, 654, 944, 562, 949, 726, 24, 58, 540, 798, 702]
i =  9 [647, 905, 274, 366, 278, 537, 880, 805, 298, 903, 188, 328, 847, 595, 852, 475, 359, 828, 146, 878, 752, 504]
i =  10 [768, 417, 706, 68, 588, 908, 429, 876, 498, 692, 886, 767, 573, 862, 607]
i =  11 [528, 786, 151, 416, 801, 930, 297, 555, 178, 951, 570, 959, 964, 581, 973, 974, 205, 722, 855, 731, 993, 995, 358, 362, 634]
i =  12 [994, 934, 486, 968, 841, 586, 798, 492, 944, 24, 562, 949, 726, 824, 58, 540, 830, 702]
i =  13 [961, 932, 965, 262, 999, 969, 587, 284, 335, 977, 882, 819, 708, 927, 822, 793, 863, 700, 996, 831]
i =  14 [994, 830, 934, 486, 968, 841, 586, 492, 802, 944, 562, 949, 726, 24, 58, 540, 798, 702]
i =  15 [512, 257, 674, 451, 772, 711, 682, 583, 556, 301, 16, 368, 691, 350, 661, 502, 612, 379, 509, 574]
i =  16 [897, 898, 662, 526, 399, 402, 790, 282, 159, 832, 678, 680, 175, 576, 845, 846, 717, 743, 883, 884, 381, 383]
i =  17 [641, 610, 388, 709, 689, 520, 620, 650, 140, 237, 79, 241, 261, 529, 446, 441, 443, 604, 575, 325]
i =  18 [481, 548, 421, 561, 168, 425, 605, 720, 337, 755, 756, 8, 535, 644, 52, 253, 479]
i =  19 [289, 387, 420, 13, 207, 340, 376, 116, 954, 221]
i =  20 [640, 673, 227, 326, 839, 489, 637, 401, 147, 220, 694, 569, 753, 124, 797, 191]
i =  21 [194, 101, 103, 10, 972, 57, 89, 59, 31]
i =  22 [321, 323, 534, 391, 712, 748, 718, 577, 206, 657, 851, 628, 789, 630, 215, 696, 633, 854, 602, 670, 725]
i =  23 [288, 38, 232, 266, 78, 88, 243, 84, 983, 216, 189]
i =  24 [800, 96, 675, 807, 672, 778, 523, 923, 879, 913, 728, 367, 820, 609, 280, 608, 891, 655, 759, 926, 543]
i =  25 [162, 294, 201, 142, 916, 56, 218, 156, 127]
i =  26 [464, 546, 580, 649, 42, 430, 527, 592, 563, 403, 276, 184, 667, 669]
i =  27 [256, 164, 44, 495, 594, 500, 408, 468, 314, 571, 956]
i =  28 [994, 934, 486, 968, 841, 586, 798, 492, 944, 562, 948, 949, 726, 24, 58, 923, 540, 830, 702]
i =  29 [289, 387, 420, 13, 207, 340, 918, 376, 116, 221]
i =  30 [343, 229, 582, 327, 519, 398, 559, 369, 501, 118, 567, 439, 53]
i =  31 [19, 83, 773, 43, 14, 47, 49, 115, 46]
i =  32 [513, 671, 485, 71, 585, 825, 431, 848, 817, 499, 724, 758, 663, 889, 656, 635, 252, 666, 169, 613]
i =  33 [327, 229, 582, 519, 971, 398, 559, 369, 501, 118, 343, 439, 53]
i =  34 [992, 994, 934, 486, 968, 841, 586, 798, 492, 944, 562, 949, 726, 24, 58, 540, 830, 702]
i =  35 [193, 290, 91, 132, 361, 363, 245, 470, 281, 187, 413, 478, 917]
i =  36 [256, 164, 44, 495, 408, 594, 468, 600, 500, 314, 571]
i =  37 [229, 582, 327, 519, 398, 559, 369, 981, 118, 343, 439, 53, 501]
i =  38 [144, 994, 934, 486, 968, 841, 586, 798, 492, 702, 944, 562, 990, 726, 24, 58, 540, 830, 949]
i =  39 [129, 11, 36, 198, 6, 392, 267, 303, 336, 342, 727, 55, 311]
i =  40 [768, 706, 68, 588, 908, 429, 876, 498, 915, 692, 886, 607, 573, 862, 767]
i =  41 [226, 196, 197, 40, 170, 331, 255, 405, 27, 285, 30, 735]
i =  42 [449, 939, 518, 838, 970, 843, 525, 906, 979, 212, 982, 792, 315, 330, 957, 382]
i =  43 [66, 552, 203, 211, 87, 120, 183]
i =  44 [599, 643, 455, 842, 823, 780, 558, 400, 114, 179, 660, 723, 375, 787, 506, 764, 734]
i =  45 [113, 7, 104, 233, 268, 12, 305, 242, 440, 60]
i =  46 [65, 584, 41, 394, 299, 222, 433, 21, 472, 510, 254, 287]
i =  47 [704, 701, 426, 739, 356, 456, 713, 522, 749, 110, 239, 17, 163, 564, 277, 729, 985, 668, 618, 286, 686]
i =  48 [768, 706, 68, 908, 588, 429, 876, 498, 692, 886, 767, 892, 573, 862, 607]
i =  49 [864, 835, 998, 454, 747, 653, 622, 624, 35, 870, 631, 313, 347, 795, 444, 803]
i =  50 [768, 706, 68, 908, 588, 429, 876, 498, 692, 886, 952, 767, 946, 573, 862, 607]
i =  51 [931, 901, 742, 621, 814, 783, 466, 945, 978, 980, 950, 984, 93, 799]
i =  52 [643, 455, 599, 823, 780, 558, 400, 114, 179, 660, 723, 375, 787, 506, 827, 764, 734]
i =  53 [577, 962, 323, 630, 391, 712, 748, 321, 206, 657, 851, 628, 718, 534, 215, 696, 633, 854, 602, 670, 789]
i =  54 [619, 521, 784, 494, 664, 414, 549, 681, 427, 174, 816, 316, 837, 463, 733, 741, 875, 877, 750, 497, 761, 638]
i =  55 [800, 96, 675, 280, 807, 1000, 672, 778, 523, 759, 879, 913, 820, 609, 728, 891, 608, 367, 655, 926, 543]
i =  56 [482, 484, 698, 648, 265, 874, 334, 273, 530, 695, 568, 345, 730, 810, 766, 895]
i =  57 [929, 579, 292, 645, 422, 263, 744, 777, 109, 687, 591, 658, 762, 955, 732, 572]
i =  58 [482, 484, 904, 265, 810, 874, 334, 273, 530, 648, 695, 568, 345, 698, 730, 766]
i =  59 [577, 323, 633, 534, 391, 712, 748, 321, 206, 657, 851, 628, 718, 630, 215, 696, 953, 854, 602, 670, 789]
i =  60 [669, 464, 546, 580, 42, 652, 430, 527, 592, 563, 276, 184, 667, 403]
i =  61 [768, 706, 68, 908, 588, 429, 876, 498, 947, 692, 886, 607, 573, 862, 767]
i =  62 [704, 701, 739, 356, 277, 456, 713, 522, 749, 686, 239, 912, 17, 163, 564, 110, 729, 668, 618, 286, 426]
i =  63 [864, 35, 454, 870, 747, 653, 622, 624, 347, 803, 631, 313, 835, 795, 444, 958]
i =  64 [643, 455, 938, 599, 780, 941, 558, 400, 823, 114, 179, 660, 723, 375, 787, 506, 764, 734]
i =  65 [128, 1, 106, 236, 111, 176, 177, 86, 186]
i =  66 [769, 2, 771, 774, 411, 796, 646, 815, 308, 697, 448, 705, 840, 80, 473, 477, 869, 230, 871, 872, 234, 121, 746, 639]
i =  67 [64, 3, 133, 135, 75, 82, 67, 85, 23, 152, 157]
i =  68 [97, 4, 70, 39, 73, 105, 62]
i =  69 [352, 259, 5, 166, 487, 72, 393, 554, 204, 307, 181, 214, 474, 476]
i =  70 [291, 231, 9, 295, 428, 28, 309, 249, 412, 92]
i =  71 [32, 98, 99, 173, 15, 275, 217]
i =  72 [102, 138, 143, 208, 209, 18, 182, 279, 90]
i =  73 [160, 423, 365, 461, 372, 117, 404, 378, 410, 20, 319]
i =  74 [69, 137, 171, 29, 48, 22, 25, 61, 94]
i =  75 [64, 3, 133, 135, 75, 82, 67, 85, 23, 152, 157]
i =  76 [69, 137, 171, 29, 48, 22, 25, 61, 94]
i =  77 [994, 830, 934, 486, 968, 841, 586, 492, 944, 562, 949, 726, 24, 26, 540, 58, 798, 702]
i =  78 [291, 231, 9, 295, 428, 28, 309, 249, 412, 92]
i =  79 [69, 137, 171, 29, 48, 22, 25, 61, 94]
i =  80 [32, 98, 99, 173, 15, 275, 217]
i =  81 [33, 419, 329, 332, 269, 302, 374, 312, 153]
i =  82 [320, 258, 324, 37, 457, 459, 81, 306, 310, 503, 566, 415]
i =  83 [97, 4, 70, 39, 73, 105, 62]
i =  84 [69, 137, 171, 29, 48, 22, 25, 61, 94]
i =  85 [545, 450, 424, 228, 264, 491, 210, 238, 465, 50, 436, 565, 246, 471, 318]
i =  86 [515, 390, 776, 300, 322, 541, 547, 902, 811, 812, 688, 51, 703, 834, 707, 452, 710, 716, 853, 857, 346, 867, 765, 213]
i =  87 [69, 137, 171, 29, 48, 22, 25, 61, 94]
i =  88 [97, 4, 70, 39, 73, 105, 62]
i =  89 [642, 900, 779, 738, 557, 850, 596, 606, 754, 603, 894, 63]
i =  90 [64, 3, 133, 135, 75, 82, 67, 85, 23, 152, 157]
i =  91 [64, 3, 133, 135, 75, 82, 67, 85, 23, 152, 157]
i =  92 [69, 137, 171, 29, 48, 22, 25, 61, 94]
i =  93 [97, 4, 70, 39, 73, 105, 62]
i =  94 [352, 259, 5, 166, 487, 72, 393, 554, 204, 307, 181, 214, 474, 476]
i =  95 [97, 4, 70, 39, 73, 105, 62]
i =  96 [64, 3, 133, 135, 75, 82, 67, 85, 23, 152, 157]
i =  97 [833, 866, 542, 516, 357, 806, 353, 873, 615, 76, 354, 782, 861, 435, 149, 887, 858, 699, 826, 190]
i =  98 [355, 100, 293, 167, 136, 490, 434, 467, 532, 341, 438, 409]
i =  99 [395, 740, 677, 536, 199, 488, 458, 107, 590, 625, 339, 593, 377, 760, 665, 122, 317, 250]
i =  100 [544, 453, 614, 108, 524, 462, 496, 351, 531, 244, 533, 407, 344, 251, 348, 389]
i =  101 [161, 134, 396, 240, 270, 112, 145, 406, 119, 248, 442, 154]
i =  102 [161, 134, 396, 240, 270, 112, 145, 406, 119, 248, 442, 154]
i =  103 [395, 740, 677, 536, 199, 488, 458, 107, 590, 625, 339, 593, 377, 760, 665, 122, 317, 250]
i =  104 [642, 900, 779, 557, 850, 596, 894, 738, 754, 603, 125, 606, 63]
i =  105 [464, 546, 580, 42, 430, 527, 592, 563, 403, 276, 184, 667, 669, 126]
i =  106 [130, 900, 779, 557, 754, 596, 894, 642, 738, 603, 850, 606, 63]
i =  107 [384, 578, 131, 260, 550, 296, 172, 493, 626, 511, 601, 505, 219, 380, 447]
i =  108 [161, 134, 396, 240, 270, 112, 145, 406, 119, 248, 442, 154]
i =  109 [355, 100, 293, 167, 136, 490, 434, 467, 532, 341, 438, 409]
i =  110 [864, 35, 454, 870, 795, 747, 653, 622, 624, 803, 139, 631, 313, 835, 347, 444]
i =  111 [161, 134, 396, 240, 270, 112, 145, 406, 119, 248, 442, 154]
i =  112 [833, 866, 542, 516, 357, 806, 353, 873, 615, 76, 354, 782, 861, 435, 149, 887, 826, 699, 858, 190]
i =  113 [161, 134, 396, 240, 270, 112, 145, 406, 119, 248, 442, 154]
i =  114 [161, 134, 396, 240, 270, 112, 145, 406, 119, 248, 442, 154]
i =  115 [355, 100, 293, 167, 136, 490, 434, 467, 532, 341, 438, 409]
i =  116 [384, 578, 131, 260, 550, 296, 172, 493, 626, 511, 601, 505, 219, 380, 447]
i =  117 [768, 706, 68, 908, 588, 429, 876, 498, 180, 886, 692, 767, 573, 862, 607]
i =  118 [833, 866, 542, 516, 357, 806, 353, 873, 615, 76, 354, 782, 861, 435, 149, 887, 826, 699, 858, 190]
i =  119 [192, 994, 830, 934, 486, 968, 841, 586, 492, 944, 562, 949, 726, 24, 58, 540, 798, 702]
i =  120 [107, 740, 677, 536, 199, 488, 458, 395, 590, 593, 339, 625, 760, 665, 122, 317, 250, 377]
i =  121 [384, 578, 131, 260, 550, 296, 172, 493, 626, 511, 601, 505, 219, 380, 447]
i =  122 [960, 225, 770, 963, 936, 553, 683, 844, 77, 943, 788, 757, 598, 126, 632, 283, 859, 507, 940, 751]
i =  123 [161, 134, 396, 240, 270, 112, 145, 406, 119, 248, 442, 154]
i =  124 [544, 453, 614, 108, 524, 462, 496, 351, 531, 244, 533, 407, 344, 251, 348, 389]
i =  125 [161, 134, 396, 240, 270, 112, 145, 406, 119, 248, 442, 154]
i =  126 [107, 740, 677, 536, 593, 488, 458, 395, 590, 625, 339, 199, 377, 760, 665, 122, 317, 250]
i =  127 [544, 453, 614, 108, 524, 462, 496, 351, 531, 244, 533, 407, 344, 251, 348, 389]
i =  128 [384, 578, 131, 260, 550, 296, 172, 493, 626, 447, 505, 601, 219, 380, 511]
i =  129 [640, 673, 227, 326, 839, 220, 797, 401, 338, 147, 694, 569, 753, 124, 637, 191]
i =  130 [320, 258, 324, 37, 457, 459, 81, 306, 310, 503, 566, 349, 415]
i =  131 [897, 898, 526, 399, 402, 790, 576, 282, 159, 678, 680, 175, 832, 717, 846, 845, 743, 1000, 360, 883, 884, 381, 383]
i =  132 [481, 548, 421, 561, 8, 425, 364, 720, 337, 755, 756, 535, 644, 168, 52, 253, 479]
i =  133 [66, 211, 203, 371, 87, 120, 183]
i =  134 [385, 643, 455, 823, 780, 558, 400, 375, 114, 179, 660, 723, 599, 787, 506, 764, 734]
i =  135 [944, 994, 830, 934, 486, 968, 841, 586, 492, 432, 562, 949, 726, 24, 58, 540, 798, 702]
i =  136 [768, 706, 68, 908, 588, 429, 876, 498, 692, 469, 886, 767, 573, 862, 607]
i =  137 [899, 907, 397, 910, 911, 919, 539, 925, 928, 418, 551, 809, 829, 629, 460, 589, 791, 849, 856, 480, 611, 721, 373]
i =  138 [544, 453, 614, 616, 524, 108, 462, 496, 351, 531, 244, 533, 407, 344, 251, 348, 389]
i =  139 [528, 786, 151, 416, 801, 930, 297, 555, 178, 951, 570, 959, 964, 581, 973, 974, 205, 722, 855, 731, 992, 993, 995, 358, 362, 623, 634]
i =  140 [256, 164, 44, 495, 594, 468, 408, 500, 314, 571, 636]
i =  141 [994, 830, 934, 486, 968, 492, 586, 684, 944, 562, 949, 726, 841, 24, 58, 540, 798, 702]
i =  142 [619, 521, 784, 494, 664, 414, 549, 681, 427, 685, 174, 816, 316, 463, 733, 741, 875, 877, 750, 497, 761, 638]
i =  143 [449, 843, 838, 518, 714, 939, 525, 957, 970, 212, 981, 792, 315, 330, 906, 382]
i =  144 [736, 129, 11, 36, 6, 198, 392, 267, 303, 336, 342, 311, 55]
i =  145 [544, 453, 614, 775, 524, 108, 462, 496, 351, 531, 244, 533, 407, 344, 251, 348, 389]
i =  146 [643, 455, 599, 780, 781, 558, 400, 823, 114, 179, 660, 723, 375, 787, 506, 827, 764, 734]
i =  147 [768, 706, 68, 908, 588, 429, 876, 498, 692, 886, 794, 607, 573, 862, 767]
i =  148 [864, 803, 454, 870, 808, 747, 653, 622, 624, 347, 35, 631, 313, 835, 795, 444, 958]
i =  149 [994, 934, 486, 968, 841, 586, 798, 492, 813, 944, 562, 702, 726, 24, 58, 540, 830, 949]
i =  150 [994, 830, 934, 486, 968, 841, 586, 492, 562, 944, 818, 949, 726, 24, 58, 540, 798, 702]
i =  151 [896, 738, 900, 779, 642, 557, 850, 596, 606, 754, 603, 894, 63]
i =  152 [994, 934, 486, 935, 968, 841, 586, 798, 492, 944, 562, 949, 726, 24, 58, 540, 830, 702]
i =  153 [931, 901, 742, 621, 814, 783, 466, 945, 978, 980, 942, 950, 93, 799]
i =  154 [464, 546, 580, 967, 42, 403, 430, 527, 592, 563, 276, 184, 667, 669]
i =  155 [400, 643, 455, 599, 780, 558, 976, 823, 114, 179, 660, 723, 375, 787, 506, 764, 734]
i =  156 [194, 59, 101, 103, 10, 89, 57, 987, 31]
i =  157 [640, 673, 227, 326, 839, 220, 191, 637, 401, 147, 694, 569, 753, 124, 797, 991]
finish get all communities
complete deal_communities
commplete get_all_nature_community
----------------------------------The detection result is: 

all communities: 
i =  1 : [54, 123, 148, 150, 155, 165, 195, 200, 202, 223, 247]
i =  2 : [95, 185, 271, 272, 304, 333, 370, 386, 437, 508, 514, 597, 690, 715, 719, 785, 804, 865, 868, 881, 885, 888, 890, 893, 909, 920, 922, 924, 937]
i =  3 : [34, 45, 74, 141, 158, 224, 445, 483, 538, 617, 659, 676, 679, 693, 737, 745, 763, 821, 836, 860, 914, 921, 933, 966, 986, 988, 989, 997]
i =  4 : [146, 188, 274, 278, 298, 328, 359, 366, 475, 504, 537, 595, 647, 752, 805, 828, 847, 852, 878, 880, 903, 905]
i =  5 : [262, 284, 335, 587, 700, 708, 793, 819, 822, 831, 863, 882, 927, 932, 961, 965, 969, 977, 996, 999]
i =  6 : [16, 257, 301, 350, 368, 379, 451, 502, 509, 512, 556, 574, 583, 612, 661, 674, 682, 691, 711, 772]
i =  7 : [79, 140, 237, 241, 261, 325, 388, 441, 443, 446, 520, 529, 575, 604, 610, 620, 641, 650, 689, 709]
i =  8 : [13, 116, 207, 221, 289, 340, 376, 387, 420, 954]
i =  9 : [10, 31, 57, 59, 89, 101, 103, 194, 972]
i =  10 : [38, 78, 84, 88, 189, 216, 232, 243, 266, 288, 983]
i =  11 : [56, 127, 142, 156, 162, 201, 218, 294, 916]
i =  12 : [13, 116, 207, 221, 289, 340, 376, 387, 420, 918]
i =  13 : [14, 19, 43, 46, 47, 49, 83, 115, 773]
i =  14 : [71, 169, 252, 431, 485, 499, 513, 585, 613, 635, 656, 663, 666, 671, 724, 758, 817, 825, 848, 889]
i =  15 : [91, 132, 187, 193, 245, 281, 290, 361, 363, 413, 470, 478, 917]
i =  16 : [27, 30, 40, 170, 196, 197, 226, 255, 285, 331, 405, 735]
i =  17 : [66, 87, 120, 183, 203, 211, 552]
i =  18 : [7, 12, 60, 104, 113, 233, 242, 268, 305, 440]
i =  19 : [21, 41, 65, 222, 254, 287, 299, 394, 433, 472, 510, 584]
i =  20 : [109, 263, 292, 422, 572, 579, 591, 645, 658, 687, 732, 744, 762, 777, 929, 955]
i =  21 : [1, 86, 106, 111, 128, 176, 177, 186, 236]
i =  22 : [2, 80, 121, 230, 234, 308, 411, 448, 473, 477, 639, 646, 697, 705, 746, 769, 771, 774, 796, 815, 840, 869, 871, 872]
i =  23 : [3, 23, 64, 67, 75, 82, 85, 133, 135, 152, 157]
i =  24 : [4, 39, 62, 70, 73, 97, 105]
i =  25 : [5, 72, 166, 181, 204, 214, 259, 307, 352, 393, 474, 476, 487, 554]
i =  26 : [9, 28, 92, 231, 249, 291, 295, 309, 412, 428]
i =  27 : [15, 32, 98, 99, 173, 217, 275]
i =  28 : [18, 90, 102, 138, 143, 182, 208, 209, 279]
i =  29 : [20, 117, 160, 319, 365, 372, 378, 404, 410, 423, 461]
i =  30 : [22, 25, 29, 48, 61, 69, 94, 137, 171]
i =  31 : [33, 153, 269, 302, 312, 329, 332, 374, 419]
i =  32 : [50, 210, 228, 238, 246, 264, 318, 424, 436, 450, 465, 471, 491, 545, 565]
i =  33 : [51, 213, 300, 322, 346, 390, 452, 515, 541, 547, 688, 703, 707, 710, 716, 765, 776, 811, 812, 834, 853, 857, 867, 902]
i =  34 : [76, 149, 190, 353, 354, 357, 435, 516, 542, 615, 699, 782, 806, 826, 833, 858, 861, 866, 873, 887]
i =  35 : [100, 136, 167, 293, 341, 355, 409, 434, 438, 467, 490, 532]
i =  36 : [107, 122, 199, 250, 317, 339, 377, 395, 458, 488, 536, 590, 593, 625, 665, 677, 740, 760]
i =  37 : [112, 119, 134, 145, 154, 161, 240, 248, 270, 396, 406, 442]
i =  38 : [131, 172, 219, 260, 296, 380, 384, 447, 493, 505, 511, 550, 578, 601, 626]
i =  39 : [37, 81, 258, 306, 310, 320, 324, 349, 415, 457, 459, 503, 566]
i =  40 : [66, 87, 120, 183, 203, 211, 371]
i =  41 : [151, 178, 205, 297, 358, 362, 416, 528, 555, 570, 581, 623, 634, 722, 731, 786, 801, 855, 930, 951, 959, 964, 973, 974, 992, 993, 995]
i =  42 : [10, 31, 57, 59, 89, 101, 103, 194, 987]
i =  43 : [373, 397, 418, 460, 480, 539, 551, 589, 611, 627, 629, 721, 791, 809, 829, 849, 856, 899, 907, 910, 911, 919, 925, 928]
i =  44 : [77, 126, 225, 283, 507, 517, 553, 598, 632, 683, 751, 757, 770, 788, 844, 859, 936, 940, 943, 960, 963]
i =  45 : [159, 175, 282, 360, 381, 383, 399, 402, 526, 576, 662, 678, 680, 717, 743, 790, 832, 845, 846, 883, 884, 897, 898, 1000]
i =  46 : [8, 52, 168, 253, 337, 364, 421, 425, 479, 481, 535, 548, 561, 605, 644, 720, 755, 756]
i =  47 : [6, 11, 36, 55, 129, 198, 267, 303, 311, 336, 342, 392, 727, 736]
i =  48 : [17, 110, 163, 239, 277, 286, 356, 426, 456, 522, 564, 618, 668, 686, 701, 704, 713, 729, 739, 749, 912, 985]
i =  49 : [93, 466, 621, 742, 783, 799, 814, 901, 931, 942, 945, 950, 978, 980, 984]
i =  50 : [174, 316, 414, 427, 463, 494, 497, 521, 549, 619, 638, 664, 681, 685, 733, 741, 750, 761, 784, 816, 837, 875, 877]
i =  51 : [265, 273, 334, 345, 482, 484, 530, 568, 648, 695, 698, 730, 766, 810, 874, 895, 904]
i =  52 : [108, 244, 251, 344, 348, 351, 389, 407, 453, 462, 496, 524, 531, 533, 544, 614, 616, 775]
i =  53 : [96, 280, 367, 523, 543, 560, 608, 609, 655, 672, 675, 728, 759, 778, 800, 807, 820, 879, 891, 913, 923, 926, 1000]
i =  54 : [212, 235, 315, 330, 382, 449, 518, 525, 651, 714, 792, 838, 843, 906, 939, 957, 970, 975, 979, 981, 982]
i =  55 : [124, 147, 191, 220, 227, 326, 338, 401, 489, 569, 637, 640, 673, 694, 753, 797, 839, 991]
i =  56 : [206, 215, 321, 323, 391, 534, 577, 602, 628, 630, 633, 657, 670, 696, 712, 718, 725, 748, 789, 851, 854, 953, 962]
i =  57 : [44, 164, 256, 314, 408, 468, 495, 500, 571, 594, 600, 636, 956]
i =  58 : [53, 118, 229, 327, 343, 369, 398, 439, 501, 519, 559, 567, 582, 971, 981]
i =  59 : [35, 139, 313, 347, 444, 454, 622, 624, 631, 653, 747, 795, 803, 808, 835, 864, 870, 958, 998]
i =  60 : [63, 125, 130, 557, 596, 603, 606, 642, 738, 754, 779, 850, 894, 896, 900]
i =  61 : [42, 126, 184, 276, 403, 430, 464, 527, 546, 563, 580, 592, 649, 652, 667, 669, 967]
i =  62 : [114, 179, 375, 385, 400, 455, 506, 558, 599, 643, 660, 723, 734, 764, 780, 781, 787, 823, 827, 842, 938, 941, 976]
i =  63 : [68, 180, 417, 429, 469, 498, 573, 588, 607, 692, 706, 767, 768, 794, 862, 876, 886, 892, 908, 915, 946, 947, 952]
i =  64 : [24, 26, 58, 144, 192, 432, 486, 492, 540, 562, 586, 654, 684, 702, 726, 798, 802, 813, 818, 824, 830, 841, 923, 934, 935, 944, 948, 949, 968, 990, 992, 994]
overlapping nodes are:  [10, 13, 31, 57, 59, 66, 87, 89, 101, 103, 116, 120, 126, 183, 194, 203, 207, 211, 221, 289, 340, 376, 387, 420, 923, 981, 992, 1000] 
 NOO is:  28
total time is:  148.8888309
