lens of ground_truth:  67
ground_truth is: [[202, 203, 266, 296, 307, 332, 436, 486, 580, 589, 603, 614, 621, 624, 652, 675, 715, 722, 737, 743, 779, 784, 791, 821, 854, 890, 922, 925, 940, 941, 980, 999], [74, 283, 354, 446, 460, 485, 543, 586, 590, 603, 638, 657, 661, 703, 709, 728, 738, 750, 752, 790, 800, 819, 821, 828, 853, 877, 899, 906, 918, 928, 952, 960, 963, 972, 979, 990, 992, 995, 996], [33, 59, 165, 202, 203, 332, 397, 436, 469, 486, 554, 561, 586, 633, 652, 670, 682, 725, 753, 767, 777, 826, 847, 849, 853, 854, 855, 856, 899, 912, 916, 940, 947, 949, 959, 977, 978, 981, 997, 999], [162, 182, 314, 376, 396, 433, 498, 541, 577, 592, 614, 622, 670, 690, 693, 696, 739, 786, 884, 904, 906, 908, 996], [96, 152, 171, 253, 293, 369, 410, 419, 429, 469, 717, 825, 899, 965], [276, 563, 568, 577, 614, 630, 634, 635, 686, 704, 715, 728, 757, 763, 770, 775, 778, 780, 783, 789, 790, 799, 814, 827, 908, 961, 996], [44, 61, 80, 110, 242, 296, 421, 477, 481, 498, 514, 660, 758, 821, 855, 908, 925, 953, 958, 987, 989], [74, 159, 174, 229, 273, 283, 292, 367, 577, 586, 590, 661, 703, 750, 752, 758, 793, 806, 819, 825, 853, 860, 864, 874, 884, 888, 895, 896, 911, 912, 927, 948, 950, 961, 965, 972, 978, 979, 994], [26, 33, 63, 67, 139, 321, 322, 365, 378, 388, 442, 535, 536, 587, 715, 992, 995], [27, 33, 74, 195, 261, 350, 374, 460, 473, 574, 585, 590, 595, 603, 638, 661, 701, 737, 758, 788, 790, 793, 806, 817, 819, 843, 845, 853, 859, 866, 877, 904, 906, 920, 941, 943, 953, 961, 967, 970, 972, 973, 975, 979, 988, 990, 995], [189, 200, 237, 290, 292, 321, 332, 350, 375, 443, 444, 473, 579, 586, 641, 652, 665, 737, 759, 769, 825, 826, 832, 856, 857, 881, 889, 899, 916, 924, 932, 940, 959, 977, 995, 999], [137, 149, 179, 218, 220, 228, 284, 285, 286, 325, 436, 975], [1, 2, 45, 49, 64, 198, 199, 209, 445, 458, 527, 547, 586, 703, 786, 975], [14, 112, 142, 235, 321, 324, 430, 455, 467, 532, 580, 611, 612, 614, 786, 806, 851, 906], [32, 141, 173, 247, 291, 297, 319, 351, 366, 379, 499, 788, 915, 953, 994], [27, 33, 74, 133, 195, 460, 469, 590, 595, 700, 703, 728, 749, 750, 752, 759, 765, 790, 793, 806, 808, 811, 812, 838, 865, 871, 877, 883, 884, 888, 925, 934, 938, 941, 948, 949, 953, 954, 957, 961, 962, 974, 976, 979, 986, 990, 994, 995, 997], [27, 51, 196, 277, 321, 331, 460, 469, 473, 518, 583, 590, 603, 605, 609, 635, 638, 661, 699, 724, 729, 795, 806, 808, 821, 836, 844, 868, 877, 878, 888, 897, 898, 912, 958, 965, 967, 978, 989, 990, 996], [95, 217, 296, 301, 330, 363, 365, 424, 480, 502, 539, 548, 570, 614, 647, 649, 683, 689, 703, 922], [28, 78, 138, 148, 257, 365, 371, 474, 506, 537, 603, 619, 644, 658, 681, 728, 833, 854, 958, 967], [4, 147, 283, 497, 498, 504, 672, 677, 678, 694, 708, 717, 718, 729, 742, 750, 774, 833, 904, 980, 981, 987, 996], [20, 60, 113, 124, 127, 154, 194, 206, 367, 750, 853], [40, 71, 129, 176, 181, 204, 311, 334, 448, 545, 549, 652, 808, 975, 981, 992], [212, 249, 321, 382, 394, 473, 474, 482, 486, 487, 509, 529, 572, 581, 586, 614, 695, 717, 737, 751, 771, 784, 803, 808, 819, 821, 826, 851, 872, 913, 919, 922, 959, 980, 981, 987], [37, 42, 258, 321, 380, 401, 438, 465, 529, 554, 569, 595, 623, 645, 671, 685, 691, 727, 733, 741, 808, 854, 908, 916], [157, 292, 367, 460, 508, 511, 517, 524, 614, 638, 648, 668, 719, 759, 760, 793, 825, 848, 855, 873, 877, 884, 912, 948, 961, 965, 975, 979, 987, 994, 999], [233, 272, 305, 339, 399, 400, 436, 469, 505, 553, 593, 595, 597, 610, 656, 729, 786, 794, 810, 818, 835, 912, 958, 965, 975, 990, 996], [164, 203, 211, 238, 263, 274, 288, 356, 439, 451, 488, 520, 715, 922, 941, 975], [18, 22, 109, 128, 144, 183, 283, 318, 346, 479, 516, 806, 904, 906, 997], [3, 12, 21, 43, 69, 70, 116, 210, 231, 239, 244], [23, 57, 86, 91, 99, 117, 123, 146, 790, 821], [92, 172, 201, 241, 243, 269, 308, 310, 384, 389, 431, 449, 554, 790], [33, 74, 90, 256, 262, 264, 326, 350, 365, 381, 416, 447, 491, 495, 546, 571, 596, 616, 688, 717, 734, 808], [33, 202, 315, 338, 462, 522, 523, 529, 551, 554, 627, 636, 651, 653, 661, 726, 754, 759, 764, 793, 877, 959, 977, 980], [10, 55, 267, 287, 296, 361, 392, 474, 486, 498, 529, 580, 594, 608, 615, 717, 748, 755, 759, 784, 801, 802, 820, 824, 826, 834, 850, 856, 891, 899, 907, 916, 922, 925], [27, 39, 195, 283, 367, 425, 460, 595, 635, 638, 652, 661, 670, 744, 773, 782, 788, 819, 839, 846, 851, 852, 855, 856, 869, 882, 884, 904, 914, 921, 933, 940, 945, 946, 948, 949, 959, 961, 967, 972, 982, 984, 994, 997, 999], [175, 187, 254, 283, 418, 498, 529, 566, 613, 637, 667, 669, 706, 720, 729, 732, 746, 758, 793, 854, 915, 959, 987], [27, 33, 191, 195, 203, 292, 332, 367, 534, 552, 554, 562, 577, 586, 595, 602, 652, 670, 728, 756, 758, 786, 809, 822, 825, 826, 853, 855, 856, 875, 880, 886, 888, 899, 904, 908, 916, 923, 940, 941, 948, 949, 953, 958, 977, 978, 997, 998, 999], [125, 136, 227, 252, 294, 299, 414, 437, 441, 459, 474, 490, 525, 528, 544, 555, 567], [9, 15, 29, 66, 83, 114, 166, 177, 197, 856, 908], [74, 77, 202, 260, 303, 341, 349, 358, 386, 406, 432, 434, 483, 494, 550, 554, 642, 662, 705, 711, 736, 752, 788], [140, 302, 345, 347, 350, 365, 373, 383, 454, 474, 507, 542, 559, 604, 664, 692, 721, 735, 786, 833, 906, 972], [24, 74, 195, 321, 460, 469, 473, 588, 603, 626, 632, 635, 638, 661, 712, 715, 728, 729, 750, 752, 758, 821, 833, 851, 853, 854, 877, 887, 893, 902, 904, 929, 935, 941, 942, 948, 949, 951, 953, 972, 978, 979, 985, 989, 990, 991, 993, 995, 996, 1000], [30, 35, 52, 62, 68, 190, 202, 213, 292, 793], [214, 215, 230, 265, 270, 300, 333, 436, 580, 670, 729, 992], [41, 46, 134, 224, 283, 409, 420, 466, 472, 492, 512, 526, 576, 580, 715, 788, 992], [98, 195, 234, 268, 350, 385, 391, 398, 408, 411, 450, 470, 496, 538, 577, 606, 625, 790], [76, 85, 89, 226, 280, 327, 337, 355, 390, 456, 703, 888, 981, 992], [115, 118, 135, 161, 195, 344, 367, 393, 426, 471, 577, 590, 635, 851, 915, 967], [27, 132, 188, 221, 296, 342, 464, 493, 498, 519, 531, 565, 607, 635, 639, 659, 663, 687, 702, 961, 989], [150, 223, 246, 251, 259, 316, 348, 357, 362, 404, 440, 915, 977, 992], [5, 58, 97, 163, 178, 208, 289, 335, 353, 402, 417, 474, 501, 638, 967], [6, 50, 53, 54, 73, 101, 103, 107, 108, 168], [240, 292, 328, 332, 367, 372, 473, 474, 530, 564, 599, 635, 652, 670, 674, 676, 787, 788, 819, 825, 826, 842, 855, 856, 862, 870, 884, 885, 906, 912, 916, 931, 944, 949, 953, 955, 959, 966, 972, 981, 994, 997], [19, 88, 225, 250, 282, 312, 340, 365, 452, 484, 521, 540, 573, 578, 601, 618, 620, 650, 679, 833, 958, 987], [87, 192, 332, 336, 405, 422, 428, 436, 463, 478, 486, 503, 513, 529, 554, 598, 603, 697, 761, 776, 781, 784, 797, 815, 841, 854, 863, 876, 903, 940, 979, 989], [111, 121, 151, 156, 245, 329, 360, 364, 387, 457, 468, 489, 500, 533, 819, 940], [8, 65, 143, 158, 170, 180, 186, 207, 750, 888, 915], [120, 167, 205, 219, 278, 296, 306, 343, 370, 395, 915, 977, 989, 997], [17, 153, 202, 203, 248, 295, 296, 309, 436, 486, 510, 529, 600, 640, 666, 710, 737, 759, 762, 784, 792, 798, 808, 826, 858, 861, 867, 899, 900, 916, 922, 925, 926, 980], [72, 130, 203, 271, 320, 350, 365, 469, 476, 486, 557, 560, 580, 646, 684, 717, 737, 747, 752, 784, 786, 813, 823, 833, 851, 892, 901, 922, 925, 980, 981, 995], [36, 38, 106, 275, 352, 413, 453, 461, 582, 584, 591, 595, 628, 629, 655, 703, 707, 713, 716, 958, 965], [56, 126, 185, 202, 281, 292, 415, 435, 473, 577, 590, 617, 643, 670, 673, 723, 729, 752, 758, 759, 766, 785, 805, 807, 825, 829, 830, 831, 837, 855, 879, 884, 894, 905, 910, 912, 917, 948, 956, 965, 978, 994], [7, 11, 13, 75, 81, 104, 131, 155, 255, 377, 412, 427, 498, 556, 888, 967, 989], [93, 145, 232, 236, 279, 304, 323, 350, 359, 403, 631, 654, 698, 714, 715, 717, 728, 730, 731, 737, 772, 796, 833, 987], [16, 31, 79, 119, 122, 160, 184, 222, 298, 317, 368, 915], [25, 34, 47, 48, 82, 84, 100, 102, 105, 193], [27, 94, 169, 203, 216, 313, 332, 407, 423, 475, 515, 558, 575, 580, 680, 740, 745, 768, 784, 788, 804, 806, 816, 840, 851, 908, 909, 925, 930, 936, 937, 939, 941, 949, 964, 968, 969, 971, 977, 978, 980, 983, 990, 999]]
nodes: [48, 202, 239, 292, 332, 350, 365, 436, 469, 473, 474, 554, 577, 580, 586, 590, 603, 614, 635, 638, 652, 670, 703, 715, 717, 728, 729, 737, 750, 752, 784, 786, 788, 790, 793, 806, 819, 821, 825, 826, 833, 837, 840, 843, 851, 853, 854, 856, 871, 877, 884, 888, 899, 904, 906, 908, 912, 916, 922, 925, 940, 941, 948, 949, 959, 961, 965, 967, 972, 975, 978, 979, 981, 987, 989, 990, 992, 994, 995, 996, 997] num of nodes:  81
[[25, 193, 34, 100, 102, 48, 105, 82, 84, 47], [202, 743, 890], [3, 231, 12, 239, 210, 244, 116, 21], [292, 950, 895], [332, 932, 924], [350, 932, 924], [365, 683, 689], [220, 325, 286, 436], [410, 429, 469], [473, 993, 1000], [402, 501, 474], [554, 741, 733, 727], [577, 739, 693, 622], [532, 611, 612, 580], [586, 960, 952, 963], [590, 896, 950, 911], [603, 960, 952, 963], [614, 739, 693, 622], [635, 993, 1000, 991], [638, 960, 952, 963], [40, 549, 545, 652], [230, 333, 300, 670], [280, 390, 456, 703], [439, 488, 520, 715], [410, 429, 419, 717], [644, 681, 658, 728], [230, 333, 300, 729], [722, 890, 779, 791, 737], [20, 206, 194, 750], [752, 960, 928, 952, 963], [722, 890, 779, 791, 784], [199, 547, 458, 527, 786], [351, 366, 379, 499, 788], [780, 814, 783, 827, 790], [793, 896, 895, 950, 911], [455, 611, 612, 532, 806], [803, 872, 913, 919, 819], [477, 514, 660, 481, 821], [293, 419, 429, 369, 825], [633, 847, 947, 826, 682], [484, 679, 521, 601, 833], [617, 673, 643, 766, 830, 805, 837, 807, 905, 910, 879, 785, 723, 831, 956, 917, 829, 894], [558, 768, 930, 939, 804, 740, 964, 840, 968, 936, 969, 937, 816, 745, 971, 909, 983], [374, 866, 859, 970, 845, 843, 973, 943, 920, 817, 988, 701, 574], [344, 471, 393, 426, 851], [20, 206, 194, 127, 853], [619, 644, 681, 658, 854], [9, 197, 166, 177, 856], [700, 865, 962, 765, 934, 838, 871, 938, 811, 812, 749, 974, 976, 954, 986, 883, 957], [877, 928, 960, 952, 963, 918], [592, 739, 690, 693, 696, 884], [724, 897, 898, 878, 868, 888], [293, 419, 429, 369, 410, 899], [592, 739, 690, 693, 696, 904], [455, 611, 612, 532, 906, 467], [622, 739, 908, 696, 690, 693], [668, 873, 760, 848, 719, 912], [671, 741, 733, 727, 691, 916], [238, 451, 488, 520, 439, 922], [722, 890, 779, 791, 743, 925], [156, 468, 500, 533, 489, 940], [675, 890, 779, 791, 743, 722, 941], [874, 896, 911, 950, 927, 895, 948], [949, 947, 849, 777, 753, 767, 847], [633, 847, 959, 849, 777, 725, 767], [757, 780, 827, 814, 783, 799, 961], [152, 419, 293, 429, 369, 410, 965], [506, 644, 967, 681, 537, 658, 619], [559, 972, 664, 604, 721, 692, 735], [220, 325, 286, 228, 284, 285, 975], [836, 897, 898, 868, 844, 878, 978], [508, 873, 719, 848, 760, 668, 979], [226, 355, 390, 327, 456, 280, 981], [524, 873, 848, 760, 719, 987, 668], [607, 687, 639, 659, 989, 702, 663], [800, 960, 928, 963, 918, 952, 828, 990], [800, 960, 928, 963, 918, 952, 828, 992], [860, 896, 874, 911, 895, 950, 927, 994], [322, 587, 535, 536, 378, 442, 995, 388], [800, 960, 928, 963, 918, 952, 828, 996], [997, 128, 516, 144, 346, 479, 318, 183]]
len of cliques:  81
downsides after: [[617, 673, 643, 766, 830, 805, 837, 807, 905, 910, 879, 785, 723, 831, 956, 917, 829, 894], [558, 768, 930, 939, 804, 740, 964, 840, 968, 936, 969, 937, 816, 745, 971, 909, 983], [700, 865, 962, 765, 934, 838, 871, 938, 811, 812, 749, 974, 976, 954, 986, 883, 957], [374, 866, 859, 970, 845, 843, 973, 943, 920, 817, 988, 701, 574], [25, 193, 34, 100, 102, 48, 105, 82, 84, 47], [3, 231, 12, 239, 210, 244, 116, 21], [800, 960, 928, 963, 918, 952, 828, 990], [800, 960, 928, 963, 918, 952, 828, 992], [860, 896, 874, 911, 895, 950, 927, 994], [322, 587, 535, 536, 378, 442, 995, 388], [800, 960, 928, 963, 918, 952, 828, 996], [997, 128, 516, 144, 346, 479, 318, 183], [675, 890, 779, 791, 743, 722, 941], [874, 896, 911, 950, 927, 895, 948], [949, 947, 849, 777, 753, 767, 847], [633, 847, 959, 849, 777, 725, 767], [757, 780, 827, 814, 783, 799, 961], [152, 419, 293, 429, 369, 410, 965], [506, 644, 967, 681, 537, 658, 619], [559, 972, 664, 604, 721, 692, 735], [220, 325, 286, 228, 284, 285, 975], [836, 897, 898, 868, 844, 878, 978], [508, 873, 719, 848, 760, 668, 979], [226, 355, 390, 327, 456, 280, 981], [524, 873, 848, 760, 719, 987, 668], [607, 687, 639, 659, 989, 702, 663], [877, 928, 960, 952, 963, 918], [592, 739, 690, 693, 696, 884], [724, 897, 898, 878, 868, 888], [293, 419, 429, 369, 410, 899], [592, 739, 690, 693, 696, 904], [455, 611, 612, 532, 906, 467], [622, 739, 908, 696, 690, 693], [668, 873, 760, 848, 719, 912], [671, 741, 733, 727, 691, 916], [238, 451, 488, 520, 439, 922], [722, 890, 779, 791, 743, 925], [156, 468, 500, 533, 489, 940], [722, 890, 779, 791, 737], [752, 960, 928, 952, 963], [722, 890, 779, 791, 784], [199, 547, 458, 527, 786], [351, 366, 379, 499, 788], [780, 814, 783, 827, 790], [793, 896, 895, 950, 911], [455, 611, 612, 532, 806], [803, 872, 913, 919, 819], [477, 514, 660, 481, 821], [293, 419, 429, 369, 825], [633, 847, 947, 826, 682], [484, 679, 521, 601, 833], [344, 471, 393, 426, 851], [20, 206, 194, 127, 853], [619, 644, 681, 658, 854], [9, 197, 166, 177, 856], [220, 325, 286, 436], [554, 741, 733, 727], [577, 739, 693, 622], [532, 611, 612, 580], [586, 960, 952, 963], [590, 896, 950, 911], [603, 960, 952, 963], [614, 739, 693, 622], [635, 993, 1000, 991], [638, 960, 952, 963], [40, 549, 545, 652], [230, 333, 300, 670], [280, 390, 456, 703], [439, 488, 520, 715], [410, 429, 419, 717], [644, 681, 658, 728], [230, 333, 300, 729], [20, 206, 194, 750]]
number of downsided seeds: 73
[[617, 673, 643, 766, 830, 805, 837, 807, 905, 910, 879, 785, 723, 831, 956, 917, 829, 894], [558, 768, 930, 939, 804, 740, 964, 840, 968, 936, 969, 937, 816, 745, 971, 909, 983], [700, 865, 962, 765, 934, 838, 871, 938, 811, 812, 749, 974, 976, 954, 986, 883, 957], [374, 866, 859, 970, 845, 843, 973, 943, 920, 817, 988, 701, 574], [25, 193, 34, 100, 102, 48, 105, 82, 84, 47], [3, 231, 12, 239, 210, 244, 116, 21], [800, 960, 928, 963, 918, 952, 828, 990], [800, 960, 928, 963, 918, 952, 828, 992], [860, 896, 874, 911, 895, 950, 927, 994], [322, 587, 535, 536, 378, 442, 995, 388], [800, 960, 928, 963, 918, 952, 828, 996], [997, 128, 516, 144, 346, 479, 318, 183], [675, 890, 779, 791, 743, 722, 941], [874, 896, 911, 950, 927, 895, 948], [949, 947, 849, 777, 753, 767, 847], [633, 847, 959, 849, 777, 725, 767], [757, 780, 827, 814, 783, 799, 961], [152, 419, 293, 429, 369, 410, 965], [506, 644, 967, 681, 537, 658, 619], [559, 972, 664, 604, 721, 692, 735], [220, 325, 286, 228, 284, 285, 975], [836, 897, 898, 868, 844, 878, 978], [508, 873, 719, 848, 760, 668, 979], [226, 355, 390, 327, 456, 280, 981], [524, 873, 848, 760, 719, 987, 668], [607, 687, 639, 659, 989, 702, 663], [877, 928, 960, 952, 963, 918], [592, 739, 690, 693, 696, 884], [724, 897, 898, 878, 868, 888], [293, 419, 429, 369, 410, 899], [592, 739, 690, 693, 696, 904], [455, 611, 612, 532, 906, 467], [622, 739, 908, 696, 690, 693], [668, 873, 760, 848, 719, 912], [671, 741, 733, 727, 691, 916], [238, 451, 488, 520, 439, 922], [722, 890, 779, 791, 743, 925], [156, 468, 500, 533, 489, 940], [722, 890, 779, 791, 737], [752, 960, 928, 952, 963], [722, 890, 779, 791, 784], [199, 547, 458, 527, 786], [351, 366, 379, 499, 788], [780, 814, 783, 827, 790], [793, 896, 895, 950, 911], [455, 611, 612, 532, 806], [803, 872, 913, 919, 819], [477, 514, 660, 481, 821], [293, 419, 429, 369, 825], [633, 847, 947, 826, 682], [484, 679, 521, 601, 833], [344, 471, 393, 426, 851], [20, 206, 194, 127, 853], [619, 644, 681, 658, 854], [9, 197, 166, 177, 856], [220, 325, 286, 436], [554, 741, 733, 727], [577, 739, 693, 622], [532, 611, 612, 580], [586, 960, 952, 963], [590, 896, 950, 911], [603, 960, 952, 963], [614, 739, 693, 622], [635, 993, 1000, 991], [638, 960, 952, 963], [40, 549, 545, 652], [230, 333, 300, 670], [280, 390, 456, 703], [439, 488, 520, 715], [410, 429, 419, 717], [644, 681, 658, 728], [230, 333, 300, 729], [20, 206, 194, 750]]
after sorted:  [[617, 673, 643, 766, 830, 805, 837, 807, 905, 910, 879, 785, 723, 831, 956, 917, 829, 894], [558, 768, 930, 939, 804, 740, 964, 840, 968, 936, 969, 937, 816, 745, 971, 909, 983], [700, 865, 962, 765, 934, 838, 871, 938, 811, 812, 749, 974, 976, 954, 986, 883, 957], [374, 866, 859, 970, 845, 843, 973, 943, 920, 817, 988, 701, 574], [25, 193, 34, 100, 102, 48, 105, 82, 84, 47], [3, 231, 12, 239, 210, 244, 116, 21], [800, 960, 928, 963, 918, 952, 828, 990], [800, 960, 928, 963, 918, 952, 828, 992], [860, 896, 874, 911, 895, 950, 927, 994], [322, 587, 535, 536, 378, 442, 995, 388], [800, 960, 928, 963, 918, 952, 828, 996], [997, 128, 516, 144, 346, 479, 318, 183], [675, 890, 779, 791, 743, 722, 941], [874, 896, 911, 950, 927, 895, 948], [949, 947, 849, 777, 753, 767, 847], [633, 847, 959, 849, 777, 725, 767], [757, 780, 827, 814, 783, 799, 961], [152, 419, 293, 429, 369, 410, 965], [506, 644, 967, 681, 537, 658, 619], [559, 972, 664, 604, 721, 692, 735], [220, 325, 286, 228, 284, 285, 975], [836, 897, 898, 868, 844, 878, 978], [508, 873, 719, 848, 760, 668, 979], [226, 355, 390, 327, 456, 280, 981], [524, 873, 848, 760, 719, 987, 668], [607, 687, 639, 659, 989, 702, 663], [877, 928, 960, 952, 963, 918], [592, 739, 690, 693, 696, 884], [724, 897, 898, 878, 868, 888], [293, 419, 429, 369, 410, 899], [592, 739, 690, 693, 696, 904], [455, 611, 612, 532, 906, 467], [622, 739, 908, 696, 690, 693], [668, 873, 760, 848, 719, 912], [671, 741, 733, 727, 691, 916], [238, 451, 488, 520, 439, 922], [722, 890, 779, 791, 743, 925], [156, 468, 500, 533, 489, 940], [722, 890, 779, 791, 737], [752, 960, 928, 952, 963], [722, 890, 779, 791, 784], [199, 547, 458, 527, 786], [351, 366, 379, 499, 788], [780, 814, 783, 827, 790], [793, 896, 895, 950, 911], [455, 611, 612, 532, 806], [803, 872, 913, 919, 819], [477, 514, 660, 481, 821], [293, 419, 429, 369, 825], [633, 847, 947, 826, 682], [484, 679, 521, 601, 833], [344, 471, 393, 426, 851], [20, 206, 194, 127, 853], [619, 644, 681, 658, 854], [9, 197, 166, 177, 856], [220, 325, 286, 436], [554, 741, 733, 727], [577, 739, 693, 622], [532, 611, 612, 580], [586, 960, 952, 963], [590, 896, 950, 911], [603, 960, 952, 963], [614, 739, 693, 622], [635, 993, 1000, 991], [638, 960, 952, 963], [40, 549, 545, 652], [230, 333, 300, 670], [280, 390, 456, 703], [439, 488, 520, 715], [410, 429, 419, 717], [644, 681, 658, 728], [230, 333, 300, 729], [20, 206, 194, 750]]
before num:  73
befor deal_cliques:  57
after deal_cliques:  54
length of seeds:  54
seeds:  [set([643, 837, 905, 910, 785, 723, 917, 673, 830, 805, 807, 617, 879, 894, 956, 829, 766, 831]), set([768, 964, 840, 969, 971, 909, 983, 804, 930, 740, 936, 937, 939, 558, 816, 968, 745]), set([962, 838, 974, 976, 986, 865, 934, 871, 938, 811, 812, 749, 765, 883, 954, 700, 957]), set([866, 970, 843, 845, 943, 817, 973, 374, 920, 859, 988, 701, 574]), set([193, 34, 100, 102, 105, 47, 48, 82, 84, 25]), set([800, 960, 928, 992, 963, 918, 952, 828, 990]), set([3, 231, 12, 239, 210, 244, 21, 116]), set([896, 994, 874, 911, 950, 895, 860, 927]), set([322, 995, 388, 587, 535, 536, 442, 378]), set([128, 516, 997, 144, 183, 346, 318, 479]), set([791, 722, 675, 743, 890, 779, 941]), set([896, 895, 948, 950, 874, 927, 911]), set([849, 947, 949, 753, 777, 767, 847]), set([849, 725, 633, 777, 959, 767, 847]), set([799, 961, 757, 827, 780, 814, 783]), set([369, 419, 293, 152, 410, 429, 965]), set([658, 644, 537, 967, 681, 506, 619]), set([721, 692, 664, 604, 735, 972, 559]), set([228, 325, 220, 284, 285, 286, 975]), set([897, 898, 836, 868, 844, 978, 878]), set([848, 979, 760, 873, 668, 508, 719]), set([280, 226, 355, 981, 390, 327, 456]), set([848, 668, 760, 873, 987, 524, 719]), set([659, 663, 639, 607, 989, 702, 687]), set([592, 696, 690, 739, 884, 693, 904]), set([897, 898, 868, 888, 724, 878]), set([369, 419, 293, 410, 899, 429]), set([611, 612, 455, 532, 906, 467]), set([690, 739, 693, 696, 908, 622]), set([691, 916, 741, 727, 733, 671]), set([520, 451, 439, 488, 922, 238]), set([791, 722, 743, 890, 779, 925]), set([156, 468, 533, 489, 940, 500]), set([458, 547, 786, 199, 527]), set([351, 379, 788, 366, 499]), set([827, 780, 814, 790, 783]), set([612, 611, 532, 806, 455]), set([872, 913, 803, 819, 919]), set([481, 514, 660, 477, 821]), set([633, 826, 947, 682, 847]), set([521, 679, 484, 601, 833]), set([344, 393, 426, 851, 471]), set([194, 20, 853, 206, 127]), set([681, 658, 619, 644, 854]), set([856, 9, 197, 166, 177]), set([729, 300, 333, 230, 670]), set([220, 436, 325, 286]), set([554, 733, 741, 727]), set([577, 739, 693, 622]), set([1000, 993, 635, 991]), set([40, 545, 652, 549]), set([280, 456, 390, 703]), set([488, 520, 715, 439]), set([194, 20, 206, 750])]
seeds_fitness [0.574108818011257, 0.44299674267100975, 0.4697754749568221, 0.4020618556701031, 0.8823529411764706, 0.08849557522123894, 0.6086956521739131, 0.09491525423728814, 0.1978798586572438, 0.19310344827586207, 0.12209302325581395, 0.07749077490774908, 0.07777777777777778, 0.08300395256916997, 0.11444141689373297, 0.1891891891891892, 0.16600790513833993, 0.13003095975232198, 0.20689655172413793, 0.07473309608540925, 0.08860759493670886, 0.17073170731707318, 0.12727272727272726, 0.13953488372093023, 0.10869565217391304, 0.07444168734491315, 0.17142857142857143, 0.15151515151515152, 0.11583011583011583, 0.10830324909747292, 0.14285714285714285, 0.08426966292134831, 0.13215859030837004, 0.136986301369863, 0.12121212121212122, 0.07380073800738007, 0.12195121951219512, 0.06309148264984227, 0.1111111111111111, 0.0468384074941452, 0.0966183574879227, 0.12987012987012986, 0.145985401459854, 0.10695187165775401, 0.16129032258064516, 0.13636363636363635, 0.14285714285714285, 0.06486486486486487, 0.06818181818181818, 0.03296703296703297, 0.1, 0.0967741935483871, 0.0916030534351145, 0.12371134020618557]
after sort list of tuple: [(4, 0.8823529411764706), (6, 0.6086956521739131), (0, 0.574108818011257), (2, 0.4697754749568221), (1, 0.44299674267100975), (3, 0.4020618556701031), (18, 0.20689655172413793), (8, 0.1978798586572438), (9, 0.19310344827586207), (15, 0.1891891891891892), (26, 0.17142857142857143), (21, 0.17073170731707318), (16, 0.16600790513833993), (44, 0.16129032258064516), (27, 0.15151515151515152), (42, 0.145985401459854), (30, 0.14285714285714285), (46, 0.14285714285714285), (23, 0.13953488372093023), (33, 0.136986301369863), (45, 0.13636363636363635), (32, 0.13215859030837004), (17, 0.13003095975232198), (41, 0.12987012987012986), (22, 0.12727272727272726), (53, 0.12371134020618557), (10, 0.12209302325581395), (36, 0.12195121951219512), (34, 0.12121212121212122), (28, 0.11583011583011583), (14, 0.11444141689373297), (38, 0.1111111111111111), (24, 0.10869565217391304), (29, 0.10830324909747292), (43, 0.10695187165775401), (50, 0.1), (51, 0.0967741935483871), (40, 0.0966183574879227), (7, 0.09491525423728814), (52, 0.0916030534351145), (20, 0.08860759493670886), (5, 0.08849557522123894), (31, 0.08426966292134831), (13, 0.08300395256916997), (12, 0.07777777777777778), (11, 0.07749077490774908), (19, 0.07473309608540925), (25, 0.07444168734491315), (35, 0.07380073800738007), (48, 0.06818181818181818), (47, 0.06486486486486487), (37, 0.06309148264984227), (39, 0.0468384074941452), (49, 0.03296703296703297)]
seeds_sorted [set([193, 34, 100, 102, 105, 47, 48, 82, 84, 25]), set([3, 231, 12, 239, 210, 244, 21, 116]), set([643, 837, 905, 910, 785, 723, 917, 673, 830, 805, 807, 617, 879, 894, 956, 829, 766, 831]), set([962, 838, 974, 976, 986, 865, 934, 871, 938, 811, 812, 749, 765, 883, 954, 700, 957]), set([768, 964, 840, 969, 971, 909, 983, 804, 930, 740, 936, 937, 939, 558, 816, 968, 745]), set([866, 970, 843, 845, 943, 817, 973, 374, 920, 859, 988, 701, 574]), set([228, 325, 220, 284, 285, 286, 975]), set([322, 995, 388, 587, 535, 536, 442, 378]), set([128, 516, 997, 144, 183, 346, 318, 479]), set([369, 419, 293, 152, 410, 429, 965]), set([369, 419, 293, 410, 899, 429]), set([280, 226, 355, 981, 390, 327, 456]), set([658, 644, 537, 967, 681, 506, 619]), set([856, 9, 197, 166, 177]), set([611, 612, 455, 532, 906, 467]), set([194, 20, 853, 206, 127]), set([520, 451, 439, 488, 922, 238]), set([220, 436, 325, 286]), set([659, 663, 639, 607, 989, 702, 687]), set([458, 547, 786, 199, 527]), set([729, 300, 333, 230, 670]), set([156, 468, 533, 489, 940, 500]), set([721, 692, 664, 604, 735, 972, 559]), set([344, 393, 426, 851, 471]), set([848, 668, 760, 873, 987, 524, 719]), set([194, 20, 206, 750]), set([791, 722, 675, 743, 890, 779, 941]), set([612, 611, 532, 806, 455]), set([351, 379, 788, 366, 499]), set([690, 739, 693, 696, 908, 622]), set([799, 961, 757, 827, 780, 814, 783]), set([481, 514, 660, 477, 821]), set([592, 696, 690, 739, 884, 693, 904]), set([691, 916, 741, 727, 733, 671]), set([681, 658, 619, 644, 854]), set([40, 545, 652, 549]), set([280, 456, 390, 703]), set([521, 679, 484, 601, 833]), set([896, 994, 874, 911, 950, 895, 860, 927]), set([488, 520, 715, 439]), set([848, 979, 760, 873, 668, 508, 719]), set([800, 960, 928, 992, 963, 918, 952, 828, 990]), set([791, 722, 743, 890, 779, 925]), set([849, 725, 633, 777, 959, 767, 847]), set([849, 947, 949, 753, 777, 767, 847]), set([896, 895, 948, 950, 874, 927, 911]), set([897, 898, 836, 868, 844, 978, 878]), set([897, 898, 868, 888, 724, 878]), set([827, 780, 814, 790, 783]), set([577, 739, 693, 622]), set([554, 733, 741, 727]), set([872, 913, 803, 819, 919]), set([633, 826, 947, 682, 847]), set([1000, 993, 635, 991])]
args__________ ([set([193, 34, 100, 102, 105, 47, 48, 82, 84, 25]), set([1000, 993, 635, 991])],)
args__________ ([set([3, 231, 12, 239, 210, 244, 21, 116]), set([633, 826, 947, 682, 847])],)
args__________ ([set([643, 837, 905, 910, 785, 723, 917, 673, 830, 805, 807, 617, 879, 894, 956, 829, 766, 831]), set([872, 913, 803, 819, 919])],)
args__________ ([set([962, 838, 974, 976, 986, 865, 934, 871, 938, 811, 812, 749, 765, 883, 954, 700, 957]), set([554, 733, 741, 727])],)
args__________ ([set([768, 964, 840, 969, 971, 909, 983, 804, 930, 740, 936, 937, 939, 558, 816, 968, 745]), set([577, 739, 693, 622])],)
args__________ ([set([866, 970, 843, 845, 943, 817, 973, 374, 920, 859, 988, 701, 574]), set([827, 780, 814, 790, 783])],)
args__________ ([set([228, 325, 220, 284, 285, 286, 975]), set([897, 898, 868, 888, 724, 878])],)
args__________ ([set([322, 995, 388, 587, 535, 536, 442, 378]), set([897, 898, 836, 868, 844, 978, 878])],)
args__________ ([set([128, 516, 997, 144, 183, 346, 318, 479]), set([896, 895, 948, 950, 874, 927, 911])],)
args__________ ([set([369, 419, 293, 152, 410, 429, 965]), set([849, 947, 949, 753, 777, 767, 847])],)
args__________ ([set([369, 419, 293, 410, 899, 429]), set([849, 725, 633, 777, 959, 767, 847])],)
args__________ ([set([280, 226, 355, 981, 390, 327, 456]), set([791, 722, 743, 890, 779, 925])],)
args__________ ([set([658, 644, 537, 967, 681, 506, 619]), set([800, 960, 928, 992, 963, 918, 952, 828, 990])],)
args__________ ([set([856, 9, 197, 166, 177]), set([848, 979, 760, 873, 668, 508, 719])],)
args__________ ([set([611, 612, 455, 532, 906, 467]), set([488, 520, 715, 439])],)
args__________ ([set([194, 20, 853, 206, 127]), set([896, 994, 874, 911, 950, 895, 860, 927])],)
args__________ ([set([520, 451, 439, 488, 922, 238]), set([521, 679, 484, 601, 833])],)
args__________ ([set([220, 436, 325, 286]), set([280, 456, 390, 703])],)
args__________ ([set([659, 663, 639, 607, 989, 702, 687]), set([40, 545, 652, 549])],)
args__________ ([set([458, 547, 786, 199, 527]), set([681, 658, 619, 644, 854])],)
args__________ ([set([729, 300, 333, 230, 670]), set([691, 916, 741, 727, 733, 671])],)
args__________ ([set([156, 468, 533, 489, 940, 500]), set([592, 696, 690, 739, 884, 693, 904])],)
args__________ ([set([721, 692, 664, 604, 735, 972, 559])],)
args__________ ([set([344, 393, 426, 851, 471])],)
args__________ ([set([848, 668, 760, 873, 987, 524, 719])],)
args__________ ([set([194, 20, 206, 750])],)
args__________ ([set([791, 722, 675, 743, 890, 779, 941])],)
args__________ ([set([612, 611, 532, 806, 455])],)
args__________ ([set([351, 379, 788, 366, 499])],)
args__________ ([set([690, 739, 693, 696, 908, 622])],)
args__________ ([set([799, 961, 757, 827, 780, 814, 783])],)
args__________ ([set([481, 514, 660, 477, 821])],)
finish process___________________
left nodes numner:_______ 465
sorted nodes by betweenness [4, 5, 6, 7, 8, 10, 11, 13, 16, 17, 23, 27, 30, 31, 33, 35, 36, 38, 39, 41, 46, 50, 52, 53, 54, 55, 57, 58, 62, 65, 68, 72, 73, 74, 75, 77, 79, 81, 86, 87, 90, 91, 92, 93, 95, 97, 98, 99, 101, 103, 104, 106, 107, 108, 117, 119, 120, 122, 123, 125, 130, 131, 134, 136, 143, 145, 146, 147, 150, 153, 155, 158, 160, 163, 167, 168, 170, 172, 175, 178, 180, 184, 186, 187, 189, 190, 191, 192, 195, 200, 201, 202, 203, 205, 207, 208, 213, 217, 219, 222, 223, 224, 227, 232, 233, 234, 236, 237, 240, 241, 243, 246, 248, 251, 252, 254, 255, 256, 259, 260, 262, 264, 267, 268, 269, 271, 272, 275, 278, 279, 283, 287, 289, 290, 292, 294, 295, 296, 298, 299, 301, 303, 304, 305, 306, 308, 309, 310, 315, 316, 317, 320, 321, 323, 326, 328, 330, 332, 335, 336, 338, 339, 341, 343, 348, 349, 350, 352, 353, 357, 358, 359, 361, 362, 363, 365, 367, 368, 370, 372, 375, 377, 381, 384, 385, 386, 389, 391, 392, 395, 398, 399, 400, 402, 403, 404, 405, 406, 408, 409, 411, 412, 413, 414, 416, 417, 418, 420, 422, 424, 425, 427, 428, 431, 432, 434, 437, 440, 441, 443, 444, 447, 449, 450, 453, 459, 460, 461, 462, 463, 466, 469, 470, 472, 473, 474, 476, 478, 480, 483, 486, 490, 491, 492, 494, 495, 496, 497, 498, 501, 502, 503, 504, 505, 510, 512, 513, 522, 523, 525, 526, 528, 529, 530, 534, 538, 539, 544, 546, 548, 550, 551, 552, 553, 555, 556, 557, 560, 562, 564, 566, 567, 570, 571, 576, 579, 580, 582, 584, 586, 590, 591, 593, 594, 595, 596, 597, 598, 599, 600, 602, 603, 606, 608, 610, 613, 614, 615, 616, 625, 627, 628, 629, 631, 636, 637, 638, 640, 641, 642, 646, 647, 649, 651, 653, 654, 655, 656, 661, 662, 665, 666, 667, 669, 672, 674, 676, 677, 678, 683, 684, 688, 689, 694, 697, 698, 705, 706, 707, 708, 710, 711, 713, 714, 716, 717, 718, 720, 726, 728, 730, 731, 732, 734, 736, 737, 742, 744, 746, 747, 748, 752, 754, 755, 756, 758, 759, 761, 762, 764, 769, 772, 773, 774, 776, 781, 782, 784, 787, 792, 793, 794, 796, 797, 798, 801, 802, 808, 809, 810, 813, 815, 818, 820, 822, 823, 824, 825, 832, 834, 835, 839, 841, 842, 846, 850, 852, 855, 857, 858, 861, 862, 863, 867, 869, 870, 875, 876, 877, 880, 881, 882, 885, 886, 889, 891, 892, 900, 901, 903, 907, 912, 914, 915, 921, 923, 924, 926, 931, 932, 933, 944, 945, 946, 953, 955, 958, 966, 977, 980, 982, 984, 996, 998, 999]
args__________ ([[4, 672, 708, 774, 677, 504, 742, 694, 678, 718]],)
args__________ ([[5, 353, 417, 163, 402, 501, 335, 208, 178]],)
args__________ ([[6, 101, 103, 168, 73, 50, 107, 108, 53, 54]],)
args__________ ([[7, 556, 377, 427, 104, 75]],)
args__________ ([[8, 65, 170, 186, 207, 180, 158, 143]],)
args__________ ([[10, 801, 802, 834, 907, 824, 850, 891, 755, 820]],)
args__________ ([[7, 556, 377, 427, 255, 11]],)
args__________ ([[7, 556, 377, 427, 255, 13]],)
args__________ ([[16, 160, 298, 368, 184, 122, 317, 222, 119]],)
args__________ ([[17, 867, 900, 710, 861, 792, 762, 858, 798, 926]],)
args__________ ([[23, 146, 123, 99, 57, 91, 117, 86]],)
args__________ ([[27, 962, 957]],)
args__________ ([[30, 190, 213, 52, 35, 68, 62]],)
args__________ ([[31, 298, 368, 317, 160, 184, 222, 79]],)
args__________ ([[33, 587, 535]],)
args__________ ([[30, 190, 213, 52, 35, 68, 62]],)
args__________ ([[36, 707, 582, 584, 713, 628, 591, 716, 629, 655]],)
args__________ ([[38, 707, 582, 584, 713, 628, 655, 716, 629, 591]],)
args__________ ([[39, 933, 869, 882, 946, 984, 945, 921, 914, 982]],)
args__________ ([[41, 224, 512, 576, 420, 472, 409, 466, 492, 526]],)
args__________ ([[46, 224, 512, 576, 420, 472, 409, 466, 492, 526]],)
args__________ ([[6, 101, 103, 168, 73, 50, 107, 108, 53, 54]],)
args__________ ([[30, 190, 213, 52, 35, 68, 62]],)
args__________ ([[6, 101, 103, 168, 73, 50, 107, 108, 53, 54]],)
args__________ ([[6, 101, 103, 168, 73, 50, 107, 108, 53, 54]],)
args__________ ([[55, 801, 802, 834, 907, 824, 850, 891, 755, 820]],)
args__________ ([[23, 146, 123, 99, 57, 91, 117, 86]],)
args__________ ([[5, 353, 417, 163, 402, 501, 335, 58]],)
args__________ ([[30, 190, 213, 52, 35, 68, 62]],)
args__________ ([[8, 65, 170, 186, 207, 180, 158, 143]],)
args__________ ([[30, 190, 213, 52, 35, 68, 62]],)
args__________ ([[72, 901, 646, 747, 684, 560, 813, 892, 557, 823]],)
finish single seed process___________________
left nodes numner:_______ 285
sorted nodes by betweenness [74, 77, 87, 90, 92, 93, 95, 98, 120, 125, 136, 145, 150, 167, 172, 175, 187, 189, 191, 192, 195, 200, 201, 202, 203, 205, 217, 219, 223, 227, 232, 233, 234, 236, 237, 240, 241, 243, 246, 251, 252, 254, 256, 259, 260, 262, 264, 268, 269, 272, 278, 279, 283, 290, 292, 294, 296, 299, 301, 303, 304, 305, 306, 308, 310, 315, 316, 321, 323, 326, 328, 330, 332, 336, 338, 339, 341, 343, 348, 349, 350, 357, 358, 359, 362, 363, 365, 367, 370, 372, 375, 381, 384, 385, 386, 389, 391, 395, 398, 399, 400, 403, 404, 405, 406, 408, 411, 414, 416, 418, 422, 424, 428, 431, 432, 434, 437, 440, 441, 443, 444, 447, 449, 450, 459, 460, 462, 463, 469, 470, 473, 474, 478, 480, 483, 486, 490, 491, 494, 495, 496, 498, 502, 503, 505, 513, 522, 523, 525, 528, 529, 530, 534, 538, 539, 544, 546, 548, 550, 551, 552, 553, 555, 562, 564, 566, 567, 570, 571, 579, 580, 586, 590, 593, 595, 596, 597, 598, 599, 602, 603, 606, 610, 613, 614, 616, 625, 627, 631, 636, 637, 638, 641, 642, 647, 649, 651, 653, 654, 656, 661, 662, 665, 667, 669, 674, 676, 683, 688, 689, 697, 698, 705, 706, 711, 714, 717, 720, 726, 728, 730, 731, 732, 734, 736, 737, 746, 752, 754, 756, 758, 759, 761, 764, 769, 772, 776, 781, 784, 787, 793, 794, 796, 797, 808, 809, 810, 815, 818, 822, 825, 832, 835, 841, 842, 855, 857, 862, 863, 870, 875, 876, 877, 880, 881, 885, 886, 889, 903, 912, 915, 923, 924, 931, 932, 944, 953, 955, 958, 966, 977, 980, 996, 998, 999]
args__________ ([[74, 960, 963]],)
args__________ ([[77, 736, 705, 711, 642, 662, 386, 358]],)
args__________ ([[87, 903, 776, 841, 876, 761, 815, 863, 781, 797]],)
args__________ ([[90, 416, 546, 616, 491, 688, 571, 596, 734, 495]],)
args__________ ([[92, 384, 449, 389, 431, 308, 310, 241, 201]],)
args__________ ([[93, 772, 714, 631, 654, 698, 730, 731, 796, 279]],)
args__________ ([[95, 480, 548, 647, 649, 539, 689, 570, 683, 502]],)
args__________ ([[98, 385, 450, 398, 496, 408, 625, 538, 470, 606]],)
args__________ ([[120, 167, 395, 306, 370, 219, 205, 278, 343]],)
args__________ ([[125, 544, 459, 555, 525, 528, 441, 437, 567, 227]],)
args__________ ([[136, 544, 490, 525, 528, 414, 567, 437, 294]],)
args__________ ([[145, 772, 232, 714, 654, 403, 698, 730, 731, 796, 631]],)
args__________ ([[150, 259, 316, 362, 404, 440, 251, 348, 223, 357]],)
args__________ ([[120, 167, 395, 306, 370, 219, 205, 278, 343]],)
args__________ ([[172, 384, 449, 389, 269, 431, 308, 310, 241, 201]],)
args__________ ([[175, 706, 418, 613, 746, 669, 720, 667, 732, 637, 566]],)
args__________ ([[187, 706, 613, 746, 637, 720, 667, 732, 669, 566]],)
args__________ ([[189, 832, 641, 769, 579, 932, 665, 889, 881, 857, 924]],)
args__________ ([[191, 822, 998, 552, 809, 875, 880, 602, 923, 756, 886]],)
args__________ ([[192, 903, 776, 841, 876, 781, 697, 761, 863, 797, 815]],)
args__________ ([[195, 962, 976]],)
args__________ ([[200, 832, 641, 769, 579, 932, 444, 665, 857, 881, 889, 924]],)
args__________ ([[172, 384, 449, 389, 269, 431, 308, 310, 241, 201]],)
args__________ ([[202, 743, 890]],)
args__________ ([[203, 488, 520]],)
args__________ ([[120, 167, 395, 306, 370, 219, 205, 278, 343]],)
args__________ ([[217, 480, 548, 647, 649, 539, 689, 570, 683, 502]],)
args__________ ([[120, 167, 395, 306, 370, 219, 205, 278, 343]],)
args__________ ([[150, 259, 316, 362, 404, 440, 251, 348, 223, 357]],)
args__________ ([[125, 544, 459, 555, 525, 528, 441, 437, 567, 227]],)
args__________ ([[145, 772, 232, 714, 654, 403, 698, 730, 731, 796, 631]],)
args__________ ([[233, 272, 610, 835, 553, 810, 656, 593, 505, 818, 794, 597]],)
finish single seed process___________________
left nodes numner:_______ 72
sorted nodes by betweenness [240, 292, 296, 315, 321, 328, 332, 338, 350, 365, 367, 372, 460, 462, 469, 473, 474, 486, 498, 522, 523, 529, 530, 551, 564, 580, 586, 590, 595, 599, 603, 614, 627, 636, 638, 651, 653, 661, 674, 676, 717, 726, 728, 737, 752, 754, 758, 759, 764, 784, 787, 793, 808, 825, 842, 855, 862, 870, 877, 885, 912, 915, 931, 944, 953, 955, 958, 966, 977, 980, 996, 999]
args__________ ([[240, 931, 674, 676, 870, 966, 842, 944, 787, 955, 885, 862]],)
args__________ ([[292, 950, 895]],)
args__________ ([[296, 675, 890]],)
args__________ ([[315, 651, 551, 636, 522, 523, 338, 653, 754, 627, 764, 462, 726]],)
args__________ ([[321, 611, 612]],)
args__________ ([[328, 931, 674, 676, 870, 966, 842, 944, 955, 787, 885, 862, 599]],)
args__________ ([[332, 932, 924]],)
args__________ ([[315, 651, 551, 636, 522, 523, 338, 653, 754, 627, 764, 462, 726]],)
args__________ ([[350, 932, 924]],)
args__________ ([[365, 683, 689]],)
args__________ ([[20, 206, 367]],)
args__________ ([[372, 674, 931, 676, 870, 966, 842, 944, 787, 955, 885, 862]],)
args__________ ([[460, 960, 963]],)
args__________ ([[315, 651, 551, 636, 522, 523, 338, 653, 754, 627, 764, 462, 726]],)
args__________ ([[410, 429, 469]],)
args__________ ([[473, 993, 1000]],)
args__________ ([[402, 501, 474]],)
args__________ ([[486, 743, 722, 890]],)
args__________ ([[498, 687, 989, 702]],)
args__________ ([[315, 651, 551, 636, 522, 523, 338, 653, 754, 627, 764, 462, 726]],)
args__________ ([[315, 651, 551, 636, 522, 523, 338, 653, 754, 627, 764, 462, 726]],)
args__________ ([[529, 741, 691, 727]],)
args__________ ([[530, 674, 931, 676, 966, 870, 842, 944, 787, 955, 564, 885, 862, 599]],)
args__________ ([[315, 651, 551, 636, 522, 523, 338, 653, 754, 627, 764, 462, 726]],)
args__________ ([[530, 674, 931, 676, 966, 870, 842, 944, 787, 955, 564, 885, 862, 599]],)
args__________ ([[532, 611, 612, 580]],)
args__________ ([[586, 960, 952, 963]],)
args__________ ([[590, 896, 950, 911]],)
args__________ ([[595, 741, 733, 727]],)
args__________ ([[530, 674, 931, 676, 966, 870, 842, 944, 787, 955, 564, 885, 862, 599]],)
args__________ ([[603, 960, 952, 963]],)
args__________ ([[614, 739, 693, 622]],)
finish single seed process___________________
left nodes numner:_______ 22
sorted nodes by betweenness [638, 661, 717, 728, 737, 752, 758, 759, 784, 793, 808, 825, 855, 877, 912, 915, 953, 958, 977, 980, 996, 999]
args__________ ([[638, 960, 952, 963]],)
args__________ ([[661, 960, 952, 963]],)
args__________ ([[410, 429, 419, 717]],)
args__________ ([[644, 681, 658, 728]],)
args__________ ([[722, 890, 779, 791, 737]],)
args__________ ([[752, 960, 928, 952, 963]],)
args__________ ([[758, 993, 1000, 989, 991]],)
args__________ ([[759, 881, 889, 932, 924]],)
args__________ ([[722, 890, 779, 791, 784]],)
args__________ ([[793, 896, 895, 950, 911]],)
args__________ ([[204, 448, 545, 549, 808]],)
args__________ ([[293, 419, 429, 369, 825]],)
args__________ ([[668, 873, 760, 848, 855]],)
args__________ ([[877, 928, 960, 952, 963, 918]],)
args__________ ([[668, 873, 760, 848, 719, 912]],)
args__________ ([[135, 393, 426, 344, 471, 915]],)
args__________ ([[859, 970, 973, 920, 943, 988, 953]],)
args__________ ([[836, 897, 898, 868, 844, 878, 958]],)
args__________ ([[223, 348, 362, 404, 440, 977, 246]],)
args__________ ([[636, 754, 726, 764, 653, 651, 980]],)
args__________ ([[800, 960, 928, 963, 918, 952, 828, 996]],)
args__________ ([[561, 777, 682, 847, 947, 725, 767, 999]],)
finish single seed process___________________
i =  0 [193, 34, 100, 102, 105, 47, 48, 82, 84, 25]
i =  1 [993, 902, 935, 1000, 632, 951, 588, 942, 712, 626, 887, 24, 985, 635, 929, 893, 991]
i =  2 [3, 69, 70, 231, 43, 12, 239, 210, 244, 21, 116]
i =  3 [165, 753, 777, 682, 397, 847, 561, 947, 725, 633, 826, 59, 849, 767]
i =  4 [643, 905, 910, 785, 917, 281, 415, 673, 805, 807, 435, 56, 185, 956, 829, 830, 831, 837, 126, 723, 617, 879, 894, 766]
i =  5 [482, 803, 581, 487, 872, 394, 695, 751, 913, 819, 212, 919, 771, 249, 572, 509, 382]
i =  6 [865, 962, 934, 838, 871, 938, 811, 812, 749, 974, 765, 976, 986, 883, 954, 700, 957, 133]
i =  7 [741, 258, 554, 37, 401, 42, 685, 623, 465, 691, 438, 727, 569, 671, 380, 733, 645]
i =  8 [768, 515, 909, 407, 930, 804, 423, 936, 169, 939, 558, 816, 968, 313, 575, 964, 840, 969, 971, 983, 216, 475, 94, 740, 745, 680, 937]
i =  9 [577, 162, 739, 696, 396, 622, 592, 433, 690, 693, 182, 376, 314, 541]
i =  10 [866, 261, 585, 970, 843, 845, 943, 817, 973, 374, 920, 859, 988, 701, 574]
i =  11 [704, 799, 770, 763, 630, 775, 778, 780, 814, 783, 563, 276, 757, 790, 568, 634, 827, 686, 789]
i =  12 [228, 325, 137, 975, 179, 220, 149, 218, 284, 285, 286]
i =  13 [897, 898, 795, 868, 518, 583, 331, 844, 878, 51, 724, 277, 609, 888, 196, 699, 605, 836]
i =  14 [322, 67, 388, 587, 995, 139, 535, 536, 26, 442, 378, 63]
i =  15 [897, 898, 795, 836, 518, 583, 331, 844, 878, 978, 51, 724, 277, 609, 196, 699, 605, 868]
i =  16 [128, 516, 997, 109, 144, 18, 22, 183, 346, 318, 479]
i =  17 [896, 864, 229, 874, 159, 174, 911, 273, 948, 950, 927, 860, 895]
i =  18 [96, 419, 293, 171, 429, 369, 152, 410, 253, 965]
i =  19 [165, 753, 777, 682, 397, 847, 561, 947, 725, 949, 633, 59, 849, 767]
i =  20 [96, 419, 293, 171, 429, 369, 899, 152, 410, 253]
i =  21 [165, 561, 777, 682, 397, 847, 753, 947, 725, 633, 59, 767, 849, 959]
i =  22 [226, 355, 390, 327, 456, 76, 337, 981, 280, 89, 85]
i =  23 [675, 743, 266, 779, 621, 589, 624, 722, 307, 791, 890, 925]
i =  24 [257, 644, 967, 681, 138, 619, 78, 658, 371, 148, 537, 506, 28]
i =  25 [265, 270, 657, 918, 738, 543, 800, 300, 952, 828, 446, 960, 928, 963, 709, 333, 214, 215, 990, 992, 354, 485, 230]
i =  26 [66, 197, 166, 9, 15, 177, 114, 83, 856, 29]
i =  27 [517, 648, 873, 524, 719, 848, 508, 979, 760, 668, 157, 511]
i =  28 [611, 612, 455, 906, 235, 14, 112, 467, 532, 142, 430, 324]
i =  29 [288, 451, 164, 263, 488, 715, 238, 520, 274, 211, 439, 356]
i =  30 [194, 124, 206, 113, 20, 853, 154, 60, 127]
i =  31 [896, 864, 994, 229, 874, 159, 174, 911, 273, 950, 895, 860, 927]
i =  32 [288, 451, 164, 263, 520, 238, 488, 274, 211, 439, 356, 922]
i =  33 [833, 578, 484, 650, 679, 521, 618, 225, 620, 88, 452, 19, 340, 312, 601, 282, 540, 573, 250]
i =  34 [228, 325, 137, 179, 436, 149, 284, 218, 220, 285, 286]
i =  35 [226, 355, 390, 327, 456, 76, 337, 85, 280, 89, 703]
i =  36 [132, 519, 493, 687, 464, 221, 531, 659, 565, 342, 663, 639, 188, 989, 702, 607]
i =  37 [448, 545, 549, 129, 40, 204, 71, 652, 334, 176, 181, 311]
i =  38 [64, 1, 2, 547, 198, 199, 458, 45, 527, 49, 786, 209, 445]
i =  39 [257, 644, 681, 138, 619, 78, 658, 371, 148, 854, 537, 506, 28]
i =  40 [230, 265, 300, 333, 270, 214, 215, 729, 670]
i =  41 [258, 741, 401, 42, 685, 623, 645, 465, 37, 691, 916, 438, 727, 569, 380, 733, 671]
i =  42 [387, 364, 360, 457, 940, 111, 489, 500, 533, 151, 121, 156, 468, 329, 245]
i =  43 [376, 162, 739, 904, 396, 622, 592, 433, 690, 884, 693, 182, 696, 314, 541]
i =  44 [507, 454, 140, 972, 302, 559, 721, 383, 692, 373, 664, 345, 347, 604, 542, 735]
i =  45 [161, 135, 393, 426, 115, 118, 471, 344, 851]
i =  46 [517, 648, 873, 524, 719, 848, 157, 760, 987, 668, 508, 511]
i =  47 [194, 124, 206, 113, 20, 750, 154, 60, 127]
i =  48 [675, 743, 266, 779, 941, 621, 624, 722, 307, 791, 890, 589]
i =  49 [611, 612, 806, 455, 235, 14, 112, 467, 532, 142, 430, 324]
i =  50 [32, 291, 297, 141, 366, 173, 319, 499, 788, 247, 379, 351]
i =  51 [376, 162, 739, 396, 908, 622, 592, 433, 690, 693, 182, 696, 314, 541]
i =  52 [704, 961, 770, 763, 757, 775, 778, 780, 814, 783, 563, 276, 789, 630, 568, 634, 827, 686, 799]
i =  53 [481, 514, 421, 44, 110, 61, 80, 242, 660, 821, 477]
i =  54 [672, 708, 677, 774, 742, 718, 678, 497, 147, 694, 504, 4]
i =  55 [353, 163, 97, 5, 289, 178, 335, 208, 417, 402, 501, 58]
i =  56 [101, 6, 103, 168, 73, 107, 108, 50, 53, 54]
i =  57 [75, 7, 104, 11, 556, 13, 81, 131, 377, 155, 412, 427, 255]
i =  58 [65, 8, 170, 207, 180, 186, 143, 158]
i =  59 [608, 801, 834, 907, 615, 392, 361, 10, 267, 748, 802, 594, 755, 820, 55, 824, 891, 850, 287]
i =  60 [427, 7, 104, 11, 556, 13, 81, 75, 131, 377, 155, 412, 255]
i =  61 [427, 7, 104, 11, 556, 13, 81, 75, 131, 377, 155, 412, 255]
i =  62 [160, 368, 298, 79, 16, 119, 184, 122, 317, 222, 31]
i =  63 [640, 867, 900, 710, 295, 600, 762, 17, 248, 309, 510, 792, 153, 858, 666, 861, 798, 926]
i =  64 [99, 91, 146, 117, 86, 23, 57, 123]
i =  65 [865, 962, 133, 934, 871, 938, 811, 812, 749, 974, 765, 976, 986, 883, 838, 954, 27, 700, 957]
i =  66 [35, 68, 190, 52, 62, 30, 213]
i =  67 [160, 16, 298, 79, 368, 119, 184, 122, 317, 222, 31]
i =  68 [33, 322, 67, 388, 587, 378, 139, 535, 536, 26, 442, 63]
i =  69 [35, 68, 190, 52, 62, 30, 213]
i =  70 [352, 707, 36, 38, 582, 584, 713, 106, 716, 461, 591, 275, 628, 629, 655, 413, 453]
i =  71 [352, 707, 36, 38, 582, 584, 713, 106, 716, 461, 655, 275, 628, 629, 591, 413, 453]
i =  72 [869, 39, 744, 425, 839, 946, 782, 945, 882, 852, 846, 982, 984, 921, 773, 914, 933]
i =  73 [224, 512, 420, 134, 41, 492, 526, 466, 46, 472, 409, 576]
i =  74 [224, 512, 420, 134, 41, 492, 46, 466, 526, 472, 409, 576]
i =  75 [101, 6, 103, 168, 73, 107, 108, 50, 53, 54]
i =  76 [35, 68, 190, 52, 62, 30, 213]
i =  77 [101, 6, 103, 168, 73, 107, 108, 50, 53, 54]
i =  78 [101, 6, 103, 168, 73, 107, 108, 50, 53, 54]
i =  79 [608, 801, 834, 907, 615, 392, 361, 10, 267, 748, 802, 594, 755, 820, 55, 824, 891, 850, 287]
i =  80 [99, 91, 146, 117, 86, 23, 57, 123]
i =  81 [353, 163, 97, 5, 289, 178, 335, 208, 417, 402, 501, 58]
i =  82 [35, 68, 190, 52, 62, 30, 213]
i =  83 [65, 8, 170, 207, 180, 186, 143, 158]
i =  84 [35, 68, 190, 52, 62, 30, 213]
i =  85 [320, 130, 901, 646, 72, 476, 747, 684, 813, 557, 560, 823, 271, 892]
i =  86 [960, 800, 354, 963, 485, 74, 738, 928, 657, 709, 918, 952, 283, 828, 446, 543]
i =  87 [736, 705, 642, 483, 260, 550, 358, 711, 77, 386, 303, 432, 434, 494, 662, 406, 349, 341]
i =  88 [192, 513, 797, 422, 903, 776, 841, 503, 876, 781, 697, 815, 336, 405, 598, 87, 761, 428, 463, 478, 863]
i =  89 [416, 256, 546, 262, 326, 616, 491, 495, 688, 264, 596, 90, 571, 381, 734, 447]
i =  90 [384, 449, 389, 201, 172, 269, 431, 241, 243, 308, 310, 92]
i =  91 [323, 772, 359, 232, 730, 714, 279, 236, 654, 304, 145, 403, 631, 698, 731, 796, 93]
i =  92 [480, 363, 548, 647, 424, 649, 330, 683, 301, 689, 502, 217, 570, 539, 95]
i =  93 [385, 450, 391, 234, 268, 98, 398, 496, 625, 470, 408, 538, 411, 606]
i =  94 [167, 395, 370, 205, 306, 278, 343, 120, 219]
i =  95 [544, 441, 555, 294, 136, 490, 459, 525, 528, 227, 437, 567, 299, 252, 125, 414]
i =  96 [544, 441, 227, 294, 136, 490, 555, 525, 528, 459, 437, 567, 299, 252, 125, 414]
i =  97 [323, 772, 359, 232, 714, 279, 236, 654, 93, 304, 145, 403, 631, 698, 731, 796, 730]
i =  98 [259, 357, 348, 362, 404, 246, 440, 251, 316, 150, 223]
i =  99 [167, 395, 370, 205, 306, 278, 343, 120, 219]
i =  100 [384, 449, 389, 201, 172, 269, 431, 241, 243, 308, 310, 92]
i =  101 [706, 187, 613, 746, 418, 175, 720, 566, 667, 732, 669, 254, 637]
i =  102 [706, 667, 613, 746, 418, 175, 720, 566, 187, 732, 669, 254, 637]
i =  103 [832, 641, 290, 579, 932, 769, 200, 444, 375, 237, 857, 881, 889, 665, 443, 924, 189]
i =  104 [886, 998, 552, 809, 534, 875, 880, 562, 756, 822, 602, 923, 191]
i =  105 [192, 513, 422, 903, 776, 841, 503, 428, 781, 876, 815, 336, 405, 598, 87, 761, 697, 463, 797, 478, 863]
i =  106 [865, 962, 195, 133, 934, 871, 938, 811, 812, 749, 974, 957, 976, 986, 883, 838, 954, 700, 765]
i =  107 [832, 769, 290, 579, 932, 641, 200, 924, 375, 237, 889, 881, 857, 665, 443, 444, 189]
i =  108 [384, 449, 389, 201, 172, 269, 431, 241, 243, 308, 310, 92]
i =  109 [675, 743, 202, 779, 621, 589, 624, 722, 307, 791, 890, 266]
i =  110 [288, 451, 164, 263, 488, 203, 238, 520, 274, 211, 439, 356]
i =  111 [167, 395, 370, 205, 306, 278, 343, 120, 219]
i =  112 [480, 363, 548, 647, 424, 649, 330, 683, 301, 689, 502, 217, 570, 539, 95]
i =  113 [167, 395, 370, 205, 306, 278, 343, 120, 219]
i =  114 [259, 357, 348, 362, 404, 246, 440, 251, 316, 150, 223]
i =  115 [544, 441, 555, 294, 136, 490, 459, 525, 528, 227, 437, 567, 299, 252, 125, 414]
i =  116 [323, 772, 359, 232, 714, 279, 236, 654, 93, 304, 145, 403, 631, 698, 731, 796, 730]
i =  117 [656, 610, 835, 305, 233, 810, 399, 272, 593, 818, 339, 597, 553, 505, 794, 400]
i =  118 [944, 674, 931, 676, 870, 966, 328, 842, 240, 530, 787, 372, 885, 599, 564, 955, 862]
i =  119 [864, 896, 292, 229, 874, 174, 911, 273, 927, 950, 895, 860, 159]
i =  120 [675, 743, 296, 266, 779, 621, 589, 624, 722, 307, 791, 890]
i =  121 [651, 551, 764, 522, 523, 653, 462, 338, 627, 726, 754, 315, 636]
i =  122 [321, 611, 612, 455, 235, 142, 112, 467, 532, 14, 430, 324]
i =  123 [240, 674, 931, 676, 870, 966, 328, 842, 944, 530, 787, 372, 885, 599, 564, 955, 862]
i =  124 [832, 641, 290, 579, 932, 769, 200, 444, 332, 237, 857, 889, 881, 375, 665, 443, 924, 189]
i =  125 [651, 551, 764, 522, 523, 653, 462, 338, 627, 726, 754, 315, 636]
i =  126 [832, 641, 290, 579, 932, 769, 200, 444, 237, 857, 889, 881, 375, 665, 443, 924, 189, 350]
i =  127 [480, 683, 548, 647, 424, 649, 330, 363, 301, 365, 689, 502, 217, 570, 539, 95]
i =  128 [194, 124, 206, 367, 113, 20, 154, 60, 127]
i =  129 [240, 674, 931, 676, 870, 966, 328, 842, 944, 530, 787, 372, 885, 599, 564, 955, 862]
i =  130 [960, 800, 354, 963, 485, 74, 460, 738, 928, 657, 709, 918, 952, 283, 828, 446, 543]
i =  131 [651, 551, 764, 522, 523, 653, 462, 338, 627, 726, 754, 315, 636]
i =  132 [96, 419, 293, 171, 429, 369, 469, 152, 410, 253]
i =  133 [929, 993, 902, 935, 1000, 632, 951, 588, 942, 712, 626, 887, 24, 473, 985, 893, 991]
i =  134 [353, 163, 97, 5, 289, 178, 335, 208, 417, 402, 501, 474, 58]
i =  135 [675, 486, 743, 266, 779, 621, 589, 624, 722, 307, 791, 890]
i =  136 [132, 519, 639, 493, 687, 464, 498, 531, 659, 565, 342, 663, 221, 188, 989, 702, 607]
i =  137 [651, 551, 764, 522, 523, 653, 462, 338, 627, 726, 754, 315, 636]
i =  138 [651, 551, 764, 522, 523, 653, 462, 338, 627, 726, 754, 315, 636]
i =  139 [258, 741, 465, 42, 685, 623, 645, 401, 691, 529, 438, 727, 569, 671, 380, 733, 37]
i =  140 [240, 674, 931, 676, 966, 870, 328, 842, 944, 530, 787, 564, 885, 599, 372, 955, 862]
i =  141 [651, 551, 764, 522, 523, 653, 462, 338, 627, 726, 754, 315, 636]
i =  142 [240, 674, 931, 676, 966, 870, 328, 842, 944, 530, 787, 564, 885, 599, 372, 955, 862]
i =  143 [611, 324, 455, 235, 142, 112, 580, 467, 532, 14, 430, 612]
i =  144 [960, 800, 354, 963, 485, 586, 738, 928, 657, 709, 918, 952, 828, 446, 543]
i =  145 [896, 864, 927, 229, 874, 590, 911, 273, 174, 950, 895, 860, 159]
i =  146 [258, 741, 401, 42, 685, 623, 645, 465, 595, 691, 438, 727, 569, 671, 380, 733, 37]
i =  147 [240, 674, 931, 676, 966, 870, 328, 842, 944, 530, 787, 564, 885, 599, 372, 955, 862]
i =  148 [960, 800, 354, 963, 485, 738, 928, 657, 709, 918, 952, 603, 828, 446, 543]
i =  149 [162, 739, 614, 696, 396, 622, 592, 433, 690, 693, 182, 376, 314, 541]
i =  150 [960, 800, 354, 963, 485, 738, 928, 657, 709, 446, 918, 952, 828, 638, 543]
i =  151 [960, 800, 354, 963, 485, 738, 928, 657, 709, 661, 918, 952, 828, 446, 543]
i =  152 [96, 419, 293, 171, 429, 717, 369, 152, 410, 253]
i =  153 [257, 644, 681, 138, 619, 78, 658, 371, 148, 728, 537, 506, 28]
i =  154 [737, 675, 743, 266, 779, 621, 589, 624, 722, 307, 791, 890]
i =  155 [960, 928, 354, 963, 485, 738, 752, 657, 709, 918, 952, 543, 828, 446, 800]
i =  156 [993, 902, 935, 1000, 951, 588, 942, 893, 632, 626, 758, 887, 24, 985, 712, 929, 989, 991]
i =  157 [832, 641, 290, 579, 932, 769, 200, 665, 375, 237, 444, 889, 881, 759, 857, 443, 924, 189]
i =  158 [624, 675, 743, 266, 779, 621, 589, 784, 722, 307, 791, 890]
i =  159 [896, 864, 927, 229, 874, 174, 911, 273, 950, 793, 895, 860, 159]
i =  160 [448, 545, 549, 129, 40, 71, 204, 334, 176, 808, 181, 311]
i =  161 [96, 419, 293, 171, 429, 369, 152, 825, 410, 253]
i =  162 [517, 648, 873, 524, 719, 848, 157, 855, 760, 668, 508, 511]
i =  163 [928, 960, 354, 963, 485, 877, 657, 709, 918, 952, 738, 543, 828, 446, 800]
i =  164 [848, 668, 517, 648, 873, 524, 719, 912, 760, 508, 157, 511]
i =  165 [161, 135, 393, 426, 115, 118, 471, 344, 915]
i =  166 [866, 261, 585, 970, 843, 973, 845, 817, 374, 920, 953, 943, 859, 988, 701, 574]
i =  167 [897, 898, 795, 836, 868, 518, 583, 331, 844, 878, 51, 724, 277, 609, 196, 699, 605, 958]
i =  168 [259, 357, 316, 362, 977, 404, 246, 440, 251, 348, 150, 223]
i =  169 [651, 551, 636, 522, 523, 653, 462, 338, 627, 980, 726, 754, 315, 764]
i =  170 [800, 960, 354, 928, 996, 485, 738, 657, 709, 963, 918, 952, 828, 446, 543]
i =  171 [59, 165, 999, 777, 682, 397, 847, 561, 947, 725, 633, 753, 849, 767]
finish get all communities
complete deal_communities
commplete get_all_nature_community
----------------------------------The detection result is: 

all communities: 
i =  1 : [25, 34, 47, 48, 82, 84, 100, 102, 105, 193]
i =  2 : [3, 12, 21, 43, 69, 70, 116, 210, 231, 239, 244]
i =  3 : [56, 126, 185, 281, 415, 435, 617, 643, 673, 723, 766, 785, 805, 807, 829, 830, 831, 837, 879, 894, 905, 910, 917, 956]
i =  4 : [212, 249, 382, 394, 482, 487, 509, 572, 581, 695, 751, 771, 803, 819, 872, 913, 919]
i =  5 : [94, 169, 216, 313, 407, 423, 475, 515, 558, 575, 680, 740, 745, 768, 804, 816, 840, 909, 930, 936, 937, 939, 964, 968, 969, 971, 983]
i =  6 : [18, 22, 109, 128, 144, 183, 318, 346, 479, 516, 997]
i =  7 : [76, 85, 89, 226, 280, 327, 337, 355, 390, 456, 981]
i =  8 : [214, 215, 230, 265, 270, 300, 333, 354, 446, 485, 543, 657, 709, 738, 800, 828, 918, 928, 952, 960, 963, 990, 992]
i =  9 : [9, 15, 29, 66, 83, 114, 166, 177, 197, 856]
i =  10 : [19, 88, 225, 250, 282, 312, 340, 452, 484, 521, 540, 573, 578, 601, 618, 620, 650, 679, 833]
i =  11 : [76, 85, 89, 226, 280, 327, 337, 355, 390, 456, 703]
i =  12 : [1, 2, 45, 49, 64, 198, 199, 209, 445, 458, 527, 547, 786]
i =  13 : [214, 215, 230, 265, 270, 300, 333, 670, 729]
i =  14 : [111, 121, 151, 156, 245, 329, 360, 364, 387, 457, 468, 489, 500, 533, 940]
i =  15 : [140, 302, 345, 347, 373, 383, 454, 507, 542, 559, 604, 664, 692, 721, 735, 972]
i =  16 : [115, 118, 135, 161, 344, 393, 426, 471, 851]
i =  17 : [32, 141, 173, 247, 291, 297, 319, 351, 366, 379, 499, 788]
i =  18 : [44, 61, 80, 110, 242, 421, 477, 481, 514, 660, 821]
i =  19 : [4, 147, 497, 504, 672, 677, 678, 694, 708, 718, 742, 774]
i =  20 : [6, 50, 53, 54, 73, 101, 103, 107, 108, 168]
i =  21 : [7, 11, 13, 75, 81, 104, 131, 155, 255, 377, 412, 427, 556]
i =  22 : [8, 65, 143, 158, 170, 180, 186, 207]
i =  23 : [10, 55, 267, 287, 361, 392, 594, 608, 615, 748, 755, 801, 802, 820, 824, 834, 850, 891, 907]
i =  24 : [16, 31, 79, 119, 122, 160, 184, 222, 298, 317, 368]
i =  25 : [17, 153, 248, 295, 309, 510, 600, 640, 666, 710, 762, 792, 798, 858, 861, 867, 900, 926]
i =  26 : [23, 57, 86, 91, 99, 117, 123, 146]
i =  27 : [30, 35, 52, 62, 68, 190, 213]
i =  28 : [36, 38, 106, 275, 352, 413, 453, 461, 582, 584, 591, 628, 629, 655, 707, 713, 716]
i =  29 : [39, 425, 744, 773, 782, 839, 846, 852, 869, 882, 914, 921, 933, 945, 946, 982, 984]
i =  30 : [41, 46, 134, 224, 409, 420, 466, 472, 492, 512, 526, 576]
i =  31 : [72, 130, 271, 320, 476, 557, 560, 646, 684, 747, 813, 823, 892, 901]
i =  32 : [77, 260, 303, 341, 349, 358, 386, 406, 432, 434, 483, 494, 550, 642, 662, 705, 711, 736]
i =  33 : [87, 192, 336, 405, 422, 428, 463, 478, 503, 513, 598, 697, 761, 776, 781, 797, 815, 841, 863, 876, 903]
i =  34 : [90, 256, 262, 264, 326, 381, 416, 447, 491, 495, 546, 571, 596, 616, 688, 734]
i =  35 : [92, 172, 201, 241, 243, 269, 308, 310, 384, 389, 431, 449]
i =  36 : [93, 145, 232, 236, 279, 304, 323, 359, 403, 631, 654, 698, 714, 730, 731, 772, 796]
i =  37 : [98, 234, 268, 385, 391, 398, 408, 411, 450, 470, 496, 538, 606, 625]
i =  38 : [120, 167, 205, 219, 278, 306, 343, 370, 395]
i =  39 : [125, 136, 227, 252, 294, 299, 414, 437, 441, 459, 490, 525, 528, 544, 555, 567]
i =  40 : [175, 187, 254, 418, 566, 613, 637, 667, 669, 706, 720, 732, 746]
i =  41 : [191, 534, 552, 562, 602, 756, 809, 822, 875, 880, 886, 923, 998]
i =  42 : [233, 272, 305, 339, 399, 400, 505, 553, 593, 597, 610, 656, 794, 810, 818, 835]
i =  43 : [240, 328, 372, 530, 564, 599, 674, 676, 787, 842, 862, 870, 885, 931, 944, 955, 966]
i =  44 : [95, 217, 301, 330, 363, 365, 424, 480, 502, 539, 548, 570, 647, 649, 683, 689]
i =  45 : [20, 60, 113, 124, 127, 154, 194, 206, 367]
i =  46 : [5, 58, 97, 163, 178, 208, 289, 335, 353, 402, 417, 474, 501]
i =  47 : [132, 188, 221, 342, 464, 493, 498, 519, 531, 565, 607, 639, 659, 663, 687, 702, 989]
i =  48 : [115, 118, 135, 161, 344, 393, 426, 471, 915]
i =  49 : [261, 374, 574, 585, 701, 817, 843, 845, 859, 866, 920, 943, 953, 970, 973, 988]
i =  50 : [150, 223, 246, 251, 259, 316, 348, 357, 362, 404, 440, 977]
i =  51 : [315, 338, 462, 522, 523, 551, 627, 636, 651, 653, 726, 754, 764, 980]
i =  52 : [276, 563, 568, 630, 634, 686, 704, 757, 763, 770, 775, 778, 780, 783, 789, 790, 799, 814, 827, 961]
i =  53 : [137, 149, 179, 218, 220, 228, 284, 285, 286, 325, 436, 975]
i =  54 : [26, 33, 63, 67, 139, 322, 378, 388, 442, 535, 536, 587, 995]
i =  55 : [20, 60, 113, 124, 127, 154, 194, 206, 750, 853]
i =  56 : [40, 71, 129, 176, 181, 204, 311, 334, 448, 545, 549, 652, 808]
i =  57 : [27, 133, 195, 700, 749, 765, 811, 812, 838, 865, 871, 883, 934, 938, 954, 957, 962, 974, 976, 986]
i =  58 : [24, 473, 588, 626, 632, 635, 712, 758, 887, 893, 902, 929, 935, 942, 951, 985, 989, 991, 993, 1000]
i =  59 : [51, 196, 277, 331, 518, 583, 605, 609, 699, 724, 795, 836, 844, 868, 878, 888, 897, 898, 958, 978]
i =  60 : [28, 78, 138, 148, 257, 371, 506, 537, 619, 644, 658, 681, 728, 854, 967]
i =  61 : [164, 203, 211, 238, 263, 274, 288, 356, 439, 451, 488, 520, 715, 922]
i =  62 : [189, 200, 237, 290, 332, 350, 375, 443, 444, 579, 641, 665, 759, 769, 832, 857, 881, 889, 924, 932]
i =  63 : [59, 165, 397, 561, 633, 682, 725, 753, 767, 777, 826, 847, 849, 947, 949, 959, 999]
i =  64 : [37, 42, 258, 380, 401, 438, 465, 529, 554, 569, 595, 623, 645, 671, 685, 691, 727, 733, 741, 916]
i =  65 : [162, 182, 314, 376, 396, 433, 541, 577, 592, 614, 622, 690, 693, 696, 739, 884, 904, 908]
i =  66 : [157, 508, 511, 517, 524, 648, 668, 719, 760, 848, 855, 873, 912, 979, 987]
i =  67 : [14, 112, 142, 235, 321, 324, 430, 455, 467, 532, 580, 611, 612, 806, 906]
i =  68 : [159, 174, 229, 273, 292, 590, 793, 860, 864, 874, 895, 896, 911, 927, 948, 950, 994]
i =  69 : [96, 152, 171, 253, 293, 369, 410, 419, 429, 469, 717, 825, 899, 965]
i =  70 : [202, 266, 296, 307, 486, 589, 621, 624, 675, 722, 737, 743, 779, 784, 791, 890, 925, 941]
i =  71 : [74, 283, 354, 446, 460, 485, 543, 586, 603, 638, 657, 661, 709, 738, 752, 800, 828, 877, 918, 928, 952, 960, 963, 996]
overlapping nodes are:  [20, 60, 76, 85, 89, 113, 115, 118, 124, 127, 135, 154, 161, 194, 206, 214, 215, 226, 230, 265, 270, 280, 300, 327, 333, 337, 344, 354, 355, 390, 393, 426, 446, 456, 471, 485, 543, 657, 709, 738, 800, 828, 918, 928, 952, 960, 963, 989] 
 NOO is:  48
total time is:  125.974509001
