lens of ground_truth:  70
ground_truth is: [[51, 216, 230, 265, 267, 312, 316, 381, 405, 421, 872, 943, 998], [110, 155, 305, 349, 364, 428, 432, 475, 534, 542, 563, 579, 589, 739, 750, 786, 790, 806, 861, 873, 876, 880, 897, 909, 913, 917, 933, 934, 937, 943, 957, 972, 991, 997], [20, 60, 75, 121, 169, 214, 240, 349, 359, 360, 371, 379, 404, 411, 489, 517, 547, 576, 586, 670, 683, 706, 751, 752, 758, 766, 787, 789, 811, 813, 823, 825, 827, 835, 840, 862, 901, 910, 913, 939, 942, 955, 968, 971, 974, 977, 986, 987, 989, 999], [5, 75, 84, 168, 250, 324, 330, 346, 360, 376, 462, 508, 536, 596, 649, 662, 687, 696, 703, 763, 873, 905, 917, 984], [5, 110, 207, 487, 506, 575, 580, 591, 601, 610, 656, 665, 684, 687, 709, 766, 776, 808, 830, 831, 835, 839, 840, 854, 878, 883, 886, 899, 902, 913, 939, 940, 942, 959, 961, 991], [45, 50, 69, 164, 191, 324, 579, 758, 759, 937], [60, 75, 110, 290, 305, 306, 337, 360, 379, 411, 447, 498, 536, 555, 683, 717, 737, 758, 781, 784, 800, 844, 856, 861, 892, 900, 909, 949, 971, 984, 985, 997], [111, 214, 240, 319, 320, 324, 331, 349, 352, 364, 369, 404, 421, 437, 455, 537, 541, 558, 584, 643, 696, 739, 782, 788, 800, 804, 840, 851, 862, 910, 933, 939, 941, 946, 956, 957, 960, 962, 964, 976, 983, 998, 1000], [28, 114, 137, 172, 180, 256, 277, 282, 284, 327, 404, 745], [4, 168, 235, 272, 331, 334, 371, 442, 472, 481, 553, 557, 594, 737, 971, 984, 1000], [101, 110, 178, 203, 293, 347, 399, 415, 423, 439, 491, 504, 505, 548, 558, 668, 682, 737, 744, 796, 800, 807, 846, 851, 861, 909, 917, 949, 984, 997], [33, 73, 130, 152, 153, 167, 193, 209, 324, 648, 814], [119, 125, 134, 148, 159, 247, 452, 463, 488, 516, 586, 623, 696, 814, 853, 956, 989, 991, 1000], [32, 46, 168, 169, 223, 305, 331, 349, 393, 404, 429, 439, 442, 460, 505, 579, 584, 589, 656, 705, 733, 747, 809, 816, 835, 839, 851, 905, 909, 910, 913, 932, 937, 955, 956, 957, 959, 969, 970, 985, 991, 993, 994, 996, 997, 998], [146, 182, 194, 211, 258, 273, 304, 435, 439, 440, 479, 523, 586, 656, 907], [122, 168, 318, 442, 445, 460, 509, 521, 558, 586, 612, 639, 650, 664, 669, 721, 723, 749, 768, 840, 942, 956, 971], [323, 326, 390, 470, 486, 514, 569, 583, 586, 645, 688, 745, 769, 770, 781, 788, 800, 905, 909, 933, 956, 961, 972], [56, 190, 234, 300, 379, 382, 392, 395, 442, 448, 449, 467, 636, 745, 835, 880, 943, 946], [6, 25, 62, 70, 156, 174, 189, 279, 292, 360, 907, 956], [14, 67, 75, 99, 131, 136, 218, 290, 320, 579, 839], [82, 107, 149, 168, 210, 215, 332, 344, 368, 411, 421, 520, 536, 559, 572, 617, 687, 696, 731, 733, 746, 766, 873, 882, 890, 896, 906, 937, 946, 955, 972, 985], [1, 55, 60, 63, 205, 237, 245, 355, 438, 493, 514, 519, 532, 646, 690, 696, 745, 758, 759, 984], [138, 169, 240, 320, 331, 388, 396, 404, 452, 460, 475, 529, 551, 579, 595, 621, 637, 648, 687, 733, 742, 835, 839, 852, 858, 862, 873, 876, 880, 905, 908, 910, 913, 937, 942, 943, 944, 954, 955, 957, 971, 981, 993, 994], [12, 88, 124, 228, 308, 354, 371, 385, 499, 503, 511, 566, 582, 586, 621, 814, 943], [64, 139, 188, 224, 225, 236, 289, 340, 383, 391, 406, 421, 528, 592, 853, 907, 934], [86, 127, 353, 375, 407, 439, 579, 581, 586, 622, 657, 694, 726, 735, 759, 788, 814, 840, 871, 942, 959, 961, 972], [41, 54, 204, 252, 301, 350, 386, 394, 411, 492, 502, 505, 907, 910, 961], [32, 42, 104, 111, 181, 210, 251, 305, 364, 421, 431, 439, 562, 575, 609, 613, 642, 733, 739, 759, 788, 790, 810, 818, 851, 866, 871, 907, 946], [36, 93, 160, 206, 217, 226, 249, 261, 274, 329, 421, 913], [5, 15, 128, 286, 315, 332, 380, 418, 454, 475, 485, 539, 578, 600, 614, 696, 758, 989], [35, 47, 75, 89, 170, 184, 208, 214, 853, 861, 955], [5, 111, 240, 263, 351, 360, 364, 371, 439, 505, 575, 589, 602, 603, 621, 648, 656, 676, 715, 724, 739, 748, 766, 775, 790, 801, 820, 871, 872, 920, 961, 998, 1000], [16, 158, 210, 360, 404, 430, 460, 468, 478, 540, 554, 558, 638, 653, 716, 745, 780, 788, 814, 840, 871, 872, 933], [7, 29, 60, 66, 219, 233, 296, 298, 320, 357, 389, 500, 589, 593, 606, 853, 907, 985, 991], [5, 22, 76, 120, 144, 157, 175, 285, 328, 421, 546, 564, 683, 758, 934, 971], [110, 169, 210, 222, 305, 349, 362, 379, 441, 464, 475, 536, 565, 579, 658, 733, 843, 861, 875, 876, 895, 909, 914, 916, 917, 933, 934, 943, 955, 971, 972, 991, 994, 997], [105, 111, 214, 270, 291, 320, 332, 349, 364, 365, 371, 416, 419, 452, 456, 462, 466, 514, 558, 597, 713, 739, 840, 851, 853, 861, 872, 903, 907, 922, 942, 946, 957, 959, 989, 1000], [52, 244, 269, 271, 305, 371, 442, 477, 515, 567, 571, 585, 620, 648, 687, 707, 733, 737, 745, 779, 815, 819, 833, 873, 876, 880, 934, 955], [111, 288, 335, 360, 433, 475, 536, 549, 561, 621, 671, 679, 683, 702, 745, 754, 758, 773, 781, 793, 828, 943, 949, 984, 993, 994], [5, 32, 162, 179, 210, 290, 311, 324, 333, 367, 373, 379, 398, 444, 484, 514, 545, 575, 588, 621, 627, 655, 697, 759, 788, 871, 961], [8, 30, 34, 38, 40, 81, 103, 861, 933, 998], [94, 173, 195, 196, 290, 320, 322, 332, 338, 343, 403, 436, 462, 518, 530, 586, 666, 674, 766, 853, 876], [5, 11, 32, 87, 126, 132, 140, 280, 307, 379, 411, 501, 536, 538, 632, 683, 687, 695, 696, 758, 760, 762, 765, 777, 781, 800, 824, 836, 841, 845, 849, 949, 985, 994], [18, 32, 106, 110, 281, 297, 363, 409, 422, 462, 560, 577, 599, 641, 673, 683, 720, 739, 743, 792, 876, 937, 949, 994], [60, 165, 243, 253, 275, 331, 332, 377, 443, 462, 510, 525, 568, 616, 626, 685, 871, 872, 907], [10, 44, 48, 49, 58, 68, 74, 95, 475, 880], [60, 110, 111, 168, 214, 240, 320, 364, 442, 558, 584, 605, 621, 654, 696, 704, 739, 745, 761, 788, 794, 814, 822, 837, 839, 851, 873, 891, 905, 918, 930, 933, 939, 950, 956, 957, 966, 993, 998, 1000], [98, 111, 210, 240, 290, 320, 364, 374, 458, 460, 482, 496, 497, 524, 575, 584, 598, 631, 687, 708, 759, 834, 851, 867, 872, 881, 898, 905, 910, 931, 935, 948, 952, 953, 957, 959, 961, 975, 989, 991, 1000], [71, 85, 185, 192, 241, 255, 309, 324, 370, 379, 417, 452, 505, 644, 691, 699, 718, 719, 722, 729, 737, 767, 772, 790, 795, 805, 812, 859, 865, 873, 880, 913, 919, 934, 943, 985], [53, 113, 135, 163, 214, 238, 294, 584, 781, 814, 994], [13, 60, 100, 123, 210, 227, 229, 248, 446, 462, 469, 514, 535, 552, 648, 678, 712, 725, 727, 783, 797, 800, 862, 946, 985], [3, 168, 169, 240, 305, 324, 331, 349, 397, 404, 411, 439, 452, 460, 505, 514, 584, 589, 635, 648, 656, 687, 766, 790, 817, 835, 839, 855, 862, 873, 879, 904, 905, 912, 913, 924, 937, 939, 942, 959, 972, 988, 989, 990, 991, 992, 993, 995], [116, 117, 214, 358, 379, 387, 400, 413, 414, 425, 452, 514, 531, 624, 781, 872, 876, 971], [32, 133, 169, 198, 221, 231, 239, 295, 302, 314, 475, 871], [31, 37, 72, 80, 151, 201, 214, 220, 246, 278, 283, 371], [26, 210, 290, 325, 332, 336, 452, 460, 575, 584, 589, 621, 648, 656, 736, 738, 739, 766, 774, 853, 857, 860, 862, 864, 869, 871, 887, 893, 894, 910, 929, 938, 939, 947, 951, 959, 961, 967, 980, 982, 985, 993, 994, 1000], [2, 9, 17, 21, 24, 39, 77, 79, 96, 788], [5, 60, 75, 111, 161, 331, 332, 364, 424, 460, 514, 533, 558, 584, 607, 621, 634, 733, 734, 753, 757, 771, 785, 835, 840, 850, 851, 853, 862, 872, 877, 905, 910, 911, 915, 923, 925, 939, 946, 958, 963, 965, 978, 979, 989, 993], [59, 75, 92, 168, 169, 257, 401, 402, 411, 439, 451, 471, 475, 505, 512, 575, 589, 619, 648, 656, 692, 698, 732, 755, 829, 839, 874, 884, 917, 946, 959], [108, 110, 166, 242, 254, 290, 305, 408, 462, 536, 550, 590, 683, 701, 710, 728, 730, 737, 778, 799, 802, 847, 861, 909, 917, 934, 949, 957, 972, 997], [27, 97, 118, 129, 187, 197, 200, 264, 268, 303, 313, 378, 575, 876], [23, 32, 83, 141, 143, 147, 150, 366, 426, 427, 473, 766, 790, 909], [154, 169, 176, 349, 404, 412, 459, 505, 543, 579, 589, 604, 615, 633, 656, 711, 733, 759, 781, 790, 826, 832, 835, 839, 842, 848, 863, 885, 888, 937, 942, 989, 993, 998], [61, 145, 199, 202, 384, 452, 483, 513, 618, 629, 660, 661, 672, 680, 681, 700, 737, 740, 741, 756, 791, 798, 803, 821, 838, 862, 868, 870, 889, 917, 921, 926, 927, 928, 933, 936, 945, 949, 955, 973, 997], [262, 371, 434, 442, 453, 465, 480, 494, 507, 526, 527, 573, 611, 659, 667, 677, 689, 737, 880, 972, 984], [78, 109, 183, 287, 290, 310, 324, 360, 411, 461, 474, 544, 587, 630, 683, 693, 714, 764, 790, 800, 917, 934, 949, 984], [19, 171, 232, 266, 317, 321, 331, 341, 342, 361, 372, 442, 462, 574, 675, 686, 781, 800, 880, 939], [102, 212, 299, 410, 420, 421, 457, 490, 495, 536, 556, 558, 625, 628, 647, 651, 652, 663, 814, 956, 998], [32, 75, 91, 115, 213, 260, 276, 332, 339, 345, 348, 356, 450, 476, 522, 570, 608, 640, 759], [43, 57, 65, 90, 112, 142, 177, 186, 240, 259, 997]]
nodes: [32, 240, 283, 290, 324, 332, 360, 404, 421, 442, 475, 505, 514, 536, 558, 575, 586, 589, 621, 648, 656, 683, 687, 696, 733, 737, 739, 745, 758, 766, 781, 788, 800, 835, 839, 840, 853, 861, 862, 871, 872, 873, 876, 880, 889, 894, 907, 909, 910, 913, 917, 925, 933, 934, 937, 942, 943, 946, 949, 955, 957, 959, 961, 971, 972, 984, 985, 989, 991, 993, 994, 997, 998, 1000] num of nodes:  74
[[32, 996, 970], [966, 976, 240], [31, 246, 37, 72, 201, 80, 283, 220, 278, 151], [131, 218, 290], [45, 191, 324], [332, 896, 906], [6, 292, 360], [256, 327, 404], [316, 405, 421], [442, 768, 749], [475, 614, 539], [492, 502, 505], [514, 770, 769], [536, 896, 906], [558, 768, 749], [197, 378, 575], [999, 987, 986, 586], [589, 897, 806], [621, 944, 954, 981], [130, 167, 209, 648], [656, 996, 969, 970], [120, 546, 564, 683], [662, 763, 703, 687], [134, 516, 159, 696], [733, 896, 906, 890], [491, 796, 846, 737], [419, 903, 922, 739], [256, 327, 282, 745], [45, 191, 164, 758], [530, 674, 666, 766], [113, 294, 238, 781], [2, 96, 79, 788], [574, 675, 686, 800], [899, 902, 940, 886, 835], [839, 899, 940, 902, 886], [899, 902, 940, 886, 840], [35, 170, 208, 184, 853], [35, 170, 208, 184, 861], [725, 783, 797, 727, 862], [568, 616, 626, 685, 871], [267, 405, 316, 381, 872], [432, 897, 806, 873, 786], [432, 897, 806, 750, 876], [44, 48, 74, 95, 880], [661, 928, 868, 870, 936, 973, 921, 945, 756, 821, 889, 926, 927, 838, 741, 798, 791], [736, 864, 929, 738, 869, 774, 967, 938, 887, 947, 980, 982, 857, 860, 893, 894, 951], [156, 292, 189, 279, 907], [366, 473, 426, 427, 909], [301, 386, 492, 502, 910], [226, 329, 274, 249, 913], [534, 897, 806, 786, 542, 917], [607, 771, 963, 965, 753, 877, 734, 978, 958, 911, 785, 850, 915, 634, 923, 979, 757, 925], [542, 897, 786, 806, 750, 933], [144, 546, 328, 564, 285, 934], [45, 191, 164, 937, 50, 69], [664, 768, 749, 721, 723, 942], [267, 405, 316, 381, 312, 943], [613, 866, 810, 818, 642, 946], [548, 807, 744, 682, 846, 949], [731, 896, 955, 882, 746, 890, 906], [428, 897, 750, 957, 432, 786], [416, 903, 713, 922, 466, 597, 959], [301, 386, 492, 502, 394, 961], [175, 546, 328, 971, 564, 285], [534, 897, 806, 972, 563, 750], [235, 481, 553, 557, 594, 472, 984], [717, 900, 844, 784, 856, 892, 985], [380, 485, 614, 578, 600, 539, 989], [155, 897, 428, 750, 563, 534, 991], [671, 773, 754, 793, 828, 702, 993], [658, 994, 843, 914, 875, 916, 895], [534, 897, 806, 786, 542, 563, 997], [216, 267, 405, 312, 316, 381, 998], [125, 623, 488, 516, 463, 247, 1000]]
len of cliques:  74
downsides after: [[607, 771, 963, 965, 753, 877, 734, 978, 958, 911, 785, 850, 915, 634, 923, 979, 757, 925], [661, 928, 868, 870, 936, 973, 921, 945, 756, 821, 889, 926, 927, 838, 741, 798, 791], [736, 864, 929, 738, 869, 774, 967, 938, 887, 947, 980, 982, 857, 860, 893, 894, 951], [31, 246, 37, 72, 201, 80, 283, 220, 278, 151], [731, 896, 955, 882, 746, 890, 906], [416, 903, 713, 922, 466, 597, 959], [235, 481, 553, 557, 594, 472, 984], [717, 900, 844, 784, 856, 892, 985], [380, 485, 614, 578, 600, 539, 989], [155, 897, 428, 750, 563, 534, 991], [671, 773, 754, 793, 828, 702, 993], [658, 994, 843, 914, 875, 916, 895], [534, 897, 806, 786, 542, 563, 997], [216, 267, 405, 312, 316, 381, 998], [125, 623, 488, 516, 463, 247, 1000], [534, 897, 806, 786, 542, 917], [542, 897, 786, 806, 750, 933], [144, 546, 328, 564, 285, 934], [45, 191, 164, 937, 50, 69], [664, 768, 749, 721, 723, 942], [267, 405, 316, 381, 312, 943], [613, 866, 810, 818, 642, 946], [548, 807, 744, 682, 846, 949], [428, 897, 750, 957, 432, 786], [301, 386, 492, 502, 394, 961], [175, 546, 328, 971, 564, 285], [534, 897, 806, 972, 563, 750], [899, 902, 940, 886, 835], [839, 899, 940, 902, 886], [899, 902, 940, 886, 840], [35, 170, 208, 184, 853], [35, 170, 208, 184, 861], [725, 783, 797, 727, 862], [568, 616, 626, 685, 871], [267, 405, 316, 381, 872], [432, 897, 806, 873, 786], [432, 897, 806, 750, 876], [44, 48, 74, 95, 880], [156, 292, 189, 279, 907], [366, 473, 426, 427, 909], [301, 386, 492, 502, 910], [226, 329, 274, 249, 913], [999, 987, 986, 586], [621, 944, 954, 981], [130, 167, 209, 648], [656, 996, 969, 970], [120, 546, 564, 683], [662, 763, 703, 687], [134, 516, 159, 696], [733, 896, 906, 890], [491, 796, 846, 737], [419, 903, 922, 739], [256, 327, 282, 745], [45, 191, 164, 758], [530, 674, 666, 766], [113, 294, 238, 781], [2, 96, 79, 788], [574, 675, 686, 800]]
number of downsided seeds: 58
[[607, 771, 963, 965, 753, 877, 734, 978, 958, 911, 785, 850, 915, 634, 923, 979, 757, 925], [661, 928, 868, 870, 936, 973, 921, 945, 756, 821, 889, 926, 927, 838, 741, 798, 791], [736, 864, 929, 738, 869, 774, 967, 938, 887, 947, 980, 982, 857, 860, 893, 894, 951], [31, 246, 37, 72, 201, 80, 283, 220, 278, 151], [731, 896, 955, 882, 746, 890, 906], [416, 903, 713, 922, 466, 597, 959], [235, 481, 553, 557, 594, 472, 984], [717, 900, 844, 784, 856, 892, 985], [380, 485, 614, 578, 600, 539, 989], [155, 897, 428, 750, 563, 534, 991], [671, 773, 754, 793, 828, 702, 993], [658, 994, 843, 914, 875, 916, 895], [534, 897, 806, 786, 542, 563, 997], [216, 267, 405, 312, 316, 381, 998], [125, 623, 488, 516, 463, 247, 1000], [534, 897, 806, 786, 542, 917], [542, 897, 786, 806, 750, 933], [144, 546, 328, 564, 285, 934], [45, 191, 164, 937, 50, 69], [664, 768, 749, 721, 723, 942], [267, 405, 316, 381, 312, 943], [613, 866, 810, 818, 642, 946], [548, 807, 744, 682, 846, 949], [428, 897, 750, 957, 432, 786], [301, 386, 492, 502, 394, 961], [175, 546, 328, 971, 564, 285], [534, 897, 806, 972, 563, 750], [899, 902, 940, 886, 835], [839, 899, 940, 902, 886], [899, 902, 940, 886, 840], [35, 170, 208, 184, 853], [35, 170, 208, 184, 861], [725, 783, 797, 727, 862], [568, 616, 626, 685, 871], [267, 405, 316, 381, 872], [432, 897, 806, 873, 786], [432, 897, 806, 750, 876], [44, 48, 74, 95, 880], [156, 292, 189, 279, 907], [366, 473, 426, 427, 909], [301, 386, 492, 502, 910], [226, 329, 274, 249, 913], [999, 987, 986, 586], [621, 944, 954, 981], [130, 167, 209, 648], [656, 996, 969, 970], [120, 546, 564, 683], [662, 763, 703, 687], [134, 516, 159, 696], [733, 896, 906, 890], [491, 796, 846, 737], [419, 903, 922, 739], [256, 327, 282, 745], [45, 191, 164, 758], [530, 674, 666, 766], [113, 294, 238, 781], [2, 96, 79, 788], [574, 675, 686, 800]]
after sorted:  [[607, 771, 963, 965, 753, 877, 734, 978, 958, 911, 785, 850, 915, 634, 923, 979, 757, 925], [661, 928, 868, 870, 936, 973, 921, 945, 756, 821, 889, 926, 927, 838, 741, 798, 791], [736, 864, 929, 738, 869, 774, 967, 938, 887, 947, 980, 982, 857, 860, 893, 894, 951], [31, 246, 37, 72, 201, 80, 283, 220, 278, 151], [731, 896, 955, 882, 746, 890, 906], [416, 903, 713, 922, 466, 597, 959], [235, 481, 553, 557, 594, 472, 984], [717, 900, 844, 784, 856, 892, 985], [380, 485, 614, 578, 600, 539, 989], [155, 897, 428, 750, 563, 534, 991], [671, 773, 754, 793, 828, 702, 993], [658, 994, 843, 914, 875, 916, 895], [534, 897, 806, 786, 542, 563, 997], [216, 267, 405, 312, 316, 381, 998], [125, 623, 488, 516, 463, 247, 1000], [534, 897, 806, 786, 542, 917], [542, 897, 786, 806, 750, 933], [144, 546, 328, 564, 285, 934], [45, 191, 164, 937, 50, 69], [664, 768, 749, 721, 723, 942], [267, 405, 316, 381, 312, 943], [613, 866, 810, 818, 642, 946], [548, 807, 744, 682, 846, 949], [428, 897, 750, 957, 432, 786], [301, 386, 492, 502, 394, 961], [175, 546, 328, 971, 564, 285], [534, 897, 806, 972, 563, 750], [899, 902, 940, 886, 835], [839, 899, 940, 902, 886], [899, 902, 940, 886, 840], [35, 170, 208, 184, 853], [35, 170, 208, 184, 861], [725, 783, 797, 727, 862], [568, 616, 626, 685, 871], [267, 405, 316, 381, 872], [432, 897, 806, 873, 786], [432, 897, 806, 750, 876], [44, 48, 74, 95, 880], [156, 292, 189, 279, 907], [366, 473, 426, 427, 909], [301, 386, 492, 502, 910], [226, 329, 274, 249, 913], [999, 987, 986, 586], [621, 944, 954, 981], [130, 167, 209, 648], [656, 996, 969, 970], [120, 546, 564, 683], [662, 763, 703, 687], [134, 516, 159, 696], [733, 896, 906, 890], [491, 796, 846, 737], [419, 903, 922, 739], [256, 327, 282, 745], [45, 191, 164, 758], [530, 674, 666, 766], [113, 294, 238, 781], [2, 96, 79, 788], [574, 675, 686, 800]]
before num:  58
befor deal_cliques:  56
after deal_cliques:  54
length of seeds:  54
seeds:  [set([771, 965, 911, 785, 978, 915, 923, 925, 734, 607, 958, 877, 753, 979, 757, 634, 850, 963]), set([838, 973, 661, 791, 921, 798, 927, 928, 868, 741, 870, 936, 945, 756, 926, 889, 821]), set([864, 774, 967, 887, 980, 982, 857, 860, 736, 929, 738, 869, 938, 947, 951, 893, 894]), set([246, 37, 72, 201, 80, 278, 151, 283, 220, 31]), set([896, 882, 731, 746, 955, 890, 906]), set([416, 466, 597, 903, 713, 922, 959]), set([481, 594, 472, 984, 553, 235, 557]), set([784, 900, 856, 985, 844, 717, 892]), set([578, 485, 614, 600, 539, 380, 989]), set([897, 563, 534, 155, 428, 750, 991]), set([993, 754, 773, 793, 828, 702, 671]), set([994, 875, 916, 658, 843, 914, 895]), set([897, 786, 563, 997, 806, 534, 542]), set([216, 405, 998, 312, 267, 316, 381]), set([1000, 516, 247, 488, 623, 125, 463]), set([897, 786, 917, 806, 534, 542]), set([897, 786, 933, 806, 542, 750]), set([144, 546, 564, 934, 328, 285]), set([50, 164, 69, 937, 45, 191]), set([768, 721, 723, 664, 749, 942]), set([405, 312, 267, 316, 381, 943]), set([866, 613, 810, 818, 642, 946]), set([548, 949, 807, 744, 682, 846]), set([432, 897, 786, 428, 957, 750]), set([961, 386, 502, 394, 492, 301]), set([546, 564, 328, 971, 285, 175]), set([897, 563, 534, 806, 972, 750]), set([835, 886, 902, 839, 940, 899]), set([208, 35, 853, 184, 170, 861]), set([725, 783, 797, 862, 727]), set([568, 616, 626, 685, 871]), set([432, 897, 786, 806, 873]), set([432, 897, 876, 806, 750]), set([48, 880, 74, 44, 95]), set([156, 907, 292, 189, 279]), set([473, 426, 427, 909, 366]), set([386, 492, 301, 502, 910]), set([913, 226, 249, 274, 329]), set([986, 987, 586, 999]), set([944, 954, 621, 981]), set([648, 209, 130, 167]), set([656, 969, 970, 996]), set([120, 546, 683, 564]), set([763, 703, 662, 687]), set([696, 516, 134, 159]), set([896, 906, 890, 733]), set([737, 491, 796, 846]), set([922, 419, 903, 739]), set([256, 745, 282, 327]), set([164, 45, 758, 191]), set([530, 674, 766, 666]), set([113, 294, 238, 781]), set([96, 2, 788, 79]), set([800, 675, 574, 686])]
seeds_fitness [0.5503597122302158, 0.42902208201892744, 0.5240847784200385, 0.8823529411764706, 0.10880829015544041, 0.10880829015544041, 0.16279069767441862, 0.116991643454039, 0.15328467153284672, 0.08993576017130621, 0.11444141689373297, 0.0997624703087886, 0.09170305676855896, 0.17142857142857143, 0.14583333333333334, 0.08241758241758242, 0.08021390374331551, 0.15463917525773196, 0.1986754966887417, 0.10638297872340426, 0.16483516483516483, 0.10676156583629894, 0.08086253369272237, 0.06880733944954129, 0.13392857142857142, 0.136986301369863, 0.07211538461538461, 0.058091286307053944, 0.14, 0.07936507936507936, 0.11363636363636363, 0.06472491909385113, 0.06060606060606061, 0.15873015873015872, 0.14084507042253522, 0.12903225806451613, 0.10695187165775401, 0.14184397163120568, 0.03, 0.039603960396039604, 0.16216216216216217, 0.031088082901554404, 0.09302325581395349, 0.075, 0.0967741935483871, 0.041379310344827586, 0.04819277108433735, 0.04240282685512368, 0.12, 0.14814814814814814, 0.07453416149068323, 0.13333333333333333, 0.1188118811881188, 0.06857142857142857]
after sort list of tuple: [(3, 0.8823529411764706), (0, 0.5503597122302158), (2, 0.5240847784200385), (1, 0.42902208201892744), (18, 0.1986754966887417), (13, 0.17142857142857143), (20, 0.16483516483516483), (6, 0.16279069767441862), (40, 0.16216216216216217), (33, 0.15873015873015872), (17, 0.15463917525773196), (8, 0.15328467153284672), (49, 0.14814814814814814), (14, 0.14583333333333334), (37, 0.14184397163120568), (34, 0.14084507042253522), (28, 0.14), (25, 0.136986301369863), (24, 0.13392857142857142), (51, 0.13333333333333333), (35, 0.12903225806451613), (48, 0.12), (52, 0.1188118811881188), (7, 0.116991643454039), (10, 0.11444141689373297), (30, 0.11363636363636363), (4, 0.10880829015544041), (5, 0.10880829015544041), (36, 0.10695187165775401), (21, 0.10676156583629894), (19, 0.10638297872340426), (11, 0.0997624703087886), (44, 0.0967741935483871), (42, 0.09302325581395349), (12, 0.09170305676855896), (9, 0.08993576017130621), (15, 0.08241758241758242), (22, 0.08086253369272237), (16, 0.08021390374331551), (29, 0.07936507936507936), (43, 0.075), (50, 0.07453416149068323), (26, 0.07211538461538461), (23, 0.06880733944954129), (53, 0.06857142857142857), (31, 0.06472491909385113), (32, 0.06060606060606061), (27, 0.058091286307053944), (46, 0.04819277108433735), (47, 0.04240282685512368), (45, 0.041379310344827586), (39, 0.039603960396039604), (41, 0.031088082901554404), (38, 0.03)]
seeds_sorted [set([246, 37, 72, 201, 80, 278, 151, 283, 220, 31]), set([771, 965, 911, 785, 978, 915, 923, 925, 734, 607, 958, 877, 753, 979, 757, 634, 850, 963]), set([864, 774, 967, 887, 980, 982, 857, 860, 736, 929, 738, 869, 938, 947, 951, 893, 894]), set([838, 973, 661, 791, 921, 798, 927, 928, 868, 741, 870, 936, 945, 756, 926, 889, 821]), set([50, 164, 69, 937, 45, 191]), set([216, 405, 998, 312, 267, 316, 381]), set([405, 312, 267, 316, 381, 943]), set([481, 594, 472, 984, 553, 235, 557]), set([648, 209, 130, 167]), set([48, 880, 74, 44, 95]), set([144, 546, 564, 934, 328, 285]), set([578, 485, 614, 600, 539, 380, 989]), set([164, 45, 758, 191]), set([1000, 516, 247, 488, 623, 125, 463]), set([913, 226, 249, 274, 329]), set([156, 907, 292, 189, 279]), set([208, 35, 853, 184, 170, 861]), set([546, 564, 328, 971, 285, 175]), set([961, 386, 502, 394, 492, 301]), set([113, 294, 238, 781]), set([473, 426, 427, 909, 366]), set([256, 745, 282, 327]), set([96, 2, 788, 79]), set([784, 900, 856, 985, 844, 717, 892]), set([993, 754, 773, 793, 828, 702, 671]), set([568, 616, 626, 685, 871]), set([896, 882, 731, 746, 955, 890, 906]), set([416, 466, 597, 903, 713, 922, 959]), set([386, 492, 301, 502, 910]), set([866, 613, 810, 818, 642, 946]), set([768, 721, 723, 664, 749, 942]), set([994, 875, 916, 658, 843, 914, 895]), set([696, 516, 134, 159]), set([120, 546, 683, 564]), set([897, 786, 563, 997, 806, 534, 542]), set([897, 563, 534, 155, 428, 750, 991]), set([897, 786, 917, 806, 534, 542]), set([548, 949, 807, 744, 682, 846]), set([897, 786, 933, 806, 542, 750]), set([725, 783, 797, 862, 727]), set([763, 703, 662, 687]), set([530, 674, 766, 666]), set([897, 563, 534, 806, 972, 750]), set([432, 897, 786, 428, 957, 750]), set([800, 675, 574, 686]), set([432, 897, 786, 806, 873]), set([432, 897, 876, 806, 750]), set([835, 886, 902, 839, 940, 899]), set([737, 491, 796, 846]), set([922, 419, 903, 739]), set([896, 906, 890, 733]), set([944, 954, 621, 981]), set([656, 969, 970, 996]), set([986, 987, 586, 999])]
args__________ ([set([246, 37, 72, 201, 80, 278, 151, 283, 220, 31]), set([986, 987, 586, 999])],)
args__________ ([set([771, 965, 911, 785, 978, 915, 923, 925, 734, 607, 958, 877, 753, 979, 757, 634, 850, 963]), set([656, 969, 970, 996])],)
args__________ ([set([864, 774, 967, 887, 980, 982, 857, 860, 736, 929, 738, 869, 938, 947, 951, 893, 894]), set([944, 954, 621, 981])],)
args__________ ([set([838, 973, 661, 791, 921, 798, 927, 928, 868, 741, 870, 936, 945, 756, 926, 889, 821]), set([896, 906, 890, 733])],)
args__________ ([set([50, 164, 69, 937, 45, 191]), set([922, 419, 903, 739])],)
args__________ ([set([216, 405, 998, 312, 267, 316, 381]), set([737, 491, 796, 846])],)
args__________ ([set([405, 312, 267, 316, 381, 943]), set([835, 886, 902, 839, 940, 899])],)
args__________ ([set([481, 594, 472, 984, 553, 235, 557]), set([432, 897, 876, 806, 750])],)
args__________ ([set([648, 209, 130, 167]), set([432, 897, 786, 806, 873])],)
args__________ ([set([48, 880, 74, 44, 95]), set([800, 675, 574, 686])],)
args__________ ([set([144, 546, 564, 934, 328, 285]), set([432, 897, 786, 428, 957, 750])],)
args__________ ([set([578, 485, 614, 600, 539, 380, 989]), set([897, 563, 534, 806, 972, 750])],)
args__________ ([set([164, 45, 758, 191]), set([530, 674, 766, 666])],)
args__________ ([set([1000, 516, 247, 488, 623, 125, 463]), set([763, 703, 662, 687])],)
args__________ ([set([913, 226, 249, 274, 329]), set([725, 783, 797, 862, 727])],)
args__________ ([set([156, 907, 292, 189, 279]), set([897, 786, 933, 806, 542, 750])],)
args__________ ([set([208, 35, 853, 184, 170, 861]), set([548, 949, 807, 744, 682, 846])],)
args__________ ([set([546, 564, 328, 971, 285, 175]), set([897, 786, 917, 806, 534, 542])],)
args__________ ([set([961, 386, 502, 394, 492, 301]), set([897, 563, 534, 155, 428, 750, 991])],)
args__________ ([set([113, 294, 238, 781]), set([897, 786, 563, 997, 806, 534, 542])],)
args__________ ([set([473, 426, 427, 909, 366]), set([120, 546, 683, 564])],)
args__________ ([set([256, 745, 282, 327]), set([696, 516, 134, 159])],)
args__________ ([set([96, 2, 788, 79])],)
args__________ ([set([784, 900, 856, 985, 844, 717, 892])],)
args__________ ([set([993, 754, 773, 793, 828, 702, 671])],)
args__________ ([set([568, 616, 626, 685, 871])],)
args__________ ([set([896, 882, 731, 746, 955, 890, 906])],)
args__________ ([set([416, 466, 597, 903, 713, 922, 959])],)
args__________ ([set([386, 492, 301, 502, 910])],)
args__________ ([set([866, 613, 810, 818, 642, 946])],)
args__________ ([set([768, 721, 723, 664, 749, 942])],)
args__________ ([set([994, 875, 916, 658, 843, 914, 895])],)
finish process___________________
left nodes numner:_______ 470
sorted nodes by betweenness [1, 3, 5, 7, 8, 11, 12, 14, 16, 18, 27, 29, 30, 32, 34, 38, 40, 43, 52, 55, 56, 57, 59, 60, 63, 64, 65, 66, 67, 71, 75, 78, 81, 85, 86, 87, 88, 90, 91, 92, 97, 98, 99, 102, 103, 106, 108, 109, 110, 111, 112, 115, 116, 117, 118, 124, 126, 127, 129, 131, 132, 133, 136, 139, 140, 142, 146, 154, 158, 162, 166, 168, 169, 176, 177, 179, 182, 183, 185, 186, 187, 188, 190, 192, 194, 197, 198, 200, 205, 210, 211, 212, 213, 214, 218, 219, 221, 224, 225, 228, 231, 233, 234, 236, 237, 239, 240, 241, 242, 244, 245, 254, 255, 257, 258, 259, 260, 262, 263, 264, 268, 269, 271, 273, 276, 280, 281, 287, 289, 290, 295, 296, 297, 298, 299, 300, 302, 303, 304, 305, 307, 308, 309, 310, 311, 313, 314, 319, 320, 323, 326, 331, 332, 333, 339, 340, 345, 348, 349, 351, 352, 353, 354, 355, 356, 357, 358, 360, 363, 364, 367, 369, 370, 371, 373, 374, 375, 378, 379, 382, 383, 385, 387, 389, 390, 391, 392, 395, 397, 398, 400, 401, 402, 404, 406, 407, 408, 409, 410, 411, 412, 413, 414, 417, 420, 421, 422, 425, 430, 434, 435, 437, 438, 439, 440, 442, 444, 448, 449, 450, 451, 452, 453, 455, 457, 458, 459, 460, 461, 462, 465, 467, 468, 470, 471, 474, 475, 476, 477, 478, 479, 480, 482, 484, 486, 490, 493, 494, 495, 496, 497, 499, 500, 501, 503, 505, 507, 511, 512, 514, 515, 519, 522, 523, 524, 526, 527, 528, 531, 532, 536, 537, 538, 540, 541, 543, 544, 545, 550, 554, 556, 558, 560, 566, 567, 569, 570, 571, 573, 575, 577, 579, 581, 582, 583, 584, 585, 587, 588, 589, 590, 592, 593, 598, 599, 602, 603, 604, 605, 606, 608, 611, 615, 619, 620, 622, 624, 625, 627, 628, 630, 631, 632, 633, 635, 636, 638, 640, 641, 643, 644, 645, 646, 647, 651, 652, 653, 654, 655, 657, 659, 663, 667, 673, 676, 677, 688, 689, 690, 691, 692, 693, 694, 695, 697, 698, 699, 701, 704, 707, 708, 710, 711, 714, 715, 716, 718, 719, 720, 722, 724, 726, 728, 729, 730, 732, 735, 743, 748, 755, 759, 760, 761, 762, 764, 765, 767, 769, 770, 772, 775, 777, 778, 779, 780, 782, 790, 792, 794, 795, 799, 801, 802, 804, 805, 812, 814, 815, 817, 819, 820, 822, 824, 826, 829, 832, 833, 834, 836, 837, 840, 841, 842, 845, 847, 848, 849, 851, 855, 859, 863, 865, 867, 872, 874, 879, 881, 884, 885, 888, 891, 898, 904, 905, 912, 918, 919, 920, 924, 930, 931, 935, 939, 941, 948, 950, 952, 953, 956, 960, 962, 964, 966, 975, 976, 983, 988, 990, 992, 995]
args__________ ([[1, 355, 646, 519, 493, 690, 532, 438, 237]],)
args__________ ([[3, 912, 992, 995, 904, 924, 879, 988, 990, 855]],)
args__________ ([[5, 662, 763]],)
args__________ ([[7, 389, 357, 296, 500, 606, 593, 66]],)
args__________ ([[8, 34, 40, 81, 30, 38, 103]],)
args__________ ([[11, 760, 836, 777, 841, 824, 849, 762, 845, 765]],)
args__________ ([[12, 385, 354, 228, 582, 499, 124, 503, 308, 566, 511]],)
args__________ ([[14, 67, 136, 218, 99, 131]],)
args__________ ([[16, 478, 716, 554, 780, 540, 468, 653, 430, 638]],)
args__________ ([[18, 577, 720, 673, 560, 792, 641, 743, 599]],)
args__________ ([[27, 129, 268, 303, 118, 378, 187, 313, 200]],)
args__________ ([[7, 389, 357, 296, 500, 606, 29, 298]],)
args__________ ([[8, 34, 40, 81, 30, 38, 103]],)
args__________ ([[32, 996, 970]],)
args__________ ([[8, 34, 40, 81, 30, 38, 103]],)
args__________ ([[8, 34, 40, 81, 30, 38, 103]],)
args__________ ([[8, 34, 40, 81, 30, 38, 103]],)
args__________ ([[43, 65, 259, 142, 112, 177, 57, 90, 186]],)
args__________ ([[52, 833, 707, 585, 779, 567, 571, 819, 620, 815]],)
args__________ ([[55, 355, 646, 519, 493, 690, 532, 237, 245, 438]],)
args__________ ([[56, 448, 449, 392, 234, 636, 395, 467, 300, 382]],)
args__________ ([[43, 65, 259, 142, 112, 177, 57, 90, 186]],)
args__________ ([[59, 874, 619, 755, 884, 732, 698, 692, 829, 471]],)
args__________ ([[999, 60, 986]],)
args__________ ([[1, 355, 646, 519, 493, 690, 532, 438, 63]],)
args__________ ([[64, 391, 236, 528, 592, 383, 340, 406, 225]],)
args__________ ([[43, 65, 259, 142, 112, 177, 57, 90, 186]],)
args__________ ([[7, 389, 357, 296, 500, 606, 593, 66]],)
args__________ ([[14, 67, 136, 218, 99, 131]],)
args__________ ([[71, 865, 859, 772, 805, 795, 691, 767, 812, 919]],)
args__________ ([[999, 987, 75]],)
args__________ ([[78, 544, 630, 714, 587, 474, 764, 461, 693, 310]],)
finish single seed process___________________
left nodes numner:_______ 243
sorted nodes by betweenness [86, 91, 98, 102, 108, 110, 111, 115, 116, 117, 127, 133, 146, 154, 162, 166, 168, 169, 176, 179, 182, 194, 198, 210, 211, 212, 213, 221, 231, 239, 240, 242, 254, 258, 260, 262, 263, 273, 276, 290, 295, 299, 302, 304, 305, 311, 314, 319, 320, 323, 326, 331, 332, 333, 339, 345, 348, 349, 351, 352, 353, 356, 358, 360, 364, 367, 369, 371, 373, 374, 375, 379, 387, 390, 398, 400, 404, 407, 408, 410, 411, 412, 413, 414, 420, 421, 425, 434, 435, 437, 439, 440, 442, 444, 450, 452, 453, 455, 457, 458, 459, 460, 462, 465, 470, 475, 476, 479, 480, 482, 484, 486, 490, 494, 495, 496, 497, 505, 507, 514, 522, 523, 524, 526, 527, 531, 536, 537, 541, 543, 545, 550, 556, 558, 569, 570, 573, 575, 579, 581, 583, 584, 588, 589, 590, 598, 602, 603, 604, 605, 608, 611, 615, 622, 624, 625, 627, 628, 631, 633, 640, 643, 645, 647, 651, 652, 654, 655, 657, 659, 663, 667, 676, 677, 688, 689, 694, 697, 701, 704, 708, 710, 711, 715, 724, 726, 728, 730, 735, 748, 759, 761, 769, 770, 775, 778, 782, 790, 794, 799, 801, 802, 804, 814, 820, 822, 826, 832, 834, 837, 840, 842, 847, 848, 851, 863, 867, 872, 881, 885, 888, 891, 898, 905, 918, 920, 930, 931, 935, 939, 941, 948, 950, 952, 953, 956, 960, 962, 964, 966, 975, 976, 983]
args__________ ([[86, 353, 694, 581, 375, 657, 407, 726, 622, 735]],)
args__________ ([[91, 608, 640, 522, 339, 570, 356, 348, 476]],)
args__________ ([[98, 898, 867, 931, 935, 952, 881, 953, 948, 975]],)
args__________ ([[102, 647, 556, 490, 651, 625, 628, 663, 652, 495]],)
args__________ ([[108, 802, 710, 550, 778, 590, 728, 730, 799, 701, 847]],)
args__________ ([[110, 897, 786]],)
args__________ ([[111, 866, 818]],)
args__________ ([[115, 608, 640, 450, 522, 570, 260, 276]],)
args__________ ([[116, 400, 387, 358, 425, 624, 531, 117, 413, 414]],)
args__________ ([[116, 400, 387, 358, 425, 624, 531, 117, 413, 414]],)
args__________ ([[127, 353, 694, 581, 407, 657, 375, 726, 622, 735]],)
args__________ ([[133, 198, 231, 314, 295, 221, 302, 239]],)
args__________ ([[146, 258, 194, 211, 523, 304, 440, 273, 435, 182, 479]],)
args__________ ([[154, 832, 615, 711, 842, 848, 888, 633, 826, 885, 863]],)
args__________ ([[162, 545, 484, 627, 655, 697, 444, 588, 373, 367]],)
args__________ ([[166, 802, 710, 550, 778, 590, 728, 730, 799, 701, 847]],)
args__________ ([[168, 557, 594]],)
args__________ ([[169, 996, 970]],)
args__________ ([[176, 832, 615, 711, 842, 848, 888, 633, 826, 885, 863]],)
args__________ ([[179, 545, 333, 398, 655, 444, 697, 627, 484]],)
args__________ ([[146, 258, 194, 211, 523, 304, 440, 273, 435, 182, 479]],)
args__________ ([[146, 258, 194, 211, 523, 304, 440, 273, 435, 182, 479]],)
args__________ ([[133, 198, 231, 314, 295, 221, 302, 239]],)
args__________ ([[210, 896, 906]],)
args__________ ([[146, 258, 194, 211, 523, 304, 440, 273, 435, 182, 479]],)
args__________ ([[212, 647, 457, 556, 490, 651, 625, 628, 663, 652, 495]],)
args__________ ([[213, 608, 640, 450, 348, 345, 522, 570, 339, 476]],)
args__________ ([[133, 198, 231, 314, 295, 221, 302, 239]],)
args__________ ([[133, 198, 231, 314, 295, 221, 302, 239]],)
args__________ ([[133, 198, 231, 314, 295, 221, 302, 239]],)
args__________ ([[966, 976, 240]],)
args__________ ([[242, 802, 710, 550, 778, 590, 728, 730, 799, 701, 847]],)
finish single seed process___________________
left nodes numner:_______ 72
sorted nodes by betweenness [262, 263, 290, 305, 323, 326, 331, 332, 349, 351, 360, 371, 379, 390, 404, 411, 421, 434, 439, 442, 452, 453, 460, 462, 465, 470, 475, 480, 486, 494, 505, 507, 514, 526, 527, 536, 558, 569, 573, 575, 579, 583, 584, 589, 602, 603, 611, 645, 659, 667, 676, 677, 688, 689, 715, 724, 748, 759, 769, 770, 775, 790, 801, 814, 820, 840, 851, 872, 905, 920, 939, 956]
args__________ ([[262, 611, 507, 453, 677, 526, 494, 689, 659, 667, 573, 527]],)
args__________ ([[263, 801, 676, 775, 715, 748, 920, 820, 602, 603, 724]],)
args__________ ([[131, 218, 290]],)
args__________ ([[305, 866, 818]],)
args__________ ([[323, 769, 770, 326, 645, 486, 688, 569, 470, 390, 583]],)
args__________ ([[323, 769, 770, 326, 645, 486, 688, 569, 470, 390, 583]],)
args__________ ([[331, 976, 983]],)
args__________ ([[332, 896, 906]],)
args__________ ([[349, 897, 750]],)
args__________ ([[351, 801, 676, 775, 715, 748, 920, 724, 602, 603, 820]],)
args__________ ([[6, 292, 360]],)
args__________ ([[503, 582, 371]],)
args__________ ([[382, 636, 379]],)
args__________ ([[323, 769, 770, 326, 645, 486, 688, 569, 470, 390, 583]],)
args__________ ([[256, 327, 404]],)
args__________ ([[411, 896, 906]],)
args__________ ([[316, 405, 421]],)
args__________ ([[434, 480, 611, 507, 453, 677, 689, 526, 494, 465, 659, 667, 573, 527]],)
args__________ ([[439, 866, 810]],)
args__________ ([[442, 768, 749]],)
args__________ ([[452, 944, 954, 981]],)
args__________ ([[434, 480, 611, 507, 453, 677, 689, 526, 494, 465, 659, 667, 573, 527]],)
args__________ ([[460, 768, 749]],)
args__________ ([[462, 674, 666]],)
args__________ ([[434, 480, 611, 507, 453, 677, 689, 526, 494, 465, 659, 667, 573, 527]],)
args__________ ([[323, 769, 770, 326, 645, 486, 688, 569, 470, 390, 583]],)
args__________ ([[475, 614, 539]],)
args__________ ([[434, 480, 611, 507, 453, 677, 689, 526, 494, 465, 659, 667, 573, 527]],)
args__________ ([[323, 769, 770, 326, 645, 486, 688, 569, 470, 390, 583]],)
args__________ ([[434, 480, 611, 507, 453, 677, 689, 526, 494, 465, 659, 667, 573, 527]],)
args__________ ([[492, 502, 505]],)
args__________ ([[434, 480, 611, 507, 453, 677, 689, 526, 494, 465, 659, 667, 573, 527]],)
finish single seed process___________________
left nodes numner:_______ 16
sorted nodes by betweenness [514, 536, 558, 575, 579, 584, 589, 759, 790, 814, 840, 851, 872, 905, 939, 956]
args__________ ([[514, 770, 769]],)
args__________ ([[536, 896, 906]],)
args__________ ([[558, 768, 749]],)
args__________ ([[197, 378, 575]],)
args__________ ([[579, 914, 916, 861]],)
args__________ ([[584, 976, 964, 983]],)
args__________ ([[589, 897, 806]],)
args__________ ([[45, 191, 164, 759]],)
args__________ ([[426, 473, 427, 790]],)
args__________ ([[113, 294, 238, 135, 814]],)
args__________ ([[899, 902, 940, 886, 840]],)
args__________ ([[203, 807, 796, 846, 851]],)
args__________ ([[267, 405, 316, 381, 872]],)
args__________ ([[645, 770, 769, 688, 905]],)
args__________ ([[883, 899, 902, 940, 886, 939]],)
args__________ ([[25, 292, 174, 279, 189, 956]],)
finish single seed process___________________
i =  0 [246, 37, 72, 201, 80, 278, 151, 283, 220, 31]
i =  1 [901, 787, 20, 789, 670, 517, 547, 811, 813, 823, 825, 827, 576, 706, 968, 586, 974, 977, 986, 987, 359, 489, 999, 751, 752, 121]
i =  2 [757, 161, 771, 958, 965, 785, 424, 877, 911, 753, 978, 915, 979, 533, 963, 634, 923, 850, 925, 734, 607]
i =  3 [705, 809, 996, 393, 970, 747, 429, 46, 656, 969, 932, 816, 223]
i =  4 [864, 736, 738, 869, 774, 967, 938, 887, 325, 336, 947, 980, 982, 951, 857, 26, 860, 893, 894, 929]
i =  5 [388, 742, 551, 908, 138, 396, 621, 944, 529, 858, 595, 852, 981, 954, 637]
i =  6 [384, 513, 145, 660, 661, 791, 921, 798, 927, 928, 803, 926, 936, 681, 945, 821, 700, 61, 672, 838, 199, 202, 973, 740, 483, 868, 741, 870, 618, 680, 756, 629, 889]
i =  7 [896, 520, 617, 906, 107, 882, 746, 559, 368, 82, 149, 215, 344, 890, 731, 572, 733]
i =  8 [164, 69, 937, 45, 50, 324, 191]
i =  9 [416, 291, 903, 456, 713, 365, 270, 466, 419, 105, 597, 739, 922]
i =  10 [230, 998, 265, 267, 216, 51, 405, 312, 316, 381]
i =  11 [737, 203, 548, 293, 423, 744, 668, 682, 491, 101, 846, 399, 807, 178, 504, 347, 796, 415]
i =  12 [230, 265, 267, 943, 216, 51, 405, 312, 316, 381]
i =  13 [899, 902, 776, 940, 665, 808, 684, 830, 831, 835, 580, 709, 839, 207, 854, 601, 591, 610, 487, 878, 883, 886, 506]
i =  14 [481, 4, 553, 235, 557, 334, 272, 472, 594, 984]
i =  15 [897, 806, 876, 428, 750, 432, 786, 563, 534, 155, 542]
i =  16 [33, 130, 167, 648, 73, 193, 209, 152, 153]
i =  17 [897, 806, 873, 428, 750, 432, 786, 563, 534, 155, 542]
i =  18 [880, 68, 74, 44, 48, 49, 58, 10, 95]
i =  19 [800, 321, 675, 232, 361, 266, 171, 686, 19, 372, 341, 342, 317, 574]
i =  20 [546, 934, 328, 76, 175, 144, 157, 564, 22, 120, 285]
i =  21 [897, 806, 428, 750, 432, 786, 563, 534, 155, 957, 542]
i =  22 [128, 578, 315, 485, 454, 418, 614, 15, 600, 539, 380, 989, 286]
i =  23 [897, 806, 972, 428, 750, 432, 786, 563, 534, 155, 542]
i =  24 [164, 69, 45, 50, 758, 191]
i =  25 [322, 195, 196, 518, 674, 173, 338, 403, 436, 766, 343, 666, 530, 94]
i =  26 [516, 134, 1000, 119, 463, 488, 148, 247, 623, 125, 159]
i =  27 [649, 330, 687, 84, 662, 376, 596, 346, 763, 508, 250, 703]
i =  28 [160, 226, 36, 261, 329, 206, 913, 274, 217, 249, 93]
i =  29 [227, 100, 229, 678, 552, 535, 13, 783, 712, 446, 725, 727, 248, 123, 797, 862, 469]
i =  30 [292, 6, 70, 907, 174, 279, 25, 156, 189, 62]
i =  31 [897, 933, 806, 428, 750, 432, 786, 563, 534, 155, 542]
i =  32 [35, 170, 47, 208, 853, 184, 89, 861]
i =  33 [203, 548, 293, 807, 744, 796, 682, 491, 846, 399, 178, 415, 949, 504, 423, 347, 668, 101]
i =  34 [546, 328, 971, 76, 175, 144, 157, 564, 22, 120, 285]
i =  35 [897, 806, 428, 750, 432, 786, 563, 917, 534, 155, 542]
i =  36 [961, 386, 54, 41, 394, 492, 301, 204, 502, 252, 350]
i =  37 [897, 806, 428, 750, 432, 786, 563, 534, 155, 542, 991]
i =  38 [163, 294, 135, 781, 238, 113, 53]
i =  39 [897, 997, 806, 428, 750, 432, 786, 563, 534, 155, 542]
i =  40 [147, 426, 427, 909, 366, 141, 83, 150, 23, 473, 143]
i =  41 [546, 285, 328, 683, 76, 175, 144, 564, 22, 120, 157]
i =  42 [256, 327, 745, 172, 114, 180, 277, 284, 137, 282, 28]
i =  43 [516, 134, 488, 247, 463, 148, 119, 696, 623, 125, 159]
i =  44 [96, 2, 39, 9, 77, 79, 17, 788, 21, 24]
i =  45 [900, 555, 844, 717, 784, 337, 306, 498, 856, 985, 892, 447]
i =  46 [288, 993, 549, 679, 335, 433, 754, 773, 561, 793, 828, 702, 671]
i =  47 [165, 871, 616, 275, 685, 525, 626, 243, 568, 377, 443, 253, 510]
i =  48 [896, 955, 520, 617, 746, 107, 882, 559, 368, 82, 149, 215, 344, 890, 731, 572, 906]
i =  49 [416, 291, 903, 456, 713, 365, 270, 466, 419, 597, 105, 922, 959]
i =  50 [386, 54, 41, 394, 492, 301, 910, 204, 502, 252, 350]
i =  51 [609, 866, 613, 104, 810, 642, 431, 818, 562, 181, 251, 42, 946]
i =  52 [768, 669, 612, 521, 650, 749, 942, 509, 721, 723, 664, 122, 445, 318, 639]
i =  53 [994, 875, 294, 135, 362, 843, 658, 238, 464, 113, 914, 163, 916, 565, 441, 53, 222, 895]
i =  54 [1, 355, 646, 519, 493, 237, 690, 532, 245, 438, 55, 205, 63]
i =  55 [992, 3, 904, 988, 397, 879, 912, 817, 995, 855, 635, 924, 990]
i =  56 [5, 649, 330, 84, 662, 376, 596, 346, 763, 508, 250, 703]
i =  57 [66, 357, 7, 296, 233, 298, 593, 500, 219, 29, 606, 389]
i =  58 [34, 38, 103, 8, 81, 40, 30]
i =  59 [760, 87, 836, 632, 777, 11, 140, 845, 841, 765, 849, 307, 280, 501, 695, 824, 132, 538, 762, 126]
i =  60 [385, 354, 228, 582, 12, 499, 308, 566, 503, 88, 124, 511]
i =  61 [99, 131, 136, 14, 67, 218]
i =  62 [158, 716, 554, 780, 653, 430, 16, 468, 478, 540, 638]
i =  63 [409, 577, 422, 743, 297, 106, 363, 720, 18, 560, 599, 792, 641, 281, 673]
i =  64 [129, 187, 197, 97, 200, 268, 303, 264, 118, 313, 378, 27]
i =  65 [66, 357, 7, 296, 233, 298, 593, 500, 219, 29, 606, 389]
i =  66 [34, 38, 103, 8, 81, 40, 30]
i =  67 [32, 705, 996, 393, 970, 747, 429, 46, 816, 969, 809, 932, 223]
i =  68 [34, 38, 103, 8, 81, 40, 30]
i =  69 [34, 38, 103, 8, 81, 40, 30]
i =  70 [34, 38, 103, 8, 81, 40, 30]
i =  71 [65, 259, 43, 142, 112, 177, 57, 90, 186]
i =  72 [833, 707, 585, 779, 620, 269, 815, 271, 515, 244, 567, 52, 571, 477, 819]
i =  73 [1, 355, 646, 519, 493, 237, 690, 532, 245, 438, 55, 205, 63]
i =  74 [448, 449, 392, 234, 395, 300, 467, 190, 56, 636, 382]
i =  75 [65, 259, 43, 142, 112, 177, 57, 90, 186]
i =  76 [512, 257, 451, 92, 874, 619, 401, 402, 755, 884, 471, 692, 698, 59, 732, 829]
i =  77 [901, 787, 20, 789, 670, 517, 547, 811, 813, 823, 825, 827, 60, 576, 706, 968, 974, 977, 986, 987, 359, 489, 999, 751, 752, 121]
i =  78 [1, 355, 646, 519, 493, 237, 690, 532, 245, 438, 55, 205, 63]
i =  79 [64, 225, 289, 391, 139, 236, 224, 528, 340, 406, 592, 188, 383]
i =  80 [65, 259, 43, 142, 112, 177, 57, 90, 186]
i =  81 [66, 357, 7, 296, 233, 298, 593, 500, 219, 29, 606, 389]
i =  82 [99, 131, 136, 14, 67, 218]
i =  83 [772, 919, 644, 795, 417, 805, 812, 691, 309, 185, 699, 192, 71, 718, 719, 722, 85, 729, 859, 865, 241, 370, 255, 767]
i =  84 [131, 901, 136, 14, 787, 20, 789, 218, 670, 517, 547, 170, 811, 813, 47, 823, 184, 825, 827, 576, 706, 67, 968, 75, 974, 208, 977, 35, 214, 89, 986, 987, 99, 999, 489, 359, 751, 752, 121]
i =  85 [544, 310, 714, 587, 461, 78, 109, 693, 630, 183, 474, 764, 287]
i =  86 [353, 581, 407, 622, 726, 657, 694, 375, 127, 86, 735]
i =  87 [608, 640, 450, 115, 356, 260, 476, 522, 339, 276, 213, 345, 570, 91, 348]
i =  88 [98, 931, 708, 598, 935, 458, 524, 482, 975, 496, 497, 867, 948, 374, 631, 952, 953, 834, 898, 881]
i =  89 [651, 420, 102, 647, 457, 490, 299, 652, 495, 625, 628, 663, 212, 410, 556]
i =  90 [802, 710, 550, 778, 108, 590, 847, 408, 242, 728, 730, 166, 701, 254, 799]
i =  91 [897, 806, 428, 110, 432, 786, 563, 750, 534, 155, 542]
i =  92 [609, 866, 613, 104, 42, 818, 111, 562, 431, 181, 642, 251, 810]
i =  93 [608, 640, 450, 260, 339, 356, 522, 476, 115, 276, 213, 345, 570, 91, 348]
i =  94 [624, 387, 358, 425, 400, 531, 116, 117, 413, 414]
i =  95 [624, 387, 358, 425, 400, 531, 116, 117, 413, 414]
i =  96 [353, 581, 375, 622, 726, 657, 694, 407, 735, 86, 127]
i =  97 [133, 198, 295, 231, 302, 239, 314, 221]
i =  98 [194, 523, 258, 304, 273, 146, 211, 182, 440, 435, 479]
i =  99 [832, 176, 711, 604, 842, 459, 848, 885, 888, 633, 154, 543, 412, 826, 615, 863]
i =  100 [545, 162, 484, 179, 588, 333, 398, 655, 627, 373, 311, 697, 367, 444]
i =  101 [802, 710, 550, 778, 108, 590, 847, 408, 242, 728, 730, 799, 701, 254, 166]
i =  102 [481, 4, 168, 553, 235, 557, 334, 272, 594, 472]
i =  103 [32, 705, 809, 996, 169, 970, 747, 429, 46, 816, 969, 393, 932, 223]
i =  104 [832, 848, 711, 604, 842, 459, 176, 885, 888, 633, 826, 543, 412, 154, 615, 863]
i =  105 [627, 545, 162, 484, 588, 333, 398, 655, 179, 373, 311, 697, 367, 444]
i =  106 [194, 523, 258, 304, 273, 146, 211, 182, 440, 435, 479]
i =  107 [194, 523, 258, 304, 273, 146, 211, 182, 440, 435, 479]
i =  108 [133, 198, 295, 231, 302, 239, 314, 221]
i =  109 [896, 520, 617, 906, 107, 82, 882, 559, 368, 210, 149, 215, 344, 890, 731, 572, 746]
i =  110 [194, 523, 258, 304, 273, 146, 211, 182, 440, 435, 479]
i =  111 [299, 420, 102, 647, 457, 490, 651, 652, 495, 625, 212, 663, 628, 410, 556]
i =  112 [608, 640, 450, 115, 356, 260, 476, 522, 339, 276, 213, 345, 570, 91, 348]
i =  113 [133, 198, 295, 231, 302, 239, 314, 221]
i =  114 [133, 198, 295, 231, 302, 239, 314, 221]
i =  115 [133, 198, 295, 231, 302, 239, 314, 221]
i =  116 [960, 643, 782, 918, 537, 794, 704, 541, 930, 804, 941, 437, 822, 319, 320, 962, 964, 837, 966, 455, 976, 654, 214, 983, 605, 352, 364, 111, 240, 369, 950, 761, 891]
i =  117 [802, 710, 550, 778, 108, 590, 847, 408, 242, 728, 730, 166, 701, 254, 799]
i =  118 [480, 611, 677, 262, 465, 526, 527, 689, 434, 659, 494, 667, 507, 573, 453]
i =  119 [263, 801, 676, 775, 715, 748, 820, 920, 724, 602, 603, 351]
i =  120 [290, 99, 131, 136, 14, 67, 218]
i =  121 [609, 866, 613, 104, 42, 562, 431, 305, 818, 181, 642, 251, 810]
i =  122 [769, 770, 323, 645, 326, 583, 486, 688, 470, 569, 390]
i =  123 [769, 770, 323, 645, 326, 583, 486, 688, 470, 569, 390]
i =  124 [352, 960, 962, 643, 804, 455, 331, 941, 782, 111, 976, 369, 437, 214, 983, 240, 537, 964, 541, 319]
i =  125 [896, 520, 617, 906, 107, 332, 882, 559, 368, 82, 149, 215, 344, 890, 731, 572, 746]
i =  126 [897, 806, 428, 750, 432, 786, 563, 534, 155, 349, 542]
i =  127 [263, 801, 676, 775, 715, 748, 724, 920, 820, 602, 603, 351]
i =  128 [292, 6, 70, 360, 174, 279, 25, 156, 189, 62]
i =  129 [385, 354, 228, 582, 12, 499, 371, 308, 566, 503, 88, 124, 511]
i =  130 [448, 449, 392, 234, 395, 300, 467, 190, 56, 379, 636, 382]
i =  131 [769, 770, 323, 645, 326, 583, 486, 688, 470, 569, 390]
i =  132 [256, 327, 137, 172, 114, 404, 277, 284, 180, 282, 28]
i =  133 [896, 731, 520, 617, 906, 107, 882, 559, 368, 82, 149, 215, 344, 890, 411, 572, 746]
i =  134 [421, 230, 265, 267, 312, 51, 405, 216, 316, 381]
i =  135 [480, 611, 677, 262, 465, 526, 527, 689, 434, 659, 494, 667, 507, 573, 453]
i =  136 [609, 866, 613, 104, 42, 642, 431, 818, 562, 181, 439, 251, 810]
i =  137 [768, 669, 612, 521, 650, 749, 445, 721, 723, 664, 122, 442, 509, 318, 639]
i =  138 [452, 742, 551, 908, 138, 396, 944, 529, 858, 595, 852, 981, 388, 954, 637]
i =  139 [480, 611, 677, 262, 465, 526, 527, 689, 434, 659, 494, 667, 507, 573, 453]
i =  140 [768, 669, 612, 521, 650, 460, 749, 445, 721, 723, 664, 122, 509, 318, 639]
i =  141 [674, 195, 196, 518, 322, 462, 173, 338, 403, 436, 343, 666, 530, 94]
i =  142 [480, 611, 677, 262, 465, 526, 527, 689, 434, 659, 494, 667, 507, 573, 453]
i =  143 [769, 770, 323, 645, 326, 583, 486, 688, 470, 569, 390]
i =  144 [128, 418, 475, 454, 614, 578, 15, 600, 315, 539, 380, 286, 485]
i =  145 [480, 611, 677, 262, 465, 526, 527, 689, 434, 659, 494, 667, 507, 573, 453]
i =  146 [769, 770, 323, 645, 326, 583, 486, 688, 470, 569, 390]
i =  147 [480, 611, 677, 262, 465, 526, 527, 689, 434, 659, 494, 667, 507, 573, 453]
i =  148 [386, 502, 492, 394, 204, 301, 54, 41, 505, 252, 350]
i =  149 [480, 611, 677, 262, 465, 526, 527, 689, 434, 659, 494, 667, 507, 573, 453]
i =  150 [769, 514, 323, 326, 390, 583, 486, 770, 688, 470, 569, 645]
i =  151 [896, 520, 617, 906, 107, 882, 559, 368, 344, 82, 149, 215, 536, 890, 731, 572, 746]
i =  152 [768, 669, 612, 521, 650, 749, 558, 445, 721, 723, 664, 122, 509, 318, 639]
i =  153 [97, 27, 197, 129, 200, 268, 303, 264, 118, 313, 378, 187, 575]
i =  154 [208, 579, 875, 170, 843, 658, 47, 464, 914, 35, 916, 565, 89, 184, 441, 362, 861, 222, 895]
i =  155 [352, 960, 962, 643, 964, 455, 584, 941, 782, 976, 369, 804, 437, 983, 537, 541, 319]
i =  156 [897, 806, 428, 589, 750, 432, 786, 563, 534, 155, 542]
i =  157 [164, 69, 45, 50, 759, 191]
i =  158 [147, 150, 426, 427, 141, 366, 143, 83, 790, 23, 473]
i =  159 [163, 294, 135, 814, 113, 238, 53]
i =  160 [899, 902, 776, 940, 665, 808, 684, 830, 831, 580, 709, 840, 207, 854, 601, 591, 610, 487, 878, 883, 886, 506]
i =  161 [203, 548, 101, 807, 744, 668, 682, 491, 846, 399, 178, 851, 415, 504, 423, 347, 796, 293]
i =  162 [230, 872, 265, 267, 312, 51, 405, 216, 316, 381]
i =  163 [769, 770, 323, 645, 326, 583, 905, 486, 688, 470, 569, 390]
i =  164 [899, 902, 776, 940, 665, 808, 939, 684, 830, 831, 580, 709, 207, 854, 601, 591, 610, 487, 878, 883, 886, 506]
i =  165 [292, 6, 70, 156, 174, 279, 25, 956, 189, 62]
finish get all communities
complete deal_communities
commplete get_all_nature_community
----------------------------------The detection result is: 

all communities: 
i =  1 : [31, 37, 72, 80, 151, 201, 220, 246, 278, 283]
i =  2 : [161, 424, 533, 607, 634, 734, 753, 757, 771, 785, 850, 877, 911, 915, 923, 925, 958, 963, 965, 978, 979]
i =  3 : [26, 325, 336, 736, 738, 774, 857, 860, 864, 869, 887, 893, 894, 929, 938, 947, 951, 967, 980, 982]
i =  4 : [61, 145, 199, 202, 384, 483, 513, 618, 629, 660, 661, 672, 680, 681, 700, 740, 741, 756, 791, 798, 803, 821, 838, 868, 870, 889, 921, 926, 927, 928, 936, 945, 973]
i =  5 : [45, 50, 69, 164, 191, 324, 937]
i =  6 : [33, 73, 130, 152, 153, 167, 193, 209, 648]
i =  7 : [10, 44, 48, 49, 58, 68, 74, 95, 880]
i =  8 : [19, 171, 232, 266, 317, 321, 341, 342, 361, 372, 574, 675, 686, 800]
i =  9 : [45, 50, 69, 164, 191, 758]
i =  10 : [36, 93, 160, 206, 217, 226, 249, 261, 274, 329, 913]
i =  11 : [13, 100, 123, 227, 229, 248, 446, 469, 535, 552, 678, 712, 725, 727, 783, 797, 862]
i =  12 : [6, 25, 62, 70, 156, 174, 189, 279, 292, 907]
i =  13 : [35, 47, 89, 170, 184, 208, 853, 861]
i =  14 : [53, 113, 135, 163, 238, 294, 781]
i =  15 : [2, 9, 17, 21, 24, 39, 77, 79, 96, 788]
i =  16 : [306, 337, 447, 498, 555, 717, 784, 844, 856, 892, 900, 985]
i =  17 : [288, 335, 433, 549, 561, 671, 679, 702, 754, 773, 793, 828, 993]
i =  18 : [165, 243, 253, 275, 377, 443, 510, 525, 568, 616, 626, 685, 871]
i =  19 : [53, 113, 135, 163, 222, 238, 294, 362, 441, 464, 565, 658, 843, 875, 895, 914, 916, 994]
i =  20 : [1, 55, 63, 205, 237, 245, 355, 438, 493, 519, 532, 646, 690]
i =  21 : [3, 397, 635, 817, 855, 879, 904, 912, 924, 988, 990, 992, 995]
i =  22 : [7, 29, 66, 219, 233, 296, 298, 357, 389, 500, 593, 606]
i =  23 : [8, 30, 34, 38, 40, 81, 103]
i =  24 : [11, 87, 126, 132, 140, 280, 307, 501, 538, 632, 695, 760, 762, 765, 777, 824, 836, 841, 845, 849]
i =  25 : [16, 158, 430, 468, 478, 540, 554, 638, 653, 716, 780]
i =  26 : [18, 106, 281, 297, 363, 409, 422, 560, 577, 599, 641, 673, 720, 743, 792]
i =  27 : [43, 57, 65, 90, 112, 142, 177, 186, 259]
i =  28 : [52, 244, 269, 271, 477, 515, 567, 571, 585, 620, 707, 779, 815, 819, 833]
i =  29 : [59, 92, 257, 401, 402, 451, 471, 512, 619, 692, 698, 732, 755, 829, 874, 884]
i =  30 : [64, 139, 188, 224, 225, 236, 289, 340, 383, 391, 406, 528, 592]
i =  31 : [71, 85, 185, 192, 241, 255, 309, 370, 417, 644, 691, 699, 718, 719, 722, 729, 767, 772, 795, 805, 812, 859, 865, 919]
i =  32 : [78, 109, 183, 287, 310, 461, 474, 544, 587, 630, 693, 714, 764]
i =  33 : [86, 127, 353, 375, 407, 581, 622, 657, 694, 726, 735]
i =  34 : [91, 115, 213, 260, 276, 339, 345, 348, 356, 450, 476, 522, 570, 608, 640]
i =  35 : [98, 374, 458, 482, 496, 497, 524, 598, 631, 708, 834, 867, 881, 898, 931, 935, 948, 952, 953, 975]
i =  36 : [102, 212, 299, 410, 420, 457, 490, 495, 556, 625, 628, 647, 651, 652, 663]
i =  37 : [108, 166, 242, 254, 408, 550, 590, 701, 710, 728, 730, 778, 799, 802, 847]
i =  38 : [116, 117, 358, 387, 400, 413, 414, 425, 531, 624]
i =  39 : [133, 198, 221, 231, 239, 295, 302, 314]
i =  40 : [146, 182, 194, 211, 258, 273, 304, 435, 440, 479, 523]
i =  41 : [154, 176, 412, 459, 543, 604, 615, 633, 711, 826, 832, 842, 848, 863, 885, 888]
i =  42 : [162, 179, 311, 333, 367, 373, 398, 444, 484, 545, 588, 627, 655, 697]
i =  43 : [111, 214, 240, 319, 320, 352, 364, 369, 437, 455, 537, 541, 605, 643, 654, 704, 761, 782, 794, 804, 822, 837, 891, 918, 930, 941, 950, 960, 962, 964, 966, 976, 983]
i =  44 : [262, 434, 453, 465, 480, 494, 507, 526, 527, 573, 611, 659, 667, 677, 689]
i =  45 : [263, 351, 602, 603, 676, 715, 724, 748, 775, 801, 820, 920]
i =  46 : [14, 67, 99, 131, 136, 218, 290]
i =  47 : [6, 25, 62, 70, 156, 174, 189, 279, 292, 360]
i =  48 : [12, 88, 124, 228, 308, 354, 371, 385, 499, 503, 511, 566, 582]
i =  49 : [56, 190, 234, 300, 379, 382, 392, 395, 448, 449, 467, 636]
i =  50 : [27, 97, 118, 129, 187, 197, 200, 264, 268, 303, 313, 378, 575]
i =  51 : [35, 47, 89, 170, 184, 208, 222, 362, 441, 464, 565, 579, 658, 843, 861, 875, 895, 914, 916]
i =  52 : [45, 50, 69, 164, 191, 759]
i =  53 : [53, 113, 135, 163, 238, 294, 814]
i =  54 : [6, 25, 62, 70, 156, 174, 189, 279, 292, 956]
i =  55 : [32, 46, 169, 223, 393, 429, 656, 705, 747, 809, 816, 932, 969, 970, 996]
i =  56 : [138, 388, 396, 452, 529, 551, 595, 621, 637, 742, 852, 858, 908, 944, 954, 981]
i =  57 : [105, 270, 291, 365, 416, 419, 456, 466, 597, 713, 739, 903, 922, 959]
i =  58 : [4, 168, 235, 272, 334, 472, 481, 553, 557, 594, 984]
i =  59 : [15, 128, 286, 315, 380, 418, 454, 475, 485, 539, 578, 600, 614, 989]
i =  60 : [94, 173, 195, 196, 322, 338, 343, 403, 436, 462, 518, 530, 666, 674, 766]
i =  61 : [119, 125, 134, 148, 159, 247, 463, 488, 516, 623, 696, 1000]
i =  62 : [5, 84, 250, 330, 346, 376, 508, 596, 649, 662, 687, 703, 763]
i =  63 : [23, 83, 141, 143, 147, 150, 366, 426, 427, 473, 790, 909]
i =  64 : [28, 114, 137, 172, 180, 256, 277, 282, 284, 327, 404, 745]
i =  65 : [111, 214, 240, 319, 331, 352, 369, 437, 455, 537, 541, 584, 643, 782, 804, 941, 960, 962, 964, 976, 983]
i =  66 : [323, 326, 390, 470, 486, 514, 569, 583, 645, 688, 769, 770, 905]
i =  67 : [14, 20, 35, 47, 60, 67, 75, 89, 99, 121, 131, 136, 170, 184, 208, 214, 218, 359, 489, 517, 547, 576, 586, 670, 706, 751, 752, 787, 789, 811, 813, 823, 825, 827, 901, 968, 974, 977, 986, 987, 999]
i =  68 : [101, 178, 203, 293, 347, 399, 415, 423, 491, 504, 548, 668, 682, 737, 744, 796, 807, 846, 851, 949]
i =  69 : [207, 487, 506, 580, 591, 601, 610, 665, 684, 709, 776, 808, 830, 831, 835, 839, 840, 854, 878, 883, 886, 899, 902, 939, 940]
i =  70 : [22, 76, 120, 144, 157, 175, 285, 328, 546, 564, 683, 934, 971]
i =  71 : [41, 54, 204, 252, 301, 350, 386, 394, 492, 502, 505, 910, 961]
i =  72 : [51, 216, 230, 265, 267, 312, 316, 381, 405, 421, 872, 943, 998]
i =  73 : [42, 104, 111, 181, 251, 305, 431, 439, 562, 609, 613, 642, 810, 818, 866, 946]
i =  74 : [122, 318, 442, 445, 460, 509, 521, 558, 612, 639, 650, 664, 669, 721, 723, 749, 768, 942]
i =  75 : [82, 107, 149, 210, 215, 332, 344, 368, 411, 520, 536, 559, 572, 617, 731, 733, 746, 882, 890, 896, 906, 955]
i =  76 : [110, 155, 349, 428, 432, 534, 542, 563, 589, 750, 786, 806, 873, 876, 897, 917, 933, 957, 972, 991, 997]
overlapping nodes are:  [6, 14, 25, 35, 45, 47, 50, 53, 62, 67, 69, 70, 89, 99, 111, 113, 131, 135, 136, 156, 163, 164, 170, 174, 184, 189, 191, 208, 214, 218, 222, 238, 240, 279, 292, 294, 319, 352, 362, 369, 437, 441, 455, 464, 537, 541, 565, 643, 658, 782, 804, 843, 861, 875, 895, 914, 916, 941, 960, 962, 964, 976, 983] 
 NOO is:  63
total time is:  125.964441061
