lens of ground_truth:  26
ground_truth is: [[20, 30, 42, 55, 76, 81, 96, 99, 117, 125, 131, 152, 159, 162, 176, 216, 217, 233, 237, 250, 274, 285, 291, 315, 319, 349, 357, 373, 381, 384, 396, 399, 405, 445, 478, 484, 571, 603, 612, 651, 660, 668, 682, 726, 731, 757, 791, 798, 801, 815, 839, 866, 869, 883, 890, 926, 970, 978, 986, 993, 999], [16, 38, 52, 58, 75, 78, 79, 96, 97, 103, 135, 150, 155, 172, 180, 181, 186, 192, 216, 226, 241, 247, 263, 265, 275, 276, 285, 314, 315, 317, 349, 365, 386, 388, 393, 410, 413, 426, 434, 447, 448, 454, 455, 467, 500, 516, 533, 563, 581, 603, 622, 623, 625, 628, 632, 681, 684, 693, 703, 734, 738, 743, 754, 755, 767, 771, 782, 801, 840, 866, 874, 881, 896, 920, 925, 934, 935, 949, 951, 958, 977, 980, 992], [92, 109, 117, 119, 130, 143, 153, 167, 256, 270, 337, 346, 400, 446, 471, 585, 685, 717, 746, 786, 788, 974], [3, 5, 19, 35, 200, 215, 253, 302, 322, 331, 351, 395, 403, 522, 525, 573, 618, 636, 704, 817, 825], [37, 52, 79, 243, 267, 268, 294, 334, 372, 375, 419, 464, 474, 527, 539, 644, 669, 686, 756, 785, 820, 847, 863, 933], [30, 54, 81, 99, 122, 142, 174, 189, 200, 202, 204, 210, 213, 216, 235, 237, 251, 262, 276, 279, 339, 384, 391, 413, 421, 434, 479, 495, 506, 523, 557, 564, 567, 625, 672, 678, 751, 759, 805, 808, 819, 826, 844, 849, 853, 905, 928, 932, 933, 997, 1000], [5, 21, 64, 76, 91, 98, 99, 108, 142, 144, 157, 162, 200, 201, 207, 218, 233, 237, 238, 244, 276, 336, 341, 343, 383, 384, 412, 413, 434, 449, 451, 465, 475, 480, 485, 493, 504, 507, 538, 543, 551, 556, 562, 580, 598, 607, 611, 625, 637, 656, 742, 745, 789, 790, 793, 798, 831, 885, 898, 955, 965, 992, 994], [10, 49, 113, 120, 133, 136, 203, 220, 259, 363, 424, 462, 537, 576, 593, 597, 610, 615, 643, 659, 665, 784, 792, 870, 908, 916, 917, 923], [2, 15, 24, 41, 53, 61, 62, 74, 80, 102, 106, 114, 149, 160, 182, 185, 245, 284, 295, 302, 303, 310, 334, 338, 360, 433, 436, 438, 444, 447, 460, 478, 490, 492, 535, 559, 561, 568, 605, 608, 634, 648, 662, 680, 688, 696, 697, 698, 710, 723, 765, 766, 773, 776, 818, 822, 824, 829, 833, 836, 858, 867, 894, 895, 904, 933, 938, 947, 950, 953, 975, 991], [11, 106, 124, 132, 146, 168, 179, 195, 209, 258, 269, 271, 278, 280, 297, 332, 335, 369, 381, 402, 420, 435, 472, 487, 503, 558, 561, 598, 613, 624, 673, 675, 711, 750, 758, 794, 795, 796, 803, 846, 878, 879, 882, 974], [27, 34, 39, 104, 147, 170, 182, 196, 223, 225, 231, 288, 300, 340, 352, 385, 476, 540, 559, 574, 633, 656, 718, 744, 754, 763, 807], [7, 32, 89, 127, 175, 187, 188, 222, 415, 442, 447, 468, 491, 499, 517, 566, 667, 674, 705, 749, 779, 800, 802, 822, 850, 859, 876, 927], [13, 22, 28, 46, 77, 110, 117, 138, 145, 165, 180, 183, 251, 255, 257, 263, 266, 280, 297, 303, 321, 333, 364, 370, 376, 394, 456, 497, 524, 530, 541, 598, 606, 616, 622, 627, 630, 650, 656, 670, 700, 709, 715, 770, 771, 801, 851, 903, 924, 930, 940, 959, 960, 967], [17, 43, 52, 60, 76, 87, 88, 140, 158, 182, 239, 316, 326, 329, 338, 353, 361, 409, 418, 440, 494, 502, 514, 552, 570, 590, 655, 692, 701, 714, 721, 799, 852, 855, 892, 907, 941, 974, 981], [72, 90, 96, 166, 246, 342, 362, 401, 430, 544, 587, 589, 592, 676, 687, 697, 707, 743, 787, 804, 823, 830], [9, 14, 30, 33, 40, 52, 63, 76, 80, 82, 96, 97, 111, 129, 135, 141, 162, 163, 180, 186, 200, 216, 219, 227, 229, 231, 233, 234, 275, 276, 283, 285, 292, 296, 303, 315, 324, 347, 349, 353, 359, 371, 372, 377, 386, 392, 398, 407, 411, 426, 433, 452, 455, 458, 478, 500, 503, 510, 531, 533, 547, 548, 554, 561, 572, 601, 603, 625, 629, 647, 654, 658, 689, 697, 706, 743, 782, 798, 835, 845, 865, 894, 914, 918, 925, 952, 962, 975, 976, 977, 984, 987, 992], [6, 31, 51, 84, 97, 103, 156, 194, 205, 208, 212, 264, 299, 304, 320, 348, 379, 387, 397, 414, 416, 425, 466, 483, 501, 575, 579, 663, 697, 702, 720, 748, 752, 828, 937, 944, 973, 982], [68, 79, 97, 107, 112, 118, 121, 135, 139, 144, 149, 163, 164, 185, 186, 201, 211, 214, 221, 231, 232, 234, 245, 263, 275, 277, 285, 290, 302, 307, 311, 323, 333, 344, 355, 372, 374, 381, 386, 413, 422, 426, 429, 452, 477, 500, 510, 529, 533, 549, 553, 554, 581, 582, 591, 594, 595, 609, 634, 657, 677, 690, 691, 695, 722, 725, 727, 729, 730, 771, 778, 801, 809, 814, 818, 834, 845, 857, 860, 861, 880, 884, 900, 909, 915, 956, 976, 983, 984, 988], [1, 4, 5, 48, 59, 67, 70, 81, 83, 86, 101, 106, 115, 144, 163, 169, 185, 201, 218, 234, 272, 280, 286, 295, 297, 301, 303, 309, 338, 344, 353, 356, 367, 372, 428, 433, 444, 447, 452, 453, 486, 489, 508, 509, 510, 511, 515, 519, 526, 550, 554, 561, 581, 598, 599, 600, 634, 638, 712, 724, 736, 743, 747, 754, 760, 765, 775, 780, 782, 797, 818, 822, 837, 838, 845, 866, 873, 877, 887, 893, 894, 897, 910, 925, 938, 947, 950, 961, 975, 976, 979], [93, 123, 126, 191, 193, 218, 224, 242, 254, 282, 308, 312, 318, 366, 382, 473, 528, 555, 584, 604, 626, 641, 649, 716, 732, 733, 762, 768, 769, 777, 806, 813, 827, 832, 901, 913, 943, 945, 948, 971, 996], [5, 12, 30, 36, 44, 85, 99, 100, 105, 128, 142, 162, 184, 199, 233, 237, 240, 245, 249, 252, 293, 305, 306, 315, 349, 384, 423, 432, 434, 441, 455, 478, 488, 496, 503, 512, 518, 542, 546, 583, 603, 642, 652, 664, 666, 708, 719, 740, 741, 798, 866, 894, 921, 931, 933, 939, 942, 954, 964, 989, 995], [18, 23, 50, 56, 66, 73, 79, 80, 81, 103, 117, 134, 135, 149, 161, 171, 173, 198, 218, 230, 251, 261, 280, 281, 295, 297, 302, 325, 333, 334, 344, 378, 386, 404, 433, 444, 461, 513, 532, 569, 577, 578, 617, 621, 622, 653, 671, 679, 683, 713, 735, 739, 765, 812, 822, 868, 872, 888, 919, 922, 938, 946, 947, 966, 974, 975, 977, 984, 990, 998], [25, 65, 94, 148, 151, 236, 245, 273, 328, 330, 390, 417, 437, 457, 470, 481, 482, 498, 588, 631, 661, 764, 772, 816, 841, 856, 891, 911, 912, 950, 963, 969, 972], [8, 26, 57, 69, 80, 103, 106, 144, 149, 154, 163, 177, 178, 180, 185, 186, 201, 231, 234, 251, 260, 263, 275, 295, 298, 313, 327, 333, 334, 338, 344, 353, 354, 368, 381, 389, 406, 408, 426, 427, 444, 450, 452, 455, 469, 500, 503, 505, 510, 520, 533, 534, 554, 559, 560, 581, 586, 596, 619, 620, 634, 635, 639, 656, 754, 765, 771, 774, 782, 783, 810, 818, 842, 845, 862, 871, 875, 886, 889, 902, 906, 925, 929, 936, 938, 947, 950, 957, 968, 976, 977, 984, 985], [45, 47, 71, 95, 116, 182, 197, 206, 350, 358, 380, 443, 463, 521, 545, 614, 640, 645, 699, 728, 761, 821, 854, 864], [29, 137, 142, 190, 228, 248, 287, 289, 345, 431, 439, 459, 536, 559, 565, 602, 622, 646, 694, 737, 753, 781, 811, 843, 848, 899, 992]]
nodes: [697, 717, 744, 765, 781, 793, 794, 825, 833, 837, 854, 863, 869, 878, 880, 901, 907, 916, 920, 925, 927, 943, 947, 949, 955, 958, 963, 964, 967, 968, 974, 976, 977, 979, 982, 983, 984, 989, 991, 992, 993, 998, 1000] num of nodes:  43
[[362, 804, 823, 830, 697], [337, 746, 685, 786, 788, 717, 446], [34, 807, 763, 744, 352, 385], [765, 990, 888, 922], [289, 843, 899, 811, 694, 848, 781], [480, 994, 793, 556, 831], [558, 846, 882, 794, 675, 803], [3, 704, 817, 825, 522, 403, 636], [15, 904, 833, 766], [780, 887, 838, 837, 877], [350, 864, 645, 821, 854, 728, 545, 761], [267, 847, 785, 820, 756, 863, 474, 539, 686], [484, 986, 978, 869, 682, 731], [11, 878, 882, 758], [164, 857, 880, 861, 695], [382, 769, 996, 913, 473, 901], [361, 907, 941, 981, 892, 714, 852, 799], [593, 870, 908, 916, 923, 917, 792, 665, 610], [448, 920, 874, 935, 951], [177, 925, 889, 842], [517, 779, 876, 674, 749, 850, 927, 705, 802], [254, 971, 806, 943, 913, 813, 827], [577, 946, 947, 713], [172, 935, 755, 684, 949], [238, 955, 994, 551, 493], [454, 840, 951, 896, 958, 467], [437, 963, 912, 969, 972, 911, 816, 661, 764, 772], [305, 939, 995, 652, 964, 931], [364, 960, 770, 959, 930, 903, 967], [469, 871, 842, 968, 810, 620], [337, 746, 685, 786, 788, 974], [810, 936, 902, 976], [57, 354, 985, 977], [367, 877, 979, 910, 775], [379, 748, 982, 937, 944, 416, 663], [290, 956, 857, 988, 983], [450, 871, 984, 906], [105, 954, 546, 708, 995, 989], [605, 895, 991, 953, 858, 698], [737, 992, 848, 811, 899, 753], [291, 986, 970, 883, 993, 571, 999], [998, 990, 919, 868, 922, 569, 683], [523, 997, 928, 905, 844, 1000, 751]]
len of cliques:  43
downsides after: [[437, 963, 912, 969, 972, 911, 816, 661, 764, 772], [267, 847, 785, 820, 756, 863, 474, 539, 686], [593, 870, 908, 916, 923, 917, 792, 665, 610], [517, 779, 876, 674, 749, 850, 927, 705, 802], [350, 864, 645, 821, 854, 728, 545, 761], [361, 907, 941, 981, 892, 714, 852, 799], [337, 746, 685, 786, 788, 717, 446], [289, 843, 899, 811, 694, 848, 781], [3, 704, 817, 825, 522, 403, 636], [254, 971, 806, 943, 913, 813, 827], [364, 960, 770, 959, 930, 903, 967], [379, 748, 982, 937, 944, 416, 663], [291, 986, 970, 883, 993, 571, 999], [998, 990, 919, 868, 922, 569, 683], [523, 997, 928, 905, 844, 1000, 751], [34, 807, 763, 744, 352, 385], [558, 846, 882, 794, 675, 803], [484, 986, 978, 869, 682, 731], [382, 769, 996, 913, 473, 901], [454, 840, 951, 896, 958, 467], [305, 939, 995, 652, 964, 931], [469, 871, 842, 968, 810, 620], [337, 746, 685, 786, 788, 974], [105, 954, 546, 708, 995, 989], [605, 895, 991, 953, 858, 698], [737, 992, 848, 811, 899, 753], [362, 804, 823, 830, 697], [480, 994, 793, 556, 831], [780, 887, 838, 837, 877], [164, 857, 880, 861, 695], [448, 920, 874, 935, 951], [172, 935, 755, 684, 949], [238, 955, 994, 551, 493], [367, 877, 979, 910, 775], [290, 956, 857, 988, 983], [765, 990, 888, 922], [15, 904, 833, 766], [11, 878, 882, 758], [177, 925, 889, 842], [577, 946, 947, 713], [810, 936, 902, 976], [57, 354, 985, 977], [450, 871, 984, 906]]
number of downsided seeds: 43
[[437, 963, 912, 969, 972, 911, 816, 661, 764, 772], [267, 847, 785, 820, 756, 863, 474, 539, 686], [593, 870, 908, 916, 923, 917, 792, 665, 610], [517, 779, 876, 674, 749, 850, 927, 705, 802], [350, 864, 645, 821, 854, 728, 545, 761], [361, 907, 941, 981, 892, 714, 852, 799], [337, 746, 685, 786, 788, 717, 446], [289, 843, 899, 811, 694, 848, 781], [3, 704, 817, 825, 522, 403, 636], [254, 971, 806, 943, 913, 813, 827], [364, 960, 770, 959, 930, 903, 967], [379, 748, 982, 937, 944, 416, 663], [291, 986, 970, 883, 993, 571, 999], [998, 990, 919, 868, 922, 569, 683], [523, 997, 928, 905, 844, 1000, 751], [34, 807, 763, 744, 352, 385], [558, 846, 882, 794, 675, 803], [484, 986, 978, 869, 682, 731], [382, 769, 996, 913, 473, 901], [454, 840, 951, 896, 958, 467], [305, 939, 995, 652, 964, 931], [469, 871, 842, 968, 810, 620], [337, 746, 685, 786, 788, 974], [105, 954, 546, 708, 995, 989], [605, 895, 991, 953, 858, 698], [737, 992, 848, 811, 899, 753], [362, 804, 823, 830, 697], [480, 994, 793, 556, 831], [780, 887, 838, 837, 877], [164, 857, 880, 861, 695], [448, 920, 874, 935, 951], [172, 935, 755, 684, 949], [238, 955, 994, 551, 493], [367, 877, 979, 910, 775], [290, 956, 857, 988, 983], [765, 990, 888, 922], [15, 904, 833, 766], [11, 878, 882, 758], [177, 925, 889, 842], [577, 946, 947, 713], [810, 936, 902, 976], [57, 354, 985, 977], [450, 871, 984, 906]]
after sorted:  [[437, 963, 912, 969, 972, 911, 816, 661, 764, 772], [267, 847, 785, 820, 756, 863, 474, 539, 686], [593, 870, 908, 916, 923, 917, 792, 665, 610], [517, 779, 876, 674, 749, 850, 927, 705, 802], [350, 864, 645, 821, 854, 728, 545, 761], [361, 907, 941, 981, 892, 714, 852, 799], [337, 746, 685, 786, 788, 717, 446], [289, 843, 899, 811, 694, 848, 781], [3, 704, 817, 825, 522, 403, 636], [254, 971, 806, 943, 913, 813, 827], [364, 960, 770, 959, 930, 903, 967], [379, 748, 982, 937, 944, 416, 663], [291, 986, 970, 883, 993, 571, 999], [998, 990, 919, 868, 922, 569, 683], [523, 997, 928, 905, 844, 1000, 751], [34, 807, 763, 744, 352, 385], [558, 846, 882, 794, 675, 803], [484, 986, 978, 869, 682, 731], [382, 769, 996, 913, 473, 901], [454, 840, 951, 896, 958, 467], [305, 939, 995, 652, 964, 931], [469, 871, 842, 968, 810, 620], [337, 746, 685, 786, 788, 974], [105, 954, 546, 708, 995, 989], [605, 895, 991, 953, 858, 698], [737, 992, 848, 811, 899, 753], [362, 804, 823, 830, 697], [480, 994, 793, 556, 831], [780, 887, 838, 837, 877], [164, 857, 880, 861, 695], [448, 920, 874, 935, 951], [172, 935, 755, 684, 949], [238, 955, 994, 551, 493], [367, 877, 979, 910, 775], [290, 956, 857, 988, 983], [765, 990, 888, 922], [15, 904, 833, 766], [11, 878, 882, 758], [177, 925, 889, 842], [577, 946, 947, 713], [810, 936, 902, 976], [57, 354, 985, 977], [450, 871, 984, 906]]
before num:  43
befor deal_cliques:  43
after deal_cliques:  43
length of seeds:  43
seeds:  [set([912, 963, 772, 969, 972, 911, 816, 437, 764, 661]), set([267, 686, 847, 785, 820, 756, 474, 539, 863]), set([610, 870, 908, 593, 916, 917, 792, 665, 923]), set([705, 674, 517, 779, 876, 749, 850, 802, 927]), set([864, 545, 645, 821, 854, 728, 761, 350]), set([361, 714, 907, 941, 852, 981, 892, 799]), set([337, 786, 788, 746, 685, 446, 717]), set([848, 289, 899, 694, 843, 811, 781]), set([704, 817, 3, 636, 825, 522, 403]), set([913, 827, 806, 971, 813, 254, 943]), set([960, 770, 903, 967, 364, 930, 959]), set([416, 944, 982, 663, 937, 379, 748]), set([993, 291, 571, 999, 970, 883, 986]), set([868, 998, 919, 569, 922, 683, 990]), set([928, 997, 1000, 905, 523, 844, 751]), set([352, 385, 34, 807, 744, 763]), set([882, 675, 558, 803, 794, 846]), set([978, 484, 869, 682, 731, 986]), set([769, 996, 901, 913, 473, 382]), set([896, 467, 454, 951, 840, 958]), set([305, 931, 964, 939, 652, 995]), set([469, 871, 968, 842, 620, 810]), set([337, 786, 788, 746, 685, 974]), set([546, 995, 708, 105, 954, 989]), set([698, 953, 858, 991, 605, 895]), set([992, 737, 899, 848, 753, 811]), set([697, 362, 804, 830, 823]), set([480, 793, 994, 556, 831]), set([887, 780, 877, 838, 837]), set([880, 857, 164, 861, 695]), set([448, 920, 874, 935, 951]), set([172, 755, 684, 949, 935]), set([994, 955, 493, 238, 551]), set([367, 979, 877, 910, 775]), set([857, 290, 956, 988, 983]), set([888, 922, 765, 990]), set([904, 833, 766, 15]), set([882, 11, 878, 758]), set([177, 842, 925, 889]), set([577, 946, 947, 713]), set([936, 976, 810, 902]), set([57, 354, 985, 977]), set([984, 450, 906, 871])]
seeds_fitness [0.1717557251908397, 0.2535211267605634, 0.16822429906542055, 0.2033898305084746, 0.2, 0.13270142180094788, 0.20588235294117646, 0.14189189189189189, 0.21875, 0.09012875536480687, 0.08731808731808732, 0.11506849315068493, 0.07850467289719626, 0.07954545454545454, 0.0865979381443299, 0.16393442622950818, 0.08571428571428572, 0.06521739130434782, 0.06896551724137931, 0.066815144766147, 0.06276150627615062, 0.06622516556291391, 0.10416666666666667, 0.06172839506172839, 0.060851926977687626, 0.08522727272727272, 0.09009009009009009, 0.05698005698005698, 0.05025125628140704, 0.05865102639296188, 0.0447427293064877, 0.05934718100890208, 0.05698005698005698, 0.05102040816326531, 0.04184100418410042, 0.030534351145038167, 0.04669260700389105, 0.04316546762589928, 0.041379310344827586, 0.03409090909090909, 0.027649769585253458, 0.036585365853658534, 0.031746031746031744]
after sort list of tuple: [(1, 0.2535211267605634), (8, 0.21875), (6, 0.20588235294117646), (3, 0.2033898305084746), (4, 0.2), (0, 0.1717557251908397), (2, 0.16822429906542055), (15, 0.16393442622950818), (7, 0.14189189189189189), (5, 0.13270142180094788), (11, 0.11506849315068493), (22, 0.10416666666666667), (9, 0.09012875536480687), (26, 0.09009009009009009), (10, 0.08731808731808732), (14, 0.0865979381443299), (16, 0.08571428571428572), (25, 0.08522727272727272), (13, 0.07954545454545454), (12, 0.07850467289719626), (18, 0.06896551724137931), (19, 0.066815144766147), (21, 0.06622516556291391), (17, 0.06521739130434782), (20, 0.06276150627615062), (23, 0.06172839506172839), (24, 0.060851926977687626), (31, 0.05934718100890208), (29, 0.05865102639296188), (27, 0.05698005698005698), (32, 0.05698005698005698), (33, 0.05102040816326531), (28, 0.05025125628140704), (36, 0.04669260700389105), (30, 0.0447427293064877), (37, 0.04316546762589928), (34, 0.04184100418410042), (38, 0.041379310344827586), (41, 0.036585365853658534), (39, 0.03409090909090909), (42, 0.031746031746031744), (35, 0.030534351145038167), (40, 0.027649769585253458)]
seeds_sorted [set([267, 686, 847, 785, 820, 756, 474, 539, 863]), set([704, 817, 3, 636, 825, 522, 403]), set([337, 786, 788, 746, 685, 446, 717]), set([705, 674, 517, 779, 876, 749, 850, 802, 927]), set([864, 545, 645, 821, 854, 728, 761, 350]), set([912, 963, 772, 969, 972, 911, 816, 437, 764, 661]), set([610, 870, 908, 593, 916, 917, 792, 665, 923]), set([352, 385, 34, 807, 744, 763]), set([848, 289, 899, 694, 843, 811, 781]), set([361, 714, 907, 941, 852, 981, 892, 799]), set([416, 944, 982, 663, 937, 379, 748]), set([337, 786, 788, 746, 685, 974]), set([913, 827, 806, 971, 813, 254, 943]), set([697, 362, 804, 830, 823]), set([960, 770, 903, 967, 364, 930, 959]), set([928, 997, 1000, 905, 523, 844, 751]), set([882, 675, 558, 803, 794, 846]), set([992, 737, 899, 848, 753, 811]), set([868, 998, 919, 569, 922, 683, 990]), set([993, 291, 571, 999, 970, 883, 986]), set([769, 996, 901, 913, 473, 382]), set([896, 467, 454, 951, 840, 958]), set([469, 871, 968, 842, 620, 810]), set([978, 484, 869, 682, 731, 986]), set([305, 931, 964, 939, 652, 995]), set([546, 995, 708, 105, 954, 989]), set([698, 953, 858, 991, 605, 895]), set([172, 755, 684, 949, 935]), set([880, 857, 164, 861, 695]), set([480, 793, 994, 556, 831]), set([994, 955, 493, 238, 551]), set([367, 979, 877, 910, 775]), set([887, 780, 877, 838, 837]), set([904, 833, 766, 15]), set([448, 920, 874, 935, 951]), set([882, 11, 878, 758]), set([857, 290, 956, 988, 983]), set([177, 842, 925, 889]), set([57, 354, 985, 977]), set([577, 946, 947, 713]), set([984, 450, 906, 871]), set([888, 922, 765, 990]), set([936, 976, 810, 902])]
args__________ ([set([267, 686, 847, 785, 820, 756, 474, 539, 863]), set([936, 976, 810, 902])],)
args__________ ([set([704, 817, 3, 636, 825, 522, 403]), set([888, 922, 765, 990])],)
args__________ ([set([337, 786, 788, 746, 685, 446, 717]), set([984, 450, 906, 871])],)
args__________ ([set([705, 674, 517, 779, 876, 749, 850, 802, 927]), set([577, 946, 947, 713])],)
args__________ ([set([864, 545, 645, 821, 854, 728, 761, 350]), set([57, 354, 985, 977])],)
args__________ ([set([912, 963, 772, 969, 972, 911, 816, 437, 764, 661]), set([177, 842, 925, 889])],)
args__________ ([set([610, 870, 908, 593, 916, 917, 792, 665, 923]), set([857, 290, 956, 988, 983])],)
args__________ ([set([352, 385, 34, 807, 744, 763]), set([882, 11, 878, 758])],)
args__________ ([set([848, 289, 899, 694, 843, 811, 781]), set([448, 920, 874, 935, 951])],)
args__________ ([set([361, 714, 907, 941, 852, 981, 892, 799]), set([904, 833, 766, 15])],)
args__________ ([set([416, 944, 982, 663, 937, 379, 748]), set([887, 780, 877, 838, 837])],)
args__________ ([set([337, 786, 788, 746, 685, 974])],)
args__________ ([set([913, 827, 806, 971, 813, 254, 943])],)
args__________ ([set([697, 362, 804, 830, 823])],)
args__________ ([set([960, 770, 903, 967, 364, 930, 959])],)
args__________ ([set([928, 997, 1000, 905, 523, 844, 751])],)
args__________ ([set([882, 675, 558, 803, 794, 846])],)
args__________ ([set([992, 737, 899, 848, 753, 811])],)
args__________ ([set([868, 998, 919, 569, 922, 683, 990])],)
args__________ ([set([993, 291, 571, 999, 970, 883, 986])],)
args__________ ([set([769, 996, 901, 913, 473, 382])],)
args__________ ([set([896, 467, 454, 951, 840, 958])],)
args__________ ([set([469, 871, 968, 842, 620, 810])],)
args__________ ([set([978, 484, 869, 682, 731, 986])],)
args__________ ([set([305, 931, 964, 939, 652, 995])],)
args__________ ([set([546, 995, 708, 105, 954, 989])],)
args__________ ([set([698, 953, 858, 991, 605, 895])],)
args__________ ([set([172, 755, 684, 949, 935])],)
args__________ ([set([880, 857, 164, 861, 695])],)
args__________ ([set([480, 793, 994, 556, 831])],)
args__________ ([set([994, 955, 493, 238, 551])],)
args__________ ([set([367, 979, 877, 910, 775])],)
finish process___________________
sorted nodes by betweenness [5, 9, 14, 30, 33, 40, 52, 63, 76, 81, 82, 96, 97, 103, 106, 111, 117, 129, 135, 141, 142, 162, 163, 169, 180, 182, 185, 186, 191, 200, 201, 216, 218, 219, 227, 229, 231, 233, 234, 237, 245, 251, 263, 275, 276, 280, 283, 285, 292, 295, 296, 297, 302, 303, 315, 324, 333, 334, 338, 344, 347, 349, 353, 359, 371, 372, 377, 381, 384, 386, 392, 398, 407, 411, 413, 426, 433, 434, 444, 447, 452, 455, 458, 478, 500, 503, 510, 531, 533, 547, 548, 554, 559, 561, 572, 581, 598, 600, 601, 603, 622, 625, 629, 634, 647, 654, 656, 658, 689, 706, 743, 754, 771, 782, 798, 801, 818, 822, 835, 845, 865, 866, 894, 914, 918, 933, 938, 950, 952, 962, 975, 987]
args__________ ([[5, 825, 704]],)
args__________ ([[9, 865, 952, 458]],)
args__________ ([[14, 987, 377, 962]],)
args__________ ([[30, 962, 987]],)
args__________ ([[33, 962, 296]],)
args__________ ([[40, 914, 398]],)
args__________ ([[52, 644, 847]],)
args__________ ([[63, 918, 952, 359]],)
args__________ ([[76, 612, 926]],)
args__________ ([[81, 844, 905]],)
args__________ ([[82, 835, 129]],)
args__________ ([[96, 804, 661]],)
args__________ ([[97, 416, 937]],)
args__________ ([[103, 937, 1000]],)
args__________ ([[106, 488, 882]],)
args__________ ([[40, 914, 111]],)
args__________ ([[117, 993, 966]],)
args__________ ([[82, 835, 129]],)
args__________ ([[135, 962, 411, 987]],)
args__________ ([[141, 865, 458]],)
args__________ ([[142, 965, 955]],)
args__________ ([[162, 964, 939, 798]],)
args__________ ([[163, 952, 987]],)
args__________ ([[169, 961, 760]],)
args__________ ([[180, 738, 873]],)
args__________ ([[182, 490, 991]],)
args__________ ([[185, 981, 985]],)
args__________ ([[186, 835, 647]],)
args__________ ([[191, 996, 948, 777, 945]],)
args__________ ([[200, 817, 825, 618]],)
args__________ ([[201, 898, 244]],)
args__________ ([[216, 928, 1000]],)
finish single seed process___________________
sorted nodes by betweenness [218, 233, 234, 237, 245, 251, 263, 275, 276, 280, 285, 295, 297, 302, 303, 315, 333, 334, 338, 344, 349, 353, 372, 381, 384, 386, 413, 426, 433, 434, 447, 452, 455, 478, 500, 503, 510, 533, 554, 559, 581, 598, 603, 622, 625, 634, 656, 743, 754, 771, 782, 801, 818, 822, 845, 866, 894, 933, 938, 950, 975]
args__________ ([[218, 868, 990]],)
args__________ ([[233, 921, 989]],)
args__________ ([[234, 929, 984]],)
args__________ ([[237, 999, 791, 739]],)
args__________ ([[245, 912, 972]],)
args__________ ([[251, 928, 905]],)
args__________ ([[263, 935, 840]],)
args__________ ([[275, 936, 875]],)
args__________ ([[241, 934, 276]],)
args__________ ([[280, 897, 505]],)
args__________ ([[285, 839, 869, 926]],)
args__________ ([[295, 867, 824]],)
args__________ ([[297, 870, 412]],)
args__________ ([[302, 817, 825, 618]],)
args__________ ([[303, 865]],)
args__________ ([[315, 896, 755]],)
args__________ ([[333, 967, 946]],)
args__________ ([[756, 785, 863, 334]],)
args__________ ([[338, 867, 836]],)
args__________ ([[998, 344, 922, 621]],)
args__________ ([[349, 995, 836]],)
args__________ ([[353, 962, 987, 647]],)
args__________ ([[372, 686, 863, 847]],)
args__________ ([[381, 795, 794, 796]],)
args__________ ([[384, 992, 994]],)
args__________ ([[386, 966, 990]],)
args__________ ([[413, 1000, 928]],)
args__________ ([[226, 426, 874]],)
args__________ ([[433, 835, 531]],)
args__________ ([[434, 557, 1000, 826]],)
args__________ ([[447, 517, 927]],)
args__________ ([[452, 550, 893]],)
finish single seed process___________________
sorted nodes by betweenness [455, 478, 500, 503, 510, 533, 554, 559, 581, 598, 603, 622, 625, 634, 656, 743, 754, 771, 782, 801, 818, 822, 845, 866, 894, 933, 938, 950, 975]
args__________ ([[455, 934, 980, 767]],)
args__________ ([[372, 962, 478]],)
args__________ ([[500, 977, 914, 987]],)
args__________ ([[361, 721, 503]],)
args__________ ([[307, 510, 725]],)
args__________ ([[141, 533, 918]],)
args__________ ([[554, 961, 736, 979]],)
args__________ ([[559, 899, 848, 843]],)
args__________ ([[467, 951, 896, 581]],)
args__________ ([[598, 897, 975]],)
args__________ ([[603, 993, 970, 660]],)
args__________ ([[622, 930, 924, 940]],)
args__________ ([[625, 980, 632, 958]],)
args__________ ([[634, 833, 696, 895]],)
args__________ ([[300, 656, 633, 718]],)
args__________ ([[342, 823, 830, 743, 787]],)
args__________ ([[352, 763, 754, 744]],)
args__________ ([[394, 930, 967, 959, 771]],)
args__________ ([[623, 881, 782, 920]],)
args__________ ([[28, 960, 903, 801]],)
args__________ ([[549, 778, 956, 818]],)
args__________ ([[499, 822, 705, 859, 927]],)
args__________ ([[219, 962, 845, 918]],)
args__________ ([[815, 866, 999, 978]],)
args__________ ([[648, 723, 991, 894]],)
args__________ ([[267, 847, 785, 820, 756, 863, 933]],)
args__________ ([[281, 946, 938, 577]],)
args__________ ([[470, 963, 972, 969, 950, 816]],)
args__________ ([[450, 871, 984, 975]],)
finish single seed process___________________
i =  0 [419, 644, 37, 294, 267, 268, 686, 847, 464, 785, 243, 820, 375, 527, 756, 474, 539, 669, 863]
i =  1 [875, 260, 389, 902, 520, 906, 889, 783, 534, 408, 26, 154, 929, 774, 406, 936, 810, 427, 178, 560, 177, 50, 313, 957, 450, 67, 69, 327, 968, 586, 842, 8, 976, 596, 469, 57, 985, 862, 80, 354, 871, 619, 620, 368, 886, 505, 635, 298, 639]
i =  2 [704, 19, 322, 3, 618, 331, 403, 525, 573, 817, 35, 215, 522, 825, 636, 253, 395, 351]
i =  3 [513, 683, 261, 134, 23, 578, 18, 532, 919, 281, 922, 671, 161, 966, 679, 171, 812, 173, 50, 713, 56, 569, 577, 66, 325, 198, 73, 461, 653, 990, 735, 739, 868, 230, 998, 872, 617, 621, 888, 404, 378, 765, 946]
i =  4 [256, 685, 130, 167, 585, 746, 471, 109, 270, 717, 400, 337, 786, 788, 119, 153, 346, 143, 92, 446]
i =  5 [619, 260, 534, 902, 520, 906, 889, 783, 144, 406, 408, 26, 154, 389, 929, 774, 936, 298, 427, 560, 177, 178, 313, 586, 450, 69, 327, 968, 842, 8, 596, 469, 57, 984, 985, 862, 354, 230, 871, 875, 620, 957, 368, 886, 505, 635, 810, 639]
i =  6 [517, 7, 779, 667, 415, 32, 674, 175, 566, 442, 187, 188, 705, 927, 802, 850, 468, 89, 859, 222, 800, 491, 876, 749, 499, 127]
i =  7 [513, 171, 261, 134, 919, 653, 18, 404, 149, 23, 281, 922, 671, 161, 966, 679, 683, 812, 173, 946, 947, 73, 56, 569, 577, 66, 325, 198, 713, 461, 578, 990, 735, 739, 868, 230, 998, 872, 617, 621, 50, 888, 532, 378]
i =  8 [640, 645, 521, 545, 45, 47, 821, 699, 197, 71, 206, 463, 854, 728, 350, 95, 864, 443, 358, 614, 116, 761, 380]
i =  9 [875, 260, 389, 902, 520, 906, 783, 534, 408, 26, 154, 929, 774, 406, 936, 298, 427, 560, 177, 178, 57, 586, 450, 451, 69, 327, 968, 842, 505, 977, 596, 469, 313, 985, 862, 354, 871, 619, 620, 957, 368, 886, 8, 889, 635, 810, 639]
i =  10 [772, 390, 972, 911, 912, 273, 148, 661, 151, 25, 417, 816, 969, 437, 841, 65, 963, 328, 457, 330, 588, 470, 856, 94, 481, 482, 236, 498, 631, 891, 764]
i =  11 [619, 260, 534, 902, 520, 906, 783, 144, 406, 408, 26, 925, 389, 929, 774, 936, 298, 427, 560, 177, 178, 313, 957, 450, 505, 69, 327, 968, 586, 842, 8, 596, 469, 57, 985, 862, 354, 871, 875, 620, 154, 368, 886, 889, 635, 810, 639]
i =  12 [259, 133, 136, 10, 908, 784, 643, 916, 917, 537, 792, 665, 923, 424, 49, 576, 203, 462, 593, 597, 220, 610, 870, 615, 363, 113, 659, 120]
i =  13 [900, 778, 139, 909, 529, 915, 277, 857, 112, 290, 164, 549, 422, 809, 429, 814, 221, 690, 307, 311, 956, 834, 323, 68, 118, 582, 695, 727, 591, 594, 595, 725, 214, 983, 729, 730, 860, 861, 677, 609, 355, 657, 232, 691, 107, 988, 722, 880, 211, 884, 374, 553, 121, 477]
i =  14 [385, 147, 27, 540, 288, 34, 807, 170, 300, 574, 196, 718, 340, 476, 223, 352, 225, 744, 39, 104, 633, 763]
i =  15 [258, 132, 11, 269, 271, 402, 750, 278, 794, 795, 796, 673, 675, 420, 168, 558, 179, 435, 195, 332, 846, 335, 209, 803, 472, 613, 487, 146, 878, 879, 624, 369, 882, 758, 124]
i =  16 [899, 646, 137, 781, 536, 29, 287, 289, 811, 431, 565, 694, 439, 190, 459, 843, 848, 345, 602, 737, 228, 753, 248]
i =  17 [896, 192, 516, 393, 16, 241, 150, 920, 388, 410, 155, 265, 38, 935, 681, 172, 563, 693, 951, 314, 317, 958, 181, 448, 684, 454, 840, 75, 738, 78, 467, 980, 949, 58, 734, 226, 934, 874, 365, 623, 881, 755, 628, 247, 632, 703, 767]
i =  18 [514, 907, 140, 655, 17, 409, 158, 799, 418, 87, 552, 43, 941, 692, 440, 570, 60, 701, 326, 329, 714, 590, 721, 852, 981, 855, 88, 316, 494, 239, 502, 361, 892]
i =  19 [2, 773, 904, 776, 15, 662, 535, 24, 284, 160, 680, 41, 696, 688, 648, 436, 53, 438, 568, 953, 698, 61, 62, 833, 836, 310, 710, 74, 460, 824, 723, 858, 605, 991, 608, 867, 102, 360, 490, 492, 829, 114, 766, 895]
i =  20 [387, 6, 264, 397, 663, 156, 414, 31, 416, 304, 425, 299, 944, 51, 828, 702, 575, 320, 194, 579, 973, 205, 208, 466, 84, 982, 348, 720, 483, 748, 752, 501, 937, 212, 379]
i =  21 [897, 515, 4, 519, 780, 910, 272, 797, 837, 1, 70, 550, 509, 775, 428, 301, 48, 309, 59, 961, 67, 453, 838, 712, 83, 724, 86, 599, 873, 979, 736, 356, 101, 486, 489, 747, 877, 367, 115, 887, 760, 508, 893, 638, 511]
i =  22 [256, 130, 167, 585, 746, 119, 109, 717, 974, 685, 400, 337, 786, 788, 270, 471, 153, 346, 143, 92, 446]
i =  23 [768, 769, 901, 641, 649, 528, 913, 282, 806, 93, 604, 555, 813, 943, 945, 308, 777, 312, 948, 827, 318, 832, 193, 584, 626, 971, 716, 254, 473, 732, 733, 224, 996, 366, 242, 382, 762, 123, 126]
i =  24 [544, 676, 707, 804, 246, 166, 72, 362, 587, 589, 430, 687, 592, 401, 787, 342, 823, 697, 90, 830]
i =  25 [257, 770, 903, 650, 524, 13, 145, 530, 22, 28, 541, 670, 930, 165, 924, 940, 46, 183, 266, 700, 138, 394, 959, 960, 321, 709, 967, 456, 715, 77, 851, 606, 616, 364, 110, 497, 370, 627, 630, 376, 255]
i =  26 [262, 391, 905, 523, 279, 495, 928, 932, 421, 678, 808, 557, 174, 819, 564, 54, 567, 826, 189, 672, 204, 202, 844, 849, 210, 339, 213, 506, 479, 997, 1000, 235, 751, 805, 759, 122, 853]
i =  27 [258, 132, 11, 269, 271, 402, 750, 278, 794, 795, 796, 673, 675, 420, 168, 558, 179, 435, 195, 711, 332, 846, 335, 209, 803, 472, 613, 487, 146, 878, 879, 624, 369, 882, 758, 124]
i =  28 [899, 646, 137, 781, 536, 29, 287, 289, 811, 431, 565, 694, 439, 190, 459, 843, 848, 345, 602, 992, 737, 228, 753, 248]
i =  29 [513, 683, 261, 134, 23, 578, 18, 532, 919, 281, 922, 671, 161, 966, 679, 171, 812, 173, 50, 713, 56, 569, 577, 66, 325, 198, 73, 461, 653, 990, 735, 739, 868, 230, 998, 872, 617, 621, 888, 404, 378, 946]
i =  30 [131, 651, 396, 399, 274, 20, 405, 791, 152, 668, 926, 159, 291, 682, 815, 176, 55, 571, 445, 757, 42, 839, 970, 978, 726, 612, 986, 731, 250, 869, 993, 484, 357, 999, 883, 373, 660, 890, 319, 125]
i =  31 [768, 769, 733, 901, 641, 777, 528, 913, 282, 806, 732, 555, 813, 943, 945, 308, 649, 312, 948, 827, 318, 832, 193, 584, 971, 716, 126, 473, 604, 93, 224, 996, 242, 366, 626, 254, 762, 123, 382]
i =  32 [896, 192, 388, 265, 16, 241, 150, 920, 516, 410, 155, 393, 38, 935, 681, 172, 563, 181, 951, 314, 317, 958, 693, 448, 684, 454, 840, 75, 226, 78, 467, 980, 949, 58, 734, 738, 934, 874, 365, 623, 881, 755, 628, 247, 632, 703, 767]
i =  33 [875, 260, 534, 902, 8, 906, 783, 406, 408, 26, 154, 520, 929, 774, 389, 810, 427, 560, 177, 178, 57, 586, 450, 69, 327, 968, 842, 889, 596, 469, 313, 985, 862, 354, 871, 619, 620, 957, 368, 936, 886, 505, 635, 298, 639]
i =  34 [131, 651, 396, 399, 274, 20, 405, 791, 152, 668, 926, 159, 291, 682, 815, 176, 55, 571, 445, 319, 373, 839, 970, 612, 978, 726, 217, 986, 731, 890, 357, 993, 484, 869, 999, 125, 883, 757, 660, 250, 42]
i =  35 [512, 128, 642, 518, 12, 708, 664, 921, 666, 542, 240, 546, 931, 36, 293, 423, 939, 44, 942, 432, 305, 306, 184, 441, 954, 964, 583, 652, 719, 85, 100, 989, 199, 995, 740, 741, 488, 105, 496, 249, 252]
i =  36 [128, 512, 642, 518, 12, 664, 921, 666, 964, 542, 496, 546, 931, 36, 293, 423, 939, 44, 942, 432, 305, 306, 184, 441, 954, 708, 199, 652, 719, 85, 740, 989, 995, 100, 741, 488, 105, 583, 240, 249, 252]
i =  37 [2, 773, 648, 15, 904, 662, 535, 24, 284, 160, 680, 41, 696, 688, 776, 436, 53, 310, 568, 953, 698, 61, 62, 833, 836, 438, 710, 74, 460, 824, 723, 858, 605, 991, 608, 867, 102, 360, 490, 492, 829, 114, 766, 895]
i =  38 [896, 192, 388, 393, 16, 150, 920, 516, 410, 155, 265, 934, 935, 681, 172, 563, 949, 951, 58, 317, 958, 693, 448, 181, 684, 454, 840, 75, 738, 78, 467, 980, 241, 314, 734, 226, 38, 874, 365, 623, 881, 755, 628, 247, 632, 703, 767]
i =  39 [900, 307, 778, 139, 909, 657, 915, 277, 729, 112, 290, 164, 549, 422, 809, 429, 814, 221, 690, 691, 311, 956, 834, 323, 68, 374, 582, 695, 727, 79, 722, 211, 725, 214, 983, 857, 730, 591, 988, 861, 677, 609, 355, 529, 232, 860, 107, 594, 880, 595, 884, 118, 553, 121, 477]
i =  40 [898, 789, 790, 793, 538, 412, 157, 543, 475, 551, 556, 562, 955, 831, 64, 449, 451, 580, 965, 98, 207, 336, 465, 341, 343, 91, 607, 480, 994, 611, 485, 742, 745, 108, 493, 238, 244, 885, 504, 507, 21, 637, 383]
i =  41 [898, 789, 790, 793, 538, 412, 157, 543, 475, 551, 556, 562, 955, 831, 64, 449, 451, 580, 965, 98, 207, 336, 465, 611, 341, 343, 91, 607, 480, 994, 99, 485, 742, 745, 108, 493, 238, 244, 885, 504, 507, 21, 637, 383]
i =  42 [897, 515, 4, 775, 780, 910, 272, 797, 286, 837, 1, 70, 550, 509, 519, 428, 301, 48, 309, 59, 961, 67, 453, 838, 712, 83, 724, 526, 86, 599, 873, 979, 736, 356, 101, 486, 489, 747, 877, 367, 115, 887, 760, 508, 893, 638, 511]
i =  43 [704, 3, 322, 35, 5, 618, 331, 403, 525, 253, 817, 19, 215, 522, 825, 636, 573, 395, 351]
i =  44 [129, 601, 647, 392, 9, 706, 14, 658, 918, 407, 283, 33, 547, 548, 296, 689, 952, 347, 411, 654, 63, 962, 835, 324, 458, 987, 141, 82, 398, 292, 219, 865, 227, 229, 359, 572, 914, 111, 40, 371, 629, 377]
i =  45 [129, 601, 135, 392, 9, 706, 14, 914, 918, 407, 283, 30, 33, 547, 548, 296, 647, 689, 219, 952, 411, 654, 63, 962, 835, 324, 458, 987, 141, 82, 398, 292, 347, 865, 227, 229, 359, 572, 658, 111, 40, 371, 629, 377]
i =  46 [129, 601, 135, 392, 9, 706, 14, 914, 918, 407, 283, 30, 33, 547, 548, 296, 647, 689, 219, 952, 411, 654, 63, 962, 835, 324, 458, 987, 141, 82, 398, 292, 347, 865, 227, 229, 359, 572, 658, 111, 40, 371, 629, 377]
i =  47 [129, 258, 601, 647, 392, 9, 141, 14, 658, 918, 407, 283, 33, 547, 292, 296, 689, 952, 347, 411, 654, 63, 962, 835, 324, 458, 987, 82, 398, 706, 548, 219, 865, 227, 229, 359, 572, 914, 111, 40, 371, 629, 377]
i =  48 [129, 601, 647, 392, 9, 141, 14, 914, 918, 407, 283, 33, 547, 292, 40, 689, 219, 952, 411, 654, 63, 706, 835, 324, 458, 987, 82, 398, 548, 347, 962, 865, 227, 229, 359, 572, 658, 111, 296, 371, 629, 377]
i =  49 [539, 863, 419, 644, 37, 294, 267, 268, 686, 847, 464, 785, 243, 820, 375, 756, 474, 527, 669, 52]
i =  50 [129, 601, 647, 392, 9, 962, 14, 914, 918, 407, 283, 33, 547, 548, 296, 689, 952, 347, 411, 654, 63, 706, 835, 324, 458, 987, 141, 82, 398, 292, 219, 865, 227, 229, 359, 572, 658, 111, 40, 371, 629, 377]
i =  51 [131, 651, 396, 399, 274, 660, 405, 791, 152, 668, 926, 159, 291, 682, 815, 176, 55, 571, 445, 757, 42, 839, 970, 76, 484, 978, 726, 217, 986, 731, 890, 357, 993, 612, 869, 999, 883, 373, 20, 250, 319, 125]
i =  52 [262, 391, 905, 523, 279, 751, 928, 932, 421, 678, 808, 557, 174, 819, 564, 54, 567, 826, 189, 672, 204, 202, 844, 81, 210, 339, 213, 122, 479, 997, 849, 1000, 235, 495, 805, 759, 506, 853]
i =  53 [129, 601, 647, 392, 9, 141, 14, 914, 531, 918, 407, 283, 33, 547, 548, 40, 689, 219, 952, 411, 654, 63, 706, 835, 324, 458, 987, 82, 398, 292, 347, 962, 865, 227, 229, 359, 572, 658, 111, 296, 371, 629, 377]
i =  54 [96, 544, 707, 804, 246, 166, 72, 362, 587, 589, 430, 687, 592, 401, 787, 661, 342, 823, 676, 90, 830]
i =  55 [387, 6, 264, 397, 663, 156, 414, 31, 416, 304, 937, 299, 944, 51, 828, 702, 575, 320, 194, 579, 973, 205, 208, 466, 84, 982, 348, 97, 483, 748, 752, 501, 425, 212, 379, 720]
i =  56 [387, 6, 264, 397, 663, 156, 414, 31, 416, 304, 425, 299, 174, 944, 51, 828, 702, 575, 320, 194, 579, 973, 205, 720, 466, 483, 84, 982, 348, 208, 99, 103, 1000, 748, 752, 501, 937, 212, 379]
i =  57 [258, 132, 11, 269, 271, 402, 750, 278, 794, 795, 796, 673, 675, 420, 168, 558, 179, 435, 195, 711, 332, 846, 335, 209, 803, 472, 613, 487, 488, 106, 146, 878, 879, 624, 369, 882, 758, 124]
i =  58 [129, 601, 647, 392, 9, 141, 14, 914, 918, 407, 283, 33, 547, 292, 40, 689, 219, 952, 411, 654, 63, 706, 835, 324, 458, 987, 82, 398, 548, 347, 962, 865, 227, 229, 359, 572, 658, 111, 296, 371, 629, 377]
i =  59 [513, 171, 261, 134, 919, 653, 18, 532, 23, 281, 922, 671, 161, 966, 679, 683, 812, 173, 946, 713, 56, 569, 577, 66, 325, 198, 73, 461, 578, 990, 735, 993, 739, 868, 998, 230, 872, 617, 404, 621, 50, 117, 888, 20, 378]
i =  60 [129, 601, 647, 392, 9, 141, 14, 914, 531, 918, 407, 283, 33, 547, 548, 40, 689, 219, 952, 411, 654, 63, 706, 835, 324, 458, 987, 82, 398, 292, 347, 962, 865, 227, 229, 359, 572, 658, 111, 296, 371, 629, 377]
i =  61 [129, 601, 135, 392, 9, 706, 14, 914, 918, 407, 283, 30, 33, 547, 548, 296, 647, 689, 219, 952, 411, 654, 63, 962, 835, 324, 458, 987, 141, 82, 398, 292, 347, 865, 227, 229, 359, 572, 658, 111, 40, 371, 629, 377]
i =  62 [129, 601, 647, 392, 9, 706, 14, 914, 918, 407, 283, 33, 547, 548, 296, 689, 952, 347, 411, 654, 63, 962, 835, 324, 458, 987, 141, 82, 398, 292, 219, 865, 227, 229, 359, 572, 658, 111, 40, 371, 629, 377]
i =  63 [898, 142, 789, 790, 793, 538, 412, 157, 543, 91, 551, 556, 562, 955, 831, 64, 449, 451, 580, 965, 994, 207, 336, 465, 341, 343, 475, 607, 480, 98, 611, 485, 742, 745, 108, 493, 238, 244, 885, 504, 507, 21, 637, 383]
i =  64 [128, 512, 642, 518, 652, 708, 664, 921, 666, 542, 496, 162, 931, 36, 293, 423, 939, 44, 942, 432, 305, 306, 798, 184, 441, 954, 964, 199, 12, 546, 719, 85, 100, 989, 995, 740, 741, 488, 105, 583, 240, 249, 252]
i =  65 [129, 135, 392, 9, 962, 14, 914, 918, 407, 283, 411, 33, 163, 548, 296, 647, 689, 219, 952, 572, 654, 63, 706, 835, 324, 292, 458, 987, 141, 82, 547, 398, 601, 347, 865, 227, 229, 231, 359, 658, 111, 40, 371, 629, 377]
i =  66 [897, 515, 4, 519, 780, 910, 272, 797, 286, 837, 1, 838, 550, 509, 169, 775, 428, 301, 48, 561, 309, 59, 961, 67, 453, 70, 712, 83, 724, 526, 86, 599, 600, 979, 736, 489, 356, 101, 486, 873, 747, 877, 367, 115, 887, 760, 508, 893, 638, 511]
i =  67 [256, 130, 270, 143, 400, 786, 788, 153, 34, 167, 44, 685, 180, 62, 70, 585, 717, 337, 471, 346, 92, 738, 873, 746, 109, 446, 119]
i =  68 [2, 773, 648, 15, 904, 662, 535, 24, 284, 160, 680, 41, 824, 688, 776, 436, 53, 438, 568, 953, 698, 444, 61, 62, 833, 836, 182, 710, 74, 460, 696, 723, 858, 605, 991, 608, 867, 102, 360, 490, 492, 829, 310, 114, 766, 895]
i =  69 [514, 907, 140, 655, 17, 409, 158, 799, 418, 87, 552, 43, 941, 692, 440, 185, 570, 60, 701, 326, 329, 714, 590, 721, 852, 981, 855, 88, 985, 316, 494, 239, 502, 361, 892]
i =  70 [129, 647, 392, 9, 141, 14, 658, 531, 918, 407, 283, 33, 547, 548, 40, 689, 219, 952, 186, 411, 654, 63, 706, 835, 324, 292, 458, 987, 82, 398, 601, 347, 962, 865, 227, 229, 359, 572, 914, 111, 296, 371, 629, 377]
i =  71 [768, 769, 733, 901, 641, 777, 528, 913, 282, 806, 604, 555, 813, 943, 945, 948, 649, 312, 308, 827, 318, 191, 832, 193, 584, 971, 716, 254, 382, 473, 732, 93, 224, 996, 366, 242, 626, 762, 123, 126]
i =  72 [704, 3, 322, 35, 200, 618, 331, 403, 525, 253, 817, 19, 215, 522, 825, 636, 573, 395, 351]
i =  73 [898, 789, 790, 793, 538, 412, 157, 543, 91, 551, 556, 562, 955, 831, 64, 449, 451, 580, 965, 201, 98, 207, 336, 465, 341, 343, 475, 607, 480, 994, 611, 485, 742, 745, 108, 493, 238, 244, 885, 504, 507, 21, 637, 383]
i =  74 [262, 391, 905, 523, 279, 495, 928, 932, 421, 678, 808, 557, 174, 819, 564, 54, 567, 826, 189, 672, 844, 202, 204, 849, 210, 339, 213, 216, 506, 479, 997, 1000, 235, 751, 805, 759, 122, 853]
i =  75 [513, 171, 261, 134, 919, 578, 18, 404, 23, 281, 922, 671, 161, 966, 679, 683, 812, 173, 946, 713, 56, 569, 577, 66, 325, 198, 73, 461, 653, 218, 990, 735, 739, 868, 998, 230, 872, 617, 621, 50, 888, 532, 378]
i =  76 [128, 512, 642, 518, 652, 708, 664, 921, 666, 542, 240, 546, 931, 36, 293, 423, 939, 44, 942, 432, 305, 306, 184, 441, 954, 964, 583, 12, 719, 85, 100, 989, 199, 995, 740, 741, 488, 233, 496, 105, 249, 252]
i =  77 [619, 260, 534, 902, 8, 906, 783, 406, 408, 26, 154, 520, 929, 774, 936, 298, 427, 560, 177, 178, 313, 586, 450, 505, 69, 327, 968, 389, 842, 596, 469, 57, 984, 985, 862, 354, 230, 871, 234, 875, 620, 957, 368, 886, 889, 635, 810, 639]
i =  78 [131, 651, 396, 399, 274, 20, 405, 791, 152, 668, 926, 159, 291, 682, 815, 176, 55, 571, 445, 373, 42, 839, 970, 612, 978, 726, 217, 986, 731, 890, 357, 993, 739, 484, 869, 999, 237, 883, 757, 660, 250, 319, 125]
i =  79 [772, 390, 972, 911, 912, 273, 148, 661, 151, 25, 417, 816, 969, 437, 841, 65, 963, 328, 457, 330, 588, 470, 856, 94, 481, 482, 236, 498, 245, 631, 891, 764]
i =  80 [262, 391, 905, 523, 279, 495, 928, 932, 805, 678, 808, 557, 174, 819, 564, 54, 567, 826, 189, 672, 844, 202, 204, 849, 210, 339, 853, 122, 479, 997, 1000, 421, 235, 751, 759, 506, 251, 213]
i =  81 [896, 448, 388, 263, 393, 16, 563, 150, 920, 516, 410, 155, 38, 935, 681, 684, 172, 949, 951, 58, 317, 958, 181, 192, 454, 840, 75, 226, 78, 693, 467, 980, 314, 734, 881, 738, 934, 874, 365, 623, 241, 755, 628, 247, 632, 703, 767]
i =  82 [619, 260, 389, 902, 8, 906, 783, 275, 534, 408, 26, 154, 520, 929, 774, 406, 936, 298, 427, 560, 177, 178, 57, 957, 450, 195, 69, 327, 968, 586, 842, 505, 596, 469, 313, 985, 862, 354, 871, 875, 620, 368, 886, 889, 635, 810, 639]
i =  83 [896, 192, 388, 393, 16, 276, 150, 920, 516, 410, 155, 265, 30, 934, 935, 41, 172, 49, 563, 949, 951, 58, 317, 958, 693, 448, 181, 684, 454, 840, 75, 738, 78, 467, 980, 314, 734, 881, 226, 38, 874, 365, 623, 241, 755, 628, 681, 632, 703, 767, 247]
i =  84 [897, 515, 4, 1, 780, 526, 272, 280, 797, 286, 453, 838, 550, 519, 428, 301, 48, 309, 59, 961, 67, 837, 70, 893, 712, 887, 83, 724, 910, 86, 599, 600, 979, 736, 356, 101, 486, 873, 747, 877, 367, 775, 115, 489, 760, 505, 508, 509, 638, 511]
i =  85 [131, 651, 396, 399, 274, 20, 405, 791, 152, 668, 285, 926, 159, 291, 42, 815, 176, 55, 571, 445, 319, 373, 839, 970, 612, 978, 726, 217, 986, 731, 890, 357, 993, 484, 869, 999, 125, 883, 757, 660, 250, 682]
i =  86 [2, 773, 776, 15, 904, 662, 535, 24, 284, 160, 295, 680, 41, 696, 688, 648, 436, 53, 310, 568, 953, 698, 829, 62, 833, 836, 438, 710, 74, 460, 824, 723, 858, 605, 991, 608, 867, 102, 360, 490, 492, 61, 114, 766, 895]
i =  87 [643, 133, 136, 10, 908, 784, 259, 916, 917, 665, 792, 537, 923, 412, 424, 297, 49, 576, 203, 462, 593, 597, 220, 610, 870, 615, 363, 113, 659, 120]
i =  88 [704, 3, 322, 35, 200, 618, 331, 403, 525, 302, 253, 817, 19, 215, 522, 825, 636, 573, 395, 351]
i =  89 [129, 647, 392, 9, 962, 398, 914, 531, 918, 407, 283, 411, 33, 547, 548, 296, 14, 303, 689, 952, 347, 572, 63, 706, 835, 324, 292, 458, 987, 141, 82, 654, 601, 219, 865, 227, 229, 359, 658, 111, 40, 371, 629, 377]
i =  90 [896, 192, 388, 393, 16, 241, 150, 920, 516, 410, 155, 265, 38, 935, 681, 172, 840, 563, 52, 693, 951, 58, 315, 317, 958, 181, 448, 684, 454, 72, 75, 226, 78, 79, 467, 980, 949, 314, 734, 738, 934, 874, 365, 623, 881, 755, 628, 247, 632, 703, 767]
i =  91 [257, 770, 903, 394, 524, 13, 145, 18, 22, 924, 541, 670, 930, 37, 422, 28, 940, 46, 946, 183, 266, 700, 138, 959, 960, 321, 709, 650, 967, 456, 715, 77, 333, 851, 606, 165, 616, 364, 530, 110, 497, 370, 627, 117, 630, 376, 255]
i =  92 [419, 644, 37, 294, 267, 268, 334, 847, 464, 785, 243, 756, 686, 375, 527, 820, 474, 539, 669, 863]
i =  93 [2, 773, 776, 15, 904, 662, 535, 24, 284, 160, 680, 41, 696, 688, 648, 436, 53, 310, 568, 953, 698, 61, 62, 833, 836, 438, 710, 74, 460, 824, 338, 723, 858, 605, 991, 608, 867, 102, 360, 490, 492, 829, 114, 766, 895]
i =  94 [513, 171, 261, 134, 23, 578, 18, 532, 149, 919, 281, 922, 671, 161, 966, 679, 683, 812, 173, 946, 713, 56, 569, 577, 66, 325, 198, 73, 461, 653, 344, 990, 735, 739, 868, 230, 998, 872, 617, 621, 50, 888, 404, 378]
i =  95 [128, 512, 642, 518, 12, 708, 664, 921, 666, 542, 240, 546, 931, 36, 293, 423, 939, 44, 942, 989, 432, 305, 306, 184, 441, 954, 964, 199, 652, 719, 85, 740, 349, 836, 995, 100, 741, 488, 105, 583, 496, 249, 252]
i =  96 [129, 601, 647, 392, 9, 141, 14, 914, 918, 407, 283, 30, 33, 547, 292, 40, 135, 689, 219, 952, 411, 654, 63, 962, 835, 324, 865, 458, 987, 82, 398, 706, 548, 347, 353, 227, 229, 359, 572, 658, 111, 296, 371, 629, 377]
i =  97 [474, 419, 644, 37, 294, 267, 268, 686, 847, 464, 785, 243, 372, 375, 527, 756, 820, 539, 669, 863]
i =  98 [258, 132, 11, 269, 271, 402, 750, 278, 794, 795, 796, 673, 675, 420, 168, 558, 179, 435, 195, 711, 332, 846, 335, 209, 803, 472, 613, 487, 146, 878, 879, 624, 369, 882, 758, 124, 381]
i =  99 [384, 898, 789, 790, 793, 538, 412, 413, 543, 91, 504, 551, 556, 157, 562, 187, 831, 64, 449, 451, 580, 965, 98, 207, 336, 465, 611, 341, 343, 475, 607, 480, 994, 955, 992, 742, 745, 485, 108, 493, 238, 244, 885, 632, 507, 21, 637, 383]
i =  100 [513, 386, 171, 261, 134, 23, 66, 18, 532, 919, 281, 922, 671, 161, 966, 679, 683, 812, 173, 50, 713, 56, 569, 577, 578, 325, 198, 73, 461, 653, 990, 735, 739, 868, 230, 998, 872, 617, 621, 888, 404, 378, 946]
i =  101 [262, 391, 905, 523, 279, 495, 413, 928, 932, 421, 678, 808, 557, 174, 819, 564, 54, 567, 826, 189, 672, 844, 202, 204, 849, 210, 339, 213, 506, 479, 997, 1000, 235, 751, 805, 759, 122, 853]
i =  102 [896, 192, 516, 136, 393, 16, 150, 920, 388, 410, 155, 265, 38, 935, 681, 42, 172, 563, 693, 951, 58, 317, 958, 949, 448, 181, 684, 454, 840, 75, 738, 78, 632, 467, 980, 314, 734, 226, 934, 874, 365, 623, 881, 755, 628, 247, 241, 703, 426, 767]
i =  103 [129, 601, 647, 392, 9, 141, 14, 658, 531, 918, 407, 283, 33, 547, 292, 689, 40, 433, 219, 952, 411, 654, 63, 706, 835, 324, 458, 987, 82, 398, 548, 347, 962, 865, 227, 229, 359, 572, 914, 111, 296, 371, 629, 377]
i =  104 [262, 391, 905, 523, 279, 751, 672, 932, 421, 678, 808, 557, 174, 434, 819, 564, 54, 567, 826, 189, 928, 844, 202, 204, 849, 210, 339, 853, 506, 479, 997, 1000, 235, 237, 495, 805, 759, 122, 213]
i =  105 [517, 7, 779, 667, 927, 800, 802, 175, 415, 566, 442, 187, 188, 447, 705, 32, 674, 850, 468, 89, 859, 222, 491, 876, 749, 499, 127]
i =  106 [1, 515, 4, 897, 780, 526, 272, 152, 797, 286, 837, 838, 550, 509, 169, 519, 428, 301, 48, 309, 59, 961, 67, 452, 453, 70, 712, 83, 724, 910, 86, 599, 600, 979, 736, 489, 356, 101, 486, 873, 747, 877, 367, 775, 115, 887, 760, 508, 893, 638, 511]
i =  107 [896, 192, 388, 393, 16, 563, 150, 920, 516, 410, 155, 934, 935, 681, 684, 172, 949, 951, 314, 317, 958, 181, 448, 454, 455, 840, 75, 738, 78, 693, 467, 980, 58, 734, 881, 226, 38, 874, 365, 623, 241, 755, 628, 247, 632, 703, 767]
i =  108 [129, 601, 647, 392, 9, 706, 14, 658, 531, 918, 407, 283, 33, 547, 548, 40, 689, 219, 952, 411, 654, 63, 962, 835, 324, 458, 987, 141, 82, 398, 292, 347, 478, 865, 227, 229, 359, 572, 914, 111, 296, 371, 372, 629, 377]
i =  109 [129, 647, 392, 9, 141, 14, 658, 531, 918, 407, 283, 33, 547, 548, 40, 689, 219, 952, 411, 654, 63, 706, 835, 324, 292, 458, 987, 977, 82, 398, 601, 347, 962, 865, 227, 229, 359, 572, 914, 111, 296, 371, 500, 629, 377]
i =  110 [514, 907, 140, 655, 17, 409, 158, 799, 418, 87, 552, 43, 941, 692, 440, 570, 60, 701, 326, 329, 714, 590, 721, 852, 981, 855, 88, 361, 316, 494, 239, 502, 503, 892]
i =  111 [33, 229, 234, 139, 307, 725, 510, 149]
i =  112 [129, 601, 647, 392, 9, 141, 14, 658, 531, 533, 918, 407, 283, 33, 547, 292, 40, 689, 952, 347, 411, 654, 63, 706, 835, 324, 458, 987, 82, 398, 548, 219, 962, 865, 227, 229, 359, 572, 914, 111, 296, 371, 629, 377]
i =  113 [897, 515, 4, 1, 780, 526, 272, 797, 286, 837, 838, 550, 509, 554, 519, 428, 301, 48, 309, 59, 961, 67, 453, 70, 712, 83, 724, 910, 86, 599, 600, 979, 736, 489, 356, 101, 486, 873, 747, 877, 367, 775, 115, 887, 760, 508, 893, 638, 511]
i =  114 [899, 646, 137, 781, 536, 431, 29, 287, 289, 811, 559, 565, 694, 439, 190, 459, 843, 848, 345, 602, 737, 228, 753, 248]
i =  115 [896, 192, 388, 393, 16, 241, 150, 920, 516, 410, 155, 265, 38, 935, 681, 172, 563, 181, 951, 58, 317, 958, 693, 448, 684, 581, 454, 840, 75, 226, 78, 467, 980, 949, 314, 734, 738, 934, 874, 365, 623, 881, 755, 628, 247, 632, 703, 767]
i =  116 [897, 515, 4, 86, 1, 780, 526, 272, 274, 405, 152, 797, 286, 453, 70, 550, 509, 519, 428, 301, 48, 309, 59, 961, 67, 837, 838, 712, 887, 975, 83, 724, 910, 598, 599, 600, 979, 736, 356, 101, 486, 873, 747, 877, 367, 775, 115, 489, 760, 508, 893, 638, 511]
i =  117 [131, 651, 396, 399, 274, 660, 405, 791, 152, 668, 926, 159, 291, 42, 815, 176, 55, 571, 445, 373, 731, 839, 970, 612, 978, 726, 217, 986, 603, 890, 357, 993, 484, 869, 999, 125, 883, 757, 20, 250, 319, 682]
i =  118 [257, 770, 903, 650, 524, 13, 145, 530, 110, 22, 28, 541, 670, 930, 165, 924, 940, 46, 183, 266, 700, 138, 394, 959, 960, 321, 709, 967, 456, 715, 77, 851, 606, 616, 364, 622, 497, 370, 627, 630, 376, 255]
i =  119 [896, 172, 388, 265, 16, 448, 150, 920, 516, 410, 155, 393, 38, 935, 681, 684, 563, 693, 951, 314, 317, 958, 181, 192, 454, 840, 75, 226, 78, 467, 980, 949, 58, 734, 881, 738, 934, 874, 365, 623, 625, 755, 628, 247, 632, 241, 703, 767]
i =  120 [2, 773, 648, 15, 904, 662, 535, 24, 284, 160, 680, 41, 824, 688, 776, 436, 53, 310, 568, 953, 698, 61, 62, 833, 836, 438, 710, 74, 460, 696, 723, 858, 605, 991, 608, 867, 102, 360, 490, 492, 829, 114, 634, 766, 895]
i =  121 [385, 656, 147, 27, 540, 288, 34, 39, 170, 300, 574, 196, 718, 340, 476, 223, 352, 225, 104, 807, 744, 633, 763]
i =  122 [544, 707, 676, 246, 166, 743, 72, 362, 587, 589, 430, 687, 592, 401, 787, 342, 823, 804, 90, 830]
i =  123 [385, 147, 27, 540, 288, 34, 807, 170, 300, 574, 196, 718, 340, 476, 223, 352, 225, 744, 39, 104, 754, 633, 763]
i =  124 [257, 770, 771, 903, 650, 524, 13, 145, 530, 22, 924, 541, 670, 930, 165, 28, 940, 46, 183, 266, 700, 138, 394, 959, 960, 321, 709, 967, 456, 715, 77, 851, 606, 616, 364, 110, 497, 370, 627, 630, 376, 255]
i =  125 [896, 192, 388, 393, 782, 16, 150, 920, 516, 410, 155, 265, 934, 935, 681, 172, 563, 949, 951, 58, 317, 958, 181, 448, 684, 454, 840, 75, 738, 78, 693, 467, 980, 241, 314, 734, 226, 38, 874, 365, 623, 881, 755, 628, 247, 632, 703, 767]
i =  126 [257, 770, 903, 650, 524, 13, 145, 530, 22, 924, 541, 670, 801, 930, 165, 28, 940, 46, 183, 266, 700, 138, 394, 959, 960, 321, 709, 967, 456, 715, 77, 851, 606, 616, 364, 110, 497, 370, 627, 630, 376, 255]
i =  127 [900, 307, 778, 139, 909, 529, 915, 277, 857, 880, 290, 164, 549, 422, 809, 429, 814, 221, 690, 691, 311, 956, 834, 323, 68, 118, 582, 695, 727, 591, 594, 595, 725, 214, 983, 729, 730, 988, 861, 677, 609, 355, 657, 232, 860, 107, 722, 112, 211, 884, 374, 553, 121, 477, 818]
i =  128 [517, 7, 779, 667, 415, 32, 674, 175, 822, 442, 187, 188, 705, 927, 566, 802, 850, 468, 89, 859, 222, 800, 491, 876, 749, 499, 127]
i =  129 [129, 601, 647, 392, 9, 706, 14, 914, 531, 918, 407, 283, 33, 547, 548, 296, 689, 952, 347, 411, 654, 63, 962, 835, 324, 458, 845, 987, 141, 82, 398, 292, 219, 865, 227, 229, 359, 572, 658, 111, 40, 371, 629, 377]
i =  130 [131, 682, 651, 396, 399, 274, 20, 405, 791, 152, 668, 926, 159, 291, 42, 815, 176, 55, 571, 445, 757, 839, 970, 612, 978, 726, 217, 986, 731, 890, 869, 993, 866, 484, 357, 999, 883, 373, 660, 250, 319, 125]
i =  131 [2, 773, 648, 15, 904, 662, 535, 24, 284, 160, 680, 41, 696, 688, 776, 436, 53, 438, 568, 953, 698, 61, 62, 833, 836, 310, 710, 74, 460, 824, 723, 858, 605, 991, 608, 867, 102, 360, 490, 492, 829, 114, 766, 894, 895]
i =  132 [419, 644, 933, 294, 267, 268, 686, 847, 464, 785, 37, 243, 820, 375, 527, 756, 474, 539, 669, 863]
i =  133 [513, 171, 261, 134, 919, 653, 18, 532, 23, 281, 922, 671, 161, 966, 679, 938, 683, 812, 173, 946, 713, 56, 569, 577, 66, 325, 198, 73, 461, 578, 990, 735, 739, 868, 998, 230, 872, 617, 621, 50, 888, 404, 378]
i =  134 [772, 390, 972, 911, 912, 273, 148, 661, 151, 25, 417, 816, 969, 437, 950, 841, 65, 963, 328, 457, 330, 588, 470, 856, 94, 481, 482, 236, 498, 631, 891, 764]
i =  135 [619, 260, 406, 902, 8, 906, 889, 783, 534, 408, 26, 154, 520, 929, 774, 936, 298, 427, 178, 560, 177, 50, 313, 586, 450, 69, 327, 968, 389, 842, 975, 596, 469, 57, 984, 985, 862, 354, 230, 871, 875, 620, 957, 368, 886, 505, 635, 810, 639]
finish get all communities
complete deal_communities
commplete get_all_nature_community
----------------------------------The detection result is: 

all communities: 
i =  1 : [45, 47, 71, 95, 116, 197, 206, 350, 358, 380, 443, 463, 521, 545, 614, 640, 645, 699, 728, 761, 821, 854, 864]
i =  2 : [93, 123, 126, 191, 193, 224, 242, 254, 282, 308, 312, 318, 366, 382, 473, 528, 555, 584, 604, 626, 641, 649, 716, 732, 733, 762, 768, 769, 777, 806, 813, 827, 832, 901, 913, 943, 945, 948, 971, 996]
i =  3 : [10, 49, 113, 120, 133, 136, 203, 220, 259, 297, 363, 412, 424, 462, 537, 576, 593, 597, 610, 615, 643, 659, 665, 784, 792, 870, 908, 916, 917, 923]
i =  4 : [33, 139, 149, 229, 234, 307, 510, 725]
i =  5 : [34, 44, 62, 70, 92, 109, 119, 130, 143, 153, 167, 180, 256, 270, 337, 346, 400, 446, 471, 585, 685, 717, 738, 746, 786, 788, 873, 974]
i =  6 : [29, 137, 190, 228, 248, 287, 289, 345, 431, 439, 459, 536, 559, 565, 602, 646, 694, 737, 753, 781, 811, 843, 848, 899, 992]
i =  7 : [68, 79, 107, 112, 118, 121, 139, 164, 211, 214, 221, 232, 277, 290, 307, 311, 323, 355, 374, 422, 429, 477, 529, 549, 553, 582, 591, 594, 595, 609, 657, 677, 690, 691, 695, 722, 725, 727, 729, 730, 778, 809, 814, 818, 834, 857, 860, 861, 880, 884, 900, 909, 915, 956, 983, 988]
i =  8 : [3, 5, 19, 35, 200, 215, 253, 302, 322, 331, 351, 395, 403, 522, 525, 573, 618, 636, 704, 817, 825]
i =  9 : [6, 31, 51, 84, 97, 99, 103, 156, 174, 194, 205, 208, 212, 264, 299, 304, 320, 348, 379, 387, 397, 414, 416, 425, 466, 483, 501, 575, 579, 663, 702, 720, 748, 752, 828, 937, 944, 973, 982, 1000]
i =  10 : [11, 106, 124, 132, 146, 168, 179, 195, 209, 258, 269, 271, 278, 332, 335, 369, 381, 402, 420, 435, 472, 487, 488, 558, 613, 624, 673, 675, 711, 750, 758, 794, 795, 796, 803, 846, 878, 879, 882]
i =  11 : [17, 43, 60, 87, 88, 140, 158, 185, 239, 316, 326, 329, 361, 409, 418, 440, 494, 502, 503, 514, 552, 570, 590, 655, 692, 701, 714, 721, 799, 852, 855, 892, 907, 941, 981, 985]
i =  12 : [25, 65, 94, 148, 151, 236, 245, 273, 328, 330, 390, 417, 437, 457, 470, 481, 482, 498, 588, 631, 661, 764, 772, 816, 841, 856, 891, 911, 912, 950, 963, 969, 972]
i =  13 : [7, 32, 89, 127, 175, 187, 188, 222, 415, 442, 447, 468, 491, 499, 517, 566, 667, 674, 705, 749, 779, 800, 802, 822, 850, 859, 876, 927]
i =  14 : [27, 34, 39, 104, 147, 170, 196, 223, 225, 288, 300, 340, 352, 385, 476, 540, 574, 633, 656, 718, 744, 754, 763, 807]
i =  15 : [72, 90, 96, 166, 246, 342, 362, 401, 430, 544, 587, 589, 592, 661, 676, 687, 697, 707, 743, 787, 804, 823, 830]
i =  16 : [12, 36, 44, 85, 100, 105, 128, 162, 184, 199, 233, 240, 249, 252, 293, 305, 306, 349, 423, 432, 441, 488, 496, 512, 518, 542, 546, 583, 642, 652, 664, 666, 708, 719, 740, 741, 798, 836, 921, 931, 939, 942, 954, 964, 989, 995]
i =  17 : [21, 64, 91, 98, 99, 108, 142, 157, 187, 201, 207, 238, 244, 336, 341, 343, 383, 384, 412, 413, 449, 451, 465, 475, 480, 485, 493, 504, 507, 538, 543, 551, 556, 562, 580, 607, 611, 632, 637, 742, 745, 789, 790, 793, 831, 885, 898, 955, 965, 992, 994]
i =  18 : [37, 52, 243, 267, 268, 294, 334, 372, 375, 419, 464, 474, 527, 539, 644, 669, 686, 756, 785, 820, 847, 863, 933]
i =  19 : [13, 18, 22, 28, 37, 46, 77, 110, 117, 138, 145, 165, 183, 255, 257, 266, 321, 333, 364, 370, 376, 394, 422, 456, 497, 524, 530, 541, 606, 616, 622, 627, 630, 650, 670, 700, 709, 715, 770, 771, 801, 851, 903, 924, 930, 940, 946, 959, 960, 967]
i =  20 : [20, 42, 55, 76, 125, 131, 152, 159, 176, 217, 237, 250, 274, 285, 291, 319, 357, 373, 396, 399, 405, 445, 484, 571, 603, 612, 651, 660, 668, 682, 726, 731, 739, 757, 791, 815, 839, 866, 869, 883, 890, 926, 970, 978, 986, 993, 999]
i =  21 : [54, 81, 122, 174, 189, 202, 204, 210, 213, 216, 235, 237, 251, 262, 279, 339, 391, 413, 421, 434, 479, 495, 506, 523, 557, 564, 567, 672, 678, 751, 759, 805, 808, 819, 826, 844, 849, 853, 905, 928, 932, 997, 1000]
i =  22 : [1, 4, 48, 59, 67, 70, 83, 86, 101, 115, 152, 169, 272, 274, 280, 286, 301, 309, 356, 367, 405, 428, 452, 453, 486, 489, 505, 508, 509, 511, 515, 519, 526, 550, 554, 561, 598, 599, 600, 638, 712, 724, 736, 747, 760, 775, 780, 797, 837, 838, 873, 877, 887, 893, 897, 910, 961, 975, 979]
i =  23 : [2, 15, 24, 41, 53, 61, 62, 74, 102, 114, 160, 182, 284, 295, 310, 338, 360, 436, 438, 444, 460, 490, 492, 535, 568, 605, 608, 634, 648, 662, 680, 688, 696, 698, 710, 723, 766, 773, 776, 824, 829, 833, 836, 858, 867, 894, 895, 904, 953, 991]
i =  24 : [8, 26, 50, 57, 67, 69, 80, 144, 154, 177, 178, 195, 230, 234, 260, 275, 298, 313, 327, 354, 368, 389, 406, 408, 427, 450, 451, 469, 505, 520, 534, 560, 586, 596, 619, 620, 635, 639, 774, 783, 810, 842, 862, 871, 875, 886, 889, 902, 906, 925, 929, 936, 957, 968, 975, 976, 977, 984, 985]
i =  25 : [18, 20, 23, 50, 56, 66, 73, 117, 134, 149, 161, 171, 173, 198, 218, 230, 261, 281, 325, 344, 378, 386, 404, 461, 513, 532, 569, 577, 578, 617, 621, 653, 671, 679, 683, 713, 735, 739, 765, 812, 868, 872, 888, 919, 922, 938, 946, 947, 966, 990, 993, 998]
i =  26 : [16, 30, 38, 41, 42, 49, 52, 58, 72, 75, 78, 79, 136, 150, 155, 172, 181, 192, 226, 241, 247, 263, 265, 276, 314, 315, 317, 365, 388, 393, 410, 426, 448, 454, 455, 467, 516, 563, 581, 623, 625, 628, 632, 681, 684, 693, 703, 734, 738, 755, 767, 782, 840, 874, 881, 896, 920, 934, 935, 949, 951, 958, 980]
i =  27 : [9, 14, 30, 33, 40, 63, 82, 111, 129, 135, 141, 163, 186, 219, 227, 229, 231, 258, 283, 292, 296, 303, 324, 347, 353, 359, 371, 372, 377, 392, 398, 407, 411, 433, 458, 478, 500, 531, 533, 547, 548, 572, 601, 629, 647, 654, 658, 689, 706, 835, 845, 865, 914, 918, 952, 962, 977, 987]
overlapping nodes are:  [18, 20, 30, 33, 34, 37, 41, 42, 44, 49, 50, 52, 62, 67, 70, 72, 79, 99, 117, 136, 139, 149, 152, 174, 187, 195, 229, 230, 234, 237, 258, 274, 307, 372, 405, 412, 413, 422, 451, 488, 505, 632, 661, 725, 738, 739, 836, 873, 946, 975, 977, 985, 992, 993, 1000] 
 NOO is:  55
total time is:  318.984133005
