lens of ground_truth:  27
ground_truth is: [[55, 62, 66, 71, 78, 88, 103, 107, 115, 123, 140, 157, 162, 169, 173, 178, 185, 187, 189, 203, 209, 261, 276, 282, 303, 310, 384, 389, 435, 436, 490, 498, 500, 501, 507, 554, 593, 600, 627, 652, 669, 678, 680, 682, 687, 691, 713, 724, 738, 749, 751, 768, 778, 798, 820, 826, 842, 887, 901, 917, 930, 931, 942, 946, 955, 971], [9, 12, 27, 28, 33, 35, 38, 69, 75, 84, 113, 118, 130, 131, 136, 144, 147, 151, 183, 184, 194, 202, 206, 225, 232, 249, 266, 285, 286, 308, 310, 340, 343, 364, 369, 375, 396, 414, 421, 430, 446, 455, 461, 485, 488, 493, 515, 534, 537, 541, 544, 552, 558, 565, 575, 611, 661, 666, 676, 680, 682, 692, 714, 764, 772, 783, 790, 798, 799, 810, 823, 833, 852, 861, 875, 880, 904, 912, 916, 927, 928, 931, 937, 966, 967, 968, 981, 984, 996], [4, 47, 130, 149, 168, 171, 190, 321, 331, 333, 338, 346, 351, 363, 427, 439, 510, 574, 592, 626, 637, 658, 666, 673, 683, 723, 762, 764, 862, 870, 890, 895, 910, 928, 965], [25, 106, 111, 139, 145, 208, 223, 270, 306, 313, 323, 326, 352, 374, 378, 383, 395, 403, 495, 522, 543, 550, 552, 572, 636, 638, 692, 693, 808, 814, 838, 849, 852, 868, 926, 950, 953, 958, 960, 975, 981, 982, 999], [65, 76, 144, 181, 213, 257, 320, 322, 327, 401, 421, 426, 437, 438, 466, 481, 512, 615, 628, 647, 668, 728, 756, 812, 829, 869, 889, 911, 934, 936], [9, 13, 27, 38, 60, 62, 71, 75, 84, 87, 93, 97, 126, 129, 144, 161, 177, 182, 190, 211, 240, 246, 284, 310, 313, 316, 335, 373, 379, 391, 392, 402, 420, 430, 436, 460, 484, 488, 500, 518, 537, 545, 556, 563, 570, 583, 600, 653, 672, 682, 685, 691, 701, 738, 746, 747, 772, 798, 805, 819, 831, 834, 845, 868, 873, 882, 885, 889, 892, 898, 905, 931, 962, 972, 974, 981], [8, 110, 163, 226, 228, 234, 254, 255, 347, 359, 360, 393, 497, 499, 524, 549, 576, 617, 618, 619, 631, 640, 667, 692, 764, 774, 797, 872, 909, 943, 944, 945, 957, 961, 988], [43, 75, 80, 89, 124, 133, 136, 156, 203, 243, 260, 337, 376, 381, 428, 473, 533, 548, 569, 663, 677, 679, 711, 734, 793, 821, 825, 914, 923, 932, 937, 939, 956, 987, 990], [12, 33, 35, 38, 46, 59, 84, 118, 125, 126, 130, 136, 144, 182, 183, 184, 195, 199, 222, 240, 242, 251, 262, 275, 283, 286, 310, 313, 314, 326, 369, 373, 386, 396, 421, 425, 446, 453, 463, 467, 484, 500, 515, 521, 525, 531, 541, 544, 552, 588, 591, 604, 611, 618, 620, 625, 638, 639, 661, 666, 680, 685, 689, 692, 710, 738, 747, 764, 784, 790, 799, 804, 805, 833, 836, 852, 853, 860, 861, 863, 868, 874, 880, 889, 894, 896, 899, 904, 910, 913, 928, 931, 942, 972, 981], [26, 39, 62, 71, 82, 123, 158, 176, 215, 229, 271, 279, 298, 305, 326, 371, 407, 422, 445, 474, 531, 555, 560, 601, 632, 753, 770, 786, 806, 866, 891, 937, 938, 942, 954, 977, 994], [2, 21, 23, 79, 155, 179, 207, 208, 267, 317, 325, 367, 390, 408, 440, 446, 451, 465, 478, 504, 515, 584, 589, 629, 630, 638, 655, 686, 688, 745, 776, 813, 830, 840, 850, 891, 897, 933, 963, 985], [33, 35, 52, 62, 75, 114, 118, 136, 182, 183, 184, 187, 191, 278, 284, 312, 313, 332, 343, 365, 369, 373, 382, 396, 405, 419, 421, 446, 449, 467, 470, 484, 500, 505, 513, 514, 515, 516, 531, 537, 541, 544, 552, 562, 573, 578, 582, 616, 638, 661, 666, 680, 685, 691, 703, 720, 731, 740, 755, 758, 759, 761, 772, 775, 791, 799, 800, 805, 822, 833, 842, 844, 857, 861, 868, 880, 889, 903, 904, 919, 928, 941, 972, 989, 991, 993], [48, 61, 78, 81, 94, 108, 123, 180, 190, 196, 258, 284, 329, 364, 382, 404, 447, 456, 464, 470, 482, 502, 511, 526, 530, 532, 566, 600, 622, 642, 659, 671, 691, 697, 718, 725, 738, 752, 779, 842, 845, 908, 920, 937, 949, 971], [30, 50, 70, 84, 99, 132, 144, 175, 217, 269, 284, 292, 319, 345, 364, 397, 412, 442, 443, 467, 491, 599, 684, 769, 798, 815, 845, 876, 881, 887, 893], [3, 9, 12, 27, 35, 38, 62, 63, 71, 78, 84, 90, 91, 105, 123, 126, 132, 141, 184, 187, 188, 190, 201, 203, 208, 218, 240, 273, 284, 288, 290, 304, 328, 371, 373, 382, 407, 429, 433, 436, 448, 452, 459, 467, 484, 488, 494, 500, 520, 531, 536, 541, 595, 610, 611, 621, 627, 644, 656, 666, 674, 678, 685, 699, 709, 747, 763, 782, 805, 831, 833, 840, 854, 868, 879, 880, 886, 887, 891, 910, 922, 924, 928, 931, 935, 946, 956, 959, 970], [132, 143, 214, 230, 236, 296, 358, 368, 387, 388, 457, 472, 483, 484, 535, 551, 559, 564, 649, 654, 690, 704, 705, 706, 781, 794, 807], [5, 15, 17, 27, 67, 86, 104, 126, 132, 154, 167, 197, 203, 219, 220, 221, 237, 240, 256, 293, 370, 371, 382, 385, 411, 479, 517, 537, 538, 542, 587, 602, 612, 627, 635, 641, 695, 700, 721, 722, 744, 773, 795, 842, 847, 854, 859, 861, 877, 887, 925, 929, 942, 946, 947, 951, 971, 972, 980, 983], [9, 11, 12, 36, 40, 45, 71, 78, 95, 174, 184, 187, 190, 203, 253, 272, 274, 294, 300, 311, 326, 330, 353, 354, 371, 382, 400, 407, 430, 436, 475, 487, 527, 540, 557, 600, 605, 627, 643, 646, 678, 682, 696, 715, 735, 741, 748, 764, 790, 798, 817, 831, 840, 854, 861, 891, 900, 942, 946, 956, 969, 971], [1, 19, 74, 83, 136, 160, 164, 165, 250, 307, 324, 336, 349, 362, 407, 413, 444, 470, 471, 477, 571, 606, 608, 670, 678, 698, 727, 737, 801, 811, 835, 907, 921], [7, 10, 20, 56, 57, 117, 127, 142, 192, 247, 248, 253, 265, 348, 350, 355, 489, 712, 733, 747, 771, 790, 827, 841, 865], [16, 29, 34, 72, 78, 102, 109, 132, 146, 172, 182, 205, 208, 216, 224, 244, 280, 318, 394, 416, 430, 509, 553, 651, 708, 730, 742, 743, 754, 777, 792, 799, 851, 854, 867, 883, 884, 891, 948, 976], [33, 49, 51, 58, 64, 118, 119, 120, 130, 134, 182, 183, 193, 210, 235, 240, 241, 245, 252, 253, 264, 286, 289, 295, 310, 315, 326, 334, 343, 364, 369, 373, 380, 399, 431, 434, 441, 446, 458, 476, 496, 515, 529, 531, 539, 544, 597, 609, 613, 618, 633, 638, 661, 662, 680, 692, 716, 772, 788, 790, 799, 802, 818, 832, 833, 852, 855, 887, 888, 904, 906, 910, 937, 972, 981, 992], [14, 32, 68, 85, 112, 137, 153, 159, 170, 231, 341, 480, 519, 528, 580, 623, 634, 648, 665, 739, 824, 864, 871], [27, 31, 33, 35, 37, 42, 77, 96, 100, 118, 128, 130, 183, 200, 204, 238, 253, 268, 277, 286, 291, 301, 309, 313, 339, 343, 361, 364, 369, 372, 396, 398, 406, 407, 417, 421, 430, 454, 488, 503, 537, 544, 546, 561, 594, 598, 603, 611, 618, 657, 660, 661, 664, 675, 681, 702, 726, 766, 785, 787, 789, 796, 803, 839, 843, 845, 852, 880, 904, 973, 978, 995, 997, 1000], [9, 12, 18, 24, 38, 73, 75, 92, 98, 101, 123, 126, 152, 186, 187, 227, 239, 253, 297, 299, 302, 342, 344, 371, 396, 423, 432, 436, 450, 462, 467, 470, 488, 492, 506, 523, 541, 552, 567, 568, 600, 611, 624, 627, 645, 678, 682, 685, 691, 719, 738, 747, 750, 765, 772, 780, 805, 809, 831, 842, 845, 848, 854, 878, 889, 940, 946, 956, 971, 979, 986, 998], [54, 121, 122, 135, 138, 148, 150, 166, 208, 233, 259, 263, 287, 357, 366, 377, 409, 410, 415, 424, 468, 470, 486, 508, 577, 581, 585, 596, 607, 694, 729, 736, 757, 760, 767, 816, 828, 840, 856, 858, 902, 910, 918, 964], [6, 22, 41, 44, 53, 116, 198, 212, 281, 286, 343, 356, 418, 469, 547, 579, 586, 590, 614, 618, 650, 707, 717, 732, 831, 837, 840, 846, 915, 952, 956]]
nodes: [600, 618, 696, 713, 740, 760, 770, 781, 784, 786, 809, 815, 828, 846, 856, 859, 863, 865, 871, 875, 885, 887, 897, 900, 903, 905, 906, 921, 925, 930, 934, 942, 945, 949, 958, 962, 965, 967, 970, 971, 975, 976, 978, 981, 984, 985, 989, 990, 992, 998, 1000] num of nodes:  51
[[140, 955, 600], [943, 618, 944, 988], [646, 741, 817, 696], [157, 749, 713, 901], [114, 740, 720, 791], [138, 816, 468, 760, 902], [555, 994, 977, 954, 938, 866, 770, 632, 806], [214, 781, 704, 690, 794, 654], [46, 784, 689, 625], [279, 994, 753, 977, 954, 560, 866, 786, 938], [101, 809, 986, 979, 765], [99, 684, 881, 893, 769, 815, 443], [377, 858, 424, 828, 694], [469, 707, 837, 952, 717, 732, 915, 846], [150, 918, 856, 964, 736], [721, 947, 983, 951, 859, 744, 929], [222, 836, 874, 853, 863], [248, 865, 771, 712, 127, 733, 841], [519, 864, 739, 871, 648, 528, 824, 634, 623], [308, 966, 968, 916, 875], [246, 974, 885, 892, 898], [442, 876, 881, 893, 887], [584, 963, 776, 629, 688, 897], [294, 900, 715, 741, 817], [562, 857, 919, 731, 903], [93, 746, 905, 882], [434, 906, 888, 633, 788], [160, 811, 608, 907, 921, 698], [237, 951, 925, 795, 695, 980], [498, 930, 917, 768, 826], [437, 934, 869, 936, 812, 911, 756, 829, 668], [560, 994, 977, 938, 954, 942], [499, 944, 961, 774, 988, 957, 872, 945, 909, 797], [464, 908, 949, 659, 920, 482], [495, 982, 960, 849, 814, 953, 950, 958], [60, 211, 545, 962, 898], [338, 965, 862, 673, 895, 658, 890], [113, 966, 996, 967, 927], [218, 970, 959, 922, 886], [11, 971, 969, 643], [550, 982, 975, 849, 960, 808, 543, 953, 950], [216, 976, 884, 948, 792, 883, 777], [675, 995, 843, 785, 978, 787], [378, 960, 982, 981, 999], [558, 783, 966, 912, 984, 927], [23, 963, 440, 745, 933, 985], [800, 844, 919, 989, 941, 822, 991], [663, 825, 923, 932, 939, 990, 987, 711, 821, 793, 914], [295, 992, 431, 476, 662], [299, 998, 979, 986, 848, 719], [42, 1000, 681, 361, 973]]
len of cliques:  51
downsides after: [[663, 825, 923, 932, 939, 990, 987, 711, 821, 793, 914], [499, 944, 961, 774, 988, 957, 872, 945, 909, 797], [555, 994, 977, 954, 938, 866, 770, 632, 806], [279, 994, 753, 977, 954, 560, 866, 786, 938], [519, 864, 739, 871, 648, 528, 824, 634, 623], [437, 934, 869, 936, 812, 911, 756, 829, 668], [550, 982, 975, 849, 960, 808, 543, 953, 950], [469, 707, 837, 952, 717, 732, 915, 846], [495, 982, 960, 849, 814, 953, 950, 958], [99, 684, 881, 893, 769, 815, 443], [721, 947, 983, 951, 859, 744, 929], [248, 865, 771, 712, 127, 733, 841], [338, 965, 862, 673, 895, 658, 890], [216, 976, 884, 948, 792, 883, 777], [800, 844, 919, 989, 941, 822, 991], [214, 781, 704, 690, 794, 654], [584, 963, 776, 629, 688, 897], [160, 811, 608, 907, 921, 698], [237, 951, 925, 795, 695, 980], [560, 994, 977, 938, 954, 942], [464, 908, 949, 659, 920, 482], [675, 995, 843, 785, 978, 787], [558, 783, 966, 912, 984, 927], [23, 963, 440, 745, 933, 985], [299, 998, 979, 986, 848, 719], [138, 816, 468, 760, 902], [101, 809, 986, 979, 765], [377, 858, 424, 828, 694], [150, 918, 856, 964, 736], [222, 836, 874, 853, 863], [308, 966, 968, 916, 875], [246, 974, 885, 892, 898], [442, 876, 881, 893, 887], [294, 900, 715, 741, 817], [562, 857, 919, 731, 903], [434, 906, 888, 633, 788], [498, 930, 917, 768, 826], [60, 211, 545, 962, 898], [113, 966, 996, 967, 927], [218, 970, 959, 922, 886], [378, 960, 982, 981, 999], [295, 992, 431, 476, 662], [42, 1000, 681, 361, 973], [943, 618, 944, 988], [646, 741, 817, 696], [157, 749, 713, 901], [114, 740, 720, 791], [46, 784, 689, 625], [93, 746, 905, 882], [11, 971, 969, 643]]
number of downsided seeds: 50
[[663, 825, 923, 932, 939, 990, 987, 711, 821, 793, 914], [499, 944, 961, 774, 988, 957, 872, 945, 909, 797], [555, 994, 977, 954, 938, 866, 770, 632, 806], [279, 994, 753, 977, 954, 560, 866, 786, 938], [519, 864, 739, 871, 648, 528, 824, 634, 623], [437, 934, 869, 936, 812, 911, 756, 829, 668], [550, 982, 975, 849, 960, 808, 543, 953, 950], [469, 707, 837, 952, 717, 732, 915, 846], [495, 982, 960, 849, 814, 953, 950, 958], [99, 684, 881, 893, 769, 815, 443], [721, 947, 983, 951, 859, 744, 929], [248, 865, 771, 712, 127, 733, 841], [338, 965, 862, 673, 895, 658, 890], [216, 976, 884, 948, 792, 883, 777], [800, 844, 919, 989, 941, 822, 991], [214, 781, 704, 690, 794, 654], [584, 963, 776, 629, 688, 897], [160, 811, 608, 907, 921, 698], [237, 951, 925, 795, 695, 980], [560, 994, 977, 938, 954, 942], [464, 908, 949, 659, 920, 482], [675, 995, 843, 785, 978, 787], [558, 783, 966, 912, 984, 927], [23, 963, 440, 745, 933, 985], [299, 998, 979, 986, 848, 719], [138, 816, 468, 760, 902], [101, 809, 986, 979, 765], [377, 858, 424, 828, 694], [150, 918, 856, 964, 736], [222, 836, 874, 853, 863], [308, 966, 968, 916, 875], [246, 974, 885, 892, 898], [442, 876, 881, 893, 887], [294, 900, 715, 741, 817], [562, 857, 919, 731, 903], [434, 906, 888, 633, 788], [498, 930, 917, 768, 826], [60, 211, 545, 962, 898], [113, 966, 996, 967, 927], [218, 970, 959, 922, 886], [378, 960, 982, 981, 999], [295, 992, 431, 476, 662], [42, 1000, 681, 361, 973], [943, 618, 944, 988], [646, 741, 817, 696], [157, 749, 713, 901], [114, 740, 720, 791], [46, 784, 689, 625], [93, 746, 905, 882], [11, 971, 969, 643]]
after sorted:  [[663, 825, 923, 932, 939, 990, 987, 711, 821, 793, 914], [499, 944, 961, 774, 988, 957, 872, 945, 909, 797], [555, 994, 977, 954, 938, 866, 770, 632, 806], [279, 994, 753, 977, 954, 560, 866, 786, 938], [519, 864, 739, 871, 648, 528, 824, 634, 623], [437, 934, 869, 936, 812, 911, 756, 829, 668], [550, 982, 975, 849, 960, 808, 543, 953, 950], [469, 707, 837, 952, 717, 732, 915, 846], [495, 982, 960, 849, 814, 953, 950, 958], [99, 684, 881, 893, 769, 815, 443], [721, 947, 983, 951, 859, 744, 929], [248, 865, 771, 712, 127, 733, 841], [338, 965, 862, 673, 895, 658, 890], [216, 976, 884, 948, 792, 883, 777], [800, 844, 919, 989, 941, 822, 991], [214, 781, 704, 690, 794, 654], [584, 963, 776, 629, 688, 897], [160, 811, 608, 907, 921, 698], [237, 951, 925, 795, 695, 980], [560, 994, 977, 938, 954, 942], [464, 908, 949, 659, 920, 482], [675, 995, 843, 785, 978, 787], [558, 783, 966, 912, 984, 927], [23, 963, 440, 745, 933, 985], [299, 998, 979, 986, 848, 719], [138, 816, 468, 760, 902], [101, 809, 986, 979, 765], [377, 858, 424, 828, 694], [150, 918, 856, 964, 736], [222, 836, 874, 853, 863], [308, 966, 968, 916, 875], [246, 974, 885, 892, 898], [442, 876, 881, 893, 887], [294, 900, 715, 741, 817], [562, 857, 919, 731, 903], [434, 906, 888, 633, 788], [498, 930, 917, 768, 826], [60, 211, 545, 962, 898], [113, 966, 996, 967, 927], [218, 970, 959, 922, 886], [378, 960, 982, 981, 999], [295, 992, 431, 476, 662], [42, 1000, 681, 361, 973], [943, 618, 944, 988], [646, 741, 817, 696], [157, 749, 713, 901], [114, 740, 720, 791], [46, 784, 689, 625], [93, 746, 905, 882], [11, 971, 969, 643]]
before num:  50
befor deal_cliques:  50
after deal_cliques:  50
length of seeds:  50
seeds:  [set([923, 932, 711, 939, 825, 914, 821, 663, 793, 987, 990]), set([961, 774, 872, 909, 957, 944, 945, 499, 988, 797]), set([994, 866, 806, 938, 555, 770, 977, 632, 954]), set([994, 753, 938, 866, 560, 977, 786, 279, 954]), set([864, 739, 871, 648, 519, 623, 528, 824, 634]), set([869, 934, 936, 812, 911, 756, 437, 668, 829]), set([960, 982, 550, 808, 975, 849, 950, 953, 543]), set([707, 837, 717, 846, 915, 469, 952, 732]), set([960, 982, 814, 495, 849, 950, 953, 958]), set([769, 99, 881, 443, 684, 893, 815]), set([859, 929, 947, 983, 744, 721, 951]), set([865, 771, 712, 841, 127, 248, 733]), set([673, 658, 965, 890, 338, 862, 895]), set([976, 216, 883, 948, 792, 777, 884]), set([800, 822, 919, 991, 844, 941, 989]), set([704, 690, 214, 794, 781, 654]), set([688, 897, 963, 629, 584, 776]), set([160, 608, 811, 921, 698, 907]), set([795, 980, 951, 695, 237, 925]), set([560, 977, 994, 938, 954, 942]), set([464, 482, 659, 949, 920, 908]), set([785, 978, 675, 787, 843, 995]), set([912, 966, 984, 927, 558, 783]), set([985, 963, 933, 23, 440, 745]), set([848, 979, 998, 986, 299, 719]), set([816, 760, 138, 468, 902]), set([809, 986, 979, 101, 765]), set([424, 377, 858, 828, 694]), set([856, 736, 964, 150, 918]), set([874, 836, 853, 222, 863]), set([968, 308, 875, 916, 966]), set([898, 892, 246, 974, 885]), set([881, 442, 876, 893, 887]), set([817, 715, 900, 741, 294]), set([857, 562, 731, 919, 903]), set([888, 633, 434, 788, 906]), set([768, 917, 498, 826, 930]), set([545, 962, 211, 60, 898]), set([113, 967, 996, 966, 927]), set([218, 959, 970, 886, 922]), set([960, 378, 981, 982, 999]), set([992, 295, 476, 662, 431]), set([1000, 681, 42, 973, 361]), set([944, 618, 988, 943]), set([696, 817, 741, 646]), set([713, 749, 901, 157]), set([720, 114, 740, 791]), set([784, 689, 46, 625]), set([905, 746, 882, 93]), set([969, 11, 643, 971])]
seeds_fitness [0.19642857142857142, 0.162748643761302, 0.15384615384615385, 0.1603563474387528, 0.2571428571428571, 0.1925133689839572, 0.13138686131386862, 0.1728395061728395, 0.11089108910891089, 0.16535433070866143, 0.08015267175572519, 0.1794871794871795, 0.12352941176470589, 0.1076923076923077, 0.07473309608540925, 0.13636363636363635, 0.08902077151335312, 0.1056338028169014, 0.06696428571428571, 0.06479481641468683, 0.09375, 0.06289308176100629, 0.058027079303675046, 0.0872093023255814, 0.06696428571428571, 0.07168458781362007, 0.056022408963585436, 0.07662835249042145, 0.05763688760806916, 0.060790273556231005, 0.04246284501061571, 0.05333333333333334, 0.0711743772241993, 0.08333333333333333, 0.053763440860215055, 0.06514657980456026, 0.055401662049861494, 0.06309148264984227, 0.040983606557377046, 0.04784688995215311, 0.041237113402061855, 0.0796812749003984, 0.05115089514066496, 0.033426183844011144, 0.057971014492753624, 0.05106382978723404, 0.06217616580310881, 0.06382978723404255, 0.04411764705882353, 0.0392156862745098]
after sort list of tuple: [(4, 0.2571428571428571), (0, 0.19642857142857142), (5, 0.1925133689839572), (11, 0.1794871794871795), (7, 0.1728395061728395), (9, 0.16535433070866143), (1, 0.162748643761302), (3, 0.1603563474387528), (2, 0.15384615384615385), (15, 0.13636363636363635), (6, 0.13138686131386862), (12, 0.12352941176470589), (8, 0.11089108910891089), (13, 0.1076923076923077), (17, 0.1056338028169014), (20, 0.09375), (16, 0.08902077151335312), (23, 0.0872093023255814), (33, 0.08333333333333333), (10, 0.08015267175572519), (41, 0.0796812749003984), (27, 0.07662835249042145), (14, 0.07473309608540925), (25, 0.07168458781362007), (32, 0.0711743772241993), (18, 0.06696428571428571), (24, 0.06696428571428571), (35, 0.06514657980456026), (19, 0.06479481641468683), (47, 0.06382978723404255), (37, 0.06309148264984227), (21, 0.06289308176100629), (46, 0.06217616580310881), (29, 0.060790273556231005), (22, 0.058027079303675046), (44, 0.057971014492753624), (28, 0.05763688760806916), (26, 0.056022408963585436), (36, 0.055401662049861494), (34, 0.053763440860215055), (31, 0.05333333333333334), (42, 0.05115089514066496), (45, 0.05106382978723404), (39, 0.04784688995215311), (48, 0.04411764705882353), (30, 0.04246284501061571), (40, 0.041237113402061855), (38, 0.040983606557377046), (49, 0.0392156862745098), (43, 0.033426183844011144)]
seeds_sorted [set([864, 739, 871, 648, 519, 623, 528, 824, 634]), set([923, 932, 711, 939, 825, 914, 821, 663, 793, 987, 990]), set([869, 934, 936, 812, 911, 756, 437, 668, 829]), set([865, 771, 712, 841, 127, 248, 733]), set([707, 837, 717, 846, 915, 469, 952, 732]), set([769, 99, 881, 443, 684, 893, 815]), set([961, 774, 872, 909, 957, 944, 945, 499, 988, 797]), set([994, 753, 938, 866, 560, 977, 786, 279, 954]), set([994, 866, 806, 938, 555, 770, 977, 632, 954]), set([704, 690, 214, 794, 781, 654]), set([960, 982, 550, 808, 975, 849, 950, 953, 543]), set([673, 658, 965, 890, 338, 862, 895]), set([960, 982, 814, 495, 849, 950, 953, 958]), set([976, 216, 883, 948, 792, 777, 884]), set([160, 608, 811, 921, 698, 907]), set([464, 482, 659, 949, 920, 908]), set([688, 897, 963, 629, 584, 776]), set([985, 963, 933, 23, 440, 745]), set([817, 715, 900, 741, 294]), set([859, 929, 947, 983, 744, 721, 951]), set([992, 295, 476, 662, 431]), set([424, 377, 858, 828, 694]), set([800, 822, 919, 991, 844, 941, 989]), set([816, 760, 138, 468, 902]), set([881, 442, 876, 893, 887]), set([795, 980, 951, 695, 237, 925]), set([848, 979, 998, 986, 299, 719]), set([888, 633, 434, 788, 906]), set([560, 977, 994, 938, 954, 942]), set([784, 689, 46, 625]), set([545, 962, 211, 60, 898]), set([785, 978, 675, 787, 843, 995]), set([720, 114, 740, 791]), set([874, 836, 853, 222, 863]), set([912, 966, 984, 927, 558, 783]), set([696, 817, 741, 646]), set([856, 736, 964, 150, 918]), set([809, 986, 979, 101, 765]), set([768, 917, 498, 826, 930]), set([857, 562, 731, 919, 903]), set([898, 892, 246, 974, 885]), set([1000, 681, 42, 973, 361]), set([713, 749, 901, 157]), set([218, 959, 970, 886, 922]), set([905, 746, 882, 93]), set([968, 308, 875, 916, 966]), set([960, 378, 981, 982, 999]), set([113, 967, 996, 966, 927]), set([969, 11, 643, 971]), set([944, 618, 988, 943])]
args__________ ([set([864, 739, 871, 648, 519, 623, 528, 824, 634]), set([944, 618, 988, 943])],)
args__________ ([set([923, 932, 711, 939, 825, 914, 821, 663, 793, 987, 990]), set([969, 11, 643, 971])],)
args__________ ([set([869, 934, 936, 812, 911, 756, 437, 668, 829]), set([113, 967, 996, 966, 927])],)
args__________ ([set([865, 771, 712, 841, 127, 248, 733]), set([960, 378, 981, 982, 999])],)
args__________ ([set([707, 837, 717, 846, 915, 469, 952, 732]), set([968, 308, 875, 916, 966])],)
args__________ ([set([769, 99, 881, 443, 684, 893, 815]), set([905, 746, 882, 93])],)
args__________ ([set([961, 774, 872, 909, 957, 944, 945, 499, 988, 797]), set([218, 959, 970, 886, 922])],)
args__________ ([set([994, 753, 938, 866, 560, 977, 786, 279, 954]), set([713, 749, 901, 157])],)
args__________ ([set([994, 866, 806, 938, 555, 770, 977, 632, 954]), set([1000, 681, 42, 973, 361])],)
args__________ ([set([704, 690, 214, 794, 781, 654]), set([898, 892, 246, 974, 885])],)
args__________ ([set([960, 982, 550, 808, 975, 849, 950, 953, 543]), set([857, 562, 731, 919, 903])],)
args__________ ([set([673, 658, 965, 890, 338, 862, 895]), set([768, 917, 498, 826, 930])],)
args__________ ([set([960, 982, 814, 495, 849, 950, 953, 958]), set([809, 986, 979, 101, 765])],)
args__________ ([set([976, 216, 883, 948, 792, 777, 884]), set([856, 736, 964, 150, 918])],)
args__________ ([set([160, 608, 811, 921, 698, 907]), set([696, 817, 741, 646])],)
args__________ ([set([464, 482, 659, 949, 920, 908]), set([912, 966, 984, 927, 558, 783])],)
args__________ ([set([688, 897, 963, 629, 584, 776]), set([874, 836, 853, 222, 863])],)
args__________ ([set([985, 963, 933, 23, 440, 745]), set([720, 114, 740, 791])],)
args__________ ([set([817, 715, 900, 741, 294])],)
args__________ ([set([859, 929, 947, 983, 744, 721, 951])],)
args__________ ([set([992, 295, 476, 662, 431])],)
args__________ ([set([424, 377, 858, 828, 694])],)
args__________ ([set([800, 822, 919, 991, 844, 941, 989])],)
args__________ ([set([816, 760, 138, 468, 902])],)
args__________ ([set([881, 442, 876, 893, 887])],)
args__________ ([set([795, 980, 951, 695, 237, 925])],)
args__________ ([set([848, 979, 998, 986, 299, 719])],)
args__________ ([set([888, 633, 434, 788, 906])],)
args__________ ([set([560, 977, 994, 938, 954, 942])],)
args__________ ([set([784, 689, 46, 625])],)
args__________ ([set([545, 962, 211, 60, 898])],)
args__________ ([set([785, 978, 675, 787, 843, 995])],)
finish process___________________
sorted nodes by betweenness [9, 12, 27, 33, 35, 38, 62, 75, 78, 84, 98, 118, 123, 126, 130, 132, 136, 144, 182, 183, 184, 187, 190, 199, 203, 208, 240, 253, 284, 286, 310, 313, 326, 343, 364, 369, 371, 373, 382, 396, 407, 421, 430, 436, 446, 467, 470, 484, 488, 500, 515, 531, 537, 541, 544, 552, 600, 611, 627, 638, 661, 666, 678, 680, 682, 685, 691, 692, 738, 747, 764, 772, 790, 798, 799, 805, 831, 833, 840, 842, 845, 852, 854, 861, 868, 880, 889, 891, 904, 910, 928, 931, 937, 946, 956, 972]
args__________ ([[9, 873, 892]],)
args__________ ([[12, 833, 736]],)
args__________ ([[27, 995, 980]],)
args__________ ([[33, 998]],)
args__________ ([[35, 967, 493]],)
args__________ ([[38, 898, 885]],)
args__________ ([[62, 901, 276]],)
args__________ ([[75, 194, 984]],)
args__________ ([[78, 908, 920]],)
args__________ ([[69, 84]],)
args__________ ([[73, 98, 940]],)
args__________ ([[118, 836, 620]],)
args__________ ([[123, 994, 977]],)
args__________ ([[126, 931, 905]],)
args__________ ([[130, 996, 967]],)
args__________ ([[132, 876, 599]],)
args__________ ([[136, 923, 987, 990]],)
args__________ ([[144, 934, 936]],)
args__________ ([[182, 960, 967]],)
args__________ ([[183, 967, 996]],)
args__________ ([[184, 485, 916]],)
args__________ ([[187, 919, 991]],)
args__________ ([[190, 196, 752]],)
args__________ ([[199, 804, 874]],)
args__________ ([[203, 987, 990]],)
args__________ ([[208, 867, 976]],)
args__________ ([[94, 240]],)
args__________ ([[134, 969, 253]],)
args__________ ([[284, 743, 754]],)
args__________ ([[286, 823, 790]],)
args__________ ([[310, 834, 873]],)
args__________ ([[313, 974, 400]],)
finish single seed process___________________
sorted nodes by betweenness [326, 343, 364, 369, 371, 373, 382, 396, 430, 436, 446, 467, 470, 484, 488, 500, 515, 531, 537, 541, 544, 552, 611, 627, 638, 661, 666, 678, 680, 682, 685, 691, 692, 738, 747, 764, 772, 798, 799, 805, 831, 840, 842, 845, 852, 854, 861, 868, 880, 889, 891, 904, 910, 928, 937, 946, 956, 972]
args__________ ([[326, 994, 938]],)
args__________ ([[676, 995, 343]],)
args__________ ([[364, 769, 881]],)
args__________ ([[369, 896, 863]],)
args__________ ([[371, 994, 806]],)
args__________ ([[373, 898, 962]],)
args__________ ([[3, 382, 935]],)
args__________ ([[844, 396, 941]],)
args__________ ([[393, 988, 430]],)
args__________ ([[436, 513, 861]],)
args__________ ([[446, 963, 985]],)
args__________ ([[278, 993, 467]],)
args__________ ([[470, 835, 670]],)
args__________ ([[484, 898, 892, 974]],)
args__________ ([[461, 996, 488]],)
args__________ ([[500, 834, 882]],)
args__________ ([[515, 810, 565]],)
args__________ ([[531, 770, 977, 994]],)
args__________ ([[246, 974, 537]],)
args__________ ([[304, 809, 541]],)
args__________ ([[544, 775, 989]],)
args__________ ([[552, 999, 693, 975]],)
args__________ ([[611, 966, 912, 984]],)
args__________ ([[627, 983, 795, 947]],)
args__________ ([[609, 992, 972, 638]],)
args__________ ([[120, 906, 661]],)
args__________ ([[666, 993, 991, 903]],)
args__________ ([[19, 907, 921, 678]],)
args__________ ([[283, 804, 680]],)
args__________ ([[101, 998, 682]],)
args__________ ([[371, 998, 685]],)
args__________ ([[526, 691, 920, 725]],)
finish single seed process___________________
sorted nodes by betweenness [692, 738, 747, 764, 772, 798, 799, 805, 831, 840, 842, 845, 852, 854, 868, 880, 889, 891, 904, 910, 928, 937, 946, 956]
args__________ ([[692, 961, 988, 943]],)
args__________ ([[18, 738, 506]],)
args__________ ([[733, 865, 747, 827]],)
args__________ ([[714, 764, 968, 996]],)
args__________ ([[772, 941, 989, 991]],)
args__________ ([[684, 815, 893, 798]],)
args__________ ([[72, 884, 799]],)
args__________ ([[624, 805, 848, 878]],)
args__________ ([[699, 709, 970, 831]],)
args__________ ([[440, 840, 985, 933, 813]],)
args__________ ([[749, 955, 930, 917, 842]],)
args__________ ([[175, 881, 893, 845, 599]],)
args__________ ([[997, 1000, 726, 657, 852]],)
args__________ ([[394, 976, 948, 854]],)
args__________ ([[791, 989, 868, 805]],)
args__________ ([[202, 996, 783, 880]],)
args__________ ([[512, 869, 936, 911, 756, 889]],)
args__________ ([[866, 891, 977, 994, 938, 954]],)
args__________ ([[703, 993, 904, 941]],)
args__________ ([[346, 890, 895, 910]],)
args__________ ([[534, 968, 875, 916, 928]],)
args__________ ([[279, 994, 753, 977, 954, 937]],)
args__________ ([[940, 971, 946, 986]],)
args__________ ([[734, 987, 932, 939, 923, 990, 956]],)
finish single seed process___________________
i =  0 [519, 648, 137, 14, 528, 153, 580, 159, 32, 665, 170, 824, 480, 68, 341, 864, 739, 871, 231, 623, 112, 634, 85]
i =  1 [640, 774, 8, 393, 524, 909, 667, 797, 163, 549, 943, 944, 945, 957, 576, 961, 360, 347, 988, 226, 228, 359, 872, 617, 618, 619, 110, 497, 499, 631, 234, 254, 255]
i =  2 [939, 260, 133, 914, 533, 663, 793, 923, 156, 734, 932, 677, 679, 43, 428, 821, 825, 711, 548, 80, 337, 569, 473, 987, 990, 243, 89, 376, 124, 381]
i =  3 [643, 900, 646, 11, 527, 400, 274, 540, 36, 294, 40, 300, 557, 174, 817, 311, 696, 95, 971, 969, 330, 715, 45, 475, 605, 735, 353, 354, 741, 487, 748, 272]
i =  4 [512, 257, 647, 911, 401, 668, 934, 936, 426, 812, 437, 438, 628, 829, 181, 320, 65, 322, 327, 76, 466, 213, 728, 481, 869, 615, 756]
i =  5 [131, 266, 783, 912, 147, 916, 534, 151, 28, 285, 414, 927, 676, 810, 455, 558, 308, 565, 823, 202, 575, 194, 69, 966, 967, 968, 714, 461, 206, 340, 984, 225, 996, 485, 232, 875, 493, 113, 375, 249]
i =  6 [771, 7, 265, 10, 142, 20, 56, 57, 827, 192, 712, 841, 348, 733, 350, 865, 355, 489, 117, 247, 248, 127]
i =  7 [522, 395, 270, 145, 403, 25, 495, 926, 543, 550, 808, 814, 306, 693, 950, 953, 572, 958, 960, 323, 838, 975, 849, 139, 981, 982, 223, 352, 999, 106, 111, 374, 378, 636, 383]
i =  8 [6, 650, 915, 22, 281, 418, 547, 41, 44, 53, 952, 707, 837, 198, 586, 717, 846, 212, 590, 732, 356, 614, 579, 116, 469]
i =  9 [131, 266, 783, 912, 147, 916, 534, 151, 28, 285, 414, 927, 676, 810, 967, 558, 308, 565, 823, 202, 575, 194, 69, 966, 455, 968, 714, 461, 206, 340, 984, 225, 996, 485, 232, 875, 493, 113, 375, 249]
i =  10 [769, 397, 217, 815, 412, 30, 292, 684, 175, 50, 442, 443, 319, 70, 269, 599, 345, 99, 491, 876, 881, 893]
i =  11 [129, 898, 518, 391, 392, 905, 653, 563, 402, 672, 161, 420, 556, 177, 819, 570, 60, 701, 885, 834, 583, 460, 974, 13, 211, 87, 335, 93, 962, 97, 316, 746, 882, 545, 246, 873, 379, 892]
i =  12 [640, 774, 8, 393, 524, 909, 667, 797, 163, 549, 943, 944, 945, 957, 576, 961, 360, 347, 988, 226, 228, 359, 872, 617, 234, 619, 110, 497, 499, 631, 254, 255]
i =  13 [3, 644, 520, 141, 782, 656, 273, 536, 922, 924, 90, 288, 290, 935, 429, 304, 433, 699, 188, 63, 448, 452, 709, 328, 201, 970, 459, 674, 595, 218, 91, 610, 763, 105, 621, 494, 879, 886, 959]
i =  14 [770, 271, 786, 806, 279, 26, 158, 560, 422, 39, 298, 555, 176, 305, 954, 445, 866, 977, 82, 215, 601, 474, 994, 229, 753, 632, 938]
i =  15 [768, 384, 261, 103, 778, 140, 276, 917, 282, 687, 669, 901, 162, 389, 169, 554, 173, 303, 178, 435, 820, 55, 185, 826, 955, 189, 66, 71, 652, 930, 593, 713, 724, 88, 209, 490, 107, 749, 751, 157, 498, 115, 501, 507]
i =  16 [770, 271, 786, 806, 279, 26, 158, 560, 422, 39, 298, 555, 176, 305, 954, 445, 866, 977, 82, 215, 601, 474, 994, 229, 753, 632, 938]
i =  17 [128, 598, 268, 398, 785, 787, 660, 277, 406, 664, 796, 31, 417, 546, 675, 37, 681, 42, 301, 561, 309, 702, 454, 839, 200, 843, 204, 973, 291, 77, 594, 803, 726, 603, 96, 995, 100, 997, 657, 1000, 361, 978, 238, 339, 372, 503, 766, 789]
i =  18 [387, 388, 649, 781, 654, 143, 535, 794, 551, 296, 559, 690, 564, 704, 705, 706, 457, 214, 472, 483, 358, 230, 807, 236, 368]
i =  19 [129, 898, 518, 391, 392, 905, 13, 402, 819, 672, 161, 420, 556, 177, 563, 570, 60, 701, 885, 962, 583, 460, 974, 653, 211, 87, 335, 834, 93, 97, 316, 746, 882, 545, 246, 873, 379, 892]
i =  20 [522, 395, 270, 145, 403, 25, 111, 926, 543, 550, 808, 814, 306, 693, 950, 953, 572, 958, 960, 323, 838, 975, 849, 139, 982, 223, 352, 999, 106, 495, 374, 378, 636, 383]
i =  21 [513, 514, 516, 903, 791, 405, 278, 919, 800, 419, 775, 941, 562, 52, 822, 312, 573, 191, 449, 578, 582, 844, 332, 720, 761, 857, 731, 989, 991, 993, 740, 616, 365, 114, 755, 758, 759, 505, 703]
i =  22 [171, 4, 658, 149, 427, 673, 168, 683, 47, 439, 574, 321, 965, 331, 333, 592, 338, 723, 346, 762, 862, 351, 870, 363, 626, 890, 637, 510, 895]
i =  23 [768, 384, 261, 669, 778, 652, 276, 917, 593, 282, 687, 157, 389, 162, 140, 169, 554, 173, 303, 178, 435, 820, 55, 901, 185, 826, 955, 189, 66, 713, 930, 209, 724, 88, 103, 490, 107, 749, 751, 498, 115, 501, 507]
i =  24 [522, 139, 270, 403, 25, 111, 926, 543, 550, 808, 814, 306, 693, 950, 953, 572, 958, 960, 323, 838, 975, 849, 982, 395, 223, 352, 999, 106, 495, 374, 378, 636, 383]
i =  25 [645, 523, 780, 152, 18, 878, 24, 423, 809, 299, 940, 302, 432, 567, 568, 186, 450, 73, 462, 719, 848, 979, 342, 344, 986, 92, 227, 101, 998, 492, 750, 239, 624, 297, 506, 765]
i =  26 [777, 394, 651, 16, 280, 146, 792, 29, 416, 34, 553, 172, 948, 244, 318, 708, 72, 205, 976, 851, 216, 730, 224, 867, 742, 102, 743, 109, 754, 883, 884, 509]
i =  27 [259, 150, 902, 135, 138, 148, 918, 409, 410, 415, 166, 424, 263, 816, 694, 287, 828, 577, 964, 581, 585, 468, 377, 856, 729, 858, 54, 607, 736, 357, 486, 366, 596, 757, 760, 121, 122, 508, 767]
i =  28 [1, 907, 19, 921, 413, 670, 160, 801, 164, 165, 811, 349, 307, 698, 571, 444, 835, 324, 74, 727, 336, 83, 471, 477, 606, 608, 737, 362, 250]
i =  29 [643, 900, 646, 11, 527, 272, 274, 540, 36, 294, 40, 300, 45, 174, 605, 817, 311, 696, 735, 969, 330, 715, 475, 557, 95, 353, 354, 741, 487, 748, 400]
i =  30 [642, 779, 908, 258, 526, 530, 659, 532, 920, 671, 48, 180, 949, 566, 697, 61, 447, 196, 456, 329, 718, 464, 81, 725, 94, 482, 108, 622, 752, 502, 404, 511]
i =  31 [131, 266, 783, 912, 147, 916, 534, 151, 28, 285, 414, 927, 676, 810, 455, 558, 308, 565, 823, 202, 575, 194, 69, 966, 967, 968, 714, 461, 206, 340, 984, 225, 996, 485, 232, 875, 493, 113, 375, 249]
i =  32 [897, 2, 390, 776, 267, 655, 451, 21, 23, 408, 155, 933, 813, 686, 688, 179, 440, 317, 830, 963, 325, 584, 589, 207, 465, 850, 985, 79, 478, 745, 367, 629, 630, 504]
i =  33 [896, 386, 899, 262, 521, 525, 784, 913, 275, 283, 804, 425, 46, 689, 314, 59, 195, 836, 453, 710, 588, 591, 853, 463, 860, 222, 863, 604, 874, 620, 625, 242, 251, 125, 894, 639]
i =  34 [897, 2, 390, 776, 267, 655, 451, 21, 23, 408, 155, 933, 813, 686, 688, 440, 317, 830, 963, 325, 584, 589, 207, 465, 850, 985, 79, 478, 745, 367, 629, 630, 504]
i =  35 [513, 514, 516, 903, 791, 405, 278, 919, 800, 419, 775, 941, 562, 52, 822, 312, 573, 191, 449, 578, 582, 844, 332, 720, 761, 216, 857, 731, 989, 991, 993, 740, 616, 365, 114, 755, 758, 759, 505, 703]
i =  36 [643, 900, 646, 11, 557, 272, 274, 540, 36, 294, 40, 300, 45, 174, 817, 311, 696, 735, 969, 330, 715, 527, 475, 605, 95, 353, 354, 741, 487, 748, 400]
i =  37 [256, 641, 773, 385, 15, 17, 154, 411, 5, 925, 542, 517, 929, 538, 795, 293, 167, 947, 951, 700, 67, 197, 859, 695, 847, 721, 722, 980, 86, 983, 602, 219, 220, 221, 479, 587, 612, 877, 744, 237, 104, 370, 635]
i =  38 [832, 134, 264, 906, 399, 529, 788, 662, 539, 289, 802, 295, 818, 431, 49, 434, 51, 441, 58, 315, 64, 193, 458, 716, 334, 120, 210, 597, 855, 476, 992, 609, 613, 380, 235, 496, 241, 245, 119, 888, 633, 252]
i =  39 [259, 918, 902, 263, 138, 148, 150, 409, 410, 415, 166, 424, 135, 816, 694, 287, 828, 577, 964, 581, 585, 468, 377, 856, 729, 858, 54, 607, 736, 357, 486, 233, 366, 757, 760, 596, 122, 767]
i =  40 [513, 514, 516, 775, 791, 405, 278, 919, 800, 419, 903, 941, 562, 52, 822, 312, 573, 703, 449, 578, 582, 844, 332, 720, 761, 857, 731, 989, 991, 993, 740, 616, 365, 114, 755, 758, 759, 505, 191]
i =  41 [259, 918, 902, 135, 138, 148, 150, 409, 410, 415, 166, 424, 263, 816, 54, 287, 828, 577, 964, 581, 585, 468, 377, 856, 729, 858, 607, 736, 357, 486, 366, 694, 596, 757, 760, 121, 122, 508, 767]
i =  42 [769, 397, 217, 815, 412, 30, 292, 684, 175, 50, 442, 443, 319, 70, 269, 599, 345, 99, 491, 876, 881, 887, 893]
i =  43 [256, 385, 773, 641, 15, 17, 154, 411, 5, 925, 542, 517, 929, 538, 795, 293, 167, 947, 695, 700, 67, 197, 859, 951, 847, 721, 722, 980, 86, 983, 602, 219, 220, 221, 479, 587, 612, 877, 744, 237, 104, 370, 635]
i =  44 [645, 523, 780, 24, 18, 750, 152, 423, 809, 299, 940, 302, 432, 567, 568, 186, 450, 73, 462, 719, 848, 979, 342, 344, 986, 92, 227, 101, 998, 492, 878, 239, 624, 297, 506, 765]
i =  45 [64, 134, 264, 906, 399, 529, 788, 662, 539, 289, 802, 295, 818, 431, 49, 434, 51, 441, 58, 315, 832, 193, 458, 716, 334, 120, 210, 597, 855, 476, 992, 609, 613, 380, 235, 496, 241, 245, 119, 888, 633, 252]
i =  46 [770, 271, 786, 279, 26, 158, 560, 422, 39, 938, 555, 942, 176, 305, 954, 445, 866, 977, 82, 215, 601, 474, 229, 994, 806, 753, 632, 298]
i =  47 [896, 386, 899, 262, 521, 525, 784, 913, 275, 283, 804, 425, 46, 689, 314, 59, 195, 836, 453, 710, 588, 463, 853, 591, 860, 222, 863, 604, 874, 620, 625, 242, 251, 125, 894, 639]
i =  48 [129, 898, 518, 391, 392, 905, 13, 402, 819, 672, 161, 420, 556, 177, 563, 570, 60, 701, 885, 962, 583, 460, 974, 653, 211, 87, 335, 834, 93, 97, 316, 746, 882, 545, 246, 873, 379, 892]
i =  49 [128, 726, 268, 398, 657, 787, 660, 277, 406, 664, 796, 31, 417, 546, 675, 37, 681, 42, 301, 561, 309, 702, 454, 839, 200, 843, 204, 77, 291, 973, 978, 803, 598, 603, 96, 995, 100, 997, 785, 1000, 361, 594, 238, 339, 372, 503, 766, 789]
i =  50 [129, 898, 518, 391, 392, 9, 13, 563, 402, 672, 161, 420, 556, 177, 819, 905, 570, 316, 701, 190, 885, 962, 583, 460, 974, 653, 211, 87, 335, 834, 93, 97, 60, 746, 882, 545, 246, 873, 379, 892]
i =  51 [259, 150, 902, 135, 138, 12, 148, 918, 409, 410, 415, 166, 424, 263, 816, 577, 287, 828, 833, 964, 581, 585, 77, 468, 377, 856, 729, 858, 54, 607, 736, 357, 486, 366, 694, 596, 757, 760, 121, 122, 508, 767]
i =  52 [256, 385, 5, 641, 15, 17, 154, 538, 795, 925, 542, 517, 929, 27, 293, 167, 947, 773, 695, 411, 67, 197, 859, 951, 847, 721, 722, 980, 86, 983, 600, 100, 602, 219, 220, 221, 479, 587, 995, 612, 877, 744, 700, 237, 104, 370, 635]
i =  53 [771, 7, 265, 10, 142, 19, 20, 33, 56, 57, 827, 192, 712, 841, 348, 733, 350, 865, 355, 998, 489, 117, 247, 248, 127]
i =  54 [131, 266, 783, 912, 147, 916, 534, 151, 28, 285, 414, 927, 35, 676, 38, 810, 967, 558, 308, 565, 823, 202, 575, 194, 69, 966, 455, 968, 714, 461, 206, 340, 984, 225, 996, 485, 232, 875, 493, 113, 375, 249]
i =  55 [129, 898, 518, 391, 392, 905, 13, 402, 819, 672, 161, 420, 38, 556, 177, 563, 570, 60, 701, 885, 962, 583, 460, 974, 653, 211, 87, 335, 834, 93, 97, 316, 746, 882, 545, 246, 873, 379, 892]
i =  56 [768, 384, 261, 103, 778, 652, 276, 917, 282, 687, 669, 901, 162, 389, 169, 554, 173, 303, 178, 435, 820, 55, 185, 826, 955, 189, 62, 66, 71, 140, 930, 593, 713, 724, 88, 209, 490, 107, 749, 751, 157, 498, 115, 501, 507]
i =  57 [131, 266, 12, 15, 144, 147, 916, 534, 151, 225, 28, 285, 414, 927, 676, 810, 967, 558, 308, 565, 823, 714, 575, 194, 69, 966, 455, 968, 202, 75, 461, 206, 340, 984, 783, 912, 996, 485, 232, 875, 493, 113, 375, 249]
i =  58 [642, 779, 908, 258, 526, 530, 659, 532, 920, 671, 48, 180, 949, 566, 697, 61, 447, 196, 456, 329, 718, 464, 81, 78, 725, 94, 482, 108, 622, 752, 502, 404, 511]
i =  59 [262, 84, 69, 86]
i =  60 [645, 523, 780, 152, 18, 878, 24, 423, 297, 299, 940, 302, 432, 567, 568, 186, 450, 73, 462, 719, 848, 82, 979, 342, 344, 986, 92, 98, 227, 101, 998, 492, 750, 239, 624, 809, 506, 765]
i =  61 [896, 386, 899, 262, 521, 525, 16, 913, 275, 407, 283, 804, 604, 46, 689, 54, 314, 59, 195, 836, 453, 710, 199, 588, 591, 853, 90, 463, 860, 222, 863, 784, 874, 620, 109, 625, 242, 118, 425, 122, 251, 125, 894, 639]
i =  62 [770, 271, 786, 279, 26, 158, 176, 422, 39, 938, 555, 560, 305, 954, 445, 866, 977, 82, 215, 601, 474, 229, 994, 806, 753, 632, 123, 298]
i =  63 [129, 898, 518, 391, 392, 905, 13, 563, 402, 672, 161, 931, 420, 39, 556, 177, 819, 570, 60, 701, 885, 834, 583, 460, 332, 974, 653, 211, 87, 335, 93, 962, 97, 316, 746, 882, 545, 246, 873, 379, 892, 126]
i =  64 [130, 131, 266, 783, 912, 147, 916, 534, 151, 27, 28, 285, 414, 927, 676, 38, 810, 455, 558, 308, 565, 183, 202, 575, 194, 69, 966, 967, 968, 714, 823, 461, 206, 340, 984, 225, 996, 485, 232, 875, 493, 113, 375, 249]
i =  65 [769, 132, 269, 345, 815, 412, 30, 292, 684, 175, 50, 442, 443, 319, 70, 397, 599, 217, 99, 491, 876, 881, 893]
i =  66 [43, 260, 133, 136, 914, 533, 663, 793, 923, 156, 734, 932, 677, 679, 939, 428, 821, 825, 711, 548, 80, 337, 569, 473, 987, 990, 243, 89, 376, 124, 381]
i =  67 [512, 257, 647, 911, 144, 401, 668, 934, 936, 426, 812, 181, 438, 756, 829, 437, 320, 65, 322, 327, 76, 466, 213, 728, 481, 869, 615, 628]
i =  68 [131, 266, 783, 912, 147, 916, 534, 151, 27, 28, 285, 414, 927, 35, 676, 38, 810, 455, 558, 308, 565, 182, 823, 202, 575, 960, 194, 69, 966, 967, 968, 714, 461, 206, 340, 984, 225, 996, 485, 232, 875, 493, 113, 375, 249]
i =  69 [130, 131, 266, 783, 912, 147, 916, 534, 151, 27, 28, 285, 414, 927, 676, 38, 810, 455, 558, 308, 565, 183, 202, 575, 194, 69, 966, 967, 968, 714, 823, 461, 206, 340, 984, 225, 996, 485, 232, 875, 493, 113, 375, 249]
i =  70 [131, 266, 783, 912, 147, 916, 534, 151, 28, 285, 414, 927, 676, 38, 810, 967, 558, 308, 565, 823, 184, 714, 575, 194, 69, 966, 455, 968, 202, 461, 206, 340, 984, 225, 996, 485, 232, 875, 493, 113, 375, 249]
i =  71 [513, 514, 516, 903, 791, 405, 278, 919, 800, 419, 775, 941, 562, 52, 822, 312, 187, 573, 191, 449, 578, 582, 844, 332, 720, 761, 857, 731, 989, 991, 993, 740, 616, 365, 114, 755, 758, 759, 505, 703]
i =  72 [642, 779, 908, 258, 526, 530, 659, 404, 920, 671, 48, 180, 949, 566, 697, 61, 190, 447, 196, 456, 329, 718, 464, 81, 725, 94, 482, 108, 622, 752, 502, 532, 511]
i =  73 [896, 386, 899, 262, 521, 525, 784, 913, 275, 283, 35, 804, 860, 46, 689, 314, 59, 195, 836, 453, 710, 199, 588, 591, 853, 463, 604, 222, 863, 874, 620, 625, 242, 425, 251, 125, 894, 639]
i =  74 [939, 260, 133, 914, 533, 663, 793, 923, 156, 734, 932, 677, 679, 43, 428, 821, 825, 711, 203, 548, 80, 337, 569, 473, 987, 990, 243, 89, 376, 124, 381]
i =  75 [777, 394, 651, 16, 792, 146, 280, 29, 416, 34, 553, 172, 948, 244, 318, 708, 72, 205, 976, 851, 216, 730, 224, 208, 867, 742, 102, 743, 109, 754, 883, 884, 509]
i =  76 [258, 779, 908, 642, 526, 530, 659, 404, 920, 671, 752, 421, 425, 48, 180, 949, 566, 697, 314, 61, 447, 196, 456, 329, 718, 464, 81, 725, 91, 94, 482, 108, 622, 240, 502, 532, 511]
i =  77 [643, 900, 134, 11, 45, 400, 274, 540, 475, 36, 646, 294, 40, 300, 557, 174, 817, 311, 696, 735, 969, 330, 715, 527, 605, 95, 353, 354, 741, 487, 748, 272, 253]
i =  78 [777, 394, 651, 16, 792, 146, 280, 284, 29, 416, 34, 553, 172, 948, 244, 318, 708, 72, 205, 976, 851, 216, 730, 224, 867, 742, 102, 743, 109, 754, 883, 884, 509]
i =  79 [131, 790, 266, 783, 912, 286, 147, 916, 534, 151, 28, 285, 414, 927, 676, 810, 967, 558, 308, 565, 823, 202, 575, 194, 69, 966, 455, 968, 714, 461, 78, 340, 206, 984, 84, 225, 996, 485, 232, 875, 493, 113, 375, 249]
i =  80 [129, 898, 518, 391, 392, 905, 13, 563, 402, 672, 161, 420, 556, 177, 819, 310, 570, 316, 701, 885, 962, 583, 75, 460, 974, 653, 211, 87, 335, 834, 93, 97, 60, 746, 882, 545, 246, 873, 379, 892]
i =  81 [129, 898, 518, 391, 392, 905, 13, 400, 402, 819, 672, 161, 420, 556, 177, 563, 313, 570, 316, 701, 962, 583, 545, 460, 974, 653, 211, 87, 335, 834, 93, 97, 60, 746, 882, 885, 246, 873, 379, 892]
i =  82 [770, 271, 786, 279, 26, 158, 176, 422, 39, 938, 555, 560, 305, 954, 445, 326, 866, 977, 82, 215, 601, 474, 229, 994, 806, 753, 632, 298]
i =  83 [128, 726, 268, 398, 657, 787, 660, 277, 406, 664, 537, 27, 796, 29, 31, 417, 546, 675, 676, 37, 681, 42, 301, 561, 309, 702, 454, 839, 200, 843, 204, 973, 291, 77, 978, 803, 598, 343, 603, 96, 995, 100, 997, 785, 1000, 361, 594, 238, 339, 372, 503, 766, 789]
i =  84 [769, 876, 269, 217, 815, 412, 30, 292, 684, 175, 50, 442, 443, 319, 70, 397, 599, 345, 99, 491, 364, 881, 893]
i =  85 [896, 386, 899, 262, 521, 525, 784, 913, 275, 283, 804, 625, 425, 46, 689, 314, 59, 195, 836, 453, 710, 588, 463, 853, 591, 860, 222, 863, 604, 874, 620, 369, 242, 251, 125, 894, 639]
i =  86 [770, 422, 271, 786, 279, 26, 158, 560, 806, 39, 298, 555, 176, 305, 954, 445, 866, 977, 82, 215, 601, 474, 994, 229, 753, 371, 632, 938]
i =  87 [129, 898, 518, 391, 392, 905, 653, 402, 819, 672, 161, 420, 556, 177, 563, 570, 60, 701, 885, 834, 583, 545, 460, 974, 13, 211, 87, 335, 93, 962, 97, 316, 746, 882, 373, 246, 873, 379, 892]
i =  88 [3, 644, 5, 520, 9, 141, 782, 656, 273, 536, 922, 924, 90, 288, 290, 935, 429, 304, 433, 699, 188, 63, 448, 452, 709, 328, 201, 970, 459, 674, 959, 595, 218, 91, 610, 105, 621, 494, 879, 886, 763, 382]
i =  89 [513, 514, 516, 903, 791, 396, 405, 278, 919, 800, 419, 775, 941, 562, 52, 822, 312, 573, 191, 449, 578, 582, 332, 844, 720, 505, 857, 731, 989, 991, 993, 740, 616, 365, 114, 755, 758, 759, 761, 703]
i =  90 [640, 774, 8, 393, 524, 909, 667, 797, 163, 549, 430, 943, 944, 945, 957, 576, 961, 360, 347, 988, 226, 228, 359, 872, 617, 234, 619, 110, 497, 499, 631, 254, 255]
i =  91 [68, 513, 519, 648, 137, 14, 528, 153, 665, 159, 32, 40, 170, 46, 48, 436, 824, 480, 580, 341, 861, 864, 739, 231, 871, 623, 112, 634, 85]
i =  92 [897, 2, 390, 776, 267, 655, 451, 21, 23, 408, 155, 933, 813, 686, 688, 440, 317, 446, 963, 325, 584, 589, 207, 465, 850, 985, 79, 478, 830, 745, 367, 629, 630, 504]
i =  93 [513, 514, 516, 775, 791, 405, 278, 919, 800, 419, 903, 941, 562, 52, 822, 312, 573, 191, 449, 578, 582, 844, 332, 720, 467, 761, 857, 731, 989, 991, 993, 740, 616, 365, 114, 755, 758, 759, 505, 703]
i =  94 [1, 907, 19, 921, 413, 670, 160, 801, 164, 165, 811, 349, 307, 698, 571, 444, 835, 324, 471, 74, 336, 83, 470, 727, 477, 606, 608, 737, 362, 250]
i =  95 [129, 898, 518, 391, 392, 905, 13, 402, 819, 672, 161, 420, 556, 177, 563, 570, 60, 701, 962, 583, 545, 460, 974, 653, 211, 87, 335, 834, 93, 97, 484, 316, 746, 882, 885, 246, 873, 379, 892]
i =  96 [131, 6, 266, 783, 912, 147, 916, 534, 151, 27, 28, 285, 414, 927, 676, 810, 967, 558, 308, 565, 823, 202, 575, 194, 69, 966, 455, 968, 714, 461, 206, 340, 984, 488, 225, 996, 485, 232, 875, 493, 113, 375, 249]
i =  97 [129, 898, 518, 391, 392, 905, 13, 563, 402, 672, 161, 420, 556, 177, 819, 570, 316, 701, 885, 834, 583, 460, 974, 653, 211, 87, 335, 93, 962, 97, 60, 746, 882, 500, 545, 246, 873, 379, 892]
i =  98 [515, 266, 783, 912, 147, 916, 534, 151, 28, 285, 414, 927, 676, 810, 455, 558, 308, 565, 823, 202, 575, 194, 69, 966, 967, 968, 714, 461, 206, 340, 984, 225, 996, 485, 232, 875, 493, 113, 131, 375, 249]
i =  99 [770, 422, 271, 786, 531, 279, 26, 158, 560, 806, 39, 298, 555, 176, 305, 954, 445, 866, 977, 82, 215, 601, 474, 994, 229, 753, 632, 938]
i =  100 [129, 898, 518, 391, 392, 905, 13, 402, 537, 672, 161, 420, 556, 177, 563, 570, 316, 701, 962, 583, 545, 460, 974, 653, 211, 87, 335, 834, 93, 97, 60, 746, 882, 885, 246, 873, 379, 892, 819]
i =  101 [645, 523, 780, 24, 18, 19, 878, 152, 541, 432, 678, 423, 809, 299, 940, 302, 304, 567, 568, 186, 450, 73, 462, 719, 848, 979, 342, 344, 90, 92, 98, 227, 101, 998, 492, 750, 239, 624, 986, 297, 506, 765]
i =  102 [513, 514, 516, 775, 791, 405, 278, 919, 544, 419, 903, 941, 562, 179, 52, 822, 312, 573, 191, 800, 578, 582, 844, 332, 207, 720, 761, 216, 857, 731, 989, 991, 993, 740, 616, 365, 114, 755, 758, 759, 505, 449, 703]
i =  103 [522, 395, 270, 145, 403, 25, 111, 926, 543, 550, 552, 814, 306, 693, 950, 953, 572, 958, 960, 323, 838, 975, 849, 139, 982, 223, 352, 999, 106, 495, 808, 374, 378, 636, 383]
i =  104 [131, 266, 783, 912, 147, 916, 534, 151, 28, 285, 414, 927, 676, 810, 967, 558, 308, 565, 823, 202, 575, 194, 69, 966, 455, 968, 714, 75, 461, 206, 340, 984, 225, 611, 996, 485, 232, 875, 493, 113, 375, 249]
i =  105 [256, 641, 517, 385, 15, 17, 154, 411, 5, 925, 542, 773, 929, 538, 795, 293, 167, 947, 219, 951, 700, 67, 197, 695, 847, 721, 722, 980, 86, 983, 602, 859, 220, 221, 479, 587, 612, 877, 744, 237, 104, 370, 627, 635]
i =  106 [832, 134, 264, 906, 399, 529, 788, 662, 539, 289, 802, 295, 818, 431, 49, 434, 51, 441, 58, 315, 64, 193, 972, 458, 716, 334, 888, 210, 597, 855, 476, 992, 609, 613, 252, 235, 496, 241, 245, 119, 120, 633, 380, 638]
i =  107 [832, 134, 264, 906, 399, 529, 788, 661, 662, 539, 289, 802, 295, 818, 431, 49, 434, 51, 441, 58, 315, 64, 193, 458, 716, 334, 888, 210, 597, 855, 476, 992, 609, 613, 252, 235, 496, 241, 245, 119, 120, 633, 380]
i =  108 [513, 514, 516, 903, 791, 405, 278, 919, 666, 800, 419, 775, 941, 562, 52, 822, 312, 573, 191, 449, 578, 582, 844, 332, 720, 761, 857, 731, 989, 991, 993, 740, 616, 365, 114, 755, 758, 759, 505, 703]
i =  109 [1, 907, 19, 921, 413, 670, 160, 801, 164, 165, 678, 811, 477, 307, 698, 571, 444, 835, 324, 471, 74, 336, 83, 727, 349, 606, 608, 737, 362, 250]
i =  110 [896, 386, 899, 262, 525, 784, 913, 275, 283, 804, 38, 680, 425, 46, 689, 314, 59, 195, 836, 453, 710, 588, 591, 853, 463, 604, 222, 863, 860, 874, 620, 625, 242, 251, 125, 894, 639]
i =  111 [645, 523, 780, 152, 18, 878, 24, 423, 809, 682, 299, 940, 302, 432, 567, 568, 186, 450, 73, 462, 719, 848, 979, 342, 344, 986, 92, 227, 101, 998, 492, 750, 239, 624, 297, 506, 765]
i =  112 [645, 7, 523, 780, 152, 18, 19, 750, 24, 28, 414, 33, 423, 809, 299, 940, 685, 302, 432, 567, 568, 186, 450, 73, 462, 719, 848, 979, 342, 344, 986, 92, 98, 227, 101, 998, 492, 878, 239, 624, 371, 297, 506, 765]
i =  113 [642, 779, 908, 258, 526, 530, 659, 532, 920, 671, 48, 691, 180, 949, 566, 697, 61, 447, 196, 456, 329, 718, 464, 81, 725, 94, 482, 108, 622, 752, 502, 404, 511]
i =  114 [640, 774, 8, 393, 524, 909, 667, 797, 163, 549, 943, 944, 945, 692, 957, 576, 961, 360, 347, 988, 226, 228, 359, 872, 617, 234, 619, 110, 497, 499, 631, 254, 255]
i =  115 [645, 523, 780, 152, 18, 878, 24, 423, 297, 299, 940, 302, 432, 180, 567, 568, 186, 450, 73, 738, 462, 719, 848, 979, 342, 344, 986, 92, 98, 227, 101, 998, 492, 750, 239, 624, 809, 506, 765]
i =  116 [771, 7, 265, 10, 142, 20, 56, 57, 827, 192, 712, 841, 348, 733, 350, 865, 355, 489, 747, 117, 247, 248, 127]
i =  117 [131, 266, 783, 912, 147, 916, 534, 151, 28, 285, 414, 927, 676, 810, 967, 558, 308, 565, 823, 202, 575, 194, 69, 966, 455, 968, 714, 461, 206, 340, 984, 84, 225, 996, 485, 232, 875, 493, 113, 375, 249, 764]
i =  118 [513, 514, 772, 775, 791, 405, 278, 919, 516, 800, 419, 903, 941, 562, 52, 822, 183, 312, 573, 191, 449, 578, 582, 844, 332, 720, 505, 857, 731, 989, 991, 993, 740, 616, 365, 114, 755, 758, 759, 761, 703]
i =  119 [769, 397, 345, 175, 412, 30, 292, 684, 815, 50, 798, 442, 443, 319, 70, 269, 599, 217, 99, 491, 876, 881, 893]
i =  120 [777, 394, 651, 16, 280, 146, 792, 29, 799, 416, 34, 553, 172, 948, 884, 318, 708, 72, 205, 976, 851, 216, 730, 224, 867, 742, 102, 743, 109, 754, 883, 244, 509]
i =  121 [645, 523, 780, 152, 18, 878, 24, 805, 423, 297, 299, 940, 302, 432, 567, 568, 186, 450, 73, 462, 719, 848, 82, 979, 342, 344, 986, 92, 98, 227, 101, 998, 492, 750, 239, 624, 809, 506, 765]
i =  122 [831, 3, 644, 520, 141, 782, 656, 273, 536, 922, 924, 218, 288, 290, 935, 429, 304, 433, 699, 188, 63, 448, 452, 709, 328, 201, 970, 459, 674, 595, 90, 91, 610, 763, 105, 621, 494, 879, 886, 959]
i =  123 [897, 2, 390, 776, 267, 655, 963, 21, 23, 408, 155, 933, 813, 686, 688, 584, 440, 317, 830, 451, 325, 840, 589, 207, 465, 850, 985, 79, 478, 745, 367, 629, 630, 504]
i =  124 [768, 384, 261, 103, 778, 140, 276, 917, 282, 303, 669, 901, 930, 389, 169, 554, 173, 687, 178, 435, 820, 55, 185, 826, 955, 189, 66, 652, 842, 162, 78, 593, 713, 724, 88, 209, 490, 107, 749, 751, 157, 498, 115, 501, 507]
i =  125 [769, 269, 217, 815, 412, 30, 292, 684, 175, 50, 442, 443, 319, 70, 845, 397, 599, 345, 99, 491, 876, 881, 893]
i =  126 [128, 598, 268, 398, 657, 787, 660, 789, 406, 664, 796, 31, 417, 546, 675, 37, 681, 42, 301, 561, 309, 803, 702, 454, 839, 200, 843, 204, 77, 973, 594, 291, 852, 726, 603, 96, 995, 100, 997, 785, 1000, 361, 978, 238, 339, 372, 503, 766, 277]
i =  127 [777, 394, 651, 16, 280, 146, 792, 29, 416, 34, 553, 172, 948, 884, 318, 708, 72, 205, 976, 851, 854, 216, 730, 224, 867, 102, 742, 743, 109, 754, 883, 244, 509]
i =  128 [513, 514, 516, 903, 791, 405, 278, 919, 800, 419, 805, 775, 941, 562, 52, 822, 312, 573, 868, 191, 321, 578, 582, 332, 844, 720, 761, 857, 731, 989, 991, 993, 740, 616, 365, 114, 755, 758, 759, 505, 449, 703]
i =  129 [131, 266, 783, 912, 147, 916, 534, 151, 28, 285, 414, 927, 33, 676, 810, 967, 558, 308, 565, 823, 202, 575, 194, 69, 966, 455, 968, 714, 461, 206, 340, 984, 225, 996, 485, 232, 875, 493, 880, 113, 375, 249]
i =  130 [512, 257, 647, 911, 401, 668, 934, 936, 426, 812, 437, 438, 628, 829, 181, 320, 65, 322, 327, 76, 466, 213, 728, 481, 869, 615, 756, 889]
i =  131 [770, 271, 786, 806, 279, 26, 158, 176, 422, 39, 938, 555, 560, 305, 954, 445, 866, 977, 82, 215, 601, 474, 994, 229, 753, 632, 891, 298]
i =  132 [513, 514, 516, 903, 904, 791, 405, 278, 919, 800, 419, 775, 941, 562, 52, 822, 312, 573, 191, 449, 578, 582, 844, 332, 720, 505, 857, 731, 989, 991, 993, 740, 616, 365, 114, 755, 758, 759, 761, 703]
i =  133 [683, 4, 910, 658, 149, 427, 673, 168, 171, 47, 439, 574, 321, 965, 331, 333, 592, 338, 723, 346, 762, 862, 351, 870, 363, 626, 890, 637, 510, 895]
i =  134 [131, 266, 783, 144, 147, 916, 534, 151, 28, 285, 414, 927, 928, 676, 810, 967, 558, 308, 565, 823, 184, 875, 202, 575, 194, 69, 966, 455, 968, 714, 461, 206, 340, 249, 984, 912, 996, 485, 232, 225, 493, 113, 375, 121]
i =  135 [770, 271, 786, 806, 279, 26, 158, 176, 422, 39, 937, 938, 555, 560, 305, 954, 445, 866, 977, 82, 215, 601, 474, 994, 229, 753, 632, 298]
i =  136 [645, 523, 780, 152, 18, 878, 24, 423, 809, 299, 940, 302, 432, 946, 567, 568, 186, 450, 73, 971, 462, 719, 848, 979, 342, 344, 986, 92, 98, 227, 101, 998, 492, 750, 239, 624, 297, 506, 765]
i =  137 [473, 939, 260, 133, 914, 533, 663, 793, 923, 156, 932, 677, 679, 990, 43, 428, 821, 825, 956, 711, 80, 337, 569, 548, 987, 734, 243, 89, 376, 124, 381]
finish get all communities
complete deal_communities
commplete get_all_nature_community
----------------------------------The detection result is: 

all communities: 
i =  1 : [6, 22, 41, 44, 53, 116, 198, 212, 281, 356, 418, 469, 547, 579, 586, 590, 614, 650, 707, 717, 732, 837, 846, 915, 952]
i =  2 : [143, 214, 230, 236, 296, 358, 368, 387, 388, 457, 472, 483, 535, 551, 559, 564, 649, 654, 690, 704, 705, 706, 781, 794, 807]
i =  3 : [69, 84, 86, 262]
i =  4 : [14, 32, 40, 46, 48, 68, 85, 112, 137, 153, 159, 170, 231, 341, 436, 480, 513, 519, 528, 580, 623, 634, 648, 665, 739, 824, 861, 864, 871]
i =  5 : [4, 47, 149, 168, 171, 321, 331, 333, 338, 346, 351, 363, 427, 439, 510, 574, 592, 626, 637, 658, 673, 683, 723, 762, 862, 870, 890, 895, 910, 965]
i =  6 : [11, 36, 40, 45, 95, 134, 174, 253, 272, 274, 294, 300, 311, 330, 353, 354, 400, 475, 487, 527, 540, 557, 605, 643, 646, 696, 715, 735, 741, 748, 817, 900, 969, 971]
i =  7 : [25, 106, 111, 139, 145, 223, 270, 306, 323, 352, 374, 378, 383, 395, 403, 495, 522, 543, 550, 552, 572, 636, 693, 808, 814, 838, 849, 926, 950, 953, 958, 960, 975, 981, 982, 999]
i =  8 : [12, 54, 77, 121, 122, 135, 138, 148, 150, 166, 233, 259, 263, 287, 357, 366, 377, 409, 410, 415, 424, 468, 486, 508, 577, 581, 585, 596, 607, 694, 729, 736, 757, 760, 767, 816, 828, 833, 856, 858, 902, 918, 964]
i =  9 : [5, 15, 17, 27, 67, 86, 100, 104, 154, 167, 197, 219, 220, 221, 237, 256, 293, 370, 385, 411, 479, 517, 538, 542, 587, 600, 602, 612, 627, 635, 641, 695, 700, 721, 722, 744, 773, 795, 847, 859, 877, 925, 929, 947, 951, 980, 983, 995]
i =  10 : [7, 10, 19, 20, 33, 56, 57, 117, 127, 142, 192, 247, 248, 265, 348, 350, 355, 489, 712, 733, 747, 771, 827, 841, 865, 998]
i =  11 : [55, 62, 66, 71, 78, 88, 103, 107, 115, 140, 157, 162, 169, 173, 178, 185, 189, 209, 261, 276, 282, 303, 384, 389, 435, 490, 498, 501, 507, 554, 593, 652, 669, 687, 713, 724, 749, 751, 768, 778, 820, 826, 842, 901, 917, 930, 955]
i =  12 : [65, 76, 144, 181, 213, 257, 320, 322, 327, 401, 426, 437, 438, 466, 481, 512, 615, 628, 647, 668, 728, 756, 812, 829, 869, 889, 911, 934, 936]
i =  13 : [27, 29, 31, 37, 42, 77, 96, 100, 128, 200, 204, 238, 268, 277, 291, 301, 309, 339, 343, 361, 372, 398, 406, 417, 454, 503, 537, 546, 561, 594, 598, 603, 657, 660, 664, 675, 676, 681, 702, 726, 766, 785, 787, 789, 796, 803, 839, 843, 852, 973, 978, 995, 997, 1000]
i =  14 : [3, 5, 9, 63, 90, 91, 105, 141, 188, 201, 218, 273, 288, 290, 304, 328, 382, 429, 433, 448, 452, 459, 494, 520, 536, 595, 610, 621, 644, 656, 674, 699, 709, 763, 782, 831, 879, 886, 922, 924, 935, 959, 970]
i =  15 : [1, 19, 74, 83, 160, 164, 165, 250, 307, 324, 336, 349, 362, 413, 444, 470, 471, 477, 571, 606, 608, 670, 678, 698, 727, 737, 801, 811, 835, 907, 921]
i =  16 : [49, 51, 58, 64, 119, 120, 134, 193, 210, 235, 241, 245, 252, 264, 289, 295, 315, 334, 380, 399, 431, 434, 441, 458, 476, 496, 529, 539, 597, 609, 613, 633, 638, 661, 662, 716, 788, 802, 818, 832, 855, 888, 906, 972, 992]
i =  17 : [8, 110, 163, 226, 228, 234, 254, 255, 347, 359, 360, 393, 430, 497, 499, 524, 549, 576, 617, 618, 619, 631, 640, 667, 692, 774, 797, 872, 909, 943, 944, 945, 957, 961, 988]
i =  18 : [2, 21, 23, 79, 155, 179, 207, 267, 317, 325, 367, 390, 408, 440, 446, 451, 465, 478, 504, 584, 589, 629, 630, 655, 686, 688, 745, 776, 813, 830, 840, 850, 897, 933, 963, 985]
i =  19 : [43, 80, 89, 124, 133, 136, 156, 203, 243, 260, 337, 376, 381, 428, 473, 533, 548, 569, 663, 677, 679, 711, 734, 793, 821, 825, 914, 923, 932, 939, 956, 987, 990]
i =  20 : [48, 61, 78, 81, 91, 94, 108, 180, 190, 196, 240, 258, 314, 329, 404, 421, 425, 447, 456, 464, 482, 502, 511, 526, 530, 532, 566, 622, 642, 659, 671, 691, 697, 718, 725, 752, 779, 908, 920, 949]
i =  21 : [16, 35, 38, 46, 54, 59, 90, 109, 118, 122, 125, 195, 199, 222, 242, 251, 262, 275, 283, 314, 369, 386, 407, 425, 453, 463, 521, 525, 588, 591, 604, 620, 625, 639, 680, 689, 710, 784, 804, 836, 853, 860, 863, 874, 894, 896, 899, 913]
i =  22 : [16, 29, 34, 72, 102, 109, 146, 172, 205, 208, 216, 224, 244, 280, 284, 318, 394, 416, 509, 553, 651, 708, 730, 742, 743, 754, 777, 792, 799, 851, 854, 867, 883, 884, 948, 976]
i =  23 : [30, 50, 70, 99, 132, 175, 217, 269, 292, 319, 345, 364, 397, 412, 442, 443, 491, 599, 684, 769, 798, 815, 845, 876, 881, 887, 893]
i =  24 : [7, 18, 19, 24, 28, 33, 73, 82, 90, 92, 98, 101, 152, 180, 186, 227, 239, 297, 299, 302, 304, 342, 344, 371, 414, 423, 432, 450, 462, 492, 506, 523, 541, 567, 568, 624, 645, 678, 682, 685, 719, 738, 750, 765, 780, 805, 809, 848, 878, 940, 946, 971, 979, 986, 998]
i =  25 : [26, 39, 82, 123, 158, 176, 215, 229, 271, 279, 298, 305, 326, 371, 422, 445, 474, 531, 555, 560, 601, 632, 753, 770, 786, 806, 866, 891, 937, 938, 942, 954, 977, 994]
i =  26 : [52, 114, 179, 183, 187, 191, 207, 216, 278, 312, 321, 332, 365, 396, 405, 419, 449, 467, 505, 513, 514, 516, 544, 562, 573, 578, 582, 616, 666, 703, 720, 731, 740, 755, 758, 759, 761, 772, 775, 791, 800, 805, 822, 844, 857, 868, 903, 904, 919, 941, 989, 991, 993]
i =  27 : [9, 13, 38, 39, 60, 75, 87, 93, 97, 126, 129, 161, 177, 190, 211, 246, 310, 313, 316, 332, 335, 373, 379, 391, 392, 400, 402, 420, 460, 484, 500, 518, 537, 545, 556, 563, 570, 583, 653, 672, 701, 746, 819, 834, 873, 882, 885, 892, 898, 905, 931, 962, 974]
i =  28 : [6, 12, 15, 27, 28, 33, 35, 38, 69, 75, 78, 84, 113, 121, 130, 131, 144, 147, 151, 182, 183, 184, 194, 202, 206, 225, 232, 249, 266, 285, 286, 308, 340, 375, 414, 455, 461, 485, 488, 493, 515, 534, 558, 565, 575, 611, 676, 714, 764, 783, 790, 810, 823, 875, 880, 912, 916, 927, 928, 960, 966, 967, 968, 984, 996]
overlapping nodes are:  [5, 6, 7, 9, 12, 15, 16, 19, 27, 28, 29, 33, 35, 38, 39, 40, 46, 48, 54, 69, 75, 77, 78, 82, 84, 86, 90, 91, 100, 109, 121, 122, 134, 144, 179, 180, 183, 190, 207, 216, 262, 304, 314, 321, 332, 371, 400, 414, 425, 513, 537, 676, 678, 805, 960, 971, 995, 998] 
 NOO is:  58
total time is:  299.831139088
