setting... -N 1000
setting... -k 20
setting... -maxk 50
setting... -mu 0.3
setting... -t1 2
setting... -t2 1
setting... -minc 20
setting... -maxc 100
setting... -on 100
setting... -om 5

**************************************************************
number of nodes:	1000
average degree:	20
maximum degree:	50
exponent for the degree distribution:	2
exponent for the community size distribution:	1
mixing parameter:	0.3
number of overlapping nodes:	100
number of memberships of the overlapping nodes:	5
community size range set equal to [20 , 100]
**************************************************************

building communities... 
connecting communities... 
recording network...


---------------------------------------------------------------------------
network of 1000 vertices and 9649 edges;	 average degree = 19.298

average mixing parameter: 0.299674 +/- 0.0264916
p_in: 0.257874	p_out: 0.00942201


i =5: 
mutual3:	0.717168
