lens of ground_truth:  29
ground_truth is: [[10, 33, 43, 97, 115, 125, 158, 169, 199, 203, 215, 220, 246, 253, 256, 292, 302, 320, 329, 355, 360, 374, 393, 416, 439, 440, 441, 482, 494, 503, 514, 539, 543, 551, 557, 563, 567, 575, 581, 586, 589, 605, 627, 629, 632, 639, 647, 664, 671, 680, 696, 709, 727, 729, 731, 749, 768, 808, 809, 860, 867, 890, 893, 913, 914, 927, 929, 938, 945, 966, 986, 990], [36, 77, 88, 104, 118, 122, 130, 179, 268, 278, 409, 460, 587, 610, 663, 666, 668, 670, 690, 704, 706, 721, 750, 840, 902, 918], [9, 14, 20, 33, 54, 73, 85, 86, 120, 132, 134, 136, 159, 199, 210, 245, 258, 313, 317, 325, 326, 345, 355, 356, 388, 393, 395, 432, 455, 465, 470, 471, 509, 519, 531, 605, 611, 617, 625, 649, 662, 670, 686, 715, 723, 725, 737, 738, 771, 775, 780, 786, 788, 794, 795, 844, 845, 851, 868, 875, 894, 914, 937, 944, 958, 971, 985, 986], [80, 157, 199, 200, 201, 253, 266, 282, 319, 338, 357, 389, 391, 403, 453, 476, 529, 534, 554, 615, 638, 661, 671, 766, 767, 785, 829, 903], [2, 6, 128, 216, 239, 333, 379, 387, 427, 442, 527, 542, 553, 574, 640, 658, 740, 793, 825, 843, 855, 856, 858], [8, 15, 56, 58, 63, 75, 78, 97, 106, 139, 145, 150, 154, 186, 192, 194, 217, 233, 246, 280, 299, 373, 394, 437, 514, 516, 565, 585, 586, 674, 680, 702, 738, 744, 784, 804, 828, 863, 920, 962, 963], [13, 31, 64, 69, 121, 124, 152, 199, 207, 225, 231, 295, 314, 321, 335, 341, 364, 372, 396, 400, 405, 409, 410, 411, 428, 439, 443, 457, 472, 476, 580, 588, 628, 629, 651, 655, 669, 670, 688, 711, 738, 757, 760, 775, 784, 786, 815, 826, 848, 852, 887, 900, 905, 921, 937, 995], [24, 48, 57, 65, 87, 94, 134, 152, 175, 195, 214, 221, 300, 462, 487, 488, 522, 544, 635, 695, 726, 728, 789, 883], [23, 113, 272, 273, 285, 303, 309, 339, 358, 370, 409, 417, 419, 431, 492, 523, 540, 622, 672, 676, 682, 787, 803, 887, 910], [26, 50, 61, 108, 110, 114, 137, 139, 166, 167, 195, 211, 215, 220, 226, 249, 265, 271, 306, 334, 337, 354, 365, 371, 430, 497, 516, 586, 620, 627, 636, 639, 659, 673, 680, 731, 777, 778, 792, 824, 847, 861, 877, 886, 915, 949, 953, 961, 986], [1, 127, 152, 155, 181, 188, 238, 313, 348, 349, 381, 390, 399, 491, 511, 530, 555, 583, 617, 624, 628, 652, 681, 693, 747, 758, 771, 774, 777, 812, 849, 859, 862, 887, 921, 924, 994, 1000], [11, 24, 40, 42, 73, 74, 95, 100, 139, 142, 163, 174, 177, 178, 182, 191, 215, 235, 269, 283, 307, 313, 369, 370, 386, 412, 416, 439, 440, 446, 452, 478, 494, 514, 532, 547, 551, 563, 591, 627, 642, 697, 714, 715, 735, 762, 784, 792, 794, 806, 813, 817, 820, 854, 866, 877, 894, 908, 914, 922, 926, 928, 937, 938, 939, 942, 948, 970, 990], [4, 27, 30, 33, 34, 35, 69, 79, 89, 90, 96, 121, 151, 199, 202, 205, 224, 248, 260, 288, 316, 334, 356, 359, 377, 382, 397, 409, 423, 425, 429, 436, 468, 469, 474, 477, 525, 561, 562, 597, 605, 613, 628, 639, 716, 722, 739, 751, 760, 770, 787, 798, 810, 848, 870, 874, 880, 881, 909, 921, 948, 995], [71, 76, 83, 149, 204, 240, 259, 277, 289, 301, 362, 407, 456, 494, 582, 592, 618, 698, 724, 811, 894], [10, 18, 22, 59, 113, 126, 139, 162, 195, 198, 215, 220, 253, 291, 293, 323, 334, 363, 401, 422, 435, 440, 447, 452, 455, 458, 481, 489, 490, 494, 512, 514, 532, 548, 551, 560, 573, 575, 581, 602, 621, 627, 632, 639, 642, 648, 678, 684, 715, 723, 754, 782, 792, 869, 877, 882, 894, 928, 938, 941, 947, 948, 988, 990, 992], [24, 28, 62, 67, 73, 79, 82, 92, 93, 113, 125, 134, 160, 184, 215, 246, 250, 253, 257, 258, 269, 308, 313, 317, 326, 334, 351, 355, 393, 413, 416, 420, 426, 432, 434, 439, 440, 452, 455, 459, 469, 486, 521, 531, 532, 556, 558, 563, 576, 584, 630, 632, 641, 642, 654, 671, 712, 715, 729, 741, 742, 745, 755, 771, 772, 775, 777, 787, 792, 794, 802, 805, 818, 840, 841, 867, 870, 877, 911, 928, 938, 948, 973, 986, 990], [37, 60, 72, 84, 119, 172, 244, 252, 331, 350, 467, 493, 495, 533, 552, 578, 623, 626, 642, 731, 743], [35, 69, 82, 99, 121, 123, 140, 141, 146, 152, 153, 159, 180, 197, 206, 212, 243, 250, 274, 276, 296, 317, 321, 326, 356, 370, 432, 464, 469, 470, 476, 505, 528, 549, 571, 577, 598, 616, 617, 633, 657, 707, 720, 738, 746, 760, 772, 787, 796, 810, 827, 830, 833, 857, 887, 888, 895, 904, 914, 921, 937, 951, 965, 976, 984, 995], [17, 39, 49, 69, 79, 82, 121, 134, 159, 164, 250, 254, 258, 261, 284, 294, 305, 317, 321, 326, 328, 368, 370, 402, 409, 445, 470, 476, 479, 483, 499, 515, 541, 549, 575, 590, 603, 617, 628, 629, 679, 687, 738, 759, 760, 769, 772, 784, 810, 839, 840, 848, 870, 937, 946, 950, 956, 964, 965, 969, 974, 977, 978, 995], [10, 35, 97, 101, 107, 113, 117, 125, 131, 139, 143, 147, 189, 195, 220, 267, 269, 312, 332, 355, 416, 433, 440, 450, 452, 461, 494, 514, 516, 517, 524, 532, 551, 559, 563, 564, 575, 579, 581, 586, 609, 627, 632, 639, 648, 656, 671, 680, 689, 723, 729, 731, 760, 771, 776, 777, 779, 794, 837, 842, 867, 894, 923, 928, 943, 948, 954, 959, 960, 965, 986, 990, 996, 997], [10, 29, 51, 69, 79, 82, 102, 121, 129, 152, 156, 195, 218, 246, 250, 255, 264, 269, 281, 315, 321, 327, 355, 367, 383, 384, 392, 393, 398, 418, 421, 424, 439, 455, 469, 485, 496, 498, 513, 516, 518, 532, 551, 563, 605, 628, 629, 632, 642, 645, 667, 670, 675, 700, 723, 729, 732, 733, 748, 752, 771, 772, 777, 784, 787, 794, 810, 834, 838, 846, 848, 867, 870, 877, 887, 892, 897, 906, 917, 921, 928, 931, 932, 965, 981, 989, 993, 995], [7, 10, 25, 32, 46, 53, 97, 113, 125, 135, 144, 159, 220, 223, 234, 237, 251, 253, 269, 275, 375, 393, 416, 449, 452, 466, 470, 480, 514, 516, 526, 536, 546, 551, 569, 575, 581, 586, 608, 627, 648, 680, 683, 701, 713, 717, 719, 731, 760, 764, 786, 832, 850, 853, 887, 933, 938, 948, 975, 987, 990], [12, 19, 33, 35, 52, 69, 79, 105, 125, 138, 183, 187, 196, 250, 270, 279, 311, 318, 321, 326, 356, 370, 378, 408, 432, 439, 476, 508, 516, 531, 538, 549, 550, 572, 604, 605, 617, 646, 660, 665, 670, 734, 738, 753, 775, 786, 810, 840, 848, 870, 885, 898, 907, 916, 919, 930, 935, 936, 952, 955, 957, 965, 967, 980, 983, 995], [3, 16, 21, 38, 185, 246, 247, 253, 258, 263, 304, 346, 376, 380, 414, 444, 451, 463, 507, 510, 566, 568, 596, 692, 705, 781, 797, 864, 878], [55, 68, 73, 91, 97, 111, 116, 139, 220, 262, 290, 297, 321, 334, 344, 347, 352, 353, 356, 361, 366, 406, 454, 476, 502, 520, 531, 549, 575, 586, 600, 606, 639, 643, 680, 710, 723, 736, 765, 790, 791, 792, 800, 871, 876, 877, 884, 899, 928, 998, 999], [10, 24, 33, 35, 41, 73, 81, 82, 109, 134, 148, 159, 176, 195, 199, 209, 222, 232, 246, 258, 298, 313, 317, 326, 336, 356, 370, 432, 438, 455, 469, 470, 494, 504, 531, 549, 605, 607, 612, 619, 629, 631, 637, 644, 648, 670, 671, 691, 715, 729, 772, 773, 775, 784, 786, 810, 814, 831, 836, 840, 867, 879, 901, 914, 934, 937, 965, 968, 972, 979], [24, 47, 66, 70, 97, 98, 121, 152, 190, 193, 213, 229, 230, 236, 242, 330, 342, 385, 409, 415, 470, 535, 549, 581, 599, 628, 629, 634, 648, 650, 677, 685, 694, 761, 763, 783, 787, 799, 807, 816, 819, 835, 848, 873, 921, 991], [24, 33, 35, 44, 73, 79, 82, 113, 125, 134, 159, 168, 170, 215, 227, 228, 241, 250, 258, 269, 313, 317, 334, 340, 343, 355, 393, 416, 432, 440, 452, 455, 469, 473, 475, 484, 501, 506, 531, 532, 537, 545, 563, 570, 581, 593, 594, 595, 601, 617, 632, 642, 648, 653, 671, 699, 703, 708, 715, 718, 723, 729, 730, 731, 771, 772, 775, 777, 786, 792, 794, 801, 840, 865, 867, 870, 889, 894, 912, 914, 925, 938, 940, 982, 986], [5, 45, 103, 112, 133, 161, 165, 171, 173, 208, 219, 286, 287, 310, 322, 324, 404, 448, 500, 614, 756, 821, 822, 823, 872, 891, 896]]
nodes: [563, 671, 716, 751, 792, 794, 809, 811, 824, 829, 843, 845, 852, 878, 879, 882, 883, 891, 897, 909, 914, 918, 923, 924, 926, 927, 941, 948, 950, 951, 955, 963, 965, 972, 973, 977, 982, 983, 985, 986, 987, 989, 991, 992, 995, 998] num of nodes:  46
[[369, 563, 942], [664, 671, 893, 966], [90, 716, 880, 429], [316, 613, 770, 751], [718, 940, 792, 730], [794, 971, 944, 795], [557, 890, 709, 808, 809], [204, 811, 724, 592, 698, 240], [673, 915, 886, 824, 953, 949, 847], [338, 638, 829, 615, 766, 903, 785], [333, 843, 740, 793, 825, 858, 542, 856], [509, 875, 944, 845, 868, 958], [341, 711, 588, 852, 757], [3, 864, 705, 878, 596, 781], [691, 836, 814, 773, 879, 934, 831], [489, 947, 882, 602, 869, 678], [175, 883, 728, 487, 726, 789, 695], [133, 896, 872, 891, 821, 822, 823], [645, 897, 993, 834, 981], [4, 909, 880, 359], [691, 836, 968, 914], [88, 902, 721, 918, 663, 690, 666], [267, 996, 943, 954, 960, 923], [1000, 994, 924, 390, 849, 747, 349, 862], [714, 939, 942, 806, 820, 926], [749, 808, 913, 945, 893, 927], [363, 947, 512, 458, 941], [90, 296, 948], [402, 946, 978, 839, 956, 974, 950], [146, 976, 951, 895, 888, 827], [734, 967, 935, 980, 898, 753, 955], [58, 962, 963, 828, 744, 804], [919, 967, 935, 980, 957, 965], [41, 972, 901, 968, 619, 979], [413, 973, 584, 805, 558], [679, 946, 978, 969, 974, 977, 956, 839], [340, 982, 940, 594, 925], [734, 967, 935, 980, 898, 753, 930, 983], [509, 875, 944, 985, 851, 958], [559, 997, 656, 986], [25, 933, 850, 701, 987, 853], [281, 993, 989, 752, 906], [70, 761, 991, 685, 694, 799], [363, 947, 512, 458, 992, 602], [17, 946, 995], [290, 899, 999, 736, 884, 998, 790]]
len of cliques:  46
downsides after: [[333, 843, 740, 793, 825, 858, 542, 856], [1000, 994, 924, 390, 849, 747, 349, 862], [679, 946, 978, 969, 974, 977, 956, 839], [734, 967, 935, 980, 898, 753, 930, 983], [673, 915, 886, 824, 953, 949, 847], [338, 638, 829, 615, 766, 903, 785], [691, 836, 814, 773, 879, 934, 831], [175, 883, 728, 487, 726, 789, 695], [133, 896, 872, 891, 821, 822, 823], [88, 902, 721, 918, 663, 690, 666], [402, 946, 978, 839, 956, 974, 950], [734, 967, 935, 980, 898, 753, 955], [290, 899, 999, 736, 884, 998, 790], [204, 811, 724, 592, 698, 240], [509, 875, 944, 845, 868, 958], [3, 864, 705, 878, 596, 781], [489, 947, 882, 602, 869, 678], [267, 996, 943, 954, 960, 923], [714, 939, 942, 806, 820, 926], [749, 808, 913, 945, 893, 927], [146, 976, 951, 895, 888, 827], [58, 962, 963, 828, 744, 804], [919, 967, 935, 980, 957, 965], [41, 972, 901, 968, 619, 979], [509, 875, 944, 985, 851, 958], [25, 933, 850, 701, 987, 853], [70, 761, 991, 685, 694, 799], [363, 947, 512, 458, 992, 602], [557, 890, 709, 808, 809], [341, 711, 588, 852, 757], [645, 897, 993, 834, 981], [363, 947, 512, 458, 941], [413, 973, 584, 805, 558], [340, 982, 940, 594, 925], [281, 993, 989, 752, 906], [664, 671, 893, 966], [90, 716, 880, 429], [316, 613, 770, 751], [718, 940, 792, 730], [794, 971, 944, 795], [4, 909, 880, 359], [691, 836, 968, 914], [559, 997, 656, 986]]
number of downsided seeds: 43
[[333, 843, 740, 793, 825, 858, 542, 856], [1000, 994, 924, 390, 849, 747, 349, 862], [679, 946, 978, 969, 974, 977, 956, 839], [734, 967, 935, 980, 898, 753, 930, 983], [673, 915, 886, 824, 953, 949, 847], [338, 638, 829, 615, 766, 903, 785], [691, 836, 814, 773, 879, 934, 831], [175, 883, 728, 487, 726, 789, 695], [133, 896, 872, 891, 821, 822, 823], [88, 902, 721, 918, 663, 690, 666], [402, 946, 978, 839, 956, 974, 950], [734, 967, 935, 980, 898, 753, 955], [290, 899, 999, 736, 884, 998, 790], [204, 811, 724, 592, 698, 240], [509, 875, 944, 845, 868, 958], [3, 864, 705, 878, 596, 781], [489, 947, 882, 602, 869, 678], [267, 996, 943, 954, 960, 923], [714, 939, 942, 806, 820, 926], [749, 808, 913, 945, 893, 927], [146, 976, 951, 895, 888, 827], [58, 962, 963, 828, 744, 804], [919, 967, 935, 980, 957, 965], [41, 972, 901, 968, 619, 979], [509, 875, 944, 985, 851, 958], [25, 933, 850, 701, 987, 853], [70, 761, 991, 685, 694, 799], [363, 947, 512, 458, 992, 602], [557, 890, 709, 808, 809], [341, 711, 588, 852, 757], [645, 897, 993, 834, 981], [363, 947, 512, 458, 941], [413, 973, 584, 805, 558], [340, 982, 940, 594, 925], [281, 993, 989, 752, 906], [664, 671, 893, 966], [90, 716, 880, 429], [316, 613, 770, 751], [718, 940, 792, 730], [794, 971, 944, 795], [4, 909, 880, 359], [691, 836, 968, 914], [559, 997, 656, 986]]
after sorted:  [[333, 843, 740, 793, 825, 858, 542, 856], [1000, 994, 924, 390, 849, 747, 349, 862], [679, 946, 978, 969, 974, 977, 956, 839], [734, 967, 935, 980, 898, 753, 930, 983], [673, 915, 886, 824, 953, 949, 847], [338, 638, 829, 615, 766, 903, 785], [691, 836, 814, 773, 879, 934, 831], [175, 883, 728, 487, 726, 789, 695], [133, 896, 872, 891, 821, 822, 823], [88, 902, 721, 918, 663, 690, 666], [402, 946, 978, 839, 956, 974, 950], [734, 967, 935, 980, 898, 753, 955], [290, 899, 999, 736, 884, 998, 790], [204, 811, 724, 592, 698, 240], [509, 875, 944, 845, 868, 958], [3, 864, 705, 878, 596, 781], [489, 947, 882, 602, 869, 678], [267, 996, 943, 954, 960, 923], [714, 939, 942, 806, 820, 926], [749, 808, 913, 945, 893, 927], [146, 976, 951, 895, 888, 827], [58, 962, 963, 828, 744, 804], [919, 967, 935, 980, 957, 965], [41, 972, 901, 968, 619, 979], [509, 875, 944, 985, 851, 958], [25, 933, 850, 701, 987, 853], [70, 761, 991, 685, 694, 799], [363, 947, 512, 458, 992, 602], [557, 890, 709, 808, 809], [341, 711, 588, 852, 757], [645, 897, 993, 834, 981], [363, 947, 512, 458, 941], [413, 973, 584, 805, 558], [340, 982, 940, 594, 925], [281, 993, 989, 752, 906], [664, 671, 893, 966], [90, 716, 880, 429], [316, 613, 770, 751], [718, 940, 792, 730], [794, 971, 944, 795], [4, 909, 880, 359], [691, 836, 968, 914], [559, 997, 656, 986]]
before num:  43
befor deal_cliques:  43
after deal_cliques:  43
length of seeds:  43
seeds:  [set([740, 843, 333, 793, 856, 825, 858, 542]), set([994, 390, 1000, 747, 849, 924, 349, 862]), set([679, 969, 839, 946, 974, 977, 978, 956]), set([898, 935, 967, 930, 753, 980, 983, 734]), set([673, 915, 949, 886, 824, 953, 847]), set([785, 338, 766, 903, 615, 829, 638]), set([691, 836, 773, 934, 831, 814, 879]), set([883, 789, 726, 487, 728, 695, 175]), set([896, 133, 822, 823, 872, 891, 821]), set([721, 690, 918, 902, 663, 88, 666]), set([402, 950, 839, 956, 978, 974, 946]), set([753, 898, 955, 980, 935, 967, 734]), set([736, 290, 899, 884, 790, 998, 999]), set([240, 592, 724, 698, 811, 204]), set([944, 868, 875, 845, 958, 509]), set([864, 705, 3, 596, 781, 878]), set([882, 947, 869, 678, 489, 602]), set([960, 923, 996, 954, 267, 943]), set([820, 926, 806, 714, 939, 942]), set([945, 913, 808, 927, 749, 893]), set([976, 146, 951, 888, 827, 895]), set([962, 963, 804, 744, 58, 828]), set([980, 965, 967, 919, 935, 957]), set([979, 901, 968, 41, 619, 972]), set([944, 851, 985, 875, 509, 958]), set([850, 933, 25, 987, 701, 853]), set([694, 70, 761, 799, 685, 991]), set([512, 992, 947, 458, 363, 602]), set([808, 809, 890, 557, 709]), set([588, 711, 852, 757, 341]), set([897, 834, 993, 981, 645]), set([512, 458, 363, 947, 941]), set([584, 973, 805, 558, 413]), set([340, 594, 940, 925, 982]), set([752, 281, 906, 989, 993]), set([664, 893, 966, 671]), set([880, 90, 716, 429]), set([770, 316, 613, 751]), set([792, 730, 940, 718]), set([944, 794, 795, 971]), set([880, 4, 909, 359]), set([968, 914, 691, 836]), set([656, 986, 997, 559])]
seeds_fitness [0.21292775665399238, 0.13725490196078433, 0.09046849757673667, 0.09929078014184398, 0.10396039603960396, 0.17142857142857143, 0.11170212765957446, 0.2028985507246377, 0.1510791366906475, 0.1686746987951807, 0.0821917808219178, 0.08203125, 0.09417040358744394, 0.1910828025477707, 0.07281553398058252, 0.13761467889908258, 0.09345794392523364, 0.06578947368421052, 0.07371007371007371, 0.07281553398058252, 0.07194244604316546, 0.1016949152542373, 0.04918032786885246, 0.07633587786259542, 0.0650759219088937, 0.0821917808219178, 0.10101010101010101, 0.09345794392523364, 0.06493506493506493, 0.08771929824561403, 0.047961630695443645, 0.06153846153846154, 0.07194244604316546, 0.05830903790087463, 0.047058823529411764, 0.03785488958990536, 0.07228915662650602, 0.06282722513089005, 0.04285714285714286, 0.032432432432432434, 0.05970149253731343, 0.03409090909090909, 0.033426183844011144]
after sort list of tuple: [(0, 0.21292775665399238), (7, 0.2028985507246377), (13, 0.1910828025477707), (5, 0.17142857142857143), (9, 0.1686746987951807), (8, 0.1510791366906475), (15, 0.13761467889908258), (1, 0.13725490196078433), (6, 0.11170212765957446), (4, 0.10396039603960396), (21, 0.1016949152542373), (26, 0.10101010101010101), (3, 0.09929078014184398), (12, 0.09417040358744394), (16, 0.09345794392523364), (27, 0.09345794392523364), (2, 0.09046849757673667), (29, 0.08771929824561403), (10, 0.0821917808219178), (25, 0.0821917808219178), (11, 0.08203125), (23, 0.07633587786259542), (18, 0.07371007371007371), (14, 0.07281553398058252), (19, 0.07281553398058252), (36, 0.07228915662650602), (20, 0.07194244604316546), (32, 0.07194244604316546), (17, 0.06578947368421052), (24, 0.0650759219088937), (28, 0.06493506493506493), (37, 0.06282722513089005), (31, 0.06153846153846154), (40, 0.05970149253731343), (33, 0.05830903790087463), (22, 0.04918032786885246), (30, 0.047961630695443645), (34, 0.047058823529411764), (38, 0.04285714285714286), (35, 0.03785488958990536), (41, 0.03409090909090909), (42, 0.033426183844011144), (39, 0.032432432432432434)]
seeds_sorted [set([740, 843, 333, 793, 856, 825, 858, 542]), set([883, 789, 726, 487, 728, 695, 175]), set([240, 592, 724, 698, 811, 204]), set([785, 338, 766, 903, 615, 829, 638]), set([721, 690, 918, 902, 663, 88, 666]), set([896, 133, 822, 823, 872, 891, 821]), set([864, 705, 3, 596, 781, 878]), set([994, 390, 1000, 747, 849, 924, 349, 862]), set([691, 836, 773, 934, 831, 814, 879]), set([673, 915, 949, 886, 824, 953, 847]), set([962, 963, 804, 744, 58, 828]), set([694, 70, 761, 799, 685, 991]), set([898, 935, 967, 930, 753, 980, 983, 734]), set([736, 290, 899, 884, 790, 998, 999]), set([882, 947, 869, 678, 489, 602]), set([512, 992, 947, 458, 363, 602]), set([679, 969, 839, 946, 974, 977, 978, 956]), set([588, 711, 852, 757, 341]), set([402, 950, 839, 956, 978, 974, 946]), set([850, 933, 25, 987, 701, 853]), set([753, 898, 955, 980, 935, 967, 734]), set([979, 901, 968, 41, 619, 972]), set([820, 926, 806, 714, 939, 942]), set([944, 868, 875, 845, 958, 509]), set([945, 913, 808, 927, 749, 893]), set([880, 90, 716, 429]), set([976, 146, 951, 888, 827, 895]), set([584, 973, 805, 558, 413]), set([960, 923, 996, 954, 267, 943]), set([944, 851, 985, 875, 509, 958]), set([808, 809, 890, 557, 709]), set([770, 316, 613, 751]), set([512, 458, 363, 947, 941]), set([880, 4, 909, 359]), set([340, 594, 940, 925, 982]), set([980, 965, 967, 919, 935, 957]), set([897, 834, 993, 981, 645]), set([752, 281, 906, 989, 993]), set([792, 730, 940, 718]), set([664, 893, 966, 671]), set([968, 914, 691, 836]), set([656, 986, 997, 559]), set([944, 794, 795, 971])]
args__________ ([set([740, 843, 333, 793, 856, 825, 858, 542]), set([944, 794, 795, 971])],)
args__________ ([set([883, 789, 726, 487, 728, 695, 175]), set([656, 986, 997, 559])],)
args__________ ([set([240, 592, 724, 698, 811, 204]), set([968, 914, 691, 836])],)
args__________ ([set([785, 338, 766, 903, 615, 829, 638]), set([664, 893, 966, 671])],)
args__________ ([set([721, 690, 918, 902, 663, 88, 666]), set([792, 730, 940, 718])],)
args__________ ([set([896, 133, 822, 823, 872, 891, 821]), set([752, 281, 906, 989, 993])],)
args__________ ([set([864, 705, 3, 596, 781, 878]), set([897, 834, 993, 981, 645])],)
args__________ ([set([994, 390, 1000, 747, 849, 924, 349, 862]), set([980, 965, 967, 919, 935, 957])],)
args__________ ([set([691, 836, 773, 934, 831, 814, 879]), set([340, 594, 940, 925, 982])],)
args__________ ([set([673, 915, 949, 886, 824, 953, 847]), set([880, 4, 909, 359])],)
args__________ ([set([962, 963, 804, 744, 58, 828]), set([512, 458, 363, 947, 941])],)
args__________ ([set([694, 70, 761, 799, 685, 991])],)
args__________ ([set([898, 935, 967, 930, 753, 980, 983, 734])],)
args__________ ([set([736, 290, 899, 884, 790, 998, 999])],)
args__________ ([set([882, 947, 869, 678, 489, 602])],)
args__________ ([set([512, 992, 947, 458, 363, 602])],)
args__________ ([set([679, 969, 839, 946, 974, 977, 978, 956])],)
args__________ ([set([588, 711, 852, 757, 341])],)
args__________ ([set([402, 950, 839, 956, 978, 974, 946])],)
args__________ ([set([850, 933, 25, 987, 701, 853])],)
args__________ ([set([753, 898, 955, 980, 935, 967, 734])],)
args__________ ([set([979, 901, 968, 41, 619, 972])],)
args__________ ([set([820, 926, 806, 714, 939, 942])],)
args__________ ([set([944, 868, 875, 845, 958, 509])],)
args__________ ([set([945, 913, 808, 927, 749, 893])],)
args__________ ([set([880, 90, 716, 429])],)
args__________ ([set([976, 146, 951, 888, 827, 895])],)
args__________ ([set([584, 973, 805, 558, 413])],)
args__________ ([set([960, 923, 996, 954, 267, 943])],)
args__________ ([set([944, 851, 985, 875, 509, 958])],)
args__________ ([set([808, 809, 890, 557, 709])],)
args__________ ([set([770, 316, 613, 751])],)
finish process___________________
sorted nodes by betweenness [23, 24, 33, 35, 37, 60, 69, 72, 79, 84, 97, 111, 113, 119, 121, 125, 134, 139, 152, 159, 172, 177, 180, 195, 199, 215, 220, 244, 246, 250, 252, 253, 258, 269, 272, 273, 285, 303, 309, 313, 317, 321, 326, 331, 334, 339, 350, 355, 356, 358, 370, 393, 409, 416, 417, 419, 431, 432, 439, 440, 452, 455, 467, 469, 470, 476, 492, 493, 494, 495, 514, 516, 523, 531, 532, 533, 540, 545, 549, 551, 552, 563, 575, 578, 581, 586, 605, 617, 622, 623, 626, 627, 628, 629, 632, 639, 642, 648, 670, 672, 676, 680, 682, 715, 723, 729, 731, 738, 743, 760, 771, 772, 775, 777, 784, 786, 787, 803, 810, 840, 848, 867, 870, 877, 887, 894, 910, 921, 928, 937, 938, 948, 990, 995]
args__________ ([[23, 910, 672, 803, 339]],)
args__________ ([[24, 883, 801]],)
args__________ ([[33, 995]],)
args__________ ([[35, 997]],)
args__________ ([[37, 533, 331, 743, 493]],)
args__________ ([[60, 252, 552, 578]],)
args__________ ([[69, 905, 124]],)
args__________ ([[72, 626, 623, 350, 743]],)
args__________ ([[79, 808]],)
args__________ ([[37, 533, 84, 743]],)
args__________ ([[97, 996, 990]],)
args__________ ([[111, 999, 791, 928, 998]],)
args__________ ([[113, 803, 910]],)
args__________ ([[119, 623, 493, 578]],)
args__________ ([[121, 900, 890]],)
args__________ ([[125, 809]],)
args__________ ([[134, 971, 768]],)
args__________ ([[139, 863, 963]],)
args__________ ([[152, 488, 789, 726]],)
args__________ ([[159, 937, 958]],)
args__________ ([[172, 626, 467, 552, 623]],)
args__________ ([[177, 970, 866, 939]],)
args__________ ([[180, 984, 951, 197, 598]],)
args__________ ([[195, 544, 883]],)
args__________ ([[199, 913, 945]],)
args__________ ([[215, 929, 536]],)
args__________ ([[220, 778, 953]],)
args__________ ([[244, 626, 552, 467, 623]],)
args__________ ([[246, 963, 920]],)
args__________ ([[250, 467, 473]],)
args__________ ([[60, 252, 552, 578]],)
args__________ ([[253, 903, 767]],)
finish single seed process___________________
sorted nodes by betweenness [258, 269, 313, 317, 321, 326, 334, 355, 356, 370, 393, 409, 432, 439, 440, 452, 455, 469, 470, 476, 494, 516, 531, 532, 545, 549, 551, 563, 575, 581, 586, 605, 617, 628, 629, 632, 639, 642, 648, 670, 680, 715, 723, 729, 731, 738, 760, 771, 772, 775, 777, 784, 786, 787, 810, 840, 848, 867, 870, 877, 887, 894, 921, 938, 948]
args__________ ([[258, 998]],)
args__________ ([[269, 576, 931]],)
args__________ ([[313, 577, 922]],)
args__________ ([[184, 317]],)
args__________ ([[321, 965, 796]],)
args__________ ([[326, 937, 984]],)
args__________ ([[334, 960, 837]],)
args__________ ([[326, 355, 951]],)
args__________ ([[356, 998, 155]],)
args__________ ([[303, 910, 370]],)
args__________ ([[393, 576, 802]],)
args__________ ([[339, 910, 409]],)
args__________ ([[432, 898, 930]],)
args__________ ([[292, 439, 890]],)
args__________ ([[440, 992, 988]],)
args__________ ([[452, 882, 988]],)
args__________ ([[455, 992, 931]],)
args__________ ([[469, 770, 880]],)
args__________ ([[470, 956, 977]],)
args__________ ([[476, 839, 969]],)
args__________ ([[362, 698, 494]],)
args__________ ([[516, 962, 920]],)
args__________ ([[531, 836, 979]],)
args__________ ([[532, 754, 988]],)
args__________ ([[227, 925, 545, 570]],)
args__________ ([[549, 968, 979]],)
args__________ ([[551, 837, 997]],)
args__________ ([[369, 563, 942]],)
args__________ ([[147, 960, 575]],)
args__________ ([[581, 832, 764, 982]],)
args__________ ([[226, 953, 586]],)
args__________ ([[425, 722, 605]],)
finish single seed process___________________
sorted nodes by betweenness [617, 628, 629, 632, 639, 642, 648, 670, 680, 715, 723, 729, 731, 738, 760, 771, 772, 775, 777, 784, 786, 787, 810, 840, 848, 867, 870, 877, 887, 894, 921, 938, 948]
args__________ ([[545, 617, 985]],)
args__________ ([[64, 905, 628]],)
args__________ ([[629, 913, 945]],)
args__________ ([[489, 782, 882, 632]],)
args__________ ([[639, 927, 913, 945]],)
args__________ ([[560, 947, 642]],)
args__________ ([[11, 648, 988]],)
args__________ ([[670, 721, 690, 918]],)
args__________ ([[108, 680, 961]],)
args__________ ([[313, 715, 992]],)
args__________ ([[723, 780, 985, 971]],)
args__________ ([[308, 973, 729]],)
args__________ ([[354, 847, 915, 731]],)
args__________ ([[565, 738, 920, 963]],)
args__________ ([[738, 760, 984, 895]],)
args__________ ([[943, 771, 954, 996]],)
args__________ ([[772, 962, 920]],)
args__________ ([[64, 930, 775]],)
args__________ ([[517, 777, 996, 943]],)
args__________ ([[472, 784, 688, 655]],)
args__________ ([[396, 688, 786, 852]],)
args__________ ([[523, 910, 787, 803]],)
args__________ ([[810, 983, 930, 980]],)
args__________ ([[460, 902, 918, 840]],)
args__________ ([[677, 991, 848, 799]],)
args__________ ([[647, 966, 867, 927]],)
args__________ ([[654, 818, 841, 870]],)
args__________ ([[735, 877, 926, 854]],)
args__________ ([[243, 888, 951, 887]],)
args__________ ([[779, 923, 960, 894, 959]],)
args__________ ([[1000, 921, 747, 924, 349]],)
args__________ ([[435, 992, 938, 684]],)
finish single seed process___________________
sorted nodes by betweenness [948]
args__________ ([[90, 296, 948]],)
finish single seed process___________________
i =  0 [640, 128, 2, 387, 6, 527, 856, 658, 793, 542, 553, 427, 825, 442, 574, 843, 333, 855, 216, 858, 740, 239, 379]
i =  1 [132, 519, 136, 9, 395, 780, 14, 20, 662, 345, 388, 794, 795, 686, 944, 54, 649, 958, 325, 73, 971, 844, 845, 465, 210, 851, 85, 86, 471, 985, 737, 611, 868, 875, 625, 245, 120, 788, 509, 725]
i =  2 [544, 65, 214, 487, 488, 522, 87, 300, 462, 175, 48, 883, 789, 726, 695, 728, 57, 635, 221, 94]
i =  3 [131, 517, 776, 779, 524, 143, 656, 147, 943, 923, 689, 559, 433, 564, 312, 954, 189, 959, 960, 450, 579, 837, 842, 332, 461, 267, 986, 101, 609, 996, 997, 107, 117]
i =  4 [289, 259, 582, 71, 456, 76, 362, 811, 204, 301, 240, 83, 724, 149, 407, 592, 698, 618, 277]
i =  5 [644, 773, 914, 148, 901, 934, 41, 298, 814, 176, 691, 438, 831, 836, 968, 972, 336, 209, 979, 222, 607, 612, 81, 232, 619, 109, 879, 631, 504, 637]
i =  6 [389, 391, 266, 529, 403, 661, 534, 282, 785, 157, 554, 903, 829, 319, 453, 200, 201, 80, 338, 357, 615, 638, 766, 767]
i =  7 [256, 768, 647, 10, 913, 664, 539, 158, 671, 929, 292, 808, 809, 43, 557, 302, 945, 503, 567, 696, 441, 543, 320, 927, 709, 966, 329, 203, 589, 727, 860, 482, 360, 749, 115, 374, 169, 890, 893]
i =  8 [130, 278, 902, 268, 918, 663, 666, 668, 36, 690, 179, 704, 706, 587, 460, 77, 721, 88, 610, 104, 750, 118, 122]
i =  9 [940, 653, 912, 473, 792, 537, 925, 801, 168, 170, 44, 570, 699, 703, 708, 484, 718, 593, 594, 595, 340, 982, 343, 601, 730, 475, 865, 227, 228, 241, 501, 889, 506]
i =  10 [896, 133, 173, 404, 286, 5, 161, 165, 171, 45, 821, 310, 823, 500, 287, 448, 322, 324, 822, 208, 219, 614, 103, 872, 112, 756, 891]
i =  11 [384, 897, 645, 518, 513, 264, 906, 398, 917, 281, 667, 156, 29, 752, 418, 675, 932, 421, 129, 733, 392, 51, 315, 700, 834, 838, 327, 846, 931, 981, 218, 732, 989, 993, 485, 102, 748, 367, 496, 424, 498, 892, 383]
i =  12 [3, 263, 781, 16, 21, 797, 414, 38, 304, 692, 566, 568, 185, 444, 705, 451, 463, 596, 346, 864, 878, 247, 376, 507, 380, 510]
i =  13 [384, 897, 645, 518, 129, 264, 906, 398, 917, 281, 667, 156, 29, 752, 418, 931, 932, 421, 424, 989, 392, 51, 513, 315, 700, 834, 838, 327, 846, 675, 981, 218, 732, 733, 993, 485, 102, 748, 367, 496, 498, 383, 892, 255]
i =  14 [1, 491, 774, 652, 399, 530, 155, 924, 390, 681, 555, 812, 693, 188, 181, 583, 849, 859, 348, 349, 862, 994, 1000, 747, 238, 624, 758, 127, 381, 511]
i =  15 [898, 646, 138, 907, 12, 270, 19, 660, 279, 408, 665, 538, 930, 550, 935, 936, 52, 311, 952, 187, 572, 957, 318, 196, 965, 967, 183, 919, 983, 604, 378, 734, 955, 105, 753, 885, 980, 916, 508]
i =  16 [644, 773, 148, 901, 934, 41, 298, 814, 176, 691, 438, 831, 836, 968, 972, 336, 209, 979, 222, 607, 612, 81, 232, 619, 109, 879, 631, 504, 637]
i =  17 [44, 653, 912, 537, 925, 801, 168, 170, 940, 570, 699, 703, 708, 718, 593, 594, 595, 340, 982, 343, 601, 730, 475, 865, 227, 228, 241, 501, 889, 506]
i =  18 [265, 778, 271, 659, 26, 673, 166, 167, 306, 430, 50, 949, 137, 824, 953, 61, 961, 620, 354, 847, 337, 211, 915, 861, 226, 108, 365, 110, 497, 114, 371, 886, 249, 636]
i =  19 [770, 260, 397, 151, 4, 27, 90, 30, 288, 34, 423, 909, 425, 429, 561, 562, 436, 798, 316, 224, 202, 716, 205, 525, 722, 468, 597, 89, 474, 477, 96, 739, 613, 359, 874, 751, 880, 881, 248, 377, 382]
i =  20 [8, 394, 194, 15, 145, 150, 280, 154, 674, 804, 299, 437, 56, 58, 828, 702, 565, 192, 962, 963, 585, 75, 78, 217, 186, 863, 744, 233, 106, 920, 373, 63]
i =  21 [512, 782, 401, 18, 22, 947, 162, 291, 548, 293, 678, 684, 941, 560, 435, 59, 573, 447, 323, 198, 458, 602, 988, 869, 992, 481, 422, 489, 490, 363, 621, 882, 754, 126]
i =  22 [385, 650, 783, 535, 799, 677, 807, 685, 47, 816, 819, 694, 415, 190, 193, 66, 835, 70, 330, 213, 342, 599, 991, 98, 229, 230, 873, 236, 242, 761, 634, 763]
i =  23 [898, 646, 138, 907, 12, 270, 19, 660, 279, 408, 665, 538, 930, 550, 935, 936, 52, 311, 952, 187, 572, 957, 318, 196, 967, 183, 919, 983, 604, 378, 734, 955, 105, 753, 885, 980, 916, 508]
i =  24 [899, 790, 262, 520, 344, 643, 406, 791, 800, 290, 347, 710, 297, 55, 116, 352, 68, 454, 600, 91, 606, 736, 353, 998, 999, 361, 871, 876, 366, 884, 502, 765]
i =  25 [512, 782, 401, 18, 22, 947, 162, 291, 548, 293, 422, 684, 941, 560, 435, 59, 573, 447, 323, 198, 458, 602, 988, 869, 992, 481, 678, 489, 490, 363, 621, 754, 882, 126]
i =  26 [512, 782, 401, 18, 22, 947, 162, 291, 548, 293, 422, 684, 941, 560, 435, 59, 573, 447, 323, 198, 458, 602, 988, 869, 992, 481, 678, 489, 490, 363, 621, 754, 882, 126]
i =  27 [769, 515, 261, 17, 402, 284, 541, 164, 294, 679, 687, 305, 946, 950, 956, 445, 964, 49, 839, 328, 969, 974, 977, 978, 590, 603, 479, 483, 39, 368, 499, 759, 254]
i =  28 [900, 905, 651, 396, 13, 655, 400, 405, 410, 411, 669, 31, 295, 428, 815, 688, 826, 443, 64, 580, 711, 457, 588, 207, 852, 341, 472, 335, 314, 225, 231, 364, 372, 757, 124]
i =  29 [769, 515, 261, 17, 402, 284, 541, 164, 294, 679, 687, 305, 946, 950, 956, 445, 964, 49, 839, 328, 969, 590, 977, 978, 974, 603, 479, 483, 39, 368, 499, 759, 254]
i =  30 [7, 526, 144, 275, 536, 25, 32, 546, 933, 480, 683, 46, 53, 569, 850, 701, 832, 449, 713, 717, 975, 466, 853, 987, 135, 719, 223, 608, 234, 237, 375, 251, 764]
i =  31 [898, 646, 138, 907, 12, 270, 19, 660, 279, 408, 665, 538, 930, 550, 935, 936, 52, 311, 952, 187, 572, 957, 318, 196, 967, 183, 919, 983, 604, 734, 955, 105, 980, 753, 885, 916, 378, 508]
i =  32 [644, 901, 148, 773, 934, 41, 298, 814, 176, 438, 831, 836, 968, 972, 336, 209, 979, 222, 607, 612, 81, 232, 619, 109, 879, 631, 504, 637]
i =  33 [386, 11, 908, 142, 174, 922, 283, 412, 926, 547, 806, 40, 42, 939, 813, 942, 817, 178, 307, 820, 182, 697, 95, 74, 446, 191, 714, 591, 970, 163, 854, 478, 735, 866, 100, 235, 369, 762]
i =  34 [132, 519, 136, 649, 395, 780, 14, 788, 662, 985, 388, 795, 686, 944, 54, 9, 958, 325, 971, 844, 845, 465, 210, 851, 725, 86, 471, 345, 737, 611, 868, 875, 625, 245, 120, 20, 509, 85]
i =  35 [256, 768, 647, 913, 664, 539, 158, 543, 929, 292, 808, 809, 43, 557, 302, 945, 567, 696, 441, 927, 320, 709, 329, 203, 589, 727, 169, 860, 482, 360, 749, 115, 374, 503, 890, 893]
i =  36 [770, 260, 397, 151, 4, 27, 474, 798, 288, 34, 423, 909, 425, 429, 561, 562, 436, 30, 316, 224, 202, 716, 205, 525, 722, 468, 597, 89, 90, 477, 96, 739, 613, 359, 874, 751, 880, 881, 248, 377, 382]
i =  37 [571, 833, 904, 140, 141, 528, 657, 146, 276, 153, 796, 296, 951, 827, 830, 577, 707, 197, 206, 976, 212, 598, 505, 984, 857, 464, 99, 616, 746, 274, 243, 888, 633, 123, 720, 895]
i =  38 [641, 257, 521, 654, 911, 28, 413, 160, 802, 420, 805, 426, 556, 818, 558, 712, 434, 308, 184, 62, 576, 67, 584, 841, 459, 973, 82, 92, 93, 351, 741, 742, 486, 745, 755, 630]
i =  39 [131, 517, 776, 779, 524, 143, 656, 147, 943, 923, 689, 559, 433, 564, 312, 954, 189, 959, 960, 450, 579, 837, 842, 332, 461, 267, 997, 609, 996, 101, 107, 117]
i =  40 [132, 519, 136, 649, 395, 780, 14, 20, 662, 985, 388, 795, 686, 944, 54, 9, 958, 325, 971, 844, 845, 465, 210, 851, 725, 86, 471, 345, 737, 611, 868, 875, 625, 245, 120, 788, 509, 85]
i =  41 [768, 256, 647, 913, 664, 539, 158, 927, 929, 292, 808, 809, 43, 557, 302, 945, 567, 696, 441, 543, 320, 709, 329, 203, 589, 727, 169, 860, 482, 360, 749, 115, 374, 503, 890, 893]
i =  42 [770, 260, 397, 151, 4, 27, 525, 90, 30, 288, 34, 423, 425, 429, 561, 562, 436, 798, 316, 224, 202, 716, 205, 909, 722, 468, 597, 89, 474, 477, 96, 739, 613, 359, 874, 751, 880, 881, 248, 377, 382]
i =  43 [672, 417, 803, 676, 358, 682, 523, 492, 910, 431, 272, 273, 419, 285, 309, 23, 303, 540, 622, 339]
i =  44 [726, 522, 789, 24, 544, 801, 300, 175, 48, 695, 57, 65, 462, 214, 87, 728, 221, 94, 487, 488, 883, 635]
i =  45 [900, 905, 651, 396, 13, 655, 400, 17, 405, 410, 411, 669, 31, 33, 295, 428, 815, 688, 826, 443, 64, 580, 711, 457, 588, 207, 852, 341, 472, 335, 314, 225, 995, 231, 364, 372, 757, 124]
i =  46 [131, 517, 776, 779, 524, 143, 656, 147, 25, 943, 35, 689, 47, 433, 564, 312, 954, 842, 959, 960, 450, 579, 837, 74, 332, 461, 267, 90, 101, 609, 996, 997, 107, 189, 627, 117, 923, 559]
i =  47 [578, 37, 743, 72, 252, 331, 172, 493, 623, 552, 626, 467, 84, 533, 119, 244, 495, 60, 350]
i =  48 [578, 37, 743, 552, 60, 331, 172, 493, 623, 72, 626, 467, 244, 533, 119, 84, 495, 252, 350]
i =  49 [900, 905, 651, 396, 13, 655, 400, 405, 410, 411, 669, 31, 295, 428, 815, 688, 314, 443, 64, 580, 69, 711, 457, 588, 207, 852, 341, 472, 335, 826, 225, 231, 364, 372, 757, 124]
i =  50 [578, 37, 743, 72, 60, 331, 172, 493, 623, 552, 626, 467, 84, 533, 119, 244, 495, 252, 350]
i =  51 [257, 641, 521, 654, 911, 25, 28, 29, 160, 802, 420, 805, 808, 426, 556, 818, 558, 413, 712, 434, 308, 184, 62, 576, 67, 584, 841, 459, 973, 79, 203, 92, 93, 351, 741, 742, 486, 745, 755, 630]
i =  52 [578, 37, 743, 552, 252, 331, 172, 493, 623, 72, 626, 467, 84, 533, 119, 244, 495, 60, 350]
i =  53 [514, 131, 517, 776, 779, 524, 143, 656, 147, 559, 923, 689, 943, 433, 564, 312, 954, 189, 959, 960, 450, 579, 837, 609, 842, 332, 461, 267, 990, 997, 97, 996, 101, 107, 117]
i =  54 [899, 790, 262, 520, 344, 643, 406, 791, 928, 290, 347, 710, 297, 55, 884, 800, 68, 454, 600, 91, 736, 606, 352, 353, 998, 999, 361, 871, 876, 366, 111, 116, 502, 765]
i =  55 [672, 417, 419, 676, 358, 273, 682, 523, 492, 910, 431, 272, 113, 803, 285, 309, 23, 303, 540, 622, 339]
i =  56 [578, 37, 743, 552, 252, 331, 172, 493, 623, 72, 626, 467, 244, 533, 119, 84, 495, 60, 350]
i =  57 [900, 905, 651, 396, 13, 655, 400, 405, 410, 411, 669, 31, 295, 428, 815, 688, 826, 443, 64, 580, 711, 457, 588, 335, 852, 341, 472, 207, 314, 225, 231, 364, 372, 757, 121, 890, 124]
i =  58 [900, 905, 651, 396, 13, 655, 400, 17, 146, 405, 410, 411, 669, 31, 295, 809, 428, 815, 688, 826, 443, 64, 580, 711, 457, 588, 335, 852, 341, 472, 207, 314, 225, 231, 364, 372, 757, 124, 125]
i =  59 [768, 132, 134, 519, 136, 649, 395, 780, 14, 20, 662, 345, 388, 795, 686, 944, 54, 9, 958, 325, 73, 971, 844, 845, 465, 210, 851, 725, 86, 471, 985, 737, 611, 868, 875, 625, 245, 120, 788, 509, 85]
i =  60 [8, 394, 139, 194, 15, 145, 150, 280, 154, 674, 804, 299, 437, 56, 58, 828, 702, 565, 192, 962, 963, 585, 75, 78, 217, 186, 863, 744, 233, 106, 920, 373, 63]
i =  61 [544, 65, 214, 487, 488, 522, 695, 300, 462, 175, 48, 728, 883, 789, 726, 87, 152, 57, 635, 221, 94]
i =  62 [132, 519, 136, 649, 395, 780, 14, 788, 662, 345, 388, 795, 159, 937, 686, 944, 54, 9, 958, 325, 971, 844, 845, 465, 210, 851, 85, 86, 471, 985, 737, 611, 868, 875, 625, 245, 120, 20, 509, 725]
i =  63 [578, 37, 743, 552, 252, 331, 172, 493, 623, 72, 626, 467, 244, 533, 119, 84, 495, 60, 350]
i =  64 [386, 11, 908, 142, 174, 922, 283, 412, 926, 547, 806, 817, 40, 42, 939, 813, 942, 177, 178, 307, 820, 182, 697, 735, 74, 446, 191, 714, 591, 970, 163, 854, 478, 95, 866, 100, 235, 369, 762]
i =  65 [833, 904, 827, 140, 141, 528, 657, 274, 276, 153, 796, 296, 180, 951, 571, 830, 577, 707, 197, 206, 976, 212, 598, 633, 984, 857, 464, 99, 616, 746, 146, 243, 888, 505, 123, 720, 895]
i =  66 [544, 65, 195, 214, 487, 488, 522, 87, 300, 462, 175, 48, 883, 789, 726, 695, 728, 57, 635, 221, 94]
i =  67 [256, 768, 647, 913, 664, 539, 158, 927, 929, 292, 808, 809, 43, 557, 302, 945, 567, 696, 441, 543, 320, 709, 966, 199, 329, 203, 589, 727, 169, 860, 482, 360, 749, 115, 374, 503, 890, 893]
i =  68 [256, 1, 647, 138, 727, 15, 913, 768, 536, 539, 158, 543, 416, 929, 292, 808, 809, 43, 45, 302, 945, 567, 696, 441, 58, 927, 320, 709, 966, 329, 203, 589, 215, 169, 860, 557, 482, 360, 664, 749, 115, 374, 503, 890, 251, 893]
i =  69 [265, 778, 271, 915, 26, 673, 166, 167, 50, 430, 306, 949, 137, 824, 953, 61, 961, 620, 226, 847, 337, 211, 659, 220, 861, 354, 108, 365, 110, 497, 114, 371, 886, 249, 636]
i =  70 [578, 37, 743, 552, 252, 331, 172, 493, 623, 72, 626, 467, 244, 533, 119, 84, 495, 60, 350]
i =  71 [8, 394, 194, 15, 145, 150, 280, 154, 674, 804, 299, 437, 56, 186, 828, 702, 565, 192, 962, 963, 585, 75, 78, 217, 58, 863, 744, 233, 106, 920, 373, 246, 63]
i =  72 [84, 578, 37, 743, 552, 60, 331, 172, 493, 495, 72, 626, 467, 244, 533, 119, 473, 250, 623, 252, 350]
i =  73 [578, 37, 743, 552, 60, 331, 172, 493, 623, 72, 626, 467, 244, 533, 119, 84, 495, 252, 350]
i =  74 [389, 391, 266, 785, 403, 661, 534, 282, 157, 554, 903, 829, 319, 453, 200, 201, 80, 338, 357, 529, 615, 766, 253, 638, 767]
i =  75 [258, 643, 406, 262, 520, 344, 899, 790, 791, 27, 800, 290, 347, 710, 297, 55, 884, 736, 68, 454, 600, 91, 606, 352, 353, 998, 999, 361, 871, 876, 366, 116, 502, 765]
i =  76 [384, 129, 645, 518, 897, 264, 906, 269, 398, 917, 281, 667, 156, 29, 496, 418, 931, 932, 421, 424, 733, 392, 51, 513, 315, 700, 576, 834, 838, 327, 846, 675, 981, 218, 732, 989, 993, 485, 102, 748, 367, 752, 498, 892, 383]
i =  77 [386, 11, 908, 142, 174, 922, 283, 412, 926, 35, 806, 817, 40, 42, 939, 813, 942, 177, 178, 307, 820, 182, 697, 95, 74, 446, 191, 577, 714, 591, 970, 163, 854, 313, 478, 735, 866, 100, 235, 369, 547, 762]
i =  78 [521, 184, 28, 317, 62, 351]
i =  79 [259, 4, 7, 18, 149, 22, 407, 796, 289, 811, 301, 698, 321, 965, 582, 71, 456, 76, 204, 592, 83, 724, 618, 240, 362, 277]
i =  80 [13, 533, 495, 37, 552, 937, 172, 60, 578, 326, 72, 331, 467, 84, 984, 350, 743, 493, 623, 626, 244, 119, 252]
i =  81 [131, 517, 776, 779, 524, 143, 656, 147, 559, 923, 689, 943, 433, 564, 312, 954, 189, 959, 960, 450, 579, 837, 842, 332, 461, 334, 267, 997, 609, 996, 101, 107, 117]
i =  82 [533, 495, 36, 37, 552, 172, 951, 60, 578, 326, 72, 331, 77, 467, 84, 350, 355, 743, 493, 623, 626, 244, 119, 252]
i =  83 [643, 790, 262, 520, 344, 899, 406, 791, 155, 800, 290, 347, 710, 297, 27, 55, 884, 736, 68, 454, 600, 91, 606, 352, 353, 356, 998, 999, 361, 871, 876, 366, 116, 502, 765]
i =  84 [672, 417, 803, 676, 358, 682, 523, 492, 339, 622, 303, 272, 273, 370, 419, 309, 23, 431, 540, 285, 910]
i =  85 [257, 641, 393, 654, 911, 28, 413, 160, 802, 420, 805, 426, 556, 434, 558, 712, 818, 308, 521, 184, 62, 576, 67, 584, 841, 459, 973, 469, 92, 93, 351, 741, 742, 486, 745, 755, 630]
i =  86 [672, 417, 803, 676, 358, 682, 523, 492, 419, 910, 431, 272, 273, 339, 622, 23, 409, 303, 540, 285, 309]
i =  87 [898, 646, 138, 907, 12, 270, 19, 916, 279, 408, 665, 538, 930, 550, 935, 936, 432, 52, 311, 952, 955, 572, 957, 318, 196, 967, 183, 919, 983, 604, 734, 187, 105, 753, 660, 885, 980, 378, 508]
i =  88 [257, 641, 521, 654, 911, 28, 413, 160, 33, 802, 292, 805, 426, 556, 818, 558, 584, 434, 308, 439, 184, 62, 576, 67, 69, 712, 841, 203, 973, 420, 92, 93, 459, 351, 741, 742, 486, 745, 755, 630, 121, 890]
i =  89 [512, 782, 401, 18, 22, 947, 162, 291, 548, 293, 422, 684, 941, 560, 435, 440, 59, 573, 447, 323, 198, 458, 602, 988, 869, 992, 481, 678, 489, 490, 363, 621, 882, 754, 126]
i =  90 [512, 422, 782, 401, 18, 22, 947, 162, 291, 548, 293, 678, 684, 941, 560, 435, 59, 573, 447, 323, 452, 198, 458, 602, 988, 992, 481, 869, 489, 490, 363, 621, 882, 754, 126]
i =  91 [512, 363, 782, 401, 18, 22, 947, 162, 931, 548, 293, 422, 684, 941, 560, 435, 59, 573, 447, 323, 198, 455, 458, 291, 602, 988, 869, 992, 481, 678, 489, 490, 485, 621, 367, 754, 882, 126]
i =  92 [770, 4, 397, 151, 260, 27, 525, 90, 30, 288, 34, 423, 425, 429, 477, 561, 562, 436, 798, 316, 96, 202, 716, 205, 909, 722, 468, 469, 89, 474, 93, 224, 739, 613, 359, 874, 751, 880, 881, 248, 377, 382, 597]
i =  93 [769, 515, 261, 17, 402, 284, 541, 164, 294, 39, 687, 305, 946, 950, 956, 445, 964, 49, 839, 328, 969, 590, 977, 978, 974, 470, 603, 479, 483, 679, 368, 499, 759, 254]
i =  94 [769, 515, 261, 17, 402, 284, 541, 164, 294, 39, 687, 305, 946, 950, 956, 445, 964, 49, 839, 328, 969, 974, 977, 978, 590, 603, 476, 479, 483, 679, 368, 499, 759, 254]
i =  95 [289, 259, 582, 71, 456, 204, 362, 811, 76, 301, 494, 240, 83, 724, 149, 407, 592, 698, 618, 277]
i =  96 [516, 8, 394, 194, 15, 145, 150, 280, 154, 674, 804, 299, 437, 56, 58, 828, 702, 565, 192, 962, 963, 585, 75, 78, 217, 186, 863, 744, 233, 106, 920, 373, 63]
i =  97 [644, 773, 531, 148, 901, 934, 41, 298, 814, 176, 691, 438, 831, 836, 968, 972, 336, 209, 979, 222, 607, 612, 81, 232, 619, 109, 879, 631, 504, 637]
i =  98 [512, 782, 401, 18, 532, 22, 947, 162, 291, 548, 293, 422, 684, 941, 560, 435, 59, 573, 447, 323, 198, 458, 602, 988, 869, 992, 481, 678, 489, 490, 363, 621, 754, 882, 126]
i =  99 [940, 653, 912, 601, 537, 925, 545, 168, 170, 44, 570, 699, 703, 708, 228, 801, 718, 593, 594, 595, 340, 982, 343, 473, 730, 475, 865, 227, 484, 241, 501, 889, 506]
i =  100 [644, 773, 148, 901, 549, 934, 41, 298, 814, 176, 691, 438, 831, 836, 968, 972, 336, 209, 979, 222, 607, 612, 81, 232, 619, 109, 879, 631, 504, 637]
i =  101 [131, 517, 776, 779, 524, 143, 656, 147, 943, 923, 551, 559, 433, 564, 312, 954, 189, 959, 960, 450, 579, 837, 842, 332, 461, 267, 689, 101, 609, 996, 997, 107, 117]
i =  102 [386, 11, 908, 142, 563, 174, 922, 283, 412, 926, 163, 806, 40, 42, 939, 813, 942, 817, 178, 307, 820, 182, 697, 735, 74, 446, 191, 714, 591, 970, 547, 854, 478, 95, 866, 100, 235, 369, 762]
i =  103 [578, 147, 533, 495, 37, 552, 172, 60, 575, 960, 66, 579, 72, 331, 78, 467, 84, 350, 743, 493, 623, 626, 244, 119, 252]
i =  104 [135, 526, 144, 275, 536, 25, 32, 546, 933, 683, 46, 53, 569, 850, 701, 832, 449, 581, 713, 717, 975, 466, 853, 982, 7, 608, 987, 719, 223, 480, 234, 237, 375, 251, 764]
i =  105 [265, 778, 271, 915, 26, 673, 166, 167, 306, 430, 50, 371, 949, 137, 824, 953, 61, 961, 620, 586, 354, 847, 337, 211, 220, 861, 226, 108, 365, 110, 497, 114, 659, 886, 249, 636]
i =  106 [770, 4, 397, 151, 260, 27, 90, 30, 288, 34, 423, 909, 425, 429, 605, 561, 562, 436, 798, 316, 224, 202, 716, 205, 525, 722, 468, 597, 89, 474, 477, 96, 739, 613, 359, 874, 751, 880, 881, 248, 377, 382]
i =  107 [875, 132, 519, 136, 649, 395, 780, 14, 788, 662, 345, 388, 795, 545, 686, 944, 54, 9, 958, 325, 971, 844, 845, 465, 210, 851, 725, 86, 471, 985, 737, 611, 868, 617, 107, 625, 245, 120, 20, 509, 85]
i =  108 [900, 905, 651, 396, 13, 655, 400, 405, 410, 411, 669, 31, 295, 428, 815, 688, 628, 314, 443, 64, 580, 711, 457, 588, 207, 852, 341, 472, 335, 826, 225, 231, 364, 372, 757, 124]
i =  109 [256, 768, 647, 913, 664, 539, 158, 927, 929, 292, 808, 809, 43, 557, 302, 945, 503, 567, 696, 441, 543, 320, 709, 966, 199, 329, 203, 589, 727, 860, 482, 360, 749, 115, 629, 374, 169, 890, 893]
i =  110 [512, 782, 401, 18, 22, 947, 162, 291, 548, 293, 678, 684, 941, 560, 435, 59, 573, 447, 323, 198, 458, 602, 988, 869, 992, 481, 422, 489, 490, 363, 621, 882, 632, 754, 126]
i =  111 [256, 768, 647, 913, 664, 539, 158, 543, 929, 292, 808, 809, 43, 557, 302, 945, 503, 567, 696, 441, 927, 320, 709, 966, 199, 329, 203, 589, 727, 860, 482, 360, 749, 115, 374, 169, 890, 893, 639]
i =  112 [512, 642, 782, 401, 18, 22, 947, 162, 291, 548, 293, 422, 684, 941, 560, 435, 59, 573, 447, 323, 198, 458, 602, 988, 869, 992, 481, 678, 489, 490, 363, 621, 754, 882, 126]
i =  113 [512, 648, 11, 435, 782, 401, 18, 22, 162, 291, 548, 293, 678, 684, 941, 560, 947, 59, 573, 447, 323, 198, 458, 602, 988, 869, 992, 481, 422, 489, 490, 363, 621, 754, 882, 126]
i =  114 [130, 278, 902, 268, 918, 663, 666, 668, 670, 36, 690, 179, 704, 706, 587, 460, 77, 721, 88, 610, 104, 750, 118, 122]
i =  115 [137, 778, 271, 659, 26, 673, 166, 167, 680, 306, 430, 108, 50, 949, 265, 824, 953, 61, 961, 226, 847, 337, 211, 915, 861, 354, 81, 620, 365, 110, 497, 114, 371, 886, 249, 636]
i =  116 [512, 782, 401, 18, 22, 947, 162, 291, 548, 293, 678, 684, 941, 560, 435, 313, 59, 573, 447, 323, 198, 458, 715, 602, 988, 869, 992, 481, 422, 489, 490, 363, 621, 754, 882, 126]
i =  117 [132, 134, 519, 136, 649, 395, 780, 14, 20, 662, 345, 388, 795, 686, 944, 54, 9, 958, 325, 73, 971, 844, 845, 465, 210, 723, 725, 86, 471, 985, 737, 611, 868, 875, 625, 851, 245, 120, 788, 509, 85]
i =  118 [641, 257, 521, 654, 911, 28, 413, 160, 802, 420, 805, 426, 556, 818, 558, 712, 434, 308, 184, 62, 576, 67, 584, 841, 459, 973, 729, 92, 93, 351, 741, 742, 486, 745, 755, 630]
i =  119 [137, 778, 271, 915, 26, 673, 166, 167, 50, 430, 306, 371, 949, 265, 824, 953, 61, 961, 620, 354, 847, 337, 211, 731, 861, 226, 108, 365, 110, 497, 114, 659, 886, 249, 636]
i =  120 [8, 394, 194, 15, 145, 150, 920, 154, 674, 804, 299, 437, 56, 186, 828, 702, 565, 192, 962, 963, 585, 75, 78, 217, 58, 280, 863, 738, 744, 233, 106, 373, 63]
i =  121 [833, 904, 140, 141, 528, 657, 146, 276, 153, 796, 296, 180, 951, 827, 830, 577, 707, 197, 206, 976, 760, 99, 212, 598, 505, 984, 857, 464, 738, 571, 616, 746, 274, 243, 888, 633, 250, 123, 720, 895]
i =  122 [771, 517, 776, 779, 524, 143, 656, 131, 559, 923, 689, 943, 433, 564, 312, 954, 189, 959, 960, 450, 579, 837, 842, 332, 461, 267, 997, 609, 996, 101, 107, 147, 117]
i =  123 [772, 8, 394, 194, 15, 145, 150, 280, 154, 674, 804, 299, 437, 56, 58, 828, 702, 565, 192, 962, 963, 585, 75, 78, 217, 186, 863, 744, 233, 106, 920, 373, 63]
i =  124 [132, 775, 136, 649, 395, 780, 14, 788, 662, 985, 388, 26, 795, 31, 930, 519, 172, 686, 944, 54, 9, 444, 958, 64, 325, 12, 971, 844, 845, 465, 210, 851, 85, 86, 471, 345, 737, 611, 868, 875, 625, 245, 120, 20, 509, 725]
i =  125 [131, 517, 776, 777, 779, 524, 143, 656, 147, 559, 923, 689, 943, 433, 564, 312, 954, 189, 959, 960, 450, 579, 837, 842, 332, 461, 267, 997, 609, 996, 101, 107, 117]
i =  126 [900, 905, 651, 396, 13, 655, 400, 405, 410, 411, 669, 31, 295, 428, 815, 688, 314, 443, 64, 580, 711, 457, 588, 207, 852, 341, 472, 335, 826, 225, 231, 364, 372, 757, 124, 784]
i =  127 [900, 905, 651, 396, 13, 655, 400, 786, 405, 410, 411, 669, 31, 295, 428, 815, 688, 314, 443, 64, 580, 711, 457, 588, 335, 852, 341, 472, 207, 826, 225, 231, 364, 372, 757, 124]
i =  128 [672, 417, 803, 676, 358, 682, 523, 492, 419, 910, 431, 272, 273, 339, 622, 23, 787, 303, 540, 285, 309]
i =  129 [898, 646, 138, 907, 12, 270, 19, 916, 279, 408, 665, 538, 930, 550, 935, 936, 810, 52, 311, 952, 187, 572, 957, 318, 196, 967, 183, 919, 983, 604, 734, 955, 105, 980, 753, 885, 660, 378, 508]
i =  130 [130, 278, 902, 268, 918, 663, 666, 668, 36, 690, 179, 704, 706, 840, 587, 460, 77, 721, 88, 610, 104, 750, 118, 122]
i =  131 [385, 650, 783, 535, 415, 677, 807, 685, 47, 816, 819, 694, 799, 190, 193, 66, 835, 70, 330, 848, 213, 342, 599, 991, 98, 229, 230, 873, 236, 242, 761, 634, 763]
i =  132 [768, 256, 647, 913, 664, 539, 158, 927, 929, 292, 808, 809, 43, 557, 302, 945, 503, 567, 696, 441, 543, 320, 709, 966, 329, 203, 589, 727, 860, 482, 867, 360, 749, 115, 374, 169, 890, 893]
i =  133 [641, 257, 521, 654, 911, 742, 28, 413, 160, 802, 420, 805, 426, 556, 434, 558, 584, 818, 308, 184, 62, 576, 67, 712, 841, 459, 973, 92, 93, 351, 741, 870, 486, 745, 755, 630]
i =  134 [386, 11, 908, 142, 174, 922, 283, 412, 926, 547, 806, 40, 42, 939, 813, 942, 817, 178, 307, 820, 182, 697, 735, 714, 446, 191, 74, 591, 970, 163, 854, 478, 95, 866, 100, 235, 877, 369, 762]
i =  135 [571, 833, 904, 140, 141, 528, 657, 146, 276, 153, 796, 296, 951, 827, 830, 577, 707, 197, 206, 976, 212, 598, 505, 984, 857, 464, 99, 616, 746, 274, 243, 887, 888, 633, 123, 720, 895]
i =  136 [131, 517, 776, 779, 524, 143, 656, 147, 559, 923, 689, 943, 433, 564, 312, 954, 189, 959, 960, 450, 579, 837, 842, 332, 461, 267, 997, 609, 996, 101, 107, 117, 894]
i =  137 [1, 491, 390, 652, 399, 530, 921, 155, 924, 774, 681, 555, 812, 181, 188, 693, 583, 849, 859, 348, 349, 862, 994, 1000, 747, 238, 624, 758, 127, 381, 511]
i =  138 [512, 782, 678, 401, 18, 22, 947, 162, 291, 548, 293, 422, 938, 684, 941, 560, 435, 59, 573, 447, 323, 198, 458, 602, 988, 992, 481, 869, 489, 490, 363, 621, 754, 882, 126]
i =  139 [770, 4, 525, 151, 24, 260, 27, 474, 30, 288, 34, 35, 423, 296, 425, 429, 561, 562, 948, 798, 436, 316, 224, 202, 716, 205, 909, 722, 468, 597, 377, 89, 90, 477, 397, 96, 739, 613, 359, 874, 108, 751, 880, 881, 248, 218, 382]
finish get all communities
complete deal_communities
commplete get_all_nature_community
----------------------------------The detection result is: 

all communities: 
i =  1 : [2, 6, 128, 216, 239, 333, 379, 387, 427, 442, 527, 542, 553, 574, 640, 658, 740, 793, 825, 843, 855, 856, 858]
i =  2 : [5, 45, 103, 112, 133, 161, 165, 171, 173, 208, 219, 286, 287, 310, 322, 324, 404, 448, 500, 614, 756, 821, 822, 823, 872, 891, 896]
i =  3 : [3, 16, 21, 38, 185, 247, 263, 304, 346, 376, 380, 414, 444, 451, 463, 507, 510, 566, 568, 596, 692, 705, 781, 797, 864, 878]
i =  4 : [80, 157, 200, 201, 253, 266, 282, 319, 338, 357, 389, 391, 403, 453, 529, 534, 554, 615, 638, 661, 766, 767, 785, 829, 903]
i =  5 : [28, 62, 184, 317, 351, 521]
i =  6 : [37, 60, 66, 72, 78, 84, 119, 147, 172, 244, 252, 331, 350, 467, 493, 495, 533, 552, 575, 578, 579, 623, 626, 743, 960]
i =  7 : [7, 25, 32, 46, 53, 135, 144, 223, 234, 237, 251, 275, 375, 449, 466, 480, 526, 536, 546, 569, 581, 608, 683, 701, 713, 717, 719, 764, 832, 850, 853, 933, 975, 982, 987]
i =  8 : [47, 66, 70, 98, 190, 193, 213, 229, 230, 236, 242, 330, 342, 385, 415, 535, 599, 634, 650, 677, 685, 694, 761, 763, 783, 799, 807, 816, 819, 835, 848, 873, 991]
i =  9 : [1, 127, 155, 181, 188, 238, 348, 349, 381, 390, 399, 491, 511, 530, 555, 583, 624, 652, 681, 693, 747, 758, 774, 812, 849, 859, 862, 921, 924, 994, 1000]
i =  10 : [44, 168, 170, 227, 228, 241, 340, 343, 473, 475, 484, 501, 506, 537, 545, 570, 593, 594, 595, 601, 653, 699, 703, 708, 718, 730, 792, 801, 865, 889, 912, 925, 940, 982]
i =  11 : [29, 51, 102, 129, 156, 218, 255, 264, 269, 281, 315, 327, 367, 383, 384, 392, 398, 418, 421, 424, 485, 496, 498, 513, 518, 576, 645, 667, 675, 700, 732, 733, 748, 752, 834, 838, 846, 892, 897, 906, 917, 931, 932, 981, 989, 993]
i =  12 : [4, 7, 18, 22, 71, 76, 83, 149, 204, 240, 259, 277, 289, 301, 321, 362, 407, 456, 494, 582, 592, 618, 698, 724, 796, 811, 965]
i =  13 : [17, 39, 49, 164, 254, 261, 284, 294, 305, 328, 368, 402, 445, 470, 476, 479, 483, 499, 515, 541, 590, 603, 679, 687, 759, 769, 839, 946, 950, 956, 964, 969, 974, 977, 978]
i =  14 : [36, 77, 88, 104, 118, 122, 130, 179, 268, 278, 460, 587, 610, 663, 666, 668, 670, 690, 704, 706, 721, 750, 840, 902, 918]
i =  15 : [99, 123, 140, 141, 146, 153, 180, 197, 206, 212, 243, 250, 274, 276, 296, 464, 505, 528, 571, 577, 598, 616, 633, 657, 707, 720, 738, 746, 760, 796, 827, 830, 833, 857, 887, 888, 895, 904, 951, 976, 984]
i =  16 : [41, 81, 109, 148, 176, 209, 222, 232, 298, 336, 438, 504, 531, 549, 607, 612, 619, 631, 637, 644, 691, 773, 814, 831, 836, 879, 901, 914, 934, 968, 972, 979]
i =  17 : [12, 19, 52, 105, 138, 183, 187, 196, 270, 279, 311, 318, 378, 408, 432, 508, 538, 550, 572, 604, 646, 660, 665, 734, 753, 810, 885, 898, 907, 916, 919, 930, 935, 936, 952, 955, 957, 965, 967, 980, 983]
i =  18 : [24, 48, 57, 65, 87, 94, 152, 175, 195, 214, 221, 300, 462, 487, 488, 522, 544, 635, 695, 726, 728, 789, 801, 883]
i =  19 : [27, 55, 68, 91, 111, 116, 155, 258, 262, 290, 297, 344, 347, 352, 353, 356, 361, 366, 406, 454, 502, 520, 600, 606, 643, 710, 736, 765, 790, 791, 800, 871, 876, 884, 899, 928, 998, 999]
i =  20 : [13, 36, 37, 60, 72, 77, 84, 119, 172, 244, 250, 252, 326, 331, 350, 355, 467, 473, 493, 495, 533, 552, 578, 623, 626, 743, 937, 951, 984]
i =  21 : [11, 35, 40, 42, 74, 95, 100, 142, 163, 174, 177, 178, 182, 191, 235, 283, 307, 313, 369, 386, 412, 446, 478, 547, 563, 577, 591, 697, 714, 735, 762, 806, 813, 817, 820, 854, 866, 877, 908, 922, 926, 939, 942, 970]
i =  22 : [4, 24, 27, 30, 34, 35, 89, 90, 93, 96, 108, 151, 202, 205, 218, 224, 248, 260, 288, 296, 316, 359, 377, 382, 397, 423, 425, 429, 436, 468, 469, 474, 477, 525, 561, 562, 597, 605, 613, 716, 722, 739, 751, 770, 798, 874, 880, 881, 909, 948]
i =  23 : [26, 50, 61, 81, 108, 110, 114, 137, 166, 167, 211, 220, 226, 249, 265, 271, 306, 337, 354, 365, 371, 430, 497, 586, 620, 636, 659, 673, 680, 731, 778, 824, 847, 861, 886, 915, 949, 953, 961]
i =  24 : [23, 113, 272, 273, 285, 303, 309, 339, 358, 370, 409, 417, 419, 431, 492, 523, 540, 622, 672, 676, 682, 787, 803, 910]
i =  25 : [1, 10, 15, 43, 45, 58, 115, 138, 158, 169, 199, 203, 215, 251, 256, 292, 302, 320, 329, 360, 374, 416, 441, 482, 503, 536, 539, 543, 557, 567, 589, 629, 639, 647, 664, 671, 696, 709, 727, 749, 768, 808, 809, 860, 867, 890, 893, 913, 927, 929, 945, 966]
i =  26 : [8, 15, 56, 58, 63, 75, 78, 106, 139, 145, 150, 154, 186, 192, 194, 217, 233, 246, 280, 299, 373, 394, 437, 516, 565, 585, 674, 702, 738, 744, 772, 804, 828, 863, 920, 962, 963]
i =  27 : [9, 12, 14, 20, 26, 31, 54, 64, 73, 85, 86, 107, 120, 132, 134, 136, 159, 172, 210, 245, 325, 345, 388, 395, 444, 465, 471, 509, 519, 545, 611, 617, 625, 649, 662, 686, 723, 725, 737, 768, 775, 780, 788, 794, 795, 844, 845, 851, 868, 875, 930, 937, 944, 958, 971, 985]
i =  28 : [25, 28, 29, 33, 62, 67, 69, 79, 82, 92, 93, 121, 160, 184, 203, 257, 292, 308, 351, 393, 413, 420, 426, 434, 439, 459, 469, 486, 521, 556, 558, 576, 584, 630, 641, 654, 712, 729, 741, 742, 745, 755, 802, 805, 808, 818, 841, 870, 890, 911, 973]
i =  29 : [13, 17, 31, 33, 64, 69, 121, 124, 125, 146, 207, 225, 231, 295, 314, 335, 341, 364, 372, 396, 400, 405, 410, 411, 428, 443, 457, 472, 580, 588, 628, 651, 655, 669, 688, 711, 757, 784, 786, 809, 815, 826, 852, 890, 900, 905, 995]
i =  30 : [25, 35, 47, 74, 90, 97, 101, 107, 117, 131, 143, 147, 189, 267, 312, 332, 334, 433, 450, 461, 514, 517, 524, 551, 559, 564, 579, 609, 627, 656, 689, 771, 776, 777, 779, 837, 842, 894, 923, 943, 954, 959, 960, 986, 990, 996, 997]
i =  31 : [11, 18, 22, 59, 126, 162, 198, 291, 293, 313, 323, 363, 367, 401, 422, 435, 440, 447, 452, 455, 458, 481, 485, 489, 490, 512, 532, 548, 560, 573, 602, 621, 632, 642, 648, 678, 684, 715, 754, 782, 869, 882, 931, 938, 941, 947, 988, 992]
overlapping nodes are:  [1, 4, 7, 11, 12, 13, 15, 17, 18, 22, 24, 25, 26, 27, 28, 29, 31, 33, 35, 36, 37, 45, 47, 58, 60, 62, 64, 66, 69, 72, 74, 77, 78, 81, 84, 90, 93, 107, 108, 119, 121, 138, 146, 147, 155, 172, 184, 203, 218, 244, 250, 251, 252, 292, 296, 313, 331, 350, 351, 367, 444, 467, 469, 473, 485, 493, 495, 521, 533, 536, 545, 552, 576, 577, 578, 579, 623, 626, 738, 743, 768, 796, 801, 808, 809, 890, 930, 931, 937, 951, 960, 965, 982, 984] 
 NOO is:  94
total time is:  215.090136051
