setting... -N 1000
setting... -k 20
setting... -maxk 50
setting... -mu 0.3
setting... -t1 2
setting... -t2 1
setting... -minc 20
setting... -maxc 100
setting... -on 100
setting... -om 6

**************************************************************
number of nodes:	1000
average degree:	20
maximum degree:	50
exponent for the degree distribution:	2
exponent for the community size distribution:	1
mixing parameter:	0.3
number of overlapping nodes:	100
number of memberships of the overlapping nodes:	6
community size range set equal to [20 , 100]
**************************************************************

building communities... 
connecting communities... 
recording network...


---------------------------------------------------------------------------
network of 1000 vertices and 9410 edges;	 average degree = 18.82

average mixing parameter: 0.302289 +/- 0.0253547
p_in: 0.239252	p_out: 0.00967904


i =6: 
mutual3:	0.665778
