lens of ground_truth:  27
ground_truth is: [[13, 17, 18, 32, 48, 62, 102, 108, 122, 124, 126, 133, 134, 135, 154, 168, 180, 182, 206, 224, 246, 256, 267, 279, 280, 309, 319, 334, 339, 344, 375, 382, 385, 395, 412, 422, 425, 434, 484, 498, 518, 537, 541, 542, 544, 559, 563, 579, 580, 587, 590, 593, 613, 614, 626, 632, 644, 646, 647, 650, 660, 661, 663, 664, 666, 667, 671, 673, 679, 688, 716, 717, 723, 741, 747, 752, 770, 790, 811, 836, 847, 851, 854, 855, 857, 867, 872, 894, 898, 902, 960, 962, 964, 980, 982, 992, 994], [4, 67, 81, 83, 106, 152, 162, 184, 203, 293, 300, 323, 372, 391, 446, 469, 471, 481, 488, 551, 576, 636, 653, 670, 685, 711, 722, 743, 797, 805, 817, 866], [8, 53, 71, 75, 98, 129, 144, 165, 172, 205, 209, 272, 274, 279, 301, 325, 335, 357, 378, 393, 413, 444, 524, 531, 533, 552, 564, 579, 602, 604, 607, 630, 640, 665, 688, 701, 756, 763, 769, 783, 800, 840, 876, 890, 891, 925, 954, 959, 962, 981, 989, 997], [2, 7, 13, 32, 47, 56, 60, 75, 78, 95, 102, 110, 119, 121, 130, 179, 183, 234, 251, 258, 267, 271, 274, 277, 319, 320, 339, 359, 393, 394, 402, 408, 413, 424, 425, 434, 436, 460, 490, 504, 518, 524, 535, 537, 544, 556, 579, 580, 608, 614, 625, 634, 635, 644, 663, 664, 667, 668, 674, 688, 694, 704, 706, 708, 741, 752, 760, 790, 811, 824, 832, 836, 840, 865, 875, 905, 925, 935, 942, 962, 968, 975, 979, 992, 994, 1000], [7, 17, 23, 40, 42, 77, 86, 103, 156, 167, 243, 363, 385, 405, 406, 426, 464, 476, 529, 558, 592, 615, 629, 648, 656, 671, 705, 710, 735, 736, 738, 761, 773, 823, 835, 903, 914], [16, 34, 93, 99, 101, 114, 134, 139, 147, 155, 158, 232, 240, 242, 284, 286, 300, 310, 393, 413, 432, 462, 480, 512, 514, 517, 519, 524, 547, 663, 709, 721, 728, 756, 768, 807, 818, 840, 856, 884, 893, 899, 907, 925, 926, 929, 931, 935, 942, 956, 968, 988], [43, 47, 48, 122, 126, 148, 160, 192, 215, 216, 222, 244, 276, 277, 286, 315, 318, 337, 340, 370, 393, 437, 460, 463, 477, 522, 525, 544, 548, 610, 628, 631, 662, 671, 679, 692, 756, 760, 779, 785, 799, 802, 837, 840, 841, 844, 861, 875, 894, 901, 906, 912, 928, 933, 942, 967, 968, 978, 987, 990], [58, 68, 91, 107, 119, 237, 273, 287, 314, 331, 396, 442, 483, 570, 620, 623, 624, 672, 677, 698, 713, 718, 770], [7, 18, 38, 47, 84, 172, 187, 206, 226, 230, 246, 277, 281, 289, 300, 308, 311, 344, 379, 418, 421, 428, 498, 504, 523, 541, 568, 571, 578, 595, 621, 622, 632, 637, 646, 682, 686, 690, 720, 729, 735, 781, 806, 825, 843, 849, 868, 889, 911, 924, 934, 938, 943, 948, 953, 957, 958, 968, 976, 986, 996], [7, 21, 29, 32, 46, 48, 49, 56, 74, 92, 96, 99, 102, 119, 124, 134, 161, 166, 172, 193, 194, 206, 226, 228, 231, 235, 252, 256, 261, 267, 279, 307, 319, 329, 334, 339, 385, 400, 403, 412, 422, 425, 429, 431, 434, 450, 494, 495, 518, 523, 537, 580, 585, 598, 608, 614, 632, 644, 664, 667, 679, 688, 690, 700, 710, 723, 724, 735, 740, 741, 752, 770, 777, 790, 811, 820, 836, 840, 854, 859, 860, 875, 879, 902, 904, 922, 943, 947, 962, 963, 964, 974, 976, 986, 992, 994, 1000], [1, 17, 45, 52, 72, 89, 111, 128, 177, 191, 194, 207, 227, 247, 248, 283, 286, 315, 332, 377, 409, 532, 544, 584, 588, 612, 655, 707, 767, 819, 824, 871, 888], [22, 80, 108, 126, 157, 223, 282, 296, 303, 330, 348, 368, 410, 452, 458, 459, 479, 484, 485, 486, 591, 597, 618, 714, 775, 776, 796, 816, 829, 859, 986], [57, 63, 76, 99, 112, 170, 171, 174, 204, 226, 246, 371, 386, 407, 427, 447, 473, 504, 507, 523, 534, 541, 579, 619, 639, 651, 690, 695, 710, 733, 737, 762, 765, 780, 795, 908, 909, 910, 913, 943, 944, 946, 966, 970, 985], [36, 87, 100, 102, 113, 120, 126, 188, 264, 274, 290, 312, 349, 352, 376, 392, 465, 468, 492, 509, 566, 586, 599, 964], [48, 178, 262, 268, 317, 328, 338, 343, 345, 353, 355, 360, 365, 388, 412, 423, 430, 475, 538, 641, 663, 681, 732, 739, 745, 779, 793, 801, 808, 842, 850, 853, 858, 887], [10, 13, 17, 18, 32, 35, 56, 79, 96, 99, 104, 116, 124, 141, 185, 186, 194, 206, 217, 221, 226, 246, 253, 256, 263, 267, 269, 279, 306, 315, 319, 334, 339, 344, 347, 366, 385, 387, 422, 434, 460, 484, 498, 502, 504, 518, 523, 537, 541, 554, 567, 573, 580, 614, 632, 633, 646, 664, 667, 669, 683, 690, 712, 723, 735, 741, 752, 754, 759, 760, 766, 770, 779, 786, 788, 790, 791, 792, 811, 814, 824, 830, 836, 854, 859, 869, 922, 941, 943, 961, 964, 971, 973, 976, 986, 994, 1000], [19, 26, 28, 73, 82, 132, 149, 175, 181, 198, 210, 249, 285, 358, 412, 467, 499, 581, 606, 731, 734, 748, 758, 760, 772, 812, 992], [13, 18, 20, 44, 53, 66, 108, 124, 126, 131, 190, 196, 220, 236, 256, 265, 266, 286, 300, 315, 316, 334, 346, 356, 373, 381, 385, 389, 390, 398, 401, 404, 413, 422, 435, 460, 484, 497, 498, 528, 549, 577, 582, 601, 608, 611, 671, 675, 680, 723, 725, 755, 764, 779, 809, 824, 859, 862, 875, 894, 912, 921, 925, 935, 936, 942, 949, 969, 977, 983, 984, 993], [54, 55, 59, 64, 105, 115, 119, 173, 195, 211, 305, 342, 384, 448, 453, 472, 500, 589, 596, 605, 642, 644, 646, 689, 750, 757, 774, 784, 798, 831, 874, 994], [11, 39, 97, 134, 208, 260, 270, 291, 294, 313, 324, 425, 451, 466, 470, 496, 511, 524, 545, 583, 645, 658, 687, 702, 703, 789, 912], [27, 30, 41, 50, 88, 122, 140, 164, 197, 238, 302, 414, 416, 439, 482, 516, 543, 557, 565, 574, 609, 627, 643, 678, 691, 693, 719, 753, 756, 787, 839, 852], [32, 75, 85, 117, 123, 125, 163, 169, 201, 254, 274, 292, 297, 322, 336, 367, 433, 443, 520, 536, 539, 540, 546, 555, 569, 572, 594, 616, 676, 696, 746, 771, 782, 810, 813, 834, 845, 917, 923, 939, 945, 986], [5, 6, 13, 25, 47, 53, 65, 90, 94, 96, 122, 137, 143, 150, 218, 219, 225, 229, 245, 274, 277, 278, 298, 334, 344, 374, 380, 397, 419, 420, 441, 449, 487, 501, 506, 561, 600, 657, 659, 679, 697, 744, 756, 863, 875, 883, 892, 902, 916, 920, 927, 930, 937, 965], [3, 7, 9, 24, 37, 47, 51, 56, 70, 99, 102, 109, 119, 138, 159, 172, 176, 189, 194, 206, 226, 233, 267, 275, 319, 339, 354, 362, 399, 412, 415, 417, 434, 438, 440, 454, 461, 474, 478, 503, 504, 513, 518, 521, 523, 537, 550, 608, 614, 632, 638, 644, 649, 664, 667, 679, 690, 710, 735, 741, 752, 770, 790, 794, 803, 824, 826, 836, 854, 859, 870, 878, 881, 885, 902, 940, 943, 976, 992], [12, 14, 56, 75, 96, 136, 145, 153, 199, 200, 212, 304, 326, 333, 369, 411, 489, 505, 510, 515, 579, 727, 778, 821, 822, 864, 877, 894, 895, 896, 897, 900, 912, 919, 922, 932, 935, 951, 952, 955], [15, 17, 18, 33, 53, 69, 75, 96, 108, 118, 124, 151, 172, 241, 250, 255, 256, 259, 277, 279, 286, 300, 315, 327, 341, 351, 361, 364, 393, 413, 422, 425, 445, 460, 484, 493, 498, 508, 524, 526, 527, 530, 544, 553, 560, 562, 575, 580, 608, 617, 652, 663, 671, 688, 699, 723, 730, 749, 760, 779, 811, 815, 827, 833, 838, 846, 854, 882, 894, 912, 918, 922, 925, 935, 942, 950, 962, 964, 968, 972, 991, 995, 1000], [31, 48, 53, 61, 108, 122, 127, 134, 142, 146, 194, 202, 213, 214, 239, 246, 257, 288, 295, 299, 321, 344, 350, 383, 455, 456, 457, 491, 541, 603, 646, 654, 684, 710, 715, 726, 742, 751, 804, 828, 848, 873, 880, 886, 902, 915, 922, 976, 998, 999, 1000]]
nodes: [300, 385, 484, 492, 504, 541, 663, 673, 679, 690, 706, 713, 749, 753, 755, 756, 758, 779, 793, 798, 811, 825, 844, 863, 866, 867, 869, 871, 875, 877, 894, 903, 910, 912, 931, 935, 939, 940, 943, 947, 959, 962, 968, 986, 994, 998] num of nodes:  46
[[300, 805, 711], [385, 835, 914, 773], [484, 960, 747, 980], [264, 586, 492, 566, 376, 312, 290], [504, 966, 985, 908], [224, 872, 960, 541], [663, 768, 988, 818, 884], [309, 673, 847, 855, 851], [679, 965, 920, 892, 916], [690, 966, 985, 970, 946], [2, 979, 708, 975, 832, 706], [237, 672, 677, 713, 620, 718, 442, 698, 623, 624], [508, 972, 991, 846, 749, 995, 827, 833], [164, 839, 753, 852, 643, 787, 678, 574], [381, 984, 949, 577, 755, 549, 862], [158, 956, 893, 926, 756], [19, 772, 812, 734, 758, 748, 467, 606], [739, 842, 853, 887, 858, 779], [353, 801, 808, 745, 842, 850, 853, 858, 887, 793, 641], [115, 774, 874, 784, 305, 757, 798, 831, 596, 342], [811, 851, 857, 898, 982], [622, 806, 938, 948, 957, 868, 825, 843, 924, 911], [525, 978, 928, 906, 967, 844, 785, 987, 802, 837, 990], [218, 930, 965, 937, 920, 883, 863, 927, 916, 892], [184, 866, 817, 805, 743, 576, 797, 446], [587, 857, 867, 661, 872, 847], [633, 961, 788, 791, 814, 869, 792], [45, 871, 888, 819, 227, 588, 707, 767], [611, 984, 969, 993, 875, 977], [505, 896, 864, 897, 900, 932, 778, 951, 727, 877, 821, 822, 952, 955, 895, 510, 919], [894, 932, 952, 895, 955, 900, 951], [363, 903, 914, 823, 705, 736, 773, 656, 835], [427, 737, 966, 780, 970, 908, 909, 910, 944, 913, 985, 946, 762, 795, 639], [216, 837, 967, 987, 990, 912, 802], [462, 988, 931, 929, 907, 728, 956, 899, 926, 893, 856, 884], [856, 935, 899, 956, 988, 907, 884, 926], [546, 845, 945, 917, 923, 834, 746, 939, 782, 696, 771], [362, 503, 940, 881, 885, 878], [407, 966, 970, 909, 944, 913, 985, 943], [74, 974, 963, 904, 947, 820], [564, 997, 891, 981, 989, 954, 959, 769, 665, 876, 701], [209, 997, 981, 989, 800, 962], [517, 929, 988, 956, 893, 968], [303, 775, 796, 829, 458, 591, 816, 986], [384, 874, 831, 994, 689, 750, 589], [998, 999, 742, 886, 848, 828, 873, 804, 751, 654, 880]]
len of cliques:  46
length of seeds:  46
seeds:  [[505, 896, 864, 897, 900, 932, 778, 951, 727, 877, 821, 822, 952, 955, 895, 510, 919], [427, 737, 966, 780, 970, 908, 909, 910, 944, 913, 985, 946, 762, 795, 639], [462, 988, 931, 929, 907, 728, 956, 899, 926, 893, 856, 884], [353, 801, 808, 745, 842, 850, 853, 858, 887, 793, 641], [525, 978, 928, 906, 967, 844, 785, 987, 802, 837, 990], [546, 845, 945, 917, 923, 834, 746, 939, 782, 696, 771], [564, 997, 891, 981, 989, 954, 959, 769, 665, 876, 701], [998, 999, 742, 886, 848, 828, 873, 804, 751, 654, 880], [237, 672, 677, 713, 620, 718, 442, 698, 623, 624], [115, 774, 874, 784, 305, 757, 798, 831, 596, 342], [622, 806, 938, 948, 957, 868, 825, 843, 924, 911], [218, 930, 965, 937, 920, 883, 863, 927, 916, 892], [363, 903, 914, 823, 705, 736, 773, 656, 835], [508, 972, 991, 846, 749, 995, 827, 833], [164, 839, 753, 852, 643, 787, 678, 574], [19, 772, 812, 734, 758, 748, 467, 606], [184, 866, 817, 805, 743, 576, 797, 446], [45, 871, 888, 819, 227, 588, 707, 767], [856, 935, 899, 956, 988, 907, 884, 926], [407, 966, 970, 909, 944, 913, 985, 943], [303, 775, 796, 829, 458, 591, 816, 986], [264, 586, 492, 566, 376, 312, 290], [381, 984, 949, 577, 755, 549, 862], [633, 961, 788, 791, 814, 869, 792], [894, 932, 952, 895, 955, 900, 951], [216, 837, 967, 987, 990, 912, 802], [384, 874, 831, 994, 689, 750, 589], [2, 979, 708, 975, 832, 706], [739, 842, 853, 887, 858, 779], [587, 857, 867, 661, 872, 847], [611, 984, 969, 993, 875, 977], [362, 503, 940, 881, 885, 878], [74, 974, 963, 904, 947, 820], [209, 997, 981, 989, 800, 962], [517, 929, 988, 956, 893, 968], [663, 768, 988, 818, 884], [309, 673, 847, 855, 851], [679, 965, 920, 892, 916], [690, 966, 985, 970, 946], [158, 956, 893, 926, 756], [811, 851, 857, 898, 982], [385, 835, 914, 773], [484, 960, 747, 980], [504, 966, 985, 908], [224, 872, 960, 541], [300, 805, 711]]
seeds_fitness [0.45791245791245794, 0.3523489932885906, 0.24, 0.28720626631853785, 0.17886178861788618, 0.23965141612200436, 0.210727969348659, 0.21782178217821782, 0.379746835443038, 0.2931596091205212, 0.1541095890410959, 0.18480492813141683, 0.20689655172413793, 0.0984182776801406, 0.19112627986348124, 0.23931623931623933, 0.1891891891891892, 0.21292775665399238, 0.09017713365539452, 0.09556313993174062, 0.1382716049382716, 0.25609756097560976, 0.08316831683168317, 0.08898305084745763, 0.08450704225352113, 0.06471494607087827, 0.09813084112149532, 0.0702576112412178, 0.0797872340425532, 0.06369426751592357, 0.04754358161648178, 0.07556675062972293, 0.05825242718446602, 0.058027079303675046, 0.04975124378109453, 0.04175365344467641, 0.05249343832020997, 0.04310344827586207, 0.04201680672268908, 0.041928721174004195, 0.03590664272890485, 0.03896103896103896, 0.025157232704402517, 0.027842227378190254, 0.031007751937984496, 0.023715415019762844]
after sort list of tuple: [(0, 0.45791245791245794), (8, 0.379746835443038), (1, 0.3523489932885906), (9, 0.2931596091205212), (3, 0.28720626631853785), (21, 0.25609756097560976), (2, 0.24), (5, 0.23965141612200436), (15, 0.23931623931623933), (7, 0.21782178217821782), (17, 0.21292775665399238), (6, 0.210727969348659), (12, 0.20689655172413793), (14, 0.19112627986348124), (16, 0.1891891891891892), (11, 0.18480492813141683), (4, 0.17886178861788618), (10, 0.1541095890410959), (20, 0.1382716049382716), (13, 0.0984182776801406), (26, 0.09813084112149532), (19, 0.09556313993174062), (18, 0.09017713365539452), (23, 0.08898305084745763), (24, 0.08450704225352113), (22, 0.08316831683168317), (28, 0.0797872340425532), (31, 0.07556675062972293), (27, 0.0702576112412178), (25, 0.06471494607087827), (29, 0.06369426751592357), (32, 0.05825242718446602), (33, 0.058027079303675046), (36, 0.05249343832020997), (34, 0.04975124378109453), (30, 0.04754358161648178), (37, 0.04310344827586207), (38, 0.04201680672268908), (39, 0.041928721174004195), (35, 0.04175365344467641), (41, 0.03896103896103896), (40, 0.03590664272890485), (44, 0.031007751937984496), (43, 0.027842227378190254), (42, 0.025157232704402517), (45, 0.023715415019762844)]
seeds_sorted [[505, 896, 864, 897, 900, 932, 778, 951, 727, 877, 821, 822, 952, 955, 895, 510, 919], [237, 672, 677, 713, 620, 718, 442, 698, 623, 624], [427, 737, 966, 780, 970, 908, 909, 910, 944, 913, 985, 946, 762, 795, 639], [115, 774, 874, 784, 305, 757, 798, 831, 596, 342], [353, 801, 808, 745, 842, 850, 853, 858, 887, 793, 641], [264, 586, 492, 566, 376, 312, 290], [462, 988, 931, 929, 907, 728, 956, 899, 926, 893, 856, 884], [546, 845, 945, 917, 923, 834, 746, 939, 782, 696, 771], [19, 772, 812, 734, 758, 748, 467, 606], [998, 999, 742, 886, 848, 828, 873, 804, 751, 654, 880], [45, 871, 888, 819, 227, 588, 707, 767], [564, 997, 891, 981, 989, 954, 959, 769, 665, 876, 701], [363, 903, 914, 823, 705, 736, 773, 656, 835], [164, 839, 753, 852, 643, 787, 678, 574], [184, 866, 817, 805, 743, 576, 797, 446], [218, 930, 965, 937, 920, 883, 863, 927, 916, 892], [525, 978, 928, 906, 967, 844, 785, 987, 802, 837, 990], [622, 806, 938, 948, 957, 868, 825, 843, 924, 911], [303, 775, 796, 829, 458, 591, 816, 986], [508, 972, 991, 846, 749, 995, 827, 833], [384, 874, 831, 994, 689, 750, 589], [407, 966, 970, 909, 944, 913, 985, 943], [856, 935, 899, 956, 988, 907, 884, 926], [633, 961, 788, 791, 814, 869, 792], [894, 932, 952, 895, 955, 900, 951], [381, 984, 949, 577, 755, 549, 862], [739, 842, 853, 887, 858, 779], [362, 503, 940, 881, 885, 878], [2, 979, 708, 975, 832, 706], [216, 837, 967, 987, 990, 912, 802], [587, 857, 867, 661, 872, 847], [74, 974, 963, 904, 947, 820], [209, 997, 981, 989, 800, 962], [309, 673, 847, 855, 851], [517, 929, 988, 956, 893, 968], [611, 984, 969, 993, 875, 977], [679, 965, 920, 892, 916], [690, 966, 985, 970, 946], [158, 956, 893, 926, 756], [663, 768, 988, 818, 884], [385, 835, 914, 773], [811, 851, 857, 898, 982], [224, 872, 960, 541], [504, 966, 985, 908], [484, 960, 747, 980], [300, 805, 711]]
args__________ ([[505, 896, 864, 897, 900, 932, 778, 951, 727, 877, 821, 822, 952, 955, 895, 510, 919], [300, 805, 711]],)
args__________ ([[237, 672, 677, 713, 620, 718, 442, 698, 623, 624], [484, 960, 747, 980]],)
args__________ ([[427, 737, 966, 780, 970, 908, 909, 910, 944, 913, 985, 946, 762, 795, 639], [504, 966, 985, 908]],)
args__________ ([[115, 774, 874, 784, 305, 757, 798, 831, 596, 342], [224, 872, 960, 541]],)
args__________ ([[353, 801, 808, 745, 842, 850, 853, 858, 887, 793, 641], [811, 851, 857, 898, 982]],)
args__________ ([[264, 586, 492, 566, 376, 312, 290], [385, 835, 914, 773]],)
args__________ ([[462, 988, 931, 929, 907, 728, 956, 899, 926, 893, 856, 884], [663, 768, 988, 818, 884]],)
args__________ ([[546, 845, 945, 917, 923, 834, 746, 939, 782, 696, 771], [158, 956, 893, 926, 756]],)
args__________ ([[19, 772, 812, 734, 758, 748, 467, 606], [690, 966, 985, 970, 946]],)
args__________ ([[998, 999, 742, 886, 848, 828, 873, 804, 751, 654, 880], [679, 965, 920, 892, 916]],)
args__________ ([[45, 871, 888, 819, 227, 588, 707, 767], [611, 984, 969, 993, 875, 977]],)
args__________ ([[564, 997, 891, 981, 989, 954, 959, 769, 665, 876, 701], [517, 929, 988, 956, 893, 968]],)
args__________ ([[363, 903, 914, 823, 705, 736, 773, 656, 835], [309, 673, 847, 855, 851]],)
args__________ ([[164, 839, 753, 852, 643, 787, 678, 574], [209, 997, 981, 989, 800, 962]],)
args__________ ([[184, 866, 817, 805, 743, 576, 797, 446]],)
args__________ ([[218, 930, 965, 937, 920, 883, 863, 927, 916, 892]],)
args__________ ([[525, 978, 928, 906, 967, 844, 785, 987, 802, 837, 990]],)
args__________ ([[622, 806, 938, 948, 957, 868, 825, 843, 924, 911]],)
args__________ ([[303, 775, 796, 829, 458, 591, 816, 986]],)
args__________ ([[508, 972, 991, 846, 749, 995, 827, 833]],)
args__________ ([[384, 874, 831, 994, 689, 750, 589]],)
args__________ ([[407, 966, 970, 909, 944, 913, 985, 943]],)
args__________ ([[856, 935, 899, 956, 988, 907, 884, 926]],)
args__________ ([[633, 961, 788, 791, 814, 869, 792]],)
args__________ ([[894, 932, 952, 895, 955, 900, 951]],)
args__________ ([[381, 984, 949, 577, 755, 549, 862]],)
args__________ ([[739, 842, 853, 887, 858, 779]],)
args__________ ([[362, 503, 940, 881, 885, 878]],)
args__________ ([[2, 979, 708, 975, 832, 706]],)
args__________ ([[216, 837, 967, 987, 990, 912, 802]],)
args__________ ([[587, 857, 867, 661, 872, 847]],)
args__________ ([[74, 974, 963, 904, 947, 820]],)
finish process___________________
seed_node 1000
seed_community:  [257, 214, 142, 146, 915, 127, 239, 31, 288, 804, 295, 299, 684, 828, 61, 321, 455, 456, 457, 202, 715, 848, 654, 726, 603, 350, 998, 742, 999, 1000, 873, 491, 751, 880, 886, 383, 213]
seed_node 992
seed_community:  [132, 19, 149, 772, 26, 28, 285, 812, 175, 606, 181, 581, 198, 73, 82, 467, 731, 734, 992, 358, 748, 210, 499, 758, 249]
seed_node 976
seed_community:  [781, 911, 281, 924, 289, 418, 421, 934, 682, 428, 686, 308, 311, 568, 953, 948, 957, 958, 578, 843, 976, 849, 595, 84, 825, 729, 996, 720, 571, 868, 806, 230, 38, 621, 622, 637, 187, 889, 379, 938]
seed_node 964
seed_community:  [352, 290, 964, 113, 392, 586, 599, 492, 36, 509, 120, 465, 468, 566, 87, 376, 100, 188, 349, 264, 312]
seed_node 942
seed_community:  [901, 906, 525, 222, 785, 276, 662, 799, 928, 802, 548, 933, 43, 942, 861, 692, 437, 244, 522, 318, 192, 160, 837, 967, 841, 844, 463, 337, 978, 340, 215, 216, 987, 477, 990, 610, 370, 628, 631, 148]
seed_node 922
seed_community:  [896, 897, 515, 900, 136, 778, 12, 14, 145, 919, 153, 922, 411, 932, 304, 821, 822, 951, 952, 955, 326, 199, 200, 333, 212, 727, 864, 489, 877, 369, 505, 510, 895]
seed_node 925
seed_community:  [640, 769, 129, 8, 783, 272, 531, 533, 665, 925, 800, 165, 552, 301, 564, 954, 444, 701, 959, 325, 71, 205, 335, 209, 981, 602, 604, 989, 607, 144, 98, 891, 997, 357, 876, 890, 630, 378, 763]
seed_node 902
seed_community:  [257, 214, 902, 142, 146, 915, 751, 31, 288, 804, 295, 299, 684, 828, 61, 654, 321, 455, 456, 457, 202, 715, 848, 213, 726, 603, 350, 998, 742, 999, 873, 491, 239, 880, 886, 127, 383]
seed_node 854
seed_community:  [513, 3, 649, 138, 399, 275, 24, 794, 415, 417, 803, 521, 37, 550, 940, 176, 51, 438, 9, 440, 826, 159, 189, 70, 454, 461, 854, 474, 478, 354, 870, 233, 362, 109, 878, 881, 885, 503, 638]
seed_node 859
seed_community:  [775, 776, 22, 282, 796, 157, 410, 296, 303, 816, 479, 330, 714, 452, 458, 459, 591, 80, 597, 859, 348, 223, 485, 486, 618, 829, 368]
seed_node 836
seed_community:  [320, 130, 905, 394, 258, 271, 402, 535, 408, 836, 668, 674, 424, 556, 179, 436, 694, 183, 60, 832, 2, 708, 704, 78, 975, 979, 706, 95, 865, 635, 359, 490, 110, 625, 121, 634, 251, 234]
seed_node 840
seed_community:  [640, 129, 769, 8, 783, 272, 531, 533, 665, 800, 165, 552, 301, 564, 954, 444, 701, 959, 325, 71, 840, 205, 335, 209, 378, 981, 602, 604, 989, 607, 144, 98, 891, 997, 357, 876, 630, 890, 763]
seed_node 824
seed_community:  [128, 1, 655, 532, 409, 283, 177, 45, 584, 819, 52, 824, 191, 707, 72, 332, 588, 207, 888, 89, 227, 612, 871, 111, 247, 248, 377, 767]
seed_node 789
seed_community:  [260, 645, 11, 270, 658, 789, 545, 291, 294, 39, 687, 313, 702, 703, 451, 324, 583, 208, 466, 470, 97, 496, 511]
seed_node 790
seed_community:  [898, 133, 134, 135, 650, 395, 660, 661, 790, 280, 154, 666, 542, 673, 168, 647, 559, 563, 180, 309, 182, 62, 960, 267, 587, 716, 717, 590, 847, 593, 851, 980, 982, 855, 857, 224, 867, 613, 872, 747, 626, 375, 382]
seed_node 760
seed_community:  [901, 522, 525, 785, 276, 662, 799, 928, 802, 548, 933, 990, 43, 477, 692, 437, 244, 906, 318, 192, 160, 837, 967, 841, 844, 463, 337, 978, 340, 215, 216, 987, 861, 222, 610, 370, 628, 631, 760, 148]
seed_node 770
seed_community:  [770, 396, 273, 287, 672, 677, 570, 68, 314, 713, 331, 718, 58, 91, 698, 442, 483, 107, 620, 237, 623, 624]
seed_node 735
seed_community:  [773, 903, 648, 656, 529, 914, 405, 406, 23, 156, 167, 40, 42, 615, 558, 823, 705, 835, 77, 592, 86, 476, 735, 736, 464, 738, 103, 363, 243, 629, 761, 426]
seed_node 741
seed_community:  [513, 3, 521, 138, 399, 275, 24, 794, 415, 417, 803, 37, 550, 649, 940, 176, 51, 438, 9, 440, 826, 159, 189, 70, 454, 461, 474, 478, 354, 741, 870, 233, 362, 109, 878, 881, 885, 503, 638]
seed_node 752
seed_community:  [261, 904, 777, 400, 403, 21, 879, 947, 161, 166, 860, 429, 46, 431, 49, 307, 820, 329, 700, 193, 450, 963, 585, 74, 974, 724, 598, 228, 92, 740, 231, 235, 29, 494, 495, 752, 252]
seed_node 723
seed_community:  [131, 389, 390, 265, 266, 398, 528, 401, 404, 921, 675, 549, 497, 936, 809, 44, 435, 949, 316, 190, 577, 66, 196, 582, 969, 977, 723, 725, 983, 984, 601, 346, 220, 862, 993, 611, 356, 236, 680, 755, 373, 20, 764, 381]
seed_node 710
seed_community:  [386, 427, 651, 908, 909, 910, 913, 534, 407, 795, 966, 170, 171, 174, 943, 944, 946, 695, 473, 57, 447, 710, 780, 970, 76, 985, 733, 737, 63, 619, 112, 371, 204, 762, 507, 765, 639]
seed_node 688
seed_community:  [259, 652, 526, 15, 530, 918, 151, 33, 553, 815, 688, 562, 950, 560, 827, 445, 575, 833, 69, 838, 327, 972, 846, 995, 341, 730, 527, 991, 699, 617, 364, 493, 749, 241, 882, 118, 361, 250, 351, 508, 255]
seed_node 664
seed_community:  [513, 3, 521, 138, 399, 664, 275, 24, 794, 415, 417, 803, 37, 550, 649, 940, 176, 51, 438, 9, 440, 826, 159, 189, 70, 454, 461, 474, 478, 354, 870, 233, 362, 109, 878, 881, 885, 503, 638]
seed_node 667
seed_community:  [261, 904, 777, 400, 403, 21, 495, 667, 947, 161, 166, 860, 429, 46, 431, 49, 307, 820, 329, 700, 193, 450, 963, 585, 74, 974, 724, 598, 228, 92, 740, 231, 235, 29, 494, 879, 252]
seed_node 671
seed_community:  [363, 773, 903, 648, 656, 529, 914, 405, 406, 23, 156, 671, 167, 40, 426, 558, 823, 705, 835, 77, 464, 86, 476, 736, 592, 738, 103, 615, 243, 629, 761, 42]
seed_node 614
seed_community:  [898, 133, 135, 650, 395, 660, 661, 280, 154, 666, 542, 673, 168, 647, 559, 563, 180, 309, 182, 62, 960, 587, 716, 717, 590, 847, 593, 851, 980, 982, 855, 857, 224, 867, 613, 614, 872, 747, 626, 375, 124, 382]
seed_node 632
seed_community:  [781, 911, 868, 281, 924, 289, 418, 421, 934, 682, 428, 686, 308, 311, 568, 953, 948, 957, 958, 578, 843, 720, 849, 595, 84, 825, 729, 571, 996, 806, 230, 38, 621, 622, 637, 187, 632, 889, 379, 938]
seed_node 644
seed_community:  [513, 3, 644, 649, 138, 399, 275, 24, 794, 415, 417, 803, 521, 37, 550, 940, 176, 51, 438, 9, 440, 826, 159, 189, 70, 454, 461, 474, 478, 354, 870, 233, 362, 109, 878, 881, 885, 503, 638]
seed_node 646
seed_community:  [646, 781, 911, 281, 924, 289, 418, 421, 934, 682, 428, 686, 308, 311, 568, 953, 948, 957, 958, 578, 843, 938, 720, 849, 595, 84, 825, 729, 996, 571, 868, 806, 230, 379, 621, 622, 187, 889, 38, 637]
seed_node 608
seed_community:  [704, 258, 905, 394, 130, 271, 320, 402, 535, 408, 668, 674, 424, 556, 179, 436, 694, 183, 60, 832, 608, 706, 708, 2, 78, 975, 979, 95, 992, 865, 635, 359, 234, 110, 625, 121, 634, 251, 490]
seed_node 579
seed_community:  [386, 171, 651, 780, 909, 910, 913, 985, 534, 407, 795, 170, 427, 174, 944, 946, 695, 57, 447, 579, 966, 908, 970, 76, 473, 733, 737, 63, 619, 112, 371, 204, 762, 507, 765, 639]
seed_node 580
seed_community:  [387, 263, 10, 141, 786, 788, 791, 792, 669, 35, 554, 683, 941, 814, 306, 567, 185, 186, 573, 830, 961, 580, 712, 971, 973, 79, 217, 347, 221, 869, 104, 366, 754, 116, 502, 759, 633, 269, 253, 766]
seed_node 518
seed_community:  [261, 518, 904, 777, 400, 403, 21, 879, 947, 161, 166, 860, 429, 46, 431, 49, 307, 820, 585, 700, 193, 450, 963, 329, 74, 974, 724, 598, 740, 92, 228, 231, 235, 29, 494, 495, 252]
seed_node 523
seed_community:  [387, 263, 10, 523, 141, 786, 788, 791, 792, 669, 35, 554, 683, 941, 814, 306, 567, 185, 186, 573, 830, 961, 712, 971, 973, 79, 217, 347, 221, 96, 869, 104, 366, 754, 116, 502, 759, 633, 269, 253, 766]
seed_node 524
seed_community:  [260, 645, 11, 524, 270, 658, 789, 545, 291, 294, 39, 687, 313, 702, 703, 451, 324, 583, 208, 466, 470, 97, 496, 511]
seed_node 537
seed_community:  [513, 3, 521, 138, 399, 275, 24, 537, 794, 159, 417, 803, 37, 550, 649, 940, 176, 51, 438, 9, 440, 826, 415, 189, 70, 454, 461, 474, 478, 354, 870, 233, 362, 109, 878, 881, 885, 503, 638]
seed_node 544
seed_community:  [320, 258, 905, 394, 130, 271, 402, 535, 408, 668, 544, 674, 424, 556, 179, 436, 694, 183, 60, 832, 2, 708, 704, 78, 975, 979, 706, 95, 865, 635, 359, 234, 110, 625, 121, 634, 251, 490]
seed_node 460
seed_community:  [901, 906, 525, 222, 785, 148, 662, 799, 928, 802, 548, 933, 43, 477, 692, 437, 244, 522, 318, 192, 160, 837, 967, 841, 844, 463, 337, 978, 340, 215, 216, 987, 861, 990, 610, 370, 628, 631, 276, 460]
seed_node 498
seed_community:  [387, 263, 10, 141, 786, 788, 791, 792, 669, 35, 554, 683, 941, 814, 306, 567, 185, 186, 573, 830, 961, 712, 971, 973, 79, 633, 217, 347, 221, 869, 104, 366, 498, 116, 502, 759, 754, 269, 253, 766]
seed_node 412
seed_community:  [261, 904, 777, 400, 403, 21, 495, 412, 29, 231, 161, 166, 860, 598, 429, 46, 431, 49, 947, 820, 329, 700, 193, 450, 963, 585, 74, 974, 724, 854, 228, 92, 740, 307, 235, 494, 879, 252]
seed_node 413
seed_community:  [832, 258, 905, 394, 130, 271, 402, 535, 408, 668, 413, 674, 424, 556, 179, 436, 694, 183, 60, 320, 2, 708, 704, 78, 975, 979, 706, 95, 865, 635, 359, 234, 110, 625, 121, 634, 251, 490]
seed_node 422
seed_community:  [387, 263, 10, 141, 786, 788, 791, 792, 669, 35, 422, 554, 683, 941, 814, 306, 567, 185, 186, 573, 830, 961, 712, 971, 973, 79, 217, 347, 221, 869, 104, 366, 754, 116, 502, 759, 633, 269, 253, 766]
seed_node 425
seed_community:  [261, 904, 777, 400, 403, 21, 879, 947, 161, 166, 425, 429, 46, 431, 49, 307, 820, 329, 700, 193, 450, 963, 585, 74, 974, 339, 724, 598, 228, 92, 740, 231, 860, 235, 29, 494, 495, 252]
seed_node 434
seed_community:  [261, 904, 777, 400, 403, 21, 495, 947, 161, 166, 860, 429, 46, 431, 49, 434, 307, 820, 329, 700, 193, 450, 963, 585, 74, 974, 724, 598, 228, 92, 740, 231, 235, 29, 494, 879, 252]
seed_node 344
seed_community:  [781, 911, 281, 924, 289, 418, 421, 806, 682, 428, 686, 308, 311, 568, 953, 948, 957, 958, 578, 843, 720, 849, 595, 84, 825, 344, 729, 996, 571, 868, 934, 230, 38, 621, 622, 637, 187, 889, 379, 938]
seed_node 393
seed_community:  [640, 129, 769, 8, 393, 783, 144, 531, 533, 665, 800, 165, 552, 301, 564, 954, 444, 701, 959, 962, 325, 71, 205, 335, 209, 378, 981, 602, 604, 989, 607, 272, 98, 891, 997, 357, 876, 630, 890, 763]
seed_node 286
seed_community:  [768, 512, 514, 899, 517, 519, 139, 16, 728, 286, 147, 155, 284, 158, 929, 34, 547, 807, 242, 432, 818, 926, 310, 956, 907, 709, 462, 721, 931, 856, 988, 93, 480, 101, 232, 240, 114, 884, 893]
seed_node 315
seed_community:  [128, 1, 655, 532, 409, 283, 45, 177, 819, 52, 315, 72, 191, 707, 584, 332, 588, 207, 888, 89, 227, 612, 871, 111, 247, 248, 377, 767]
seed_node 319
seed_community:  [898, 133, 134, 135, 650, 395, 660, 661, 280, 154, 666, 542, 673, 168, 647, 559, 563, 180, 309, 182, 62, 319, 960, 267, 587, 716, 717, 590, 847, 593, 851, 980, 982, 855, 857, 224, 867, 613, 872, 747, 626, 375, 382]
seed_node 334
seed_community:  [704, 258, 905, 394, 130, 271, 320, 402, 535, 408, 668, 34, 424, 556, 49, 179, 436, 694, 183, 60, 832, 2, 708, 69, 674, 334, 975, 979, 78, 706, 634, 95, 865, 635, 359, 1000, 490, 110, 625, 121, 122, 251, 234]
seed_node 194
seed_community:  [387, 263, 10, 141, 786, 788, 791, 792, 669, 35, 554, 683, 941, 814, 306, 567, 185, 186, 573, 830, 961, 194, 712, 971, 973, 79, 976, 217, 347, 221, 869, 104, 366, 754, 116, 502, 759, 633, 269, 253, 766]
seed_node 206
seed_community:  [513, 3, 649, 138, 399, 275, 24, 794, 415, 417, 803, 521, 37, 550, 940, 176, 51, 438, 9, 440, 826, 159, 189, 70, 454, 461, 206, 474, 478, 354, 870, 233, 362, 109, 878, 881, 885, 503, 638]
seed_node 226
seed_community:  [781, 911, 868, 281, 924, 289, 418, 421, 806, 948, 682, 428, 686, 308, 311, 568, 953, 571, 957, 958, 578, 843, 938, 720, 849, 595, 84, 825, 729, 986, 226, 187, 996, 934, 230, 38, 621, 622, 889, 379, 637]
seed_node 246
seed_community:  [257, 213, 214, 142, 146, 915, 922, 239, 31, 288, 804, 295, 299, 684, 828, 61, 321, 886, 455, 456, 457, 202, 715, 848, 654, 726, 603, 350, 998, 742, 999, 873, 491, 751, 880, 246, 383, 127]
seed_node 256
seed_community:  [256, 898, 133, 647, 650, 395, 660, 661, 280, 666, 154, 542, 673, 168, 135, 559, 563, 180, 309, 182, 62, 960, 587, 716, 717, 590, 847, 593, 851, 980, 982, 855, 857, 224, 867, 613, 872, 747, 626, 375, 382]
seed_node 274
seed_community:  [771, 520, 322, 782, 274, 917, 536, 923, 540, 546, 163, 292, 433, 169, 810, 555, 813, 945, 696, 569, 443, 572, 539, 834, 201, 845, 336, 594, 85, 676, 939, 616, 746, 367, 117, 297, 123, 125, 254]
seed_node 277
seed_community:  [5, 6, 65, 137, 397, 143, 657, 659, 916, 277, 278, 920, 25, 218, 150, 927, 930, 419, 420, 937, 298, 561, 697, 245, 449, 965, 441, 600, 90, 219, 94, 863, 225, 229, 487, 744, 892, 883, 501, 374, 506, 380]
seed_node 279
seed_community:  [640, 769, 129, 8, 783, 272, 531, 533, 279, 665, 800, 165, 552, 301, 564, 954, 444, 701, 959, 960, 325, 71, 77, 205, 209, 378, 981, 602, 335, 604, 989, 607, 144, 98, 891, 357, 997, 876, 630, 890, 763]
seed_node 99
seed_community:  [768, 512, 514, 899, 517, 519, 139, 16, 856, 147, 155, 284, 926, 929, 34, 547, 807, 242, 432, 818, 158, 310, 956, 907, 709, 462, 721, 931, 728, 988, 93, 480, 99, 101, 232, 240, 114, 884, 893]
seed_node 102
seed_community:  [320, 2, 905, 394, 258, 271, 402, 535, 408, 668, 674, 424, 556, 179, 436, 694, 183, 60, 832, 706, 708, 130, 704, 78, 975, 979, 95, 962, 865, 635, 102, 359, 490, 110, 625, 121, 634, 251, 234]
seed_node 108
seed_community:  [775, 776, 22, 282, 796, 157, 410, 296, 303, 816, 479, 330, 714, 452, 458, 459, 591, 80, 597, 348, 223, 485, 486, 618, 108, 829, 368]
seed_node 119
seed_community:  [704, 258, 905, 394, 2, 271, 320, 402, 535, 408, 668, 674, 424, 556, 179, 436, 694, 183, 60, 832, 992, 706, 708, 130, 78, 975, 979, 95, 608, 865, 635, 359, 490, 110, 625, 119, 121, 634, 251, 234]
seed_node 126
seed_community:  [898, 133, 647, 650, 395, 660, 661, 280, 154, 666, 542, 673, 168, 135, 559, 563, 180, 309, 182, 62, 960, 587, 716, 717, 590, 847, 593, 851, 980, 982, 855, 857, 224, 867, 613, 872, 747, 626, 382, 375, 126]
seed_node 172
seed_community:  [261, 904, 777, 400, 403, 21, 879, 947, 161, 166, 860, 172, 429, 46, 431, 49, 307, 820, 585, 700, 193, 450, 963, 329, 74, 974, 724, 598, 228, 92, 740, 231, 235, 29, 494, 495, 252]
seed_node 7
seed_community:  [773, 903, 648, 656, 529, 914, 405, 406, 23, 156, 167, 40, 42, 7, 558, 823, 705, 835, 77, 592, 86, 615, 476, 736, 464, 738, 103, 363, 243, 629, 761, 426]
seed_node 13
seed_community:  [832, 258, 905, 394, 2, 271, 402, 535, 408, 668, 674, 424, 556, 179, 436, 694, 183, 60, 320, 704, 708, 130, 78, 13, 979, 706, 975, 95, 865, 635, 359, 490, 110, 625, 121, 634, 251, 234]
seed_node 17
seed_community:  [773, 903, 648, 656, 17, 914, 529, 405, 406, 23, 156, 167, 40, 42, 615, 558, 823, 705, 835, 77, 592, 86, 476, 736, 464, 738, 103, 363, 243, 629, 761, 426]
seed_node 18
seed_community:  [131, 389, 390, 265, 266, 398, 528, 401, 18, 20, 921, 675, 549, 497, 680, 809, 44, 435, 949, 316, 190, 577, 66, 196, 582, 969, 977, 725, 983, 984, 601, 346, 220, 862, 993, 611, 356, 236, 936, 755, 373, 404, 764, 381]
seed_node 32
seed_community:  [387, 263, 10, 141, 17, 786, 788, 791, 792, 669, 32, 35, 683, 554, 811, 941, 814, 306, 567, 185, 186, 573, 830, 961, 712, 971, 973, 79, 217, 347, 221, 869, 104, 366, 754, 116, 502, 759, 633, 269, 253, 766]
seed_node 47
seed_community:  [901, 906, 525, 222, 785, 148, 662, 799, 928, 802, 548, 933, 43, 47, 692, 437, 244, 522, 318, 192, 160, 837, 967, 841, 844, 463, 337, 978, 340, 215, 216, 987, 861, 990, 610, 370, 628, 631, 276, 477]
seed_node 48
seed_community:  [641, 388, 262, 268, 793, 538, 801, 423, 808, 681, 338, 430, 48, 178, 317, 328, 842, 850, 355, 853, 343, 345, 858, 475, 732, 353, 739, 360, 745, 365, 887]
seed_node 53
seed_community:  [5, 6, 449, 137, 397, 143, 657, 659, 916, 278, 920, 25, 218, 150, 927, 930, 419, 420, 937, 298, 561, 53, 697, 501, 65, 965, 441, 600, 90, 219, 94, 863, 225, 229, 487, 744, 380, 883, 245, 374, 506, 892]
seed_node 56
seed_community:  [261, 904, 777, 400, 403, 21, 879, 947, 161, 166, 860, 429, 46, 431, 49, 307, 820, 585, 56, 700, 193, 450, 963, 329, 74, 974, 724, 598, 228, 92, 994, 740, 231, 235, 29, 494, 495, 252]
seed_node 75
seed_community:  [640, 129, 769, 8, 783, 144, 531, 533, 665, 800, 165, 552, 301, 564, 954, 444, 701, 959, 962, 325, 71, 75, 205, 335, 209, 378, 981, 602, 604, 989, 607, 272, 98, 891, 997, 357, 876, 630, 890, 763]
i =  0 [896, 897, 515, 900, 136, 778, 12, 14, 145, 919, 153, 411, 932, 304, 821, 822, 951, 952, 955, 326, 199, 200, 333, 212, 727, 864, 489, 877, 369, 505, 510, 895]
i =  1 [4, 391, 653, 67, 152, 797, 670, 162, 805, 551, 300, 685, 817, 184, 446, 576, 323, 711, 203, 81, 722, 83, 469, 471, 293, 481, 866, 743, 488, 106, 372, 636]
i =  2 [672, 483, 68, 677, 698, 713, 331, 620, 237, 718, 623, 624, 273, 91, 107, 396, 58, 314, 442, 570, 287]
i =  3 [898, 133, 134, 647, 650, 395, 660, 661, 280, 154, 666, 542, 673, 168, 135, 559, 563, 180, 309, 182, 62, 960, 587, 716, 717, 590, 847, 593, 851, 980, 982, 855, 857, 224, 867, 484, 613, 872, 747, 626, 375, 382]
i =  4 [386, 427, 651, 780, 909, 910, 913, 534, 407, 795, 170, 171, 174, 944, 946, 695, 473, 57, 63, 966, 908, 970, 76, 985, 733, 737, 507, 619, 112, 371, 204, 762, 447, 765, 639]
i =  5 [386, 171, 651, 908, 909, 910, 913, 985, 534, 407, 795, 170, 427, 174, 944, 946, 695, 57, 447, 966, 780, 970, 76, 473, 733, 737, 507, 619, 112, 371, 204, 504, 762, 63, 765, 639]
i =  6 [384, 448, 642, 774, 784, 798, 689, 173, 305, 54, 55, 59, 831, 64, 195, 453, 589, 211, 596, 342, 472, 605, 105, 874, 750, 115, 500, 757]
i =  7 [898, 133, 135, 650, 395, 660, 661, 280, 666, 154, 542, 673, 168, 647, 559, 563, 180, 309, 182, 62, 960, 587, 716, 717, 590, 847, 593, 851, 980, 982, 855, 857, 224, 867, 613, 872, 747, 626, 375, 541, 382]
i =  8 [641, 388, 262, 268, 365, 793, 538, 801, 423, 808, 681, 430, 178, 317, 328, 842, 850, 739, 853, 343, 345, 858, 475, 732, 353, 355, 360, 745, 338, 887]
i =  9 [898, 133, 647, 650, 395, 660, 661, 280, 666, 154, 542, 673, 168, 811, 559, 563, 180, 309, 182, 62, 960, 587, 716, 717, 590, 847, 593, 851, 980, 982, 855, 857, 135, 224, 867, 613, 872, 747, 626, 375, 382]
i =  10 [352, 290, 100, 113, 264, 586, 599, 492, 312, 509, 465, 468, 566, 87, 376, 120, 188, 349, 392, 36]
i =  11 [385, 363, 773, 903, 648, 656, 529, 914, 405, 406, 23, 156, 167, 40, 42, 558, 823, 705, 835, 77, 464, 86, 476, 736, 592, 738, 103, 615, 243, 629, 761, 426]
i =  12 [768, 512, 514, 899, 517, 519, 907, 16, 728, 147, 155, 284, 926, 929, 34, 547, 807, 114, 432, 818, 158, 310, 956, 139, 709, 462, 721, 931, 856, 988, 93, 480, 101, 232, 240, 242, 884, 893]
i =  13 [768, 512, 514, 899, 517, 519, 907, 16, 728, 147, 663, 155, 284, 926, 929, 34, 547, 807, 242, 432, 818, 158, 310, 956, 139, 709, 462, 721, 931, 856, 988, 93, 480, 101, 232, 240, 114, 884, 893]
i =  14 [771, 520, 322, 782, 917, 536, 539, 540, 546, 163, 292, 433, 169, 810, 555, 813, 945, 696, 569, 443, 572, 834, 201, 923, 845, 336, 594, 85, 676, 939, 616, 746, 367, 117, 297, 123, 125, 254]
i =  15 [512, 768, 514, 899, 517, 519, 907, 16, 856, 147, 155, 284, 926, 929, 34, 547, 807, 114, 432, 818, 158, 310, 884, 956, 139, 709, 462, 721, 931, 728, 988, 93, 480, 101, 232, 240, 242, 756, 893]
i =  16 [132, 19, 149, 772, 26, 28, 285, 812, 175, 734, 181, 581, 198, 73, 210, 467, 731, 606, 358, 748, 82, 499, 758, 249]
i =  17 [386, 171, 651, 908, 909, 910, 913, 985, 534, 407, 795, 170, 427, 690, 174, 944, 946, 695, 57, 447, 966, 780, 970, 76, 473, 733, 737, 507, 619, 112, 371, 204, 762, 63, 765, 639]
i =  18 [257, 213, 726, 142, 146, 915, 751, 31, 288, 804, 295, 299, 684, 828, 61, 321, 455, 456, 457, 202, 715, 848, 654, 214, 603, 350, 742, 998, 999, 873, 491, 239, 880, 886, 383, 127]
i =  19 [278, 6, 449, 137, 397, 143, 657, 659, 916, 150, 920, 25, 5, 218, 927, 930, 419, 420, 679, 937, 298, 561, 441, 245, 65, 965, 697, 600, 90, 219, 94, 863, 225, 229, 487, 744, 892, 883, 501, 374, 506, 380]
i =  20 [128, 1, 655, 532, 409, 283, 45, 177, 819, 52, 72, 191, 707, 584, 332, 588, 207, 248, 89, 227, 612, 871, 111, 247, 888, 377, 767]
i =  21 [131, 389, 390, 265, 266, 398, 528, 401, 404, 921, 675, 549, 680, 809, 44, 435, 949, 316, 190, 577, 66, 196, 582, 969, 977, 936, 725, 983, 984, 601, 346, 220, 862, 993, 611, 356, 875, 236, 497, 755, 373, 20, 764, 381]
i =  22 [640, 129, 769, 8, 783, 272, 531, 533, 665, 800, 165, 552, 301, 564, 954, 444, 701, 959, 325, 71, 205, 335, 209, 981, 602, 604, 989, 607, 144, 98, 763, 357, 997, 876, 890, 630, 378, 891]
i =  23 [768, 512, 514, 899, 517, 519, 907, 16, 856, 147, 155, 284, 158, 929, 34, 547, 807, 114, 432, 818, 926, 310, 956, 139, 709, 968, 462, 721, 931, 728, 988, 93, 480, 101, 232, 240, 242, 884, 893]
i =  24 [773, 903, 648, 656, 529, 914, 405, 406, 23, 103, 156, 167, 40, 42, 558, 823, 705, 835, 77, 464, 86, 476, 736, 592, 738, 615, 363, 243, 629, 761, 426]
i =  25 [898, 133, 135, 650, 395, 660, 661, 280, 666, 154, 542, 673, 168, 647, 559, 563, 180, 309, 182, 62, 960, 587, 716, 717, 590, 847, 593, 851, 980, 982, 855, 857, 224, 867, 613, 872, 747, 626, 375, 382]
i =  26 [643, 516, 30, 140, 787, 27, 414, 543, 416, 164, 678, 41, 557, 302, 50, 691, 565, 439, 574, 693, 197, 839, 719, 852, 88, 609, 482, 238, 753, 627]
i =  27 [640, 129, 769, 8, 783, 144, 531, 533, 665, 800, 165, 552, 301, 564, 954, 444, 701, 959, 962, 325, 71, 205, 335, 209, 981, 602, 604, 989, 607, 272, 98, 763, 357, 997, 876, 890, 630, 378, 891]
i =  28 [4, 391, 653, 323, 152, 797, 670, 162, 805, 551, 685, 817, 184, 446, 576, 67, 711, 203, 81, 722, 83, 469, 471, 293, 481, 866, 743, 488, 106, 372, 636]
i =  29 [5, 6, 65, 137, 397, 143, 657, 659, 916, 278, 920, 25, 90, 150, 927, 930, 419, 420, 937, 298, 561, 697, 245, 449, 965, 441, 600, 218, 219, 94, 863, 225, 229, 487, 744, 892, 883, 501, 374, 506, 380]
i =  30 [901, 906, 525, 785, 148, 662, 799, 928, 802, 548, 933, 990, 43, 861, 692, 437, 628, 522, 318, 192, 160, 837, 967, 841, 844, 463, 337, 978, 340, 215, 216, 987, 477, 222, 610, 370, 244, 631, 276]
i =  31 [781, 911, 281, 924, 289, 418, 421, 934, 682, 428, 686, 308, 311, 568, 825, 948, 957, 958, 578, 843, 720, 849, 595, 84, 953, 729, 996, 571, 868, 806, 230, 38, 621, 622, 637, 187, 889, 379, 938]
i =  32 [775, 776, 22, 282, 796, 157, 410, 296, 303, 816, 223, 330, 829, 452, 714, 458, 459, 591, 80, 597, 986, 348, 479, 485, 486, 618, 368]
i =  33 [259, 827, 652, 526, 15, 530, 918, 151, 33, 553, 815, 560, 562, 950, 699, 445, 575, 833, 69, 838, 327, 972, 846, 341, 730, 527, 991, 995, 617, 364, 493, 749, 241, 882, 118, 361, 250, 351, 508, 255]
i =  34 [384, 64, 642, 774, 784, 798, 305, 173, 689, 54, 55, 59, 831, 448, 195, 453, 589, 211, 596, 342, 472, 605, 994, 105, 874, 750, 115, 500, 757]
i =  35 [386, 171, 651, 780, 909, 910, 913, 985, 534, 407, 795, 170, 427, 174, 943, 944, 946, 695, 57, 447, 966, 908, 970, 76, 473, 733, 737, 507, 619, 112, 371, 204, 762, 63, 765, 639]
i =  36 [512, 768, 514, 899, 517, 519, 907, 16, 728, 147, 155, 284, 926, 929, 34, 547, 935, 114, 432, 818, 158, 310, 956, 139, 709, 462, 721, 931, 856, 988, 93, 480, 101, 232, 807, 240, 242, 884, 893]
i =  37 [387, 263, 10, 141, 786, 788, 791, 792, 669, 35, 554, 683, 941, 814, 306, 567, 185, 186, 573, 830, 961, 712, 971, 973, 79, 217, 347, 221, 869, 104, 366, 754, 116, 502, 759, 633, 269, 253, 766]
i =  38 [896, 897, 515, 900, 136, 778, 12, 14, 145, 919, 153, 411, 932, 304, 821, 822, 951, 952, 955, 326, 199, 200, 333, 212, 727, 864, 489, 877, 369, 510, 505, 894, 895]
i =  39 [131, 389, 390, 265, 266, 398, 528, 401, 404, 921, 675, 549, 936, 809, 44, 435, 949, 316, 190, 577, 66, 196, 582, 969, 680, 977, 725, 983, 984, 601, 346, 220, 862, 993, 611, 356, 236, 497, 755, 373, 20, 764, 381]
i =  40 [641, 388, 262, 779, 268, 365, 793, 538, 801, 423, 808, 681, 430, 178, 317, 328, 842, 850, 355, 853, 343, 345, 858, 475, 732, 353, 739, 360, 745, 338, 887]
i =  41 [513, 3, 649, 138, 399, 275, 24, 794, 159, 417, 803, 521, 37, 550, 940, 176, 51, 438, 9, 440, 826, 415, 189, 70, 454, 461, 474, 478, 354, 870, 233, 362, 109, 878, 881, 885, 503, 638]
i =  42 [832, 2, 905, 394, 130, 271, 402, 535, 408, 668, 674, 424, 556, 179, 436, 694, 183, 60, 320, 706, 708, 258, 704, 78, 975, 979, 95, 865, 251, 359, 490, 110, 625, 121, 634, 635, 234]
i =  43 [901, 522, 525, 912, 785, 276, 662, 799, 928, 802, 548, 933, 43, 861, 692, 437, 628, 906, 318, 192, 160, 837, 967, 841, 844, 463, 337, 978, 340, 215, 216, 987, 477, 990, 610, 222, 370, 244, 631, 148]
i =  44 [898, 133, 135, 650, 395, 660, 661, 280, 666, 154, 542, 673, 168, 647, 559, 563, 180, 309, 182, 62, 960, 587, 716, 717, 590, 847, 593, 851, 980, 982, 855, 857, 224, 867, 613, 872, 747, 626, 375, 382]
i =  45 [261, 904, 777, 400, 403, 21, 879, 29, 231, 161, 166, 860, 429, 46, 431, 49, 947, 820, 585, 700, 193, 450, 963, 329, 74, 974, 724, 598, 740, 92, 228, 307, 235, 494, 495, 252]
i =  46 [257, 214, 142, 146, 915, 127, 239, 31, 288, 804, 295, 299, 684, 828, 61, 321, 455, 456, 457, 202, 715, 848, 654, 726, 603, 350, 998, 742, 999, 1000, 873, 491, 751, 880, 886, 383, 213]
i =  47 [132, 19, 149, 772, 26, 28, 285, 812, 175, 606, 181, 581, 198, 73, 82, 467, 731, 734, 992, 358, 748, 210, 499, 758, 249]
i =  48 [781, 911, 281, 924, 289, 418, 421, 934, 682, 428, 686, 308, 311, 568, 953, 948, 957, 958, 578, 843, 976, 849, 595, 84, 825, 729, 996, 720, 571, 868, 806, 230, 38, 621, 622, 637, 187, 889, 379, 938]
i =  49 [352, 290, 964, 113, 392, 586, 599, 492, 36, 509, 120, 465, 468, 566, 87, 376, 100, 188, 349, 264, 312]
i =  50 [901, 906, 525, 222, 785, 276, 662, 799, 928, 802, 548, 933, 43, 942, 861, 692, 437, 244, 522, 318, 192, 160, 837, 967, 841, 844, 463, 337, 978, 340, 215, 216, 987, 477, 990, 610, 370, 628, 631, 148]
i =  51 [896, 897, 515, 900, 136, 778, 12, 14, 145, 919, 153, 922, 411, 932, 304, 821, 822, 951, 952, 955, 326, 199, 200, 333, 212, 727, 864, 489, 877, 369, 505, 510, 895]
i =  52 [640, 769, 129, 8, 783, 272, 531, 533, 665, 925, 800, 165, 552, 301, 564, 954, 444, 701, 959, 325, 71, 205, 335, 209, 981, 602, 604, 989, 607, 144, 98, 891, 997, 357, 876, 890, 630, 378, 763]
i =  53 [257, 214, 902, 142, 146, 915, 751, 31, 288, 804, 295, 299, 684, 828, 61, 654, 321, 455, 456, 457, 202, 715, 848, 213, 726, 603, 350, 998, 742, 999, 873, 491, 239, 880, 886, 127, 383]
i =  54 [513, 3, 649, 138, 399, 275, 24, 794, 415, 417, 803, 521, 37, 550, 940, 176, 51, 438, 9, 440, 826, 159, 189, 70, 454, 461, 854, 474, 478, 354, 870, 233, 362, 109, 878, 881, 885, 503, 638]
i =  55 [775, 776, 22, 282, 796, 157, 410, 296, 303, 816, 479, 330, 714, 452, 458, 459, 591, 80, 597, 859, 348, 223, 485, 486, 618, 829, 368]
i =  56 [320, 130, 905, 394, 258, 271, 402, 535, 408, 836, 668, 674, 424, 556, 179, 436, 694, 183, 60, 832, 2, 708, 704, 78, 975, 979, 706, 95, 865, 635, 359, 490, 110, 625, 121, 634, 251, 234]
i =  57 [640, 129, 769, 8, 783, 272, 531, 533, 665, 800, 165, 552, 301, 564, 954, 444, 701, 959, 325, 71, 840, 205, 335, 209, 378, 981, 602, 604, 989, 607, 144, 98, 891, 997, 357, 876, 630, 890, 763]
i =  58 [128, 1, 655, 532, 409, 283, 177, 45, 584, 819, 52, 824, 191, 707, 72, 332, 588, 207, 888, 89, 227, 612, 871, 111, 247, 248, 377, 767]
i =  59 [260, 645, 11, 270, 658, 789, 545, 291, 294, 39, 687, 313, 702, 703, 451, 324, 583, 208, 466, 470, 97, 496, 511]
i =  60 [898, 133, 134, 135, 650, 395, 660, 661, 790, 280, 154, 666, 542, 673, 168, 647, 559, 563, 180, 309, 182, 62, 960, 267, 587, 716, 717, 590, 847, 593, 851, 980, 982, 855, 857, 224, 867, 613, 872, 747, 626, 375, 382]
i =  61 [901, 522, 525, 785, 276, 662, 799, 928, 802, 548, 933, 990, 43, 477, 692, 437, 244, 906, 318, 192, 160, 837, 967, 841, 844, 463, 337, 978, 340, 215, 216, 987, 861, 222, 610, 370, 628, 631, 760, 148]
i =  62 [770, 396, 273, 287, 672, 677, 570, 68, 314, 713, 331, 718, 58, 91, 698, 442, 483, 107, 620, 237, 623, 624]
i =  63 [773, 903, 648, 656, 529, 914, 405, 406, 23, 156, 167, 40, 42, 615, 558, 823, 705, 835, 77, 592, 86, 476, 735, 736, 464, 738, 103, 363, 243, 629, 761, 426]
i =  64 [513, 3, 521, 138, 399, 275, 24, 794, 415, 417, 803, 37, 550, 649, 940, 176, 51, 438, 9, 440, 826, 159, 189, 70, 454, 461, 474, 478, 354, 741, 870, 233, 362, 109, 878, 881, 885, 503, 638]
i =  65 [261, 904, 777, 400, 403, 21, 879, 947, 161, 166, 860, 429, 46, 431, 49, 307, 820, 329, 700, 193, 450, 963, 585, 74, 974, 724, 598, 228, 92, 740, 231, 235, 29, 494, 495, 752, 252]
i =  66 [131, 389, 390, 265, 266, 398, 528, 401, 404, 921, 675, 549, 497, 936, 809, 44, 435, 949, 316, 190, 577, 66, 196, 582, 969, 977, 723, 725, 983, 984, 601, 346, 220, 862, 993, 611, 356, 236, 680, 755, 373, 20, 764, 381]
i =  67 [386, 427, 651, 908, 909, 910, 913, 534, 407, 795, 966, 170, 171, 174, 943, 944, 946, 695, 473, 57, 447, 710, 780, 970, 76, 985, 733, 737, 63, 619, 112, 371, 204, 762, 507, 765, 639]
i =  68 [259, 652, 526, 15, 530, 918, 151, 33, 553, 815, 688, 562, 950, 560, 827, 445, 575, 833, 69, 838, 327, 972, 846, 995, 341, 730, 527, 991, 699, 617, 364, 493, 749, 241, 882, 118, 361, 250, 351, 508, 255]
i =  69 [513, 3, 521, 138, 399, 664, 275, 24, 794, 415, 417, 803, 37, 550, 649, 940, 176, 51, 438, 9, 440, 826, 159, 189, 70, 454, 461, 474, 478, 354, 870, 233, 362, 109, 878, 881, 885, 503, 638]
i =  70 [261, 904, 777, 400, 403, 21, 495, 667, 947, 161, 166, 860, 429, 46, 431, 49, 307, 820, 329, 700, 193, 450, 963, 585, 74, 974, 724, 598, 228, 92, 740, 231, 235, 29, 494, 879, 252]
i =  71 [363, 773, 903, 648, 656, 529, 914, 405, 406, 23, 156, 671, 167, 40, 426, 558, 823, 705, 835, 77, 464, 86, 476, 736, 592, 738, 103, 615, 243, 629, 761, 42]
i =  72 [898, 133, 135, 650, 395, 660, 661, 280, 154, 666, 542, 673, 168, 647, 559, 563, 180, 309, 182, 62, 960, 587, 716, 717, 590, 847, 593, 851, 980, 982, 855, 857, 224, 867, 613, 614, 872, 747, 626, 375, 124, 382]
i =  73 [781, 911, 868, 281, 924, 289, 418, 421, 934, 682, 428, 686, 308, 311, 568, 953, 948, 957, 958, 578, 843, 720, 849, 595, 84, 825, 729, 571, 996, 806, 230, 38, 621, 622, 637, 187, 632, 889, 379, 938]
i =  74 [513, 3, 644, 649, 138, 399, 275, 24, 794, 415, 417, 803, 521, 37, 550, 940, 176, 51, 438, 9, 440, 826, 159, 189, 70, 454, 461, 474, 478, 354, 870, 233, 362, 109, 878, 881, 885, 503, 638]
i =  75 [646, 781, 911, 281, 924, 289, 418, 421, 934, 682, 428, 686, 308, 311, 568, 953, 948, 957, 958, 578, 843, 938, 720, 849, 595, 84, 825, 729, 996, 571, 868, 806, 230, 379, 621, 622, 187, 889, 38, 637]
i =  76 [704, 258, 905, 394, 130, 271, 320, 402, 535, 408, 668, 674, 424, 556, 179, 436, 694, 183, 60, 832, 608, 706, 708, 2, 78, 975, 979, 95, 992, 865, 635, 359, 234, 110, 625, 121, 634, 251, 490]
i =  77 [386, 171, 651, 780, 909, 910, 913, 985, 534, 407, 795, 170, 427, 174, 944, 946, 695, 57, 447, 579, 966, 908, 970, 76, 473, 733, 737, 63, 619, 112, 371, 204, 762, 507, 765, 639]
i =  78 [387, 263, 10, 141, 786, 788, 791, 792, 669, 35, 554, 683, 941, 814, 306, 567, 185, 186, 573, 830, 961, 580, 712, 971, 973, 79, 217, 347, 221, 869, 104, 366, 754, 116, 502, 759, 633, 269, 253, 766]
i =  79 [261, 518, 904, 777, 400, 403, 21, 879, 947, 161, 166, 860, 429, 46, 431, 49, 307, 820, 585, 700, 193, 450, 963, 329, 74, 974, 724, 598, 740, 92, 228, 231, 235, 29, 494, 495, 252]
i =  80 [387, 263, 10, 523, 141, 786, 788, 791, 792, 669, 35, 554, 683, 941, 814, 306, 567, 185, 186, 573, 830, 961, 712, 971, 973, 79, 217, 347, 221, 96, 869, 104, 366, 754, 116, 502, 759, 633, 269, 253, 766]
i =  81 [260, 645, 11, 524, 270, 658, 789, 545, 291, 294, 39, 687, 313, 702, 703, 451, 324, 583, 208, 466, 470, 97, 496, 511]
i =  82 [513, 3, 521, 138, 399, 275, 24, 537, 794, 159, 417, 803, 37, 550, 649, 940, 176, 51, 438, 9, 440, 826, 415, 189, 70, 454, 461, 474, 478, 354, 870, 233, 362, 109, 878, 881, 885, 503, 638]
i =  83 [320, 258, 905, 394, 130, 271, 402, 535, 408, 668, 544, 674, 424, 556, 179, 436, 694, 183, 60, 832, 2, 708, 704, 78, 975, 979, 706, 95, 865, 635, 359, 234, 110, 625, 121, 634, 251, 490]
i =  84 [901, 906, 525, 222, 785, 148, 662, 799, 928, 802, 548, 933, 43, 477, 692, 437, 244, 522, 318, 192, 160, 837, 967, 841, 844, 463, 337, 978, 340, 215, 216, 987, 861, 990, 610, 370, 628, 631, 276, 460]
i =  85 [387, 263, 10, 141, 786, 788, 791, 792, 669, 35, 554, 683, 941, 814, 306, 567, 185, 186, 573, 830, 961, 712, 971, 973, 79, 633, 217, 347, 221, 869, 104, 366, 498, 116, 502, 759, 754, 269, 253, 766]
i =  86 [261, 904, 777, 400, 403, 21, 495, 412, 29, 231, 161, 166, 860, 598, 429, 46, 431, 49, 947, 820, 329, 700, 193, 450, 963, 585, 74, 974, 724, 854, 228, 92, 740, 307, 235, 494, 879, 252]
i =  87 [832, 258, 905, 394, 130, 271, 402, 535, 408, 668, 413, 674, 424, 556, 179, 436, 694, 183, 60, 320, 2, 708, 704, 78, 975, 979, 706, 95, 865, 635, 359, 234, 110, 625, 121, 634, 251, 490]
i =  88 [387, 263, 10, 141, 786, 788, 791, 792, 669, 35, 422, 554, 683, 941, 814, 306, 567, 185, 186, 573, 830, 961, 712, 971, 973, 79, 217, 347, 221, 869, 104, 366, 754, 116, 502, 759, 633, 269, 253, 766]
i =  89 [261, 904, 777, 400, 403, 21, 879, 947, 161, 166, 425, 429, 46, 431, 49, 307, 820, 329, 700, 193, 450, 963, 585, 74, 974, 339, 724, 598, 228, 92, 740, 231, 860, 235, 29, 494, 495, 252]
i =  90 [261, 904, 777, 400, 403, 21, 495, 947, 161, 166, 860, 429, 46, 431, 49, 434, 307, 820, 329, 700, 193, 450, 963, 585, 74, 974, 724, 598, 228, 92, 740, 231, 235, 29, 494, 879, 252]
i =  91 [781, 911, 281, 924, 289, 418, 421, 806, 682, 428, 686, 308, 311, 568, 953, 948, 957, 958, 578, 843, 720, 849, 595, 84, 825, 344, 729, 996, 571, 868, 934, 230, 38, 621, 622, 637, 187, 889, 379, 938]
i =  92 [640, 129, 769, 8, 393, 783, 144, 531, 533, 665, 800, 165, 552, 301, 564, 954, 444, 701, 959, 962, 325, 71, 205, 335, 209, 378, 981, 602, 604, 989, 607, 272, 98, 891, 997, 357, 876, 630, 890, 763]
i =  93 [768, 512, 514, 899, 517, 519, 139, 16, 728, 286, 147, 155, 284, 158, 929, 34, 547, 807, 242, 432, 818, 926, 310, 956, 907, 709, 462, 721, 931, 856, 988, 93, 480, 101, 232, 240, 114, 884, 893]
i =  94 [128, 1, 655, 532, 409, 283, 45, 177, 819, 52, 315, 72, 191, 707, 584, 332, 588, 207, 888, 89, 227, 612, 871, 111, 247, 248, 377, 767]
i =  95 [898, 133, 134, 135, 650, 395, 660, 661, 280, 154, 666, 542, 673, 168, 647, 559, 563, 180, 309, 182, 62, 319, 960, 267, 587, 716, 717, 590, 847, 593, 851, 980, 982, 855, 857, 224, 867, 613, 872, 747, 626, 375, 382]
i =  96 [704, 258, 905, 394, 130, 271, 320, 402, 535, 408, 668, 34, 424, 556, 49, 179, 436, 694, 183, 60, 832, 2, 708, 69, 674, 334, 975, 979, 78, 706, 634, 95, 865, 635, 359, 1000, 490, 110, 625, 121, 122, 251, 234]
i =  97 [387, 263, 10, 141, 786, 788, 791, 792, 669, 35, 554, 683, 941, 814, 306, 567, 185, 186, 573, 830, 961, 194, 712, 971, 973, 79, 976, 217, 347, 221, 869, 104, 366, 754, 116, 502, 759, 633, 269, 253, 766]
i =  98 [513, 3, 649, 138, 399, 275, 24, 794, 415, 417, 803, 521, 37, 550, 940, 176, 51, 438, 9, 440, 826, 159, 189, 70, 454, 461, 206, 474, 478, 354, 870, 233, 362, 109, 878, 881, 885, 503, 638]
i =  99 [781, 911, 868, 281, 924, 289, 418, 421, 806, 948, 682, 428, 686, 308, 311, 568, 953, 571, 957, 958, 578, 843, 938, 720, 849, 595, 84, 825, 729, 986, 226, 187, 996, 934, 230, 38, 621, 622, 889, 379, 637]
i =  100 [257, 213, 214, 142, 146, 915, 922, 239, 31, 288, 804, 295, 299, 684, 828, 61, 321, 886, 455, 456, 457, 202, 715, 848, 654, 726, 603, 350, 998, 742, 999, 873, 491, 751, 880, 246, 383, 127]
i =  101 [256, 898, 133, 647, 650, 395, 660, 661, 280, 666, 154, 542, 673, 168, 135, 559, 563, 180, 309, 182, 62, 960, 587, 716, 717, 590, 847, 593, 851, 980, 982, 855, 857, 224, 867, 613, 872, 747, 626, 375, 382]
i =  102 [771, 520, 322, 782, 274, 917, 536, 923, 540, 546, 163, 292, 433, 169, 810, 555, 813, 945, 696, 569, 443, 572, 539, 834, 201, 845, 336, 594, 85, 676, 939, 616, 746, 367, 117, 297, 123, 125, 254]
i =  103 [5, 6, 65, 137, 397, 143, 657, 659, 916, 277, 278, 920, 25, 218, 150, 927, 930, 419, 420, 937, 298, 561, 697, 245, 449, 965, 441, 600, 90, 219, 94, 863, 225, 229, 487, 744, 892, 883, 501, 374, 506, 380]
i =  104 [640, 769, 129, 8, 783, 272, 531, 533, 279, 665, 800, 165, 552, 301, 564, 954, 444, 701, 959, 960, 325, 71, 77, 205, 209, 378, 981, 602, 335, 604, 989, 607, 144, 98, 891, 357, 997, 876, 630, 890, 763]
i =  105 [768, 512, 514, 899, 517, 519, 139, 16, 856, 147, 155, 284, 926, 929, 34, 547, 807, 242, 432, 818, 158, 310, 956, 907, 709, 462, 721, 931, 728, 988, 93, 480, 99, 101, 232, 240, 114, 884, 893]
i =  106 [320, 2, 905, 394, 258, 271, 402, 535, 408, 668, 674, 424, 556, 179, 436, 694, 183, 60, 832, 706, 708, 130, 704, 78, 975, 979, 95, 962, 865, 635, 102, 359, 490, 110, 625, 121, 634, 251, 234]
i =  107 [775, 776, 22, 282, 796, 157, 410, 296, 303, 816, 479, 330, 714, 452, 458, 459, 591, 80, 597, 348, 223, 485, 486, 618, 108, 829, 368]
i =  108 [704, 258, 905, 394, 2, 271, 320, 402, 535, 408, 668, 674, 424, 556, 179, 436, 694, 183, 60, 832, 992, 706, 708, 130, 78, 975, 979, 95, 608, 865, 635, 359, 490, 110, 625, 119, 121, 634, 251, 234]
i =  109 [898, 133, 647, 650, 395, 660, 661, 280, 154, 666, 542, 673, 168, 135, 559, 563, 180, 309, 182, 62, 960, 587, 716, 717, 590, 847, 593, 851, 980, 982, 855, 857, 224, 867, 613, 872, 747, 626, 382, 375, 126]
i =  110 [261, 904, 777, 400, 403, 21, 879, 947, 161, 166, 860, 172, 429, 46, 431, 49, 307, 820, 585, 700, 193, 450, 963, 329, 74, 974, 724, 598, 228, 92, 740, 231, 235, 29, 494, 495, 252]
i =  111 [773, 903, 648, 656, 529, 914, 405, 406, 23, 156, 167, 40, 42, 7, 558, 823, 705, 835, 77, 592, 86, 615, 476, 736, 464, 738, 103, 363, 243, 629, 761, 426]
i =  112 [832, 258, 905, 394, 2, 271, 402, 535, 408, 668, 674, 424, 556, 179, 436, 694, 183, 60, 320, 704, 708, 130, 78, 13, 979, 706, 975, 95, 865, 635, 359, 490, 110, 625, 121, 634, 251, 234]
i =  113 [773, 903, 648, 656, 17, 914, 529, 405, 406, 23, 156, 167, 40, 42, 615, 558, 823, 705, 835, 77, 592, 86, 476, 736, 464, 738, 103, 363, 243, 629, 761, 426]
i =  114 [131, 389, 390, 265, 266, 398, 528, 401, 18, 20, 921, 675, 549, 497, 680, 809, 44, 435, 949, 316, 190, 577, 66, 196, 582, 969, 977, 725, 983, 984, 601, 346, 220, 862, 993, 611, 356, 236, 936, 755, 373, 404, 764, 381]
i =  115 [387, 263, 10, 141, 17, 786, 788, 791, 792, 669, 32, 35, 683, 554, 811, 941, 814, 306, 567, 185, 186, 573, 830, 961, 712, 971, 973, 79, 217, 347, 221, 869, 104, 366, 754, 116, 502, 759, 633, 269, 253, 766]
i =  116 [901, 906, 525, 222, 785, 148, 662, 799, 928, 802, 548, 933, 43, 47, 692, 437, 244, 522, 318, 192, 160, 837, 967, 841, 844, 463, 337, 978, 340, 215, 216, 987, 861, 990, 610, 370, 628, 631, 276, 477]
i =  117 [641, 388, 262, 268, 793, 538, 801, 423, 808, 681, 338, 430, 48, 178, 317, 328, 842, 850, 355, 853, 343, 345, 858, 475, 732, 353, 739, 360, 745, 365, 887]
i =  118 [5, 6, 449, 137, 397, 143, 657, 659, 916, 278, 920, 25, 218, 150, 927, 930, 419, 420, 937, 298, 561, 53, 697, 501, 65, 965, 441, 600, 90, 219, 94, 863, 225, 229, 487, 744, 380, 883, 245, 374, 506, 892]
i =  119 [261, 904, 777, 400, 403, 21, 879, 947, 161, 166, 860, 429, 46, 431, 49, 307, 820, 585, 56, 700, 193, 450, 963, 329, 74, 974, 724, 598, 228, 92, 994, 740, 231, 235, 29, 494, 495, 252]
i =  120 [640, 129, 769, 8, 783, 144, 531, 533, 665, 800, 165, 552, 301, 564, 954, 444, 701, 959, 962, 325, 71, 75, 205, 335, 209, 378, 981, 602, 604, 989, 607, 272, 98, 891, 997, 357, 876, 630, 890, 763]
finish get all communities
complete deal_communities
commplete get_all_nature_community
----------------------------------The detection result is: 

all communities: 
i =  1 : [4, 67, 81, 83, 106, 152, 162, 184, 203, 293, 300, 323, 372, 391, 446, 469, 471, 481, 488, 551, 576, 636, 653, 670, 685, 711, 722, 743, 797, 805, 817, 866]
i =  2 : [27, 30, 41, 50, 88, 140, 164, 197, 238, 302, 414, 416, 439, 482, 516, 543, 557, 565, 574, 609, 627, 643, 678, 691, 693, 719, 753, 787, 839, 852]
i =  3 : [54, 55, 59, 64, 105, 115, 173, 195, 211, 305, 342, 384, 448, 453, 472, 500, 589, 596, 605, 642, 689, 750, 757, 774, 784, 798, 831, 874, 994]
i =  4 : [19, 26, 28, 73, 82, 132, 149, 175, 181, 198, 210, 249, 285, 358, 467, 499, 581, 606, 731, 734, 748, 758, 772, 812, 992]
i =  5 : [36, 87, 100, 113, 120, 188, 264, 290, 312, 349, 352, 376, 392, 465, 468, 492, 509, 566, 586, 599, 964]
i =  6 : [58, 68, 91, 107, 237, 273, 287, 314, 331, 396, 442, 483, 570, 620, 623, 624, 672, 677, 698, 713, 718, 770]
i =  7 : [15, 33, 69, 118, 151, 241, 250, 255, 259, 327, 341, 351, 361, 364, 445, 493, 508, 526, 527, 530, 553, 560, 562, 575, 617, 652, 688, 699, 730, 749, 815, 827, 833, 838, 846, 882, 918, 950, 972, 991, 995]
i =  8 : [11, 39, 97, 208, 260, 270, 291, 294, 313, 324, 451, 466, 470, 496, 511, 524, 545, 583, 645, 658, 687, 702, 703, 789]
i =  9 : [85, 117, 123, 125, 163, 169, 201, 254, 274, 292, 297, 322, 336, 367, 433, 443, 520, 536, 539, 540, 546, 555, 569, 572, 594, 616, 676, 696, 746, 771, 782, 810, 813, 834, 845, 917, 923, 939, 945]
i =  10 : [12, 14, 136, 145, 153, 199, 200, 212, 304, 326, 333, 369, 411, 489, 505, 510, 515, 727, 778, 821, 822, 864, 877, 894, 895, 896, 897, 900, 919, 922, 932, 951, 952, 955]
i =  11 : [48, 178, 262, 268, 317, 328, 338, 343, 345, 353, 355, 360, 365, 388, 423, 430, 475, 538, 641, 681, 732, 739, 745, 779, 793, 801, 808, 842, 850, 853, 858, 887]
i =  12 : [1, 45, 52, 72, 89, 111, 128, 177, 191, 207, 227, 247, 248, 283, 315, 332, 377, 409, 532, 584, 588, 612, 655, 707, 767, 819, 824, 871, 888]
i =  13 : [5, 6, 25, 53, 65, 90, 94, 137, 143, 150, 218, 219, 225, 229, 245, 277, 278, 298, 374, 380, 397, 419, 420, 441, 449, 487, 501, 506, 561, 600, 657, 659, 679, 697, 744, 863, 883, 892, 916, 920, 927, 930, 937, 965]
i =  14 : [18, 20, 44, 66, 131, 190, 196, 220, 236, 265, 266, 316, 346, 356, 373, 381, 389, 390, 398, 401, 404, 435, 497, 528, 549, 577, 582, 601, 611, 675, 680, 723, 725, 755, 764, 809, 862, 875, 921, 936, 949, 969, 977, 983, 984, 993]
i =  15 : [22, 80, 108, 157, 223, 282, 296, 303, 330, 348, 368, 410, 452, 458, 459, 479, 485, 486, 591, 597, 618, 714, 775, 776, 796, 816, 829, 859, 986]
i =  16 : [31, 61, 127, 142, 146, 202, 213, 214, 239, 246, 257, 288, 295, 299, 321, 350, 383, 455, 456, 457, 491, 603, 654, 684, 715, 726, 742, 751, 804, 828, 848, 873, 880, 886, 902, 915, 922, 998, 999, 1000]
i =  17 : [57, 63, 76, 112, 170, 171, 174, 204, 371, 386, 407, 427, 447, 473, 504, 507, 534, 579, 619, 639, 651, 690, 695, 710, 733, 737, 762, 765, 780, 795, 908, 909, 910, 913, 943, 944, 946, 966, 970, 985]
i =  18 : [7, 17, 23, 40, 42, 77, 86, 103, 156, 167, 243, 363, 385, 405, 406, 426, 464, 476, 529, 558, 592, 615, 629, 648, 656, 671, 705, 735, 736, 738, 761, 773, 823, 835, 903, 914]
i =  19 : [43, 47, 148, 160, 192, 215, 216, 222, 244, 276, 318, 337, 340, 370, 437, 460, 463, 477, 522, 525, 548, 610, 628, 631, 662, 692, 760, 785, 799, 802, 837, 841, 844, 861, 901, 906, 912, 928, 933, 942, 967, 978, 987, 990]
i =  20 : [38, 84, 187, 226, 230, 281, 289, 308, 311, 344, 379, 418, 421, 428, 568, 571, 578, 595, 621, 622, 632, 637, 646, 682, 686, 720, 729, 781, 806, 825, 843, 849, 868, 889, 911, 924, 934, 938, 948, 953, 957, 958, 976, 986, 996]
i =  21 : [8, 71, 75, 77, 98, 129, 144, 165, 205, 209, 272, 279, 301, 325, 335, 357, 378, 393, 444, 531, 533, 552, 564, 602, 604, 607, 630, 640, 665, 701, 763, 769, 783, 800, 840, 876, 890, 891, 925, 954, 959, 960, 962, 981, 989, 997]
i =  22 : [16, 34, 93, 99, 101, 114, 139, 147, 155, 158, 232, 240, 242, 284, 286, 310, 432, 462, 480, 512, 514, 517, 519, 547, 663, 709, 721, 728, 756, 768, 807, 818, 856, 884, 893, 899, 907, 926, 929, 931, 935, 956, 968, 988]
i =  23 : [3, 9, 24, 37, 51, 70, 109, 138, 159, 176, 189, 206, 233, 275, 354, 362, 399, 415, 417, 438, 440, 454, 461, 474, 478, 503, 513, 521, 537, 550, 638, 644, 649, 664, 741, 794, 803, 826, 854, 870, 878, 881, 885, 940]
i =  24 : [10, 17, 32, 35, 79, 96, 104, 116, 141, 185, 186, 194, 217, 221, 253, 263, 269, 306, 347, 366, 387, 422, 498, 502, 523, 554, 567, 573, 580, 633, 669, 683, 712, 754, 759, 766, 786, 788, 791, 792, 811, 814, 830, 869, 941, 961, 971, 973, 976]
i =  25 : [2, 13, 34, 49, 60, 69, 78, 95, 102, 110, 119, 121, 122, 130, 179, 183, 234, 251, 258, 271, 320, 334, 359, 394, 402, 408, 413, 424, 436, 490, 535, 544, 556, 608, 625, 634, 635, 668, 674, 694, 704, 706, 708, 832, 836, 865, 905, 962, 975, 979, 992, 1000]
i =  26 : [62, 124, 126, 133, 134, 135, 154, 168, 180, 182, 224, 256, 267, 280, 309, 319, 375, 382, 395, 484, 541, 542, 559, 563, 587, 590, 593, 613, 614, 626, 647, 650, 660, 661, 666, 673, 716, 717, 747, 790, 811, 847, 851, 855, 857, 867, 872, 898, 960, 980, 982]
i =  27 : [21, 29, 46, 49, 56, 74, 92, 161, 166, 172, 193, 228, 231, 235, 252, 261, 307, 329, 339, 400, 403, 412, 425, 429, 431, 434, 450, 494, 495, 518, 585, 598, 667, 700, 724, 740, 752, 777, 820, 854, 860, 879, 904, 947, 963, 974, 994]
overlapping nodes are:  [17, 34, 49, 69, 77, 811, 854, 922, 960, 962, 976, 986, 992, 994, 1000] 
 NOO is:  15
total time is:  287.063104153
