lens of ground_truth:  23
ground_truth is: [[66, 113, 125, 137, 140, 169, 170, 239, 297, 315, 355, 363, 391, 424, 496, 506, 507, 520, 557, 662, 667, 673, 694, 695, 704, 719, 766, 787, 869, 870], [11, 49, 167, 182, 201, 237, 244, 252, 283, 300, 317, 357, 403, 413, 430, 442, 494, 516, 535, 587, 604, 637, 645, 683, 700, 717, 755, 764, 872, 877], [16, 39, 86, 91, 126, 153, 154, 175, 263, 275, 281, 344, 399, 418, 443, 486, 543, 591, 605, 621, 623, 635, 657, 681, 687, 715, 738, 778, 815, 830, 844, 883, 920, 924, 929, 974], [14, 17, 24, 37, 51, 85, 105, 146, 166, 203, 206, 215, 226, 232, 238, 248, 257, 264, 274, 285, 298, 312, 318, 324, 339, 340, 356, 364, 381, 385, 387, 408, 417, 435, 445, 462, 463, 465, 517, 530, 544, 547, 569, 575, 582, 583, 585, 589, 594, 596, 618, 639, 655, 675, 678, 704, 722, 723, 727, 733, 736, 745, 775, 789, 804, 813, 817, 823, 834, 840, 851, 856, 868, 873, 876, 887, 889, 900, 921, 928, 930, 935, 939, 940, 944, 950, 956, 976, 979, 984, 988, 992], [29, 68, 71, 111, 133, 147, 164, 165, 181, 183, 199, 200, 220, 223, 224, 227, 229, 232, 278, 289, 292, 299, 319, 329, 331, 332, 348, 350, 385, 390, 437, 439, 464, 470, 514, 519, 522, 525, 536, 549, 565, 596, 636, 663, 684, 685, 692, 703, 728, 756, 775, 783, 796, 807, 850, 895, 909, 918, 933, 939, 949, 970, 990, 995], [24, 48, 57, 115, 155, 195, 305, 338, 353, 368, 394, 398, 415, 422, 425, 468, 475, 477, 488, 581, 612, 674, 680, 708, 721, 730, 731, 742, 765, 773, 790, 842, 847, 855, 871, 932], [15, 27, 31, 60, 62, 71, 74, 79, 81, 87, 89, 119, 121, 171, 180, 273, 276, 296, 323, 362, 386, 395, 410, 431, 451, 480, 493, 518, 579, 606, 634, 649, 735, 758, 851, 868, 882, 906, 952, 953, 988], [1, 8, 12, 25, 35, 50, 76, 104, 127, 158, 185, 240, 247, 277, 373, 388, 497, 515, 567, 624, 633, 670, 696, 712, 795, 802], [46, 64, 67, 77, 88, 93, 94, 117, 122, 138, 191, 218, 245, 307, 334, 400, 402, 471, 537, 611, 671, 690, 725, 763, 777, 792, 808, 852], [13, 23, 61, 75, 92, 128, 143, 144, 156, 187, 189, 197, 213, 233, 234, 248, 255, 272, 294, 306, 460, 490, 555, 590, 599, 629, 647, 726, 769, 774, 780, 816, 819, 825, 829, 858, 894, 914, 925], [14, 20, 49, 58, 65, 73, 116, 123, 161, 162, 188, 190, 203, 228, 246, 251, 254, 261, 290, 295, 312, 314, 340, 357, 371, 372, 429, 433, 463, 467, 473, 481, 487, 493, 502, 504, 509, 519, 526, 527, 550, 577, 578, 588, 614, 615, 620, 622, 638, 649, 665, 679, 686, 718, 724, 755, 759, 779, 788, 789, 798, 805, 811, 831, 835, 836, 839, 841, 849, 859, 863, 880, 881, 891, 897, 912, 923, 927, 931, 943, 955, 963, 964, 966, 973, 974, 975, 977, 978, 980, 982, 983, 1000], [26, 32, 114, 172, 216, 256, 268, 287, 320, 352, 359, 365, 367, 370, 384, 412, 423, 448, 457, 466, 500, 503, 504, 505, 528, 532, 540, 552, 568, 600, 602, 610, 677, 732, 746, 750, 760, 762, 781, 837, 839, 864, 875, 937, 942, 951, 958, 980, 981, 985, 986, 987, 993], [3, 78, 99, 105, 118, 120, 136, 142, 192, 193, 346, 361, 366, 389, 404, 406, 414, 427, 449, 488, 521, 539, 556, 558, 562, 564, 570, 576, 666, 710, 734, 767, 770, 771, 772, 799, 810, 822, 824, 854, 885, 893, 908, 934, 954], [43, 67, 86, 98, 100, 103, 106, 112, 130, 154, 209, 212, 236, 243, 254, 258, 279, 284, 319, 336, 382, 392, 411, 432, 447, 454, 455, 476, 482, 534, 538, 551, 560, 563, 580, 597, 616, 619, 625, 650, 652, 689, 711, 729, 744, 803, 806, 820, 828, 840, 853, 872, 874, 886, 892, 904, 910, 917, 919, 936, 945, 946, 947, 959, 961, 967, 971, 972, 991, 996, 998], [40, 70, 82, 132, 134, 148, 149, 173, 176, 178, 205, 214, 225, 230, 258, 280, 286, 308, 309, 328, 376, 484, 491, 499, 554, 568, 628, 632, 654, 672, 702, 705, 737, 794, 821, 832, 865, 888, 898, 907, 938, 941, 962, 987], [2, 23, 107, 108, 151, 204, 210, 211, 222, 235, 236, 249, 257, 262, 266, 322, 368, 453, 545, 593, 601, 648, 698, 740, 743, 753], [9, 42, 45, 47, 101, 207, 291, 311, 325, 333, 378, 393, 420, 441, 459, 521, 546, 572, 595, 641, 644, 646, 658, 664, 682, 693, 699, 749, 761, 809, 826, 833, 896], [5, 6, 29, 51, 52, 53, 55, 59, 83, 95, 109, 115, 124, 157, 169, 184, 186, 196, 199, 217, 221, 223, 231, 241, 265, 267, 282, 302, 315, 330, 337, 360, 375, 396, 397, 426, 444, 452, 457, 473, 478, 487, 492, 513, 517, 524, 533, 541, 561, 566, 569, 573, 584, 598, 602, 603, 608, 637, 642, 668, 741, 757, 758, 768, 776, 806, 817, 838, 866, 867, 878, 890, 911, 915, 916, 935, 940, 968, 969, 970, 984, 986, 997, 998, 999], [21, 41, 63, 97, 146, 163, 260, 288, 341, 349, 351, 379, 381, 393, 407, 409, 416, 434, 446, 511, 523, 531, 548, 613, 651, 653, 709, 716, 748, 784, 861], [19, 56, 74, 96, 104, 159, 179, 198, 208, 227, 238, 253, 269, 326, 327, 349, 354, 358, 377, 389, 401, 405, 438, 450, 472, 474, 483, 489, 501, 510, 529, 553, 571, 659, 660, 676, 691, 747, 751, 768, 776, 786, 791, 801, 812, 843, 846, 848, 857, 860, 862, 887, 895, 901, 905, 922, 926, 948, 965, 994], [4, 28, 30, 84, 145, 150, 152, 174, 202, 242, 270, 271, 301, 303, 304, 316, 331, 342, 345, 374, 421, 432, 440, 458, 479, 485, 542, 592, 615, 630, 631, 661, 714, 797, 818, 903], [7, 10, 33, 37, 38, 44, 56, 66, 80, 110, 129, 131, 135, 139, 168, 177, 219, 259, 307, 313, 335, 343, 347, 367, 369, 372, 383, 419, 428, 436, 456, 461, 496, 497, 498, 500, 508, 512, 536, 559, 574, 575, 586, 607, 617, 627, 640, 643, 660, 669, 697, 706, 739, 752, 754, 785, 793, 798, 810, 814, 827, 870, 879, 884, 899, 902, 913, 957, 960, 989], [18, 22, 34, 36, 54, 69, 72, 90, 102, 141, 160, 194, 250, 293, 310, 321, 380, 469, 495, 609, 626, 656, 688, 701, 707, 713, 720, 782, 800, 845, 983]]
nodes and edges_____________: 1000 ,  9698
read network over________________________
nodes: [67, 592, 645, 695, 697, 698, 709, 722, 753, 755, 775, 777, 787, 802, 830, 833, 834, 845, 859, 861, 872, 880, 882, 887, 903, 904, 909, 916, 925, 931, 932, 934, 941, 949, 951, 954, 956, 960, 974, 978, 983, 984, 987, 988, 989, 994, 998, 999] num of nodes:  48
[[67, 808, 792, 852, 93], [84, 592, 818, 714, 631], [237, 877, 587, 645, 494, 430], [391, 869, 719, 520, 695, 506, 870], [617, 902, 957, 793, 697, 827], [107, 545, 743, 698, 648, 593, 740], [407, 613, 748, 709, 784, 409], [722, 944, 979, 939, 921, 950], [107, 545, 743, 753, 648, 593, 740], [11, 683, 877, 283, 755, 587], [522, 783, 933, 990, 775, 703], [88, 808, 777, 690, 852, 792, 763, 537, 671], [297, 869, 694, 787, 667, 424, 662, 766], [373, 795, 802, 515, 712, 633, 670, 567], [635, 929, 883, 920, 924, 778, 830, 657, 715, 815], [325, 896, 833, 664, 641, 826, 658, 749], [324, 979, 834, 823, 655], [69, 713, 609, 782, 495, 701, 845], [162, 982, 955, 897, 859, 1000], [341, 716, 748, 861, 416, 531, 651], [300, 877, 872, 413, 604, 700], [835, 912, 966, 977, 1000, 880, 923], [273, 953, 518, 362, 882, 735, 952, 431], [691, 905, 747, 862, 948, 926, 887], [84, 903, 797, 714, 631, 152], [874, 967, 959, 961, 991, 996, 892, 904, 936], [299, 918, 796, 909, 728, 990, 703], [533, 916, 867, 741, 608, 911], [75, 829, 914, 858, 925, 629, 894, 647], [73, 931, 881, 982, 836, 975], [394, 932, 731, 871, 847, 765, 674, 612, 680], [414, 934, 908, 885, 734, 767, 570, 822], [632, 832, 962, 938, 941, 821, 794, 898, 654, 865], [299, 918, 796, 933, 728, 949, 995], [993, 942, 985, 958, 951, 781, 864, 610, 762], [414, 954, 908, 885, 734, 767, 570, 822], [387, 944, 856, 979, 956], [177, 913, 960, 827, 957], [635, 929, 883, 920, 924, 778, 844, 974, 657, 715, 815], [614, 982, 881, 978, 836, 831], [18, 707, 800, 983, 720, 626], [473, 997, 969, 866, 984], [993, 981, 985, 875, 987, 750, 986, 837], [79, 952, 953, 606, 171, 410, 988], [219, 989, 899, 785, 884], [438, 922, 994, 965, 791, 812, 801, 786], [98, 996, 874, 946, 991, 971, 998], [5, 999, 997, 968, 241, 758]]
len of cliques:  48
downsides after: [[635, 929, 883, 920, 924, 778, 844, 974, 657, 715, 815], [635, 929, 883, 920, 924, 778, 830, 657, 715, 815], [632, 832, 962, 938, 941, 821, 794, 898, 654, 865], [88, 808, 777, 690, 852, 792, 763, 537, 671], [874, 967, 959, 961, 991, 996, 892, 904, 936], [394, 932, 731, 871, 847, 765, 674, 612, 680], [993, 942, 985, 958, 951, 781, 864, 610, 762], [297, 869, 694, 787, 667, 424, 662, 766], [373, 795, 802, 515, 712, 633, 670, 567], [325, 896, 833, 664, 641, 826, 658, 749], [273, 953, 518, 362, 882, 735, 952, 431], [75, 829, 914, 858, 925, 629, 894, 647], [414, 934, 908, 885, 734, 767, 570, 822], [414, 954, 908, 885, 734, 767, 570, 822], [993, 981, 985, 875, 987, 750, 986, 837], [438, 922, 994, 965, 791, 812, 801, 786], [391, 869, 719, 520, 695, 506, 870], [107, 545, 743, 698, 648, 593, 740], [107, 545, 743, 753, 648, 593, 740], [69, 713, 609, 782, 495, 701, 845], [341, 716, 748, 861, 416, 531, 651], [835, 912, 966, 977, 1000, 880, 923], [691, 905, 747, 862, 948, 926, 887], [299, 918, 796, 909, 728, 990, 703], [299, 918, 796, 933, 728, 949, 995], [79, 952, 953, 606, 171, 410, 988], [98, 996, 874, 946, 991, 971, 998], [237, 877, 587, 645, 494, 430], [617, 902, 957, 793, 697, 827], [407, 613, 748, 709, 784, 409], [722, 944, 979, 939, 921, 950], [11, 683, 877, 283, 755, 587], [522, 783, 933, 990, 775, 703], [162, 982, 955, 897, 859, 1000], [300, 877, 872, 413, 604, 700], [84, 903, 797, 714, 631, 152], [533, 916, 867, 741, 608, 911], [73, 931, 881, 982, 836, 975], [614, 982, 881, 978, 836, 831], [18, 707, 800, 983, 720, 626], [5, 999, 997, 968, 241, 758], [67, 808, 792, 852, 93], [84, 592, 818, 714, 631], [324, 979, 834, 823, 655], [387, 944, 856, 979, 956], [177, 913, 960, 827, 957], [473, 997, 969, 866, 984], [219, 989, 899, 785, 884]]
number of downsided seeds: 48
[[635, 929, 883, 920, 924, 778, 844, 974, 657, 715, 815], [635, 929, 883, 920, 924, 778, 830, 657, 715, 815], [632, 832, 962, 938, 941, 821, 794, 898, 654, 865], [88, 808, 777, 690, 852, 792, 763, 537, 671], [874, 967, 959, 961, 991, 996, 892, 904, 936], [394, 932, 731, 871, 847, 765, 674, 612, 680], [993, 942, 985, 958, 951, 781, 864, 610, 762], [297, 869, 694, 787, 667, 424, 662, 766], [373, 795, 802, 515, 712, 633, 670, 567], [325, 896, 833, 664, 641, 826, 658, 749], [273, 953, 518, 362, 882, 735, 952, 431], [75, 829, 914, 858, 925, 629, 894, 647], [414, 934, 908, 885, 734, 767, 570, 822], [414, 954, 908, 885, 734, 767, 570, 822], [993, 981, 985, 875, 987, 750, 986, 837], [438, 922, 994, 965, 791, 812, 801, 786], [391, 869, 719, 520, 695, 506, 870], [107, 545, 743, 698, 648, 593, 740], [107, 545, 743, 753, 648, 593, 740], [69, 713, 609, 782, 495, 701, 845], [341, 716, 748, 861, 416, 531, 651], [835, 912, 966, 977, 1000, 880, 923], [691, 905, 747, 862, 948, 926, 887], [299, 918, 796, 909, 728, 990, 703], [299, 918, 796, 933, 728, 949, 995], [79, 952, 953, 606, 171, 410, 988], [98, 996, 874, 946, 991, 971, 998], [237, 877, 587, 645, 494, 430], [617, 902, 957, 793, 697, 827], [407, 613, 748, 709, 784, 409], [722, 944, 979, 939, 921, 950], [11, 683, 877, 283, 755, 587], [522, 783, 933, 990, 775, 703], [162, 982, 955, 897, 859, 1000], [300, 877, 872, 413, 604, 700], [84, 903, 797, 714, 631, 152], [533, 916, 867, 741, 608, 911], [73, 931, 881, 982, 836, 975], [614, 982, 881, 978, 836, 831], [18, 707, 800, 983, 720, 626], [5, 999, 997, 968, 241, 758], [67, 808, 792, 852, 93], [84, 592, 818, 714, 631], [324, 979, 834, 823, 655], [387, 944, 856, 979, 956], [177, 913, 960, 827, 957], [473, 997, 969, 866, 984], [219, 989, 899, 785, 884]]
after sorted:  [[635, 929, 883, 920, 924, 778, 844, 974, 657, 715, 815], [635, 929, 883, 920, 924, 778, 830, 657, 715, 815], [632, 832, 962, 938, 941, 821, 794, 898, 654, 865], [88, 808, 777, 690, 852, 792, 763, 537, 671], [874, 967, 959, 961, 991, 996, 892, 904, 936], [394, 932, 731, 871, 847, 765, 674, 612, 680], [993, 942, 985, 958, 951, 781, 864, 610, 762], [297, 869, 694, 787, 667, 424, 662, 766], [373, 795, 802, 515, 712, 633, 670, 567], [325, 896, 833, 664, 641, 826, 658, 749], [273, 953, 518, 362, 882, 735, 952, 431], [75, 829, 914, 858, 925, 629, 894, 647], [414, 934, 908, 885, 734, 767, 570, 822], [414, 954, 908, 885, 734, 767, 570, 822], [993, 981, 985, 875, 987, 750, 986, 837], [438, 922, 994, 965, 791, 812, 801, 786], [391, 869, 719, 520, 695, 506, 870], [107, 545, 743, 698, 648, 593, 740], [107, 545, 743, 753, 648, 593, 740], [69, 713, 609, 782, 495, 701, 845], [341, 716, 748, 861, 416, 531, 651], [835, 912, 966, 977, 1000, 880, 923], [691, 905, 747, 862, 948, 926, 887], [299, 918, 796, 909, 728, 990, 703], [299, 918, 796, 933, 728, 949, 995], [79, 952, 953, 606, 171, 410, 988], [98, 996, 874, 946, 991, 971, 998], [237, 877, 587, 645, 494, 430], [617, 902, 957, 793, 697, 827], [407, 613, 748, 709, 784, 409], [722, 944, 979, 939, 921, 950], [11, 683, 877, 283, 755, 587], [522, 783, 933, 990, 775, 703], [162, 982, 955, 897, 859, 1000], [300, 877, 872, 413, 604, 700], [84, 903, 797, 714, 631, 152], [533, 916, 867, 741, 608, 911], [73, 931, 881, 982, 836, 975], [614, 982, 881, 978, 836, 831], [18, 707, 800, 983, 720, 626], [5, 999, 997, 968, 241, 758], [67, 808, 792, 852, 93], [84, 592, 818, 714, 631], [324, 979, 834, 823, 655], [387, 944, 856, 979, 956], [177, 913, 960, 827, 957], [473, 997, 969, 866, 984], [219, 989, 899, 785, 884]]
before num:  48
befor deal_cliques:  48
after deal_cliques:  46
length of seeds:  46
seeds:  [set([929, 778, 715, 844, 974, 815, 657, 883, 920, 635, 924]), set([929, 778, 715, 815, 657, 883, 920, 635, 924, 830]), set([832, 865, 962, 938, 941, 654, 821, 632, 794, 898]), set([808, 777, 88, 690, 852, 792, 537, 763, 671]), set([961, 996, 967, 904, 874, 936, 959, 892, 991]), set([674, 932, 871, 680, 394, 847, 612, 731, 765]), set([864, 993, 610, 781, 942, 951, 985, 762, 958]), set([934, 908, 414, 885, 822, 570, 954, 734, 767]), set([869, 424, 297, 694, 787, 662, 667, 766]), set([802, 515, 712, 373, 567, 633, 795, 670]), set([896, 833, 325, 641, 749, 658, 664, 826]), set([518, 362, 431, 273, 882, 952, 953, 735]), set([647, 75, 829, 914, 629, 858, 925, 894]), set([993, 837, 875, 750, 981, 985, 986, 987]), set([801, 994, 965, 812, 786, 438, 791, 922]), set([545, 740, 743, 648, 107, 593, 698, 753]), set([869, 870, 391, 520, 506, 695, 719]), set([609, 69, 701, 713, 845, 782, 495]), set([416, 531, 341, 748, 651, 716, 861]), set([880, 912, 835, 966, 977, 1000, 923]), set([691, 948, 926, 887, 905, 747, 862]), set([918, 728, 299, 796, 909, 990, 703]), set([995, 933, 918, 728, 299, 796, 949]), set([952, 953, 410, 171, 988, 606, 79]), set([98, 996, 998, 874, 971, 946, 991]), set([645, 494, 587, 237, 430, 877]), set([902, 793, 617, 827, 957, 697]), set([784, 709, 407, 409, 748, 613]), set([944, 722, 979, 950, 921, 939]), set([587, 683, 755, 283, 11, 877]), set([933, 775, 522, 703, 990, 783]), set([897, 162, 859, 982, 1000, 955]), set([604, 872, 300, 700, 877, 413]), set([84, 903, 152, 714, 631, 797]), set([608, 867, 916, 741, 533, 911]), set([881, 931, 836, 982, 73, 975]), set([881, 978, 836, 982, 614, 831]), set([800, 720, 626, 707, 983, 18]), set([241, 997, 758, 999, 968, 5]), set([808, 792, 67, 852, 93]), set([592, 818, 84, 714, 631]), set([823, 834, 979, 324, 655]), set([944, 856, 387, 956, 979]), set([960, 177, 827, 957, 913]), set([984, 473, 866, 997, 969]), set([785, 219, 899, 989, 884])]
seeds_fitness [0.23060796645702306, 0.23255813953488372, 0.19693654266958424, 0.2801556420233463, 0.09230769230769231, 0.1994459833795014, 0.12698412698412698, 0.15659955257270694, 0.21705426356589147, 0.26291079812206575, 0.18241042345276873, 0.16470588235294117, 0.15555555555555556, 0.07161125319693094, 0.09859154929577464, 0.2634146341463415, 0.13815789473684212, 0.16279069767441862, 0.1700404858299595, 0.04697986577181208, 0.06896551724137931, 0.07850467289719626, 0.07749077490774908, 0.10120481927710843, 0.04964539007092199, 0.13100436681222707, 0.05405405405405406, 0.1271186440677966, 0.03911342894393742, 0.11029411764705882, 0.053475935828877004, 0.03667481662591687, 0.10380622837370242, 0.1111111111111111, 0.05309734513274336, 0.039473684210526314, 0.03663003663003663, 0.09345794392523364, 0.04672897196261682, 0.08968609865470852, 0.08097165991902834, 0.035211267605633804, 0.031007751937984496, 0.0375234521575985, 0.028985507246376812, 0.038834951456310676]
after sort list of tuple: [(3, 0.2801556420233463), (15, 0.2634146341463415), (9, 0.26291079812206575), (1, 0.23255813953488372), (0, 0.23060796645702306), (8, 0.21705426356589147), (5, 0.1994459833795014), (2, 0.19693654266958424), (10, 0.18241042345276873), (18, 0.1700404858299595), (11, 0.16470588235294117), (17, 0.16279069767441862), (7, 0.15659955257270694), (12, 0.15555555555555556), (16, 0.13815789473684212), (25, 0.13100436681222707), (27, 0.1271186440677966), (6, 0.12698412698412698), (33, 0.1111111111111111), (29, 0.11029411764705882), (32, 0.10380622837370242), (23, 0.10120481927710843), (14, 0.09859154929577464), (37, 0.09345794392523364), (4, 0.09230769230769231), (39, 0.08968609865470852), (40, 0.08097165991902834), (21, 0.07850467289719626), (22, 0.07749077490774908), (13, 0.07161125319693094), (20, 0.06896551724137931), (26, 0.05405405405405406), (30, 0.053475935828877004), (34, 0.05309734513274336), (24, 0.04964539007092199), (19, 0.04697986577181208), (38, 0.04672897196261682), (35, 0.039473684210526314), (28, 0.03911342894393742), (45, 0.038834951456310676), (43, 0.0375234521575985), (31, 0.03667481662591687), (36, 0.03663003663003663), (41, 0.035211267605633804), (42, 0.031007751937984496), (44, 0.028985507246376812)]
seeds_sorted [set([808, 777, 88, 690, 852, 792, 537, 763, 671]), set([545, 740, 743, 648, 107, 593, 698, 753]), set([802, 515, 712, 373, 567, 633, 795, 670]), set([929, 778, 715, 815, 657, 883, 920, 635, 924, 830]), set([929, 778, 715, 844, 974, 815, 657, 883, 920, 635, 924]), set([869, 424, 297, 694, 787, 662, 667, 766]), set([674, 932, 871, 680, 394, 847, 612, 731, 765]), set([832, 865, 962, 938, 941, 654, 821, 632, 794, 898]), set([896, 833, 325, 641, 749, 658, 664, 826]), set([416, 531, 341, 748, 651, 716, 861]), set([518, 362, 431, 273, 882, 952, 953, 735]), set([609, 69, 701, 713, 845, 782, 495]), set([934, 908, 414, 885, 822, 570, 954, 734, 767]), set([647, 75, 829, 914, 629, 858, 925, 894]), set([869, 870, 391, 520, 506, 695, 719]), set([645, 494, 587, 237, 430, 877]), set([784, 709, 407, 409, 748, 613]), set([864, 993, 610, 781, 942, 951, 985, 762, 958]), set([84, 903, 152, 714, 631, 797]), set([587, 683, 755, 283, 11, 877]), set([604, 872, 300, 700, 877, 413]), set([952, 953, 410, 171, 988, 606, 79]), set([801, 994, 965, 812, 786, 438, 791, 922]), set([800, 720, 626, 707, 983, 18]), set([961, 996, 967, 904, 874, 936, 959, 892, 991]), set([808, 792, 67, 852, 93]), set([592, 818, 84, 714, 631]), set([918, 728, 299, 796, 909, 990, 703]), set([995, 933, 918, 728, 299, 796, 949]), set([993, 837, 875, 750, 981, 985, 986, 987]), set([691, 948, 926, 887, 905, 747, 862]), set([902, 793, 617, 827, 957, 697]), set([933, 775, 522, 703, 990, 783]), set([608, 867, 916, 741, 533, 911]), set([98, 996, 998, 874, 971, 946, 991]), set([880, 912, 835, 966, 977, 1000, 923]), set([241, 997, 758, 999, 968, 5]), set([881, 931, 836, 982, 73, 975]), set([944, 722, 979, 950, 921, 939]), set([785, 219, 899, 989, 884]), set([960, 177, 827, 957, 913]), set([897, 162, 859, 982, 1000, 955]), set([881, 978, 836, 982, 614, 831]), set([823, 834, 979, 324, 655]), set([944, 856, 387, 956, 979]), set([984, 473, 866, 997, 969])]
args__________ ([set([808, 777, 88, 690, 852, 792, 537, 763, 671]), set([984, 473, 866, 997, 969])],)
args__________ ([set([545, 740, 743, 648, 107, 593, 698, 753]), set([944, 856, 387, 956, 979])],)
args__________ ([set([802, 515, 712, 373, 567, 633, 795, 670]), set([823, 834, 979, 324, 655])],)
args__________ ([set([929, 778, 715, 815, 657, 883, 920, 635, 924, 830]), set([881, 978, 836, 982, 614, 831])],)
args__________ ([set([929, 778, 715, 844, 974, 815, 657, 883, 920, 635, 924]), set([897, 162, 859, 982, 1000, 955])],)
args__________ ([set([869, 424, 297, 694, 787, 662, 667, 766]), set([960, 177, 827, 957, 913])],)
args__________ ([set([674, 932, 871, 680, 394, 847, 612, 731, 765]), set([785, 219, 899, 989, 884])],)
args__________ ([set([832, 865, 962, 938, 941, 654, 821, 632, 794, 898]), set([944, 722, 979, 950, 921, 939])],)
args__________ ([set([896, 833, 325, 641, 749, 658, 664, 826]), set([881, 931, 836, 982, 73, 975])],)
args__________ ([set([416, 531, 341, 748, 651, 716, 861]), set([241, 997, 758, 999, 968, 5])],)
args__________ ([set([518, 362, 431, 273, 882, 952, 953, 735]), set([880, 912, 835, 966, 977, 1000, 923])],)
args__________ ([set([609, 69, 701, 713, 845, 782, 495]), set([98, 996, 998, 874, 971, 946, 991])],)
args__________ ([set([934, 908, 414, 885, 822, 570, 954, 734, 767]), set([608, 867, 916, 741, 533, 911])],)
args__________ ([set([647, 75, 829, 914, 629, 858, 925, 894]), set([933, 775, 522, 703, 990, 783])],)
args__________ ([set([869, 870, 391, 520, 506, 695, 719])],)
args__________ ([set([645, 494, 587, 237, 430, 877])],)
args__________ ([set([784, 709, 407, 409, 748, 613])],)
args__________ ([set([864, 993, 610, 781, 942, 951, 985, 762, 958])],)
args__________ ([set([84, 903, 152, 714, 631, 797])],)
args__________ ([set([587, 683, 755, 283, 11, 877])],)
args__________ ([set([604, 872, 300, 700, 877, 413])],)
args__________ ([set([952, 953, 410, 171, 988, 606, 79])],)
args__________ ([set([801, 994, 965, 812, 786, 438, 791, 922])],)
args__________ ([set([800, 720, 626, 707, 983, 18])],)
args__________ ([set([961, 996, 967, 904, 874, 936, 959, 892, 991])],)
args__________ ([set([808, 792, 67, 852, 93])],)
args__________ ([set([592, 818, 84, 714, 631])],)
args__________ ([set([918, 728, 299, 796, 909, 990, 703])],)
args__________ ([set([995, 933, 918, 728, 299, 796, 949])],)
args__________ ([set([993, 837, 875, 750, 981, 985, 986, 987])],)
args__________ ([set([691, 948, 926, 887, 905, 747, 862])],)
args__________ ([set([902, 793, 617, 827, 957, 697])],)
finish process___________________
left nodes numner:_______ 72
sorted nodes by betweenness [23, 29, 49, 56, 66, 71, 74, 86, 104, 105, 115, 154, 169, 199, 203, 223, 227, 232, 236, 238, 248, 254, 257, 258, 307, 315, 319, 349, 357, 368, 381, 385, 389, 393, 432, 457, 463, 487, 488, 493, 496, 497, 500, 504, 519, 521, 536, 568, 569, 575, 602, 615, 637, 649, 660, 704, 768, 776, 789, 798, 806, 810, 817, 839, 840, 851, 868, 895, 935, 940, 970, 980]
args__________ ([[23, 914, 825, 894, 925]],)
args__________ ([[29, 995, 940, 970]],)
args__________ ([[49, 764, 717, 877, 683]],)
args__________ ([[56, 848, 659, 965]],)
args__________ ([[66, 673, 869, 507, 667]],)
args__________ ([[71, 906, 952, 953]],)
args__________ ([[74, 906, 953, 882]],)
args__________ ([[86, 844, 920, 924, 974, 815]],)
args__________ ([[104, 795, 712, 802, 696]],)
args__________ ([[105, 934, 893, 734]],)
args__________ ([[115, 871, 932, 847, 708]],)
args__________ ([[154, 929, 920, 738, 883, 924]],)
args__________ ([[169, 998, 776, 915]],)
args__________ ([[199, 756, 995, 970]],)
args__________ ([[203, 1000, 982]],)
args__________ ([[223, 998, 969, 915]],)
args__________ ([[227, 807, 995, 796, 909]],)
args__________ ([[232, 976, 939, 900]],)
args__________ ([[236, 961, 996, 991, 998]],)
args__________ ([[238, 994, 860, 905]],)
args__________ ([[248, 914, 819, 894, 460]],)
args__________ ([[254, 919, 961, 946, 892]],)
args__________ ([[257, 545, 601, 698, 740]],)
args__________ ([[258, 705, 938, 941, 702]],)
args__________ ([[122, 852, 792, 307, 725]],)
args__________ ([[125, 869, 787, 315]],)
args__________ ([[319, 807, 464, 949]],)
args__________ ([[63, 716, 349, 613, 709]],)
args__________ ([[357, 877, 645, 587]],)
args__________ ([[249, 740, 593, 753, 743, 368]],)
args__________ ([[381, 748, 784, 861, 716]],)
args__________ ([[385, 909, 796, 807]],)
finish single seed process___________________
left nodes numner:_______ 37
sorted nodes by betweenness [389, 393, 432, 457, 463, 487, 488, 493, 496, 497, 500, 504, 519, 521, 536, 568, 569, 575, 602, 615, 637, 649, 660, 704, 768, 789, 798, 806, 810, 817, 839, 840, 851, 868, 895, 935, 980]
args__________ ([[389, 801, 812, 965, 846]],)
args__________ ([[291, 896, 833, 761, 393, 809]],)
args__________ ([[432, 886, 991, 971, 945]],)
args__________ ([[352, 985, 457, 942, 951, 864]],)
args__________ ([[445, 834, 463, 889]],)
args__________ ([[397, 999, 968, 487]],)
args__________ ([[99, 934, 885, 893, 488]],)
args__________ ([[180, 579, 952, 649, 493]],)
args__________ ([[496, 870, 869, 520, 766, 719]],)
args__________ ([[497, 802, 795, 696, 624]],)
args__________ ([[993, 981, 985, 980, 500, 746]],)
args__________ ([[993, 504, 937, 750, 365]],)
args__________ ([[439, 995, 909, 663, 519]],)
args__________ ([[521, 896, 833, 546, 826, 644]],)
args__________ ([[200, 949, 536, 525]],)
args__________ ([[993, 568, 937, 532, 986, 837]],)
args__________ ([[569, 984, 866, 867, 838]],)
args__________ ([[575, 960, 827, 899]],)
args__________ ([[993, 981, 985, 958, 602, 864, 781]],)
args__________ ([[271, 903, 818, 797, 485, 615]],)
args__________ ([[442, 877, 645, 764, 637, 494]],)
args__________ ([[27, 953, 952, 882, 649]],)
args__________ ([[660, 857, 994, 965, 846]],)
args__________ ([[424, 662, 869, 766, 787, 704, 694]],)
args__________ ([[241, 997, 999, 768, 668, 878]],)
args__________ ([[530, 979, 928, 956, 789]],)
args__________ ([[383, 957, 960, 913, 798]],)
args__________ ([[597, 945, 991, 917, 919, 806]],)
args__________ ([[406, 772, 810, 908, 893, 954, 771]],)
args__________ ([[52, 867, 817, 968]],)
args__________ ([[993, 942, 985, 980, 732, 746, 839]],)
args__________ ([[820, 967, 874, 959, 972, 947, 840]],)
finish single seed process___________________
left nodes numner:_______ 4
sorted nodes by betweenness [851, 868, 895, 935]
args__________ ([[323, 882, 952, 953, 735, 362, 851]],)
args__________ ([[62, 906, 952, 953, 882, 868, 758]],)
args__________ ([[659, 994, 965, 905, 791, 895]],)
args__________ ([[642, 916, 741, 866, 915, 935]],)
finish single seed process___________________
i =  0 [777, 138, 400, 402, 792, 537, 671, 808, 46, 690, 191, 64, 245, 77, 334, 852, 725, 471, 88, 218, 93, 94, 611, 117, 122, 763]
i =  1 [513, 642, 5, 6, 265, 267, 396, 397, 911, 915, 916, 533, 217, 452, 282, 668, 541, 517, 426, 302, 157, 561, 52, 53, 566, 55, 184, 186, 59, 444, 573, 196, 838, 584, 969, 330, 337, 83, 598, 984, 473, 603, 221, 478, 95, 608, 866, 867, 968, 231, 360, 999, 492, 109, 878, 241, 741, 757, 375, 890, 997, 124, 524]
i =  2 [2, 107, 262, 648, 266, 151, 545, 698, 322, 453, 204, 593, 210, 211, 601, 222, 740, 743, 235, 108, 753, 249]
i =  3 [387, 900, 264, 364, 215, 14, 655, 17, 274, 408, 921, 285, 544, 417, 930, 547, 804, 37, 678, 298, 813, 944, 435, 675, 950, 823, 312, 956, 445, 318, 146, 928, 834, 324, 582, 583, 585, 589, 206, 976, 465, 594, 339, 462, 85, 723, 727, 856, 733, 736, 226, 356, 166, 745, 618, 876, 530, 979, 873, 889, 992, 722, 639]
i =  4 [1, 515, 388, 8, 12, 277, 25, 795, 670, 624, 802, 35, 50, 158, 567, 696, 185, 712, 76, 240, 373, 247, 633, 127]
i =  5 [387, 900, 264, 364, 215, 655, 17, 274, 408, 921, 285, 544, 417, 930, 547, 804, 37, 678, 298, 813, 944, 530, 435, 950, 823, 312, 956, 445, 318, 992, 834, 324, 582, 583, 585, 589, 206, 976, 465, 594, 675, 596, 85, 723, 727, 856, 733, 979, 736, 226, 928, 356, 166, 745, 618, 876, 722, 339, 873, 889, 462, 639]
i =  6 [263, 778, 399, 16, 657, 275, 281, 920, 153, 175, 924, 687, 543, 929, 418, 39, 681, 815, 443, 830, 715, 844, 591, 344, 91, 605, 738, 486, 621, 623, 883, 635, 126]
i =  7 [897, 261, 65, 779, 526, 527, 912, 835, 788, 665, 923, 964, 927, 161, 162, 931, 805, 550, 679, 811, 429, 686, 943, 433, 841, 116, 58, 955, 188, 190, 831, 123, 577, 578, 963, 836, 502, 966, 73, 588, 290, 718, 973, 849, 978, 467, 340, 982, 859, 314, 20, 863, 481, 891, 228, 614, 977, 1000, 295, 620, 622, 880, 881, 371, 372, 246, 759, 724, 251, 509, 638, 975]
i =  8 [263, 778, 399, 16, 657, 275, 281, 920, 153, 175, 924, 687, 543, 929, 418, 39, 681, 815, 443, 830, 715, 844, 974, 591, 344, 91, 605, 738, 486, 621, 623, 883, 635, 126]
i =  9 [897, 261, 577, 779, 526, 527, 912, 963, 20, 665, 923, 964, 927, 161, 162, 931, 805, 550, 295, 811, 429, 686, 943, 433, 841, 891, 58, 955, 188, 190, 831, 65, 578, 835, 836, 502, 966, 73, 588, 290, 718, 973, 849, 978, 467, 724, 982, 859, 314, 863, 481, 123, 228, 614, 977, 1000, 679, 620, 622, 880, 881, 371, 116, 246, 759, 788, 251, 509, 638, 975]
i =  10 [391, 520, 137, 140, 787, 662, 667, 673, 424, 297, 170, 557, 694, 695, 719, 355, 869, 363, 239, 113, 506, 507, 125, 766]
i =  11 [512, 129, 259, 902, 7, 428, 10, 139, 913, 899, 793, 640, 669, 33, 419, 38, 168, 135, 44, 754, 814, 559, 177, 436, 219, 313, 827, 957, 574, 960, 706, 643, 456, 586, 343, 461, 335, 80, 697, 347, 989, 607, 739, 131, 785, 617, 110, 879, 752, 369, 498, 627, 884, 508, 383]
i =  12 [773, 394, 398, 790, 155, 415, 674, 475, 932, 422, 680, 425, 48, 305, 57, 195, 708, 581, 842, 847, 721, 338, 468, 855, 730, 731, 477, 353, 612, 742, 871, 765]
i =  13 [512, 129, 899, 902, 7, 44, 10, 139, 785, 259, 793, 640, 879, 669, 33, 419, 38, 168, 135, 428, 754, 814, 559, 177, 436, 313, 347, 827, 957, 574, 960, 706, 643, 456, 697, 586, 461, 335, 80, 343, 219, 989, 607, 739, 131, 913, 617, 110, 367, 752, 369, 498, 627, 884, 508, 383]
i =  14 [898, 132, 134, 907, 654, 173, 148, 149, 280, 794, 286, 672, 376, 40, 938, 941, 176, 178, 308, 821, 702, 309, 832, 705, 962, 70, 225, 328, 205, 888, 82, 214, 865, 484, 230, 491, 499, 628, 632, 737, 554]
i =  15 [51, 387, 900, 264, 364, 727, 14, 655, 17, 530, 24, 921, 285, 544, 417, 930, 675, 804, 37, 166, 298, 939, 813, 944, 435, 950, 823, 956, 445, 318, 274, 736, 834, 324, 582, 583, 585, 339, 589, 462, 976, 465, 594, 547, 206, 215, 856, 733, 979, 992, 226, 928, 356, 678, 745, 618, 408, 876, 722, 723, 873, 889, 85, 639]
i =  16 [896, 641, 644, 646, 9, 658, 664, 546, 291, 420, 809, 42, 45, 47, 693, 311, 441, 826, 699, 572, 833, 325, 459, 333, 207, 595, 101, 749, 761, 378, 682]
i =  17 [897, 261, 577, 779, 526, 527, 912, 963, 788, 665, 923, 964, 927, 161, 290, 931, 805, 550, 679, 811, 429, 686, 943, 251, 433, 841, 58, 955, 188, 190, 831, 65, 578, 835, 836, 502, 966, 73, 588, 162, 718, 973, 849, 978, 467, 724, 982, 859, 314, 863, 481, 123, 228, 614, 977, 1000, 295, 620, 622, 880, 881, 371, 116, 246, 759, 20, 891, 509, 638, 975]
i =  18 [260, 651, 653, 784, 531, 21, 407, 409, 416, 163, 548, 41, 434, 446, 63, 288, 523, 709, 716, 341, 861, 351, 97, 613, 748, 379, 511]
i =  19 [513, 642, 5, 6, 265, 267, 396, 397, 911, 915, 916, 533, 196, 282, 668, 157, 426, 302, 541, 561, 52, 53, 566, 55, 184, 186, 59, 444, 573, 452, 838, 584, 969, 330, 337, 83, 598, 217, 603, 221, 478, 95, 608, 866, 867, 968, 999, 360, 231, 492, 109, 878, 241, 741, 757, 758, 375, 890, 997, 124, 524]
i =  20 [386, 518, 906, 395, 15, 273, 451, 276, 410, 27, 31, 296, 171, 431, 180, 952, 953, 579, 60, 62, 323, 79, 81, 87, 89, 606, 735, 480, 362, 882, 119, 121, 634]
i =  21 [897, 261, 577, 779, 526, 527, 912, 963, 20, 836, 665, 923, 927, 161, 290, 931, 805, 550, 295, 811, 429, 686, 943, 251, 433, 841, 58, 955, 188, 190, 831, 65, 578, 835, 964, 502, 966, 73, 588, 162, 718, 973, 977, 978, 467, 724, 982, 859, 314, 863, 481, 891, 228, 614, 849, 1000, 679, 620, 622, 880, 881, 371, 116, 246, 759, 788, 123, 509, 638, 975]
i =  22 [141, 782, 656, 18, 22, 160, 34, 36, 293, 688, 54, 701, 321, 194, 707, 69, 72, 713, 845, 720, 469, 90, 800, 609, 310, 102, 495, 626, 250, 380]
i =  23 [729, 130, 392, 650, 919, 652, 910, 917, 534, 279, 538, 411, 284, 947, 803, 551, 936, 43, 560, 904, 946, 563, 820, 100, 828, 447, 961, 580, 886, 454, 711, 971, 972, 482, 336, 209, 212, 597, 625, 689, 476, 991, 945, 98, 996, 998, 103, 744, 874, 619, 853, 112, 616, 243, 967, 959, 892, 106, 382, 455]
i =  24 [576, 770, 3, 772, 449, 136, 908, 142, 771, 404, 406, 666, 539, 414, 799, 934, 427, 556, 558, 562, 564, 822, 824, 570, 192, 193, 710, 78, 854, 346, 954, 734, 99, 361, 366, 885, 118, 120, 893, 767]
i =  25 [513, 642, 5, 6, 265, 267, 524, 397, 911, 915, 916, 533, 452, 282, 668, 541, 426, 302, 157, 561, 52, 53, 566, 55, 184, 186, 59, 444, 573, 196, 838, 584, 969, 330, 337, 83, 598, 217, 603, 221, 478, 95, 608, 866, 867, 741, 231, 360, 999, 492, 109, 878, 396, 241, 757, 968, 375, 890, 997, 124]
i =  26 [128, 769, 774, 647, 780, 13, 143, 144, 914, 156, 925, 294, 555, 816, 306, 819, 825, 187, 61, 829, 197, 75, 460, 590, 213, 726, 599, 858, 92, 272, 233, 234, 189, 629, 490, 894, 255]
i =  27 [514, 133, 390, 775, 522, 909, 783, 147, 278, 663, 796, 289, 292, 165, 807, 990, 348, 299, 684, 685, 692, 437, 918, 439, 949, 181, 68, 200, 329, 331, 332, 565, 525, 464, 850, 470, 728, 164, 220, 350, 933, 224, 995, 229, 549, 111, 756, 703, 636, 183]
i =  28 [391, 520, 137, 140, 787, 662, 667, 673, 424, 297, 170, 557, 694, 695, 719, 355, 869, 870, 363, 239, 113, 506, 507, 125, 766]
i =  29 [516, 645, 11, 877, 403, 535, 283, 413, 167, 683, 300, 430, 182, 442, 700, 317, 201, 587, 717, 604, 764, 237, 494, 244, 252]
i =  30 [260, 651, 653, 784, 531, 21, 407, 409, 288, 163, 548, 41, 434, 446, 63, 416, 523, 709, 716, 341, 861, 351, 97, 613, 748, 379, 511]
i =  31 [384, 256, 268, 781, 528, 600, 532, 26, 540, 287, 32, 677, 423, 552, 412, 172, 114, 942, 951, 958, 448, 352, 837, 320, 466, 981, 216, 985, 732, 864, 993, 610, 359, 746, 875, 365, 750, 937, 370, 503, 760, 505, 762]
i =  32 [4, 903, 270, 271, 145, 661, 150, 152, 202, 28, 797, 30, 421, 301, 174, 303, 304, 818, 542, 440, 316, 714, 374, 458, 592, 84, 342, 345, 479, 485, 242, 630, 631]
i =  33 [516, 645, 11, 877, 403, 535, 283, 413, 167, 683, 300, 430, 182, 442, 700, 317, 201, 587, 717, 604, 764, 237, 494, 755, 244, 252]
i =  34 [516, 645, 11, 877, 403, 535, 283, 413, 167, 683, 300, 430, 182, 442, 700, 317, 201, 587, 717, 604, 872, 252, 237, 494, 244, 764]
i =  35 [386, 518, 906, 395, 15, 273, 451, 276, 410, 27, 31, 296, 171, 431, 180, 952, 953, 579, 60, 62, 323, 79, 81, 87, 89, 988, 606, 735, 480, 362, 882, 119, 121, 634]
i =  36 [901, 905, 269, 529, 786, 19, 405, 791, 179, 922, 926, 159, 801, 676, 198, 553, 812, 691, 948, 438, 571, 450, 965, 326, 327, 843, 354, 846, 208, 472, 857, 474, 860, 862, 96, 848, 994, 483, 358, 401, 489, 747, 751, 659, 501, 377, 253, 510]
i =  37 [141, 782, 656, 18, 22, 800, 34, 36, 293, 688, 54, 701, 321, 194, 707, 69, 72, 713, 160, 845, 720, 469, 983, 90, 609, 310, 102, 495, 626, 250, 380]
i =  38 [729, 130, 392, 650, 919, 652, 910, 917, 534, 279, 538, 411, 284, 947, 803, 551, 936, 43, 560, 904, 946, 563, 820, 100, 828, 959, 961, 580, 454, 967, 971, 972, 482, 336, 209, 212, 853, 625, 689, 476, 991, 945, 98, 996, 455, 103, 616, 874, 619, 711, 112, 744, 243, 886, 447, 892, 106, 382, 597]
i =  39 [777, 138, 400, 402, 792, 537, 671, 808, 46, 690, 117, 191, 64, 67, 77, 334, 852, 725, 471, 88, 218, 93, 94, 611, 245, 122, 763]
i =  40 [4, 903, 270, 271, 145, 661, 150, 152, 28, 797, 30, 421, 301, 174, 303, 304, 818, 542, 440, 316, 714, 458, 374, 202, 592, 84, 342, 345, 479, 485, 242, 630, 631]
i =  41 [514, 133, 390, 522, 909, 783, 147, 278, 663, 796, 289, 292, 933, 807, 990, 348, 299, 684, 685, 692, 565, 918, 183, 949, 181, 68, 200, 329, 439, 332, 525, 464, 850, 470, 728, 164, 220, 350, 549, 224, 165, 995, 229, 437, 111, 756, 703, 636]
i =  42 [514, 133, 390, 522, 909, 783, 147, 278, 663, 796, 289, 292, 933, 807, 990, 220, 299, 684, 685, 692, 437, 918, 183, 949, 181, 68, 200, 329, 439, 332, 565, 525, 464, 850, 470, 728, 164, 348, 350, 549, 224, 165, 995, 229, 111, 756, 703, 636]
i =  43 [256, 384, 268, 781, 528, 600, 448, 26, 412, 287, 32, 677, 423, 552, 937, 172, 370, 942, 951, 958, 320, 352, 837, 466, 981, 505, 216, 985, 986, 987, 732, 540, 864, 993, 610, 359, 746, 875, 365, 750, 114, 503, 760, 532, 762]
i =  44 [901, 905, 269, 529, 786, 19, 405, 791, 179, 922, 926, 159, 801, 676, 326, 553, 812, 691, 948, 438, 571, 450, 965, 198, 327, 843, 994, 846, 848, 472, 857, 474, 860, 862, 96, 208, 354, 483, 358, 401, 489, 747, 751, 659, 501, 887, 377, 253, 510]
i =  45 [512, 129, 259, 902, 135, 44, 10, 139, 913, 131, 793, 640, 669, 33, 419, 38, 168, 7, 428, 754, 814, 559, 177, 436, 219, 313, 827, 957, 574, 960, 706, 643, 456, 697, 586, 461, 335, 80, 343, 347, 989, 607, 739, 785, 617, 899, 110, 879, 752, 369, 498, 627, 884, 508, 383]
i =  46 [128, 769, 774, 647, 780, 13, 143, 272, 914, 23, 156, 925, 294, 555, 816, 306, 819, 825, 187, 61, 829, 197, 75, 460, 590, 213, 726, 599, 858, 92, 144, 233, 490, 189, 629, 234, 894, 255]
i =  47 [514, 133, 390, 940, 522, 909, 783, 147, 278, 663, 796, 29, 289, 164, 933, 807, 990, 220, 299, 684, 685, 692, 949, 918, 183, 703, 181, 68, 199, 200, 329, 970, 439, 332, 565, 525, 464, 850, 470, 728, 292, 348, 350, 549, 224, 165, 995, 229, 437, 111, 756, 636]
i =  48 [516, 645, 11, 877, 403, 535, 283, 413, 167, 683, 300, 430, 49, 182, 442, 700, 317, 201, 587, 717, 604, 252, 237, 494, 244, 764]
i =  49 [901, 905, 269, 529, 786, 19, 691, 791, 922, 926, 159, 801, 676, 326, 553, 812, 179, 948, 438, 56, 571, 450, 965, 198, 327, 843, 354, 846, 848, 472, 857, 474, 860, 862, 96, 208, 994, 483, 358, 401, 489, 747, 751, 659, 501, 377, 253, 510, 405]
i =  50 [391, 520, 137, 140, 787, 662, 667, 673, 424, 297, 170, 557, 694, 695, 66, 719, 355, 869, 363, 239, 113, 506, 507, 125, 766]
i =  51 [386, 518, 906, 395, 15, 273, 579, 276, 410, 27, 31, 296, 171, 431, 180, 952, 953, 60, 62, 323, 71, 74, 79, 81, 87, 89, 606, 735, 480, 362, 451, 882, 119, 121, 634]
i =  52 [386, 518, 906, 395, 15, 273, 579, 276, 410, 27, 31, 296, 171, 431, 180, 952, 953, 60, 62, 451, 74, 79, 81, 87, 89, 606, 735, 480, 323, 882, 119, 121, 634, 362]
i =  53 [263, 778, 399, 16, 657, 275, 281, 920, 153, 175, 924, 687, 543, 929, 418, 39, 681, 815, 443, 830, 715, 844, 974, 591, 86, 344, 91, 605, 738, 486, 621, 623, 883, 635, 126]
i =  54 [1, 515, 388, 8, 12, 277, 25, 795, 670, 624, 802, 35, 50, 158, 567, 696, 185, 712, 76, 104, 240, 373, 247, 633, 127]
i =  55 [576, 770, 3, 772, 449, 136, 908, 142, 771, 404, 406, 666, 539, 414, 799, 934, 427, 556, 558, 562, 564, 822, 824, 954, 192, 193, 710, 78, 854, 346, 570, 734, 99, 105, 366, 885, 118, 361, 120, 893, 767]
i =  56 [773, 394, 398, 790, 155, 415, 674, 475, 932, 422, 680, 425, 48, 305, 57, 195, 708, 581, 842, 847, 721, 338, 468, 855, 730, 731, 477, 353, 612, 742, 871, 115, 765]
i =  57 [263, 778, 399, 16, 657, 275, 281, 920, 153, 154, 175, 924, 687, 543, 929, 418, 39, 681, 815, 443, 830, 715, 844, 591, 344, 91, 605, 738, 486, 621, 623, 883, 635, 126]
i =  58 [513, 642, 5, 6, 776, 265, 267, 524, 397, 911, 915, 916, 533, 452, 282, 668, 157, 169, 426, 302, 541, 561, 52, 53, 566, 55, 184, 186, 59, 444, 573, 196, 838, 584, 969, 330, 396, 337, 83, 598, 217, 603, 221, 478, 95, 608, 866, 867, 741, 998, 223, 360, 231, 492, 109, 878, 968, 241, 757, 999, 375, 890, 997, 124]
i =  59 [514, 133, 390, 522, 909, 783, 147, 278, 663, 796, 29, 289, 164, 933, 807, 990, 220, 299, 684, 685, 692, 181, 918, 183, 703, 68, 199, 200, 329, 970, 439, 332, 565, 525, 464, 850, 470, 728, 949, 348, 350, 549, 224, 165, 995, 292, 229, 437, 111, 756, 636]
i =  60 [897, 261, 65, 779, 526, 527, 912, 963, 788, 665, 923, 964, 927, 161, 290, 931, 805, 550, 679, 811, 429, 686, 943, 433, 841, 58, 955, 188, 190, 831, 123, 577, 578, 835, 836, 49, 966, 73, 203, 588, 162, 718, 973, 849, 978, 467, 340, 982, 724, 859, 314, 863, 481, 891, 228, 614, 977, 1000, 295, 620, 622, 880, 881, 371, 116, 502, 759, 20, 251, 975, 509, 638, 246]
i =  61 [513, 642, 5, 6, 265, 267, 524, 397, 911, 915, 916, 533, 452, 282, 668, 157, 169, 426, 302, 541, 561, 52, 53, 566, 55, 184, 186, 59, 444, 573, 196, 838, 584, 969, 330, 968, 337, 83, 598, 217, 603, 221, 478, 95, 608, 866, 867, 741, 998, 223, 360, 231, 492, 109, 878, 999, 241, 757, 396, 375, 890, 997, 124]
i =  62 [514, 133, 390, 522, 909, 783, 147, 278, 663, 796, 289, 292, 933, 807, 990, 220, 299, 684, 685, 692, 565, 918, 183, 949, 181, 68, 200, 329, 439, 332, 525, 464, 850, 227, 470, 728, 164, 348, 350, 549, 224, 165, 995, 229, 437, 111, 756, 319, 636, 703]
i =  63 [387, 900, 264, 364, 727, 435, 14, 655, 17, 274, 408, 921, 285, 928, 417, 930, 675, 804, 37, 678, 298, 939, 813, 944, 547, 530, 51, 950, 823, 312, 956, 445, 318, 544, 834, 324, 582, 583, 585, 589, 462, 976, 465, 594, 339, 340, 206, 723, 215, 856, 733, 736, 226, 356, 166, 232, 105, 618, 745, 876, 722, 979, 873, 889, 992, 639, 85]
i =  64 [729, 130, 392, 650, 919, 652, 910, 563, 917, 534, 279, 538, 411, 284, 803, 551, 936, 43, 560, 904, 946, 947, 820, 100, 828, 447, 961, 580, 886, 454, 711, 971, 972, 482, 336, 209, 212, 853, 625, 689, 476, 991, 945, 98, 996, 998, 103, 616, 106, 619, 236, 455, 112, 744, 243, 967, 959, 892, 874, 382, 597]
i =  65 [901, 905, 269, 529, 786, 19, 691, 791, 922, 926, 159, 801, 676, 326, 553, 812, 179, 948, 438, 571, 450, 965, 198, 327, 74, 843, 354, 846, 208, 472, 857, 474, 860, 862, 96, 848, 994, 483, 358, 401, 489, 747, 238, 751, 659, 501, 377, 253, 510, 405]
i =  66 [128, 769, 774, 647, 780, 13, 143, 272, 914, 156, 925, 294, 555, 816, 189, 306, 819, 825, 187, 61, 197, 75, 460, 590, 213, 726, 599, 858, 92, 144, 233, 490, 829, 629, 248, 234, 894, 255]
i =  67 [258, 392, 650, 279, 652, 130, 910, 563, 904, 917, 534, 919, 538, 411, 284, 803, 945, 936, 551, 43, 560, 689, 946, 947, 820, 828, 447, 961, 580, 454, 455, 971, 972, 482, 967, 336, 209, 212, 597, 625, 729, 476, 996, 991, 98, 100, 103, 744, 106, 619, 711, 112, 616, 243, 382, 886, 959, 892, 874, 254, 853]
i =  68 [257, 2, 107, 262, 648, 266, 151, 545, 698, 322, 453, 204, 593, 210, 211, 601, 222, 740, 743, 235, 108, 753, 249]
i =  69 [258, 132, 134, 907, 898, 654, 173, 148, 149, 280, 794, 286, 672, 40, 632, 938, 941, 176, 178, 308, 821, 702, 309, 832, 705, 962, 70, 865, 328, 205, 376, 82, 214, 225, 484, 230, 491, 499, 628, 888, 737, 554]
i =  70 [777, 138, 400, 402, 792, 537, 671, 808, 46, 690, 307, 117, 191, 64, 77, 334, 852, 725, 471, 88, 218, 93, 94, 611, 245, 122, 763]
i =  71 [391, 520, 137, 140, 787, 662, 667, 673, 424, 297, 170, 557, 694, 695, 315, 719, 355, 869, 363, 239, 113, 506, 507, 125, 766]
i =  72 [514, 133, 390, 522, 909, 783, 147, 350, 278, 663, 796, 289, 164, 933, 807, 348, 299, 684, 685, 692, 181, 918, 439, 949, 68, 200, 329, 183, 332, 565, 525, 464, 850, 470, 728, 292, 220, 990, 549, 224, 165, 995, 229, 437, 111, 756, 319, 636, 703]
i =  73 [260, 523, 653, 784, 146, 531, 21, 407, 409, 416, 163, 548, 41, 349, 434, 446, 63, 288, 651, 709, 716, 341, 861, 351, 97, 613, 748, 379, 511]
i =  74 [516, 645, 11, 877, 403, 535, 283, 413, 167, 683, 300, 430, 182, 442, 700, 317, 201, 587, 717, 604, 357, 252, 237, 494, 244, 764]
i =  75 [2, 235, 262, 648, 266, 151, 545, 698, 322, 453, 204, 593, 210, 211, 601, 222, 740, 743, 107, 108, 368, 753, 249]
i =  76 [260, 651, 653, 784, 531, 21, 407, 409, 288, 163, 548, 41, 434, 446, 63, 416, 523, 709, 716, 341, 861, 351, 97, 613, 748, 379, 381, 511]
i =  77 [385, 514, 278, 390, 522, 909, 783, 147, 918, 663, 796, 133, 289, 292, 933, 807, 990, 220, 299, 684, 685, 692, 437, 183, 949, 181, 68, 200, 329, 439, 332, 565, 525, 464, 850, 995, 470, 728, 164, 348, 350, 549, 224, 165, 227, 229, 111, 756, 319, 636, 703]
i =  78 [389, 905, 269, 529, 786, 659, 405, 791, 922, 926, 901, 801, 676, 326, 553, 812, 179, 948, 438, 571, 450, 965, 198, 327, 843, 994, 846, 208, 472, 857, 474, 860, 159, 862, 96, 848, 354, 483, 358, 401, 489, 691, 747, 751, 19, 501, 377, 253, 510]
i =  79 [896, 641, 644, 646, 9, 658, 664, 393, 546, 291, 420, 809, 682, 45, 47, 693, 311, 441, 826, 699, 572, 833, 325, 459, 333, 207, 595, 101, 749, 761, 378, 42]
i =  80 [729, 130, 392, 650, 919, 652, 910, 904, 917, 534, 279, 538, 411, 284, 947, 560, 803, 551, 936, 43, 432, 945, 946, 563, 820, 100, 828, 447, 961, 67, 580, 454, 455, 971, 972, 482, 967, 336, 209, 212, 597, 625, 689, 476, 991, 98, 996, 103, 744, 106, 619, 711, 112, 616, 243, 886, 959, 892, 874, 382, 853]
i =  81 [384, 256, 268, 781, 528, 600, 532, 26, 412, 287, 32, 677, 423, 552, 540, 172, 114, 942, 951, 958, 448, 352, 837, 457, 503, 320, 466, 981, 216, 985, 732, 864, 993, 610, 359, 746, 875, 365, 750, 370, 937, 760, 505, 762]
i =  82 [387, 900, 264, 364, 215, 14, 655, 17, 274, 408, 921, 285, 544, 417, 930, 547, 804, 37, 166, 298, 813, 944, 435, 950, 823, 722, 956, 445, 318, 928, 834, 324, 582, 583, 585, 339, 203, 589, 462, 463, 976, 465, 594, 675, 206, 727, 856, 733, 979, 736, 226, 356, 678, 873, 618, 876, 530, 723, 745, 889, 992, 85, 639]
i =  83 [513, 642, 5, 6, 265, 267, 396, 397, 911, 915, 916, 533, 452, 282, 668, 541, 890, 426, 302, 157, 561, 52, 53, 566, 55, 184, 186, 59, 444, 573, 196, 838, 199, 584, 969, 330, 337, 83, 598, 217, 603, 221, 478, 95, 608, 866, 867, 968, 231, 360, 487, 492, 109, 878, 241, 741, 757, 375, 999, 997, 124, 524]
i =  84 [192, 770, 3, 772, 193, 136, 908, 142, 771, 404, 406, 666, 539, 414, 799, 934, 427, 556, 558, 562, 564, 822, 824, 954, 576, 449, 710, 78, 854, 346, 570, 734, 99, 488, 361, 366, 885, 118, 120, 893, 767]
i =  85 [386, 518, 649, 906, 395, 15, 273, 451, 276, 410, 27, 31, 296, 171, 431, 180, 952, 953, 579, 60, 62, 323, 79, 81, 87, 89, 606, 735, 480, 362, 493, 882, 119, 121, 634]
i =  86 [391, 520, 137, 140, 787, 662, 667, 673, 424, 297, 170, 557, 694, 695, 719, 355, 869, 870, 363, 239, 496, 113, 506, 507, 125, 766]
i =  87 [1, 515, 388, 8, 12, 277, 25, 795, 670, 624, 802, 35, 50, 158, 567, 696, 185, 712, 76, 240, 497, 373, 247, 633, 127]
i =  88 [384, 256, 268, 781, 320, 216, 532, 26, 412, 287, 32, 677, 423, 552, 937, 172, 370, 942, 951, 958, 448, 352, 837, 466, 980, 981, 600, 985, 732, 540, 864, 993, 610, 359, 746, 875, 365, 750, 114, 500, 528, 503, 760, 505, 762]
i =  89 [256, 384, 268, 781, 528, 216, 448, 26, 540, 287, 32, 677, 423, 552, 937, 172, 114, 942, 951, 958, 320, 864, 532, 837, 760, 466, 981, 600, 985, 412, 732, 352, 993, 610, 359, 746, 875, 365, 750, 370, 503, 504, 505, 762]
i =  90 [514, 133, 390, 519, 522, 909, 783, 147, 278, 663, 796, 289, 292, 549, 807, 990, 348, 299, 684, 685, 692, 181, 918, 439, 949, 68, 200, 329, 183, 332, 565, 525, 464, 850, 470, 728, 164, 220, 350, 165, 224, 995, 229, 437, 111, 756, 933, 703, 636]
i =  91 [896, 641, 644, 646, 9, 658, 664, 546, 291, 521, 809, 42, 45, 47, 693, 311, 441, 826, 699, 572, 833, 325, 459, 333, 207, 595, 420, 101, 749, 761, 378, 682]
i =  92 [514, 133, 390, 522, 525, 783, 147, 350, 278, 663, 536, 796, 289, 164, 165, 807, 348, 299, 684, 685, 692, 181, 918, 439, 949, 68, 200, 329, 183, 332, 565, 909, 464, 850, 470, 728, 292, 220, 990, 549, 224, 995, 229, 437, 111, 756, 933, 703, 636]
i =  93 [384, 256, 268, 781, 528, 216, 532, 26, 412, 287, 32, 677, 423, 552, 937, 172, 114, 942, 951, 568, 958, 320, 352, 837, 466, 981, 600, 985, 986, 732, 540, 864, 993, 610, 448, 359, 746, 875, 365, 750, 370, 503, 760, 505, 762]
i =  94 [513, 642, 5, 6, 265, 267, 524, 397, 911, 915, 916, 533, 196, 282, 668, 541, 426, 302, 157, 561, 52, 53, 566, 55, 184, 569, 186, 59, 444, 573, 452, 838, 584, 969, 330, 337, 83, 598, 984, 217, 603, 221, 478, 95, 608, 866, 867, 741, 999, 360, 231, 492, 109, 878, 968, 241, 757, 396, 375, 890, 997, 124]
i =  95 [640, 129, 259, 902, 135, 44, 10, 139, 785, 899, 512, 793, 669, 33, 419, 38, 168, 7, 428, 498, 814, 559, 177, 436, 219, 313, 827, 957, 574, 575, 960, 706, 643, 456, 586, 343, 461, 335, 80, 697, 347, 989, 607, 739, 131, 913, 617, 110, 879, 752, 369, 754, 627, 884, 508, 383]
i =  96 [384, 256, 268, 781, 528, 600, 532, 26, 412, 287, 32, 677, 423, 552, 540, 172, 370, 942, 951, 958, 448, 352, 837, 320, 466, 981, 216, 985, 602, 732, 864, 993, 610, 359, 746, 875, 365, 750, 937, 114, 503, 760, 505, 762]
i =  97 [4, 903, 270, 271, 145, 661, 150, 152, 28, 797, 542, 421, 301, 174, 303, 304, 818, 30, 440, 316, 202, 458, 630, 714, 592, 84, 342, 345, 479, 485, 615, 242, 374, 631]
i =  98 [516, 645, 11, 877, 403, 535, 283, 413, 167, 683, 300, 430, 182, 442, 700, 317, 201, 587, 717, 604, 764, 237, 494, 244, 252, 637]
i =  99 [386, 518, 649, 906, 395, 15, 273, 451, 276, 410, 27, 31, 296, 171, 431, 180, 952, 953, 579, 60, 62, 323, 79, 81, 87, 89, 606, 735, 480, 362, 882, 119, 121, 634]
i =  100 [901, 905, 269, 529, 786, 19, 660, 405, 791, 922, 926, 159, 801, 676, 198, 553, 812, 179, 948, 438, 56, 571, 450, 965, 326, 327, 843, 354, 846, 848, 472, 857, 474, 860, 862, 96, 208, 994, 483, 358, 401, 489, 691, 747, 751, 659, 501, 377, 253, 510]
i =  101 [391, 520, 137, 140, 787, 662, 667, 673, 424, 297, 170, 557, 694, 695, 704, 719, 355, 869, 363, 239, 113, 506, 507, 125, 766]
i =  102 [768, 513, 642, 517, 6, 265, 267, 396, 397, 911, 915, 916, 533, 452, 282, 668, 541, 5, 890, 426, 302, 157, 561, 52, 53, 566, 55, 184, 186, 59, 444, 573, 196, 838, 584, 969, 330, 337, 83, 598, 217, 603, 221, 478, 95, 608, 866, 867, 997, 999, 360, 231, 492, 109, 878, 241, 741, 757, 375, 968, 124, 524]
i =  103 [387, 900, 264, 364, 727, 14, 655, 17, 530, 789, 408, 921, 285, 928, 417, 930, 547, 804, 37, 678, 298, 813, 944, 435, 950, 823, 312, 956, 445, 318, 544, 834, 324, 582, 583, 585, 339, 589, 206, 976, 465, 594, 675, 462, 215, 856, 733, 979, 736, 226, 356, 166, 873, 618, 876, 274, 723, 745, 889, 992, 639, 722, 85]
i =  104 [512, 129, 259, 902, 135, 44, 10, 139, 913, 899, 793, 640, 669, 798, 33, 419, 38, 168, 7, 428, 498, 814, 559, 177, 436, 219, 313, 827, 957, 574, 960, 706, 643, 456, 586, 343, 461, 335, 80, 697, 347, 989, 607, 739, 131, 785, 617, 110, 879, 752, 369, 754, 627, 884, 508, 383]
i =  105 [130, 392, 650, 279, 652, 910, 904, 917, 534, 919, 538, 411, 284, 947, 803, 806, 689, 936, 551, 43, 560, 945, 946, 563, 820, 100, 828, 447, 961, 580, 454, 455, 971, 972, 482, 967, 336, 209, 212, 597, 625, 729, 476, 991, 98, 996, 103, 616, 874, 619, 711, 112, 744, 243, 886, 959, 892, 106, 382, 853]
i =  106 [192, 770, 771, 772, 193, 136, 908, 142, 3, 404, 406, 666, 539, 414, 799, 934, 810, 427, 556, 558, 562, 564, 822, 824, 954, 576, 449, 710, 78, 854, 346, 570, 734, 99, 361, 366, 885, 118, 120, 893, 767]
i =  107 [513, 642, 5, 6, 265, 267, 524, 397, 911, 915, 916, 533, 196, 282, 668, 157, 817, 426, 302, 541, 561, 52, 53, 566, 55, 184, 186, 59, 444, 573, 452, 838, 584, 969, 330, 337, 83, 598, 217, 603, 221, 478, 95, 608, 866, 867, 968, 231, 360, 999, 492, 109, 878, 396, 241, 741, 757, 375, 890, 997, 124]
i =  108 [384, 256, 268, 781, 528, 216, 532, 26, 412, 287, 32, 677, 423, 552, 540, 172, 114, 942, 951, 958, 448, 352, 837, 839, 320, 466, 980, 981, 600, 985, 732, 864, 993, 610, 359, 746, 875, 365, 750, 937, 370, 503, 760, 505, 762]
i =  109 [130, 392, 650, 919, 652, 910, 904, 917, 534, 279, 538, 411, 284, 154, 803, 689, 936, 551, 43, 560, 945, 946, 563, 820, 100, 828, 959, 961, 580, 454, 711, 840, 971, 972, 98, 967, 336, 209, 212, 853, 625, 729, 947, 476, 991, 482, 996, 455, 103, 744, 874, 619, 112, 616, 243, 886, 447, 892, 106, 382, 597]
i =  110 [386, 518, 906, 395, 15, 273, 451, 276, 410, 27, 31, 296, 171, 431, 180, 952, 953, 579, 60, 62, 323, 79, 81, 851, 87, 89, 606, 735, 480, 362, 882, 119, 121, 634]
i =  111 [386, 518, 906, 395, 15, 273, 451, 276, 410, 27, 31, 296, 171, 431, 180, 952, 953, 579, 60, 62, 323, 74, 79, 81, 87, 89, 606, 735, 480, 868, 362, 882, 758, 119, 121, 634]
i =  112 [901, 905, 269, 529, 786, 19, 405, 791, 179, 922, 926, 159, 801, 676, 198, 553, 812, 691, 948, 438, 56, 571, 450, 965, 326, 327, 843, 354, 846, 848, 472, 857, 474, 860, 862, 96, 208, 994, 483, 358, 401, 489, 747, 751, 659, 501, 377, 253, 510, 895]
i =  113 [513, 642, 5, 6, 265, 267, 524, 397, 911, 915, 916, 533, 452, 282, 668, 541, 890, 935, 426, 302, 157, 561, 52, 53, 566, 55, 184, 186, 59, 444, 573, 196, 838, 584, 969, 330, 337, 83, 598, 217, 603, 221, 478, 95, 608, 866, 867, 997, 231, 360, 999, 492, 109, 878, 968, 241, 741, 757, 375, 396, 124]
finish get all communities
complete deal_communities
commplete get_all_nature_community
----------------------------------The detection result is: 

all communities: 
i =  1 : [18, 22, 34, 36, 54, 69, 72, 90, 102, 141, 160, 194, 250, 293, 310, 321, 380, 469, 495, 609, 626, 656, 688, 701, 707, 713, 720, 782, 800, 845, 983]
i =  2 : [48, 57, 115, 155, 195, 305, 338, 353, 394, 398, 415, 422, 425, 468, 475, 477, 581, 612, 674, 680, 708, 721, 730, 731, 742, 765, 773, 790, 842, 847, 855, 871, 932]
i =  3 : [40, 70, 82, 132, 134, 148, 149, 173, 176, 178, 205, 214, 225, 230, 258, 280, 286, 308, 309, 328, 376, 484, 491, 499, 554, 628, 632, 654, 672, 702, 705, 737, 794, 821, 832, 865, 888, 898, 907, 938, 941, 962]
i =  4 : [4, 28, 30, 84, 145, 150, 152, 174, 202, 242, 270, 271, 301, 303, 304, 316, 342, 345, 374, 421, 440, 458, 479, 485, 542, 592, 615, 630, 631, 661, 714, 797, 818, 903]
i =  5 : [20, 49, 58, 65, 73, 116, 123, 161, 162, 188, 190, 203, 228, 246, 251, 261, 290, 295, 314, 340, 371, 372, 429, 433, 467, 481, 502, 509, 526, 527, 550, 577, 578, 588, 614, 620, 622, 638, 665, 679, 686, 718, 724, 759, 779, 788, 805, 811, 831, 835, 836, 841, 849, 859, 863, 880, 881, 891, 897, 912, 923, 927, 931, 943, 955, 963, 964, 966, 973, 975, 977, 978, 982, 1000]
i =  6 : [46, 64, 67, 77, 88, 93, 94, 117, 122, 138, 191, 218, 245, 307, 334, 400, 402, 471, 537, 611, 671, 690, 725, 763, 777, 792, 808, 852]
i =  7 : [13, 23, 61, 75, 92, 128, 143, 144, 156, 187, 189, 197, 213, 233, 234, 248, 255, 272, 294, 306, 460, 490, 555, 590, 599, 629, 647, 726, 769, 774, 780, 816, 819, 825, 829, 858, 894, 914, 925]
i =  8 : [16, 39, 86, 91, 126, 153, 154, 175, 263, 275, 281, 344, 399, 418, 443, 486, 543, 591, 605, 621, 623, 635, 657, 681, 687, 715, 738, 778, 815, 830, 844, 883, 920, 924, 929, 974]
i =  9 : [1, 8, 12, 25, 35, 50, 76, 104, 127, 158, 185, 240, 247, 277, 373, 388, 497, 515, 567, 624, 633, 670, 696, 712, 795, 802]
i =  10 : [2, 107, 108, 151, 204, 210, 211, 222, 235, 249, 257, 262, 266, 322, 368, 453, 545, 593, 601, 648, 698, 740, 743, 753]
i =  11 : [21, 41, 63, 97, 146, 163, 260, 288, 341, 349, 351, 379, 381, 407, 409, 416, 434, 446, 511, 523, 531, 548, 613, 651, 653, 709, 716, 748, 784, 861]
i =  12 : [9, 42, 45, 47, 101, 207, 291, 311, 325, 333, 378, 393, 420, 441, 459, 521, 546, 572, 595, 641, 644, 646, 658, 664, 682, 693, 699, 749, 761, 809, 826, 833, 896]
i =  13 : [7, 10, 33, 38, 44, 80, 110, 129, 131, 135, 139, 168, 177, 219, 259, 313, 335, 343, 347, 367, 369, 383, 419, 428, 436, 456, 461, 498, 508, 512, 559, 574, 575, 586, 607, 617, 627, 640, 643, 669, 697, 706, 739, 752, 754, 785, 793, 798, 814, 827, 879, 884, 899, 902, 913, 957, 960, 989]
i =  14 : [3, 78, 99, 105, 118, 120, 136, 142, 192, 193, 346, 361, 366, 404, 406, 414, 427, 449, 488, 539, 556, 558, 562, 564, 570, 576, 666, 710, 734, 767, 770, 771, 772, 799, 810, 822, 824, 854, 885, 893, 908, 934, 954]
i =  15 : [66, 113, 125, 137, 140, 170, 239, 297, 315, 355, 363, 391, 424, 496, 506, 507, 520, 557, 662, 667, 673, 694, 695, 704, 719, 766, 787, 869, 870]
i =  16 : [29, 68, 111, 133, 147, 164, 165, 181, 183, 199, 200, 220, 224, 227, 229, 278, 289, 292, 299, 319, 329, 331, 332, 348, 350, 385, 390, 437, 439, 464, 470, 514, 519, 522, 525, 536, 549, 565, 636, 663, 684, 685, 692, 703, 728, 756, 775, 783, 796, 807, 850, 909, 918, 933, 940, 949, 970, 990, 995]
i =  17 : [11, 49, 167, 182, 201, 237, 244, 252, 283, 300, 317, 357, 403, 413, 430, 442, 494, 516, 535, 587, 604, 637, 645, 683, 700, 717, 755, 764, 872, 877]
i =  18 : [15, 27, 31, 60, 62, 71, 74, 79, 81, 87, 89, 119, 121, 171, 180, 273, 276, 296, 323, 362, 386, 395, 410, 431, 451, 480, 493, 518, 579, 606, 634, 649, 735, 758, 851, 868, 882, 906, 952, 953, 988]
i =  19 : [19, 56, 74, 96, 159, 179, 198, 208, 238, 253, 269, 326, 327, 354, 358, 377, 389, 401, 405, 438, 450, 472, 474, 483, 489, 501, 510, 529, 553, 571, 659, 660, 676, 691, 747, 751, 786, 791, 801, 812, 843, 846, 848, 857, 860, 862, 887, 895, 901, 905, 922, 926, 948, 965, 994]
i =  20 : [43, 67, 98, 100, 103, 106, 112, 130, 154, 209, 212, 236, 243, 254, 258, 279, 284, 336, 382, 392, 411, 432, 447, 454, 455, 476, 482, 534, 538, 551, 560, 563, 580, 597, 616, 619, 625, 650, 652, 689, 711, 729, 744, 803, 806, 820, 828, 840, 853, 874, 886, 892, 904, 910, 917, 919, 936, 945, 946, 947, 959, 961, 967, 971, 972, 991, 996, 998]
i =  21 : [14, 17, 24, 37, 51, 85, 105, 146, 166, 203, 206, 215, 226, 232, 264, 274, 285, 298, 312, 318, 324, 339, 340, 356, 364, 387, 408, 417, 435, 445, 462, 463, 465, 530, 544, 547, 582, 583, 585, 589, 594, 596, 618, 639, 655, 675, 678, 722, 723, 727, 733, 736, 745, 789, 804, 813, 823, 834, 856, 873, 876, 889, 900, 921, 928, 930, 939, 944, 950, 956, 976, 979, 992]
i =  22 : [26, 32, 114, 172, 216, 256, 268, 287, 320, 352, 359, 365, 370, 384, 412, 423, 448, 457, 466, 500, 503, 504, 505, 528, 532, 540, 552, 568, 600, 602, 610, 677, 732, 746, 750, 760, 762, 781, 837, 839, 864, 875, 937, 942, 951, 958, 980, 981, 985, 986, 987, 993]
i =  23 : [5, 6, 52, 53, 55, 59, 83, 95, 109, 124, 157, 169, 184, 186, 196, 199, 217, 221, 223, 231, 241, 265, 267, 282, 302, 330, 337, 360, 375, 396, 397, 426, 444, 452, 473, 478, 487, 492, 513, 517, 524, 533, 541, 561, 566, 569, 573, 584, 598, 603, 608, 642, 668, 741, 757, 758, 768, 776, 817, 838, 866, 867, 878, 890, 911, 915, 916, 935, 968, 969, 984, 997, 998, 999]
overlapping nodes are:  [49, 67, 74, 105, 146, 154, 199, 203, 258, 340, 758, 998] 
 NOO is:  12
total time is:  310.859331846
