lens of ground_truth:  23
ground_truth is: [[7, 34, 37, 39, 66, 80, 85, 88, 106, 112, 113, 117, 119, 130, 145, 154, 155, 157, 175, 220, 259, 270, 295, 317, 335, 375, 404, 420, 430, 439, 454, 470, 498, 516, 531, 536, 544, 612, 624, 642, 645, 649, 686, 701, 713, 740, 759, 790, 823, 825, 838, 839, 857, 879, 889, 895, 914, 934, 935, 955, 960], [3, 21, 31, 48, 54, 71, 77, 82, 87, 90, 151, 293, 299, 385, 386, 397, 432, 449, 459, 472, 506, 526, 587, 625, 653, 659, 671, 725, 766, 824], [2, 33, 60, 81, 101, 113, 121, 124, 127, 164, 169, 182, 206, 218, 225, 240, 247, 248, 263, 271, 276, 290, 313, 349, 359, 387, 390, 391, 402, 426, 437, 481, 484, 488, 496, 502, 508, 528, 529, 535, 543, 547, 564, 591, 593, 597, 609, 613, 622, 628, 643, 658, 679, 691, 703, 710, 718, 736, 738, 742, 750, 758, 763, 765, 800, 804, 808, 810, 815, 849, 868, 875, 880, 915, 916, 917, 920, 930, 946, 950, 951, 952, 959, 961, 966, 967, 968, 973, 990, 993, 996], [46, 78, 99, 120, 159, 166, 168, 172, 203, 235, 261, 264, 316, 343, 350, 375, 475, 514, 517, 571, 580, 584, 589, 595, 615, 616, 632, 633, 644, 715, 726, 729, 749, 819, 833, 866, 883, 907], [6, 36, 86, 91, 142, 159, 165, 180, 310, 346, 373, 378, 392, 409, 415, 488, 492, 549, 565, 568, 570, 611, 650, 682, 684, 685, 705, 789, 885, 890, 904, 905, 937, 941, 960], [1, 16, 38, 40, 56, 94, 95, 161, 163, 164, 167, 171, 209, 219, 221, 226, 265, 274, 286, 295, 311, 328, 344, 353, 361, 362, 374, 387, 398, 399, 404, 410, 412, 428, 437, 439, 443, 447, 454, 465, 466, 508, 525, 534, 542, 564, 607, 610, 639, 642, 643, 658, 674, 692, 702, 707, 724, 728, 734, 750, 756, 770, 775, 795, 801, 805, 812, 821, 823, 844, 846, 852, 860, 878, 897, 909, 917, 925, 930, 941, 942, 959, 964, 983], [16, 25, 75, 92, 98, 100, 114, 121, 131, 135, 141, 146, 191, 194, 200, 208, 222, 246, 250, 260, 262, 301, 308, 327, 332, 351, 376, 408, 426, 435, 445, 448, 480, 482, 489, 519, 524, 548, 550, 582, 610, 634, 666, 697, 717, 727, 739, 773, 778, 802, 803, 841, 853, 857, 872, 884, 886, 912, 924, 928, 929, 975, 986], [50, 52, 53, 55, 74, 102, 105, 181, 189, 193, 194, 210, 226, 229, 247, 268, 270, 277, 282, 287, 291, 322, 325, 356, 360, 416, 421, 425, 433, 434, 438, 458, 459, 460, 500, 504, 540, 541, 558, 598, 651, 660, 698, 708, 780, 867, 881, 882, 894, 908, 910, 920, 924, 949, 980, 987, 991], [35, 62, 116, 125, 148, 156, 230, 232, 257, 318, 507, 518, 574, 578, 579, 586, 596, 603, 618, 620, 639, 661, 668, 687, 689, 700, 747, 767, 777, 787, 791, 807, 826, 843, 861, 887, 933, 953, 956, 958, 978], [4, 12, 40, 66, 111, 120, 138, 166, 170, 181, 186, 213, 223, 245, 275, 280, 281, 354, 363, 381, 383, 406, 493, 510, 532, 548, 573, 576, 612, 617, 628, 666, 672, 680, 688, 693, 716, 755, 757, 824, 843, 858, 859, 865, 903, 923, 937, 948, 969, 974, 976, 995, 1000], [8, 61, 133, 156, 188, 212, 242, 243, 267, 369, 398, 403, 418, 427, 474, 477, 495, 511, 513, 541, 606, 614, 629, 676, 761, 768, 877, 878], [13, 14, 19, 20, 35, 49, 64, 69, 73, 84, 97, 152, 185, 201, 207, 211, 233, 245, 249, 251, 254, 258, 319, 321, 342, 366, 380, 381, 395, 411, 412, 450, 457, 478, 499, 505, 530, 557, 567, 581, 646, 665, 667, 699, 714, 719, 721, 722, 737, 745, 748, 753, 761, 783, 793, 796, 804, 809, 818, 820, 822, 836, 837, 877, 891, 906, 913, 922, 954, 972, 981, 982, 987, 998, 999], [19, 23, 42, 73, 84, 89, 105, 107, 109, 110, 111, 153, 176, 187, 197, 212, 214, 217, 285, 288, 305, 311, 335, 341, 342, 374, 390, 401, 431, 446, 462, 477, 487, 490, 491, 492, 520, 521, 528, 562, 567, 569, 576, 592, 605, 621, 646, 657, 664, 667, 695, 719, 730, 732, 745, 762, 769, 776, 789, 793, 821, 837, 847, 864, 871, 907, 913, 931, 936, 940, 945, 970, 978, 985, 989], [45, 76, 79, 104, 124, 129, 131, 132, 150, 195, 215, 224, 234, 298, 347, 367, 414, 476, 499, 546, 556, 561, 602, 622, 636, 662, 681, 720], [10, 45, 102, 123, 143, 161, 169, 171, 173, 184, 211, 219, 222, 228, 248, 266, 269, 271, 273, 315, 320, 326, 330, 346, 349, 382, 410, 424, 461, 471, 487, 501, 512, 514, 515, 522, 533, 537, 538, 551, 563, 573, 578, 583, 591, 604, 608, 609, 623, 627, 631, 635, 648, 678, 686, 702, 703, 718, 741, 742, 744, 760, 765, 772, 785, 788, 791, 795, 800, 808, 814, 815, 831, 832, 849, 851, 854, 875, 896, 898, 963, 971, 977, 979, 988, 994, 997], [29, 30, 41, 53, 67, 70, 93, 137, 140, 150, 162, 234, 252, 281, 283, 303, 331, 339, 405, 419, 423, 429, 442, 449, 456, 465, 479, 483, 496, 497, 523, 547, 559, 590, 662, 683, 696, 724, 771, 782, 799, 840, 848, 870, 873, 888, 901, 984], [2, 9, 24, 58, 59, 63, 68, 149, 191, 227, 238, 244, 246, 255, 307, 336, 338, 355, 364, 393, 400, 436, 463, 467, 473, 572, 588, 594, 637, 656, 677, 694, 735, 779, 786, 792, 794, 842, 855, 897, 918, 919, 931, 932, 939, 948, 992], [11, 43, 72, 122, 128, 132, 136, 170, 208, 241, 253, 292, 297, 309, 312, 318, 337, 363, 380, 384, 417, 444, 451, 468, 486, 501, 527, 539, 553, 626, 652, 656, 669, 679, 700, 709, 733, 746, 752, 781, 798, 828, 834, 869, 892, 927, 973, 984, 993], [15, 17, 18, 26, 44, 51, 57, 65, 70, 82, 83, 100, 109, 118, 152, 174, 180, 199, 277, 278, 279, 282, 284, 294, 306, 324, 334, 336, 340, 352, 357, 365, 379, 407, 447, 450, 452, 464, 529, 536, 552, 575, 599, 600, 638, 654, 660, 687, 712, 753, 806, 811, 813, 820, 827, 829, 830, 863, 876, 893, 899, 900, 909, 912, 926, 938, 944, 947, 965, 968, 985], [22, 47, 94, 108, 115, 134, 144, 158, 178, 179, 183, 190, 202, 272, 289, 348, 358, 377, 394, 428, 453, 503, 554, 566, 616, 630, 641, 647, 673, 675, 690, 706, 723, 730, 743, 796, 817, 902, 911, 921, 962], [103, 139, 142, 147, 160, 205, 299, 314, 323, 333, 368, 369, 370, 371, 372, 389, 393, 413, 422, 440, 446, 480, 509, 538, 545, 619, 630, 640, 655, 692, 704, 751, 764, 776, 816, 862, 874, 943, 957, 961], [27, 28, 57, 177, 198, 216, 231, 236, 239, 296, 300, 302, 329, 441, 469, 479, 494, 555, 582, 601, 670, 711, 754, 774, 812], [5, 32, 96, 119, 126, 192, 196, 204, 237, 256, 304, 330, 345, 388, 396, 455, 485, 560, 577, 585, 663, 731, 744, 784, 797, 831, 835, 845, 850, 856, 896, 906, 922]]
nodes and edges_____________: 1000 ,  10020
read network over________________________
nodes: [380, 541, 548, 576, 614, 713, 720, 734, 754, 762, 768, 777, 810, 824, 828, 833, 836, 839, 844, 845, 853, 893, 897, 901, 907, 912, 922, 924, 928, 935, 939, 940, 948, 949, 952, 959, 960, 961, 962, 971, 978, 982, 983, 984, 985, 987, 988, 993, 994] num of nodes:  49
[[444, 380, 746], [229, 867, 980, 991, 541, 881], [548, 865, 995, 1000, 976, 969, 923, 903], [576, 923, 1000, 976, 693, 859, 757], [427, 614, 513, 676, 878, 629], [220, 838, 955, 713, 825, 531], [76, 720, 561, 636, 556, 476], [443, 942, 852, 734, 925, 846], [177, 774, 555, 754, 711, 670, 601, 300], [462, 945, 864, 762, 847], [188, 768, 495, 474, 676, 511], [603, 933, 956, 958, 777, 887, 861, 953, 767, 826, 747], [290, 950, 990, 613, 880, 810], [532, 995, 1000, 974, 976, 617, 858, 824, 859], [297, 927, 892, 828, 781, 733, 752, 652], [264, 866, 729, 833, 726, 571, 819], [836, 913, 906, 783, 818, 699], [516, 934, 879, 895, 914, 839, 955], [286, 674, 942, 964, 844, 775], [396, 835, 850, 845, 784, 663, 856, 797, 906, 731], [327, 853, 884, 727, 841, 986, 975], [712, 811, 893, 806, 965, 827, 947, 863], [364, 992, 932, 855, 786, 919, 918, 897], [162, 901, 848, 782, 873, 888, 419], [168, 866, 749, 819, 907, 350], [327, 929, 912, 986, 975, 727], [192, 835, 906, 850, 856, 731, 922], [229, 867, 980, 991, 908, 910, 882, 924], [75, 841, 884, 929, 928, 857], [80, 879, 934, 914, 145, 935], [677, 939, 918, 794, 992, 792, 786, 735, 855, 919], [110, 936, 940, 562, 605], [510, 995, 1000, 974, 617, 969, 976, 858, 948], [210, 867, 991, 908, 949, 881, 882, 980], [710, 990, 946, 916, 952, 804], [763, 951, 868, 875, 968, 967, 959], [91, 904, 905, 941, 885, 890, 960, 568], [440, 943, 874, 957, 961, 816, 764, 751, 862], [272, 962, 911, 902, 921, 566, 743, 503], [315, 963, 515, 977, 832, 971], [230, 661, 933, 887, 953, 956, 861, 958, 978, 826], [998, 982, 913, 699, 818, 822, 783], [95, 964, 942, 925, 801, 983], [652, 927, 733, 984, 869, 746, 798], [15, 965, 985, 284, 944], [189, 991, 910, 438, 416, 987], [537, 988, 788, 832, 898], [444, 927, 892, 993, 973, 798], [551, 979, 977, 994, 563, 814]]
len of cliques:  49
downsides after: [[603, 933, 956, 958, 777, 887, 861, 953, 767, 826, 747], [396, 835, 850, 845, 784, 663, 856, 797, 906, 731], [677, 939, 918, 794, 992, 792, 786, 735, 855, 919], [230, 661, 933, 887, 953, 956, 861, 958, 978, 826], [532, 995, 1000, 974, 976, 617, 858, 824, 859], [510, 995, 1000, 974, 617, 969, 976, 858, 948], [440, 943, 874, 957, 961, 816, 764, 751, 862], [548, 865, 995, 1000, 976, 969, 923, 903], [177, 774, 555, 754, 711, 670, 601, 300], [297, 927, 892, 828, 781, 733, 752, 652], [712, 811, 893, 806, 965, 827, 947, 863], [364, 992, 932, 855, 786, 919, 918, 897], [229, 867, 980, 991, 908, 910, 882, 924], [210, 867, 991, 908, 949, 881, 882, 980], [91, 904, 905, 941, 885, 890, 960, 568], [272, 962, 911, 902, 921, 566, 743, 503], [576, 923, 1000, 976, 693, 859, 757], [264, 866, 729, 833, 726, 571, 819], [516, 934, 879, 895, 914, 839, 955], [327, 853, 884, 727, 841, 986, 975], [162, 901, 848, 782, 873, 888, 419], [192, 835, 906, 850, 856, 731, 922], [763, 951, 868, 875, 968, 967, 959], [998, 982, 913, 699, 818, 822, 783], [652, 927, 733, 984, 869, 746, 798], [229, 867, 980, 991, 541, 881], [427, 614, 513, 676, 878, 629], [220, 838, 955, 713, 825, 531], [76, 720, 561, 636, 556, 476], [443, 942, 852, 734, 925, 846], [188, 768, 495, 474, 676, 511], [290, 950, 990, 613, 880, 810], [836, 913, 906, 783, 818, 699], [286, 674, 942, 964, 844, 775], [168, 866, 749, 819, 907, 350], [327, 929, 912, 986, 975, 727], [75, 841, 884, 929, 928, 857], [80, 879, 934, 914, 145, 935], [710, 990, 946, 916, 952, 804], [315, 963, 515, 977, 832, 971], [95, 964, 942, 925, 801, 983], [189, 991, 910, 438, 416, 987], [444, 927, 892, 993, 973, 798], [551, 979, 977, 994, 563, 814], [462, 945, 864, 762, 847], [110, 936, 940, 562, 605], [15, 965, 985, 284, 944], [537, 988, 788, 832, 898]]
number of downsided seeds: 48
[[603, 933, 956, 958, 777, 887, 861, 953, 767, 826, 747], [396, 835, 850, 845, 784, 663, 856, 797, 906, 731], [677, 939, 918, 794, 992, 792, 786, 735, 855, 919], [230, 661, 933, 887, 953, 956, 861, 958, 978, 826], [532, 995, 1000, 974, 976, 617, 858, 824, 859], [510, 995, 1000, 974, 617, 969, 976, 858, 948], [440, 943, 874, 957, 961, 816, 764, 751, 862], [548, 865, 995, 1000, 976, 969, 923, 903], [177, 774, 555, 754, 711, 670, 601, 300], [297, 927, 892, 828, 781, 733, 752, 652], [712, 811, 893, 806, 965, 827, 947, 863], [364, 992, 932, 855, 786, 919, 918, 897], [229, 867, 980, 991, 908, 910, 882, 924], [210, 867, 991, 908, 949, 881, 882, 980], [91, 904, 905, 941, 885, 890, 960, 568], [272, 962, 911, 902, 921, 566, 743, 503], [576, 923, 1000, 976, 693, 859, 757], [264, 866, 729, 833, 726, 571, 819], [516, 934, 879, 895, 914, 839, 955], [327, 853, 884, 727, 841, 986, 975], [162, 901, 848, 782, 873, 888, 419], [192, 835, 906, 850, 856, 731, 922], [763, 951, 868, 875, 968, 967, 959], [998, 982, 913, 699, 818, 822, 783], [652, 927, 733, 984, 869, 746, 798], [229, 867, 980, 991, 541, 881], [427, 614, 513, 676, 878, 629], [220, 838, 955, 713, 825, 531], [76, 720, 561, 636, 556, 476], [443, 942, 852, 734, 925, 846], [188, 768, 495, 474, 676, 511], [290, 950, 990, 613, 880, 810], [836, 913, 906, 783, 818, 699], [286, 674, 942, 964, 844, 775], [168, 866, 749, 819, 907, 350], [327, 929, 912, 986, 975, 727], [75, 841, 884, 929, 928, 857], [80, 879, 934, 914, 145, 935], [710, 990, 946, 916, 952, 804], [315, 963, 515, 977, 832, 971], [95, 964, 942, 925, 801, 983], [189, 991, 910, 438, 416, 987], [444, 927, 892, 993, 973, 798], [551, 979, 977, 994, 563, 814], [462, 945, 864, 762, 847], [110, 936, 940, 562, 605], [15, 965, 985, 284, 944], [537, 988, 788, 832, 898]]
after sorted:  [[603, 933, 956, 958, 777, 887, 861, 953, 767, 826, 747], [396, 835, 850, 845, 784, 663, 856, 797, 906, 731], [677, 939, 918, 794, 992, 792, 786, 735, 855, 919], [230, 661, 933, 887, 953, 956, 861, 958, 978, 826], [532, 995, 1000, 974, 976, 617, 858, 824, 859], [510, 995, 1000, 974, 617, 969, 976, 858, 948], [440, 943, 874, 957, 961, 816, 764, 751, 862], [548, 865, 995, 1000, 976, 969, 923, 903], [177, 774, 555, 754, 711, 670, 601, 300], [297, 927, 892, 828, 781, 733, 752, 652], [712, 811, 893, 806, 965, 827, 947, 863], [364, 992, 932, 855, 786, 919, 918, 897], [229, 867, 980, 991, 908, 910, 882, 924], [210, 867, 991, 908, 949, 881, 882, 980], [91, 904, 905, 941, 885, 890, 960, 568], [272, 962, 911, 902, 921, 566, 743, 503], [576, 923, 1000, 976, 693, 859, 757], [264, 866, 729, 833, 726, 571, 819], [516, 934, 879, 895, 914, 839, 955], [327, 853, 884, 727, 841, 986, 975], [162, 901, 848, 782, 873, 888, 419], [192, 835, 906, 850, 856, 731, 922], [763, 951, 868, 875, 968, 967, 959], [998, 982, 913, 699, 818, 822, 783], [652, 927, 733, 984, 869, 746, 798], [229, 867, 980, 991, 541, 881], [427, 614, 513, 676, 878, 629], [220, 838, 955, 713, 825, 531], [76, 720, 561, 636, 556, 476], [443, 942, 852, 734, 925, 846], [188, 768, 495, 474, 676, 511], [290, 950, 990, 613, 880, 810], [836, 913, 906, 783, 818, 699], [286, 674, 942, 964, 844, 775], [168, 866, 749, 819, 907, 350], [327, 929, 912, 986, 975, 727], [75, 841, 884, 929, 928, 857], [80, 879, 934, 914, 145, 935], [710, 990, 946, 916, 952, 804], [315, 963, 515, 977, 832, 971], [95, 964, 942, 925, 801, 983], [189, 991, 910, 438, 416, 987], [444, 927, 892, 993, 973, 798], [551, 979, 977, 994, 563, 814], [462, 945, 864, 762, 847], [110, 936, 940, 562, 605], [15, 965, 985, 284, 944], [537, 988, 788, 832, 898]]
before num:  48
befor deal_cliques:  48
after deal_cliques:  48
length of seeds:  48
seeds:  [set([933, 777, 747, 887, 953, 826, 603, 956, 861, 958, 767]), set([835, 906, 396, 845, 784, 850, 663, 856, 731, 797]), set([992, 677, 939, 786, 918, 919, 792, 794, 855, 735]), set([933, 230, 978, 661, 887, 953, 826, 956, 861, 958]), set([995, 1000, 617, 974, 976, 532, 824, 858, 859]), set([995, 1000, 617, 974, 976, 948, 969, 858, 510]), set([961, 874, 943, 816, 440, 751, 764, 957, 862]), set([865, 995, 548, 903, 1000, 969, 976, 923]), set([774, 711, 555, 300, 177, 754, 601, 670]), set([297, 652, 781, 892, 752, 828, 733, 927]), set([965, 806, 712, 811, 947, 827, 893, 863]), set([992, 897, 932, 919, 364, 786, 918, 855]), set([867, 229, 908, 910, 882, 980, 924, 991]), set([867, 908, 210, 881, 882, 980, 949, 991]), set([960, 904, 905, 941, 885, 568, 890, 91]), set([962, 902, 743, 911, 272, 566, 503, 921]), set([576, 976, 859, 693, 1000, 923, 757]), set([833, 866, 819, 726, 264, 729, 571]), set([914, 895, 516, 934, 839, 955, 879]), set([884, 853, 327, 841, 986, 727, 975]), set([848, 162, 419, 901, 888, 873, 782]), set([192, 850, 835, 856, 906, 731, 922]), set([763, 868, 951, 967, 968, 875, 959]), set([913, 818, 822, 998, 982, 699, 783]), set([869, 984, 746, 652, 733, 798, 927]), set([881, 867, 980, 229, 541, 991]), set([513, 676, 629, 614, 427, 878]), set([531, 838, 825, 713, 955, 220]), set([720, 561, 76, 636, 476, 556]), set([734, 852, 942, 443, 925, 846]), set([768, 676, 474, 511, 188, 495]), set([880, 290, 613, 950, 810, 990]), set([913, 818, 836, 906, 699, 783]), set([674, 964, 286, 775, 844, 942]), set([866, 819, 168, 907, 749, 350]), set([912, 929, 327, 986, 727, 975]), set([928, 929, 884, 857, 841, 75]), set([80, 145, 914, 934, 935, 879]), set([946, 804, 710, 952, 916, 990]), set([832, 977, 515, 315, 971, 963]), set([801, 964, 983, 925, 942, 95]), set([416, 438, 987, 189, 910, 991]), set([993, 892, 444, 973, 798, 927]), set([977, 994, 979, 563, 551, 814]), set([864, 945, 762, 462, 847]), set([936, 562, 940, 605, 110]), set([944, 985, 284, 965, 15]), set([832, 537, 898, 988, 788])]
seeds_fitness [0.2320675105485232, 0.2102803738317757, 0.18218623481781376, 0.16363636363636364, 0.12224108658743633, 0.1125, 0.16252821670428894, 0.10126582278481013, 0.26666666666666666, 0.13053613053613053, 0.0898876404494382, 0.10789980732177264, 0.09076175040518639, 0.10707456978967496, 0.11405295315682282, 0.14814814814814814, 0.08, 0.13043478260869565, 0.08045977011494253, 0.07777777777777778, 0.1076923076923077, 0.0846774193548387, 0.044444444444444446, 0.0620384047267356, 0.0821917808219178, 0.06147540983606557, 0.11450381679389313, 0.06423982869379015, 0.16393442622950818, 0.0528169014084507, 0.15228426395939088, 0.04823151125401929, 0.043859649122807015, 0.05660377358490566, 0.08174386920980926, 0.04966887417218543, 0.05128205128205128, 0.06147540983606557, 0.03963011889035667, 0.0453857791225416, 0.04983388704318937, 0.05555555555555555, 0.04966887417218543, 0.05008347245409015, 0.04073319755600815, 0.04291845493562232, 0.03322259136212625, 0.03418803418803419]
after sort list of tuple: [(8, 0.26666666666666666), (0, 0.2320675105485232), (1, 0.2102803738317757), (2, 0.18218623481781376), (28, 0.16393442622950818), (3, 0.16363636363636364), (6, 0.16252821670428894), (30, 0.15228426395939088), (15, 0.14814814814814814), (9, 0.13053613053613053), (17, 0.13043478260869565), (4, 0.12224108658743633), (26, 0.11450381679389313), (14, 0.11405295315682282), (5, 0.1125), (11, 0.10789980732177264), (20, 0.1076923076923077), (13, 0.10707456978967496), (7, 0.10126582278481013), (12, 0.09076175040518639), (10, 0.0898876404494382), (21, 0.0846774193548387), (24, 0.0821917808219178), (34, 0.08174386920980926), (18, 0.08045977011494253), (16, 0.08), (19, 0.07777777777777778), (27, 0.06423982869379015), (23, 0.0620384047267356), (25, 0.06147540983606557), (37, 0.06147540983606557), (33, 0.05660377358490566), (41, 0.05555555555555555), (29, 0.0528169014084507), (36, 0.05128205128205128), (43, 0.05008347245409015), (40, 0.04983388704318937), (35, 0.04966887417218543), (42, 0.04966887417218543), (31, 0.04823151125401929), (39, 0.0453857791225416), (22, 0.044444444444444446), (32, 0.043859649122807015), (45, 0.04291845493562232), (44, 0.04073319755600815), (38, 0.03963011889035667), (47, 0.03418803418803419), (46, 0.03322259136212625)]
seeds_sorted [set([774, 711, 555, 300, 177, 754, 601, 670]), set([933, 777, 747, 887, 953, 826, 603, 956, 861, 958, 767]), set([835, 906, 396, 845, 784, 850, 663, 856, 731, 797]), set([992, 677, 939, 786, 918, 919, 792, 794, 855, 735]), set([720, 561, 76, 636, 476, 556]), set([933, 230, 978, 661, 887, 953, 826, 956, 861, 958]), set([961, 874, 943, 816, 440, 751, 764, 957, 862]), set([768, 676, 474, 511, 188, 495]), set([962, 902, 743, 911, 272, 566, 503, 921]), set([297, 652, 781, 892, 752, 828, 733, 927]), set([833, 866, 819, 726, 264, 729, 571]), set([995, 1000, 617, 974, 976, 532, 824, 858, 859]), set([513, 676, 629, 614, 427, 878]), set([960, 904, 905, 941, 885, 568, 890, 91]), set([995, 1000, 617, 974, 976, 948, 969, 858, 510]), set([992, 897, 932, 919, 364, 786, 918, 855]), set([848, 162, 419, 901, 888, 873, 782]), set([867, 908, 210, 881, 882, 980, 949, 991]), set([865, 995, 548, 903, 1000, 969, 976, 923]), set([867, 229, 908, 910, 882, 980, 924, 991]), set([965, 806, 712, 811, 947, 827, 893, 863]), set([192, 850, 835, 856, 906, 731, 922]), set([869, 984, 746, 652, 733, 798, 927]), set([866, 819, 168, 907, 749, 350]), set([914, 895, 516, 934, 839, 955, 879]), set([576, 976, 859, 693, 1000, 923, 757]), set([884, 853, 327, 841, 986, 727, 975]), set([531, 838, 825, 713, 955, 220]), set([913, 818, 822, 998, 982, 699, 783]), set([881, 867, 980, 229, 541, 991]), set([80, 145, 914, 934, 935, 879]), set([674, 964, 286, 775, 844, 942]), set([416, 438, 987, 189, 910, 991]), set([734, 852, 942, 443, 925, 846]), set([928, 929, 884, 857, 841, 75]), set([977, 994, 979, 563, 551, 814]), set([801, 964, 983, 925, 942, 95]), set([912, 929, 327, 986, 727, 975]), set([993, 892, 444, 973, 798, 927]), set([880, 290, 613, 950, 810, 990]), set([832, 977, 515, 315, 971, 963]), set([763, 868, 951, 967, 968, 875, 959]), set([913, 818, 836, 906, 699, 783]), set([936, 562, 940, 605, 110]), set([864, 945, 762, 462, 847]), set([946, 804, 710, 952, 916, 990]), set([832, 537, 898, 988, 788]), set([944, 985, 284, 965, 15])]
args__________ ([set([774, 711, 555, 300, 177, 754, 601, 670]), set([944, 985, 284, 965, 15])],)
args__________ ([set([933, 777, 747, 887, 953, 826, 603, 956, 861, 958, 767]), set([832, 537, 898, 988, 788])],)
args__________ ([set([835, 906, 396, 845, 784, 850, 663, 856, 731, 797]), set([946, 804, 710, 952, 916, 990])],)
args__________ ([set([992, 677, 939, 786, 918, 919, 792, 794, 855, 735]), set([864, 945, 762, 462, 847])],)
args__________ ([set([720, 561, 76, 636, 476, 556]), set([936, 562, 940, 605, 110])],)
args__________ ([set([933, 230, 978, 661, 887, 953, 826, 956, 861, 958]), set([913, 818, 836, 906, 699, 783])],)
args__________ ([set([961, 874, 943, 816, 440, 751, 764, 957, 862]), set([763, 868, 951, 967, 968, 875, 959])],)
args__________ ([set([768, 676, 474, 511, 188, 495]), set([832, 977, 515, 315, 971, 963])],)
args__________ ([set([962, 902, 743, 911, 272, 566, 503, 921]), set([880, 290, 613, 950, 810, 990])],)
args__________ ([set([297, 652, 781, 892, 752, 828, 733, 927]), set([993, 892, 444, 973, 798, 927])],)
args__________ ([set([833, 866, 819, 726, 264, 729, 571]), set([912, 929, 327, 986, 727, 975])],)
args__________ ([set([995, 1000, 617, 974, 976, 532, 824, 858, 859]), set([801, 964, 983, 925, 942, 95])],)
args__________ ([set([513, 676, 629, 614, 427, 878]), set([977, 994, 979, 563, 551, 814])],)
args__________ ([set([960, 904, 905, 941, 885, 568, 890, 91]), set([928, 929, 884, 857, 841, 75])],)
args__________ ([set([995, 1000, 617, 974, 976, 948, 969, 858, 510]), set([734, 852, 942, 443, 925, 846])],)
args__________ ([set([992, 897, 932, 919, 364, 786, 918, 855]), set([416, 438, 987, 189, 910, 991])],)
args__________ ([set([848, 162, 419, 901, 888, 873, 782])],)
args__________ ([set([867, 908, 210, 881, 882, 980, 949, 991])],)
args__________ ([set([865, 995, 548, 903, 1000, 969, 976, 923])],)
args__________ ([set([867, 229, 908, 910, 882, 980, 924, 991])],)
args__________ ([set([965, 806, 712, 811, 947, 827, 893, 863])],)
args__________ ([set([192, 850, 835, 856, 906, 731, 922])],)
args__________ ([set([869, 984, 746, 652, 733, 798, 927])],)
args__________ ([set([866, 819, 168, 907, 749, 350])],)
args__________ ([set([914, 895, 516, 934, 839, 955, 879])],)
args__________ ([set([576, 976, 859, 693, 1000, 923, 757])],)
args__________ ([set([884, 853, 327, 841, 986, 727, 975])],)
args__________ ([set([531, 838, 825, 713, 955, 220])],)
args__________ ([set([913, 818, 822, 998, 982, 699, 783])],)
args__________ ([set([881, 867, 980, 229, 541, 991])],)
args__________ ([set([80, 145, 914, 934, 935, 879])],)
args__________ ([set([674, 964, 286, 775, 844, 942])],)
finish process___________________
left nodes numner:_______ 173
sorted nodes by betweenness [3, 16, 19, 21, 31, 35, 40, 45, 48, 54, 57, 66, 71, 73, 77, 82, 87, 90, 94, 102, 105, 109, 119, 120, 121, 124, 132, 142, 150, 151, 156, 159, 161, 170, 180, 181, 191, 194, 212, 222, 234, 245, 246, 248, 270, 271, 281, 282, 293, 295, 299, 311, 318, 330, 336, 342, 346, 349, 363, 369, 374, 375, 380, 381, 385, 386, 387, 390, 393, 397, 398, 404, 410, 412, 426, 428, 432, 437, 439, 446, 447, 449, 450, 454, 459, 465, 472, 477, 479, 480, 487, 488, 492, 496, 499, 501, 506, 514, 526, 528, 536, 538, 547, 564, 567, 573, 578, 582, 587, 591, 609, 610, 612, 616, 625, 630, 639, 642, 643, 646, 653, 656, 658, 659, 660, 662, 666, 667, 671, 679, 686, 687, 692, 700, 702, 703, 718, 719, 724, 725, 730, 742, 744, 745, 753, 761, 765, 766, 776, 789, 791, 793, 795, 796, 800, 808, 812, 815, 820, 821, 823, 831, 837, 843, 849, 877, 896, 909, 917, 920, 930, 931, 937]
args__________ ([[3, 725, 766, 87, 48]],)
args__________ ([[16, 739, 872]],)
args__________ ([[621, 907, 19]],)
args__________ ([[21, 766, 824, 472, 659]],)
args__________ ([[31, 386, 625, 725, 766]],)
args__________ ([[807, 887, 953, 956, 958, 35]],)
args__________ ([[40, 974, 1000, 969, 995]],)
args__________ ([[45, 720, 224]],)
args__________ ([[48, 725, 766, 77, 587, 87]],)
args__________ ([[21, 766, 824, 472, 54]],)
args__________ ([[57, 774, 754, 296]],)
args__________ ([[66, 935, 470, 895]],)
args__________ ([[71, 725, 506, 625, 659]],)
args__________ ([[73, 907, 989]],)
args__________ ([[48, 725, 766, 77, 587, 87]],)
args__________ ([[82, 766, 659, 725, 472]],)
args__________ ([[48, 725, 766, 77, 587, 87]],)
args__________ ([[90, 459, 506, 725, 671]],)
args__________ ([[94, 962, 115, 921]],)
args__________ ([[102, 910, 867]],)
args__________ ([[105, 882, 980, 540, 894]],)
args__________ ([[109, 900, 965, 938, 947]],)
args__________ ([[119, 835, 856, 922]],)
args__________ ([[120, 995, 859, 858, 755]],)
args__________ ([[121, 928, 872, 697]],)
args__________ ([[124, 195, 681, 720, 636]],)
args__________ ([[79, 720, 681, 132]],)
args__________ ([[142, 704, 619, 389, 957, 862]],)
args__________ ([[79, 150, 602, 636]],)
args__________ ([[151, 659, 386, 397, 766]],)
args__________ ([[156, 933, 953, 620, 956, 958]],)
args__________ ([[159, 904, 905, 890, 684, 885]],)
finish single seed process___________________
left nodes numner:_______ 121
sorted nodes by betweenness [161, 170, 180, 181, 191, 194, 222, 234, 245, 246, 248, 270, 271, 282, 295, 299, 311, 330, 342, 346, 349, 363, 369, 374, 375, 380, 381, 387, 390, 393, 398, 404, 410, 412, 426, 428, 437, 439, 446, 447, 449, 450, 454, 465, 477, 479, 480, 487, 488, 492, 496, 499, 501, 514, 528, 536, 538, 547, 564, 567, 573, 578, 582, 591, 609, 610, 612, 616, 630, 639, 642, 643, 646, 656, 658, 660, 662, 666, 667, 679, 686, 687, 692, 700, 702, 703, 718, 719, 724, 730, 742, 744, 745, 753, 761, 765, 776, 789, 791, 793, 795, 796, 800, 808, 812, 815, 820, 821, 823, 831, 837, 843, 849, 877, 896, 909, 917, 920, 930, 931, 937]
args__________ ([[161, 997, 808, 946]],)
args__________ ([[170, 995, 976, 858, 923, 974]],)
args__________ ([[180, 904, 905, 890, 685, 885]],)
args__________ ([[181, 1000, 976, 969, 859]],)
args__________ ([[191, 992, 939, 932, 919]],)
args__________ ([[194, 884, 802, 803, 924]],)
args__________ ([[222, 986, 857, 928]],)
args__________ ([[129, 602, 234, 561, 367]],)
args__________ ([[245, 976, 903, 974, 865]],)
args__________ ([[246, 992, 779, 939, 792]],)
args__________ ([[248, 996, 968, 950]],)
args__________ ([[270, 908, 881, 882, 949]],)
args__________ ([[271, 977, 832, 963]],)
args__________ ([[282, 991, 920, 881, 949]],)
args__________ ([[295, 839, 759, 790, 895]],)
args__________ ([[299, 704, 874, 957, 943, 640]],)
args__________ ([[311, 930, 925, 750]],)
args__________ ([[330, 835, 856, 906, 845, 797]],)
args__________ ([[972, 982, 342, 822]],)
args__________ ([[346, 904, 905, 937, 890, 685, 885]],)
args__________ ([[349, 994, 849, 977]],)
args__________ ([[363, 995, 1000, 976, 969, 974, 843]],)
args__________ ([[369, 961, 816, 957, 862, 943]],)
args__________ ([[197, 374, 769, 940]],)
args__________ ([[375, 935, 889, 825, 934]],)
args__________ ([[444, 380, 746]],)
args__________ ([[381, 995, 1000, 757, 974, 969, 903]],)
args__________ ([[163, 387, 897]],)
args__________ ([[305, 871, 936, 390]],)
args__________ ([[393, 957, 874, 943, 440, 619]],)
args__________ ([[267, 398, 418, 676]],)
args__________ ([[404, 889, 624, 701]],)
finish single seed process___________________
left nodes numner:_______ 72
sorted nodes by betweenness [410, 412, 426, 437, 439, 446, 447, 449, 450, 465, 477, 479, 480, 488, 492, 496, 499, 514, 528, 536, 538, 547, 564, 567, 573, 578, 582, 610, 612, 616, 630, 639, 642, 643, 646, 656, 658, 660, 662, 666, 667, 679, 686, 687, 692, 700, 702, 703, 719, 724, 730, 744, 745, 753, 761, 776, 789, 791, 793, 795, 796, 812, 820, 821, 823, 831, 837, 877, 896, 909, 917, 931]
args__________ ([[344, 964, 410, 607]],)
args__________ ([[412, 942, 983, 724, 805]],)
args__________ ([[426, 802, 884, 928, 929]],)
args__________ ([[437, 868, 966, 880, 915]],)
args__________ ([[430, 934, 879, 439, 914, 955]],)
args__________ ([[446, 961, 874, 751, 764, 957, 862, 943]],)
args__________ ([[352, 944, 985, 447]],)
args__________ ([[3, 725, 766, 449]],)
args__________ ([[748, 450, 97, 836, 999]],)
args__________ ([[465, 901, 848, 888, 873, 683, 870]],)
args__________ ([[243, 768, 877, 761, 477]],)
args__________ ([[479, 590, 901, 873, 696, 888]],)
args__________ ([[480, 874, 816, 943, 957, 509]],)
args__________ ([[488, 905, 890, 904, 885, 682, 570]],)
args__________ ([[409, 904, 905, 890, 885, 492, 684]],)
args__________ ([[93, 888, 423, 496, 873]],)
args__________ ([[104, 499, 720, 556]],)
args__________ ([[203, 866, 883, 715, 514]],)
args__________ ([[528, 966, 849, 952, 930]],)
args__________ ([[536, 895, 934, 838, 879, 825, 955]],)
args__________ ([[538, 874, 704, 751, 957, 943, 764, 862]],)
args__________ ([[331, 888, 873, 771, 547]],)
args__________ ([[564, 930, 801, 844]],)
args__________ ([[567, 972, 721, 891, 982]],)
args__________ ([[493, 865, 995, 1000, 969, 923, 903, 976, 573]],)
args__________ ([[578, 933, 887, 953, 956, 826, 958, 618]],)
args__________ ([[216, 774, 711, 754, 670, 302, 582]],)
args__________ ([[480, 986, 886, 610, 853]],)
args__________ ([[612, 1000, 672, 995, 969, 858, 974, 755]],)
args__________ ([[108, 962, 911, 675, 902, 616, 723]],)
args__________ ([[630, 874, 816, 943, 957, 862, 751]],)
args__________ ([[596, 933, 747, 953, 958, 639, 777, 787]],)
finish single seed process___________________
left nodes numner:_______ 37
sorted nodes by betweenness [642, 643, 646, 656, 658, 660, 662, 666, 667, 679, 686, 687, 692, 700, 702, 703, 719, 730, 744, 745, 753, 776, 789, 791, 793, 795, 796, 812, 820, 821, 823, 831, 837, 896, 909, 917, 931]
args__________ ([[642, 964, 925, 983, 942]],)
args__________ ([[328, 925, 964, 643]],)
args__________ ([[646, 999, 922, 954, 981]],)
args__________ ([[656, 992, 932, 919, 855, 939, 794, 786, 677]],)
args__________ ([[591, 952, 658, 946]],)
args__________ ([[425, 908, 660, 434, 949, 894]],)
args__________ ([[662, 888, 901, 873, 870, 782]],)
args__________ ([[666, 969, 903, 1000, 976, 974, 923, 757]],)
args__________ ([[667, 999, 972, 891, 981, 982]],)
args__________ ([[468, 927, 892, 679, 781]],)
args__________ ([[608, 994, 979, 760, 686]],)
args__________ ([[687, 933, 747, 787, 953, 956, 958, 767, 689]],)
args__________ ([[372, 816, 957, 943, 640, 692, 655]],)
args__________ ([[507, 933, 956, 953, 958, 887, 826, 861, 700, 978]],)
args__________ ([[702, 756, 942, 852, 925]],)
args__________ ([[290, 703, 613, 810]],)
args__________ ([[207, 719, 954, 913]],)
args__________ ([[394, 962, 673, 730, 921, 911, 817]],)
args__________ ([[663, 835, 845, 784, 850, 856, 731, 744]],)
args__________ ([[820, 999, 981, 809, 745]],)
args__________ ([[748, 981, 982, 809, 753]],)
args__________ ([[368, 874, 957, 943, 776, 704, 640]],)
args__________ ([[378, 905, 904, 890, 885, 684, 570, 789, 937]],)
args__________ ([[574, 933, 887, 826, 956, 958, 791, 603, 777]],)
args__________ ([[972, 982, 981, 809, 319, 793]],)
args__________ ([[184, 795, 971, 997]],)
args__________ ([[108, 962, 911, 554, 902, 921, 796]],)
args__________ ([[177, 774, 555, 754, 812, 300]],)
args__________ ([[44, 938, 965, 827, 820, 863]],)
args__________ ([[657, 945, 871, 970, 821, 695]],)
args__________ ([[823, 934, 839, 914, 879, 838, 895]],)
args__________ ([[304, 835, 845, 850, 797, 831, 896, 731]],)
finish single seed process___________________
left nodes numner:_______ 3
sorted nodes by betweenness [909, 917, 931]
args__________ ([[756, 964, 770, 852, 846, 925, 909]],)
args__________ ([[295, 846, 964, 917]],)
args__________ ([[307, 932, 918, 992, 779, 939, 931]],)
finish single seed process___________________
i =  0 [441, 198, 774, 711, 296, 236, 555, 300, 231, 494, 239, 177, 754, 302, 329, 216, 601, 27, 28, 670, 469]
i =  1 [899, 900, 407, 654, 15, 17, 18, 278, 279, 152, 452, 26, 284, 947, 926, 806, 552, 938, 811, 44, 813, 174, 944, 306, 51, 827, 829, 830, 575, 65, 324, 965, 199, 712, 334, 464, 83, 340, 599, 600, 985, 863, 352, 294, 357, 876, 365, 118, 379, 893, 638]
i =  2 [257, 518, 777, 787, 148, 661, 668, 933, 807, 689, 953, 826, 956, 958, 579, 586, 62, 596, 603, 861, 230, 232, 618, 747, 620, 116, 574, 887, 507, 125, 767]
i =  3 [512, 320, 898, 515, 772, 648, 10, 269, 143, 785, 788, 533, 537, 678, 551, 424, 604, 173, 814, 563, 184, 315, 266, 832, 522, 963, 326, 583, 971, 461, 977, 851, 854, 471, 219, 988, 979, 741, 608, 994, 635, 228, 997, 273, 623, 627, 631, 760, 123, 382]
i =  4 [256, 388, 5, 906, 396, 784, 663, 797, 32, 560, 304, 192, 577, 835, 196, 455, 585, 204, 845, 850, 856, 345, 731, 96, 485, 237, 126]
i =  5 [263, 529, 402, 915, 916, 535, 543, 33, 290, 804, 966, 810, 391, 240, 946, 691, 182, 951, 952, 313, 60, 950, 710, 967, 484, 206, 593, 597, 996, 218, 990, 101, 736, 225, 738, 868, 613, 81, 502, 359, 750, 880, 481, 758, 276, 763, 127]
i =  6 [9, 779, 400, 792, 786, 149, 918, 919, 24, 794, 932, 677, 939, 307, 436, 694, 58, 59, 572, 63, 68, 842, 588, 463, 338, 467, 855, 355, 473, 735, 992, 227, 364, 594, 238, 244, 637, 255]
i =  7 [769, 491, 520, 521, 401, 23, 664, 153, 285, 288, 305, 936, 42, 940, 431, 176, 945, 562, 695, 569, 187, 197, 970, 462, 847, 592, 341, 214, 89, 335, 732, 989, 864, 217, 871, 490, 107, 621, 110, 657, 762, 605]
i =  8 [224, 129, 546, 195, 636, 104, 556, 298, 76, 681, 79, 720, 561, 367, 215, 602, 347, 476, 414]
i =  9 [769, 491, 520, 521, 401, 23, 664, 153, 285, 288, 305, 936, 42, 940, 431, 176, 945, 562, 695, 569, 187, 197, 970, 462, 847, 592, 341, 214, 217, 732, 989, 864, 871, 490, 107, 621, 110, 89, 657, 762, 605]
i =  10 [257, 518, 777, 787, 148, 661, 668, 933, 807, 689, 953, 826, 956, 62, 579, 574, 586, 978, 596, 603, 861, 230, 232, 618, 747, 620, 116, 958, 887, 507, 125, 767]
i =  11 [258, 906, 395, 13, 14, 783, 913, 530, 20, 665, 411, 69, 809, 557, 49, 818, 822, 201, 185, 954, 699, 319, 64, 321, 836, 581, 97, 457, 714, 972, 207, 721, 722, 84, 981, 982, 505, 478, 737, 251, 998, 999, 233, 748, 366, 249, 891, 254]
i =  12 [640, 389, 139, 655, 147, 413, 160, 545, 422, 943, 816, 440, 314, 957, 704, 961, 323, 205, 333, 862, 103, 874, 619, 751, 368, 370, 371, 372, 764, 509]
i =  13 [2, 391, 402, 915, 276, 622, 535, 543, 33, 290, 359, 710, 810, 263, 240, 946, 691, 182, 951, 952, 313, 60, 959, 758, 966, 967, 968, 484, 206, 81, 597, 996, 218, 990, 101, 736, 225, 738, 868, 613, 593, 875, 750, 880, 113, 481, 628, 502, 950, 916, 763, 127]
i =  14 [768, 513, 418, 427, 676, 133, 614, 243, 8, 267, 495, 242, 403, 629, 474, 188, 61, 606, 511]
i =  15 [512, 320, 898, 515, 772, 648, 522, 269, 143, 273, 788, 533, 537, 678, 551, 424, 988, 173, 814, 563, 184, 266, 315, 10, 832, 963, 326, 583, 971, 461, 977, 851, 854, 471, 604, 979, 741, 608, 994, 123, 228, 997, 785, 623, 627, 631, 760, 635, 382]
i =  16 [641, 902, 647, 394, 706, 911, 144, 22, 921, 158, 289, 675, 134, 554, 690, 47, 817, 178, 179, 566, 183, 190, 962, 453, 673, 202, 723, 348, 272, 358, 743, 108, 115, 503, 377]
i =  17 [2, 391, 402, 915, 916, 535, 543, 33, 290, 966, 810, 263, 240, 946, 691, 182, 951, 952, 313, 60, 950, 710, 967, 484, 206, 593, 597, 996, 218, 990, 101, 736, 225, 738, 868, 613, 81, 359, 880, 758, 481, 502, 247, 276, 763, 127]
i =  18 [384, 128, 136, 11, 652, 781, 527, 539, 669, 798, 927, 417, 292, 297, 43, 309, 312, 828, 834, 451, 709, 72, 337, 468, 733, 869, 486, 444, 746, 752, 241, 626, 553, 122, 892, 253]
i =  19 [128, 384, 136, 11, 652, 781, 527, 539, 669, 798, 927, 417, 292, 553, 43, 309, 312, 444, 834, 451, 709, 72, 973, 208, 337, 468, 733, 993, 869, 486, 828, 746, 752, 241, 626, 297, 122, 892, 253]
i =  20 [644, 517, 264, 261, 168, 172, 46, 819, 571, 316, 833, 203, 580, 584, 715, 589, 78, 595, 726, 343, 729, 475, 350, 866, 99, 615, 235, 749, 883, 632, 633]
i =  21 [131, 260, 773, 262, 135, 778, 524, 141, 912, 482, 146, 408, 25, 928, 929, 802, 803, 550, 519, 301, 435, 308, 697, 445, 448, 327, 200, 841, 75, 332, 717, 975, 853, 727, 986, 92, 250, 351, 98, 739, 872, 489, 114, 884, 886, 376, 634]
i =  22 [4, 903, 138, 12, 275, 532, 406, 280, 923, 672, 680, 688, 693, 824, 186, 969, 716, 974, 976, 213, 858, 859, 223, 865, 354, 995, 1000, 617, 493, 755, 757, 510, 383]
i =  23 [1, 770, 775, 265, 525, 399, 344, 274, 534, 925, 286, 801, 674, 163, 164, 805, 38, 167, 171, 942, 542, 56, 607, 707, 964, 328, 844, 846, 209, 466, 852, 983, 728, 860, 221, 734, 95, 353, 226, 443, 361, 362, 756]
i =  24 [768, 513, 418, 267, 676, 133, 614, 243, 8, 427, 878, 495, 242, 403, 629, 474, 188, 61, 606, 511]
i =  25 [512, 320, 898, 515, 772, 648, 266, 269, 143, 273, 788, 533, 537, 678, 551, 424, 169, 171, 173, 814, 563, 184, 315, 10, 832, 522, 963, 326, 583, 971, 461, 977, 979, 854, 471, 851, 604, 741, 608, 994, 635, 228, 997, 785, 988, 623, 627, 631, 760, 123, 382]
i =  26 [6, 904, 905, 650, 685, 409, 415, 36, 549, 682, 684, 941, 392, 565, 310, 568, 570, 885, 960, 705, 86, 91, 890, 165, 611, 373, 378]
i =  27 [260, 773, 262, 519, 778, 524, 141, 146, 408, 25, 98, 928, 929, 802, 803, 550, 135, 301, 435, 308, 697, 445, 448, 327, 200, 841, 75, 332, 717, 975, 853, 727, 857, 986, 92, 634, 351, 482, 739, 872, 489, 114, 884, 886, 376, 250]
i =  28 [4, 903, 138, 12, 275, 532, 406, 280, 923, 672, 680, 688, 948, 693, 186, 969, 716, 974, 976, 213, 858, 859, 223, 865, 354, 995, 1000, 617, 493, 111, 755, 757, 510, 383]
i =  29 [1, 770, 775, 265, 525, 399, 344, 274, 534, 925, 286, 801, 674, 163, 805, 38, 167, 95, 942, 542, 56, 443, 707, 964, 328, 844, 846, 209, 466, 852, 983, 728, 860, 221, 734, 607, 353, 226, 361, 362, 756, 508]
i =  30 [897, 9, 779, 400, 24, 786, 149, 918, 919, 792, 794, 932, 677, 939, 307, 436, 694, 58, 59, 572, 63, 68, 842, 588, 463, 338, 355, 855, 473, 735, 992, 227, 364, 594, 238, 467, 244, 637, 255]
i =  31 [651, 908, 910, 540, 287, 416, 291, 421, 425, 434, 558, 433, 50, 52, 949, 438, 55, 698, 74, 193, 322, 708, 325, 780, 458, 460, 210, 980, 598, 987, 991, 867, 356, 229, 360, 189, 881, 882, 500, 268, 504, 894]
i =  32 [771, 901, 137, 523, 140, 782, 405, 283, 303, 29, 30, 799, 162, 419, 423, 41, 683, 429, 559, 840, 696, 442, 67, 70, 456, 331, 590, 848, 339, 93, 483, 870, 873, 497, 888, 252]
i =  33 [651, 780, 910, 540, 287, 416, 291, 421, 425, 50, 558, 433, 434, 52, 949, 438, 55, 698, 458, 53, 193, 322, 708, 325, 908, 74, 460, 210, 980, 598, 991, 867, 356, 229, 360, 189, 881, 882, 500, 268, 504, 894]
i =  34 [4, 903, 138, 12, 275, 532, 406, 280, 923, 672, 548, 680, 688, 693, 186, 969, 716, 974, 976, 213, 858, 859, 223, 865, 354, 995, 1000, 617, 493, 755, 757, 510, 383]
i =  35 [651, 780, 910, 924, 287, 416, 291, 421, 425, 50, 558, 433, 434, 52, 949, 438, 55, 698, 458, 193, 322, 708, 325, 908, 74, 460, 210, 980, 598, 540, 991, 867, 356, 229, 360, 189, 881, 882, 500, 268, 504, 894]
i =  36 [899, 900, 407, 654, 15, 17, 18, 278, 279, 324, 26, 284, 947, 926, 806, 552, 938, 811, 44, 813, 174, 944, 306, 51, 827, 829, 830, 575, 65, 452, 965, 199, 712, 334, 464, 83, 340, 599, 600, 863, 352, 294, 357, 876, 365, 118, 379, 893, 638]
i =  37 [256, 388, 5, 906, 396, 784, 663, 922, 797, 32, 560, 304, 192, 577, 835, 196, 455, 585, 204, 845, 850, 856, 345, 731, 96, 485, 237, 126]
i =  38 [128, 384, 136, 11, 652, 781, 527, 539, 669, 798, 927, 417, 292, 297, 43, 309, 312, 828, 834, 451, 709, 72, 337, 468, 984, 733, 869, 486, 444, 746, 752, 241, 626, 553, 122, 892, 253]
i =  39 [644, 261, 264, 907, 517, 166, 168, 172, 46, 819, 571, 316, 833, 715, 580, 584, 203, 589, 78, 595, 726, 343, 729, 475, 350, 866, 99, 615, 235, 749, 883, 632, 633]
i =  40 [130, 259, 516, 645, 7, 649, 145, 914, 531, 790, 154, 155, 157, 544, 624, 34, 420, 37, 934, 39, 430, 175, 825, 955, 317, 701, 838, 839, 713, 80, 85, 470, 88, 220, 740, 106, 935, 879, 112, 498, 117, 759, 889, 895]
i =  41 [4, 903, 138, 12, 275, 532, 406, 280, 923, 672, 680, 688, 693, 186, 576, 969, 716, 974, 976, 213, 858, 859, 223, 865, 354, 995, 1000, 617, 493, 755, 757, 510, 383]
i =  42 [260, 773, 262, 135, 778, 524, 141, 146, 408, 25, 98, 928, 929, 802, 803, 550, 519, 301, 435, 308, 697, 445, 448, 327, 200, 841, 75, 332, 717, 975, 853, 727, 986, 92, 250, 351, 482, 739, 100, 872, 489, 114, 884, 886, 376, 634]
i =  43 [130, 259, 516, 645, 7, 649, 145, 914, 531, 790, 154, 155, 157, 544, 624, 34, 879, 420, 37, 934, 39, 430, 175, 825, 955, 317, 838, 839, 713, 80, 85, 470, 88, 220, 740, 106, 935, 701, 112, 498, 117, 759, 889, 895]
i =  44 [258, 395, 13, 14, 783, 913, 530, 20, 665, 411, 69, 809, 557, 49, 818, 822, 457, 185, 954, 699, 319, 64, 321, 836, 581, 737, 201, 714, 972, 207, 721, 722, 211, 84, 981, 982, 249, 478, 97, 891, 998, 999, 233, 748, 366, 505, 251, 254]
i =  45 [651, 780, 910, 277, 540, 541, 287, 416, 291, 421, 425, 50, 558, 433, 434, 52, 949, 438, 55, 698, 74, 193, 322, 708, 325, 908, 458, 460, 210, 980, 598, 991, 867, 356, 229, 360, 189, 881, 882, 500, 268, 504, 894]
i =  46 [130, 259, 516, 645, 7, 649, 145, 914, 531, 790, 154, 155, 157, 544, 112, 34, 420, 37, 934, 935, 430, 175, 825, 955, 317, 701, 838, 839, 713, 80, 85, 470, 88, 220, 740, 106, 39, 879, 624, 498, 117, 759, 889, 895]
i =  47 [1, 770, 775, 265, 525, 399, 344, 274, 534, 925, 286, 801, 674, 163, 805, 38, 167, 942, 542, 56, 95, 707, 964, 328, 844, 846, 209, 466, 852, 983, 728, 860, 221, 734, 607, 353, 226, 443, 361, 362, 756]
i =  48 [385, 386, 3, 653, 526, 659, 21, 151, 671, 48, 293, 432, 54, 31, 71, 587, 77, 397, 725, 87, 472, 90, 625, 506, 766]
i =  49 [260, 773, 262, 135, 778, 524, 141, 16, 146, 408, 25, 98, 928, 929, 802, 803, 550, 519, 301, 435, 308, 697, 445, 448, 327, 200, 841, 75, 332, 717, 975, 853, 727, 986, 92, 250, 351, 482, 739, 872, 489, 114, 884, 886, 376, 634]
i =  50 [769, 107, 520, 521, 907, 762, 401, 19, 23, 664, 153, 285, 288, 945, 936, 42, 940, 431, 176, 305, 562, 695, 569, 187, 197, 970, 462, 847, 592, 212, 341, 214, 89, 732, 989, 864, 871, 105, 490, 491, 621, 110, 657, 217, 605]
i =  51 [385, 386, 3, 653, 526, 659, 21, 151, 31, 432, 293, 48, 54, 824, 671, 71, 587, 77, 397, 82, 725, 87, 472, 90, 625, 506, 766]
i =  52 [385, 386, 3, 653, 526, 659, 21, 151, 671, 48, 293, 432, 54, 31, 71, 587, 77, 397, 725, 87, 472, 90, 625, 506, 766]
i =  53 [257, 518, 777, 787, 148, 661, 668, 35, 933, 807, 689, 953, 826, 956, 574, 579, 586, 318, 596, 603, 861, 230, 958, 232, 618, 747, 620, 116, 62, 887, 507, 125, 767]
i =  54 [4, 903, 138, 12, 275, 532, 406, 280, 923, 672, 40, 688, 693, 186, 969, 716, 974, 976, 213, 858, 859, 223, 865, 354, 995, 1000, 617, 493, 111, 680, 755, 757, 510, 383]
i =  55 [224, 129, 546, 195, 104, 681, 298, 476, 556, 45, 79, 720, 561, 76, 215, 602, 367, 636, 347, 414]
i =  56 [385, 386, 3, 653, 526, 659, 21, 151, 671, 48, 293, 432, 54, 31, 71, 587, 77, 397, 725, 87, 472, 90, 625, 506, 766]
i =  57 [385, 386, 3, 653, 526, 659, 21, 151, 671, 48, 293, 432, 54, 824, 31, 71, 587, 77, 397, 725, 87, 472, 90, 625, 506, 766]
i =  58 [774, 27, 28, 670, 296, 555, 300, 302, 177, 441, 198, 711, 329, 469, 57, 216, 601, 231, 236, 494, 239, 754]
i =  59 [130, 259, 516, 645, 7, 649, 145, 914, 531, 790, 154, 155, 157, 544, 112, 34, 879, 420, 37, 934, 935, 430, 175, 825, 955, 317, 66, 838, 839, 713, 80, 85, 470, 88, 220, 740, 106, 39, 701, 624, 498, 117, 759, 889, 895]
i =  60 [385, 386, 3, 653, 526, 659, 21, 151, 671, 432, 293, 48, 54, 31, 71, 587, 77, 397, 725, 87, 472, 90, 625, 506, 766]
i =  61 [769, 491, 520, 521, 907, 621, 401, 657, 23, 664, 153, 285, 288, 945, 936, 42, 940, 431, 176, 305, 562, 695, 569, 187, 197, 73, 970, 462, 847, 592, 212, 341, 214, 89, 732, 989, 864, 217, 871, 105, 490, 107, 109, 110, 762, 605]
i =  62 [385, 386, 3, 653, 526, 659, 21, 151, 671, 48, 293, 432, 54, 31, 71, 587, 77, 397, 725, 87, 472, 90, 625, 506, 766]
i =  63 [385, 386, 3, 653, 526, 659, 21, 151, 671, 432, 293, 48, 54, 31, 71, 587, 77, 397, 82, 725, 87, 472, 90, 625, 506, 766]
i =  64 [385, 386, 3, 653, 526, 659, 21, 151, 671, 48, 293, 432, 54, 31, 71, 587, 77, 397, 725, 87, 472, 90, 625, 506, 766]
i =  65 [385, 386, 3, 653, 526, 659, 21, 151, 31, 432, 293, 48, 54, 671, 587, 71, 459, 77, 397, 725, 87, 472, 90, 625, 506, 766]
i =  66 [641, 902, 647, 394, 706, 911, 144, 22, 921, 158, 673, 675, 134, 554, 690, 47, 817, 178, 179, 566, 183, 190, 962, 453, 289, 202, 723, 348, 94, 272, 358, 743, 108, 115, 503, 377]
i =  67 [651, 780, 910, 277, 540, 287, 416, 291, 421, 425, 434, 558, 433, 50, 52, 949, 438, 55, 698, 458, 193, 322, 708, 325, 908, 74, 460, 210, 980, 598, 991, 867, 356, 229, 102, 360, 189, 881, 882, 500, 268, 504, 894]
i =  68 [651, 780, 910, 540, 287, 416, 291, 421, 425, 50, 558, 433, 434, 52, 949, 438, 55, 698, 74, 53, 193, 322, 708, 325, 908, 458, 460, 210, 980, 598, 991, 867, 356, 229, 360, 105, 189, 881, 882, 500, 268, 504, 894]
i =  69 [899, 900, 407, 654, 15, 17, 18, 278, 279, 452, 26, 284, 947, 926, 806, 552, 938, 811, 44, 813, 174, 944, 306, 51, 365, 827, 829, 830, 575, 65, 324, 965, 70, 199, 712, 334, 336, 83, 340, 599, 600, 863, 352, 464, 294, 357, 876, 109, 118, 379, 893, 638]
i =  70 [256, 388, 5, 396, 784, 663, 922, 797, 32, 560, 304, 192, 577, 835, 196, 455, 585, 204, 845, 850, 856, 345, 731, 96, 485, 237, 119, 126]
i =  71 [4, 903, 138, 12, 275, 532, 406, 280, 281, 923, 672, 680, 688, 693, 186, 969, 716, 974, 976, 213, 858, 859, 223, 865, 354, 995, 1000, 617, 493, 755, 757, 120, 510, 383]
i =  72 [260, 773, 262, 519, 778, 524, 141, 146, 408, 25, 98, 928, 929, 802, 803, 550, 135, 301, 435, 308, 697, 445, 448, 327, 200, 841, 75, 332, 717, 975, 853, 727, 986, 92, 634, 351, 482, 739, 872, 489, 114, 884, 886, 376, 121, 250]
i =  73 [224, 129, 546, 195, 636, 104, 681, 298, 556, 79, 720, 561, 347, 124, 215, 602, 367, 476, 76, 414]
i =  74 [224, 129, 546, 195, 132, 104, 681, 298, 556, 476, 79, 720, 561, 76, 215, 602, 367, 636, 347, 414]
i =  75 [640, 389, 139, 142, 655, 147, 413, 160, 545, 422, 943, 816, 440, 314, 957, 704, 323, 205, 333, 862, 103, 874, 619, 751, 368, 370, 371, 372, 764, 509]
i =  76 [224, 129, 546, 195, 150, 104, 681, 298, 556, 476, 79, 720, 561, 76, 215, 602, 367, 636, 347, 414]
i =  77 [385, 386, 3, 653, 526, 659, 21, 151, 671, 48, 293, 432, 54, 31, 71, 587, 77, 397, 725, 87, 472, 90, 625, 506, 766]
i =  78 [257, 518, 777, 787, 148, 661, 156, 933, 807, 668, 689, 953, 826, 956, 62, 579, 574, 586, 596, 603, 861, 230, 232, 618, 747, 620, 116, 958, 887, 507, 125, 767]
i =  79 [6, 904, 905, 650, 409, 159, 36, 165, 682, 684, 685, 392, 565, 310, 568, 570, 415, 885, 705, 86, 91, 378, 549, 611, 373, 890]
i =  80 [512, 320, 898, 515, 772, 81, 648, 522, 269, 271, 785, 788, 533, 537, 248, 849, 800, 161, 678, 551, 424, 169, 875, 173, 814, 815, 946, 563, 182, 184, 315, 266, 832, 963, 326, 583, 971, 461, 718, 591, 977, 851, 854, 471, 484, 143, 604, 349, 979, 741, 608, 609, 994, 123, 228, 997, 742, 273, 10, 691, 487, 988, 623, 240, 808, 102, 627, 501, 631, 760, 635, 765, 382]
i =  81 [4, 903, 138, 12, 275, 532, 406, 280, 923, 672, 680, 170, 688, 693, 186, 969, 716, 974, 976, 213, 858, 859, 223, 865, 354, 995, 1000, 617, 493, 755, 757, 510, 383]
i =  82 [6, 904, 905, 650, 409, 415, 36, 549, 682, 684, 685, 392, 180, 565, 310, 568, 570, 885, 705, 86, 91, 378, 165, 611, 373, 890]
i =  83 [4, 903, 138, 12, 275, 532, 406, 280, 923, 672, 680, 688, 181, 186, 693, 969, 716, 974, 976, 213, 858, 859, 223, 865, 354, 995, 1000, 617, 493, 755, 757, 510, 383]
i =  84 [2, 9, 779, 400, 24, 786, 149, 918, 919, 792, 794, 932, 677, 939, 307, 436, 694, 58, 59, 572, 63, 68, 842, 588, 463, 338, 355, 855, 473, 735, 992, 227, 364, 594, 238, 467, 244, 191, 637, 255]
i =  85 [260, 773, 262, 519, 778, 524, 141, 16, 482, 146, 408, 25, 924, 928, 929, 802, 803, 550, 135, 301, 435, 308, 697, 445, 448, 194, 327, 200, 841, 75, 332, 717, 975, 853, 727, 986, 92, 250, 351, 98, 739, 872, 489, 114, 884, 886, 376, 634]
i =  86 [260, 773, 262, 519, 778, 524, 141, 482, 146, 408, 25, 928, 929, 802, 803, 550, 135, 301, 435, 308, 697, 445, 448, 327, 200, 841, 75, 332, 717, 975, 853, 727, 857, 986, 92, 250, 222, 351, 98, 739, 872, 489, 114, 884, 886, 376, 634]
i =  87 [224, 129, 546, 195, 636, 104, 556, 234, 76, 681, 367, 720, 561, 79, 215, 602, 347, 476, 298, 414]
i =  88 [4, 903, 138, 12, 275, 532, 406, 280, 923, 672, 680, 688, 693, 186, 757, 969, 716, 974, 976, 213, 858, 859, 223, 865, 354, 995, 1000, 617, 493, 755, 245, 510, 383]
i =  89 [9, 779, 400, 792, 786, 149, 918, 919, 24, 794, 932, 677, 227, 939, 307, 436, 694, 58, 59, 572, 63, 68, 842, 588, 463, 338, 467, 855, 473, 735, 992, 355, 364, 594, 238, 244, 246, 191, 637, 255]
i =  90 [263, 402, 915, 276, 535, 543, 33, 290, 966, 810, 391, 240, 946, 691, 950, 951, 952, 313, 60, 868, 182, 710, 967, 968, 206, 593, 597, 996, 218, 990, 101, 736, 225, 738, 484, 613, 81, 502, 359, 750, 880, 481, 758, 248, 916, 763, 127]
i =  91 [651, 908, 910, 540, 287, 416, 291, 421, 425, 434, 558, 433, 50, 52, 949, 438, 55, 698, 74, 53, 193, 322, 708, 325, 780, 458, 460, 210, 980, 270, 598, 991, 867, 356, 229, 360, 189, 881, 882, 500, 268, 504, 894]
i =  92 [512, 320, 898, 515, 772, 648, 266, 269, 143, 785, 788, 533, 537, 678, 551, 424, 988, 173, 814, 563, 184, 315, 10, 832, 522, 963, 326, 583, 971, 461, 977, 851, 854, 471, 271, 604, 979, 741, 608, 994, 123, 228, 997, 273, 487, 623, 627, 631, 760, 635, 382]
i =  93 [651, 908, 910, 920, 282, 540, 287, 416, 291, 421, 425, 50, 558, 433, 434, 52, 949, 438, 55, 698, 74, 53, 193, 322, 708, 325, 780, 458, 460, 210, 980, 598, 991, 867, 356, 229, 360, 189, 881, 882, 500, 268, 247, 504, 894]
i =  94 [130, 259, 516, 645, 7, 649, 270, 145, 914, 531, 790, 39, 154, 155, 157, 544, 624, 34, 879, 420, 37, 934, 295, 430, 175, 825, 955, 317, 66, 454, 839, 713, 80, 838, 85, 470, 88, 220, 740, 106, 935, 701, 112, 498, 117, 759, 889, 895]
i =  95 [640, 389, 139, 655, 147, 413, 160, 545, 422, 299, 943, 816, 440, 314, 957, 704, 323, 205, 333, 862, 103, 874, 619, 751, 368, 370, 371, 372, 764, 509]
i =  96 [1, 770, 775, 265, 525, 399, 344, 274, 534, 925, 286, 734, 801, 930, 163, 805, 38, 167, 40, 428, 942, 542, 311, 56, 95, 707, 964, 454, 328, 844, 674, 846, 209, 466, 852, 983, 728, 860, 221, 94, 607, 353, 226, 443, 361, 362, 295, 750, 756, 508]
i =  97 [256, 388, 5, 906, 396, 784, 663, 797, 32, 560, 304, 192, 577, 835, 196, 455, 585, 330, 204, 845, 850, 856, 345, 731, 96, 485, 237, 126]
i =  98 [258, 982, 395, 13, 14, 783, 530, 20, 665, 411, 69, 809, 557, 49, 818, 822, 457, 185, 954, 699, 319, 64, 321, 836, 581, 737, 201, 714, 972, 207, 721, 722, 84, 981, 342, 505, 478, 97, 251, 998, 999, 233, 748, 366, 249, 891, 254]
i =  99 [6, 904, 905, 650, 409, 415, 36, 549, 937, 682, 684, 685, 392, 565, 310, 568, 570, 885, 705, 86, 346, 91, 378, 165, 611, 373, 890]
i =  100 [512, 320, 898, 515, 772, 648, 266, 269, 143, 785, 788, 533, 537, 849, 678, 551, 424, 988, 171, 173, 814, 563, 184, 315, 10, 832, 522, 963, 326, 583, 971, 461, 977, 851, 854, 471, 271, 604, 349, 979, 997, 608, 994, 123, 228, 741, 273, 623, 627, 631, 760, 635, 382]
i =  101 [4, 903, 138, 12, 275, 532, 406, 280, 923, 672, 40, 688, 693, 186, 969, 843, 716, 974, 976, 213, 858, 859, 223, 865, 354, 995, 1000, 617, 363, 493, 111, 680, 755, 757, 510, 383]
i =  102 [640, 389, 139, 655, 147, 413, 160, 545, 422, 943, 816, 440, 314, 957, 704, 961, 323, 205, 333, 862, 103, 874, 619, 751, 368, 369, 370, 371, 372, 764, 509]
i =  103 [769, 107, 520, 521, 401, 23, 664, 153, 285, 288, 305, 936, 42, 940, 431, 176, 945, 562, 695, 569, 187, 197, 970, 462, 847, 592, 341, 214, 89, 732, 989, 864, 217, 871, 490, 491, 621, 110, 374, 657, 762, 605]
i =  104 [130, 259, 516, 645, 7, 649, 145, 914, 531, 790, 154, 155, 157, 544, 112, 34, 420, 37, 934, 935, 430, 175, 825, 955, 317, 701, 838, 839, 713, 759, 80, 85, 470, 88, 220, 740, 106, 39, 879, 624, 498, 117, 375, 889, 895]
i =  105 [384, 128, 136, 11, 652, 781, 527, 539, 669, 798, 927, 417, 292, 553, 43, 309, 312, 828, 834, 451, 709, 72, 892, 337, 468, 733, 869, 486, 444, 746, 752, 241, 626, 297, 122, 380, 253]
i =  106 [4, 903, 138, 12, 275, 532, 406, 280, 923, 672, 40, 688, 693, 186, 969, 716, 974, 976, 213, 858, 859, 223, 865, 354, 995, 1000, 617, 493, 111, 680, 755, 757, 381, 510, 383]
i =  107 [897, 387, 9, 779, 400, 792, 786, 149, 918, 919, 24, 794, 163, 932, 677, 227, 939, 307, 436, 694, 58, 59, 572, 63, 68, 842, 588, 463, 338, 467, 855, 473, 735, 992, 355, 364, 594, 238, 244, 637, 255]
i =  108 [769, 491, 390, 520, 521, 401, 23, 664, 153, 285, 288, 945, 936, 42, 940, 431, 176, 305, 562, 695, 569, 187, 197, 970, 462, 847, 592, 341, 214, 217, 732, 989, 864, 871, 490, 107, 621, 110, 89, 657, 762, 605]
i =  109 [640, 389, 393, 139, 655, 147, 413, 160, 545, 422, 943, 816, 440, 314, 957, 704, 323, 333, 205, 862, 103, 874, 619, 751, 368, 370, 371, 372, 764, 509]
i =  110 [768, 513, 418, 427, 676, 133, 614, 243, 8, 267, 398, 495, 242, 403, 629, 474, 188, 61, 606, 511]
i =  111 [130, 259, 516, 645, 7, 649, 145, 914, 531, 404, 790, 154, 155, 157, 544, 112, 34, 879, 420, 37, 934, 39, 430, 175, 825, 955, 317, 838, 839, 713, 80, 85, 470, 88, 220, 740, 106, 935, 701, 624, 113, 498, 117, 759, 889, 895]
i =  112 [1, 770, 775, 265, 525, 399, 728, 274, 534, 410, 925, 286, 801, 674, 163, 805, 38, 167, 942, 542, 56, 95, 707, 964, 328, 844, 846, 209, 466, 852, 983, 344, 860, 221, 734, 607, 353, 226, 443, 361, 362, 756]
i =  113 [1, 770, 775, 265, 525, 399, 344, 274, 534, 412, 925, 542, 801, 674, 163, 805, 38, 167, 942, 286, 56, 607, 443, 707, 964, 328, 844, 846, 209, 466, 724, 983, 728, 860, 221, 734, 95, 353, 361, 362, 756, 374, 852]
i =  114 [260, 773, 262, 519, 778, 524, 141, 146, 408, 25, 98, 928, 929, 802, 803, 550, 426, 135, 301, 435, 308, 697, 445, 448, 327, 200, 841, 75, 332, 717, 975, 853, 727, 986, 92, 634, 351, 482, 739, 872, 489, 114, 884, 886, 376, 250]
i =  115 [2, 391, 402, 915, 276, 535, 543, 33, 290, 710, 810, 263, 240, 946, 691, 437, 950, 951, 952, 313, 60, 182, 966, 967, 484, 206, 81, 597, 996, 218, 990, 101, 736, 225, 738, 868, 613, 593, 359, 880, 758, 481, 502, 916, 763, 127]
i =  116 [130, 259, 516, 645, 7, 649, 145, 914, 531, 790, 154, 155, 157, 544, 112, 34, 420, 37, 934, 39, 430, 175, 439, 825, 955, 317, 701, 838, 839, 713, 80, 85, 470, 88, 220, 740, 106, 935, 879, 624, 498, 117, 759, 889, 895]
i =  117 [640, 389, 139, 655, 147, 413, 160, 545, 422, 943, 816, 440, 314, 957, 446, 704, 961, 323, 205, 333, 862, 103, 874, 619, 751, 368, 370, 371, 372, 764, 509]
i =  118 [899, 900, 407, 654, 15, 17, 18, 278, 279, 452, 26, 284, 947, 926, 294, 552, 938, 811, 44, 813, 174, 944, 306, 51, 827, 829, 830, 447, 65, 324, 965, 199, 712, 334, 464, 83, 340, 599, 600, 985, 863, 352, 806, 357, 876, 365, 118, 575, 379, 893, 638]
i =  119 [385, 386, 3, 653, 526, 659, 21, 151, 671, 432, 293, 48, 54, 31, 449, 71, 587, 77, 397, 725, 87, 472, 90, 625, 506, 766]
i =  120 [258, 395, 13, 14, 783, 530, 20, 665, 411, 581, 809, 557, 49, 818, 822, 201, 185, 954, 699, 319, 64, 321, 450, 836, 69, 737, 457, 714, 972, 207, 721, 722, 84, 981, 982, 505, 478, 97, 891, 998, 999, 233, 748, 366, 249, 251, 254]
i =  121 [771, 901, 137, 523, 140, 782, 405, 283, 559, 29, 30, 799, 162, 419, 423, 41, 683, 429, 303, 456, 696, 442, 67, 840, 331, 590, 848, 465, 339, 93, 483, 870, 873, 497, 888, 252]
i =  122 [768, 513, 133, 8, 267, 403, 418, 676, 427, 188, 61, 474, 477, 606, 614, 877, 495, 242, 243, 629, 761, 511]
i =  123 [771, 901, 137, 523, 140, 782, 405, 283, 303, 29, 30, 799, 162, 419, 423, 41, 683, 429, 559, 840, 696, 442, 67, 70, 456, 331, 590, 848, 339, 93, 479, 483, 870, 873, 497, 888, 252]
i =  124 [640, 389, 139, 655, 147, 413, 160, 545, 422, 943, 816, 440, 314, 957, 704, 323, 205, 333, 862, 480, 103, 874, 619, 751, 368, 370, 371, 372, 764, 509]
i =  125 [6, 392, 905, 650, 409, 415, 36, 549, 682, 684, 685, 904, 565, 310, 568, 570, 885, 705, 86, 91, 378, 165, 611, 488, 373, 890]
i =  126 [6, 904, 905, 650, 409, 415, 36, 549, 682, 684, 685, 392, 565, 310, 568, 570, 159, 373, 705, 86, 91, 378, 165, 611, 492, 885, 890]
i =  127 [771, 901, 137, 523, 140, 782, 405, 283, 303, 29, 30, 799, 162, 419, 423, 41, 683, 429, 559, 840, 696, 442, 67, 456, 331, 590, 848, 339, 93, 483, 870, 873, 496, 497, 888, 252]
i =  128 [224, 129, 546, 195, 79, 104, 556, 298, 476, 76, 45, 681, 367, 720, 561, 499, 215, 602, 347, 636, 414]
i =  129 [514, 644, 261, 264, 517, 168, 172, 46, 819, 571, 316, 833, 203, 580, 584, 715, 589, 78, 595, 726, 343, 729, 475, 350, 866, 99, 615, 235, 749, 883, 632, 633]
i =  130 [484, 387, 81, 391, 271, 528, 402, 915, 916, 535, 543, 33, 930, 710, 810, 263, 240, 946, 691, 564, 437, 182, 951, 952, 313, 60, 502, 966, 967, 290, 206, 849, 597, 996, 218, 349, 990, 101, 736, 225, 738, 868, 613, 593, 359, 750, 880, 113, 481, 758, 950, 276, 763, 127]
i =  131 [130, 259, 516, 645, 7, 649, 145, 914, 531, 790, 536, 154, 155, 157, 544, 624, 34, 420, 37, 934, 39, 430, 175, 825, 955, 317, 701, 838, 839, 713, 80, 85, 470, 88, 220, 740, 106, 935, 879, 112, 498, 117, 759, 889, 895]
i =  132 [640, 389, 139, 655, 147, 538, 413, 160, 545, 422, 943, 816, 440, 314, 957, 704, 323, 205, 333, 862, 103, 874, 619, 751, 368, 370, 371, 372, 764, 509]
i =  133 [771, 901, 137, 523, 140, 782, 405, 283, 559, 29, 30, 799, 162, 547, 423, 41, 683, 429, 303, 456, 696, 442, 67, 840, 331, 590, 848, 339, 93, 419, 483, 870, 873, 497, 888, 252]
i =  134 [1, 770, 775, 265, 525, 399, 344, 274, 534, 925, 286, 801, 930, 163, 805, 38, 167, 942, 564, 542, 56, 95, 707, 964, 328, 844, 674, 846, 209, 466, 852, 983, 728, 860, 221, 734, 607, 353, 226, 443, 361, 362, 756]
i =  135 [258, 395, 13, 14, 783, 530, 20, 665, 411, 69, 457, 809, 557, 49, 818, 822, 567, 185, 954, 699, 319, 64, 321, 836, 581, 97, 201, 714, 972, 207, 721, 722, 84, 981, 982, 505, 478, 737, 251, 998, 999, 233, 748, 366, 249, 891, 254]
i =  136 [4, 903, 138, 12, 275, 532, 406, 280, 923, 672, 680, 688, 693, 186, 573, 969, 716, 974, 976, 213, 858, 859, 223, 865, 354, 995, 1000, 617, 493, 755, 757, 510, 383]
i =  137 [257, 518, 777, 787, 148, 661, 156, 933, 807, 668, 689, 953, 826, 956, 62, 578, 579, 574, 586, 596, 603, 861, 230, 958, 232, 618, 747, 620, 116, 318, 887, 507, 125, 767]
i =  138 [774, 27, 28, 670, 582, 296, 555, 300, 302, 177, 441, 198, 711, 329, 469, 216, 601, 231, 236, 494, 239, 754]
i =  139 [260, 773, 262, 519, 778, 524, 141, 482, 146, 408, 25, 928, 929, 802, 803, 550, 135, 301, 435, 308, 697, 445, 448, 327, 200, 841, 75, 332, 98, 975, 208, 853, 727, 717, 986, 92, 634, 351, 480, 610, 739, 872, 489, 114, 884, 886, 376, 121, 250]
i =  140 [4, 903, 138, 12, 275, 532, 406, 280, 923, 672, 680, 688, 693, 186, 969, 716, 974, 976, 213, 858, 859, 223, 865, 354, 995, 612, 1000, 617, 493, 755, 757, 510, 383]
i =  141 [641, 902, 647, 394, 706, 911, 272, 22, 921, 158, 289, 675, 134, 554, 690, 47, 817, 178, 179, 566, 183, 190, 962, 453, 673, 202, 723, 348, 144, 358, 743, 616, 108, 115, 503, 377]
i =  142 [640, 389, 139, 655, 147, 413, 160, 545, 422, 943, 816, 440, 314, 957, 704, 323, 333, 205, 862, 103, 874, 619, 751, 368, 370, 371, 372, 630, 764, 509]
i =  143 [257, 518, 777, 787, 148, 661, 668, 933, 807, 639, 689, 953, 826, 956, 574, 579, 586, 596, 603, 861, 230, 958, 232, 618, 747, 620, 116, 62, 887, 507, 125, 767]
i =  144 [1, 642, 775, 265, 770, 399, 728, 274, 534, 925, 286, 801, 674, 163, 805, 38, 167, 171, 942, 542, 56, 607, 443, 707, 964, 454, 328, 844, 846, 525, 209, 466, 852, 983, 344, 860, 221, 734, 95, 353, 361, 362, 756]
i =  145 [1, 770, 643, 775, 265, 525, 399, 728, 274, 534, 925, 286, 801, 674, 163, 805, 38, 167, 942, 542, 56, 95, 707, 964, 328, 844, 846, 209, 466, 852, 983, 344, 860, 221, 734, 607, 353, 226, 443, 361, 362, 756]
i =  146 [258, 201, 342, 646, 395, 13, 14, 783, 530, 19, 20, 665, 922, 411, 69, 809, 557, 49, 818, 822, 457, 185, 954, 699, 319, 64, 321, 836, 581, 737, 73, 714, 972, 207, 721, 722, 84, 981, 982, 505, 478, 97, 891, 998, 999, 233, 748, 366, 249, 251, 254]
i =  147 [9, 779, 400, 24, 786, 149, 918, 919, 792, 794, 932, 677, 939, 307, 436, 694, 58, 59, 572, 63, 68, 842, 588, 463, 338, 467, 855, 355, 473, 735, 992, 656, 227, 364, 594, 238, 244, 637, 255]
i =  148 [387, 263, 658, 915, 916, 535, 543, 33, 290, 966, 810, 391, 946, 691, 182, 951, 952, 313, 60, 868, 880, 758, 710, 967, 206, 591, 81, 597, 996, 218, 990, 613, 736, 225, 738, 484, 101, 593, 359, 402, 240, 481, 502, 950, 276, 763, 508, 127]
i =  149 [651, 780, 910, 660, 540, 287, 416, 291, 421, 425, 50, 558, 433, 434, 52, 53, 438, 55, 698, 74, 949, 193, 322, 708, 325, 908, 458, 460, 210, 980, 598, 991, 867, 356, 229, 360, 189, 881, 882, 500, 268, 504, 894]
i =  150 [771, 901, 137, 523, 140, 782, 405, 662, 283, 303, 29, 30, 799, 162, 419, 423, 41, 683, 429, 559, 840, 696, 442, 67, 456, 331, 590, 848, 339, 93, 483, 870, 873, 497, 888, 252]
i =  151 [4, 903, 138, 12, 275, 532, 406, 280, 666, 923, 672, 680, 688, 693, 186, 969, 716, 974, 976, 213, 858, 859, 223, 865, 354, 995, 1000, 617, 493, 755, 757, 510, 383]
i =  152 [258, 395, 13, 14, 783, 530, 20, 665, 667, 69, 411, 809, 557, 49, 818, 822, 457, 185, 954, 699, 319, 64, 321, 836, 581, 97, 201, 714, 972, 207, 721, 722, 84, 981, 982, 505, 478, 737, 251, 998, 999, 233, 748, 366, 249, 891, 254]
i =  153 [128, 384, 136, 11, 652, 781, 527, 539, 669, 798, 927, 417, 292, 679, 297, 43, 309, 312, 828, 834, 451, 709, 72, 337, 468, 733, 869, 486, 444, 746, 752, 241, 626, 553, 122, 892, 253]
i =  154 [512, 320, 898, 515, 772, 648, 522, 269, 143, 273, 788, 814, 537, 678, 551, 424, 169, 173, 686, 563, 184, 266, 315, 10, 832, 963, 326, 583, 971, 461, 977, 979, 854, 471, 851, 604, 997, 608, 994, 635, 228, 741, 785, 988, 623, 627, 631, 760, 123, 382, 533]
i =  155 [257, 518, 777, 787, 148, 661, 668, 933, 807, 687, 689, 953, 826, 956, 958, 579, 586, 62, 596, 603, 861, 230, 232, 618, 747, 620, 116, 574, 887, 507, 125, 767]
i =  156 [640, 389, 139, 655, 147, 413, 160, 545, 422, 943, 816, 692, 440, 314, 957, 704, 323, 205, 333, 862, 103, 874, 619, 751, 368, 370, 371, 372, 764, 509]
i =  157 [257, 518, 777, 787, 148, 661, 668, 933, 807, 689, 953, 826, 700, 62, 579, 574, 586, 978, 596, 603, 861, 230, 232, 956, 618, 747, 620, 116, 958, 887, 507, 125, 767]
i =  158 [1, 770, 775, 265, 525, 399, 344, 274, 534, 925, 286, 801, 674, 163, 164, 805, 38, 167, 942, 542, 56, 95, 702, 707, 964, 328, 844, 846, 209, 466, 852, 983, 728, 860, 221, 734, 607, 353, 443, 361, 362, 756]
i =  159 [391, 402, 915, 916, 535, 543, 33, 290, 710, 810, 263, 946, 691, 182, 951, 952, 313, 60, 703, 880, 502, 966, 967, 484, 206, 81, 597, 996, 218, 990, 101, 736, 225, 738, 868, 613, 593, 359, 240, 481, 758, 950, 276, 763, 124, 127]
i =  160 [258, 395, 13, 14, 783, 913, 530, 19, 20, 665, 201, 411, 581, 667, 809, 557, 49, 818, 822, 73, 185, 954, 699, 319, 64, 321, 836, 69, 97, 457, 714, 972, 207, 721, 722, 84, 981, 982, 505, 719, 478, 737, 891, 998, 999, 233, 748, 366, 249, 251, 254]
i =  161 [641, 134, 647, 394, 706, 911, 144, 22, 921, 158, 673, 675, 902, 554, 690, 47, 817, 178, 179, 566, 183, 190, 962, 453, 289, 202, 723, 730, 348, 272, 358, 743, 108, 115, 503, 377]
i =  162 [256, 388, 5, 396, 784, 663, 797, 32, 560, 304, 192, 577, 835, 196, 455, 585, 204, 845, 850, 856, 345, 731, 96, 485, 744, 237, 126]
i =  163 [258, 342, 395, 13, 14, 783, 530, 20, 73, 665, 411, 581, 809, 557, 49, 818, 820, 822, 457, 185, 954, 699, 319, 64, 321, 836, 69, 737, 201, 714, 972, 207, 721, 722, 981, 982, 505, 478, 97, 891, 998, 999, 233, 748, 366, 745, 249, 251, 380, 837, 254]
i =  164 [258, 395, 13, 14, 783, 530, 20, 665, 411, 581, 457, 809, 557, 49, 818, 822, 73, 185, 954, 699, 319, 64, 321, 836, 69, 737, 201, 714, 972, 207, 721, 722, 84, 981, 982, 505, 478, 97, 891, 998, 999, 233, 748, 366, 753, 249, 251, 254]
i =  165 [640, 389, 776, 139, 655, 147, 413, 160, 545, 422, 299, 943, 816, 440, 314, 957, 704, 323, 205, 333, 862, 103, 874, 619, 751, 368, 370, 371, 372, 764, 509]
i =  166 [6, 904, 905, 650, 789, 409, 415, 36, 165, 937, 682, 684, 685, 392, 565, 310, 568, 570, 885, 705, 86, 91, 378, 549, 611, 373, 890]
i =  167 [257, 518, 777, 787, 148, 661, 791, 668, 933, 807, 689, 953, 826, 956, 958, 579, 574, 586, 596, 603, 861, 230, 232, 618, 747, 620, 116, 62, 887, 507, 125, 767]
i =  168 [258, 395, 13, 14, 783, 530, 20, 793, 665, 411, 69, 809, 557, 49, 818, 822, 201, 185, 954, 699, 319, 64, 321, 836, 581, 97, 457, 714, 972, 207, 721, 722, 84, 981, 982, 505, 478, 737, 891, 998, 999, 233, 748, 366, 249, 251, 254]
i =  169 [512, 320, 898, 515, 772, 648, 522, 269, 143, 273, 788, 533, 537, 795, 161, 678, 551, 424, 988, 173, 814, 10, 563, 184, 315, 266, 832, 963, 326, 583, 971, 461, 977, 851, 854, 471, 604, 979, 741, 608, 994, 123, 228, 997, 785, 623, 627, 631, 760, 635, 382]
i =  170 [641, 902, 647, 394, 706, 911, 272, 22, 921, 796, 158, 289, 675, 134, 554, 690, 47, 817, 178, 179, 566, 183, 190, 962, 453, 673, 202, 723, 348, 144, 358, 743, 108, 115, 503, 377]
i =  171 [774, 812, 27, 28, 670, 296, 555, 300, 302, 177, 441, 198, 711, 329, 469, 216, 601, 231, 236, 494, 239, 754]
i =  172 [899, 900, 407, 654, 15, 17, 18, 278, 279, 152, 324, 26, 284, 947, 926, 806, 552, 938, 811, 44, 813, 174, 944, 306, 51, 820, 827, 829, 830, 575, 65, 452, 965, 199, 712, 334, 464, 83, 340, 599, 600, 863, 352, 294, 357, 876, 365, 118, 379, 893, 638]
i =  173 [769, 107, 520, 521, 401, 23, 664, 153, 285, 288, 305, 936, 42, 940, 431, 176, 945, 562, 821, 695, 569, 187, 197, 970, 462, 847, 592, 341, 214, 89, 732, 989, 864, 217, 871, 490, 491, 621, 110, 657, 762, 605]
i =  174 [130, 259, 516, 645, 7, 649, 145, 914, 531, 790, 154, 155, 157, 544, 112, 34, 420, 37, 934, 39, 430, 175, 823, 825, 955, 317, 701, 66, 838, 839, 713, 80, 85, 470, 88, 220, 740, 106, 935, 879, 624, 498, 117, 759, 889, 895]
i =  175 [896, 256, 388, 5, 396, 784, 663, 797, 32, 560, 304, 831, 192, 577, 835, 196, 455, 585, 330, 204, 845, 850, 856, 345, 731, 96, 485, 237, 126]
i =  176 [1, 770, 775, 265, 909, 399, 344, 274, 534, 925, 286, 801, 674, 163, 805, 38, 167, 942, 542, 56, 95, 707, 964, 328, 844, 846, 525, 209, 466, 852, 983, 728, 860, 221, 734, 607, 353, 443, 361, 362, 756]
i =  177 [1, 770, 775, 265, 525, 399, 728, 274, 917, 534, 925, 286, 801, 674, 163, 805, 38, 295, 942, 542, 56, 95, 707, 964, 328, 844, 226, 846, 209, 466, 852, 983, 344, 860, 221, 734, 607, 353, 610, 443, 361, 362, 167, 756]
i =  178 [9, 779, 400, 792, 786, 149, 918, 919, 24, 794, 931, 932, 677, 939, 307, 436, 694, 58, 59, 572, 63, 68, 842, 588, 463, 594, 355, 855, 473, 735, 992, 227, 364, 338, 238, 467, 244, 637, 255]
finish get all communities
complete deal_communities
commplete get_all_nature_community
----------------------------------The detection result is: 

all communities: 
i =  1 : [46, 78, 99, 166, 168, 172, 203, 235, 261, 264, 316, 343, 350, 475, 514, 517, 571, 580, 584, 589, 595, 615, 632, 633, 644, 715, 726, 729, 749, 819, 833, 866, 883, 907]
i =  2 : [8, 61, 133, 188, 242, 243, 267, 398, 403, 418, 427, 474, 477, 495, 511, 513, 606, 614, 629, 676, 761, 768, 877, 878]
i =  3 : [3, 21, 31, 48, 54, 71, 77, 82, 87, 90, 151, 293, 385, 386, 397, 432, 449, 459, 472, 506, 526, 587, 625, 653, 659, 671, 725, 766, 824]
i =  4 : [27, 28, 57, 177, 198, 216, 231, 236, 239, 296, 300, 302, 329, 441, 469, 494, 555, 582, 601, 670, 711, 754, 774, 812]
i =  5 : [15, 17, 18, 26, 44, 51, 65, 70, 83, 109, 118, 152, 174, 199, 278, 279, 284, 294, 306, 324, 334, 336, 340, 352, 357, 365, 379, 407, 447, 452, 464, 552, 575, 599, 600, 638, 654, 712, 806, 811, 813, 820, 827, 829, 830, 863, 876, 893, 899, 900, 926, 938, 944, 947, 965, 985]
i =  6 : [11, 43, 72, 122, 128, 136, 208, 241, 253, 292, 297, 309, 312, 337, 380, 384, 417, 444, 451, 468, 486, 527, 539, 553, 626, 652, 669, 679, 709, 733, 746, 752, 781, 798, 828, 834, 869, 892, 927, 973, 984, 993]
i =  7 : [22, 47, 94, 108, 115, 134, 144, 158, 178, 179, 183, 190, 202, 272, 289, 348, 358, 377, 394, 453, 503, 554, 566, 616, 641, 647, 673, 675, 690, 706, 723, 730, 743, 796, 817, 902, 911, 921, 962]
i =  8 : [5, 32, 96, 119, 126, 192, 196, 204, 237, 256, 304, 330, 345, 388, 396, 455, 485, 560, 577, 585, 663, 731, 744, 784, 797, 831, 835, 845, 850, 856, 896, 906, 922]
i =  9 : [10, 81, 102, 123, 143, 161, 169, 171, 173, 182, 184, 219, 228, 240, 248, 266, 269, 271, 273, 315, 320, 326, 349, 382, 424, 461, 471, 484, 487, 501, 512, 515, 522, 533, 537, 551, 563, 583, 591, 604, 608, 609, 623, 627, 631, 635, 648, 678, 686, 691, 718, 741, 742, 760, 765, 772, 785, 788, 795, 800, 808, 814, 815, 832, 849, 851, 854, 875, 898, 946, 963, 971, 977, 979, 988, 994, 997]
i =  10 : [45, 76, 79, 104, 124, 129, 132, 150, 195, 215, 224, 234, 298, 347, 367, 414, 476, 499, 546, 556, 561, 602, 636, 681, 720]
i =  11 : [2, 9, 24, 58, 59, 63, 68, 149, 163, 191, 227, 238, 244, 246, 255, 307, 338, 355, 364, 387, 400, 436, 463, 467, 473, 572, 588, 594, 637, 656, 677, 694, 735, 779, 786, 792, 794, 842, 855, 897, 918, 919, 931, 932, 939, 992]
i =  12 : [29, 30, 41, 67, 70, 93, 137, 140, 162, 252, 283, 303, 331, 339, 405, 419, 423, 429, 442, 456, 465, 479, 483, 496, 497, 523, 547, 559, 590, 662, 683, 696, 771, 782, 799, 840, 848, 870, 873, 888, 901]
i =  13 : [19, 23, 42, 73, 89, 105, 107, 109, 110, 153, 176, 187, 197, 212, 214, 217, 285, 288, 305, 335, 341, 374, 390, 401, 431, 462, 490, 491, 520, 521, 562, 569, 592, 605, 621, 657, 664, 695, 732, 762, 769, 821, 847, 864, 871, 907, 936, 940, 945, 970, 989]
i =  14 : [16, 25, 75, 92, 98, 100, 114, 121, 131, 135, 141, 146, 194, 200, 208, 222, 250, 260, 262, 301, 308, 327, 332, 351, 376, 408, 426, 435, 445, 448, 480, 482, 489, 519, 524, 550, 610, 634, 697, 717, 727, 739, 773, 778, 802, 803, 841, 853, 857, 872, 884, 886, 912, 924, 928, 929, 975, 986]
i =  15 : [6, 36, 86, 91, 159, 165, 180, 310, 346, 373, 378, 392, 409, 415, 488, 492, 549, 565, 568, 570, 611, 650, 682, 684, 685, 705, 789, 885, 890, 904, 905, 937, 941, 960]
i =  16 : [35, 62, 116, 125, 148, 156, 230, 232, 257, 318, 507, 518, 574, 578, 579, 586, 596, 603, 618, 620, 639, 661, 668, 687, 689, 700, 747, 767, 777, 787, 791, 807, 826, 861, 887, 933, 953, 956, 958, 978]
i =  17 : [7, 34, 37, 39, 66, 80, 85, 88, 106, 112, 113, 117, 130, 145, 154, 155, 157, 175, 220, 259, 270, 295, 317, 375, 404, 420, 430, 439, 454, 470, 498, 516, 531, 536, 544, 624, 645, 649, 701, 713, 740, 759, 790, 823, 825, 838, 839, 879, 889, 895, 914, 934, 935, 955]
i =  18 : [2, 33, 60, 81, 101, 113, 124, 127, 182, 206, 218, 225, 240, 247, 248, 263, 271, 276, 290, 313, 349, 359, 387, 391, 402, 437, 481, 484, 502, 508, 528, 529, 535, 543, 564, 591, 593, 597, 613, 622, 628, 658, 691, 703, 710, 736, 738, 750, 758, 763, 804, 810, 849, 868, 875, 880, 915, 916, 930, 946, 950, 951, 952, 959, 966, 967, 968, 990, 996]
i =  19 : [50, 52, 53, 55, 74, 102, 105, 189, 193, 210, 229, 247, 268, 270, 277, 282, 287, 291, 322, 325, 356, 360, 416, 421, 425, 433, 434, 438, 458, 460, 500, 504, 540, 541, 558, 598, 651, 660, 698, 708, 780, 867, 881, 882, 894, 908, 910, 920, 924, 949, 980, 987, 991]
i =  20 : [13, 14, 19, 20, 49, 64, 69, 73, 84, 97, 185, 201, 207, 211, 233, 249, 251, 254, 258, 319, 321, 342, 366, 380, 395, 411, 450, 457, 478, 505, 530, 557, 567, 581, 646, 665, 667, 699, 714, 719, 721, 722, 737, 745, 748, 753, 783, 793, 809, 818, 820, 822, 836, 837, 891, 906, 913, 922, 954, 972, 981, 982, 998, 999]
i =  21 : [103, 139, 142, 147, 160, 205, 299, 314, 323, 333, 368, 369, 370, 371, 372, 389, 393, 413, 422, 440, 446, 480, 509, 538, 545, 619, 630, 640, 655, 692, 704, 751, 764, 776, 816, 862, 874, 943, 957, 961]
i =  22 : [1, 38, 40, 56, 94, 95, 163, 164, 167, 171, 209, 221, 226, 265, 274, 286, 295, 311, 328, 344, 353, 361, 362, 374, 399, 410, 412, 428, 443, 454, 466, 508, 525, 534, 542, 564, 607, 610, 642, 643, 674, 702, 707, 724, 728, 734, 750, 756, 770, 775, 801, 805, 844, 846, 852, 860, 909, 917, 925, 930, 942, 964, 983]
i =  23 : [4, 12, 40, 111, 120, 138, 170, 181, 186, 213, 223, 245, 275, 280, 281, 354, 363, 381, 383, 406, 493, 510, 532, 548, 573, 576, 612, 617, 666, 672, 680, 688, 693, 716, 755, 757, 824, 843, 858, 859, 865, 903, 923, 948, 969, 974, 976, 995, 1000]
overlapping nodes are:  [2, 19, 40, 70, 73, 81, 94, 102, 105, 109, 113, 124, 163, 171, 182, 208, 240, 247, 248, 270, 271, 295, 349, 374, 380, 387, 454, 480, 484, 508, 564, 591, 610, 691, 750, 820, 824, 849, 875, 906, 907, 922, 924, 930, 946] 
 NOO is:  45
total time is:  424.847655058
