lens of ground_truth:  25
ground_truth is: [[21, 73, 85, 116, 122, 124, 145, 168, 173, 253, 296, 308, 322, 344, 402, 415, 432, 455, 479, 483, 501, 552, 553, 578, 586, 587, 605, 608, 628, 629, 636, 742, 754, 766, 775, 869, 880, 897, 920, 936, 948], [6, 7, 29, 33, 79, 80, 139, 146, 147, 167, 190, 195, 199, 206, 210, 255, 259, 262, 263, 265, 274, 275, 299, 302, 327, 349, 367, 373, 383, 389, 398, 429, 447, 462, 466, 468, 477, 481, 485, 490, 491, 493, 538, 542, 563, 568, 575, 576, 580, 582, 585, 592, 594, 599, 609, 619, 624, 641, 652, 680, 681, 684, 693, 724, 783, 787, 789, 797, 805, 809, 810, 815, 824, 840, 846, 853, 886, 892, 913, 922, 931, 942, 949, 950, 954, 964, 969, 973, 975, 981, 986, 987, 992, 998], [18, 25, 34, 42, 55, 68, 71, 86, 151, 154, 156, 169, 220, 227, 272, 278, 280, 289, 317, 334, 338, 343, 371, 381, 393, 415, 436, 448, 472, 506, 507, 515, 561, 564, 574, 576, 577, 588, 590, 618, 658, 684, 706, 776, 806, 816, 820, 829, 838, 848, 882, 926, 953, 966, 983, 988], [27, 47, 72, 102, 112, 131, 136, 146, 148, 175, 178, 180, 198, 200, 202, 228, 259, 304, 314, 335, 343, 348, 349, 355, 378, 401, 407, 422, 437, 439, 472, 480, 541, 556, 559, 581, 614, 647, 675, 678, 679, 695, 740, 755, 762, 781, 784, 803, 804, 813, 817, 823, 824, 826, 837, 839, 858, 871, 877, 890, 891, 893, 894, 906, 921, 923, 927, 929, 931, 939, 945, 951, 957, 962, 965, 987, 996], [17, 24, 26, 76, 86, 92, 105, 120, 135, 141, 142, 144, 148, 160, 183, 185, 201, 234, 269, 300, 333, 353, 416, 435, 446, 463, 474, 491, 508, 528, 532, 545, 546, 583, 591, 612, 646, 674, 732, 752, 753, 762, 767, 774, 794, 818, 832, 836, 863, 879, 885, 895, 927, 941, 953, 960], [39, 108, 114, 181, 232, 242, 293, 301, 311, 336, 337, 351, 391, 395, 530, 542, 584, 672, 674, 694, 768, 771, 904, 956, 963], [14, 25, 28, 59, 79, 81, 122, 192, 200, 202, 205, 208, 212, 214, 218, 221, 226, 231, 254, 276, 278, 288, 293, 310, 325, 328, 342, 348, 364, 365, 366, 368, 375, 385, 396, 402, 407, 408, 421, 470, 482, 503, 534, 569, 589, 650, 660, 702, 705, 713, 722, 731, 738, 748, 757, 812, 868, 880, 891, 904, 907, 909, 944, 947, 964, 993, 999], [12, 15, 46, 50, 54, 65, 70, 83, 95, 166, 170, 172, 184, 216, 248, 257, 267, 332, 339, 345, 388, 392, 406, 420, 428, 435, 451, 512, 521, 531, 537, 540, 579, 605, 607, 613, 634, 639, 645, 653, 665, 667, 675, 691, 728, 734, 735, 748, 751, 769, 778, 791, 803, 806, 808, 821, 841, 852, 855, 872, 979, 1000], [22, 57, 98, 121, 137, 189, 193, 207, 236, 247, 324, 350, 400, 423, 456, 459, 481, 498, 521, 567, 571, 595, 631, 634, 668, 676, 737, 750, 764, 780, 793, 873, 918, 945, 976, 979], [5, 6, 33, 46, 48, 64, 71, 74, 81, 106, 111, 123, 126, 128, 130, 139, 150, 161, 163, 174, 204, 230, 241, 246, 249, 250, 252, 257, 263, 286, 291, 297, 313, 352, 364, 386, 397, 409, 414, 425, 456, 462, 468, 485, 505, 536, 553, 567, 580, 582, 599, 656, 659, 666, 691, 724, 726, 734, 737, 787, 809, 815, 846, 851, 854, 859, 864, 870, 876, 877, 889, 902, 903, 906, 911, 915, 922, 942, 949, 956, 957, 975, 977, 981, 986, 992, 1000], [75, 93, 162, 182, 183, 239, 245, 326, 346, 368, 370, 403, 457, 469, 486, 557, 563, 602, 696, 702, 707, 709, 711, 729, 741, 747, 800, 879, 881, 944], [2, 9, 40, 100, 115, 120, 125, 138, 153, 157, 211, 231, 240, 241, 261, 268, 270, 282, 294, 307, 329, 347, 362, 394, 410, 414, 433, 440, 454, 467, 473, 489, 496, 502, 509, 555, 594, 597, 604, 632, 655, 682, 687, 688, 690, 699, 714, 719, 723, 733, 739, 743, 744, 758, 798, 827, 847, 849, 878, 905, 910, 912, 917, 929, 930, 933, 940, 958, 967, 995], [18, 31, 44, 51, 88, 89, 93, 110, 134, 158, 163, 165, 170, 171, 177, 187, 194, 199, 213, 230, 255, 261, 271, 273, 275, 297, 301, 331, 340, 367, 369, 372, 404, 405, 412, 426, 429, 448, 458, 480, 490, 506, 531, 539, 570, 571, 601, 640, 658, 671, 672, 673, 697, 706, 709, 727, 730, 760, 765, 767, 786, 788, 790, 801, 831, 833, 835, 843, 844, 870, 872, 883, 885, 919, 935, 936, 950, 961, 971, 984, 989], [1, 37, 43, 67, 107, 162, 194, 229, 237, 260, 354, 384, 417, 434, 450, 524, 565, 578, 620, 721, 782, 888], [4, 8, 35, 52, 63, 77, 104, 110, 115, 135, 159, 196, 203, 214, 223, 243, 250, 284, 303, 309, 312, 319, 337, 380, 386, 410, 413, 466, 467, 496, 501, 510, 517, 535, 540, 544, 565, 597, 598, 606, 611, 632, 650, 682, 687, 688, 714, 723, 759, 777, 796, 827, 834, 863, 924, 932, 966, 990], [62, 99, 127, 140, 143, 256, 277, 279, 282, 296, 298, 374, 431, 453, 488, 499, 548, 568, 581, 598, 689, 698, 720], [38, 50, 102, 129, 149, 192, 209, 222, 299, 304, 359, 375, 387, 390, 413, 427, 439, 484, 500, 523, 538, 545, 556, 589, 623, 643, 685, 710, 712, 726, 732, 755, 770, 779, 780, 782, 795, 799, 828, 874, 882, 893, 896, 923, 934, 972, 994], [3, 10, 41, 69, 77, 78, 85, 90, 97, 116, 117, 118, 137, 186, 217, 219, 266, 281, 287, 290, 300, 306, 340, 365, 372, 376, 379, 382, 396, 411, 427, 447, 452, 455, 461, 475, 486, 494, 495, 511, 514, 534, 626, 633, 635, 638, 641, 648, 655, 663, 669, 677, 678, 692, 703, 788, 792, 811, 837, 842, 843, 860, 866, 899, 900, 902, 925, 928, 938, 946, 954, 963, 985, 997], [45, 53, 72, 83, 106, 133, 188, 238, 264, 285, 298, 318, 363, 418, 445, 464, 471, 518, 519, 551, 573, 610, 644, 651, 659, 670, 717, 725, 749, 756, 857, 873, 875, 914, 918, 946], [23, 28, 66, 87, 91, 113, 144, 147, 197, 224, 262, 265, 295, 330, 378, 399, 465, 528, 543, 547, 566, 572, 600, 615, 660, 662, 679, 700, 718, 738, 778, 822, 838, 854, 867, 881, 908, 916, 941, 952], [16, 19, 60, 82, 94, 318, 323, 357, 476, 487, 558, 562, 575, 616, 657, 686, 704, 708, 739, 745, 773, 785, 790, 801, 802, 859, 894, 960, 991], [2, 7, 11, 20, 30, 56, 58, 96, 108, 109, 127, 152, 155, 161, 164, 166, 205, 215, 225, 235, 251, 352, 355, 361, 392, 419, 433, 438, 441, 460, 492, 497, 498, 504, 508, 513, 522, 527, 550, 593, 621, 642, 654, 716, 761, 792, 798, 807, 810, 845, 856, 884, 903, 959, 968, 970, 974, 978, 980, 982], [104, 132, 283, 287, 315, 358, 436, 449, 478, 526, 533, 554, 560, 596, 649, 664, 765, 836, 845, 912, 976], [5, 30, 32, 36, 49, 57, 84, 101, 117, 145, 176, 179, 233, 235, 258, 305, 314, 316, 320, 341, 356, 360, 373, 377, 428, 430, 443, 444, 473, 497, 512, 515, 517, 525, 537, 549, 601, 617, 622, 625, 630, 637, 640, 642, 661, 683, 690, 705, 715, 763, 772, 785, 791, 814, 819, 825, 830, 850, 862, 865, 888, 897, 901, 943, 947, 951, 955, 971, 973, 996], [13, 34, 42, 61, 78, 91, 103, 119, 191, 244, 292, 321, 323, 371, 376, 382, 399, 424, 442, 446, 516, 520, 525, 529, 603, 621, 627, 701, 736, 744, 746, 751, 861, 883, 887, 898, 937, 991]]
nodes and edges_____________: 1000 ,  9878
read network over________________________
nodes: [501, 565, 578, 581, 601, 641, 691, 714, 741, 744, 769, 797, 806, 814, 819, 833, 835, 852, 895, 912, 914, 928, 932, 936, 944, 946, 951, 952, 953, 954, 956, 964, 965, 966, 969, 978, 979, 989, 991, 994, 995, 996, 1000] num of nodes:  43
[[173, 948, 920, 501], [417, 450, 620, 721, 524, 565, 888], [67, 721, 620, 578, 229], [62, 720, 698, 488, 499, 581], [316, 865, 830, 601], [349, 641, 585, 840], [613, 728, 691, 821], [153, 714, 849, 733], [346, 800, 557, 741, 707, 729, 696, 747], [529, 898, 937, 887, 744, 861, 701], [54, 841, 639, 769, 451], [167, 998, 805, 681, 797], [393, 806, 618, 574, 983], [356, 955, 814, 360, 830, 943], [617, 825, 819, 850, 830, 943], [570, 730, 961, 833, 984, 919], [177, 271, 984, 786, 835], [216, 841, 728, 665, 852], [416, 895, 753, 927, 879], [478, 976, 649, 554, 533, 664, 912, 596, 560, 526], [518, 875, 857, 914, 725, 670, 651, 749, 717], [306, 985, 925, 900, 928, 842], [203, 924, 510, 863, 932, 990], [124, 869, 936, 948, 920, 586, 479], [75, 729, 602, 800, 944, 747, 370], [471, 875, 717, 651, 756, 946, 725], [335, 871, 858, 784, 951], [23, 867, 908, 822, 952, 600, 572, 718], [185, 818, 836, 953, 591], [10, 985, 938, 954, 669], [351, 771, 768, 956, 963, 584, 904, 530, 391], [993, 999, 964, 421, 880, 276], [131, 965, 813, 923, 823], [63, 990, 777, 924, 243, 966], [274, 998, 969, 922, 892], [419, 978, 968, 980, 884, 513, 807], [247, 976, 400, 945, 793, 979], [171, 935, 989, 883, 831], [292, 898, 937, 746, 991, 736, 861, 883, 887], [643, 934, 994, 896, 770, 712, 795, 874, 685], [454, 995, 930, 849, 699, 917, 733], [176, 955, 549, 996, 947], [216, 841, 728, 665, 1000]]
len of cliques:  43
downsides after: [[478, 976, 649, 554, 533, 664, 912, 596, 560, 526], [518, 875, 857, 914, 725, 670, 651, 749, 717], [351, 771, 768, 956, 963, 584, 904, 530, 391], [292, 898, 937, 746, 991, 736, 861, 883, 887], [643, 934, 994, 896, 770, 712, 795, 874, 685], [346, 800, 557, 741, 707, 729, 696, 747], [23, 867, 908, 822, 952, 600, 572, 718], [417, 450, 620, 721, 524, 565, 888], [529, 898, 937, 887, 744, 861, 701], [124, 869, 936, 948, 920, 586, 479], [75, 729, 602, 800, 944, 747, 370], [471, 875, 717, 651, 756, 946, 725], [419, 978, 968, 980, 884, 513, 807], [454, 995, 930, 849, 699, 917, 733], [62, 720, 698, 488, 499, 581], [356, 955, 814, 360, 830, 943], [617, 825, 819, 850, 830, 943], [570, 730, 961, 833, 984, 919], [306, 985, 925, 900, 928, 842], [203, 924, 510, 863, 932, 990], [993, 999, 964, 421, 880, 276], [63, 990, 777, 924, 243, 966], [247, 976, 400, 945, 793, 979], [67, 721, 620, 578, 229], [54, 841, 639, 769, 451], [167, 998, 805, 681, 797], [393, 806, 618, 574, 983], [177, 271, 984, 786, 835], [216, 841, 728, 665, 852], [416, 895, 753, 927, 879], [335, 871, 858, 784, 951], [185, 818, 836, 953, 591], [10, 985, 938, 954, 669], [131, 965, 813, 923, 823], [274, 998, 969, 922, 892], [171, 935, 989, 883, 831], [176, 955, 549, 996, 947], [216, 841, 728, 665, 1000], [173, 948, 920, 501], [316, 865, 830, 601], [349, 641, 585, 840], [613, 728, 691, 821], [153, 714, 849, 733]]
number of downsided seeds: 43
[[478, 976, 649, 554, 533, 664, 912, 596, 560, 526], [518, 875, 857, 914, 725, 670, 651, 749, 717], [351, 771, 768, 956, 963, 584, 904, 530, 391], [292, 898, 937, 746, 991, 736, 861, 883, 887], [643, 934, 994, 896, 770, 712, 795, 874, 685], [346, 800, 557, 741, 707, 729, 696, 747], [23, 867, 908, 822, 952, 600, 572, 718], [417, 450, 620, 721, 524, 565, 888], [529, 898, 937, 887, 744, 861, 701], [124, 869, 936, 948, 920, 586, 479], [75, 729, 602, 800, 944, 747, 370], [471, 875, 717, 651, 756, 946, 725], [419, 978, 968, 980, 884, 513, 807], [454, 995, 930, 849, 699, 917, 733], [62, 720, 698, 488, 499, 581], [356, 955, 814, 360, 830, 943], [617, 825, 819, 850, 830, 943], [570, 730, 961, 833, 984, 919], [306, 985, 925, 900, 928, 842], [203, 924, 510, 863, 932, 990], [993, 999, 964, 421, 880, 276], [63, 990, 777, 924, 243, 966], [247, 976, 400, 945, 793, 979], [67, 721, 620, 578, 229], [54, 841, 639, 769, 451], [167, 998, 805, 681, 797], [393, 806, 618, 574, 983], [177, 271, 984, 786, 835], [216, 841, 728, 665, 852], [416, 895, 753, 927, 879], [335, 871, 858, 784, 951], [185, 818, 836, 953, 591], [10, 985, 938, 954, 669], [131, 965, 813, 923, 823], [274, 998, 969, 922, 892], [171, 935, 989, 883, 831], [176, 955, 549, 996, 947], [216, 841, 728, 665, 1000], [173, 948, 920, 501], [316, 865, 830, 601], [349, 641, 585, 840], [613, 728, 691, 821], [153, 714, 849, 733]]
after sorted:  [[478, 976, 649, 554, 533, 664, 912, 596, 560, 526], [518, 875, 857, 914, 725, 670, 651, 749, 717], [351, 771, 768, 956, 963, 584, 904, 530, 391], [292, 898, 937, 746, 991, 736, 861, 883, 887], [643, 934, 994, 896, 770, 712, 795, 874, 685], [346, 800, 557, 741, 707, 729, 696, 747], [23, 867, 908, 822, 952, 600, 572, 718], [417, 450, 620, 721, 524, 565, 888], [529, 898, 937, 887, 744, 861, 701], [124, 869, 936, 948, 920, 586, 479], [75, 729, 602, 800, 944, 747, 370], [471, 875, 717, 651, 756, 946, 725], [419, 978, 968, 980, 884, 513, 807], [454, 995, 930, 849, 699, 917, 733], [62, 720, 698, 488, 499, 581], [356, 955, 814, 360, 830, 943], [617, 825, 819, 850, 830, 943], [570, 730, 961, 833, 984, 919], [306, 985, 925, 900, 928, 842], [203, 924, 510, 863, 932, 990], [993, 999, 964, 421, 880, 276], [63, 990, 777, 924, 243, 966], [247, 976, 400, 945, 793, 979], [67, 721, 620, 578, 229], [54, 841, 639, 769, 451], [167, 998, 805, 681, 797], [393, 806, 618, 574, 983], [177, 271, 984, 786, 835], [216, 841, 728, 665, 852], [416, 895, 753, 927, 879], [335, 871, 858, 784, 951], [185, 818, 836, 953, 591], [10, 985, 938, 954, 669], [131, 965, 813, 923, 823], [274, 998, 969, 922, 892], [171, 935, 989, 883, 831], [176, 955, 549, 996, 947], [216, 841, 728, 665, 1000], [173, 948, 920, 501], [316, 865, 830, 601], [349, 641, 585, 840], [613, 728, 691, 821], [153, 714, 849, 733]]
before num:  43
befor deal_cliques:  43
after deal_cliques:  42
length of seeds:  42
seeds:  [set([976, 649, 554, 526, 912, 596, 533, 560, 664, 478]), set([875, 518, 651, 749, 717, 914, 725, 857, 670]), set([768, 771, 391, 584, 904, 530, 963, 956, 351]), set([736, 898, 292, 937, 746, 883, 887, 861, 991]), set([896, 994, 643, 934, 712, 874, 770, 685, 795]), set([800, 707, 741, 747, 557, 696, 729, 346]), set([867, 908, 718, 952, 822, 23, 600, 572]), set([417, 450, 565, 721, 888, 620, 524]), set([529, 898, 887, 744, 937, 701, 861]), set([920, 948, 869, 936, 586, 124, 479]), set([800, 944, 370, 75, 729, 602, 747]), set([946, 875, 756, 725, 471, 651, 717]), set([513, 978, 419, 884, 807, 968, 980]), set([849, 930, 995, 917, 454, 699, 733]), set([720, 499, 581, 488, 698, 62]), set([356, 830, 360, 955, 814, 943]), set([850, 819, 825, 617, 830, 943]), set([961, 833, 984, 570, 919, 730]), set([928, 306, 900, 985, 842, 925]), set([932, 990, 203, 924, 510, 863]), set([880, 993, 964, 421, 999, 276]), set([243, 966, 777, 924, 990, 63]), set([400, 976, 979, 945, 793, 247]), set([728, 852, 665, 1000, 841, 216]), set([721, 578, 67, 620, 229]), set([639, 841, 451, 54, 769]), set([681, 167, 797, 998, 805]), set([393, 618, 806, 574, 983]), set([984, 177, 786, 835, 271]), set([416, 753, 879, 895, 927]), set([784, 335, 858, 951, 871]), set([185, 818, 836, 953, 591]), set([985, 10, 954, 669, 938]), set([813, 131, 923, 965, 823]), set([969, 274, 892, 922, 998]), set([935, 989, 883, 171, 831]), set([176, 947, 996, 955, 549]), set([920, 948, 173, 501]), set([865, 316, 830, 601]), set([840, 641, 349, 585]), set([728, 691, 613, 821]), set([153, 714, 733, 849])]
seeds_fitness [0.21897810218978103, 0.2155688622754491, 0.1506276150627615, 0.1258741258741259, 0.16822429906542055, 0.2222222222222222, 0.16279069767441862, 0.1686746987951807, 0.125, 0.10294117647058823, 0.13592233009708737, 0.109375, 0.08383233532934131, 0.07106598984771574, 0.16574585635359115, 0.06048387096774194, 0.05555555555555555, 0.054249547920433995, 0.054249547920433995, 0.06772009029345373, 0.04991680532445923, 0.06550218340611354, 0.05415162454873646, 0.0603448275862069, 0.11695906432748537, 0.07017543859649122, 0.0353356890459364, 0.04807692307692308, 0.04434589800443459, 0.0380952380952381, 0.03759398496240601, 0.04415011037527594, 0.0338409475465313, 0.03430531732418525, 0.029069767441860465, 0.03496503496503497, 0.034722222222222224, 0.03715170278637771, 0.034482758620689655, 0.038338658146964855, 0.036585365853658534, 0.03625377643504532]
after sort list of tuple: [(5, 0.2222222222222222), (0, 0.21897810218978103), (1, 0.2155688622754491), (7, 0.1686746987951807), (4, 0.16822429906542055), (14, 0.16574585635359115), (6, 0.16279069767441862), (2, 0.1506276150627615), (10, 0.13592233009708737), (3, 0.1258741258741259), (8, 0.125), (24, 0.11695906432748537), (11, 0.109375), (9, 0.10294117647058823), (12, 0.08383233532934131), (13, 0.07106598984771574), (25, 0.07017543859649122), (19, 0.06772009029345373), (21, 0.06550218340611354), (15, 0.06048387096774194), (23, 0.0603448275862069), (16, 0.05555555555555555), (17, 0.054249547920433995), (18, 0.054249547920433995), (22, 0.05415162454873646), (20, 0.04991680532445923), (27, 0.04807692307692308), (28, 0.04434589800443459), (31, 0.04415011037527594), (39, 0.038338658146964855), (29, 0.0380952380952381), (30, 0.03759398496240601), (37, 0.03715170278637771), (40, 0.036585365853658534), (41, 0.03625377643504532), (26, 0.0353356890459364), (35, 0.03496503496503497), (36, 0.034722222222222224), (38, 0.034482758620689655), (33, 0.03430531732418525), (32, 0.0338409475465313), (34, 0.029069767441860465)]
seeds_sorted [set([800, 707, 741, 747, 557, 696, 729, 346]), set([976, 649, 554, 526, 912, 596, 533, 560, 664, 478]), set([875, 518, 651, 749, 717, 914, 725, 857, 670]), set([417, 450, 565, 721, 888, 620, 524]), set([896, 994, 643, 934, 712, 874, 770, 685, 795]), set([720, 499, 581, 488, 698, 62]), set([867, 908, 718, 952, 822, 23, 600, 572]), set([768, 771, 391, 584, 904, 530, 963, 956, 351]), set([800, 944, 370, 75, 729, 602, 747]), set([736, 898, 292, 937, 746, 883, 887, 861, 991]), set([529, 898, 887, 744, 937, 701, 861]), set([721, 578, 67, 620, 229]), set([946, 875, 756, 725, 471, 651, 717]), set([920, 948, 869, 936, 586, 124, 479]), set([513, 978, 419, 884, 807, 968, 980]), set([849, 930, 995, 917, 454, 699, 733]), set([639, 841, 451, 54, 769]), set([932, 990, 203, 924, 510, 863]), set([243, 966, 777, 924, 990, 63]), set([356, 830, 360, 955, 814, 943]), set([728, 852, 665, 1000, 841, 216]), set([850, 819, 825, 617, 830, 943]), set([961, 833, 984, 570, 919, 730]), set([928, 306, 900, 985, 842, 925]), set([400, 976, 979, 945, 793, 247]), set([880, 993, 964, 421, 999, 276]), set([393, 618, 806, 574, 983]), set([984, 177, 786, 835, 271]), set([185, 818, 836, 953, 591]), set([840, 641, 349, 585]), set([416, 753, 879, 895, 927]), set([784, 335, 858, 951, 871]), set([920, 948, 173, 501]), set([728, 691, 613, 821]), set([153, 714, 733, 849]), set([681, 167, 797, 998, 805]), set([935, 989, 883, 171, 831]), set([176, 947, 996, 955, 549]), set([865, 316, 830, 601]), set([813, 131, 923, 965, 823]), set([985, 10, 954, 669, 938]), set([969, 274, 892, 922, 998])]
args__________ ([set([800, 707, 741, 747, 557, 696, 729, 346]), set([969, 274, 892, 922, 998])],)
args__________ ([set([976, 649, 554, 526, 912, 596, 533, 560, 664, 478]), set([985, 10, 954, 669, 938])],)
args__________ ([set([875, 518, 651, 749, 717, 914, 725, 857, 670]), set([813, 131, 923, 965, 823])],)
args__________ ([set([417, 450, 565, 721, 888, 620, 524]), set([865, 316, 830, 601])],)
args__________ ([set([896, 994, 643, 934, 712, 874, 770, 685, 795]), set([176, 947, 996, 955, 549])],)
args__________ ([set([720, 499, 581, 488, 698, 62]), set([935, 989, 883, 171, 831])],)
args__________ ([set([867, 908, 718, 952, 822, 23, 600, 572]), set([681, 167, 797, 998, 805])],)
args__________ ([set([768, 771, 391, 584, 904, 530, 963, 956, 351]), set([153, 714, 733, 849])],)
args__________ ([set([800, 944, 370, 75, 729, 602, 747]), set([728, 691, 613, 821])],)
args__________ ([set([736, 898, 292, 937, 746, 883, 887, 861, 991]), set([920, 948, 173, 501])],)
args__________ ([set([529, 898, 887, 744, 937, 701, 861])],)
args__________ ([set([721, 578, 67, 620, 229])],)
args__________ ([set([946, 875, 756, 725, 471, 651, 717])],)
args__________ ([set([920, 948, 869, 936, 586, 124, 479])],)
args__________ ([set([513, 978, 419, 884, 807, 968, 980])],)
args__________ ([set([849, 930, 995, 917, 454, 699, 733])],)
args__________ ([set([639, 841, 451, 54, 769])],)
args__________ ([set([932, 990, 203, 924, 510, 863])],)
args__________ ([set([243, 966, 777, 924, 990, 63])],)
args__________ ([set([356, 830, 360, 955, 814, 943])],)
args__________ ([set([728, 852, 665, 1000, 841, 216])],)
args__________ ([set([850, 819, 825, 617, 830, 943])],)
args__________ ([set([961, 833, 984, 570, 919, 730])],)
args__________ ([set([928, 306, 900, 985, 842, 925])],)
args__________ ([set([400, 976, 979, 945, 793, 247])],)
args__________ ([set([880, 993, 964, 421, 999, 276])],)
args__________ ([set([393, 618, 806, 574, 983])],)
args__________ ([set([984, 177, 786, 835, 271])],)
args__________ ([set([185, 818, 836, 953, 591])],)
args__________ ([set([840, 641, 349, 585])],)
args__________ ([set([416, 753, 879, 895, 927])],)
args__________ ([set([784, 335, 858, 951, 871])],)
finish process___________________
i =  0 [800, 707, 741, 326, 711, 457, 747, 557, 239, 370, 403, 469, 182, 183, 696, 729, 346, 75, 602, 245]
i =  1 [1, 2, 3, 4, 5, 6, 7, 8, 9, 10, 11, 12, 13, 14, 15, 16, 17, 18, 19, 20, 21, 22, 23, 24, 25, 26, 27, 28, 29, 30, 31, 32, 33, 34, 35, 36, 37, 38, 39, 40, 41, 42, 43, 44, 45, 46, 47, 48, 49, 50, 51, 52, 53, 54, 55, 56, 57, 58, 59, 60, 61, 62, 63, 64, 65, 66, 67, 68, 69, 70, 71, 72, 73, 74, 75, 76, 77, 78, 79, 80, 81, 82, 83, 84, 85, 86, 87, 88, 89, 90, 91, 92, 93, 94, 95, 96, 97, 98, 99, 100, 101, 102, 103, 104, 105, 106, 107, 108, 109, 110, 111, 112, 113, 114, 115, 116, 117, 118, 119, 120, 121, 122, 123, 124, 125, 126, 127, 128, 129, 130, 131, 132, 133, 134, 135, 136, 137, 138, 139, 140, 141, 142, 143, 144, 145, 146, 147, 148, 149, 150, 151, 152, 153, 154, 155, 156, 157, 158, 159, 160, 161, 162, 163, 164, 165, 166, 167, 168, 169, 170, 171, 172, 173, 174, 175, 176, 177, 178, 179, 180, 181, 182, 183, 184, 185, 186, 187, 188, 189, 190, 191, 192, 193, 194, 195, 196, 197, 198, 199, 200, 201, 202, 203, 204, 205, 206, 207, 208, 209, 210, 211, 212, 213, 214, 215, 216, 217, 218, 219, 220, 221, 222, 223, 224, 225, 226, 227, 228, 229, 230, 231, 232, 233, 234, 235, 236, 237, 238, 239, 240, 241, 242, 243, 244, 245, 246, 247, 248, 249, 250, 251, 252, 253, 254, 255, 256, 257, 258, 259, 260, 261, 262, 263, 264, 265, 266, 267, 268, 269, 270, 271, 272, 273, 274, 275, 276, 277, 278, 279, 280, 281, 282, 283, 284, 285, 286, 287, 288, 289, 290, 291, 292, 293, 294, 295, 296, 297, 298, 299, 300, 301, 302, 303, 304, 305, 306, 307, 308, 309, 310, 311, 312, 313, 314, 315, 316, 317, 318, 319, 320, 321, 322, 323, 324, 325, 326, 327, 328, 329, 330, 331, 332, 333, 334, 335, 336, 337, 338, 339, 340, 341, 342, 343, 344, 345, 346, 347, 348, 349, 350, 351, 352, 353, 354, 355, 356, 357, 358, 359, 360, 361, 362, 363, 364, 365, 366, 367, 368, 369, 370, 371, 372, 373, 374, 375, 376, 377, 378, 379, 380, 381, 382, 383, 384, 385, 386, 387, 388, 389, 390, 391, 392, 393, 394, 395, 396, 397, 398, 399, 400, 401, 402, 403, 404, 405, 406, 407, 408, 409, 410, 411, 412, 413, 414, 415, 416, 417, 418, 419, 420, 421, 422, 423, 424, 425, 426, 427, 428, 429, 430, 431, 432, 433, 434, 435, 436, 437, 438, 439, 440, 441, 442, 443, 444, 445, 446, 447, 448, 449, 450, 451, 452, 453, 454, 455, 456, 457, 458, 459, 460, 461, 462, 463, 464, 465, 466, 467, 468, 469, 470, 471, 472, 473, 474, 475, 476, 477, 478, 479, 480, 481, 482, 483, 484, 485, 486, 487, 488, 489, 490, 491, 492, 493, 494, 495, 496, 497, 498, 499, 500, 501, 502, 503, 504, 505, 506, 507, 508, 509, 510, 511, 512, 513, 514, 515, 516, 517, 518, 519, 520, 521, 522, 523, 524, 525, 526, 527, 528, 529, 530, 531, 532, 533, 534, 535, 536, 537, 538, 539, 540, 541, 542, 543, 544, 545, 546, 547, 548, 549, 550, 551, 552, 553, 554, 555, 556, 557, 558, 559, 560, 561, 562, 563, 564, 565, 566, 567, 568, 569, 570, 571, 572, 573, 574, 575, 576, 577, 578, 579, 580, 581, 582, 583, 584, 585, 586, 587, 588, 589, 590, 591, 592, 593, 594, 595, 596, 597, 598, 599, 600, 601, 602, 603, 604, 605, 606, 607, 608, 609, 610, 611, 612, 613, 614, 615, 616, 617, 618, 619, 620, 621, 622, 623, 624, 625, 626, 627, 628, 629, 630, 631, 632, 633, 634, 635, 636, 637, 638, 639, 640, 641, 642, 643, 644, 645, 646, 647, 648, 649, 650, 651, 652, 653, 654, 655, 656, 657, 658, 659, 660, 661, 662, 663, 664, 665, 666, 667, 668, 669, 670, 671, 672, 673, 674, 675, 676, 677, 678, 679, 680, 681, 682, 683, 684, 685, 686, 687, 688, 689, 690, 691, 692, 693, 694, 695, 696, 697, 698, 699, 700, 701, 702, 703, 704, 705, 706, 707, 708, 709, 710, 711, 712, 713, 714, 715, 716, 717, 718, 719, 720, 721, 722, 723, 724, 725, 726, 727, 728, 729, 730, 731, 732, 733, 734, 735, 736, 737, 738, 739, 740, 741, 742, 743, 744, 745, 746, 747, 748, 749, 750, 751, 752, 753, 754, 755, 756, 757, 758, 759, 760, 761, 762, 763, 764, 765, 766, 767, 768, 769, 770, 771, 772, 773, 774, 775, 776, 777, 778, 779, 780, 781, 782, 783, 784, 785, 786, 787, 788, 789, 790, 791, 792, 793, 794, 795, 796, 797, 798, 799, 800, 801, 802, 803, 804, 805, 806, 807, 808, 809, 810, 811, 812, 813, 814, 815, 816, 817, 818, 819, 820, 821, 822, 823, 824, 825, 826, 827, 828, 829, 830, 831, 832, 833, 834, 835, 836, 837, 838, 839, 840, 841, 842, 843, 844, 845, 846, 847, 848, 849, 850, 851, 852, 853, 854, 855, 856, 857, 858, 859, 860, 861, 862, 863, 864, 865, 866, 867, 868, 869, 870, 871, 872, 873, 874, 875, 876, 877, 878, 879, 880, 881, 882, 883, 884, 885, 886, 887, 888, 889, 890, 891, 892, 893, 894, 895, 896, 897, 898, 899, 900, 901, 902, 903, 904, 905, 906, 907, 908, 909, 910, 911, 912, 913, 914, 915, 916, 917, 918, 919, 920, 921, 922, 923, 924, 925, 926, 927, 928, 929, 930, 931, 932, 933, 934, 935, 936, 937, 938, 939, 940, 941, 942, 943, 944, 945, 946, 947, 948, 949, 950, 951, 952, 953, 954, 955, 956, 957, 958, 959, 960, 961, 962, 963, 964, 965, 966, 967, 968, 969, 970, 971, 972, 973, 974, 975, 976, 977, 978, 979, 980, 981, 982, 983, 984, 985, 986, 987, 988, 989, 990, 991, 992, 993, 994, 995, 996, 997, 998, 999, 1000]
i =  2 [449, 315, 132, 358, 104, 649, 554, 526, 912, 596, 976, 560, 664, 283, 478, 533]
i =  3 [514, 899, 900, 648, 10, 3, 663, 281, 411, 669, 928, 290, 475, 677, 41, 938, 811, 925, 306, 692, 954, 266, 703, 452, 69, 842, 77, 78, 461, 985, 90, 219, 860, 186, 97, 866, 635, 997, 494, 495, 626, 118, 633, 217, 379, 638, 511]
i =  4 [363, 644, 133, 518, 519, 264, 651, 914, 285, 670, 418, 551, 45, 53, 188, 445, 717, 464, 725, 471, 857, 610, 875, 749, 238, 573, 756]
i =  5 [131, 647, 136, 781, 784, 401, 148, 407, 921, 47, 541, 27, 804, 422, 939, 813, 175, 817, 178, 180, 437, 823, 826, 962, 965, 198, 839, 695, 923, 335, 228, 858, 740, 614, 871, 112, 890, 559]
i =  6 [384, 417, 450, 67, 260, 229, 1, 620, 43, 524, 194, 237, 721, 434, 107, 565, 888, 354, 37]
i =  7 [258, 772, 901, 814, 819, 32, 36, 549, 49, 683, 430, 943, 176, 305, 179, 825, 955, 444, 830, 320, 715, 850, 84, 341, 601, 233, 862, 865, 443, 356, 101, 360, 316, 622, 625, 630, 617, 377, 763, 637, 661]
i =  8 [896, 129, 770, 643, 390, 779, 387, 149, 795, 799, 934, 685, 828, 523, 710, 712, 972, 209, 222, 994, 484, 38, 359, 874, 623, 500]
i =  9 [258, 772, 5, 145, 814, 819, 947, 901, 32, 36, 549, 49, 683, 430, 943, 176, 305, 179, 825, 955, 316, 830, 320, 715, 850, 84, 341, 356, 862, 865, 443, 996, 101, 617, 360, 444, 622, 625, 630, 233, 377, 763, 637, 661]
i =  10 [256, 99, 548, 581, 488, 140, 431, 720, 689, 499, 277, 374, 279, 698, 143, 62, 453]
i =  11 [134, 961, 271, 88, 786, 404, 405, 919, 539, 412, 158, 671, 673, 165, 935, 426, 171, 44, 177, 51, 697, 570, 31, 831, 833, 835, 458, 331, 844, 213, 727, 984, 89, 730, 989, 187, 273, 369, 883, 760]
i =  12 [908, 916, 662, 23, 543, 547, 295, 822, 952, 700, 66, 197, 330, 718, 465, 87, 600, 224, 867, 615, 572, 566, 113]
i =  13 [389, 262, 263, 265, 652, 398, 783, 913, 274, 275, 789, 797, 33, 805, 167, 680, 681, 7, 302, 29, 693, 969, 190, 195, 327, 840, 585, 206, 79, 80, 210, 853, 477, 609, 998, 619, 493, 624, 886, 809, 592, 892, 383]
i =  14 [768, 771, 293, 391, 584, 530, 395, 301, 336, 337, 242, 963, 181, 694, 311, 39, 114, 904, 956, 232, 351]
i =  15 [9, 394, 268, 270, 655, 917, 153, 282, 157, 930, 933, 294, 40, 555, 940, 307, 905, 440, 699, 138, 958, 758, 454, 967, 329, 714, 847, 849, 211, 910, 347, 604, 733, 719, 995, 100, 743, 489, 362, 878, 125, 240, 502, 509]
i =  16 [403, 346, 800, 557, 944, 182, 183, 696, 707, 326, 711, 457, 75, 469, 729, 602, 93, 741, 747, 239, 370, 245]
i =  17 [769, 388, 645, 267, 12, 653, 15, 216, 579, 406, 665, 667, 420, 808, 172, 691, 821, 54, 184, 607, 95, 65, 451, 70, 841, 332, 339, 852, 855, 728, 345, 735, 613, 248, 639]
i =  18 [898, 516, 520, 13, 16, 529, 34, 91, 292, 424, 937, 42, 627, 442, 701, 446, 191, 321, 887, 78, 603, 861, 991, 736, 103, 746, 61, 883, 244, 119]
i =  19 [775, 21, 920, 552, 173, 432, 948, 308, 629, 322, 73, 586, 587, 344, 479, 608, 483, 869, 742, 636, 168, 754, 628, 501, 124, 253, 766]
i =  20 [898, 516, 520, 13, 529, 292, 424, 937, 442, 701, 191, 321, 887, 603, 861, 736, 103, 744, 746, 61, 627, 244, 119]
i =  21 [384, 1, 578, 67, 260, 229, 417, 524, 43, 620, 194, 237, 450, 721, 434, 107, 354, 37]
i =  22 [363, 644, 133, 518, 519, 264, 651, 914, 285, 670, 418, 551, 45, 946, 53, 188, 445, 717, 464, 725, 471, 857, 610, 875, 749, 238, 573, 756]
i =  23 [775, 21, 920, 552, 173, 432, 948, 308, 168, 322, 455, 73, 586, 587, 344, 479, 608, 483, 869, 742, 636, 936, 754, 628, 629, 124, 253, 766]
i =  24 [513, 522, 11, 654, 527, 20, 152, 155, 419, 164, 550, 807, 438, 56, 441, 58, 959, 968, 460, 970, 716, 974, 593, 978, 980, 982, 215, 856, 96, 225, 361, 492, 109, 884, 504, 761, 251]
i =  25 [9, 138, 268, 270, 917, 153, 157, 930, 933, 294, 40, 555, 940, 307, 905, 440, 699, 394, 958, 758, 454, 967, 329, 847, 849, 211, 910, 347, 604, 733, 719, 995, 100, 743, 489, 362, 878, 125, 240, 502, 509]
i =  26 [769, 388, 645, 267, 12, 653, 15, 216, 579, 406, 665, 667, 420, 808, 172, 435, 821, 54, 184, 95, 735, 65, 451, 70, 841, 332, 339, 852, 855, 728, 345, 607, 613, 248, 639]
i =  27 [4, 8, 777, 535, 924, 159, 544, 35, 932, 990, 284, 303, 52, 309, 312, 863, 63, 834, 196, 203, 337, 606, 223, 611, 796, 243, 759, 319, 380, 510]
i =  28 [4, 8, 777, 606, 535, 796, 159, 544, 35, 932, 284, 303, 52, 309, 312, 319, 834, 196, 966, 203, 990, 223, 611, 924, 243, 759, 63, 380, 510]
i =  29 [258, 772, 901, 430, 819, 444, 32, 36, 549, 49, 683, 814, 943, 176, 305, 179, 825, 955, 316, 830, 320, 715, 850, 84, 341, 862, 865, 443, 356, 101, 360, 617, 622, 625, 630, 233, 377, 763, 637, 661]
i =  30 [769, 388, 645, 267, 12, 653, 15, 216, 579, 406, 665, 667, 420, 808, 172, 821, 54, 184, 607, 735, 65, 451, 70, 841, 332, 339, 852, 855, 728, 345, 95, 613, 1000, 248, 639]
i =  31 [258, 772, 901, 814, 316, 819, 32, 36, 549, 49, 683, 430, 943, 176, 305, 179, 825, 955, 444, 830, 320, 715, 850, 84, 341, 473, 862, 865, 443, 356, 101, 360, 617, 622, 625, 630, 233, 377, 763, 637, 661]
i =  32 [134, 833, 271, 88, 786, 404, 405, 919, 539, 412, 158, 671, 673, 165, 935, 426, 171, 44, 177, 51, 697, 570, 31, 831, 961, 835, 458, 331, 844, 213, 727, 984, 89, 730, 989, 187, 273, 369, 760]
i =  33 [514, 899, 900, 648, 10, 3, 663, 281, 411, 925, 928, 290, 475, 677, 41, 938, 811, 669, 306, 692, 186, 266, 703, 452, 69, 842, 461, 985, 90, 219, 860, 97, 866, 635, 997, 494, 495, 626, 118, 633, 217, 379, 638, 511]
i =  34 [132, 449, 649, 526, 400, 533, 22, 664, 793, 283, 668, 676, 423, 554, 560, 945, 478, 137, 57, 315, 189, 193, 324, 456, 459, 207, 976, 595, 596, 350, 98, 358, 236, 750, 979, 631, 121, 764, 247]
i =  35 [385, 470, 907, 909, 14, 482, 402, 276, 407, 408, 28, 288, 421, 812, 310, 569, 59, 964, 325, 328, 713, 205, 208, 722, 212, 342, 218, 731, 221, 993, 226, 868, 999, 366, 880, 757, 503, 254]
i =  36 [776, 393, 272, 18, 151, 280, 154, 156, 926, 289, 806, 169, 42, 816, 561, 564, 55, 820, 829, 574, 577, 68, 588, 334, 848, 338, 590, 983, 220, 227, 618, 988, 317, 507, 381]
i =  37 [134, 961, 271, 273, 786, 404, 405, 919, 539, 412, 158, 31, 673, 165, 935, 426, 171, 44, 177, 51, 697, 570, 187, 671, 831, 833, 835, 458, 331, 844, 213, 727, 88, 89, 730, 989, 369, 984, 760]
i =  38 [774, 141, 142, 17, 532, 24, 26, 794, 416, 546, 646, 818, 185, 832, 160, 836, 583, 201, 76, 333, 591, 953, 474, 463, 92, 353, 612, 269, 105, 234, 752, 753, 895]
i =  39 [641, 389, 7, 652, 398, 783, 913, 274, 789, 797, 805, 167, 680, 681, 302, 477, 693, 969, 190, 195, 327, 840, 585, 206, 79, 80, 210, 853, 349, 609, 998, 619, 29, 493, 624, 886, 592, 892, 383]
i =  40 [774, 269, 142, 141, 17, 532, 24, 26, 794, 927, 416, 546, 646, 818, 183, 185, 832, 160, 583, 201, 76, 333, 591, 474, 463, 92, 353, 612, 105, 234, 879, 752, 753, 895]
i =  41 [131, 647, 136, 781, 784, 401, 921, 47, 541, 27, 804, 422, 939, 813, 175, 817, 178, 180, 437, 695, 826, 962, 965, 198, 839, 200, 951, 335, 675, 823, 228, 858, 740, 678, 614, 871, 112, 890, 559]
finish get all communities
complete deal_communities
commplete get_all_nature_community
----------------------------------The detection result is: 

all communities: 
i =  1 : [104, 132, 283, 315, 358, 449, 478, 526, 533, 554, 560, 596, 649, 664, 912, 976]
i =  2 : [3, 10, 41, 69, 77, 78, 90, 97, 118, 186, 217, 219, 266, 281, 290, 306, 379, 411, 452, 461, 475, 494, 495, 511, 514, 626, 633, 635, 638, 648, 663, 669, 677, 692, 703, 811, 842, 860, 866, 899, 900, 925, 928, 938, 954, 985, 997]
i =  3 : [38, 129, 149, 209, 222, 359, 387, 390, 484, 500, 523, 623, 643, 685, 710, 712, 770, 779, 795, 799, 828, 874, 896, 934, 972, 994]
i =  4 : [62, 99, 140, 143, 256, 277, 279, 374, 431, 453, 488, 499, 548, 581, 689, 698, 720]
i =  5 : [31, 44, 51, 88, 89, 134, 158, 165, 171, 177, 187, 213, 271, 273, 331, 369, 404, 405, 412, 426, 458, 539, 570, 671, 673, 697, 727, 730, 760, 786, 831, 833, 835, 844, 883, 919, 935, 961, 984, 989]
i =  6 : [23, 66, 87, 113, 197, 224, 295, 330, 465, 543, 547, 566, 572, 600, 615, 662, 700, 718, 822, 867, 908, 916, 952]
i =  7 : [39, 114, 181, 232, 242, 293, 301, 311, 336, 337, 351, 391, 395, 530, 584, 694, 768, 771, 904, 956, 963]
i =  8 : [9, 40, 100, 125, 138, 153, 157, 211, 240, 268, 270, 282, 294, 307, 329, 347, 362, 394, 440, 454, 489, 502, 509, 555, 604, 655, 699, 714, 719, 733, 743, 758, 847, 849, 878, 905, 910, 917, 930, 933, 940, 958, 967, 995]
i =  9 : [75, 93, 182, 183, 239, 245, 326, 346, 370, 403, 457, 469, 557, 602, 696, 707, 711, 729, 741, 747, 800, 944]
i =  10 : [13, 16, 34, 42, 61, 78, 91, 103, 119, 191, 244, 292, 321, 424, 442, 446, 516, 520, 529, 603, 627, 701, 736, 746, 861, 883, 887, 898, 937, 991]
i =  11 : [13, 61, 103, 119, 191, 244, 292, 321, 424, 442, 516, 520, 529, 603, 627, 701, 736, 744, 746, 861, 887, 898, 937]
i =  12 : [45, 53, 133, 188, 238, 264, 285, 363, 418, 445, 464, 471, 518, 519, 551, 573, 610, 644, 651, 670, 717, 725, 749, 756, 857, 875, 914, 946]
i =  13 : [11, 20, 56, 58, 96, 109, 152, 155, 164, 215, 225, 251, 361, 419, 438, 441, 460, 492, 504, 513, 522, 527, 550, 593, 654, 716, 761, 807, 856, 884, 959, 968, 970, 974, 978, 980, 982]
i =  14 : [22, 57, 98, 121, 132, 137, 189, 193, 207, 236, 247, 283, 315, 324, 350, 358, 400, 423, 449, 456, 459, 478, 526, 533, 554, 560, 595, 596, 631, 649, 664, 668, 676, 750, 764, 793, 945, 976, 979]
i =  15 : [14, 28, 59, 205, 208, 212, 218, 221, 226, 254, 276, 288, 310, 325, 328, 342, 366, 385, 402, 407, 408, 421, 470, 482, 503, 569, 713, 722, 731, 757, 812, 868, 880, 907, 909, 964, 993, 999]
i =  16 : [18, 42, 55, 68, 151, 154, 156, 169, 220, 227, 272, 280, 289, 317, 334, 338, 381, 393, 507, 561, 564, 574, 577, 588, 590, 618, 776, 806, 816, 820, 829, 848, 926, 983, 988]
i =  17 : [27, 47, 112, 131, 136, 148, 175, 178, 180, 198, 200, 228, 335, 401, 407, 422, 437, 541, 559, 614, 647, 675, 678, 695, 740, 781, 784, 804, 813, 817, 823, 826, 839, 858, 871, 890, 921, 923, 939, 951, 962, 965]
i =  18 : [1, 37, 43, 67, 107, 194, 229, 237, 260, 354, 384, 417, 434, 450, 524, 565, 578, 620, 721, 888]
i =  19 : [7, 29, 33, 79, 80, 167, 190, 195, 206, 210, 262, 263, 265, 274, 275, 302, 327, 349, 383, 389, 398, 477, 493, 585, 592, 609, 619, 624, 641, 652, 680, 681, 693, 783, 789, 797, 805, 809, 840, 853, 886, 892, 913, 969, 998]
i =  20 : [21, 73, 124, 168, 173, 253, 308, 322, 344, 432, 455, 479, 483, 501, 552, 586, 587, 608, 628, 629, 636, 742, 754, 766, 775, 869, 920, 936, 948]
i =  21 : [4, 8, 35, 52, 63, 159, 196, 203, 223, 243, 284, 303, 309, 312, 319, 337, 380, 510, 535, 544, 606, 611, 759, 777, 796, 834, 863, 924, 932, 966, 990]
i =  22 : [17, 24, 26, 76, 92, 105, 141, 142, 160, 183, 185, 201, 234, 269, 333, 353, 416, 463, 474, 532, 546, 583, 591, 612, 646, 752, 753, 774, 794, 818, 832, 836, 879, 895, 927, 953]
i =  23 : [5, 32, 36, 49, 84, 101, 145, 176, 179, 233, 258, 305, 316, 320, 341, 356, 360, 377, 430, 443, 444, 473, 549, 601, 617, 622, 625, 630, 637, 661, 683, 715, 763, 772, 814, 819, 825, 830, 850, 862, 865, 901, 943, 947, 955, 996]
i =  24 : [12, 15, 54, 65, 70, 95, 172, 184, 216, 248, 267, 332, 339, 345, 388, 406, 420, 435, 451, 579, 607, 613, 639, 645, 653, 665, 667, 691, 728, 735, 769, 808, 821, 841, 852, 855, 1000]
overlapping nodes are:  [13, 42, 61, 78, 103, 119, 132, 183, 191, 244, 283, 292, 315, 321, 337, 358, 407, 424, 442, 449, 478, 516, 520, 526, 529, 533, 554, 560, 596, 603, 627, 649, 664, 701, 736, 746, 861, 883, 887, 898, 937, 976] 
 NOO is:  42
total time is:  118.176315069
