lens of ground_truth:  27
ground_truth is: [[7, 9, 19, 22, 25, 39, 61, 73, 89, 113, 160, 182, 218, 361, 367, 390, 393, 403, 473, 483, 494, 599, 606, 640, 650, 687, 695, 761, 762, 830, 832, 836, 878, 879, 923, 934, 961, 981, 989], [12, 18, 20, 43, 44, 124, 175, 196, 197, 229, 273, 307, 399, 447, 517, 531, 552, 585, 587, 590, 771, 799, 805, 925, 958], [11, 21, 49, 53, 55, 59, 65, 75, 82, 98, 119, 138, 139, 142, 158, 160, 180, 190, 202, 227, 235, 257, 267, 278, 283, 297, 311, 318, 320, 338, 340, 371, 379, 396, 411, 412, 426, 463, 476, 477, 551, 563, 579, 593, 601, 603, 615, 617, 619, 628, 633, 639, 647, 656, 664, 665, 677, 689, 697, 712, 714, 720, 733, 756, 764, 766, 767, 772, 773, 775, 806, 828, 842, 860, 861, 862, 876, 880, 898, 912, 922, 932, 946, 947, 951, 962, 965, 985], [2, 26, 36, 60, 73, 83, 120, 148, 153, 156, 157, 192, 197, 223, 228, 248, 249, 254, 264, 269, 313, 334, 335, 353, 358, 360, 379, 395, 405, 409, 413, 417, 440, 441, 448, 462, 469, 474, 492, 499, 507, 510, 529, 530, 537, 543, 550, 573, 584, 618, 627, 645, 648, 652, 657, 674, 700, 716, 719, 724, 725, 770, 776, 781, 785, 786, 787, 826, 831, 833, 840, 842, 844, 848, 854, 855, 867, 876, 883, 895, 897, 908, 932, 936, 939, 968, 971, 980], [16, 27, 35, 47, 70, 77, 102, 104, 111, 151, 159, 167, 178, 192, 226, 240, 246, 259, 298, 310, 319, 321, 327, 332, 352, 363, 366, 377, 381, 402, 418, 432, 437, 454, 455, 459, 460, 478, 480, 481, 482, 485, 492, 495, 497, 519, 532, 534, 549, 557, 561, 595, 600, 613, 623, 625, 626, 633, 638, 681, 691, 699, 723, 730, 739, 750, 755, 770, 796, 800, 801, 804, 807, 834, 847, 864, 866, 886, 891, 892, 902, 913, 929, 937, 941, 947, 948, 973, 977, 988, 992], [1, 37, 66, 67, 132, 137, 164, 166, 180, 204, 208, 220, 234, 245, 271, 300, 322, 362, 371, 383, 407, 443, 449, 482, 536, 537, 594, 643, 646, 672, 705, 720, 732, 733, 754, 759, 765, 785, 813, 829, 850, 906, 914, 940, 950, 964, 990], [4, 23, 38, 94, 96, 216, 242, 269, 374, 429, 434, 468, 479, 484, 519, 538, 570, 588, 589, 631, 675, 741, 744, 746, 885, 917, 970, 987], [28, 34, 68, 80, 82, 84, 110, 119, 127, 143, 195, 256, 323, 359, 423, 501, 508, 540, 564, 582, 594, 610, 613, 647, 685, 727, 749, 768, 791, 798, 823, 857, 862, 863, 884, 918, 967], [23, 24, 26, 36, 53, 78, 80, 85, 87, 107, 116, 150, 163, 173, 210, 225, 232, 258, 262, 267, 296, 299, 324, 326, 331, 334, 340, 342, 389, 439, 440, 441, 444, 452, 481, 518, 545, 549, 556, 557, 563, 565, 566, 567, 569, 574, 602, 604, 612, 621, 627, 637, 668, 681, 697, 700, 706, 707, 718, 741, 743, 746, 763, 773, 779, 780, 781, 800, 809, 816, 817, 834, 839, 850, 851, 854, 857, 863, 869, 888, 915, 928, 954, 967, 969, 971, 991, 992], [5, 40, 61, 90, 99, 158, 176, 183, 233, 251, 326, 347, 402, 416, 438, 449, 490, 498, 659, 757, 783, 790, 839, 886, 928, 961, 994], [22, 42, 130, 154, 157, 203, 241, 248, 250, 285, 287, 294, 302, 304, 328, 346, 373, 384, 424, 473, 487, 533, 545, 591, 607, 622, 635, 679, 705, 708, 774, 811, 837, 855, 859, 890, 920, 921, 933, 957, 958, 976, 989], [3, 13, 51, 52, 64, 71, 77, 88, 100, 118, 149, 151, 162, 174, 185, 214, 215, 219, 224, 231, 239, 255, 290, 315, 343, 348, 355, 373, 387, 392, 400, 401, 405, 435, 465, 469, 471, 509, 513, 550, 560, 562, 597, 620, 621, 636, 651, 652, 674, 722, 727, 729, 738, 751, 759, 777, 782, 788, 794, 818, 827, 845, 877, 888, 913, 944, 945, 959, 960, 973, 991, 1000], [16, 46, 65, 74, 81, 100, 103, 104, 105, 112, 122, 152, 156, 165, 168, 178, 181, 186, 198, 200, 204, 226, 236, 240, 246, 259, 279, 293, 303, 305, 308, 320, 321, 336, 351, 375, 401, 406, 419, 432, 442, 454, 455, 460, 495, 500, 513, 522, 527, 561, 591, 601, 608, 625, 634, 656, 691, 696, 698, 703, 712, 726, 735, 751, 772, 786, 789, 792, 793, 796, 802, 804, 814, 841, 865, 894, 901, 902, 904, 909, 917, 926, 930, 942, 948, 951, 952, 970, 974, 985, 988], [10, 29, 45, 59, 71, 109, 123, 126, 128, 182, 184, 209, 212, 222, 230, 249, 253, 266, 282, 286, 289, 291, 295, 305, 357, 358, 366, 389, 391, 396, 398, 400, 458, 462, 464, 478, 488, 491, 520, 523, 524, 539, 542, 544, 554, 555, 556, 597, 600, 608, 629, 642, 649, 709, 713, 730, 742, 750, 756, 778, 797, 803, 815, 825, 830, 831, 832, 846, 849, 861, 865, 866, 875, 882, 901, 911, 916, 919, 927, 931, 987, 997, 999], [58, 63, 75, 88, 95, 106, 108, 118, 121, 129, 137, 145, 170, 214, 216, 220, 221, 224, 252, 274, 309, 310, 344, 368, 374, 381, 384, 388, 410, 428, 433, 445, 457, 463, 505, 507, 515, 525, 529, 530, 546, 584, 612, 614, 620, 651, 661, 664, 670, 683, 684, 685, 695, 702, 748, 755, 764, 767, 771, 808, 829, 859, 869, 878, 908, 912, 956, 972, 983, 994, 997, 998], [2, 33, 85, 97, 98, 126, 179, 199, 213, 380, 431, 461, 578, 632, 644, 667, 704, 726, 885, 889, 975], [1, 113, 114, 195, 237, 345, 376, 385, 397, 414, 496, 511, 541, 558, 571, 576, 609, 686, 701, 704, 717, 731, 864], [8, 15, 48, 54, 55, 66, 81, 84, 92, 99, 134, 135, 152, 159, 187, 191, 201, 217, 230, 252, 263, 281, 288, 311, 316, 324, 341, 386, 411, 413, 415, 446, 456, 458, 466, 503, 518, 548, 551, 578, 586, 610, 626, 632, 655, 660, 663, 677, 678, 688, 690, 714, 745, 752, 760, 777, 782, 798, 806, 810, 820, 853, 860, 868, 899, 924, 925, 946, 949, 963, 984, 995], [30, 141, 144, 145, 205, 221, 290, 450, 453, 488, 536, 559, 568, 580, 596, 623, 639, 641, 673, 682, 701, 702, 711, 715, 732, 740, 753, 792, 843, 870, 897, 935], [50, 58, 79, 86, 121, 122, 133, 139, 150, 169, 177, 206, 208, 243, 260, 270, 271, 276, 280, 289, 294, 317, 349, 354, 364, 372, 377, 382, 398, 422, 435, 459, 489, 521, 524, 547, 553, 567, 648, 680, 709, 716, 747, 754, 758, 783, 799, 838, 849, 852, 856, 858, 873, 893, 896, 903, 930, 943, 953, 960, 975, 986, 993], [3, 11, 14, 62, 136, 207, 280, 314, 329, 330, 370, 408, 436, 467, 512, 514, 605, 670, 710, 808, 873], [24, 40, 41, 56, 69, 76, 117, 125, 170, 171, 172, 193, 265, 272, 275, 363, 365, 369, 470, 486, 505, 575, 624, 662, 676, 779, 784, 791, 805, 812, 845, 852, 881, 898, 929, 979, 999], [4, 37, 57, 68, 95, 115, 146, 147, 155, 190, 194, 231, 262, 277, 284, 325, 327, 333, 395, 403, 418, 420, 452, 457, 468, 493, 522, 611, 618, 643, 692, 721, 739, 821, 822, 871, 891, 904, 909, 910, 938, 968, 972, 982], [6, 9, 13, 89, 131, 140, 161, 184, 189, 239, 282, 286, 292, 299, 318, 425, 427, 475, 510, 526, 558, 592, 598, 603, 629, 665, 666, 668, 694, 711, 797, 819, 835, 887, 905, 922, 923, 924, 954, 955, 966, 976], [14, 63, 132, 138, 171, 238, 247, 261, 274, 295, 297, 301, 312, 337, 339, 348, 356, 357, 378, 391, 404, 409, 430, 444, 445, 464, 472, 475, 494, 506, 516, 520, 523, 535, 554, 572, 583, 596, 606, 635, 653, 669, 680, 693, 710, 728, 734, 736, 775, 778, 795, 801, 802, 814, 824, 825, 826, 833, 867, 872, 889, 894, 900, 907, 931, 978, 996], [31, 78, 93, 101, 108, 244, 268, 306, 394, 451, 466, 502, 569, 577, 581, 636, 669, 671, 689, 737, 769, 787, 817, 907, 981], [17, 32, 72, 91, 128, 186, 188, 211, 241, 291, 312, 335, 336, 350, 362, 406, 421, 424, 480, 504, 528, 602, 616, 630, 654, 658, 661, 699, 789, 807, 824, 874, 935, 979]]
nodes and edges_____________: 1000 ,  9904
read network over________________________
nodes: [665, 674, 685, 689, 716, 755, 765, 768, 776, 783, 796, 801, 805, 830, 849, 857, 864, 890, 899, 907, 912, 924, 925, 930, 935, 939, 946, 950, 951, 954, 956, 968, 973, 975, 985, 987, 989, 992, 994, 996, 999, 1000] num of nodes:  42
[[592, 966, 819, 955, 665, 887, 905, 598], [148, 936, 787, 674], [28, 884, 918, 823, 685], [577, 769, 981, 581, 689, 669, 671], [553, 838, 903, 716, 858], [298, 937, 892, 755], [166, 940, 813, 914, 990, 964, 646, 906, 765], [359, 884, 768, 918, 823, 967, 564, 508], [358, 936, 854, 895, 776], [347, 790, 886, 757, 928, 961, 659, 783], [246, 974, 796, 977], [301, 801, 978, 516], [624, 812, 881, 784, 791, 979, 805], [483, 934, 762, 879, 836, 961, 830, 687], [243, 953, 896, 856, 849, 993], [423, 823, 884, 918, 857, 749, 862], [376, 609, 717, 686, 731, 511, 864, 496, 541], [607, 708, 837, 933, 774, 811, 920, 921, 890, 957], [655, 995, 899, 963, 853, 690, 949], [394, 907, 981, 769, 577, 669, 581, 671], [338, 880, 619, 912, 965], [425, 835, 966, 905, 819, 887, 955, 924, 666, 694], [175, 552, 958, 925, 531, 590], [372, 758, 953, 838, 943, 993, 930], [450, 870, 843, 740, 673, 935, 732, 897], [83, 939, 844, 980, 781], [134, 810, 690, 946], [383, 964, 990, 914, 672, 940, 950, 813, 646], [677, 962, 932, 965, 951], [425, 835, 966, 905, 819, 887, 955, 954, 666, 694], [145, 546, 956, 983, 388], [325, 982, 721, 821, 871, 968, 891, 972], [162, 944, 960, 973, 877], [97, 667, 644, 975, 885, 889, 704, 213], [105, 942, 500, 985, 703], [479, 631, 987, 675, 744, 970, 570, 589], [393, 934, 879, 836, 650, 981, 762, 989], [549, 992, 851, 969, 816], [90, 961, 994, 659, 757, 790, 233, 490, 839], [996, 736, 833, 872, 337, 247], [56, 881, 999, 812, 784, 979, 791], [219, 1000, 944, 315, 818, 827]]
len of cliques:  42
downsides after: [[607, 708, 837, 933, 774, 811, 920, 921, 890, 957], [425, 835, 966, 905, 819, 887, 955, 924, 666, 694], [425, 835, 966, 905, 819, 887, 955, 954, 666, 694], [166, 940, 813, 914, 990, 964, 646, 906, 765], [376, 609, 717, 686, 731, 511, 864, 496, 541], [383, 964, 990, 914, 672, 940, 950, 813, 646], [90, 961, 994, 659, 757, 790, 233, 490, 839], [592, 966, 819, 955, 665, 887, 905, 598], [359, 884, 768, 918, 823, 967, 564, 508], [347, 790, 886, 757, 928, 961, 659, 783], [483, 934, 762, 879, 836, 961, 830, 687], [394, 907, 981, 769, 577, 669, 581, 671], [450, 870, 843, 740, 673, 935, 732, 897], [325, 982, 721, 821, 871, 968, 891, 972], [97, 667, 644, 975, 885, 889, 704, 213], [479, 631, 987, 675, 744, 970, 570, 589], [393, 934, 879, 836, 650, 981, 762, 989], [577, 769, 981, 581, 689, 669, 671], [624, 812, 881, 784, 791, 979, 805], [423, 823, 884, 918, 857, 749, 862], [655, 995, 899, 963, 853, 690, 949], [372, 758, 953, 838, 943, 993, 930], [56, 881, 999, 812, 784, 979, 791], [243, 953, 896, 856, 849, 993], [175, 552, 958, 925, 531, 590], [996, 736, 833, 872, 337, 247], [219, 1000, 944, 315, 818, 827], [28, 884, 918, 823, 685], [553, 838, 903, 716, 858], [358, 936, 854, 895, 776], [338, 880, 619, 912, 965], [83, 939, 844, 980, 781], [677, 962, 932, 965, 951], [145, 546, 956, 983, 388], [162, 944, 960, 973, 877], [105, 942, 500, 985, 703], [549, 992, 851, 969, 816], [148, 936, 787, 674], [298, 937, 892, 755], [246, 974, 796, 977], [301, 801, 978, 516], [134, 810, 690, 946]]
number of downsided seeds: 42
[[607, 708, 837, 933, 774, 811, 920, 921, 890, 957], [425, 835, 966, 905, 819, 887, 955, 924, 666, 694], [425, 835, 966, 905, 819, 887, 955, 954, 666, 694], [166, 940, 813, 914, 990, 964, 646, 906, 765], [376, 609, 717, 686, 731, 511, 864, 496, 541], [383, 964, 990, 914, 672, 940, 950, 813, 646], [90, 961, 994, 659, 757, 790, 233, 490, 839], [592, 966, 819, 955, 665, 887, 905, 598], [359, 884, 768, 918, 823, 967, 564, 508], [347, 790, 886, 757, 928, 961, 659, 783], [483, 934, 762, 879, 836, 961, 830, 687], [394, 907, 981, 769, 577, 669, 581, 671], [450, 870, 843, 740, 673, 935, 732, 897], [325, 982, 721, 821, 871, 968, 891, 972], [97, 667, 644, 975, 885, 889, 704, 213], [479, 631, 987, 675, 744, 970, 570, 589], [393, 934, 879, 836, 650, 981, 762, 989], [577, 769, 981, 581, 689, 669, 671], [624, 812, 881, 784, 791, 979, 805], [423, 823, 884, 918, 857, 749, 862], [655, 995, 899, 963, 853, 690, 949], [372, 758, 953, 838, 943, 993, 930], [56, 881, 999, 812, 784, 979, 791], [243, 953, 896, 856, 849, 993], [175, 552, 958, 925, 531, 590], [996, 736, 833, 872, 337, 247], [219, 1000, 944, 315, 818, 827], [28, 884, 918, 823, 685], [553, 838, 903, 716, 858], [358, 936, 854, 895, 776], [338, 880, 619, 912, 965], [83, 939, 844, 980, 781], [677, 962, 932, 965, 951], [145, 546, 956, 983, 388], [162, 944, 960, 973, 877], [105, 942, 500, 985, 703], [549, 992, 851, 969, 816], [148, 936, 787, 674], [298, 937, 892, 755], [246, 974, 796, 977], [301, 801, 978, 516], [134, 810, 690, 946]]
after sorted:  [[607, 708, 837, 933, 774, 811, 920, 921, 890, 957], [425, 835, 966, 905, 819, 887, 955, 924, 666, 694], [425, 835, 966, 905, 819, 887, 955, 954, 666, 694], [166, 940, 813, 914, 990, 964, 646, 906, 765], [376, 609, 717, 686, 731, 511, 864, 496, 541], [383, 964, 990, 914, 672, 940, 950, 813, 646], [90, 961, 994, 659, 757, 790, 233, 490, 839], [592, 966, 819, 955, 665, 887, 905, 598], [359, 884, 768, 918, 823, 967, 564, 508], [347, 790, 886, 757, 928, 961, 659, 783], [483, 934, 762, 879, 836, 961, 830, 687], [394, 907, 981, 769, 577, 669, 581, 671], [450, 870, 843, 740, 673, 935, 732, 897], [325, 982, 721, 821, 871, 968, 891, 972], [97, 667, 644, 975, 885, 889, 704, 213], [479, 631, 987, 675, 744, 970, 570, 589], [393, 934, 879, 836, 650, 981, 762, 989], [577, 769, 981, 581, 689, 669, 671], [624, 812, 881, 784, 791, 979, 805], [423, 823, 884, 918, 857, 749, 862], [655, 995, 899, 963, 853, 690, 949], [372, 758, 953, 838, 943, 993, 930], [56, 881, 999, 812, 784, 979, 791], [243, 953, 896, 856, 849, 993], [175, 552, 958, 925, 531, 590], [996, 736, 833, 872, 337, 247], [219, 1000, 944, 315, 818, 827], [28, 884, 918, 823, 685], [553, 838, 903, 716, 858], [358, 936, 854, 895, 776], [338, 880, 619, 912, 965], [83, 939, 844, 980, 781], [677, 962, 932, 965, 951], [145, 546, 956, 983, 388], [162, 944, 960, 973, 877], [105, 942, 500, 985, 703], [549, 992, 851, 969, 816], [148, 936, 787, 674], [298, 937, 892, 755], [246, 974, 796, 977], [301, 801, 978, 516], [134, 810, 690, 946]]
before num:  42
befor deal_cliques:  42
after deal_cliques:  41
length of seeds:  41
seeds:  [set([835, 966, 425, 905, 819, 694, 887, 666, 955, 924, 954]), set([708, 933, 774, 811, 837, 920, 921, 890, 957, 607]), set([964, 166, 646, 906, 940, 813, 914, 765, 990]), set([864, 609, 717, 686, 496, 376, 731, 541, 511]), set([672, 964, 646, 940, 813, 914, 950, 990, 383]), set([961, 994, 839, 233, 490, 659, 757, 790, 90]), set([966, 905, 592, 819, 598, 887, 665, 955]), set([768, 967, 359, 884, 918, 823, 564, 508]), set([928, 961, 886, 783, 659, 757, 790, 347]), set([961, 483, 836, 934, 879, 762, 687, 830]), set([769, 581, 577, 394, 907, 981, 669, 671]), set([897, 450, 843, 740, 870, 673, 935, 732]), set([325, 871, 968, 972, 721, 821, 982, 891]), set([704, 97, 644, 975, 885, 889, 667, 213]), set([675, 744, 970, 589, 631, 570, 987, 479]), set([836, 934, 393, 650, 879, 981, 762, 989]), set([577, 581, 769, 689, 671, 669, 981]), set([784, 624, 979, 805, 881, 791, 812]), set([884, 918, 423, 857, 823, 749, 862]), set([690, 995, 853, 949, 899, 963, 655]), set([993, 930, 372, 758, 838, 953, 943]), set([784, 881, 979, 999, 56, 791, 812]), set([896, 993, 243, 849, 856, 953]), set([531, 958, 552, 925, 590, 175]), set([736, 833, 996, 337, 872, 247]), set([944, 818, 827, 219, 1000, 315]), set([28, 884, 685, 918, 823]), set([553, 858, 716, 838, 903]), set([936, 776, 358, 854, 895]), set([880, 912, 338, 619, 965]), set([844, 83, 980, 939, 781]), set([962, 965, 932, 677, 951]), set([145, 546, 956, 388, 983]), set([944, 960, 162, 973, 877]), set([105, 985, 500, 942, 703]), set([992, 969, 851, 549, 816]), set([936, 674, 787, 148]), set([937, 298, 755, 892]), set([977, 796, 246, 974]), set([801, 978, 516, 301]), set([810, 690, 134, 946])]
seeds_fitness [0.19600725952813067, 0.21226415094339623, 0.17266187050359713, 0.288, 0.1718377088305489, 0.1565217391304348, 0.14432989690721648, 0.1590909090909091, 0.1100196463654224, 0.10894941634241245, 0.12444444444444444, 0.11839323467230443, 0.09076175040518639, 0.1206896551724138, 0.14933333333333335, 0.09180327868852459, 0.10714285714285714, 0.08349900596421471, 0.11382113821138211, 0.07329842931937172, 0.0711864406779661, 0.07636363636363637, 0.055762081784386616, 0.08356545961002786, 0.0683371298405467, 0.05847953216374269, 0.06734006734006734, 0.045351473922902494, 0.038834951456310676, 0.0423728813559322, 0.03731343283582089, 0.03134796238244514, 0.05102040816326531, 0.029069767441860465, 0.0437636761487965, 0.036036036036036036, 0.035398230088495575, 0.031331592689295036, 0.022900763358778626, 0.03278688524590164, 0.030379746835443037]
after sort list of tuple: [(3, 0.288), (1, 0.21226415094339623), (0, 0.19600725952813067), (2, 0.17266187050359713), (4, 0.1718377088305489), (7, 0.1590909090909091), (5, 0.1565217391304348), (14, 0.14933333333333335), (6, 0.14432989690721648), (10, 0.12444444444444444), (13, 0.1206896551724138), (11, 0.11839323467230443), (18, 0.11382113821138211), (8, 0.1100196463654224), (9, 0.10894941634241245), (16, 0.10714285714285714), (15, 0.09180327868852459), (12, 0.09076175040518639), (23, 0.08356545961002786), (17, 0.08349900596421471), (21, 0.07636363636363637), (19, 0.07329842931937172), (20, 0.0711864406779661), (24, 0.0683371298405467), (26, 0.06734006734006734), (25, 0.05847953216374269), (22, 0.055762081784386616), (32, 0.05102040816326531), (27, 0.045351473922902494), (34, 0.0437636761487965), (29, 0.0423728813559322), (28, 0.038834951456310676), (30, 0.03731343283582089), (35, 0.036036036036036036), (36, 0.035398230088495575), (39, 0.03278688524590164), (31, 0.03134796238244514), (37, 0.031331592689295036), (40, 0.030379746835443037), (33, 0.029069767441860465), (38, 0.022900763358778626)]
seeds_sorted [set([864, 609, 717, 686, 496, 376, 731, 541, 511]), set([708, 933, 774, 811, 837, 920, 921, 890, 957, 607]), set([835, 966, 425, 905, 819, 694, 887, 666, 955, 924, 954]), set([964, 166, 646, 906, 940, 813, 914, 765, 990]), set([672, 964, 646, 940, 813, 914, 950, 990, 383]), set([768, 967, 359, 884, 918, 823, 564, 508]), set([961, 994, 839, 233, 490, 659, 757, 790, 90]), set([675, 744, 970, 589, 631, 570, 987, 479]), set([966, 905, 592, 819, 598, 887, 665, 955]), set([769, 581, 577, 394, 907, 981, 669, 671]), set([704, 97, 644, 975, 885, 889, 667, 213]), set([897, 450, 843, 740, 870, 673, 935, 732]), set([884, 918, 423, 857, 823, 749, 862]), set([928, 961, 886, 783, 659, 757, 790, 347]), set([961, 483, 836, 934, 879, 762, 687, 830]), set([577, 581, 769, 689, 671, 669, 981]), set([836, 934, 393, 650, 879, 981, 762, 989]), set([325, 871, 968, 972, 721, 821, 982, 891]), set([531, 958, 552, 925, 590, 175]), set([784, 624, 979, 805, 881, 791, 812]), set([784, 881, 979, 999, 56, 791, 812]), set([690, 995, 853, 949, 899, 963, 655]), set([993, 930, 372, 758, 838, 953, 943]), set([736, 833, 996, 337, 872, 247]), set([28, 884, 685, 918, 823]), set([944, 818, 827, 219, 1000, 315]), set([896, 993, 243, 849, 856, 953]), set([145, 546, 956, 388, 983]), set([553, 858, 716, 838, 903]), set([105, 985, 500, 942, 703]), set([880, 912, 338, 619, 965]), set([936, 776, 358, 854, 895]), set([844, 83, 980, 939, 781]), set([992, 969, 851, 549, 816]), set([936, 674, 787, 148]), set([801, 978, 516, 301]), set([962, 965, 932, 677, 951]), set([937, 298, 755, 892]), set([810, 690, 134, 946]), set([944, 960, 162, 973, 877]), set([977, 796, 246, 974])]
args__________ ([set([864, 609, 717, 686, 496, 376, 731, 541, 511]), set([977, 796, 246, 974])],)
args__________ ([set([708, 933, 774, 811, 837, 920, 921, 890, 957, 607]), set([944, 960, 162, 973, 877])],)
args__________ ([set([835, 966, 425, 905, 819, 694, 887, 666, 955, 924, 954]), set([810, 690, 134, 946])],)
args__________ ([set([964, 166, 646, 906, 940, 813, 914, 765, 990]), set([937, 298, 755, 892])],)
args__________ ([set([672, 964, 646, 940, 813, 914, 950, 990, 383]), set([962, 965, 932, 677, 951])],)
args__________ ([set([768, 967, 359, 884, 918, 823, 564, 508]), set([801, 978, 516, 301])],)
args__________ ([set([961, 994, 839, 233, 490, 659, 757, 790, 90]), set([936, 674, 787, 148])],)
args__________ ([set([675, 744, 970, 589, 631, 570, 987, 479]), set([992, 969, 851, 549, 816])],)
args__________ ([set([966, 905, 592, 819, 598, 887, 665, 955]), set([844, 83, 980, 939, 781])],)
args__________ ([set([769, 581, 577, 394, 907, 981, 669, 671])],)
args__________ ([set([704, 97, 644, 975, 885, 889, 667, 213])],)
args__________ ([set([897, 450, 843, 740, 870, 673, 935, 732])],)
args__________ ([set([884, 918, 423, 857, 823, 749, 862])],)
args__________ ([set([928, 961, 886, 783, 659, 757, 790, 347])],)
args__________ ([set([961, 483, 836, 934, 879, 762, 687, 830])],)
args__________ ([set([577, 581, 769, 689, 671, 669, 981])],)
args__________ ([set([836, 934, 393, 650, 879, 981, 762, 989])],)
args__________ ([set([325, 871, 968, 972, 721, 821, 982, 891])],)
args__________ ([set([531, 958, 552, 925, 590, 175])],)
args__________ ([set([784, 624, 979, 805, 881, 791, 812])],)
args__________ ([set([784, 881, 979, 999, 56, 791, 812])],)
args__________ ([set([690, 995, 853, 949, 899, 963, 655])],)
args__________ ([set([993, 930, 372, 758, 838, 953, 943])],)
args__________ ([set([736, 833, 996, 337, 872, 247])],)
args__________ ([set([28, 884, 685, 918, 823])],)
args__________ ([set([944, 818, 827, 219, 1000, 315])],)
args__________ ([set([896, 993, 243, 849, 856, 953])],)
args__________ ([set([145, 546, 956, 388, 983])],)
args__________ ([set([553, 858, 716, 838, 903])],)
args__________ ([set([105, 985, 500, 942, 703])],)
args__________ ([set([880, 912, 338, 619, 965])],)
args__________ ([set([936, 776, 358, 854, 895])],)
finish process___________________
i =  0 [864, 609, 571, 385, 717, 686, 237, 496, 114, 414, 576, 376, 345, 731, 541, 397, 511]
i =  1 [522, 527, 16, 532, 534, 27, 35, 46, 47, 561, 70, 74, 81, 595, 698, 102, 103, 104, 105, 111, 112, 625, 634, 638, 159, 165, 167, 168, 178, 691, 181, 696, 186, 703, 198, 200, 723, 735, 226, 236, 240, 246, 259, 279, 793, 796, 804, 293, 298, 303, 305, 308, 319, 321, 841, 332, 847, 336, 351, 352, 363, 366, 375, 892, 894, 902, 904, 406, 926, 419, 937, 941, 942, 432, 948, 437, 952, 442, 454, 455, 460, 974, 977, 988, 485, 492, 495, 497, 500]
i =  2 [130, 774, 533, 920, 921, 154, 285, 287, 933, 679, 42, 811, 302, 304, 957, 708, 837, 328, 203, 346, 250, 607, 487, 622, 890]
i =  3 [64, 387, 392, 343, 788, 149, 151, 794, 560, 162, 562, 174, 944, 945, 818, 51, 52, 185, 827, 215, 959, 960, 71, 973, 465, 722, 471, 729, 219, 348, 738, 355, 100, 231, 1000, 877, 118, 315, 509, 255]
i =  4 [131, 6, 905, 140, 526, 299, 666, 924, 161, 292, 425, 427, 819, 694, 184, 954, 955, 189, 835, 966, 592, 598, 475, 887, 510]
i =  5 [386, 899, 134, 135, 8, 655, 660, 663, 281, 413, 415, 288, 48, 548, 678, 810, 263, 690, 688, 946, 820, 949, 54, 187, 316, 446, 191, 963, 456, 201, 586, 853, 984, 217, 15, 92, 995, 868, 230, 745, 752, 503, 760, 341]
i =  6 [1, 646, 940, 906, 271, 914, 407, 672, 164, 166, 300, 813, 950, 443, 322, 67, 964, 990, 362, 245, 234, 765, 383]
i =  7 [1, 2, 3, 4, 5, 6, 7, 8, 9, 10, 11, 12, 13, 14, 15, 16, 17, 18, 19, 20, 21, 22, 23, 24, 25, 26, 27, 28, 29, 30, 31, 32, 33, 34, 35, 36, 37, 38, 39, 40, 41, 42, 43, 44, 45, 46, 47, 48, 49, 50, 51, 52, 53, 54, 55, 56, 57, 58, 59, 60, 61, 62, 63, 64, 65, 66, 67, 68, 69, 70, 71, 72, 73, 74, 75, 76, 77, 78, 79, 80, 81, 82, 83, 84, 85, 86, 87, 88, 89, 90, 91, 92, 93, 94, 95, 96, 97, 98, 99, 100, 101, 102, 103, 104, 105, 106, 107, 108, 109, 110, 111, 112, 113, 114, 115, 116, 117, 118, 119, 120, 121, 122, 123, 124, 125, 126, 127, 128, 129, 130, 131, 132, 133, 134, 135, 136, 137, 138, 139, 140, 141, 142, 143, 144, 145, 146, 147, 148, 149, 150, 151, 152, 153, 154, 155, 156, 157, 158, 159, 160, 161, 162, 163, 164, 165, 166, 167, 168, 169, 170, 171, 172, 173, 174, 175, 176, 177, 178, 179, 180, 181, 182, 183, 184, 185, 186, 187, 188, 189, 190, 191, 192, 193, 194, 195, 196, 197, 198, 199, 200, 201, 202, 203, 204, 205, 206, 207, 208, 209, 210, 211, 212, 213, 214, 215, 216, 217, 218, 219, 220, 221, 222, 223, 224, 225, 226, 227, 228, 229, 230, 231, 232, 233, 234, 235, 236, 237, 238, 239, 240, 241, 242, 243, 244, 245, 246, 247, 248, 249, 250, 251, 252, 253, 254, 255, 256, 257, 258, 259, 260, 261, 262, 263, 264, 265, 266, 267, 268, 269, 270, 271, 272, 273, 274, 275, 276, 277, 278, 279, 280, 281, 282, 283, 284, 285, 286, 287, 288, 289, 290, 291, 292, 293, 294, 295, 296, 297, 298, 299, 300, 301, 302, 303, 304, 305, 306, 307, 308, 309, 310, 311, 312, 313, 314, 315, 316, 317, 318, 319, 320, 321, 322, 323, 324, 325, 326, 327, 328, 329, 330, 331, 332, 333, 334, 335, 336, 337, 338, 339, 340, 341, 342, 343, 344, 345, 346, 347, 348, 349, 350, 351, 352, 353, 354, 355, 356, 357, 358, 359, 360, 361, 362, 363, 364, 365, 366, 367, 368, 369, 370, 371, 372, 373, 374, 375, 376, 377, 378, 379, 380, 381, 382, 383, 384, 385, 386, 387, 388, 389, 390, 391, 392, 393, 394, 395, 396, 397, 398, 399, 400, 401, 402, 403, 404, 405, 406, 407, 408, 409, 410, 411, 412, 413, 414, 415, 416, 417, 418, 419, 420, 421, 422, 423, 424, 425, 426, 427, 428, 429, 430, 431, 432, 433, 434, 435, 436, 437, 438, 439, 440, 441, 442, 443, 444, 445, 446, 447, 448, 449, 450, 451, 452, 453, 454, 455, 456, 457, 458, 459, 460, 461, 462, 463, 464, 465, 466, 467, 468, 469, 470, 471, 472, 473, 474, 475, 476, 477, 478, 479, 480, 481, 482, 483, 484, 485, 486, 487, 488, 489, 490, 491, 492, 493, 494, 495, 496, 497, 498, 499, 500, 501, 502, 503, 504, 505, 506, 507, 508, 509, 510, 511, 512, 513, 514, 515, 516, 517, 518, 519, 520, 521, 522, 523, 524, 525, 526, 527, 528, 529, 530, 531, 532, 533, 534, 535, 536, 537, 538, 539, 540, 541, 542, 543, 544, 545, 546, 547, 548, 549, 550, 551, 552, 553, 554, 555, 556, 557, 558, 559, 560, 561, 562, 563, 564, 565, 566, 567, 568, 569, 570, 571, 572, 573, 574, 575, 576, 577, 578, 579, 580, 581, 582, 583, 584, 585, 586, 587, 588, 589, 590, 591, 592, 593, 594, 595, 596, 597, 598, 599, 600, 601, 602, 603, 604, 605, 606, 607, 608, 609, 610, 611, 612, 613, 614, 615, 616, 617, 618, 619, 620, 621, 622, 623, 624, 625, 626, 627, 628, 629, 630, 631, 632, 633, 634, 635, 636, 637, 638, 639, 640, 641, 642, 643, 644, 645, 646, 647, 648, 649, 650, 651, 652, 653, 654, 655, 656, 657, 658, 659, 660, 661, 662, 663, 664, 665, 666, 667, 668, 669, 670, 671, 672, 673, 674, 675, 676, 677, 678, 679, 680, 681, 682, 683, 684, 685, 686, 687, 688, 689, 690, 691, 692, 693, 694, 695, 696, 697, 698, 699, 700, 701, 702, 703, 704, 705, 706, 707, 708, 709, 710, 711, 712, 713, 714, 715, 716, 717, 718, 719, 720, 721, 722, 723, 724, 725, 726, 727, 728, 729, 730, 731, 732, 733, 734, 735, 736, 737, 738, 739, 740, 741, 742, 743, 744, 745, 746, 747, 748, 749, 750, 751, 752, 753, 754, 755, 756, 757, 758, 759, 760, 761, 762, 763, 764, 765, 766, 767, 768, 769, 770, 771, 772, 773, 774, 775, 776, 777, 778, 779, 780, 781, 782, 783, 784, 785, 786, 787, 788, 789, 790, 791, 792, 793, 794, 795, 796, 797, 798, 799, 800, 801, 802, 803, 804, 805, 806, 807, 808, 809, 810, 811, 812, 813, 814, 815, 816, 817, 818, 819, 820, 821, 822, 823, 824, 825, 826, 827, 828, 829, 830, 831, 832, 833, 834, 835, 836, 837, 838, 839, 840, 841, 842, 843, 844, 845, 846, 847, 848, 849, 850, 851, 852, 853, 854, 855, 856, 857, 858, 859, 860, 861, 862, 863, 864, 865, 866, 867, 868, 869, 870, 871, 872, 873, 874, 875, 876, 877, 878, 879, 880, 881, 882, 883, 884, 885, 886, 887, 888, 889, 890, 891, 892, 893, 894, 895, 896, 897, 898, 899, 900, 901, 902, 903, 904, 905, 906, 907, 908, 909, 910, 911, 912, 913, 914, 915, 916, 917, 918, 919, 920, 921, 922, 923, 924, 925, 926, 927, 928, 929, 930, 931, 932, 933, 934, 935, 936, 937, 938, 939, 940, 941, 942, 943, 944, 945, 946, 947, 948, 949, 950, 951, 952, 953, 954, 955, 956, 957, 958, 959, 960, 961, 962, 963, 964, 965, 966, 967, 968, 969, 970, 971, 972, 973, 974, 975, 976, 977, 978, 979, 980, 981, 982, 983, 984, 985, 986, 987, 988, 989, 990, 991, 992, 993, 994, 995, 996, 997, 998, 999, 1000]
i =  8 [1, 646, 940, 906, 271, 914, 407, 672, 164, 37, 166, 300, 813, 950, 443, 322, 67, 964, 990, 362, 245, 234, 765, 383]
i =  9 [257, 619, 138, 139, 396, 142, 656, 21, 278, 664, 283, 412, 160, 932, 677, 426, 49, 180, 53, 311, 828, 962, 579, 965, 202, 951, 11, 593, 338, 340, 601, 476, 477, 55, 227, 615, 617, 235, 82, 880, 371, 628, 119, 633, 766]
i =  10 [768, 256, 34, 323, 582, 967, 28, 423, 749, 110, 143, 80, 359, 884, 501, 918, 823, 564, 508, 540, 127]
i =  11 [900, 261, 653, 728, 274, 404, 535, 516, 795, 734, 801, 301, 430, 693, 312, 572, 445, 583, 337, 978, 339, 472, 996, 475, 378, 606, 736, 356, 872, 238, 247, 506]
i =  12 [416, 961, 994, 99, 438, 5, 839, 40, 233, 490, 402, 176, 347, 498, 659, 757, 790, 183, 90, 251, 61]
i =  13 [645, 776, 657, 787, 148, 153, 26, 156, 157, 543, 417, 674, 36, 936, 939, 264, 883, 313, 60, 573, 831, 448, 197, 840, 73, 844, 719, 848, 248, 83, 724, 725, 441, 474, 223, 353, 228, 358, 360, 499, 120, 249, 980, 254, 895]
i =  14 [96, 675, 484, 38, 744, 434, 970, 23, 588, 589, 429, 242, 631, 216, 570, 987, 538, 94, 479]
i =  15 [258, 780, 915, 163, 549, 296, 809, 173, 816, 565, 566, 439, 574, 706, 707, 969, 331, 718, 210, 851, 78, 87, 602, 604, 992, 225, 743, 232, 107, 116, 763, 637, 85]
i =  16 [131, 6, 905, 140, 526, 665, 666, 161, 292, 425, 427, 819, 694, 184, 955, 189, 835, 966, 592, 598, 887, 510]
i =  17 [645, 776, 781, 657, 148, 153, 157, 543, 417, 36, 936, 939, 264, 883, 313, 60, 573, 831, 448, 197, 840, 844, 719, 848, 120, 83, 724, 725, 854, 474, 223, 353, 228, 360, 492, 499, 248, 980, 254, 895]
i =  18 [737, 451, 581, 769, 394, 907, 268, 93, 577, 689, 306, 244, 981, 502, 569, 31, 101, 669, 671]
i =  19 [704, 97, 2, 644, 975, 33, 199, 98, 431, 179, 885, 726, 632, 889, 461, 667, 380, 126, 213]
i =  20 [897, 450, 715, 740, 453, 870, 673, 682, 843, 205, 141, 144, 753, 935, 641, 568, 580, 559, 732, 30]
i =  21 [768, 256, 34, 323, 884, 582, 359, 540, 423, 749, 110, 143, 564, 501, 918, 823, 857, 28, 508, 862, 127]
i =  22 [928, 961, 99, 886, 438, 233, 490, 783, 176, 251, 498, 416, 659, 757, 790, 183, 90, 347, 61, 158, 5]
i =  23 [640, 390, 7, 9, 650, 19, 25, 879, 934, 39, 687, 393, 830, 961, 836, 73, 599, 89, 218, 606, 483, 361, 878, 367, 761, 762]
i =  24 [737, 451, 581, 577, 31, 394, 268, 93, 689, 306, 244, 981, 502, 671, 769, 669, 101]
i =  25 [640, 769, 390, 7, 393, 650, 268, 19, 25, 879, 31, 934, 39, 687, 306, 9, 671, 61, 394, 577, 451, 836, 581, 73, 981, 599, 89, 218, 989, 737, 483, 101, 361, 93, 367, 403, 244, 502, 761, 762]
i =  26 [910, 146, 147, 277, 155, 284, 420, 938, 692, 821, 822, 57, 190, 194, 325, 968, 972, 333, 721, 982, 611, 871, 493, 115, 891]
i =  27 [43, 196, 517, 307, 552, 585, 587, 44, 12, 175, 229, 273, 18, 531, 20, 590, 399, 124, 925, 958, 447]
i =  28 [172, 272, 275, 662, 791, 676, 805, 369, 41, 812, 265, 56, 575, 193, 69, 76, 979, 470, 784, 486, 365, 624, 881, 117, 125]
i =  29 [172, 272, 275, 662, 791, 676, 881, 40, 41, 812, 265, 56, 575, 193, 69, 76, 979, 470, 784, 486, 999, 365, 624, 369, 117, 125]
i =  30 [386, 899, 134, 135, 8, 655, 660, 663, 281, 415, 288, 48, 548, 678, 810, 263, 688, 690, 820, 949, 54, 187, 316, 446, 191, 963, 456, 201, 586, 341, 984, 217, 15, 92, 995, 868, 745, 752, 503, 760, 252, 853]
i =  31 [896, 260, 133, 903, 521, 270, 276, 986, 930, 547, 422, 553, 943, 177, 50, 953, 317, 838, 206, 79, 86, 856, 858, 349, 993, 354, 489, 747, 364, 243, 372, 758, 169, 122, 893, 382]
i =  32 [900, 261, 653, 728, 404, 535, 516, 795, 301, 430, 693, 572, 833, 583, 337, 978, 339, 472, 996, 506, 734, 736, 356, 357, 872, 238, 247, 378]
i =  33 [768, 256, 143, 918, 540, 34, 423, 28, 685, 564, 823, 323, 582, 80, 84, 359, 749, 110, 884, 501, 508, 127]
i =  34 [387, 392, 343, 788, 149, 794, 944, 162, 562, 174, 560, 945, 818, 51, 52, 185, 827, 215, 959, 64, 71, 465, 722, 471, 88, 729, 219, 348, 738, 355, 100, 1000, 877, 118, 315, 509, 255]
i =  35 [896, 260, 133, 903, 521, 270, 276, 986, 547, 422, 553, 943, 177, 50, 953, 317, 838, 206, 79, 849, 86, 856, 858, 349, 993, 354, 489, 747, 364, 243, 372, 758, 169, 893, 382]
i =  36 [129, 515, 388, 684, 525, 912, 145, 410, 546, 683, 428, 685, 433, 309, 310, 58, 956, 445, 505, 584, 75, 983, 344, 95, 224, 612, 614, 998, 529, 106, 748, 368, 108, 121, 252, 767]
i =  37 [896, 260, 133, 903, 521, 270, 276, 986, 547, 422, 553, 943, 177, 50, 953, 317, 838, 716, 206, 79, 86, 856, 858, 349, 993, 354, 489, 747, 364, 243, 372, 758, 169, 893, 382]
i =  38 [527, 985, 46, 279, 793, 926, 240, 419, 165, 168, 942, 303, 432, 178, 308, 181, 696, 442, 351, 703, 198, 455, 200, 841, 74, 974, 336, 952, 601, 698, 735, 608, 634, 293, 103, 104, 105, 236, 112, 500, 246, 375, 122]
i =  39 [257, 235, 773, 775, 11, 396, 142, 912, 21, 278, 283, 412, 160, 297, 426, 477, 49, 180, 53, 311, 828, 318, 320, 65, 962, 579, 965, 202, 75, 593, 338, 340, 603, 476, 733, 98, 227, 615, 617, 619, 876, 82, 880, 371, 628, 119, 633, 767, 766, 639]
i =  40 [192, 645, 776, 395, 657, 148, 153, 26, 156, 543, 417, 36, 936, 939, 264, 883, 313, 60, 573, 831, 448, 840, 73, 844, 334, 719, 848, 120, 83, 980, 725, 854, 249, 474, 335, 223, 353, 228, 358, 360, 618, 499, 248, 724, 254, 895]
finish get all communities
complete deal_communities
commplete get_all_nature_community
----------------------------------The detection result is: 

all communities: 
i =  1 : [114, 237, 345, 376, 385, 397, 414, 496, 511, 541, 571, 576, 609, 686, 717, 731, 864]
i =  2 : [16, 27, 35, 46, 47, 70, 74, 81, 102, 103, 104, 105, 111, 112, 159, 165, 167, 168, 178, 181, 186, 198, 200, 226, 236, 240, 246, 259, 279, 293, 298, 303, 305, 308, 319, 321, 332, 336, 351, 352, 363, 366, 375, 406, 419, 432, 437, 442, 454, 455, 460, 485, 492, 495, 497, 500, 522, 527, 532, 534, 561, 595, 625, 634, 638, 691, 696, 698, 703, 723, 735, 793, 796, 804, 841, 847, 892, 894, 902, 904, 926, 937, 941, 942, 948, 952, 974, 977, 988]
i =  3 : [42, 130, 154, 203, 250, 285, 287, 302, 304, 328, 346, 487, 533, 607, 622, 679, 708, 774, 811, 837, 890, 920, 921, 933, 957]
i =  4 : [1, 37, 67, 164, 166, 234, 245, 271, 300, 322, 362, 383, 407, 443, 646, 672, 765, 813, 906, 914, 940, 950, 964, 990]
i =  5 : [11, 21, 49, 53, 55, 82, 119, 138, 139, 142, 160, 180, 202, 227, 235, 257, 278, 283, 311, 338, 340, 371, 396, 412, 426, 476, 477, 579, 593, 601, 615, 617, 619, 628, 633, 656, 664, 677, 766, 828, 880, 932, 951, 962, 965]
i =  6 : [5, 40, 61, 90, 99, 176, 183, 233, 251, 347, 402, 416, 438, 490, 498, 659, 757, 790, 839, 961, 994]
i =  7 : [23, 38, 94, 96, 216, 242, 429, 434, 479, 484, 538, 570, 588, 589, 631, 675, 744, 970, 987]
i =  8 : [78, 85, 87, 107, 116, 163, 173, 210, 225, 232, 258, 296, 331, 439, 549, 565, 566, 574, 602, 604, 637, 706, 707, 718, 743, 763, 780, 809, 816, 851, 915, 969, 992]
i =  9 : [31, 93, 101, 244, 268, 306, 394, 451, 502, 569, 577, 581, 669, 671, 689, 737, 769, 907, 981]
i =  10 : [2, 33, 97, 98, 126, 179, 199, 213, 380, 431, 461, 632, 644, 667, 704, 726, 885, 889, 975]
i =  11 : [30, 141, 144, 205, 450, 453, 559, 568, 580, 641, 673, 682, 715, 732, 740, 753, 843, 870, 897, 935]
i =  12 : [5, 61, 90, 99, 158, 176, 183, 233, 251, 347, 416, 438, 490, 498, 659, 757, 783, 790, 886, 928, 961]
i =  13 : [7, 9, 19, 25, 39, 73, 89, 218, 361, 367, 390, 393, 483, 599, 606, 640, 650, 687, 761, 762, 830, 836, 878, 879, 934, 961]
i =  14 : [7, 9, 19, 25, 31, 39, 61, 73, 89, 93, 101, 218, 244, 268, 306, 361, 367, 390, 393, 394, 403, 451, 483, 502, 577, 581, 599, 640, 650, 671, 687, 737, 761, 762, 769, 836, 879, 934, 981, 989]
i =  15 : [57, 115, 146, 147, 155, 190, 194, 277, 284, 325, 333, 420, 493, 611, 692, 721, 821, 822, 871, 891, 910, 938, 968, 972, 982]
i =  16 : [12, 18, 20, 43, 44, 124, 175, 196, 229, 273, 307, 399, 447, 517, 531, 552, 585, 587, 590, 925, 958]
i =  17 : [58, 75, 95, 106, 108, 121, 129, 145, 224, 252, 309, 310, 344, 368, 388, 410, 428, 433, 445, 505, 515, 525, 529, 546, 584, 612, 614, 683, 684, 685, 748, 767, 912, 956, 983, 998]
i =  18 : [46, 74, 103, 104, 105, 112, 122, 165, 168, 178, 181, 198, 200, 236, 240, 246, 279, 293, 303, 308, 336, 351, 375, 419, 432, 442, 455, 500, 527, 601, 608, 634, 696, 698, 703, 735, 793, 841, 926, 942, 952, 974, 985]
i =  19 : [11, 21, 49, 53, 65, 75, 82, 98, 119, 142, 160, 180, 202, 227, 235, 257, 278, 283, 297, 311, 318, 320, 338, 340, 371, 396, 412, 426, 476, 477, 579, 593, 603, 615, 617, 619, 628, 633, 639, 733, 766, 767, 773, 775, 828, 876, 880, 912, 962, 965]
i =  20 : [51, 52, 64, 71, 88, 100, 118, 149, 151, 162, 174, 185, 215, 219, 231, 255, 315, 343, 348, 355, 387, 392, 465, 471, 509, 560, 562, 722, 729, 738, 788, 794, 818, 827, 877, 944, 945, 959, 960, 973, 1000]
i =  21 : [6, 131, 140, 161, 184, 189, 292, 299, 425, 427, 475, 510, 526, 592, 598, 665, 666, 694, 819, 835, 887, 905, 924, 954, 955, 966]
i =  22 : [8, 15, 48, 54, 92, 134, 135, 187, 191, 201, 217, 230, 252, 263, 281, 288, 316, 341, 386, 413, 415, 446, 456, 503, 548, 586, 655, 660, 663, 678, 688, 690, 745, 752, 760, 810, 820, 853, 868, 899, 946, 949, 963, 984, 995]
i =  23 : [238, 247, 261, 274, 301, 312, 337, 339, 356, 357, 378, 404, 430, 445, 472, 475, 506, 516, 535, 572, 583, 606, 653, 693, 728, 734, 736, 795, 801, 833, 872, 900, 978, 996]
i =  24 : [40, 41, 56, 69, 76, 117, 125, 172, 193, 265, 272, 275, 365, 369, 470, 486, 575, 624, 662, 676, 784, 791, 805, 812, 881, 979, 999]
i =  25 : [28, 34, 80, 84, 110, 127, 143, 256, 323, 359, 423, 501, 508, 540, 564, 582, 685, 749, 768, 823, 857, 862, 884, 918, 967]
i =  26 : [26, 36, 60, 73, 83, 120, 148, 153, 156, 157, 192, 197, 223, 228, 248, 249, 254, 264, 313, 334, 335, 353, 358, 360, 395, 417, 441, 448, 474, 492, 499, 543, 573, 618, 645, 657, 674, 719, 724, 725, 776, 781, 787, 831, 840, 844, 848, 854, 883, 895, 936, 939, 980]
i =  27 : [50, 79, 86, 122, 133, 169, 177, 206, 243, 260, 270, 276, 317, 349, 354, 364, 372, 382, 422, 489, 521, 547, 553, 716, 747, 758, 838, 849, 856, 858, 893, 896, 903, 930, 943, 953, 986, 993]
overlapping nodes are:  [5, 7, 9, 11, 19, 21, 25, 31, 39, 40, 46, 49, 53, 61, 73, 74, 75, 82, 89, 90, 93, 98, 99, 101, 103, 104, 105, 112, 119, 122, 142, 160, 165, 168, 176, 178, 180, 181, 183, 198, 200, 202, 218, 227, 233, 235, 236, 240, 244, 246, 251, 252, 257, 268, 278, 279, 283, 293, 303, 306, 308, 311, 336, 338, 340, 347, 351, 361, 367, 371, 375, 390, 393, 394, 396, 412, 416, 419, 426, 432, 438, 442, 445, 451, 455, 475, 476, 477, 483, 490, 492, 498, 500, 502, 527, 577, 579, 581, 593, 599, 601, 606, 615, 617, 619, 628, 633, 634, 640, 650, 659, 671, 685, 687, 696, 698, 703, 735, 737, 757, 761, 762, 766, 767, 769, 790, 793, 828, 836, 841, 879, 880, 912, 926, 934, 942, 952, 961, 962, 965, 974, 981] 
 NOO is:  142
total time is:  142.700613022
