lens of ground_truth:  31
ground_truth is: [[4, 11, 33, 36, 67, 68, 88, 97, 114, 128, 157, 159, 197, 201, 203, 227, 255, 265, 272, 304, 323, 326, 331, 344, 358, 406, 408, 422, 440, 443, 449, 456, 494, 504, 508, 510, 526, 535, 540, 544, 548, 555, 594, 689, 767, 780, 783, 824, 847, 850, 870, 887, 922, 932, 940, 948, 962, 967, 968, 973, 980], [74, 81, 96, 105, 107, 115, 129, 137, 191, 202, 207, 209, 245, 260, 270, 342, 362, 382, 403, 405, 413, 429, 431, 439, 530, 532, 553, 578, 586, 606, 615, 639, 654, 657, 692, 695, 696, 785, 801, 812, 848, 894, 932, 955, 963, 968, 969], [21, 22, 28, 42, 63, 77, 79, 102, 156, 168, 187, 218, 232, 264, 271, 274, 289, 291, 329, 330, 347, 391, 418, 466, 477, 490, 495, 505, 561, 568, 578, 580, 583, 589, 600, 644, 653, 663, 742, 756, 794, 799, 804, 835, 839, 840, 880, 884, 894, 897, 901, 925, 939, 945, 963, 970, 972, 981, 999], [21, 37, 56, 86, 94, 127, 159, 306, 315, 348, 356, 395, 427, 430, 448, 455, 459, 464, 478, 557, 575, 602, 666, 744, 797, 892, 915, 937, 958], [50, 54, 58, 64, 88, 131, 143, 167, 186, 200, 209, 220, 250, 267, 268, 280, 312, 324, 388, 429, 437, 439, 448, 469, 504, 508, 519, 533, 534, 541, 587, 623, 677, 680, 716, 753, 755, 757, 776, 786, 795, 834, 852, 854, 878, 886, 906, 907, 979, 989, 1000], [1, 16, 17, 27, 49, 56, 58, 84, 99, 109, 122, 125, 132, 133, 148, 161, 172, 177, 182, 192, 204, 216, 231, 248, 262, 263, 265, 275, 278, 332, 340, 341, 347, 378, 382, 404, 406, 414, 445, 457, 462, 480, 500, 537, 541, 547, 567, 570, 576, 602, 609, 622, 627, 676, 688, 715, 722, 784, 794, 802, 814, 821, 840, 843, 845, 849, 876, 888, 893, 898, 914, 944, 959, 972, 976, 991, 994, 995], [10, 64, 67, 93, 114, 115, 171, 176, 181, 186, 193, 199, 238, 244, 280, 281, 282, 335, 339, 351, 379, 389, 390, 393, 400, 436, 461, 465, 472, 486, 505, 506, 511, 522, 554, 572, 573, 587, 592, 596, 599, 609, 614, 620, 638, 661, 732, 749, 762, 770, 782, 809, 819, 855, 857, 863, 864, 869, 930, 935, 938, 951, 990], [110, 122, 146, 237, 257, 269, 305, 337, 384, 473, 493, 628, 634, 636, 650, 724, 734, 779, 825, 859, 928, 934, 951], [39, 43, 48, 78, 117, 205, 234, 261, 313, 325, 354, 385, 411, 412, 472, 502, 521, 572, 624, 675, 706, 716, 788, 916, 924, 926, 962], [2, 9, 24, 29, 85, 90, 97, 98, 110, 134, 150, 151, 162, 170, 204, 267, 283, 297, 309, 316, 327, 343, 345, 367, 368, 372, 391, 419, 424, 443, 446, 469, 483, 489, 495, 499, 535, 551, 555, 562, 597, 598, 603, 641, 642, 645, 647, 684, 687, 729, 745, 757, 761, 777, 778, 784, 789, 810, 820, 850, 857, 874, 911, 919, 920, 929, 948, 949, 964, 981, 999], [8, 14, 23, 35, 41, 68, 84, 101, 109, 113, 119, 133, 139, 158, 166, 175, 177, 183, 199, 206, 207, 208, 210, 237, 251, 254, 262, 300, 322, 330, 365, 366, 404, 412, 421, 427, 444, 452, 457, 484, 488, 512, 514, 525, 533, 537, 538, 550, 576, 593, 603, 608, 610, 630, 633, 635, 672, 685, 690, 701, 702, 707, 719, 731, 739, 785, 795, 796, 799, 800, 810, 823, 832, 844, 845, 860, 862, 866, 876, 893, 913, 920, 927, 947, 952, 953, 954, 966, 971, 974, 987, 994], [3, 39, 44, 46, 90, 95, 139, 145, 149, 165, 180, 189, 211, 228, 229, 294, 307, 308, 318, 332, 340, 345, 392, 423, 454, 479, 485, 489, 509, 545, 556, 559, 595, 596, 665, 741, 753, 764, 775, 787, 863, 871, 882, 910, 925, 983, 987, 989], [43, 46, 48, 66, 91, 95, 121, 126, 165, 181, 196, 213, 248, 252, 277, 283, 301, 356, 358, 362, 392, 417, 425, 458, 485, 490, 502, 507, 518, 532, 566, 571, 580, 612, 664, 683, 685, 695, 729, 746, 751, 773, 815, 820, 864, 883, 902, 907, 914, 917, 933, 937, 970, 977, 991, 996], [15, 25, 160, 170, 219, 273, 298, 302, 377, 544, 569, 577, 600, 601, 619, 663, 686, 694, 698, 709, 732, 746, 764, 781, 808, 816, 834, 916], [19, 20, 31, 32, 53, 66, 116, 124, 140, 141, 150, 160, 179, 220, 246, 275, 311, 313, 324, 343, 344, 353, 381, 389, 398, 420, 431, 437, 460, 467, 474, 482, 497, 517, 529, 536, 543, 561, 563, 569, 624, 637, 646, 649, 659, 701, 721, 741, 777, 786, 824, 826, 846, 922, 926, 928, 941, 942, 978], [65, 74, 85, 96, 105, 107, 112, 118, 125, 126, 145, 166, 212, 222, 232, 236, 238, 242, 252, 255, 271, 315, 321, 328, 334, 335, 355, 373, 430, 434, 435, 438, 440, 447, 463, 468, 476, 483, 492, 501, 514, 516, 529, 531, 546, 547, 552, 553, 579, 584, 611, 617, 621, 626, 632, 655, 661, 669, 671, 673, 682, 703, 730, 748, 766, 771, 773, 789, 798, 805, 806, 811, 814, 815, 822, 825, 826, 827, 842, 853, 884, 899, 909, 912, 919, 931, 938, 940, 949, 954, 957], [5, 13, 15, 26, 34, 40, 44, 47, 70, 76, 101, 108, 120, 137, 154, 157, 162, 164, 174, 178, 184, 192, 235, 244, 251, 266, 276, 288, 300, 323, 333, 346, 351, 399, 409, 428, 442, 444, 453, 470, 479, 491, 518, 558, 566, 573, 582, 610, 651, 708, 717, 727, 728, 736, 737, 738, 750, 754, 759, 761, 769, 772, 782, 800, 807, 818, 823, 827, 828, 837, 855, 858, 867, 873, 878, 879, 885, 891, 903, 905, 908, 921, 930, 934, 946, 965, 973, 979], [7, 18, 29, 83, 104, 155, 173, 239, 279, 368, 383, 432, 452, 458, 496, 574, 581, 591, 616, 618, 637, 657, 917, 976], [60, 62, 75, 86, 100, 116, 136, 141, 147, 149, 153, 169, 182, 193, 216, 230, 233, 241, 246, 269, 278, 297, 299, 320, 349, 360, 364, 465, 499, 517, 527, 585, 589, 634, 635, 648, 659, 668, 681, 684, 707, 714, 760, 763, 775, 798, 831, 832, 833, 838, 849, 875, 881, 918, 939, 945, 983, 986, 998], [2, 12, 17, 19, 36, 51, 54, 69, 80, 118, 147, 151, 155, 161, 194, 197, 198, 211, 212, 215, 222, 224, 236, 268, 285, 286, 301, 304, 306, 308, 316, 320, 336, 337, 357, 359, 361, 365, 403, 410, 415, 425, 435, 460, 462, 493, 494, 515, 526, 562, 564, 608, 626, 632, 650, 652, 673, 678, 679, 681, 688, 702, 708, 710, 713, 718, 728, 736, 740, 766, 768, 779, 780, 787, 792, 793, 828, 830, 851, 865, 874, 896, 910, 915, 921, 924, 931, 936, 956, 958, 961, 988, 993, 998], [38, 72, 104, 130, 163, 175, 240, 247, 328, 407, 414, 445, 491, 521, 542, 607, 630, 674, 677, 725, 735, 881, 923, 947, 984], [53, 59, 60, 120, 138, 142, 148, 154, 163, 172, 188, 208, 279, 295, 325, 352, 401, 419, 441, 475, 482, 496, 507, 525, 545, 554, 556, 586, 593, 613, 627, 629, 631, 666, 674, 693, 700, 719, 726, 772, 776, 817, 829, 854, 877, 936, 943, 955, 960, 974, 975, 993], [61, 102, 164, 201, 223, 243, 258, 270, 272, 277, 287, 302, 303, 314, 317, 338, 346, 376, 386, 476, 595, 605, 662, 711, 836, 860, 861, 889, 898, 950], [25, 71, 219, 258, 334, 417, 468, 539, 543, 577, 598, 601, 619, 631, 643, 660, 667, 679, 699, 717, 751, 759, 811, 839, 842, 843, 879, 882, 906, 933], [10, 16, 52, 55, 76, 80, 82, 87, 89, 91, 121, 123, 131, 169, 176, 178, 179, 214, 221, 229, 240, 250, 253, 256, 284, 288, 290, 307, 319, 348, 354, 369, 371, 372, 384, 407, 413, 423, 426, 433, 450, 470, 473, 474, 480, 511, 520, 523, 524, 530, 549, 557, 590, 604, 611, 620, 638, 640, 647, 649, 665, 703, 705, 733, 749, 758, 769, 774, 791, 796, 807, 813, 817, 818, 829, 837, 838, 841, 889, 890, 896, 904, 918, 944, 946, 950, 971, 975, 977, 978, 982, 985, 992, 996, 997], [27, 35, 65, 87, 106, 226, 249, 363, 387, 422, 442, 467, 501, 583, 588, 639, 645, 658, 720, 724, 745, 758, 848, 953, 961], [30, 69, 111, 135, 198, 213, 217, 221, 338, 342, 397, 463, 464, 475, 477, 498, 512, 523, 527, 594, 606, 718, 750, 792, 859], [9, 24, 57, 117, 132, 190, 205, 210, 225, 234, 241, 292, 293, 310, 386, 394, 405, 487, 492, 528, 560, 568, 582, 605, 625, 704, 739, 791, 793, 803, 856, 868, 909, 923], [23, 61, 75, 92, 111, 130, 134, 152, 195, 224, 253, 259, 281, 284, 285, 290, 296, 303, 312, 339, 379, 396, 402, 409, 416, 436, 503, 513, 522, 524, 528, 534, 559, 565, 604, 622, 670, 692, 712, 713, 738, 756, 762, 765, 768, 790, 803, 831, 846, 869, 872, 886, 892, 895, 899, 901, 905, 935, 952], [6, 11, 18, 28, 81, 83, 144, 189, 294, 310, 357, 374, 380, 396, 400, 454, 481, 486, 548, 558, 623, 654, 656, 699, 721, 723, 725, 754, 808, 833, 865, 872, 873, 875, 900, 908, 960, 984], [45, 55, 73, 103, 156, 185, 254, 259, 263, 274, 318, 350, 363, 364, 370, 375, 395, 451, 471, 500, 539, 550, 588, 617, 652, 664, 682, 691, 697, 727, 731, 737, 743, 747, 752, 835, 911, 967, 969]]
nodes and edges_____________: 1000 ,  9844
read network over________________________
nodes: [611, 684, 733, 759, 764, 766, 769, 776, 783, 788, 797, 830, 849, 856, 857, 859, 866, 872, 882, 883, 886, 892, 898, 911, 914, 918, 919, 921, 935, 940, 941, 953, 954, 957, 961, 969, 971, 972, 973, 974, 976, 978, 981, 984, 989, 993, 996, 998] num of nodes:  48
[[579, 805, 611, 655], [597, 929, 778, 684, 687], [733, 985, 992, 944, 774], [660, 906, 667, 759, 842], [377, 709, 781, 686, 816, 916, 764, 698], [112, 822, 931, 766], [769, 997, 992, 774, 975], [295, 943, 960, 877, 776], [97, 783, 980, 887, 555], [325, 385, 924, 706, 962, 675, 788], [94, 744, 459, 478, 575, 797], [12, 830, 564, 710], [668, 986, 849, 945, 760, 939], [487, 856, 625, 868, 923, 560, 704], [620, 770, 809, 857, 782], [305, 928, 628, 734, 934, 859, 636, 825], [533, 966, 952, 866, 947], [723, 900, 960, 873, 380, 872], [643, 882, 879, 751, 933], [820, 883, 612, 933, 902, 991], [677, 1000, 834, 753, 852, 886], [94, 744, 459, 478, 575, 892], [223, 836, 711, 861, 950, 898, 314], [691, 743, 967, 911, 835, 731], [181, 902, 683, 977, 914], [299, 775, 881, 918, 349], [687, 964, 778, 929, 919], [708, 924, 988, 931, 921], [296, 895, 765, 935, 712], [128, 940, 689, 887, 510], [398, 942, 536, 563, 659, 941], [106, 745, 720, 658, 249, 953], [206, 954, 987, 927], [438, 957, 815, 730, 626], [106, 745, 720, 658, 249, 848, 961], [615, 963, 848, 812, 696, 969], [450, 997, 971, 796, 950], [418, 804, 939, 972, 742], [326, 980, 948, 508, 973], [441, 693, 700, 629, 974, 975], [239, 432, 976, 917, 574, 616, 618, 581, 591], [123, 992, 978, 371, 997], [77, 981, 880, 897, 925], [38, 984, 735, 607, 881, 542, 630], [180, 871, 983, 987, 989], [59, 693, 401, 993, 877], [996, 997, 813, 640, 433], [585, 986, 939, 760, 945, 998]]
len of cliques:  48
downsides after: [[239, 432, 976, 917, 574, 616, 618, 581, 591], [377, 709, 781, 686, 816, 916, 764, 698], [305, 928, 628, 734, 934, 859, 636, 825], [325, 385, 924, 706, 962, 675, 788], [487, 856, 625, 868, 923, 560, 704], [223, 836, 711, 861, 950, 898, 314], [106, 745, 720, 658, 249, 848, 961], [38, 984, 735, 607, 881, 542, 630], [94, 744, 459, 478, 575, 797], [668, 986, 849, 945, 760, 939], [723, 900, 960, 873, 380, 872], [820, 883, 612, 933, 902, 991], [677, 1000, 834, 753, 852, 886], [94, 744, 459, 478, 575, 892], [691, 743, 967, 911, 835, 731], [398, 942, 536, 563, 659, 941], [106, 745, 720, 658, 249, 953], [615, 963, 848, 812, 696, 969], [441, 693, 700, 629, 974, 975], [585, 986, 939, 760, 945, 998], [597, 929, 778, 684, 687], [733, 985, 992, 944, 774], [660, 906, 667, 759, 842], [769, 997, 992, 774, 975], [295, 943, 960, 877, 776], [97, 783, 980, 887, 555], [620, 770, 809, 857, 782], [533, 966, 952, 866, 947], [643, 882, 879, 751, 933], [181, 902, 683, 977, 914], [299, 775, 881, 918, 349], [687, 964, 778, 929, 919], [708, 924, 988, 931, 921], [296, 895, 765, 935, 712], [128, 940, 689, 887, 510], [438, 957, 815, 730, 626], [450, 997, 971, 796, 950], [418, 804, 939, 972, 742], [326, 980, 948, 508, 973], [123, 992, 978, 371, 997], [77, 981, 880, 897, 925], [180, 871, 983, 987, 989], [59, 693, 401, 993, 877], [996, 997, 813, 640, 433], [579, 805, 611, 655], [112, 822, 931, 766], [12, 830, 564, 710], [206, 954, 987, 927]]
number of downsided seeds: 48
[[239, 432, 976, 917, 574, 616, 618, 581, 591], [377, 709, 781, 686, 816, 916, 764, 698], [305, 928, 628, 734, 934, 859, 636, 825], [325, 385, 924, 706, 962, 675, 788], [487, 856, 625, 868, 923, 560, 704], [223, 836, 711, 861, 950, 898, 314], [106, 745, 720, 658, 249, 848, 961], [38, 984, 735, 607, 881, 542, 630], [94, 744, 459, 478, 575, 797], [668, 986, 849, 945, 760, 939], [723, 900, 960, 873, 380, 872], [820, 883, 612, 933, 902, 991], [677, 1000, 834, 753, 852, 886], [94, 744, 459, 478, 575, 892], [691, 743, 967, 911, 835, 731], [398, 942, 536, 563, 659, 941], [106, 745, 720, 658, 249, 953], [615, 963, 848, 812, 696, 969], [441, 693, 700, 629, 974, 975], [585, 986, 939, 760, 945, 998], [597, 929, 778, 684, 687], [733, 985, 992, 944, 774], [660, 906, 667, 759, 842], [769, 997, 992, 774, 975], [295, 943, 960, 877, 776], [97, 783, 980, 887, 555], [620, 770, 809, 857, 782], [533, 966, 952, 866, 947], [643, 882, 879, 751, 933], [181, 902, 683, 977, 914], [299, 775, 881, 918, 349], [687, 964, 778, 929, 919], [708, 924, 988, 931, 921], [296, 895, 765, 935, 712], [128, 940, 689, 887, 510], [438, 957, 815, 730, 626], [450, 997, 971, 796, 950], [418, 804, 939, 972, 742], [326, 980, 948, 508, 973], [123, 992, 978, 371, 997], [77, 981, 880, 897, 925], [180, 871, 983, 987, 989], [59, 693, 401, 993, 877], [996, 997, 813, 640, 433], [579, 805, 611, 655], [112, 822, 931, 766], [12, 830, 564, 710], [206, 954, 987, 927]]
after sorted:  [[239, 432, 976, 917, 574, 616, 618, 581, 591], [377, 709, 781, 686, 816, 916, 764, 698], [305, 928, 628, 734, 934, 859, 636, 825], [325, 385, 924, 706, 962, 675, 788], [487, 856, 625, 868, 923, 560, 704], [223, 836, 711, 861, 950, 898, 314], [106, 745, 720, 658, 249, 848, 961], [38, 984, 735, 607, 881, 542, 630], [94, 744, 459, 478, 575, 797], [668, 986, 849, 945, 760, 939], [723, 900, 960, 873, 380, 872], [820, 883, 612, 933, 902, 991], [677, 1000, 834, 753, 852, 886], [94, 744, 459, 478, 575, 892], [691, 743, 967, 911, 835, 731], [398, 942, 536, 563, 659, 941], [106, 745, 720, 658, 249, 953], [615, 963, 848, 812, 696, 969], [441, 693, 700, 629, 974, 975], [585, 986, 939, 760, 945, 998], [597, 929, 778, 684, 687], [733, 985, 992, 944, 774], [660, 906, 667, 759, 842], [769, 997, 992, 774, 975], [295, 943, 960, 877, 776], [97, 783, 980, 887, 555], [620, 770, 809, 857, 782], [533, 966, 952, 866, 947], [643, 882, 879, 751, 933], [181, 902, 683, 977, 914], [299, 775, 881, 918, 349], [687, 964, 778, 929, 919], [708, 924, 988, 931, 921], [296, 895, 765, 935, 712], [128, 940, 689, 887, 510], [438, 957, 815, 730, 626], [450, 997, 971, 796, 950], [418, 804, 939, 972, 742], [326, 980, 948, 508, 973], [123, 992, 978, 371, 997], [77, 981, 880, 897, 925], [180, 871, 983, 987, 989], [59, 693, 401, 993, 877], [996, 997, 813, 640, 433], [579, 805, 611, 655], [112, 822, 931, 766], [12, 830, 564, 710], [206, 954, 987, 927]]
before num:  48
befor deal_cliques:  48
after deal_cliques:  47
length of seeds:  47
seeds:  [set([432, 581, 616, 618, 239, 976, 917, 591, 574]), set([709, 781, 686, 816, 916, 377, 698, 764]), set([928, 934, 305, 628, 825, 859, 636, 734]), set([385, 962, 675, 788, 325, 924, 706]), set([704, 560, 868, 625, 487, 856, 923]), set([898, 836, 950, 711, 314, 861, 223]), set([848, 961, 658, 249, 745, 106, 720]), set([881, 630, 38, 984, 607, 542, 735]), set([94, 744, 459, 892, 797, 478, 575]), set([945, 849, 760, 986, 939, 668]), set([960, 723, 900, 872, 873, 380]), set([883, 612, 933, 902, 820, 991]), set([753, 834, 852, 677, 886, 1000]), set([835, 691, 731, 967, 743, 911]), set([563, 659, 398, 536, 941, 942]), set([720, 953, 658, 249, 745, 106]), set([848, 963, 615, 696, 969, 812]), set([693, 441, 700, 629, 974, 975]), set([945, 998, 760, 585, 986, 939]), set([929, 778, 684, 597, 687]), set([992, 985, 944, 733, 774]), set([906, 667, 660, 842, 759]), set([992, 769, 997, 774, 975]), set([960, 776, 295, 877, 943]), set([783, 97, 555, 980, 887]), set([809, 770, 620, 782, 857]), set([952, 866, 947, 533, 966]), set([879, 882, 643, 933, 751]), set([977, 914, 683, 181, 902]), set([881, 299, 349, 918, 775]), set([929, 778, 687, 964, 919]), set([708, 931, 924, 988, 921]), set([296, 712, 895, 765, 935]), set([128, 689, 940, 510, 887]), set([730, 815, 626, 438, 957]), set([450, 971, 796, 997, 950]), set([804, 418, 939, 972, 742]), set([980, 948, 508, 326, 973]), set([992, 123, 978, 371, 997]), set([880, 897, 981, 77, 925]), set([871, 987, 180, 989, 983]), set([993, 401, 59, 877, 693]), set([640, 433, 996, 997, 813]), set([579, 611, 805, 655]), set([112, 931, 822, 766]), set([12, 564, 830, 710]), set([954, 987, 206, 927])]
seeds_fitness [0.2175226586102719, 0.15555555555555556, 0.1407035175879397, 0.11830985915492957, 0.13291139240506328, 0.12883435582822086, 0.12804878048780488, 0.11320754716981132, 0.16666666666666666, 0.04966887417218543, 0.06550218340611354, 0.0546448087431694, 0.055970149253731345, 0.060851926977687626, 0.08, 0.1171875, 0.05791505791505792, 0.06224066390041494, 0.0473186119873817, 0.05128205128205128, 0.03361344537815126, 0.062111801242236024, 0.029717682020802376, 0.042105263157894736, 0.04784688995215311, 0.05102040816326531, 0.03289473684210526, 0.050761421319796954, 0.04291845493562232, 0.050505050505050504, 0.04246284501061571, 0.029411764705882353, 0.06230529595015576, 0.05194805194805195, 0.05141388174807198, 0.028011204481792718, 0.041666666666666664, 0.03868471953578337, 0.03466204506065858, 0.0380952380952381, 0.03676470588235294, 0.05305039787798409, 0.039525691699604744, 0.043478260869565216, 0.03669724770642202, 0.05, 0.022684310018903593]
after sort list of tuple: [(0, 0.2175226586102719), (8, 0.16666666666666666), (1, 0.15555555555555556), (2, 0.1407035175879397), (4, 0.13291139240506328), (5, 0.12883435582822086), (6, 0.12804878048780488), (3, 0.11830985915492957), (15, 0.1171875), (7, 0.11320754716981132), (14, 0.08), (10, 0.06550218340611354), (32, 0.06230529595015576), (17, 0.06224066390041494), (21, 0.062111801242236024), (13, 0.060851926977687626), (16, 0.05791505791505792), (12, 0.055970149253731345), (11, 0.0546448087431694), (41, 0.05305039787798409), (33, 0.05194805194805195), (34, 0.05141388174807198), (19, 0.05128205128205128), (25, 0.05102040816326531), (27, 0.050761421319796954), (29, 0.050505050505050504), (45, 0.05), (9, 0.04966887417218543), (24, 0.04784688995215311), (18, 0.0473186119873817), (43, 0.043478260869565216), (28, 0.04291845493562232), (30, 0.04246284501061571), (23, 0.042105263157894736), (36, 0.041666666666666664), (42, 0.039525691699604744), (37, 0.03868471953578337), (39, 0.0380952380952381), (40, 0.03676470588235294), (44, 0.03669724770642202), (38, 0.03466204506065858), (20, 0.03361344537815126), (26, 0.03289473684210526), (22, 0.029717682020802376), (31, 0.029411764705882353), (35, 0.028011204481792718), (46, 0.022684310018903593)]
seeds_sorted [set([432, 581, 616, 618, 239, 976, 917, 591, 574]), set([94, 744, 459, 892, 797, 478, 575]), set([709, 781, 686, 816, 916, 377, 698, 764]), set([928, 934, 305, 628, 825, 859, 636, 734]), set([704, 560, 868, 625, 487, 856, 923]), set([898, 836, 950, 711, 314, 861, 223]), set([848, 961, 658, 249, 745, 106, 720]), set([385, 962, 675, 788, 325, 924, 706]), set([720, 953, 658, 249, 745, 106]), set([881, 630, 38, 984, 607, 542, 735]), set([563, 659, 398, 536, 941, 942]), set([960, 723, 900, 872, 873, 380]), set([296, 712, 895, 765, 935]), set([693, 441, 700, 629, 974, 975]), set([906, 667, 660, 842, 759]), set([835, 691, 731, 967, 743, 911]), set([848, 963, 615, 696, 969, 812]), set([753, 834, 852, 677, 886, 1000]), set([883, 612, 933, 902, 820, 991]), set([993, 401, 59, 877, 693]), set([128, 689, 940, 510, 887]), set([730, 815, 626, 438, 957]), set([929, 778, 684, 597, 687]), set([809, 770, 620, 782, 857]), set([879, 882, 643, 933, 751]), set([881, 299, 349, 918, 775]), set([12, 564, 830, 710]), set([945, 849, 760, 986, 939, 668]), set([783, 97, 555, 980, 887]), set([945, 998, 760, 585, 986, 939]), set([579, 611, 805, 655]), set([977, 914, 683, 181, 902]), set([929, 778, 687, 964, 919]), set([960, 776, 295, 877, 943]), set([804, 418, 939, 972, 742]), set([640, 433, 996, 997, 813]), set([980, 948, 508, 326, 973]), set([880, 897, 981, 77, 925]), set([871, 987, 180, 989, 983]), set([112, 931, 822, 766]), set([992, 123, 978, 371, 997]), set([992, 985, 944, 733, 774]), set([952, 866, 947, 533, 966]), set([992, 769, 997, 774, 975]), set([708, 931, 924, 988, 921]), set([450, 971, 796, 997, 950]), set([954, 987, 206, 927])]
args__________ ([set([432, 581, 616, 618, 239, 976, 917, 591, 574]), set([954, 987, 206, 927])],)
args__________ ([set([94, 744, 459, 892, 797, 478, 575]), set([450, 971, 796, 997, 950])],)
args__________ ([set([709, 781, 686, 816, 916, 377, 698, 764]), set([708, 931, 924, 988, 921])],)
args__________ ([set([928, 934, 305, 628, 825, 859, 636, 734]), set([992, 769, 997, 774, 975])],)
args__________ ([set([704, 560, 868, 625, 487, 856, 923]), set([952, 866, 947, 533, 966])],)
args__________ ([set([898, 836, 950, 711, 314, 861, 223]), set([992, 985, 944, 733, 774])],)
args__________ ([set([848, 961, 658, 249, 745, 106, 720]), set([992, 123, 978, 371, 997])],)
args__________ ([set([385, 962, 675, 788, 325, 924, 706]), set([112, 931, 822, 766])],)
args__________ ([set([720, 953, 658, 249, 745, 106]), set([871, 987, 180, 989, 983])],)
args__________ ([set([881, 630, 38, 984, 607, 542, 735]), set([880, 897, 981, 77, 925])],)
args__________ ([set([563, 659, 398, 536, 941, 942]), set([980, 948, 508, 326, 973])],)
args__________ ([set([960, 723, 900, 872, 873, 380]), set([640, 433, 996, 997, 813])],)
args__________ ([set([296, 712, 895, 765, 935]), set([804, 418, 939, 972, 742])],)
args__________ ([set([693, 441, 700, 629, 974, 975]), set([960, 776, 295, 877, 943])],)
args__________ ([set([906, 667, 660, 842, 759]), set([929, 778, 687, 964, 919])],)
args__________ ([set([835, 691, 731, 967, 743, 911])],)
args__________ ([set([848, 963, 615, 696, 969, 812])],)
args__________ ([set([753, 834, 852, 677, 886, 1000])],)
args__________ ([set([883, 612, 933, 902, 820, 991])],)
args__________ ([set([993, 401, 59, 877, 693])],)
args__________ ([set([128, 689, 940, 510, 887])],)
args__________ ([set([730, 815, 626, 438, 957])],)
args__________ ([set([929, 778, 684, 597, 687])],)
args__________ ([set([809, 770, 620, 782, 857])],)
args__________ ([set([879, 882, 643, 933, 751])],)
args__________ ([set([881, 299, 349, 918, 775])],)
args__________ ([set([12, 564, 830, 710])],)
args__________ ([set([945, 849, 760, 986, 939, 668])],)
args__________ ([set([783, 97, 555, 980, 887])],)
args__________ ([set([945, 998, 760, 585, 986, 939])],)
args__________ ([set([579, 611, 805, 655])],)
args__________ ([set([977, 914, 683, 181, 902])],)
finish process___________________
i =  0 [432, 581, 7, 616, 618, 173, 239, 976, 104, 496, 368, 917, 591, 637, 574, 383]
i =  1 [130, 8, 139, 14, 913, 404, 533, 23, 538, 158, 927, 672, 35, 421, 38, 41, 810, 300, 175, 177, 690, 947, 542, 183, 954, 735, 701, 576, 322, 452, 966, 199, 328, 330, 603, 844, 610, 206, 207, 208, 210, 84, 987, 862, 607, 866, 484, 488, 365, 366, 113, 630, 119, 72, 633, 251, 247]
i =  2 [448, 37, 455, 744, 459, 159, 430, 94, 86, 56, 127, 892, 797, 478, 575]
i =  3 [640, 256, 386, 131, 982, 774, 769, 904, 733, 524, 520, 272, 384, 662, 985, 284, 413, 287, 288, 290, 243, 549, 796, 426, 813, 303, 176, 433, 179, 52, 950, 55, 314, 317, 319, 705, 450, 836, 837, 711, 841, 971, 590, 80, 82, 214, 87, 473, 348, 861, 223, 480, 123, 229, 890, 61, 369, 371, 372, 89, 169, 376, 889, 992, 997, 703, 511]
i =  4 [781, 273, 916, 302, 663, 25, 160, 298, 686, 816, 694, 569, 698, 577, 709, 600, 601, 219, 732, 619, 377, 764, 170]
i =  5 [51, 515, 652, 526, 147, 151, 921, 410, 924, 286, 415, 673, 931, 678, 425, 306, 562, 435, 564, 828, 830, 608, 194, 708, 710, 12, 80, 851, 215, 988, 222, 736, 336, 740, 357, 359, 956, 626, 117, 361, 632, 766]
i =  6 [384, 257, 650, 779, 269, 237, 146, 928, 934, 305, 951, 825, 337, 724, 473, 859, 122, 734, 493, 110, 628, 634, 636]
i =  7 [256, 769, 131, 982, 774, 904, 10, 523, 524, 985, 640, 413, 520, 549, 817, 169, 426, 813, 176, 433, 818, 52, 829, 250, 319, 705, 450, 837, 841, 590, 975, 82, 214, 87, 89, 91, 733, 997, 480, 992, 369, 371, 890, 123, 703]
i =  8 [704, 225, 868, 293, 487, 394, 793, 24, 528, 625, 210, 57, 405, 310, 560, 856, 292, 923, 190]
i =  9 [133, 8, 139, 14, 913, 404, 533, 23, 538, 158, 927, 672, 35, 421, 38, 41, 810, 427, 175, 177, 690, 947, 542, 183, 952, 735, 576, 322, 452, 966, 72, 823, 844, 206, 208, 210, 603, 862, 607, 866, 484, 488, 366, 113, 630, 119, 633, 251, 247]
i =  10 [898, 836, 662, 711, 201, 61, 258, 270, 861, 272, 287, 338, 243, 277, 950, 376, 314, 303, 317, 223]
i =  11 [640, 256, 131, 982, 774, 904, 524, 985, 665, 413, 520, 288, 944, 549, 169, 426, 813, 176, 433, 52, 319, 705, 450, 841, 76, 590, 82, 214, 89, 91, 733, 997, 480, 992, 749, 369, 371, 372, 121, 890, 123]
i =  12 [961, 226, 387, 645, 65, 745, 106, 363, 588, 848, 658, 467, 501, 87, 249, 442, 27, 720, 639]
i =  13 [640, 384, 131, 982, 774, 904, 649, 524, 256, 16, 473, 284, 520, 890, 549, 169, 426, 813, 176, 433, 52, 55, 319, 705, 450, 841, 590, 82, 214, 985, 733, 480, 997, 978, 369, 371, 89, 992, 123, 511]
i =  14 [385, 706, 675, 325, 39, 412, 234, 962, 78, 205, 48, 788, 117, 502, 472, 411, 924, 261]
i =  15 [771, 516, 236, 655, 912, 145, 531, 669, 671, 673, 546, 931, 805, 806, 552, 682, 626, 434, 438, 957, 447, 321, 579, 822, 584, 335, 212, 853, 730, 96, 355, 166, 748, 621, 112, 242, 373, 632, 766]
i =  16 [65, 226, 35, 645, 745, 106, 588, 720, 658, 467, 501, 758, 249, 953, 442, 387, 639]
i =  17 [3, 775, 392, 44, 139, 268, 910, 149, 545, 165, 294, 556, 46, 559, 307, 180, 308, 95, 189, 318, 863, 324, 454, 595, 983, 345, 90, 987, 211, 989, 479, 228, 229, 871, 489, 485, 753, 741, 764, 509]
i =  18 [130, 407, 923, 542, 163, 38, 175, 72, 947, 310, 735, 445, 328, 725, 984, 607, 104, 491, 240, 881, 630, 247]
i =  19 [897, 644, 264, 653, 21, 22, 28, 925, 289, 418, 291, 804, 168, 156, 42, 187, 63, 329, 77, 589, 466, 981, 218, 79, 102, 742, 232, 495, 880, 884]
i =  20 [32, 353, 482, 420, 646, 529, 140, 941, 398, 497, 179, 659, 942, 563, 311, 536, 20, 474, 124, 381, 31]
i =  21 [128, 4, 265, 783, 535, 408, 540, 159, 33, 555, 689, 948, 443, 449, 331, 197, 326, 456, 203, 973, 847, 980, 88, 97, 227, 870, 114, 887, 504, 508, 510, 767]
i =  22 [900, 6, 11, 144, 18, 407, 28, 542, 674, 548, 38, 558, 414, 310, 735, 188, 189, 960, 833, 630, 454, 865, 72, 81, 83, 725, 984, 607, 481, 294, 721, 872, 873, 491, 104, 400, 723, 374, 247, 656, 380]
i =  23 [640, 256, 131, 982, 774, 904, 524, 384, 473, 413, 520, 549, 169, 426, 813, 176, 433, 52, 319, 705, 450, 841, 76, 590, 82, 214, 87, 985, 733, 480, 992, 996, 997, 369, 371, 89, 121, 890, 123, 511]
i =  24 [416, 513, 290, 935, 296, 524, 111, 712, 402, 253, 565, 790, 503, 152, 92, 765, 670, 895]
i =  25 [897, 644, 391, 264, 653, 271, 274, 21, 22, 794, 28, 799, 289, 418, 291, 804, 168, 156, 42, 939, 945, 182, 187, 63, 580, 329, 972, 77, 589, 466, 218, 79, 742, 102, 490, 880]
i =  26 [138, 142, 401, 148, 154, 295, 554, 943, 693, 441, 59, 188, 974, 975, 208, 726, 352, 613, 700, 877, 629, 631]
i =  27 [776, 138, 142, 401, 154, 163, 295, 936, 554, 943, 693, 441, 59, 700, 960, 325, 593, 726, 352, 993, 482, 613, 188, 877, 629, 120]
i =  28 [643, 906, 631, 19, 660, 25, 539, 751, 543, 417, 667, 933, 679, 811, 699, 577, 839, 842, 843, 717, 334, 468, 598, 601, 71, 219, 619, 879, 882, 759]
i =  29 [641, 2, 645, 647, 777, 778, 919, 642, 911, 150, 535, 283, 29, 929, 162, 551, 424, 297, 555, 687, 562, 469, 309, 185, 151, 446, 949, 964, 327, 597, 598, 729, 97, 98, 617, 316, 874, 110, 367, 368, 372, 489, 85]
i =  30 [259, 652, 911, 835, 185, 682, 45, 743, 691, 55, 697, 318, 451, 967, 73, 471, 731, 350, 103, 747, 364, 752, 370, 500, 375]
i =  31 [129, 260, 137, 209, 270, 657, 530, 403, 532, 405, 785, 801, 553, 812, 431, 74, 439, 696, 955, 202, 191, 963, 969, 586, 848, 81, 654, 342, 606, 96, 615, 105, 362, 107, 115, 245, 249, 106, 639]
i =  32 [388, 519, 267, 143, 786, 280, 795, 541, 677, 167, 680, 429, 50, 437, 54, 439, 312, 186, 64, 834, 200, 209, 852, 469, 1000, 753, 755, 757, 886, 250]
i =  33 [773, 902, 7, 392, 173, 18, 532, 277, 279, 580, 155, 417, 165, 425, 683, 301, 46, 815, 48, 432, 820, 496, 566, 571, 574, 637, 66, 196, 581, 458, 239, 591, 976, 612, 83, 213, 216, 729, 91, 991, 356, 616, 618, 914, 751, 368, 104, 883, 248, 933, 383, 362, 126, 917]
i =  34 [352, 993, 674, 163, 613, 295, 188, 138, 877, 142, 943, 401, 693, 726, 279, 441, 154, 59, 700, 554, 629]
i =  35 [128, 4, 265, 783, 344, 323, 406, 408, 540, 33, 940, 689, 449, 67, 326, 456, 201, 331, 847, 980, 203, 88, 97, 227, 870, 494, 887, 504, 508, 510, 767]
i =  36 [771, 516, 748, 655, 912, 531, 661, 669, 671, 546, 805, 806, 552, 626, 815, 434, 438, 315, 957, 447, 321, 579, 822, 584, 212, 853, 730, 355, 105, 236, 621, 238, 112, 242, 373, 118, 126]
i =  37 [641, 642, 134, 9, 778, 597, 151, 495, 29, 929, 162, 419, 551, 424, 297, 170, 684, 687, 309, 446, 964, 327, 469, 598, 90, 98, 367, 368, 372, 981]
i =  38 [770, 389, 390, 393, 10, 855, 782, 400, 661, 282, 930, 935, 809, 938, 171, 176, 819, 436, 181, 186, 863, 572, 522, 64, 195, 199, 461, 335, 592, 465, 339, 599, 472, 857, 93, 990, 351, 864, 486, 614, 762, 620, 238, 115, 244, 869, 505, 506, 379, 511]
i =  39 [258, 643, 781, 15, 273, 19, 660, 25, 539, 543, 544, 417, 667, 933, 679, 808, 298, 811, 686, 816, 694, 698, 699, 577, 709, 839, 842, 631, 717, 334, 598, 600, 601, 71, 219, 746, 619, 751, 879, 882, 759, 377]
i =  40 [517, 775, 136, 141, 527, 147, 149, 918, 153, 668, 798, 241, 681, 299, 684, 648, 182, 62, 320, 585, 714, 75, 269, 849, 86, 216, 986, 349, 635, 100, 230, 360, 233, 881, 499, 760, 634, 763]
i =  41 [515, 652, 17, 147, 410, 286, 415, 678, 425, 306, 51, 564, 956, 830, 320, 194, 710, 12, 336, 851, 215, 988, 224, 740, 357, 359, 361, 403, 766]
i =  42 [299, 648, 527, 147, 153, 668, 291, 168, 169, 42, 939, 945, 182, 60, 62, 63, 320, 585, 714, 75, 589, 849, 86, 986, 349, 100, 230, 360, 233, 364, 241, 246, 760, 136, 763]
i =  43 [128, 4, 265, 783, 408, 540, 33, 422, 555, 689, 449, 323, 326, 456, 201, 203, 847, 980, 331, 97, 227, 870, 494, 887, 255, 510, 767]
i =  44 [299, 136, 648, 527, 153, 668, 291, 168, 169, 42, 939, 945, 182, 60, 62, 63, 585, 714, 75, 589, 849, 86, 986, 349, 99, 100, 998, 230, 360, 233, 364, 241, 499, 246, 760, 763]
i =  45 [771, 516, 655, 912, 531, 661, 669, 671, 546, 805, 806, 552, 626, 430, 434, 822, 957, 447, 321, 579, 438, 584, 334, 611, 212, 853, 730, 96, 355, 166, 105, 748, 621, 238, 112, 242, 373, 118, 632, 125]
i =  46 [1, 2, 3, 4, 5, 6, 7, 8, 9, 10, 11, 12, 13, 14, 15, 16, 17, 18, 19, 20, 21, 22, 23, 24, 25, 26, 27, 28, 29, 30, 31, 32, 33, 34, 35, 36, 37, 38, 39, 40, 41, 42, 43, 44, 45, 46, 47, 48, 49, 50, 51, 52, 53, 54, 55, 56, 57, 58, 59, 60, 61, 62, 63, 64, 65, 66, 67, 68, 69, 70, 71, 72, 73, 74, 75, 76, 77, 78, 79, 80, 81, 82, 83, 84, 85, 86, 87, 88, 89, 90, 91, 92, 93, 94, 95, 96, 97, 98, 99, 100, 101, 102, 103, 104, 105, 106, 107, 108, 109, 110, 111, 112, 113, 114, 115, 116, 117, 118, 119, 120, 121, 122, 123, 124, 125, 126, 127, 128, 129, 130, 131, 132, 133, 134, 135, 136, 137, 138, 139, 140, 141, 142, 143, 144, 145, 146, 147, 148, 149, 150, 151, 152, 153, 154, 155, 156, 157, 158, 159, 160, 161, 162, 163, 164, 165, 166, 167, 168, 169, 170, 171, 172, 173, 174, 175, 176, 177, 178, 179, 180, 181, 182, 183, 184, 185, 186, 187, 188, 189, 190, 191, 192, 193, 194, 195, 196, 197, 198, 199, 200, 201, 202, 203, 204, 205, 206, 207, 208, 209, 210, 211, 212, 213, 214, 215, 216, 217, 218, 219, 220, 221, 222, 223, 224, 225, 226, 227, 228, 229, 230, 231, 232, 233, 234, 235, 236, 237, 238, 239, 240, 241, 242, 243, 244, 245, 246, 247, 248, 249, 250, 251, 252, 253, 254, 255, 256, 257, 258, 259, 260, 261, 262, 263, 264, 265, 266, 267, 268, 269, 270, 271, 272, 273, 274, 275, 276, 277, 278, 279, 280, 281, 282, 283, 284, 285, 286, 287, 288, 289, 290, 291, 292, 293, 294, 295, 296, 297, 298, 299, 300, 301, 302, 303, 304, 305, 306, 307, 308, 309, 310, 311, 312, 313, 314, 315, 316, 317, 318, 319, 320, 321, 322, 323, 324, 325, 326, 327, 328, 329, 330, 331, 332, 333, 334, 335, 336, 337, 338, 339, 340, 341, 342, 343, 344, 345, 346, 347, 348, 349, 350, 351, 352, 353, 354, 355, 356, 357, 358, 359, 360, 361, 362, 363, 364, 365, 366, 367, 368, 369, 370, 371, 372, 373, 374, 375, 376, 377, 378, 379, 380, 381, 382, 383, 384, 385, 386, 387, 388, 389, 390, 391, 392, 393, 394, 395, 396, 397, 398, 399, 400, 401, 402, 403, 404, 405, 406, 407, 408, 409, 410, 411, 412, 413, 414, 415, 416, 417, 418, 419, 420, 421, 422, 423, 424, 425, 426, 427, 428, 429, 430, 431, 432, 433, 434, 435, 436, 437, 438, 439, 440, 441, 442, 443, 444, 445, 446, 447, 448, 449, 450, 451, 452, 453, 454, 455, 456, 457, 458, 459, 460, 461, 462, 463, 464, 465, 466, 467, 468, 469, 470, 471, 472, 473, 474, 475, 476, 477, 478, 479, 480, 481, 482, 483, 484, 485, 486, 487, 488, 489, 490, 491, 492, 493, 494, 495, 496, 497, 498, 499, 500, 501, 502, 503, 504, 505, 506, 507, 508, 509, 510, 511, 512, 513, 514, 515, 516, 517, 518, 519, 520, 521, 522, 523, 524, 525, 526, 527, 528, 529, 530, 531, 532, 533, 534, 535, 536, 537, 538, 539, 540, 541, 542, 543, 544, 545, 546, 547, 548, 549, 550, 551, 552, 553, 554, 555, 556, 557, 558, 559, 560, 561, 562, 563, 564, 565, 566, 567, 568, 569, 570, 571, 572, 573, 574, 575, 576, 577, 578, 579, 580, 581, 582, 583, 584, 585, 586, 587, 588, 589, 590, 591, 592, 593, 594, 595, 596, 597, 598, 599, 600, 601, 602, 603, 604, 605, 606, 607, 608, 609, 610, 611, 612, 613, 614, 615, 616, 617, 618, 619, 620, 621, 622, 623, 624, 625, 626, 627, 628, 629, 630, 631, 632, 633, 634, 635, 636, 637, 638, 639, 640, 641, 642, 643, 644, 645, 646, 647, 648, 649, 650, 651, 652, 653, 654, 655, 656, 657, 658, 659, 660, 661, 662, 663, 664, 665, 666, 667, 668, 669, 670, 671, 672, 673, 674, 675, 676, 677, 678, 679, 680, 681, 682, 683, 684, 685, 686, 687, 688, 689, 690, 691, 692, 693, 694, 695, 696, 697, 698, 699, 700, 701, 702, 703, 704, 705, 706, 707, 708, 709, 710, 711, 712, 713, 714, 715, 716, 717, 718, 719, 720, 721, 722, 723, 724, 725, 726, 727, 728, 729, 730, 731, 732, 733, 734, 735, 736, 737, 738, 739, 740, 741, 742, 743, 744, 745, 746, 747, 748, 749, 750, 751, 752, 753, 754, 755, 756, 757, 758, 759, 760, 761, 762, 763, 764, 765, 766, 767, 768, 769, 770, 771, 772, 773, 774, 775, 776, 777, 778, 779, 780, 781, 782, 783, 784, 785, 786, 787, 788, 789, 790, 791, 792, 793, 794, 795, 796, 797, 798, 799, 800, 801, 802, 803, 804, 805, 806, 807, 808, 809, 810, 811, 812, 813, 814, 815, 816, 817, 818, 819, 820, 821, 822, 823, 824, 825, 826, 827, 828, 829, 830, 831, 832, 833, 834, 835, 836, 837, 838, 839, 840, 841, 842, 843, 844, 845, 846, 847, 848, 849, 850, 851, 852, 853, 854, 855, 856, 857, 858, 859, 860, 861, 862, 863, 864, 865, 866, 867, 868, 869, 870, 871, 872, 873, 874, 875, 876, 877, 878, 879, 880, 881, 882, 883, 884, 885, 886, 887, 888, 889, 890, 891, 892, 893, 894, 895, 896, 897, 898, 899, 900, 901, 902, 903, 904, 905, 906, 907, 908, 909, 910, 911, 912, 913, 914, 915, 916, 917, 918, 919, 920, 921, 922, 923, 924, 925, 926, 927, 928, 929, 930, 931, 932, 933, 934, 935, 936, 937, 938, 939, 940, 941, 942, 943, 944, 945, 946, 947, 948, 949, 950, 951, 952, 953, 954, 955, 956, 957, 958, 959, 960, 961, 962, 963, 964, 965, 966, 967, 968, 969, 970, 971, 972, 973, 974, 975, 976, 977, 978, 979, 980, 981, 982, 983, 984, 985, 986, 987, 988, 989, 990, 991, 992, 993, 994, 995, 996, 997, 998, 999, 1000]
finish get all communities
complete deal_communities
commplete get_all_nature_community
----------------------------------The detection result is: 

all communities: 
i =  1 : [37, 56, 86, 94, 127, 159, 430, 448, 455, 459, 478, 575, 744, 797, 892]
i =  2 : [52, 55, 61, 80, 82, 87, 89, 123, 131, 169, 176, 179, 214, 223, 229, 243, 256, 272, 284, 287, 288, 290, 303, 314, 317, 319, 348, 369, 371, 372, 376, 384, 386, 413, 426, 433, 450, 473, 480, 511, 520, 524, 549, 590, 640, 662, 703, 705, 711, 733, 769, 774, 796, 813, 836, 837, 841, 861, 889, 890, 904, 950, 971, 982, 985, 992, 997]
i =  3 : [25, 160, 170, 219, 273, 298, 302, 377, 569, 577, 600, 601, 619, 663, 686, 694, 698, 709, 732, 764, 781, 816, 916]
i =  4 : [12, 51, 80, 117, 147, 151, 194, 215, 222, 286, 306, 336, 357, 359, 361, 410, 415, 425, 435, 515, 526, 562, 564, 608, 626, 632, 652, 673, 678, 708, 710, 736, 740, 766, 828, 830, 851, 921, 924, 931, 956, 988]
i =  5 : [110, 122, 146, 237, 257, 269, 305, 337, 384, 473, 493, 628, 634, 636, 650, 724, 734, 779, 825, 859, 928, 934, 951]
i =  6 : [24, 57, 190, 210, 225, 292, 293, 310, 394, 405, 487, 528, 560, 625, 704, 793, 856, 868, 923]
i =  7 : [61, 201, 223, 243, 258, 270, 272, 277, 287, 303, 314, 317, 338, 376, 662, 711, 836, 861, 898, 950]
i =  8 : [27, 65, 87, 106, 226, 249, 363, 387, 442, 467, 501, 588, 639, 645, 658, 720, 745, 848, 961]
i =  9 : [39, 48, 78, 117, 205, 234, 261, 325, 385, 411, 412, 472, 502, 675, 706, 788, 924, 962]
i =  10 : [35, 65, 106, 226, 249, 387, 442, 467, 501, 588, 639, 645, 658, 720, 745, 758, 953]
i =  11 : [3, 44, 46, 90, 95, 139, 149, 165, 180, 189, 211, 228, 229, 268, 294, 307, 308, 318, 324, 345, 392, 454, 479, 485, 489, 509, 545, 556, 559, 595, 741, 753, 764, 775, 863, 871, 910, 983, 987, 989]
i =  12 : [38, 72, 104, 130, 163, 175, 240, 247, 310, 328, 407, 445, 491, 542, 607, 630, 725, 735, 881, 923, 947, 984]
i =  13 : [21, 22, 28, 42, 63, 77, 79, 102, 156, 168, 187, 218, 232, 264, 289, 291, 329, 418, 466, 495, 589, 644, 653, 742, 804, 880, 884, 897, 925, 981]
i =  14 : [20, 31, 32, 124, 140, 179, 311, 353, 381, 398, 420, 474, 482, 497, 529, 536, 563, 646, 659, 941, 942]
i =  15 : [4, 33, 88, 97, 114, 128, 159, 197, 203, 227, 265, 326, 331, 408, 443, 449, 456, 504, 508, 510, 535, 540, 555, 689, 767, 783, 847, 870, 887, 948, 973, 980]
i =  16 : [6, 11, 18, 28, 38, 72, 81, 83, 104, 144, 188, 189, 247, 294, 310, 374, 380, 400, 407, 414, 454, 481, 491, 542, 548, 558, 607, 630, 656, 674, 721, 723, 725, 735, 833, 865, 872, 873, 900, 960, 984]
i =  17 : [92, 111, 152, 253, 290, 296, 402, 416, 503, 513, 524, 565, 670, 712, 765, 790, 895, 935]
i =  18 : [21, 22, 28, 42, 63, 77, 79, 102, 156, 168, 182, 187, 218, 264, 271, 274, 289, 291, 329, 391, 418, 466, 490, 580, 589, 644, 653, 742, 794, 799, 804, 880, 897, 939, 945, 972]
i =  19 : [59, 138, 142, 148, 154, 188, 208, 295, 352, 401, 441, 554, 613, 629, 631, 693, 700, 726, 877, 943, 974, 975]
i =  20 : [2, 29, 85, 97, 98, 110, 150, 151, 162, 185, 283, 297, 309, 316, 327, 367, 368, 372, 424, 446, 469, 489, 535, 551, 555, 562, 597, 598, 617, 641, 642, 645, 647, 687, 729, 777, 778, 874, 911, 919, 929, 949, 964]
i =  21 : [45, 55, 73, 103, 185, 259, 318, 350, 364, 370, 375, 451, 471, 500, 652, 682, 691, 697, 731, 743, 747, 752, 835, 911, 967]
i =  22 : [74, 81, 96, 105, 106, 107, 115, 129, 137, 191, 202, 209, 245, 249, 260, 270, 342, 362, 403, 405, 431, 439, 530, 532, 553, 586, 606, 615, 639, 654, 657, 696, 785, 801, 812, 848, 955, 963, 969]
i =  23 : [50, 54, 64, 143, 167, 186, 200, 209, 250, 267, 280, 312, 388, 429, 437, 439, 469, 519, 541, 677, 680, 753, 755, 757, 786, 795, 834, 852, 886, 1000]
i =  24 : [7, 18, 46, 48, 66, 83, 91, 104, 126, 155, 165, 173, 196, 213, 216, 239, 248, 277, 279, 301, 356, 362, 368, 383, 392, 417, 425, 432, 458, 496, 532, 566, 571, 574, 580, 581, 591, 612, 616, 618, 637, 683, 729, 751, 773, 815, 820, 883, 902, 914, 917, 933, 976, 991]
i =  25 : [9, 29, 90, 98, 134, 151, 162, 170, 297, 309, 327, 367, 368, 372, 419, 424, 446, 469, 495, 551, 597, 598, 641, 642, 684, 687, 778, 929, 964, 981]
i =  26 : [10, 64, 93, 115, 171, 176, 181, 186, 195, 199, 238, 244, 282, 335, 339, 351, 379, 389, 390, 393, 400, 436, 461, 465, 472, 486, 505, 506, 511, 522, 572, 592, 599, 614, 620, 661, 762, 770, 782, 809, 819, 855, 857, 863, 864, 869, 930, 935, 938, 990]
i =  27 : [62, 75, 86, 100, 136, 141, 147, 149, 153, 182, 216, 230, 233, 241, 269, 299, 320, 349, 360, 499, 517, 527, 585, 634, 635, 648, 668, 681, 684, 714, 760, 763, 775, 798, 849, 881, 918, 986]
i =  28 : [12, 17, 51, 147, 194, 215, 224, 286, 306, 320, 336, 357, 359, 361, 403, 410, 415, 425, 515, 564, 652, 678, 710, 740, 766, 830, 851, 956, 988]
i =  29 : [8, 14, 23, 35, 38, 41, 72, 84, 113, 119, 130, 133, 139, 158, 175, 177, 183, 199, 206, 207, 208, 210, 247, 251, 300, 322, 328, 330, 365, 366, 404, 421, 427, 452, 484, 488, 533, 538, 542, 576, 603, 607, 610, 630, 633, 672, 690, 701, 735, 810, 823, 844, 862, 866, 913, 927, 947, 952, 954, 966, 987]
i =  30 : [59, 120, 138, 142, 154, 163, 188, 279, 295, 325, 352, 401, 441, 482, 554, 593, 613, 629, 674, 693, 700, 726, 776, 877, 936, 943, 960, 993]
i =  31 : [15, 19, 25, 71, 219, 258, 273, 298, 334, 377, 417, 468, 539, 543, 544, 577, 598, 600, 601, 619, 631, 643, 660, 667, 679, 686, 694, 698, 699, 709, 717, 746, 751, 759, 781, 808, 811, 816, 839, 842, 843, 879, 882, 906, 933]
i =  32 : [4, 33, 67, 88, 97, 128, 201, 203, 227, 255, 265, 323, 326, 331, 344, 406, 408, 422, 449, 456, 494, 504, 508, 510, 540, 555, 689, 767, 783, 847, 870, 887, 940, 980]
i =  33 : [42, 60, 62, 63, 75, 86, 99, 100, 136, 147, 153, 168, 169, 182, 230, 233, 241, 246, 291, 299, 320, 349, 360, 364, 499, 527, 585, 589, 648, 668, 714, 760, 763, 849, 939, 945, 986, 998]
i =  34 : [96, 105, 112, 118, 125, 126, 145, 166, 212, 236, 238, 242, 315, 321, 334, 335, 355, 373, 430, 434, 438, 447, 516, 531, 546, 552, 579, 584, 611, 621, 626, 632, 655, 661, 669, 671, 673, 682, 730, 748, 766, 771, 805, 806, 815, 822, 853, 912, 931, 957]
i =  35 : [10, 16, 52, 55, 76, 82, 87, 89, 91, 121, 123, 131, 169, 176, 214, 250, 256, 284, 288, 319, 369, 371, 372, 384, 413, 426, 433, 450, 473, 480, 511, 520, 523, 524, 549, 590, 640, 649, 665, 703, 705, 733, 749, 769, 774, 813, 817, 818, 829, 837, 841, 890, 904, 944, 975, 978, 982, 985, 992, 996, 997]
overlapping nodes are:  [4, 10, 12, 18, 21, 22, 25, 28, 29, 33, 35, 38, 42, 46, 48, 51, 52, 55, 59, 61, 62, 63, 64, 65, 72, 75, 77, 79, 80, 81, 82, 83, 86, 87, 88, 89, 90, 91, 96, 97, 98, 100, 102, 104, 105, 106, 110, 115, 117, 123, 126, 128, 130, 131, 136, 138, 139, 142, 147, 149, 151, 153, 154, 156, 159, 162, 163, 165, 168, 169, 170, 175, 176, 179, 182, 185, 186, 187, 188, 189, 194, 199, 201, 203, 208, 209, 210, 214, 215, 216, 218, 219, 223, 226, 227, 229, 230, 233, 238, 241, 243, 247, 249, 250, 256, 258, 264, 265, 269, 270, 272, 273, 277, 279, 284, 286, 287, 288, 289, 290, 291, 294, 295, 297, 298, 299, 303, 306, 309, 310, 314, 317, 318, 319, 320, 325, 326, 327, 328, 329, 331, 334, 335, 336, 349, 352, 357, 359, 360, 361, 362, 364, 367, 368, 369, 371, 372, 376, 377, 384, 387, 392, 400, 401, 403, 405, 407, 408, 410, 413, 415, 417, 418, 424, 425, 426, 430, 433, 439, 441, 442, 446, 449, 450, 454, 456, 466, 467, 469, 472, 473, 480, 482, 489, 491, 495, 499, 501, 504, 508, 510, 511, 515, 520, 524, 527, 532, 535, 540, 542, 549, 551, 554, 555, 562, 564, 577, 580, 585, 588, 589, 590, 597, 598, 600, 601, 607, 613, 619, 626, 629, 630, 631, 632, 634, 639, 640, 641, 642, 644, 645, 648, 652, 653, 658, 661, 662, 668, 673, 674, 678, 682, 684, 686, 687, 689, 693, 694, 698, 700, 703, 705, 709, 710, 711, 714, 720, 725, 726, 729, 733, 735, 740, 742, 745, 751, 753, 760, 763, 764, 766, 767, 769, 774, 775, 778, 781, 783, 804, 813, 815, 816, 830, 836, 837, 841, 847, 848, 849, 851, 861, 863, 870, 877, 880, 881, 887, 890, 897, 904, 911, 923, 924, 929, 931, 933, 935, 939, 943, 945, 947, 950, 956, 960, 964, 975, 980, 981, 982, 984, 985, 986, 987, 988, 992, 997] 
 NOO is:  336
total time is:  320.063066006
