lens of ground_truth:  53
ground_truth is: [[4, 45, 46, 58, 65, 82, 112, 128, 167, 245, 253, 360, 370, 383, 386, 415, 463, 493, 509, 537, 570, 593, 601, 622, 651, 702, 703, 708, 718, 720, 735, 759, 771, 775, 786, 787, 837, 847, 914, 931, 956, 967, 969, 973, 984, 986], [67, 103, 149, 176, 203, 283, 335, 354, 368, 477, 489, 501, 512, 532, 619, 625, 629, 638, 645, 691, 710, 727, 730, 773, 782, 798, 806, 838, 875, 888, 919, 947, 951, 960, 995], [26, 27, 45, 74, 79, 149, 186, 239, 246, 256, 270, 314, 316, 323, 418, 448, 452, 467, 473, 488, 545, 591, 661, 752, 780, 811, 830, 848, 881, 897, 923, 938, 974, 975, 976, 981, 988], [20, 37, 52, 66, 110, 120, 124, 127, 129, 212, 236, 263, 307, 311, 342, 360, 364, 426, 441, 504, 505, 519, 528, 557, 565, 584, 601, 633, 646, 666, 687, 707, 736, 741, 776, 793, 801, 859, 867, 895, 908, 928, 929, 931, 948, 956, 965], [12, 30, 90, 100, 146, 165, 226, 266, 267, 332, 408, 420, 421, 446, 449, 603, 642, 679, 695, 818, 823, 865, 884, 889, 915, 939, 942, 943, 946, 994], [9, 111, 113, 158, 163, 165, 190, 198, 269, 286, 387, 410, 438, 522, 560, 630, 671, 697, 766, 770, 827, 934, 952], [166, 209, 230, 235, 322, 378, 385, 440, 497, 530, 623, 638, 662, 686, 739, 866, 998], [32, 83, 330, 391, 475, 502, 575, 657, 684, 775, 812, 871, 921], [210, 217, 228, 244, 284, 285, 300, 373, 386, 443, 483, 493, 508, 538, 561, 590, 606, 673, 690, 741, 781, 898, 912, 940, 954, 975, 976], [34, 51, 63, 80, 104, 123, 146, 221, 249, 275, 287, 292, 338, 339, 343, 357, 364, 424, 453, 478, 530, 564, 569, 604, 634, 673, 685, 749, 784, 810, 822, 834, 839, 849, 860, 869, 900, 955, 968, 1000], [54, 109, 120, 130, 194, 257, 352, 413, 497, 539, 545, 569, 618, 631, 653, 678, 794, 852, 912, 953, 964, 985, 993], [39, 68, 91, 102, 131, 196, 201, 202, 222, 457, 473, 556, 635, 636, 654, 705, 747, 792, 813, 815, 843, 844, 856, 1000], [16, 43, 97, 134, 193, 213, 238, 272, 313, 317, 518, 568, 698, 785, 828, 901], [11, 57, 86, 89, 92, 108, 129, 158, 160, 182, 216, 225, 328, 337, 340, 347, 389, 421, 430, 451, 455, 460, 466, 500, 527, 536, 570, 604, 651, 661, 714, 726, 735, 743, 745, 764, 771, 868, 872, 904, 906, 927, 933, 950, 958, 970, 972, 990], [21, 43, 55, 65, 119, 135, 179, 195, 221, 276, 299, 313, 324, 329, 374, 498, 514, 520, 525, 561, 580, 585, 650, 684, 685, 696, 710, 717, 737, 738, 753, 789, 802, 821, 852, 855, 871, 883, 904, 906, 944, 957, 991], [49, 61, 138, 198, 280, 312, 398, 444, 582, 609, 648, 672, 692, 704, 768, 777, 779, 788], [23, 177, 187, 219, 248, 294, 325, 363, 400, 485, 494, 591, 941, 953], [14, 25, 39, 42, 154, 348, 486, 567, 583, 590, 616, 789, 972, 981], [7, 48, 150, 199, 241, 268, 320, 366, 382, 461, 471, 531, 548, 599, 615, 646, 649, 663, 689, 716, 719, 723, 755, 795, 809, 855, 865, 913, 916, 927, 930, 936], [59, 98, 171, 186, 231, 290, 428, 479, 533, 552, 606, 607, 676, 693, 757, 774, 797, 874, 952, 982], [35, 76, 144, 208, 218, 283, 289, 317, 391, 409, 432, 465, 511, 553, 582, 634, 712, 733, 798, 862, 863, 879, 896, 929], [96, 140, 141, 210, 250, 321, 331, 365, 377, 435, 517, 694, 777, 995], [31, 47, 55, 73, 137, 162, 224, 366, 387, 393, 409, 416, 420, 426, 428, 436, 456, 470, 492, 495, 512, 538, 548, 585, 658, 669, 702, 709, 744, 750, 760, 764, 866, 870, 892, 895, 901, 921, 937, 977, 989, 993, 998], [72, 189, 264, 287, 454, 500, 501, 568, 611, 687, 699, 703, 717, 803, 924, 950], [6, 19, 185, 295, 312, 326, 395, 506, 529, 544, 669, 701, 709, 917], [47, 78, 93, 143, 145, 156, 160, 239, 247, 304, 341, 354, 369, 484, 489, 581, 596, 603, 607, 641, 657, 689, 724, 763, 781, 788, 842, 869, 909, 914, 961, 999], [15, 67, 69, 85, 88, 100, 296, 308, 315, 336, 372, 412, 419, 469, 496, 543, 552, 597, 614, 696, 731, 762, 800, 808, 819, 932, 934, 941, 949, 980, 983], [84, 106, 196, 197, 281, 301, 322, 367, 390, 398, 414, 427, 468, 476, 507, 546, 559, 608, 667, 742, 744, 772, 824, 848, 880, 894], [11, 57, 60, 61, 135, 204, 233, 260, 292, 303, 305, 327, 462, 510, 535, 555, 566, 571, 598, 613, 628, 630, 632, 636, 644, 706, 715, 804, 806, 833, 838, 846, 858, 903, 905, 940, 949, 979, 994], [2, 3, 81, 83, 192, 356, 425, 480, 499, 508, 525, 600, 642, 656, 694, 767, 782, 833, 909, 933, 985, 992], [38, 64, 155, 179, 205, 229, 237, 255, 375, 393, 405, 439, 531, 588, 619, 680, 714, 791, 803, 817, 822, 845, 872, 887, 893, 899, 903], [62, 99, 124, 130, 150, 159, 189, 215, 232, 260, 396, 422, 462, 481, 516, 595, 659, 701, 734, 737, 802, 814, 825, 829, 831, 835, 861, 886, 889, 907, 913, 924, 966], [10, 34, 41, 51, 63, 70, 81, 116, 157, 174, 236, 262, 268, 296, 297, 314, 344, 349, 379, 432, 452, 541, 572, 609, 613, 652, 667, 683, 715, 731, 765, 773, 815, 832, 840, 876, 910, 911, 955, 978], [37, 52, 68, 99, 114, 126, 132, 139, 148, 151, 170, 182, 214, 218, 244, 275, 276, 277, 374, 375, 397, 427, 434, 477, 490, 533, 542, 562, 578, 592, 594, 605, 621, 625, 670, 677, 756, 796, 834, 836, 874, 883, 885, 898, 920, 959, 962, 980, 987, 996], [71, 195, 213, 219, 245, 394, 402, 441, 455, 540, 675, 686, 743, 840, 939, 943, 992], [1, 33, 122, 147, 180, 380, 392, 411, 437, 445, 474, 487, 964], [38, 108, 271, 288, 291, 507, 551, 554, 589, 594, 627, 780, 813, 917], [107, 113, 169, 178, 211, 227, 279, 297, 309, 355, 459, 608, 620, 658, 751, 752, 779, 816, 826, 845, 851, 853, 864, 878, 882, 890, 899, 902, 965], [74, 104, 106, 178, 191, 233, 259, 302, 389, 504, 549, 563, 578, 579, 640, 681, 688, 754, 783, 841, 938, 942, 966, 999], [32, 36, 44, 192, 299, 327, 379, 384, 388, 521, 558, 574, 596, 612, 632, 637, 729, 758, 784], [8, 18, 70, 73, 87, 95, 96, 101, 121, 162, 234, 249, 254, 265, 286, 403, 406, 423, 492, 513, 522, 588, 624, 721, 722, 725, 727, 755, 760, 795, 799, 820, 837, 867, 873, 877, 884, 891, 937, 947, 963], [8, 95, 125, 161, 231, 251, 358, 424, 560, 639, 643, 652, 699, 711, 885, 910, 928, 954], [17, 141, 166, 170, 173, 188, 200, 243, 340, 417, 429, 444, 503, 534, 547, 587, 881, 948], [22, 77, 94, 115, 156, 183, 194, 334, 336, 362, 447, 456, 472, 563, 572, 573, 647, 650, 654, 713, 739, 778, 783, 785, 793, 983], [30, 90, 116, 152, 214, 342, 351, 407, 458, 541, 602, 610, 665, 668, 746, 787, 892], [28, 56, 117, 118, 147, 168, 169, 175, 274, 293, 309, 318, 324, 347, 381, 404, 419, 450, 464, 470, 471, 498, 511, 513, 526, 543, 581, 624, 626, 631, 660, 728, 738, 750, 769, 809, 846, 857, 876, 918, 922, 930, 971, 997], [40, 42, 82, 105, 107, 118, 184, 255, 273, 282, 319, 333, 344, 396, 403, 523, 577, 605, 615, 616, 664, 716, 740, 861, 920], [24, 75, 306, 351, 361, 401, 448, 491, 747, 817], [22, 29, 142, 241, 267, 359, 465, 491, 537, 812, 896], [153, 181, 207, 240, 346, 381, 416, 482, 647, 668, 751, 890, 962], [41, 110, 164, 258, 278, 371, 376, 399, 408, 431, 433, 515, 524, 655, 732, 875, 878, 960], [50, 133, 136, 151, 172, 197, 206, 220, 223, 252, 261, 310, 353, 369, 372, 373, 397, 435, 436, 446, 453, 463, 535, 539, 550, 586, 617, 700, 707, 721, 730, 748, 761, 790, 807, 828, 835, 850, 851, 925, 926, 935, 945], [5, 13, 53, 224, 242, 269, 298, 308, 345, 350, 352, 414, 442, 576, 674, 682, 770, 805, 854, 908, 982, 986]]
nodes: [634, 699, 711, 729, 740, 746, 777, 790, 827, 829, 851, 867, 868, 871, 887, 894, 898, 899, 909, 917, 924, 929, 935, 936, 948, 953, 957, 960, 963, 967, 968, 978, 979, 982, 983, 984, 988, 990, 992, 994, 996, 997, 998, 999] num of nodes:  44
[[289, 879, 733, 863, 896, 634], [72, 611, 454, 950, 699], [125, 928, 639, 643, 954, 711, 885], [388, 758, 729, 521, 574, 632, 558], [184, 740, 523, 664, 861], [152, 610, 458, 665, 602, 746, 787, 407], [280, 672, 704, 768, 692, 648, 788, 777], [550, 926, 790, 850, 945, 748], [163, 934, 438, 952, 697, 827, 766, 671], [481, 907, 814, 825, 831, 829, 835, 886], [211, 902, 826, 864, 853, 851, 845], [722, 891, 867, 799, 877, 725], [726, 970, 958, 906, 872, 868, 972], [330, 684, 871, 775, 921, 475, 812, 502, 575], [237, 893, 680, 887, 791, 405, 903], [301, 772, 894, 546, 742, 880, 824, 559], [217, 976, 940, 898, 690], [155, 680, 893, 899, 439, 791], [480, 985, 656, 499, 600, 933, 909], [271, 813, 551, 554, 589, 627, 917, 288, 291], [72, 611, 454, 950, 924, 501], [208, 712, 553, 879, 862, 733, 863, 929], [550, 926, 935, 807, 850, 945, 748], [320, 936, 916, 649, 927, 599], [173, 547, 429, 948, 534, 417, 881], [413, 993, 678, 953, 985, 794, 618, 964], [119, 514, 944, 991, 957, 802], [371, 960, 655, 515, 433, 431, 732], [722, 891, 873, 963, 820, 725, 877, 799], [370, 956, 967, 786, 708, 973], [478, 900, 968, 749, 564, 955, 810, 839], [10, 978, 765, 876, 955], [303, 905, 979, 858, 706, 628], [290, 676, 774, 757, 982, 952, 797, 479, 874], [496, 819, 932, 800, 614, 808, 762, 983], [370, 956, 984, 786, 708, 973], [488, 974, 981, 923, 988, 830, 848, 976], [451, 970, 990, 466, 958, 950], [71, 992, 675, 840, 394, 939, 686, 943], [12, 946, 818, 915, 884, 994, 823], [996, 959, 621, 962, 756, 148], [728, 922, 997, 809, 971, 857, 918], [209, 998, 385, 866, 638, 623], [640, 966, 999, 841, 681, 938, 754, 688, 783]]
len of cliques:  44
length of seeds:  44
seeds:  [[330, 684, 871, 775, 921, 475, 812, 502, 575], [271, 813, 551, 554, 589, 627, 917, 288, 291], [290, 676, 774, 757, 982, 952, 797, 479, 874], [640, 966, 999, 841, 681, 938, 754, 688, 783], [152, 610, 458, 665, 602, 746, 787, 407], [280, 672, 704, 768, 692, 648, 788, 777], [163, 934, 438, 952, 697, 827, 766, 671], [481, 907, 814, 825, 831, 829, 835, 886], [301, 772, 894, 546, 742, 880, 824, 559], [208, 712, 553, 879, 862, 733, 863, 929], [413, 993, 678, 953, 985, 794, 618, 964], [722, 891, 873, 963, 820, 725, 877, 799], [478, 900, 968, 749, 564, 955, 810, 839], [496, 819, 932, 800, 614, 808, 762, 983], [488, 974, 981, 923, 988, 830, 848, 976], [71, 992, 675, 840, 394, 939, 686, 943], [125, 928, 639, 643, 954, 711, 885], [388, 758, 729, 521, 574, 632, 558], [211, 902, 826, 864, 853, 851, 845], [726, 970, 958, 906, 872, 868, 972], [237, 893, 680, 887, 791, 405, 903], [480, 985, 656, 499, 600, 933, 909], [550, 926, 935, 807, 850, 945, 748], [173, 547, 429, 948, 534, 417, 881], [371, 960, 655, 515, 433, 431, 732], [12, 946, 818, 915, 884, 994, 823], [728, 922, 997, 809, 971, 857, 918], [289, 879, 733, 863, 896, 634], [550, 926, 790, 850, 945, 748], [722, 891, 867, 799, 877, 725], [155, 680, 893, 899, 439, 791], [72, 611, 454, 950, 924, 501], [320, 936, 916, 649, 927, 599], [119, 514, 944, 991, 957, 802], [370, 956, 967, 786, 708, 973], [303, 905, 979, 858, 706, 628], [370, 956, 984, 786, 708, 973], [451, 970, 990, 466, 958, 950], [996, 959, 621, 962, 756, 148], [209, 998, 385, 866, 638, 623], [72, 611, 454, 950, 699], [184, 740, 523, 664, 861], [217, 976, 940, 898, 690], [10, 978, 765, 876, 955]]
seeds_fitness [0.16363636363636364, 0.2440677966101695, 0.13114754098360656, 0.11726384364820847, 0.24888888888888888, 0.20363636363636364, 0.1362530413625304, 0.14736842105263157, 0.2028985507246377, 0.1830065359477124, 0.09090909090909091, 0.1362530413625304, 0.12472160356347439, 0.13270142180094788, 0.08211143695014662, 0.10707456978967496, 0.10714285714285714, 0.21649484536082475, 0.10687022900763359, 0.06511627906976744, 0.1253731343283582, 0.09210526315789473, 0.11023622047244094, 0.14432989690721648, 0.1700404858299595, 0.0963302752293578, 0.0860655737704918, 0.10948905109489052, 0.08645533141210375, 0.08356545961002786, 0.10948905109489052, 0.09868421052631579, 0.08595988538681948, 0.07159904534606205, 0.06072874493927125, 0.09090909090909091, 0.06302521008403361, 0.05928853754940711, 0.06726457399103139, 0.09375, 0.08733624454148471, 0.11299435028248588, 0.05037783375314862, 0.04926108374384237]
after sort list of tuple: [(4, 0.24888888888888888), (1, 0.2440677966101695), (17, 0.21649484536082475), (5, 0.20363636363636364), (8, 0.2028985507246377), (9, 0.1830065359477124), (24, 0.1700404858299595), (0, 0.16363636363636364), (7, 0.14736842105263157), (23, 0.14432989690721648), (6, 0.1362530413625304), (11, 0.1362530413625304), (13, 0.13270142180094788), (2, 0.13114754098360656), (20, 0.1253731343283582), (12, 0.12472160356347439), (3, 0.11726384364820847), (41, 0.11299435028248588), (22, 0.11023622047244094), (27, 0.10948905109489052), (30, 0.10948905109489052), (16, 0.10714285714285714), (15, 0.10707456978967496), (18, 0.10687022900763359), (31, 0.09868421052631579), (25, 0.0963302752293578), (39, 0.09375), (21, 0.09210526315789473), (10, 0.09090909090909091), (35, 0.09090909090909091), (40, 0.08733624454148471), (28, 0.08645533141210375), (26, 0.0860655737704918), (32, 0.08595988538681948), (29, 0.08356545961002786), (14, 0.08211143695014662), (33, 0.07159904534606205), (38, 0.06726457399103139), (19, 0.06511627906976744), (36, 0.06302521008403361), (34, 0.06072874493927125), (37, 0.05928853754940711), (42, 0.05037783375314862), (43, 0.04926108374384237)]
seeds_sorted [[152, 610, 458, 665, 602, 746, 787, 407], [271, 813, 551, 554, 589, 627, 917, 288, 291], [388, 758, 729, 521, 574, 632, 558], [280, 672, 704, 768, 692, 648, 788, 777], [301, 772, 894, 546, 742, 880, 824, 559], [208, 712, 553, 879, 862, 733, 863, 929], [371, 960, 655, 515, 433, 431, 732], [330, 684, 871, 775, 921, 475, 812, 502, 575], [481, 907, 814, 825, 831, 829, 835, 886], [173, 547, 429, 948, 534, 417, 881], [163, 934, 438, 952, 697, 827, 766, 671], [722, 891, 873, 963, 820, 725, 877, 799], [496, 819, 932, 800, 614, 808, 762, 983], [290, 676, 774, 757, 982, 952, 797, 479, 874], [237, 893, 680, 887, 791, 405, 903], [478, 900, 968, 749, 564, 955, 810, 839], [640, 966, 999, 841, 681, 938, 754, 688, 783], [184, 740, 523, 664, 861], [550, 926, 935, 807, 850, 945, 748], [289, 879, 733, 863, 896, 634], [155, 680, 893, 899, 439, 791], [125, 928, 639, 643, 954, 711, 885], [71, 992, 675, 840, 394, 939, 686, 943], [211, 902, 826, 864, 853, 851, 845], [72, 611, 454, 950, 924, 501], [12, 946, 818, 915, 884, 994, 823], [209, 998, 385, 866, 638, 623], [480, 985, 656, 499, 600, 933, 909], [413, 993, 678, 953, 985, 794, 618, 964], [303, 905, 979, 858, 706, 628], [72, 611, 454, 950, 699], [550, 926, 790, 850, 945, 748], [728, 922, 997, 809, 971, 857, 918], [320, 936, 916, 649, 927, 599], [722, 891, 867, 799, 877, 725], [488, 974, 981, 923, 988, 830, 848, 976], [119, 514, 944, 991, 957, 802], [996, 959, 621, 962, 756, 148], [726, 970, 958, 906, 872, 868, 972], [370, 956, 984, 786, 708, 973], [370, 956, 967, 786, 708, 973], [451, 970, 990, 466, 958, 950], [217, 976, 940, 898, 690], [10, 978, 765, 876, 955]]
args__________ ([[152, 610, 458, 665, 602, 746, 787, 407], [10, 978, 765, 876, 955]],)
args__________ ([[271, 813, 551, 554, 589, 627, 917, 288, 291], [217, 976, 940, 898, 690]],)
args__________ ([[388, 758, 729, 521, 574, 632, 558], [451, 970, 990, 466, 958, 950]],)
args__________ ([[280, 672, 704, 768, 692, 648, 788, 777], [370, 956, 967, 786, 708, 973]],)
args__________ ([[301, 772, 894, 546, 742, 880, 824, 559], [370, 956, 984, 786, 708, 973]],)
args__________ ([[208, 712, 553, 879, 862, 733, 863, 929], [726, 970, 958, 906, 872, 868, 972]],)
args__________ ([[371, 960, 655, 515, 433, 431, 732], [996, 959, 621, 962, 756, 148]],)
args__________ ([[330, 684, 871, 775, 921, 475, 812, 502, 575], [119, 514, 944, 991, 957, 802]],)
args__________ ([[481, 907, 814, 825, 831, 829, 835, 886], [488, 974, 981, 923, 988, 830, 848, 976]],)
args__________ ([[173, 547, 429, 948, 534, 417, 881], [722, 891, 867, 799, 877, 725]],)
args__________ ([[163, 934, 438, 952, 697, 827, 766, 671], [320, 936, 916, 649, 927, 599]],)
args__________ ([[722, 891, 873, 963, 820, 725, 877, 799], [728, 922, 997, 809, 971, 857, 918]],)
args__________ ([[496, 819, 932, 800, 614, 808, 762, 983]],)
args__________ ([[290, 676, 774, 757, 982, 952, 797, 479, 874]],)
args__________ ([[237, 893, 680, 887, 791, 405, 903]],)
args__________ ([[478, 900, 968, 749, 564, 955, 810, 839]],)
args__________ ([[640, 966, 999, 841, 681, 938, 754, 688, 783]],)
args__________ ([[184, 740, 523, 664, 861]],)
args__________ ([[550, 926, 935, 807, 850, 945, 748]],)
args__________ ([[289, 879, 733, 863, 896, 634]],)
args__________ ([[155, 680, 893, 899, 439, 791]],)
args__________ ([[125, 928, 639, 643, 954, 711, 885]],)
args__________ ([[71, 992, 675, 840, 394, 939, 686, 943]],)
args__________ ([[211, 902, 826, 864, 853, 851, 845]],)
args__________ ([[72, 611, 454, 950, 924, 501]],)
args__________ ([[12, 946, 818, 915, 884, 994, 823]],)
args__________ ([[209, 998, 385, 866, 638, 623]],)
args__________ ([[480, 985, 656, 499, 600, 933, 909]],)
args__________ ([[413, 993, 678, 953, 985, 794, 618, 964]],)
args__________ ([[303, 905, 979, 858, 706, 628]],)
args__________ ([[72, 611, 454, 950, 699]],)
args__________ ([[550, 926, 790, 850, 945, 748]],)
finish process___________________
seed_node 1000
seed_community:  [705, 131, 68, 102, 39, 1000, 457, 202, 843, 844, 654, 792, 91, 201, 856, 635, 222, 556]
seed_node 989
seed_community:  [162, 387, 548, 709, 870, 137, 989, 428, 366, 47, 977, 393, 495, 669, 31]
seed_node 986
seed_community:  [576, 674, 805, 682, 171, 908, 13, 269, 242, 53, 854, 982, 345, 986, 298, 5, 442, 350, 479]
seed_node 980
seed_community:  [800, 496, 932, 69, 614, 808, 597, 15, 336, 819, 980, 469, 983, 88, 762, 315, 412, 85]
seed_node 995
seed_community:  [645, 140, 782, 532, 149, 919, 947, 517, 176, 691, 951, 321, 203, 710, 331, 335, 210, 995, 103, 365, 368, 629, 888, 377, 250]
seed_node 965
seed_community:  [864, 355, 965, 902, 169, 459, 620, 816, 882, 227, 853, 279, 826, 297, 211]
seed_node 961
seed_community:  [961, 763, 484, 999, 145, 842, 78, 239, 304, 369, 914, 724, 341, 247, 641, 143, 156, 93]
seed_node 949
seed_community:  [15, 400, 23, 412, 69, 800, 419, 932, 294, 808, 941, 177, 819, 949, 187, 325, 597, 88, 315, 485, 614, 363, 494, 496, 372, 248, 762, 85, 469]
seed_node 942
seed_community:  [640, 259, 549, 966, 999, 841, 938, 754, 302, 783, 688, 178, 563, 942, 681, 579, 74, 191]
seed_node 937
seed_community:  [162, 963, 101, 423, 937, 234, 87, 877, 18, 403, 820, 725, 406, 873, 722, 121, 891, 265, 254, 799]
seed_node 930
seed_community:  [769, 526, 274, 404, 918, 922, 28, 930, 293, 168, 809, 175, 56, 318, 450, 971, 464, 728, 857, 997, 626, 117, 660]
seed_node 931
seed_community:  [128, 386, 4, 786, 415, 931, 167, 46, 58, 708, 967, 969, 973, 718, 847, 720, 593, 82, 984, 601, 360, 622, 253, 112, 370, 759, 509, 383]
seed_node 920
seed_community:  [577, 740, 40, 105, 523, 333, 255, 273, 920, 664, 282, 184, 605, 319]
seed_node 913
seed_community:  [481, 516, 422, 232, 907, 814, 913, 595, 659, 734, 886, 215, 825, 831, 829, 62, 159]
seed_node 901
seed_community:  [193, 901, 518, 97, 238, 272, 698, 828, 317, 134, 16]
seed_node 904
seed_community:  [514, 520, 650, 657, 21, 684, 944, 904, 179, 821, 329, 957, 575, 195, 580, 585, 330, 55, 83, 855, 475, 991, 738, 871, 753, 498, 502, 119]
seed_node 892
seed_community:  [610, 214, 458, 787, 116, 342, 407, 152, 665, 602, 892, 746]
seed_node 895
seed_community:  [162, 387, 548, 709, 870, 31, 137, 989, 428, 366, 47, 977, 393, 495, 669, 895]
seed_node 889
seed_community:  [266, 267, 12, 146, 915, 408, 540, 30, 675, 420, 421, 679, 939, 946, 943, 818, 823, 394, 446, 449, 195, 71, 695, 332, 90, 603, 226, 100, 402, 889]
seed_node 890
seed_community:  [416, 962, 647, 890, 482, 207, 240, 181, 153, 346, 751, 668, 381]
seed_node 875
seed_community:  [960, 258, 515, 164, 875, 524, 110, 655, 433, 371, 399, 278, 376, 431, 732]
seed_node 878
seed_community:  [960, 258, 515, 164, 524, 110, 655, 433, 371, 399, 878, 278, 376, 431, 732]
seed_node 883
seed_community:  [514, 195, 324, 991, 520, 329, 650, 299, 802, 685, 944, 753, 179, 821, 119, 580, 883, 957, 55, 21]
seed_node 869
seed_community:  [51, 34, 955, 900, 869, 839, 968, 810, 749, 80, 849, 338, 339, 564, 343, 123, 860, 478, 357]
seed_node 859
seed_community:  [129, 519, 776, 528, 20, 666, 928, 801, 263, 557, 307, 52, 565, 311, 66, 584, 212, 633, 859, 736, 120, 505, 125, 127]
seed_node 865
seed_community:  [865, 994, 420, 165, 449, 332, 266, 267, 12, 226, 146, 915, 884, 823, 408, 100, 679, 818, 695, 946]
seed_node 846
seed_community:  [769, 526, 274, 404, 918, 922, 28, 293, 168, 175, 56, 318, 450, 971, 846, 464, 728, 857, 997, 626, 117, 631, 660]
seed_node 833
seed_community:  [480, 833, 2, 3, 356, 933, 425, 192, 909, 499, 656, 83, 600, 985, 767]
seed_node 834
seed_community:  [339, 834, 900, 453, 839, 968, 63, 810, 749, 80, 849, 338, 51, 564, 822, 343, 123, 860, 478, 357]
seed_node 837
seed_community:  [128, 386, 4, 786, 415, 167, 46, 58, 956, 65, 708, 837, 967, 969, 973, 718, 847, 720, 593, 82, 984, 601, 360, 622, 253, 112, 370, 759, 509, 383]
seed_node 838
seed_community:  [706, 804, 598, 838, 135, 905, 555, 204, 462, 303, 305, 979, 628, 566, 644, 858, 571, 60, 510, 260]
seed_node 815
seed_community:  [705, 131, 68, 102, 39, 844, 202, 843, 556, 815, 792, 91, 457, 856, 201, 635, 222]
seed_node 798
seed_community:  [896, 289, 733, 35, 359, 712, 553, 76, 142, 879, 144, 465, 29, 862, 208, 798, 863]
seed_node 806
seed_community:  [645, 140, 141, 532, 149, 919, 517, 806, 176, 691, 951, 321, 203, 710, 331, 335, 210, 354, 995, 103, 489, 365, 368, 629, 888, 377, 250]
seed_node 817
seed_community:  [448, 747, 401, 361, 75, 817, 306, 24, 491]
seed_node 784
seed_community:  [384, 388, 521, 44, 558, 784, 758, 729, 612, 637, 574, 36]
seed_node 785
seed_community:  [97, 901, 518, 193, 43, 238, 272, 785, 213, 568, 313, 698, 317, 134, 16]
seed_node 789
seed_community:  [486, 39, 616, 105, 42, 583, 972, 14, 981, 567, 25, 154, 348, 789]
seed_node 793
seed_community:  [713, 778, 77, 334, 362, 115, 183, 472, 793, 573, 94, 447]
seed_node 795
seed_community:  [646, 7, 649, 471, 916, 150, 663, 795, 930, 936, 48, 689, 320, 199, 716, 461, 719, 723, 599, 615, 241, 382]
seed_node 764
seed_community:  [86, 527, 536, 430, 182, 57, 958, 451, 328, 970, 460, 337, 466, 726, 216, 89, 92, 990, 225, 868, 745, 108, 764]
seed_node 770
seed_community:  [576, 770, 805, 682, 13, 242, 53, 854, 674, 345, 986, 5, 298, 350, 442]
seed_node 773
seed_community:  [773, 262, 10, 268, 911, 667, 541, 297, 683, 174, 157, 432, 572, 63, 832, 452, 978, 344, 349, 609, 613, 876, 116, 41, 765]
seed_node 779
seed_community:  [672, 704, 609, 648, 777, 138, 779, 49, 692, 280, 788, 61, 768]
seed_node 741
seed_community:  [898, 643, 940, 781, 493, 912, 538, 284, 285, 673, 300, 561, 690, 54, 954, 443, 711, 386, 975, 976, 210, 590, 217, 606, 483, 228, 741, 358, 231, 161, 109, 244, 373, 246, 251, 508, 125, 639]
seed_node 744
seed_community:  [880, 546, 772, 742, 390, 744, 106, 322, 301, 367, 848, 468, 281, 824, 84, 559, 476, 894]
seed_node 750
seed_community:  [769, 526, 274, 404, 918, 922, 28, 293, 168, 626, 175, 56, 318, 450, 324, 971, 464, 470, 728, 857, 997, 750, 498, 117, 118, 660]
seed_node 755
seed_community:  [320, 865, 646, 199, 936, 649, 599, 461, 719, 48, 689, 755, 916, 723, 663, 7, 615, 382, 471]
seed_node 760
seed_community:  [96, 963, 101, 423, 873, 234, 877, 18, 403, 820, 725, 406, 87, 760, 722, 121, 891, 265, 254, 799]
seed_node 780
seed_community:  [288, 291, 38, 551, 554, 780, 813, 589, 594, 627, 917, 271]
seed_node 727
seed_community:  [963, 101, 423, 873, 234, 727, 877, 254, 18, 403, 820, 725, 406, 87, 722, 121, 891, 265, 286, 799]
seed_node 730
seed_community:  [176, 919, 645, 103, 203, 335, 368, 625, 691, 532, 629, 951, 888, 730, 947, 149]
seed_node 731
seed_community:  [262, 10, 652, 910, 911, 667, 157, 296, 41, 683, 174, 572, 832, 452, 70, 268, 978, 344, 731, 349, 379, 765]
seed_node 735
seed_community:  [128, 386, 4, 786, 415, 167, 46, 58, 708, 967, 969, 973, 718, 847, 720, 593, 984, 601, 735, 360, 622, 509, 112, 370, 759, 253, 383]
seed_node 701
seed_community:  [544, 6, 326, 295, 395, 529, 19, 917, 185, 506, 701]
seed_node 702
seed_community:  [162, 387, 548, 709, 870, 393, 989, 55, 428, 366, 47, 977, 658, 73, 137, 495, 669, 702, 31]
seed_node 707
seed_community:  [133, 136, 397, 790, 925, 926, 261, 550, 935, 172, 945, 50, 310, 700, 707, 586, 206, 850, 220, 223, 353, 617, 807, 748, 761, 252]
seed_node 715
seed_community:  [262, 10, 911, 667, 157, 34, 297, 683, 174, 815, 432, 51, 314, 955, 63, 832, 452, 70, 840, 715, 978, 344, 349, 876, 116, 41, 123, 541, 765]
seed_node 721
seed_community:  [95, 963, 101, 423, 8, 873, 234, 877, 721, 18, 403, 820, 725, 406, 87, 722, 121, 891, 265, 254, 799]
seed_node 694
seed_community:  [96, 321, 995, 517, 331, 140, 365, 141, 210, 435, 694, 377, 250]
seed_node 630
seed_community:  [163, 934, 198, 9, 522, 171, 630, 111, 113, 766, 438, 952, 697, 410, 827, 190, 671]
seed_node 636
seed_community:  [705, 131, 68, 102, 39, 1000, 844, 202, 843, 556, 654, 815, 792, 91, 457, 856, 201, 635, 636, 222]
seed_node 642
seed_community:  [449, 642, 100, 679, 12, 266, 267, 332, 226, 942, 146, 915, 30, 823, 408, 695, 90, 818, 446, 946]
seed_node 591
seed_community:  [187, 325, 294, 363, 941, 494, 591, 400, 177, 23, 248, 953, 219, 485]
seed_node 596
seed_community:  [384, 388, 521, 44, 558, 784, 596, 758, 729, 612, 637, 574, 36]
seed_node 604
seed_community:  [604, 51, 34, 123, 900, 357, 839, 968, 530, 810, 749, 80, 849, 338, 339, 564, 343, 955, 860, 478]
seed_node 607
seed_community:  [290, 676, 982, 774, 171, 428, 98, 269, 693, 757, 438, 952, 607, 59, 797, 479]
seed_node 608
seed_community:  [608, 546, 772, 742, 390, 744, 106, 427, 301, 559, 880, 468, 281, 824, 84, 367, 476, 894]
seed_node 619
seed_community:  [64, 887, 179, 680, 619, 205, 237, 791, 531, 405, 439, 155, 893, 229]
seed_node 624
seed_community:  [769, 526, 274, 404, 918, 922, 28, 293, 168, 809, 175, 56, 318, 450, 971, 464, 728, 857, 997, 624, 626, 117, 660]
seed_node 569
seed_community:  [993, 130, 678, 257, 618, 109, 653, 912, 54, 569, 794, 539, 413]
seed_node 570
seed_community:  [128, 386, 4, 786, 415, 167, 46, 58, 708, 967, 969, 973, 718, 847, 720, 593, 984, 601, 570, 360, 622, 509, 112, 370, 759, 253, 383]
seed_node 578
seed_community:  [640, 578, 579, 389, 966, 999, 841, 549, 302, 783, 688, 754, 259, 681, 191]
seed_node 581
seed_community:  [961, 484, 581, 999, 145, 842, 239, 78, 143, 304, 369, 914, 724, 341, 247, 641, 596, 763, 156, 93]
seed_node 582
seed_community:  [896, 929, 733, 35, 582, 289, 712, 553, 359, 76, 142, 879, 144, 465, 208, 29, 862, 863]
seed_node 588
seed_community:  [64, 375, 229, 38, 680, 393, 439, 588, 205, 237, 791, 179, 405, 887, 155, 893]
seed_node 533
seed_community:  [98, 676, 982, 774, 797, 171, 428, 290, 269, 757, 693, 438, 952, 59, 533, 479]
seed_node 535
seed_community:  [706, 804, 598, 260, 135, 905, 555, 204, 462, 303, 305, 979, 628, 566, 535, 644, 858, 571, 60, 510]
seed_node 537
seed_community:  [896, 391, 267, 142, 144, 22, 537, 29, 289, 35, 553, 812, 432, 712, 76, 208, 465, 733, 862, 863, 359, 491, 879, 241]
seed_node 543
seed_community:  [769, 526, 274, 660, 918, 922, 28, 543, 293, 168, 175, 56, 318, 450, 971, 464, 728, 857, 997, 626, 117, 404]
seed_node 545
seed_community:  [256, 897, 270, 26, 27, 545, 418, 923, 811, 186, 316, 830, 448, 323, 452, 974, 975, 467, 79, 988, 488, 752, 246]
seed_node 487
seed_community:  [474, 1, 964, 33, 487, 392, 180, 437, 122, 411, 380, 445]
seed_node 492
seed_community:  [385, 137, 530, 662, 998, 495, 669, 31, 162, 420, 47, 55, 440, 709, 977, 548, 989, 866, 870, 230, 209, 235, 492, 366, 623, 760, 378, 895]
seed_node 504
seed_community:  [640, 579, 549, 104, 841, 938, 754, 302, 783, 688, 178, 259, 681, 504, 106, 191]
seed_node 507
seed_community:  [546, 507, 772, 390, 742, 106, 301, 559, 880, 84, 281, 824, 468, 367, 476, 894]
seed_node 511
seed_community:  [896, 929, 35, 289, 712, 553, 359, 76, 142, 879, 144, 465, 208, 511, 29, 733, 862, 863]
seed_node 512
seed_community:  [512, 258, 515, 645, 524, 399, 532, 278, 919, 408, 283, 517, 164, 431, 176, 433, 691, 951, 960, 321, 331, 710, 140, 203, 335, 888, 210, 655, 732, 354, 995, 103, 489, 875, 365, 368, 371, 629, 376, 377, 250]
seed_node 513
seed_community:  [513, 963, 101, 423, 873, 234, 877, 18, 403, 820, 725, 406, 87, 722, 121, 891, 265, 254, 799]
seed_node 424
seed_community:  [928, 161, 643, 358, 711, 424, 639, 231, 910, 560, 8, 885, 251, 954, 699, 125, 95]
seed_node 426
seed_community:  [128, 386, 4, 786, 415, 931, 167, 426, 46, 58, 708, 967, 969, 973, 718, 847, 720, 593, 82, 984, 601, 360, 622, 253, 112, 370, 759, 509, 383]
seed_node 436
seed_community:  [261, 136, 790, 925, 926, 133, 550, 807, 172, 945, 50, 436, 310, 700, 586, 206, 850, 220, 223, 353, 617, 935, 748, 761, 252]
seed_node 456
seed_community:  [257, 130, 342, 653, 912, 787, 90, 407, 152, 665, 794, 539, 668, 413, 30, 32, 678, 426, 541, 54, 244, 458, 575, 194, 456, 330, 921, 83, 214, 602, 475, 351, 352, 993, 610, 746, 109, 116, 502, 892, 618]
seed_node 463
seed_community:  [128, 386, 4, 786, 415, 167, 46, 58, 708, 967, 969, 973, 718, 847, 720, 593, 82, 984, 601, 463, 360, 622, 509, 112, 370, 759, 253, 383]
seed_node 473
seed_community:  [256, 897, 780, 270, 26, 923, 418, 27, 811, 186, 316, 830, 448, 323, 74, 974, 79, 976, 467, 473, 988, 488, 752, 246]
seed_node 477
seed_community:  [132, 139, 148, 277, 920, 836, 796, 670, 677, 434, 562, 542, 756, 959, 68, 592, 594, 987, 477, 996, 490, 621, 114, 244, 276, 126]
seed_node 364
seed_community:  [900, 287, 34, 810, 51, 564, 955, 63, 453, 839, 968, 80, 849, 338, 339, 343, 860, 478, 357, 364, 749, 123]
seed_node 374
seed_community:  [514, 195, 324, 520, 329, 650, 299, 717, 944, 753, 179, 276, 821, 374, 119, 580, 21, 957, 55, 991]
seed_node 396
seed_community:  [577, 740, 40, 105, 523, 396, 333, 273, 920, 664, 282, 184, 605, 319]
seed_node 409
seed_community:  [896, 289, 35, 29, 359, 712, 553, 76, 142, 879, 144, 465, 208, 409, 283, 733, 862, 863]
seed_node 414
seed_community:  [546, 772, 742, 390, 301, 559, 880, 468, 894, 281, 824, 84, 367, 476, 414]
seed_node 292
seed_community:  [260, 261, 905, 535, 644, 292, 555, 940, 303, 305, 566, 571, 60, 61, 706, 204, 462, 979, 598, 804, 858, 628, 510]
seed_node 308
seed_community:  [800, 496, 932, 69, 614, 808, 469, 15, 336, 819, 308, 597, 983, 88, 762, 315, 412, 85]
seed_node 309
seed_community:  [864, 899, 902, 169, 459, 620, 816, 882, 227, 309, 279, 355, 826, 211, 297, 853]
seed_node 327
seed_community:  [384, 388, 327, 521, 44, 558, 758, 729, 612, 637, 574, 36]
seed_node 340
seed_community:  [417, 547, 200, 587, 173, 429, 17, 243, 340, 534, 503, 948, 188]
seed_node 347
seed_community:  [86, 527, 661, 536, 430, 182, 57, 958, 451, 328, 970, 460, 337, 466, 726, 216, 89, 347, 92, 990, 225, 868, 745, 108]
seed_node 224
seed_community:  [224, 576, 770, 805, 298, 674, 13, 242, 53, 854, 345, 442, 682, 350, 5]
seed_node 233
seed_community:  [640, 579, 549, 999, 841, 106, 754, 942, 783, 688, 178, 259, 302, 681, 233, 191]
seed_node 236
seed_community:  [262, 10, 652, 910, 911, 667, 157, 296, 41, 683, 174, 572, 63, 832, 452, 70, 268, 978, 344, 731, 349, 236, 379, 765]
seed_node 249
seed_community:  [95, 963, 101, 423, 8, 873, 234, 877, 18, 403, 820, 725, 406, 87, 722, 249, 121, 891, 265, 254, 799]
seed_node 275
seed_community:  [900, 784, 530, 275, 287, 34, 810, 685, 51, 564, 955, 839, 968, 80, 849, 338, 339, 343, 860, 478, 357, 104, 364, 749, 123]
seed_node 124
seed_community:  [481, 516, 886, 422, 232, 907, 814, 595, 659, 62, 150, 215, 825, 831, 124, 829, 734, 159]
seed_node 147
seed_community:  [1, 964, 33, 487, 392, 445, 147, 180, 437, 474, 411, 380, 122]
seed_node 151
seed_community:  [133, 136, 397, 790, 151, 925, 926, 261, 550, 935, 172, 945, 50, 310, 700, 586, 206, 850, 220, 223, 353, 617, 807, 748, 761, 252]
seed_node 158
seed_community:  [771, 389, 11, 14, 527, 661, 536, 25, 154, 158, 421, 92, 430, 726, 328, 567, 57, 958, 451, 583, 72, 972, 970, 460, 337, 466, 86, 216, 89, 348, 990, 225, 868, 486, 616, 745, 108, 500, 651]
seed_node 160
seed_community:  [160, 961, 763, 484, 641, 842, 143, 93, 47, 304, 145, 724, 341, 247, 239, 156, 369]
seed_node 170
seed_community:  [417, 547, 200, 170, 587, 429, 173, 17, 243, 948, 534, 503, 188]
seed_node 196
seed_community:  [546, 196, 390, 742, 427, 301, 559, 880, 84, 772, 281, 824, 468, 367, 476, 894]
seed_node 197
seed_community:  [261, 136, 790, 925, 926, 453, 133, 550, 935, 172, 945, 50, 310, 700, 197, 586, 206, 850, 220, 223, 353, 617, 807, 748, 761, 252]
seed_node 37
seed_community:  [1, 2, 3, 4, 5, 6, 7, 8, 9, 10, 11, 12, 13, 14, 15, 16, 17, 18, 19, 20, 21, 22, 23, 24, 25, 26, 27, 28, 29, 30, 31, 32, 33, 34, 35, 36, 37, 38, 39, 40, 41, 42, 43, 44, 45, 46, 47, 48, 49, 50, 51, 52, 53, 54, 55, 56, 57, 58, 59, 60, 61, 62, 63, 64, 65, 66, 67, 68, 69, 70, 71, 72, 73, 74, 75, 76, 77, 78, 79, 80, 81, 82, 83, 84, 85, 86, 87, 88, 89, 90, 91, 92, 93, 94, 95, 96, 97, 98, 99, 100, 101, 102, 103, 104, 105, 106, 107, 108, 109, 110, 111, 112, 113, 114, 115, 116, 117, 118, 119, 120, 121, 122, 123, 124, 125, 126, 127, 128, 129, 130, 131, 132, 133, 134, 135, 136, 137, 138, 139, 140, 141, 142, 143, 144, 145, 146, 147, 148, 149, 150, 151, 152, 153, 154, 155, 156, 157, 158, 159, 160, 161, 162, 163, 164, 165, 166, 167, 168, 169, 170, 171, 172, 173, 174, 175, 176, 177, 178, 179, 180, 181, 182, 183, 184, 185, 186, 187, 188, 189, 190, 191, 192, 193, 194, 195, 196, 197, 198, 199, 200, 201, 202, 203, 204, 205, 206, 207, 208, 209, 210, 211, 212, 213, 214, 215, 216, 217, 218, 219, 220, 221, 222, 223, 224, 225, 226, 227, 228, 229, 230, 231, 232, 233, 234, 235, 236, 237, 238, 239, 240, 241, 242, 243, 244, 245, 246, 247, 248, 249, 250, 251, 252, 253, 254, 255, 256, 257, 258, 259, 260, 261, 262, 263, 264, 265, 266, 267, 268, 269, 270, 271, 272, 273, 274, 275, 276, 277, 278, 279, 280, 281, 282, 283, 284, 285, 286, 287, 288, 289, 290, 291, 292, 293, 294, 295, 296, 297, 298, 299, 300, 301, 302, 303, 304, 305, 306, 307, 308, 309, 310, 311, 312, 313, 314, 315, 316, 317, 318, 319, 320, 321, 322, 323, 324, 325, 326, 327, 328, 329, 330, 331, 332, 333, 334, 335, 336, 337, 338, 339, 340, 341, 342, 343, 344, 345, 346, 347, 348, 349, 350, 351, 352, 353, 354, 355, 356, 357, 358, 359, 360, 361, 362, 363, 364, 365, 366, 367, 368, 369, 370, 371, 372, 373, 374, 375, 376, 377, 378, 379, 380, 381, 382, 383, 384, 385, 386, 387, 388, 389, 390, 391, 392, 393, 394, 395, 396, 397, 398, 399, 400, 401, 402, 403, 404, 405, 406, 407, 408, 409, 410, 411, 412, 413, 414, 415, 416, 417, 418, 419, 420, 421, 422, 423, 424, 425, 426, 427, 428, 429, 430, 431, 432, 433, 434, 435, 436, 437, 438, 439, 440, 441, 442, 443, 444, 445, 446, 447, 448, 449, 450, 451, 452, 453, 454, 455, 456, 457, 458, 459, 460, 461, 462, 463, 464, 465, 466, 467, 468, 469, 470, 471, 472, 473, 474, 475, 476, 477, 478, 479, 480, 481, 482, 483, 484, 485, 486, 487, 488, 489, 490, 491, 492, 493, 494, 495, 496, 497, 498, 499, 500, 501, 502, 503, 504, 505, 506, 507, 508, 509, 510, 511, 512, 513, 514, 515, 516, 517, 518, 519, 520, 521, 522, 523, 524, 525, 526, 527, 528, 529, 530, 531, 532, 533, 534, 535, 536, 537, 538, 539, 540, 541, 542, 543, 544, 545, 546, 547, 548, 549, 550, 551, 552, 553, 554, 555, 556, 557, 558, 559, 560, 561, 562, 563, 564, 565, 566, 567, 568, 569, 570, 571, 572, 573, 574, 575, 576, 577, 578, 579, 580, 581, 582, 583, 584, 585, 586, 587, 588, 589, 590, 591, 592, 593, 594, 595, 596, 597, 598, 599, 600, 601, 602, 603, 604, 605, 606, 607, 608, 609, 610, 611, 612, 613, 614, 615, 616, 617, 618, 619, 620, 621, 622, 623, 624, 625, 626, 627, 628, 629, 630, 631, 632, 633, 634, 635, 636, 637, 638, 639, 640, 641, 642, 643, 644, 645, 646, 647, 648, 649, 650, 651, 652, 653, 654, 655, 656, 657, 658, 659, 660, 661, 662, 663, 664, 665, 666, 667, 668, 669, 670, 671, 672, 673, 674, 675, 676, 677, 678, 679, 680, 681, 682, 683, 684, 685, 686, 687, 688, 689, 690, 691, 692, 693, 694, 695, 696, 697, 698, 699, 700, 701, 702, 703, 704, 705, 706, 707, 708, 709, 710, 711, 712, 713, 714, 715, 716, 717, 718, 719, 720, 721, 722, 723, 724, 725, 726, 727, 728, 729, 730, 731, 732, 733, 734, 735, 736, 737, 738, 739, 740, 741, 742, 743, 744, 745, 746, 747, 748, 749, 750, 751, 752, 753, 754, 755, 756, 757, 758, 759, 760, 761, 762, 763, 764, 765, 766, 767, 768, 769, 770, 771, 772, 773, 774, 775, 776, 777, 778, 779, 780, 781, 782, 783, 784, 785, 786, 787, 788, 789, 790, 791, 792, 793, 794, 795, 796, 797, 798, 799, 800, 801, 802, 803, 804, 805, 806, 807, 808, 809, 810, 811, 812, 813, 814, 815, 816, 817, 818, 819, 820, 821, 822, 823, 824, 825, 826, 827, 828, 829, 830, 831, 832, 833, 834, 835, 836, 837, 838, 839, 840, 841, 842, 843, 844, 845, 846, 847, 848, 849, 850, 851, 852, 853, 854, 855, 856, 857, 858, 859, 860, 861, 862, 863, 864, 865, 866, 867, 868, 869, 870, 871, 872, 873, 874, 875, 876, 877, 878, 879, 880, 881, 882, 883, 884, 885, 886, 887, 888, 889, 890, 891, 892, 893, 894, 895, 896, 897, 898, 899, 900, 901, 902, 903, 904, 905, 906, 907, 908, 909, 910, 911, 912, 913, 914, 915, 916, 917, 918, 919, 920, 921, 922, 923, 924, 925, 926, 927, 928, 929, 930, 931, 932, 933, 934, 935, 936, 937, 938, 939, 940, 941, 942, 943, 944, 945, 946, 947, 948, 949, 950, 951, 952, 953, 954, 955, 956, 957, 958, 959, 960, 961, 962, 963, 964, 965, 966, 967, 968, 969, 970, 971, 972, 973, 974, 975, 976, 977, 978, 979, 980, 981, 982, 983, 984, 985, 986, 987, 988, 989, 990, 991, 992, 993, 994, 995, 996, 997, 998, 999, 1000]
i =  0 [610, 458, 787, 407, 152, 665, 602, 668, 746, 351]
i =  1 [262, 10, 268, 911, 667, 157, 34, 297, 683, 174, 541, 432, 51, 955, 63, 832, 452, 978, 344, 349, 876, 116, 41, 123, 765]
i =  2 [288, 544, 291, 326, 6, 551, 38, 554, 295, 108, 813, 589, 529, 594, 627, 917, 185, 506, 271, 395, 19]
i =  3 [898, 940, 781, 912, 538, 284, 285, 673, 300, 561, 690, 443, 590, 975, 976, 210, 217, 483, 228, 244, 373, 508]
i =  4 [384, 388, 521, 44, 558, 612, 758, 632, 729, 637, 574, 36]
i =  5 [771, 86, 264, 651, 527, 661, 536, 430, 72, 950, 57, 958, 451, 182, 454, 455, 328, 970, 460, 337, 466, 726, 216, 89, 92, 990, 225, 611, 868, 743, 745, 108, 500, 245]
i =  6 [672, 704, 648, 777, 138, 398, 49, 692, 280, 788, 444, 61, 768, 312]
i =  7 [128, 386, 4, 786, 415, 167, 46, 58, 956, 708, 967, 969, 973, 718, 847, 720, 593, 82, 984, 601, 360, 622, 509, 112, 370, 759, 253, 383]
i =  8 [546, 772, 390, 742, 427, 468, 301, 559, 880, 84, 824, 281, 367, 476, 894]
i =  9 [128, 4, 786, 415, 167, 45, 46, 58, 956, 65, 708, 967, 969, 973, 718, 847, 720, 593, 984, 601, 360, 622, 253, 112, 370, 759, 509, 383]
i =  10 [896, 929, 35, 289, 712, 553, 359, 76, 142, 879, 144, 465, 208, 29, 733, 862, 863]
i =  11 [771, 726, 906, 651, 14, 527, 661, 536, 25, 154, 348, 430, 72, 567, 57, 958, 451, 583, 328, 460, 970, 972, 337, 466, 86, 216, 89, 92, 990, 225, 868, 486, 872, 745, 108, 616, 500]
i =  12 [960, 258, 515, 164, 524, 110, 655, 433, 371, 431, 278, 376, 399, 732]
i =  13 [132, 139, 148, 277, 153, 836, 796, 346, 670, 677, 562, 434, 542, 182, 244, 959, 181, 962, 68, 207, 592, 214, 218, 987, 482, 996, 490, 621, 240, 114, 756, 126]
i =  14 [32, 775, 812, 330, 871, 684, 657, 83, 502, 921, 475, 575]
i =  15 [514, 520, 650, 21, 802, 299, 685, 944, 179, 821, 329, 696, 957, 195, 580, 585, 55, 221, 991, 737, 753, 119]
i =  16 [481, 835, 516, 422, 232, 907, 814, 595, 659, 734, 886, 215, 825, 159, 829, 62, 831]
i =  17 [256, 897, 14, 25, 26, 27, 154, 418, 923, 348, 811, 45, 567, 316, 830, 323, 583, 74, 974, 79, 976, 467, 270, 988, 848, 590, 486, 488, 752, 246, 981]
i =  18 [417, 547, 17, 200, 587, 173, 429, 881, 243, 948, 534, 503, 188]
i =  19 [95, 867, 101, 423, 8, 265, 234, 87, 877, 18, 403, 820, 725, 406, 873, 722, 121, 963, 891, 254, 799]
i =  20 [163, 198, 934, 9, 522, 171, 479, 269, 111, 113, 190, 438, 952, 697, 410, 827, 766, 671]
i =  21 [320, 646, 7, 936, 649, 199, 663, 461, 719, 48, 689, 531, 916, 723, 599, 615, 471, 382, 927]
i =  22 [963, 101, 423, 873, 234, 877, 18, 403, 820, 725, 406, 87, 722, 121, 891, 265, 254, 799]
i =  23 [769, 526, 274, 404, 918, 922, 28, 293, 168, 809, 175, 56, 318, 450, 971, 464, 728, 857, 997, 626, 117, 660]
i =  24 [800, 336, 932, 69, 614, 808, 15, 496, 819, 597, 983, 88, 762, 315, 412, 85, 469]
i =  25 [290, 676, 438, 774, 552, 874, 171, 428, 98, 269, 693, 757, 982, 952, 186, 59, 797, 479]
i =  26 [64, 229, 38, 903, 680, 714, 887, 205, 237, 791, 179, 405, 375, 439, 155, 893]
i =  27 [339, 34, 123, 900, 357, 839, 968, 810, 749, 80, 849, 338, 51, 564, 343, 955, 860, 478]
i =  28 [640, 259, 549, 966, 999, 841, 938, 302, 783, 688, 754, 563, 681, 579, 74, 191]
i =  29 [577, 740, 40, 105, 523, 333, 273, 118, 664, 282, 184, 861, 319]
i =  30 [261, 136, 790, 925, 926, 133, 550, 807, 172, 945, 50, 310, 700, 586, 206, 850, 220, 223, 353, 617, 935, 748, 761, 252]
i =  31 [896, 289, 35, 359, 712, 553, 76, 142, 879, 144, 465, 29, 634, 208, 733, 862, 863]
i =  32 [64, 899, 229, 38, 680, 791, 205, 237, 179, 405, 887, 439, 155, 893]
i =  33 [928, 161, 643, 699, 358, 231, 8, 95, 711, 910, 560, 885, 954, 251, 125, 639]
i =  34 [992, 449, 226, 675, 71, 840, 394, 455, 939, 686, 743, 402, 195, 213, 219, 441, 943, 540, 245]
i =  35 [864, 107, 902, 169, 459, 620, 845, 816, 851, 882, 227, 853, 279, 355, 826, 297, 211]
i =  36 [99, 454, 72, 687, 264, 703, 611, 500, 501, 950, 568, 803, 699, 924, 189, 287]
i =  37 [449, 994, 420, 679, 12, 266, 267, 332, 226, 146, 915, 884, 823, 408, 100, 818, 695, 946]
i =  38 [385, 866, 739, 230, 998, 497, 235, 322, 623, 209, 530, 662, 440, 378, 638, 166]
i =  39 [480, 192, 2, 3, 356, 933, 425, 83, 909, 525, 656, 499, 600, 985, 767]
i =  40 [257, 130, 294, 653, 912, 23, 794, 539, 413, 678, 177, 54, 953, 187, 194, 964, 325, 77, 852, 985, 219, 352, 993, 485, 618, 363, 109, 494, 497, 400, 248]
i =  41 [706, 260, 566, 905, 555, 204, 462, 303, 305, 979, 628, 598, 804, 644, 858, 571, 60, 510]
i =  42 [611, 454, 72, 717, 687, 264, 703, 803, 500, 501, 950, 568, 699, 924, 189, 287]
i =  43 [261, 136, 790, 925, 926, 133, 550, 807, 172, 945, 50, 310, 700, 586, 206, 850, 220, 223, 353, 617, 935, 748, 761, 252]
i =  44 [705, 131, 68, 102, 39, 1000, 457, 202, 843, 844, 654, 792, 91, 201, 856, 635, 222, 556]
i =  45 [162, 387, 548, 709, 870, 137, 989, 428, 366, 47, 977, 393, 495, 669, 31]
i =  46 [576, 674, 805, 682, 171, 908, 13, 269, 242, 53, 854, 982, 345, 986, 298, 5, 442, 350, 479]
i =  47 [800, 496, 932, 69, 614, 808, 597, 15, 336, 819, 980, 469, 983, 88, 762, 315, 412, 85]
i =  48 [645, 140, 782, 532, 149, 919, 947, 517, 176, 691, 951, 321, 203, 710, 331, 335, 210, 995, 103, 365, 368, 629, 888, 377, 250]
i =  49 [864, 355, 965, 902, 169, 459, 620, 816, 882, 227, 853, 279, 826, 297, 211]
i =  50 [961, 763, 484, 999, 145, 842, 78, 239, 304, 369, 914, 724, 341, 247, 641, 143, 156, 93]
i =  51 [15, 400, 23, 412, 69, 800, 419, 932, 294, 808, 941, 177, 819, 949, 187, 325, 597, 88, 315, 485, 614, 363, 494, 496, 372, 248, 762, 85, 469]
i =  52 [640, 259, 549, 966, 999, 841, 938, 754, 302, 783, 688, 178, 563, 942, 681, 579, 74, 191]
i =  53 [162, 963, 101, 423, 937, 234, 87, 877, 18, 403, 820, 725, 406, 873, 722, 121, 891, 265, 254, 799]
i =  54 [769, 526, 274, 404, 918, 922, 28, 930, 293, 168, 809, 175, 56, 318, 450, 971, 464, 728, 857, 997, 626, 117, 660]
i =  55 [128, 386, 4, 786, 415, 931, 167, 46, 58, 708, 967, 969, 973, 718, 847, 720, 593, 82, 984, 601, 360, 622, 253, 112, 370, 759, 509, 383]
i =  56 [577, 740, 40, 105, 523, 333, 255, 273, 920, 664, 282, 184, 605, 319]
i =  57 [481, 516, 422, 232, 907, 814, 913, 595, 659, 734, 886, 215, 825, 831, 829, 62, 159]
i =  58 [193, 901, 518, 97, 238, 272, 698, 828, 317, 134, 16]
i =  59 [514, 520, 650, 657, 21, 684, 944, 904, 179, 821, 329, 957, 575, 195, 580, 585, 330, 55, 83, 855, 475, 991, 738, 871, 753, 498, 502, 119]
i =  60 [610, 214, 458, 787, 116, 342, 407, 152, 665, 602, 892, 746]
i =  61 [162, 387, 548, 709, 870, 31, 137, 989, 428, 366, 47, 977, 393, 495, 669, 895]
i =  62 [266, 267, 12, 146, 915, 408, 540, 30, 675, 420, 421, 679, 939, 946, 943, 818, 823, 394, 446, 449, 195, 71, 695, 332, 90, 603, 226, 100, 402, 889]
i =  63 [416, 962, 647, 890, 482, 207, 240, 181, 153, 346, 751, 668, 381]
i =  64 [960, 258, 515, 164, 875, 524, 110, 655, 433, 371, 399, 278, 376, 431, 732]
i =  65 [960, 258, 515, 164, 524, 110, 655, 433, 371, 399, 878, 278, 376, 431, 732]
i =  66 [514, 195, 324, 991, 520, 329, 650, 299, 802, 685, 944, 753, 179, 821, 119, 580, 883, 957, 55, 21]
i =  67 [51, 34, 955, 900, 869, 839, 968, 810, 749, 80, 849, 338, 339, 564, 343, 123, 860, 478, 357]
i =  68 [129, 519, 776, 528, 20, 666, 928, 801, 263, 557, 307, 52, 565, 311, 66, 584, 212, 633, 859, 736, 120, 505, 125, 127]
i =  69 [865, 994, 420, 165, 449, 332, 266, 267, 12, 226, 146, 915, 884, 823, 408, 100, 679, 818, 695, 946]
i =  70 [769, 526, 274, 404, 918, 922, 28, 293, 168, 175, 56, 318, 450, 971, 846, 464, 728, 857, 997, 626, 117, 631, 660]
i =  71 [480, 833, 2, 3, 356, 933, 425, 192, 909, 499, 656, 83, 600, 985, 767]
i =  72 [339, 834, 900, 453, 839, 968, 63, 810, 749, 80, 849, 338, 51, 564, 822, 343, 123, 860, 478, 357]
i =  73 [128, 386, 4, 786, 415, 167, 46, 58, 956, 65, 708, 837, 967, 969, 973, 718, 847, 720, 593, 82, 984, 601, 360, 622, 253, 112, 370, 759, 509, 383]
i =  74 [706, 804, 598, 838, 135, 905, 555, 204, 462, 303, 305, 979, 628, 566, 644, 858, 571, 60, 510, 260]
i =  75 [705, 131, 68, 102, 39, 844, 202, 843, 556, 815, 792, 91, 457, 856, 201, 635, 222]
i =  76 [896, 289, 733, 35, 359, 712, 553, 76, 142, 879, 144, 465, 29, 862, 208, 798, 863]
i =  77 [645, 140, 141, 532, 149, 919, 517, 806, 176, 691, 951, 321, 203, 710, 331, 335, 210, 354, 995, 103, 489, 365, 368, 629, 888, 377, 250]
i =  78 [448, 747, 401, 361, 75, 817, 306, 24, 491]
i =  79 [384, 388, 521, 44, 558, 784, 758, 729, 612, 637, 574, 36]
i =  80 [97, 901, 518, 193, 43, 238, 272, 785, 213, 568, 313, 698, 317, 134, 16]
i =  81 [486, 39, 616, 105, 42, 583, 972, 14, 981, 567, 25, 154, 348, 789]
i =  82 [713, 778, 77, 334, 362, 115, 183, 472, 793, 573, 94, 447]
i =  83 [646, 7, 649, 471, 916, 150, 663, 795, 930, 936, 48, 689, 320, 199, 716, 461, 719, 723, 599, 615, 241, 382]
i =  84 [86, 527, 536, 430, 182, 57, 958, 451, 328, 970, 460, 337, 466, 726, 216, 89, 92, 990, 225, 868, 745, 108, 764]
i =  85 [576, 770, 805, 682, 13, 242, 53, 854, 674, 345, 986, 5, 298, 350, 442]
i =  86 [773, 262, 10, 268, 911, 667, 541, 297, 683, 174, 157, 432, 572, 63, 832, 452, 978, 344, 349, 609, 613, 876, 116, 41, 765]
i =  87 [672, 704, 609, 648, 777, 138, 779, 49, 692, 280, 788, 61, 768]
i =  88 [898, 643, 940, 781, 493, 912, 538, 284, 285, 673, 300, 561, 690, 54, 954, 443, 711, 386, 975, 976, 210, 590, 217, 606, 483, 228, 741, 358, 231, 161, 109, 244, 373, 246, 251, 508, 125, 639]
i =  89 [880, 546, 772, 742, 390, 744, 106, 322, 301, 367, 848, 468, 281, 824, 84, 559, 476, 894]
i =  90 [769, 526, 274, 404, 918, 922, 28, 293, 168, 626, 175, 56, 318, 450, 324, 971, 464, 470, 728, 857, 997, 750, 498, 117, 118, 660]
i =  91 [320, 865, 646, 199, 936, 649, 599, 461, 719, 48, 689, 755, 916, 723, 663, 7, 615, 382, 471]
i =  92 [96, 963, 101, 423, 873, 234, 877, 18, 403, 820, 725, 406, 87, 760, 722, 121, 891, 265, 254, 799]
i =  93 [288, 291, 38, 551, 554, 780, 813, 589, 594, 627, 917, 271]
i =  94 [963, 101, 423, 873, 234, 727, 877, 254, 18, 403, 820, 725, 406, 87, 722, 121, 891, 265, 286, 799]
i =  95 [176, 919, 645, 103, 203, 335, 368, 625, 691, 532, 629, 951, 888, 730, 947, 149]
i =  96 [262, 10, 652, 910, 911, 667, 157, 296, 41, 683, 174, 572, 832, 452, 70, 268, 978, 344, 731, 349, 379, 765]
i =  97 [128, 386, 4, 786, 415, 167, 46, 58, 708, 967, 969, 973, 718, 847, 720, 593, 984, 601, 735, 360, 622, 509, 112, 370, 759, 253, 383]
i =  98 [544, 6, 326, 295, 395, 529, 19, 917, 185, 506, 701]
i =  99 [162, 387, 548, 709, 870, 393, 989, 55, 428, 366, 47, 977, 658, 73, 137, 495, 669, 702, 31]
i =  100 [133, 136, 397, 790, 925, 926, 261, 550, 935, 172, 945, 50, 310, 700, 707, 586, 206, 850, 220, 223, 353, 617, 807, 748, 761, 252]
i =  101 [262, 10, 911, 667, 157, 34, 297, 683, 174, 815, 432, 51, 314, 955, 63, 832, 452, 70, 840, 715, 978, 344, 349, 876, 116, 41, 123, 541, 765]
i =  102 [95, 963, 101, 423, 8, 873, 234, 877, 721, 18, 403, 820, 725, 406, 87, 722, 121, 891, 265, 254, 799]
i =  103 [96, 321, 995, 517, 331, 140, 365, 141, 210, 435, 694, 377, 250]
i =  104 [163, 934, 198, 9, 522, 171, 630, 111, 113, 766, 438, 952, 697, 410, 827, 190, 671]
i =  105 [705, 131, 68, 102, 39, 1000, 844, 202, 843, 556, 654, 815, 792, 91, 457, 856, 201, 635, 636, 222]
i =  106 [449, 642, 100, 679, 12, 266, 267, 332, 226, 942, 146, 915, 30, 823, 408, 695, 90, 818, 446, 946]
i =  107 [187, 325, 294, 363, 941, 494, 591, 400, 177, 23, 248, 953, 219, 485]
i =  108 [384, 388, 521, 44, 558, 784, 596, 758, 729, 612, 637, 574, 36]
i =  109 [604, 51, 34, 123, 900, 357, 839, 968, 530, 810, 749, 80, 849, 338, 339, 564, 343, 955, 860, 478]
i =  110 [290, 676, 982, 774, 171, 428, 98, 269, 693, 757, 438, 952, 607, 59, 797, 479]
i =  111 [608, 546, 772, 742, 390, 744, 106, 427, 301, 559, 880, 468, 281, 824, 84, 367, 476, 894]
i =  112 [64, 887, 179, 680, 619, 205, 237, 791, 531, 405, 439, 155, 893, 229]
i =  113 [769, 526, 274, 404, 918, 922, 28, 293, 168, 809, 175, 56, 318, 450, 971, 464, 728, 857, 997, 624, 626, 117, 660]
i =  114 [993, 130, 678, 257, 618, 109, 653, 912, 54, 569, 794, 539, 413]
i =  115 [128, 386, 4, 786, 415, 167, 46, 58, 708, 967, 969, 973, 718, 847, 720, 593, 984, 601, 570, 360, 622, 509, 112, 370, 759, 253, 383]
i =  116 [640, 578, 579, 389, 966, 999, 841, 549, 302, 783, 688, 754, 259, 681, 191]
i =  117 [961, 484, 581, 999, 145, 842, 239, 78, 143, 304, 369, 914, 724, 341, 247, 641, 596, 763, 156, 93]
i =  118 [896, 929, 733, 35, 582, 289, 712, 553, 359, 76, 142, 879, 144, 465, 208, 29, 862, 863]
i =  119 [64, 375, 229, 38, 680, 393, 439, 588, 205, 237, 791, 179, 405, 887, 155, 893]
i =  120 [98, 676, 982, 774, 797, 171, 428, 290, 269, 757, 693, 438, 952, 59, 533, 479]
i =  121 [706, 804, 598, 260, 135, 905, 555, 204, 462, 303, 305, 979, 628, 566, 535, 644, 858, 571, 60, 510]
i =  122 [896, 391, 267, 142, 144, 22, 537, 29, 289, 35, 553, 812, 432, 712, 76, 208, 465, 733, 862, 863, 359, 491, 879, 241]
i =  123 [769, 526, 274, 660, 918, 922, 28, 543, 293, 168, 175, 56, 318, 450, 971, 464, 728, 857, 997, 626, 117, 404]
i =  124 [256, 897, 270, 26, 27, 545, 418, 923, 811, 186, 316, 830, 448, 323, 452, 974, 975, 467, 79, 988, 488, 752, 246]
i =  125 [474, 1, 964, 33, 487, 392, 180, 437, 122, 411, 380, 445]
i =  126 [385, 137, 530, 662, 998, 495, 669, 31, 162, 420, 47, 55, 440, 709, 977, 548, 989, 866, 870, 230, 209, 235, 492, 366, 623, 760, 378, 895]
i =  127 [640, 579, 549, 104, 841, 938, 754, 302, 783, 688, 178, 259, 681, 504, 106, 191]
i =  128 [546, 507, 772, 390, 742, 106, 301, 559, 880, 84, 281, 824, 468, 367, 476, 894]
i =  129 [896, 929, 35, 289, 712, 553, 359, 76, 142, 879, 144, 465, 208, 511, 29, 733, 862, 863]
i =  130 [512, 258, 515, 645, 524, 399, 532, 278, 919, 408, 283, 517, 164, 431, 176, 433, 691, 951, 960, 321, 331, 710, 140, 203, 335, 888, 210, 655, 732, 354, 995, 103, 489, 875, 365, 368, 371, 629, 376, 377, 250]
i =  131 [513, 963, 101, 423, 873, 234, 877, 18, 403, 820, 725, 406, 87, 722, 121, 891, 265, 254, 799]
i =  132 [928, 161, 643, 358, 711, 424, 639, 231, 910, 560, 8, 885, 251, 954, 699, 125, 95]
i =  133 [128, 386, 4, 786, 415, 931, 167, 426, 46, 58, 708, 967, 969, 973, 718, 847, 720, 593, 82, 984, 601, 360, 622, 253, 112, 370, 759, 509, 383]
i =  134 [261, 136, 790, 925, 926, 133, 550, 807, 172, 945, 50, 436, 310, 700, 586, 206, 850, 220, 223, 353, 617, 935, 748, 761, 252]
i =  135 [257, 130, 342, 653, 912, 787, 90, 407, 152, 665, 794, 539, 668, 413, 30, 32, 678, 426, 541, 54, 244, 458, 575, 194, 456, 330, 921, 83, 214, 602, 475, 351, 352, 993, 610, 746, 109, 116, 502, 892, 618]
i =  136 [128, 386, 4, 786, 415, 167, 46, 58, 708, 967, 969, 973, 718, 847, 720, 593, 82, 984, 601, 463, 360, 622, 509, 112, 370, 759, 253, 383]
i =  137 [256, 897, 780, 270, 26, 923, 418, 27, 811, 186, 316, 830, 448, 323, 74, 974, 79, 976, 467, 473, 988, 488, 752, 246]
i =  138 [132, 139, 148, 277, 920, 836, 796, 670, 677, 434, 562, 542, 756, 959, 68, 592, 594, 987, 477, 996, 490, 621, 114, 244, 276, 126]
i =  139 [900, 287, 34, 810, 51, 564, 955, 63, 453, 839, 968, 80, 849, 338, 339, 343, 860, 478, 357, 364, 749, 123]
i =  140 [514, 195, 324, 520, 329, 650, 299, 717, 944, 753, 179, 276, 821, 374, 119, 580, 21, 957, 55, 991]
i =  141 [577, 740, 40, 105, 523, 396, 333, 273, 920, 664, 282, 184, 605, 319]
i =  142 [896, 289, 35, 29, 359, 712, 553, 76, 142, 879, 144, 465, 208, 409, 283, 733, 862, 863]
i =  143 [546, 772, 742, 390, 301, 559, 880, 468, 894, 281, 824, 84, 367, 476, 414]
i =  144 [260, 261, 905, 535, 644, 292, 555, 940, 303, 305, 566, 571, 60, 61, 706, 204, 462, 979, 598, 804, 858, 628, 510]
i =  145 [800, 496, 932, 69, 614, 808, 469, 15, 336, 819, 308, 597, 983, 88, 762, 315, 412, 85]
i =  146 [864, 899, 902, 169, 459, 620, 816, 882, 227, 309, 279, 355, 826, 211, 297, 853]
i =  147 [384, 388, 327, 521, 44, 558, 758, 729, 612, 637, 574, 36]
i =  148 [417, 547, 200, 587, 173, 429, 17, 243, 340, 534, 503, 948, 188]
i =  149 [86, 527, 661, 536, 430, 182, 57, 958, 451, 328, 970, 460, 337, 466, 726, 216, 89, 347, 92, 990, 225, 868, 745, 108]
i =  150 [224, 576, 770, 805, 298, 674, 13, 242, 53, 854, 345, 442, 682, 350, 5]
i =  151 [640, 579, 549, 999, 841, 106, 754, 942, 783, 688, 178, 259, 302, 681, 233, 191]
i =  152 [262, 10, 652, 910, 911, 667, 157, 296, 41, 683, 174, 572, 63, 832, 452, 70, 268, 978, 344, 731, 349, 236, 379, 765]
i =  153 [95, 963, 101, 423, 8, 873, 234, 877, 18, 403, 820, 725, 406, 87, 722, 249, 121, 891, 265, 254, 799]
i =  154 [900, 784, 530, 275, 287, 34, 810, 685, 51, 564, 955, 839, 968, 80, 849, 338, 339, 343, 860, 478, 357, 104, 364, 749, 123]
i =  155 [481, 516, 886, 422, 232, 907, 814, 595, 659, 62, 150, 215, 825, 831, 124, 829, 734, 159]
i =  156 [1, 964, 33, 487, 392, 445, 147, 180, 437, 474, 411, 380, 122]
i =  157 [133, 136, 397, 790, 151, 925, 926, 261, 550, 935, 172, 945, 50, 310, 700, 586, 206, 850, 220, 223, 353, 617, 807, 748, 761, 252]
i =  158 [771, 389, 11, 14, 527, 661, 536, 25, 154, 158, 421, 92, 430, 726, 328, 567, 57, 958, 451, 583, 72, 972, 970, 460, 337, 466, 86, 216, 89, 348, 990, 225, 868, 486, 616, 745, 108, 500, 651]
i =  159 [160, 961, 763, 484, 641, 842, 143, 93, 47, 304, 145, 724, 341, 247, 239, 156, 369]
i =  160 [417, 547, 200, 170, 587, 429, 173, 17, 243, 948, 534, 503, 188]
i =  161 [546, 196, 390, 742, 427, 301, 559, 880, 84, 772, 281, 824, 468, 367, 476, 894]
i =  162 [261, 136, 790, 925, 926, 453, 133, 550, 935, 172, 945, 50, 310, 700, 197, 586, 206, 850, 220, 223, 353, 617, 807, 748, 761, 252]
i =  163 [1, 2, 3, 4, 5, 6, 7, 8, 9, 10, 11, 12, 13, 14, 15, 16, 17, 18, 19, 20, 21, 22, 23, 24, 25, 26, 27, 28, 29, 30, 31, 32, 33, 34, 35, 36, 37, 38, 39, 40, 41, 42, 43, 44, 45, 46, 47, 48, 49, 50, 51, 52, 53, 54, 55, 56, 57, 58, 59, 60, 61, 62, 63, 64, 65, 66, 67, 68, 69, 70, 71, 72, 73, 74, 75, 76, 77, 78, 79, 80, 81, 82, 83, 84, 85, 86, 87, 88, 89, 90, 91, 92, 93, 94, 95, 96, 97, 98, 99, 100, 101, 102, 103, 104, 105, 106, 107, 108, 109, 110, 111, 112, 113, 114, 115, 116, 117, 118, 119, 120, 121, 122, 123, 124, 125, 126, 127, 128, 129, 130, 131, 132, 133, 134, 135, 136, 137, 138, 139, 140, 141, 142, 143, 144, 145, 146, 147, 148, 149, 150, 151, 152, 153, 154, 155, 156, 157, 158, 159, 160, 161, 162, 163, 164, 165, 166, 167, 168, 169, 170, 171, 172, 173, 174, 175, 176, 177, 178, 179, 180, 181, 182, 183, 184, 185, 186, 187, 188, 189, 190, 191, 192, 193, 194, 195, 196, 197, 198, 199, 200, 201, 202, 203, 204, 205, 206, 207, 208, 209, 210, 211, 212, 213, 214, 215, 216, 217, 218, 219, 220, 221, 222, 223, 224, 225, 226, 227, 228, 229, 230, 231, 232, 233, 234, 235, 236, 237, 238, 239, 240, 241, 242, 243, 244, 245, 246, 247, 248, 249, 250, 251, 252, 253, 254, 255, 256, 257, 258, 259, 260, 261, 262, 263, 264, 265, 266, 267, 268, 269, 270, 271, 272, 273, 274, 275, 276, 277, 278, 279, 280, 281, 282, 283, 284, 285, 286, 287, 288, 289, 290, 291, 292, 293, 294, 295, 296, 297, 298, 299, 300, 301, 302, 303, 304, 305, 306, 307, 308, 309, 310, 311, 312, 313, 314, 315, 316, 317, 318, 319, 320, 321, 322, 323, 324, 325, 326, 327, 328, 329, 330, 331, 332, 333, 334, 335, 336, 337, 338, 339, 340, 341, 342, 343, 344, 345, 346, 347, 348, 349, 350, 351, 352, 353, 354, 355, 356, 357, 358, 359, 360, 361, 362, 363, 364, 365, 366, 367, 368, 369, 370, 371, 372, 373, 374, 375, 376, 377, 378, 379, 380, 381, 382, 383, 384, 385, 386, 387, 388, 389, 390, 391, 392, 393, 394, 395, 396, 397, 398, 399, 400, 401, 402, 403, 404, 405, 406, 407, 408, 409, 410, 411, 412, 413, 414, 415, 416, 417, 418, 419, 420, 421, 422, 423, 424, 425, 426, 427, 428, 429, 430, 431, 432, 433, 434, 435, 436, 437, 438, 439, 440, 441, 442, 443, 444, 445, 446, 447, 448, 449, 450, 451, 452, 453, 454, 455, 456, 457, 458, 459, 460, 461, 462, 463, 464, 465, 466, 467, 468, 469, 470, 471, 472, 473, 474, 475, 476, 477, 478, 479, 480, 481, 482, 483, 484, 485, 486, 487, 488, 489, 490, 491, 492, 493, 494, 495, 496, 497, 498, 499, 500, 501, 502, 503, 504, 505, 506, 507, 508, 509, 510, 511, 512, 513, 514, 515, 516, 517, 518, 519, 520, 521, 522, 523, 524, 525, 526, 527, 528, 529, 530, 531, 532, 533, 534, 535, 536, 537, 538, 539, 540, 541, 542, 543, 544, 545, 546, 547, 548, 549, 550, 551, 552, 553, 554, 555, 556, 557, 558, 559, 560, 561, 562, 563, 564, 565, 566, 567, 568, 569, 570, 571, 572, 573, 574, 575, 576, 577, 578, 579, 580, 581, 582, 583, 584, 585, 586, 587, 588, 589, 590, 591, 592, 593, 594, 595, 596, 597, 598, 599, 600, 601, 602, 603, 604, 605, 606, 607, 608, 609, 610, 611, 612, 613, 614, 615, 616, 617, 618, 619, 620, 621, 622, 623, 624, 625, 626, 627, 628, 629, 630, 631, 632, 633, 634, 635, 636, 637, 638, 639, 640, 641, 642, 643, 644, 645, 646, 647, 648, 649, 650, 651, 652, 653, 654, 655, 656, 657, 658, 659, 660, 661, 662, 663, 664, 665, 666, 667, 668, 669, 670, 671, 672, 673, 674, 675, 676, 677, 678, 679, 680, 681, 682, 683, 684, 685, 686, 687, 688, 689, 690, 691, 692, 693, 694, 695, 696, 697, 698, 699, 700, 701, 702, 703, 704, 705, 706, 707, 708, 709, 710, 711, 712, 713, 714, 715, 716, 717, 718, 719, 720, 721, 722, 723, 724, 725, 726, 727, 728, 729, 730, 731, 732, 733, 734, 735, 736, 737, 738, 739, 740, 741, 742, 743, 744, 745, 746, 747, 748, 749, 750, 751, 752, 753, 754, 755, 756, 757, 758, 759, 760, 761, 762, 763, 764, 765, 766, 767, 768, 769, 770, 771, 772, 773, 774, 775, 776, 777, 778, 779, 780, 781, 782, 783, 784, 785, 786, 787, 788, 789, 790, 791, 792, 793, 794, 795, 796, 797, 798, 799, 800, 801, 802, 803, 804, 805, 806, 807, 808, 809, 810, 811, 812, 813, 814, 815, 816, 817, 818, 819, 820, 821, 822, 823, 824, 825, 826, 827, 828, 829, 830, 831, 832, 833, 834, 835, 836, 837, 838, 839, 840, 841, 842, 843, 844, 845, 846, 847, 848, 849, 850, 851, 852, 853, 854, 855, 856, 857, 858, 859, 860, 861, 862, 863, 864, 865, 866, 867, 868, 869, 870, 871, 872, 873, 874, 875, 876, 877, 878, 879, 880, 881, 882, 883, 884, 885, 886, 887, 888, 889, 890, 891, 892, 893, 894, 895, 896, 897, 898, 899, 900, 901, 902, 903, 904, 905, 906, 907, 908, 909, 910, 911, 912, 913, 914, 915, 916, 917, 918, 919, 920, 921, 922, 923, 924, 925, 926, 927, 928, 929, 930, 931, 932, 933, 934, 935, 936, 937, 938, 939, 940, 941, 942, 943, 944, 945, 946, 947, 948, 949, 950, 951, 952, 953, 954, 955, 956, 957, 958, 959, 960, 961, 962, 963, 964, 965, 966, 967, 968, 969, 970, 971, 972, 973, 974, 975, 976, 977, 978, 979, 980, 981, 982, 983, 984, 985, 986, 987, 988, 989, 990, 991, 992, 993, 994, 995, 996, 997, 998, 999, 1000]
finish get all communities
complete deal_communities
commplete get_all_nature_community
----------------------------------The detection result is: 

all communities: 
i =  1 : [6, 19, 38, 108, 185, 271, 288, 291, 295, 326, 395, 506, 529, 544, 551, 554, 589, 594, 627, 813, 917]
i =  2 : [32, 83, 330, 475, 502, 575, 657, 684, 775, 812, 871, 921]
i =  3 : [40, 105, 118, 184, 273, 282, 319, 333, 523, 577, 664, 740, 861]
i =  4 : [71, 195, 213, 219, 226, 245, 394, 402, 441, 449, 455, 540, 675, 686, 743, 840, 939, 943, 992]
i =  5 : [166, 209, 230, 235, 322, 378, 385, 440, 497, 530, 623, 638, 662, 739, 866, 998]
i =  6 : [23, 54, 77, 109, 130, 177, 187, 194, 219, 248, 257, 294, 325, 352, 363, 400, 413, 485, 494, 497, 539, 618, 653, 678, 794, 852, 912, 953, 964, 985, 993]
i =  7 : [15, 23, 69, 85, 88, 177, 187, 248, 294, 315, 325, 363, 372, 400, 412, 419, 469, 485, 494, 496, 597, 614, 762, 800, 808, 819, 932, 941, 949]
i =  8 : [16, 97, 134, 193, 238, 272, 317, 518, 698, 828, 901]
i =  9 : [21, 55, 83, 119, 179, 195, 329, 330, 475, 498, 502, 514, 520, 575, 580, 585, 650, 657, 684, 738, 753, 821, 855, 871, 904, 944, 957, 991]
i =  10 : [12, 30, 71, 90, 100, 146, 195, 226, 266, 267, 332, 394, 402, 408, 420, 421, 446, 449, 540, 603, 675, 679, 695, 818, 823, 889, 915, 939, 943, 946]
i =  11 : [153, 181, 207, 240, 346, 381, 416, 482, 647, 668, 751, 890, 962]
i =  12 : [20, 52, 66, 120, 125, 127, 129, 212, 263, 307, 311, 505, 519, 528, 557, 565, 584, 633, 666, 736, 776, 801, 859, 928]
i =  13 : [12, 100, 146, 165, 226, 266, 267, 332, 408, 420, 449, 679, 695, 818, 823, 865, 884, 915, 946, 994]
i =  14 : [24, 75, 306, 361, 401, 448, 491, 747, 817]
i =  15 : [16, 43, 97, 134, 193, 213, 238, 272, 313, 317, 518, 568, 698, 785, 901]
i =  16 : [14, 25, 39, 42, 105, 154, 348, 486, 567, 583, 616, 789, 972, 981]
i =  17 : [77, 94, 115, 183, 334, 362, 447, 472, 573, 713, 778, 793]
i =  18 : [54, 109, 125, 161, 210, 217, 228, 231, 244, 246, 251, 284, 285, 300, 358, 373, 386, 443, 483, 493, 508, 538, 561, 590, 606, 639, 643, 673, 690, 711, 741, 781, 898, 912, 940, 954, 975, 976]
i =  19 : [38, 271, 288, 291, 551, 554, 589, 594, 627, 780, 813, 917]
i =  20 : [103, 149, 176, 203, 335, 368, 532, 625, 629, 645, 691, 730, 888, 919, 947, 951]
i =  21 : [6, 19, 185, 295, 326, 395, 506, 529, 544, 701, 917]
i =  22 : [96, 140, 141, 210, 250, 321, 331, 365, 377, 435, 517, 694, 995]
i =  23 : [39, 68, 91, 102, 131, 201, 202, 222, 457, 556, 635, 636, 654, 705, 792, 815, 843, 844, 856, 1000]
i =  24 : [12, 30, 90, 100, 146, 226, 266, 267, 332, 408, 446, 449, 642, 679, 695, 818, 823, 915, 942, 946]
i =  25 : [23, 177, 187, 219, 248, 294, 325, 363, 400, 485, 494, 591, 941, 953]
i =  26 : [54, 109, 130, 257, 413, 539, 569, 618, 653, 678, 794, 912, 993]
i =  27 : [22, 29, 35, 76, 142, 144, 208, 241, 267, 289, 359, 391, 432, 465, 491, 537, 553, 712, 733, 812, 862, 863, 879, 896]
i =  28 : [31, 47, 55, 137, 162, 209, 230, 235, 366, 378, 385, 420, 440, 492, 495, 530, 548, 623, 662, 669, 709, 760, 866, 870, 895, 977, 989, 998]
i =  29 : [103, 140, 164, 176, 203, 210, 250, 258, 278, 283, 321, 331, 335, 354, 365, 368, 371, 376, 377, 399, 408, 431, 433, 489, 512, 515, 517, 524, 532, 629, 645, 655, 691, 710, 732, 875, 888, 919, 951, 960, 995]
i =  30 : [8, 95, 125, 161, 231, 251, 358, 424, 560, 639, 643, 699, 711, 885, 910, 928, 954]
i =  31 : [30, 32, 54, 83, 90, 109, 116, 130, 152, 194, 214, 244, 257, 330, 342, 351, 352, 407, 413, 426, 456, 458, 475, 502, 539, 541, 575, 602, 610, 618, 653, 665, 668, 678, 746, 787, 794, 892, 912, 921, 993]
i =  32 : [10, 41, 63, 70, 157, 174, 236, 262, 268, 296, 344, 349, 379, 452, 572, 652, 667, 683, 731, 765, 832, 910, 911, 978]
i =  33 : [1, 33, 122, 147, 180, 380, 392, 411, 437, 445, 474, 487, 964]
i =  34 : [49, 61, 138, 280, 312, 398, 444, 609, 648, 672, 692, 704, 768, 777, 779, 788]
i =  35 : [11, 14, 25, 57, 72, 86, 89, 92, 108, 154, 158, 216, 225, 328, 337, 348, 389, 421, 430, 451, 460, 466, 486, 500, 527, 536, 567, 583, 616, 651, 661, 726, 745, 771, 868, 872, 906, 958, 970, 972, 990]
i =  36 : [68, 114, 126, 132, 139, 148, 153, 181, 182, 207, 214, 218, 240, 244, 276, 277, 346, 434, 477, 482, 490, 542, 562, 592, 594, 621, 670, 677, 756, 796, 836, 920, 959, 962, 987, 996]
i =  37 : [9, 111, 113, 163, 171, 190, 198, 269, 410, 438, 479, 522, 630, 671, 697, 766, 827, 934, 952]
i =  38 : [72, 99, 189, 264, 287, 454, 500, 501, 568, 611, 687, 699, 703, 717, 803, 924, 950]
i =  39 : [2, 3, 83, 192, 356, 425, 480, 499, 525, 600, 656, 767, 833, 909, 933, 985]
i =  40 : [15, 69, 85, 88, 308, 315, 336, 412, 469, 496, 597, 614, 762, 800, 808, 819, 932, 980, 983]
i =  41 : [103, 140, 141, 149, 176, 203, 210, 250, 321, 331, 335, 354, 365, 368, 377, 489, 517, 532, 629, 645, 691, 710, 782, 806, 888, 919, 947, 951, 995]
i =  42 : [40, 105, 184, 255, 273, 282, 319, 333, 396, 523, 577, 605, 664, 740, 920]
i =  43 : [31, 47, 55, 73, 137, 162, 366, 387, 393, 428, 495, 548, 658, 669, 702, 709, 870, 895, 977, 989]
i =  44 : [110, 164, 258, 278, 371, 376, 399, 431, 433, 515, 524, 655, 732, 875, 878, 960]
i =  45 : [47, 78, 93, 143, 145, 156, 160, 239, 247, 304, 341, 369, 484, 581, 596, 641, 724, 763, 842, 914, 961, 999]
i =  46 : [10, 34, 41, 51, 63, 70, 116, 123, 157, 174, 262, 268, 297, 314, 344, 349, 432, 452, 541, 572, 609, 613, 667, 683, 715, 765, 773, 815, 832, 840, 876, 911, 955, 978]
i =  47 : [36, 44, 327, 384, 388, 521, 558, 574, 596, 612, 632, 637, 729, 758, 784]
i =  48 : [57, 72, 86, 89, 92, 108, 182, 216, 225, 245, 264, 328, 337, 347, 430, 451, 454, 455, 460, 466, 500, 527, 536, 611, 651, 661, 726, 743, 745, 764, 771, 868, 950, 958, 970, 990]
i =  49 : [21, 55, 119, 179, 195, 221, 276, 299, 324, 329, 374, 514, 520, 580, 585, 650, 685, 696, 717, 737, 753, 802, 821, 883, 944, 957, 991]
i =  50 : [62, 124, 150, 159, 215, 232, 422, 481, 516, 595, 659, 734, 814, 825, 829, 831, 835, 886, 907, 913]
i =  51 : [14, 25, 26, 27, 45, 74, 79, 154, 186, 246, 256, 270, 316, 323, 348, 418, 448, 452, 467, 473, 486, 488, 545, 567, 583, 590, 752, 780, 811, 830, 848, 897, 923, 974, 975, 976, 981, 988]
i =  52 : [17, 170, 173, 188, 200, 243, 340, 417, 429, 503, 534, 547, 587, 881, 948]
i =  53 : [7, 48, 150, 199, 241, 320, 382, 461, 471, 531, 599, 615, 646, 649, 663, 689, 716, 719, 723, 755, 795, 865, 916, 927, 930, 936]
i =  54 : [59, 98, 171, 186, 269, 290, 428, 438, 479, 533, 552, 607, 676, 693, 757, 774, 797, 874, 952, 982]
i =  55 : [107, 169, 211, 227, 279, 297, 309, 355, 459, 620, 816, 826, 845, 851, 853, 864, 882, 899, 902, 965]
i =  56 : [5, 13, 53, 171, 224, 242, 269, 298, 345, 350, 442, 479, 576, 674, 682, 770, 805, 854, 908, 982, 986]
i =  57 : [60, 61, 135, 204, 260, 261, 292, 303, 305, 462, 510, 535, 555, 566, 571, 598, 628, 644, 706, 804, 838, 858, 905, 940, 979]
i =  58 : [38, 64, 155, 179, 205, 229, 237, 375, 393, 405, 439, 531, 588, 619, 680, 714, 791, 887, 893, 899, 903]
i =  59 : [74, 104, 106, 178, 191, 233, 259, 302, 389, 504, 549, 563, 578, 579, 640, 681, 688, 754, 783, 841, 938, 942, 966, 999]
i =  60 : [50, 133, 136, 151, 172, 197, 206, 220, 223, 252, 261, 310, 353, 397, 436, 453, 550, 586, 617, 700, 707, 748, 761, 790, 807, 850, 925, 926, 935, 945]
i =  61 : [29, 35, 76, 142, 144, 208, 283, 289, 359, 409, 465, 511, 553, 582, 634, 712, 733, 798, 862, 863, 879, 896, 929]
i =  62 : [28, 56, 117, 118, 168, 175, 274, 293, 318, 324, 404, 450, 464, 470, 498, 526, 543, 624, 626, 631, 660, 728, 750, 769, 809, 846, 857, 918, 922, 930, 971, 997]
i =  63 : [34, 51, 63, 80, 104, 123, 275, 287, 338, 339, 343, 357, 364, 453, 478, 530, 564, 604, 685, 749, 784, 810, 822, 834, 839, 849, 860, 869, 900, 955, 968]
i =  64 : [84, 106, 196, 281, 301, 322, 367, 390, 414, 427, 468, 476, 507, 546, 559, 608, 742, 744, 772, 824, 848, 880, 894]
i =  65 : [4, 45, 46, 58, 65, 82, 112, 128, 167, 253, 360, 370, 383, 386, 415, 426, 463, 509, 570, 593, 601, 622, 708, 718, 720, 735, 759, 786, 837, 847, 931, 956, 967, 969, 973, 984]
i =  66 : [8, 18, 87, 95, 96, 101, 121, 162, 234, 249, 254, 265, 286, 403, 406, 423, 513, 721, 722, 725, 727, 760, 799, 820, 867, 873, 877, 891, 937, 963]
overlapping nodes are:  [6, 8, 10, 12, 14, 15, 16, 19, 21, 23, 25, 29, 30, 31, 32, 34, 35, 38, 39, 40, 41, 45, 47, 51, 54, 55, 57, 61, 63, 68, 69, 70, 71, 72, 74, 76, 77, 83, 85, 86, 88, 89, 90, 92, 95, 96, 97, 100, 103, 104, 105, 106, 108, 109, 116, 118, 119, 123, 125, 130, 134, 137, 140, 141, 142, 144, 146, 149, 150, 153, 154, 157, 161, 162, 164, 171, 174, 176, 177, 179, 181, 182, 184, 185, 186, 187, 193, 194, 195, 203, 207, 208, 209, 210, 213, 214, 216, 219, 225, 226, 230, 231, 235, 238, 240, 241, 244, 245, 246, 248, 250, 251, 257, 258, 261, 262, 264, 266, 267, 268, 269, 271, 272, 273, 276, 278, 282, 283, 287, 288, 289, 291, 294, 295, 297, 315, 317, 319, 321, 322, 324, 325, 326, 328, 329, 330, 331, 332, 333, 335, 337, 344, 346, 348, 349, 352, 354, 358, 359, 363, 365, 366, 368, 371, 376, 377, 378, 385, 386, 389, 393, 394, 395, 399, 400, 402, 408, 412, 413, 420, 421, 426, 428, 430, 431, 432, 433, 438, 440, 446, 448, 449, 451, 452, 453, 454, 455, 460, 465, 466, 469, 475, 479, 482, 485, 486, 489, 491, 494, 495, 496, 497, 498, 500, 502, 506, 514, 515, 517, 518, 520, 523, 524, 527, 529, 530, 531, 532, 536, 539, 540, 541, 544, 548, 551, 553, 554, 567, 568, 572, 575, 577, 580, 583, 585, 589, 590, 594, 596, 597, 609, 611, 614, 616, 618, 623, 627, 629, 639, 643, 645, 650, 651, 653, 655, 657, 661, 662, 664, 667, 668, 669, 675, 678, 679, 683, 684, 685, 691, 695, 698, 699, 709, 710, 711, 712, 717, 726, 732, 733, 740, 743, 745, 753, 760, 762, 765, 771, 780, 784, 794, 800, 808, 812, 813, 815, 818, 819, 821, 823, 832, 840, 848, 862, 863, 865, 866, 868, 870, 871, 875, 879, 888, 895, 896, 899, 901, 910, 911, 912, 915, 917, 919, 920, 921, 928, 930, 932, 939, 940, 941, 942, 943, 944, 946, 947, 950, 951, 952, 953, 954, 955, 957, 958, 960, 962, 964, 970, 972, 975, 976, 977, 978, 981, 982, 985, 989, 990, 991, 993, 995, 998, 999] 
 NOO is:  373
total time is:  371.161513805
