setting... -N 1000
setting... -k 20
setting... -maxk 50
setting... -mu 0.3
setting... -t1 2
setting... -t2 1
setting... -minc 10
setting... -maxc 50
setting... -on 500
setting... -om 2

**************************************************************
number of nodes:	1000
average degree:	20
maximum degree:	50
exponent for the degree distribution:	2
exponent for the community size distribution:	1
mixing parameter:	0.3
number of overlapping nodes:	500
number of memberships of the overlapping nodes:	2
community size range set equal to [10 , 50]
**************************************************************

building communities... 
connecting communities... 
recording network...


---------------------------------------------------------------------------
network of 1000 vertices and 9626 edges;	 average degree = 19.252

average mixing parameter: 0.299877 +/- 0.028558
p_in: 0.452739	p_out: 0.0105865


i =500: 
mutual3:	0.547355
