lens of ground_truth:  61
ground_truth is: [[60, 78, 135, 143, 146, 152, 180, 189, 272, 341, 358, 400, 425, 449, 494, 512, 558, 652, 654, 661, 710, 731, 745, 784, 858, 878, 894, 900, 927, 936, 942, 951, 965, 968, 975, 979, 995, 997, 998], [45, 68, 102, 124, 163, 185, 201, 209, 227, 286, 320, 422, 464, 468, 493, 495, 513, 533, 536, 587, 637, 682, 684, 695, 711, 726, 770, 777, 793, 794, 806, 850, 859, 906, 939, 944, 949, 978, 981, 984], [57, 115, 127, 325, 334, 427, 538, 716, 756, 767, 817, 851, 880, 935, 958, 973], [4, 50, 116, 263, 268, 302, 414, 648, 786, 827, 986], [144, 161, 165, 177, 237, 250, 274, 402, 436, 624, 648, 663, 888, 910, 915], [14, 33, 55, 118, 148, 176, 192, 213, 277, 287, 308, 318, 327, 328, 331, 424, 448, 470, 528, 552, 567, 619, 649, 683, 691, 755, 758, 761, 785, 787, 788, 817, 820, 850, 868, 870, 879, 882, 985, 992, 996, 1000], [13, 36, 39, 212, 257, 290, 387, 409, 487, 506, 535, 569, 631, 824, 869, 885], [46, 59, 90, 204, 222, 234, 289, 295, 462, 467, 475, 597, 605, 658, 664, 791, 805, 822, 845, 888, 940, 941, 950, 985], [14, 24, 74, 91, 110, 118, 192, 209, 235, 280, 288, 299, 315, 373, 404, 413, 453, 480, 488, 489, 490, 543, 561, 587, 612, 618, 626, 687, 719, 743, 753, 776, 781, 790, 803, 804, 849, 860, 867, 876, 882, 893, 952, 972], [18, 35, 206, 231, 286, 335, 369, 381, 456, 469, 496, 548, 674, 675, 698, 739, 768, 811, 862, 878, 898, 931, 956, 976], [9, 79, 89, 99, 111, 224, 264, 360, 361, 367, 390, 442, 545, 575, 668, 685, 721, 760, 780, 807, 911, 922, 928, 998], [24, 51, 329, 370, 440, 443, 462, 514, 526, 542, 770, 904], [66, 97, 133, 142, 165, 210, 218, 224, 237, 293, 329, 345, 382, 415, 421, 430, 469, 585, 591, 593, 603, 608, 609, 620, 650, 676, 704, 730, 745, 747, 754, 784, 812, 821, 829, 836, 843, 858, 872, 883, 915, 919, 930, 971, 987, 989], [1, 23, 121, 158, 197, 238, 291, 336, 439, 504, 741, 749, 914, 954], [15, 42, 113, 150, 170, 203, 211, 230, 274, 343, 358, 385, 707, 728, 747, 750, 758, 764, 783, 786], [58, 155, 225, 259, 451, 482, 501, 820, 838, 854, 856, 934], [12, 49, 73, 94, 106, 156, 243, 249, 266, 312, 336, 347, 368, 455, 495, 515, 554, 596, 616, 644, 715, 744, 762, 769, 810, 851, 852, 925, 960, 964, 966], [4, 13, 21, 105, 117, 124, 145, 147, 162, 167, 177, 269, 312, 352, 372, 382, 444, 447, 458, 501, 530, 531, 533, 534, 547, 556, 581, 590, 662, 694, 699, 715, 789, 848, 875, 877, 897, 914, 938, 961, 974, 990, 999], [76, 200, 275, 276, 541, 584, 631, 697, 712, 737, 806, 816, 838, 895, 903, 911], [41, 62, 173, 189, 273, 375, 603, 626, 794, 829, 873], [2, 8, 28, 43, 102, 112, 130, 175, 188, 196, 202, 315, 341, 350, 365, 429, 463, 477, 492, 589, 594, 613, 616, 673, 762, 809, 819, 861, 953, 979], [119, 160, 219, 251, 310, 367, 377, 385, 399, 408, 430, 465, 515, 577, 600, 689, 723, 726, 760, 765, 771, 775, 779, 825, 830, 833, 868, 899, 904, 909, 993], [26, 30, 64, 68, 81, 104, 109, 110, 122, 123, 150, 151, 152, 220, 244, 248, 265, 283, 346, 364, 366, 401, 416, 448, 459, 528, 580, 632, 679, 686, 718, 729, 746, 773, 813, 824, 881, 900, 908, 928, 959, 969, 978, 980], [3, 11, 44, 69, 85, 141, 208, 221, 300, 386, 586], [33, 46, 95, 255, 348, 456, 484, 488, 508, 596, 736, 769, 905], [77, 194, 199, 264, 266, 284, 297, 314, 319, 332, 337, 400, 410, 442, 446, 455, 470, 481, 516, 525, 532, 553, 617, 635, 636, 641, 656, 659, 666, 688, 802, 809, 849, 860, 867, 876, 892, 897, 926, 931, 947, 955, 958, 962, 965, 971, 972, 997], [44, 58, 72, 115, 129, 143, 271, 317, 340, 350, 351, 369, 377, 381, 406, 432, 447, 532, 560, 628, 639, 644, 660, 685, 841, 844, 863, 922, 925, 951, 956], [8, 38, 71, 181, 228, 260, 279, 327, 370, 431, 739], [32, 49, 67, 87, 216, 218, 236, 241, 245, 247, 252, 282, 296, 338, 389, 397, 412, 414, 579, 634, 672, 681, 714, 764, 801, 816, 823, 831, 837, 859, 937, 938, 967, 980], [43, 56, 59, 103, 131, 169, 193, 231, 301, 371, 379, 405, 429, 432, 521, 653, 655, 661, 702, 725, 840, 879, 905, 906, 929, 963, 983, 986], [31, 72, 74, 101, 128, 146, 154, 171, 243, 345, 352, 371, 393, 397, 415, 486, 492, 497, 517, 549, 551, 565, 574, 611, 618, 627, 633, 645, 683, 708, 719, 729, 744, 766, 843, 846, 866, 912, 918, 921, 929, 933, 984, 987], [31, 37, 62, 112, 114, 140, 169, 195, 198, 200, 239, 362, 379, 407, 438, 459, 483, 502, 519, 540, 588, 637, 638, 676, 696, 730, 748, 795, 810, 815, 887, 901, 913, 917, 964], [82, 106, 108, 298, 309, 630, 702, 891, 896, 999], [123, 183, 242, 406, 602, 609, 610, 651, 667, 689, 703, 706, 722, 727, 735, 738, 755, 801, 807, 873], [3, 9, 16, 35, 65, 75, 199, 246, 356, 364, 378, 398, 499, 502, 559, 571, 588, 608, 613, 654, 655, 668, 709, 721, 724, 805, 818, 826, 865, 890, 936, 943, 992, 994], [79, 133, 262, 313, 376, 475, 507, 522, 563, 595, 696, 918, 977], [120, 187, 203, 240, 250, 258, 289, 380, 390, 444, 473, 491, 498, 517, 557, 572, 612, 633, 664, 674, 804, 832, 863, 908, 932, 940, 976, 977, 990], [61, 71, 151, 205, 412, 461, 509, 601, 690, 713, 717, 720, 741, 756, 795, 798, 853], [28, 174, 235, 267, 276, 310, 333, 349, 351, 355, 419, 471, 545, 566, 577, 607, 642, 736, 774, 828, 842, 853, 866, 902, 932, 954], [83, 86, 132, 149, 168, 179, 190, 240, 298, 308, 317, 321, 328, 330, 340, 380, 438, 458, 523, 531, 544, 547, 552, 578, 653, 671, 686, 705, 733, 749, 869, 898, 921, 945, 947, 960, 982], [38, 40, 54, 63, 104, 130, 149, 186, 198, 207, 217, 223, 233, 272, 306, 322, 338, 425, 540, 543, 550, 556, 557, 590, 621, 647, 650, 731, 732, 789, 808, 841, 847, 855, 857, 881, 884, 895, 934, 946, 982, 988, 1000], [12, 20, 29, 128, 214, 244, 248, 326, 360, 383, 426, 472, 489, 525, 564, 571, 606, 625, 630, 740, 780, 781, 798, 828, 864, 919, 923], [87, 148, 267, 278, 313, 354, 388, 394, 537, 568, 581, 714, 746, 754], [30, 42, 109, 297, 324, 332, 342, 391, 402, 439, 452, 523, 526, 573, 737, 775], [96, 137, 303, 384, 416, 434, 466, 491, 553, 598, 856, 880], [15, 29, 45, 89, 147, 168, 184, 226, 437, 441, 457, 623, 660, 678, 854, 901], [6, 66, 92, 145, 178, 202, 212, 220, 271, 284, 368, 396, 433, 460, 478, 524, 539, 562, 589, 599, 606, 680, 681, 693, 743, 797, 800, 802, 827, 852, 924, 949, 950, 975, 993], [120, 172, 232, 359, 450, 454, 527, 563, 576, 598, 611, 614, 640, 665, 799, 826, 885, 927, 935], [17, 88, 139, 157, 191, 254, 392, 574, 639, 862], [5, 32, 80, 262, 270, 363, 428, 435, 473, 476, 592, 605, 706, 903, 939, 944, 945], [20, 26, 127, 162, 194, 207, 293, 316, 334, 357, 395, 411, 479, 510, 534, 558, 564, 583, 635, 666, 677, 700, 709, 734, 763, 767, 835, 907, 920, 963], [6, 10, 22, 54, 70, 91, 140, 241, 378, 389, 418, 480, 497, 582, 586, 593, 621, 657, 672, 772, 777, 782, 812, 836, 871, 874, 902, 913, 930, 933], [19, 40, 76, 92, 93, 96, 100, 126, 166, 219, 236, 309, 335, 356, 359, 434, 485, 500, 507, 570, 619, 628, 643, 658, 669, 694, 753, 757, 778, 839, 886, 889, 896, 916, 991], [2, 138, 164, 215, 261, 307, 348, 673, 823, 983], [34, 47, 153, 256, 281, 374, 375, 387, 479, 632, 699, 910], [48, 84, 107, 294, 404, 445, 474, 521, 546, 615, 629, 638, 725, 890, 912], [81, 222, 253, 304, 344, 420, 503, 529, 550, 575, 604, 610, 659, 722, 742, 833, 870, 948], [7, 52, 57, 125, 210, 216, 229, 305, 323, 423, 772], [25, 39, 52, 111, 166, 208, 233, 239, 258, 285, 366, 373, 417, 478, 511, 518, 554, 555, 595, 597, 599, 646, 692, 701, 712, 732, 776, 788, 834, 846, 889, 891, 957, 970, 973], [53, 98, 134, 292, 311, 331, 353, 374, 505, 622, 642, 670, 684, 752, 782, 791, 821, 937, 952, 989], [27, 60, 75, 77, 136, 159, 175, 182, 185, 204, 299, 322, 339, 355, 403, 426, 520, 539, 665, 682, 692, 751, 759, 792, 796, 814, 864, 941, 948]]
nodes: [644, 717, 726, 727, 732, 744, 772, 775, 783, 794, 807, 856, 865, 869, 883, 889, 893, 895, 907, 910, 923, 927, 928, 933, 936, 938, 948, 952, 954, 956, 964, 971, 973, 977, 979, 980, 982, 984, 986, 990, 992, 993, 999, 1000] num of nodes:  44
[[560, 844, 644, 951], [509, 713, 717, 720, 690, 601, 795, 798, 853], [726, 779, 899, 904, 825], [602, 738, 735, 727, 651, 703, 667, 873], [732, 946, 884, 988, 881, 857], [715, 966, 744, 960, 810], [7, 323, 305, 423, 772, 125, 229], [723, 899, 779, 771, 830, 775], [170, 707, 750, 783, 728, 786, 758], [41, 873, 273, 829, 794, 626, 173], [602, 738, 735, 807, 703, 873, 667], [155, 482, 259, 451, 856, 838, 820, 934, 854], [559, 994, 943, 890, 818, 865, 805], [409, 569, 506, 824, 885, 869], [812, 930, 836, 872, 883], [500, 839, 991, 643, 757, 889], [753, 867, 893, 882, 790], [275, 838, 903, 584, 816, 697, 541, 895], [316, 907, 920, 395, 835, 734, 763], [144, 161, 910, 624, 888, 915, 436, 663], [214, 923, 740, 625, 472, 919], [78, 995, 998, 968, 965, 927], [122, 928, 978, 401, 959], [582, 777, 913, 933, 871], [559, 994, 943, 724, 818, 936], [67, 967, 831, 938, 837], [520, 792, 864, 796, 948, 814, 751], [311, 752, 952, 622, 989, 821, 505], [1, 238, 504, 954, 914, 741], [675, 496, 698, 768, 956, 811, 931], [588, 964, 887, 748, 917, 815], [812, 930, 836, 872, 971, 989], [325, 935, 427, 716, 973, 880, 538, 851, 756, 958], [376, 977, 522, 918, 696, 563, 507], [463, 477, 819, 953, 979, 594, 861], [282, 967, 937, 801, 980], [808, 841, 982, 946, 988, 855], [201, 939, 944, 984, 906], [50, 263, 268, 986, 827, 302, 648], [372, 897, 875, 974, 961, 914, 990], [499, 994, 943, 559, 818, 992, 724], [723, 899, 779, 993, 825, 904], [82, 999, 896, 891, 108, 702, 630], [528, 1000, 787, 761, 318]]
len of cliques:  44
length of seeds:  44
seeds:  [[325, 935, 427, 716, 973, 880, 538, 851, 756, 958], [509, 713, 717, 720, 690, 601, 795, 798, 853], [155, 482, 259, 451, 856, 838, 820, 934, 854], [602, 738, 735, 727, 651, 703, 667, 873], [275, 838, 903, 584, 816, 697, 541, 895], [144, 161, 910, 624, 888, 915, 436, 663], [7, 323, 305, 423, 772, 125, 229], [170, 707, 750, 783, 728, 786, 758], [41, 873, 273, 829, 794, 626, 173], [602, 738, 735, 807, 703, 873, 667], [559, 994, 943, 890, 818, 865, 805], [316, 907, 920, 395, 835, 734, 763], [520, 792, 864, 796, 948, 814, 751], [311, 752, 952, 622, 989, 821, 505], [675, 496, 698, 768, 956, 811, 931], [376, 977, 522, 918, 696, 563, 507], [463, 477, 819, 953, 979, 594, 861], [50, 263, 268, 986, 827, 302, 648], [372, 897, 875, 974, 961, 914, 990], [499, 994, 943, 559, 818, 992, 724], [82, 999, 896, 891, 108, 702, 630], [732, 946, 884, 988, 881, 857], [723, 899, 779, 771, 830, 775], [409, 569, 506, 824, 885, 869], [500, 839, 991, 643, 757, 889], [214, 923, 740, 625, 472, 919], [78, 995, 998, 968, 965, 927], [559, 994, 943, 724, 818, 936], [1, 238, 504, 954, 914, 741], [588, 964, 887, 748, 917, 815], [812, 930, 836, 872, 971, 989], [808, 841, 982, 946, 988, 855], [723, 899, 779, 993, 825, 904], [726, 779, 899, 904, 825], [715, 966, 744, 960, 810], [812, 930, 836, 872, 883], [753, 867, 893, 882, 790], [122, 928, 978, 401, 959], [582, 777, 913, 933, 871], [67, 967, 831, 938, 837], [282, 967, 937, 801, 980], [201, 939, 944, 984, 906], [528, 1000, 787, 761, 318], [560, 844, 644, 951]]
seeds_fitness [0.13719512195121952, 0.1978021978021978, 0.1592920353982301, 0.20588235294117646, 0.13145539906103287, 0.16816816816816818, 0.3, 0.15613382899628253, 0.15849056603773584, 0.14334470989761092, 0.09230769230769231, 0.16216216216216217, 0.11475409836065574, 0.10579345088161209, 0.11140583554376658, 0.116991643454039, 0.12209302325581395, 0.15555555555555556, 0.06583072100313479, 0.0979020979020979, 0.10473815461346633, 0.06521739130434782, 0.10204081632653061, 0.10989010989010989, 0.09287925696594428, 0.12605042016806722, 0.050335570469798654, 0.078125, 0.09933774834437085, 0.07957559681697612, 0.044642857142857144, 0.06276150627615062, 0.0783289817232376, 0.06557377049180328, 0.05115089514066496, 0.04854368932038835, 0.05333333333333334, 0.05141388174807198, 0.05714285714285714, 0.066006600660066, 0.04962779156327544, 0.042826552462526764, 0.06042296072507553, 0.047058823529411764]
after sort list of tuple: [(6, 0.3), (3, 0.20588235294117646), (1, 0.1978021978021978), (5, 0.16816816816816818), (11, 0.16216216216216217), (2, 0.1592920353982301), (8, 0.15849056603773584), (7, 0.15613382899628253), (17, 0.15555555555555556), (9, 0.14334470989761092), (0, 0.13719512195121952), (4, 0.13145539906103287), (25, 0.12605042016806722), (16, 0.12209302325581395), (15, 0.116991643454039), (12, 0.11475409836065574), (14, 0.11140583554376658), (23, 0.10989010989010989), (13, 0.10579345088161209), (20, 0.10473815461346633), (22, 0.10204081632653061), (28, 0.09933774834437085), (19, 0.0979020979020979), (24, 0.09287925696594428), (10, 0.09230769230769231), (29, 0.07957559681697612), (32, 0.0783289817232376), (27, 0.078125), (39, 0.066006600660066), (18, 0.06583072100313479), (33, 0.06557377049180328), (21, 0.06521739130434782), (31, 0.06276150627615062), (42, 0.06042296072507553), (38, 0.05714285714285714), (36, 0.05333333333333334), (37, 0.05141388174807198), (34, 0.05115089514066496), (26, 0.050335570469798654), (40, 0.04962779156327544), (35, 0.04854368932038835), (43, 0.047058823529411764), (30, 0.044642857142857144), (41, 0.042826552462526764)]
seeds_sorted [[7, 323, 305, 423, 772, 125, 229], [602, 738, 735, 727, 651, 703, 667, 873], [509, 713, 717, 720, 690, 601, 795, 798, 853], [144, 161, 910, 624, 888, 915, 436, 663], [316, 907, 920, 395, 835, 734, 763], [155, 482, 259, 451, 856, 838, 820, 934, 854], [41, 873, 273, 829, 794, 626, 173], [170, 707, 750, 783, 728, 786, 758], [50, 263, 268, 986, 827, 302, 648], [602, 738, 735, 807, 703, 873, 667], [325, 935, 427, 716, 973, 880, 538, 851, 756, 958], [275, 838, 903, 584, 816, 697, 541, 895], [214, 923, 740, 625, 472, 919], [463, 477, 819, 953, 979, 594, 861], [376, 977, 522, 918, 696, 563, 507], [520, 792, 864, 796, 948, 814, 751], [675, 496, 698, 768, 956, 811, 931], [409, 569, 506, 824, 885, 869], [311, 752, 952, 622, 989, 821, 505], [82, 999, 896, 891, 108, 702, 630], [723, 899, 779, 771, 830, 775], [1, 238, 504, 954, 914, 741], [499, 994, 943, 559, 818, 992, 724], [500, 839, 991, 643, 757, 889], [559, 994, 943, 890, 818, 865, 805], [588, 964, 887, 748, 917, 815], [723, 899, 779, 993, 825, 904], [559, 994, 943, 724, 818, 936], [67, 967, 831, 938, 837], [372, 897, 875, 974, 961, 914, 990], [726, 779, 899, 904, 825], [732, 946, 884, 988, 881, 857], [808, 841, 982, 946, 988, 855], [528, 1000, 787, 761, 318], [582, 777, 913, 933, 871], [753, 867, 893, 882, 790], [122, 928, 978, 401, 959], [715, 966, 744, 960, 810], [78, 995, 998, 968, 965, 927], [282, 967, 937, 801, 980], [812, 930, 836, 872, 883], [560, 844, 644, 951], [812, 930, 836, 872, 971, 989], [201, 939, 944, 984, 906]]
args__________ ([[7, 323, 305, 423, 772, 125, 229], [201, 939, 944, 984, 906]],)
args__________ ([[602, 738, 735, 727, 651, 703, 667, 873], [812, 930, 836, 872, 971, 989]],)
args__________ ([[509, 713, 717, 720, 690, 601, 795, 798, 853], [560, 844, 644, 951]],)
args__________ ([[144, 161, 910, 624, 888, 915, 436, 663], [812, 930, 836, 872, 883]],)
args__________ ([[316, 907, 920, 395, 835, 734, 763], [282, 967, 937, 801, 980]],)
args__________ ([[155, 482, 259, 451, 856, 838, 820, 934, 854], [78, 995, 998, 968, 965, 927]],)
args__________ ([[41, 873, 273, 829, 794, 626, 173], [715, 966, 744, 960, 810]],)
args__________ ([[170, 707, 750, 783, 728, 786, 758], [122, 928, 978, 401, 959]],)
args__________ ([[50, 263, 268, 986, 827, 302, 648], [753, 867, 893, 882, 790]],)
args__________ ([[602, 738, 735, 807, 703, 873, 667], [582, 777, 913, 933, 871]],)
args__________ ([[325, 935, 427, 716, 973, 880, 538, 851, 756, 958], [528, 1000, 787, 761, 318]],)
args__________ ([[275, 838, 903, 584, 816, 697, 541, 895], [808, 841, 982, 946, 988, 855]],)
args__________ ([[214, 923, 740, 625, 472, 919]],)
args__________ ([[463, 477, 819, 953, 979, 594, 861]],)
args__________ ([[376, 977, 522, 918, 696, 563, 507]],)
args__________ ([[520, 792, 864, 796, 948, 814, 751]],)
args__________ ([[675, 496, 698, 768, 956, 811, 931]],)
args__________ ([[409, 569, 506, 824, 885, 869]],)
args__________ ([[311, 752, 952, 622, 989, 821, 505]],)
args__________ ([[82, 999, 896, 891, 108, 702, 630]],)
args__________ ([[723, 899, 779, 771, 830, 775]],)
args__________ ([[1, 238, 504, 954, 914, 741]],)
args__________ ([[499, 994, 943, 559, 818, 992, 724]],)
args__________ ([[500, 839, 991, 643, 757, 889]],)
args__________ ([[559, 994, 943, 890, 818, 865, 805]],)
args__________ ([[588, 964, 887, 748, 917, 815]],)
args__________ ([[723, 899, 779, 993, 825, 904]],)
args__________ ([[559, 994, 943, 724, 818, 936]],)
args__________ ([[67, 967, 831, 938, 837]],)
args__________ ([[372, 897, 875, 974, 961, 914, 990]],)
args__________ ([[726, 779, 899, 904, 825]],)
args__________ ([[732, 946, 884, 988, 881, 857]],)
finish process___________________
i =  0 [323, 772, 229, 423, 7, 305, 210, 52, 216, 125]
i =  1 [513, 5, 262, 906, 270, 536, 793, 286, 163, 422, 939, 428, 944, 945, 435, 695, 320, 706, 711, 201, 80, 468, 981, 984, 473, 476, 592, 227, 102, 363, 493, 464, 124]
i =  2 [738, 123, 873, 651, 173, 727, 273, 242, 41, 183, 602, 667, 189, 735, 703]
i =  3 [1, 2, 3, 4, 5, 6, 7, 8, 9, 10, 11, 12, 13, 14, 15, 16, 17, 18, 19, 20, 21, 22, 23, 24, 25, 26, 27, 28, 29, 30, 31, 32, 33, 34, 35, 36, 37, 38, 39, 40, 41, 42, 43, 44, 45, 46, 47, 48, 49, 50, 51, 52, 53, 54, 55, 56, 57, 58, 59, 60, 61, 62, 63, 64, 65, 66, 67, 68, 69, 70, 71, 72, 73, 74, 75, 76, 77, 78, 79, 80, 81, 82, 83, 84, 85, 86, 87, 88, 89, 90, 91, 92, 93, 94, 95, 96, 97, 98, 99, 100, 101, 102, 103, 104, 105, 106, 107, 108, 109, 110, 111, 112, 113, 114, 115, 116, 117, 118, 119, 120, 121, 122, 123, 124, 125, 126, 127, 128, 129, 130, 131, 132, 133, 134, 135, 136, 137, 138, 139, 140, 141, 142, 143, 144, 145, 146, 147, 148, 149, 150, 151, 152, 153, 154, 155, 156, 157, 158, 159, 160, 161, 162, 163, 164, 165, 166, 167, 168, 169, 170, 171, 172, 173, 174, 175, 176, 177, 178, 179, 180, 181, 182, 183, 184, 185, 186, 187, 188, 189, 190, 191, 192, 193, 194, 195, 196, 197, 198, 199, 200, 201, 202, 203, 204, 205, 206, 207, 208, 209, 210, 211, 212, 213, 214, 215, 216, 217, 218, 219, 220, 221, 222, 223, 224, 225, 226, 227, 228, 229, 230, 231, 232, 233, 234, 235, 236, 237, 238, 239, 240, 241, 242, 243, 244, 245, 246, 247, 248, 249, 250, 251, 252, 253, 254, 255, 256, 257, 258, 259, 260, 261, 262, 263, 264, 265, 266, 267, 268, 269, 270, 271, 272, 273, 274, 275, 276, 277, 278, 279, 280, 281, 282, 283, 284, 285, 286, 287, 288, 289, 290, 291, 292, 293, 294, 295, 296, 297, 298, 299, 300, 301, 302, 303, 304, 305, 306, 307, 308, 309, 310, 311, 312, 313, 314, 315, 316, 317, 318, 319, 320, 321, 322, 323, 324, 325, 326, 327, 328, 329, 330, 331, 332, 333, 334, 335, 336, 337, 338, 339, 340, 341, 342, 343, 344, 345, 346, 347, 348, 349, 350, 351, 352, 353, 354, 355, 356, 357, 358, 359, 360, 361, 362, 363, 364, 365, 366, 367, 368, 369, 370, 371, 372, 373, 374, 375, 376, 377, 378, 379, 380, 381, 382, 383, 384, 385, 386, 387, 388, 389, 390, 391, 392, 393, 394, 395, 396, 397, 398, 399, 400, 401, 402, 403, 404, 405, 406, 407, 408, 409, 410, 411, 412, 413, 414, 415, 416, 417, 418, 419, 420, 421, 422, 423, 424, 425, 426, 427, 428, 429, 430, 431, 432, 433, 434, 435, 436, 437, 438, 439, 440, 441, 442, 443, 444, 445, 446, 447, 448, 449, 450, 451, 452, 453, 454, 455, 456, 457, 458, 459, 460, 461, 462, 463, 464, 465, 466, 467, 468, 469, 470, 471, 472, 473, 474, 475, 476, 477, 478, 479, 480, 481, 482, 483, 484, 485, 486, 487, 488, 489, 490, 491, 492, 493, 494, 495, 496, 497, 498, 499, 500, 501, 502, 503, 504, 505, 506, 507, 508, 509, 510, 511, 512, 513, 514, 515, 516, 517, 518, 519, 520, 521, 522, 523, 524, 525, 526, 527, 528, 529, 530, 531, 532, 533, 534, 535, 536, 537, 538, 539, 540, 541, 542, 543, 544, 545, 546, 547, 548, 549, 550, 551, 552, 553, 554, 555, 556, 557, 558, 559, 560, 561, 562, 563, 564, 565, 566, 567, 568, 569, 570, 571, 572, 573, 574, 575, 576, 577, 578, 579, 580, 581, 582, 583, 584, 585, 586, 587, 588, 589, 590, 591, 592, 593, 594, 595, 596, 597, 598, 599, 600, 601, 602, 603, 604, 605, 606, 607, 608, 609, 610, 611, 612, 613, 614, 615, 616, 617, 618, 619, 620, 621, 622, 623, 624, 625, 626, 627, 628, 629, 630, 631, 632, 633, 634, 635, 636, 637, 638, 639, 640, 641, 642, 643, 644, 645, 646, 647, 648, 649, 650, 651, 652, 653, 654, 655, 656, 657, 658, 659, 660, 661, 662, 663, 664, 665, 666, 667, 668, 669, 670, 671, 672, 673, 674, 675, 676, 677, 678, 679, 680, 681, 682, 683, 684, 685, 686, 687, 688, 689, 690, 691, 692, 693, 694, 695, 696, 697, 698, 699, 700, 701, 702, 703, 704, 705, 706, 707, 708, 709, 710, 711, 712, 713, 714, 715, 716, 717, 718, 719, 720, 721, 722, 723, 724, 725, 726, 727, 728, 729, 730, 731, 732, 733, 734, 735, 736, 737, 738, 739, 740, 741, 742, 743, 744, 745, 746, 747, 748, 749, 750, 751, 752, 753, 754, 755, 756, 757, 758, 759, 760, 761, 762, 763, 764, 765, 766, 767, 768, 769, 770, 771, 772, 773, 774, 775, 776, 777, 778, 779, 780, 781, 782, 783, 784, 785, 786, 787, 788, 789, 790, 791, 792, 793, 794, 795, 796, 797, 798, 799, 800, 801, 802, 803, 804, 805, 806, 807, 808, 809, 810, 811, 812, 813, 814, 815, 816, 817, 818, 819, 820, 821, 822, 823, 824, 825, 826, 827, 828, 829, 830, 831, 832, 833, 834, 835, 836, 837, 838, 839, 840, 841, 842, 843, 844, 845, 846, 847, 848, 849, 850, 851, 852, 853, 854, 855, 856, 857, 858, 859, 860, 861, 862, 863, 864, 865, 866, 867, 868, 869, 870, 871, 872, 873, 874, 875, 876, 877, 878, 879, 880, 881, 882, 883, 884, 885, 886, 887, 888, 889, 890, 891, 892, 893, 894, 895, 896, 897, 898, 899, 900, 901, 902, 903, 904, 905, 906, 907, 908, 909, 910, 911, 912, 913, 914, 915, 916, 917, 918, 919, 920, 921, 922, 923, 924, 925, 926, 927, 928, 929, 930, 931, 932, 933, 934, 935, 936, 937, 938, 939, 940, 941, 942, 943, 944, 945, 946, 947, 948, 949, 950, 951, 952, 953, 954, 955, 956, 957, 958, 959, 960, 961, 962, 963, 964, 965, 966, 967, 968, 969, 970, 971, 972, 973, 974, 975, 976, 977, 978, 979, 980, 981, 982, 983, 984, 985, 986, 987, 988, 989, 990, 991, 992, 993, 994, 995, 996, 997, 998, 999, 1000]
i =  4 [61, 713, 717, 205, 720, 690, 853, 601, 461, 795, 509, 798]
i =  5 [129, 386, 3, 644, 300, 11, 141, 143, 660, 406, 922, 925, 44, 685, 560, 951, 317, 69, 72, 586, 844, 340, 85, 221, 350, 351, 115, 377, 381]
i =  6 [161, 402, 648, 237, 910, 144, 177, 274, 915, 436, 663, 888, 624, 250]
i =  7 [133, 134, 10, 140, 142, 144, 913, 915, 22, 663, 670, 389, 672, 161, 930, 676, 165, 812, 436, 53, 311, 624, 821, 704, 66, 836, 70, 353, 585, 331, 582, 418, 591, 593, 83, 782, 345, 730, 989, 421, 224, 97, 98, 292, 657, 872, 874, 871, 620, 237, 622, 752, 497, 754, 883, 505]
i =  8 [162, 835, 357, 583, 700, 907, 395, 510, 479, 920, 411, 763, 316, 734, 677]
i =  9 [32, 801, 67, 837, 967, 296, 937, 87, 282, 579, 980, 245, 247, 634, 252, 218, 414, 831]
i =  10 [225, 482, 259, 934, 838, 623, 457, 226, 678, 184, 451, 820, 501, 854, 856, 441, 58, 155, 437]
i =  11 [512, 135, 652, 654, 143, 272, 146, 152, 927, 172, 942, 48, 180, 951, 60, 449, 965, 710, 968, 78, 341, 995, 358, 998, 494, 894]
i =  12 [41, 375, 173, 273, 626, 873, 794, 603, 829, 62]
i =  13 [266, 156, 925, 810, 49, 312, 960, 964, 966, 455, 73, 715, 336, 596, 347, 94, 744, 495, 368, 243, 249, 762]
i =  14 [707, 230, 170, 203, 274, 750, 783, 113, 786, 211, 758, 343, 728, 15, 42]
i =  15 [448, 773, 265, 401, 151, 152, 580, 283, 30, 928, 679, 813, 686, 959, 64, 68, 969, 459, 718, 79, 978, 346, 220, 104, 746, 109, 122]
i =  16 [4, 263, 648, 268, 786, 302, 50, 116, 986, 827, 414]
i =  17 [192, 288, 867, 612, 453, 561, 489, 490, 299, 110, 687, 753, 882, 803, 74, 14, 790, 24, 413, 893, 280]
i =  18 [609, 738, 807, 873, 610, 651, 173, 727, 273, 242, 755, 41, 183, 722, 602, 667, 189, 735, 703]
i =  19 [418, 933, 582, 871, 777, 10, 140, 874, 913, 22, 657, 6, 70, 378]
i =  20 [384, 137, 538, 935, 427, 303, 817, 434, 57, 958, 576, 325, 716, 973, 334, 466, 851, 598, 96, 880, 115, 756, 767, 127]
i =  21 [649, 14, 528, 785, 787, 148, 277, 287, 33, 552, 567, 176, 691, 820, 55, 318, 192, 331, 213, 985, 996, 1000, 424, 761]
i =  22 [259, 903, 911, 275, 276, 155, 541, 806, 816, 200, 437, 184, 697, 451, 838, 225, 584, 457, 76, 226, 854, 441, 89, 737, 482, 678, 623, 631, 895]
i =  23 [54, 647, 808, 425, 306, 841, 847, 272, 40, 946, 884, 149, 982, 855, 857, 217, 63, 988, 186, 223]
i =  24 [740, 326, 12, 625, 214, 919, 472, 923, 29, 383]
i =  25 [315, 196, 861, 8, 809, 43, 492, 365, 28, 175, 112, 594, 819, 953, 429, 463, 188, 477, 979]
i =  26 [475, 262, 522, 696, 79, 977, 595, 563, 918, 376, 313, 507]
i =  27 [864, 520, 426, 299, 403, 814, 751, 136, 339, 948, 182, 759, 792, 185, 27, 796, 159]
i =  28 [768, 675, 548, 811, 206, 496, 369, 18, 931, 469, 739, 698, 956, 381]
i =  29 [257, 290, 387, 36, 869, 487, 39, 13, 885, 535, 824, 409, 569, 506]
i =  30 [353, 98, 292, 134, 622, 752, 821, 374, 311, 952, 505, 989, 670, 53]
i =  31 [896, 999, 298, 108, 82, 309, 630, 891, 106, 702]
i =  32 [160, 408, 771, 775, 779, 909, 399, 465, 899, 723, 119, 600, 825, 251, 765, 830]
i =  33 [1, 291, 741, 439, 749, 238, 336, 914, 23, 504, 121, 954, 158, 197]
i =  34 [992, 65, 994, 35, 356, 502, 199, 75, 588, 398, 559, 16, 818, 499, 724, 246, 378, 943, 865]
i =  35 [100, 643, 356, 485, 166, 839, 778, 669, 916, 19, 500, 757, 886, 889, 570, 93, 126, 991]
i =  36 [608, 865, 994, 35, 356, 805, 65, 9, 75, 398, 943, 16, 721, 818, 499, 724, 246, 890, 559, 668, 378]
i =  37 [519, 140, 917, 407, 31, 676, 37, 169, 810, 815, 62, 195, 964, 198, 459, 588, 483, 362, 748, 114, 502, 887]
i =  38 [899, 775, 904, 779, 909, 399, 771, 408, 542, 160, 51, 310, 440, 825, 443, 830, 465, 723, 600, 219, 993, 119, 251, 765]
i =  39 [65, 994, 35, 613, 571, 865, 936, 364, 398, 943, 16, 818, 499, 724, 654, 246, 378, 559, 655]
i =  40 [32, 67, 837, 967, 296, 938, 397, 49, 338, 579, 245, 247, 282, 252, 634, 831]
i =  41 [897, 13, 530, 147, 533, 662, 167, 444, 914, 961, 458, 974, 269, 848, 590, 990, 352, 105, 875, 877, 531, 372, 117, 21]
i =  42 [899, 775, 904, 779, 909, 399, 771, 408, 542, 160, 51, 310, 440, 825, 443, 830, 465, 723, 726, 600, 219, 119, 251, 765]
i =  43 [647, 217, 543, 808, 425, 946, 306, 54, 186, 63, 198, 847, 855, 857, 731, 988, 223, 732, 104, 233, 881, 884]
finish get all communities
complete deal_communities
commplete get_all_nature_community
----------------------------------The detection result is: 

all communities: 
i =  1 : [7, 52, 125, 210, 216, 229, 305, 323, 423, 772]
i =  2 : [5, 80, 102, 124, 163, 201, 227, 262, 270, 286, 320, 363, 422, 428, 435, 464, 468, 473, 476, 493, 513, 536, 592, 695, 706, 711, 793, 906, 939, 944, 945, 981, 984]
i =  3 : [61, 205, 461, 509, 601, 690, 713, 717, 720, 795, 798, 853]
i =  4 : [3, 11, 44, 69, 72, 85, 115, 129, 141, 143, 221, 300, 317, 340, 350, 351, 377, 381, 386, 406, 560, 586, 644, 660, 685, 844, 922, 925, 951]
i =  5 : [144, 161, 177, 237, 250, 274, 402, 436, 624, 648, 663, 888, 910, 915]
i =  6 : [10, 22, 53, 66, 70, 83, 97, 98, 133, 134, 140, 142, 144, 161, 165, 224, 237, 292, 311, 331, 345, 353, 389, 418, 421, 436, 497, 505, 582, 585, 591, 593, 620, 622, 624, 657, 663, 670, 672, 676, 704, 730, 752, 754, 782, 812, 821, 836, 871, 872, 874, 883, 913, 915, 930, 989]
i =  7 : [162, 316, 357, 395, 411, 479, 510, 583, 677, 700, 734, 763, 835, 907, 920]
i =  8 : [32, 67, 87, 218, 245, 247, 252, 282, 296, 414, 579, 634, 801, 831, 837, 937, 967, 980]
i =  9 : [58, 155, 184, 225, 226, 259, 437, 441, 451, 457, 482, 501, 623, 678, 820, 838, 854, 856, 934]
i =  10 : [48, 60, 78, 135, 143, 146, 152, 172, 180, 272, 341, 358, 449, 494, 512, 652, 654, 710, 894, 927, 942, 951, 965, 968, 995, 998]
i =  11 : [41, 62, 173, 273, 375, 603, 626, 794, 829, 873]
i =  12 : [49, 73, 94, 156, 243, 249, 266, 312, 336, 347, 368, 455, 495, 596, 715, 744, 762, 810, 925, 960, 964, 966]
i =  13 : [15, 42, 113, 170, 203, 211, 230, 274, 343, 707, 728, 750, 758, 783, 786]
i =  14 : [30, 64, 68, 79, 104, 109, 122, 151, 152, 220, 265, 283, 346, 401, 448, 459, 580, 679, 686, 718, 746, 773, 813, 928, 959, 969, 978]
i =  15 : [4, 50, 116, 263, 268, 302, 414, 648, 786, 827, 986]
i =  16 : [14, 24, 74, 110, 192, 280, 288, 299, 413, 453, 489, 490, 561, 612, 687, 753, 790, 803, 867, 882, 893]
i =  17 : [6, 10, 22, 70, 140, 378, 418, 582, 657, 777, 871, 874, 913, 933]
i =  18 : [57, 96, 115, 127, 137, 303, 325, 334, 384, 427, 434, 466, 538, 576, 598, 716, 756, 767, 817, 851, 880, 935, 958, 973]
i =  19 : [14, 33, 55, 148, 176, 192, 213, 277, 287, 318, 331, 424, 528, 552, 567, 649, 691, 761, 785, 787, 820, 985, 996, 1000]
i =  20 : [76, 89, 155, 184, 200, 225, 226, 259, 275, 276, 437, 441, 451, 457, 482, 541, 584, 623, 631, 678, 697, 737, 806, 816, 838, 854, 895, 903, 911]
i =  21 : [40, 54, 63, 149, 186, 217, 223, 272, 306, 425, 647, 808, 841, 847, 855, 857, 884, 946, 982, 988]
i =  22 : [12, 29, 214, 326, 383, 472, 625, 740, 919, 923]
i =  23 : [8, 28, 43, 112, 175, 188, 196, 315, 365, 429, 463, 477, 492, 594, 809, 819, 861, 953, 979]
i =  24 : [79, 262, 313, 376, 475, 507, 522, 563, 595, 696, 918, 977]
i =  25 : [27, 136, 159, 182, 185, 299, 339, 403, 426, 520, 751, 759, 792, 796, 814, 864, 948]
i =  26 : [18, 206, 369, 381, 469, 496, 548, 675, 698, 739, 768, 811, 931, 956]
i =  27 : [13, 36, 39, 257, 290, 387, 409, 487, 506, 535, 569, 824, 869, 885]
i =  28 : [53, 98, 134, 292, 311, 353, 374, 505, 622, 670, 752, 821, 952, 989]
i =  29 : [82, 106, 108, 298, 309, 630, 702, 891, 896, 999]
i =  30 : [1, 23, 121, 158, 197, 238, 291, 336, 439, 504, 741, 749, 914, 954]
i =  31 : [16, 35, 65, 75, 199, 246, 356, 378, 398, 499, 502, 559, 588, 724, 818, 865, 943, 992, 994]
i =  32 : [19, 93, 100, 126, 166, 356, 485, 500, 570, 643, 669, 757, 778, 839, 886, 889, 916, 991]
i =  33 : [9, 16, 35, 65, 75, 246, 356, 378, 398, 499, 559, 608, 668, 721, 724, 805, 818, 865, 890, 943, 994]
i =  34 : [31, 37, 62, 114, 140, 169, 195, 198, 362, 407, 459, 483, 502, 519, 588, 676, 748, 810, 815, 887, 917, 964]
i =  35 : [16, 35, 65, 246, 364, 378, 398, 499, 559, 571, 613, 654, 655, 724, 818, 865, 936, 943, 994]
i =  36 : [32, 49, 67, 245, 247, 252, 282, 296, 338, 397, 579, 634, 831, 837, 938, 967]
i =  37 : [13, 21, 105, 117, 147, 167, 269, 352, 372, 444, 458, 530, 531, 533, 590, 662, 848, 875, 877, 897, 914, 961, 974, 990]
i =  38 : [54, 63, 104, 186, 198, 217, 223, 233, 306, 425, 543, 647, 731, 732, 808, 847, 855, 857, 881, 884, 946, 988]
i =  39 : [41, 123, 173, 183, 189, 242, 273, 602, 609, 610, 651, 667, 703, 722, 727, 735, 738, 755, 807, 873]
i =  40 : [51, 119, 160, 219, 251, 310, 399, 408, 440, 443, 465, 542, 600, 723, 726, 765, 771, 775, 779, 825, 830, 899, 904, 909, 993]
overlapping nodes are:  [10, 13, 14, 16, 22, 32, 35, 41, 49, 53, 54, 62, 63, 65, 67, 70, 75, 79, 98, 104, 115, 134, 140, 143, 144, 152, 155, 161, 173, 184, 186, 192, 198, 217, 223, 225, 226, 237, 245, 246, 247, 252, 259, 262, 272, 273, 274, 282, 292, 296, 299, 306, 311, 331, 336, 353, 356, 378, 381, 398, 414, 418, 425, 436, 437, 441, 451, 457, 459, 482, 499, 502, 505, 559, 579, 582, 588, 622, 623, 624, 634, 647, 648, 654, 657, 663, 670, 676, 678, 724, 752, 786, 808, 810, 818, 820, 821, 831, 837, 838, 847, 854, 855, 857, 865, 871, 873, 874, 884, 913, 914, 915, 925, 943, 946, 951, 964, 967, 988, 989, 994] 
 NOO is:  121
total time is:  78.3863070011
