lens of ground_truth:  45
ground_truth is: [[170, 172, 202, 244, 246, 305, 337, 385, 388, 409, 425, 465, 503, 528, 762, 770], [12, 34, 35, 215, 259, 268, 298, 433, 452, 500, 578, 583, 638, 649, 652, 659, 683, 819, 847, 879], [64, 104, 105, 252, 286, 294, 333, 338, 408, 516, 615, 629, 630, 632, 646, 672, 711, 721, 737, 757, 766, 789, 795, 803, 836, 852, 865, 875, 879, 881, 892, 916, 920, 921, 940, 943, 944, 947, 952, 954, 955, 960, 961, 963, 968, 976, 983, 999, 1000], [108, 119, 136, 138, 142, 158, 233, 343, 353, 380, 382, 421, 471, 478, 518, 568, 598, 662], [2, 6, 74, 85, 145, 177, 218, 249, 271, 341, 556, 643], [38, 67, 84, 156, 242, 263, 317, 369, 437, 442, 451, 468, 554, 567, 893, 904, 933], [57, 118, 153, 160, 217, 239, 247, 297, 299, 308, 309, 340, 395, 398, 399, 463, 527, 591, 608, 657, 663, 667, 725, 739, 773, 804, 840, 859, 874, 889, 899, 904, 906, 907, 917, 924], [28, 39, 99, 105, 135, 264, 367, 368, 422, 541, 552, 558, 569, 582, 587, 597, 631, 636, 688, 690, 701, 724, 750, 765, 774, 783, 784, 785, 810, 819, 822, 837, 840, 842, 854, 861, 866, 882, 894, 902, 908, 918, 919, 937, 939, 956, 957, 967, 977, 988], [26, 29, 51, 53, 70, 186, 191, 216, 296, 327, 355, 436, 456, 470, 480, 495, 637, 648, 668, 697, 704, 729, 779, 793, 801, 817, 820, 826, 835, 966], [22, 24, 63, 78, 123, 163, 205, 211, 222, 275, 276, 326, 847], [1, 21, 69, 72, 88, 132, 196, 234, 260, 346, 359, 397, 402, 629], [55, 70, 121, 173, 189, 288, 319, 324, 330, 334, 349, 374, 404, 431, 479, 502, 542, 550, 556, 595, 596, 611, 623, 661, 671, 714, 744, 767, 782, 792, 815, 838, 851, 883, 886, 915, 923, 933, 946, 981, 993], [68, 111, 113, 144, 179, 192, 257, 261, 328, 372, 387, 424, 449, 466, 724], [48, 62, 71, 94, 161, 227, 267, 280, 291, 318, 461, 666, 998], [14, 42, 46, 49, 147, 152, 203, 220, 251, 311, 436, 460, 471, 477, 482, 496, 531, 589, 642], [44, 169, 292, 300, 306, 331, 375, 426, 446, 484, 534, 617, 682, 684, 691, 703, 723, 730, 738, 745, 759, 772, 775, 794, 814, 828, 855, 858, 893, 966, 991, 993], [110, 112, 116, 137, 164, 187, 195, 198, 266, 306, 894], [10, 18, 19, 20, 53, 81, 125, 188, 262, 274, 315, 365, 407, 472, 481, 513, 560, 572, 601, 680, 752], [33, 36, 90, 115, 155, 201, 232, 454, 455, 511, 520, 535, 551, 566, 594, 604, 635, 946, 980], [41, 66, 157, 214, 236, 240, 339, 366, 399, 414, 441, 447, 483, 488, 527, 536, 549, 607, 621, 675, 681, 685, 728, 756, 781, 832, 839, 844, 873, 876, 891, 905, 912, 926, 930, 983, 995], [32, 37, 80, 122, 127, 133, 140, 228, 243, 294, 346, 415, 469, 561, 603, 628, 640, 744, 752], [96, 184, 219, 223, 248, 282, 344, 373, 376, 391, 462, 526, 532, 562, 593, 602, 619, 641, 656, 670, 719, 885], [83, 100, 124, 221, 235, 284, 285, 287, 361, 377, 394, 405, 423, 430, 493, 553, 595], [98, 117, 139, 148, 150, 168, 183, 199, 200, 224, 250, 314, 609, 851], [13, 73, 143, 175, 194, 230, 245, 364, 400, 428, 445, 467, 537, 543, 564, 573, 626, 644, 655, 665, 693, 705, 706, 760, 780, 786], [27, 79, 108, 128, 131, 162, 245, 270, 286, 329, 345, 409, 427, 544, 579, 600, 614, 622, 645, 664, 718, 741, 754, 846, 849, 874, 877, 890, 903, 914, 925, 928, 934, 938, 941, 959, 969, 970, 978, 984, 986, 987, 989, 995, 1000], [50, 52, 134, 171, 190, 197, 207, 238, 302, 417, 427, 510, 514, 530, 547, 571, 580, 584, 588, 696, 702, 770], [5, 121, 174, 283, 378, 434, 459, 491, 506, 623, 639, 700, 715, 740, 761, 763, 764, 798, 800, 806, 815, 818, 830, 841, 844, 845, 850, 853, 880, 884, 915, 929, 977], [45, 146, 279, 301, 356, 357, 403, 420, 485, 540, 563, 574, 576, 599, 620, 633, 660, 673, 692, 735, 747, 755, 768, 775, 795, 809, 811, 833, 848, 856, 864, 869, 895, 896, 900, 927, 937, 945, 948, 949, 950, 953, 973], [43, 56, 60, 76, 82, 86, 92, 99, 101, 159], [15, 23, 75, 95, 313, 322, 393, 435, 438, 450, 643, 743, 848, 963, 981], [61, 106, 226, 251, 255, 277, 304, 332, 363, 390, 432, 474, 490, 512, 646, 924], [47, 93, 120, 126, 166, 176, 258, 265, 335, 351, 396, 507, 509, 545, 557, 565, 592, 618], [31, 141, 225, 272, 273, 310, 321, 325, 342, 379, 381, 416, 461, 489, 498, 539, 676, 689, 712, 717, 726, 743], [17, 91, 206, 370, 386, 410, 418, 429, 439, 464, 497, 505, 508, 516, 570, 575, 577, 612, 625, 722, 746, 753, 962], [40, 89, 103, 209, 210, 213, 231, 281, 293, 303, 336, 389, 412, 499, 515, 546, 581], [65, 87, 130, 165, 208, 269, 290, 295, 316, 440, 462, 476, 487, 519, 538, 686, 687, 727, 732, 758, 778, 785, 789, 790, 791, 808, 991], [46, 109, 180, 229, 241, 320, 354, 453, 486, 529, 590, 600, 624, 647, 678, 713, 716, 720, 736, 742, 748, 751, 766, 771, 787, 812, 813, 816, 821, 827, 831, 868, 897, 898, 918, 934], [25, 102, 189, 190, 198, 360, 406, 408, 413, 431, 443, 456, 559, 586, 609, 616, 630, 673, 677, 679, 710, 731, 769, 776, 802, 808, 823, 862, 887, 899, 911, 935, 936, 958, 961, 962, 971, 973, 974, 975, 979, 980, 982, 985, 990], [106, 256, 358, 383, 398, 401, 419, 473, 524, 585, 605, 610, 613, 653, 663, 674, 694, 698, 707, 708, 709, 734, 777, 796, 797, 805, 829, 834, 843, 860, 870, 871, 878, 888, 913, 922, 931, 932], [16, 30, 178, 182, 254, 278, 350, 371, 458, 475, 501, 504, 521, 522, 533, 548, 555, 627, 650], [11, 54, 114, 149, 167, 181, 193, 212, 237, 307, 312, 323, 348, 867], [97, 129, 154, 270, 316, 352, 392, 411, 492, 494, 517, 606, 634, 651, 654, 658, 666, 669, 695, 699, 733, 749, 762, 771, 788, 799, 802, 807, 824, 825, 832, 857, 863, 867, 872, 885, 901, 909, 910, 929, 942, 951, 964, 965, 972, 992, 994, 996, 997, 998], [3, 4, 7, 9, 58, 77, 107, 151, 239, 636], [8, 59, 185, 204, 253, 278, 289, 347, 362, 384, 444, 448, 457, 523, 525, 662]]
print random_nodes: [[615], [88], [135], [653], [559], [701], [556], [396], [895], [176], [255], [505], [157], [533], [303], [448], [639], [294], [972], [828], [699], [664], [765], [504], [131], [656], [1000], [662], [124], [277], [462], [967]]
args__________ ([[615]],)
args__________ ([[88]],)
args__________ ([[135]],)
args__________ ([[653]],)
args__________ ([[559]],)
args__________ ([[701]],)
args__________ ([[556]],)
args__________ ([[396]],)
args__________ ([[895]],)
args__________ ([[176]],)
args__________ ([[255]],)
args__________ ([[505]],)
args__________ ([[157]],)
args__________ ([[533]],)
args__________ ([[303]],)
args__________ ([[448]],)
args__________ ([[639]],)
args__________ ([[294]],)
args__________ ([[972]],)
args__________ ([[828]],)
args__________ ([[699]],)
args__________ ([[664]],)
args__________ ([[765]],)
args__________ ([[504]],)
args__________ ([[131]],)
args__________ ([[656]],)
args__________ ([[1000]],)
args__________ ([[662]],)
args__________ ([[124]],)
args__________ ([[277]],)
args__________ ([[462]],)
args__________ ([[967]],)
finish process_num processes get single node nature community___________________
length of left_nodes_list__________:  524
print random_nodes: [[63], [278], [671], [702], [171], [288], [486], [879], [544], [715], [600], [667], [345], [186], [549], [893], [638], [846], [978], [201], [795], [442], [912], [496], [839], [290], [194], [519], [804], [947], [604], [661]]
args__________ ([[63]],)
args__________ ([[278]],)
args__________ ([[671]],)
args__________ ([[702]],)
args__________ ([[171]],)
args__________ ([[288]],)
args__________ ([[486]],)
args__________ ([[879]],)
args__________ ([[544]],)
args__________ ([[715]],)
args__________ ([[600]],)
args__________ ([[667]],)
args__________ ([[345]],)
args__________ ([[186]],)
args__________ ([[549]],)
args__________ ([[893]],)
args__________ ([[638]],)
args__________ ([[846]],)
args__________ ([[978]],)
args__________ ([[201]],)
args__________ ([[795]],)
args__________ ([[442]],)
args__________ ([[912]],)
args__________ ([[496]],)
args__________ ([[839]],)
args__________ ([[290]],)
args__________ ([[194]],)
args__________ ([[519]],)
args__________ ([[804]],)
args__________ ([[947]],)
args__________ ([[604]],)
args__________ ([[661]],)
finish process_num processes get single node nature community___________________
length of left_nodes_list__________:  203
print random_nodes: [[568], [465], [770], [816], [427], [529], [15], [453], [513], [643], [976], [960], [280], [527], [944], [70], [71], [170], [107], [425], [528], [787], [227], [966], [954], [244], [991], [968], [894], [999], [95], [720]]
args__________ ([[568]],)
args__________ ([[465]],)
args__________ ([[770]],)
args__________ ([[816]],)
args__________ ([[427]],)
args__________ ([[529]],)
args__________ ([[15]],)
args__________ ([[453]],)
args__________ ([[513]],)
args__________ ([[643]],)
args__________ ([[976]],)
args__________ ([[960]],)
args__________ ([[280]],)
args__________ ([[527]],)
args__________ ([[944]],)
args__________ ([[70]],)
args__________ ([[71]],)
args__________ ([[170]],)
args__________ ([[107]],)
args__________ ([[425]],)
args__________ ([[528]],)
args__________ ([[787]],)
args__________ ([[227]],)
args__________ ([[966]],)
args__________ ([[954]],)
args__________ ([[244]],)
args__________ ([[991]],)
args__________ ([[968]],)
args__________ ([[894]],)
args__________ ([[999]],)
args__________ ([[95]],)
args__________ ([[720]],)
finish process_num processes get single node nature community___________________
length of left_nodes_list__________:  59
print random_nodes: [[802], [929], [983], [198], [398], [239], [516], [874], [963], [934], [973], [993], [666], [609], [918], [995], [924], [847], [636], [815], [595], [977], [409], [456], [762], [832], [663], [819], [673], [851], [904], [980]]
args__________ ([[802]],)
args__________ ([[929]],)
args__________ ([[983]],)
args__________ ([[198]],)
args__________ ([[398]],)
args__________ ([[239]],)
args__________ ([[516]],)
args__________ ([[874]],)
args__________ ([[963]],)
args__________ ([[934]],)
args__________ ([[973]],)
args__________ ([[993]],)
args__________ ([[666]],)
args__________ ([[609]],)
args__________ ([[918]],)
args__________ ([[995]],)
args__________ ([[924]],)
args__________ ([[847]],)
args__________ ([[636]],)
args__________ ([[815]],)
args__________ ([[595]],)
args__________ ([[977]],)
args__________ ([[409]],)
args__________ ([[456]],)
args__________ ([[762]],)
args__________ ([[832]],)
args__________ ([[663]],)
args__________ ([[819]],)
args__________ ([[673]],)
args__________ ([[851]],)
args__________ ([[904]],)
args__________ ([[980]],)
finish process_num processes get single node nature community___________________
length of left_nodes_list__________:  24
print random_nodes: [[844], [630], [775], [885], [946], [899], [937], [623], [961], [867], [646], [998], [808], [981], [962], [933], [316], [785], [190], [724], [840], [915], [771], [408]]
args__________ ([[844]],)
args__________ ([[630]],)
args__________ ([[775]],)
args__________ ([[885]],)
args__________ ([[946]],)
args__________ ([[899]],)
args__________ ([[937]],)
args__________ ([[623]],)
args__________ ([[961]],)
args__________ ([[867]],)
args__________ ([[646]],)
args__________ ([[998]],)
args__________ ([[808]],)
args__________ ([[981]],)
args__________ ([[962]],)
args__________ ([[933]],)
args__________ ([[316]],)
args__________ ([[785]],)
args__________ ([[190]],)
args__________ ([[724]],)
args__________ ([[840]],)
args__________ ([[915]],)
args__________ ([[771]],)
args__________ ([[408]],)
finish process_num processes get single node nature community___________________
length of left_nodes_list__________:  0
commplete get_all_nature_community, length:  152
after deal_communities, length:______________ 102
fits_dic 102
above ave fitness communities 60 [0.6035686578743211, 0.722735674676525, 0.5901960784313726, 0.6339563862928349, 0.7121951219512195, 0.5904761904761905, 0.8190954773869347, 0.8368200836820083, 0.657185628742515, 0.65, 0.6172465960665658, 0.6770428015564203, 0.5368421052631579, 0.5636363636363636, 0.6454689984101749, 0.7377777777777778, 0.5302325581395348, 0.581453634085213, 0.6733238231098431, 0.7085514834205934, 0.6124620060790273, 0.5968216597998823, 0.6262626262626263, 0.6666666666666666, 0.7142857142857143, 0.7985611510791367, 0.5882352941176471, 0.5785244704163623, 0.6144040790312301, 0.5828402366863905, 0.612212529738303, 0.6988847583643123, 0.6797066014669927, 0.5883734586024663, 0.5826538176426983, 0.5454545454545454, 0.6076923076923076, 0.6071428571428571, 0.5982230997038499, 0.5261293179805138, 0.775599128540305, 0.7188612099644128, 0.6262626262626263, 0.6949152542372882, 0.6015625, 0.5597667638483965, 0.5803108808290155, 0.5344827586206896, 0.5245901639344263, 0.5434380776340111, 0.5533980582524272, 0.6018718502519799, 0.5421245421245421, 0.5690376569037657, 0.5498154981549815, 0.5551839464882943, 0.626984126984127, 0.6221294363256785, 0.7192982456140351, 0.6538461538461539]
----------------------------------The detection result is: 

all communities: 
i =  1 : [45, 146, 279, 301, 356, 357, 403, 420, 485, 540, 563, 574, 576, 599, 615, 620, 633, 660, 692, 735, 747, 755, 768, 809, 811, 833, 856, 864, 869, 895, 896, 900, 927, 945, 948, 949, 950, 953]
i =  2 : [57, 256, 358, 383, 401, 419, 473, 524, 585, 605, 610, 613, 653, 674, 694, 698, 707, 708, 709, 734, 777, 796, 797, 805, 829, 834, 843, 860, 870, 871, 878, 888, 913, 922, 931, 932]
i =  3 : [25, 102, 360, 406, 413, 443, 559, 586, 616, 677, 679, 710, 731, 769, 776, 823, 862, 887, 911, 935, 936, 958, 971, 974, 975, 979, 982, 985, 990]
i =  4 : [28, 39, 99, 135, 208, 264, 367, 368, 422, 541, 552, 558, 569, 582, 587, 597, 631, 688, 690, 701, 750, 765, 774, 783, 784, 810, 822, 837, 842, 854, 861, 866, 882, 902, 908, 919, 939, 956, 957, 967, 988]
i =  5 : [17, 87, 91, 206, 370, 386, 410, 418, 429, 439, 464, 497, 505, 508, 570, 575, 577, 612, 625, 722, 746, 753]
i =  6 : [11, 54, 114, 149, 157, 167, 181, 193, 212, 237, 307, 312, 323, 348]
i =  7 : [16, 30, 43, 56, 60, 76, 82, 86, 92, 99, 101, 159, 178, 182, 254, 350, 371, 458, 475, 501, 504, 521, 522, 533, 548, 555, 627, 650]
i =  8 : [40, 89, 103, 209, 210, 213, 231, 281, 293, 303, 336, 389, 412, 499, 515, 546, 581]
i =  9 : [97, 129, 154, 352, 392, 411, 492, 494, 517, 606, 634, 651, 654, 658, 669, 695, 699, 733, 749, 788, 799, 807, 824, 825, 857, 863, 872, 901, 909, 910, 942, 951, 964, 965, 972, 992, 994, 996, 997]
i =  10 : [5, 28, 39, 135, 264, 367, 368, 422, 541, 552, 558, 569, 582, 587, 597, 631, 688, 690, 701, 750, 765, 774, 783, 784, 810, 822, 837, 842, 854, 861, 866, 882, 902, 908, 919, 939, 956, 957, 967, 988]
i =  11 : [44, 131, 169, 292, 300, 331, 375, 426, 446, 484, 534, 617, 682, 684, 691, 703, 723, 730, 738, 745, 759, 772, 794, 814, 828, 855, 858]
i =  12 : [8, 59, 185, 204, 253, 289, 347, 362, 384, 444, 448, 457, 523, 525, 662]
i =  13 : [98, 117, 124, 139, 148, 150, 168, 183, 199, 200, 224, 250, 314]
i =  14 : [61, 188, 226, 255, 277, 304, 332, 363, 390, 432, 474, 490, 512]
i =  15 : [28, 39, 105, 135, 264, 367, 368, 422, 541, 552, 558, 569, 582, 587, 597, 631, 688, 690, 701, 750, 765, 774, 783, 784, 810, 822, 837, 842, 854, 861, 866, 882, 902, 908, 919, 939, 956, 957, 967, 988]
i =  16 : [8, 59, 185, 204, 253, 278, 289, 347, 362, 384, 444, 448, 457, 523, 525]
i =  17 : [12, 34, 35, 215, 259, 268, 298, 433, 452, 500, 578, 583, 638, 649, 652, 659, 683, 879]
i =  18 : [47, 93, 120, 126, 166, 176, 258, 265, 335, 351, 396, 507, 509, 544, 545, 557, 565, 592, 618]
i =  19 : [5, 174, 283, 378, 434, 459, 491, 506, 639, 700, 715, 740, 761, 763, 764, 798, 800, 806, 818, 830, 841, 845, 850, 853, 880, 884]
i =  20 : [13, 73, 143, 175, 194, 230, 245, 364, 400, 428, 445, 467, 537, 543, 564, 573, 600, 626, 644, 655, 665, 693, 705, 706, 760, 780, 786]
i =  21 : [28, 39, 135, 264, 345, 367, 368, 422, 541, 552, 558, 569, 582, 587, 597, 631, 688, 690, 701, 750, 765, 774, 783, 784, 810, 822, 837, 842, 854, 861, 866, 882, 902, 908, 919, 939, 956, 957, 967, 988]
i =  22 : [14, 27, 42, 46, 49, 79, 108, 128, 131, 147, 152, 162, 184, 203, 220, 251, 270, 311, 329, 345, 436, 460, 471, 477, 482, 496, 531, 544, 579, 589, 614, 622, 642, 645, 664, 718, 741, 754, 846, 849, 877, 890, 903, 914, 925, 928, 938, 941, 959, 969, 970, 978, 984, 986, 987, 989]
i =  23 : [11, 54, 114, 149, 167, 181, 193, 201, 212, 237, 307, 312, 323, 348]
i =  24 : [50, 52, 134, 171, 197, 207, 238, 302, 417, 510, 514, 530, 547, 571, 580, 584, 588, 696, 702, 770]
i =  25 : [50, 52, 134, 171, 197, 207, 238, 302, 417, 427, 510, 514, 530, 547, 571, 580, 584, 588, 696, 702]
i =  26 : [10, 18, 19, 20, 81, 125, 188, 262, 274, 315, 365, 407, 472, 481, 513, 560, 572, 601, 680]
i =  27 : [2, 6, 74, 85, 145, 177, 218, 249, 271, 341, 643]
i =  28 : [64, 104, 105, 175, 252, 333, 338, 615, 629, 632, 672, 711, 721, 737, 757, 803, 836, 852, 865, 875, 881, 892, 916, 920, 921, 940, 943, 944, 947, 952, 954, 955, 960, 968, 976, 999]
i =  29 : [64, 83, 100, 104, 124, 221, 235, 252, 284, 285, 286, 287, 333, 338, 361, 377, 394, 405, 423, 430, 493, 553, 615, 632, 672, 711, 721, 737, 757, 803, 836, 852, 865, 875, 881, 892, 916, 920, 921, 940, 943, 944, 947, 952, 954, 955, 960, 968, 976, 999]
i =  30 : [57, 118, 153, 160, 217, 247, 297, 299, 308, 309, 340, 395, 399, 463, 527, 591, 608, 657, 667, 725, 739, 773, 804, 859, 889, 906, 907, 917]
i =  31 : [64, 104, 252, 294, 333, 338, 615, 632, 672, 711, 721, 737, 757, 803, 836, 852, 865, 875, 881, 892, 916, 920, 921, 940, 943, 944, 947, 952, 954, 955, 960, 968, 976, 999]
i =  32 : [83, 100, 124, 170, 221, 235, 284, 285, 287, 361, 377, 394, 405, 423, 430, 493, 553]
i =  33 : [45, 109, 180, 229, 241, 320, 354, 453, 486, 529, 590, 624, 647, 678, 713, 716, 720, 736, 742, 748, 751, 787, 812, 813, 816, 821, 827, 831, 868, 897, 898]
i =  34 : [64, 104, 108, 119, 136, 138, 142, 158, 233, 252, 333, 338, 343, 353, 380, 382, 421, 471, 478, 518, 568, 598, 615, 632, 662, 672, 711, 721, 737, 757, 766, 803, 836, 852, 865, 875, 881, 892, 916, 920, 921, 940, 943, 944, 947, 952, 954, 955, 960, 968, 976, 999]
i =  35 : [64, 79, 104, 105, 252, 286, 333, 338, 615, 632, 672, 711, 721, 737, 757, 803, 836, 852, 865, 875, 881, 892, 916, 920, 921, 940, 943, 944, 947, 952, 954, 955, 960, 968, 976, 999]
i =  36 : [95, 98, 117, 139, 148, 150, 168, 183, 199, 200, 224, 250, 314]
i =  37 : [32, 37, 80, 122, 127, 133, 140, 228, 243, 398, 415, 469, 561, 603, 628, 640]
i =  38 : [17, 91, 206, 368, 370, 386, 410, 418, 429, 439, 464, 497, 505, 508, 516, 570, 575, 577, 612, 625, 722, 746, 753]
i =  39 : [109, 180, 229, 241, 320, 354, 453, 486, 529, 590, 600, 622, 624, 647, 678, 713, 716, 720, 736, 742, 748, 751, 787, 812, 813, 816, 821, 827, 831, 868, 897, 898, 934]
i =  40 : [41, 66, 157, 214, 236, 240, 339, 366, 414, 441, 447, 483, 488, 527, 536, 549, 607, 621, 675, 681, 685, 728, 741, 756, 781, 839, 873, 876, 891, 905, 912, 926, 930, 995]
i =  41 : [12, 22, 24, 34, 35, 63, 78, 123, 163, 205, 211, 215, 222, 259, 268, 275, 276, 298, 326, 433, 452, 500, 578, 583, 638, 649, 652, 659, 683, 847]
i =  42 : [83, 100, 124, 221, 235, 284, 285, 287, 361, 377, 394, 405, 423, 430, 493, 553, 595]
i =  43 : [11, 54, 114, 149, 167, 181, 193, 212, 237, 307, 312, 323, 348, 409]
i =  44 : [16, 30, 178, 182, 254, 350, 371, 456, 458, 475, 501, 504, 521, 522, 533, 548, 555, 627, 650]
i =  45 : [170, 172, 202, 244, 246, 305, 337, 385, 388, 425, 465, 503, 528, 762]
i =  46 : [57, 118, 153, 160, 217, 247, 297, 299, 308, 309, 340, 395, 463, 591, 608, 657, 663, 667, 725, 739, 773, 804, 859, 889, 906, 907, 917]
i =  47 : [12, 34, 35, 215, 259, 268, 298, 433, 452, 500, 578, 583, 638, 649, 652, 659, 683, 819]
i =  48 : [98, 117, 139, 148, 150, 168, 183, 199, 200, 224, 250, 314, 851]
i =  49 : [38, 67, 84, 156, 242, 263, 317, 369, 437, 442, 451, 468, 554, 567, 904]
i =  50 : [96, 184, 219, 223, 248, 282, 344, 373, 376, 391, 526, 532, 562, 593, 602, 619, 641, 656, 670, 719, 885]
i =  51 : [33, 36, 90, 115, 155, 201, 232, 454, 455, 511, 520, 535, 551, 566, 594, 604, 635, 946]
i =  52 : [28, 39, 135, 264, 367, 368, 422, 541, 552, 558, 569, 582, 587, 597, 631, 688, 690, 701, 750, 765, 774, 783, 784, 810, 822, 837, 842, 854, 861, 866, 882, 902, 908, 919, 937, 939, 956, 957, 967, 988]
i =  53 : [11, 54, 114, 149, 167, 181, 193, 212, 237, 307, 312, 323, 348, 867]
i =  54 : [61, 226, 255, 277, 304, 332, 363, 390, 432, 474, 490, 512, 646]
i =  55 : [65, 87, 130, 165, 208, 269, 290, 295, 440, 476, 487, 519, 538, 686, 687, 727, 732, 758, 778, 790, 791, 808]
i =  56 : [17, 91, 206, 370, 386, 410, 418, 429, 439, 464, 497, 505, 508, 570, 575, 577, 612, 625, 722, 746, 753, 962]
i =  57 : [32, 37, 80, 122, 127, 133, 140, 228, 243, 316, 415, 469, 561, 603, 628, 640]
i =  58 : [65, 87, 130, 165, 208, 269, 290, 295, 440, 476, 487, 519, 538, 686, 687, 727, 732, 758, 778, 785, 790, 791]
i =  59 : [50, 52, 134, 171, 190, 197, 207, 238, 302, 417, 510, 514, 530, 547, 571, 580, 584, 588, 696, 702]
i =  60 : [68, 111, 113, 144, 179, 192, 257, 261, 328, 372, 387, 424, 449, 466, 724]
overlapping nodes are:  [5, 8, 11, 12, 16, 17, 28, 30, 32, 34, 35, 37, 39, 45, 50, 52, 54, 57, 59, 61, 64, 65, 79, 80, 83, 87, 91, 98, 99, 100, 104, 105, 108, 109, 114, 117, 118, 122, 124, 127, 130, 131, 133, 134, 135, 139, 140, 148, 149, 150, 153, 157, 160, 165, 167, 168, 170, 171, 175, 178, 180, 181, 182, 183, 184, 185, 188, 193, 197, 199, 200, 201, 204, 206, 207, 208, 212, 215, 217, 221, 224, 226, 228, 229, 235, 237, 238, 241, 243, 247, 250, 252, 253, 254, 255, 259, 264, 268, 269, 277, 284, 285, 286, 287, 289, 290, 295, 297, 298, 299, 302, 304, 307, 308, 309, 312, 314, 320, 323, 332, 333, 338, 340, 345, 347, 348, 350, 354, 361, 362, 363, 367, 368, 370, 371, 377, 384, 386, 390, 394, 395, 405, 410, 415, 417, 418, 422, 423, 429, 430, 432, 433, 439, 440, 444, 448, 452, 453, 457, 458, 463, 464, 469, 471, 474, 475, 476, 486, 487, 490, 493, 497, 500, 501, 504, 505, 508, 510, 512, 514, 519, 521, 522, 523, 525, 527, 529, 530, 533, 538, 541, 544, 547, 548, 552, 553, 555, 558, 561, 569, 570, 571, 575, 577, 578, 580, 582, 583, 584, 587, 588, 590, 591, 597, 600, 603, 608, 612, 615, 622, 624, 625, 627, 628, 631, 632, 638, 640, 647, 649, 650, 652, 657, 659, 662, 667, 672, 678, 683, 686, 687, 688, 690, 696, 701, 702, 711, 713, 716, 720, 721, 722, 725, 727, 732, 736, 737, 739, 741, 742, 746, 748, 750, 751, 753, 757, 758, 765, 773, 774, 778, 783, 784, 787, 790, 791, 803, 804, 810, 812, 813, 816, 821, 822, 827, 831, 836, 837, 842, 852, 854, 859, 861, 865, 866, 868, 875, 881, 882, 889, 892, 897, 898, 902, 906, 907, 908, 916, 917, 919, 920, 921, 939, 940, 943, 944, 947, 952, 954, 955, 956, 957, 960, 967, 968, 976, 988, 999] 
 NOO is:  328
total time is:  127.206423998
