lens of ground_truth:  48
ground_truth is: [[3, 20, 44, 79, 137, 142, 163, 230, 236, 355, 378, 407, 410, 428], [95, 98, 179, 200, 276, 294, 320, 344, 362, 393, 426, 489, 506, 569, 574, 584, 597, 599, 637, 671, 688, 736, 767, 775, 785, 819, 825, 839, 862, 942], [28, 78, 123, 132, 162, 226, 274, 311, 312, 329, 360, 797, 849, 931], [7, 48, 66, 88, 94, 100, 207, 246, 282, 366, 414, 438, 555, 561, 621, 628, 697, 705, 707, 808, 997], [23, 101, 118, 202, 208, 259, 281, 289, 300, 347, 419, 425, 467, 471, 477, 518, 524, 530, 608, 610, 616, 646, 749], [15, 21, 55, 57, 119, 141, 199, 223, 234, 266, 268, 334, 654, 797], [79, 103, 136, 169, 242, 261, 325, 349, 424, 497, 503, 584, 618, 654, 675, 681, 700, 713, 728, 746, 757, 766, 781, 807, 810, 812, 821, 824, 844, 852, 867, 874, 875, 891, 911, 915, 919, 925, 934, 935, 938, 943, 948, 949, 963, 968, 974, 980, 986, 997], [61, 67, 68, 128, 140, 175, 263, 308, 562, 726, 790], [105, 113, 204, 224, 235, 238, 284, 299, 307, 374, 540, 701], [54, 75, 97, 127, 149, 159, 187, 217, 225, 258, 368, 412], [17, 62, 83, 86, 124, 143, 182, 186, 232, 277, 359, 398, 399, 433, 449, 465, 498, 516, 534, 537, 540, 658, 692, 717, 728, 741, 751, 772, 784, 800, 843, 850, 900, 902, 903, 960], [45, 63, 115, 203, 286, 290, 296, 305, 313, 351, 369, 396, 432, 476, 553, 571, 660, 679, 710, 715, 731, 808], [120, 126, 172, 173, 191, 221, 297, 298, 331, 346, 348, 488, 515, 536, 552, 564, 569, 572, 644, 733, 752, 805, 815, 891, 980], [22, 49, 81, 145, 228, 318, 350, 382, 387, 431, 439, 444, 500, 595, 609, 611, 624, 635, 673, 718, 721, 727, 868, 952, 976], [58, 79, 214, 220, 300, 474, 479, 483, 491, 501, 584, 614, 638, 652, 678, 693, 725, 759, 764, 768, 789, 793, 822, 837, 847, 849, 851, 877, 890, 934, 947, 999], [82, 150, 162, 239, 242, 252, 364, 381, 384, 395, 404, 447, 478, 513, 520, 531, 557, 560, 569, 590, 591, 594, 649, 653, 703, 726, 730, 754, 817, 826, 831, 842, 863, 889, 903, 913, 923, 926, 949, 970, 975, 976, 978, 981, 983, 994], [42, 275, 306, 309, 353, 386, 412, 503, 505, 514, 525, 534, 540, 565, 587, 606, 630, 647, 690, 691, 701, 708, 722, 738, 756, 791, 836, 855, 858, 869, 879, 880, 899, 905, 907, 914, 931, 950, 964, 966, 999], [59, 77, 240, 254, 273, 314, 404, 415, 469, 478, 483, 496, 519, 575, 579, 599, 632, 643, 672, 683, 685, 729, 737, 755, 758, 770, 789, 798, 799, 814, 828, 830, 859, 888, 908, 910, 922, 937, 946, 947, 961, 992], [1, 14, 16, 38, 89, 190, 196, 237, 245, 265, 343, 992], [60, 73, 109, 165, 327, 352, 358, 375, 405, 418, 461, 508, 511, 517, 539, 562, 568], [53, 86, 102, 125, 136, 174, 213, 215, 240, 242, 253, 279, 301, 390, 412, 424, 473, 503, 528, 542, 603, 614, 639, 661, 720, 753, 765, 791, 808, 813, 819, 834, 838, 853, 865, 870, 881, 884, 894, 918, 953, 957, 959, 960, 963, 964, 972, 996, 998], [72, 177, 185, 276, 288, 302, 317, 323, 328, 345, 449, 473, 480, 542, 740, 979, 998], [27, 136, 160, 166, 169, 250, 319, 330, 357, 454, 472, 484, 532, 553, 554, 581, 612, 626, 640, 690, 692, 726, 741, 777, 794, 796, 803, 809, 817, 833, 848, 878, 895, 898, 912, 916, 924, 934, 936, 945, 955, 963, 965, 967, 988, 990, 991, 1000], [18, 33, 107, 248, 356, 389, 406, 417, 492, 499, 512, 529, 542, 546, 561, 582, 592, 677, 687, 689, 895], [4, 12, 111, 167, 276, 379, 383, 427, 435, 436, 462, 483, 527, 547, 573, 577, 578, 614, 633, 655, 674, 684, 763, 787, 804, 829, 849, 998], [8, 9, 35, 51, 91, 122, 129, 192, 233, 261, 373, 413, 470, 551, 576, 604, 627, 680, 695, 716, 762, 790, 792, 811, 828, 840, 854, 871, 966, 980, 997], [11, 30, 32, 114, 151, 180, 218, 291, 333, 340, 388, 421, 475, 485, 509, 601, 615, 629, 650], [40, 50, 131, 134, 144, 155, 213, 216, 249, 260, 514], [195, 229, 278, 287, 335, 365, 404, 424, 463, 499, 521, 538, 543, 642, 663, 695, 698, 714, 719, 744, 761, 783, 786, 788, 824, 841, 860, 872, 883, 885, 895, 896, 964], [5, 13, 74, 106, 156, 170, 210, 219, 459, 576, 960], [112, 138, 147, 158, 164, 171, 197, 206, 675, 848, 952], [24, 36, 41, 70, 76, 121, 280, 315, 372, 376, 400, 409, 466, 504], [64, 135, 162, 213, 264, 300, 310, 350, 408, 491, 522, 580, 588, 599, 619, 659, 682, 706, 729, 734, 739, 747, 760, 773, 794, 806, 816, 819, 827, 868, 947, 999], [62, 69, 93, 146, 153, 161, 181, 189, 227, 272, 293, 437, 441, 491, 533, 541, 598, 666, 670, 695, 701, 735], [84, 130, 289, 331, 367, 401, 429, 430, 451, 453, 458, 589, 613, 617, 630, 636, 651, 656, 709, 711, 979], [62, 86, 139, 261, 326, 350, 420, 433, 442, 457, 523, 534, 545, 605, 625, 634, 662, 728, 748, 750, 771, 780, 795, 818, 823, 824, 828, 832, 856, 882, 887, 897, 976, 979], [133, 289, 292, 295, 371, 459, 473, 481, 499, 507, 514, 556, 558, 562, 567, 607, 616, 630, 667, 668, 675, 690, 699, 705, 745, 747, 779, 786, 797, 836, 848, 864, 884, 886, 891, 901, 903, 906, 913, 920, 931, 933, 940, 944, 953, 956, 958, 973, 984, 995], [43, 117, 154, 188, 201, 243, 271, 303, 322, 576, 740, 836], [19, 108, 126, 212, 251, 324, 336, 338, 370, 416, 482, 493, 502, 506, 884], [26, 39, 46, 65, 80, 116, 126, 331, 868, 952], [25, 29, 31, 37, 52, 71, 96, 110, 654, 786], [10, 193, 222, 241, 247, 285, 332, 377, 445, 468, 510, 544, 548, 550, 585, 596, 622, 631, 657, 664], [85, 92, 148, 194, 262, 341, 391, 392, 403, 411, 446, 449, 459, 490, 559, 586, 593, 648, 669, 704, 933], [104, 178, 231, 337, 342, 385, 394, 397, 487, 495, 504, 549, 566, 570, 600, 602, 616, 620, 623, 645, 686, 692, 696, 747, 774, 778, 782, 790, 791, 801, 845, 873, 893, 917, 921, 928, 939, 954, 966, 969, 977, 982, 992], [2, 87, 152, 269, 277, 339, 422, 433, 434, 443, 450, 455, 460, 520, 563, 583, 641, 702, 705, 712, 723, 724, 729, 732, 743, 751, 769, 794, 799, 802, 820, 846, 857, 892, 909, 913, 929, 942, 951, 953, 962, 985, 987, 989], [6, 34, 99, 176, 255, 256, 257, 267, 283, 304, 316, 361, 363], [90, 157, 183, 184, 209, 211, 244, 270, 321, 380, 402, 440, 448, 456, 486, 494, 526], [47, 56, 168, 169, 198, 205, 240, 277, 354, 423, 452, 464, 478, 504, 506, 520, 535, 553, 561, 665, 676, 694, 740, 741, 742, 751, 776, 789, 799, 817, 835, 861, 866, 876, 904, 927, 930, 932, 933, 941, 942, 949, 971, 993]]
print random_nodes: [[898], [338], [661], [292], [682], [765], [365], [519], [673], [608], [434], [467], [28], [339], [687], [728], [131], [364], [714], [580], [918], [895], [877], [778], [79], [157], [763], [980], [590], [993], [180], [878]]
args__________ ([[898]],)
args__________ ([[338]],)
args__________ ([[661]],)
args__________ ([[292]],)
args__________ ([[682]],)
args__________ ([[765]],)
args__________ ([[365]],)
args__________ ([[519]],)
args__________ ([[673]],)
args__________ ([[608]],)
args__________ ([[434]],)
args__________ ([[467]],)
args__________ ([[28]],)
args__________ ([[339]],)
args__________ ([[687]],)
args__________ ([[728]],)
args__________ ([[131]],)
args__________ ([[364]],)
args__________ ([[714]],)
args__________ ([[580]],)
args__________ ([[918]],)
args__________ ([[895]],)
args__________ ([[877]],)
args__________ ([[778]],)
args__________ ([[79]],)
args__________ ([[157]],)
args__________ ([[763]],)
args__________ ([[980]],)
args__________ ([[590]],)
args__________ ([[993]],)
args__________ ([[180]],)
args__________ ([[878]],)
finish process_num processes get single node nature community___________________
length of left_nodes_list__________:  468
print random_nodes: [[185], [190], [200], [979], [632], [16], [106], [24], [648], [735], [533], [181], [73], [100], [704], [274], [294], [136], [920], [645], [758], [487], [280], [60], [312], [772], [630], [405], [371], [399], [908], [177]]
args__________ ([[185]],)
args__________ ([[190]],)
args__________ ([[200]],)
args__________ ([[979]],)
args__________ ([[632]],)
args__________ ([[16]],)
args__________ ([[106]],)
args__________ ([[24]],)
args__________ ([[648]],)
args__________ ([[735]],)
args__________ ([[533]],)
args__________ ([[181]],)
args__________ ([[73]],)
args__________ ([[100]],)
args__________ ([[704]],)
args__________ ([[274]],)
args__________ ([[294]],)
args__________ ([[136]],)
args__________ ([[920]],)
args__________ ([[645]],)
args__________ ([[758]],)
args__________ ([[487]],)
args__________ ([[280]],)
args__________ ([[60]],)
args__________ ([[312]],)
args__________ ([[772]],)
args__________ ([[630]],)
args__________ ([[405]],)
args__________ ([[371]],)
args__________ ([[399]],)
args__________ ([[908]],)
args__________ ([[177]],)
finish process_num processes get single node nature community___________________
length of left_nodes_list__________:  163
print random_nodes: [[110], [741], [599], [10], [766], [986], [240], [874], [807], [473], [453], [510], [675], [331], [915], [520], [942], [681], [483], [963], [821], [424], [613], [616], [300], [931], [401], [540], [824], [992], [553], [943]]
args__________ ([[110]],)
args__________ ([[741]],)
args__________ ([[599]],)
args__________ ([[10]],)
args__________ ([[766]],)
args__________ ([[986]],)
args__________ ([[240]],)
args__________ ([[874]],)
args__________ ([[807]],)
args__________ ([[473]],)
args__________ ([[453]],)
args__________ ([[510]],)
args__________ ([[675]],)
args__________ ([[331]],)
args__________ ([[915]],)
args__________ ([[520]],)
args__________ ([[942]],)
args__________ ([[681]],)
args__________ ([[483]],)
args__________ ([[963]],)
args__________ ([[821]],)
args__________ ([[424]],)
args__________ ([[613]],)
args__________ ([[616]],)
args__________ ([[300]],)
args__________ ([[931]],)
args__________ ([[401]],)
args__________ ([[540]],)
args__________ ([[824]],)
args__________ ([[992]],)
args__________ ([[553]],)
args__________ ([[943]],)
finish process_num processes get single node nature community___________________
length of left_nodes_list__________:  61
print random_nodes: [[289], [261], [797], [506], [848], [614], [576], [789], [819], [692], [561], [966], [404], [817], [542], [242], [726], [277], [491], [808], [934], [534], [849], [459], [799], [478], [433], [695], [729], [751], [412], [654]]
args__________ ([[289]],)
args__________ ([[261]],)
args__________ ([[797]],)
args__________ ([[506]],)
args__________ ([[848]],)
args__________ ([[614]],)
args__________ ([[576]],)
args__________ ([[789]],)
args__________ ([[819]],)
args__________ ([[692]],)
args__________ ([[561]],)
args__________ ([[966]],)
args__________ ([[404]],)
args__________ ([[817]],)
args__________ ([[542]],)
args__________ ([[242]],)
args__________ ([[726]],)
args__________ ([[277]],)
args__________ ([[491]],)
args__________ ([[808]],)
args__________ ([[934]],)
args__________ ([[534]],)
args__________ ([[849]],)
args__________ ([[459]],)
args__________ ([[799]],)
args__________ ([[478]],)
args__________ ([[433]],)
args__________ ([[695]],)
args__________ ([[729]],)
args__________ ([[751]],)
args__________ ([[412]],)
args__________ ([[654]],)
finish process_num processes get single node nature community___________________
length of left_nodes_list__________:  28
print random_nodes: [[794], [791], [960], [964], [998], [836], [790], [933], [504], [701], [949], [828], [884], [690], [976], [747], [213], [705], [903], [913], [891], [997], [503], [569], [953], [999], [947], [786]]
args__________ ([[794]],)
args__________ ([[791]],)
args__________ ([[960]],)
args__________ ([[964]],)
args__________ ([[998]],)
args__________ ([[836]],)
args__________ ([[790]],)
args__________ ([[933]],)
args__________ ([[504]],)
args__________ ([[701]],)
args__________ ([[949]],)
args__________ ([[828]],)
args__________ ([[884]],)
args__________ ([[690]],)
args__________ ([[976]],)
args__________ ([[747]],)
args__________ ([[213]],)
args__________ ([[705]],)
args__________ ([[903]],)
args__________ ([[913]],)
args__________ ([[891]],)
args__________ ([[997]],)
args__________ ([[503]],)
args__________ ([[569]],)
args__________ ([[953]],)
args__________ ([[999]],)
args__________ ([[947]],)
args__________ ([[786]],)
finish process_num processes get single node nature community___________________
length of left_nodes_list__________:  0
commplete get_all_nature_community, length:  156
after deal_communities, length:______________ 113
fits_dic 113
above ave fitness communities 63 [0.6472868217054264, 0.579841449603624, 0.611764705882353, 0.6017441860465116, 0.5979142526071842, 0.6327272727272727, 0.7845303867403315, 0.6346863468634686, 0.56590084643289, 0.6484848484848484, 0.698450536352801, 0.7076923076923077, 0.5771971496437055, 0.5911664779161948, 0.5302325581395348, 0.714, 0.5063291139240507, 0.5454545454545454, 0.5365517241379311, 0.5879682179341658, 0.777027027027027, 0.64375, 0.6021660649819495, 0.556836902800659, 0.5261627906976745, 0.7593582887700535, 0.6408518877057116, 0.777027027027027, 0.7074468085106383, 0.6892950391644909, 0.6410256410256411, 0.5507246376811594, 0.7282608695652174, 0.5076560659599529, 0.7528735632183908, 0.6452991452991453, 0.6504854368932039, 0.547486033519553, 0.6312292358803987, 0.5481481481481482, 0.5213270142180095, 0.6526946107784432, 0.5333333333333333, 0.6060606060606061, 0.5648854961832062, 0.536986301369863, 0.5497470489038786, 0.5267034990791897, 0.6549707602339181, 0.5434083601286174, 0.5714285714285714, 0.6041666666666666, 0.5098039215686274, 0.7564766839378239, 0.6607669616519174, 0.5142857142857142, 0.5968712394705175, 0.6724137931034483, 0.6, 0.5059880239520959, 0.5255198487712666, 0.6796116504854369, 0.6732673267326733]
----------------------------------The detection result is: 

all communities: 
i =  1 : [4, 12, 111, 167, 292, 379, 383, 427, 435, 436, 462, 527, 547, 573, 577, 578, 633, 655, 674, 684, 763, 787, 804, 829]
i =  2 : [9, 53, 102, 125, 174, 215, 253, 279, 301, 390, 528, 603, 639, 661, 720, 753, 765, 813, 834, 838, 853, 865, 870, 881, 894, 918, 957, 959, 972, 996]
i =  3 : [28, 54, 75, 97, 127, 149, 159, 187, 217, 225, 258, 368]
i =  4 : [139, 326, 420, 442, 457, 523, 545, 605, 625, 634, 662, 728, 748, 750, 771, 780, 795, 818, 823, 832, 856, 882, 887, 897]
i =  5 : [53, 86, 102, 125, 174, 215, 253, 279, 301, 390, 528, 603, 639, 661, 720, 753, 765, 813, 834, 838, 853, 865, 870, 881, 894, 918, 957, 959, 972, 996]
i =  6 : [58, 79, 214, 220, 474, 479, 501, 638, 652, 678, 693, 725, 759, 764, 768, 793, 822, 837, 847, 851, 877, 890]
i =  7 : [3, 20, 44, 79, 137, 142, 163, 230, 236, 355, 378, 407, 410, 428]
i =  8 : [82, 150, 178, 239, 252, 364, 381, 384, 395, 447, 513, 531, 557, 560, 590, 591, 594, 649, 653, 703, 730, 754, 826, 831, 842, 863, 889, 923, 926, 970, 975, 978, 981, 983, 994]
i =  9 : [47, 56, 103, 168, 198, 205, 354, 423, 452, 464, 535, 665, 676, 694, 742, 776, 835, 861, 866, 876, 904, 927, 930, 932, 941, 971, 993]
i =  10 : [27, 40, 50, 131, 134, 144, 155, 160, 166, 216, 249, 250, 260, 319, 330, 357, 454, 472, 484, 514, 532, 554, 581, 612, 626, 640, 777, 796, 803, 809, 833, 878, 898, 912, 916, 924, 936, 945, 955, 965, 967, 988, 990, 991, 1000]
i =  11 : [59, 77, 254, 273, 314, 415, 469, 496, 519, 575, 579, 632, 643, 672, 683, 685, 737, 755, 758, 770, 798, 814, 830, 859, 888, 908, 910, 922, 937, 946, 961]
i =  12 : [23, 24, 36, 41, 70, 76, 121, 280, 315, 372, 376, 400, 409, 466]
i =  13 : [42, 136, 194, 275, 306, 309, 353, 386, 505, 525, 565, 587, 606, 647, 691, 708, 722, 738, 756, 855, 858, 869, 879, 880, 899, 905, 907, 914, 950]
i =  14 : [133, 292, 295, 371, 481, 507, 556, 558, 567, 607, 667, 668, 699, 745, 779, 864, 886, 901, 906, 920, 940, 944, 956, 958, 973, 984, 995]
i =  15 : [85, 92, 148, 194, 262, 341, 391, 392, 403, 411, 446, 490, 559, 586, 593, 645, 648, 669, 704]
i =  16 : [104, 178, 231, 337, 342, 385, 394, 397, 487, 495, 549, 566, 570, 600, 602, 620, 623, 645, 686, 696, 774, 778, 782, 801, 845, 873, 893, 917, 921, 928, 939, 954, 969, 977, 982]
i =  17 : [28, 60, 78, 123, 132, 226, 274, 311, 312, 329, 360]
i =  18 : [15, 21, 55, 57, 119, 141, 199, 223, 234, 266, 268, 334, 630]
i =  19 : [26, 39, 46, 47, 56, 65, 79, 80, 103, 116, 136, 169, 325, 349, 497, 618, 681, 700, 713, 746, 757, 766, 781, 807, 810, 812, 821, 844, 852, 867, 874, 875, 911, 915, 919, 925, 935, 938, 943, 948, 968, 974, 986]
i =  20 : [53, 102, 125, 174, 215, 240, 253, 279, 301, 390, 528, 603, 639, 661, 720, 753, 765, 813, 834, 838, 853, 865, 870, 881, 894, 918, 957, 959, 972, 996]
i =  21 : [84, 130, 367, 401, 429, 430, 451, 453, 458, 589, 613, 617, 636, 651, 656, 709, 711]
i =  22 : [90, 157, 183, 184, 209, 211, 244, 270, 321, 380, 402, 440, 448, 456, 486, 494, 510, 526]
i =  23 : [54, 75, 97, 103, 127, 149, 159, 169, 187, 217, 225, 258, 325, 349, 368, 497, 618, 681, 700, 713, 746, 757, 766, 781, 807, 810, 812, 821, 844, 852, 867, 874, 875, 911, 915, 919, 925, 935, 938, 943, 948, 968, 974, 986]
i =  24 : [95, 98, 179, 200, 294, 320, 344, 349, 362, 393, 426, 489, 520, 574, 597, 637, 671, 688, 736, 767, 775, 785, 825, 839, 862]
i =  25 : [95, 98, 179, 200, 205, 294, 320, 344, 362, 393, 426, 489, 574, 597, 637, 671, 688, 736, 767, 775, 785, 825, 839, 862, 942]
i =  26 : [10, 193, 222, 241, 247, 285, 332, 377, 445, 468, 483, 510, 544, 548, 550, 585, 596, 622, 631, 657, 664]
i =  27 : [2, 87, 152, 269, 339, 422, 424, 434, 443, 450, 455, 460, 563, 583, 641, 702, 712, 723, 724, 732, 743, 769, 802, 820, 846, 857, 892, 909, 929, 951, 962, 985, 987, 989]
i =  28 : [84, 130, 367, 401, 429, 430, 451, 453, 458, 589, 613, 617, 636, 651, 656, 709, 711]
i =  29 : [23, 101, 118, 202, 208, 259, 281, 347, 419, 425, 467, 471, 477, 518, 524, 530, 608, 610, 616, 646, 749]
i =  30 : [23, 101, 118, 202, 208, 259, 281, 300, 310, 347, 419, 425, 467, 471, 477, 518, 524, 530, 608, 610, 646, 749]
i =  31 : [105, 113, 204, 224, 235, 238, 284, 299, 307, 374, 540]
i =  32 : [85, 92, 148, 194, 262, 341, 391, 392, 403, 411, 446, 490, 559, 586, 593, 648, 669, 704, 824]
i =  33 : [45, 63, 115, 203, 286, 290, 296, 305, 313, 351, 369, 396, 432, 476, 553, 571, 660, 679, 710, 715, 731]
i =  34 : [26, 39, 46, 47, 56, 65, 72, 79, 80, 103, 116, 177, 185, 276, 288, 302, 317, 323, 325, 328, 345, 349, 449, 480, 497, 618, 681, 700, 713, 740, 746, 757, 766, 781, 807, 810, 812, 821, 844, 852, 867, 874, 875, 911, 915, 919, 925, 935, 938, 943, 948, 968, 974, 986]
i =  35 : [23, 101, 118, 202, 208, 259, 281, 289, 347, 419, 425, 467, 471, 477, 518, 524, 530, 608, 610, 646, 749]
i =  36 : [8, 9, 35, 51, 91, 122, 129, 192, 233, 261, 373, 413, 470, 551, 604, 627, 680, 716, 762, 792, 811, 840, 854, 871]
i =  37 : [19, 108, 212, 251, 324, 336, 338, 370, 416, 482, 493, 502, 506]
i =  38 : [60, 73, 109, 165, 327, 352, 358, 375, 405, 418, 461, 508, 511, 517, 539, 568, 789]
i =  39 : [7, 48, 66, 88, 94, 100, 207, 246, 282, 366, 414, 438, 555, 561, 621, 628, 697, 707]
i =  40 : [195, 229, 278, 287, 335, 365, 404, 463, 521, 538, 543, 612, 642, 663, 698, 714, 719, 744, 761, 783, 788, 841, 860, 872, 883, 885, 896]
i =  41 : [62, 69, 93, 146, 153, 161, 181, 189, 227, 272, 293, 437, 441, 533, 541, 598, 666, 670, 735, 817]
i =  42 : [18, 33, 107, 248, 356, 389, 406, 417, 492, 512, 529, 542, 546, 582, 592, 677, 687, 689]
i =  43 : [43, 117, 154, 188, 201, 242, 243, 271, 303, 322]
i =  44 : [17, 83, 124, 143, 182, 186, 232, 277, 359, 398, 399, 465, 498, 516, 537, 658, 717, 772, 784, 800, 843, 850, 900, 902]
i =  45 : [69, 93, 146, 153, 161, 179, 181, 189, 227, 272, 293, 437, 441, 491, 533, 541, 598, 666, 670, 735]
i =  46 : [7, 22, 48, 66, 88, 94, 100, 207, 246, 282, 366, 414, 438, 555, 621, 628, 697, 707, 808]
i =  47 : [2, 17, 83, 124, 143, 182, 186, 232, 359, 398, 399, 465, 498, 516, 534, 537, 658, 717, 772, 784, 800, 843, 850, 900, 902]
i =  48 : [10, 193, 222, 241, 247, 285, 332, 377, 385, 445, 468, 510, 544, 548, 550, 585, 596, 622, 631, 657, 664, 799]
i =  49 : [69, 93, 146, 153, 161, 181, 189, 227, 272, 293, 437, 441, 533, 541, 598, 666, 670, 695, 735]
i =  50 : [14, 95, 98, 179, 200, 294, 320, 344, 362, 393, 426, 489, 574, 597, 637, 671, 688, 729, 736, 767, 775, 785, 825, 839, 862]
i =  51 : [17, 83, 124, 143, 182, 186, 232, 359, 398, 399, 465, 498, 516, 537, 658, 717, 751, 772, 784, 800, 843, 850, 900, 902]
i =  52 : [15, 21, 55, 57, 119, 141, 199, 223, 234, 266, 268, 334, 654]
i =  53 : [7, 48, 66, 88, 94, 100, 207, 246, 282, 366, 414, 438, 555, 621, 628, 697, 707, 794]
i =  54 : [24, 36, 41, 70, 76, 121, 280, 315, 372, 376, 400, 409, 466, 504]
i =  55 : [69, 93, 146, 153, 161, 181, 189, 227, 272, 293, 437, 441, 533, 541, 598, 666, 670, 701, 735]
i =  56 : [19, 108, 212, 251, 324, 336, 338, 370, 416, 482, 493, 502, 884]
i =  57 : [42, 275, 306, 309, 353, 386, 505, 525, 565, 587, 606, 647, 690, 691, 708, 722, 738, 756, 855, 858, 869, 879, 880, 899, 905, 907, 914, 950]
i =  58 : [40, 50, 131, 134, 144, 155, 213, 216, 249, 260]
i =  59 : [7, 48, 66, 88, 94, 100, 207, 246, 282, 366, 414, 438, 555, 621, 628, 697, 705, 707]
i =  60 : [17, 83, 86, 124, 143, 182, 186, 232, 359, 398, 399, 465, 498, 516, 537, 658, 717, 772, 784, 800, 843, 850, 900, 902, 903]
i =  61 : [120, 172, 173, 191, 221, 297, 298, 346, 348, 488, 515, 536, 552, 564, 572, 644, 733, 752, 805, 815, 891]
i =  62 : [6, 34, 99, 176, 255, 256, 257, 267, 283, 304, 316, 361, 363, 503]
i =  63 : [120, 172, 173, 191, 221, 297, 298, 346, 348, 488, 515, 536, 552, 564, 569, 572, 644, 733, 752, 805, 815]
overlapping nodes are:  [2, 7, 9, 10, 15, 17, 19, 21, 23, 24, 26, 28, 36, 39, 40, 41, 42, 46, 47, 48, 50, 53, 54, 55, 56, 57, 60, 65, 66, 69, 70, 75, 76, 79, 80, 83, 84, 85, 86, 88, 92, 93, 94, 95, 97, 98, 100, 101, 102, 103, 108, 116, 118, 119, 120, 121, 124, 125, 127, 130, 131, 134, 136, 141, 143, 144, 146, 148, 149, 153, 155, 159, 161, 169, 172, 173, 174, 178, 179, 181, 182, 186, 187, 189, 191, 193, 194, 199, 200, 202, 205, 207, 208, 212, 215, 216, 217, 221, 222, 223, 225, 227, 232, 234, 241, 246, 247, 249, 251, 253, 258, 259, 260, 262, 266, 268, 272, 275, 279, 280, 281, 282, 285, 292, 293, 294, 297, 298, 301, 306, 309, 315, 320, 324, 325, 332, 334, 336, 338, 341, 344, 346, 347, 348, 349, 353, 359, 362, 366, 367, 368, 370, 372, 376, 377, 385, 386, 390, 391, 392, 393, 398, 399, 400, 401, 403, 409, 411, 414, 416, 419, 425, 426, 429, 430, 437, 438, 441, 445, 446, 451, 453, 458, 465, 466, 467, 468, 471, 477, 482, 488, 489, 490, 493, 497, 498, 502, 505, 510, 515, 516, 518, 524, 525, 528, 530, 533, 536, 537, 541, 544, 548, 550, 552, 555, 559, 564, 565, 572, 574, 585, 586, 587, 589, 593, 596, 597, 598, 603, 606, 608, 610, 612, 613, 617, 618, 621, 622, 628, 631, 636, 637, 639, 644, 645, 646, 647, 648, 651, 656, 657, 658, 661, 664, 666, 669, 670, 671, 681, 688, 691, 697, 700, 704, 707, 708, 709, 711, 713, 717, 720, 722, 733, 735, 736, 738, 746, 749, 752, 753, 756, 757, 765, 766, 767, 772, 775, 781, 784, 785, 800, 805, 807, 810, 812, 813, 815, 821, 825, 834, 838, 839, 843, 844, 850, 852, 853, 855, 858, 862, 865, 867, 869, 870, 874, 875, 879, 880, 881, 894, 899, 900, 902, 905, 907, 911, 914, 915, 918, 919, 925, 935, 938, 943, 948, 950, 957, 959, 968, 972, 974, 986, 996] 
 NOO is:  343
total time is:  90.8997440338
