lens of ground_truth:  48
ground_truth is: [[2, 5, 77, 78, 102, 105, 231, 236, 245, 293, 351, 363, 416, 492, 493, 498, 601, 719, 801, 932, 934, 944, 984], [23, 85, 146, 259, 282, 301, 302, 315, 335, 352, 434, 441, 536, 554, 588, 699, 702, 707, 751, 757, 779, 813, 955, 968, 989], [11, 21, 35, 41, 161, 178, 216, 234, 277, 280, 311, 596], [17, 65, 99, 109, 119, 132, 168, 226, 242, 268, 326, 331, 437, 491, 514, 541, 582, 606, 613, 648, 655, 656, 672, 730, 747, 749, 767, 809, 819, 841, 844, 863, 874, 899, 903, 920, 943, 946, 949, 958, 962, 970, 975, 983, 985, 987, 994], [24, 30, 70, 83, 117, 148, 154, 190, 220, 225, 306], [123, 138, 144, 205, 209, 219, 223, 229, 241, 298, 371, 411, 426, 501, 552, 556, 566, 598, 614, 626, 779, 786, 823, 830, 846, 908, 911, 960, 975, 989], [26, 143, 188, 204, 210, 243, 305, 320, 329, 359, 409, 436, 463, 478, 579, 607, 639, 645, 658, 663, 743, 929, 973, 989], [29, 172, 177, 240, 248, 260, 266, 272, 283, 439, 447, 466, 479, 527, 528, 551, 628, 792], [59, 94, 105, 108, 244, 273, 313, 391, 395, 458, 474, 505, 513, 518, 534, 571, 588, 593, 608, 623, 668, 724, 799, 824, 838, 852, 923], [12, 86, 93, 127, 167, 183, 189, 246, 285, 296, 377, 388, 402, 463, 493, 516, 584, 589, 600, 639, 643, 703, 722, 750, 761, 776, 792, 795, 801, 818, 864, 866, 891, 899, 901, 905, 939, 945, 953, 955, 969, 970, 973, 981, 988, 991, 992, 999], [10, 58, 63, 96, 193, 233, 317, 383, 392, 464, 515, 529, 537, 540, 542, 589, 602, 605, 629, 663, 684, 710, 737, 770, 775, 964], [75, 125, 195, 206, 247, 286, 295, 338, 430, 466, 844, 939], [15, 61, 142, 157, 239, 278, 333, 340, 369, 389, 405, 473, 489, 490, 617, 932], [3, 13, 14, 31, 89, 98, 136, 254, 284, 353, 377, 397, 427, 475, 503, 520, 553, 610, 621, 627, 630, 686, 688, 796, 848, 855, 968], [34, 88, 135, 149, 210, 245, 251, 258, 282, 287, 349, 355, 398, 424, 493, 588, 606, 659, 676, 712, 748, 773, 774, 780, 785, 809, 835, 856, 860, 866, 867, 870, 877, 888, 923, 929, 950, 980], [24, 44, 67, 151, 174, 263, 275, 322, 327, 336, 386, 469, 511, 546, 561, 562, 587, 607, 650, 660, 698, 714, 728, 729, 758, 784, 801, 865, 893, 953, 965], [4, 49, 127, 147, 155, 186, 235, 237, 270, 319, 345, 370, 378, 400, 465, 476, 508, 544, 557, 665, 671, 725, 958], [24, 54, 117, 138, 151, 290, 325, 344, 387, 388, 424, 466, 468, 493, 506, 533, 535, 538, 541, 542, 576, 595, 634, 644, 663, 695, 746, 793, 868, 875, 884, 912, 914, 918, 923, 928, 935, 951, 985], [112, 167, 169, 245, 264, 265, 279, 292, 307, 355, 410, 411, 421, 424, 455, 459, 477, 497, 545, 561, 584, 646, 669, 678, 726, 732, 764, 768, 798, 817, 822, 829, 843, 844, 873, 878, 889, 897, 900, 903, 921, 927, 934, 943, 952, 963, 964, 972, 974, 998], [24, 25, 33, 38, 104, 113, 114, 130, 179, 198, 227], [71, 103, 256, 276, 282, 350, 420, 424, 448, 450, 522, 526, 585, 631, 646, 663, 687, 703, 711, 791, 820, 846, 849, 866, 886, 890, 896, 904, 907, 929, 937, 944, 950, 976], [65, 91, 170, 289, 342, 379, 433, 440, 445, 446, 494, 589, 596, 607, 617, 622, 637, 734, 750, 752, 808, 857, 862, 869, 901, 910, 911, 944, 946, 960, 962, 963, 965, 977, 985], [18, 97, 110, 117, 156, 189, 196, 253, 269, 344, 361, 516, 863, 953, 980], [12, 51, 68, 76, 84, 131, 162, 173, 187, 201, 960], [6, 8, 40, 43, 118, 127, 175, 197, 228, 835, 934], [12, 48, 60, 79, 167, 174, 200, 203, 208, 253, 348, 430, 496, 501, 523, 574, 592, 596, 606, 690, 703, 753, 781, 789, 792, 797, 811, 858, 864, 895, 901, 903, 917, 933, 950, 961, 975, 977, 984, 999], [52, 105, 117, 121, 122, 144, 167, 184, 267, 274, 282, 308, 314, 318, 334, 338, 355, 368, 375, 407, 453, 500, 523, 565, 591, 691, 739, 779, 802, 804, 809, 835, 861, 894, 906, 909, 929, 934, 939, 942, 950, 954, 964, 976, 977, 979, 990, 997, 1000], [16, 144, 304, 355, 381, 382, 404, 512, 516, 559, 611, 612, 624, 636, 647, 673, 713, 718, 742, 759, 778, 803, 812, 832, 908, 954], [39, 66, 171, 185, 238, 288, 316, 390, 403, 422, 428, 472, 586, 594, 697, 701, 704, 705, 717, 720, 727, 740], [50, 93, 210, 262, 309, 310, 354, 360, 383, 387, 411, 414, 430, 452, 578, 609, 639, 674, 722, 731, 745, 756, 762, 765, 805, 806, 816, 831, 834, 864, 882, 892, 898, 911, 919, 924, 944, 954, 965, 966, 967, 971, 986, 996, 999], [65, 69, 93, 115, 166, 279, 322, 344, 365, 383, 388, 401, 417, 448, 483, 523, 525, 542, 615, 675, 679, 709, 750, 783, 787, 798, 836, 844, 853, 859, 926, 930, 947, 958, 965, 973, 977, 980, 985], [46, 53, 56, 107, 126, 159, 174, 181, 191, 306, 344, 377, 448, 449, 480, 481, 482, 509, 541, 549, 558, 560, 570, 577, 584, 638, 641, 689, 763, 800, 810, 837, 863, 871, 872, 916, 922, 931, 938, 940, 943, 953, 955, 956, 962, 973, 978, 982, 993, 995], [120, 139, 140, 300, 338, 343, 367, 385, 387, 425, 432, 499, 572, 599, 625, 666, 682, 721, 846, 960], [22, 28, 42, 72, 82, 116, 212, 327, 606, 932], [32, 128, 182, 207, 245, 254, 332, 364, 396, 443, 488, 530, 564, 619, 620, 642, 652, 657, 662, 790, 815, 842, 847, 851, 881, 883, 964, 968, 989], [36, 55, 124, 306, 438, 467, 521, 532, 569, 573, 584, 651, 670, 680, 681, 685, 736, 798, 809, 963, 984], [12, 144, 189, 210, 322, 358, 387, 411, 430, 463, 501, 516, 517, 523, 541, 555, 580, 588, 646, 693, 706, 741, 792, 807, 845, 863, 864, 866, 876, 899, 901, 903, 908, 913, 915, 936, 941, 948, 955, 957, 959, 963, 970, 975, 980, 984, 999], [95, 138, 145, 151, 158, 214, 253, 261, 291, 297, 324, 327, 328, 346, 380, 448, 461, 470, 484, 575, 722, 738, 760, 777, 833, 854, 885, 908, 923, 946, 976], [9, 129, 255, 373, 374, 384, 393, 418, 429, 435, 456, 471, 487, 504, 524, 568, 607], [45, 64, 73, 80, 81, 150, 160, 189, 218, 279, 356, 412, 451, 460, 502, 510, 567, 590, 597, 632, 696, 715, 779], [20, 137, 199, 221, 250, 257, 279, 312, 357, 406, 408, 454, 462, 486, 495, 550, 603, 617, 654, 723, 733, 772, 801, 899, 962], [27, 37, 65, 74, 93, 127, 180, 213, 271, 306, 341, 372, 377, 383, 388, 431, 442, 457, 542, 561, 583, 604, 639, 640, 694, 708, 716, 722, 735, 814, 835, 880, 887, 902, 925, 939, 958], [90, 153, 211, 252, 253, 303, 330, 394, 413, 419, 463, 507, 519, 561, 581, 589, 617, 618, 677, 683, 744, 798, 821, 825, 839, 911, 954], [1, 19, 106, 138, 174, 192, 202, 215, 254, 294, 339, 366, 399, 423, 543, 635, 646, 653, 667, 754, 766, 771, 788, 828, 850, 943, 968], [87, 100, 105, 111, 222, 230, 232, 249, 299, 596, 846, 932], [47, 57, 62, 133, 134, 152, 163, 164, 165, 176, 194], [92, 281, 322, 337, 347, 362, 376, 415, 501, 531, 539, 548, 563, 616, 649, 661, 664, 703, 750], [7, 101, 141, 151, 217, 224, 254, 321, 323, 327, 338, 444, 466, 485, 547, 633, 692, 700, 755, 769, 782, 794, 826, 827, 840, 879, 946, 970, 976]]
print random_nodes: [[62], [738], [97], [471], [620], [292], [691], [558], [55], [512], [244], [159], [320], [734], [764], [283], [909], [455], [888], [139], [47], [602], [857], [127], [423], [689], [230], [748], [177], [430], [149], [409]]
args__________ ([[62]],)
args__________ ([[738]],)
args__________ ([[97]],)
args__________ ([[471]],)
args__________ ([[620]],)
args__________ ([[292]],)
args__________ ([[691]],)
args__________ ([[558]],)
args__________ ([[55]],)
args__________ ([[512]],)
args__________ ([[244]],)
args__________ ([[159]],)
args__________ ([[320]],)
args__________ ([[734]],)
args__________ ([[764]],)
args__________ ([[283]],)
args__________ ([[909]],)
args__________ ([[455]],)
args__________ ([[888]],)
args__________ ([[139]],)
args__________ ([[47]],)
args__________ ([[602]],)
args__________ ([[857]],)
args__________ ([[127]],)
args__________ ([[423]],)
args__________ ([[689]],)
args__________ ([[230]],)
args__________ ([[748]],)
args__________ ([[177]],)
args__________ ([[430]],)
args__________ ([[149]],)
args__________ ([[409]],)
finish process_num processes get single node nature community___________________
length of left_nodes_list__________:  597
print random_nodes: [[650], [70], [548], [469], [818], [904], [973], [514], [241], [82], [200], [414], [213], [694], [587], [690], [937], [958], [908], [969], [390], [893], [674], [387], [336], [217], [928], [221], [715], [316], [977], [597]]
args__________ ([[650]],)
args__________ ([[70]],)
args__________ ([[548]],)
args__________ ([[469]],)
args__________ ([[818]],)
args__________ ([[904]],)
args__________ ([[973]],)
args__________ ([[514]],)
args__________ ([[241]],)
args__________ ([[82]],)
args__________ ([[200]],)
args__________ ([[414]],)
args__________ ([[213]],)
args__________ ([[694]],)
args__________ ([[587]],)
args__________ ([[690]],)
args__________ ([[937]],)
args__________ ([[958]],)
args__________ ([[908]],)
args__________ ([[969]],)
args__________ ([[390]],)
args__________ ([[893]],)
args__________ ([[674]],)
args__________ ([[387]],)
args__________ ([[336]],)
args__________ ([[217]],)
args__________ ([[928]],)
args__________ ([[221]],)
args__________ ([[715]],)
args__________ ([[316]],)
args__________ ([[977]],)
args__________ ([[597]],)
finish process_num processes get single node nature community___________________
length of left_nodes_list__________:  249
print random_nodes: [[16], [501], [821], [41], [611], [254], [302], [672], [131], [984], [405], [242], [911], [944], [493], [588], [115], [607], [153], [352], [109], [424], [964], [845], [554], [876], [915], [613], [331], [863], [779], [932]]
args__________ ([[16]],)
args__________ ([[501]],)
args__________ ([[821]],)
args__________ ([[41]],)
args__________ ([[611]],)
args__________ ([[254]],)
args__________ ([[302]],)
args__________ ([[672]],)
args__________ ([[131]],)
args__________ ([[984]],)
args__________ ([[405]],)
args__________ ([[242]],)
args__________ ([[911]],)
args__________ ([[944]],)
args__________ ([[493]],)
args__________ ([[588]],)
args__________ ([[115]],)
args__________ ([[607]],)
args__________ ([[153]],)
args__________ ([[352]],)
args__________ ([[109]],)
args__________ ([[424]],)
args__________ ([[964]],)
args__________ ([[845]],)
args__________ ([[554]],)
args__________ ([[876]],)
args__________ ([[915]],)
args__________ ([[613]],)
args__________ ([[331]],)
args__________ ([[863]],)
args__________ ([[779]],)
args__________ ([[932]],)
finish process_num processes get single node nature community___________________
length of left_nodes_list__________:  65
print random_nodes: [[939], [596], [798], [383], [411], [253], [750], [606], [923], [355], [903], [388], [954], [617], [466], [968], [934], [965], [844], [561], [929], [946], [584], [523], [980], [963], [722], [899], [962], [985], [960], [377]]
args__________ ([[939]],)
args__________ ([[596]],)
args__________ ([[798]],)
args__________ ([[383]],)
args__________ ([[411]],)
args__________ ([[253]],)
args__________ ([[750]],)
args__________ ([[606]],)
args__________ ([[923]],)
args__________ ([[355]],)
args__________ ([[903]],)
args__________ ([[388]],)
args__________ ([[954]],)
args__________ ([[617]],)
args__________ ([[466]],)
args__________ ([[968]],)
args__________ ([[934]],)
args__________ ([[965]],)
args__________ ([[844]],)
args__________ ([[561]],)
args__________ ([[929]],)
args__________ ([[946]],)
args__________ ([[584]],)
args__________ ([[523]],)
args__________ ([[980]],)
args__________ ([[963]],)
args__________ ([[722]],)
args__________ ([[899]],)
args__________ ([[962]],)
args__________ ([[985]],)
args__________ ([[960]],)
args__________ ([[377]],)
finish process_num processes get single node nature community___________________
length of left_nodes_list__________:  32
print random_nodes: [[976], [989], [322], [245], [835], [279], [970], [943], [639], [344], [703], [792], [999], [541], [646], [542], [663], [901], [864], [953], [448], [866], [975], [327], [801], [463], [955], [589], [809], [950], [846], [338]]
args__________ ([[976]],)
args__________ ([[989]],)
args__________ ([[322]],)
args__________ ([[245]],)
args__________ ([[835]],)
args__________ ([[279]],)
args__________ ([[970]],)
args__________ ([[943]],)
args__________ ([[639]],)
args__________ ([[344]],)
args__________ ([[703]],)
args__________ ([[792]],)
args__________ ([[999]],)
args__________ ([[541]],)
args__________ ([[646]],)
args__________ ([[542]],)
args__________ ([[663]],)
args__________ ([[901]],)
args__________ ([[864]],)
args__________ ([[953]],)
args__________ ([[448]],)
args__________ ([[866]],)
args__________ ([[975]],)
args__________ ([[327]],)
args__________ ([[801]],)
args__________ ([[463]],)
args__________ ([[955]],)
args__________ ([[589]],)
args__________ ([[809]],)
args__________ ([[950]],)
args__________ ([[846]],)
args__________ ([[338]],)
finish process_num processes get single node nature community___________________
length of left_nodes_list__________:  0
commplete get_all_nature_community, length:  160
after deal_communities, length:______________ 117
fits_dic 117
above ave fitness communities 65 [0.7876288659793814, 0.6021765417170496, 0.6210268948655256, 0.7045454545454546, 0.5899581589958159, 0.717434869739479, 0.6171428571428571, 0.6522167487684729, 0.627906976744186, 0.6021765417170496, 0.6252771618625277, 0.7237163814180929, 0.7232767232767233, 0.5837837837837838, 0.5928571428571429, 0.6064981949458483, 0.5467625899280576, 0.5824561403508772, 0.5925925925925926, 0.6666666666666666, 0.6348920863309353, 0.7034482758620689, 0.735632183908046, 0.6820276497695853, 0.7780320366132724, 0.7122302158273381, 0.7317073170731707, 0.6972477064220184, 0.6195286195286195, 0.5874125874125874, 0.7761904761904762, 0.684931506849315, 0.5494736842105263, 0.6097271648873073, 0.6433915211970075, 0.6627218934911243, 0.5346534653465347, 0.5729442970822282, 0.5396825396825397, 0.5355805243445693, 0.6236933797909407, 0.5425531914893617, 0.5904059040590406, 0.5813953488372093, 0.6298342541436464, 0.5286506469500925, 0.5894736842105263, 0.5953947368421053, 0.6205357142857143, 0.5411522633744856, 0.5574468085106383, 0.765375854214123, 0.7388059701492538, 0.5306122448979592, 0.7005649717514124, 0.5425867507886435, 0.6130030959752322, 0.6531986531986532, 0.6105263157894737, 0.5364806866952789, 0.5772727272727273, 0.609009009009009, 0.5454545454545454, 0.5782312925170068, 0.6889952153110048]
----------------------------------The detection result is: 

all communities: 
i =  1 : [32, 128, 182, 207, 332, 364, 396, 443, 488, 530, 564, 619, 620, 642, 652, 657, 662, 790, 815, 842, 847, 851, 881, 883]
i =  2 : [52, 121, 122, 184, 267, 274, 308, 314, 318, 334, 368, 375, 407, 453, 500, 565, 591, 691, 739, 802, 804, 861, 894, 906, 909, 942, 979, 990, 997, 1000]
i =  3 : [4, 49, 147, 155, 186, 235, 237, 270, 319, 345, 370, 378, 400, 465, 476, 508, 544, 557, 558, 665, 671, 725]
i =  4 : [36, 55, 124, 438, 467, 521, 532, 569, 573, 651, 670, 680, 681, 685, 736]
i =  5 : [10, 58, 63, 96, 193, 233, 317, 392, 464, 512, 515, 529, 537, 540, 602, 605, 629, 684, 710, 737, 770, 775]
i =  6 : [59, 94, 108, 244, 246, 273, 313, 391, 395, 458, 474, 505, 513, 518, 534, 571, 593, 608, 623, 668, 724, 799, 824, 838, 852]
i =  7 : [47, 57, 62, 133, 134, 152, 159, 163, 164, 165, 176, 194]
i =  8 : [103, 112, 169, 264, 265, 292, 307, 410, 421, 455, 459, 477, 497, 545, 669, 678, 726, 732, 764, 768, 817, 822, 829, 843, 873, 878, 889, 897, 900, 921, 927, 952, 972, 974, 998]
i =  9 : [47, 57, 62, 133, 134, 152, 163, 164, 165, 176, 194, 283]
i =  10 : [52, 121, 122, 184, 267, 274, 308, 314, 318, 334, 368, 375, 407, 453, 500, 565, 591, 691, 739, 802, 804, 861, 894, 906, 909, 942, 979, 990, 997, 1000]
i =  11 : [10, 58, 63, 96, 193, 233, 317, 392, 455, 464, 515, 529, 537, 540, 602, 605, 629, 684, 710, 737, 770, 775]
i =  12 : [1, 19, 93, 106, 192, 202, 215, 294, 339, 366, 399, 423, 543, 635, 653, 667, 754, 766, 771, 788, 828, 850]
i =  13 : [46, 53, 56, 107, 126, 159, 181, 191, 449, 480, 481, 482, 509, 549, 558, 560, 570, 577, 638, 641, 689, 763, 800, 810, 837, 871, 872, 916, 922, 931, 938, 940, 956, 978, 982, 993, 995]
i =  14 : [47, 57, 62, 133, 134, 149, 152, 163, 164, 165, 176, 194]
i =  15 : [26, 143, 188, 204, 210, 243, 305, 320, 329, 359, 409, 436, 478, 579, 645, 658, 743]
i =  16 : [27, 37, 55, 74, 180, 213, 271, 341, 372, 431, 442, 457, 583, 604, 640, 694, 708, 716, 735, 814, 880, 887, 902, 925]
i =  17 : [18, 48, 60, 79, 200, 203, 208, 348, 496, 574, 592, 690, 753, 781, 789, 797, 811, 858, 895, 917, 933, 961]
i =  18 : [24, 30, 70, 71, 83, 87, 100, 103, 105, 111, 117, 148, 154, 190, 220, 222, 225, 230, 232, 249, 256, 276, 299, 306, 350, 420, 450, 522, 526, 585, 631, 687, 711, 791, 820, 849, 886, 890, 896, 904, 907, 937]
i =  19 : [4, 49, 147, 155, 186, 235, 237, 270, 319, 345, 370, 378, 400, 465, 476, 508, 544, 557, 665, 671, 725, 958]
i =  20 : [24, 44, 67, 174, 263, 275, 336, 386, 469, 511, 546, 562, 587, 650, 660, 698, 714, 728, 729, 758, 784, 865, 893]
i =  21 : [6, 8, 40, 43, 50, 118, 127, 175, 197, 228, 262, 309, 310, 354, 360, 414, 452, 578, 609, 674, 731, 745, 756, 762, 765, 805, 806, 816, 831, 834, 882, 892, 898, 919, 924, 966, 967, 971, 986, 996]
i =  22 : [120, 139, 140, 300, 343, 367, 385, 387, 425, 432, 499, 572, 599, 625, 666, 682, 721]
i =  23 : [7, 101, 141, 217, 224, 321, 323, 444, 485, 547, 633, 692, 700, 755, 769, 782, 794, 826, 827, 840, 879]
i =  24 : [54, 151, 290, 325, 468, 506, 533, 535, 538, 576, 595, 634, 644, 695, 746, 793, 868, 875, 884, 912, 914, 918, 928, 935, 951]
i =  25 : [16, 304, 381, 382, 404, 512, 559, 611, 612, 624, 636, 647, 673, 713, 718, 742, 759, 778, 803, 812, 832]
i =  26 : [92, 281, 337, 347, 362, 376, 415, 501, 531, 539, 548, 563, 616, 649, 661, 664]
i =  27 : [1, 19, 106, 192, 202, 215, 254, 294, 339, 366, 399, 423, 543, 635, 653, 667, 754, 766, 771, 788, 828, 850]
i =  28 : [12, 51, 68, 76, 84, 131, 162, 173, 187, 201]
i =  29 : [29, 59, 172, 177, 240, 248, 260, 266, 272, 283, 439, 447, 479, 527, 528, 551, 588, 628]
i =  30 : [26, 143, 188, 204, 243, 305, 320, 329, 359, 409, 436, 478, 579, 607, 645, 658, 743]
i =  31 : [39, 66, 109, 171, 185, 238, 288, 316, 390, 403, 422, 428, 472, 586, 594, 697, 701, 704, 705, 717, 720, 727, 740]
i =  32 : [15, 61, 142, 157, 239, 278, 333, 340, 369, 389, 405, 424, 473, 489, 490]
i =  33 : [4, 49, 147, 155, 186, 217, 235, 237, 270, 319, 345, 358, 370, 378, 400, 465, 476, 508, 517, 544, 555, 557, 580, 665, 671, 693, 706, 725, 741, 807, 845, 876, 913, 915, 936, 941, 948, 957, 959]
i =  34 : [17, 99, 109, 119, 132, 168, 208, 226, 242, 268, 326, 331, 437, 491, 514, 582, 613, 648, 655, 656, 672, 730, 747, 749, 767, 819, 841, 874, 920, 949, 983, 987, 994]
i =  35 : [45, 64, 73, 80, 81, 150, 160, 189, 218, 356, 412, 451, 460, 502, 510, 567, 590, 597, 632, 696, 715, 779]
i =  36 : [11, 21, 35, 41, 161, 178, 216, 234, 277, 280, 311, 596]
i =  37 : [47, 57, 62, 133, 134, 152, 163, 164, 165, 176, 194, 798]
i =  38 : [123, 205, 209, 219, 223, 229, 241, 298, 371, 411, 426, 552, 556, 566, 598, 614, 626, 786, 823, 830]
i =  39 : [69, 115, 166, 365, 401, 417, 483, 525, 615, 675, 679, 709, 750, 783, 787, 836, 853, 859, 926, 930, 947]
i =  40 : [94, 95, 145, 158, 214, 261, 291, 297, 324, 328, 346, 380, 461, 470, 484, 575, 738, 760, 777, 833, 854, 885, 923]
i =  41 : [34, 88, 135, 149, 251, 258, 287, 349, 355, 398, 659, 676, 712, 748, 773, 774, 780, 785, 856, 860, 867, 870, 877, 888]
i =  42 : [65, 69, 115, 166, 365, 388, 401, 417, 483, 525, 615, 675, 679, 709, 783, 787, 836, 853, 859, 926, 930, 947]
i =  43 : [15, 61, 74, 142, 157, 239, 278, 333, 340, 369, 389, 405, 473, 489, 490, 617]
i =  44 : [3, 13, 14, 31, 89, 98, 136, 284, 353, 397, 427, 475, 503, 520, 553, 610, 621, 627, 630, 686, 688, 796, 848, 855, 968]
i =  45 : [27, 37, 74, 180, 213, 271, 341, 372, 431, 442, 457, 561, 583, 604, 640, 694, 708, 716, 735, 814, 880, 887, 902, 925]
i =  46 : [95, 145, 158, 214, 261, 291, 297, 324, 328, 346, 380, 461, 470, 484, 575, 738, 760, 777, 833, 854, 885, 946]
i =  47 : [27, 37, 74, 180, 213, 271, 341, 372, 431, 442, 457, 583, 584, 604, 640, 694, 708, 716, 735, 814, 880, 887, 902, 925]
i =  48 : [71, 103, 256, 276, 350, 420, 450, 522, 523, 526, 585, 631, 687, 711, 791, 820, 849, 886, 890, 896, 904, 907, 937]
i =  49 : [95, 145, 158, 214, 261, 291, 297, 324, 328, 346, 380, 461, 470, 484, 575, 722, 738, 760, 777, 833, 854, 885]
i =  50 : [17, 99, 109, 119, 132, 168, 226, 242, 268, 326, 331, 437, 491, 514, 582, 613, 648, 655, 656, 672, 730, 747, 749, 767, 819, 841, 874, 899, 920, 949, 983, 987, 994]
i =  51 : [20, 137, 199, 221, 250, 257, 312, 357, 406, 408, 454, 462, 486, 495, 550, 603, 654, 723, 733, 772, 962]
i =  52 : [3, 13, 14, 31, 89, 98, 136, 284, 353, 377, 397, 427, 475, 503, 520, 553, 610, 621, 627, 630, 686, 688, 796, 848, 855]
i =  53 : [92, 281, 322, 337, 347, 362, 376, 415, 531, 539, 548, 563, 616, 649, 661, 664]
i =  54 : [2, 5, 77, 78, 102, 231, 236, 245, 293, 351, 363, 416, 492, 498, 601, 719]
i =  55 : [20, 137, 199, 221, 250, 257, 279, 312, 357, 406, 408, 454, 462, 486, 495, 550, 603, 654, 723, 733, 772]
i =  56 : [26, 143, 188, 204, 243, 305, 320, 329, 359, 409, 436, 478, 579, 639, 645, 658, 743]
i =  57 : [9, 129, 255, 373, 374, 384, 393, 418, 429, 435, 456, 471, 487, 504, 524, 568, 792]
i =  58 : [92, 281, 337, 347, 362, 376, 415, 531, 539, 541, 548, 563, 616, 649, 661, 664]
i =  59 : [10, 58, 63, 79, 96, 193, 233, 317, 392, 464, 515, 529, 537, 540, 542, 602, 605, 629, 684, 710, 737, 770, 775]
i =  60 : [45, 64, 65, 69, 73, 80, 81, 138, 150, 160, 218, 356, 412, 451, 460, 502, 510, 567, 590, 597, 632, 663, 696, 715]
i =  61 : [4, 49, 147, 155, 186, 235, 237, 270, 319, 345, 370, 378, 400, 465, 476, 508, 544, 557, 665, 671, 725, 864]
i =  62 : [3, 13, 14, 31, 65, 69, 89, 98, 136, 138, 284, 353, 397, 427, 448, 475, 503, 520, 553, 610, 621, 627, 630, 686, 688, 796, 848, 855]
i =  63 : [22, 28, 42, 72, 82, 116, 212, 327]
i =  64 : [26, 143, 188, 204, 243, 305, 320, 329, 359, 409, 436, 463, 478, 579, 645, 658, 743]
i =  65 : [10, 58, 63, 96, 193, 233, 317, 392, 464, 515, 529, 537, 540, 589, 602, 605, 629, 684, 710, 737, 770, 775]
overlapping nodes are:  [1, 3, 4, 10, 13, 14, 15, 17, 19, 20, 24, 26, 27, 31, 37, 45, 47, 49, 52, 55, 57, 58, 59, 61, 62, 63, 64, 65, 69, 71, 73, 74, 79, 80, 81, 89, 92, 94, 95, 96, 98, 99, 103, 106, 109, 115, 119, 121, 122, 132, 133, 134, 136, 137, 138, 142, 143, 145, 147, 149, 150, 152, 155, 157, 158, 159, 160, 163, 164, 165, 166, 168, 176, 180, 184, 186, 188, 192, 193, 194, 199, 202, 204, 208, 213, 214, 215, 217, 218, 221, 226, 233, 235, 237, 239, 242, 243, 250, 256, 257, 261, 267, 268, 270, 271, 274, 276, 278, 281, 283, 284, 291, 294, 297, 305, 308, 312, 314, 317, 318, 319, 320, 324, 326, 328, 329, 331, 333, 334, 337, 339, 340, 341, 345, 346, 347, 350, 353, 356, 357, 359, 362, 365, 366, 368, 369, 370, 372, 375, 376, 378, 380, 389, 392, 397, 399, 400, 401, 405, 406, 407, 408, 409, 412, 415, 417, 420, 423, 427, 431, 436, 437, 442, 450, 451, 453, 454, 455, 457, 460, 461, 462, 464, 465, 470, 473, 475, 476, 478, 483, 484, 486, 489, 490, 491, 495, 500, 502, 503, 508, 510, 512, 514, 515, 520, 522, 525, 526, 529, 531, 537, 539, 540, 543, 544, 548, 550, 553, 557, 558, 563, 565, 567, 575, 579, 582, 583, 585, 590, 591, 597, 602, 603, 604, 605, 610, 613, 615, 616, 621, 627, 629, 630, 631, 632, 635, 640, 645, 648, 649, 653, 654, 655, 656, 658, 661, 664, 665, 667, 671, 672, 675, 679, 684, 686, 687, 688, 691, 694, 696, 708, 709, 710, 711, 715, 716, 723, 725, 730, 733, 735, 737, 738, 739, 743, 747, 749, 754, 760, 766, 767, 770, 771, 772, 775, 777, 783, 787, 788, 791, 796, 802, 804, 814, 819, 820, 828, 833, 836, 841, 848, 849, 850, 853, 854, 855, 859, 861, 874, 880, 885, 886, 887, 890, 894, 896, 902, 904, 906, 907, 909, 920, 925, 926, 930, 937, 942, 947, 949, 979, 983, 987, 990, 994, 997, 1000] 
 NOO is:  346
total time is:  85.5641548634
