lens of ground_truth:  54
ground_truth is: [[128, 173, 214, 298, 303, 322, 371, 372, 375, 449, 470, 471, 496, 504, 509, 602, 621, 629, 739, 788, 816, 848, 886, 891, 898, 939, 944], [46, 174, 205, 258, 478, 522, 562, 578, 585, 596, 627, 639, 650, 658, 689, 690, 702, 735, 755, 774, 778, 823, 835, 935, 962], [26, 134, 189, 237, 394, 437, 468, 475, 504, 523, 524, 564, 622, 624, 653, 712, 728, 754, 814, 817, 835, 849, 854, 855, 864, 933, 969, 998], [72, 75, 102, 116, 162, 173, 195, 233, 279, 284, 342, 538], [123, 211, 268, 316, 325, 354, 359, 404, 420, 428, 510, 541, 561, 592, 615, 628, 656, 670, 679, 681, 691, 695, 738, 749, 799, 823, 895], [218, 254, 297, 322, 326, 352, 366, 417, 421, 426, 457, 487, 579, 591, 620, 698, 994], [44, 59, 106, 131, 146, 153, 172, 223, 236, 240, 322, 347, 384, 426, 428, 459, 467, 489, 525, 540, 574, 578, 603, 606, 610, 643, 660, 661, 702, 739, 743, 763, 768, 790, 829, 840, 842, 868, 918, 937, 938, 945, 963, 988, 996], [42, 44, 145, 149, 183, 214, 253, 268, 318, 323, 366, 376, 389, 473, 489, 493, 507, 527, 532, 543, 547, 578, 635, 668, 706, 708, 715, 771, 775, 833, 838, 848, 881, 891, 911, 926, 944, 985], [7, 17, 29, 154, 166, 214, 459, 485, 491, 521, 526, 538, 561, 571, 580, 586, 596, 602, 606, 634, 664, 670, 676, 706, 726, 744, 764, 787, 834, 835, 847, 848, 869, 884, 934, 980, 1000], [48, 80, 83, 98, 188, 240, 355, 384, 391, 463, 517, 556, 587, 593, 606, 608, 659, 660, 662, 666, 670, 676, 701, 704, 713, 731, 736, 752, 757, 759, 809, 840, 842, 857, 871, 895, 903, 906, 907, 928, 938, 954, 956, 969, 978, 982, 990, 992], [23, 41, 52, 59, 83, 110, 227, 244, 266, 322, 323, 405, 410, 420, 461, 483, 495, 506, 529, 536, 538, 553, 559, 604, 702, 704, 724, 770, 782, 803, 805, 830, 836, 837, 850, 858, 895, 921, 927, 935, 936, 944, 947, 953, 971, 975, 979, 984, 985, 990], [47, 115, 161, 202, 220, 248, 250, 274, 300, 304, 366, 382, 805], [38, 43, 54, 160, 228, 301, 319, 370, 429, 441, 450, 483, 504, 596, 927], [97, 163, 168, 182, 193, 210, 323, 593, 670, 962, 987], [42, 68, 83, 86, 156, 158, 172, 186, 224, 225, 433, 528, 589, 605, 686, 938, 939, 980, 985, 996], [8, 61, 92, 144, 159, 175, 263, 282, 299, 308, 368, 395, 593], [3, 31, 150, 167, 179, 180, 198, 199, 291, 702, 1000], [42, 74, 96, 148, 171, 315, 332, 361, 374, 410, 425, 602, 704], [9, 23, 26, 59, 83, 110, 152, 153, 240, 281, 384, 410, 426, 428, 483, 486, 488, 506, 519, 530, 531, 544, 553, 684, 704, 714, 724, 729, 730, 739, 750, 811, 819, 823, 842, 850, 875, 895, 916, 927, 936, 951, 966, 968, 970, 977, 990, 992, 996], [28, 63, 241, 265, 294, 312, 333, 348, 377, 515, 534, 542, 546, 585, 588, 906, 939], [32, 108, 145, 170, 194, 216, 232, 235, 261, 293, 305, 416, 445, 506, 539, 547, 607, 632, 652, 694, 714, 800, 828, 832, 833, 851, 864, 878, 927, 987], [14, 64, 71, 90, 103, 191, 207, 209, 243, 295, 341, 886], [44, 95, 133, 145, 232, 271, 322, 331, 339, 344, 359, 373, 387, 388, 403, 464, 489, 495, 547, 561, 570, 578, 593, 597, 612, 660, 745, 802, 804, 815, 818, 842, 850, 861, 885, 898, 900, 929, 938, 947, 992], [55, 59, 104, 170, 214, 323, 349, 362, 383, 405, 426, 489, 569, 602, 640, 668, 674, 685, 724, 737, 800, 805, 813, 850, 872, 886, 891, 896, 912, 913, 923, 933, 947, 949, 975, 985, 994, 998], [1, 4, 51, 53, 141, 173, 328, 396, 402, 411, 452, 472, 481, 553, 584, 641, 654, 907, 944], [206, 257, 281, 289, 305, 337, 369, 385, 432, 443, 444, 469, 484, 520, 585, 594, 596, 609, 669, 672, 692, 714, 720, 820, 933], [23, 26, 88, 256, 287, 346, 420, 430, 446, 576, 590, 600, 602, 620, 667, 677, 705, 717, 718, 746, 796, 823, 848, 939, 969, 987, 990], [6, 19, 81, 82, 122, 127, 185, 379, 907, 994], [39, 114, 129, 130, 170, 245, 359, 448, 451, 482, 505, 508, 545, 558, 611, 617, 648, 884, 980], [99, 136, 151, 177, 249, 259, 329, 345, 365, 431, 458, 596, 621, 706], [20, 33, 59, 65, 281, 305, 307, 334, 336, 406, 410, 413, 483, 489, 506, 516, 538, 548, 553, 566, 661, 668, 724, 748, 800, 805, 831, 839, 863, 873, 891, 902, 906, 924, 927, 931, 935, 936, 937, 947, 962, 969, 975, 986, 990, 992], [93, 176, 213, 260, 270, 273, 353, 392, 495, 502, 537, 565, 575, 598, 614, 616, 833, 906], [35, 44, 83, 101, 110, 181, 217, 231, 246, 281, 314, 320, 321, 323, 366, 415, 477, 504, 583, 585, 599, 668, 700, 751, 760, 767, 783, 812, 833, 835, 846, 848, 852, 864, 874, 879, 880, 884, 890, 891, 906, 915, 936, 946, 958, 961, 972, 988, 996, 999], [26, 70, 78, 87, 125, 145, 170, 173, 251, 280, 356, 378, 398, 405, 435, 498, 513, 547, 623, 642, 668, 687, 688, 734, 747, 779, 781, 827, 835, 853, 864, 888, 897, 994], [226, 268, 317, 359, 379, 390, 401, 420, 480, 512, 518, 561, 563, 621, 638, 645, 676, 682, 698, 706, 714, 719, 750, 753, 792, 806, 808, 824, 833, 870, 886, 920, 969, 988, 994, 998, 1000], [172, 173, 219, 276, 302, 397, 407, 420, 434, 474, 490, 533, 549, 551, 594, 601, 655, 678, 680, 693, 742, 761, 762, 773, 784, 962, 975], [34, 165, 178, 232, 268, 290, 305, 358, 414, 418, 459, 479, 555, 577, 594, 637, 673, 722, 756, 772, 777, 795, 840, 987], [85, 105, 113, 119, 124, 138, 153, 187, 214, 275, 367, 405, 427], [57, 153, 203, 281, 338, 351, 405, 422, 438, 453, 459, 506, 552, 553, 594, 625, 633, 661, 663, 698, 699, 724, 732, 739, 766, 786, 841, 842, 843, 909, 914, 935, 936, 937, 944, 947, 952, 957, 967, 974, 975, 980, 983, 991, 997, 998], [2, 12, 30, 58, 91, 112, 118, 184, 483, 850], [10, 25, 56, 89, 135, 142, 229, 247, 272, 379, 400, 436, 492, 547, 621], [15, 23, 44, 60, 153, 172, 240, 262, 309, 311, 330, 366, 379, 384, 426, 428, 495, 499, 500, 593, 621, 649, 660, 661, 665, 702, 707, 721, 739, 840, 845, 867, 882, 883, 895, 901, 907, 938, 955, 960, 964, 985, 987, 989, 992, 996], [13, 62, 69, 139, 164, 232, 264, 285, 340, 350, 363, 386, 898], [50, 77, 126, 132, 147, 197, 200, 204, 212, 292, 706], [16, 42, 110, 121, 286, 310, 327, 423, 439, 466, 494, 538, 560, 619, 646, 676, 697, 709, 716, 741, 758, 780, 821, 826, 856, 865, 884, 889, 892, 894, 908, 937], [110, 137, 234, 255, 428, 442, 459, 462, 503, 511, 554, 585, 595, 620, 631, 636, 651, 661, 710, 750, 769, 785, 789, 800, 801, 807, 844, 859, 860, 862, 898, 905, 910, 917, 919, 922, 941, 942, 959, 973, 976, 981, 988, 995, 1000], [23, 40, 73, 242, 296, 313, 343, 357, 379, 384, 408, 410, 465, 514, 568, 572, 573, 581, 606, 630, 660, 698, 704, 723, 725, 733, 750, 798, 822, 840, 864, 866, 876, 887, 898, 899, 907, 925, 930, 935, 937, 940, 943, 950, 965, 993, 998], [42, 145, 172, 215, 252, 277, 305, 335, 393, 419, 455, 476, 504, 578, 618, 620, 703, 727, 765, 776, 793, 794, 797, 800, 825, 933], [21, 24, 27, 111, 157, 221, 222, 232, 283, 360, 424, 676, 884], [5, 22, 45, 67, 76, 84, 107, 495, 606, 886], [143, 155, 190, 196, 201, 238, 239, 380, 409, 412, 440, 447, 456, 460], [26, 120, 192, 268, 288, 359, 364, 454, 501, 557, 561, 567, 582, 594, 620, 644, 647, 670, 671, 675, 696, 698, 711, 714, 750, 791, 805, 810, 877, 893, 904, 932, 933, 939, 948, 988, 1000], [11, 18, 66, 100, 109, 140, 169, 230, 267, 269, 278, 823], [36, 37, 49, 79, 94, 117, 170, 208, 240, 306, 324, 381, 399, 497, 535, 550, 613, 626, 657, 683, 740, 962, 980]]
print random_nodes: [[272], [681], [900], [379], [472], [53], [976], [595], [755], [428], [601], [137], [208], [686], [740], [320], [760], [776], [220], [457], [669], [919], [850], [990], [705], [171], [980], [661], [847], [719], [231], [357]]
args__________ ([[272]],)
args__________ ([[681]],)
args__________ ([[900]],)
args__________ ([[379]],)
args__________ ([[472]],)
args__________ ([[53]],)
args__________ ([[976]],)
args__________ ([[595]],)
args__________ ([[755]],)
args__________ ([[428]],)
args__________ ([[601]],)
args__________ ([[137]],)
args__________ ([[208]],)
args__________ ([[686]],)
args__________ ([[740]],)
args__________ ([[320]],)
args__________ ([[760]],)
args__________ ([[776]],)
args__________ ([[220]],)
args__________ ([[457]],)
args__________ ([[669]],)
args__________ ([[919]],)
args__________ ([[850]],)
args__________ ([[990]],)
args__________ ([[705]],)
args__________ ([[171]],)
args__________ ([[980]],)
args__________ ([[661]],)
args__________ ([[847]],)
args__________ ([[719]],)
args__________ ([[231]],)
args__________ ([[357]],)
finish process_num processes get single node nature community___________________
length of left_nodes_list__________:  579
print random_nodes: [[965], [788], [644], [501], [265], [245], [935], [938], [291], [575], [207], [556], [16], [263], [884], [453], [985], [189], [887], [120], [911], [786], [676], [92], [163], [341], [632], [780], [164], [40], [646], [322]]
args__________ ([[965]],)
args__________ ([[788]],)
args__________ ([[644]],)
args__________ ([[501]],)
args__________ ([[265]],)
args__________ ([[245]],)
args__________ ([[935]],)
args__________ ([[938]],)
args__________ ([[291]],)
args__________ ([[575]],)
args__________ ([[207]],)
args__________ ([[556]],)
args__________ ([[16]],)
args__________ ([[263]],)
args__________ ([[884]],)
args__________ ([[453]],)
args__________ ([[985]],)
args__________ ([[189]],)
args__________ ([[887]],)
args__________ ([[120]],)
args__________ ([[911]],)
args__________ ([[786]],)
args__________ ([[676]],)
args__________ ([[92]],)
args__________ ([[163]],)
args__________ ([[341]],)
args__________ ([[632]],)
args__________ ([[780]],)
args__________ ([[164]],)
args__________ ([[40]],)
args__________ ([[646]],)
args__________ ([[322]],)
finish process_num processes get single node nature community___________________
length of left_nodes_list__________:  270
print random_nodes: [[992], [110], [823], [863], [830], [779], [41], [604], [227], [221], [979], [782], [933], [687], [147], [450], [906], [962], [963], [431], [109], [38], [307], [836], [412], [78], [839], [157], [939], [230], [99], [660]]
args__________ ([[992]],)
args__________ ([[110]],)
args__________ ([[823]],)
args__________ ([[863]],)
args__________ ([[830]],)
args__________ ([[779]],)
args__________ ([[41]],)
args__________ ([[604]],)
args__________ ([[227]],)
args__________ ([[221]],)
args__________ ([[979]],)
args__________ ([[782]],)
args__________ ([[933]],)
args__________ ([[687]],)
args__________ ([[147]],)
args__________ ([[450]],)
args__________ ([[906]],)
args__________ ([[962]],)
args__________ ([[963]],)
args__________ ([[431]],)
args__________ ([[109]],)
args__________ ([[38]],)
args__________ ([[307]],)
args__________ ([[836]],)
args__________ ([[412]],)
args__________ ([[78]],)
args__________ ([[839]],)
args__________ ([[157]],)
args__________ ([[939]],)
args__________ ([[230]],)
args__________ ([[99]],)
args__________ ([[660]],)
finish process_num processes get single node nature community___________________
length of left_nodes_list__________:  106
print random_nodes: [[805], [968], [724], [596], [102], [173], [479], [593], [506], [504], [495], [1000], [927], [722], [162], [585], [165], [898], [864], [795], [702], [772], [916], [420], [848], [777], [835], [977], [232], [281], [75], [284]]
args__________ ([[805]],)
args__________ ([[968]],)
args__________ ([[724]],)
args__________ ([[596]],)
args__________ ([[102]],)
args__________ ([[173]],)
args__________ ([[479]],)
args__________ ([[593]],)
args__________ ([[506]],)
args__________ ([[504]],)
args__________ ([[495]],)
args__________ ([[1000]],)
args__________ ([[927]],)
args__________ ([[722]],)
args__________ ([[162]],)
args__________ ([[585]],)
args__________ ([[165]],)
args__________ ([[898]],)
args__________ ([[864]],)
args__________ ([[795]],)
args__________ ([[702]],)
args__________ ([[772]],)
args__________ ([[916]],)
args__________ ([[420]],)
args__________ ([[848]],)
args__________ ([[777]],)
args__________ ([[835]],)
args__________ ([[977]],)
args__________ ([[232]],)
args__________ ([[281]],)
args__________ ([[75]],)
args__________ ([[284]],)
finish process_num processes get single node nature community___________________
length of left_nodes_list__________:  52
print random_nodes: [[704], [170], [895], [670], [800], [145], [323], [606], [907], [891], [936], [359], [944], [739], [602], [668], [698], [886], [620], [994], [833], [706], [305], [384], [947], [578], [621], [988], [172], [483], [998], [987]]
args__________ ([[704]],)
args__________ ([[170]],)
args__________ ([[895]],)
args__________ ([[670]],)
args__________ ([[800]],)
args__________ ([[145]],)
args__________ ([[323]],)
args__________ ([[606]],)
args__________ ([[907]],)
args__________ ([[891]],)
args__________ ([[936]],)
args__________ ([[359]],)
args__________ ([[944]],)
args__________ ([[739]],)
args__________ ([[602]],)
args__________ ([[668]],)
args__________ ([[698]],)
args__________ ([[886]],)
args__________ ([[620]],)
args__________ ([[994]],)
args__________ ([[833]],)
args__________ ([[706]],)
args__________ ([[305]],)
args__________ ([[384]],)
args__________ ([[947]],)
args__________ ([[578]],)
args__________ ([[621]],)
args__________ ([[988]],)
args__________ ([[172]],)
args__________ ([[483]],)
args__________ ([[998]],)
args__________ ([[987]],)
finish process_num processes get single node nature community___________________
length of left_nodes_list__________:  20
print random_nodes: [[538], [996], [366], [268], [553], [547], [714], [405], [459], [410], [975], [750], [937], [489], [842], [240], [969], [594], [426], [840]]
args__________ ([[538]],)
args__________ ([[996]],)
args__________ ([[366]],)
args__________ ([[268]],)
args__________ ([[553]],)
args__________ ([[547]],)
args__________ ([[714]],)
args__________ ([[405]],)
args__________ ([[459]],)
args__________ ([[410]],)
args__________ ([[975]],)
args__________ ([[750]],)
args__________ ([[937]],)
args__________ ([[489]],)
args__________ ([[842]],)
args__________ ([[240]],)
args__________ ([[969]],)
args__________ ([[594]],)
args__________ ([[426]],)
args__________ ([[840]],)
finish process_num processes get single node nature community___________________
length of left_nodes_list__________:  0
commplete get_all_nature_community, length:  180
after deal_communities, length:______________ 123
fits_dic 123
above ave fitness communities 67 [0.7155635062611807, 0.7244582043343654, 0.6778846153846154, 0.5463414634146342, 0.7988505747126436, 0.6748603351955307, 0.6748603351955307, 0.6995073891625616, 0.7155635062611807, 0.5307855626326964, 0.5945945945945946, 0.6989473684210527, 0.651270207852194, 0.6504237288135594, 0.8225806451612904, 0.6674727932285369, 0.7875816993464052, 0.7477477477477478, 0.6611909650924025, 0.6569920844327177, 0.782258064516129, 0.6195652173913043, 0.7105263157894737, 0.6054054054054054, 0.5358255451713395, 0.5279770444763271, 0.6494464944649446, 0.75, 0.7851851851851852, 0.5788561525129983, 0.5787234042553191, 0.75, 0.6009852216748769, 0.6298342541436464, 0.706766917293233, 0.6714801444043321, 0.5429553264604811, 0.6024096385542169, 0.6556473829201102, 0.5315315315315315, 0.6059654631083202, 0.5555555555555556, 0.6294416243654822, 0.7777777777777778, 0.6391752577319587, 0.5368248772504092, 0.704119850187266, 0.5416666666666666, 0.6864406779661016, 0.5591397849462365, 0.5789473684210527, 0.5317220543806647, 0.620253164556962, 0.6764705882352942, 0.5316455696202531, 0.7284768211920529, 0.5585585585585585, 0.5285714285714286, 0.6871165644171779, 0.6818181818181818, 0.6352941176470588, 0.6962962962962963, 0.6612466124661247, 0.5390070921985816, 0.5724020442930153, 0.7628205128205128, 0.6830601092896175]
----------------------------------The detection result is: 

all communities: 
i =  1 : [137, 234, 255, 442, 462, 503, 511, 554, 595, 631, 636, 651, 710, 769, 785, 789, 801, 807, 844, 859, 860, 862, 905, 910, 917, 919, 922, 941, 942, 959, 973, 976, 981, 995]
i =  2 : [46, 174, 205, 258, 478, 522, 562, 627, 639, 650, 658, 689, 690, 735, 755, 774, 778]
i =  3 : [123, 211, 316, 325, 354, 404, 428, 510, 541, 592, 615, 628, 656, 679, 681, 691, 695, 738, 749, 799]
i =  4 : [42, 68, 86, 156, 158, 186, 224, 225, 433, 528, 589, 605, 686]
i =  5 : [5, 22, 36, 37, 45, 49, 67, 76, 79, 84, 94, 107, 117, 208, 306, 324, 381, 399, 497, 535, 550, 613, 626, 657, 683, 740]
i =  6 : [35, 101, 181, 217, 231, 246, 314, 320, 321, 415, 477, 583, 599, 700, 751, 760, 767, 783, 812, 846, 852, 874, 879, 880, 890, 915, 946, 958, 961, 972, 999]
i =  7 : [35, 101, 181, 217, 231, 246, 314, 320, 321, 415, 477, 583, 599, 700, 751, 760, 767, 783, 812, 846, 852, 874, 879, 880, 890, 915, 946, 958, 961, 972, 999]
i =  8 : [5, 22, 45, 67, 76, 84, 107, 215, 252, 277, 335, 393, 419, 455, 476, 618, 703, 727, 765, 776, 793, 794, 797, 825]
i =  9 : [137, 234, 255, 442, 462, 503, 511, 554, 595, 631, 636, 651, 710, 769, 785, 789, 801, 807, 844, 859, 860, 862, 905, 910, 917, 919, 922, 941, 942, 959, 973, 976, 981, 995]
i =  10 : [36, 37, 49, 79, 94, 117, 208, 306, 324, 381, 399, 497, 535, 550, 613, 626, 657, 683, 740, 980]
i =  11 : [123, 211, 316, 325, 354, 404, 510, 541, 561, 592, 615, 628, 656, 661, 679, 681, 691, 695, 738, 749, 799]
i =  12 : [7, 17, 29, 154, 166, 485, 491, 521, 526, 571, 580, 586, 634, 664, 726, 744, 764, 787, 834, 847, 869, 934]
i =  13 : [226, 317, 390, 401, 480, 512, 518, 563, 638, 645, 682, 719, 753, 792, 806, 808, 824, 870, 920]
i =  14 : [23, 40, 73, 242, 296, 313, 343, 357, 408, 465, 514, 568, 572, 573, 581, 630, 723, 725, 733, 798, 822, 866, 876, 887, 899, 925, 930, 940, 943, 950, 965, 993]
i =  15 : [14, 64, 71, 90, 103, 191, 207, 209, 243, 295, 341]
i =  16 : [48, 80, 98, 188, 355, 391, 463, 517, 556, 587, 608, 659, 662, 666, 701, 713, 731, 736, 752, 757, 759, 809, 857, 871, 903, 928, 954, 956, 978, 982]
i =  17 : [16, 121, 286, 310, 327, 423, 439, 466, 494, 560, 619, 646, 697, 709, 716, 741, 758, 780, 821, 826, 856, 865, 889, 892, 894, 908]
i =  18 : [134, 189, 237, 394, 437, 468, 475, 523, 524, 564, 622, 624, 653, 712, 728, 754, 814, 817, 849, 854, 855]
i =  19 : [42, 149, 183, 253, 318, 376, 389, 473, 493, 507, 527, 532, 543, 635, 708, 715, 771, 775, 838, 881, 911, 926]
i =  20 : [57, 203, 338, 351, 422, 438, 453, 552, 625, 633, 663, 699, 732, 766, 786, 841, 843, 909, 914, 952, 957, 967, 974, 983, 991, 997]
i =  21 : [3, 8, 31, 61, 92, 144, 150, 159, 167, 175, 179, 180, 198, 199, 263, 282, 291, 299, 308, 368, 395]
i =  22 : [218, 254, 297, 322, 326, 352, 417, 421, 457, 487, 579, 591]
i =  23 : [70, 78, 87, 110, 125, 251, 280, 356, 378, 398, 435, 498, 513, 623, 642, 687, 688, 734, 747, 779, 781, 827, 853, 888, 897]
i =  24 : [11, 18, 66, 100, 109, 140, 169, 230, 267, 269, 278, 823]
i =  25 : [2, 12, 20, 30, 33, 58, 65, 91, 112, 118, 184, 307, 334, 336, 406, 413, 516, 548, 566, 748, 831, 839, 863, 873, 902, 924, 931, 986]
i =  26 : [23, 41, 52, 227, 244, 266, 461, 529, 536, 559, 604, 770, 782, 803, 830, 836, 837, 858, 921, 953, 971, 979, 984]
i =  27 : [1, 4, 41, 51, 53, 141, 328, 396, 402, 411, 452, 472, 481, 584, 641, 654]
i =  28 : [21, 24, 27, 111, 157, 221, 222, 283, 360, 424]
i =  29 : [38, 43, 54, 160, 228, 301, 319, 370, 429, 441, 450]
i =  30 : [44, 106, 131, 146, 223, 236, 347, 467, 525, 540, 574, 603, 610, 643, 743, 763, 768, 790, 829, 868, 918, 945, 963]
i =  31 : [6, 19, 41, 52, 81, 82, 122, 127, 185, 227, 244, 266, 461, 529, 536, 559, 604, 770, 782, 803, 830, 836, 837, 858, 921, 953, 971, 979, 984]
i =  32 : [21, 24, 27, 111, 157, 221, 222, 283, 360, 424]
i =  33 : [8, 61, 92, 144, 159, 175, 263, 282, 299, 308, 368, 395, 660]
i =  34 : [99, 136, 151, 177, 249, 259, 329, 345, 365, 431, 458, 596]
i =  35 : [72, 75, 102, 116, 162, 173, 195, 233, 279, 284, 342]
i =  36 : [93, 176, 213, 260, 270, 273, 353, 392, 502, 506, 537, 565, 575, 598, 614, 616]
i =  37 : [128, 298, 303, 371, 372, 375, 449, 470, 471, 496, 504, 509, 629, 788, 816]
i =  38 : [29, 206, 257, 289, 337, 369, 385, 432, 443, 444, 469, 484, 520, 585, 609, 669, 672, 692, 720, 820]
i =  39 : [34, 165, 166, 178, 290, 358, 414, 418, 479, 555, 577, 637, 673, 722, 756, 772, 777, 795]
i =  40 : [13, 62, 69, 139, 164, 264, 285, 340, 350, 363, 386, 898]
i =  41 : [70, 78, 87, 125, 251, 280, 356, 378, 398, 435, 498, 513, 623, 642, 687, 688, 734, 747, 779, 781, 827, 853, 864, 888, 897]
i =  42 : [149, 183, 253, 318, 376, 389, 473, 493, 507, 527, 532, 543, 635, 708, 715, 771, 775, 838, 848, 881, 911, 926]
i =  43 : [121, 206, 257, 281, 289, 337, 369, 385, 432, 443, 444, 469, 484, 520, 609, 669, 672, 692, 720, 820]
i =  44 : [36, 37, 49, 79, 94, 117, 170, 208, 306, 324, 381, 399, 497, 535, 550, 613, 626, 657, 683, 740]
i =  45 : [145, 172, 215, 252, 277, 335, 393, 419, 455, 476, 618, 703, 727, 765, 776, 793, 794, 797, 825]
i =  46 : [219, 276, 302, 397, 407, 434, 474, 490, 533, 549, 551, 601, 655, 678, 680, 693, 742, 761, 762, 773, 784, 936]
i =  47 : [39, 114, 129, 130, 245, 359, 448, 451, 482, 505, 508, 545, 558, 611, 617, 648]
i =  48 : [74, 96, 148, 171, 315, 332, 361, 374, 425, 602]
i =  49 : [143, 155, 190, 196, 201, 238, 239, 380, 409, 412, 440, 447, 456, 460, 668]
i =  50 : [11, 18, 66, 100, 109, 140, 169, 230, 267, 269, 278, 698]
i =  51 : [47, 115, 161, 202, 220, 248, 250, 274, 300, 304, 382, 620]
i =  52 : [1, 4, 51, 53, 141, 328, 396, 402, 411, 452, 472, 481, 584, 641, 654, 833]
i =  53 : [50, 77, 126, 132, 147, 197, 200, 204, 212, 292, 706]
i =  54 : [72, 75, 102, 116, 162, 195, 233, 279, 284, 305, 342]
i =  55 : [106, 131, 146, 223, 236, 347, 384, 467, 525, 540, 574, 603, 610, 643, 743, 763, 768, 790, 829, 868, 918, 945, 963]
i =  56 : [172, 219, 276, 302, 397, 407, 434, 474, 490, 533, 549, 551, 601, 655, 678, 680, 693, 742, 761, 762, 773, 784]
i =  57 : [2, 12, 30, 58, 91, 112, 118, 184, 483]
i =  58 : [3, 31, 150, 167, 179, 180, 198, 199, 291, 538]
i =  59 : [47, 115, 161, 202, 220, 248, 250, 274, 300, 304, 366, 382]
i =  60 : [1, 4, 51, 53, 141, 328, 396, 402, 411, 452, 472, 481, 553, 584, 641, 654]
i =  61 : [143, 155, 190, 196, 201, 238, 239, 380, 409, 412, 440, 447, 456, 460, 714]
i =  62 : [85, 105, 113, 119, 124, 138, 187, 275, 367, 405, 427]
i =  63 : [26, 34, 165, 178, 290, 358, 414, 418, 459, 479, 555, 577, 637, 673, 722, 756, 772, 777, 795]
i =  64 : [74, 96, 148, 171, 315, 332, 361, 374, 410, 425]
i =  65 : [106, 131, 146, 223, 236, 347, 467, 489, 525, 540, 574, 603, 610, 643, 743, 763, 768, 790, 829, 868, 918, 945, 963]
i =  66 : [36, 37, 49, 79, 94, 117, 208, 240, 306, 324, 381, 399, 497, 535, 550, 613, 626, 657, 683, 740]
i =  67 : [206, 257, 289, 337, 369, 385, 432, 443, 444, 469, 484, 520, 594, 609, 669, 672, 692, 720, 820]
overlapping nodes are:  [1, 2, 3, 4, 5, 8, 11, 12, 18, 21, 22, 23, 24, 27, 29, 30, 31, 34, 35, 36, 37, 41, 42, 45, 47, 49, 51, 52, 53, 58, 61, 66, 67, 70, 72, 74, 75, 76, 78, 79, 84, 87, 91, 92, 94, 96, 100, 101, 102, 106, 107, 109, 111, 112, 115, 116, 117, 118, 121, 123, 125, 131, 137, 140, 141, 143, 144, 146, 148, 149, 150, 155, 157, 159, 161, 162, 165, 166, 167, 169, 171, 172, 175, 178, 179, 180, 181, 183, 184, 190, 195, 196, 198, 199, 201, 202, 206, 208, 211, 215, 217, 219, 220, 221, 222, 223, 227, 230, 231, 233, 234, 236, 238, 239, 244, 246, 248, 250, 251, 252, 253, 255, 257, 263, 266, 267, 269, 274, 276, 277, 278, 279, 280, 282, 283, 284, 289, 290, 291, 299, 300, 302, 304, 306, 308, 314, 315, 316, 318, 320, 321, 324, 325, 328, 332, 335, 337, 342, 347, 354, 356, 358, 360, 361, 368, 369, 374, 376, 378, 380, 381, 382, 385, 389, 393, 395, 396, 397, 398, 399, 402, 404, 407, 409, 411, 412, 414, 415, 418, 419, 424, 425, 432, 434, 435, 440, 442, 443, 444, 447, 452, 455, 456, 460, 461, 462, 467, 469, 472, 473, 474, 476, 477, 479, 481, 484, 490, 493, 497, 498, 503, 507, 510, 511, 513, 520, 525, 527, 529, 532, 533, 535, 536, 540, 541, 543, 549, 550, 551, 554, 555, 559, 574, 577, 583, 584, 592, 595, 599, 601, 603, 604, 609, 610, 613, 615, 618, 623, 626, 628, 631, 635, 636, 637, 641, 642, 643, 651, 654, 655, 656, 657, 669, 672, 673, 678, 679, 680, 681, 683, 687, 688, 691, 692, 693, 695, 700, 703, 708, 710, 715, 720, 722, 727, 734, 738, 740, 742, 743, 747, 749, 751, 756, 760, 761, 762, 763, 765, 767, 768, 769, 770, 771, 772, 773, 775, 776, 777, 779, 781, 782, 783, 784, 785, 789, 790, 793, 794, 795, 797, 799, 801, 803, 807, 812, 820, 825, 827, 829, 830, 836, 837, 838, 844, 846, 852, 853, 858, 859, 860, 862, 868, 874, 879, 880, 881, 888, 890, 897, 905, 910, 911, 915, 917, 918, 919, 921, 922, 926, 941, 942, 945, 946, 953, 958, 959, 961, 963, 971, 972, 973, 976, 979, 981, 984, 995, 999] 
 NOO is:  387
total time is:  91.2394838333
