lens of ground_truth:  59
ground_truth is: [[39, 111, 138, 169, 199, 276, 290, 391, 408, 438, 447, 529, 579, 591, 739, 752, 760, 772, 859, 878, 893, 896, 922, 928, 929, 931, 933, 938, 941, 950, 951, 953, 954, 962, 963, 977, 979, 981, 983, 988, 994, 997, 1000], [90, 96, 142, 167, 279, 385, 416, 422, 443, 523, 534, 561, 591, 606, 701, 722, 754, 774, 785, 796, 808, 823, 856, 868, 880, 886, 892, 965, 972, 978, 990], [75, 143, 152, 209, 358, 368, 370, 431, 449, 574, 584, 612, 630, 720, 749, 757, 771, 780, 787, 804, 821, 858, 946, 951, 988, 994], [11, 29, 60, 107, 218, 219, 269, 419, 422, 441, 473, 583, 603, 639, 660, 752, 946, 967, 976], [49, 51, 157, 254, 298, 330, 387, 431, 460, 472, 546, 586, 610, 616, 622, 641, 692, 709, 743, 778, 779, 798, 801, 866, 989], [149, 216, 231, 386, 395, 461, 463, 497, 547, 591, 621, 631, 650, 667, 669, 696, 712, 788, 809, 827, 847, 866, 873, 876, 884, 906, 945, 948, 962, 967, 970], [12, 43, 49, 104, 124, 319, 329, 410, 475, 497, 536, 563, 569, 586, 604, 623, 637, 666, 690, 723, 731, 762, 817, 863, 906, 923, 948, 962, 989], [52, 58, 66, 85, 121, 132, 137, 156, 163, 227, 497], [2, 84, 90, 97, 104, 127, 138, 147, 165, 167, 177, 233, 277, 416, 431, 438, 451, 534, 612, 706, 715, 724, 734, 742, 746, 750, 794, 796, 804, 806, 859, 866, 912, 918, 930, 940, 944, 956, 964, 965, 972], [13, 81, 110, 128, 140, 151, 152, 187, 225, 250, 261, 497, 519, 592, 612, 616, 671, 700, 737, 784, 790, 792, 858, 966, 988, 994], [99, 176, 193, 301, 360, 400, 407, 437, 446, 459, 533, 866, 906, 954, 958, 992], [37, 72, 78, 158, 172, 199, 394, 431, 463, 586, 598, 605, 624, 661, 662, 712, 762, 764, 859, 872, 966, 970, 978, 990], [53, 134, 184, 262, 312, 406, 502, 523, 534, 579, 628, 647, 772, 777, 783, 789, 796, 806, 838, 848, 851, 871, 885, 892, 904, 912, 930, 940, 945, 948, 976, 979, 993], [135, 144, 183, 224, 289, 329, 334, 364, 381, 455, 464, 509, 530, 541, 586, 619, 633, 973], [66, 76, 154, 202, 244, 273, 323, 332, 365, 418, 429, 447, 475, 530, 617, 665, 667, 706, 714, 739, 745, 765, 819, 833, 877, 881, 891, 893, 912, 927, 945, 973, 974, 1000], [213, 252, 294, 319, 377, 389, 401, 483, 551, 556, 567, 571, 572, 666, 718, 719, 739, 744, 762, 772, 812, 906, 970, 976, 979, 992, 993], [76, 87, 105, 136, 138, 178, 179, 198, 586, 718, 993], [63, 122, 138, 226, 238, 256, 395, 442, 454, 463, 466, 536, 576, 593, 612, 626, 627, 636, 666, 713, 718, 723, 729, 765, 777, 830, 855, 866, 879, 948, 963], [9, 15, 17, 106, 110, 173, 182, 425, 456, 474, 478, 517, 523, 558, 560, 589, 602, 689, 718, 723, 753, 765, 892], [14, 70, 100, 112, 150, 210, 211, 247, 281, 317, 338, 966], [73, 119, 125, 171, 200, 263, 268, 306, 307, 325, 346, 366, 372, 490, 927, 972], [66, 111, 165, 167, 199, 314, 349, 395, 414, 438, 530, 550, 567, 680, 706, 725, 735, 739, 752, 773, 810, 819, 829, 842, 862, 865, 869, 872, 885, 888, 895, 912, 925, 946, 949, 951, 958, 961, 969, 970, 974, 987, 988, 992, 994, 997, 998, 1000], [25, 46, 47, 49, 67, 129, 246, 304, 315, 395, 409, 415, 504, 575, 589, 597, 599, 703, 710, 819, 858, 906, 927, 946, 989], [7, 36, 113, 159, 201, 203, 412, 479, 542, 566, 596, 616, 640, 667, 712, 818, 967, 973, 993], [30, 104, 319, 333, 380, 404, 420, 450, 462, 531, 539, 552, 580, 608, 818, 885, 892, 978], [16, 76, 92, 117, 166, 188, 205, 232, 329, 762, 951], [111, 155, 223, 240, 270, 359, 390, 438, 458, 494, 536, 549, 657, 683, 691, 707, 723, 741, 762, 789, 859, 951, 966, 976], [6, 195, 196, 288, 319, 388, 405, 438, 481, 482, 493, 505, 581, 582, 598, 625, 653, 755, 782, 789, 858, 859, 912, 986], [24, 74, 189, 266, 303, 336, 357, 367, 392, 402, 422, 431, 524, 595, 646, 664, 685, 697, 705, 758, 789, 806, 818, 819, 858, 872, 889, 891, 898, 903, 923, 926, 932, 940, 952, 957, 974, 988, 992, 999], [38, 65, 91, 103, 104, 170, 207, 329, 475, 963, 994], [4, 141, 146, 243, 285, 287, 337, 340, 341, 397, 413, 430, 468, 512, 564, 613, 638, 659, 945], [199, 242, 295, 326, 335, 343, 432, 444, 486, 516, 526, 585, 594, 634, 785, 872, 927, 940, 967], [34, 42, 44, 168, 249, 299, 300, 355, 396, 427, 789, 958, 967], [49, 82, 130, 152, 215, 258, 351, 399, 411, 457, 530, 534, 586, 589, 616, 642, 694, 711, 776, 800, 951, 962, 974, 984, 989], [120, 126, 416, 438, 485, 562, 567, 579, 591, 615, 670, 675, 676, 679, 702, 733, 739, 775, 829, 858, 859, 962, 978, 999], [27, 90, 110, 138, 152, 165, 259, 284, 316, 319, 403, 416, 470, 497, 511, 518, 557, 591, 600, 616, 752, 774, 777, 785, 796, 806, 818, 829, 845, 857, 885, 910, 913, 923, 930, 940, 946, 965, 967, 968, 969, 972, 980, 984, 986, 990, 999], [18, 93, 95, 102, 114, 271, 311, 328, 369, 452, 536, 553, 570, 577, 598, 620, 643, 992, 997], [66, 76, 167, 199, 320, 347, 395, 447, 467, 500, 530, 567, 635, 652, 686, 706, 739, 765, 774, 813, 819, 829, 834, 872, 885, 893, 897, 912, 919, 920, 927, 935, 936, 939, 946, 958, 969, 970, 974, 984, 992, 997, 1000], [40, 90, 152, 165, 186, 190, 350, 383, 416, 463, 492, 497, 510, 536, 544, 567, 698, 759, 768, 774, 777, 818, 825, 829, 843, 846, 901, 907, 908, 911, 914, 916, 923, 924, 930, 934, 937, 954, 958, 965, 971, 973, 975, 984, 985, 991, 996, 997, 999], [48, 71, 79, 221, 222, 239, 274, 283, 297, 353, 356, 374, 440, 496, 891], [49, 104, 153, 217, 378, 384, 422, 436, 475, 535, 589, 598, 704, 712, 718, 723, 728, 747, 770, 814, 906, 945, 962, 976, 984], [3, 45, 204, 228, 257, 291, 421, 422, 463, 477, 501, 523, 534, 579, 667, 688, 706, 727, 730, 738, 772, 796, 806, 829, 831, 892, 945, 948, 963, 978, 993], [10, 31, 64, 111, 214, 220, 230, 260, 267, 302, 324, 348], [145, 160, 180, 199, 308, 310, 322, 484, 487, 495, 498, 568, 578, 579, 589, 612, 644, 654, 667, 706, 708, 751, 777, 804, 811, 853, 963, 979], [66, 98, 162, 208, 234, 265, 272, 318, 327, 339, 375, 398, 475], [19, 41, 90, 111, 139, 165, 167, 229, 235, 237, 241, 264, 286, 371, 395, 488, 489, 506, 525, 555, 573, 632, 681, 699, 752, 756, 781, 785, 799, 860, 861, 864, 867, 870, 874, 875, 899, 905, 909, 917, 923, 930, 947, 965, 972, 973, 990, 995, 999], [68, 76, 110, 393, 439, 520, 522, 527, 536, 559, 618, 629, 651, 693, 748, 766, 769, 789, 816, 837, 840, 841, 887, 890, 891, 893, 900, 927, 954, 986, 990, 1000], [8, 32, 35, 55, 56, 61, 77, 94, 589, 785], [21, 131, 255, 275, 309, 352, 354, 379, 423, 435, 447, 499, 508, 521, 804, 958], [49, 89, 152, 248, 278, 345, 362, 363, 417, 424, 453, 514, 538, 607, 612, 616, 658, 666, 668, 678, 684, 687, 717, 732, 767, 803, 948, 969, 986], [20, 22, 23, 59, 62, 123, 133, 181, 212, 329, 892], [50, 80, 101, 104, 194, 280, 293, 329, 428, 447, 448, 543, 609, 648, 673, 723, 765, 818, 973, 986, 989], [69, 88, 90, 110, 115, 138, 161, 165, 236, 382, 416, 447, 530, 567, 588, 591, 672, 716, 740, 752, 774, 777, 785, 796, 804, 806, 872, 883, 921, 923, 930, 940, 942, 943, 954, 955, 959, 960, 965, 969, 970, 972, 982, 984, 986, 990, 997, 999], [28, 33, 86, 118, 164, 174, 197, 206, 245, 712, 774], [108, 167, 175, 251, 253, 305, 313, 319, 515, 611, 666, 667, 674, 677, 726, 761, 765, 772, 795, 802, 807, 824, 826, 839, 852, 882, 885, 891, 893, 894, 902, 915, 954, 974, 979], [1, 111, 191, 292, 361, 373, 445, 471, 476, 513, 523, 532, 537, 565, 587, 655, 721, 763, 791, 793, 797, 820, 828, 966, 976, 994], [76, 185, 192, 282, 342, 344, 376, 465, 475, 480, 507, 598, 601, 645, 695, 786, 805, 815, 819, 822, 832, 836, 844, 849, 850, 891, 966, 978, 988, 1000], [57, 83, 116, 148, 296, 426, 431, 433, 434, 469, 528, 540, 548, 554, 598, 614, 656, 663, 666, 712, 736, 893], [5, 26, 54, 66, 109, 110, 321, 331, 422, 463, 491, 503, 523, 534, 545, 579, 590, 649, 682, 718, 762, 772, 804, 835, 854, 866, 963, 969, 979, 989, 993]]
print random_nodes: [[809], [435], [640], [658], [246], [843], [847], [804], [657], [103], [798], [25], [84], [395], [954], [75], [834], [822], [330], [877], [573], [666], [237], [210], [616], [452], [960], [360], [682], [425], [292], [162]]
args__________ ([[809]],)
args__________ ([[435]],)
args__________ ([[640]],)
args__________ ([[658]],)
args__________ ([[246]],)
args__________ ([[843]],)
args__________ ([[847]],)
args__________ ([[804]],)
args__________ ([[657]],)
args__________ ([[103]],)
args__________ ([[798]],)
args__________ ([[25]],)
args__________ ([[84]],)
args__________ ([[395]],)
args__________ ([[954]],)
args__________ ([[75]],)
args__________ ([[834]],)
args__________ ([[822]],)
args__________ ([[330]],)
args__________ ([[877]],)
args__________ ([[573]],)
args__________ ([[666]],)
args__________ ([[237]],)
args__________ ([[210]],)
args__________ ([[616]],)
args__________ ([[452]],)
args__________ ([[960]],)
args__________ ([[360]],)
args__________ ([[682]],)
args__________ ([[425]],)
args__________ ([[292]],)
args__________ ([[162]],)
finish process_num processes get single node nature community___________________
length of left_nodes_list__________:  574
print random_nodes: [[927], [828], [513], [915], [43], [800], [711], [598], [694], [722], [758], [322], [901], [550], [188], [118], [45], [357], [914], [820], [774], [436], [958], [79], [232], [63], [23], [893], [167], [82], [495], [670]]
args__________ ([[927]],)
args__________ ([[828]],)
args__________ ([[513]],)
args__________ ([[915]],)
args__________ ([[43]],)
args__________ ([[800]],)
args__________ ([[711]],)
args__________ ([[598]],)
args__________ ([[694]],)
args__________ ([[722]],)
args__________ ([[758]],)
args__________ ([[322]],)
args__________ ([[901]],)
args__________ ([[550]],)
args__________ ([[188]],)
args__________ ([[118]],)
args__________ ([[45]],)
args__________ ([[357]],)
args__________ ([[914]],)
args__________ ([[820]],)
args__________ ([[774]],)
args__________ ([[436]],)
args__________ ([[958]],)
args__________ ([[79]],)
args__________ ([[232]],)
args__________ ([[63]],)
args__________ ([[23]],)
args__________ ([[893]],)
args__________ ([[167]],)
args__________ ([[82]],)
args__________ ([[495]],)
args__________ ([[670]],)
finish process_num processes get single node nature community___________________
length of left_nodes_list__________:  289
print random_nodes: [[608], [316], [377], [972], [923], [671], [450], [634], [68], [949], [262], [274], [50], [29], [530], [837], [80], [243], [447], [900], [974], [419], [422], [572], [470], [819], [523], [638], [259], [287], [580], [448]]
args__________ ([[608]],)
args__________ ([[316]],)
args__________ ([[377]],)
args__________ ([[972]],)
args__________ ([[923]],)
args__________ ([[671]],)
args__________ ([[450]],)
args__________ ([[634]],)
args__________ ([[68]],)
args__________ ([[949]],)
args__________ ([[262]],)
args__________ ([[274]],)
args__________ ([[50]],)
args__________ ([[29]],)
args__________ ([[530]],)
args__________ ([[837]],)
args__________ ([[80]],)
args__________ ([[243]],)
args__________ ([[447]],)
args__________ ([[900]],)
args__________ ([[974]],)
args__________ ([[419]],)
args__________ ([[422]],)
args__________ ([[572]],)
args__________ ([[470]],)
args__________ ([[819]],)
args__________ ([[523]],)
args__________ ([[638]],)
args__________ ([[259]],)
args__________ ([[287]],)
args__________ ([[580]],)
args__________ ([[448]],)
finish process_num processes get single node nature community___________________
length of left_nodes_list__________:  107
print random_nodes: [[989], [6], [431], [706], [540], [978], [463], [581], [405], [586], [866], [288], [104], [723], [930], [945], [554], [148], [534], [777], [582], [614], [481], [765], [433], [984], [591], [612], [912], [667], [505], [997]]
args__________ ([[989]],)
args__________ ([[6]],)
args__________ ([[431]],)
args__________ ([[706]],)
args__________ ([[540]],)
args__________ ([[978]],)
args__________ ([[463]],)
args__________ ([[581]],)
args__________ ([[405]],)
args__________ ([[586]],)
args__________ ([[866]],)
args__________ ([[288]],)
args__________ ([[104]],)
args__________ ([[723]],)
args__________ ([[930]],)
args__________ ([[945]],)
args__________ ([[554]],)
args__________ ([[148]],)
args__________ ([[534]],)
args__________ ([[777]],)
args__________ ([[582]],)
args__________ ([[614]],)
args__________ ([[481]],)
args__________ ([[765]],)
args__________ ([[433]],)
args__________ ([[984]],)
args__________ ([[591]],)
args__________ ([[612]],)
args__________ ([[912]],)
args__________ ([[667]],)
args__________ ([[505]],)
args__________ ([[997]],)
finish process_num processes get single node nature community___________________
length of left_nodes_list__________:  53
print random_nodes: [[999], [829], [951], [579], [138], [739], [948], [567], [990], [946], [892], [970], [752], [891], [785], [979], [973], [940], [906], [859], [872], [806], [438], [885], [475], [712], [858], [762], [319], [796], [772], [966]]
args__________ ([[999]],)
args__________ ([[829]],)
args__________ ([[951]],)
args__________ ([[579]],)
args__________ ([[138]],)
args__________ ([[739]],)
args__________ ([[948]],)
args__________ ([[567]],)
args__________ ([[990]],)
args__________ ([[946]],)
args__________ ([[892]],)
args__________ ([[970]],)
args__________ ([[752]],)
args__________ ([[891]],)
args__________ ([[785]],)
args__________ ([[979]],)
args__________ ([[973]],)
args__________ ([[940]],)
args__________ ([[906]],)
args__________ ([[859]],)
args__________ ([[872]],)
args__________ ([[806]],)
args__________ ([[438]],)
args__________ ([[885]],)
args__________ ([[475]],)
args__________ ([[712]],)
args__________ ([[858]],)
args__________ ([[762]],)
args__________ ([[319]],)
args__________ ([[796]],)
args__________ ([[772]],)
args__________ ([[966]],)
finish process_num processes get single node nature community___________________
length of left_nodes_list__________:  21
print random_nodes: [[962], [110], [789], [416], [986], [992], [1000], [967], [90], [994], [969], [329], [963], [718], [993], [165], [818], [988], [536], [976], [965]]
args__________ ([[962]],)
args__________ ([[110]],)
args__________ ([[789]],)
args__________ ([[416]],)
args__________ ([[986]],)
args__________ ([[992]],)
args__________ ([[1000]],)
args__________ ([[967]],)
args__________ ([[90]],)
args__________ ([[994]],)
args__________ ([[969]],)
args__________ ([[329]],)
args__________ ([[963]],)
args__________ ([[718]],)
args__________ ([[993]],)
args__________ ([[165]],)
args__________ ([[818]],)
args__________ ([[988]],)
args__________ ([[536]],)
args__________ ([[976]],)
args__________ ([[965]],)
finish process_num processes get single node nature community___________________
length of left_nodes_list__________:  0
commplete get_all_nature_community, length:  181
after deal_communities, length:______________ 132
fits_dic 132
above ave fitness communities 63 [0.6617283950617284, 0.6990740740740741, 0.6285714285714286, 0.7578947368421053, 0.6198830409356725, 0.5870307167235495, 0.6941176470588235, 0.7472527472527473, 0.5275590551181102, 0.56, 0.6746987951807228, 0.5865384615384616, 0.6062992125984252, 0.8372093023255814, 0.784503631961259, 0.784503631961259, 0.7292817679558011, 0.5378151260504201, 0.5958904109589042, 0.6746031746031746, 0.6069182389937107, 0.670926517571885, 0.6034958601655934, 0.784503631961259, 0.5583756345177665, 0.5043478260869565, 0.7195467422096318, 0.5232974910394266, 0.6046511627906976, 0.5360824742268041, 0.6076923076923076, 0.7317073170731707, 0.6440677966101694, 0.5789473684210527, 0.5081967213114754, 0.8342857142857143, 0.6461538461538462, 0.6723646723646723, 0.8118081180811808, 0.5740740740740741, 0.6470588235294118, 0.5, 0.543778801843318, 0.8118081180811808, 0.8118081180811808, 0.7138263665594855, 0.5401459854014599, 0.5299145299145299, 0.5682656826568265, 0.5736434108527132, 0.6305732484076433, 0.6586826347305389, 0.5147540983606558, 0.5763688760806917, 0.5235602094240838, 0.5652173913043478, 0.5281899109792285, 0.6226415094339622, 0.6775956284153005, 0.5454545454545454, 0.6755555555555556, 0.6619915848527349, 0.6981132075471698]
----------------------------------The detection result is: 

all communities: 
i =  1 : [149, 216, 231, 386, 461, 547, 621, 631, 650, 669, 696, 788, 809, 827, 847, 873, 876, 884]
i =  2 : [89, 152, 248, 278, 345, 362, 363, 417, 424, 453, 514, 538, 607, 658, 668, 678, 684, 687, 717, 732, 767, 803]
i =  3 : [21, 131, 255, 275, 309, 352, 354, 379, 423, 435, 499, 508, 521, 804]
i =  4 : [49, 51, 157, 254, 298, 330, 387, 460, 472, 546, 610, 622, 641, 692, 709, 743, 778, 779, 798, 801]
i =  5 : [2, 38, 65, 84, 91, 97, 103, 127, 147, 170, 177, 207, 233, 277, 451, 715, 724, 734, 742, 746, 750, 794, 918, 944, 956, 964]
i =  6 : [25, 46, 47, 67, 129, 246, 304, 315, 395, 409, 415, 504, 575, 597, 599, 703, 710]
i =  7 : [75, 143, 209, 358, 368, 370, 449, 574, 584, 630, 720, 749, 757, 771, 780, 787, 821]
i =  8 : [185, 192, 282, 342, 344, 376, 465, 480, 507, 601, 645, 695, 786, 805, 815, 822, 832, 836, 844, 849, 850]
i =  9 : [52, 58, 66, 76, 85, 121, 132, 137, 154, 156, 163, 202, 227, 244, 273, 323, 332, 365, 418, 429, 617, 665, 714, 745, 833, 877, 881]
i =  10 : [89, 248, 278, 345, 362, 363, 383, 417, 424, 453, 514, 538, 607, 658, 666, 668, 678, 684, 687, 717, 732, 767, 803]
i =  11 : [19, 41, 139, 229, 235, 237, 241, 264, 286, 303, 371, 488, 489, 506, 525, 555, 573, 632, 681, 699, 756, 781, 799, 860, 861, 864, 867, 870, 874, 875, 899, 905, 909, 917, 947, 995]
i =  12 : [7, 36, 113, 159, 201, 203, 412, 479, 542, 566, 596, 616, 640]
i =  13 : [5, 26, 54, 109, 321, 331, 491, 503, 545, 590, 649, 682, 835, 854]
i =  14 : [98, 162, 208, 234, 265, 272, 318, 327, 339, 375, 398]
i =  15 : [1, 191, 292, 361, 373, 445, 471, 476, 513, 532, 537, 565, 587, 655, 721, 763, 791, 793, 797, 820, 828]
i =  16 : [1, 191, 292, 361, 373, 445, 471, 476, 513, 532, 537, 565, 587, 655, 721, 763, 791, 793, 797, 820, 828]
i =  17 : [108, 175, 251, 253, 305, 313, 515, 611, 674, 677, 726, 761, 795, 802, 807, 824, 826, 839, 852, 882, 894, 902, 915]
i =  18 : [12, 16, 43, 76, 92, 117, 124, 166, 188, 205, 232, 410, 563, 569, 604, 623, 637, 690, 731, 817, 863]
i =  19 : [82, 87, 105, 130, 136, 178, 179, 198, 215, 258, 351, 399, 411, 457, 642, 694, 711, 776, 800]
i =  20 : [18, 93, 95, 102, 114, 271, 311, 328, 369, 452, 553, 570, 577, 598, 620, 643]
i =  21 : [25, 46, 47, 67, 96, 129, 142, 246, 279, 304, 315, 385, 409, 415, 443, 504, 561, 575, 597, 599, 606, 701, 703, 710, 722, 754, 808, 823, 856, 868, 880, 886]
i =  22 : [24, 74, 189, 266, 303, 336, 357, 367, 392, 402, 524, 595, 646, 664, 685, 697, 705, 758, 889, 898, 903, 926, 932, 952, 957]
i =  23 : [40, 52, 58, 85, 121, 132, 137, 156, 163, 186, 190, 227, 350, 383, 492, 497, 510, 544, 698, 759, 768, 825, 843, 846, 901, 907, 908, 911, 914, 916, 924, 934, 937, 971, 975, 985, 991, 996]
i =  24 : [1, 191, 292, 361, 373, 445, 471, 476, 513, 532, 537, 565, 587, 655, 721, 763, 791, 793, 797, 820, 828]
i =  25 : [153, 217, 378, 384, 436, 535, 704, 728, 747, 770, 814]
i =  26 : [8, 32, 35, 55, 56, 61, 77, 79, 94]
i =  27 : [63, 122, 226, 238, 256, 442, 454, 466, 576, 593, 626, 627, 636, 713, 729, 830, 855, 879]
i =  28 : [12, 43, 124, 167, 410, 563, 569, 604, 623, 637, 690, 731, 817, 863]
i =  29 : [14, 70, 82, 100, 112, 150, 210, 211, 247, 281, 317, 338]
i =  30 : [14, 70, 100, 112, 150, 210, 211, 247, 281, 316, 317, 338]
i =  31 : [213, 252, 294, 377, 389, 401, 483, 551, 556, 571, 572, 719, 744, 812]
i =  32 : [13, 81, 128, 140, 151, 187, 225, 250, 261, 519, 592, 671, 700, 737, 784, 790, 792]
i =  33 : [199, 242, 295, 326, 335, 343, 432, 444, 486, 516, 526, 585, 594, 634]
i =  34 : [52, 58, 85, 121, 132, 137, 156, 163, 227, 314, 349, 414, 550, 680, 725, 735, 773, 810, 842, 862, 865, 869, 888, 895, 925, 949, 961, 987, 998]
i =  35 : [53, 134, 184, 262, 312, 406, 502, 628, 647, 783, 838, 848, 851, 871, 904]
i =  36 : [48, 71, 79, 221, 222, 239, 274, 283, 297, 353, 356, 374, 440, 496]
i =  37 : [135, 144, 183, 224, 289, 334, 364, 381, 455, 464, 509, 530, 541, 619, 633]
i =  38 : [10, 31, 54, 64, 68, 214, 220, 230, 260, 267, 302, 324, 348, 393, 439, 520, 522, 527, 559, 618, 629, 651, 693, 748, 766, 769, 816, 837, 840, 841, 887, 890, 900]
i =  39 : [4, 141, 146, 243, 285, 287, 337, 340, 341, 397, 413, 430, 468, 512, 564, 613, 638, 659]
i =  40 : [50, 80, 101, 194, 280, 293, 428, 447, 448, 543, 609, 648, 673]
i =  41 : [11, 29, 60, 107, 218, 219, 269, 419, 422, 441, 473, 583, 603, 639, 660]
i =  42 : [25, 46, 47, 67, 129, 246, 304, 315, 409, 415, 504, 575, 597, 599, 703, 710, 819]
i =  43 : [7, 36, 113, 159, 201, 203, 412, 479, 523, 542, 566, 596, 640]
i =  44 : [4, 141, 146, 243, 285, 287, 337, 340, 341, 397, 413, 430, 468, 512, 564, 613, 638, 659]
i =  45 : [4, 141, 146, 243, 285, 287, 337, 340, 341, 397, 413, 430, 468, 512, 564, 613, 638, 659]
i =  46 : [57, 83, 116, 148, 296, 426, 431, 433, 434, 469, 528, 540, 548, 554, 614, 656, 663, 736]
i =  47 : [52, 58, 85, 121, 132, 137, 156, 163, 227, 706]
i =  48 : [50, 80, 101, 194, 280, 293, 428, 448, 543, 609, 648, 673, 723]
i =  49 : [11, 29, 60, 107, 218, 219, 269, 419, 441, 473, 583, 591, 603, 639, 660]
i =  50 : [20, 22, 23, 59, 62, 123, 133, 181, 212, 612]
i =  51 : [6, 11, 195, 196, 288, 388, 405, 481, 482, 493, 505, 581, 582, 625, 653, 755, 782]
i =  52 : [57, 83, 116, 148, 296, 426, 433, 434, 469, 528, 540, 548, 554, 579, 614, 656, 663, 736]
i =  53 : [89, 169, 248, 278, 345, 362, 363, 417, 424, 453, 514, 538, 607, 658, 668, 678, 684, 687, 717, 732, 767, 803, 948]
i =  54 : [6, 195, 196, 288, 388, 405, 481, 482, 493, 505, 567, 581, 582, 625, 653, 755, 782]
i =  55 : [3, 9, 15, 17, 106, 173, 182, 425, 456, 474, 478, 517, 558, 560, 602, 689, 753, 892]
i =  56 : [28, 33, 86, 118, 164, 174, 197, 206, 245, 712]
i =  57 : [25, 46, 47, 67, 129, 246, 304, 315, 409, 415, 504, 575, 597, 599, 703, 710, 858]
i =  58 : [30, 319, 333, 380, 404, 420, 450, 462, 531, 539, 552, 580, 608]
i =  59 : [110, 145, 160, 180, 308, 310, 322, 484, 487, 495, 498, 568, 578, 644, 654, 708, 751, 811, 853]
i =  60 : [34, 42, 44, 168, 249, 299, 300, 355, 396, 427, 789]
i =  61 : [11, 29, 60, 90, 107, 218, 219, 269, 419, 441, 473, 583, 603, 639, 660]
i =  62 : [10, 31, 64, 68, 165, 214, 220, 230, 260, 267, 302, 324, 348, 393, 439, 520, 522, 527, 559, 618, 629, 651, 693, 748, 766, 769, 816, 837, 840, 841, 887, 890, 900]
i =  63 : [21, 131, 255, 275, 309, 352, 354, 379, 423, 435, 499, 508, 521, 536]
overlapping nodes are:  [1, 4, 6, 7, 10, 11, 12, 14, 21, 25, 29, 31, 36, 43, 46, 47, 50, 52, 54, 57, 58, 60, 64, 67, 68, 70, 76, 79, 80, 82, 83, 85, 89, 100, 101, 107, 112, 113, 116, 121, 124, 129, 131, 132, 137, 141, 146, 148, 150, 156, 159, 163, 191, 194, 195, 196, 201, 203, 210, 211, 214, 218, 219, 220, 227, 230, 243, 246, 247, 248, 255, 260, 267, 269, 275, 278, 280, 281, 285, 287, 288, 292, 293, 296, 302, 303, 304, 309, 315, 317, 324, 337, 338, 340, 341, 345, 348, 352, 354, 361, 362, 363, 373, 379, 383, 388, 393, 397, 405, 409, 410, 412, 413, 415, 417, 419, 423, 424, 426, 428, 430, 433, 434, 435, 439, 441, 445, 448, 453, 468, 469, 471, 473, 476, 479, 481, 482, 493, 499, 504, 505, 508, 512, 513, 514, 520, 521, 522, 527, 528, 532, 537, 538, 540, 542, 543, 548, 554, 559, 563, 564, 565, 566, 569, 575, 581, 582, 583, 587, 596, 597, 599, 603, 604, 607, 609, 613, 614, 618, 623, 625, 629, 637, 638, 639, 640, 648, 651, 653, 655, 656, 658, 659, 660, 663, 668, 673, 678, 684, 687, 690, 693, 703, 710, 717, 721, 731, 732, 736, 748, 755, 763, 766, 767, 769, 782, 791, 793, 797, 803, 816, 817, 820, 828, 837, 840, 841, 863, 887, 890, 900] 
 NOO is:  231
total time is:  73.9004499912
