lens of ground_truth:  66
ground_truth is: [[191, 212, 245, 304, 344, 346, 356, 365, 504, 513, 560, 682, 724, 732, 754, 759, 788, 794, 826, 851, 854, 868, 871, 881, 887, 888, 918, 919, 921, 925, 938, 942, 964, 965, 981, 990], [58, 66, 70, 72, 108, 133, 782, 842, 942, 962, 984], [30, 40, 55, 65, 138, 188, 434, 913, 947, 978, 999], [43, 86, 130, 163, 187, 205, 263, 310, 390, 450, 565, 599, 758, 884, 894, 909, 971, 978], [8, 85, 173, 228, 229, 357, 412, 433, 451, 474, 549, 576, 593, 938, 948, 962, 970], [60, 76, 97, 134, 151, 158, 167, 189, 247, 297, 633, 933, 935], [99, 132, 212, 397, 447, 458, 471, 474, 526, 534, 543, 645, 661, 669, 740, 764, 779, 787, 794, 803, 815, 824, 832, 841, 951, 952, 958, 987, 989], [12, 42, 100, 342, 369, 371, 450, 465, 612, 653, 681, 695, 734, 735, 758, 767, 772, 800, 807, 828, 832, 856, 862, 896, 897, 915, 928, 929, 935, 942, 950, 955, 965, 970, 980, 994, 996], [19, 160, 180, 203, 372, 391, 468, 475, 498, 515, 529, 530, 542, 577, 639, 670, 673, 710, 718, 719, 798, 813, 822, 842, 868, 871, 899, 924, 938, 948, 960, 970, 977, 984, 989, 990], [33, 46, 116, 126, 223, 240, 252, 374, 403, 434, 478, 488, 633, 742, 822, 842, 999], [26, 62, 80, 149, 165, 182, 300, 370, 377, 529, 669, 782, 832], [4, 84, 94, 117, 185, 210, 265, 323, 329, 351, 430, 542, 758, 933], [34, 42, 77, 113, 180, 210, 292, 343, 344, 450, 525, 557, 605, 619, 664, 675, 682, 709, 717, 742, 772, 832, 876, 895, 898, 913, 914, 935, 936, 938, 948, 953, 955, 962, 967, 969, 974, 977, 979, 980, 981, 996], [24, 101, 109, 179, 207, 377, 401, 438, 483, 511, 578, 590, 615, 625, 715, 727, 741, 749, 752, 764, 779, 897, 909, 933], [42, 59, 176, 181, 210, 253, 256, 284, 337, 372, 480, 494, 525, 527, 566, 605, 675, 770, 786, 801, 802, 832, 838, 847, 861, 897, 913, 935, 936, 964, 969, 971, 980], [71, 77, 227, 266, 383, 464, 500, 522, 602, 604, 629, 638, 651, 662, 687, 693, 737, 759, 798, 817, 820, 856, 894, 897, 930, 938, 996], [162, 201, 303, 336, 338, 350, 369, 396, 406, 429, 432, 434, 439, 483, 585, 658, 667, 668, 756, 935], [47, 52, 112, 120, 190, 243, 261, 309, 372, 619, 669, 942, 977], [73, 180, 372, 487, 520, 529, 539, 633, 682, 686, 692, 712, 725, 726, 738, 759, 766, 813, 816, 819, 822, 867, 868, 871, 874, 880, 895, 917, 947, 960, 970, 989, 990, 996], [77, 124, 139, 212, 219, 231, 272, 284, 344, 419, 446, 463, 467, 487, 544, 689, 751, 756, 757, 773, 782, 797, 821, 835, 884, 951, 952, 984, 996], [13, 45, 56, 92, 156, 193, 286, 291, 363, 399, 434, 542, 899], [68, 75, 128, 204, 213, 332, 333, 355, 409, 474, 521, 618, 624, 636, 643, 644, 960, 977, 987], [48, 166, 287, 314, 340, 384, 388, 408, 418, 457, 470, 501, 598, 675, 717, 842, 964], [2, 29, 119, 226, 321, 325, 367, 950, 962, 964, 965, 978, 987], [34, 210, 373, 378, 419, 451, 523, 548, 550, 605, 633, 659, 720, 742, 759, 772, 781, 782, 795, 813, 825, 836, 856, 895, 897, 899, 904, 913, 921, 930, 942, 944, 952, 954, 955, 958, 962, 969, 972, 974, 983, 986, 989, 996, 1000], [44, 115, 200, 293, 305, 330, 349, 353, 372, 377, 455, 471, 742, 758], [42, 67, 102, 150, 210, 344, 450, 469, 525, 555, 600, 605, 619, 647, 663, 675, 682, 743, 745, 753, 784, 814, 818, 891, 897, 935, 936, 938, 950, 962, 969, 980, 994], [34, 266, 318, 381, 435, 450, 479, 531, 562, 564, 572, 589, 592, 619, 632, 747, 768, 775, 776, 799, 808, 840, 859, 875, 883, 930, 933, 936, 947, 950, 958], [111, 140, 210, 255, 311, 354, 369, 422, 425, 510, 552, 591, 603, 865, 894, 909, 917, 965, 969, 971, 979, 980], [1, 16, 35, 49, 104, 110, 147, 171, 184, 194, 779], [207, 275, 277, 334, 453, 495, 556, 583, 584, 607, 630, 649, 669, 706, 707, 713, 714, 759, 762, 791, 794, 939, 948, 960, 965, 979], [118, 211, 361, 362, 369, 386, 437, 451, 456, 459, 466, 481, 554, 573, 606, 671, 684, 698, 746, 756, 765, 778, 793, 909, 971, 999], [11, 164, 260, 282, 301, 326, 359, 398, 402, 404, 419, 546, 609, 669, 779, 856, 895, 897], [142, 145, 183, 192, 217, 271, 299, 407, 472, 483, 492, 529, 536, 611, 620, 652, 679, 700, 730, 794, 871, 884, 894, 917], [5, 20, 51, 141, 142, 199, 246, 254, 273, 410, 434, 503, 944, 981, 994], [9, 32, 53, 78, 137, 142, 221, 239, 316, 328, 984, 999], [17, 146, 177, 250, 262, 369, 377, 394, 395, 474, 485, 507, 528, 535, 559, 571, 764, 894, 970], [41, 42, 142, 344, 451, 471, 525, 542, 568, 605, 608, 626, 675, 699, 742, 750, 772, 780, 792, 806, 827, 868, 893, 899, 935, 936, 940, 943, 945, 947, 948, 949, 955, 957, 966, 969, 974, 976, 977, 980, 981, 984, 986, 987, 992, 993, 994, 997], [42, 180, 281, 298, 344, 444, 487, 517, 525, 529, 542, 619, 639, 674, 682, 717, 742, 748, 772, 798, 813, 822, 830, 833, 839, 842, 882, 884, 895, 899, 913, 921, 926, 936, 948, 950, 955, 959, 963, 972, 974, 975, 983, 985, 986, 988, 989, 991, 995, 1000], [3, 21, 295, 348, 379, 393, 419, 434, 484, 516, 601, 617, 675, 779, 794, 871, 971, 978], [7, 54, 180, 279, 360, 369, 385, 405, 502, 529, 532, 541, 542, 633, 639, 648, 744, 783, 796, 798, 809, 822, 846, 868, 894, 899, 902, 909, 912, 917, 950, 977, 980, 983, 990, 994], [105, 180, 207, 238, 274, 296, 307, 364, 483, 499, 538, 594, 596, 621, 623, 640, 717, 774, 779, 789, 805, 848, 860, 871, 877, 879, 886, 890, 908, 939, 942, 946, 947, 948, 958, 960, 969, 972, 981, 983, 987], [28, 230, 266, 284, 377, 419, 451, 569, 579, 635, 639, 677, 683, 688, 720, 755, 764, 782, 832, 850, 853, 855, 856, 865, 873, 910, 921, 927, 930, 938, 942, 950, 951, 955, 972, 974, 1000], [34, 63, 64, 74, 148, 236, 244, 267, 294, 368, 372, 416, 452, 964], [77, 107, 212, 266, 284, 389, 490, 506, 540, 553, 633, 656, 685, 690, 720, 733, 758, 917, 944, 951, 952, 979, 983, 987, 1000], [89, 95, 129, 136, 161, 220, 268, 280, 813, 856, 913, 981], [96, 125, 169, 172, 195, 302, 308, 411, 440, 449, 477, 491, 508, 524, 558, 561, 587, 678, 720, 884, 999], [77, 81, 135, 218, 232, 237, 258, 382, 471, 496, 574, 588, 595, 865, 871, 978, 996], [34, 69, 142, 159, 335, 372, 420, 483, 487, 505, 542, 545, 633, 639, 669, 696, 717, 736, 756, 772, 813, 865, 868, 872, 895, 913, 920, 931, 932, 934, 936, 939, 941, 947, 960, 964, 970, 972, 973, 984, 986, 990, 999], [22, 77, 106, 142, 207, 257, 347, 377, 413, 431, 483, 493, 657, 682, 697, 711, 782, 899, 917, 933, 944, 947, 990, 999], [57, 131, 153, 206, 285, 290, 375, 443, 445, 450, 454, 471, 537, 613, 909, 964, 971, 978], [23, 207, 341, 345, 366, 377, 567, 610, 655, 669, 691, 722, 739, 758, 763, 777, 779, 804, 894, 917, 921, 965, 974, 978, 979, 986], [25, 168, 284, 331, 358, 369, 419, 442, 474, 483, 489, 586, 634, 637, 642, 646, 650, 721, 756, 759, 760, 764, 771, 790, 810, 823, 951, 958, 979], [10, 174, 212, 215, 224, 380, 392, 424, 509, 547, 605, 756, 832, 865, 909, 939], [42, 98, 180, 234, 344, 421, 448, 450, 525, 529, 605, 628, 666, 717, 742, 761, 772, 794, 798, 811, 813, 837, 842, 845, 852, 895, 900, 901, 921, 923, 937, 939, 956, 961, 968, 972, 974, 977, 979, 981, 982, 984, 986, 989, 994, 998], [38, 103, 127, 144, 178, 186, 198, 202, 216, 269, 428, 639, 958, 994], [34, 93, 207, 259, 320, 324, 415, 451, 487, 514, 551, 614, 616, 641, 665, 703, 705, 717, 723, 756, 759, 798, 829, 843, 863, 878, 889, 903, 905, 906, 907, 911, 916, 939, 958, 960, 970, 972, 986, 990], [87, 154, 210, 251, 266, 284, 313, 419, 451, 460, 474, 482, 486, 497, 525, 580, 720, 728, 794, 798, 822, 831, 842, 849, 856, 869, 885, 921, 922, 930, 944, 951, 952, 955, 962, 983, 1000], [36, 123, 208, 214, 222, 248, 283, 319, 471, 512, 518, 519, 533, 581, 582, 631, 782, 865, 939], [31, 37, 152, 197, 233, 241, 270, 317, 487, 682, 822, 971], [61, 79, 82, 88, 212, 242, 249, 264, 266, 327, 376, 461, 575, 694, 701, 720, 868, 884, 930, 933, 1000], [170, 225, 266, 284, 312, 322, 423, 473, 619, 622, 627, 672, 675, 680, 704, 720, 731, 764, 884, 930, 944, 951, 952, 983, 1000], [14, 27, 83, 90, 91, 122, 143, 157, 175, 952, 987], [39, 121, 142, 196, 207, 289, 306, 315, 339, 414, 426, 476, 487, 570, 702, 708, 729, 769, 785, 812, 834, 844, 857, 858, 864, 866, 870, 892, 933, 944, 965, 989], [6, 15, 34, 50, 77, 155, 212, 278, 352, 471, 474, 563, 597, 619, 654, 660, 676, 716, 758, 764, 865], [18, 114, 209, 235, 276, 288, 387, 400, 417, 427, 434, 436, 441, 462, 639]]
print random_nodes: [[760], [267], [743], [971], [918], [22], [388], [763], [824], [930], [794], [991], [133], [629], [985], [214], [260], [853], [532], [435], [685], [434], [566], [317], [327], [95], [246], [521], [583], [782], [432], [290]]
args__________ ([[760]],)
args__________ ([[267]],)
args__________ ([[743]],)
args__________ ([[971]],)
args__________ ([[918]],)
args__________ ([[22]],)
args__________ ([[388]],)
args__________ ([[763]],)
args__________ ([[824]],)
args__________ ([[930]],)
args__________ ([[794]],)
args__________ ([[991]],)
args__________ ([[133]],)
args__________ ([[629]],)
args__________ ([[985]],)
args__________ ([[214]],)
args__________ ([[260]],)
args__________ ([[853]],)
args__________ ([[532]],)
args__________ ([[435]],)
args__________ ([[685]],)
args__________ ([[434]],)
args__________ ([[566]],)
args__________ ([[317]],)
args__________ ([[327]],)
args__________ ([[95]],)
args__________ ([[246]],)
args__________ ([[521]],)
args__________ ([[583]],)
args__________ ([[782]],)
args__________ ([[432]],)
args__________ ([[290]],)
finish process_num processes get single node nature community___________________
length of left_nodes_list__________:  596
print random_nodes: [[623], [6], [565], [118], [578], [660], [328], [708], [507], [961], [169], [678], [228], [665], [451], [499], [195], [415], [793], [590], [605], [481], [13], [916], [53], [893], [188], [857], [421], [308], [878], [523]]
args__________ ([[623]],)
args__________ ([[6]],)
args__________ ([[565]],)
args__________ ([[118]],)
args__________ ([[578]],)
args__________ ([[660]],)
args__________ ([[328]],)
args__________ ([[708]],)
args__________ ([[507]],)
args__________ ([[961]],)
args__________ ([[169]],)
args__________ ([[678]],)
args__________ ([[228]],)
args__________ ([[665]],)
args__________ ([[451]],)
args__________ ([[499]],)
args__________ ([[195]],)
args__________ ([[415]],)
args__________ ([[793]],)
args__________ ([[590]],)
args__________ ([[605]],)
args__________ ([[481]],)
args__________ ([[13]],)
args__________ ([[916]],)
args__________ ([[53]],)
args__________ ([[893]],)
args__________ ([[188]],)
args__________ ([[857]],)
args__________ ([[421]],)
args__________ ([[308]],)
args__________ ([[878]],)
args__________ ([[523]],)
finish process_num processes get single node nature community___________________
length of left_nodes_list__________:  311
print random_nodes: [[492], [885], [942], [976], [369], [471], [18], [149], [1], [180], [276], [718], [430], [203], [831], [709], [473], [756], [329], [947], [847], [933], [944], [219], [321], [588], [967], [140], [934], [990], [520], [781]]
args__________ ([[492]],)
args__________ ([[885]],)
args__________ ([[942]],)
args__________ ([[976]],)
args__________ ([[369]],)
args__________ ([[471]],)
args__________ ([[18]],)
args__________ ([[149]],)
args__________ ([[1]],)
args__________ ([[180]],)
args__________ ([[276]],)
args__________ ([[718]],)
args__________ ([[430]],)
args__________ ([[203]],)
args__________ ([[831]],)
args__________ ([[709]],)
args__________ ([[473]],)
args__________ ([[756]],)
args__________ ([[329]],)
args__________ ([[947]],)
args__________ ([[847]],)
args__________ ([[933]],)
args__________ ([[944]],)
args__________ ([[219]],)
args__________ ([[321]],)
args__________ ([[588]],)
args__________ ([[967]],)
args__________ ([[140]],)
args__________ ([[934]],)
args__________ ([[990]],)
args__________ ([[520]],)
args__________ ([[781]],)
finish process_num processes get single node nature community___________________
length of left_nodes_list__________:  107
print random_nodes: [[962], [856], [897], [659], [190], [795], [996], [998], [865], [779], [969], [960], [764], [994], [47], [970], [939], [972], [948], [825], [207], [120], [550], [832], [542], [917], [759], [981], [874], [965], [982], [958]]
args__________ ([[962]],)
args__________ ([[856]],)
args__________ ([[897]],)
args__________ ([[659]],)
args__________ ([[190]],)
args__________ ([[795]],)
args__________ ([[996]],)
args__________ ([[998]],)
args__________ ([[865]],)
args__________ ([[779]],)
args__________ ([[969]],)
args__________ ([[960]],)
args__________ ([[764]],)
args__________ ([[994]],)
args__________ ([[47]],)
args__________ ([[970]],)
args__________ ([[939]],)
args__________ ([[972]],)
args__________ ([[948]],)
args__________ ([[825]],)
args__________ ([[207]],)
args__________ ([[120]],)
args__________ ([[550]],)
args__________ ([[832]],)
args__________ ([[542]],)
args__________ ([[917]],)
args__________ ([[759]],)
args__________ ([[981]],)
args__________ ([[874]],)
args__________ ([[965]],)
args__________ ([[982]],)
args__________ ([[958]],)
finish process_num processes get single node nature community___________________
length of left_nodes_list__________:  58
print random_nodes: [[842], [987], [979], [938], [758], [951], [619], [964], [1000], [772], [525], [868], [483], [717], [999], [894], [899], [952], [989], [639], [474], [377], [936], [212], [450], [913], [977], [266], [419], [284], [720], [955]]
args__________ ([[842]],)
args__________ ([[987]],)
args__________ ([[979]],)
args__________ ([[938]],)
args__________ ([[758]],)
args__________ ([[951]],)
args__________ ([[619]],)
args__________ ([[964]],)
args__________ ([[1000]],)
args__________ ([[772]],)
args__________ ([[525]],)
args__________ ([[868]],)
args__________ ([[483]],)
args__________ ([[717]],)
args__________ ([[999]],)
args__________ ([[894]],)
args__________ ([[899]],)
args__________ ([[952]],)
args__________ ([[989]],)
args__________ ([[639]],)
args__________ ([[474]],)
args__________ ([[377]],)
args__________ ([[936]],)
args__________ ([[212]],)
args__________ ([[450]],)
args__________ ([[913]],)
args__________ ([[977]],)
args__________ ([[266]],)
args__________ ([[419]],)
args__________ ([[284]],)
args__________ ([[720]],)
args__________ ([[955]],)
finish process_num processes get single node nature community___________________
length of left_nodes_list__________:  25
print random_nodes: [[921], [822], [895], [344], [980], [372], [742], [974], [884], [909], [682], [633], [984], [669], [798], [813], [978], [986], [487], [950], [529], [675], [935], [871], [983]]
args__________ ([[921]],)
args__________ ([[822]],)
args__________ ([[895]],)
args__________ ([[344]],)
args__________ ([[980]],)
args__________ ([[372]],)
args__________ ([[742]],)
args__________ ([[974]],)
args__________ ([[884]],)
args__________ ([[909]],)
args__________ ([[682]],)
args__________ ([[633]],)
args__________ ([[984]],)
args__________ ([[669]],)
args__________ ([[798]],)
args__________ ([[813]],)
args__________ ([[978]],)
args__________ ([[986]],)
args__________ ([[487]],)
args__________ ([[950]],)
args__________ ([[529]],)
args__________ ([[675]],)
args__________ ([[935]],)
args__________ ([[871]],)
args__________ ([[983]],)
finish process_num processes get single node nature community___________________
length of left_nodes_list__________:  0
commplete get_all_nature_community, length:  185
after deal_communities, length:______________ 136
fits_dic 136
above ave fitness communities 66 [0.7737226277372263, 0.5867507886435331, 0.6307151230949589, 0.6507462686567164, 0.717201166180758, 0.5205479452054794, 0.5355191256830601, 0.6004962779156328, 0.7065637065637066, 0.6385542168674698, 0.697029702970297, 0.6409495548961425, 0.5494505494505495, 0.6807228915662651, 0.8100358422939068, 0.8100358422939068, 0.5392156862745098, 0.45081967213114754, 0.8100358422939068, 0.7463917525773196, 0.4935064935064935, 0.6974063400576369, 0.7338935574229691, 0.48866498740554154, 0.5130344108446299, 0.5023255813953489, 0.542713567839196, 0.6013071895424836, 0.6391752577319587, 0.6018518518518519, 0.5898876404494382, 0.5807860262008734, 0.49056603773584906, 0.4820846905537459, 0.463768115942029, 0.5179282868525896, 0.6262626262626263, 0.5766871165644172, 0.47513812154696133, 0.6257668711656442, 0.5064599483204134, 0.496, 0.48046875, 0.6464646464646465, 0.4472843450479233, 0.5677966101694916, 0.5891472868217055, 0.5352941176470588, 0.5606060606060606, 0.5660377358490566, 0.6268656716417911, 0.6428571428571429, 0.6788990825688074, 0.5285714285714286, 0.49710982658959535, 0.5036496350364964, 0.6666666666666666, 0.5128205128205128, 0.4936708860759494, 0.46357615894039733, 0.5844155844155844, 0.5040650406504065, 0.4966442953020134, 0.5288461538461539, 0.5405405405405406, 0.4900662251655629]
----------------------------------The detection result is: 

all communities: 
i =  1 : [63, 64, 74, 148, 236, 244, 267, 294, 368, 416, 452]
i =  2 : [67, 102, 150, 469, 555, 600, 647, 663, 743, 745, 753, 784, 814, 818, 891]
i =  3 : [44, 60, 76, 97, 115, 134, 151, 158, 167, 189, 191, 200, 245, 247, 293, 297, 304, 305, 330, 346, 349, 353, 356, 365, 455, 504, 513, 560, 724, 732, 754, 788, 826, 851, 854, 881, 887, 888, 918, 919, 925]
i =  4 : [99, 132, 397, 447, 458, 526, 534, 543, 645, 661, 740, 787, 803, 815, 824, 841]
i =  5 : [71, 227, 383, 464, 500, 522, 602, 604, 629, 638, 651, 662, 687, 693, 737, 817, 820]
i =  6 : [31, 37, 152, 197, 233, 241, 270, 281, 298, 317, 444, 517, 674, 748, 830, 833, 839, 882, 926, 959, 963, 975, 985, 988, 991, 995]
i =  7 : [28, 230, 569, 579, 635, 677, 683, 688, 755, 850, 853, 855, 873, 910, 927]
i =  8 : [7, 54, 279, 360, 385, 405, 502, 532, 541, 648, 744, 783, 796, 809, 846, 902, 912]
i =  9 : [318, 381, 435, 479, 531, 562, 564, 572, 589, 592, 632, 747, 768, 775, 776, 799, 808, 840, 859, 875, 883]
i =  10 : [33, 46, 116, 126, 223, 240, 252, 374, 403, 434, 478, 488]
i =  11 : [33, 46, 116, 126, 223, 240, 252, 275, 277, 334, 374, 403, 453, 478, 488, 495, 556, 583, 584, 607, 630, 649, 706, 707, 713, 714, 762, 791]
i =  12 : [105, 238, 274, 296, 307, 364, 499, 538, 594, 596, 621, 623, 640, 774, 789, 805, 848, 860, 877, 879, 886, 890, 908, 946]
i =  13 : [38, 103, 118, 127, 144, 178, 186, 198, 202, 216, 269, 428]
i =  14 : [39, 121, 196, 274, 289, 306, 315, 339, 414, 426, 476, 570, 702, 708, 729, 769, 785, 812, 834, 844, 857, 858, 864, 866, 870, 892]
i =  15 : [96, 125, 169, 172, 195, 302, 308, 411, 440, 449, 477, 491, 508, 524, 558, 561, 587, 678]
i =  16 : [96, 125, 169, 172, 195, 302, 308, 411, 440, 449, 477, 491, 508, 524, 558, 561, 587, 678]
i =  17 : [8, 85, 173, 228, 229, 357, 412, 433, 451, 549, 576, 593]
i =  18 : [12, 39, 100, 238, 342, 371, 465, 499, 612, 653, 681, 695, 734, 735, 767, 800, 807, 828, 862, 896, 915, 928, 929]
i =  19 : [96, 125, 169, 172, 195, 302, 308, 411, 440, 449, 477, 491, 508, 524, 558, 561, 587, 678]
i =  20 : [89, 95, 118, 129, 136, 161, 211, 220, 268, 280, 361, 362, 386, 437, 456, 459, 466, 481, 554, 573, 606, 671, 684, 698, 746, 765, 778, 793]
i =  21 : [10, 174, 215, 224, 380, 392, 424, 509, 547, 605]
i =  22 : [93, 259, 320, 324, 415, 514, 551, 614, 616, 641, 665, 703, 705, 723, 829, 843, 863, 878, 889, 903, 905, 906, 907, 911, 916]
i =  23 : [14, 27, 39, 83, 90, 91, 121, 122, 143, 157, 175, 196, 289, 306, 315, 339, 414, 426, 476, 570, 702, 708, 729, 769, 785, 812, 834, 844, 857, 858, 864, 866, 870, 892]
i =  24 : [6, 87, 154, 251, 313, 460, 482, 486, 497, 580, 728, 831, 849, 869, 885, 922]
i =  25 : [38, 41, 103, 127, 144, 178, 186, 198, 202, 216, 269, 428, 568, 608, 626, 699, 750, 780, 792, 806, 827, 893, 940, 943, 945, 949, 957, 966, 976, 992, 993, 997]
i =  26 : [111, 140, 255, 311, 354, 369, 422, 425, 510, 552, 591, 603]
i =  27 : [8, 85, 173, 228, 229, 357, 412, 433, 471, 549, 576, 593]
i =  28 : [1, 16, 18, 35, 49, 104, 110, 147, 171, 184, 194]
i =  29 : [57, 131, 153, 180, 206, 285, 290, 375, 443, 445, 454, 537, 613]
i =  30 : [170, 225, 312, 322, 423, 473, 622, 627, 672, 680, 704, 731]
i =  31 : [145, 183, 192, 217, 271, 299, 407, 472, 492, 536, 611, 620, 652, 679, 700, 730, 756]
i =  32 : [30, 40, 55, 59, 65, 138, 176, 181, 188, 253, 256, 337, 480, 494, 527, 566, 770, 786, 801, 802, 838, 847, 861]
i =  33 : [24, 101, 109, 179, 401, 438, 511, 578, 590, 615, 625, 715, 727, 741, 749, 752, 781]
i =  34 : [48, 166, 287, 314, 340, 384, 388, 408, 418, 457, 470, 501, 598, 659]
i =  35 : [162, 201, 303, 336, 338, 350, 396, 406, 429, 432, 439, 585, 658, 667, 668, 960]
i =  36 : [11, 164, 260, 282, 301, 326, 359, 398, 402, 404, 546, 609, 764]
i =  37 : [57, 131, 153, 206, 207, 285, 290, 375, 443, 445, 454, 537, 613]
i =  38 : [13, 45, 56, 92, 156, 193, 286, 291, 363, 399, 542]
i =  39 : [60, 76, 97, 134, 151, 158, 167, 189, 247, 297, 759]
i =  40 : [33, 46, 73, 116, 126, 223, 240, 252, 374, 403, 478, 488, 520, 539, 686, 692, 712, 725, 726, 738, 766, 816, 819, 867, 874, 880]
i =  41 : [89, 95, 98, 129, 136, 161, 220, 234, 268, 280, 421, 448, 628, 666, 761, 811, 837, 845, 852, 900, 901, 923, 937, 956, 961, 968, 982, 998]
i =  42 : [47, 52, 112, 120, 190, 243, 261, 309, 619]
i =  43 : [28, 68, 75, 128, 204, 213, 230, 332, 333, 355, 409, 521, 569, 579, 618, 624, 635, 636, 643, 644, 677, 683, 688, 755, 772]
i =  44 : [162, 201, 303, 336, 338, 350, 396, 406, 429, 432, 439, 525, 585, 658, 667, 668]
i =  45 : [61, 79, 82, 88, 242, 249, 264, 327, 376, 461, 575, 694, 701, 868]
i =  46 : [61, 79, 82, 88, 242, 249, 264, 327, 376, 461, 483, 575, 694, 701]
i =  47 : [48, 166, 287, 314, 340, 384, 388, 408, 418, 457, 470, 501, 598, 717]
i =  48 : [36, 88, 123, 208, 214, 222, 248, 283, 319, 512, 518, 519, 533, 581, 582, 631, 639]
i =  49 : [14, 27, 83, 90, 91, 122, 143, 157, 175, 474]
i =  50 : [26, 62, 80, 149, 165, 182, 300, 370, 377]
i =  51 : [57, 131, 153, 206, 285, 290, 375, 443, 445, 450, 454, 537, 613]
i =  52 : [25, 168, 266, 331, 358, 442, 489, 586, 634, 637, 642, 646, 650, 721, 760, 771, 790, 810, 823]
i =  53 : [17, 146, 177, 250, 262, 394, 395, 419, 485, 507, 528, 535, 559, 571]
i =  54 : [9, 32, 53, 78, 137, 221, 239, 284, 316, 328]
i =  55 : [60, 76, 97, 134, 151, 158, 167, 189, 247, 297, 720]
i =  56 : [11, 164, 260, 282, 301, 326, 359, 398, 402, 404, 546, 609, 895]
i =  57 : [162, 201, 303, 336, 338, 344, 350, 396, 406, 429, 432, 439, 585, 658, 667, 668]
i =  58 : [47, 52, 112, 120, 190, 243, 261, 309, 372]
i =  59 : [44, 115, 200, 293, 305, 330, 349, 353, 455, 742]
i =  60 : [61, 79, 82, 88, 242, 249, 264, 327, 376, 461, 575, 694, 701, 884]
i =  61 : [60, 76, 97, 134, 151, 158, 167, 189, 247, 297, 633]
i =  62 : [26, 62, 80, 149, 165, 182, 300, 370, 669]
i =  63 : [48, 166, 287, 314, 340, 384, 388, 408, 418, 457, 470, 501, 598, 798]
i =  64 : [81, 135, 218, 232, 237, 258, 382, 487, 496, 574, 588, 595]
i =  65 : [26, 62, 80, 149, 165, 182, 300, 370, 529]
i =  66 : [44, 115, 200, 293, 305, 330, 349, 353, 455, 675]
overlapping nodes are:  [8, 11, 14, 26, 27, 28, 33, 38, 39, 44, 46, 47, 48, 52, 57, 60, 61, 62, 76, 79, 80, 82, 83, 85, 88, 89, 90, 91, 95, 96, 97, 103, 112, 115, 116, 118, 120, 121, 122, 125, 126, 127, 129, 131, 134, 136, 143, 144, 149, 151, 153, 157, 158, 161, 162, 164, 165, 166, 167, 169, 172, 173, 175, 178, 182, 186, 189, 190, 195, 196, 198, 200, 201, 202, 206, 216, 220, 223, 228, 229, 230, 238, 240, 242, 243, 247, 249, 252, 260, 261, 264, 268, 269, 274, 280, 282, 285, 287, 289, 290, 293, 297, 300, 301, 302, 303, 305, 306, 308, 309, 314, 315, 326, 327, 330, 336, 338, 339, 340, 349, 350, 353, 357, 359, 370, 374, 375, 376, 384, 388, 396, 398, 402, 403, 404, 406, 408, 411, 412, 414, 418, 426, 428, 429, 432, 433, 439, 440, 443, 445, 449, 454, 455, 457, 461, 470, 476, 477, 478, 488, 491, 499, 501, 508, 524, 537, 546, 549, 558, 561, 569, 570, 575, 576, 579, 585, 587, 593, 598, 609, 613, 635, 658, 667, 668, 677, 678, 683, 688, 694, 701, 702, 708, 729, 755, 769, 785, 812, 834, 844, 857, 858, 864, 866, 870, 892] 
 NOO is:  206
total time is:  67.5220811367
