lens of ground_truth:  68
ground_truth is: [[61, 94, 167, 174, 266, 302, 361, 363, 405, 408, 430, 436, 500, 545, 584, 619, 622, 623, 631, 647, 657, 707, 716, 754, 809, 840, 850, 855, 868, 877, 896, 899, 954, 956, 957, 962, 965, 972, 975, 983, 985, 996, 998], [22, 167, 192, 217, 278, 405, 583, 615, 625, 664, 671, 703, 706, 750, 763, 785, 788, 837, 862, 910, 971, 988, 1000], [64, 79, 133, 160, 205, 224, 265, 276, 278, 326, 485, 500, 532, 586, 596, 623, 674, 704, 764, 773, 778, 797, 837, 841, 858, 869, 881, 971, 992], [26, 79, 194, 198, 285, 302, 324, 495, 501, 506, 507, 545, 575, 598, 650, 667, 687, 726, 752, 787, 807, 841, 854, 862, 864, 870, 891, 928, 939, 950, 994, 999], [265, 270, 294, 307, 315, 363, 390, 405, 430, 522, 536, 570, 575, 622, 626, 647, 648, 659, 673, 718, 754, 767, 782, 788, 792, 794, 796, 799, 801, 811, 816, 830, 859, 877, 902, 910, 928, 932, 939, 947, 954, 963, 966, 969, 986, 987, 988, 990, 991, 995], [12, 101, 249, 274, 283, 317, 472, 568, 603, 604, 623, 647, 664, 666, 673, 716, 723, 818, 819, 820, 837, 841, 848, 939, 946, 954, 965, 983, 996], [10, 73, 85, 142, 216, 231, 249, 286, 301, 310, 401, 479, 548, 667, 907], [101, 108, 173, 198, 338, 371, 432, 500, 515, 516, 522, 548, 553, 564, 581, 590, 603, 647, 687, 690, 718, 724, 731, 756, 792, 799, 865, 888, 891, 899, 906, 920, 950, 953, 954, 963, 971, 978, 980, 982, 984, 985, 989, 993], [42, 60, 206, 316, 410, 435, 437, 483, 496, 501, 520, 541, 573, 621, 668, 678, 687, 694, 720, 745, 784, 786, 804, 815, 855, 868, 877, 879, 891, 893, 894, 904], [32, 151, 158, 302, 303, 320, 332, 338, 373, 403, 428, 450, 464, 521, 718], [101, 251, 261, 278, 302, 317, 321, 368, 455, 501, 536, 545, 570, 576, 620, 663, 667, 669, 687, 688, 691, 731, 756, 788, 796, 799, 809, 853, 864, 869, 882, 888, 891, 901, 927, 934, 943, 953, 993, 997], [145, 247, 261, 266, 330, 441, 459, 500, 514, 554, 635, 647, 664, 709, 722, 727, 760, 768, 795, 798, 809, 953, 954, 983, 996, 997, 998], [43, 163, 198, 245, 248, 263, 271, 282, 315, 452, 457, 473, 508, 536, 721, 927], [29, 120, 226, 230, 337, 352, 405, 421, 466, 539, 585, 636, 638, 645, 664, 673, 702, 730, 744, 746, 757, 758, 996], [79, 172, 173, 227, 261, 266, 300, 304, 316, 338, 371, 424, 498, 509, 516, 535, 567, 570, 614, 673, 718, 747, 754, 756, 777, 791, 792, 799, 809, 841, 847, 888, 891, 910, 918, 929, 950, 953, 963, 964, 970, 976, 982, 993], [1, 8, 39, 45, 57, 122, 492, 622, 855, 888], [35, 156, 167, 199, 249, 265, 302, 326, 338, 363, 405, 418, 458, 477, 536, 548, 557, 581, 619, 622, 689, 765, 821, 835, 841, 844, 850, 872, 910, 924, 926, 944, 962, 965, 988, 993, 995, 999, 1000], [4, 18, 24, 49, 88, 100, 109, 877, 989, 998], [28, 107, 120, 165, 168, 181, 184, 209, 279, 821, 962], [89, 101, 120, 123, 173, 218, 317, 338, 344, 405, 503, 536, 579, 582, 603, 630, 640, 687, 710, 718, 740, 805, 869, 927, 943, 946, 950, 997], [105, 106, 131, 196, 228, 235, 315, 342, 395, 438, 468, 562, 721, 888, 907, 982], [96, 152, 162, 249, 275, 327, 350, 430, 448, 491, 519, 754, 899, 996, 999], [149, 164, 173, 179, 193, 198, 266, 326, 371, 393, 515, 516, 522, 536, 558, 570, 656, 700, 725, 754, 756, 766, 788, 799, 821, 834, 837, 857, 872, 883, 888, 927, 946, 953, 963, 971, 975, 979, 982, 988, 989, 992], [120, 132, 146, 219, 233, 243, 375, 380, 431, 488, 534, 551, 570, 575, 796, 868, 992], [62, 120, 167, 249, 266, 338, 363, 436, 500, 545, 578, 619, 623, 664, 673, 686, 716, 754, 779, 806, 821, 837, 841, 846, 850, 855, 862, 877, 892, 899, 933, 943, 954, 958, 963, 973, 975, 977, 983, 992, 995, 996, 998], [2, 86, 128, 239, 309, 318, 365, 426, 499, 525, 611, 624, 631, 661, 664, 855, 868, 965, 982], [79, 211, 223, 242, 361, 385, 430, 436, 515, 516, 522, 547, 548, 570, 589, 623, 735, 762, 788, 792, 796, 802, 803, 821, 864, 888, 895, 899, 935, 936, 940, 951, 959, 965, 968, 971, 974, 985, 989, 994, 999], [127, 234, 249, 253, 290, 347, 358, 364, 406, 415, 429, 440, 462, 492, 603], [14, 44, 46, 67, 78, 82, 84, 97, 548, 943], [20, 173, 299, 317, 370, 371, 391, 397, 430, 500, 516, 524, 542, 544, 594, 644, 649, 667, 673, 718, 728, 792, 808, 878, 927, 950, 971, 989, 995, 997], [16, 137, 220, 236, 316, 317, 384, 463, 538, 556, 595, 612, 650, 660, 693, 705, 717, 721, 736, 850, 994, 1000], [3, 41, 66, 76, 118, 129, 134, 221, 315, 983, 989], [23, 258, 265, 278, 326, 336, 361, 413, 469, 500, 529, 540, 545, 581, 619, 650, 673, 712, 713, 716, 783, 789, 796, 812, 837, 841, 842, 877, 903, 916, 954, 962, 995], [13, 54, 59, 68, 70, 90, 91, 98, 113, 716], [50, 53, 74, 143, 210, 213, 272, 291, 311, 361, 386, 389, 837, 994], [120, 150, 177, 198, 273, 357, 369, 383, 407, 423, 436, 476, 478, 868, 992], [79, 167, 249, 266, 278, 315, 326, 346, 363, 430, 436, 515, 522, 523, 536, 548, 581, 591, 619, 622, 631, 647, 698, 751, 753, 754, 756, 788, 790, 796, 799, 821, 824, 855, 866, 872, 877, 880, 888, 899, 910, 949, 953, 963, 965, 975, 988, 993, 999, 1000], [117, 195, 277, 316, 325, 343, 354, 489, 527, 566, 571, 577, 581, 599, 613, 646, 665, 682, 699, 714, 850, 999], [34, 36, 87, 183, 222, 284, 340, 362, 382, 420, 446, 449, 501, 631, 721, 907], [83, 175, 190, 267, 315, 400, 414, 439, 444, 505, 531, 622, 631, 799, 985, 998, 1000], [31, 92, 120, 170, 265, 278, 308, 359, 361, 381, 492, 493, 526, 543, 588, 650, 683, 701, 862, 943], [47, 130, 169, 189, 208, 265, 316, 511, 528, 561, 575, 587, 608, 650, 738, 742, 850, 928, 946, 982, 994, 1000], [79, 81, 261, 293, 353, 377, 379, 482, 486, 492, 530, 550, 552, 593, 602, 950, 983, 985], [37, 157, 249, 256, 278, 315, 316, 326, 360, 430, 494, 515, 516, 522, 548, 580, 581, 616, 708, 719, 770, 821, 845, 855, 872, 884, 889, 890, 962, 963, 965, 988, 992, 995, 999], [110, 167, 173, 238, 334, 338, 363, 374, 412, 425, 443, 504, 569, 570, 581, 600, 603, 655, 667, 734, 756, 761, 827, 831, 869, 874, 886, 891, 897, 898, 905, 915, 921, 928, 931, 941, 946, 982, 993], [11, 21, 52, 75, 102, 103, 104, 121, 575, 631], [33, 93, 101, 120, 198, 266, 306, 317, 341, 361, 372, 422, 546, 632, 642, 643, 651, 667, 687, 731, 809, 839, 860, 863, 864, 869, 873, 891, 911, 928, 943, 950], [6, 17, 79, 114, 119, 198, 250, 268, 326, 363, 371, 436, 545, 574, 581, 622, 623, 637, 639, 647, 679, 739, 780, 822, 829, 832, 841, 887, 908, 917, 925, 930, 942, 945, 952, 975, 992, 994, 1000], [126, 167, 292, 361, 363, 405, 419, 430, 436, 467, 500, 515, 545, 622, 623, 664, 711, 716, 754, 759, 843, 855, 862, 868, 877, 899, 909, 927, 938, 946, 948, 954, 960, 961, 962, 967, 975, 983, 995, 996, 998], [9, 48, 72, 140, 185, 186, 187, 191, 201, 229, 721], [55, 139, 167, 202, 215, 237, 261, 262, 280, 326, 398, 404, 456, 492, 513, 549, 603, 619, 634, 664, 672, 715, 731, 771, 775, 852, 867, 872, 912, 914, 962, 965, 988], [19, 244, 361, 460, 492, 518, 537, 545, 555, 560, 565, 609, 617, 850, 862, 907, 910, 928], [15, 56, 264, 265, 302, 396, 411, 461, 474, 484, 502, 515, 548, 606, 619, 623, 658, 670, 673, 675, 716, 814, 836, 838, 871, 899, 946, 996, 997], [7, 95, 197, 203, 232, 241, 281, 316, 331, 445, 487, 592, 597, 650, 862, 907, 962, 983], [101, 111, 112, 154, 225, 240, 287, 288, 348, 351, 366, 376, 409, 515, 575], [79, 261, 302, 316, 392, 454, 465, 475, 490, 501, 575, 601, 607, 610, 650, 721, 729, 731, 733, 809, 837, 864, 872, 907, 927, 939, 994, 998], [125, 171, 367, 492, 497, 522, 618, 628, 652, 653, 677, 680, 681, 696, 731, 748, 769, 800, 810, 823, 826, 828, 856, 864, 868, 869, 939, 943], [5, 58, 65, 99, 115, 136, 147, 176, 182, 603, 872], [77, 144, 148, 257, 261, 298, 314, 345, 402, 451, 453, 470, 512, 721, 907, 946], [69, 166, 261, 302, 312, 317, 323, 371, 433, 436, 492, 501, 510, 559, 570, 667, 687, 697, 716, 731, 756, 792, 796, 809, 851, 864, 869, 891, 910, 922, 927, 939, 943, 953, 975, 985, 993, 997], [173, 198, 260, 265, 266, 371, 388, 471, 516, 517, 533, 641, 647, 687, 695, 718, 737, 743, 756, 772, 788, 792, 796, 821, 833, 849, 900, 910, 913, 919, 923, 928, 937, 953, 955, 963, 971, 981, 982, 988, 989, 997, 999], [40, 116, 252, 255, 399, 442, 447, 516, 522, 605, 629, 633, 662, 684, 732, 741, 774, 809, 813, 825, 862, 864, 869, 872, 928, 939], [25, 153, 159, 161, 180, 204, 254, 297, 319, 387, 434, 939, 971, 985], [101, 124, 155, 173, 188, 317, 338, 349, 355, 416, 603, 619, 627, 654, 667, 685, 692, 718, 776, 781, 793, 850, 861, 868, 875, 876, 885, 989, 997, 1000], [38, 63, 101, 141, 315, 333, 501, 731, 788, 950, 975, 995], [27, 80, 135, 246, 259, 296, 305, 322, 339, 378, 394, 405, 563, 631, 792, 985, 998], [138, 178, 200, 207, 212, 214, 269, 289, 295, 329, 335, 427, 536], [30, 51, 71, 278, 313, 328, 356, 371, 417, 480, 481, 501, 572, 575, 631, 650, 676, 721, 749, 755, 799, 817, 907, 992, 993, 994]]
print random_nodes: [[714], [699], [867], [437], [55], [568], [585], [665], [328], [100], [417], [974], [881], [133], [729], [256], [487], [812], [619], [131], [51], [933], [995], [548], [494], [647], [130], [728], [67], [898], [691], [906]]
args__________ ([[714]],)
args__________ ([[699]],)
args__________ ([[867]],)
args__________ ([[437]],)
args__________ ([[55]],)
args__________ ([[568]],)
args__________ ([[585]],)
args__________ ([[665]],)
args__________ ([[328]],)
args__________ ([[100]],)
args__________ ([[417]],)
args__________ ([[974]],)
args__________ ([[881]],)
args__________ ([[133]],)
args__________ ([[729]],)
args__________ ([[256]],)
args__________ ([[487]],)
args__________ ([[812]],)
args__________ ([[619]],)
args__________ ([[131]],)
args__________ ([[51]],)
args__________ ([[933]],)
args__________ ([[995]],)
args__________ ([[548]],)
args__________ ([[494]],)
args__________ ([[647]],)
args__________ ([[130]],)
args__________ ([[728]],)
args__________ ([[67]],)
args__________ ([[898]],)
args__________ ([[691]],)
args__________ ([[906]],)
finish process_num processes get single node nature community___________________
length of left_nodes_list__________:  681
print random_nodes: [[879], [952], [894], [439], [431], [673], [631], [988], [863], [937], [904], [551], [77], [664], [344], [622], [925], [687], [449], [201], [785], [339], [375], [560], [296], [609], [497], [990], [155], [615], [167], [637]]
args__________ ([[879]],)
args__________ ([[952]],)
args__________ ([[894]],)
args__________ ([[439]],)
args__________ ([[431]],)
args__________ ([[673]],)
args__________ ([[631]],)
args__________ ([[988]],)
args__________ ([[863]],)
args__________ ([[937]],)
args__________ ([[904]],)
args__________ ([[551]],)
args__________ ([[77]],)
args__________ ([[664]],)
args__________ ([[344]],)
args__________ ([[622]],)
args__________ ([[925]],)
args__________ ([[687]],)
args__________ ([[449]],)
args__________ ([[201]],)
args__________ ([[785]],)
args__________ ([[339]],)
args__________ ([[375]],)
args__________ ([[560]],)
args__________ ([[296]],)
args__________ ([[609]],)
args__________ ([[497]],)
args__________ ([[990]],)
args__________ ([[155]],)
args__________ ([[615]],)
args__________ ([[167]],)
args__________ ([[637]],)
finish process_num processes get single node nature community___________________
length of left_nodes_list__________:  416
print random_nodes: [[889], [424], [823], [199], [716], [884], [436], [94], [297], [985], [458], [821], [26], [137], [689], [236], [163], [963], [56], [411], [558], [91], [927], [43], [567], [295], [498], [736], [521], [292], [751], [844]]
args__________ ([[889]],)
args__________ ([[424]],)
args__________ ([[823]],)
args__________ ([[199]],)
args__________ ([[716]],)
args__________ ([[884]],)
args__________ ([[436]],)
args__________ ([[94]],)
args__________ ([[297]],)
args__________ ([[985]],)
args__________ ([[458]],)
args__________ ([[821]],)
args__________ ([[26]],)
args__________ ([[137]],)
args__________ ([[689]],)
args__________ ([[236]],)
args__________ ([[163]],)
args__________ ([[963]],)
args__________ ([[56]],)
args__________ ([[411]],)
args__________ ([[558]],)
args__________ ([[91]],)
args__________ ([[927]],)
args__________ ([[43]],)
args__________ ([[567]],)
args__________ ([[295]],)
args__________ ([[498]],)
args__________ ([[736]],)
args__________ ([[521]],)
args__________ ([[292]],)
args__________ ([[751]],)
args__________ ([[844]],)
finish process_num processes get single node nature community___________________
length of left_nodes_list__________:  211
print random_nodes: [[907], [500], [530], [166], [147], [588], [997], [376], [888], [554], [316], [993], [938], [85], [979], [302], [442], [405], [877], [722], [5], [240], [482], [684], [880], [31], [701], [324], [285], [788], [851], [361]]
args__________ ([[907]],)
args__________ ([[500]],)
args__________ ([[530]],)
args__________ ([[166]],)
args__________ ([[147]],)
args__________ ([[588]],)
args__________ ([[997]],)
args__________ ([[376]],)
args__________ ([[888]],)
args__________ ([[554]],)
args__________ ([[316]],)
args__________ ([[993]],)
args__________ ([[938]],)
args__________ ([[85]],)
args__________ ([[979]],)
args__________ ([[302]],)
args__________ ([[442]],)
args__________ ([[405]],)
args__________ ([[877]],)
args__________ ([[722]],)
args__________ ([[5]],)
args__________ ([[240]],)
args__________ ([[482]],)
args__________ ([[684]],)
args__________ ([[880]],)
args__________ ([[31]],)
args__________ ([[701]],)
args__________ ([[324]],)
args__________ ([[285]],)
args__________ ([[788]],)
args__________ ([[851]],)
args__________ ([[361]],)
finish process_num processes get single node nature community___________________
length of left_nodes_list__________:  82
print random_nodes: [[975], [841], [603], [965], [799], [278], [989], [962], [275], [910], [261], [492], [491], [667], [198], [721], [718], [939], [994], [998], [855], [536], [162], [999], [350], [519], [850], [982], [96], [899], [964], [120]]
args__________ ([[975]],)
args__________ ([[841]],)
args__________ ([[603]],)
args__________ ([[965]],)
args__________ ([[799]],)
args__________ ([[278]],)
args__________ ([[989]],)
args__________ ([[962]],)
args__________ ([[275]],)
args__________ ([[910]],)
args__________ ([[261]],)
args__________ ([[492]],)
args__________ ([[491]],)
args__________ ([[667]],)
args__________ ([[198]],)
args__________ ([[721]],)
args__________ ([[718]],)
args__________ ([[939]],)
args__________ ([[994]],)
args__________ ([[998]],)
args__________ ([[855]],)
args__________ ([[536]],)
args__________ ([[162]],)
args__________ ([[999]],)
args__________ ([[350]],)
args__________ ([[519]],)
args__________ ([[850]],)
args__________ ([[982]],)
args__________ ([[96]],)
args__________ ([[899]],)
args__________ ([[964]],)
args__________ ([[120]],)
finish process_num processes get single node nature community___________________
length of left_nodes_list__________:  45
print random_nodes: [[792], [430], [266], [824], [173], [326], [950], [943], [754], [756], [983], [515], [249], [545], [796], [837], [650], [575], [953], [809], [862], [928], [872], [992], [317], [1000], [869], [371], [996], [868], [866], [891]]
args__________ ([[792]],)
args__________ ([[430]],)
args__________ ([[266]],)
args__________ ([[824]],)
args__________ ([[173]],)
args__________ ([[326]],)
args__________ ([[950]],)
args__________ ([[943]],)
args__________ ([[754]],)
args__________ ([[756]],)
args__________ ([[983]],)
args__________ ([[515]],)
args__________ ([[249]],)
args__________ ([[545]],)
args__________ ([[796]],)
args__________ ([[837]],)
args__________ ([[650]],)
args__________ ([[575]],)
args__________ ([[953]],)
args__________ ([[809]],)
args__________ ([[862]],)
args__________ ([[928]],)
args__________ ([[872]],)
args__________ ([[992]],)
args__________ ([[317]],)
args__________ ([[1000]],)
args__________ ([[869]],)
args__________ ([[371]],)
args__________ ([[996]],)
args__________ ([[868]],)
args__________ ([[866]],)
args__________ ([[891]],)
finish process_num processes get single node nature community___________________
length of left_nodes_list__________:  10
print random_nodes: [[570], [581], [971], [864], [522], [516], [954], [623], [946], [363]]
args__________ ([[570]],)
args__________ ([[581]],)
args__________ ([[971]],)
args__________ ([[864]],)
args__________ ([[522]],)
args__________ ([[516]],)
args__________ ([[954]],)
args__________ ([[623]],)
args__________ ([[946]],)
args__________ ([[363]],)
finish process_num processes get single node nature community___________________
length of left_nodes_list__________:  0
commplete get_all_nature_community, length:  202
after deal_communities, length:______________ 136
fits_dic 136
above ave fitness communities 69 [0.8269230769230769, 0.8269230769230769, 0.5267489711934157, 0.7891566265060241, 0.8269230769230769, 0.7352941176470589, 0.6220095693779905, 0.6246575342465753, 0.5019607843137255, 0.5963636363636363, 0.6060606060606061, 0.6293103448275862, 0.7340267459138187, 0.5527950310559007, 0.7041742286751361, 0.5, 0.5555555555555556, 0.6645962732919255, 0.5804066543438078, 0.6141078838174274, 0.6363636363636364, 0.5274725274725275, 0.649746192893401, 0.6607669616519174, 0.602711157455683, 0.649746192893401, 0.53125, 0.7041742286751361, 0.5821917808219178, 0.746606334841629, 0.6, 0.5821917808219178, 0.5949367088607594, 0.5358851674641149, 0.7460815047021944, 0.7460815047021944, 0.5058365758754864, 0.536741214057508, 0.5504087193460491, 0.7799227799227799, 0.6711409395973155, 0.6585365853658537, 0.6424870466321243, 0.5905707196029777, 0.6007067137809188, 0.5686274509803921, 0.6178861788617886, 0.49333333333333335, 0.5429362880886427, 0.556390977443609, 0.6666666666666666, 0.6407766990291263, 0.5497076023391813, 0.5949008498583569, 0.7848101265822784, 0.5701357466063348, 0.7071823204419889, 0.6742209631728046, 0.5989304812834224, 0.7241379310344828, 0.6751592356687898, 0.4973544973544973, 0.4954954954954955, 0.5434782608695652, 0.5555555555555556, 0.4979919678714859, 0.6354515050167224, 0.6333333333333333, 0.6458333333333334]
----------------------------------The detection result is: 

all communities: 
i =  1 : [117, 195, 277, 325, 343, 354, 489, 527, 566, 571, 577, 599, 613, 646, 665, 682, 699, 714]
i =  2 : [117, 195, 277, 325, 343, 354, 489, 527, 566, 571, 577, 599, 613, 646, 665, 682, 699, 714]
i =  3 : [12, 274, 283, 472, 568, 604, 666, 723, 818, 819, 820, 848]
i =  4 : [29, 226, 230, 337, 352, 421, 466, 539, 585, 636, 638, 645, 702, 730, 744, 746, 757, 758]
i =  5 : [117, 195, 277, 325, 343, 354, 489, 527, 566, 571, 577, 599, 613, 646, 665, 682, 699, 714]
i =  6 : [64, 133, 160, 205, 224, 276, 485, 532, 586, 596, 674, 704, 764, 773, 778, 797, 858, 881]
i =  7 : [127, 133, 234, 253, 290, 347, 358, 364, 406, 415, 429, 440, 462]
i =  8 : [1, 8, 23, 39, 45, 57, 122, 258, 336, 413, 469, 529, 540, 712, 713, 783, 789, 812, 842, 903, 916]
i =  9 : [47, 130, 169, 189, 208, 511, 528, 561, 587, 608, 619, 738, 742]
i =  10 : [30, 51, 71, 313, 328, 338, 356, 417, 480, 481, 572, 676, 749, 755, 817]
i =  11 : [14, 44, 46, 67, 78, 82, 84, 97, 548]
i =  12 : [110, 238, 334, 374, 412, 425, 443, 504, 569, 600, 647, 655, 734, 761, 827, 831, 874, 886, 897, 898, 905, 915, 921, 931, 941]
i =  13 : [28, 107, 110, 165, 168, 181, 184, 209, 238, 279, 334, 374, 412, 425, 443, 504, 569, 600, 655, 734, 761, 827, 831, 874, 886, 897, 898, 905, 915, 921, 931, 941]
i =  14 : [251, 321, 368, 455, 576, 620, 663, 669, 688, 691, 853, 882, 901, 934]
i =  15 : [6, 17, 114, 119, 250, 268, 574, 637, 639, 679, 739, 780, 822, 829, 832, 887, 908, 917, 925, 930, 942, 945, 952]
i =  16 : [20, 299, 370, 391, 397, 524, 542, 544, 594, 644, 649, 673, 728, 808, 878]
i =  17 : [11, 21, 52, 75, 102, 103, 104, 121, 631]
i =  18 : [33, 93, 306, 341, 372, 422, 546, 632, 642, 643, 651, 839, 860, 863, 873, 911]
i =  19 : [260, 388, 471, 517, 533, 641, 695, 737, 743, 772, 833, 849, 900, 913, 919, 923, 937, 955, 981]
i =  20 : [2, 86, 128, 239, 309, 318, 365, 426, 499, 525, 611, 624, 661, 664]
i =  21 : [89, 123, 218, 344, 503, 579, 582, 630, 640, 710, 740, 805]
i =  22 : [124, 155, 188, 349, 355, 416, 627, 654, 685, 687, 692, 776, 781, 793, 861, 875, 876, 885]
i =  23 : [22, 192, 217, 583, 615, 625, 671, 703, 706, 750, 763, 785]
i =  24 : [42, 60, 206, 410, 435, 437, 483, 496, 497, 520, 541, 573, 621, 668, 678, 694, 720, 745, 784, 786, 804, 815, 879, 893, 894, 904]
i =  25 : [50, 53, 74, 143, 210, 213, 265, 270, 272, 291, 294, 307, 311, 386, 389, 390, 626, 648, 659, 767, 782, 794, 801, 811, 816, 830, 859, 902, 932, 947, 966, 969, 986, 987, 990, 991]
i =  26 : [22, 192, 217, 583, 615, 625, 671, 703, 706, 750, 763, 785]
i =  27 : [167, 211, 223, 242, 385, 547, 589, 735, 762, 802, 803, 895, 935, 936, 940, 951, 959, 968, 974]
i =  28 : [6, 17, 114, 119, 250, 268, 574, 637, 639, 679, 739, 780, 822, 829, 832, 887, 908, 917, 925, 930, 942, 945, 952]
i =  29 : [37, 157, 256, 360, 494, 580, 616, 708, 719, 770, 845, 884, 889, 890]
i =  30 : [125, 171, 367, 497, 618, 628, 652, 653, 677, 680, 681, 696, 748, 769, 800, 810, 823, 826, 828, 856]
i =  31 : [13, 54, 59, 68, 70, 90, 91, 98, 113, 716]
i =  32 : [37, 157, 256, 360, 494, 580, 616, 708, 719, 770, 845, 884, 889, 890]
i =  33 : [150, 177, 273, 357, 369, 383, 407, 423, 436, 476, 478]
i =  34 : [132, 146, 219, 233, 236, 243, 375, 380, 431, 488, 534, 551]
i =  35 : [15, 56, 264, 396, 411, 461, 474, 484, 502, 606, 658, 670, 675, 814, 836, 838, 871]
i =  36 : [15, 56, 264, 396, 411, 461, 474, 484, 502, 606, 658, 670, 675, 814, 836, 838, 871]
i =  37 : [77, 144, 148, 257, 298, 314, 345, 402, 451, 453, 470, 498, 512]
i =  38 : [35, 156, 199, 418, 458, 477, 557, 689, 765, 835, 844, 924, 926, 944]
i =  39 : [145, 247, 330, 441, 459, 500, 514, 554, 635, 709, 722, 727, 760, 768, 795, 798]
i =  40 : [13, 54, 59, 68, 70, 81, 90, 91, 98, 113, 293, 353, 377, 379, 482, 486, 530, 550, 552, 593, 602]
i =  41 : [5, 7, 58, 65, 95, 99, 115, 136, 147, 176, 182, 197, 203, 232, 241, 281, 316, 331, 445, 487, 592, 597]
i =  42 : [10, 73, 85, 142, 216, 231, 286, 301, 302, 310, 401, 479]
i =  43 : [27, 80, 135, 246, 259, 296, 305, 322, 339, 378, 394, 405, 563]
i =  44 : [47, 130, 145, 169, 189, 208, 247, 330, 441, 459, 511, 514, 554, 561, 635, 709, 722, 727, 760, 768, 795, 798]
i =  45 : [26, 194, 285, 324, 495, 506, 507, 598, 726, 752, 787, 807, 854, 870]
i =  46 : [28, 107, 165, 168, 181, 184, 209, 279, 361]
i =  47 : [5, 58, 65, 99, 115, 136, 147, 176, 182, 603]
i =  48 : [5, 58, 65, 99, 115, 136, 147, 176, 182, 799]
i =  49 : [5, 58, 65, 99, 115, 136, 147, 176, 182, 211, 223, 242, 278, 385, 547, 589, 735, 762, 802, 803, 895, 935, 936]
i =  50 : [13, 54, 59, 68, 70, 90, 91, 98, 113, 667]
i =  51 : [9, 48, 72, 140, 185, 186, 187, 191, 201, 229, 721]
i =  52 : [32, 151, 158, 303, 320, 332, 373, 403, 428, 450, 464, 521, 718]
i =  53 : [19, 244, 460, 518, 536, 537, 555, 560, 565, 609, 617]
i =  54 : [32, 86, 151, 158, 172, 227, 300, 303, 304, 320, 332, 373, 403, 424, 428, 450, 464, 498, 509, 521, 535, 567, 614, 747, 777, 791, 847, 918, 929, 964, 970, 976]
i =  55 : [120, 138, 178, 200, 207, 212, 214, 269, 289, 295, 329, 335, 427]
i =  56 : [27, 80, 135, 246, 259, 296, 305, 322, 339, 378, 394, 563, 792]
i =  57 : [32, 151, 158, 266, 303, 320, 332, 373, 403, 428, 450, 464, 521]
i =  58 : [40, 116, 173, 252, 255, 399, 442, 447, 605, 629, 633, 662, 684, 732, 741, 774, 813, 825]
i =  59 : [132, 146, 219, 233, 243, 326, 375, 380, 431, 488, 534, 551]
i =  60 : [111, 112, 154, 225, 240, 287, 288, 348, 351, 366, 376, 409, 515]
i =  61 : [25, 153, 159, 161, 180, 204, 249, 254, 297, 319, 387, 434]
i =  62 : [19, 244, 460, 518, 537, 545, 555, 560, 565, 609, 617]
i =  63 : [43, 163, 245, 248, 263, 271, 282, 452, 457, 473, 508, 837]
i =  64 : [145, 247, 330, 441, 459, 514, 554, 635, 650, 709, 722, 727, 760, 768, 795, 798]
i =  65 : [11, 21, 52, 75, 102, 103, 104, 121, 575]
i =  66 : [138, 178, 200, 207, 212, 214, 269, 289, 295, 329, 335, 427, 928]
i =  67 : [16, 137, 220, 236, 371, 384, 463, 538, 556, 595, 612, 660, 693, 705, 717, 736]
i =  68 : [16, 137, 220, 236, 384, 463, 522, 538, 556, 595, 612, 660, 693, 705, 717, 736]
i =  69 : [27, 80, 135, 246, 259, 296, 305, 322, 339, 363, 378, 394, 563]
overlapping nodes are:  [5, 6, 11, 13, 15, 16, 17, 19, 21, 22, 27, 28, 32, 37, 47, 52, 54, 56, 58, 59, 65, 68, 70, 75, 80, 86, 90, 91, 98, 99, 102, 103, 104, 107, 110, 113, 114, 115, 117, 119, 121, 130, 132, 133, 135, 136, 137, 138, 145, 146, 147, 151, 157, 158, 165, 168, 169, 176, 178, 181, 182, 184, 189, 192, 195, 200, 207, 208, 209, 211, 212, 214, 217, 219, 220, 223, 233, 236, 238, 242, 243, 244, 246, 247, 250, 256, 259, 264, 268, 269, 277, 279, 289, 295, 296, 303, 305, 320, 322, 325, 329, 330, 332, 334, 335, 339, 343, 354, 360, 373, 374, 375, 378, 380, 384, 385, 394, 396, 403, 411, 412, 425, 427, 428, 431, 441, 443, 450, 459, 460, 461, 463, 464, 474, 484, 488, 489, 494, 497, 498, 502, 504, 511, 514, 518, 521, 527, 534, 537, 538, 547, 551, 554, 555, 556, 560, 561, 563, 565, 566, 569, 571, 574, 577, 580, 583, 589, 595, 599, 600, 606, 609, 612, 613, 615, 616, 617, 625, 635, 637, 639, 646, 655, 658, 660, 665, 670, 671, 675, 679, 682, 693, 699, 703, 705, 706, 708, 709, 714, 717, 719, 722, 727, 734, 735, 736, 739, 750, 760, 761, 762, 763, 768, 770, 780, 785, 795, 798, 802, 803, 814, 822, 827, 829, 831, 832, 836, 838, 845, 871, 874, 884, 886, 887, 889, 890, 895, 897, 898, 905, 908, 915, 917, 921, 925, 930, 931, 935, 936, 941, 942, 945, 952] 
 NOO is:  253
total time is:  62.9381198883
lens of ground_truth:  66
ground_truth is: [[27, 49, 124, 176, 243, 315, 321, 837, 841, 966, 987, 997], [117, 274, 289, 308, 341, 401, 406, 415, 518, 529, 576, 623, 654, 662, 670, 675, 677, 711, 748, 779, 811, 820, 841, 852, 875, 908, 919, 920, 938, 939, 941, 944, 945, 960, 964, 974, 975, 976, 978, 983, 993, 998, 999], [95, 98, 141, 175, 179, 272, 274, 316, 322, 611, 890, 973, 994], [2, 115, 132, 135, 227, 235, 255, 285, 289, 335, 641, 822, 832], [171, 193, 236, 389, 391, 429, 495, 570, 604, 614, 639, 646, 652, 687, 696, 721, 724, 741, 747, 767, 777, 785, 797, 962, 967, 982, 983], [77, 147, 150, 189, 202, 208, 357, 358, 421, 434, 511, 544, 561, 563, 577, 670, 687, 832, 919], [24, 39, 57, 89, 126, 191, 211, 228, 289, 816, 997], [22, 70, 100, 159, 185, 310, 341, 374, 438, 451, 472, 489, 504, 516, 529, 603, 611, 616, 644, 648, 667, 684, 686, 703, 758, 802, 805, 816, 821, 843, 856, 861, 883, 899, 909, 916, 933, 940, 958, 967, 969, 993, 998], [59, 60, 81, 109, 173, 185, 201, 275, 646, 723, 887, 963], [69, 332, 341, 395, 431, 441, 454, 495, 501, 514, 529, 549, 572, 599, 614, 656, 669, 706, 708, 774, 819, 822, 843, 861, 862, 874, 887, 889, 911, 925, 958, 963, 985, 987, 993, 1000], [130, 234, 299, 521, 533, 556, 605, 611, 625, 637, 646, 648, 662, 667, 674, 675, 687, 703, 712, 723, 762, 787, 789, 817, 821, 870, 903, 922, 966, 973, 985, 994, 997], [223, 233, 323, 328, 369, 483, 517, 523, 566, 573, 648, 649, 662, 687, 692, 703, 719, 957, 971, 982, 985, 994, 999], [48, 136, 149, 169, 177, 220, 256, 472, 862, 957, 986], [147, 185, 209, 289, 493, 539, 561, 616, 623, 641, 668, 731, 736, 740, 760, 778, 816, 822, 832, 834, 837, 843, 858, 890, 899, 908, 928, 932, 954, 963, 982, 983, 984, 993, 998, 1000], [82, 236, 374, 496, 531, 542, 548, 611, 635, 636, 657, 687, 718, 729, 739, 766, 812, 815, 885, 890, 910, 945, 967, 981, 985, 987, 989], [147, 194, 372, 374, 393, 460, 483, 491, 495, 503, 578, 617, 618, 626, 675, 680, 723, 790, 818, 860, 861, 872, 880, 887, 922, 954, 957, 966, 971, 987, 997], [107, 148, 151, 215, 216, 230, 372, 410, 425, 481, 485, 496, 515, 575, 588, 613, 778, 960, 963, 968], [68, 144, 352, 445, 464, 469, 478, 533, 646, 822, 834, 856, 899, 919, 984], [16, 26, 108, 137, 158, 230, 312, 446, 451, 470, 491, 502, 597, 600, 609, 612, 662, 966, 969, 981, 985], [41, 129, 180, 203, 295, 301, 398, 402, 420, 497, 506, 514, 529, 565, 589, 637, 641, 642, 793, 802, 806, 814, 816, 835, 840, 862, 886, 888, 910, 930, 949, 954, 962, 963, 966, 968, 982, 984, 997, 998], [156, 230, 305, 372, 373, 394, 442, 449, 453, 488, 491, 540, 567, 592, 611, 637, 682, 699, 729, 752, 775, 809, 837, 870, 880, 881, 898, 904, 954, 960, 968, 985, 997], [90, 102, 212, 288, 327, 380, 498, 528, 533, 536, 539, 540, 547, 574, 579, 616, 627, 634, 637, 673, 677, 753, 757, 771, 837, 842, 870, 879, 880, 885, 887, 945, 966, 976, 983, 991, 999], [47, 222, 239, 293, 374, 436, 440, 451, 496, 513, 537, 595, 614, 623, 640, 693, 706, 714, 735, 784, 799, 816, 822, 843, 855, 857, 908, 954, 958, 967, 972, 998], [112, 185, 225, 274, 381, 451, 483, 491, 539, 540, 637, 664, 667, 670, 677, 688, 706, 729, 813, 830, 841, 842, 844, 868, 870, 880, 884, 887, 896, 897, 910, 916, 945, 955, 968, 970, 976, 984, 986, 989, 991], [40, 65, 73, 99, 199, 231, 253, 266, 286, 294, 302, 303, 648], [20, 36, 147, 155, 198, 212, 230, 282, 288, 319, 341, 372, 430, 438, 451, 533, 539, 540, 579, 594, 623, 665, 670, 677, 715, 717, 729, 778, 780, 814, 836, 841, 842, 844, 885, 916, 945, 946, 953, 969, 976, 979, 982, 983, 986, 989, 990, 991, 993, 1000], [125, 185, 217, 353, 374, 438, 456, 472, 496, 527, 593, 614, 631, 685, 689, 778, 802, 816, 822, 831, 861, 862, 919, 958, 960, 967, 968, 989], [212, 230, 288, 333, 341, 372, 408, 438, 483, 491, 495, 533, 540, 579, 580, 590, 637, 645, 646, 720, 723, 729, 742, 814, 821, 841, 856, 870, 880, 887, 908, 910, 916, 917, 922, 945, 951, 952, 954, 958, 972, 986, 991, 992, 996, 997, 999, 1000], [92, 114, 186, 212, 258, 392, 403, 458, 479, 480, 483, 505, 602, 614, 667, 670, 861, 968, 981, 989], [38, 172, 289, 390, 472, 475, 494, 496, 510, 522, 525, 541, 543, 624, 643, 651, 660, 661, 666, 678, 706, 781, 862, 973], [8, 118, 212, 236, 237, 250, 341, 360, 438, 447, 467, 468, 491, 495, 559, 561, 562, 591, 648, 675, 691, 706, 832, 850, 876, 877, 880, 887, 954, 957, 991], [15, 32, 119, 157, 197, 214, 241, 264, 268, 278, 386, 844, 922], [85, 147, 185, 212, 230, 385, 426, 450, 459, 561, 623, 641, 667, 670, 694, 756, 768, 786, 802, 822, 834, 839, 842, 843, 847, 885, 890, 893, 908, 929, 935, 936, 937, 963, 969, 972, 973, 984, 993, 994], [18, 37, 63, 72, 75, 163, 164, 616, 706, 837, 899], [12, 64, 83, 142, 178, 221, 273, 331, 345, 366, 379, 384, 399, 443, 482, 962], [147, 212, 274, 288, 365, 451, 476, 530, 533, 539, 540, 561, 579, 623, 637, 647, 670, 676, 677, 727, 729, 776, 778, 795, 814, 842, 844, 856, 885, 916, 942, 945, 962, 972, 976, 983, 986, 987, 989, 991, 994], [93, 166, 200, 374, 427, 472, 496, 561, 606, 614, 622, 641, 703, 744, 801, 816, 824, 834, 859, 885, 901, 908, 919, 958, 960, 962, 967, 968, 972, 973, 981, 998], [6, 213, 218, 229, 259, 334, 349, 361, 412, 507, 534, 614, 641, 725, 729, 743, 750, 794, 807, 808, 821, 822, 834, 837, 854, 861, 916, 962, 963, 1000], [10, 30, 58, 66, 145, 317, 338, 407, 416, 417, 428, 687, 778, 890, 993], [71, 147, 182, 279, 292, 350, 405, 422, 471, 487, 508, 514, 529, 554, 585, 596, 621, 623, 667, 704, 984, 999], [116, 192, 236, 274, 289, 414, 438, 473, 477, 539, 598, 608, 616, 630, 670, 690, 706, 730, 759, 798, 804, 814, 821, 834, 842, 844, 849, 853, 867, 885, 895, 899, 900, 924, 926, 976], [185, 236, 257, 288, 372, 375, 438, 451, 483, 495, 514, 529, 555, 611, 646, 648, 675, 697, 769, 770, 802, 814, 821, 841, 856, 861, 864, 910, 913, 916, 922, 927, 950, 956, 957, 959, 969, 971, 973, 980, 981, 982, 986, 987, 991, 994, 1000], [147, 274, 288, 289, 290, 341, 368, 411, 451, 452, 533, 539, 616, 623, 677, 701, 709, 733, 778, 792, 802, 814, 832, 841, 842, 844, 856, 862, 866, 871, 882, 885, 910, 914, 916, 922, 945, 969, 976, 977, 983, 986, 988, 989, 995, 1000], [53, 113, 121, 187, 188, 195, 206, 261, 276, 287, 297, 419, 435, 667, 703, 814, 844], [79, 86, 134, 153, 154, 160, 161, 165, 210, 662, 802], [1, 170, 249, 347, 397, 491, 492, 495, 512, 601, 607, 611, 662, 687, 700, 702, 703, 716, 738, 772, 782, 803, 821, 826, 838, 845, 957, 973, 987], [87, 168, 185, 224, 230, 289, 424, 438, 514, 552, 558, 579, 584, 616, 641, 707, 734, 765, 791, 802, 829, 832, 834, 837, 841, 843, 890, 899, 907, 908, 918, 961, 962, 969, 972, 982, 984, 993, 998, 999], [4, 11, 183, 236, 298, 376, 383, 457, 564, 579, 610, 620, 628, 662, 663, 671, 679, 713, 726, 887, 957, 960, 971], [23, 52, 80, 127, 280, 300, 304, 336, 340, 343, 356, 371, 433, 832], [5, 14, 91, 204, 232, 265, 370, 387, 432, 439, 533, 539, 648, 723], [78, 133, 146, 152, 190, 207, 238, 246, 271, 837, 966], [17, 31, 33, 35, 43, 46, 88, 101, 861, 919], [19, 51, 56, 140, 244, 251, 260, 288, 326, 462, 465, 484, 495, 500, 509, 514, 535, 538, 540, 650, 705, 732, 764, 823, 856, 862, 954, 958], [29, 123, 167, 230, 296, 346, 362, 388, 404, 437, 499, 514, 540, 551, 582, 638, 653, 659, 681, 723, 729, 788, 796, 828, 863, 870, 873, 878, 880, 899, 971], [97, 212, 281, 307, 330, 348, 418, 461, 490, 546, 561, 616, 629, 632, 683, 695, 698, 745, 754, 800, 810, 827, 833, 834, 843, 890, 891, 894, 905, 906, 912, 969, 976, 981], [7, 44, 120, 122, 128, 196, 254, 274, 284, 309, 324, 359, 364, 377], [162, 242, 252, 269, 274, 288, 354, 367, 483, 529, 557, 579, 583, 611, 637, 662, 675, 677, 687, 703, 723, 751, 773, 778, 821, 848, 902, 910, 943, 957, 958, 973, 981, 985, 986, 987, 991, 994, 997], [3, 74, 106, 131, 143, 174, 267, 291, 306, 337, 344, 971, 989], [13, 34, 42, 54, 55, 61, 62, 76, 236, 723], [25, 110, 236, 247, 263, 313, 325, 374, 396, 409, 472, 496, 526, 550, 569, 581, 587, 633, 728, 737, 746, 856, 919, 960], [50, 103, 240, 248, 262, 277, 363, 382, 444, 486, 646, 842, 967, 981, 983], [219, 339, 514, 519, 520, 529, 553, 561, 641, 648, 655, 675, 722, 783, 816, 825, 843, 846, 862, 890, 899, 908, 915, 921, 962, 963, 966, 967, 972, 982, 984, 985, 998, 999], [84, 138, 184, 226, 245, 314, 329, 342, 355, 374, 706, 832, 972], [28, 45, 94, 283, 318, 413, 455, 466, 472, 496, 545, 568, 614, 619, 844, 870, 919, 960, 968, 999], [9, 96, 104, 105, 181, 311, 320, 351, 372, 400, 448, 474, 483, 491, 579, 586, 615, 646, 658, 675, 677, 710, 749, 755, 761, 763, 851, 865, 869, 870, 880, 892, 910, 922, 923, 931, 934, 947, 948, 965, 971], [21, 67, 111, 139, 205, 270, 341, 372, 378, 423, 463, 472, 524, 532, 560, 571, 667, 672, 703, 922, 971, 994, 1000]]
print random_nodes: [[682], [731], [866], [795], [600], [31], [225], [285], [281], [510], [648], [944], [524], [497], [29], [250], [773], [811], [711], [248], [87], [819], [620], [390], [683], [823], [782], [824], [651], [692], [825], [868]]
args__________ ([[682]],)
args__________ ([[731]],)
args__________ ([[866]],)
args__________ ([[795]],)
args__________ ([[600]],)
args__________ ([[31]],)
args__________ ([[225]],)
args__________ ([[285]],)
args__________ ([[281]],)
args__________ ([[510]],)
args__________ ([[648]],)
args__________ ([[944]],)
args__________ ([[524]],)
args__________ ([[497]],)
args__________ ([[29]],)
args__________ ([[250]],)
args__________ ([[773]],)
args__________ ([[811]],)
args__________ ([[711]],)
args__________ ([[248]],)
args__________ ([[87]],)
args__________ ([[819]],)
args__________ ([[620]],)
args__________ ([[390]],)
args__________ ([[683]],)
args__________ ([[823]],)
args__________ ([[782]],)
args__________ ([[824]],)
args__________ ([[651]],)
args__________ ([[692]],)
args__________ ([[825]],)
args__________ ([[868]],)
finish process_num processes get single node nature community___________________
length of left_nodes_list__________:  580
print random_nodes: [[99], [213], [515], [787], [130], [265], [133], [81], [996], [218], [568], [836], [885], [361], [919], [259], [675], [521], [358], [337], [271], [993], [957], [187], [229], [435], [603], [973], [181], [815], [122], [196]]
args__________ ([[99]],)
args__________ ([[213]],)
args__________ ([[515]],)
args__________ ([[787]],)
args__________ ([[130]],)
args__________ ([[265]],)
args__________ ([[133]],)
args__________ ([[81]],)
args__________ ([[996]],)
args__________ ([[218]],)
args__________ ([[568]],)
args__________ ([[836]],)
args__________ ([[885]],)
args__________ ([[361]],)
args__________ ([[919]],)
args__________ ([[259]],)
args__________ ([[675]],)
args__________ ([[521]],)
args__________ ([[358]],)
args__________ ([[337]],)
args__________ ([[271]],)
args__________ ([[993]],)
args__________ ([[957]],)
args__________ ([[187]],)
args__________ ([[229]],)
args__________ ([[435]],)
args__________ ([[603]],)
args__________ ([[973]],)
args__________ ([[181]],)
args__________ ([[815]],)
args__________ ([[122]],)
args__________ ([[196]],)
finish process_num processes get single node nature community___________________
length of left_nodes_list__________:  362
print random_nodes: [[710], [737], [673], [436], [479], [893], [193], [982], [569], [714], [785], [865], [987], [640], [769], [832], [422], [926], [288], [834], [345], [539], [264], [984], [631], [214], [579], [976], [741], [63], [768], [598]]
args__________ ([[710]],)
args__________ ([[737]],)
args__________ ([[673]],)
args__________ ([[436]],)
args__________ ([[479]],)
args__________ ([[893]],)
args__________ ([[193]],)
args__________ ([[982]],)
args__________ ([[569]],)
args__________ ([[714]],)
args__________ ([[785]],)
args__________ ([[865]],)
args__________ ([[987]],)
args__________ ([[640]],)
args__________ ([[769]],)
args__________ ([[832]],)
args__________ ([[422]],)
args__________ ([[926]],)
args__________ ([[288]],)
args__________ ([[834]],)
args__________ ([[345]],)
args__________ ([[539]],)
args__________ ([[264]],)
args__________ ([[984]],)
args__________ ([[631]],)
args__________ ([[214]],)
args__________ ([[579]],)
args__________ ([[976]],)
args__________ ([[741]],)
args__________ ([[63]],)
args__________ ([[768]],)
args__________ ([[598]],)
finish process_num processes get single node nature community___________________
length of left_nodes_list__________:  127
print random_nodes: [[969], [483], [972], [980], [706], [967], [341], [985], [147], [802], [946], [407], [856], [529], [438], [843], [451], [472], [814], [953], [623], [950], [959], [185], [723], [24], [778], [989], [899], [837], [986], [667]]
args__________ ([[969]],)
args__________ ([[483]],)
args__________ ([[972]],)
args__________ ([[980]],)
args__________ ([[706]],)
args__________ ([[967]],)
args__________ ([[341]],)
args__________ ([[985]],)
args__________ ([[147]],)
args__________ ([[802]],)
args__________ ([[946]],)
args__________ ([[407]],)
args__________ ([[856]],)
args__________ ([[529]],)
args__________ ([[438]],)
args__________ ([[843]],)
args__________ ([[451]],)
args__________ ([[472]],)
args__________ ([[814]],)
args__________ ([[953]],)
args__________ ([[623]],)
args__________ ([[950]],)
args__________ ([[959]],)
args__________ ([[185]],)
args__________ ([[723]],)
args__________ ([[24]],)
args__________ ([[778]],)
args__________ ([[989]],)
args__________ ([[899]],)
args__________ ([[837]],)
args__________ ([[986]],)
args__________ ([[667]],)
finish process_num processes get single node nature community___________________
length of left_nodes_list__________:  74
print random_nodes: [[870], [994], [680], [533], [999], [212], [977], [995], [991], [922], [790], [958], [670], [662], [861], [495], [829], [791], [983], [514], [887], [961], [914], [890], [677], [907], [616], [646], [729], [981], [374], [842]]
args__________ ([[870]],)
args__________ ([[994]],)
args__________ ([[680]],)
args__________ ([[533]],)
args__________ ([[999]],)
args__________ ([[212]],)
args__________ ([[977]],)
args__________ ([[995]],)
args__________ ([[991]],)
args__________ ([[922]],)
args__________ ([[790]],)
args__________ ([[958]],)
args__________ ([[670]],)
args__________ ([[662]],)
args__________ ([[861]],)
args__________ ([[495]],)
args__________ ([[829]],)
args__________ ([[791]],)
args__________ ([[983]],)
args__________ ([[514]],)
args__________ ([[887]],)
args__________ ([[961]],)
args__________ ([[914]],)
args__________ ([[890]],)
args__________ ([[677]],)
args__________ ([[907]],)
args__________ ([[616]],)
args__________ ([[646]],)
args__________ ([[729]],)
args__________ ([[981]],)
args__________ ([[374]],)
args__________ ([[842]],)
finish process_num processes get single node nature community___________________
length of left_nodes_list__________:  36
print random_nodes: [[962], [910], [641], [963], [821], [274], [230], [916], [862], [841], [822], [637], [997], [1000], [954], [236], [540], [614], [372], [971], [844], [968], [960], [998], [908], [966], [289], [561], [491], [496], [687], [816]]
args__________ ([[962]],)
args__________ ([[910]],)
args__________ ([[641]],)
args__________ ([[963]],)
args__________ ([[821]],)
args__________ ([[274]],)
args__________ ([[230]],)
args__________ ([[916]],)
args__________ ([[862]],)
args__________ ([[841]],)
args__________ ([[822]],)
args__________ ([[637]],)
args__________ ([[997]],)
args__________ ([[1000]],)
args__________ ([[954]],)
args__________ ([[236]],)
args__________ ([[540]],)
args__________ ([[614]],)
args__________ ([[372]],)
args__________ ([[971]],)
args__________ ([[844]],)
args__________ ([[968]],)
args__________ ([[960]],)
args__________ ([[998]],)
args__________ ([[908]],)
args__________ ([[966]],)
args__________ ([[289]],)
args__________ ([[561]],)
args__________ ([[491]],)
args__________ ([[496]],)
args__________ ([[687]],)
args__________ ([[816]],)
finish process_num processes get single node nature community___________________
length of left_nodes_list__________:  4
print random_nodes: [[611], [945], [880], [703]]
args__________ ([[611]],)
args__________ ([[945]],)
args__________ ([[880]],)
args__________ ([[703]],)
finish process_num processes get single node nature community___________________
length of left_nodes_list__________:  0
commplete get_all_nature_community, length:  196
after deal_communities, length:______________ 137
fits_dic 137
above ave fitness communities 74 [0.681592039800995, 0.7208121827411168, 0.6509433962264151, 0.5174825174825175, 0.6085790884718498, 0.7655913978494624, 0.5494505494505495, 0.648068669527897, 0.6332574031890661, 0.7552674230145867, 0.6532438478747203, 0.5107692307692308, 0.4718498659517426, 0.8840579710144928, 0.5667752442996743, 0.5594855305466238, 0.5799457994579946, 0.5675675675675675, 0.710828025477707, 0.7718120805369127, 0.6109510086455331, 0.6741573033707865, 0.5458937198067633, 0.6741573033707865, 0.7561576354679803, 0.6915254237288135, 0.5873015873015873, 0.618421052631579, 0.4838709677419355, 0.5138888888888888, 0.6298850574712643, 0.5339805825242718, 0.5797101449275363, 0.6218487394957983, 0.4936708860759494, 0.5178571428571429, 0.6447368421052632, 0.5429017160686428, 0.5833333333333334, 0.5338645418326693, 0.5178571428571429, 0.6384364820846905, 0.5084745762711864, 0.5463414634146342, 0.4855072463768116, 0.54, 0.5837837837837838, 0.4797507788161994, 0.5547445255474452, 0.6428571428571429, 0.5344827586206896, 0.6565656565656566, 0.5793991416309013, 0.4713375796178344, 0.5829596412556054, 0.6008771929824561, 0.578125, 0.5283018867924528, 0.4793388429752066, 0.5568627450980392, 0.5405405405405406, 0.7164948453608248, 0.5427509293680297, 0.6744186046511628, 0.5138888888888888, 0.6033519553072626, 0.6198347107438017, 0.5454545454545454, 0.4693140794223827, 0.7446808510638298, 0.6532663316582915, 0.5851063829787234, 0.535031847133758, 0.6146788990825688]
----------------------------------The detection result is: 

all communities: 
i =  1 : [156, 305, 373, 394, 442, 449, 453, 488, 567, 592, 682, 699, 752, 775, 809, 881, 898, 904]
i =  2 : [16, 26, 108, 137, 158, 312, 446, 470, 502, 597, 600, 609, 612]
i =  3 : [38, 172, 390, 475, 494, 510, 522, 525, 541, 542, 543, 624, 643, 651, 660, 661, 666, 678, 781]
i =  4 : [84, 138, 184, 226, 245, 314, 329, 342, 355, 648]
i =  5 : [117, 308, 401, 406, 415, 518, 576, 654, 711, 748, 779, 811, 820, 852, 875, 920, 938, 939, 941, 944, 964, 974, 975, 978]
i =  6 : [29, 123, 167, 296, 346, 362, 388, 404, 437, 499, 551, 582, 638, 653, 659, 681, 788, 796, 828, 863, 873, 878]
i =  7 : [162, 242, 252, 269, 354, 367, 557, 583, 751, 773, 848, 902, 943]
i =  8 : [69, 332, 395, 431, 441, 454, 501, 549, 572, 599, 656, 669, 708, 774, 819, 874, 889, 911, 925]
i =  9 : [19, 51, 56, 140, 244, 251, 260, 326, 390, 462, 465, 484, 500, 509, 535, 538, 650, 705, 732, 764, 823]
i =  10 : [97, 281, 307, 330, 348, 418, 461, 490, 546, 629, 632, 683, 695, 698, 745, 754, 800, 810, 827, 833, 891, 894, 905, 906, 912]
i =  11 : [1, 92, 170, 249, 347, 397, 492, 512, 601, 607, 700, 702, 716, 738, 772, 782, 803, 826, 838, 845]
i =  12 : [93, 95, 98, 141, 166, 175, 179, 200, 272, 316, 322, 427, 606, 622, 744, 801, 824, 859, 901]
i =  13 : [48, 136, 149, 169, 177, 219, 220, 256, 339, 519, 520, 553, 655, 722, 783, 825, 846, 915, 921]
i =  14 : [40, 65, 73, 99, 199, 231, 253, 266, 286, 294, 302, 303]
i =  15 : [130, 234, 299, 521, 556, 605, 625, 674, 712, 762, 787, 789, 817, 903]
i =  16 : [41, 129, 130, 180, 203, 295, 301, 398, 402, 420, 497, 506, 565, 589, 642, 793, 806, 835, 840, 886, 888, 930, 949]
i =  17 : [4, 11, 183, 298, 376, 383, 457, 564, 610, 620, 628, 663, 671, 675, 679, 713, 726]
i =  18 : [22, 70, 100, 159, 310, 489, 504, 516, 603, 644, 684, 686, 758, 805, 883, 909, 933, 940]
i =  19 : [9, 96, 104, 105, 181, 192, 311, 320, 351, 400, 448, 474, 586, 615, 658, 710, 749, 755, 761, 763, 851, 865, 869, 892, 923, 931, 934, 947, 948, 965]
i =  20 : [25, 110, 247, 263, 313, 325, 396, 409, 526, 550, 569, 581, 587, 633, 728, 737, 746]
i =  21 : [90, 102, 327, 380, 498, 528, 536, 547, 574, 627, 634, 673, 753, 757, 771, 879]
i =  22 : [47, 222, 239, 293, 436, 440, 513, 537, 595, 640, 693, 714, 735, 784, 799, 855, 857]
i =  23 : [85, 385, 426, 450, 459, 694, 756, 768, 786, 839, 847, 893, 929, 935, 936, 937]
i =  24 : [47, 222, 239, 293, 436, 440, 513, 537, 595, 640, 693, 714, 735, 784, 799, 855, 857]
i =  25 : [9, 13, 34, 42, 54, 55, 61, 62, 76, 96, 104, 105, 181, 311, 320, 351, 400, 448, 474, 586, 615, 658, 710, 749, 755, 761, 763, 851, 865, 869, 892, 923, 931, 934, 947, 948, 965]
i =  26 : [78, 116, 133, 146, 152, 190, 192, 207, 238, 246, 271, 414, 473, 477, 598, 608, 630, 690, 730, 759, 798, 804, 849, 853, 867, 895, 900, 924, 926]
i =  27 : [84, 138, 184, 226, 245, 288, 314, 329, 342, 355]
i =  28 : [5, 14, 91, 204, 232, 265, 370, 387, 432, 439, 539]
i =  29 : [125, 217, 353, 456, 527, 593, 631, 685, 689, 831]
i =  30 : [79, 86, 134, 153, 154, 160, 161, 165, 210, 579]
i =  31 : [87, 171, 193, 389, 391, 429, 570, 604, 639, 652, 696, 721, 724, 741, 747, 767, 777, 785, 797]
i =  32 : [92, 114, 186, 258, 392, 403, 458, 479, 480, 483, 505, 602]
i =  33 : [21, 67, 111, 139, 205, 270, 341, 378, 423, 463, 524, 532, 560, 571, 672]
i =  34 : [77, 147, 150, 189, 202, 208, 357, 358, 421, 434, 511, 544, 563, 577]
i =  35 : [79, 86, 134, 153, 154, 160, 161, 165, 210, 802]
i =  36 : [20, 36, 155, 198, 282, 319, 430, 594, 665, 715, 717, 780, 836, 946, 953, 979, 990]
i =  37 : [71, 182, 279, 292, 350, 405, 422, 471, 487, 508, 529, 554, 585, 596, 621, 704]
i =  38 : [41, 129, 180, 203, 295, 301, 398, 402, 420, 438, 497, 506, 565, 589, 642, 793, 806, 835, 840, 886, 888, 930, 949]
i =  39 : [12, 64, 83, 142, 178, 221, 273, 331, 345, 366, 379, 384, 399, 443, 482, 843]
i =  40 : [53, 113, 121, 187, 188, 195, 206, 261, 276, 287, 297, 419, 435, 814]
i =  41 : [20, 36, 155, 198, 282, 319, 430, 594, 665, 715, 717, 780, 836, 946, 953, 979, 990]
i =  42 : [71, 182, 279, 292, 350, 405, 422, 471, 487, 508, 554, 585, 596, 621, 623, 704]
i =  43 : [13, 34, 42, 54, 55, 61, 62, 76, 723]
i =  44 : [10, 30, 58, 66, 145, 317, 338, 407, 416, 417, 428, 778]
i =  45 : [53, 113, 121, 140, 187, 188, 195, 206, 261, 276, 287, 297, 419, 435, 667]
i =  46 : [28, 45, 94, 283, 318, 413, 455, 466, 533, 545, 568, 619]
i =  47 : [92, 114, 186, 212, 258, 392, 403, 458, 479, 480, 505, 602]
i =  48 : [93, 194, 393, 460, 503, 578, 617, 618, 626, 680, 790, 818, 860, 872]
i =  49 : [79, 86, 134, 153, 154, 160, 161, 165, 210, 662]
i =  50 : [10, 30, 58, 66, 145, 317, 338, 407, 416, 417, 428, 495]
i =  51 : [17, 31, 33, 35, 43, 46, 87, 88, 101, 168, 224, 424, 552, 558, 584, 707, 734, 765, 791, 829, 907, 918, 961]
i =  52 : [53, 113, 121, 187, 188, 195, 206, 261, 276, 287, 297, 419, 435, 514]
i =  53 : [23, 52, 80, 127, 280, 290, 300, 304, 336, 340, 343, 356, 368, 371, 411, 433, 452, 701, 709, 733, 792, 866, 871, 882, 914]
i =  54 : [79, 86, 134, 153, 154, 160, 161, 165, 210, 677]
i =  55 : [53, 113, 121, 187, 188, 195, 206, 261, 276, 287, 297, 419, 435, 646]
i =  56 : [38, 172, 390, 475, 494, 510, 522, 525, 541, 543, 624, 643, 651, 660, 661, 666, 678, 729, 781]
i =  57 : [84, 138, 184, 226, 245, 314, 329, 342, 355, 374]
i =  58 : [12, 64, 83, 142, 178, 221, 273, 331, 345, 366, 379, 384, 399, 443, 482, 910]
i =  59 : [17, 31, 33, 35, 43, 46, 88, 101, 641]
i =  60 : [23, 52, 80, 127, 280, 300, 304, 336, 340, 343, 356, 371, 433, 821]
i =  61 : [95, 98, 141, 175, 179, 272, 274, 316, 322]
i =  62 : [19, 51, 56, 140, 230, 244, 251, 260, 326, 462, 465, 484, 500, 509, 535, 538, 650, 705, 732, 764, 823]
i =  63 : [1, 170, 249, 347, 397, 492, 512, 601, 607, 637, 700, 702, 716, 738, 772, 782, 803, 826, 838, 845]
i =  64 : [13, 34, 42, 54, 55, 61, 62, 76, 236]
i =  65 : [78, 133, 146, 152, 190, 207, 238, 246, 271, 540]
i =  66 : [10, 30, 58, 66, 145, 317, 338, 407, 416, 417, 428, 614]
i =  67 : [107, 148, 151, 215, 216, 372, 410, 425, 481, 485, 515, 575, 588, 613]
i =  68 : [15, 32, 119, 157, 197, 214, 241, 264, 268, 278, 386, 844]
i =  69 : [53, 113, 121, 187, 188, 195, 206, 261, 276, 287, 297, 419, 435, 908]
i =  70 : [7, 44, 120, 122, 128, 196, 254, 284, 309, 324, 359, 364, 377, 491]
i =  71 : [53, 113, 121, 187, 188, 195, 206, 261, 276, 287, 297, 419, 435, 496]
i =  72 : [10, 30, 58, 66, 145, 317, 338, 407, 416, 417, 428, 687]
i =  73 : [12, 64, 83, 142, 178, 221, 273, 331, 345, 366, 379, 384, 399, 443, 482, 880]
i =  74 : [53, 113, 121, 187, 188, 195, 206, 261, 276, 287, 297, 419, 435, 703]
overlapping nodes are:  [1, 9, 10, 12, 13, 17, 19, 20, 23, 30, 31, 33, 34, 35, 36, 38, 41, 42, 43, 46, 47, 51, 52, 53, 54, 55, 56, 58, 61, 62, 64, 66, 71, 76, 78, 79, 80, 83, 84, 86, 87, 88, 92, 93, 95, 96, 98, 101, 104, 105, 113, 114, 121, 127, 129, 130, 133, 134, 138, 140, 141, 142, 145, 146, 152, 153, 154, 155, 160, 161, 165, 170, 172, 175, 178, 179, 180, 181, 182, 184, 186, 187, 188, 190, 192, 195, 198, 203, 206, 207, 210, 221, 222, 226, 238, 239, 244, 245, 246, 249, 251, 258, 260, 261, 271, 272, 273, 276, 279, 280, 282, 287, 292, 293, 295, 297, 300, 301, 304, 311, 314, 316, 317, 319, 320, 322, 326, 329, 331, 336, 338, 340, 342, 343, 345, 347, 350, 351, 355, 356, 366, 371, 379, 384, 390, 392, 397, 398, 399, 400, 402, 403, 405, 407, 416, 417, 419, 420, 422, 428, 430, 433, 435, 436, 440, 443, 448, 458, 462, 465, 471, 474, 475, 479, 480, 482, 484, 487, 492, 494, 497, 500, 505, 506, 508, 509, 510, 512, 513, 522, 525, 535, 537, 538, 541, 543, 554, 565, 585, 586, 589, 594, 595, 596, 601, 602, 607, 615, 621, 624, 640, 642, 643, 650, 651, 658, 660, 661, 665, 666, 678, 693, 700, 702, 704, 705, 710, 714, 715, 716, 717, 732, 735, 738, 749, 755, 761, 763, 764, 772, 780, 781, 782, 784, 793, 799, 803, 806, 823, 826, 835, 836, 838, 840, 845, 851, 855, 857, 865, 869, 886, 888, 892, 923, 930, 931, 934, 946, 947, 948, 949, 953, 965, 979, 990] 
 NOO is:  275
total time is:  60.5197060108
