lens of ground_truth:  20
ground_truth is: [[8, 15, 45, 75, 93, 226, 290, 296, 300, 355, 385, 418, 438, 451, 508, 548, 561, 637, 642, 671, 679, 727, 749, 752, 770, 817, 827, 856, 952, 956, 963], [66, 71, 121, 172, 274, 275, 406, 424, 469, 551, 555, 612, 652, 656, 672, 703, 706, 739, 797, 816, 848, 881], [31, 54, 61, 81, 96, 117, 134, 159, 161, 168, 185, 202, 206, 207, 214, 242, 264, 289, 298, 314, 324, 332, 337, 344, 351, 353, 367, 392, 423, 436, 483, 505, 544, 554, 562, 569, 584, 586, 594, 595, 623, 650, 651, 653, 661, 690, 707, 717, 719, 758, 759, 772, 773, 846, 861, 875, 915, 924, 927, 943, 980, 996, 999], [5, 28, 40, 56, 73, 82, 94, 97, 98, 106, 136, 156, 166, 176, 190, 198, 219, 224, 237, 251, 269, 303, 330, 363, 397, 421, 465, 539, 560, 597, 626, 655, 699, 708, 718, 735, 768, 787, 795, 797, 838, 854, 858, 907, 913, 933, 950, 973, 998, 1000], [3, 10, 29, 74, 81, 90, 135, 141, 159, 174, 179, 222, 225, 231, 236, 292, 294, 322, 347, 352, 413, 428, 493, 608, 642, 647, 668, 710, 733, 740, 751, 765, 810, 821, 850, 867, 870, 890, 898, 903, 918, 919, 951, 987, 994], [23, 37, 51, 60, 62, 91, 102, 111, 128, 131, 162, 164, 167, 175, 180, 188, 212, 213, 243, 246, 255, 256, 266, 284, 285, 333, 336, 362, 370, 379, 380, 390, 393, 405, 433, 435, 440, 458, 468, 494, 544, 566, 581, 595, 617, 632, 640, 681, 683, 692, 720, 731, 742, 757, 767, 806, 820, 828, 830, 855, 860, 885, 899, 921, 922, 966, 976, 977, 978], [9, 13, 14, 22, 27, 36, 43, 68, 89, 101, 110, 196, 232, 240, 272, 280, 283, 291, 318, 338, 360, 364, 388, 430, 464, 498, 504, 511, 523, 529, 550, 572, 599, 600, 604, 611, 645, 673, 687, 702, 726, 779, 784, 819, 833, 842, 845, 851, 859, 864, 883, 887, 895, 899, 905, 925, 957, 964, 988, 998], [11, 12, 16, 33, 39, 64, 76, 84, 92, 109, 118, 125, 130, 143, 147, 150, 153, 157, 170, 171, 187, 236, 249, 287, 293, 301, 323, 326, 341, 348, 365, 373, 432, 441, 449, 454, 467, 478, 499, 512, 520, 522, 526, 533, 534, 542, 545, 559, 573, 574, 605, 613, 616, 627, 644, 649, 675, 676, 678, 680, 696, 701, 744, 748, 760, 769, 775, 776, 781, 815, 837, 840, 877, 878, 880, 881, 889, 935, 936, 949, 954, 959, 962, 974, 977, 984, 989], [4, 18, 24, 47, 59, 107, 138, 153, 167, 178, 193, 203, 218, 229, 244, 297, 327, 334, 361, 376, 389, 411, 452, 460, 472, 473, 490, 509, 519, 537, 556, 558, 560, 605, 607, 609, 639, 644, 646, 658, 674, 677, 684, 689, 704, 711, 725, 729, 755, 762, 763, 793, 826, 863, 868, 869, 876, 882, 886, 887, 920, 929, 930, 934, 972, 980, 981, 997], [49, 85, 126, 129, 184, 211, 234, 273, 329, 350, 372, 456, 457, 466, 516, 524, 543, 557, 610, 614, 667, 722, 737, 741, 756, 764, 786, 897, 947], [6, 50, 63, 70, 88, 92, 112, 161, 172, 182, 214, 220, 228, 234, 238, 239, 249, 267, 299, 310, 311, 321, 380, 381, 391, 398, 402, 412, 416, 420, 432, 443, 447, 449, 462, 477, 480, 481, 491, 495, 497, 503, 514, 526, 578, 598, 630, 633, 643, 685, 712, 714, 715, 728, 748, 753, 755, 783, 786, 794, 803, 805, 811, 835, 841, 844, 851, 873, 884, 896, 897, 902, 909, 913, 925, 926, 938, 941, 945, 946, 948, 960, 971, 990, 996], [1, 7, 25, 33, 44, 46, 80, 86, 100, 105, 113, 115, 120, 122, 124, 133, 146, 158, 174, 184, 189, 194, 208, 216, 223, 241, 252, 259, 260, 282, 312, 314, 315, 335, 366, 374, 377, 394, 402, 404, 408, 417, 419, 434, 442, 461, 470, 489, 500, 502, 510, 513, 514, 570, 582, 583, 588, 596, 621, 629, 630, 635, 663, 664, 691, 700, 721, 727, 743, 747, 763, 777, 791, 800, 802, 807, 808, 813, 832, 834, 839, 849, 853, 879, 894, 906, 908, 911, 912, 923, 937, 940, 955, 965, 983, 992], [32, 69, 134, 137, 139, 227, 248, 270, 276, 281, 302, 328, 354, 371, 396, 528, 547, 563, 622, 682, 694, 713, 771, 788, 789, 804, 818, 842, 893, 942], [4, 9, 21, 26, 34, 39, 43, 95, 103, 104, 140, 148, 151, 155, 164, 165, 179, 195, 200, 210, 225, 230, 233, 235, 254, 258, 268, 274, 278, 279, 307, 309, 316, 320, 331, 356, 395, 437, 446, 450, 461, 473, 474, 482, 484, 487, 492, 496, 503, 513, 517, 525, 530, 536, 538, 540, 552, 564, 568, 580, 589, 590, 592, 601, 639, 648, 651, 660, 673, 686, 724, 732, 761, 766, 773, 778, 796, 798, 807, 831, 832, 839, 859, 862, 864, 871, 872, 892, 910, 914, 928, 932, 933, 953, 958, 961, 970, 982, 991], [30, 41, 42, 58, 79, 87, 116, 127, 149, 204, 245, 325, 359, 369, 382, 383, 410, 425, 439, 448, 455, 476, 486, 501, 506, 541, 579, 585, 587, 591, 618, 636, 657, 709, 716, 736, 738, 774, 778, 780, 792, 823, 825, 852, 891, 916, 930, 939, 968, 986, 993], [19, 38, 119, 125, 144, 154, 160, 201, 215, 233, 304, 306, 308, 313, 346, 349, 414, 422, 427, 431, 475, 549, 575, 620, 627, 688, 693, 723, 734, 750, 812, 822, 857], [20, 65, 99, 142, 163, 177, 181, 192, 217, 253, 271, 288, 305, 343, 368, 400, 409, 453, 459, 532, 606, 641, 654, 659, 662, 665, 785, 790, 824, 885, 888, 904, 969], [2, 17, 35, 45, 48, 55, 57, 64, 72, 76, 77, 78, 95, 114, 123, 130, 132, 147, 152, 169, 173, 186, 191, 197, 209, 221, 229, 247, 257, 261, 262, 263, 277, 286, 293, 295, 317, 319, 340, 342, 344, 345, 357, 358, 360, 375, 384, 386, 399, 401, 403, 407, 444, 445, 463, 479, 480, 485, 488, 507, 521, 523, 535, 538, 542, 553, 565, 567, 571, 576, 593, 603, 615, 625, 631, 638, 676, 695, 715, 754, 799, 809, 831, 836, 840, 866, 874, 900, 917, 931, 939, 944, 967, 975, 979, 981, 985, 995], [52, 53, 67, 108, 250, 265, 378, 387, 426, 518, 527, 531, 546, 628, 666, 697, 705, 745, 746, 801, 814, 945], [83, 145, 183, 199, 205, 238, 247, 310, 339, 415, 429, 471, 515, 568, 577, 602, 619, 624, 634, 669, 670, 698, 730, 782, 829, 843, 847, 865, 901]]
print random_nodes: [[907], [728], [170], [380], [831], [414], [501], [847], [676], [339], [356], [429], [543], [917], [158], [317], [909], [886], [592], [613], [63], [766], [809], [420], [406], [322], [444], [635], [772], [554], [286], [606]]
args__________ ([[907]],)
args__________ ([[728]],)
args__________ ([[170]],)
args__________ ([[380]],)
args__________ ([[831]],)
args__________ ([[414]],)
args__________ ([[501]],)
args__________ ([[847]],)
args__________ ([[676]],)
args__________ ([[339]],)
args__________ ([[356]],)
args__________ ([[429]],)
args__________ ([[543]],)
args__________ ([[917]],)
args__________ ([[158]],)
args__________ ([[317]],)
args__________ ([[909]],)
args__________ ([[886]],)
args__________ ([[592]],)
args__________ ([[613]],)
args__________ ([[63]],)
args__________ ([[766]],)
args__________ ([[809]],)
args__________ ([[420]],)
args__________ ([[406]],)
args__________ ([[322]],)
args__________ ([[444]],)
args__________ ([[635]],)
args__________ ([[772]],)
args__________ ([[554]],)
args__________ ([[286]],)
args__________ ([[606]],)
finish process_num processes get single node nature community___________________
length of left_nodes_list__________:  365
print random_nodes: [[649], [153], [853], [998], [771], [432], [310], [840], [890], [137], [225], [93], [473], [595], [222], [292], [366], [352], [675], [752], [877], [513], [282], [428], [574], [996], [394], [813], [150], [418], [290], [952]]
args__________ ([[649]],)
args__________ ([[153]],)
args__________ ([[853]],)
args__________ ([[998]],)
args__________ ([[771]],)
args__________ ([[432]],)
args__________ ([[310]],)
args__________ ([[840]],)
args__________ ([[890]],)
args__________ ([[137]],)
args__________ ([[225]],)
args__________ ([[93]],)
args__________ ([[473]],)
args__________ ([[595]],)
args__________ ([[222]],)
args__________ ([[292]],)
args__________ ([[366]],)
args__________ ([[352]],)
args__________ ([[675]],)
args__________ ([[752]],)
args__________ ([[877]],)
args__________ ([[513]],)
args__________ ([[282]],)
args__________ ([[428]],)
args__________ ([[574]],)
args__________ ([[996]],)
args__________ ([[394]],)
args__________ ([[813]],)
args__________ ([[150]],)
args__________ ([[418]],)
args__________ ([[290]],)
args__________ ([[952]],)
finish process_num processes get single node nature community___________________
length of left_nodes_list__________:  0
commplete get_all_nature_community, length:  64
after deal_communities, length:______________ 57
fits_dic 57
above ave fitness communities 37 [0.34706279540850776, 0.2911242603550296, 0.3473053892215569, 0.38995215311004783, 0.2698903570424515, 0.268494715795487, 0.25964702363146874, 0.3901869158878505, 0.3078579117330463, 0.2883536786539096, 0.2768549280177187, 0.28127623845507976, 0.35318704284221525, 0.2935181410517733, 0.342685370741483, 0.30870445344129555, 0.29409780775716693, 0.4239733629300777, 0.36500470366886173, 0.26843657817109146, 0.2981471083660865, 0.28213166144200624, 0.2859375, 0.28287392679620427, 0.28343949044585987, 0.37209302325581395, 0.2773186409550046, 0.39487726787620064, 0.26692332370869426, 0.39487726787620064, 0.30362844702467345, 0.37209302325581395, 0.2728337236533958, 0.27943760984182775, 0.29994435169727324, 0.26591230551626593, 0.39487726787620064]
----------------------------------The detection result is: 

all communities: 
i =  1 : [5, 28, 40, 56, 73, 82, 94, 97, 98, 106, 136, 156, 166, 176, 190, 198, 219, 224, 237, 251, 269, 303, 330, 363, 397, 421, 465, 539, 597, 626, 655, 699, 708, 718, 735, 768, 787, 795, 838, 854, 858, 907, 950, 973, 1000]
i =  2 : [16, 23, 37, 51, 60, 62, 77, 91, 102, 111, 125, 128, 131, 162, 165, 167, 175, 180, 188, 212, 213, 243, 246, 255, 256, 266, 284, 285, 333, 336, 362, 370, 379, 390, 393, 405, 433, 435, 440, 458, 468, 494, 566, 581, 617, 632, 640, 681, 683, 692, 720, 728, 731, 742, 757, 767, 806, 820, 828, 830, 855, 860, 921, 922, 966, 976, 978]
i =  3 : [30, 41, 42, 58, 79, 87, 116, 127, 149, 204, 325, 359, 369, 382, 383, 410, 425, 439, 448, 455, 476, 486, 501, 506, 541, 579, 585, 587, 591, 618, 657, 709, 716, 736, 738, 774, 780, 792, 823, 825, 852, 891, 916, 968, 986, 993]
i =  4 : [66, 83, 145, 164, 183, 199, 205, 339, 415, 429, 471, 515, 577, 602, 619, 624, 634, 669, 670, 698, 730, 782, 829, 843, 847, 865, 901]
i =  5 : [2, 17, 30, 35, 48, 55, 57, 61, 68, 72, 77, 78, 123, 132, 133, 147, 152, 169, 173, 186, 191, 197, 204, 209, 221, 240, 257, 261, 262, 263, 277, 286, 295, 317, 319, 340, 342, 344, 345, 357, 358, 375, 384, 386, 399, 401, 403, 407, 444, 445, 463, 479, 485, 488, 507, 521, 535, 542, 553, 565, 567, 571, 576, 593, 603, 615, 625, 631, 638, 676, 695, 715, 754, 799, 809, 836, 866, 874, 900, 917, 931, 939, 944, 967, 975, 979, 985, 995]
i =  6 : [2, 17, 35, 48, 55, 57, 72, 77, 78, 114, 123, 132, 136, 152, 169, 173, 186, 191, 197, 199, 204, 209, 221, 247, 257, 261, 262, 263, 277, 286, 295, 317, 319, 330, 339, 340, 342, 345, 350, 357, 358, 375, 384, 386, 399, 401, 403, 407, 444, 445, 463, 479, 485, 488, 507, 521, 535, 542, 553, 565, 567, 571, 576, 593, 603, 615, 625, 631, 638, 695, 754, 799, 809, 836, 866, 874, 900, 917, 931, 939, 944, 967, 975, 979, 985, 995]
i =  7 : [21, 26, 34, 70, 79, 88, 95, 103, 104, 118, 140, 148, 151, 155, 158, 165, 195, 200, 210, 230, 235, 254, 258, 268, 278, 279, 307, 309, 316, 320, 331, 356, 395, 437, 446, 450, 474, 482, 484, 487, 492, 496, 503, 517, 525, 530, 536, 540, 552, 564, 580, 589, 590, 592, 601, 648, 660, 686, 724, 732, 761, 766, 796, 798, 862, 871, 872, 892, 910, 914, 928, 932, 953, 958, 961, 970, 982, 991]
i =  8 : [19, 38, 119, 144, 154, 160, 201, 215, 304, 306, 308, 313, 346, 349, 414, 422, 427, 429, 431, 475, 549, 575, 620, 688, 693, 723, 734, 750, 812, 822, 857]
i =  9 : [24, 49, 57, 58, 85, 114, 126, 129, 171, 211, 252, 254, 273, 329, 350, 372, 456, 457, 466, 516, 524, 543, 557, 610, 614, 667, 722, 737, 741, 756, 764, 947]
i =  10 : [2, 17, 35, 48, 55, 57, 72, 77, 78, 123, 130, 132, 152, 169, 173, 186, 191, 197, 209, 221, 229, 257, 261, 262, 263, 277, 286, 295, 317, 319, 340, 342, 345, 357, 358, 375, 384, 386, 399, 401, 403, 407, 444, 445, 463, 479, 485, 488, 507, 521, 535, 553, 565, 567, 571, 576, 593, 603, 615, 625, 631, 638, 695, 754, 799, 809, 836, 866, 874, 900, 917, 931, 944, 967, 975, 979, 985, 995]
i =  11 : [6, 50, 63, 70, 81, 88, 112, 182, 220, 228, 239, 267, 299, 311, 321, 381, 391, 398, 412, 416, 420, 443, 447, 462, 477, 481, 491, 495, 497, 578, 598, 633, 643, 685, 712, 714, 728, 753, 783, 794, 803, 805, 811, 835, 841, 844, 873, 884, 896, 902, 909, 926, 938, 941, 946, 948, 960, 971, 990]
i =  12 : [14, 18, 24, 47, 59, 106, 107, 110, 138, 140, 178, 193, 203, 218, 244, 297, 327, 334, 361, 376, 389, 411, 452, 460, 472, 490, 509, 519, 537, 556, 558, 607, 609, 646, 658, 674, 677, 684, 689, 704, 711, 725, 729, 762, 793, 826, 863, 868, 869, 876, 882, 886, 920, 929, 934, 972, 997]
i =  13 : [19, 38, 41, 63, 119, 144, 154, 160, 201, 215, 304, 306, 308, 313, 346, 349, 414, 422, 427, 431, 443, 475, 549, 575, 620, 688, 693, 723, 734, 750, 812, 822, 857]
i =  14 : [23, 37, 43, 51, 60, 62, 91, 102, 111, 128, 131, 162, 175, 180, 182, 188, 212, 213, 243, 246, 255, 256, 266, 284, 285, 333, 336, 362, 370, 379, 390, 393, 405, 433, 435, 440, 458, 468, 494, 566, 581, 617, 632, 640, 681, 683, 692, 720, 731, 742, 757, 766, 767, 806, 820, 828, 830, 855, 860, 921, 922, 966, 976, 978]
i =  15 : [19, 38, 89, 119, 144, 154, 160, 196, 201, 215, 304, 306, 308, 313, 346, 349, 406, 414, 422, 427, 431, 475, 529, 549, 575, 620, 688, 693, 723, 734, 750, 812, 822, 857]
i =  16 : [28, 31, 54, 61, 96, 117, 159, 168, 170, 185, 202, 206, 207, 242, 264, 289, 298, 324, 332, 337, 344, 351, 353, 367, 392, 423, 436, 483, 505, 554, 562, 569, 584, 586, 594, 623, 650, 653, 661, 690, 707, 717, 719, 758, 759, 772, 846, 861, 875, 915, 924, 927, 943, 999]
i =  17 : [2, 17, 35, 48, 53, 55, 57, 72, 77, 78, 114, 123, 132, 152, 169, 173, 186, 191, 197, 209, 221, 257, 261, 262, 263, 277, 286, 295, 317, 319, 340, 342, 345, 357, 358, 375, 384, 386, 399, 401, 403, 407, 444, 445, 463, 479, 485, 488, 507, 521, 535, 553, 565, 567, 571, 576, 593, 603, 615, 625, 631, 638, 695, 754, 799, 809, 836, 866, 874, 900, 917, 931, 944, 967, 975, 979, 985, 995]
i =  18 : [13, 20, 65, 99, 142, 163, 177, 181, 192, 217, 253, 271, 288, 305, 343, 368, 400, 409, 453, 459, 532, 606, 641, 654, 659, 662, 665, 785, 790, 824, 888, 904, 969]
i =  19 : [12, 20, 65, 99, 142, 163, 177, 181, 192, 217, 253, 271, 288, 305, 343, 348, 368, 400, 409, 453, 459, 532, 606, 641, 649, 654, 659, 662, 665, 785, 790, 824, 888, 904, 969]
i =  20 : [23, 37, 51, 60, 61, 62, 90, 91, 102, 111, 128, 131, 153, 162, 164, 175, 180, 181, 188, 212, 213, 221, 243, 255, 256, 257, 266, 284, 285, 309, 333, 336, 362, 370, 379, 390, 393, 405, 433, 435, 440, 458, 468, 474, 494, 566, 581, 617, 632, 640, 681, 683, 692, 720, 731, 742, 757, 767, 806, 820, 828, 830, 855, 860, 921, 922, 966, 976, 978]
i =  21 : [1, 7, 21, 25, 44, 46, 80, 86, 100, 104, 105, 113, 115, 120, 122, 124, 133, 146, 158, 189, 194, 208, 216, 223, 241, 252, 259, 260, 282, 312, 314, 315, 335, 366, 374, 377, 394, 404, 408, 417, 419, 434, 442, 470, 489, 500, 502, 510, 570, 582, 583, 588, 596, 621, 629, 635, 663, 664, 691, 700, 721, 743, 747, 777, 791, 800, 802, 808, 813, 834, 849, 853, 879, 894, 906, 908, 911, 912, 923, 937, 940, 955, 965, 983, 992]
i =  22 : [13, 14, 22, 27, 36, 40, 68, 89, 101, 110, 196, 232, 240, 272, 280, 283, 291, 318, 338, 364, 430, 464, 498, 504, 511, 529, 550, 572, 599, 600, 604, 611, 645, 687, 702, 726, 779, 784, 819, 833, 845, 883, 895, 905, 957, 964, 988, 998]
i =  23 : [1, 32, 68, 69, 70, 88, 124, 132, 137, 139, 158, 173, 174, 227, 248, 270, 276, 281, 302, 328, 354, 371, 396, 528, 547, 563, 622, 682, 694, 713, 771, 788, 789, 804, 818, 893, 942]
i =  24 : [31, 54, 56, 61, 80, 86, 96, 117, 145, 168, 175, 185, 202, 206, 207, 214, 242, 264, 289, 298, 310, 312, 324, 332, 337, 344, 351, 353, 367, 392, 423, 436, 483, 505, 554, 562, 569, 584, 586, 594, 623, 650, 653, 661, 690, 707, 717, 719, 758, 759, 772, 846, 861, 875, 915, 924, 927, 943, 999]
i =  25 : [2, 17, 35, 48, 55, 57, 70, 72, 77, 78, 114, 123, 132, 152, 169, 173, 186, 191, 197, 209, 221, 257, 261, 262, 263, 277, 286, 295, 317, 319, 340, 342, 345, 357, 358, 375, 384, 386, 399, 401, 403, 407, 444, 445, 463, 479, 485, 488, 507, 521, 535, 553, 565, 567, 571, 576, 593, 603, 615, 625, 631, 638, 695, 754, 799, 809, 836, 840, 866, 874, 900, 917, 931, 944, 967, 975, 979, 985, 995]
i =  26 : [3, 10, 29, 74, 90, 135, 141, 222, 231, 292, 294, 322, 347, 352, 413, 428, 493, 608, 647, 668, 710, 733, 740, 751, 765, 810, 821, 850, 867, 870, 890, 898, 903, 918, 919, 951, 987, 994]
i =  27 : [11, 12, 16, 64, 84, 92, 109, 118, 130, 143, 147, 150, 153, 157, 170, 171, 187, 225, 287, 301, 323, 326, 341, 348, 365, 373, 441, 449, 454, 467, 478, 499, 512, 520, 522, 526, 533, 534, 545, 559, 573, 574, 613, 616, 649, 675, 676, 678, 680, 696, 701, 744, 748, 760, 769, 775, 776, 781, 815, 837, 877, 878, 880, 889, 935, 936, 949, 954, 959, 962, 974, 984, 989]
i =  28 : [8, 15, 75, 93, 226, 290, 296, 300, 355, 385, 418, 438, 451, 508, 548, 561, 637, 671, 679, 749, 752, 770, 817, 827, 856, 952, 956, 963]
i =  29 : [21, 26, 34, 43, 95, 103, 104, 113, 118, 140, 148, 151, 165, 195, 200, 210, 230, 235, 254, 258, 268, 278, 279, 307, 309, 316, 320, 331, 356, 366, 395, 437, 446, 450, 474, 482, 487, 492, 496, 517, 525, 530, 536, 540, 552, 564, 580, 589, 590, 592, 601, 648, 660, 686, 724, 732, 761, 766, 796, 798, 862, 871, 872, 892, 910, 914, 928, 932, 953, 958, 961, 970, 982, 991]
i =  30 : [8, 15, 75, 93, 226, 290, 296, 300, 355, 385, 418, 438, 451, 508, 548, 561, 637, 671, 679, 749, 752, 770, 817, 827, 856, 952, 956, 963]
i =  31 : [1, 7, 10, 25, 44, 46, 80, 86, 100, 105, 113, 115, 120, 122, 124, 133, 146, 158, 189, 194, 208, 216, 223, 241, 252, 259, 260, 282, 312, 314, 315, 335, 366, 374, 377, 394, 408, 417, 419, 434, 442, 470, 489, 500, 502, 510, 570, 582, 583, 588, 596, 621, 629, 635, 663, 664, 691, 700, 721, 743, 747, 777, 791, 800, 802, 808, 813, 834, 849, 853, 879, 894, 906, 908, 911, 912, 923, 937, 940, 955, 965, 983, 992]
i =  32 : [3, 10, 29, 74, 90, 135, 141, 222, 231, 292, 294, 322, 347, 352, 413, 428, 493, 608, 647, 668, 710, 733, 740, 751, 765, 810, 821, 850, 867, 870, 890, 898, 903, 918, 919, 951, 987, 994]
i =  33 : [11, 12, 16, 28, 33, 39, 64, 84, 92, 109, 117, 118, 130, 143, 147, 150, 153, 157, 170, 171, 187, 194, 287, 301, 323, 326, 335, 341, 348, 365, 373, 441, 449, 454, 467, 478, 499, 512, 520, 522, 526, 533, 534, 545, 559, 573, 574, 605, 613, 616, 649, 675, 678, 680, 696, 701, 744, 748, 760, 769, 775, 776, 781, 815, 837, 877, 878, 880, 889, 935, 936, 949, 954, 959, 962, 974, 984, 989]
i =  34 : [6, 31, 50, 54, 56, 61, 96, 117, 168, 185, 202, 206, 207, 242, 264, 289, 298, 324, 332, 337, 344, 351, 353, 367, 392, 423, 436, 483, 505, 554, 562, 569, 584, 586, 594, 623, 650, 653, 661, 690, 707, 717, 719, 758, 759, 772, 846, 861, 875, 915, 924, 927, 943, 996, 999]
i =  35 : [1, 7, 25, 31, 44, 46, 80, 86, 100, 105, 113, 115, 120, 122, 124, 133, 146, 158, 189, 194, 208, 216, 223, 241, 252, 259, 260, 282, 312, 314, 315, 335, 366, 374, 377, 394, 404, 408, 417, 419, 434, 442, 470, 489, 500, 502, 510, 514, 570, 582, 583, 584, 588, 596, 621, 629, 635, 663, 664, 691, 700, 721, 743, 747, 777, 791, 800, 802, 808, 813, 834, 849, 853, 879, 894, 906, 908, 911, 912, 923, 937, 940, 955, 965, 983, 992]
i =  36 : [2, 17, 30, 35, 48, 55, 57, 68, 72, 77, 78, 94, 112, 123, 132, 147, 152, 169, 173, 186, 191, 197, 204, 209, 221, 240, 257, 261, 262, 263, 277, 286, 290, 295, 317, 319, 340, 342, 345, 357, 358, 375, 384, 386, 399, 401, 403, 407, 444, 445, 463, 479, 485, 488, 507, 521, 535, 553, 565, 567, 571, 576, 593, 603, 615, 625, 631, 638, 676, 695, 715, 754, 799, 809, 836, 866, 874, 900, 917, 931, 939, 944, 967, 975, 979, 985, 995]
i =  37 : [8, 15, 75, 93, 226, 290, 296, 300, 355, 385, 418, 438, 451, 508, 548, 561, 637, 671, 679, 749, 752, 770, 817, 827, 856, 952, 956, 963]
overlapping nodes are:  [1, 2, 3, 6, 7, 8, 10, 11, 12, 13, 14, 15, 16, 17, 19, 20, 21, 23, 24, 25, 26, 28, 29, 30, 31, 34, 35, 37, 38, 40, 41, 43, 44, 46, 48, 50, 51, 54, 55, 56, 57, 58, 60, 61, 62, 63, 64, 65, 68, 70, 72, 74, 75, 77, 78, 79, 80, 84, 86, 88, 89, 90, 91, 92, 93, 94, 95, 96, 99, 100, 102, 103, 104, 105, 106, 109, 110, 111, 112, 113, 114, 115, 117, 118, 119, 120, 122, 123, 124, 128, 130, 131, 132, 133, 135, 136, 140, 141, 142, 143, 144, 145, 146, 147, 148, 150, 151, 152, 153, 154, 157, 158, 160, 162, 163, 164, 165, 168, 169, 170, 171, 173, 175, 177, 180, 181, 182, 185, 186, 187, 188, 189, 191, 192, 194, 195, 196, 197, 199, 200, 201, 202, 204, 206, 207, 208, 209, 210, 212, 213, 215, 216, 217, 221, 222, 223, 226, 230, 231, 235, 240, 241, 242, 243, 246, 252, 253, 254, 255, 256, 257, 258, 259, 260, 261, 262, 263, 264, 266, 268, 271, 277, 278, 279, 282, 284, 285, 286, 287, 288, 289, 290, 292, 294, 295, 296, 298, 300, 301, 304, 305, 306, 307, 308, 309, 312, 313, 314, 315, 316, 317, 319, 320, 322, 323, 324, 326, 330, 331, 332, 333, 335, 336, 337, 339, 340, 341, 342, 343, 344, 345, 346, 347, 348, 349, 350, 351, 352, 353, 355, 356, 357, 358, 362, 365, 366, 367, 368, 370, 373, 374, 375, 377, 379, 384, 385, 386, 390, 392, 393, 394, 395, 399, 400, 401, 403, 404, 405, 407, 408, 409, 413, 414, 417, 418, 419, 422, 423, 427, 428, 429, 431, 433, 434, 435, 436, 437, 438, 440, 441, 442, 443, 444, 445, 446, 449, 450, 451, 453, 454, 458, 459, 463, 467, 468, 470, 474, 475, 478, 479, 482, 483, 485, 487, 488, 489, 492, 493, 494, 496, 499, 500, 502, 505, 507, 508, 510, 512, 517, 520, 521, 522, 525, 526, 529, 530, 532, 533, 534, 535, 536, 540, 542, 545, 548, 549, 552, 553, 554, 559, 561, 562, 564, 565, 566, 567, 569, 570, 571, 573, 574, 575, 576, 580, 581, 582, 583, 584, 586, 588, 589, 590, 592, 593, 594, 596, 601, 603, 606, 608, 613, 615, 616, 617, 620, 621, 623, 625, 629, 631, 632, 635, 637, 638, 640, 641, 647, 648, 649, 650, 653, 654, 659, 660, 661, 662, 663, 664, 665, 668, 671, 675, 676, 678, 679, 680, 681, 683, 686, 688, 690, 691, 692, 693, 695, 696, 700, 701, 707, 710, 715, 717, 719, 720, 721, 723, 724, 728, 731, 732, 733, 734, 740, 742, 743, 744, 747, 748, 749, 750, 751, 752, 754, 757, 758, 759, 760, 761, 765, 766, 767, 769, 770, 772, 775, 776, 777, 781, 785, 790, 791, 796, 798, 799, 800, 802, 806, 808, 809, 810, 812, 813, 815, 817, 820, 821, 822, 824, 827, 828, 830, 834, 836, 837, 846, 849, 850, 853, 855, 856, 857, 860, 861, 862, 866, 867, 870, 871, 872, 874, 875, 877, 878, 879, 880, 888, 889, 890, 892, 894, 898, 900, 903, 904, 906, 908, 910, 911, 912, 914, 915, 917, 918, 919, 921, 922, 923, 924, 927, 928, 931, 932, 935, 936, 937, 939, 940, 943, 944, 949, 951, 952, 953, 954, 955, 956, 958, 959, 961, 962, 963, 965, 966, 967, 969, 970, 974, 975, 976, 978, 979, 982, 983, 984, 985, 987, 989, 991, 992, 994, 995, 999] 
 NOO is:  582
total time is:  461.052340031
