lens of ground_truth:  24
ground_truth is: [[15, 37, 54, 113, 135, 137, 148, 163, 228, 230, 277, 293, 315, 320, 329, 352, 391, 392, 399, 447, 452, 461, 464, 468, 496, 507, 521, 532, 564, 585, 599, 601, 603, 623, 640, 644, 646, 647, 652, 658, 671, 689, 691, 705, 711, 728, 736, 803, 829, 860, 880, 907, 920, 925, 961, 962, 975, 982, 996], [4, 20, 43, 61, 66, 86, 88, 91, 111, 115, 131, 154, 197, 206, 229, 230, 235, 255, 257, 263, 266, 280, 305, 320, 333, 336, 370, 371, 374, 378, 383, 406, 410, 418, 424, 427, 448, 499, 500, 503, 520, 525, 530, 555, 557, 563, 613, 619, 625, 635, 662, 667, 709, 714, 764, 768, 769, 771, 779, 782, 784, 786, 792, 794, 800, 809, 810, 829, 853, 860, 883, 920, 924, 949, 951, 955, 961, 965, 979, 982, 991], [40, 54, 145, 191, 244, 247, 264, 265, 269, 308, 327, 362, 366, 375, 396, 397, 462, 477, 503, 553, 579, 610, 612, 617, 644, 695, 697, 732, 760, 780, 848, 856, 869, 879, 911, 928, 950, 992], [45, 116, 139, 243, 254, 275, 296, 323, 376, 385, 403, 404, 416, 422, 447, 533, 539, 546, 628, 630, 674, 689, 719, 785, 801, 918, 939, 966, 991], [22, 24, 76, 77, 88, 107, 176, 185, 268, 292, 369, 390, 401, 407, 435, 440, 472, 629, 631, 663, 680, 686, 710, 718, 866, 898], [29, 52, 59, 88, 98, 102, 104, 117, 162, 213, 233, 241, 310, 319, 335, 377, 395, 402, 413, 465, 466, 471, 484, 490, 513, 527, 544, 558, 607, 614, 624, 626, 635, 654, 661, 670, 693, 724, 753, 773, 783, 805, 806, 815, 839, 849, 871, 874, 877, 882, 890, 922, 934, 989], [6, 90, 92, 101, 108, 127, 142, 147, 189, 219, 279, 286, 372, 420, 446, 459, 481, 486, 514, 515, 552, 584, 592, 599, 629, 727, 823, 830, 833, 840, 876, 919, 923, 927, 945], [8, 18, 26, 31, 41, 43, 61, 78, 83, 87, 103, 106, 114, 119, 141, 146, 150, 163, 184, 186, 193, 197, 210, 223, 239, 250, 251, 255, 263, 278, 283, 316, 318, 324, 330, 349, 365, 370, 374, 379, 380, 397, 409, 413, 423, 436, 448, 455, 470, 476, 486, 499, 503, 504, 528, 530, 541, 560, 586, 587, 598, 611, 615, 642, 644, 645, 657, 681, 687, 690, 692, 695, 709, 723, 751, 786, 794, 799, 800, 813, 828, 830, 834, 835, 842, 865, 879, 889, 901, 910, 914, 919, 932, 943, 944, 1000], [25, 103, 118, 125, 132, 170, 198, 234, 236, 238, 309, 313, 325, 328, 340, 344, 350, 373, 389, 394, 399, 434, 478, 480, 483, 492, 504, 510, 529, 567, 604, 622, 636, 637, 638, 641, 684, 711, 722, 731, 778, 786, 787, 790, 831, 859, 862, 863, 909, 949, 969, 971, 972], [9, 17, 36, 50, 138, 148, 158, 161, 164, 165, 190, 195, 197, 202, 239, 240, 242, 248, 258, 310, 318, 336, 338, 368, 387, 408, 414, 432, 485, 491, 516, 526, 548, 576, 582, 590, 651, 673, 682, 716, 720, 723, 724, 725, 740, 743, 752, 788, 791, 802, 842, 881, 891, 899, 930, 946, 987, 989], [44, 58, 65, 75, 96, 151, 200, 217, 223, 225, 271, 274, 337, 343, 439, 460, 501, 510, 571, 655, 664, 669, 678, 688, 707, 814, 819, 836, 857, 870, 904, 912, 929, 942], [14, 22, 28, 30, 49, 57, 80, 84, 129, 156, 169, 190, 192, 204, 208, 220, 246, 254, 273, 285, 351, 354, 358, 430, 432, 433, 445, 474, 497, 506, 551, 559, 569, 570, 577, 586, 589, 600, 605, 741, 744, 812, 821, 852, 892, 898, 913, 941, 959, 963, 964, 974, 983, 984], [7, 15, 39, 72, 94, 112, 157, 173, 175, 226, 294, 311, 314, 412, 418, 443, 487, 505, 517, 521, 540, 597, 634, 672, 694, 696, 708, 715, 717, 811, 820, 852, 897, 980, 989, 993], [33, 42, 93, 109, 136, 143, 199, 209, 249, 258, 508, 585, 608, 632, 643, 653, 698, 701, 712, 734, 739, 763, 781, 868], [1, 10, 47, 64, 69, 85, 100, 122, 148, 307, 341, 359, 381, 437, 444, 463, 489, 518, 565, 583, 588, 618, 633, 683, 702, 704, 729, 735, 770, 796, 826, 829, 861, 878, 885, 913, 921], [51, 67, 96, 114, 146, 153, 176, 216, 222, 252, 291, 300, 304, 306, 355, 418, 458, 467, 488, 510, 537, 549, 550, 595, 620, 627, 639, 650, 660, 700, 750, 757, 767, 776, 794, 798, 807, 816, 860, 900, 903, 916, 940, 952, 957, 966, 967, 971, 982, 994, 998], [16, 21, 34, 46, 63, 105, 130, 174, 261, 267, 290, 342, 367, 399, 415, 421, 449, 494, 522, 535, 568, 593, 679, 703, 737, 756, 793, 804, 837, 888, 896, 938, 976, 981], [70, 79, 81, 82, 87, 178, 196, 205, 214, 256, 282, 353, 388, 536, 543, 545, 581, 596, 599, 675, 689, 789, 825], [13, 41, 61, 68, 95, 97, 99, 120, 124, 126, 146, 163, 166, 171, 201, 215, 239, 250, 253, 255, 258, 272, 283, 289, 318, 347, 349, 361, 370, 384, 398, 409, 428, 437, 450, 451, 453, 455, 456, 473, 493, 495, 499, 545, 561, 574, 575, 580, 586, 594, 616, 629, 635, 681, 693, 695, 709, 724, 726, 730, 746, 749, 781, 795, 828, 841, 842, 850, 851, 879, 884, 895, 906, 917, 919, 933, 935, 947, 948, 953, 956, 960, 961, 977, 978], [22, 56, 74, 108, 129, 144, 160, 172, 176, 177, 179, 181, 190, 203, 254, 262, 273, 276, 281, 287, 295, 321, 417, 432, 442, 454, 457, 475, 497, 509, 538, 573, 613, 621, 766, 774, 817, 824, 827, 834, 844, 852, 854, 864, 867, 899, 902, 908, 915, 949, 954, 997], [5, 38, 41, 54, 71, 96, 110, 149, 211, 218, 227, 230, 259, 284, 288, 302, 320, 332, 339, 346, 356, 382, 386, 397, 425, 429, 438, 441, 447, 504, 511, 521, 530, 542, 554, 556, 591, 606, 609, 613, 659, 665, 668, 677, 685, 699, 721, 729, 772, 777, 838, 846, 847, 875, 887, 893, 931, 971, 973, 988, 999], [11, 12, 32, 35, 53, 73, 87, 121, 134, 140, 152, 159, 168, 180, 188, 194, 212, 221, 223, 237, 248, 263, 270, 283, 297, 303, 312, 326, 357, 374, 379, 380, 400, 413, 423, 426, 431, 437, 448, 455, 482, 486, 498, 519, 523, 524, 531, 545, 547, 572, 585, 649, 666, 711, 713, 729, 747, 758, 759, 775, 797, 800, 830, 873, 886, 898, 958, 966, 968, 990, 991, 995], [2, 3, 19, 27, 108, 114, 123, 133, 155, 167, 207, 232, 248, 250, 260, 298, 299, 301, 336, 348, 349, 379, 380, 393, 409, 411, 419, 469, 479, 495, 502, 512, 562, 566, 602, 648, 656, 681, 693, 706, 723, 733, 738, 742, 754, 762, 781, 808, 818, 822, 828, 832, 845, 855, 872, 894, 926, 985], [15, 23, 43, 48, 55, 60, 62, 89, 103, 128, 129, 182, 183, 187, 224, 231, 245, 273, 310, 317, 322, 331, 334, 345, 360, 363, 364, 405, 423, 495, 497, 534, 578, 676, 745, 748, 755, 761, 765, 834, 843, 858, 899, 905, 913, 920, 936, 937, 970, 986]]
print random_nodes: [[481], [485], [434], [83], [819], [499], [577], [518], [556], [635], [394], [259], [858], [70], [880], [971], [252], [794], [631], [382], [484], [512], [661], [81], [901], [343], [318], [567], [908], [39], [501], [924]]
args__________ ([[481]],)
args__________ ([[485]],)
args__________ ([[434]],)
args__________ ([[83]],)
args__________ ([[819]],)
args__________ ([[499]],)
args__________ ([[577]],)
args__________ ([[518]],)
args__________ ([[556]],)
args__________ ([[635]],)
args__________ ([[394]],)
args__________ ([[259]],)
args__________ ([[858]],)
args__________ ([[70]],)
args__________ ([[880]],)
args__________ ([[971]],)
args__________ ([[252]],)
args__________ ([[794]],)
args__________ ([[631]],)
args__________ ([[382]],)
args__________ ([[484]],)
args__________ ([[512]],)
args__________ ([[661]],)
args__________ ([[81]],)
args__________ ([[901]],)
args__________ ([[343]],)
args__________ ([[318]],)
args__________ ([[567]],)
args__________ ([[908]],)
args__________ ([[39]],)
args__________ ([[501]],)
args__________ ([[924]],)
finish process_num processes get single node nature community___________________
length of left_nodes_list__________:  373
print random_nodes: [[384], [131], [467], [221], [85], [739], [956], [359], [522], [428], [535], [357], [416], [447], [568], [921], [291], [521], [776], [379], [860], [695], [342], [617], [868], [264], [949], [643], [900], [273], [122], [592]]
args__________ ([[384]],)
args__________ ([[131]],)
args__________ ([[467]],)
args__________ ([[221]],)
args__________ ([[85]],)
args__________ ([[739]],)
args__________ ([[956]],)
args__________ ([[359]],)
args__________ ([[522]],)
args__________ ([[428]],)
args__________ ([[535]],)
args__________ ([[357]],)
args__________ ([[416]],)
args__________ ([[447]],)
args__________ ([[568]],)
args__________ ([[921]],)
args__________ ([[291]],)
args__________ ([[521]],)
args__________ ([[776]],)
args__________ ([[379]],)
args__________ ([[860]],)
args__________ ([[695]],)
args__________ ([[342]],)
args__________ ([[617]],)
args__________ ([[868]],)
args__________ ([[264]],)
args__________ ([[949]],)
args__________ ([[643]],)
args__________ ([[900]],)
args__________ ([[273]],)
args__________ ([[122]],)
args__________ ([[592]],)
finish process_num processes get single node nature community___________________
length of left_nodes_list__________:  70
print random_nodes: [[613], [370], [786], [258], [432], [503], [711], [263], [829], [255], [729], [599], [103], [176], [310], [689], [709], [320], [681], [437], [828], [781], [148], [830], [336], [239], [644], [982], [724], [919], [586], [486]]
args__________ ([[613]],)
args__________ ([[370]],)
args__________ ([[786]],)
args__________ ([[258]],)
args__________ ([[432]],)
args__________ ([[503]],)
args__________ ([[711]],)
args__________ ([[263]],)
args__________ ([[829]],)
args__________ ([[255]],)
args__________ ([[729]],)
args__________ ([[599]],)
args__________ ([[103]],)
args__________ ([[176]],)
args__________ ([[310]],)
args__________ ([[689]],)
args__________ ([[709]],)
args__________ ([[320]],)
args__________ ([[681]],)
args__________ ([[437]],)
args__________ ([[828]],)
args__________ ([[781]],)
args__________ ([[148]],)
args__________ ([[830]],)
args__________ ([[336]],)
args__________ ([[239]],)
args__________ ([[644]],)
args__________ ([[982]],)
args__________ ([[724]],)
args__________ ([[919]],)
args__________ ([[586]],)
args__________ ([[486]],)
finish process_num processes get single node nature community___________________
length of left_nodes_list__________:  33
print random_nodes: [[913], [585], [530], [834], [989], [723], [399], [920], [455], [629], [693], [163], [448], [283], [409], [22], [349], [510], [497], [250], [899], [842], [146], [223], [852], [418], [961], [991], [966], [898], [800], [380]]
args__________ ([[913]],)
args__________ ([[585]],)
args__________ ([[530]],)
args__________ ([[834]],)
args__________ ([[989]],)
args__________ ([[723]],)
args__________ ([[399]],)
args__________ ([[920]],)
args__________ ([[455]],)
args__________ ([[629]],)
args__________ ([[693]],)
args__________ ([[163]],)
args__________ ([[448]],)
args__________ ([[283]],)
args__________ ([[409]],)
args__________ ([[22]],)
args__________ ([[349]],)
args__________ ([[510]],)
args__________ ([[497]],)
args__________ ([[250]],)
args__________ ([[899]],)
args__________ ([[842]],)
args__________ ([[146]],)
args__________ ([[223]],)
args__________ ([[852]],)
args__________ ([[418]],)
args__________ ([[961]],)
args__________ ([[991]],)
args__________ ([[966]],)
args__________ ([[898]],)
args__________ ([[800]],)
args__________ ([[380]],)
finish process_num processes get single node nature community___________________
length of left_nodes_list__________:  1
print random_nodes: [[879]]
args__________ ([[879]],)
finish process_num processes get single node nature community___________________
length of left_nodes_list__________:  0
commplete get_all_nature_community, length:  129
after deal_communities, length:______________ 103
fits_dic 103
above ave fitness communities 65 [0.37281553398058254, 0.30621088107847855, 0.35992578849721707, 0.34885556432517756, 0.25509670674333507, 0.2814614343707713, 0.30858806404657935, 0.296875, 0.3436807095343681, 0.45742092457420924, 0.24298205246203405, 0.3497128270580728, 0.2902426944031699, 0.3534218590398366, 0.31547619047619047, 0.2682551883166795, 0.36803874092009686, 0.2991725015913431, 0.4115853658536585, 0.27580225498699046, 0.36987607244995235, 0.25569620253164554, 0.36568457538994803, 0.2725118483412322, 0.33161216293746415, 0.3061546554445029, 0.3878241262683202, 0.3194355355997434, 0.3789192795196798, 0.43493761140819964, 0.32653061224489793, 0.30138713745271123, 0.3236994219653179, 0.3060656649972176, 0.30787037037037035, 0.34424242424242424, 0.41063515509601184, 0.40070921985815605, 0.3817427385892116, 0.33962264150943394, 0.3729508196721312, 0.31258644536652835, 0.27735644637053086, 0.3185011709601874, 0.3065015479876161, 0.2501124606387764, 0.33177812337998963, 0.30440251572327043, 0.2776203966005666, 0.38530465949820786, 0.4177449168207024, 0.3902439024390244, 0.2785838653511317, 0.3536918869644485, 0.3660130718954248, 0.3199008059516429, 0.31699939503932245, 0.3173475429248076, 0.29254571026722925, 0.3563636363636364, 0.2484375, 0.34072345390898484, 0.29217025748817654, 0.2777232580961727, 0.25506756756756754]
----------------------------------The detection result is: 

all communities: 
i =  1 : [53, 70, 79, 81, 82, 168, 178, 196, 205, 214, 256, 282, 353, 388, 481, 536, 543, 581, 596, 675, 789, 825]
i =  2 : [5, 38, 71, 110, 125, 149, 170, 211, 218, 222, 227, 259, 284, 288, 302, 332, 339, 346, 356, 382, 386, 425, 429, 438, 441, 511, 518, 542, 554, 556, 591, 606, 609, 659, 665, 668, 677, 685, 699, 721, 772, 777, 838, 846, 847, 875, 887, 893, 931, 973, 988, 999]
i =  3 : [7, 39, 72, 94, 112, 157, 173, 175, 226, 294, 311, 314, 325, 394, 412, 443, 487, 505, 517, 540, 597, 634, 672, 694, 696, 708, 715, 717, 811, 820, 897, 980, 993]
i =  4 : [5, 23, 48, 55, 60, 62, 89, 128, 182, 183, 187, 224, 231, 245, 317, 322, 331, 334, 345, 360, 363, 364, 405, 534, 578, 676, 745, 748, 755, 761, 765, 843, 858, 905, 936, 937, 970, 986]
i =  5 : [37, 48, 61, 68, 83, 86, 113, 130, 135, 137, 141, 228, 277, 293, 315, 329, 352, 391, 392, 452, 461, 464, 468, 496, 507, 532, 557, 564, 601, 603, 623, 640, 646, 647, 652, 658, 671, 691, 705, 728, 736, 803, 880, 907, 925, 962, 975, 996]
i =  6 : [70, 79, 81, 82, 87, 125, 178, 196, 205, 214, 256, 282, 353, 388, 536, 543, 545, 581, 596, 675, 684, 789, 825, 971]
i =  7 : [5, 38, 71, 110, 125, 149, 170, 211, 218, 222, 227, 252, 259, 284, 288, 302, 332, 339, 346, 356, 382, 386, 425, 429, 438, 441, 511, 542, 554, 556, 591, 606, 609, 659, 665, 668, 677, 685, 699, 721, 772, 777, 838, 846, 847, 875, 887, 893, 931, 973, 988, 999]
i =  8 : [10, 24, 64, 76, 77, 97, 99, 100, 107, 185, 268, 292, 369, 390, 401, 407, 435, 440, 472, 631, 663, 680, 686, 710, 718, 794, 866]
i =  9 : [38, 54, 71, 110, 149, 211, 218, 227, 259, 284, 288, 302, 332, 339, 346, 356, 382, 386, 425, 429, 438, 441, 511, 542, 554, 556, 591, 606, 609, 659, 665, 668, 677, 685, 699, 721, 772, 777, 838, 846, 847, 875, 887, 893, 931, 973, 988, 999]
i =  10 : [70, 73, 79, 81, 82, 178, 196, 205, 214, 256, 282, 353, 388, 536, 543, 581, 596, 675, 789, 825]
i =  11 : [7, 8, 18, 26, 31, 41, 61, 78, 83, 106, 119, 141, 150, 184, 186, 193, 210, 251, 278, 316, 324, 330, 365, 436, 470, 476, 528, 541, 560, 587, 598, 611, 615, 642, 645, 657, 687, 690, 692, 751, 799, 813, 835, 865, 889, 901, 910, 914, 932, 943, 944, 1000]
i =  12 : [25, 118, 125, 132, 170, 198, 234, 236, 238, 309, 313, 325, 328, 340, 344, 350, 373, 389, 394, 434, 478, 480, 483, 492, 529, 567, 604, 622, 636, 637, 638, 641, 684, 722, 731, 778, 787, 790, 831, 859, 862, 863, 909, 969, 972]
i =  13 : [14, 23, 28, 30, 49, 50, 57, 80, 84, 96, 111, 152, 154, 156, 158, 159, 169, 179, 192, 194, 204, 208, 220, 246, 285, 346, 351, 354, 358, 430, 433, 445, 474, 501, 506, 551, 559, 569, 570, 577, 589, 600, 605, 741, 744, 812, 821, 892, 941, 959, 963, 964, 974, 983, 984]
i =  14 : [6, 90, 92, 101, 127, 131, 142, 147, 189, 219, 279, 286, 372, 420, 446, 459, 481, 504, 514, 515, 552, 584, 592, 727, 823, 833, 840, 876, 923, 927, 945]
i =  15 : [5, 38, 71, 110, 125, 149, 170, 211, 218, 222, 227, 259, 284, 288, 302, 332, 339, 346, 356, 382, 386, 425, 429, 438, 441, 467, 511, 542, 554, 556, 591, 606, 609, 659, 665, 668, 677, 685, 699, 721, 772, 777, 838, 846, 847, 875, 887, 893, 931, 973, 988, 999]
i =  16 : [13, 61, 68, 83, 95, 97, 99, 102, 106, 120, 124, 126, 141, 166, 171, 201, 215, 253, 272, 289, 347, 361, 384, 398, 428, 450, 451, 453, 456, 473, 493, 561, 574, 575, 580, 594, 616, 726, 730, 746, 749, 795, 841, 850, 851, 884, 895, 906, 917, 933, 935, 947, 948, 953, 956, 960, 977, 978]
i =  17 : [16, 21, 26, 27, 34, 46, 63, 105, 130, 174, 182, 207, 261, 267, 290, 342, 367, 415, 421, 449, 494, 522, 535, 568, 593, 679, 703, 737, 756, 793, 804, 837, 888, 896, 938, 976, 981]
i =  18 : [6, 16, 21, 32, 34, 35, 45, 46, 54, 63, 92, 105, 108, 114, 130, 174, 219, 261, 267, 290, 296, 332, 342, 367, 415, 421, 449, 494, 522, 535, 568, 593, 679, 703, 737, 756, 793, 804, 837, 888, 896, 938, 976, 981]
i =  19 : [45, 116, 139, 243, 275, 291, 296, 323, 376, 385, 403, 404, 416, 422, 533, 539, 546, 628, 630, 674, 719, 785, 801, 918, 939]
i =  20 : [38, 71, 110, 125, 149, 153, 170, 173, 194, 211, 218, 222, 227, 252, 259, 284, 288, 302, 332, 339, 346, 356, 382, 386, 425, 429, 438, 441, 511, 542, 554, 556, 591, 606, 609, 659, 665, 668, 677, 685, 699, 721, 772, 776, 777, 838, 846, 847, 875, 887, 893, 931, 973, 988, 999]
i =  21 : [7, 31, 39, 72, 94, 112, 157, 173, 175, 226, 294, 311, 314, 379, 412, 443, 487, 505, 517, 540, 597, 634, 672, 694, 696, 708, 715, 717, 811, 820, 897, 980, 993]
i =  22 : [6, 32, 35, 45, 70, 79, 81, 82, 92, 108, 114, 178, 196, 205, 214, 256, 282, 353, 388, 536, 543, 581, 596, 675, 789, 825, 860]
i =  23 : [4, 40, 145, 191, 244, 247, 264, 265, 269, 308, 327, 362, 366, 375, 396, 462, 477, 553, 579, 610, 612, 617, 697, 732, 760, 780, 848, 856, 869, 911, 928, 950, 992]
i =  24 : [4, 24, 76, 77, 107, 111, 115, 118, 185, 268, 292, 305, 369, 390, 401, 407, 435, 440, 472, 631, 663, 680, 686, 710, 718, 866, 949]
i =  25 : [3, 51, 67, 153, 216, 222, 252, 291, 300, 304, 306, 355, 458, 467, 488, 537, 549, 550, 595, 620, 627, 639, 650, 660, 700, 750, 757, 767, 776, 798, 807, 816, 900, 903, 916, 940, 952, 957, 967, 994, 998]
i =  26 : [14, 28, 30, 49, 53, 57, 80, 84, 129, 156, 160, 168, 169, 192, 203, 204, 208, 220, 246, 273, 285, 351, 354, 358, 377, 430, 433, 445, 474, 506, 544, 551, 559, 569, 570, 577, 589, 600, 605, 741, 744, 812, 821, 892, 941, 959, 963, 964, 974, 983, 984]
i =  27 : [6, 90, 92, 101, 117, 127, 142, 147, 189, 219, 279, 286, 372, 420, 446, 459, 481, 514, 515, 552, 584, 592, 727, 823, 833, 840, 876, 923, 927, 945]
i =  28 : [56, 74, 104, 115, 144, 160, 172, 177, 179, 181, 203, 262, 276, 281, 287, 295, 321, 417, 442, 454, 457, 475, 509, 538, 573, 613, 621, 766, 774, 817, 824, 827, 844, 854, 864, 867, 902, 908, 915, 954, 997]
i =  29 : [14, 28, 30, 49, 57, 70, 80, 84, 156, 169, 192, 204, 208, 220, 246, 285, 351, 354, 358, 430, 432, 433, 445, 474, 506, 551, 559, 569, 570, 577, 589, 600, 605, 741, 744, 812, 821, 892, 941, 959, 963, 964, 974, 983, 984]
i =  30 : [33, 42, 93, 109, 136, 143, 199, 209, 249, 503, 508, 608, 632, 643, 653, 698, 701, 712, 734, 739, 763, 868]
i =  31 : [24, 33, 76, 77, 107, 118, 185, 234, 268, 292, 369, 390, 401, 407, 435, 440, 472, 631, 663, 680, 686, 710, 711, 718, 866]
i =  32 : [15, 37, 38, 113, 135, 137, 228, 263, 277, 293, 315, 329, 352, 391, 392, 452, 461, 464, 468, 496, 507, 532, 564, 601, 603, 623, 640, 646, 647, 652, 658, 671, 691, 705, 728, 736, 803, 880, 907, 925, 962, 975, 996]
i =  33 : [7, 39, 46, 72, 94, 112, 113, 157, 173, 175, 226, 294, 311, 314, 412, 443, 487, 505, 517, 540, 597, 634, 672, 694, 696, 708, 715, 717, 811, 820, 829, 897, 980, 993]
i =  34 : [1, 11, 12, 32, 35, 53, 73, 121, 134, 136, 140, 142, 152, 159, 168, 180, 188, 194, 212, 221, 237, 270, 297, 303, 312, 326, 357, 400, 426, 431, 482, 498, 519, 523, 524, 531, 547, 572, 649, 666, 713, 729, 747, 758, 759, 775, 797, 873, 886, 958, 968, 990, 995]
i =  35 : [11, 12, 32, 35, 53, 73, 75, 103, 121, 134, 140, 142, 152, 159, 180, 188, 194, 212, 221, 237, 270, 297, 303, 312, 326, 357, 400, 426, 431, 482, 498, 519, 523, 524, 531, 547, 571, 572, 649, 666, 713, 747, 758, 759, 775, 797, 873, 886, 958, 968, 990, 995]
i =  36 : [14, 25, 28, 30, 41, 49, 57, 80, 84, 156, 169, 192, 204, 208, 220, 231, 246, 285, 310, 351, 354, 358, 430, 433, 445, 474, 506, 551, 559, 569, 570, 577, 589, 600, 605, 741, 744, 812, 821, 892, 941, 959, 963, 964, 974, 983, 984]
i =  37 : [45, 116, 139, 243, 275, 296, 323, 376, 385, 403, 404, 416, 422, 533, 539, 546, 628, 630, 674, 689, 719, 785, 801, 918, 939]
i =  38 : [16, 21, 34, 46, 63, 105, 130, 174, 261, 267, 290, 342, 367, 415, 421, 449, 494, 522, 535, 568, 593, 679, 703, 709, 737, 756, 793, 804, 837, 888, 896, 938, 976, 981]
i =  39 : [45, 116, 139, 243, 254, 275, 296, 323, 376, 385, 403, 404, 416, 422, 437, 533, 539, 546, 628, 630, 674, 719, 785, 801, 918, 939]
i =  40 : [28, 49, 70, 79, 81, 82, 148, 178, 196, 205, 214, 256, 282, 353, 388, 445, 506, 536, 543, 581, 596, 675, 789, 825]
i =  41 : [6, 12, 90, 92, 101, 127, 142, 147, 189, 219, 279, 286, 372, 420, 446, 459, 481, 514, 515, 552, 584, 592, 727, 823, 833, 840, 876, 919, 923, 927, 945]
i =  42 : [24, 31, 36, 50, 76, 77, 107, 185, 268, 278, 292, 369, 390, 401, 407, 435, 440, 472, 586, 631, 663, 680, 686, 710, 718, 866]
i =  43 : [33, 42, 55, 56, 64, 84, 93, 109, 136, 143, 150, 199, 209, 249, 360, 508, 608, 632, 643, 653, 698, 701, 712, 734, 739, 763, 868, 913]
i =  44 : [11, 12, 32, 35, 53, 73, 82, 121, 134, 140, 152, 159, 168, 180, 188, 194, 212, 221, 237, 270, 297, 303, 312, 326, 357, 400, 426, 431, 482, 498, 519, 523, 524, 531, 547, 572, 585, 649, 666, 713, 747, 758, 759, 775, 797, 873, 886, 958, 968, 990, 995]
i =  45 : [16, 26, 36, 50, 70, 79, 81, 82, 132, 178, 196, 205, 214, 256, 282, 353, 388, 530, 536, 543, 581, 596, 675, 789, 825]
i =  46 : [3, 11, 12, 32, 35, 53, 73, 77, 112, 119, 121, 130, 134, 140, 152, 159, 168, 180, 188, 194, 210, 212, 221, 237, 248, 260, 270, 297, 303, 312, 326, 357, 400, 426, 431, 482, 498, 519, 523, 524, 531, 547, 572, 649, 666, 713, 747, 758, 759, 775, 797, 834, 873, 886, 958, 968, 990, 995]
i =  47 : [29, 52, 59, 98, 102, 104, 112, 117, 162, 213, 233, 241, 319, 335, 377, 395, 402, 465, 466, 471, 484, 490, 513, 527, 544, 558, 607, 614, 624, 626, 654, 661, 670, 753, 773, 783, 805, 806, 815, 839, 849, 871, 874, 877, 882, 890, 922, 934, 989]
i =  48 : [37, 110, 113, 135, 137, 148, 228, 277, 293, 315, 329, 352, 391, 392, 399, 452, 461, 464, 468, 496, 507, 532, 564, 601, 603, 623, 640, 646, 647, 652, 658, 671, 691, 705, 728, 736, 803, 880, 907, 925, 962, 975, 996]
i =  49 : [64, 70, 79, 81, 82, 100, 161, 165, 178, 196, 205, 214, 256, 282, 353, 388, 536, 543, 581, 596, 675, 789, 825, 920]
i =  50 : [44, 58, 65, 75, 151, 200, 217, 225, 271, 274, 337, 343, 439, 455, 460, 501, 571, 655, 664, 669, 678, 688, 707, 814, 819, 836, 857, 870, 904, 912, 929, 942]
i =  51 : [24, 76, 77, 107, 185, 268, 292, 369, 390, 401, 407, 435, 440, 472, 629, 631, 663, 680, 686, 710, 718, 866]
i =  52 : [24, 76, 77, 107, 176, 185, 268, 292, 369, 390, 401, 407, 435, 440, 448, 472, 631, 663, 680, 686, 710, 718, 866]
i =  53 : [37, 55, 56, 74, 113, 124, 135, 137, 228, 277, 283, 293, 315, 329, 352, 391, 392, 452, 461, 464, 468, 496, 507, 532, 564, 601, 603, 623, 640, 646, 647, 652, 658, 671, 691, 705, 728, 736, 803, 880, 907, 925, 962, 975, 996]
i =  54 : [1, 10, 47, 64, 69, 85, 100, 122, 307, 341, 359, 381, 409, 444, 463, 489, 518, 565, 583, 588, 618, 633, 683, 702, 704, 735, 770, 796, 826, 861, 878, 885, 921]
i =  55 : [22, 24, 76, 77, 84, 107, 185, 268, 292, 349, 369, 390, 401, 407, 435, 440, 472, 631, 663, 680, 686, 710, 718, 866]
i =  56 : [9, 14, 17, 36, 50, 138, 158, 161, 164, 165, 195, 202, 240, 242, 250, 338, 368, 387, 408, 414, 485, 491, 516, 526, 548, 576, 582, 590, 651, 673, 682, 716, 720, 725, 740, 743, 752, 788, 791, 802, 881, 891, 930, 946, 987]
i =  57 : [9, 17, 36, 50, 138, 158, 161, 164, 165, 195, 202, 240, 242, 338, 368, 387, 408, 414, 485, 491, 516, 526, 548, 576, 582, 590, 651, 673, 682, 716, 720, 725, 740, 743, 752, 788, 791, 802, 881, 891, 899, 930, 946, 987]
i =  58 : [2, 3, 19, 27, 123, 133, 155, 167, 207, 223, 232, 260, 298, 299, 301, 348, 393, 411, 419, 469, 479, 495, 502, 512, 562, 566, 602, 648, 656, 706, 733, 738, 742, 754, 762, 808, 818, 822, 832, 845, 855, 872, 894, 926, 985]
i =  59 : [14, 28, 30, 49, 55, 56, 57, 64, 74, 80, 84, 156, 161, 165, 169, 192, 204, 208, 220, 246, 285, 334, 345, 351, 354, 358, 360, 430, 432, 433, 445, 474, 506, 551, 559, 569, 570, 577, 589, 600, 605, 741, 744, 812, 821, 852, 892, 913, 941, 959, 963, 964, 974, 983, 984]
i =  60 : [7, 39, 66, 72, 94, 112, 157, 173, 175, 226, 294, 311, 314, 412, 418, 443, 487, 505, 517, 540, 597, 634, 672, 694, 696, 708, 715, 717, 811, 820, 897, 980, 993]
i =  61 : [4, 13, 19, 20, 61, 66, 86, 91, 111, 115, 131, 154, 171, 206, 229, 230, 235, 257, 266, 280, 305, 333, 371, 378, 383, 406, 410, 424, 427, 500, 520, 525, 555, 557, 563, 616, 619, 625, 662, 667, 714, 764, 768, 769, 771, 779, 782, 784, 792, 809, 810, 853, 883, 924, 951, 955, 961, 965, 979]
i =  62 : [40, 45, 116, 139, 243, 275, 296, 323, 376, 385, 403, 404, 416, 422, 533, 539, 546, 628, 630, 674, 719, 785, 801, 918, 939, 991]
i =  63 : [1, 11, 12, 32, 35, 53, 73, 121, 134, 140, 142, 152, 159, 180, 188, 194, 212, 221, 237, 270, 297, 303, 312, 326, 357, 400, 426, 431, 482, 498, 519, 523, 524, 531, 547, 572, 649, 666, 713, 729, 747, 758, 759, 775, 797, 873, 886, 958, 966, 968, 990, 995]
i =  64 : [2, 11, 12, 22, 32, 35, 53, 73, 84, 90, 121, 134, 140, 152, 159, 168, 180, 188, 192, 194, 212, 221, 237, 270, 297, 303, 312, 326, 357, 400, 407, 426, 431, 482, 498, 519, 523, 524, 531, 547, 572, 649, 666, 713, 747, 758, 759, 775, 797, 873, 886, 898, 958, 968, 990, 995]
i =  65 : [4, 20, 66, 86, 91, 111, 115, 145, 154, 176, 206, 229, 230, 235, 257, 266, 280, 281, 305, 333, 371, 378, 383, 406, 410, 424, 427, 448, 500, 520, 525, 555, 557, 619, 625, 662, 667, 714, 764, 768, 769, 771, 779, 782, 784, 792, 800, 809, 810, 853, 883, 924, 951, 955, 965, 979]
overlapping nodes are:  [1, 2, 3, 4, 5, 6, 7, 9, 10, 11, 12, 13, 14, 16, 17, 19, 20, 21, 22, 23, 24, 25, 26, 27, 28, 30, 31, 32, 33, 34, 35, 36, 37, 38, 39, 40, 41, 42, 45, 46, 48, 49, 50, 53, 54, 55, 56, 57, 61, 63, 64, 66, 68, 70, 71, 72, 73, 74, 75, 76, 77, 79, 80, 81, 82, 83, 84, 86, 90, 91, 92, 93, 94, 97, 99, 100, 101, 102, 104, 105, 106, 107, 108, 109, 110, 111, 112, 113, 114, 115, 116, 117, 118, 119, 121, 124, 125, 127, 130, 131, 132, 134, 135, 136, 137, 138, 139, 140, 141, 142, 143, 145, 147, 148, 149, 150, 152, 153, 154, 156, 157, 158, 159, 160, 161, 164, 165, 168, 169, 170, 171, 173, 174, 175, 176, 178, 179, 180, 182, 185, 188, 189, 192, 194, 195, 196, 199, 202, 203, 204, 205, 206, 207, 208, 209, 210, 211, 212, 214, 218, 219, 220, 221, 222, 226, 227, 228, 229, 230, 231, 234, 235, 237, 240, 242, 243, 246, 249, 252, 256, 257, 259, 260, 261, 266, 267, 268, 270, 275, 277, 278, 279, 280, 281, 282, 284, 285, 286, 288, 290, 291, 292, 293, 294, 296, 297, 302, 303, 305, 311, 312, 314, 315, 323, 325, 326, 329, 332, 333, 334, 338, 339, 342, 345, 346, 351, 352, 353, 354, 356, 357, 358, 360, 367, 368, 369, 371, 372, 376, 377, 378, 382, 383, 385, 386, 387, 388, 390, 391, 392, 394, 400, 401, 403, 404, 406, 407, 408, 410, 412, 414, 415, 416, 420, 421, 422, 424, 425, 426, 427, 429, 430, 431, 432, 433, 435, 438, 440, 441, 443, 445, 446, 448, 449, 452, 459, 461, 464, 467, 468, 472, 474, 481, 482, 485, 487, 491, 494, 496, 498, 500, 501, 505, 506, 507, 508, 511, 514, 515, 516, 517, 518, 519, 520, 522, 523, 524, 525, 526, 531, 532, 533, 535, 536, 539, 540, 542, 543, 544, 546, 547, 548, 551, 552, 554, 555, 556, 557, 559, 564, 568, 569, 570, 571, 572, 576, 577, 581, 582, 584, 589, 590, 591, 592, 593, 596, 597, 600, 601, 603, 605, 606, 608, 609, 616, 619, 623, 625, 628, 630, 631, 632, 634, 640, 643, 646, 647, 649, 651, 652, 653, 658, 659, 662, 663, 665, 666, 667, 668, 671, 672, 673, 674, 675, 677, 679, 680, 682, 684, 685, 686, 691, 694, 696, 698, 699, 701, 703, 705, 708, 710, 712, 713, 714, 715, 716, 717, 718, 719, 720, 721, 725, 727, 728, 729, 734, 736, 737, 739, 740, 741, 743, 744, 747, 752, 756, 758, 759, 763, 764, 768, 769, 771, 772, 775, 776, 777, 779, 782, 784, 785, 788, 789, 791, 792, 793, 797, 801, 802, 803, 804, 809, 810, 811, 812, 820, 821, 823, 825, 833, 837, 838, 840, 846, 847, 853, 866, 868, 873, 875, 876, 880, 881, 883, 886, 887, 888, 891, 892, 893, 896, 897, 907, 913, 918, 923, 924, 925, 927, 930, 931, 938, 939, 941, 945, 946, 951, 955, 958, 959, 962, 963, 964, 965, 968, 973, 974, 975, 976, 979, 980, 981, 983, 984, 987, 988, 990, 993, 995, 996, 999] 
 NOO is:  531
total time is:  541.508451939
