lens of ground_truth:  23
ground_truth is: [[20, 29, 39, 45, 113, 126, 148, 171, 204, 228, 239, 241, 253, 254, 295, 297, 299, 305, 306, 322, 330, 335, 362, 403, 415, 433, 476, 487, 524, 531, 540, 545, 567, 591, 618, 634, 638, 639, 642, 657, 674, 687, 696, 725, 740, 788, 789, 816, 833, 880, 898, 916, 930, 938, 949, 952, 961, 973, 999], [5, 19, 23, 72, 114, 155, 156, 164, 182, 186, 192, 199, 211, 231, 236, 238, 268, 270, 301, 305, 316, 323, 327, 347, 353, 374, 383, 412, 437, 438, 458, 514, 515, 516, 517, 521, 527, 546, 552, 616, 626, 635, 663, 668, 682, 691, 731, 735, 746, 747, 765, 768, 784, 789, 795, 803, 813, 817, 826, 828, 831, 886, 890, 906, 943, 947, 953, 993], [9, 13, 21, 29, 33, 57, 62, 80, 93, 102, 142, 144, 163, 167, 185, 195, 202, 209, 228, 229, 234, 249, 256, 289, 313, 320, 372, 412, 509, 538, 568, 583, 619, 664, 672, 688, 711, 713, 758, 776, 787, 814, 839, 853, 857, 859, 860, 862, 894, 907, 911, 924], [14, 43, 85, 97, 118, 141, 143, 152, 178, 200, 251, 282, 303, 319, 396, 414, 478, 498, 511, 538, 589, 598, 662, 671, 696, 730, 744, 750, 774, 817, 822, 830, 835, 842, 856, 869, 870, 875, 887, 908, 957, 962, 970, 988, 997], [8, 19, 26, 56, 75, 124, 127, 132, 139, 146, 155, 161, 181, 245, 261, 276, 278, 309, 326, 366, 376, 378, 402, 404, 407, 418, 457, 465, 468, 500, 512, 543, 545, 554, 555, 574, 575, 587, 601, 603, 609, 620, 627, 628, 636, 656, 711, 726, 738, 745, 755, 767, 770, 794, 798, 812, 844, 888, 897, 900, 901, 915, 965, 966, 989, 995, 997], [5, 7, 49, 58, 80, 92, 121, 131, 135, 173, 176, 177, 250, 281, 329, 330, 364, 365, 382, 391, 408, 412, 420, 431, 463, 501, 528, 536, 564, 576, 581, 582, 623, 629, 659, 673, 736, 761, 763, 773, 781, 782, 788, 800, 807, 815, 838, 842, 856, 959, 969, 981], [22, 25, 44, 62, 99, 123, 145, 154, 168, 184, 193, 210, 218, 224, 232, 255, 310, 354, 361, 413, 442, 444, 484, 504, 507, 520, 529, 535, 539, 610, 649, 679, 744, 757, 791, 793, 798, 852, 856, 878, 879, 901, 924, 926, 928, 931, 954, 968, 985, 988], [71, 87, 110, 137, 149, 189, 273, 340, 341, 345, 346, 356, 390, 453, 473, 491, 502, 506, 532, 563, 615, 632, 708, 712, 786, 806, 851, 876], [35, 41, 51, 72, 132, 165, 171, 183, 196, 198, 228, 232, 248, 263, 266, 300, 307, 311, 318, 323, 329, 350, 351, 366, 378, 384, 398, 419, 432, 435, 449, 457, 464, 465, 474, 492, 502, 508, 523, 545, 551, 553, 554, 557, 580, 585, 622, 634, 683, 685, 688, 696, 711, 729, 738, 749, 760, 775, 777, 778, 797, 838, 842, 857, 873, 888, 901, 903, 912, 918, 941, 946, 950, 954, 979, 988, 995], [18, 29, 35, 41, 47, 66, 91, 126, 132, 134, 143, 195, 197, 207, 213, 217, 223, 232, 244, 252, 264, 286, 288, 290, 296, 306, 323, 330, 331, 360, 366, 369, 378, 430, 436, 447, 465, 480, 496, 510, 522, 535, 538, 550, 554, 620, 621, 631, 643, 664, 677, 696, 701, 711, 738, 746, 767, 778, 780, 789, 796, 798, 799, 812, 826, 843, 845, 880, 888, 895, 905, 934, 939, 940, 942, 971, 995], [48, 54, 76, 83, 88, 112, 117, 120, 140, 158, 170, 215, 273, 385, 393, 497, 573, 600, 641, 654, 665, 669, 707, 714, 717, 732, 734, 764, 778, 798, 804, 882], [34, 55, 101, 180, 205, 277, 280, 305, 328, 329, 377, 386, 411, 469, 477, 588, 611, 648, 653, 681, 705, 727, 749, 753, 785, 824, 827, 833, 855, 857, 858, 880, 881, 936, 945, 975, 990, 991, 992], [70, 90, 214, 220, 235, 315, 366, 373, 380, 389, 434, 445, 454, 549, 556, 586, 597, 633, 652, 716, 737, 748, 811, 819, 846, 856, 888, 932], [4, 15, 45, 64, 73, 86, 106, 109, 115, 136, 179, 188, 212, 240, 259, 262, 285, 334, 337, 342, 348, 371, 381, 416, 424, 429, 459, 461, 483, 570, 614, 622, 624, 658, 698, 715, 762, 783, 788, 812, 834, 836, 838, 890, 909, 935, 954, 958, 967, 977, 988], [26, 51, 52, 60, 62, 63, 80, 105, 128, 130, 133, 172, 247, 279, 283, 291, 292, 312, 332, 367, 375, 392, 409, 427, 482, 493, 546, 590, 599, 625, 637, 644, 678, 680, 695, 702, 724, 735, 741, 743, 744, 781, 792, 796, 802, 826, 890, 893, 924, 948, 954, 1000], [27, 38, 51, 59, 67, 72, 103, 108, 159, 190, 191, 216, 242, 343, 358, 422, 450, 486, 489, 495, 554, 613, 643, 660, 703, 913, 922], [3, 31, 32, 50, 51, 74, 111, 201, 206, 219, 246, 265, 267, 314, 325, 349, 388, 399, 410, 428, 475, 526, 546, 548, 560, 562, 565, 571, 595, 612, 640, 646, 699, 706, 809, 820, 842, 848, 850, 889, 892, 963, 976], [1, 2, 5, 6, 9, 19, 40, 41, 45, 81, 98, 116, 122, 126, 131, 138, 139, 143, 155, 157, 162, 195, 203, 208, 257, 273, 287, 293, 317, 318, 352, 397, 405, 426, 433, 464, 465, 491, 502, 518, 519, 525, 534, 537, 542, 546, 572, 584, 594, 634, 643, 647, 686, 688, 709, 710, 721, 722, 735, 749, 758, 768, 781, 792, 803, 817, 823, 828, 832, 839, 861, 872, 883, 890, 896, 899, 923, 929, 935, 947, 994, 997], [9, 16, 36, 40, 66, 68, 80, 94, 107, 119, 139, 143, 153, 157, 160, 166, 187, 188, 209, 243, 258, 260, 271, 275, 317, 318, 324, 338, 352, 368, 379, 387, 395, 401, 417, 421, 423, 425, 433, 439, 452, 464, 467, 535, 537, 541, 559, 561, 572, 602, 605, 606, 620, 622, 650, 664, 686, 689, 704, 729, 759, 767, 768, 796, 803, 825, 833, 837, 839, 847, 849, 871, 877, 883, 902, 904, 919, 921, 924, 927, 935, 947, 951, 956, 960, 982, 984, 987, 997], [26, 28, 82, 104, 126, 150, 228, 233, 237, 274, 308, 329, 333, 355, 406, 412, 440, 456, 457, 460, 464, 481, 490, 494, 572, 596, 608, 675, 676, 697, 735, 739, 751, 758, 766, 769, 779, 790, 808, 817, 874, 914, 920, 933, 944, 978, 995, 998], [5, 9, 11, 12, 24, 26, 29, 35, 37, 40, 41, 61, 62, 66, 72, 95, 129, 131, 151, 157, 169, 171, 188, 194, 195, 209, 222, 225, 273, 294, 298, 305, 306, 317, 336, 344, 352, 363, 448, 455, 466, 491, 499, 502, 530, 533, 535, 537, 538, 572, 604, 620, 630, 643, 645, 651, 666, 670, 686, 694, 728, 729, 744, 746, 756, 758, 767, 768, 778, 789, 796, 803, 805, 810, 818, 828, 839, 840, 863, 880, 883, 925, 935, 947, 964, 972, 980, 983, 996], [10, 17, 19, 30, 35, 40, 45, 46, 66, 69, 77, 78, 79, 84, 100, 125, 132, 155, 157, 171, 175, 188, 209, 221, 226, 227, 230, 232, 302, 306, 317, 318, 323, 330, 352, 357, 359, 378, 433, 446, 457, 462, 472, 479, 488, 491, 503, 513, 537, 545, 566, 569, 578, 592, 617, 622, 634, 664, 667, 688, 690, 692, 693, 720, 723, 729, 738, 746, 749, 752, 788, 792, 801, 812, 828, 833, 838, 841, 857, 864, 866, 867, 868, 883, 884, 891, 901, 917, 937, 955, 974], [42, 53, 65, 89, 96, 131, 139, 147, 174, 269, 272, 284, 304, 321, 339, 370, 394, 400, 441, 443, 451, 470, 471, 485, 505, 544, 547, 558, 577, 579, 593, 607, 655, 661, 684, 686, 700, 718, 719, 733, 742, 754, 771, 772, 781, 792, 821, 826, 829, 854, 865, 885, 910, 986]]
print random_nodes: [[973], [695], [993], [996], [977], [846], [599], [741], [296], [319], [126], [587], [829], [490], [352], [152], [627], [111], [290], [64], [329], [657], [943], [299], [974], [204], [171], [742], [830], [28], [702], [559]]
args__________ ([[973]],)
args__________ ([[695]],)
args__________ ([[993]],)
args__________ ([[996]],)
args__________ ([[977]],)
args__________ ([[846]],)
args__________ ([[599]],)
args__________ ([[741]],)
args__________ ([[296]],)
args__________ ([[319]],)
args__________ ([[126]],)
args__________ ([[587]],)
args__________ ([[829]],)
args__________ ([[490]],)
args__________ ([[352]],)
args__________ ([[152]],)
args__________ ([[627]],)
args__________ ([[111]],)
args__________ ([[290]],)
args__________ ([[64]],)
args__________ ([[329]],)
args__________ ([[657]],)
args__________ ([[943]],)
args__________ ([[299]],)
args__________ ([[974]],)
args__________ ([[204]],)
args__________ ([[171]],)
args__________ ([[742]],)
args__________ ([[830]],)
args__________ ([[28]],)
args__________ ([[702]],)
args__________ ([[559]],)
finish process_num processes get single node nature community___________________
length of left_nodes_list__________:  346
print random_nodes: [[572], [738], [826], [26], [705], [384], [896], [138], [484], [709], [234], [177], [780], [568], [746], [623], [465], [135], [249], [903], [244], [990], [263], [228], [287], [858], [653], [994], [557], [293], [205], [207]]
args__________ ([[572]],)
args__________ ([[738]],)
args__________ ([[826]],)
args__________ ([[26]],)
args__________ ([[705]],)
args__________ ([[384]],)
args__________ ([[896]],)
args__________ ([[138]],)
args__________ ([[484]],)
args__________ ([[709]],)
args__________ ([[234]],)
args__________ ([[177]],)
args__________ ([[780]],)
args__________ ([[568]],)
args__________ ([[746]],)
args__________ ([[623]],)
args__________ ([[465]],)
args__________ ([[135]],)
args__________ ([[249]],)
args__________ ([[903]],)
args__________ ([[244]],)
args__________ ([[990]],)
args__________ ([[263]],)
args__________ ([[228]],)
args__________ ([[287]],)
args__________ ([[858]],)
args__________ ([[653]],)
args__________ ([[994]],)
args__________ ([[557]],)
args__________ ([[293]],)
args__________ ([[205]],)
args__________ ([[207]],)
finish process_num processes get single node nature community___________________
length of left_nodes_list__________:  78
print random_nodes: [[664], [888], [729], [935], [537], [883], [995], [35], [758], [798], [378], [545], [80], [901], [41], [317], [688], [767], [749], [796], [842], [735], [502], [768], [323], [833], [187], [817], [803], [857], [330], [696]]
args__________ ([[664]],)
args__________ ([[888]],)
args__________ ([[729]],)
args__________ ([[935]],)
args__________ ([[537]],)
args__________ ([[883]],)
args__________ ([[995]],)
args__________ ([[35]],)
args__________ ([[758]],)
args__________ ([[798]],)
args__________ ([[378]],)
args__________ ([[545]],)
args__________ ([[80]],)
args__________ ([[901]],)
args__________ ([[41]],)
args__________ ([[317]],)
args__________ ([[688]],)
args__________ ([[767]],)
args__________ ([[749]],)
args__________ ([[796]],)
args__________ ([[842]],)
args__________ ([[735]],)
args__________ ([[502]],)
args__________ ([[768]],)
args__________ ([[323]],)
args__________ ([[833]],)
args__________ ([[187]],)
args__________ ([[817]],)
args__________ ([[803]],)
args__________ ([[857]],)
args__________ ([[330]],)
args__________ ([[696]],)
finish process_num processes get single node nature community___________________
length of left_nodes_list__________:  40
print random_nodes: [[856], [538], [988], [792], [686], [464], [890], [491], [457], [924], [880], [744], [962], [947], [828], [789], [433], [711], [839], [66], [781], [643], [143], [318], [366], [554], [997], [788], [166], [634], [412], [778]]
args__________ ([[856]],)
args__________ ([[538]],)
args__________ ([[988]],)
args__________ ([[792]],)
args__________ ([[686]],)
args__________ ([[464]],)
args__________ ([[890]],)
args__________ ([[491]],)
args__________ ([[457]],)
args__________ ([[924]],)
args__________ ([[880]],)
args__________ ([[744]],)
args__________ ([[962]],)
args__________ ([[947]],)
args__________ ([[828]],)
args__________ ([[789]],)
args__________ ([[433]],)
args__________ ([[711]],)
args__________ ([[839]],)
args__________ ([[66]],)
args__________ ([[781]],)
args__________ ([[643]],)
args__________ ([[143]],)
args__________ ([[318]],)
args__________ ([[366]],)
args__________ ([[554]],)
args__________ ([[997]],)
args__________ ([[788]],)
args__________ ([[166]],)
args__________ ([[634]],)
args__________ ([[412]],)
args__________ ([[778]],)
finish process_num processes get single node nature community___________________
length of left_nodes_list__________:  6
print random_nodes: [[812], [622], [535], [19], [838], [954]]
args__________ ([[812]],)
args__________ ([[622]],)
args__________ ([[535]],)
args__________ ([[19]],)
args__________ ([[838]],)
args__________ ([[954]],)
finish process_num processes get single node nature community___________________
length of left_nodes_list__________:  0
commplete get_all_nature_community, length:  134
after deal_communities, length:______________ 114
fits_dic 114
above ave fitness communities 75 [0.2983751846381093, 0.33306772908366533, 0.32666306111411575, 0.3271276595744681, 0.2983783783783784, 0.3103448275862069, 0.3039912520503007, 0.3333333333333333, 0.31499623210248684, 0.3680805176132279, 0.38881491344873503, 0.3528161530286929, 0.2896617436874702, 0.2668566001899335, 0.31873252562907733, 0.2930914166085136, 0.3246346555323591, 0.349232012934519, 0.24800277874261897, 0.3178717598908595, 0.39344262295081966, 0.3068181818181818, 0.3223363980530016, 0.2897342365815529, 0.30746043707611154, 0.29973238180196254, 0.3547703180212014, 0.2953020134228188, 0.3520140105078809, 0.267233238904627, 0.34329395413481584, 0.3584491587417703, 0.2628951747088186, 0.2771929824561403, 0.3656664340544313, 0.33114754098360655, 0.33733417561591916, 0.3609022556390977, 0.3627329192546584, 0.29194805194805196, 0.31559290382819793, 0.256978289765175, 0.33613445378151263, 0.32590706556333543, 0.3041556145004421, 0.3014753046824888, 0.37209302325581395, 0.2756324900133156, 0.3058823529411765, 0.2945558739255014, 0.3349217154526889, 0.3241863433312061, 0.2662302236770322, 0.32288698955365625, 0.3300395256916996, 0.3417634996582365, 0.27441285537700866, 0.3208453410182517, 0.34184397163120567, 0.3416149068322981, 0.33781965006729475, 0.32245681381957775, 0.296875, 0.3032069970845481, 0.2794990112063283, 0.35631154879140553, 0.2791380999020568, 0.3024251069900143, 0.4183535762483131, 0.32637571157495254, 0.2766934557979334, 0.3277545327754533, 0.323943661971831, 0.29949874686716793, 0.2955665024630542]
----------------------------------The detection result is: 

all communities: 
i =  1 : [5, 20, 39, 45, 64, 113, 126, 136, 148, 204, 239, 241, 253, 254, 295, 297, 299, 322, 335, 362, 403, 415, 476, 487, 524, 531, 540, 567, 591, 618, 638, 639, 642, 657, 674, 687, 725, 740, 816, 898, 916, 930, 938, 949, 952, 961, 973, 999]
i =  2 : [52, 60, 63, 105, 128, 130, 133, 172, 247, 250, 279, 283, 291, 292, 312, 332, 367, 375, 392, 409, 427, 482, 493, 590, 599, 625, 637, 644, 678, 680, 695, 702, 724, 741, 743, 802, 893, 948, 1000]
i =  3 : [5, 23, 83, 114, 155, 156, 164, 182, 186, 192, 199, 211, 231, 236, 238, 268, 270, 301, 316, 327, 347, 353, 374, 383, 437, 438, 458, 514, 515, 516, 517, 521, 527, 552, 616, 626, 635, 663, 668, 682, 691, 731, 747, 765, 784, 795, 813, 831, 886, 906, 943, 953, 993]
i =  4 : [27, 38, 59, 67, 103, 108, 159, 190, 191, 214, 216, 233, 242, 343, 358, 422, 450, 486, 489, 495, 613, 660, 703, 741, 913, 922]
i =  5 : [8, 56, 75, 124, 127, 146, 161, 181, 200, 245, 261, 276, 278, 309, 319, 326, 376, 402, 404, 407, 418, 468, 500, 512, 543, 555, 574, 575, 587, 601, 603, 609, 627, 628, 636, 656, 726, 745, 755, 770, 794, 844, 897, 900, 915, 965, 966, 989]
i =  6 : [50, 56, 58, 71, 87, 110, 126, 137, 146, 149, 189, 326, 340, 341, 345, 346, 356, 390, 453, 473, 506, 512, 532, 563, 615, 632, 640, 708, 712, 786, 806, 851, 876]
i =  7 : [8, 56, 75, 87, 124, 127, 146, 149, 161, 181, 245, 261, 276, 278, 309, 326, 346, 376, 402, 404, 407, 418, 468, 500, 512, 543, 555, 574, 575, 587, 601, 603, 609, 627, 628, 636, 656, 726, 745, 755, 770, 794, 844, 897, 900, 915, 965, 966, 989]
i =  8 : [2, 28, 82, 95, 104, 150, 233, 237, 274, 308, 333, 355, 406, 440, 456, 460, 481, 490, 494, 596, 608, 675, 676, 697, 739, 751, 766, 769, 779, 790, 808, 874, 914, 920, 933, 944, 978, 998]
i =  9 : [3, 52, 60, 63, 105, 128, 130, 133, 152, 172, 247, 279, 283, 291, 292, 312, 332, 367, 375, 392, 409, 427, 482, 493, 590, 599, 625, 637, 644, 678, 680, 695, 702, 724, 741, 743, 802, 893, 948, 1000]
i =  10 : [3, 31, 32, 50, 74, 111, 154, 201, 206, 209, 219, 246, 265, 267, 314, 325, 349, 388, 399, 410, 428, 475, 526, 548, 560, 562, 565, 571, 595, 612, 640, 646, 699, 706, 809, 820, 848, 850, 889, 892, 963, 976]
i =  11 : [71, 87, 110, 137, 149, 189, 270, 340, 341, 345, 346, 356, 390, 453, 473, 506, 532, 563, 615, 632, 657, 708, 712, 786, 806, 851, 876]
i =  12 : [48, 54, 72, 76, 83, 88, 112, 117, 120, 140, 158, 170, 215, 385, 393, 497, 573, 600, 641, 654, 665, 669, 707, 714, 717, 732, 734, 764, 804, 882, 943]
i =  13 : [18, 20, 23, 77, 114, 125, 156, 164, 182, 186, 192, 199, 211, 226, 231, 236, 238, 264, 268, 270, 286, 299, 301, 316, 327, 347, 353, 374, 383, 437, 438, 458, 514, 515, 516, 517, 521, 527, 552, 616, 626, 635, 663, 668, 682, 691, 731, 747, 765, 784, 795, 813, 831, 886, 906, 943, 953, 993]
i =  14 : [10, 12, 17, 30, 40, 45, 46, 69, 77, 78, 79, 84, 100, 125, 175, 221, 226, 227, 230, 302, 357, 359, 446, 462, 472, 479, 488, 503, 513, 566, 569, 578, 592, 667, 690, 692, 693, 720, 723, 752, 801, 841, 864, 866, 867, 868, 884, 891, 917, 937, 955, 974]
i =  15 : [42, 48, 54, 65, 76, 83, 88, 112, 117, 120, 140, 158, 170, 204, 215, 362, 385, 393, 497, 558, 573, 600, 618, 641, 654, 665, 669, 707, 714, 717, 732, 734, 764, 804, 882]
i =  16 : [52, 60, 63, 105, 128, 130, 133, 171, 172, 201, 247, 279, 283, 291, 292, 312, 332, 367, 375, 392, 409, 417, 427, 482, 493, 590, 599, 625, 637, 644, 678, 680, 695, 702, 724, 741, 743, 802, 893, 948, 1000]
i =  17 : [42, 53, 65, 89, 96, 147, 167, 169, 174, 178, 269, 272, 284, 304, 320, 321, 339, 370, 394, 400, 441, 443, 451, 470, 471, 485, 505, 544, 547, 558, 577, 579, 593, 607, 655, 661, 684, 700, 718, 719, 733, 742, 754, 771, 772, 821, 829, 854, 865, 885, 910, 986]
i =  18 : [14, 43, 57, 85, 97, 118, 141, 152, 178, 200, 251, 282, 303, 319, 396, 414, 478, 498, 511, 589, 598, 662, 671, 730, 750, 774, 822, 830, 835, 869, 870, 875, 887, 908, 957, 970]
i =  19 : [16, 36, 40, 68, 82, 94, 95, 107, 119, 153, 160, 243, 258, 260, 262, 271, 275, 282, 294, 324, 338, 368, 379, 387, 395, 401, 417, 421, 423, 425, 439, 452, 467, 541, 559, 561, 602, 605, 606, 650, 689, 704, 759, 825, 837, 847, 849, 871, 877, 902, 904, 919, 921, 927, 951, 956, 960, 982, 984, 987]
i =  20 : [4, 15, 64, 73, 86, 106, 109, 115, 136, 150, 179, 212, 240, 259, 262, 285, 334, 337, 342, 348, 371, 381, 416, 424, 429, 459, 461, 483, 570, 572, 614, 624, 658, 698, 715, 762, 783, 834, 836, 909, 958, 967, 977]
i =  21 : [27, 38, 59, 67, 103, 108, 159, 190, 191, 216, 242, 343, 358, 422, 450, 486, 489, 495, 613, 660, 703, 738, 913, 922]
i =  22 : [26, 52, 53, 60, 63, 87, 105, 128, 130, 133, 172, 247, 279, 283, 291, 292, 312, 332, 367, 375, 392, 409, 427, 482, 493, 590, 599, 625, 637, 644, 678, 680, 695, 702, 724, 741, 743, 802, 826, 893, 948, 1000]
i =  23 : [23, 26, 114, 128, 156, 164, 182, 186, 192, 199, 211, 231, 236, 238, 268, 270, 301, 316, 327, 347, 353, 374, 383, 437, 438, 458, 514, 515, 516, 517, 521, 527, 552, 616, 626, 635, 663, 668, 682, 691, 731, 747, 765, 784, 795, 813, 831, 886, 906, 943, 953, 993]
i =  24 : [8, 34, 56, 75, 124, 127, 146, 161, 181, 182, 245, 261, 276, 278, 309, 326, 376, 402, 404, 407, 418, 468, 500, 512, 543, 555, 574, 575, 587, 601, 603, 609, 627, 628, 636, 656, 705, 726, 745, 755, 770, 794, 844, 897, 900, 915, 965, 966, 989]
i =  25 : [13, 21, 33, 47, 48, 57, 91, 93, 102, 142, 144, 163, 167, 185, 202, 229, 234, 249, 256, 286, 289, 313, 320, 372, 384, 509, 568, 583, 619, 672, 713, 776, 787, 814, 853, 859, 860, 862, 894, 907, 911]
i =  26 : [6, 7, 48, 54, 71, 75, 76, 83, 88, 112, 117, 120, 140, 158, 170, 215, 385, 393, 497, 573, 600, 641, 654, 665, 669, 707, 714, 717, 732, 734, 764, 804, 882, 896]
i =  27 : [22, 23, 25, 44, 99, 123, 145, 154, 168, 184, 193, 195, 210, 218, 224, 255, 310, 354, 361, 413, 442, 444, 484, 504, 507, 520, 529, 539, 610, 649, 679, 757, 791, 793, 852, 878, 879, 926, 928, 931, 968, 985]
i =  28 : [5, 7, 49, 58, 92, 121, 131, 135, 162, 173, 176, 177, 250, 281, 287, 293, 339, 364, 365, 382, 391, 408, 420, 431, 463, 501, 525, 528, 536, 546, 564, 576, 581, 582, 623, 629, 659, 673, 736, 761, 763, 773, 782, 800, 807, 815, 959, 969, 981]
i =  29 : [13, 21, 33, 56, 57, 93, 102, 142, 144, 163, 167, 185, 202, 229, 234, 249, 256, 273, 289, 313, 320, 372, 509, 568, 583, 619, 672, 713, 776, 787, 814, 853, 859, 860, 862, 894, 907, 911]
i =  30 : [8, 10, 17, 30, 46, 69, 77, 78, 79, 84, 100, 125, 175, 221, 226, 227, 230, 302, 357, 359, 446, 462, 472, 479, 488, 503, 513, 566, 569, 578, 592, 667, 690, 692, 693, 720, 723, 746, 752, 801, 841, 864, 866, 867, 868, 884, 891, 917, 937, 955, 974]
i =  31 : [7, 49, 58, 82, 92, 135, 173, 176, 177, 250, 281, 329, 364, 365, 382, 391, 408, 420, 431, 463, 501, 528, 536, 564, 576, 581, 582, 623, 629, 659, 673, 736, 761, 763, 773, 782, 800, 807, 815, 959, 969, 981]
i =  32 : [7, 49, 58, 92, 135, 173, 176, 177, 250, 281, 285, 364, 365, 382, 391, 408, 420, 431, 463, 501, 528, 536, 564, 576, 581, 582, 623, 629, 659, 673, 736, 761, 763, 773, 782, 800, 807, 815, 959, 969, 981]
i =  33 : [165, 183, 196, 198, 248, 260, 263, 266, 300, 307, 311, 350, 351, 384, 398, 419, 432, 435, 449, 474, 492, 508, 523, 551, 553, 557, 580, 585, 683, 685, 760, 775, 777, 797, 873, 903, 912, 918, 941, 946, 950, 979]
i =  34 : [18, 47, 91, 93, 134, 197, 207, 213, 217, 223, 244, 252, 264, 286, 288, 290, 296, 331, 333, 360, 369, 430, 436, 447, 480, 496, 510, 522, 550, 621, 631, 677, 701, 780, 799, 843, 845, 895, 905, 934, 939, 940, 942, 971]
i =  35 : [6, 7, 34, 55, 101, 180, 205, 277, 280, 328, 377, 386, 411, 469, 477, 588, 611, 648, 653, 681, 705, 727, 753, 785, 824, 827, 855, 858, 881, 936, 945, 975, 990, 991, 992]
i =  36 : [13, 21, 33, 57, 93, 102, 142, 144, 163, 167, 185, 186, 202, 228, 229, 234, 249, 256, 286, 289, 313, 320, 372, 509, 568, 583, 619, 672, 713, 776, 787, 814, 853, 859, 860, 862, 894, 907, 911]
i =  37 : [12, 31, 34, 40, 55, 74, 101, 180, 205, 277, 280, 328, 377, 386, 411, 469, 477, 588, 595, 611, 648, 653, 681, 705, 727, 753, 785, 824, 827, 855, 858, 881, 936, 945, 975, 990, 991, 992]
i =  38 : [27, 38, 59, 67, 103, 108, 159, 190, 191, 216, 242, 343, 358, 422, 450, 486, 489, 495, 613, 653, 660, 703, 913, 922]
i =  39 : [14, 15, 71, 87, 110, 137, 149, 189, 205, 340, 341, 345, 346, 356, 390, 453, 473, 506, 532, 563, 615, 632, 708, 712, 786, 806, 851, 876]
i =  40 : [8, 56, 71, 75, 124, 127, 146, 161, 181, 245, 261, 276, 278, 309, 326, 376, 402, 404, 407, 418, 468, 500, 512, 543, 555, 574, 575, 587, 601, 603, 609, 627, 628, 636, 656, 726, 745, 755, 770, 794, 844, 888, 897, 900, 915, 965, 966, 989]
i =  41 : [9, 48, 54, 76, 83, 88, 94, 112, 117, 120, 140, 158, 170, 208, 215, 385, 393, 452, 497, 537, 573, 600, 641, 654, 665, 669, 707, 714, 717, 732, 734, 764, 804, 882]
i =  42 : [8, 11, 30, 46, 47, 48, 56, 75, 79, 124, 127, 146, 161, 181, 245, 261, 276, 278, 309, 326, 376, 402, 404, 407, 418, 468, 500, 512, 543, 555, 574, 575, 587, 601, 603, 609, 627, 628, 636, 656, 726, 745, 755, 770, 794, 844, 897, 900, 915, 965, 966, 989, 995]
i =  43 : [13, 21, 33, 57, 93, 102, 142, 144, 163, 167, 185, 202, 229, 234, 249, 256, 289, 313, 320, 372, 509, 568, 583, 619, 672, 713, 776, 787, 798, 814, 853, 859, 860, 862, 894, 907, 911]
i =  44 : [22, 25, 44, 99, 123, 145, 147, 154, 168, 184, 193, 210, 218, 224, 255, 310, 354, 361, 413, 442, 444, 484, 504, 507, 520, 529, 539, 610, 649, 679, 757, 791, 793, 852, 878, 879, 901, 926, 928, 931, 968, 985]
i =  45 : [42, 48, 54, 61, 65, 76, 83, 88, 112, 117, 120, 140, 141, 158, 170, 213, 215, 385, 393, 497, 558, 573, 600, 641, 654, 665, 669, 707, 714, 717, 732, 734, 764, 796, 804, 882]
i =  46 : [4, 15, 35, 64, 73, 86, 106, 109, 115, 136, 179, 188, 212, 240, 259, 262, 285, 323, 334, 337, 342, 348, 371, 381, 416, 424, 429, 459, 461, 483, 570, 614, 624, 658, 698, 715, 762, 783, 834, 836, 909, 958, 967, 977]
i =  47 : [27, 38, 59, 67, 103, 108, 159, 190, 191, 216, 242, 343, 358, 422, 450, 486, 489, 495, 613, 660, 703, 833, 913, 922]
i =  48 : [13, 18, 20, 21, 33, 57, 93, 102, 142, 144, 163, 167, 185, 187, 202, 229, 234, 237, 249, 256, 264, 286, 289, 313, 320, 372, 509, 568, 583, 619, 620, 672, 713, 776, 787, 814, 853, 859, 860, 862, 894, 907, 911]
i =  49 : [2, 29, 48, 54, 76, 83, 88, 112, 117, 120, 124, 127, 140, 158, 170, 182, 215, 385, 393, 497, 573, 600, 641, 654, 665, 669, 707, 714, 717, 732, 734, 764, 804, 817, 882]
i =  50 : [28, 82, 104, 150, 204, 218, 233, 237, 274, 308, 333, 355, 406, 440, 456, 460, 481, 490, 494, 596, 608, 675, 676, 697, 739, 751, 766, 769, 779, 790, 808, 857, 874, 914, 920, 933, 944, 978, 998]
i =  51 : [7, 49, 58, 92, 135, 156, 173, 176, 177, 250, 281, 364, 365, 382, 391, 408, 420, 431, 463, 501, 528, 536, 564, 576, 581, 582, 623, 629, 659, 673, 696, 736, 761, 763, 773, 782, 800, 807, 815, 959, 969, 981]
i =  52 : [7, 49, 58, 92, 118, 121, 135, 173, 176, 177, 250, 281, 364, 365, 382, 391, 408, 420, 431, 463, 501, 528, 536, 564, 576, 581, 582, 623, 629, 659, 673, 736, 761, 763, 773, 782, 800, 807, 815, 856, 959, 969, 981]
i =  53 : [4, 14, 15, 44, 47, 48, 61, 63, 64, 73, 86, 106, 109, 115, 136, 179, 212, 240, 259, 262, 285, 334, 337, 342, 348, 371, 381, 416, 424, 429, 459, 461, 483, 570, 614, 624, 658, 698, 715, 762, 783, 834, 836, 909, 958, 967, 977, 988]
i =  54 : [42, 48, 54, 65, 72, 76, 83, 88, 112, 117, 120, 140, 158, 170, 194, 215, 385, 393, 497, 558, 573, 600, 641, 654, 665, 669, 686, 707, 714, 717, 732, 734, 764, 804, 882]
i =  55 : [1, 29, 48, 54, 76, 83, 88, 90, 112, 117, 120, 140, 158, 170, 215, 385, 393, 497, 573, 600, 641, 654, 665, 669, 707, 714, 717, 732, 734, 764, 804, 882, 890]
i =  56 : [22, 25, 44, 99, 123, 145, 154, 168, 184, 193, 210, 218, 224, 255, 310, 354, 361, 413, 442, 444, 457, 484, 504, 507, 520, 529, 539, 610, 649, 679, 757, 791, 793, 852, 878, 879, 926, 928, 931, 968, 985]
i =  57 : [18, 52, 57, 60, 62, 63, 80, 105, 128, 130, 133, 172, 247, 279, 283, 291, 292, 312, 332, 350, 367, 375, 392, 409, 427, 482, 493, 590, 599, 625, 637, 644, 678, 680, 695, 702, 724, 741, 743, 802, 893, 924, 948, 1000]
i =  58 : [29, 48, 54, 76, 83, 88, 104, 112, 117, 120, 129, 140, 158, 170, 215, 385, 393, 497, 573, 600, 641, 654, 665, 669, 707, 714, 717, 732, 734, 764, 804, 880, 882]
i =  59 : [14, 15, 43, 85, 97, 118, 141, 152, 178, 200, 251, 282, 303, 319, 396, 414, 478, 498, 511, 589, 598, 662, 671, 730, 750, 774, 822, 830, 835, 869, 870, 875, 887, 908, 957, 962, 970]
i =  60 : [48, 54, 75, 76, 83, 88, 112, 117, 120, 140, 158, 170, 215, 385, 393, 497, 573, 600, 641, 654, 665, 669, 707, 714, 717, 732, 734, 764, 804, 882, 947]
i =  61 : [7, 49, 58, 92, 121, 135, 173, 176, 177, 250, 281, 364, 365, 382, 391, 408, 420, 431, 463, 501, 528, 536, 564, 576, 581, 582, 623, 629, 659, 673, 736, 761, 763, 773, 782, 800, 807, 815, 828, 959, 969, 981]
i =  62 : [48, 54, 72, 76, 83, 88, 112, 117, 120, 140, 158, 170, 192, 199, 215, 251, 385, 393, 497, 573, 600, 641, 654, 665, 669, 707, 714, 717, 732, 734, 764, 789, 804, 882]
i =  63 : [48, 54, 72, 75, 76, 83, 88, 112, 117, 118, 120, 131, 140, 158, 170, 215, 296, 303, 306, 385, 393, 433, 497, 573, 600, 641, 654, 665, 669, 707, 714, 717, 732, 734, 764, 804, 882]
i =  64 : [26, 52, 60, 101, 105, 128, 130, 133, 172, 247, 250, 279, 283, 291, 292, 312, 332, 367, 375, 392, 409, 427, 482, 493, 590, 599, 625, 637, 644, 678, 680, 695, 702, 711, 724, 741, 743, 802, 893, 948, 1000]
i =  65 : [25, 26, 52, 60, 63, 105, 128, 130, 133, 172, 223, 247, 279, 283, 291, 292, 312, 332, 367, 375, 392, 409, 427, 482, 493, 590, 599, 625, 637, 644, 678, 680, 695, 702, 724, 741, 743, 802, 839, 893, 948, 1000]
i =  66 : [13, 21, 33, 57, 93, 102, 142, 144, 163, 167, 185, 202, 229, 234, 249, 256, 289, 313, 320, 372, 509, 554, 568, 583, 619, 672, 713, 776, 787, 814, 853, 859, 860, 862, 894, 907, 911]
i =  67 : [8, 45, 56, 75, 124, 127, 146, 161, 181, 245, 261, 276, 278, 309, 326, 376, 378, 402, 404, 407, 418, 468, 500, 512, 543, 555, 574, 575, 587, 601, 603, 609, 627, 628, 636, 656, 726, 745, 755, 770, 794, 844, 897, 900, 915, 965, 966, 989, 997]
i =  68 : [42, 53, 65, 89, 96, 113, 135, 147, 174, 204, 269, 272, 284, 304, 321, 339, 362, 370, 394, 400, 441, 443, 451, 470, 471, 485, 505, 544, 547, 558, 577, 579, 593, 607, 618, 655, 661, 684, 700, 718, 719, 733, 742, 754, 771, 772, 788, 821, 829, 854, 865, 885, 910, 986]
i =  69 : [70, 90, 214, 220, 235, 315, 373, 380, 389, 412, 434, 445, 454, 549, 556, 586, 597, 633, 652, 716, 737, 748, 811, 819, 846, 932]
i =  70 : [48, 54, 76, 83, 88, 109, 112, 117, 120, 140, 158, 167, 169, 170, 179, 215, 385, 393, 497, 573, 600, 641, 654, 665, 669, 707, 714, 717, 732, 734, 764, 778, 804, 882]
i =  71 : [4, 15, 21, 64, 73, 86, 106, 109, 115, 132, 136, 179, 195, 203, 212, 240, 259, 262, 285, 334, 337, 342, 348, 371, 381, 416, 424, 429, 459, 461, 483, 542, 570, 614, 624, 658, 698, 715, 762, 783, 812, 834, 836, 909, 958, 967, 977]
i =  72 : [4, 15, 64, 73, 86, 106, 109, 115, 136, 179, 212, 240, 259, 262, 285, 334, 337, 342, 348, 371, 381, 416, 424, 429, 459, 461, 483, 570, 614, 622, 624, 658, 698, 715, 762, 783, 834, 836, 909, 958, 967, 977]
i =  73 : [19, 23, 114, 156, 164, 172, 182, 186, 192, 199, 211, 231, 236, 238, 268, 270, 301, 316, 327, 347, 353, 374, 383, 437, 438, 458, 514, 515, 516, 517, 521, 527, 552, 616, 626, 635, 663, 668, 682, 691, 731, 747, 765, 784, 795, 813, 831, 886, 906, 943, 953, 993]
i =  74 : [4, 15, 64, 73, 86, 99, 106, 109, 115, 123, 136, 179, 212, 240, 259, 262, 285, 334, 337, 342, 348, 371, 381, 416, 424, 429, 459, 461, 483, 570, 614, 624, 658, 698, 715, 762, 783, 834, 836, 838, 909, 958, 967, 977]
i =  75 : [4, 15, 20, 63, 64, 73, 86, 106, 109, 115, 136, 179, 212, 240, 259, 262, 285, 334, 337, 342, 348, 371, 381, 416, 424, 429, 459, 461, 483, 570, 614, 624, 658, 698, 715, 762, 783, 834, 836, 909, 954, 958, 967, 977]
overlapping nodes are:  [2, 3, 4, 5, 6, 7, 8, 10, 12, 13, 14, 15, 17, 18, 20, 21, 22, 23, 25, 26, 27, 28, 29, 30, 31, 33, 34, 38, 40, 42, 43, 44, 45, 46, 47, 48, 49, 50, 52, 53, 54, 55, 56, 57, 58, 59, 60, 61, 63, 64, 65, 67, 69, 71, 72, 73, 74, 75, 76, 77, 78, 79, 82, 83, 84, 85, 86, 87, 88, 89, 90, 91, 92, 93, 94, 95, 96, 97, 99, 100, 101, 102, 103, 104, 105, 106, 108, 109, 110, 112, 113, 114, 115, 117, 118, 120, 121, 123, 124, 125, 126, 127, 128, 130, 131, 133, 135, 136, 137, 140, 141, 142, 144, 145, 146, 147, 149, 150, 152, 154, 156, 158, 159, 161, 163, 164, 167, 168, 169, 170, 172, 173, 174, 175, 176, 177, 178, 179, 180, 181, 182, 184, 185, 186, 189, 190, 191, 192, 193, 195, 199, 200, 201, 202, 204, 205, 210, 211, 212, 213, 214, 215, 216, 218, 221, 223, 224, 226, 227, 229, 230, 231, 233, 234, 236, 237, 238, 240, 242, 245, 247, 249, 250, 251, 255, 256, 259, 260, 261, 262, 264, 268, 269, 270, 272, 274, 276, 277, 278, 279, 280, 281, 282, 283, 284, 285, 286, 289, 291, 292, 296, 299, 301, 302, 303, 304, 308, 309, 310, 312, 313, 316, 319, 320, 321, 326, 327, 328, 332, 333, 334, 337, 339, 340, 341, 342, 343, 345, 346, 347, 348, 350, 353, 354, 355, 356, 357, 358, 359, 361, 362, 364, 365, 367, 370, 371, 372, 374, 375, 376, 377, 381, 382, 383, 384, 385, 386, 390, 391, 392, 393, 394, 396, 400, 402, 404, 406, 407, 408, 409, 411, 413, 414, 416, 417, 418, 420, 422, 424, 427, 429, 431, 437, 438, 440, 441, 442, 443, 444, 446, 450, 451, 452, 453, 456, 458, 459, 460, 461, 462, 463, 468, 469, 470, 471, 472, 473, 477, 478, 479, 481, 482, 483, 484, 485, 486, 488, 489, 490, 493, 494, 495, 497, 498, 500, 501, 503, 504, 505, 506, 507, 509, 511, 512, 513, 514, 515, 516, 517, 520, 521, 527, 528, 529, 532, 536, 539, 543, 544, 547, 552, 555, 558, 563, 564, 566, 568, 569, 570, 573, 574, 575, 576, 577, 578, 579, 581, 582, 583, 587, 588, 589, 590, 592, 593, 595, 596, 598, 599, 600, 601, 603, 607, 608, 609, 610, 611, 613, 614, 615, 616, 618, 619, 623, 624, 625, 626, 627, 628, 629, 632, 635, 636, 637, 640, 641, 644, 648, 649, 653, 654, 655, 656, 657, 658, 659, 660, 661, 662, 663, 665, 667, 668, 669, 671, 672, 673, 675, 676, 678, 679, 680, 681, 682, 684, 690, 691, 692, 693, 695, 697, 698, 700, 702, 703, 705, 707, 708, 712, 713, 714, 715, 717, 718, 719, 720, 723, 724, 726, 727, 730, 731, 732, 733, 734, 736, 739, 741, 742, 743, 745, 747, 750, 751, 752, 753, 754, 755, 757, 761, 762, 763, 764, 765, 766, 769, 770, 771, 772, 773, 774, 776, 779, 782, 783, 784, 785, 786, 787, 790, 791, 793, 794, 795, 800, 801, 802, 804, 806, 807, 808, 813, 814, 815, 821, 822, 824, 827, 829, 830, 831, 834, 835, 836, 841, 844, 851, 852, 853, 854, 855, 858, 859, 860, 862, 864, 865, 866, 867, 868, 869, 870, 874, 875, 876, 878, 879, 881, 882, 884, 885, 886, 887, 891, 893, 894, 897, 900, 906, 907, 908, 909, 910, 911, 913, 914, 915, 917, 920, 922, 926, 928, 931, 933, 936, 937, 943, 944, 945, 948, 953, 955, 957, 958, 959, 965, 966, 967, 968, 969, 970, 974, 975, 977, 978, 981, 985, 986, 989, 990, 991, 992, 993, 998, 1000] 
 NOO is:  615
total time is:  505.858294964
