lens of ground_truth:  26
ground_truth is: [[11, 17, 47, 89, 103, 106, 117, 158, 184, 212, 242, 370, 377, 382, 406, 438, 445, 456, 468, 525, 576, 582, 617, 624, 643, 672, 686, 721, 804, 810, 826, 862, 887, 952, 956, 972, 982], [77, 157, 214, 285, 321, 372, 420, 433, 491, 499, 579, 659, 679, 691, 733, 750, 767, 775, 792, 818, 968], [34, 70, 81, 121, 144, 197, 200, 276, 308, 318, 350, 352, 363, 371, 374, 420, 495, 504, 558, 628, 645, 690, 706, 717, 729, 743, 787, 888, 916, 981], [1, 3, 13, 49, 53, 55, 56, 130, 140, 142, 146, 150, 154, 162, 173, 176, 186, 188, 191, 206, 210, 216, 219, 220, 229, 248, 253, 257, 282, 293, 339, 352, 353, 362, 379, 381, 408, 411, 416, 437, 454, 516, 519, 529, 537, 574, 594, 602, 604, 632, 650, 689, 712, 716, 738, 795, 806, 830, 836, 840, 871, 888, 894, 915, 923, 930, 931, 934, 949, 951, 986, 989], [4, 9, 18, 30, 31, 44, 46, 53, 57, 92, 100, 150, 156, 166, 176, 181, 182, 186, 188, 212, 235, 259, 272, 274, 277, 286, 300, 322, 347, 361, 376, 385, 387, 400, 413, 429, 431, 462, 484, 506, 507, 518, 520, 554, 563, 586, 606, 621, 622, 623, 627, 629, 654, 658, 692, 711, 720, 726, 739, 744, 765, 774, 781, 789, 796, 806, 815, 843, 850, 862, 886, 902, 906, 919, 921, 923, 926, 927, 935, 981, 989], [59, 66, 105, 115, 155, 195, 199, 241, 243, 283, 290, 305, 343, 354, 357, 376, 414, 450, 452, 542, 543, 649, 735, 760, 762, 780, 807, 842, 890, 922, 942, 958], [27, 32, 67, 114, 125, 131, 147, 187, 202, 225, 228, 233, 273, 320, 329, 344, 356, 360, 364, 426, 458, 512, 524, 529, 532, 552, 560, 591, 601, 613, 619, 635, 643, 644, 653, 688, 720, 742, 773, 793, 821, 825, 828, 848, 865, 888, 894, 898, 912, 957, 965, 971, 977, 980, 984, 999], [20, 52, 133, 134, 138, 143, 203, 238, 250, 279, 417, 434, 483, 494, 526, 548, 577, 609, 710, 757, 761, 781], [3, 12, 24, 26, 41, 45, 73, 84, 95, 108, 111, 117, 126, 140, 142, 163, 175, 216, 228, 235, 249, 259, 269, 316, 327, 349, 365, 393, 423, 430, 432, 447, 448, 466, 469, 486, 514, 521, 527, 528, 539, 541, 598, 636, 639, 644, 662, 663, 667, 689, 690, 695, 729, 778, 808, 815, 824, 888, 897, 907, 936, 943, 970, 985, 993, 997], [19, 45, 68, 145, 159, 178, 224, 262, 336, 418, 425, 436, 500, 503, 571, 642, 651, 713, 749, 777, 791], [3, 12, 26, 45, 51, 69, 73, 76, 79, 84, 94, 99, 107, 108, 117, 129, 140, 141, 142, 220, 223, 228, 248, 253, 256, 259, 265, 267, 275, 292, 293, 294, 327, 344, 369, 383, 386, 397, 417, 420, 430, 486, 487, 490, 508, 525, 541, 557, 565, 578, 590, 625, 629, 630, 638, 644, 690, 732, 747, 753, 782, 798, 803, 810, 811, 839, 847, 869, 883, 888, 905, 906, 907, 911, 920, 933, 937, 969, 970, 995], [22, 43, 83, 137, 165, 193, 204, 255, 263, 297, 340, 390, 402, 403, 430, 457, 517, 533, 575, 585, 616, 676, 680, 723, 729, 731, 745, 815, 835, 864, 873, 882, 891, 892, 900, 904, 946, 987, 990], [23, 30, 82, 151, 220, 231, 251, 338, 398, 428, 480, 481, 488, 492, 493, 509, 556, 661, 682, 697, 724, 725, 728, 737, 766, 789, 857], [7, 12, 29, 33, 45, 51, 71, 75, 90, 117, 118, 127, 217, 226, 228, 235, 270, 289, 306, 319, 331, 346, 366, 375, 381, 407, 424, 430, 449, 467, 475, 476, 477, 486, 520, 536, 541, 583, 595, 632, 640, 643, 646, 647, 652, 685, 764, 785, 800, 810, 833, 834, 879, 885, 889, 901, 953, 954], [1, 3, 28, 35, 42, 44, 46, 51, 53, 76, 85, 96, 101, 104, 124, 136, 142, 166, 170, 176, 186, 188, 194, 201, 212, 215, 216, 220, 229, 234, 240, 245, 248, 252, 266, 286, 298, 315, 323, 328, 335, 352, 358, 361, 381, 389, 392, 397, 405, 411, 417, 429, 439, 444, 461, 463, 486, 487, 510, 538, 565, 589, 597, 608, 621, 629, 632, 634, 665, 670, 683, 687, 689, 690, 692, 708, 744, 746, 772, 781, 782, 789, 806, 812, 851, 874, 875, 893, 902, 906, 919, 923, 928, 931, 948, 959, 976, 989], [26, 48, 65, 73, 74, 84, 91, 98, 108, 109, 176, 227, 228, 229, 235, 253, 258, 284, 299, 301, 327, 330, 344, 351, 373, 484, 486, 496, 535, 541, 549, 562, 641, 644, 668, 669, 680, 719, 729, 741, 748, 779, 797, 809, 813, 815, 817, 825, 841, 852, 858, 872, 907, 917, 924, 932, 944, 970, 991, 1000], [1, 4, 30, 31, 44, 46, 51, 53, 76, 78, 102, 120, 121, 123, 150, 161, 164, 177, 185, 186, 212, 216, 259, 295, 309, 317, 324, 327, 352, 361, 376, 378, 392, 397, 411, 421, 429, 484, 487, 497, 505, 506, 525, 529, 531, 551, 553, 565, 568, 592, 601, 627, 665, 675, 683, 689, 744, 754, 763, 781, 782, 783, 790, 814, 819, 829, 838, 851, 854, 894, 899, 902, 907, 928, 931, 939, 968, 973, 981, 996], [5, 6, 63, 64, 87, 128, 168, 174, 211, 244, 246, 264, 337, 341, 359, 367, 396, 401, 415, 435, 455, 459, 482, 513, 518, 522, 559, 631, 643, 657, 678, 683, 703, 709, 751, 788, 802, 822, 825, 859, 860, 925, 928, 961], [4, 21, 31, 37, 46, 53, 58, 62, 121, 166, 167, 171, 179, 188, 218, 236, 239, 248, 253, 286, 293, 303, 310, 328, 333, 348, 361, 376, 388, 391, 392, 395, 410, 419, 429, 441, 442, 478, 484, 487, 506, 511, 515, 518, 520, 529, 564, 569, 589, 601, 611, 618, 621, 627, 648, 665, 671, 673, 683, 684, 692, 714, 720, 744, 770, 771, 801, 806, 832, 845, 851, 861, 863, 876, 902, 919, 928, 968, 979, 981, 989, 992], [1, 4, 30, 31, 38, 44, 50, 51, 72, 121, 148, 152, 160, 166, 186, 212, 230, 232, 253, 259, 286, 313, 334, 352, 361, 376, 397, 417, 443, 460, 470, 479, 484, 489, 506, 520, 523, 529, 555, 565, 587, 589, 601, 603, 620, 621, 627, 629, 655, 680, 692, 704, 705, 707, 715, 718, 720, 740, 758, 781, 784, 789, 794, 825, 827, 844, 851, 862, 884, 896, 902, 906, 910, 919, 923, 928, 931, 938, 960, 967, 968, 974, 981, 998], [4, 54, 61, 119, 149, 150, 172, 180, 198, 261, 302, 312, 394, 453, 471, 473, 545, 546, 566, 666, 677, 708, 736, 831, 856, 881], [2, 3, 12, 26, 60, 84, 88, 93, 108, 122, 135, 140, 142, 189, 208, 220, 229, 260, 278, 288, 291, 325, 326, 327, 328, 344, 355, 381, 399, 411, 420, 422, 430, 464, 541, 544, 567, 584, 610, 614, 632, 643, 644, 664, 665, 690, 708, 722, 729, 782, 786, 799, 810, 825, 849, 867, 870, 894, 903, 907, 909, 913, 929, 941, 966, 970, 975, 994], [12, 26, 36, 40, 73, 76, 80, 84, 86, 140, 166, 169, 176, 188, 190, 196, 216, 229, 248, 286, 287, 293, 307, 328, 380, 381, 392, 397, 404, 411, 417, 420, 429, 446, 474, 487, 502, 518, 525, 530, 565, 573, 580, 581, 589, 599, 600, 621, 629, 632, 660, 665, 680, 683, 689, 692, 694, 702, 708, 744, 755, 759, 776, 782, 789, 806, 810, 815, 851, 855, 862, 866, 868, 878, 894, 895, 906, 908, 918, 919, 940, 945, 947, 964, 970, 978, 988, 989], [14, 15, 97, 108, 132, 139, 153, 183, 207, 235, 281, 293, 304, 311, 409, 593, 607, 637, 693, 699, 700, 769, 816, 853], [1, 10, 16, 25, 31, 39, 44, 45, 46, 110, 112, 113, 116, 121, 192, 209, 213, 222, 247, 268, 280, 342, 368, 384, 392, 412, 427, 465, 485, 498, 501, 506, 520, 572, 596, 601, 605, 612, 615, 626, 627, 656, 680, 681, 698, 720, 727, 730, 768, 805, 820, 837, 846, 880, 914, 931, 950, 955, 962, 968, 983], [8, 30, 73, 76, 117, 150, 205, 221, 237, 254, 271, 296, 314, 328, 332, 344, 345, 440, 451, 472, 518, 525, 534, 540, 547, 550, 561, 570, 588, 589, 633, 674, 696, 701, 708, 734, 752, 756, 823, 862, 877, 923, 963]]
print random_nodes: [[534], [353], [56], [456], [588], [289], [904], [791], [640], [195], [194], [304], [80], [795], [141], [147], [400], [569], [818], [924], [211], [515], [662], [127], [257], [21], [377], [991], [626], [707], [798], [169]]
args__________ ([[534]],)
args__________ ([[353]],)
args__________ ([[56]],)
args__________ ([[456]],)
args__________ ([[588]],)
args__________ ([[289]],)
args__________ ([[904]],)
args__________ ([[791]],)
args__________ ([[640]],)
args__________ ([[195]],)
args__________ ([[194]],)
args__________ ([[304]],)
args__________ ([[80]],)
args__________ ([[795]],)
args__________ ([[141]],)
args__________ ([[147]],)
args__________ ([[400]],)
args__________ ([[569]],)
args__________ ([[818]],)
args__________ ([[924]],)
args__________ ([[211]],)
args__________ ([[515]],)
args__________ ([[662]],)
args__________ ([[127]],)
args__________ ([[257]],)
args__________ ([[21]],)
args__________ ([[377]],)
args__________ ([[991]],)
args__________ ([[626]],)
args__________ ([[707]],)
args__________ ([[798]],)
args__________ ([[169]],)
finish process_num processes get single node nature community___________________
length of left_nodes_list__________:  411
print random_nodes: [[744], [184], [5], [831], [512], [632], [729], [970], [822], [71], [307], [328], [859], [901], [176], [532], [356], [455], [566], [725], [829], [647], [429], [906], [619], [621], [47], [735], [862], [902], [361], [67]]
args__________ ([[744]],)
args__________ ([[184]],)
args__________ ([[5]],)
args__________ ([[831]],)
args__________ ([[512]],)
args__________ ([[632]],)
args__________ ([[729]],)
args__________ ([[970]],)
args__________ ([[822]],)
args__________ ([[71]],)
args__________ ([[307]],)
args__________ ([[328]],)
args__________ ([[859]],)
args__________ ([[901]],)
args__________ ([[176]],)
args__________ ([[532]],)
args__________ ([[356]],)
args__________ ([[455]],)
args__________ ([[566]],)
args__________ ([[725]],)
args__________ ([[829]],)
args__________ ([[647]],)
args__________ ([[429]],)
args__________ ([[906]],)
args__________ ([[619]],)
args__________ ([[621]],)
args__________ ([[47]],)
args__________ ([[735]],)
args__________ ([[862]],)
args__________ ([[902]],)
args__________ ([[361]],)
args__________ ([[67]],)
finish process_num processes get single node nature community___________________
length of left_nodes_list__________:  169
print random_nodes: [[977], [600], [806], [190], [293], [878], [965], [988], [86], [474], [420], [529], [73], [189], [688], [940], [851], [931], [810], [947], [981], [694], [591], [653], [567], [690], [722], [430], [941], [32], [793], [918]]
args__________ ([[977]],)
args__________ ([[600]],)
args__________ ([[806]],)
args__________ ([[190]],)
args__________ ([[293]],)
args__________ ([[878]],)
args__________ ([[965]],)
args__________ ([[988]],)
args__________ ([[86]],)
args__________ ([[474]],)
args__________ ([[420]],)
args__________ ([[529]],)
args__________ ([[73]],)
args__________ ([[189]],)
args__________ ([[688]],)
args__________ ([[940]],)
args__________ ([[851]],)
args__________ ([[931]],)
args__________ ([[810]],)
args__________ ([[947]],)
args__________ ([[981]],)
args__________ ([[694]],)
args__________ ([[591]],)
args__________ ([[653]],)
args__________ ([[567]],)
args__________ ([[690]],)
args__________ ([[722]],)
args__________ ([[430]],)
args__________ ([[941]],)
args__________ ([[32]],)
args__________ ([[793]],)
args__________ ([[918]],)
finish process_num processes get single node nature community___________________
length of left_nodes_list__________:  51
print random_nodes: [[186], [888], [541], [376], [665], [692], [680], [397], [708], [720], [923], [989], [815], [782], [627], [228], [44], [520], [140], [781], [894], [417], [907], [411], [919], [344], [506], [259], [525], [601], [265], [644]]
args__________ ([[186]],)
args__________ ([[888]],)
args__________ ([[541]],)
args__________ ([[376]],)
args__________ ([[665]],)
args__________ ([[692]],)
args__________ ([[680]],)
args__________ ([[397]],)
args__________ ([[708]],)
args__________ ([[720]],)
args__________ ([[923]],)
args__________ ([[989]],)
args__________ ([[815]],)
args__________ ([[782]],)
args__________ ([[627]],)
args__________ ([[228]],)
args__________ ([[44]],)
args__________ ([[520]],)
args__________ ([[140]],)
args__________ ([[781]],)
args__________ ([[894]],)
args__________ ([[417]],)
args__________ ([[907]],)
args__________ ([[411]],)
args__________ ([[919]],)
args__________ ([[344]],)
args__________ ([[506]],)
args__________ ([[259]],)
args__________ ([[525]],)
args__________ ([[601]],)
args__________ ([[265]],)
args__________ ([[644]],)
finish process_num processes get single node nature community___________________
length of left_nodes_list__________:  17
print random_nodes: [[565], [683], [643], [381], [518], [629], [968], [487], [589], [789], [392], [484], [718], [486], [216], [825], [928]]
args__________ ([[565]],)
args__________ ([[683]],)
args__________ ([[643]],)
args__________ ([[381]],)
args__________ ([[518]],)
args__________ ([[629]],)
args__________ ([[968]],)
args__________ ([[487]],)
args__________ ([[589]],)
args__________ ([[789]],)
args__________ ([[392]],)
args__________ ([[484]],)
args__________ ([[718]],)
args__________ ([[486]],)
args__________ ([[216]],)
args__________ ([[825]],)
args__________ ([[928]],)
finish process_num processes get single node nature community___________________
length of left_nodes_list__________:  0
commplete get_all_nature_community, length:  145
after deal_communities, length:______________ 117
fits_dic 117
above ave fitness communities 68 [0.33560709413369716, 0.3017429193899782, 0.2701812191103789, 0.39358288770053473, 0.36203389830508476, 0.30638297872340425, 0.2864476386036961, 0.4715127701375246, 0.3329479768786127, 0.31386861313868614, 0.3687374749498998, 0.3343006384213581, 0.32575356953992596, 0.27384123601491744, 0.35333333333333333, 0.23622047244094488, 0.3765541740674956, 0.4308231173380035, 0.23015500234852043, 0.35502958579881655, 0.31853496115427304, 0.3333333333333333, 0.3983739837398374, 0.2991850989522701, 0.4402116402116402, 0.32363907531692765, 0.35968992248062015, 0.2676470588235294, 0.39642324888226527, 0.3046704495853339, 0.2668621700879765, 0.2793791574279379, 0.2915173237753883, 0.2721774193548387, 0.3333333333333333, 0.29940627650551316, 0.33495145631067963, 0.2911275415896488, 0.2943871706758305, 0.341534008683068, 0.2857142857142857, 0.3262611975483263, 0.366120218579235, 0.33544303797468356, 0.33540372670807456, 0.2816593886462882, 0.334026334026334, 0.35209235209235207, 0.3993055555555556, 0.3080597014925373, 0.25488180883864336, 0.3208955223880597, 0.2765335929892892, 0.24354657687991021, 0.4165477888730385, 0.3413597733711048, 0.39109697933227344, 0.2792251169004676, 0.2986522911051213, 0.3192731992212849, 0.30506666666666665, 0.2966343411294923, 0.38391224862888484, 0.3546099290780142, 0.45691382765531063, 0.3249630723781389, 0.38190954773869346, 0.23843586075345732]
----------------------------------The detection result is: 

all communities: 
i =  1 : [34, 70, 81, 144, 166, 177, 197, 200, 276, 308, 318, 350, 353, 363, 371, 374, 495, 504, 558, 628, 645, 706, 717, 743, 787, 916]
i =  2 : [13, 49, 55, 56, 130, 146, 154, 162, 173, 191, 206, 210, 219, 257, 270, 282, 339, 353, 362, 379, 408, 416, 437, 454, 516, 519, 537, 574, 594, 602, 604, 650, 712, 716, 738, 795, 830, 836, 840, 871, 915, 930, 934, 949, 951, 986]
i =  3 : [21, 37, 58, 62, 111, 117, 167, 171, 179, 218, 236, 239, 303, 310, 333, 348, 388, 391, 395, 410, 419, 441, 442, 456, 478, 511, 515, 564, 569, 611, 618, 648, 671, 673, 684, 714, 770, 771, 801, 832, 845, 861, 863, 876, 979, 992]
i =  4 : [8, 18, 205, 221, 237, 254, 271, 296, 314, 332, 345, 440, 451, 472, 534, 540, 547, 550, 561, 570, 588, 633, 674, 696, 701, 734, 752, 756, 823, 877, 963]
i =  5 : [22, 43, 60, 83, 135, 137, 165, 193, 204, 255, 263, 297, 340, 390, 402, 403, 457, 517, 533, 575, 585, 616, 676, 723, 731, 745, 835, 864, 873, 882, 891, 892, 900, 904, 946, 987, 990]
i =  6 : [20, 52, 133, 134, 138, 143, 157, 185, 203, 238, 250, 263, 279, 306, 434, 483, 494, 526, 548, 577, 609, 640, 710, 757, 761]
i =  7 : [13, 31, 49, 55, 56, 91, 114, 130, 146, 154, 162, 173, 191, 206, 210, 219, 257, 282, 339, 353, 362, 379, 408, 416, 437, 454, 516, 519, 537, 574, 594, 602, 604, 650, 712, 716, 738, 795, 830, 836, 840, 871, 915, 930, 934, 949, 951, 986]
i =  8 : [28, 77, 157, 214, 285, 321, 372, 433, 491, 499, 579, 659, 679, 691, 733, 750, 767, 775, 792, 818]
i =  9 : [46, 48, 65, 74, 91, 98, 109, 227, 258, 284, 299, 301, 330, 351, 373, 496, 535, 549, 562, 641, 668, 669, 719, 741, 748, 779, 797, 809, 813, 817, 841, 852, 858, 872, 917, 924, 932, 944, 991, 1000]
i =  10 : [24, 41, 45, 95, 108, 111, 126, 163, 175, 249, 269, 316, 349, 365, 393, 423, 432, 447, 448, 466, 469, 514, 521, 527, 528, 539, 598, 636, 639, 662, 663, 667, 695, 778, 808, 824, 897, 936, 943, 985, 993, 997]
i =  11 : [8, 17, 205, 221, 237, 254, 271, 296, 314, 332, 345, 377, 440, 451, 472, 534, 540, 547, 550, 561, 570, 588, 633, 674, 696, 701, 734, 752, 756, 823, 877, 963]
i =  12 : [18, 48, 65, 74, 91, 98, 109, 227, 258, 284, 299, 301, 330, 351, 373, 496, 535, 549, 562, 641, 668, 669, 719, 741, 748, 779, 797, 809, 813, 817, 841, 852, 858, 872, 917, 924, 932, 944, 991, 1000]
i =  13 : [10, 16, 25, 39, 98, 110, 112, 113, 116, 121, 192, 209, 213, 222, 247, 268, 280, 342, 368, 384, 412, 427, 465, 485, 498, 501, 572, 596, 605, 612, 615, 626, 656, 681, 698, 727, 730, 768, 805, 820, 837, 846, 880, 914, 950, 955, 962, 983]
i =  14 : [38, 50, 72, 148, 152, 160, 230, 232, 313, 334, 443, 460, 470, 479, 489, 523, 555, 587, 603, 620, 655, 704, 705, 707, 715, 740, 758, 784, 794, 827, 844, 884, 896, 910, 938, 960, 967, 974, 998]
i =  15 : [20, 52, 96, 101, 133, 134, 138, 143, 203, 238, 250, 279, 434, 483, 494, 526, 548, 577, 609, 710, 729, 757, 761]
i =  16 : [39, 78, 102, 110, 120, 123, 161, 164, 177, 185, 295, 309, 317, 324, 378, 421, 497, 505, 531, 551, 553, 568, 592, 675, 754, 763, 783, 790, 814, 819, 829, 838, 854, 899, 939, 970, 973, 996]
i =  17 : [8, 20, 52, 57, 133, 134, 138, 143, 203, 238, 250, 279, 307, 434, 483, 494, 526, 548, 577, 609, 710, 757, 761]
i =  18 : [14, 15, 97, 132, 139, 153, 183, 207, 281, 304, 311, 327, 328, 409, 593, 607, 637, 693, 699, 700, 769, 816, 853]
i =  19 : [4, 9, 18, 31, 57, 92, 100, 114, 131, 156, 169, 172, 181, 182, 202, 208, 233, 272, 274, 277, 300, 322, 347, 385, 387, 400, 413, 431, 462, 507, 532, 554, 563, 586, 606, 622, 623, 654, 658, 711, 726, 739, 765, 774, 796, 843, 850, 886, 921, 926, 927, 935]
i =  20 : [5, 6, 63, 64, 76, 87, 128, 168, 174, 211, 244, 246, 264, 337, 341, 359, 367, 396, 401, 415, 435, 455, 459, 482, 513, 522, 559, 631, 657, 678, 703, 709, 751, 788, 802, 822, 859, 860, 925, 961]
i =  21 : [7, 29, 33, 51, 71, 75, 82, 90, 118, 122, 127, 217, 226, 270, 289, 306, 319, 331, 346, 366, 375, 407, 424, 449, 467, 475, 476, 477, 536, 583, 595, 640, 646, 647, 652, 685, 764, 785, 800, 833, 834, 879, 885, 889, 901, 953, 954]
i =  22 : [20, 52, 76, 107, 133, 134, 138, 143, 203, 238, 250, 279, 434, 483, 494, 526, 548, 577, 609, 710, 757, 761, 906]
i =  23 : [23, 82, 151, 231, 251, 338, 398, 428, 480, 481, 488, 492, 493, 509, 556, 619, 661, 682, 697, 724, 725, 728, 737, 766, 857]
i =  24 : [9, 24, 41, 47, 95, 111, 126, 156, 163, 175, 249, 269, 316, 349, 365, 393, 423, 432, 447, 448, 466, 469, 514, 521, 527, 528, 539, 598, 636, 639, 662, 663, 667, 695, 778, 808, 824, 897, 936, 943, 985, 993, 997]
i =  25 : [59, 66, 105, 115, 155, 195, 199, 241, 243, 283, 290, 305, 343, 354, 357, 414, 450, 452, 542, 543, 649, 735, 760, 762, 780, 807, 842, 890, 922, 942, 958]
i =  26 : [11, 17, 39, 47, 89, 103, 106, 110, 150, 158, 171, 184, 242, 370, 377, 382, 406, 438, 445, 456, 468, 576, 582, 617, 624, 672, 686, 721, 804, 826, 862, 887, 952, 956, 972, 982]
i =  27 : [19, 67, 68, 145, 159, 178, 224, 262, 294, 336, 369, 418, 425, 436, 500, 503, 571, 642, 651, 713, 749, 777, 791]
i =  28 : [36, 40, 80, 86, 119, 167, 169, 190, 196, 287, 307, 380, 404, 446, 474, 502, 530, 573, 580, 581, 599, 600, 660, 694, 702, 755, 759, 776, 855, 866, 868, 878, 895, 908, 918, 940, 945, 947, 964, 978, 988]
i =  29 : [54, 57, 61, 119, 149, 172, 180, 198, 261, 293, 302, 312, 394, 453, 471, 473, 545, 546, 566, 666, 677, 736, 831, 856, 881]
i =  30 : [27, 31, 32, 67, 114, 125, 131, 147, 169, 172, 187, 202, 208, 225, 233, 273, 320, 329, 356, 360, 364, 426, 458, 512, 524, 532, 552, 560, 591, 613, 619, 635, 653, 688, 742, 773, 793, 821, 828, 848, 865, 898, 912, 957, 965, 971, 977, 980, 984, 999]
i =  31 : [12, 28, 36, 40, 80, 86, 169, 190, 196, 287, 307, 380, 404, 446, 474, 502, 530, 573, 580, 581, 599, 600, 660, 694, 702, 755, 759, 776, 855, 866, 868, 878, 895, 908, 918, 940, 945, 947, 964, 978, 988]
i =  32 : [14, 15, 86, 97, 132, 139, 144, 153, 177, 183, 190, 200, 207, 281, 304, 311, 409, 593, 607, 637, 693, 699, 700, 769, 816, 851, 853]
i =  33 : [34, 70, 80, 81, 144, 197, 200, 276, 308, 318, 350, 363, 371, 374, 495, 504, 558, 628, 645, 706, 717, 743, 787, 916, 947]
i =  34 : [30, 33, 34, 46, 48, 70, 81, 82, 144, 163, 197, 200, 212, 276, 308, 318, 350, 363, 371, 374, 495, 504, 558, 628, 645, 706, 717, 743, 787, 916, 981]
i =  35 : [34, 70, 80, 81, 144, 197, 200, 276, 308, 318, 350, 363, 371, 374, 495, 504, 558, 628, 645, 694, 706, 717, 743, 787, 916]
i =  36 : [27, 31, 32, 67, 114, 125, 131, 145, 147, 169, 172, 178, 183, 187, 202, 225, 233, 273, 320, 329, 356, 360, 364, 426, 458, 512, 524, 532, 552, 560, 591, 613, 619, 635, 653, 688, 742, 773, 793, 821, 828, 848, 865, 898, 912, 957, 965, 971, 977, 980, 984, 999]
i =  37 : [27, 32, 67, 112, 114, 125, 131, 147, 187, 202, 225, 233, 273, 320, 329, 356, 360, 364, 426, 458, 512, 524, 532, 552, 560, 591, 613, 619, 635, 653, 688, 742, 773, 793, 821, 828, 848, 865, 898, 912, 957, 965, 971, 977, 980, 984, 999]
i =  38 : [10, 16, 25, 31, 39, 110, 112, 113, 114, 116, 169, 192, 199, 209, 213, 222, 235, 247, 268, 280, 342, 368, 384, 412, 427, 465, 485, 498, 501, 572, 596, 605, 612, 615, 626, 656, 681, 690, 698, 727, 730, 768, 805, 820, 837, 846, 880, 914, 950, 955, 962, 983]
i =  39 : [2, 54, 60, 88, 93, 122, 135, 189, 208, 260, 278, 288, 291, 325, 326, 355, 399, 422, 464, 544, 567, 584, 610, 614, 664, 722, 786, 799, 849, 867, 870, 903, 909, 913, 929, 941, 966, 975, 994]
i =  40 : [19, 32, 68, 145, 159, 178, 224, 262, 297, 336, 418, 425, 430, 436, 500, 503, 524, 571, 642, 651, 713, 749, 777, 791]
i =  41 : [2, 26, 43, 60, 88, 93, 122, 135, 189, 208, 260, 278, 288, 291, 325, 326, 355, 399, 422, 464, 544, 567, 584, 610, 614, 664, 722, 786, 799, 849, 867, 870, 903, 909, 913, 929, 941, 966, 975, 994]
i =  42 : [27, 32, 67, 71, 75, 114, 125, 131, 147, 187, 202, 225, 233, 273, 320, 329, 356, 360, 364, 426, 458, 512, 524, 532, 552, 560, 591, 613, 619, 635, 653, 688, 742, 773, 793, 821, 828, 848, 865, 898, 912, 957, 965, 971, 977, 980, 984, 999]
i =  43 : [11, 17, 47, 89, 103, 106, 150, 158, 184, 186, 242, 370, 382, 406, 438, 445, 456, 468, 576, 582, 617, 624, 672, 686, 721, 804, 826, 887, 952, 956, 972, 982]
i =  44 : [20, 26, 37, 52, 133, 134, 138, 143, 203, 238, 250, 279, 434, 483, 494, 526, 548, 577, 609, 710, 757, 761, 888]
i =  45 : [54, 61, 119, 149, 172, 180, 184, 198, 204, 255, 261, 302, 312, 394, 453, 471, 473, 541, 545, 546, 566, 666, 677, 736, 831, 856, 881]
i =  46 : [24, 41, 84, 95, 111, 126, 163, 175, 249, 264, 269, 316, 349, 365, 393, 423, 432, 447, 448, 466, 469, 514, 521, 527, 528, 539, 598, 636, 639, 662, 663, 665, 667, 695, 778, 808, 824, 897, 936, 943, 985, 993, 997]
i =  47 : [5, 6, 63, 64, 67, 87, 128, 168, 174, 211, 244, 246, 264, 337, 341, 359, 367, 396, 401, 415, 435, 455, 459, 482, 513, 522, 559, 631, 657, 678, 680, 703, 709, 751, 788, 802, 822, 859, 860, 925, 961]
i =  48 : [34, 70, 80, 81, 144, 197, 200, 276, 308, 318, 350, 363, 371, 374, 495, 504, 558, 628, 645, 706, 708, 717, 743, 787, 916]
i =  49 : [19, 37, 68, 145, 159, 178, 224, 262, 336, 418, 425, 436, 500, 503, 571, 642, 651, 713, 720, 749, 777, 791]
i =  50 : [24, 41, 95, 111, 126, 163, 175, 249, 269, 316, 349, 365, 393, 423, 432, 447, 448, 466, 469, 514, 521, 527, 528, 539, 598, 636, 639, 662, 663, 667, 695, 778, 808, 815, 824, 897, 936, 943, 985, 993, 997]
i =  51 : [21, 37, 50, 58, 62, 72, 148, 160, 167, 171, 179, 218, 236, 239, 303, 310, 333, 348, 388, 391, 395, 410, 419, 441, 442, 478, 511, 515, 564, 569, 611, 618, 627, 648, 671, 673, 684, 714, 770, 771, 801, 832, 845, 861, 863, 876, 979, 992]
i =  52 : [11, 17, 45, 47, 50, 72, 89, 103, 106, 140, 158, 160, 184, 222, 242, 370, 377, 382, 406, 438, 445, 456, 468, 576, 582, 617, 624, 672, 686, 721, 804, 826, 887, 952, 956, 972, 982]
i =  53 : [13, 31, 49, 55, 56, 114, 130, 146, 154, 162, 173, 191, 206, 210, 219, 257, 282, 339, 353, 362, 379, 408, 416, 437, 454, 516, 519, 537, 574, 594, 602, 604, 650, 712, 716, 738, 795, 830, 836, 840, 871, 894, 915, 930, 934, 949, 951, 986]
i =  54 : [78, 102, 108, 120, 123, 129, 161, 164, 177, 185, 267, 295, 309, 317, 324, 378, 421, 497, 505, 531, 551, 553, 568, 592, 675, 754, 763, 783, 790, 814, 819, 829, 838, 854, 899, 907, 939, 973, 996]
i =  55 : [23, 82, 151, 231, 251, 338, 398, 411, 428, 480, 481, 488, 492, 493, 509, 556, 661, 682, 697, 724, 725, 728, 737, 766, 857]
i =  56 : [5, 6, 7, 63, 64, 87, 128, 168, 174, 211, 244, 246, 264, 337, 341, 344, 359, 367, 396, 401, 415, 435, 455, 459, 482, 513, 522, 559, 631, 657, 678, 703, 709, 751, 788, 802, 822, 859, 860, 925, 961]
i =  57 : [14, 15, 35, 97, 100, 132, 139, 153, 183, 207, 281, 304, 311, 409, 506, 593, 607, 637, 693, 699, 700, 769, 816, 853]
i =  58 : [78, 102, 120, 123, 161, 164, 177, 185, 259, 295, 309, 317, 324, 378, 421, 497, 505, 531, 551, 553, 568, 592, 675, 754, 763, 783, 790, 814, 819, 829, 838, 854, 899, 939, 973, 996]
i =  59 : [1, 69, 79, 94, 99, 107, 129, 141, 223, 256, 265, 267, 275, 292, 294, 369, 383, 386, 490, 508, 557, 578, 590, 625, 630, 638, 732, 747, 753, 798, 803, 811, 839, 847, 869, 883, 905, 911, 920, 933, 937, 969, 995]
i =  60 : [5, 6, 50, 63, 64, 72, 87, 128, 160, 168, 174, 211, 244, 246, 264, 337, 341, 359, 367, 396, 401, 415, 435, 455, 459, 482, 513, 522, 559, 631, 643, 657, 678, 703, 709, 751, 788, 802, 822, 859, 860, 925, 961]
i =  61 : [7, 10, 29, 33, 71, 75, 90, 118, 127, 217, 226, 270, 289, 306, 319, 331, 346, 366, 375, 407, 424, 449, 467, 475, 476, 477, 536, 583, 595, 640, 646, 647, 652, 685, 764, 785, 800, 833, 834, 879, 885, 889, 901, 953, 954, 968]
i =  62 : [24, 41, 95, 111, 126, 163, 175, 249, 266, 269, 316, 349, 365, 393, 417, 423, 432, 447, 448, 466, 469, 487, 514, 521, 527, 528, 539, 598, 636, 639, 662, 663, 667, 695, 778, 808, 824, 897, 936, 943, 985, 993, 997]
i =  63 : [20, 52, 108, 133, 134, 138, 143, 203, 238, 250, 279, 434, 483, 494, 526, 548, 577, 589, 609, 710, 757, 761]
i =  64 : [14, 15, 97, 111, 117, 132, 139, 153, 183, 190, 207, 281, 304, 311, 409, 593, 607, 637, 693, 699, 700, 769, 789, 816, 853]
i =  65 : [19, 68, 145, 159, 178, 224, 262, 336, 392, 418, 425, 436, 500, 503, 571, 642, 651, 713, 749, 777, 791]
i =  66 : [20, 38, 52, 133, 134, 138, 143, 203, 238, 250, 279, 313, 323, 434, 443, 483, 484, 494, 526, 548, 577, 609, 710, 757, 761]
i =  67 : [19, 68, 145, 159, 178, 224, 262, 336, 418, 425, 436, 500, 503, 571, 642, 651, 713, 749, 777, 791, 825]
i =  68 : [9, 21, 37, 58, 62, 64, 119, 137, 167, 171, 179, 218, 236, 239, 303, 310, 333, 348, 388, 391, 395, 410, 419, 441, 442, 478, 511, 515, 564, 569, 611, 618, 648, 671, 673, 684, 714, 770, 771, 801, 832, 845, 861, 863, 876, 928, 979, 992]
overlapping nodes are:  [2, 5, 6, 7, 8, 9, 10, 11, 13, 14, 15, 16, 17, 18, 19, 20, 21, 23, 24, 25, 26, 27, 28, 29, 31, 32, 33, 34, 36, 37, 38, 39, 40, 41, 43, 45, 46, 47, 48, 49, 50, 52, 54, 55, 56, 57, 58, 60, 61, 62, 63, 64, 65, 67, 68, 70, 71, 72, 74, 75, 76, 78, 80, 81, 82, 86, 87, 88, 89, 90, 91, 93, 95, 97, 98, 100, 102, 103, 106, 107, 108, 109, 110, 111, 112, 113, 114, 116, 117, 118, 119, 120, 122, 123, 125, 126, 127, 128, 129, 130, 131, 132, 133, 134, 135, 137, 138, 139, 143, 144, 145, 146, 147, 148, 149, 150, 151, 153, 154, 156, 157, 158, 159, 160, 161, 162, 163, 164, 167, 168, 169, 171, 172, 173, 174, 175, 177, 178, 179, 180, 183, 184, 185, 187, 189, 190, 191, 192, 196, 197, 198, 199, 200, 202, 203, 204, 205, 206, 207, 208, 209, 210, 211, 213, 217, 218, 219, 221, 222, 224, 225, 226, 227, 231, 233, 236, 237, 238, 239, 242, 244, 246, 247, 249, 250, 251, 254, 255, 257, 258, 260, 261, 262, 263, 264, 267, 268, 269, 270, 271, 273, 276, 278, 279, 280, 281, 282, 284, 287, 288, 289, 291, 294, 295, 296, 297, 299, 301, 302, 303, 304, 306, 307, 308, 309, 310, 311, 312, 313, 314, 316, 317, 318, 319, 320, 324, 325, 326, 329, 330, 331, 332, 333, 336, 337, 338, 339, 341, 342, 345, 346, 348, 349, 350, 351, 353, 355, 356, 359, 360, 362, 363, 364, 365, 366, 367, 368, 369, 370, 371, 373, 374, 375, 377, 378, 379, 380, 382, 384, 388, 391, 393, 394, 395, 396, 398, 399, 401, 404, 406, 407, 408, 409, 410, 412, 415, 416, 418, 419, 421, 422, 423, 424, 425, 426, 427, 428, 432, 434, 435, 436, 437, 438, 440, 441, 442, 443, 445, 446, 447, 448, 449, 451, 453, 454, 455, 456, 458, 459, 464, 465, 466, 467, 468, 469, 471, 472, 473, 474, 475, 476, 477, 478, 480, 481, 482, 483, 485, 488, 492, 493, 494, 495, 496, 497, 498, 500, 501, 502, 503, 504, 505, 509, 511, 512, 513, 514, 515, 516, 519, 521, 522, 524, 526, 527, 528, 530, 531, 532, 534, 535, 536, 537, 539, 540, 544, 545, 546, 547, 548, 549, 550, 551, 552, 553, 556, 558, 559, 560, 561, 562, 564, 566, 567, 568, 569, 570, 571, 572, 573, 574, 576, 577, 580, 581, 582, 583, 584, 588, 591, 592, 593, 594, 595, 596, 598, 599, 600, 602, 604, 605, 607, 609, 610, 611, 612, 613, 614, 615, 617, 618, 619, 624, 626, 628, 631, 633, 635, 636, 637, 639, 640, 641, 642, 645, 646, 647, 648, 650, 651, 652, 653, 656, 657, 660, 661, 662, 663, 664, 666, 667, 668, 669, 671, 672, 673, 674, 675, 677, 678, 681, 682, 684, 685, 686, 688, 693, 694, 695, 696, 697, 698, 699, 700, 701, 702, 703, 706, 709, 710, 712, 713, 714, 716, 717, 719, 721, 722, 724, 725, 727, 728, 730, 734, 736, 737, 738, 741, 742, 743, 748, 749, 751, 752, 754, 755, 756, 757, 759, 761, 763, 764, 766, 768, 769, 770, 771, 773, 776, 777, 778, 779, 783, 785, 786, 787, 788, 790, 791, 793, 795, 797, 799, 800, 801, 802, 804, 805, 808, 809, 813, 814, 816, 817, 819, 820, 821, 822, 823, 824, 826, 828, 829, 830, 831, 832, 833, 834, 836, 837, 838, 840, 841, 845, 846, 848, 849, 852, 853, 854, 855, 856, 857, 858, 859, 860, 861, 863, 865, 866, 867, 868, 870, 871, 872, 876, 877, 878, 879, 880, 881, 885, 887, 889, 895, 897, 898, 899, 901, 903, 908, 909, 912, 913, 914, 915, 916, 917, 918, 924, 925, 929, 930, 932, 934, 936, 939, 940, 941, 943, 944, 945, 947, 949, 950, 951, 952, 953, 954, 955, 956, 957, 961, 962, 963, 964, 965, 966, 971, 972, 973, 975, 977, 978, 979, 980, 982, 983, 984, 985, 986, 988, 991, 992, 993, 994, 996, 997, 999, 1000] 
 NOO is:  680
total time is:  552.481108904
