lens of ground_truth:  26
ground_truth is: [[5, 30, 66, 87, 96, 108, 116, 127, 143, 168, 169, 183, 265, 280, 282, 292, 319, 350, 356, 466, 474, 478, 523, 524, 571, 573, 581, 639, 641, 655, 665, 724, 831, 879, 911, 925, 931, 959, 967], [2, 23, 29, 35, 62, 63, 76, 134, 169, 181, 191, 203, 210, 216, 217, 233, 239, 254, 266, 272, 370, 393, 412, 415, 422, 435, 437, 439, 480, 484, 485, 513, 514, 520, 531, 559, 564, 569, 600, 636, 664, 687, 691, 693, 708, 715, 718, 725, 730, 733, 746, 748, 766, 779, 791, 793, 818, 840, 873, 888, 908, 916, 957, 960, 963, 970, 997], [1, 22, 32, 38, 48, 50, 62, 74, 92, 95, 100, 128, 150, 152, 166, 237, 242, 249, 253, 277, 279, 397, 399, 406, 456, 462, 464, 477, 492, 522, 542, 543, 558, 585, 590, 618, 631, 671, 673, 691, 710, 724, 738, 758, 788, 793, 818, 819, 829, 833, 849, 854, 860, 895, 946, 954, 958, 987, 992, 996], [24, 50, 58, 66, 68, 73, 78, 92, 106, 109, 117, 123, 130, 144, 150, 154, 166, 169, 177, 194, 197, 206, 207, 208, 209, 241, 256, 265, 276, 279, 302, 311, 330, 355, 357, 361, 429, 436, 447, 476, 522, 538, 542, 545, 558, 559, 593, 599, 604, 610, 612, 614, 620, 655, 660, 693, 722, 724, 738, 741, 752, 775, 777, 796, 805, 849, 860, 865, 871, 894, 924, 940, 948, 976, 981, 988, 991, 997, 1000], [12, 15, 24, 44, 58, 62, 68, 86, 92, 95, 98, 100, 103, 109, 150, 166, 175, 205, 207, 209, 226, 238, 240, 243, 260, 265, 279, 290, 293, 296, 342, 348, 373, 428, 433, 434, 456, 473, 487, 506, 515, 538, 558, 568, 607, 609, 626, 642, 656, 662, 677, 716, 722, 724, 767, 775, 776, 789, 791, 802, 818, 837, 860, 861, 876, 881, 889, 897, 911, 952, 983, 989, 991, 997], [16, 37, 38, 64, 79, 89, 123, 288, 303, 386, 427, 486, 491, 553, 565, 567, 582, 596, 606, 722, 729, 746, 779, 788, 823, 825, 849, 881, 900, 904, 913, 922, 955, 969, 971], [21, 50, 100, 123, 137, 147, 150, 161, 179, 207, 229, 236, 237, 274, 284, 314, 328, 334, 357, 376, 396, 417, 445, 484, 519, 634, 652, 653, 654, 691, 718, 731, 749, 753, 765, 785, 793, 799, 812, 814, 835, 843, 857, 939, 956, 968, 982, 991], [57, 93, 100, 111, 118, 121, 124, 131, 191, 221, 237, 259, 271, 279, 329, 335, 340, 349, 357, 361, 369, 381, 388, 424, 452, 468, 502, 538, 557, 558, 574, 589, 610, 616, 620, 622, 635, 643, 679, 684, 693, 710, 738, 745, 751, 781, 786, 788, 793, 847, 880, 917, 932, 954, 961, 965, 995, 998], [3, 12, 29, 35, 42, 53, 56, 66, 78, 84, 86, 103, 109, 136, 138, 141, 169, 177, 205, 209, 210, 218, 233, 234, 235, 252, 258, 265, 290, 313, 335, 346, 352, 361, 378, 393, 418, 426, 434, 435, 436, 439, 447, 456, 461, 481, 484, 488, 500, 514, 520, 527, 534, 559, 566, 575, 576, 598, 610, 620, 642, 649, 655, 669, 691, 695, 697, 710, 718, 762, 775, 797, 798, 819, 827, 846, 849, 852, 881, 894, 903, 911, 916, 923, 938, 951, 953, 954, 956, 962, 970, 975, 976, 983, 1000], [16, 34, 38, 39, 40, 47, 63, 97, 103, 109, 123, 160, 210, 215, 246, 250, 266, 285, 315, 335, 371, 393, 420, 435, 439, 450, 456, 460, 471, 484, 510, 533, 536, 539, 541, 566, 578, 647, 665, 670, 692, 698, 726, 727, 728, 746, 774, 779, 788, 791, 801, 817, 819, 830, 838, 844, 860, 866, 884, 905, 944, 953, 956, 970], [11, 12, 19, 35, 36, 60, 72, 77, 78, 86, 90, 92, 107, 110, 125, 129, 138, 159, 166, 167, 174, 177, 205, 207, 212, 216, 222, 224, 233, 256, 263, 264, 279, 290, 297, 298, 307, 310, 317, 354, 357, 366, 387, 403, 409, 418, 434, 446, 447, 449, 455, 495, 507, 517, 522, 542, 563, 566, 587, 591, 613, 625, 633, 642, 649, 668, 689, 693, 697, 710, 720, 721, 722, 738, 775, 793, 797, 803, 810, 821, 850, 854, 858, 864, 870, 885, 894, 911, 916, 918, 919, 936, 949, 953, 976, 983, 1000], [20, 26, 68, 71, 148, 163, 187, 223, 230, 266, 287, 300, 431, 508, 511, 530, 549, 579, 628, 686, 754, 787, 808, 896, 916], [9, 25, 46, 88, 133, 172, 182, 192, 193, 204, 208, 233, 400, 459, 472, 484, 620, 646, 658, 667, 712, 747, 763, 780, 784, 816, 826, 867, 898, 906, 921], [12, 16, 35, 38, 41, 58, 66, 83, 91, 101, 103, 104, 138, 153, 162, 191, 199, 200, 210, 216, 220, 231, 235, 281, 294, 326, 335, 375, 391, 393, 394, 398, 418, 435, 439, 456, 479, 514, 516, 518, 520, 532, 556, 559, 580, 605, 610, 621, 649, 665, 705, 711, 713, 718, 724, 726, 746, 770, 779, 783, 791, 797, 811, 813, 845, 849, 860, 868, 872, 890, 912, 916, 970], [13, 14, 16, 35, 38, 43, 49, 58, 62, 63, 66, 68, 78, 85, 86, 95, 100, 102, 103, 169, 176, 177, 190, 191, 201, 209, 210, 216, 233, 235, 256, 266, 290, 337, 361, 362, 382, 389, 393, 404, 418, 419, 434, 435, 439, 447, 465, 484, 493, 496, 514, 520, 522, 538, 546, 559, 592, 610, 619, 620, 624, 642, 649, 655, 659, 665, 666, 675, 693, 718, 726, 756, 768, 779, 791, 795, 797, 815, 818, 848, 881, 894, 920, 927, 945, 947, 970, 976, 980, 983, 993, 997, 1000], [8, 12, 24, 29, 51, 55, 61, 69, 78, 86, 92, 95, 109, 123, 135, 138, 150, 151, 156, 166, 205, 207, 208, 209, 233, 235, 256, 265, 279, 290, 304, 309, 361, 377, 401, 405, 416, 418, 434, 436, 442, 443, 447, 482, 490, 499, 520, 521, 522, 528, 538, 542, 558, 559, 615, 620, 642, 644, 645, 649, 655, 661, 665, 681, 691, 696, 697, 709, 722, 724, 735, 738, 775, 791, 818, 851, 878, 881, 894, 902, 911, 914, 930, 954, 956, 976, 991, 1000], [50, 81, 94, 99, 126, 157, 170, 185, 228, 237, 247, 256, 270, 283, 289, 301, 312, 347, 402, 410, 439, 540, 555, 629, 674, 694, 697, 702, 706, 737, 739, 759, 832, 841, 853, 854, 874, 883, 893, 916, 928, 953, 983, 986], [24, 54, 68, 82, 95, 142, 146, 165, 196, 219, 235, 237, 251, 255, 257, 267, 269, 325, 336, 357, 363, 392, 395, 440, 441, 444, 453, 526, 551, 577, 583, 597, 608, 627, 632, 638, 657, 663, 688, 703, 820, 834, 854, 950, 985, 990, 991, 999], [58, 158, 245, 248, 261, 344, 423, 469, 501, 509, 560, 561, 630, 700, 704, 732, 757, 788, 804, 806, 836, 856, 859], [16, 50, 80, 138, 145, 173, 225, 291, 299, 305, 318, 323, 367, 421, 457, 458, 503, 548, 550, 570, 595, 601, 623, 640, 665, 714, 760, 854, 877, 899, 909, 934, 953, 972, 973, 974, 984], [6, 7, 16, 35, 38, 62, 63, 112, 113, 115, 122, 177, 189, 191, 205, 208, 210, 211, 213, 216, 227, 266, 268, 306, 321, 322, 335, 343, 353, 357, 372, 430, 435, 467, 475, 494, 514, 566, 602, 603, 610, 637, 650, 680, 682, 685, 718, 723, 726, 744, 746, 755, 775, 779, 788, 794, 797, 819, 854, 886, 891, 911, 953, 966, 970, 979, 994, 997, 1000], [18, 28, 29, 33, 50, 92, 100, 180, 184, 237, 278, 331, 332, 374, 407, 414, 436, 451, 497, 505, 512, 535, 542, 554, 566, 586, 611, 678, 690, 697, 699, 726, 734, 736, 743, 750, 793, 807, 839, 863, 892, 910, 937, 941, 942, 954], [17, 27, 65, 132, 150, 164, 178, 186, 232, 295, 333, 345, 359, 380, 393, 408, 413, 454, 498, 525, 562, 648, 672, 676, 717, 719, 769, 772, 792, 822, 828, 882, 933], [4, 10, 12, 24, 29, 31, 63, 66, 114, 155, 191, 195, 208, 216, 266, 273, 316, 327, 341, 351, 365, 379, 390, 425, 470, 504, 514, 547, 552, 584, 594, 617, 691, 701, 710, 746, 790, 809, 819, 824, 842, 855, 860, 869, 887, 901, 926, 954, 956], [59, 67, 68, 95, 119, 120, 139, 140, 171, 188, 198, 275, 339, 360, 364, 385, 436, 438, 463, 489, 544, 683, 738, 740, 764, 771, 773, 782, 800, 907, 929, 943, 964, 978], [24, 29, 45, 52, 58, 62, 63, 70, 75, 78, 86, 103, 105, 109, 123, 138, 149, 166, 169, 177, 202, 205, 207, 208, 209, 214, 235, 244, 256, 262, 265, 286, 290, 308, 320, 324, 335, 338, 358, 361, 368, 383, 384, 411, 418, 432, 434, 436, 447, 448, 456, 483, 520, 522, 529, 537, 538, 542, 558, 566, 572, 588, 642, 649, 651, 655, 693, 697, 707, 710, 722, 726, 742, 761, 778, 797, 818, 819, 849, 862, 875, 881, 894, 915, 935, 956, 976, 977, 983, 991, 997]]
print random_nodes: [[470], [461], [329], [574], [274], [92], [705], [679], [217], [712], [421], [936], [822], [767], [384], [258], [395], [604], [229], [455], [638], [508], [74], [842], [405], [93], [54], [919], [295], [490], [494], [478]]
args__________ ([[470]],)
args__________ ([[461]],)
args__________ ([[329]],)
args__________ ([[574]],)
args__________ ([[274]],)
args__________ ([[92]],)
args__________ ([[705]],)
args__________ ([[679]],)
args__________ ([[217]],)
args__________ ([[712]],)
args__________ ([[421]],)
args__________ ([[936]],)
args__________ ([[822]],)
args__________ ([[767]],)
args__________ ([[384]],)
args__________ ([[258]],)
args__________ ([[395]],)
args__________ ([[604]],)
args__________ ([[229]],)
args__________ ([[455]],)
args__________ ([[638]],)
args__________ ([[508]],)
args__________ ([[74]],)
args__________ ([[842]],)
args__________ ([[405]],)
args__________ ([[93]],)
args__________ ([[54]],)
args__________ ([[919]],)
args__________ ([[295]],)
args__________ ([[490]],)
args__________ ([[494]],)
args__________ ([[478]],)
finish process_num processes get single node nature community___________________
length of left_nodes_list__________:  425
print random_nodes: [[497], [561], [141], [962], [934], [393], [37], [946], [991], [277], [252], [904], [453], [768], [361], [16], [62], [364], [185], [825], [611], [857], [138], [540], [312], [928], [958], [205], [418], [718], [519], [634]]
args__________ ([[497]],)
args__________ ([[561]],)
args__________ ([[141]],)
args__________ ([[962]],)
args__________ ([[934]],)
args__________ ([[393]],)
args__________ ([[37]],)
args__________ ([[946]],)
args__________ ([[991]],)
args__________ ([[277]],)
args__________ ([[252]],)
args__________ ([[904]],)
args__________ ([[453]],)
args__________ ([[768]],)
args__________ ([[361]],)
args__________ ([[16]],)
args__________ ([[62]],)
args__________ ([[364]],)
args__________ ([[185]],)
args__________ ([[825]],)
args__________ ([[611]],)
args__________ ([[857]],)
args__________ ([[138]],)
args__________ ([[540]],)
args__________ ([[312]],)
args__________ ([[928]],)
args__________ ([[958]],)
args__________ ([[205]],)
args__________ ([[418]],)
args__________ ([[718]],)
args__________ ([[519]],)
args__________ ([[634]],)
finish process_num processes get single node nature community___________________
length of left_nodes_list__________:  99
print random_nodes: [[978], [559], [188], [522], [447], [357], [791], [439], [434], [210], [724], [894], [385], [198], [542], [954], [793], [256], [849], [976], [438], [514], [66], [538], [489], [620], [59], [740], [726], [916], [488], [360]]
args__________ ([[978]],)
args__________ ([[559]],)
args__________ ([[188]],)
args__________ ([[522]],)
args__________ ([[447]],)
args__________ ([[357]],)
args__________ ([[791]],)
args__________ ([[439]],)
args__________ ([[434]],)
args__________ ([[210]],)
args__________ ([[724]],)
args__________ ([[894]],)
args__________ ([[385]],)
args__________ ([[198]],)
args__________ ([[542]],)
args__________ ([[954]],)
args__________ ([[793]],)
args__________ ([[256]],)
args__________ ([[849]],)
args__________ ([[976]],)
args__________ ([[438]],)
args__________ ([[514]],)
args__________ ([[66]],)
args__________ ([[538]],)
args__________ ([[489]],)
args__________ ([[620]],)
args__________ ([[59]],)
args__________ ([[740]],)
args__________ ([[726]],)
args__________ ([[916]],)
args__________ ([[488]],)
args__________ ([[360]],)
finish process_num processes get single node nature community___________________
length of left_nodes_list__________:  42
print random_nodes: [[100], [693], [520], [970], [911], [435], [881], [1000], [335], [819], [797], [456], [722], [818], [738], [436], [665], [95], [233], [997], [216], [953], [710], [279], [788], [775], [642], [983], [208], [566], [860], [854]]
args__________ ([[100]],)
args__________ ([[693]],)
args__________ ([[520]],)
args__________ ([[970]],)
args__________ ([[911]],)
args__________ ([[435]],)
args__________ ([[881]],)
args__________ ([[1000]],)
args__________ ([[335]],)
args__________ ([[819]],)
args__________ ([[797]],)
args__________ ([[456]],)
args__________ ([[722]],)
args__________ ([[818]],)
args__________ ([[738]],)
args__________ ([[436]],)
args__________ ([[665]],)
args__________ ([[95]],)
args__________ ([[233]],)
args__________ ([[997]],)
args__________ ([[216]],)
args__________ ([[953]],)
args__________ ([[710]],)
args__________ ([[279]],)
args__________ ([[788]],)
args__________ ([[775]],)
args__________ ([[642]],)
args__________ ([[983]],)
args__________ ([[208]],)
args__________ ([[566]],)
args__________ ([[860]],)
args__________ ([[854]],)
finish process_num processes get single node nature community___________________
length of left_nodes_list__________:  9
print random_nodes: [[237], [956], [779], [58], [649], [150], [655], [610], [558]]
args__________ ([[237]],)
args__________ ([[956]],)
args__________ ([[779]],)
args__________ ([[58]],)
args__________ ([[649]],)
args__________ ([[150]],)
args__________ ([[655]],)
args__________ ([[610]],)
args__________ ([[558]],)
finish process_num processes get single node nature community___________________
length of left_nodes_list__________:  0
commplete get_all_nature_community, length:  137
after deal_communities, length:______________ 111
fits_dic 111
above ave fitness communities 74 [0.25621414913957935, 0.39274924471299094, 0.25889477668433003, 0.33073696824445775, 0.4393203883495146, 0.25060630557801133, 0.2532441997640582, 0.2638477801268499, 0.27736233854520737, 0.2773393461104848, 0.3412969283276451, 0.2614543926019336, 0.32466619817287423, 0.37937743190661477, 0.35714285714285715, 0.3289760348583878, 0.41098317094774134, 0.27983539094650206, 0.2707365627073656, 0.32132309509746015, 0.40498442367601245, 0.27669576897246473, 0.2494773519163763, 0.31487658438959304, 0.24113475177304963, 0.3612197028928851, 0.2824925816023739, 0.22985468956406868, 0.345565749235474, 0.2521075873143316, 0.401305057096248, 0.23194168323392975, 0.2628975265017668, 0.3136456211812627, 0.32216494845360827, 0.37249283667621774, 0.2990074441687345, 0.2467092892064686, 0.2922705314009662, 0.3969022265246854, 0.2616136919315403, 0.41414141414141414, 0.39200761179828736, 0.2961608775137112, 0.2288135593220339, 0.2515212981744422, 0.30247718383311606, 0.3302752293577982, 0.2523696682464455, 0.24898668210770122, 0.3641456582633053, 0.3431180691454664, 0.2327923894795747, 0.24348473566641846, 0.2790996784565916, 0.25216888374783114, 0.28978622327790976, 0.2281947261663286, 0.2744747429593205, 0.23508395855662736, 0.2437357630979499, 0.31314623338257014, 0.28860418071476734, 0.2744868035190616, 0.2383759004584152, 0.22911694510739858, 0.434881087202718, 0.23230686115613183, 0.39593908629441626, 0.24098025867937373, 0.2574013157894737, 0.41414141414141414, 0.33211944646758923, 0.2546103509815586]
----------------------------------The detection result is: 

all communities: 
i =  1 : [41, 83, 91, 101, 104, 153, 160, 162, 199, 200, 218, 220, 231, 281, 294, 326, 352, 375, 391, 394, 398, 461, 479, 516, 518, 532, 580, 605, 621, 705, 711, 713, 770, 783, 811, 813, 845, 868, 872, 890, 912]
i =  2 : [5, 30, 87, 93, 96, 108, 116, 127, 143, 168, 183, 280, 282, 292, 319, 329, 350, 356, 466, 474, 478, 523, 524, 571, 573, 581, 639, 641, 831, 879, 925, 931, 959, 967]
i =  3 : [8, 51, 55, 61, 69, 92, 135, 151, 156, 304, 309, 327, 377, 401, 405, 416, 442, 443, 482, 490, 499, 521, 528, 615, 644, 645, 661, 681, 696, 709, 735, 851, 878, 902, 914, 930]
i =  4 : [57, 78, 93, 111, 118, 121, 124, 131, 221, 259, 271, 329, 340, 349, 369, 381, 388, 424, 452, 468, 502, 557, 574, 589, 616, 622, 635, 643, 679, 684, 745, 751, 781, 786, 847, 880, 917, 932, 961, 965, 995, 998]
i =  5 : [9, 25, 46, 88, 133, 172, 182, 192, 193, 204, 400, 459, 472, 646, 658, 667, 712, 747, 763, 780, 784, 816, 826, 867, 898, 906, 921]
i =  6 : [5, 11, 19, 36, 42, 43, 60, 72, 77, 90, 107, 110, 125, 129, 159, 164, 167, 174, 212, 222, 224, 263, 264, 297, 298, 307, 310, 317, 354, 366, 384, 387, 403, 409, 446, 449, 455, 495, 507, 517, 563, 587, 591, 625, 633, 668, 689, 720, 721, 803, 810, 821, 850, 858, 864, 870, 885, 918, 919, 936, 949]
i =  7 : [11, 19, 36, 45, 60, 63, 72, 77, 90, 107, 110, 125, 129, 130, 159, 167, 174, 202, 212, 222, 224, 258, 263, 264, 297, 298, 307, 308, 310, 317, 354, 366, 387, 403, 409, 446, 449, 455, 495, 507, 517, 563, 587, 591, 613, 625, 633, 668, 689, 720, 721, 803, 810, 821, 850, 858, 864, 870, 885, 918, 919, 936, 949]
i =  8 : [11, 19, 36, 60, 72, 77, 90, 107, 110, 125, 129, 130, 159, 167, 174, 197, 212, 222, 224, 263, 264, 297, 298, 307, 310, 317, 354, 366, 403, 409, 446, 449, 455, 495, 507, 517, 563, 587, 591, 604, 613, 625, 633, 668, 689, 720, 721, 803, 810, 821, 850, 858, 864, 870, 885, 918, 919, 936, 949]
i =  9 : [73, 106, 117, 130, 144, 154, 194, 197, 206, 229, 241, 276, 302, 311, 330, 355, 429, 476, 545, 593, 599, 604, 612, 614, 660, 741, 752, 777, 796, 805, 865, 871, 924, 940, 948, 981, 988]
i =  10 : [2, 23, 24, 35, 55, 76, 82, 86, 134, 181, 203, 217, 239, 254, 272, 370, 412, 415, 422, 437, 480, 485, 513, 531, 564, 569, 600, 636, 638, 664, 687, 708, 715, 725, 730, 733, 748, 766, 840, 873, 888, 908, 957, 960, 963]
i =  11 : [4, 10, 25, 31, 74, 114, 155, 195, 265, 273, 316, 327, 341, 351, 365, 379, 390, 425, 470, 504, 547, 552, 584, 594, 617, 701, 790, 809, 824, 842, 855, 869, 887, 901, 926]
i =  12 : [11, 19, 36, 54, 60, 72, 77, 90, 107, 110, 125, 129, 146, 159, 167, 174, 212, 222, 224, 263, 264, 291, 297, 298, 307, 310, 317, 354, 366, 403, 409, 446, 449, 455, 495, 507, 517, 563, 587, 591, 613, 625, 633, 668, 689, 720, 721, 803, 810, 821, 850, 858, 864, 870, 885, 918, 919, 936, 949]
i =  13 : [34, 39, 40, 47, 97, 160, 177, 178, 215, 246, 250, 285, 295, 315, 371, 420, 450, 460, 471, 510, 533, 536, 539, 541, 578, 647, 670, 692, 698, 727, 728, 774, 801, 817, 830, 838, 844, 866, 884, 905, 944]
i =  14 : [1, 5, 30, 32, 87, 96, 103, 108, 116, 127, 143, 168, 183, 280, 282, 292, 319, 350, 356, 466, 474, 478, 523, 524, 571, 573, 581, 639, 641, 831, 879, 925, 931, 959, 967]
i =  15 : [18, 28, 33, 180, 184, 278, 331, 332, 374, 381, 407, 414, 451, 497, 505, 512, 535, 554, 586, 611, 678, 690, 699, 734, 736, 743, 750, 807, 839, 863, 892, 910, 937, 941, 942]
i =  16 : [8, 107, 110, 122, 125, 129, 130, 158, 245, 248, 261, 344, 423, 455, 469, 501, 509, 560, 561, 630, 700, 704, 732, 757, 804, 806, 836, 856, 859]
i =  17 : [80, 145, 173, 225, 291, 299, 305, 318, 323, 367, 421, 457, 458, 503, 548, 550, 570, 595, 601, 623, 640, 714, 760, 877, 899, 909, 934, 972, 973, 974, 984]
i =  18 : [8, 51, 55, 61, 69, 135, 151, 156, 304, 309, 377, 393, 401, 405, 416, 442, 443, 482, 490, 499, 521, 528, 615, 644, 645, 661, 681, 696, 709, 735, 851, 878, 902, 914, 930]
i =  19 : [37, 73, 106, 117, 130, 144, 154, 194, 197, 206, 241, 276, 302, 311, 330, 355, 429, 476, 545, 593, 599, 604, 612, 614, 660, 741, 752, 777, 796, 805, 865, 871, 924, 940, 948, 981, 988]
i =  20 : [23, 54, 82, 83, 101, 142, 146, 153, 165, 196, 219, 251, 255, 257, 260, 267, 269, 325, 336, 363, 392, 395, 440, 441, 444, 453, 526, 551, 577, 583, 597, 608, 627, 632, 638, 657, 663, 688, 703, 820, 834, 950, 985, 990, 991, 999]
i =  21 : [34, 37, 64, 79, 89, 288, 303, 386, 427, 486, 491, 553, 565, 567, 582, 596, 606, 729, 823, 825, 900, 904, 913, 922, 955, 969, 971]
i =  22 : [41, 62, 83, 91, 101, 104, 123, 153, 162, 199, 200, 220, 231, 281, 294, 326, 375, 391, 394, 398, 479, 516, 518, 532, 556, 580, 605, 621, 705, 711, 713, 770, 783, 811, 813, 845, 868, 872, 890, 912]
i =  23 : [45, 52, 70, 75, 105, 149, 202, 214, 244, 262, 286, 308, 320, 324, 338, 358, 364, 368, 383, 384, 411, 432, 448, 483, 529, 537, 550, 588, 651, 707, 742, 761, 778, 862, 875, 915, 935, 977]
i =  24 : [63, 81, 94, 99, 109, 126, 157, 170, 185, 213, 228, 247, 270, 283, 289, 301, 312, 347, 402, 410, 540, 555, 629, 674, 694, 702, 706, 737, 739, 759, 825, 832, 841, 853, 874, 883, 893, 928, 986]
i =  25 : [45, 52, 70, 75, 105, 149, 202, 214, 244, 262, 278, 286, 308, 320, 324, 338, 358, 368, 383, 384, 411, 424, 432, 448, 483, 529, 537, 572, 588, 611, 651, 707, 742, 761, 778, 862, 875, 915, 935, 977]
i =  26 : [21, 137, 147, 161, 179, 229, 236, 274, 284, 314, 328, 334, 376, 396, 417, 445, 519, 634, 652, 653, 654, 731, 749, 753, 765, 785, 799, 812, 814, 835, 843, 857, 939, 968, 982]
i =  27 : [15, 44, 50, 86, 98, 175, 226, 238, 240, 243, 260, 293, 296, 312, 342, 348, 373, 428, 433, 473, 487, 506, 515, 568, 607, 609, 626, 656, 662, 677, 716, 767, 776, 789, 802, 837, 861, 876, 889, 897, 952, 989]
i =  28 : [8, 24, 51, 55, 61, 69, 134, 135, 151, 156, 205, 304, 309, 377, 401, 405, 416, 442, 443, 482, 490, 499, 521, 528, 615, 644, 645, 661, 681, 691, 696, 709, 735, 851, 878, 902, 914, 930]
i =  29 : [21, 147, 161, 179, 207, 229, 236, 274, 284, 314, 328, 334, 376, 396, 417, 445, 519, 634, 652, 653, 654, 731, 749, 753, 765, 785, 799, 812, 814, 835, 843, 857, 939, 968, 982]
i =  30 : [2, 11, 19, 36, 60, 72, 77, 85, 90, 107, 110, 125, 129, 130, 159, 167, 174, 212, 222, 224, 263, 264, 297, 298, 307, 310, 317, 354, 366, 403, 409, 446, 449, 455, 495, 507, 517, 559, 563, 587, 591, 613, 625, 633, 668, 689, 720, 721, 803, 810, 821, 850, 858, 864, 870, 885, 918, 919, 936, 949]
i =  31 : [20, 26, 71, 148, 163, 187, 223, 230, 287, 300, 431, 508, 511, 530, 549, 579, 628, 686, 724, 754, 787, 808, 896]
i =  32 : [3, 8, 51, 55, 61, 69, 135, 151, 156, 304, 309, 377, 401, 405, 416, 442, 443, 482, 490, 499, 521, 527, 528, 615, 644, 645, 661, 681, 696, 709, 735, 851, 878, 894, 902, 914, 930]
i =  33 : [45, 52, 70, 75, 105, 149, 169, 202, 214, 244, 262, 286, 308, 320, 324, 338, 358, 360, 368, 383, 384, 385, 411, 432, 448, 483, 529, 537, 572, 588, 651, 707, 742, 761, 778, 862, 875, 915, 935, 977]
i =  34 : [34, 39, 40, 47, 97, 160, 177, 178, 215, 246, 250, 285, 315, 371, 420, 450, 460, 471, 510, 533, 536, 539, 541, 542, 578, 647, 670, 692, 698, 727, 728, 774, 801, 817, 830, 838, 844, 866, 884, 905, 944]
i =  35 : [20, 26, 71, 148, 149, 163, 187, 209, 223, 230, 287, 300, 431, 508, 511, 530, 549, 579, 628, 686, 754, 787, 808, 849, 896]
i =  36 : [5, 30, 87, 93, 96, 108, 116, 119, 127, 143, 168, 183, 280, 282, 292, 319, 350, 356, 438, 466, 474, 478, 523, 524, 571, 573, 581, 639, 641, 831, 879, 925, 931, 959, 967]
i =  37 : [2, 23, 76, 134, 181, 193, 203, 217, 239, 254, 272, 370, 412, 415, 422, 437, 480, 485, 513, 514, 531, 564, 569, 600, 636, 664, 687, 708, 715, 725, 730, 733, 748, 766, 840, 873, 888, 908, 957, 960, 963]
i =  38 : [11, 12, 19, 36, 60, 66, 72, 77, 90, 107, 110, 125, 129, 159, 167, 174, 180, 212, 222, 224, 263, 264, 290, 297, 298, 307, 310, 317, 354, 366, 387, 403, 409, 446, 449, 451, 455, 495, 507, 517, 563, 587, 591, 613, 625, 633, 668, 689, 713, 720, 721, 726, 803, 810, 821, 850, 858, 864, 870, 885, 918, 919, 936, 949]
i =  39 : [2, 23, 35, 76, 86, 134, 181, 203, 217, 239, 254, 272, 370, 412, 415, 422, 437, 480, 485, 513, 531, 538, 564, 569, 600, 636, 664, 687, 708, 715, 725, 730, 733, 748, 766, 840, 873, 888, 908, 957, 960, 963]
i =  40 : [59, 67, 76, 119, 120, 139, 140, 171, 188, 198, 275, 339, 360, 364, 385, 438, 463, 489, 544, 683, 740, 764, 771, 773, 782, 800, 907, 929, 943, 964, 978]
i =  41 : [13, 14, 43, 49, 85, 102, 114, 176, 190, 201, 337, 362, 382, 389, 404, 419, 465, 493, 496, 546, 592, 619, 620, 624, 659, 666, 675, 756, 768, 795, 815, 848, 920, 927, 945, 947, 980, 993]
i =  42 : [20, 26, 59, 71, 148, 163, 187, 223, 230, 287, 300, 431, 508, 511, 530, 549, 579, 628, 686, 754, 787, 808, 896]
i =  43 : [59, 67, 78, 119, 120, 139, 140, 141, 171, 188, 198, 275, 339, 360, 364, 385, 438, 463, 489, 544, 683, 740, 764, 771, 773, 782, 800, 907, 929, 943, 964, 978]
i =  44 : [2, 23, 76, 134, 181, 203, 217, 239, 254, 272, 370, 412, 415, 422, 437, 480, 485, 513, 531, 564, 569, 600, 636, 664, 687, 708, 715, 725, 730, 733, 748, 766, 840, 873, 888, 908, 916, 957, 960, 963]
i =  45 : [3, 42, 53, 56, 78, 84, 136, 138, 141, 218, 221, 234, 252, 258, 313, 346, 352, 378, 393, 426, 461, 481, 488, 500, 527, 534, 575, 576, 598, 669, 695, 762, 798, 827, 846, 852, 903, 923, 938, 951, 962, 975]
i =  46 : [45, 52, 70, 75, 105, 149, 158, 169, 202, 214, 244, 262, 286, 308, 320, 324, 338, 358, 360, 368, 383, 384, 411, 432, 448, 483, 529, 537, 572, 588, 651, 707, 742, 761, 778, 862, 875, 915, 935, 977]
i =  47 : [34, 39, 40, 47, 97, 100, 160, 177, 178, 215, 246, 250, 285, 315, 371, 420, 450, 460, 471, 498, 510, 533, 536, 539, 541, 578, 647, 670, 692, 698, 727, 728, 774, 801, 817, 830, 838, 844, 866, 884, 905, 944]
i =  48 : [5, 30, 46, 87, 88, 96, 108, 116, 127, 143, 164, 168, 183, 245, 280, 282, 292, 319, 350, 356, 466, 474, 478, 523, 524, 571, 573, 581, 639, 641, 693, 831, 879, 925, 931, 959, 967]
i =  49 : [41, 83, 91, 93, 101, 104, 153, 162, 173, 199, 200, 220, 231, 281, 294, 326, 329, 337, 375, 381, 382, 391, 394, 398, 479, 516, 518, 520, 532, 556, 580, 605, 621, 705, 711, 713, 770, 783, 811, 813, 845, 868, 872, 890, 912]
i =  50 : [41, 42, 43, 83, 91, 101, 104, 137, 153, 162, 199, 200, 220, 231, 281, 294, 326, 375, 391, 394, 398, 445, 479, 516, 518, 532, 556, 580, 605, 621, 705, 711, 713, 770, 783, 811, 813, 845, 868, 872, 890, 912, 970]
i =  51 : [54, 82, 142, 146, 165, 196, 219, 251, 255, 257, 267, 269, 325, 336, 363, 392, 395, 440, 441, 444, 453, 526, 551, 577, 583, 597, 608, 627, 632, 638, 657, 663, 688, 703, 820, 834, 911, 950, 985, 990, 999]
i =  52 : [54, 71, 82, 142, 146, 165, 196, 219, 232, 251, 255, 257, 267, 269, 325, 336, 363, 392, 395, 435, 440, 441, 444, 453, 513, 526, 551, 577, 583, 597, 608, 627, 632, 638, 657, 663, 688, 703, 820, 834, 950, 985, 990, 999]
i =  53 : [2, 73, 85, 106, 117, 130, 144, 154, 189, 194, 197, 206, 239, 241, 276, 302, 311, 330, 355, 429, 476, 545, 593, 599, 604, 612, 614, 660, 741, 752, 777, 796, 805, 865, 871, 881, 924, 940, 948, 981, 988]
i =  54 : [8, 11, 19, 36, 51, 53, 60, 61, 72, 77, 90, 107, 110, 125, 129, 135, 159, 167, 174, 212, 222, 224, 263, 264, 297, 298, 307, 310, 317, 354, 366, 387, 403, 409, 446, 449, 455, 495, 507, 517, 563, 587, 591, 613, 625, 633, 668, 689, 720, 721, 803, 810, 821, 850, 858, 864, 870, 885, 918, 919, 936, 949, 1000]
i =  55 : [1, 10, 22, 32, 48, 74, 96, 103, 128, 152, 242, 249, 253, 277, 397, 399, 406, 462, 464, 477, 492, 543, 585, 590, 618, 631, 671, 673, 758, 819, 829, 833, 895, 946, 958, 987, 992, 996]
i =  56 : [6, 7, 40, 112, 113, 115, 120, 122, 154, 189, 196, 211, 213, 227, 268, 306, 311, 321, 322, 343, 353, 372, 430, 467, 475, 494, 602, 603, 637, 650, 665, 680, 682, 685, 723, 744, 755, 794, 886, 891, 966, 979, 994]
i =  57 : [41, 83, 91, 101, 104, 153, 199, 200, 220, 231, 233, 281, 294, 326, 375, 391, 394, 398, 479, 518, 532, 580, 605, 621, 705, 711, 713, 770, 783, 811, 813, 845, 868, 872, 890, 912]
i =  58 : [1, 2, 22, 32, 48, 74, 85, 96, 103, 128, 152, 166, 181, 215, 242, 249, 253, 266, 277, 397, 399, 406, 462, 464, 477, 492, 543, 585, 590, 618, 631, 671, 673, 758, 829, 833, 895, 946, 958, 987, 992, 996, 997]
i =  59 : [11, 19, 36, 60, 72, 77, 90, 107, 110, 125, 129, 159, 167, 174, 212, 216, 222, 224, 263, 264, 297, 298, 307, 310, 317, 354, 366, 387, 403, 409, 446, 449, 455, 495, 507, 517, 563, 587, 591, 625, 633, 668, 689, 720, 721, 803, 810, 821, 850, 858, 864, 870, 885, 918, 919, 936, 949]
i =  60 : [11, 19, 36, 53, 60, 72, 77, 90, 99, 107, 110, 125, 129, 138, 159, 167, 174, 212, 222, 224, 251, 263, 264, 290, 297, 298, 307, 310, 317, 354, 366, 387, 403, 409, 446, 449, 455, 495, 507, 517, 563, 566, 587, 591, 613, 625, 633, 668, 689, 720, 721, 803, 810, 821, 850, 858, 864, 870, 885, 918, 919, 936, 949, 953]
i =  61 : [3, 42, 53, 56, 84, 136, 141, 218, 234, 252, 258, 313, 346, 352, 378, 426, 461, 481, 488, 500, 527, 534, 575, 576, 598, 669, 695, 710, 762, 798, 827, 846, 852, 903, 923, 938, 951, 962, 975]
i =  62 : [1, 22, 32, 48, 74, 128, 152, 242, 249, 253, 277, 279, 397, 399, 406, 462, 464, 477, 492, 543, 585, 590, 618, 631, 671, 673, 758, 829, 833, 895, 946, 958, 987, 992, 996]
i =  63 : [1, 22, 32, 48, 74, 128, 142, 152, 242, 249, 253, 277, 397, 399, 406, 462, 464, 477, 492, 543, 585, 590, 618, 631, 671, 673, 758, 788, 829, 833, 895, 946, 958, 987, 992, 996]
i =  64 : [15, 44, 67, 86, 98, 139, 175, 226, 238, 240, 243, 260, 293, 296, 342, 348, 373, 428, 433, 487, 506, 515, 568, 607, 609, 626, 656, 662, 677, 716, 767, 775, 776, 789, 802, 837, 861, 876, 889, 897, 952, 989]
i =  65 : [18, 40, 45, 52, 70, 75, 105, 137, 149, 202, 214, 244, 262, 286, 308, 320, 324, 338, 358, 368, 383, 384, 411, 432, 448, 483, 529, 537, 588, 642, 651, 707, 742, 761, 778, 862, 875, 915, 935, 977]
i =  66 : [8, 42, 43, 45, 52, 70, 75, 105, 149, 202, 214, 244, 262, 286, 308, 320, 324, 338, 358, 368, 383, 384, 401, 411, 432, 448, 483, 529, 537, 588, 651, 707, 735, 742, 761, 778, 862, 875, 915, 935, 977, 983]
i =  67 : [17, 27, 65, 132, 164, 178, 186, 208, 232, 295, 333, 345, 359, 380, 408, 413, 454, 498, 525, 562, 648, 672, 676, 717, 719, 769, 772, 792, 822, 828, 882, 933]
i =  68 : [6, 13, 14, 43, 49, 77, 85, 90, 102, 114, 176, 190, 201, 337, 362, 382, 389, 404, 419, 465, 493, 496, 546, 592, 619, 624, 659, 666, 675, 756, 768, 795, 815, 848, 854, 920, 927, 945, 947, 980, 993]
i =  69 : [5, 30, 87, 96, 108, 116, 127, 143, 168, 183, 237, 265, 280, 282, 292, 319, 350, 356, 466, 474, 478, 523, 524, 571, 573, 581, 639, 641, 831, 879, 925, 931, 959, 967]
i =  70 : [8, 48, 51, 55, 61, 69, 109, 135, 151, 156, 304, 309, 335, 377, 401, 405, 416, 442, 443, 482, 490, 499, 521, 528, 615, 644, 645, 661, 681, 696, 709, 735, 851, 878, 902, 914, 930, 956]
i =  71 : [11, 19, 36, 60, 72, 77, 90, 107, 110, 112, 125, 129, 130, 159, 167, 174, 212, 222, 224, 263, 264, 297, 298, 307, 310, 317, 354, 366, 403, 409, 446, 449, 455, 495, 507, 517, 563, 587, 591, 613, 625, 633, 668, 689, 720, 721, 779, 803, 810, 821, 850, 858, 864, 870, 885, 918, 919, 936, 949]
i =  72 : [20, 26, 71, 148, 163, 187, 223, 230, 287, 300, 431, 508, 511, 530, 549, 579, 628, 649, 686, 754, 787, 808, 896]
i =  73 : [34, 39, 40, 47, 97, 160, 215, 246, 250, 285, 315, 371, 420, 450, 460, 471, 510, 533, 536, 539, 541, 578, 647, 655, 670, 692, 698, 727, 728, 774, 801, 817, 830, 838, 844, 866, 884, 905, 944]
i =  74 : [13, 14, 43, 49, 85, 102, 105, 114, 176, 190, 201, 337, 362, 382, 389, 404, 419, 465, 493, 496, 546, 592, 610, 619, 624, 659, 666, 675, 756, 768, 795, 815, 848, 920, 927, 945, 947, 980, 993]
overlapping nodes are:  [1, 2, 3, 5, 6, 8, 10, 11, 13, 14, 15, 18, 19, 20, 21, 22, 23, 24, 25, 26, 30, 32, 34, 35, 36, 37, 39, 40, 41, 42, 43, 44, 45, 46, 47, 48, 49, 51, 52, 53, 54, 55, 56, 59, 60, 61, 63, 67, 69, 70, 71, 72, 73, 74, 75, 76, 77, 78, 82, 83, 84, 85, 86, 87, 88, 90, 91, 93, 96, 97, 98, 99, 101, 102, 103, 104, 105, 106, 107, 108, 109, 110, 112, 114, 116, 117, 119, 120, 122, 125, 127, 128, 129, 130, 134, 135, 136, 137, 138, 139, 140, 141, 142, 143, 144, 146, 147, 148, 149, 151, 152, 153, 154, 156, 158, 159, 160, 161, 162, 163, 164, 165, 167, 168, 169, 171, 173, 174, 175, 176, 177, 178, 179, 180, 181, 183, 187, 188, 189, 190, 193, 194, 196, 197, 198, 199, 200, 201, 202, 203, 206, 212, 213, 214, 215, 217, 218, 219, 220, 221, 222, 223, 224, 226, 229, 230, 231, 232, 234, 236, 238, 239, 240, 241, 242, 243, 244, 245, 246, 249, 250, 251, 252, 253, 254, 255, 257, 258, 260, 262, 263, 264, 265, 267, 269, 272, 274, 275, 276, 277, 278, 280, 281, 282, 284, 285, 286, 287, 290, 291, 292, 293, 294, 295, 296, 297, 298, 300, 302, 304, 307, 308, 309, 310, 311, 312, 313, 314, 315, 317, 319, 320, 324, 325, 326, 327, 328, 329, 330, 334, 336, 337, 338, 339, 342, 346, 348, 350, 352, 354, 355, 356, 358, 360, 362, 363, 364, 366, 368, 370, 371, 373, 375, 376, 377, 378, 381, 382, 383, 384, 385, 387, 389, 391, 392, 393, 394, 395, 396, 397, 398, 399, 401, 403, 404, 405, 406, 409, 411, 412, 415, 416, 417, 419, 420, 422, 424, 426, 428, 429, 431, 432, 433, 437, 438, 440, 441, 442, 443, 444, 445, 446, 448, 449, 450, 451, 453, 455, 460, 461, 462, 463, 464, 465, 466, 471, 474, 476, 477, 478, 479, 480, 481, 482, 483, 485, 487, 488, 489, 490, 492, 493, 495, 496, 498, 499, 500, 506, 507, 508, 510, 511, 513, 515, 516, 517, 518, 519, 521, 523, 524, 526, 527, 528, 529, 530, 531, 532, 533, 534, 536, 537, 539, 541, 543, 544, 545, 546, 549, 550, 551, 556, 563, 564, 568, 569, 571, 572, 573, 575, 576, 577, 578, 579, 580, 581, 583, 585, 587, 588, 590, 591, 592, 593, 597, 598, 599, 600, 604, 605, 607, 608, 609, 611, 612, 613, 614, 615, 618, 619, 621, 624, 625, 626, 627, 628, 631, 632, 633, 634, 636, 638, 639, 641, 644, 645, 647, 651, 652, 653, 654, 656, 657, 659, 660, 661, 662, 663, 664, 666, 668, 669, 670, 671, 673, 675, 677, 681, 683, 686, 687, 688, 689, 692, 695, 696, 698, 703, 705, 707, 708, 709, 711, 713, 715, 716, 720, 721, 725, 727, 728, 730, 731, 733, 735, 740, 741, 742, 748, 749, 752, 753, 754, 756, 758, 761, 762, 764, 765, 766, 767, 768, 770, 771, 773, 774, 776, 777, 778, 782, 783, 785, 787, 789, 795, 796, 798, 799, 800, 801, 802, 803, 805, 808, 810, 811, 812, 813, 814, 815, 817, 820, 821, 825, 827, 829, 830, 831, 833, 834, 835, 837, 838, 840, 843, 844, 845, 846, 848, 850, 851, 852, 857, 858, 861, 862, 864, 865, 866, 868, 870, 871, 872, 873, 875, 876, 878, 879, 884, 885, 888, 889, 890, 895, 896, 897, 902, 903, 905, 907, 908, 912, 914, 915, 918, 919, 920, 923, 924, 925, 927, 929, 930, 931, 935, 936, 938, 939, 940, 943, 944, 945, 946, 947, 948, 949, 950, 951, 952, 957, 958, 959, 960, 962, 963, 964, 967, 968, 975, 977, 978, 980, 981, 982, 985, 987, 988, 989, 990, 992, 993, 996, 999] 
 NOO is:  633
total time is:  539.088310003
