lens of ground_truth:  34
ground_truth is: [[14, 74, 128, 136, 164, 194, 260, 281, 282, 306, 312, 373, 395, 437, 442, 468, 483, 543, 547, 569, 612, 641, 733, 772, 786, 806, 826, 841, 922, 926, 941, 954, 986], [121, 135, 210, 225, 304, 315, 318, 360, 425, 428, 474, 484, 490, 531, 590, 609, 616, 624, 658, 675, 683, 693, 745, 767, 775, 805, 826, 929, 931], [1, 68, 88, 107, 114, 122, 215, 234, 246, 261, 362, 455, 476, 511, 514, 574, 588, 627, 669, 708, 765, 776, 784, 798, 808, 978, 986], [1, 9, 30, 34, 38, 45, 99, 122, 126, 167, 175, 191, 220, 223, 226, 234, 239, 247, 275, 282, 288, 293, 297, 317, 338, 358, 360, 368, 373, 391, 431, 440, 461, 493, 498, 506, 557, 562, 578, 582, 598, 601, 633, 637, 646, 654, 662, 676, 678, 702, 723, 741, 745, 765, 770, 771, 772, 786, 788, 799, 802, 817, 819, 837, 853, 856, 865, 870, 874, 876, 885, 888, 904, 909, 914, 941, 948, 954, 964, 982, 991], [4, 60, 98, 102, 147, 217, 218, 285, 321, 326, 346, 430, 462, 516, 550, 589, 593, 599, 666, 722, 733, 744, 750, 751, 759, 803, 816, 847, 907, 908, 909, 915, 965, 974], [2, 10, 30, 40, 85, 101, 110, 155, 175, 176, 214, 245, 293, 298, 316, 322, 324, 356, 373, 407, 431, 441, 469, 490, 494, 504, 520, 521, 522, 534, 545, 546, 573, 640, 684, 707, 732, 819, 876, 948, 974, 989], [10, 12, 30, 74, 88, 92, 100, 109, 118, 153, 166, 182, 184, 193, 196, 203, 220, 293, 314, 317, 360, 405, 431, 432, 486, 490, 493, 518, 530, 532, 535, 557, 576, 633, 649, 650, 665, 670, 688, 747, 754, 795, 833, 853, 888, 915, 921, 954, 955], [32, 141, 154, 197, 204, 212, 273, 293, 341, 375, 453, 457, 497, 508, 561, 647, 691, 697, 743, 752, 756, 892, 949], [1, 21, 34, 112, 119, 126, 130, 219, 235, 302, 332, 339, 366, 379, 388, 438, 542, 553, 580, 587, 590, 606, 654, 671, 787, 789, 794, 874, 910], [2, 10, 66, 70, 85, 91, 144, 160, 198, 212, 217, 222, 227, 258, 278, 298, 320, 321, 322, 363, 418, 420, 444, 446, 450, 464, 495, 537, 542, 556, 557, 563, 595, 621, 639, 664, 719, 733, 804, 823, 835, 905, 915, 956, 968, 970, 973, 974], [37, 43, 46, 89, 120, 129, 156, 173, 189, 237, 319, 330, 333, 382, 415, 485, 597, 624, 733, 768, 827, 861, 869, 874, 882], [82, 95, 213, 236, 238, 287, 317, 353, 393, 456, 506, 528, 613, 651, 709, 763, 766, 807, 811, 968, 986], [3, 10, 17, 85, 94, 123, 209, 212, 217, 305, 322, 400, 414, 422, 463, 467, 515, 545, 563, 577, 585, 594, 646, 700, 703, 725, 809, 825, 871, 877, 893, 894, 902, 904, 939, 943, 948, 958, 974, 992], [86, 117, 124, 158, 159, 172, 279, 323, 335, 493, 541, 542, 568, 576, 608, 677, 686, 696, 741, 760, 874], [2, 6, 13, 34, 83, 85, 91, 105, 137, 169, 175, 217, 220, 234, 267, 282, 301, 321, 322, 334, 347, 372, 419, 427, 431, 434, 458, 462, 464, 490, 500, 517, 533, 548, 549, 570, 578, 585, 596, 611, 620, 656, 664, 678, 728, 739, 741, 746, 782, 786, 787, 791, 792, 805, 811, 819, 826, 832, 851, 854, 860, 870, 876, 880, 883, 892, 896, 904, 924, 927, 928, 930, 957, 968, 974, 977, 988, 994], [1, 30, 55, 70, 72, 99, 122, 126, 142, 167, 171, 188, 192, 224, 228, 275, 317, 350, 360, 367, 373, 374, 426, 435, 436, 440, 452, 454, 500, 502, 506, 529, 543, 560, 575, 578, 582, 583, 590, 601, 620, 624, 641, 646, 653, 654, 678, 700, 701, 712, 738, 739, 772, 787, 800, 844, 859, 865, 867, 870, 874, 885, 888, 889, 892, 904, 911, 914, 933, 940, 941, 949, 954, 991, 995], [22, 30, 35, 58, 73, 96, 99, 106, 115, 122, 126, 133, 134, 147, 167, 175, 191, 212, 229, 270, 275, 282, 283, 284, 293, 300, 309, 317, 354, 371, 374, 380, 413, 431, 440, 445, 447, 462, 463, 464, 479, 505, 506, 543, 545, 557, 564, 566, 570, 572, 576, 578, 581, 582, 584, 600, 601, 603, 620, 633, 635, 654, 664, 668, 676, 678, 689, 700, 739, 741, 745, 753, 765, 772, 780, 786, 796, 860, 870, 876, 885, 888, 891, 892, 904, 914, 915, 934, 941, 948, 969, 971, 976, 981, 987, 994, 996, 999], [1, 2, 10, 34, 70, 85, 87, 90, 91, 97, 99, 122, 125, 126, 147, 148, 162, 167, 179, 190, 191, 195, 202, 212, 216, 217, 230, 234, 271, 275, 282, 295, 298, 321, 322, 385, 401, 462, 463, 466, 500, 506, 543, 552, 557, 563, 578, 585, 601, 618, 620, 633, 636, 654, 664, 676, 678, 700, 704, 730, 733, 739, 741, 745, 764, 765, 772, 778, 779, 786, 787, 797, 800, 805, 811, 819, 826, 860, 865, 870, 874, 875, 876, 878, 890, 892, 898, 899, 904, 909, 914, 915, 920, 941, 991], [2, 30, 39, 70, 75, 91, 175, 212, 263, 272, 293, 298, 313, 317, 321, 357, 373, 378, 408, 431, 490, 499, 545, 558, 563, 619, 648, 667, 672, 712, 740, 828, 836, 843, 850, 885, 895, 916, 942, 948, 963, 968, 972, 983, 984, 990], [8, 16, 29, 59, 61, 62, 70, 147, 149, 181, 185, 268, 277, 343, 348, 349, 431, 451, 459, 509, 542, 565, 590, 676, 712, 745, 755, 777, 886, 912], [1, 2, 7, 10, 20, 34, 52, 85, 91, 138, 147, 167, 212, 217, 220, 234, 240, 265, 298, 299, 303, 311, 321, 322, 411, 448, 463, 464, 480, 481, 496, 506, 536, 545, 563, 570, 576, 585, 642, 654, 655, 664, 679, 733, 769, 785, 787, 790, 805, 811, 812, 819, 821, 852, 860, 914, 915, 948, 968, 974, 986, 991, 994, 1000], [93, 111, 168, 177, 201, 266, 296, 307, 331, 340, 386, 392, 412, 464, 482, 500, 586, 634, 716, 717, 757, 826, 831, 846, 860, 866], [1, 19, 23, 34, 41, 48, 70, 74, 88, 91, 99, 126, 167, 191, 234, 243, 252, 269, 275, 280, 282, 360, 374, 383, 398, 423, 440, 462, 473, 491, 493, 506, 510, 518, 526, 542, 554, 570, 576, 578, 582, 590, 601, 620, 646, 652, 676, 700, 712, 765, 772, 773, 781, 786, 787, 800, 801, 805, 811, 820, 826, 853, 865, 874, 876, 901, 904, 909, 914, 918, 944, 949, 960, 978, 979, 986, 994, 998], [140, 146, 147, 199, 207, 276, 298, 364, 369, 387, 440, 449, 525, 544, 629, 641, 645, 673, 685, 848, 862, 868, 885, 994], [33, 42, 53, 56, 74, 77, 79, 127, 206, 242, 275, 327, 329, 344, 373, 374, 377, 384, 424, 478, 570, 582, 592, 615, 622, 624, 632, 641, 643, 661, 690, 705, 729, 824, 858], [2, 15, 30, 64, 85, 99, 108, 175, 191, 220, 232, 241, 249, 255, 256, 275, 282, 289, 342, 403, 439, 462, 463, 464, 490, 493, 500, 542, 543, 545, 551, 563, 567, 571, 576, 585, 602, 605, 620, 623, 630, 633, 654, 657, 659, 664, 678, 711, 718, 733, 737, 745, 765, 787, 793, 805, 811, 830, 834, 840, 853, 860, 870, 885, 888, 892, 909, 925, 948, 959, 961, 968, 974, 978, 985, 991, 994], [10, 26, 44, 54, 63, 65, 67, 76, 81, 88, 99, 103, 126, 132, 147, 175, 191, 217, 220, 234, 251, 262, 293, 321, 322, 336, 396, 421, 462, 463, 464, 475, 492, 500, 501, 503, 538, 540, 542, 543, 545, 555, 576, 578, 585, 625, 631, 664, 678, 713, 720, 721, 724, 726, 734, 739, 741, 745, 765, 786, 811, 814, 826, 829, 855, 865, 870, 876, 887, 892, 900, 909, 915, 932, 936, 938, 946, 950, 951, 968, 991, 997], [25, 74, 84, 131, 143, 145, 165, 174, 180, 250, 291, 337, 351, 352, 370, 374, 376, 489, 512, 518, 523, 524, 563, 624, 638, 641, 694, 698, 699, 727, 739, 741, 761, 783, 800, 838, 845, 857, 865, 917, 949, 978, 980], [24, 57, 78, 88, 122, 139, 150, 167, 186, 191, 220, 257, 259, 264, 298, 317, 360, 373, 390, 397, 440, 470, 471, 493, 518, 557, 570, 582, 590, 601, 607, 633, 676, 682, 700, 710, 712, 731, 772, 800, 810, 813, 815, 819, 853, 885, 906, 909, 919, 923, 941, 949, 953, 954, 967, 975, 978, 986, 993], [36, 50, 71, 80, 91, 113, 187, 200, 274, 325, 355, 361, 402, 429, 559, 663, 695, 742, 748, 888, 991], [5, 18, 34, 51, 70, 104, 116, 122, 157, 161, 178, 183, 294, 310, 345, 360, 374, 409, 440, 443, 460, 463, 465, 487, 488, 493, 500, 518, 527, 557, 579, 585, 601, 610, 620, 624, 626, 633, 641, 646, 676, 687, 700, 712, 735, 739, 749, 800, 818, 819, 842, 853, 860, 888, 903, 914, 941, 945, 954, 966, 978], [11, 152, 163, 233, 253, 254, 290, 292, 308, 365, 381, 389, 416, 591, 614, 646, 681, 692, 736, 758, 839, 994], [27, 47, 49, 74, 88, 170, 244, 248, 328, 359, 374, 399, 406, 410, 417, 472, 477, 507, 518, 519, 543, 570, 590, 604, 624, 628, 641, 644, 646, 680, 706, 712, 774, 800, 805, 822, 853, 865, 947, 949, 952, 978, 986], [28, 31, 69, 74, 88, 151, 205, 208, 211, 221, 231, 286, 394, 404, 433, 490, 513, 518, 539, 582, 617, 660, 674, 714, 715, 762, 849, 863, 864, 872, 873, 879, 881, 884, 897, 913, 935, 937, 949, 954, 962]]
print random_nodes: [[25], [914], [513], [435], [745], [221], [28], [66], [955], [695], [561], [503], [391], [128], [723], [770], [693], [977], [415], [961], [514], [284], [105], [882], [374], [493], [272], [49], [53], [865], [506], [699]]
args__________ ([[25]],)
args__________ ([[914]],)
args__________ ([[513]],)
args__________ ([[435]],)
args__________ ([[745]],)
args__________ ([[221]],)
args__________ ([[28]],)
args__________ ([[66]],)
args__________ ([[955]],)
args__________ ([[695]],)
args__________ ([[561]],)
args__________ ([[503]],)
args__________ ([[391]],)
args__________ ([[128]],)
args__________ ([[723]],)
args__________ ([[770]],)
args__________ ([[693]],)
args__________ ([[977]],)
args__________ ([[415]],)
args__________ ([[961]],)
args__________ ([[514]],)
args__________ ([[284]],)
args__________ ([[105]],)
args__________ ([[882]],)
args__________ ([[374]],)
args__________ ([[493]],)
args__________ ([[272]],)
args__________ ([[49]],)
args__________ ([[53]],)
args__________ ([[865]],)
args__________ ([[506]],)
args__________ ([[699]],)
finish process_num processes get single node nature community___________________
length of left_nodes_list__________:  475
print random_nodes: [[916], [645], [93], [258], [373], [599], [122], [544], [445], [629], [449], [251], [631], [516], [212], [379], [903], [995], [540], [525], [815], [175], [702], [804], [378], [586], [123], [527], [703], [483], [340], [726]]
args__________ ([[916]],)
args__________ ([[645]],)
args__________ ([[93]],)
args__________ ([[258]],)
args__________ ([[373]],)
args__________ ([[599]],)
args__________ ([[122]],)
args__________ ([[544]],)
args__________ ([[445]],)
args__________ ([[629]],)
args__________ ([[449]],)
args__________ ([[251]],)
args__________ ([[631]],)
args__________ ([[516]],)
args__________ ([[212]],)
args__________ ([[379]],)
args__________ ([[903]],)
args__________ ([[995]],)
args__________ ([[540]],)
args__________ ([[525]],)
args__________ ([[815]],)
args__________ ([[175]],)
args__________ ([[702]],)
args__________ ([[804]],)
args__________ ([[378]],)
args__________ ([[586]],)
args__________ ([[123]],)
args__________ ([[527]],)
args__________ ([[703]],)
args__________ ([[483]],)
args__________ ([[340]],)
args__________ ([[726]],)
finish process_num processes get single node nature community___________________
length of left_nodes_list__________:  208
print random_nodes: [[106], [974], [954], [853], [739], [607], [624], [515], [413], [380], [986], [682], [892], [264], [915], [993], [813], [601], [390], [668], [948], [786], [300], [186], [885], [967], [528], [505], [518], [48], [987], [543]]
args__________ ([[106]],)
args__________ ([[974]],)
args__________ ([[954]],)
args__________ ([[853]],)
args__________ ([[739]],)
args__________ ([[607]],)
args__________ ([[624]],)
args__________ ([[515]],)
args__________ ([[413]],)
args__________ ([[380]],)
args__________ ([[986]],)
args__________ ([[682]],)
args__________ ([[892]],)
args__________ ([[264]],)
args__________ ([[915]],)
args__________ ([[993]],)
args__________ ([[813]],)
args__________ ([[601]],)
args__________ ([[390]],)
args__________ ([[668]],)
args__________ ([[948]],)
args__________ ([[786]],)
args__________ ([[300]],)
args__________ ([[186]],)
args__________ ([[885]],)
args__________ ([[967]],)
args__________ ([[528]],)
args__________ ([[505]],)
args__________ ([[518]],)
args__________ ([[48]],)
args__________ ([[987]],)
args__________ ([[543]],)
finish process_num processes get single node nature community___________________
length of left_nodes_list__________:  108
print random_nodes: [[321], [825], [809], [317], [577], [209], [85], [298], [676], [243], [167], [633], [545], [904], [870], [641], [991], [664], [652], [383], [700], [422], [773], [305], [191], [772], [620], [998], [126], [801], [893], [901]]
args__________ ([[321]],)
args__________ ([[825]],)
args__________ ([[809]],)
args__________ ([[317]],)
args__________ ([[577]],)
args__________ ([[209]],)
args__________ ([[85]],)
args__________ ([[298]],)
args__________ ([[676]],)
args__________ ([[243]],)
args__________ ([[167]],)
args__________ ([[633]],)
args__________ ([[545]],)
args__________ ([[904]],)
args__________ ([[870]],)
args__________ ([[641]],)
args__________ ([[991]],)
args__________ ([[664]],)
args__________ ([[652]],)
args__________ ([[383]],)
args__________ ([[700]],)
args__________ ([[422]],)
args__________ ([[773]],)
args__________ ([[305]],)
args__________ ([[191]],)
args__________ ([[772]],)
args__________ ([[620]],)
args__________ ([[998]],)
args__________ ([[126]],)
args__________ ([[801]],)
args__________ ([[893]],)
args__________ ([[901]],)
finish process_num processes get single node nature community___________________
length of left_nodes_list__________:  44
print random_nodes: [[360], [888], [88], [994], [563], [570], [811], [440], [322], [968], [712], [578], [463], [678], [826], [646], [860], [542], [909], [874], [585], [576], [431], [192], [819], [949], [741], [800], [876], [490], [282], [582]]
args__________ ([[360]],)
args__________ ([[888]],)
args__________ ([[88]],)
args__________ ([[994]],)
args__________ ([[563]],)
args__________ ([[570]],)
args__________ ([[811]],)
args__________ ([[440]],)
args__________ ([[322]],)
args__________ ([[968]],)
args__________ ([[712]],)
args__________ ([[578]],)
args__________ ([[463]],)
args__________ ([[678]],)
args__________ ([[826]],)
args__________ ([[646]],)
args__________ ([[860]],)
args__________ ([[542]],)
args__________ ([[909]],)
args__________ ([[874]],)
args__________ ([[585]],)
args__________ ([[576]],)
args__________ ([[431]],)
args__________ ([[192]],)
args__________ ([[819]],)
args__________ ([[949]],)
args__________ ([[741]],)
args__________ ([[800]],)
args__________ ([[876]],)
args__________ ([[490]],)
args__________ ([[282]],)
args__________ ([[582]],)
finish process_num processes get single node nature community___________________
length of left_nodes_list__________:  12
print random_nodes: [[234], [978], [941], [462], [217], [805], [733], [590], [464], [765], [654], [787]]
args__________ ([[234]],)
args__________ ([[978]],)
args__________ ([[941]],)
args__________ ([[462]],)
args__________ ([[217]],)
args__________ ([[805]],)
args__________ ([[733]],)
args__________ ([[590]],)
args__________ ([[464]],)
args__________ ([[765]],)
args__________ ([[654]],)
args__________ ([[787]],)
finish process_num processes get single node nature community___________________
length of left_nodes_list__________:  0
commplete get_all_nature_community, length:  172
after deal_communities, length:______________ 130
fits_dic 130
above ave fitness communities 78 [0.3712871287128713, 0.3787561146051712, 0.31057268722466963, 0.3628601921024546, 0.35294117647058826, 0.40584415584415584, 0.3381974248927039, 0.41362530413625304, 0.38205980066445183, 0.3027624309392265, 0.2889165628891656, 0.4076923076923077, 0.380327868852459, 0.3752577319587629, 0.3695431472081218, 0.33861386138613864, 0.3638525564803805, 0.3344262295081967, 0.3748712667353244, 0.42829827915869984, 0.2744479495268139, 0.3205858421480879, 0.3760330578512397, 0.27816091954022987, 0.2909698996655518, 0.275, 0.35166816952209196, 0.3339449541284404, 0.42455242966751916, 0.2850539291217257, 0.29925187032418954, 0.28313253012048195, 0.30992196209587514, 0.3241758241758242, 0.3092436974789916, 0.3725231175693527, 0.3503267973856209, 0.29510591672753833, 0.38950276243093923, 0.30009680542110356, 0.33012379642365886, 0.2773892773892774, 0.28165007112375534, 0.3103103103103103, 0.2994011976047904, 0.29102167182662536, 0.36363636363636365, 0.38810641627543035, 0.28650646950092423, 0.43672456575682383, 0.3397489539748954, 0.29535864978902954, 0.30012610340479196, 0.30954994511525796, 0.35384615384615387, 0.36443148688046645, 0.2950391644908616, 0.3981042654028436, 0.28967254408060455, 0.3556280587275693, 0.35398230088495575, 0.31061259706643657, 0.2786287381473377, 0.3031578947368421, 0.3152542372881356, 0.38197424892703863, 0.36106750392464676, 0.3352601156069364, 0.3941798941798942, 0.3541666666666667, 0.3177570093457944, 0.2826969943135662, 0.28243398392652125, 0.28607918263090676, 0.42829827915869984, 0.34355828220858897, 0.3104325699745547, 0.4020979020979021]
----------------------------------The detection result is: 

all communities: 
i =  1 : [33, 42, 53, 56, 77, 79, 127, 206, 242, 286, 327, 329, 344, 377, 384, 424, 478, 513, 592, 615, 622, 632, 643, 661, 690, 705, 729, 824, 858]
i =  2 : [28, 31, 69, 151, 205, 208, 211, 221, 231, 286, 394, 404, 433, 513, 539, 557, 617, 660, 674, 714, 715, 762, 849, 863, 864, 872, 873, 879, 881, 884, 897, 913, 935, 937, 962]
i =  3 : [27, 47, 49, 66, 135, 170, 244, 248, 328, 359, 399, 406, 410, 417, 472, 477, 507, 519, 604, 628, 644, 680, 706, 774, 822, 947, 952]
i =  4 : [10, 12, 92, 100, 109, 118, 153, 166, 182, 184, 193, 196, 203, 314, 405, 432, 486, 530, 532, 535, 649, 650, 665, 670, 688, 747, 754, 795, 833, 921, 955]
i =  5 : [11, 65, 73, 152, 163, 233, 253, 254, 290, 292, 308, 365, 381, 389, 416, 503, 591, 614, 681, 692, 736, 758, 839]
i =  6 : [37, 43, 46, 89, 120, 128, 129, 156, 164, 173, 189, 237, 319, 330, 333, 382, 415, 485, 597, 768, 827, 861, 869, 882]
i =  7 : [13, 25, 84, 105, 131, 143, 145, 165, 174, 180, 250, 291, 337, 351, 352, 370, 374, 376, 489, 512, 523, 524, 638, 694, 698, 699, 727, 761, 783, 838, 845, 857, 917, 980]
i =  8 : [52, 86, 117, 124, 158, 159, 172, 279, 323, 335, 493, 541, 568, 608, 677, 686, 696, 760]
i =  9 : [8, 16, 29, 59, 61, 62, 149, 181, 185, 268, 272, 277, 343, 348, 349, 451, 459, 509, 565, 755, 777, 886, 912]
i =  10 : [40, 101, 110, 155, 176, 214, 245, 316, 324, 356, 407, 441, 469, 494, 504, 520, 521, 522, 534, 546, 573, 640, 684, 707, 732, 865, 989]
i =  11 : [2, 12, 39, 75, 122, 143, 177, 258, 263, 272, 313, 357, 378, 408, 499, 558, 619, 648, 667, 672, 740, 828, 836, 843, 850, 895, 916, 942, 963, 972, 983, 984, 990]
i =  12 : [25, 140, 146, 199, 207, 276, 364, 369, 387, 449, 525, 544, 629, 645, 673, 685, 848, 862, 868]
i =  13 : [8, 16, 29, 59, 61, 62, 93, 149, 181, 185, 268, 277, 343, 348, 349, 412, 451, 459, 509, 565, 755, 777, 886, 912]
i =  14 : [36, 37, 50, 69, 71, 80, 113, 187, 200, 274, 325, 355, 361, 373, 402, 429, 559, 663, 695, 742, 748]
i =  15 : [4, 57, 60, 78, 98, 102, 218, 285, 326, 346, 430, 516, 550, 589, 593, 599, 666, 722, 744, 750, 751, 759, 803, 816, 847, 907, 908, 965]
i =  16 : [12, 92, 100, 109, 118, 153, 166, 182, 184, 193, 196, 203, 314, 405, 432, 486, 530, 532, 535, 544, 649, 650, 665, 670, 688, 747, 754, 795, 833, 921, 955]
i =  17 : [33, 42, 53, 56, 67, 73, 77, 79, 115, 127, 206, 242, 327, 329, 344, 377, 384, 424, 445, 478, 592, 615, 622, 632, 643, 661, 690, 705, 729, 824, 858]
i =  18 : [25, 33, 42, 53, 56, 67, 73, 77, 79, 115, 127, 206, 242, 327, 329, 344, 377, 384, 424, 478, 592, 615, 622, 631, 632, 643, 661, 690, 705, 729, 824, 858]
i =  19 : [4, 60, 98, 102, 218, 252, 285, 326, 346, 430, 516, 550, 589, 593, 599, 666, 722, 744, 750, 751, 759, 803, 816, 847, 907, 908, 965]
i =  20 : [11, 152, 163, 212, 233, 253, 254, 290, 292, 308, 365, 381, 389, 416, 591, 614, 681, 692, 736, 758, 839]
i =  21 : [55, 72, 142, 171, 188, 224, 228, 350, 367, 426, 435, 436, 452, 454, 502, 529, 560, 575, 583, 653, 701, 738, 844, 859, 867, 889, 911, 933, 940, 995]
i =  22 : [25, 84, 131, 143, 145, 150, 165, 174, 180, 250, 291, 337, 351, 352, 370, 376, 489, 512, 523, 524, 638, 694, 698, 699, 727, 761, 783, 815, 838, 845, 857, 917, 980]
i =  23 : [7, 20, 36, 50, 71, 80, 113, 123, 187, 200, 274, 325, 355, 361, 402, 429, 559, 663, 695, 742, 748]
i =  24 : [8, 16, 29, 59, 61, 62, 64, 104, 112, 127, 130, 149, 181, 185, 268, 277, 343, 348, 349, 451, 459, 509, 565, 703, 755, 777, 886, 912]
i =  25 : [19, 86, 117, 123, 124, 158, 159, 172, 204, 279, 323, 335, 541, 568, 608, 677, 686, 696, 760, 853]
i =  26 : [8, 16, 29, 59, 61, 62, 64, 127, 149, 181, 185, 229, 268, 277, 284, 343, 348, 349, 390, 451, 459, 509, 565, 607, 755, 777, 886, 912]
i =  27 : [25, 84, 131, 143, 145, 165, 174, 180, 250, 291, 337, 351, 352, 370, 376, 489, 512, 515, 523, 524, 638, 694, 698, 699, 727, 761, 783, 838, 845, 857, 917, 980]
i =  28 : [36, 50, 57, 71, 78, 80, 113, 187, 200, 274, 325, 355, 361, 402, 429, 559, 663, 682, 695, 742, 748]
i =  29 : [86, 117, 124, 158, 159, 172, 264, 279, 323, 335, 541, 568, 608, 677, 686, 696, 760]
i =  30 : [1, 3, 24, 57, 78, 139, 150, 186, 257, 259, 264, 390, 397, 470, 471, 607, 682, 710, 731, 810, 813, 815, 906, 919, 923, 953, 967, 975, 993]
i =  31 : [8, 16, 29, 59, 61, 62, 96, 149, 181, 185, 220, 224, 229, 268, 277, 343, 348, 349, 451, 459, 509, 565, 668, 755, 777, 886, 912]
i =  32 : [40, 101, 110, 155, 176, 211, 214, 245, 316, 324, 356, 407, 441, 469, 494, 504, 520, 521, 522, 534, 546, 573, 640, 684, 707, 732, 948, 989]
i =  33 : [40, 87, 99, 101, 110, 155, 176, 214, 245, 300, 316, 324, 356, 407, 441, 469, 494, 504, 520, 521, 522, 534, 546, 573, 640, 684, 707, 732, 989]
i =  34 : [21, 42, 112, 119, 130, 219, 235, 302, 332, 339, 366, 379, 388, 438, 553, 580, 587, 606, 671, 789, 794, 885, 910]
i =  35 : [36, 48, 50, 69, 71, 80, 113, 187, 200, 248, 274, 325, 355, 361, 402, 429, 492, 559, 663, 695, 742, 748]
i =  36 : [121, 135, 210, 225, 304, 315, 318, 425, 428, 474, 484, 531, 543, 609, 616, 658, 675, 683, 693, 767, 775, 929, 931]
i =  37 : [93, 111, 138, 168, 177, 201, 228, 240, 266, 296, 307, 321, 331, 340, 386, 392, 412, 482, 586, 634, 716, 717, 757, 831, 846, 866]
i =  38 : [9, 25, 84, 103, 123, 131, 143, 145, 165, 174, 180, 250, 275, 291, 337, 351, 352, 370, 376, 489, 512, 523, 524, 638, 694, 698, 699, 727, 761, 783, 809, 838, 845, 857, 917, 980]
i =  39 : [121, 135, 210, 225, 304, 315, 317, 318, 425, 428, 474, 484, 531, 609, 616, 658, 675, 683, 693, 767, 775, 929, 931]
i =  40 : [5, 18, 51, 85, 104, 116, 157, 161, 178, 183, 294, 310, 345, 409, 443, 460, 465, 487, 488, 579, 610, 626, 687, 735, 749, 818, 842, 903, 945, 966]
i =  41 : [21, 112, 119, 124, 130, 186, 219, 235, 302, 332, 339, 366, 379, 388, 438, 553, 580, 587, 606, 671, 676, 789, 794, 910]
i =  42 : [68, 107, 111, 114, 175, 205, 215, 246, 261, 362, 455, 476, 511, 514, 574, 588, 627, 669, 708, 776, 784, 798, 808, 870]
i =  43 : [22, 36, 50, 71, 74, 80, 99, 113, 187, 200, 274, 325, 355, 361, 402, 429, 506, 559, 663, 695, 742, 748, 991]
i =  44 : [33, 42, 53, 56, 58, 67, 73, 77, 79, 115, 127, 206, 242, 293, 327, 329, 344, 377, 380, 383, 384, 424, 478, 592, 615, 622, 632, 643, 661, 690, 705, 729, 824, 858]
i =  45 : [25, 38, 45, 46, 84, 91, 100, 131, 143, 145, 165, 174, 180, 250, 291, 337, 351, 352, 370, 376, 422, 489, 512, 523, 524, 638, 694, 698, 699, 727, 761, 783, 838, 845, 857, 917, 980]
i =  46 : [27, 47, 48, 49, 170, 244, 248, 328, 359, 399, 406, 410, 417, 472, 477, 507, 519, 604, 628, 644, 680, 706, 773, 774, 822, 947, 952]
i =  47 : [33, 42, 53, 56, 77, 79, 127, 206, 242, 305, 320, 327, 329, 344, 377, 384, 424, 478, 592, 615, 622, 632, 643, 661, 690, 705, 729, 824, 858]
i =  48 : [37, 43, 46, 89, 120, 129, 156, 173, 189, 237, 319, 330, 333, 382, 415, 485, 597, 768, 772, 827, 861, 869, 882]
i =  49 : [5, 18, 51, 104, 116, 157, 161, 178, 183, 294, 310, 345, 409, 443, 460, 465, 487, 488, 579, 610, 620, 626, 687, 735, 749, 818, 842, 903, 945, 966]
i =  50 : [82, 95, 126, 213, 236, 238, 287, 353, 393, 456, 528, 613, 651, 709, 763, 766, 807]
i =  51 : [3, 17, 94, 123, 155, 209, 305, 400, 414, 422, 467, 515, 577, 594, 703, 725, 809, 825, 871, 877, 893, 894, 902, 939, 943, 958, 992]
i =  52 : [12, 88, 92, 100, 109, 118, 143, 153, 166, 171, 182, 184, 193, 196, 203, 210, 314, 370, 405, 432, 486, 530, 532, 535, 649, 650, 665, 670, 688, 747, 754, 795, 833, 921, 955]
i =  53 : [8, 16, 29, 59, 61, 62, 104, 149, 181, 185, 268, 277, 343, 348, 349, 451, 459, 509, 527, 565, 570, 626, 755, 777, 886, 912]
i =  54 : [27, 47, 49, 170, 244, 248, 328, 359, 399, 406, 410, 417, 472, 477, 507, 519, 604, 628, 644, 680, 706, 774, 811, 822, 947, 952]
i =  55 : [40, 101, 110, 155, 176, 214, 245, 316, 322, 324, 356, 407, 441, 469, 494, 504, 520, 521, 522, 534, 546, 573, 640, 684, 707, 732, 989]
i =  56 : [37, 43, 46, 89, 120, 129, 156, 173, 189, 237, 285, 319, 330, 333, 382, 415, 485, 597, 712, 768, 827, 861, 869, 882]
i =  57 : [14, 128, 136, 164, 194, 260, 281, 306, 312, 378, 395, 437, 442, 468, 483, 547, 569, 578, 612, 806, 841, 922, 926]
i =  58 : [83, 86, 117, 124, 158, 159, 172, 279, 323, 335, 463, 541, 568, 608, 677, 686, 696, 760]
i =  59 : [11, 35, 65, 147, 152, 163, 233, 253, 254, 290, 292, 308, 365, 381, 389, 416, 591, 614, 681, 692, 736, 758, 826, 839]
i =  60 : [32, 141, 154, 197, 204, 273, 293, 341, 375, 453, 457, 497, 508, 561, 647, 691, 697, 743, 752, 756, 909]
i =  61 : [21, 34, 112, 119, 130, 219, 235, 302, 332, 339, 366, 379, 388, 438, 553, 580, 587, 606, 671, 789, 794, 874, 910]
i =  62 : [66, 144, 160, 198, 211, 227, 258, 278, 320, 363, 418, 420, 444, 446, 450, 495, 537, 556, 585, 595, 621, 639, 719, 804, 823, 835, 905, 956, 970, 973]
i =  63 : [2, 3, 12, 66, 144, 160, 198, 222, 227, 258, 278, 320, 360, 363, 418, 420, 444, 446, 450, 495, 537, 556, 576, 595, 621, 639, 719, 804, 823, 835, 905, 956, 970, 973]
i =  64 : [22, 40, 74, 101, 106, 110, 155, 176, 214, 227, 245, 316, 324, 356, 407, 431, 441, 469, 494, 504, 520, 521, 522, 534, 546, 573, 640, 684, 707, 732, 989]
i =  65 : [26, 81, 82, 95, 213, 216, 236, 238, 287, 353, 393, 456, 528, 613, 651, 709, 763, 766, 807, 819]
i =  66 : [36, 50, 71, 80, 113, 187, 200, 274, 325, 355, 361, 402, 429, 559, 663, 695, 741, 742, 748]
i =  67 : [8, 16, 29, 59, 61, 62, 149, 181, 185, 268, 277, 343, 348, 349, 451, 459, 509, 565, 755, 777, 800, 886, 912]
i =  68 : [8, 16, 29, 34, 59, 61, 62, 149, 181, 185, 268, 277, 343, 348, 349, 451, 459, 509, 565, 755, 777, 876, 886, 912]
i =  69 : [33, 42, 53, 56, 77, 79, 127, 206, 242, 327, 329, 344, 377, 384, 424, 478, 490, 592, 615, 622, 632, 643, 661, 690, 705, 729, 824, 858]
i =  70 : [12, 92, 100, 109, 118, 153, 166, 182, 184, 193, 196, 203, 282, 314, 405, 432, 486, 530, 532, 535, 649, 650, 665, 670, 688, 747, 754, 795, 833, 921, 955]
i =  71 : [15, 17, 21, 112, 119, 130, 219, 235, 302, 332, 339, 366, 379, 388, 438, 553, 580, 582, 587, 606, 671, 789, 794, 910]
i =  72 : [12, 49, 66, 92, 100, 109, 118, 135, 153, 166, 182, 184, 193, 196, 203, 234, 314, 405, 432, 470, 486, 530, 532, 535, 649, 650, 665, 670, 688, 747, 754, 795, 833, 921, 955]
i =  73 : [38, 45, 46, 68, 107, 114, 215, 246, 261, 362, 455, 476, 511, 514, 574, 588, 627, 669, 708, 776, 784, 798, 808, 978]
i =  74 : [9, 32, 141, 154, 167, 197, 204, 208, 273, 275, 341, 375, 453, 457, 497, 508, 561, 647, 691, 697, 743, 752, 756, 941]
i =  75 : [11, 152, 163, 217, 233, 253, 254, 290, 292, 308, 365, 381, 389, 416, 591, 614, 681, 692, 736, 758, 839]
i =  76 : [86, 117, 124, 143, 158, 159, 172, 279, 323, 335, 541, 568, 608, 677, 686, 696, 760, 805]
i =  77 : [8, 16, 29, 59, 61, 62, 127, 138, 149, 181, 185, 192, 228, 268, 277, 343, 348, 349, 451, 459, 509, 565, 590, 755, 777, 886, 912]
i =  78 : [8, 16, 29, 59, 61, 62, 149, 181, 185, 268, 277, 343, 348, 349, 451, 459, 464, 509, 565, 755, 777, 886, 912]
overlapping nodes are:  [2, 3, 4, 5, 8, 9, 11, 12, 16, 17, 18, 21, 22, 25, 27, 29, 32, 33, 34, 36, 37, 38, 40, 42, 43, 45, 46, 47, 48, 49, 50, 51, 53, 56, 57, 59, 60, 61, 62, 64, 65, 66, 67, 68, 69, 71, 73, 74, 77, 78, 79, 80, 82, 84, 86, 89, 92, 93, 95, 98, 99, 100, 101, 102, 104, 107, 109, 110, 111, 112, 113, 114, 115, 116, 117, 118, 119, 120, 121, 123, 124, 127, 128, 129, 130, 131, 135, 138, 141, 143, 144, 145, 149, 150, 152, 153, 154, 155, 156, 157, 158, 159, 160, 161, 163, 164, 165, 166, 170, 171, 172, 173, 174, 176, 177, 178, 180, 181, 182, 183, 184, 185, 186, 187, 189, 193, 196, 197, 198, 200, 203, 204, 205, 206, 208, 210, 211, 213, 214, 215, 218, 219, 224, 225, 227, 228, 229, 233, 235, 236, 237, 238, 242, 244, 245, 246, 248, 250, 253, 254, 258, 261, 264, 268, 272, 273, 274, 275, 277, 278, 279, 285, 286, 287, 290, 291, 292, 293, 294, 302, 304, 305, 308, 310, 314, 315, 316, 318, 319, 320, 323, 324, 325, 326, 327, 328, 329, 330, 332, 333, 335, 337, 339, 341, 343, 344, 345, 346, 348, 349, 351, 352, 353, 355, 356, 359, 361, 362, 363, 365, 366, 370, 375, 376, 377, 378, 379, 381, 382, 384, 388, 389, 390, 393, 399, 402, 405, 406, 407, 409, 410, 412, 415, 416, 417, 418, 420, 422, 424, 425, 428, 429, 430, 432, 438, 441, 443, 444, 446, 450, 451, 453, 455, 456, 457, 459, 460, 465, 469, 470, 472, 474, 476, 477, 478, 484, 485, 486, 487, 488, 489, 494, 495, 497, 504, 507, 508, 509, 511, 512, 513, 514, 515, 516, 519, 520, 521, 522, 523, 524, 528, 530, 531, 532, 534, 535, 537, 541, 544, 546, 550, 553, 556, 559, 561, 565, 568, 573, 574, 579, 580, 587, 588, 589, 591, 592, 593, 595, 597, 599, 604, 606, 607, 608, 609, 610, 613, 614, 615, 616, 621, 622, 626, 627, 628, 632, 638, 639, 640, 643, 644, 647, 649, 650, 651, 658, 661, 663, 665, 666, 669, 670, 671, 675, 677, 680, 681, 682, 683, 684, 686, 687, 688, 690, 691, 692, 693, 694, 695, 696, 697, 698, 699, 703, 705, 706, 707, 708, 709, 719, 722, 727, 729, 732, 735, 736, 742, 743, 744, 747, 748, 749, 750, 751, 752, 754, 755, 756, 758, 759, 760, 761, 763, 766, 767, 768, 774, 775, 776, 777, 783, 784, 789, 794, 795, 798, 803, 804, 807, 808, 809, 815, 816, 818, 822, 823, 824, 827, 833, 835, 838, 839, 842, 845, 847, 857, 858, 861, 869, 882, 886, 903, 905, 907, 908, 910, 912, 917, 921, 929, 931, 945, 947, 952, 955, 956, 965, 966, 970, 973, 980, 989] 
 NOO is:  472
total time is:  358.924719095
