lens of ground_truth:  33
ground_truth is: [[10, 31, 34, 37, 40, 137, 169, 170, 190, 223, 228, 260, 263, 287, 310, 379, 403, 428, 469, 513, 523, 524, 539, 585, 602, 616, 664, 683, 691, 697, 775, 814, 824, 829, 856, 896, 908, 927, 964, 975], [7, 13, 30, 32, 41, 54, 61, 81, 85, 95, 101, 119, 120, 123, 125, 130, 133, 139, 140, 148, 181, 206, 212, 214, 227, 261, 265, 278, 285, 290, 303, 305, 316, 325, 334, 337, 344, 355, 365, 413, 415, 444, 457, 465, 466, 480, 486, 491, 496, 499, 504, 508, 514, 523, 536, 574, 595, 609, 646, 651, 664, 684, 694, 700, 708, 713, 715, 718, 722, 739, 742, 761, 762, 767, 769, 777, 791, 837, 891, 892, 898, 958, 962, 990, 999], [17, 53, 57, 75, 103, 131, 136, 203, 275, 310, 346, 360, 416, 420, 457, 460, 492, 564, 588, 601, 606, 663, 676, 684, 691, 693, 696, 744, 772, 774, 820, 892, 908, 914, 952, 988, 995, 998], [2, 30, 41, 45, 84, 130, 168, 221, 257, 290, 296, 337, 341, 483, 489, 508, 550, 552, 572, 592, 593, 631, 659, 676, 688, 692, 694, 729, 738, 813, 830, 859, 879, 881, 896, 903, 909, 919, 938, 964, 984, 993, 999], [27, 68, 73, 92, 109, 156, 188, 194, 251, 278, 330, 350, 363, 390, 421, 471, 503, 637, 671, 676, 734, 735, 771, 779, 839, 848, 911, 917], [20, 30, 43, 60, 61, 94, 125, 155, 172, 215, 259, 300, 304, 337, 347, 370, 399, 413, 429, 448, 450, 452, 457, 466, 486, 502, 521, 528, 547, 556, 656, 700, 715, 720, 754, 803, 821, 841, 897, 932, 970], [19, 119, 124, 130, 132, 182, 226, 269, 272, 287, 306, 357, 405, 418, 583, 611, 615, 650, 750, 784, 826, 844, 863, 923], [1, 24, 34, 36, 76, 95, 115, 170, 182, 207, 241, 252, 256, 274, 287, 290, 291, 360, 449, 455, 472, 475, 494, 511, 513, 520, 534, 568, 605, 608, 616, 627, 644, 664, 676, 717, 772, 783, 790, 806, 819, 822, 832, 865, 894, 918, 935, 939, 942, 946, 977, 982, 985, 990], [18, 35, 39, 147, 151, 180, 182, 186, 241, 264, 280, 287, 292, 334, 354, 359, 364, 372, 430, 435, 475, 518, 558, 584, 607, 616, 636, 661, 664, 677, 699, 796, 813, 846, 867, 896, 921, 968, 985, 989], [2, 6, 13, 17, 26, 66, 83, 95, 119, 123, 125, 181, 186, 212, 245, 265, 285, 290, 325, 326, 331, 337, 341, 356, 374, 425, 444, 457, 486, 498, 508, 512, 514, 517, 534, 536, 572, 589, 639, 646, 651, 676, 694, 711, 722, 737, 740, 747, 769, 770, 772, 780, 790, 794, 795, 813, 818, 837, 847, 860, 865, 866, 868, 896, 898, 920, 929, 964, 985], [21, 34, 91, 100, 170, 175, 195, 200, 216, 256, 310, 311, 334, 348, 360, 386, 408, 445, 454, 463, 464, 481, 537, 549, 632, 633, 687, 691, 725, 876, 908, 945, 950, 956], [13, 28, 82, 97, 101, 104, 130, 193, 205, 224, 233, 256, 287, 298, 334, 336, 341, 449, 455, 486, 494, 500, 502, 509, 534, 560, 572, 591, 612, 625, 646, 669, 679, 682, 705, 716, 719, 730, 765, 805, 849, 860, 865, 873, 887, 895, 896, 907, 908, 909, 928, 954, 964, 967, 976, 985], [4, 17, 34, 112, 125, 173, 209, 225, 236, 243, 255, 287, 310, 328, 442, 447, 474, 475, 513, 587, 597, 616, 628, 664, 667, 691, 722, 764, 778, 799, 857, 906, 908, 933, 966, 972, 985, 986], [32, 41, 71, 77, 78, 83, 93, 101, 113, 120, 123, 126, 133, 142, 143, 170, 182, 186, 187, 204, 207, 210, 238, 241, 256, 258, 278, 290, 303, 305, 310, 325, 334, 335, 344, 365, 412, 414, 449, 455, 475, 491, 494, 496, 502, 513, 532, 534, 561, 566, 572, 574, 576, 616, 647, 668, 675, 691, 723, 736, 740, 752, 770, 802, 812, 825, 858, 860, 872, 909, 923, 936, 959, 962], [13, 29, 32, 51, 101, 119, 120, 123, 129, 133, 134, 160, 170, 174, 177, 182, 186, 207, 219, 241, 256, 265, 278, 297, 299, 303, 305, 323, 325, 334, 340, 344, 355, 361, 365, 369, 373, 389, 444, 449, 455, 456, 457, 475, 477, 486, 491, 494, 496, 502, 505, 508, 516, 534, 535, 574, 580, 616, 618, 623, 646, 648, 658, 664, 686, 715, 740, 790, 813, 823, 837, 840, 854, 860, 865, 874, 877, 908, 909, 915, 923, 936, 959, 962, 971, 991], [17, 22, 30, 32, 34, 41, 52, 61, 83, 86, 95, 101, 111, 120, 125, 133, 148, 165, 181, 186, 212, 230, 265, 285, 302, 303, 305, 321, 322, 325, 333, 337, 344, 355, 358, 360, 365, 375, 413, 415, 434, 438, 444, 446, 466, 489, 491, 496, 499, 513, 514, 523, 526, 536, 540, 557, 574, 603, 630, 651, 684, 694, 700, 704, 715, 722, 745, 762, 769, 776, 835, 836, 837, 898, 913, 915, 924, 936, 957, 962, 965, 978, 981, 983, 990, 999], [2, 30, 95, 130, 212, 217, 218, 254, 284, 286, 290, 301, 307, 324, 337, 341, 366, 376, 378, 398, 401, 423, 473, 489, 508, 523, 536, 572, 578, 634, 651, 654, 676, 684, 691, 769, 813, 845, 865, 882, 884, 886, 896, 904, 963, 964, 979, 980, 990, 997, 999], [61, 105, 116, 128, 171, 222, 231, 247, 294, 352, 424, 462, 467, 493, 570, 577, 642, 645, 672, 706, 731, 732, 781, 817, 853, 855, 893], [25, 30, 34, 55, 61, 70, 87, 98, 125, 130, 148, 153, 157, 213, 337, 367, 384, 387, 396, 413, 427, 466, 482, 490, 499, 508, 531, 542, 551, 569, 624, 649, 653, 673, 700, 831, 850, 892, 899, 937, 944], [33, 80, 107, 108, 170, 198, 202, 314, 329, 343, 345, 382, 391, 475, 476, 497, 529, 635, 640, 643, 674, 691, 709, 768, 785, 787, 808, 900, 931, 943], [49, 167, 181, 186, 199, 253, 276, 315, 332, 360, 381, 422, 441, 510, 527, 565, 594, 703, 733, 741, 828, 833], [3, 8, 67, 148, 149, 163, 185, 229, 239, 246, 250, 317, 327, 338, 360, 368, 406, 407, 417, 433, 489, 515, 555, 562, 641, 695, 759, 842, 892, 949, 959], [2, 13, 17, 30, 32, 41, 61, 83, 95, 96, 101, 119, 120, 123, 133, 141, 146, 148, 181, 196, 212, 249, 265, 270, 278, 285, 303, 305, 312, 325, 339, 341, 344, 351, 355, 365, 413, 415, 426, 437, 440, 444, 457, 466, 486, 488, 489, 496, 499, 513, 514, 523, 536, 572, 574, 579, 596, 620, 646, 651, 666, 681, 684, 694, 700, 715, 722, 740, 762, 763, 769, 770, 801, 816, 827, 837, 871, 892, 898, 901, 905, 915, 936, 941, 953, 962, 973, 990, 999], [2, 13, 15, 34, 41, 46, 65, 79, 106, 119, 133, 162, 170, 181, 182, 207, 220, 256, 265, 277, 285, 287, 290, 309, 310, 349, 355, 380, 415, 432, 455, 457, 461, 475, 494, 496, 502, 513, 514, 523, 534, 544, 553, 616, 619, 646, 664, 684, 690, 715, 748, 762, 770, 772, 790, 813, 837, 838, 860, 865, 888, 908, 915, 922, 947, 959, 962, 985, 990, 992], [2, 13, 17, 32, 41, 58, 61, 63, 83, 89, 95, 101, 119, 120, 123, 125, 133, 148, 181, 207, 212, 232, 235, 237, 241, 265, 266, 278, 281, 285, 303, 305, 319, 325, 344, 355, 362, 365, 409, 413, 415, 436, 444, 449, 457, 466, 485, 486, 489, 491, 499, 507, 514, 523, 536, 538, 563, 574, 600, 622, 638, 646, 651, 660, 684, 685, 694, 700, 715, 722, 740, 753, 762, 769, 770, 772, 782, 790, 793, 813, 837, 860, 892, 898, 909, 915, 916, 923, 934, 936, 948, 959, 960, 962, 990, 994, 999], [12, 13, 64, 114, 117, 282, 439, 459, 484, 486, 496, 554, 571, 586, 652, 670, 678, 680, 724, 749, 809, 898, 964], [16, 38, 123, 158, 182, 186, 189, 207, 241, 267, 285, 290, 295, 334, 341, 360, 371, 415, 443, 449, 455, 470, 491, 494, 495, 499, 502, 534, 548, 617, 662, 664, 676, 689, 702, 707, 712, 727, 740, 743, 746, 756, 766, 772, 789, 790, 837, 860, 883, 896, 923, 959, 969, 987], [2, 11, 23, 44, 72, 74, 130, 150, 178, 208, 240, 248, 256, 271, 310, 337, 341, 388, 395, 449, 453, 455, 494, 502, 508, 525, 533, 572, 610, 626, 655, 665, 676, 772, 790, 862, 865, 875, 880, 885, 889, 890, 896, 910, 923, 940, 951, 955, 959, 964, 985, 1000], [5, 32, 34, 41, 42, 50, 83, 90, 101, 110, 118, 120, 135, 170, 182, 186, 207, 241, 256, 278, 293, 303, 305, 334, 344, 360, 365, 404, 410, 449, 451, 455, 458, 475, 491, 513, 514, 534, 536, 567, 599, 613, 616, 691, 714, 740, 757, 762, 770, 790, 797, 798, 800, 804, 807, 811, 852, 860, 865, 869, 908, 909, 912, 915, 923, 930, 936, 959], [2, 9, 17, 30, 32, 48, 61, 69, 83, 102, 119, 120, 121, 122, 123, 125, 133, 148, 152, 181, 183, 184, 197, 207, 212, 241, 244, 265, 268, 278, 283, 285, 288, 303, 305, 310, 320, 325, 341, 344, 353, 355, 365, 383, 392, 397, 413, 415, 431, 444, 466, 478, 479, 489, 491, 496, 499, 519, 522, 572, 574, 604, 646, 651, 657, 694, 700, 701, 722, 726, 740, 760, 762, 769, 770, 772, 810, 815, 834, 843, 870, 892, 898, 909, 915, 923, 925, 936, 961, 962, 985, 990, 996, 999], [14, 17, 62, 83, 88, 95, 130, 148, 161, 176, 191, 192, 211, 212, 262, 287, 289, 313, 318, 355, 377, 393, 394, 411, 413, 415, 444, 466, 468, 489, 494, 499, 508, 514, 523, 530, 536, 545, 574, 581, 614, 621, 629, 651, 684, 698, 700, 715, 722, 755, 762, 769, 770, 813, 851, 861, 864, 878, 892, 898, 902, 909, 915, 926, 936, 964, 974, 999], [47, 59, 127, 138, 145, 154, 164, 166, 179, 201, 242, 273, 308, 400, 419, 502, 541, 546, 573, 575, 590, 758], [56, 99, 144, 159, 234, 279, 342, 385, 402, 487, 501, 506, 543, 559, 582, 598, 694, 710, 721, 728, 751, 773, 786, 788, 792]]
print random_nodes: [[818], [559], [600], [195], [131], [627], [689], [214], [77], [6], [270], [733], [594], [622], [100], [322], [240], [365], [547], [702], [415], [348], [509], [335], [123], [393], [786], [20], [324], [203], [147], [719]]
args__________ ([[818]],)
args__________ ([[559]],)
args__________ ([[600]],)
args__________ ([[195]],)
args__________ ([[131]],)
args__________ ([[627]],)
args__________ ([[689]],)
args__________ ([[214]],)
args__________ ([[77]],)
args__________ ([[6]],)
args__________ ([[270]],)
args__________ ([[733]],)
args__________ ([[594]],)
args__________ ([[622]],)
args__________ ([[100]],)
args__________ ([[322]],)
args__________ ([[240]],)
args__________ ([[365]],)
args__________ ([[547]],)
args__________ ([[702]],)
args__________ ([[415]],)
args__________ ([[348]],)
args__________ ([[509]],)
args__________ ([[335]],)
args__________ ([[123]],)
args__________ ([[393]],)
args__________ ([[786]],)
args__________ ([[20]],)
args__________ ([[324]],)
args__________ ([[203]],)
args__________ ([[147]],)
args__________ ([[719]],)
finish process_num processes get single node nature community___________________
length of left_nodes_list__________:  533
print random_nodes: [[882], [294], [724], [329], [557], [328], [572], [836], [486], [798], [753], [578], [358], [484], [321], [80], [977], [255], [366], [793], [108], [740], [943], [748], [36], [935], [779], [421], [285], [846], [388], [433]]
args__________ ([[882]],)
args__________ ([[294]],)
args__________ ([[724]],)
args__________ ([[329]],)
args__________ ([[557]],)
args__________ ([[328]],)
args__________ ([[572]],)
args__________ ([[836]],)
args__________ ([[486]],)
args__________ ([[798]],)
args__________ ([[753]],)
args__________ ([[578]],)
args__________ ([[358]],)
args__________ ([[484]],)
args__________ ([[321]],)
args__________ ([[80]],)
args__________ ([[977]],)
args__________ ([[255]],)
args__________ ([[366]],)
args__________ ([[793]],)
args__________ ([[108]],)
args__________ ([[740]],)
args__________ ([[943]],)
args__________ ([[748]],)
args__________ ([[36]],)
args__________ ([[935]],)
args__________ ([[779]],)
args__________ ([[421]],)
args__________ ([[285]],)
args__________ ([[846]],)
args__________ ([[388]],)
args__________ ([[433]],)
finish process_num processes get single node nature community___________________
length of left_nodes_list__________:  241
print random_nodes: [[962], [938], [875], [492], [306], [588], [124], [690], [903], [995], [984], [337], [132], [32], [416], [169], [611], [936], [379], [133], [552], [44], [428], [310], [341], [988], [432], [898], [534], [606], [220], [539]]
args__________ ([[962]],)
args__________ ([[938]],)
args__________ ([[875]],)
args__________ ([[492]],)
args__________ ([[306]],)
args__________ ([[588]],)
args__________ ([[124]],)
args__________ ([[690]],)
args__________ ([[903]],)
args__________ ([[995]],)
args__________ ([[984]],)
args__________ ([[337]],)
args__________ ([[132]],)
args__________ ([[32]],)
args__________ ([[416]],)
args__________ ([[169]],)
args__________ ([[611]],)
args__________ ([[936]],)
args__________ ([[379]],)
args__________ ([[133]],)
args__________ ([[552]],)
args__________ ([[44]],)
args__________ ([[428]],)
args__________ ([[310]],)
args__________ ([[341]],)
args__________ ([[988]],)
args__________ ([[432]],)
args__________ ([[898]],)
args__________ ([[534]],)
args__________ ([[606]],)
args__________ ([[220]],)
args__________ ([[539]],)
finish process_num processes get single node nature community___________________
length of left_nodes_list__________:  85
print random_nodes: [[457], [502], [706], [813], [494], [762], [642], [116], [909], [646], [355], [817], [101], [489], [837], [892], [455], [241], [769], [508], [577], [212], [691], [853], [513], [186], [790], [491], [908], [770], [475], [616]]
args__________ ([[457]],)
args__________ ([[502]],)
args__________ ([[706]],)
args__________ ([[813]],)
args__________ ([[494]],)
args__________ ([[762]],)
args__________ ([[642]],)
args__________ ([[116]],)
args__________ ([[909]],)
args__________ ([[646]],)
args__________ ([[355]],)
args__________ ([[817]],)
args__________ ([[101]],)
args__________ ([[489]],)
args__________ ([[837]],)
args__________ ([[892]],)
args__________ ([[455]],)
args__________ ([[241]],)
args__________ ([[769]],)
args__________ ([[508]],)
args__________ ([[577]],)
args__________ ([[212]],)
args__________ ([[691]],)
args__________ ([[853]],)
args__________ ([[513]],)
args__________ ([[186]],)
args__________ ([[790]],)
args__________ ([[491]],)
args__________ ([[908]],)
args__________ ([[770]],)
args__________ ([[475]],)
args__________ ([[616]],)
finish process_num processes get single node nature community___________________
length of left_nodes_list__________:  35
print random_nodes: [[514], [651], [449], [413], [985], [344], [999], [574], [722], [536], [694], [860], [700], [684], [676], [923], [287], [772], [915], [523], [290], [303], [959], [990], [896], [499], [964], [444], [715], [360], [466], [865]]
args__________ ([[514]],)
args__________ ([[651]],)
args__________ ([[449]],)
args__________ ([[413]],)
args__________ ([[985]],)
args__________ ([[344]],)
args__________ ([[999]],)
args__________ ([[574]],)
args__________ ([[722]],)
args__________ ([[536]],)
args__________ ([[694]],)
args__________ ([[860]],)
args__________ ([[700]],)
args__________ ([[684]],)
args__________ ([[676]],)
args__________ ([[923]],)
args__________ ([[287]],)
args__________ ([[772]],)
args__________ ([[915]],)
args__________ ([[523]],)
args__________ ([[290]],)
args__________ ([[303]],)
args__________ ([[959]],)
args__________ ([[990]],)
args__________ ([[896]],)
args__________ ([[499]],)
args__________ ([[964]],)
args__________ ([[444]],)
args__________ ([[715]],)
args__________ ([[360]],)
args__________ ([[466]],)
args__________ ([[865]],)
finish process_num processes get single node nature community___________________
length of left_nodes_list__________:  2
print random_nodes: [[334], [664]]
args__________ ([[334]],)
args__________ ([[664]],)
finish process_num processes get single node nature community___________________
length of left_nodes_list__________:  0
commplete get_all_nature_community, length:  162
after deal_communities, length:______________ 128
fits_dic 128
above ave fitness communities 74 [0.27586206896551724, 0.48534201954397393, 0.3611111111111111, 0.2799188640973631, 0.4519015659955257, 0.2799043062200957, 0.3096309630963096, 0.3761467889908257, 0.32114882506527415, 0.2794871794871795, 0.3799126637554585, 0.3143712574850299, 0.32784041630529054, 0.35246727089627394, 0.31216931216931215, 0.326271186440678, 0.3704474505723205, 0.4245398773006135, 0.3537037037037037, 0.402315484804631, 0.37074148296593185, 0.3715415019762846, 0.3483535528596187, 0.33627019089574156, 0.40562248995983935, 0.29404617253948967, 0.3377926421404682, 0.30792452830188677, 0.3152257077276205, 0.30385852090032156, 0.34099153567110035, 0.41437125748502995, 0.41007194244604317, 0.270481144343303, 0.3825136612021858, 0.4171779141104294, 0.3711340206185567, 0.3542039355992844, 0.3424657534246575, 0.3890160183066362, 0.41728395061728396, 0.2846054333764554, 0.3829787234042553, 0.2875912408759124, 0.4305732484076433, 0.2770034843205575, 0.32181638696939785, 0.3, 0.3871829105473965, 0.2689075630252101, 0.3846971307120085, 0.4033214709371293, 0.3813084112149533, 0.422360248447205, 0.2959866220735786, 0.334384858044164, 0.2859960552268245, 0.4188351920693928, 0.39322033898305087, 0.270481144343303, 0.3556910569105691, 0.3515541264737406, 0.31333333333333335, 0.38762886597938145, 0.28804347826086957, 0.28658074298711145, 0.29775280898876405, 0.2804232804232804, 0.3630573248407643, 0.4123456790123457, 0.4342105263157895, 0.37991858887381275, 0.27793974732750243, 0.38341968911917096]
----------------------------------The detection result is: 

all communities: 
i =  1 : [6, 26, 34, 66, 245, 326, 331, 356, 374, 425, 498, 512, 517, 589, 639, 711, 737, 747, 780, 794, 795, 818, 847, 866, 868, 920, 929]
i =  2 : [56, 99, 144, 159, 234, 279, 342, 385, 402, 487, 501, 506, 543, 559, 582, 598, 710, 721, 728, 751, 773, 786, 788, 792]
i =  3 : [11, 47, 59, 103, 127, 131, 138, 145, 154, 164, 166, 179, 201, 242, 273, 308, 319, 400, 419, 541, 546, 573, 575, 590, 758]
i =  4 : [9, 48, 69, 102, 121, 122, 152, 183, 184, 197, 244, 268, 283, 288, 320, 353, 383, 392, 397, 431, 478, 479, 519, 522, 604, 622, 657, 701, 726, 760, 810, 815, 834, 843, 870, 925, 961, 996]
i =  5 : [47, 59, 100, 127, 138, 145, 154, 164, 166, 179, 201, 242, 273, 308, 400, 419, 541, 546, 573, 575, 590, 758]
i =  6 : [5, 20, 49, 60, 167, 199, 207, 232, 240, 253, 276, 293, 315, 332, 381, 422, 441, 510, 527, 565, 594, 703, 733, 741, 828, 833]
i =  7 : [16, 38, 68, 158, 189, 267, 295, 371, 443, 470, 495, 548, 617, 662, 689, 702, 707, 712, 727, 743, 746, 756, 766, 789, 883, 969, 987]
i =  8 : [17, 21, 91, 100, 175, 195, 200, 216, 305, 311, 348, 386, 408, 445, 454, 463, 464, 481, 537, 549, 632, 633, 687, 725, 876, 945, 950, 956]
i =  9 : [28, 82, 97, 104, 182, 193, 205, 224, 233, 298, 336, 500, 509, 560, 591, 612, 625, 669, 679, 682, 705, 716, 719, 730, 765, 805, 849, 873, 887, 895, 907, 928, 954, 967, 976]
i =  10 : [7, 47, 54, 59, 81, 127, 138, 139, 145, 148, 154, 164, 166, 179, 201, 242, 256, 273, 291, 308, 324, 400, 419, 496, 541, 546, 573, 575, 590, 758]
i =  11 : [25, 55, 70, 87, 98, 147, 153, 157, 213, 367, 384, 387, 396, 427, 482, 490, 531, 542, 551, 569, 624, 649, 653, 673, 831, 850, 899, 937, 944]
i =  12 : [22, 47, 52, 59, 127, 138, 145, 154, 164, 165, 166, 179, 201, 224, 242, 273, 308, 400, 419, 541, 546, 573, 575, 590, 719, 758]
i =  13 : [130, 217, 218, 254, 284, 286, 301, 307, 324, 366, 376, 378, 398, 401, 423, 473, 578, 634, 654, 845, 882, 884, 886, 904, 963, 979, 980, 997]
i =  14 : [25, 55, 63, 70, 87, 98, 153, 157, 213, 367, 384, 387, 396, 427, 482, 490, 531, 542, 551, 557, 569, 624, 649, 653, 673, 831, 850, 899, 937, 944]
i =  15 : [25, 55, 63, 70, 87, 98, 126, 153, 157, 213, 328, 359, 367, 384, 387, 396, 427, 482, 490, 531, 542, 551, 569, 624, 649, 653, 673, 831, 850, 899, 937, 944]
i =  16 : [1, 24, 36, 76, 115, 180, 252, 274, 291, 472, 511, 520, 568, 605, 608, 627, 644, 717, 783, 806, 819, 822, 832, 894, 918, 935, 939, 942, 946, 977, 982]
i =  17 : [4, 112, 173, 209, 225, 236, 243, 255, 328, 442, 447, 474, 587, 597, 628, 667, 764, 778, 799, 857, 906, 933, 966, 972, 986]
i =  18 : [16, 33, 107, 108, 198, 202, 314, 329, 343, 345, 382, 391, 476, 497, 529, 635, 640, 643, 674, 709, 768, 785, 787, 808, 900, 931, 943]
i =  19 : [20, 43, 46, 60, 94, 106, 155, 172, 215, 259, 300, 304, 347, 370, 399, 429, 448, 450, 452, 521, 528, 547, 556, 656, 720, 748, 754, 803, 821, 841, 897, 932, 970]
i =  20 : [3, 8, 67, 149, 163, 185, 229, 239, 246, 250, 285, 317, 327, 338, 368, 406, 407, 417, 433, 515, 555, 562, 641, 695, 759, 842, 949]
i =  21 : [2, 18, 35, 39, 147, 151, 180, 264, 280, 292, 354, 359, 364, 372, 430, 435, 518, 558, 584, 607, 636, 661, 677, 699, 796, 846, 867, 921, 968, 989]
i =  22 : [20, 43, 60, 94, 155, 172, 215, 259, 300, 304, 347, 370, 388, 399, 429, 448, 450, 452, 521, 528, 547, 556, 656, 720, 754, 803, 821, 841, 897, 932, 970]
i =  23 : [1, 45, 84, 168, 221, 257, 296, 483, 550, 552, 592, 593, 631, 659, 688, 692, 729, 738, 830, 859, 879, 881, 903, 919, 938, 984, 993]
i =  24 : [11, 23, 33, 44, 72, 74, 82, 108, 150, 178, 208, 240, 248, 271, 388, 395, 453, 525, 533, 610, 626, 655, 665, 862, 875, 880, 885, 889, 890, 910, 940, 951, 955, 1000]
i =  25 : [47, 59, 127, 138, 145, 154, 164, 166, 179, 201, 242, 273, 308, 400, 419, 492, 541, 546, 573, 575, 590, 758]
i =  26 : [15, 46, 65, 79, 106, 162, 220, 277, 309, 349, 380, 432, 461, 544, 553, 619, 690, 748, 838, 888, 922, 947, 992]
i =  27 : [45, 50, 84, 136, 168, 221, 257, 296, 483, 550, 552, 592, 593, 631, 659, 688, 692, 729, 738, 830, 859, 879, 881, 903, 919, 938, 984, 993]
i =  28 : [3, 4, 8, 33, 34, 53, 57, 75, 103, 131, 136, 203, 250, 275, 346, 416, 420, 460, 492, 564, 588, 601, 606, 663, 693, 696, 744, 774, 820, 914, 952, 988, 995, 998]
i =  29 : [41, 45, 50, 69, 77, 84, 143, 168, 221, 257, 296, 483, 550, 552, 592, 593, 631, 659, 688, 692, 729, 738, 830, 859, 879, 881, 903, 919, 938, 984, 993]
i =  30 : [18, 35, 39, 132, 147, 151, 180, 264, 280, 292, 305, 325, 354, 359, 364, 372, 430, 435, 438, 518, 558, 584, 607, 636, 661, 677, 699, 796, 846, 867, 921, 968, 989]
i =  31 : [3, 8, 57, 67, 149, 163, 185, 217, 229, 239, 246, 250, 317, 327, 338, 368, 406, 407, 416, 417, 433, 515, 555, 562, 641, 695, 759, 842, 949]
i =  32 : [33, 107, 108, 169, 198, 202, 314, 329, 343, 345, 382, 391, 476, 497, 529, 635, 640, 643, 674, 709, 768, 785, 787, 808, 900, 931, 943]
i =  33 : [19, 44, 124, 132, 226, 269, 272, 306, 357, 405, 418, 583, 611, 615, 650, 750, 784, 826, 844, 863]
i =  34 : [9, 48, 51, 69, 102, 121, 122, 152, 183, 184, 197, 244, 268, 283, 288, 320, 353, 383, 392, 397, 431, 478, 479, 519, 522, 552, 604, 657, 701, 726, 760, 810, 815, 834, 843, 870, 925, 961, 996]
i =  35 : [3, 8, 44, 67, 149, 163, 185, 229, 239, 245, 246, 250, 317, 327, 338, 368, 406, 407, 417, 433, 515, 555, 562, 641, 695, 759, 842, 949]
i =  36 : [47, 59, 127, 137, 138, 145, 154, 164, 166, 179, 201, 242, 273, 308, 400, 419, 428, 541, 546, 573, 575, 590, 758]
i =  37 : [17, 53, 57, 75, 103, 131, 136, 203, 275, 346, 416, 420, 460, 492, 564, 588, 601, 606, 663, 693, 696, 744, 774, 820, 914, 952, 988, 995, 998]
i =  38 : [53, 57, 75, 103, 131, 136, 203, 275, 346, 416, 420, 460, 492, 534, 564, 588, 601, 606, 663, 693, 696, 744, 774, 820, 914, 952, 988, 995, 998]
i =  39 : [53, 57, 75, 103, 119, 123, 131, 136, 203, 230, 275, 346, 416, 420, 460, 492, 564, 588, 601, 606, 663, 693, 696, 744, 774, 820, 914, 952, 988, 995, 998]
i =  40 : [10, 31, 37, 40, 137, 169, 170, 190, 223, 228, 260, 263, 379, 403, 428, 469, 524, 539, 585, 602, 683, 697, 775, 814, 824, 829, 856, 927, 975]
i =  41 : [105, 116, 128, 171, 222, 231, 247, 294, 352, 424, 462, 467, 493, 502, 570, 577, 642, 645, 672, 706, 731, 732, 781, 817, 853, 855, 893]
i =  42 : [71, 78, 93, 113, 126, 142, 143, 187, 204, 210, 238, 258, 335, 412, 494, 532, 561, 566, 576, 647, 668, 675, 723, 736, 802, 825, 872]
i =  43 : [29, 32, 74, 105, 116, 128, 171, 222, 231, 247, 294, 352, 424, 462, 467, 493, 570, 577, 642, 645, 672, 706, 731, 732, 781, 817, 853, 855, 893]
i =  44 : [14, 62, 88, 161, 176, 191, 192, 211, 262, 289, 313, 318, 377, 393, 394, 411, 468, 530, 545, 581, 614, 621, 629, 698, 755, 851, 861, 864, 878, 902, 909, 926, 974]
i =  45 : [9, 105, 116, 128, 171, 222, 231, 247, 294, 352, 424, 462, 467, 493, 570, 577, 642, 645, 672, 706, 731, 732, 781, 817, 853, 855, 893]
i =  46 : [71, 77, 78, 93, 101, 113, 126, 142, 143, 150, 187, 204, 210, 238, 258, 335, 412, 414, 532, 561, 566, 576, 647, 668, 675, 723, 736, 752, 802, 812, 825, 858, 872]
i =  47 : [21, 91, 100, 175, 195, 200, 203, 216, 311, 348, 386, 408, 445, 454, 463, 464, 481, 537, 549, 632, 633, 687, 725, 837, 876, 945, 950, 956]
i =  48 : [18, 39, 47, 59, 127, 138, 145, 154, 164, 166, 167, 179, 180, 201, 242, 273, 308, 400, 419, 541, 546, 573, 575, 590, 758, 892]
i =  49 : [21, 91, 100, 175, 195, 216, 311, 348, 386, 408, 445, 454, 455, 464, 481, 537, 549, 632, 633, 687, 725, 876, 945, 950, 956]
i =  50 : [2, 12, 58, 64, 114, 117, 125, 237, 241, 282, 439, 459, 472, 484, 554, 571, 586, 652, 660, 670, 678, 680, 724, 749, 809]
i =  51 : [33, 80, 107, 108, 198, 202, 314, 329, 343, 345, 382, 391, 393, 476, 497, 508, 529, 635, 640, 643, 674, 709, 768, 785, 787, 808, 900, 931, 943]
i =  52 : [21, 61, 105, 116, 128, 171, 222, 231, 247, 294, 352, 424, 462, 467, 493, 570, 577, 642, 645, 672, 706, 731, 732, 781, 817, 853, 855, 893]
i =  53 : [47, 52, 59, 127, 138, 145, 154, 164, 166, 179, 201, 242, 273, 308, 400, 419, 541, 546, 573, 575, 590, 691, 758]
i =  54 : [47, 59, 111, 127, 138, 145, 154, 164, 166, 179, 186, 201, 242, 273, 308, 400, 419, 541, 546, 573, 575, 590, 758]
i =  55 : [25, 43, 55, 63, 70, 87, 98, 153, 157, 182, 213, 367, 384, 387, 396, 427, 482, 490, 531, 542, 551, 569, 624, 649, 653, 673, 831, 850, 899, 908, 937, 944]
i =  56 : [18, 39, 47, 59, 127, 138, 145, 154, 164, 166, 179, 180, 201, 242, 273, 305, 308, 400, 419, 541, 546, 573, 575, 590, 758, 770]
i =  57 : [71, 77, 78, 93, 113, 126, 142, 143, 187, 204, 210, 238, 258, 335, 412, 414, 514, 532, 561, 566, 576, 647, 668, 675, 723, 736, 752, 802, 825, 858, 872]
i =  58 : [105, 116, 128, 171, 222, 231, 247, 294, 352, 424, 449, 462, 467, 493, 570, 577, 642, 645, 672, 706, 731, 732, 781, 817, 853, 855, 893]
i =  59 : [18, 33, 107, 108, 198, 202, 314, 329, 343, 344, 345, 382, 391, 476, 497, 529, 635, 640, 643, 674, 709, 768, 785, 787, 808, 900, 931, 943]
i =  60 : [9, 48, 69, 102, 121, 122, 152, 183, 184, 197, 244, 268, 283, 288, 320, 353, 383, 392, 397, 431, 478, 479, 519, 522, 604, 657, 701, 722, 726, 760, 810, 815, 834, 843, 870, 925, 961, 996]
i =  61 : [13, 18, 33, 107, 108, 198, 202, 314, 329, 343, 345, 382, 391, 476, 497, 529, 536, 635, 640, 643, 674, 709, 768, 785, 787, 808, 900, 931, 943]
i =  62 : [10, 37, 40, 137, 169, 190, 223, 228, 260, 263, 379, 403, 428, 469, 524, 539, 585, 602, 676, 683, 697, 775, 814, 824, 829, 856, 927, 975]
i =  63 : [3, 4, 8, 67, 112, 149, 163, 185, 229, 239, 246, 250, 317, 327, 338, 368, 406, 407, 417, 433, 515, 555, 562, 641, 695, 759, 842, 923, 949]
i =  64 : [20, 43, 60, 94, 155, 172, 215, 259, 287, 300, 304, 347, 370, 399, 429, 448, 450, 452, 521, 528, 547, 556, 656, 720, 754, 803, 821, 841, 897, 932, 970]
i =  65 : [7, 47, 54, 59, 81, 127, 138, 139, 145, 148, 154, 164, 166, 179, 201, 242, 273, 308, 400, 419, 541, 546, 573, 575, 590, 758, 772]
i =  66 : [18, 35, 39, 46, 110, 147, 151, 160, 180, 264, 280, 292, 354, 359, 364, 372, 430, 435, 518, 558, 584, 607, 636, 661, 677, 699, 796, 846, 867, 915, 921, 968, 989]
i =  67 : [47, 57, 59, 67, 96, 127, 138, 145, 146, 154, 164, 166, 179, 201, 242, 273, 308, 327, 400, 419, 523, 541, 546, 573, 575, 590, 758]
i =  68 : [16, 44, 47, 59, 118, 127, 138, 145, 154, 164, 166, 179, 201, 242, 273, 308, 400, 419, 513, 541, 546, 573, 575, 590, 758, 959]
i =  69 : [31, 105, 116, 128, 171, 222, 231, 247, 294, 352, 424, 462, 467, 493, 570, 577, 642, 645, 672, 706, 731, 732, 781, 817, 853, 855, 893, 896]
i =  70 : [16, 27, 68, 73, 92, 109, 156, 188, 194, 251, 330, 350, 363, 390, 421, 471, 499, 503, 637, 671, 734, 735, 771, 779, 839, 848, 911, 917]
i =  71 : [27, 68, 73, 92, 109, 156, 188, 194, 251, 330, 350, 363, 390, 421, 444, 471, 503, 637, 671, 734, 735, 771, 779, 839, 848, 911, 917]
i =  72 : [3, 4, 8, 67, 149, 163, 185, 229, 239, 246, 250, 317, 327, 338, 360, 368, 406, 407, 417, 433, 515, 555, 562, 641, 695, 759, 842, 949]
i =  73 : [3, 8, 24, 31, 67, 93, 140, 149, 163, 185, 229, 239, 246, 250, 317, 327, 338, 368, 406, 407, 417, 433, 515, 555, 562, 641, 695, 759, 842, 865, 949]
i =  74 : [49, 167, 199, 253, 276, 315, 332, 381, 422, 441, 510, 527, 565, 594, 664, 703, 733, 741, 828, 833]
overlapping nodes are:  [1, 2, 3, 4, 7, 8, 9, 10, 11, 16, 17, 18, 20, 21, 24, 25, 27, 31, 33, 34, 35, 37, 39, 40, 43, 44, 45, 46, 47, 48, 49, 50, 52, 53, 54, 55, 57, 59, 60, 63, 67, 68, 69, 70, 71, 73, 74, 75, 77, 78, 81, 82, 84, 87, 91, 92, 93, 94, 98, 100, 102, 103, 105, 106, 107, 108, 109, 112, 113, 116, 121, 122, 126, 127, 128, 131, 132, 136, 137, 138, 139, 142, 143, 145, 147, 148, 149, 150, 151, 152, 153, 154, 155, 156, 157, 163, 164, 166, 167, 168, 169, 171, 172, 175, 179, 180, 182, 183, 184, 185, 187, 188, 190, 194, 195, 197, 198, 199, 200, 201, 202, 203, 204, 210, 213, 215, 216, 217, 221, 222, 223, 224, 228, 229, 231, 238, 239, 240, 242, 244, 245, 246, 247, 250, 251, 253, 257, 258, 259, 260, 263, 264, 268, 273, 275, 276, 280, 283, 288, 291, 292, 294, 296, 300, 304, 305, 308, 311, 314, 315, 317, 320, 324, 327, 328, 329, 330, 332, 335, 338, 343, 345, 346, 347, 348, 350, 352, 353, 354, 359, 363, 364, 367, 368, 370, 372, 379, 381, 382, 383, 384, 386, 387, 388, 390, 391, 392, 393, 396, 397, 399, 400, 403, 406, 407, 408, 412, 414, 416, 417, 419, 420, 421, 422, 424, 427, 428, 429, 430, 431, 433, 435, 441, 445, 448, 450, 452, 454, 460, 462, 463, 464, 467, 469, 471, 472, 476, 478, 479, 481, 482, 483, 490, 492, 493, 497, 503, 510, 515, 518, 519, 521, 522, 524, 527, 528, 529, 531, 532, 537, 539, 541, 542, 546, 547, 549, 550, 551, 552, 555, 556, 558, 561, 562, 564, 565, 566, 569, 570, 573, 575, 576, 577, 584, 585, 588, 590, 592, 593, 594, 601, 602, 604, 606, 607, 624, 631, 632, 633, 635, 636, 637, 640, 641, 642, 643, 645, 647, 649, 653, 656, 657, 659, 661, 663, 668, 671, 672, 673, 674, 675, 677, 683, 687, 688, 692, 693, 695, 696, 697, 699, 701, 703, 706, 709, 719, 720, 723, 725, 726, 729, 731, 732, 733, 734, 735, 736, 738, 741, 744, 748, 752, 754, 758, 759, 760, 768, 771, 774, 775, 779, 781, 785, 787, 796, 802, 803, 808, 810, 814, 815, 817, 820, 821, 824, 825, 828, 829, 830, 831, 833, 834, 839, 841, 842, 843, 846, 848, 850, 853, 855, 856, 858, 859, 867, 870, 872, 876, 879, 881, 893, 897, 899, 900, 903, 911, 914, 917, 919, 921, 925, 927, 931, 932, 937, 938, 943, 944, 945, 949, 950, 952, 956, 961, 968, 970, 975, 984, 988, 989, 993, 995, 996, 998] 
 NOO is:  444
total time is:  355.28421402
