setting... -N 5000
setting... -k 20
setting... -maxk 50
setting... -mu 0.1
setting... -t1 2
setting... -t2 1
setting... -minc 10
setting... -maxc 50
setting... -on 500
setting... -om 6

**************************************************************
number of nodes:	5000
average degree:	20
maximum degree:	50
exponent for the degree distribution:	2
exponent for the community size distribution:	1
mixing parameter:	0.1
number of overlapping nodes:	500
number of memberships of the overlapping nodes:	6
community size range set equal to [10 , 50]
**************************************************************

building communities... 
connecting communities... 
recording network...


---------------------------------------------------------------------------
network of 5000 vertices and 47282 edges;	 average degree = 18.9128

average mixing parameter: 0.104339 +/- 0.0279063
p_in: 0.522875	p_out: 0.00206914


i =6: 
mutual3:	0.738614
