setting... -N 5000
setting... -k 20
setting... -maxk 50
setting... -mu 0.1
setting... -t1 2
setting... -t2 1
setting... -minc 10
setting... -maxc 50
setting... -on 500
setting... -om 8

**************************************************************
number of nodes:	5000
average degree:	20
maximum degree:	50
exponent for the degree distribution:	2
exponent for the community size distribution:	1
mixing parameter:	0.1
number of overlapping nodes:	500
number of memberships of the overlapping nodes:	8
community size range set equal to [10 , 50]
**************************************************************

building communities... 
connecting communities... 
recording network...


---------------------------------------------------------------------------
network of 5000 vertices and 45532 edges;	 average degree = 18.2128

average mixing parameter: 0.108932 +/- 0.0314993
p_in: 0.431555	p_out: 0.00240478


i =8: 
mutual3:	0.667234
