lens of ground_truth:  48
ground_truth is: [[44, 51, 52, 61, 78, 139, 157, 168, 173, 225, 985], [85, 88, 129, 204, 237, 254, 256, 329, 399, 475, 491, 499, 517, 538, 549, 628, 652, 939, 948], [3, 37, 53, 69, 110, 143, 162, 176, 199, 206, 278], [10, 38, 68, 215, 279, 366, 382, 398, 410, 419, 422, 486, 542, 546, 556, 588, 954], [161, 264, 344, 371, 386, 402, 470, 479, 503, 530, 584, 590, 602, 651, 675, 676, 735, 780, 795, 806, 837, 840, 875, 890, 897, 903, 905, 906, 907, 908, 912, 930, 937, 944, 956, 962, 979, 980, 981, 982, 987, 989, 992, 995, 996, 998, 999], [98, 170, 201, 218, 247, 252, 270, 327, 364, 408, 432, 477, 483, 492, 529, 547, 591, 630, 638, 687, 709, 756, 772, 793, 920, 977], [30, 55, 219, 239, 269, 345, 425, 467, 495, 504, 516, 537, 562, 747, 936, 942], [7, 36, 84, 99, 145, 272, 301, 324, 363, 389, 468, 526, 568, 704, 711, 769, 782, 787, 830, 831, 849, 861, 871, 872, 882, 901, 904, 909, 911, 914, 921, 922, 923, 926, 950, 961, 970, 974, 978, 982, 983, 986, 988, 994, 997], [4, 56, 111, 146, 196, 251, 293, 374, 381, 438, 455, 497, 577, 592, 609, 640, 672, 693, 694, 698, 706, 710, 794, 801, 806, 901, 916, 918], [1, 2, 48, 106, 166, 200, 302, 311, 330, 411, 439, 489, 501, 552, 560, 585, 623, 655, 695, 745, 750, 762, 773, 978], [121, 211, 255, 262, 287, 304, 350, 370, 406, 434, 454, 484, 528, 551, 555, 582, 619, 650, 661, 671, 715, 716, 910, 977], [61, 124, 134, 172, 346, 373, 416, 427, 448, 453, 470, 480, 482, 507, 523, 534, 581, 601], [27, 29, 127, 160, 161, 191, 205, 234, 238, 319, 337, 392, 465, 468, 479, 526, 540, 554, 571, 605, 654, 708, 717, 741, 743, 796, 817, 832, 857, 860, 884, 891, 897, 899, 913, 929, 940, 946, 959, 963, 972, 984, 985], [26, 169, 221, 242, 322, 341, 378, 379, 413, 505, 508, 539, 548, 563, 575, 618, 641, 643, 656, 663, 680, 696, 721, 724, 754, 796, 812, 833, 842, 934], [21, 244, 263, 358, 404, 511, 533, 541, 562, 573, 574, 586, 593, 607, 638, 648, 692, 707, 713, 723, 919], [34, 144, 174, 180, 220, 243, 281, 317, 340, 393, 428, 478, 544, 576, 584, 590, 596, 647, 683, 703, 740, 765, 766, 779, 804, 819, 847, 870, 928, 953, 997], [8, 19, 192, 245, 294, 397, 412, 462, 514, 525, 579, 620, 633, 636, 664, 726, 738, 755, 791, 809, 836, 839, 854, 858, 878, 885, 898, 920, 947, 952, 960, 990], [11, 60, 198, 214, 247, 260, 321, 328, 347, 356, 368, 377, 417, 553, 594, 595, 918, 945], [18, 62, 164, 300, 309, 339, 388, 394, 540, 611, 658, 679, 689, 697, 730, 807, 826, 835, 845, 851, 852, 862, 864, 867, 869, 873, 881, 889, 954, 957, 975, 993], [27, 121, 155, 197, 246, 314, 320, 391, 417, 433, 452, 519, 554, 597, 642, 666, 670, 699, 729, 739, 774, 814, 818, 834, 838, 848, 887, 896, 899], [5, 6, 9, 17, 82, 118, 150, 167, 187, 229, 230], [80, 91, 94, 101, 108, 120, 130, 148, 234, 258, 274, 332, 451, 471, 473, 599, 733, 845, 851, 887, 948, 976], [24, 68, 114, 128, 142, 174, 344, 447, 532, 545, 559, 669, 681, 723, 768, 770, 820, 827, 853, 877, 886, 895, 903, 907, 917, 932, 934, 936, 938, 939, 942, 943, 947, 953, 955, 958, 960, 964, 965, 966, 967, 969, 973, 991, 1000], [59, 123, 132, 185, 195, 265, 282, 360, 438, 461, 472, 496, 510, 578, 580, 660, 674, 688, 690, 700, 725, 731, 732, 763, 800, 802, 855, 933, 968, 990], [175, 361, 409, 435, 437, 469, 500, 509, 524, 564, 614, 624, 627, 645, 662, 720, 746, 752, 764, 771, 843, 863, 866, 868, 876, 880, 883, 888, 892, 902, 915, 924, 925, 927, 928, 935, 949, 957], [95, 151, 156, 190, 202, 299, 313, 369, 372, 395, 429, 458, 515, 535, 550, 570, 583, 598, 603, 968], [57, 97, 165, 207, 224, 235, 241, 250, 295, 315, 338, 747], [25, 35, 39, 50, 58, 86, 109, 115, 579, 951], [42, 54, 66, 70, 76, 137, 138, 147, 159, 210, 213], [71, 122, 154, 158, 179, 217, 231, 357, 384, 390, 405, 407, 440, 481], [7, 15, 135, 140, 183, 276, 303, 312, 418, 431, 436, 463, 476, 485, 487, 558, 625, 634, 959], [31, 112, 119, 208, 248, 275, 285, 290, 292, 296, 308, 362, 457, 522, 606, 632, 746, 941], [89, 153, 333, 385, 387, 420, 430, 482, 502, 536, 593, 748, 749, 755, 758, 776, 781, 786, 792, 808, 810, 823, 829, 846, 850, 865, 874, 878, 910, 952, 974, 975], [84, 152, 186, 193, 249, 334, 456, 459, 466, 561, 565, 604, 621, 631, 649, 673, 677, 685, 736, 757, 778, 788, 797, 816, 906, 949], [13, 63, 105, 171, 178, 194, 226, 236, 273, 539, 873], [75, 203, 227, 259, 286, 323, 336, 348, 365, 375, 410, 414, 441, 442, 443], [12, 103, 116, 163, 182, 212, 257, 283, 288, 291, 307, 933], [28, 181, 261, 284, 310, 326, 331, 342, 359, 383, 403, 493, 513, 518, 520, 543, 616, 626], [43, 73, 99, 277, 367, 396, 400, 401, 423, 426, 460, 494, 506, 557, 566, 589, 610, 615, 684, 702, 712, 727, 798, 805, 811, 821, 841, 859, 879, 893, 894, 900, 922, 993], [14, 64, 79, 90, 126, 131, 177, 222, 228, 232, 233], [83, 221, 253, 268, 274, 512, 521, 531, 569, 600, 608, 617, 659, 665, 714, 722, 759, 761, 783, 789, 799, 803, 813, 815, 828, 916, 1000], [141, 189, 280, 325, 353, 421, 527, 613, 657, 667, 691, 705, 718, 719, 726, 744, 753, 777, 785, 919, 931, 945, 967, 994], [22, 45, 47, 65, 74, 96, 318, 335, 351, 354, 376, 449, 450, 771], [23, 33, 46, 72, 87, 93, 100, 102, 104, 113], [16, 32, 92, 188, 209, 267, 282, 349, 355, 445, 446, 488, 567, 572, 629, 637, 639, 668, 728, 751, 931, 971, 976], [20, 40, 67, 77, 81, 133, 149, 184, 216, 223, 271], [41, 117, 266, 298, 316, 343, 415, 424, 474, 587, 612, 635, 644, 646, 653, 682, 686, 720, 737, 767, 775, 790, 825, 844, 856, 884, 898, 917, 925, 951], [49, 107, 125, 136, 240, 289, 297, 305, 306, 352, 361, 380, 444, 464, 490, 498, 622, 676, 678, 701, 734, 742, 760, 784, 822, 824, 896, 941, 944, 971]]
nodes: [42, 100, 150, 274, 295, 405, 417, 438, 443, 523, 598, 607, 626, 641, 694, 696, 720, 763, 771, 796, 799, 824, 858, 865, 887, 901, 917, 919, 925, 928, 936, 939, 949, 954, 971, 977, 978, 985, 990, 993, 995, 997] num of nodes:  42
[[42, 66, 137, 138, 210, 147, 213, 159, 54], [23, 33, 100, 102, 72, 104, 113, 93, 46, 87], [5, 150, 229, 230, 167, 187, 9, 82], [130, 976, 948, 733, 599, 274], [57, 295, 747, 207, 241, 315, 338, 250, 224], [122, 481, 390, 405, 407, 440, 384, 154, 179], [198, 945, 594, 595, 918, 417, 260], [132, 800, 802, 855, 438, 580], [227, 441, 414, 443, 336, 323, 442, 365], [346, 448, 523, 453, 581, 601, 416, 480, 507], [190, 968, 535, 570, 515, 598, 603, 550], [358, 707, 713, 586, 692, 574, 648, 404, 607, 541], [310, 513, 520, 616, 493, 543, 626, 342, 359], [26, 641, 833, 812, 754, 724, 842, 663, 656], [497, 918, 794, 609, 694, 916, 693, 710], [643, 833, 842, 812, 656, 724, 754, 663, 696], [720, 868, 752, 935, 876, 880, 888, 863, 915, 924, 927], [472, 802, 855, 731, 800, 688, 660, 968, 700, 763], [469, 935, 924, 880, 915, 927, 771, 866, 892], [796, 929, 832, 963, 913, 972, 940, 984, 817, 946, 891, 860], [569, 803, 665, 813, 783, 815, 722, 659, 916, 789, 799, 828, 759, 1000], [464, 742, 822, 701, 734, 678, 941, 760, 824], [412, 809, 885, 854, 636, 947, 839, 858, 898, 791], [749, 865, 874, 846, 823, 850, 829, 810, 792, 776, 975, 952, 974], [452, 838, 834, 814, 848, 818, 729, 666, 699, 642, 887], [849, 921, 961, 923, 970, 983, 986, 988, 994, 904, 911, 950, 871, 872, 882, 901], [681, 964, 932, 965, 943, 969, 973, 886, 991, 958, 966, 938, 853, 955, 917], [613, 705, 994, 744, 777, 718, 719, 785, 931, 667, 919, 657, 945, 691], [500, 902, 935, 876, 924, 915, 883, 888, 927, 868, 843, 925], [614, 902, 935, 924, 880, 927, 892, 876, 888, 928, 957, 863], [770, 932, 964, 965, 969, 938, 973, 877, 895, 991, 955, 936, 853, 943, 886, 827, 958], [545, 895, 964, 932, 965, 966, 969, 938, 973, 943, 886, 991, 955, 939, 958], [645, 935, 924, 927, 892, 902, 883, 863, 880, 764, 888, 915, 949], [658, 864, 869, 807, 852, 889, 862, 881, 954, 867, 835, 957, 826, 697, 975], [355, 668, 971, 751, 976, 567, 728, 637, 931, 572], [492, 772, 709, 591, 687, 977, 756, 630, 920], [831, 909, 961, 871, 970, 983, 921, 986, 988, 926, 904, 911, 950, 994, 914, 923, 978], [708, 832, 929, 972, 940, 913, 946, 963, 984, 891, 860, 817, 743, 985], [472, 802, 855, 731, 800, 688, 660, 968, 700, 990], [611, 864, 993, 835, 867, 869, 807, 957, 881, 852, 889, 826, 862, 873, 697], [992, 995, 998, 996, 999, 980, 981, 962, 979, 987, 989, 956, 937, 930, 905, 912, 908, 890, 840, 875, 837, 795, 780], [787, 909, 961, 926, 871, 970, 983, 914, 872, 921, 986, 923, 988, 997, 849, 861, 882]]
len of cliques:  42
length of seeds:  42
seeds:  [[992, 995, 998, 996, 999, 980, 981, 962, 979, 987, 989, 956, 937, 930, 905, 912, 908, 890, 840, 875, 837, 795, 780], [770, 932, 964, 965, 969, 938, 973, 877, 895, 991, 955, 936, 853, 943, 886, 827, 958], [831, 909, 961, 871, 970, 983, 921, 986, 988, 926, 904, 911, 950, 994, 914, 923, 978], [787, 909, 961, 926, 871, 970, 983, 914, 872, 921, 986, 923, 988, 997, 849, 861, 882], [849, 921, 961, 923, 970, 983, 986, 988, 994, 904, 911, 950, 871, 872, 882, 901], [681, 964, 932, 965, 943, 969, 973, 886, 991, 958, 966, 938, 853, 955, 917], [545, 895, 964, 932, 965, 966, 969, 938, 973, 943, 886, 991, 955, 939, 958], [658, 864, 869, 807, 852, 889, 862, 881, 954, 867, 835, 957, 826, 697, 975], [611, 864, 993, 835, 867, 869, 807, 957, 881, 852, 889, 826, 862, 873, 697], [569, 803, 665, 813, 783, 815, 722, 659, 916, 789, 799, 828, 759, 1000], [613, 705, 994, 744, 777, 718, 719, 785, 931, 667, 919, 657, 945, 691], [708, 832, 929, 972, 940, 913, 946, 963, 984, 891, 860, 817, 743, 985], [749, 865, 874, 846, 823, 850, 829, 810, 792, 776, 975, 952, 974], [645, 935, 924, 927, 892, 902, 883, 863, 880, 764, 888, 915, 949], [796, 929, 832, 963, 913, 972, 940, 984, 817, 946, 891, 860], [500, 902, 935, 876, 924, 915, 883, 888, 927, 868, 843, 925], [614, 902, 935, 924, 880, 927, 892, 876, 888, 928, 957, 863], [720, 868, 752, 935, 876, 880, 888, 863, 915, 924, 927], [452, 838, 834, 814, 848, 818, 729, 666, 699, 642, 887], [23, 33, 100, 102, 72, 104, 113, 93, 46, 87], [358, 707, 713, 586, 692, 574, 648, 404, 607, 541], [472, 802, 855, 731, 800, 688, 660, 968, 700, 763], [412, 809, 885, 854, 636, 947, 839, 858, 898, 791], [355, 668, 971, 751, 976, 567, 728, 637, 931, 572], [472, 802, 855, 731, 800, 688, 660, 968, 700, 990], [42, 66, 137, 138, 210, 147, 213, 159, 54], [57, 295, 747, 207, 241, 315, 338, 250, 224], [122, 481, 390, 405, 407, 440, 384, 154, 179], [346, 448, 523, 453, 581, 601, 416, 480, 507], [310, 513, 520, 616, 493, 543, 626, 342, 359], [26, 641, 833, 812, 754, 724, 842, 663, 656], [643, 833, 842, 812, 656, 724, 754, 663, 696], [469, 935, 924, 880, 915, 927, 771, 866, 892], [464, 742, 822, 701, 734, 678, 941, 760, 824], [492, 772, 709, 591, 687, 977, 756, 630, 920], [5, 150, 229, 230, 167, 187, 9, 82], [227, 441, 414, 443, 336, 323, 442, 365], [190, 968, 535, 570, 515, 598, 603, 550], [497, 918, 794, 609, 694, 916, 693, 710], [198, 945, 594, 595, 918, 417, 260], [130, 976, 948, 733, 599, 274], [132, 800, 802, 855, 438, 580]]
seeds_fitness [0.47157502329916123, 0.2953311617806732, 0.22934232715008432, 0.26904055390702275, 0.21352313167259787, 0.23542600896860988, 0.23542600896860988, 0.20608439646712462, 0.21739130434782608, 0.2272159800249688, 0.18328298086606243, 0.28129829984544047, 0.14871306005719734, 0.21109607577807848, 0.21533442088091354, 0.18513323983169705, 0.14915254237288136, 0.18456375838926176, 0.2576112412177986, 0.9, 0.4265402843601896, 0.19955654101995565, 0.12968299711815562, 0.12931034482758622, 0.144, 0.7346938775510204, 0.4114285714285714, 0.5714285714285714, 0.45, 0.44171779141104295, 0.2360655737704918, 0.23684210526315788, 0.13211009174311927, 0.17433414043583534, 0.13872832369942195, 0.6363636363636364, 0.45901639344262296, 0.1696969696969697, 0.1076923076923077, 0.09375, 0.06651884700665188, 0.10273972602739725]
after sort list of tuple: [(19, 0.9), (25, 0.7346938775510204), (35, 0.6363636363636364), (27, 0.5714285714285714), (0, 0.47157502329916123), (36, 0.45901639344262296), (28, 0.45), (29, 0.44171779141104295), (20, 0.4265402843601896), (26, 0.4114285714285714), (1, 0.2953311617806732), (11, 0.28129829984544047), (3, 0.26904055390702275), (18, 0.2576112412177986), (31, 0.23684210526315788), (30, 0.2360655737704918), (5, 0.23542600896860988), (6, 0.23542600896860988), (2, 0.22934232715008432), (9, 0.2272159800249688), (8, 0.21739130434782608), (14, 0.21533442088091354), (4, 0.21352313167259787), (13, 0.21109607577807848), (7, 0.20608439646712462), (21, 0.19955654101995565), (15, 0.18513323983169705), (17, 0.18456375838926176), (10, 0.18328298086606243), (33, 0.17433414043583534), (37, 0.1696969696969697), (16, 0.14915254237288136), (12, 0.14871306005719734), (24, 0.144), (34, 0.13872832369942195), (32, 0.13211009174311927), (22, 0.12968299711815562), (23, 0.12931034482758622), (38, 0.1076923076923077), (41, 0.10273972602739725), (39, 0.09375), (40, 0.06651884700665188)]
seeds_sorted [[23, 33, 100, 102, 72, 104, 113, 93, 46, 87], [42, 66, 137, 138, 210, 147, 213, 159, 54], [5, 150, 229, 230, 167, 187, 9, 82], [122, 481, 390, 405, 407, 440, 384, 154, 179], [992, 995, 998, 996, 999, 980, 981, 962, 979, 987, 989, 956, 937, 930, 905, 912, 908, 890, 840, 875, 837, 795, 780], [227, 441, 414, 443, 336, 323, 442, 365], [346, 448, 523, 453, 581, 601, 416, 480, 507], [310, 513, 520, 616, 493, 543, 626, 342, 359], [358, 707, 713, 586, 692, 574, 648, 404, 607, 541], [57, 295, 747, 207, 241, 315, 338, 250, 224], [770, 932, 964, 965, 969, 938, 973, 877, 895, 991, 955, 936, 853, 943, 886, 827, 958], [708, 832, 929, 972, 940, 913, 946, 963, 984, 891, 860, 817, 743, 985], [787, 909, 961, 926, 871, 970, 983, 914, 872, 921, 986, 923, 988, 997, 849, 861, 882], [452, 838, 834, 814, 848, 818, 729, 666, 699, 642, 887], [643, 833, 842, 812, 656, 724, 754, 663, 696], [26, 641, 833, 812, 754, 724, 842, 663, 656], [681, 964, 932, 965, 943, 969, 973, 886, 991, 958, 966, 938, 853, 955, 917], [545, 895, 964, 932, 965, 966, 969, 938, 973, 943, 886, 991, 955, 939, 958], [831, 909, 961, 871, 970, 983, 921, 986, 988, 926, 904, 911, 950, 994, 914, 923, 978], [569, 803, 665, 813, 783, 815, 722, 659, 916, 789, 799, 828, 759, 1000], [611, 864, 993, 835, 867, 869, 807, 957, 881, 852, 889, 826, 862, 873, 697], [796, 929, 832, 963, 913, 972, 940, 984, 817, 946, 891, 860], [849, 921, 961, 923, 970, 983, 986, 988, 994, 904, 911, 950, 871, 872, 882, 901], [645, 935, 924, 927, 892, 902, 883, 863, 880, 764, 888, 915, 949], [658, 864, 869, 807, 852, 889, 862, 881, 954, 867, 835, 957, 826, 697, 975], [472, 802, 855, 731, 800, 688, 660, 968, 700, 763], [500, 902, 935, 876, 924, 915, 883, 888, 927, 868, 843, 925], [720, 868, 752, 935, 876, 880, 888, 863, 915, 924, 927], [613, 705, 994, 744, 777, 718, 719, 785, 931, 667, 919, 657, 945, 691], [464, 742, 822, 701, 734, 678, 941, 760, 824], [190, 968, 535, 570, 515, 598, 603, 550], [614, 902, 935, 924, 880, 927, 892, 876, 888, 928, 957, 863], [749, 865, 874, 846, 823, 850, 829, 810, 792, 776, 975, 952, 974], [472, 802, 855, 731, 800, 688, 660, 968, 700, 990], [492, 772, 709, 591, 687, 977, 756, 630, 920], [469, 935, 924, 880, 915, 927, 771, 866, 892], [412, 809, 885, 854, 636, 947, 839, 858, 898, 791], [355, 668, 971, 751, 976, 567, 728, 637, 931, 572], [497, 918, 794, 609, 694, 916, 693, 710], [132, 800, 802, 855, 438, 580], [198, 945, 594, 595, 918, 417, 260], [130, 976, 948, 733, 599, 274]]
args__________ ([[23, 33, 100, 102, 72, 104, 113, 93, 46, 87], [130, 976, 948, 733, 599, 274]],)
args__________ ([[42, 66, 137, 138, 210, 147, 213, 159, 54], [198, 945, 594, 595, 918, 417, 260]],)
args__________ ([[5, 150, 229, 230, 167, 187, 9, 82], [132, 800, 802, 855, 438, 580]],)
args__________ ([[122, 481, 390, 405, 407, 440, 384, 154, 179], [497, 918, 794, 609, 694, 916, 693, 710]],)
args__________ ([[992, 995, 998, 996, 999, 980, 981, 962, 979, 987, 989, 956, 937, 930, 905, 912, 908, 890, 840, 875, 837, 795, 780], [355, 668, 971, 751, 976, 567, 728, 637, 931, 572]],)
args__________ ([[227, 441, 414, 443, 336, 323, 442, 365], [412, 809, 885, 854, 636, 947, 839, 858, 898, 791]],)
args__________ ([[346, 448, 523, 453, 581, 601, 416, 480, 507], [469, 935, 924, 880, 915, 927, 771, 866, 892]],)
args__________ ([[310, 513, 520, 616, 493, 543, 626, 342, 359], [492, 772, 709, 591, 687, 977, 756, 630, 920]],)
args__________ ([[358, 707, 713, 586, 692, 574, 648, 404, 607, 541], [472, 802, 855, 731, 800, 688, 660, 968, 700, 990]],)
args__________ ([[57, 295, 747, 207, 241, 315, 338, 250, 224], [749, 865, 874, 846, 823, 850, 829, 810, 792, 776, 975, 952, 974]],)
args__________ ([[770, 932, 964, 965, 969, 938, 973, 877, 895, 991, 955, 936, 853, 943, 886, 827, 958]],)
args__________ ([[708, 832, 929, 972, 940, 913, 946, 963, 984, 891, 860, 817, 743, 985]],)
args__________ ([[787, 909, 961, 926, 871, 970, 983, 914, 872, 921, 986, 923, 988, 997, 849, 861, 882]],)
args__________ ([[452, 838, 834, 814, 848, 818, 729, 666, 699, 642, 887]],)
args__________ ([[643, 833, 842, 812, 656, 724, 754, 663, 696]],)
args__________ ([[26, 641, 833, 812, 754, 724, 842, 663, 656]],)
args__________ ([[681, 964, 932, 965, 943, 969, 973, 886, 991, 958, 966, 938, 853, 955, 917]],)
args__________ ([[545, 895, 964, 932, 965, 966, 969, 938, 973, 943, 886, 991, 955, 939, 958]],)
args__________ ([[831, 909, 961, 871, 970, 983, 921, 986, 988, 926, 904, 911, 950, 994, 914, 923, 978]],)
args__________ ([[569, 803, 665, 813, 783, 815, 722, 659, 916, 789, 799, 828, 759, 1000]],)
args__________ ([[611, 864, 993, 835, 867, 869, 807, 957, 881, 852, 889, 826, 862, 873, 697]],)
args__________ ([[796, 929, 832, 963, 913, 972, 940, 984, 817, 946, 891, 860]],)
args__________ ([[849, 921, 961, 923, 970, 983, 986, 988, 994, 904, 911, 950, 871, 872, 882, 901]],)
args__________ ([[645, 935, 924, 927, 892, 902, 883, 863, 880, 764, 888, 915, 949]],)
args__________ ([[658, 864, 869, 807, 852, 889, 862, 881, 954, 867, 835, 957, 826, 697, 975]],)
args__________ ([[472, 802, 855, 731, 800, 688, 660, 968, 700, 763]],)
args__________ ([[500, 902, 935, 876, 924, 915, 883, 888, 927, 868, 843, 925]],)
args__________ ([[720, 868, 752, 935, 876, 880, 888, 863, 915, 924, 927]],)
args__________ ([[613, 705, 994, 744, 777, 718, 719, 785, 931, 667, 919, 657, 945, 691]],)
args__________ ([[464, 742, 822, 701, 734, 678, 941, 760, 824]],)
args__________ ([[190, 968, 535, 570, 515, 598, 603, 550]],)
args__________ ([[614, 902, 935, 924, 880, 927, 892, 876, 888, 928, 957, 863]],)
finish process___________________
seed_node 982
seed_community:  [386, 264, 905, 651, 780, 912, 402, 795, 930, 675, 937, 956, 962, 837, 840, 908, 979, 980, 981, 982, 602, 987, 989, 735, 992, 995, 996, 998, 999, 875, 530, 371, 503, 890]
seed_node 967
seed_community:  [128, 768, 770, 142, 532, 24, 943, 669, 545, 932, 681, 938, 559, 820, 827, 958, 447, 964, 965, 966, 967, 969, 973, 853, 991, 955, 877, 114, 886, 895]
seed_node 960
seed_community:  [128, 768, 770, 8, 397, 142, 19, 532, 24, 964, 943, 669, 545, 932, 681, 938, 559, 947, 820, 955, 958, 447, 960, 68, 965, 966, 969, 973, 853, 991, 827, 877, 114, 886, 895]
seed_node 944
seed_community:  [386, 264, 905, 651, 780, 912, 402, 795, 930, 675, 937, 944, 956, 962, 837, 840, 908, 979, 980, 981, 602, 987, 989, 735, 992, 995, 996, 998, 999, 875, 530, 371, 503, 890]
seed_node 953
seed_community:  [768, 128, 770, 142, 532, 24, 559, 669, 545, 932, 681, 938, 943, 820, 953, 955, 958, 447, 964, 965, 966, 969, 973, 853, 991, 827, 877, 114, 886, 895]
seed_node 959
seed_community:  [135, 392, 940, 139, 140, 654, 15, 913, 276, 857, 27, 157, 160, 929, 418, 168, 860, 44, 173, 558, 431, 817, 946, 51, 52, 319, 183, 312, 436, 571, 61, 959, 832, 963, 708, 161, 972, 717, 78, 205, 465, 303, 984, 985, 463, 476, 605, 223, 225, 337, 485, 487, 234, 743, 29, 191, 238, 625, 741, 634, 891, 127]
seed_node 934
seed_community:  [128, 768, 770, 142, 532, 24, 943, 669, 545, 932, 934, 681, 938, 559, 820, 955, 958, 447, 964, 965, 966, 969, 973, 853, 991, 827, 877, 114, 886, 895]
seed_node 922
seed_community:  [769, 2, 389, 1, 904, 909, 782, 911, 272, 145, 914, 787, 921, 922, 411, 926, 773, 48, 923, 36, 166, 552, 7, 301, 302, 560, 950, 439, 568, 970, 830, 831, 704, 961, 695, 324, 711, 200, 585, 330, 311, 849, 978, 84, 983, 986, 655, 988, 861, 99, 871, 872, 745, 106, 363, 750, 623, 882, 501, 489, 762]
seed_node 910
seed_community:  [385, 387, 776, 781, 910, 792, 786, 536, 153, 420, 808, 810, 430, 823, 829, 758, 333, 846, 850, 89, 865, 874, 748, 749, 502]
seed_node 903
seed_community:  [386, 903, 264, 905, 651, 780, 912, 402, 795, 930, 675, 937, 956, 962, 837, 840, 908, 979, 980, 981, 344, 602, 987, 989, 735, 992, 995, 996, 998, 999, 875, 530, 371, 503, 890]
seed_node 906
seed_community:  [386, 264, 905, 906, 651, 780, 912, 402, 795, 930, 675, 937, 956, 962, 837, 840, 908, 979, 980, 981, 602, 987, 989, 735, 992, 995, 996, 998, 999, 875, 530, 371, 503, 890]
seed_node 907
seed_community:  [386, 264, 905, 651, 780, 912, 402, 795, 930, 675, 937, 956, 962, 907, 837, 840, 908, 979, 980, 981, 602, 987, 989, 735, 992, 995, 996, 998, 999, 875, 530, 371, 503, 890]
seed_node 896
seed_community:  [896, 642, 899, 774, 519, 666, 27, 670, 155, 554, 391, 814, 433, 818, 314, 699, 320, 834, 452, 197, 838, 205, 848, 597, 729, 739, 246]
seed_node 897
seed_community:  [897, 386, 264, 905, 651, 780, 912, 402, 795, 161, 930, 675, 937, 371, 735, 956, 191, 962, 837, 840, 908, 211, 980, 981, 602, 987, 989, 479, 992, 995, 996, 998, 999, 875, 530, 979, 503, 890]
seed_node 900
seed_community:  [811, 900, 396, 400, 401, 277, 367, 798, 805, 423, 426, 43, 684, 557, 821, 566, 73, 702, 712, 841, 460, 589, 727, 859, 993, 610, 615, 494, 879, 506, 893, 894]
seed_node 884
seed_community:  [392, 654, 913, 29, 160, 929, 940, 817, 946, 571, 319, 832, 963, 708, 972, 717, 205, 465, 984, 857, 860, 605, 741, 337, 743, 191, 238, 884, 891, 127]
seed_node 933
seed_community:  [257, 132, 265, 12, 660, 282, 283, 800, 674, 291, 933, 688, 690, 307, 182, 185, 59, 700, 288, 578, 195, 580, 802, 461, 163, 212, 725, 855, 472, 731, 732, 990, 763, 103, 360, 496, 116, 123, 510]
seed_node 870
seed_community:  [647, 393, 779, 144, 281, 544, 34, 804, 683, 428, 174, 819, 180, 953, 317, 703, 576, 847, 596, 220, 478, 740, 997, 870, 243, 340, 765, 766]
seed_node 951
seed_community:  [35, 39, 109, 50, 115, 86, 951, 25, 58, 579]
seed_node 851
seed_community:  [611, 258, 388, 394, 599, 130, 18, 451, 148, 153, 164, 807, 300, 689, 862, 309, 697, 826, 62, 835, 332, 845, 975, 80, 339, 852, 471, 473, 730, 91, 733, 94, 869, 864, 867, 101, 234, 679, 108, 658, 881, 851, 120, 889]
seed_node 856
seed_community:  [644, 646, 775, 266, 653, 790, 25, 415, 35, 39, 424, 41, 682, 686, 50, 951, 825, 58, 316, 587, 844, 86, 343, 856, 474, 737, 612, 109, 115, 117, 635, 298, 767]
seed_node 816
seed_community:  [649, 778, 788, 152, 797, 673, 677, 685, 816, 561, 565, 186, 193, 456, 459, 334, 466, 604, 736, 621, 757, 631, 249]
seed_node 806
seed_community:  [386, 264, 905, 651, 908, 912, 402, 795, 930, 675, 806, 937, 956, 962, 837, 840, 780, 979, 980, 981, 602, 987, 989, 735, 992, 995, 996, 998, 999, 875, 530, 371, 503, 890]
seed_node 746
seed_community:  [645, 902, 524, 915, 662, 409, 883, 924, 927, 752, 935, 175, 435, 564, 437, 624, 843, 469, 863, 866, 868, 614, 892, 746, 876, 880, 627, 500, 888, 764, 509]
seed_node 723
seed_community:  [128, 768, 770, 142, 532, 24, 559, 669, 545, 932, 681, 938, 943, 820, 955, 958, 447, 964, 965, 966, 969, 973, 723, 853, 991, 827, 877, 114, 886, 895]
seed_node 726
seed_community:  [705, 994, 421, 325, 353, 744, 777, 141, 718, 527, 753, 691, 726, 280, 657, 667, 785, 189, 719, 613]
seed_node 715
seed_community:  [262, 650, 528, 661, 406, 671, 454, 551, 555, 304, 434, 287, 582, 715, 716, 977, 211, 350, 484, 619, 370, 255]
seed_node 676
seed_community:  [386, 264, 905, 651, 908, 912, 530, 795, 930, 675, 676, 937, 944, 305, 956, 962, 837, 840, 780, 979, 980, 981, 602, 987, 989, 735, 992, 995, 996, 998, 999, 875, 402, 371, 503, 890]
seed_node 638
seed_community:  [707, 358, 263, 648, 713, 586, 573, 638, 692, 244, 533, 404, 607, 21, 541, 574, 511]
seed_node 584
seed_community:  [386, 264, 905, 651, 908, 912, 530, 795, 161, 930, 675, 937, 840, 479, 956, 962, 837, 584, 780, 590, 979, 980, 981, 602, 987, 989, 735, 992, 995, 996, 998, 999, 875, 402, 371, 503, 890]
seed_node 593
seed_community:  [385, 387, 776, 781, 910, 792, 786, 536, 153, 420, 808, 810, 430, 823, 829, 758, 333, 846, 593, 850, 89, 865, 874, 748, 749, 502]
seed_node 562
seed_community:  [770, 219, 516, 936, 425, 269, 942, 239, 562, 467, 345, 55, 504, 537, 495, 30]
seed_node 526
seed_community:  [769, 389, 904, 909, 782, 911, 272, 145, 914, 787, 921, 923, 926, 36, 301, 950, 568, 830, 831, 704, 961, 324, 711, 970, 849, 526, 983, 986, 988, 861, 871, 872, 363, 882]
seed_node 539
seed_community:  [194, 873, 171, 236, 226, 13, 273, 178, 105, 539, 63]
seed_node 540
seed_community:  [392, 654, 913, 27, 540, 29, 160, 929, 940, 817, 946, 571, 191, 832, 963, 708, 972, 205, 717, 337, 984, 857, 860, 605, 891, 741, 465, 743, 238, 319, 127]
seed_node 468
seed_community:  [769, 389, 904, 909, 782, 911, 272, 145, 914, 787, 921, 923, 926, 36, 301, 950, 568, 830, 831, 704, 961, 324, 711, 970, 849, 84, 983, 986, 988, 861, 871, 872, 363, 882, 468]
seed_node 470
seed_community:  [386, 264, 905, 651, 908, 912, 402, 795, 930, 675, 937, 735, 956, 962, 837, 840, 780, 979, 980, 981, 470, 602, 987, 989, 479, 992, 995, 996, 998, 999, 875, 530, 371, 503, 890]
seed_node 482
seed_community:  [416, 448, 482, 523, 581, 134, 453, 427, 172, 480, 534, 601, 346, 507, 124, 373]
seed_node 410
seed_community:  [546, 419, 68, 486, 38, 422, 556, 10, 215, 588, 398, 542, 366, 279, 410, 954, 382]
seed_node 449
seed_community:  [96, 449, 450, 65, 74, 354, 45, 47, 22, 376, 335, 318, 351]
seed_node 271
seed_community:  [67, 133, 40, 77, 271, 81, 20, 149, 184, 216, 223]
seed_node 278
seed_community:  [162, 3, 37, 199, 206, 143, 176, 110, 278, 53, 69]
seed_node 126
seed_community:  [64, 131, 228, 232, 233, 14, 79, 177, 126, 90, 222]
seed_node 221
seed_community:  [641, 643, 656, 663, 26, 413, 548, 680, 169, 812, 242, 563, 696, 575, 833, 322, 842, 721, 724, 341, 221, 618, 754, 505, 378, 379, 508]
i =  0 [33, 100, 102, 72, 87, 46, 113, 23, 104, 93]
i =  1 [256, 129, 130, 517, 599, 652, 258, 399, 274, 148, 538, 32, 475, 549, 948, 188, 451, 329, 204, 80, 120, 85, 471, 88, 473, 91, 733, 94, 976, 355, 101, 234, 491, 108, 237, 499, 628, 332, 254]
i =  2 [66, 70, 137, 42, 76, 210, 147, 213, 54, 138, 159]
i =  3 [417, 260, 214, 198, 321, 328, 553, 11, 368, 945, 594, 595, 918, 377, 356, 347, 60]
i =  4 [5, 230, 167, 9, 17, 82, 150, 6, 187, 118, 229]
i =  5 [132, 265, 660, 800, 802, 688, 690, 438, 185, 59, 700, 578, 195, 580, 674, 461, 725, 855, 472, 731, 732, 123, 360, 496, 763, 510]
i =  6 [384, 481, 357, 390, 231, 71, 179, 405, 407, 440, 217, 122, 154, 158]
i =  7 [640, 4, 321, 11, 146, 916, 918, 260, 794, 672, 801, 293, 553, 693, 694, 56, 698, 60, 577, 706, 196, 198, 455, 328, 710, 594, 595, 214, 347, 592, 356, 111, 368, 497, 374, 609, 377, 251, 381]
i =  8 [386, 264, 905, 651, 908, 912, 402, 795, 930, 675, 937, 956, 962, 837, 840, 780, 979, 980, 981, 602, 987, 989, 735, 992, 995, 996, 998, 999, 875, 530, 371, 503, 890]
i =  9 [130, 599, 258, 16, 148, 668, 32, 931, 733, 567, 267, 188, 445, 446, 451, 325, 971, 332, 976, 209, 471, 728, 473, 91, 92, 349, 94, 353, 355, 101, 80, 572, 108, 751, 488, 629, 120, 637, 639]
i =  10 [323, 227, 75, 365, 336, 259, 286, 203, 375, 441, 442, 443, 348, 414]
i =  11 [898, 8, 397, 19, 791, 664, 412, 294, 809, 947, 245, 192, 836, 839, 462, 525, 514, 854, 858, 738, 620, 885, 633, 636]
i =  12 [448, 416, 523, 453, 134, 427, 172, 581, 480, 534, 601, 346, 507, 124, 373]
i =  13 [771, 645, 902, 524, 915, 662, 409, 924, 927, 880, 935, 175, 435, 564, 437, 752, 843, 469, 863, 627, 866, 868, 614, 764, 876, 624, 883, 500, 888, 892, 509]
i =  14 [383, 513, 342, 326, 518, 359, 520, 28, 331, 493, 616, 626, 403, 181, 310, 543, 284, 261]
i =  15 [772, 492, 270, 529, 408, 793, 547, 170, 687, 432, 709, 327, 201, 591, 977, 218, 477, 98, 483, 364, 920, 756, 630, 247, 252]
i =  16 [707, 358, 263, 648, 713, 586, 573, 692, 404, 533, 244, 511, 21, 541, 574, 607]
i =  17 [515, 132, 265, 395, 660, 151, 156, 185, 800, 674, 603, 550, 299, 429, 688, 690, 313, 570, 59, 700, 458, 190, 578, 195, 580, 583, 968, 202, 802, 461, 725, 598, 855, 472, 731, 732, 990, 95, 123, 360, 535, 496, 369, 372, 763, 510]
i =  18 [224, 97, 235, 165, 295, 747, 269, 207, 241, 338, 57, 250, 315]
i =  19 [385, 514, 387, 776, 620, 781, 536, 786, 19, 791, 792, 153, 412, 420, 294, 808, 809, 810, 430, 8, 309, 823, 952, 829, 885, 192, 836, 758, 839, 333, 974, 525, 850, 846, 854, 89, 858, 975, 397, 865, 738, 664, 748, 749, 878, 755, 245, 502, 633, 636, 874, 462]
i =  20 [128, 768, 770, 516, 68, 269, 142, 532, 495, 24, 537, 559, 669, 30, 545, 932, 936, 681, 938, 942, 943, 820, 55, 955, 958, 447, 964, 965, 966, 969, 973, 467, 853, 345, 219, 991, 827, 877, 239, 114, 886, 425, 504, 895]
i =  21 [392, 44, 139, 654, 913, 857, 29, 160, 929, 168, 940, 173, 157, 817, 946, 51, 52, 571, 319, 832, 963, 708, 972, 205, 78, 717, 337, 984, 985, 860, 605, 225, 741, 465, 743, 191, 238, 891, 127]
i =  22 [769, 389, 904, 909, 782, 911, 272, 145, 914, 787, 281, 921, 923, 926, 36, 301, 180, 950, 568, 317, 830, 831, 704, 961, 324, 711, 970, 849, 983, 986, 988, 861, 997, 871, 872, 363, 882]
i =  23 [642, 774, 391, 258, 148, 666, 155, 670, 519, 814, 433, 818, 314, 699, 320, 834, 452, 197, 838, 848, 597, 729, 739, 108, 246, 887, 121]
i =  24 [641, 643, 656, 663, 26, 413, 548, 680, 169, 812, 754, 563, 696, 575, 833, 322, 842, 721, 724, 341, 618, 242, 505, 378, 379, 508]
i =  25 [641, 643, 656, 663, 26, 413, 548, 680, 169, 812, 754, 563, 696, 575, 833, 322, 842, 721, 724, 341, 618, 242, 505, 378, 379, 508]
i =  26 [128, 768, 770, 142, 532, 917, 24, 943, 669, 545, 932, 681, 938, 559, 820, 955, 958, 447, 964, 965, 966, 969, 973, 853, 991, 827, 877, 114, 117, 886, 895]
i =  27 [128, 768, 770, 517, 129, 652, 142, 399, 532, 24, 538, 943, 669, 545, 932, 549, 681, 938, 939, 174, 559, 820, 329, 955, 958, 447, 964, 965, 966, 256, 969, 204, 973, 237, 853, 88, 475, 991, 827, 491, 877, 114, 499, 628, 886, 85, 254, 895]
i =  28 [769, 2, 389, 311, 1, 904, 909, 782, 911, 272, 145, 914, 787, 921, 923, 926, 773, 560, 411, 36, 421, 166, 552, 7, 301, 302, 48, 950, 439, 568, 330, 830, 831, 704, 961, 324, 325, 711, 200, 585, 970, 695, 849, 978, 84, 983, 986, 655, 988, 861, 353, 994, 99, 871, 872, 745, 106, 363, 750, 623, 882, 501, 489, 762]
i =  29 [512, 521, 268, 783, 531, 916, 789, 24, 665, 799, 803, 813, 815, 569, 828, 714, 722, 83, 600, 608, 1000, 617, 659, 759, 761, 253]
i =  30 [388, 394, 13, 273, 18, 277, 164, 807, 171, 300, 689, 178, 309, 697, 826, 867, 957, 62, 63, 194, 835, 73, 339, 852, 730, 862, 864, 993, 226, 611, 869, 873, 679, 236, 658, 881, 105, 889]
i =  31 [392, 654, 913, 796, 29, 160, 929, 940, 817, 946, 571, 191, 832, 963, 708, 972, 205, 717, 337, 984, 857, 860, 605, 741, 465, 743, 238, 319, 891, 127]
i =  32 [769, 901, 904, 909, 782, 911, 272, 145, 914, 787, 921, 923, 926, 389, 36, 421, 301, 950, 568, 830, 831, 704, 961, 324, 325, 711, 970, 849, 983, 986, 988, 861, 353, 994, 613, 871, 872, 363, 882]
i =  33 [645, 902, 524, 915, 662, 409, 924, 927, 880, 935, 175, 435, 564, 437, 752, 949, 843, 469, 863, 627, 866, 868, 614, 892, 876, 624, 883, 500, 888, 764, 509]
i =  34 [388, 556, 394, 398, 18, 279, 153, 542, 546, 419, 164, 422, 807, 300, 689, 10, 611, 309, 697, 826, 957, 62, 835, 588, 975, 339, 852, 215, 730, 954, 862, 864, 867, 869, 486, 679, 658, 366, 881, 889, 38, 382]
i =  35 [515, 132, 265, 395, 660, 151, 156, 800, 674, 603, 550, 299, 429, 688, 690, 185, 570, 59, 700, 458, 190, 578, 195, 580, 583, 968, 202, 802, 461, 725, 598, 855, 472, 731, 732, 95, 763, 360, 535, 496, 369, 123, 372, 313, 510]
i =  36 [645, 902, 524, 915, 662, 409, 883, 924, 925, 927, 880, 935, 175, 435, 564, 437, 316, 752, 843, 469, 863, 866, 868, 614, 764, 876, 624, 627, 500, 888, 892, 509]
i =  37 [645, 902, 524, 915, 662, 409, 883, 924, 927, 880, 935, 175, 435, 564, 437, 624, 843, 720, 469, 863, 866, 868, 614, 764, 876, 752, 627, 500, 888, 892, 509]
i =  38 [260, 321, 777, 11, 141, 527, 657, 21, 919, 280, 667, 931, 421, 553, 945, 691, 60, 189, 705, 325, 198, 328, 718, 719, 594, 595, 85, 214, 88, 347, 353, 994, 356, 613, 785, 744, 368, 753, 377]
i =  39 [490, 136, 522, 784, 248, 275, 285, 31, 289, 290, 292, 678, 305, 296, 297, 941, 49, 306, 308, 606, 822, 824, 444, 701, 457, 112, 208, 632, 734, 352, 464, 742, 362, 107, 622, 240, 498, 119, 760, 380, 125]
i =  40 [515, 299, 550, 583, 968, 156, 202, 395, 429, 369, 372, 598, 535, 313, 570, 603, 151, 458, 190, 95]
i =  41 [645, 902, 524, 915, 662, 409, 924, 927, 928, 624, 764, 935, 175, 752, 435, 564, 437, 957, 843, 339, 469, 863, 627, 866, 868, 614, 361, 876, 880, 883, 500, 888, 892, 509]
i =  42 [386, 264, 905, 651, 780, 912, 402, 795, 930, 675, 937, 956, 962, 837, 840, 908, 979, 980, 981, 982, 602, 987, 989, 735, 992, 995, 996, 998, 999, 875, 530, 371, 503, 890]
i =  43 [128, 768, 770, 142, 532, 24, 943, 669, 545, 932, 681, 938, 559, 820, 827, 958, 447, 964, 965, 966, 967, 969, 973, 853, 991, 955, 877, 114, 886, 895]
i =  44 [128, 768, 770, 8, 397, 142, 19, 532, 24, 964, 943, 669, 545, 932, 681, 938, 559, 947, 820, 955, 958, 447, 960, 68, 965, 966, 969, 973, 853, 991, 827, 877, 114, 886, 895]
i =  45 [386, 264, 905, 651, 780, 912, 402, 795, 930, 675, 937, 944, 956, 962, 837, 840, 908, 979, 980, 981, 602, 987, 989, 735, 992, 995, 996, 998, 999, 875, 530, 371, 503, 890]
i =  46 [768, 128, 770, 142, 532, 24, 559, 669, 545, 932, 681, 938, 943, 820, 953, 955, 958, 447, 964, 965, 966, 969, 973, 853, 991, 827, 877, 114, 886, 895]
i =  47 [135, 392, 940, 139, 140, 654, 15, 913, 276, 857, 27, 157, 160, 929, 418, 168, 860, 44, 173, 558, 431, 817, 946, 51, 52, 319, 183, 312, 436, 571, 61, 959, 832, 963, 708, 161, 972, 717, 78, 205, 465, 303, 984, 985, 463, 476, 605, 223, 225, 337, 485, 487, 234, 743, 29, 191, 238, 625, 741, 634, 891, 127]
i =  48 [128, 768, 770, 142, 532, 24, 943, 669, 545, 932, 934, 681, 938, 559, 820, 955, 958, 447, 964, 965, 966, 969, 973, 853, 991, 827, 877, 114, 886, 895]
i =  49 [769, 2, 389, 1, 904, 909, 782, 911, 272, 145, 914, 787, 921, 922, 411, 926, 773, 48, 923, 36, 166, 552, 7, 301, 302, 560, 950, 439, 568, 970, 830, 831, 704, 961, 695, 324, 711, 200, 585, 330, 311, 849, 978, 84, 983, 986, 655, 988, 861, 99, 871, 872, 745, 106, 363, 750, 623, 882, 501, 489, 762]
i =  50 [385, 387, 776, 781, 910, 792, 786, 536, 153, 420, 808, 810, 430, 823, 829, 758, 333, 846, 850, 89, 865, 874, 748, 749, 502]
i =  51 [386, 903, 264, 905, 651, 780, 912, 402, 795, 930, 675, 937, 956, 962, 837, 840, 908, 979, 980, 981, 344, 602, 987, 989, 735, 992, 995, 996, 998, 999, 875, 530, 371, 503, 890]
i =  52 [386, 264, 905, 906, 651, 780, 912, 402, 795, 930, 675, 937, 956, 962, 837, 840, 908, 979, 980, 981, 602, 987, 989, 735, 992, 995, 996, 998, 999, 875, 530, 371, 503, 890]
i =  53 [386, 264, 905, 651, 780, 912, 402, 795, 930, 675, 937, 956, 962, 907, 837, 840, 908, 979, 980, 981, 602, 987, 989, 735, 992, 995, 996, 998, 999, 875, 530, 371, 503, 890]
i =  54 [896, 642, 899, 774, 519, 666, 27, 670, 155, 554, 391, 814, 433, 818, 314, 699, 320, 834, 452, 197, 838, 205, 848, 597, 729, 739, 246]
i =  55 [897, 386, 264, 905, 651, 780, 912, 402, 795, 161, 930, 675, 937, 371, 735, 956, 191, 962, 837, 840, 908, 211, 980, 981, 602, 987, 989, 479, 992, 995, 996, 998, 999, 875, 530, 979, 503, 890]
i =  56 [811, 900, 396, 400, 401, 277, 367, 798, 805, 423, 426, 43, 684, 557, 821, 566, 73, 702, 712, 841, 460, 589, 727, 859, 993, 610, 615, 494, 879, 506, 893, 894]
i =  57 [392, 654, 913, 29, 160, 929, 940, 817, 946, 571, 319, 832, 963, 708, 972, 717, 205, 465, 984, 857, 860, 605, 741, 337, 743, 191, 238, 884, 891, 127]
i =  58 [257, 132, 265, 12, 660, 282, 283, 800, 674, 291, 933, 688, 690, 307, 182, 185, 59, 700, 288, 578, 195, 580, 802, 461, 163, 212, 725, 855, 472, 731, 732, 990, 763, 103, 360, 496, 116, 123, 510]
i =  59 [647, 393, 779, 144, 281, 544, 34, 804, 683, 428, 174, 819, 180, 953, 317, 703, 576, 847, 596, 220, 478, 740, 997, 870, 243, 340, 765, 766]
i =  60 [35, 39, 109, 50, 115, 86, 951, 25, 58, 579]
i =  61 [611, 258, 388, 394, 599, 130, 18, 451, 148, 153, 164, 807, 300, 689, 862, 309, 697, 826, 62, 835, 332, 845, 975, 80, 339, 852, 471, 473, 730, 91, 733, 94, 869, 864, 867, 101, 234, 679, 108, 658, 881, 851, 120, 889]
i =  62 [644, 646, 775, 266, 653, 790, 25, 415, 35, 39, 424, 41, 682, 686, 50, 951, 825, 58, 316, 587, 844, 86, 343, 856, 474, 737, 612, 109, 115, 117, 635, 298, 767]
i =  63 [649, 778, 788, 152, 797, 673, 677, 685, 816, 561, 565, 186, 193, 456, 459, 334, 466, 604, 736, 621, 757, 631, 249]
i =  64 [386, 264, 905, 651, 908, 912, 402, 795, 930, 675, 806, 937, 956, 962, 837, 840, 780, 979, 980, 981, 602, 987, 989, 735, 992, 995, 996, 998, 999, 875, 530, 371, 503, 890]
i =  65 [645, 902, 524, 915, 662, 409, 883, 924, 927, 752, 935, 175, 435, 564, 437, 624, 843, 469, 863, 866, 868, 614, 892, 746, 876, 880, 627, 500, 888, 764, 509]
i =  66 [128, 768, 770, 142, 532, 24, 559, 669, 545, 932, 681, 938, 943, 820, 955, 958, 447, 964, 965, 966, 969, 973, 723, 853, 991, 827, 877, 114, 886, 895]
i =  67 [705, 994, 421, 325, 353, 744, 777, 141, 718, 527, 753, 691, 726, 280, 657, 667, 785, 189, 719, 613]
i =  68 [262, 650, 528, 661, 406, 671, 454, 551, 555, 304, 434, 287, 582, 715, 716, 977, 211, 350, 484, 619, 370, 255]
i =  69 [386, 264, 905, 651, 908, 912, 530, 795, 930, 675, 676, 937, 944, 305, 956, 962, 837, 840, 780, 979, 980, 981, 602, 987, 989, 735, 992, 995, 996, 998, 999, 875, 402, 371, 503, 890]
i =  70 [707, 358, 263, 648, 713, 586, 573, 638, 692, 244, 533, 404, 607, 21, 541, 574, 511]
i =  71 [386, 264, 905, 651, 908, 912, 530, 795, 161, 930, 675, 937, 840, 479, 956, 962, 837, 584, 780, 590, 979, 980, 981, 602, 987, 989, 735, 992, 995, 996, 998, 999, 875, 402, 371, 503, 890]
i =  72 [385, 387, 776, 781, 910, 792, 786, 536, 153, 420, 808, 810, 430, 823, 829, 758, 333, 846, 593, 850, 89, 865, 874, 748, 749, 502]
i =  73 [770, 219, 516, 936, 425, 269, 942, 239, 562, 467, 345, 55, 504, 537, 495, 30]
i =  74 [769, 389, 904, 909, 782, 911, 272, 145, 914, 787, 921, 923, 926, 36, 301, 950, 568, 830, 831, 704, 961, 324, 711, 970, 849, 526, 983, 986, 988, 861, 871, 872, 363, 882]
i =  75 [194, 873, 171, 236, 226, 13, 273, 178, 105, 539, 63]
i =  76 [392, 654, 913, 27, 540, 29, 160, 929, 940, 817, 946, 571, 191, 832, 963, 708, 972, 205, 717, 337, 984, 857, 860, 605, 891, 741, 465, 743, 238, 319, 127]
i =  77 [769, 389, 904, 909, 782, 911, 272, 145, 914, 787, 921, 923, 926, 36, 301, 950, 568, 830, 831, 704, 961, 324, 711, 970, 849, 84, 983, 986, 988, 861, 871, 872, 363, 882, 468]
i =  78 [386, 264, 905, 651, 908, 912, 402, 795, 930, 675, 937, 735, 956, 962, 837, 840, 780, 979, 980, 981, 470, 602, 987, 989, 479, 992, 995, 996, 998, 999, 875, 530, 371, 503, 890]
i =  79 [416, 448, 482, 523, 581, 134, 453, 427, 172, 480, 534, 601, 346, 507, 124, 373]
i =  80 [546, 419, 68, 486, 38, 422, 556, 10, 215, 588, 398, 542, 366, 279, 410, 954, 382]
i =  81 [96, 449, 450, 65, 74, 354, 45, 47, 22, 376, 335, 318, 351]
i =  82 [67, 133, 40, 77, 271, 81, 20, 149, 184, 216, 223]
i =  83 [162, 3, 37, 199, 206, 143, 176, 110, 278, 53, 69]
i =  84 [64, 131, 228, 232, 233, 14, 79, 177, 126, 90, 222]
i =  85 [641, 643, 656, 663, 26, 413, 548, 680, 169, 812, 242, 563, 696, 575, 833, 322, 842, 721, 724, 341, 221, 618, 754, 505, 378, 379, 508]
finish get all communities
complete deal_communities
commplete get_all_nature_community
----------------------------------The detection result is: 

all communities: 
i =  1 : [23, 33, 46, 72, 87, 93, 100, 102, 104, 113]
i =  2 : [32, 80, 85, 88, 91, 94, 101, 108, 120, 129, 130, 148, 188, 204, 234, 237, 254, 256, 258, 274, 329, 332, 355, 399, 451, 471, 473, 475, 491, 499, 517, 538, 549, 599, 628, 652, 733, 948, 976]
i =  3 : [42, 54, 66, 70, 76, 137, 138, 147, 159, 210, 213]
i =  4 : [11, 60, 198, 214, 260, 321, 328, 347, 356, 368, 377, 417, 553, 594, 595, 918, 945]
i =  5 : [5, 6, 9, 17, 82, 118, 150, 167, 187, 229, 230]
i =  6 : [59, 123, 132, 185, 195, 265, 360, 438, 461, 472, 496, 510, 578, 580, 660, 674, 688, 690, 700, 725, 731, 732, 763, 800, 802, 855]
i =  7 : [71, 122, 154, 158, 179, 217, 231, 357, 384, 390, 405, 407, 440, 481]
i =  8 : [4, 11, 56, 60, 111, 146, 196, 198, 214, 251, 260, 293, 321, 328, 347, 356, 368, 374, 377, 381, 455, 497, 553, 577, 592, 594, 595, 609, 640, 672, 693, 694, 698, 706, 710, 794, 801, 916, 918]
i =  9 : [16, 32, 80, 91, 92, 94, 101, 108, 120, 130, 148, 188, 209, 258, 267, 325, 332, 349, 353, 355, 445, 446, 451, 471, 473, 488, 567, 572, 599, 629, 637, 639, 668, 728, 733, 751, 931, 971, 976]
i =  10 : [75, 203, 227, 259, 286, 323, 336, 348, 365, 375, 414, 441, 442, 443]
i =  11 : [8, 19, 192, 245, 294, 397, 412, 462, 514, 525, 620, 633, 636, 664, 738, 791, 809, 836, 839, 854, 858, 885, 898, 947]
i =  12 : [28, 181, 261, 284, 310, 326, 331, 342, 359, 383, 403, 493, 513, 518, 520, 543, 616, 626]
i =  13 : [98, 170, 201, 218, 247, 252, 270, 327, 364, 408, 432, 477, 483, 492, 529, 547, 591, 630, 687, 709, 756, 772, 793, 920, 977]
i =  14 : [59, 95, 123, 132, 151, 156, 185, 190, 195, 202, 265, 299, 313, 360, 369, 372, 395, 429, 458, 461, 472, 496, 510, 515, 535, 550, 570, 578, 580, 583, 598, 603, 660, 674, 688, 690, 700, 725, 731, 732, 763, 800, 802, 855, 968, 990]
i =  15 : [57, 97, 165, 207, 224, 235, 241, 250, 269, 295, 315, 338, 747]
i =  16 : [8, 19, 89, 153, 192, 245, 294, 309, 333, 385, 387, 397, 412, 420, 430, 462, 502, 514, 525, 536, 620, 633, 636, 664, 738, 748, 749, 755, 758, 776, 781, 786, 791, 792, 808, 809, 810, 823, 829, 836, 839, 846, 850, 854, 858, 865, 874, 878, 885, 952, 974, 975]
i =  17 : [108, 121, 148, 155, 197, 246, 258, 314, 320, 391, 433, 452, 519, 597, 642, 666, 670, 699, 729, 739, 774, 814, 818, 834, 838, 848, 887]
i =  18 : [24, 83, 253, 268, 512, 521, 531, 569, 600, 608, 617, 659, 665, 714, 722, 759, 761, 783, 789, 799, 803, 813, 815, 828, 916, 1000]
i =  19 : [13, 18, 62, 63, 73, 105, 164, 171, 178, 194, 226, 236, 273, 277, 300, 309, 339, 388, 394, 611, 658, 679, 689, 697, 730, 807, 826, 835, 852, 862, 864, 867, 869, 873, 881, 889, 957, 993]
i =  20 : [10, 18, 38, 62, 153, 164, 215, 279, 300, 309, 339, 366, 382, 388, 394, 398, 419, 422, 486, 542, 546, 556, 588, 611, 658, 679, 689, 697, 730, 807, 826, 835, 852, 862, 864, 867, 869, 881, 889, 954, 957, 975]
i =  21 : [11, 21, 60, 85, 88, 141, 189, 198, 214, 260, 280, 321, 325, 328, 347, 353, 356, 368, 377, 421, 527, 553, 594, 595, 613, 657, 667, 691, 705, 718, 719, 744, 753, 777, 785, 919, 931, 945, 994]
i =  22 : [31, 49, 107, 112, 119, 125, 136, 208, 240, 248, 275, 285, 289, 290, 292, 296, 297, 305, 306, 308, 352, 362, 380, 444, 457, 464, 490, 498, 522, 606, 622, 632, 678, 701, 734, 742, 760, 784, 822, 824, 941]
i =  23 : [15, 27, 29, 44, 51, 52, 61, 78, 127, 135, 139, 140, 157, 160, 161, 168, 173, 183, 191, 205, 223, 225, 234, 238, 276, 303, 312, 319, 337, 392, 418, 431, 436, 463, 465, 476, 485, 487, 558, 571, 605, 625, 634, 654, 708, 717, 741, 743, 817, 832, 857, 860, 891, 913, 929, 940, 946, 959, 963, 972, 984, 985]
i =  24 : [27, 155, 197, 205, 246, 314, 320, 391, 433, 452, 519, 554, 597, 642, 666, 670, 699, 729, 739, 774, 814, 818, 834, 838, 848, 896, 899]
i =  25 : [43, 73, 277, 367, 396, 400, 401, 423, 426, 460, 494, 506, 557, 566, 589, 610, 615, 684, 702, 712, 727, 798, 805, 811, 821, 841, 859, 879, 893, 894, 900, 993]
i =  26 : [12, 59, 103, 116, 123, 132, 163, 182, 185, 195, 212, 257, 265, 282, 283, 288, 291, 307, 360, 461, 472, 496, 510, 578, 580, 660, 674, 688, 690, 700, 725, 731, 732, 763, 800, 802, 855, 933, 990]
i =  27 : [34, 144, 174, 180, 220, 243, 281, 317, 340, 393, 428, 478, 544, 576, 596, 647, 683, 703, 740, 765, 766, 779, 804, 819, 847, 870, 953, 997]
i =  28 : [25, 35, 39, 50, 58, 86, 109, 115, 579, 951]
i =  29 : [18, 62, 80, 91, 94, 101, 108, 120, 130, 148, 153, 164, 234, 258, 300, 309, 332, 339, 388, 394, 451, 471, 473, 599, 611, 658, 679, 689, 697, 730, 733, 807, 826, 835, 845, 851, 852, 862, 864, 867, 869, 881, 889, 975]
i =  30 : [25, 35, 39, 41, 50, 58, 86, 109, 115, 117, 266, 298, 316, 343, 415, 424, 474, 587, 612, 635, 644, 646, 653, 682, 686, 737, 767, 775, 790, 825, 844, 856, 951]
i =  31 : [152, 186, 193, 249, 334, 456, 459, 466, 561, 565, 604, 621, 631, 649, 673, 677, 685, 736, 757, 778, 788, 797, 816]
i =  32 : [141, 189, 280, 325, 353, 421, 527, 613, 657, 667, 691, 705, 718, 719, 726, 744, 753, 777, 785, 994]
i =  33 : [211, 255, 262, 287, 304, 350, 370, 406, 434, 454, 484, 528, 551, 555, 582, 619, 650, 661, 671, 715, 716, 977]
i =  34 : [21, 244, 263, 358, 404, 511, 533, 541, 573, 574, 586, 607, 638, 648, 692, 707, 713]
i =  35 : [89, 153, 333, 385, 387, 420, 430, 502, 536, 593, 748, 749, 758, 776, 781, 786, 792, 808, 810, 823, 829, 846, 850, 865, 874, 910]
i =  36 : [30, 55, 219, 239, 269, 345, 425, 467, 495, 504, 516, 537, 562, 770, 936, 942]
i =  37 : [13, 63, 105, 171, 178, 194, 226, 236, 273, 539, 873]
i =  38 : [124, 134, 172, 346, 373, 416, 427, 448, 453, 480, 482, 507, 523, 534, 581, 601]
i =  39 : [10, 38, 68, 215, 279, 366, 382, 398, 410, 419, 422, 486, 542, 546, 556, 588, 954]
i =  40 : [22, 45, 47, 65, 74, 96, 318, 335, 351, 354, 376, 449, 450]
i =  41 : [20, 40, 67, 77, 81, 133, 149, 184, 216, 223, 271]
i =  42 : [3, 37, 53, 69, 110, 143, 162, 176, 199, 206, 278]
i =  43 : [14, 64, 79, 90, 126, 131, 177, 222, 228, 232, 233]
i =  44 : [26, 169, 221, 242, 322, 341, 378, 379, 413, 505, 508, 548, 563, 575, 618, 641, 643, 656, 663, 680, 696, 721, 724, 754, 812, 833, 842]
i =  45 : [24, 30, 55, 68, 114, 117, 128, 142, 219, 239, 269, 345, 425, 447, 467, 495, 504, 516, 532, 537, 545, 559, 669, 681, 768, 770, 820, 827, 853, 877, 886, 895, 917, 932, 936, 938, 942, 943, 955, 958, 964, 965, 966, 969, 973, 991]
i =  46 : [1, 2, 7, 36, 48, 84, 99, 106, 145, 166, 200, 272, 301, 302, 311, 324, 325, 330, 353, 363, 389, 411, 421, 439, 489, 501, 552, 560, 568, 585, 623, 655, 695, 704, 711, 745, 750, 762, 769, 773, 782, 787, 830, 831, 849, 861, 871, 872, 882, 904, 909, 911, 914, 921, 922, 923, 926, 950, 961, 970, 978, 983, 986, 988, 994]
i =  47 : [24, 85, 88, 114, 117, 128, 129, 142, 174, 204, 237, 254, 256, 329, 399, 447, 475, 491, 499, 517, 532, 538, 545, 549, 559, 628, 652, 669, 681, 768, 770, 820, 827, 853, 877, 886, 895, 917, 932, 938, 939, 943, 955, 958, 964, 965, 966, 967, 969, 973, 991]
i =  48 : [27, 29, 127, 160, 191, 205, 238, 319, 337, 392, 465, 540, 571, 605, 654, 708, 717, 741, 743, 796, 817, 832, 857, 860, 884, 891, 913, 929, 940, 946, 963, 972, 984]
i =  49 : [36, 84, 145, 180, 272, 281, 301, 317, 324, 325, 353, 363, 389, 421, 468, 526, 568, 613, 704, 711, 769, 782, 787, 830, 831, 849, 861, 871, 872, 882, 901, 904, 909, 911, 914, 921, 923, 926, 950, 961, 970, 983, 986, 988, 994, 997]
i =  50 : [8, 19, 24, 68, 114, 128, 142, 397, 447, 532, 545, 559, 669, 681, 723, 768, 770, 820, 827, 853, 877, 886, 895, 932, 934, 938, 943, 947, 953, 955, 958, 960, 964, 965, 966, 967, 969, 973, 991]
i =  51 : [175, 316, 339, 361, 409, 435, 437, 469, 500, 509, 524, 564, 614, 624, 627, 645, 662, 720, 746, 752, 764, 771, 843, 863, 866, 868, 876, 880, 883, 888, 892, 902, 915, 924, 925, 927, 928, 935, 949, 957]
i =  52 : [161, 191, 211, 264, 305, 344, 371, 386, 402, 470, 479, 503, 530, 584, 590, 602, 651, 675, 676, 735, 780, 795, 806, 837, 840, 875, 890, 897, 903, 905, 906, 907, 908, 912, 930, 937, 944, 956, 962, 979, 980, 981, 982, 987, 989, 992, 995, 996, 998, 999]
overlapping nodes are:  [8, 10, 11, 13, 18, 19, 21, 24, 25, 27, 29, 30, 32, 35, 36, 38, 39, 50, 55, 58, 59, 60, 62, 63, 68, 73, 80, 84, 85, 86, 88, 89, 91, 94, 101, 105, 108, 109, 114, 115, 117, 120, 123, 127, 128, 129, 130, 132, 141, 142, 145, 148, 153, 155, 160, 161, 164, 171, 174, 178, 180, 185, 188, 189, 191, 192, 194, 195, 197, 198, 204, 205, 211, 214, 215, 219, 223, 226, 234, 236, 237, 238, 239, 245, 246, 254, 256, 258, 260, 265, 269, 272, 273, 277, 279, 280, 281, 294, 300, 301, 305, 309, 314, 316, 317, 319, 320, 321, 324, 325, 328, 329, 332, 333, 337, 339, 345, 347, 353, 355, 356, 360, 363, 366, 368, 377, 382, 385, 387, 388, 389, 391, 392, 394, 397, 398, 399, 412, 419, 420, 421, 422, 425, 430, 433, 447, 451, 452, 461, 462, 465, 467, 471, 472, 473, 475, 486, 491, 495, 496, 499, 502, 504, 510, 514, 516, 517, 519, 525, 527, 532, 536, 537, 538, 542, 545, 546, 549, 553, 556, 559, 568, 571, 578, 580, 588, 594, 595, 597, 599, 605, 611, 613, 620, 628, 633, 636, 642, 652, 654, 657, 658, 660, 664, 666, 667, 669, 670, 674, 679, 681, 688, 689, 690, 691, 697, 699, 700, 704, 705, 708, 711, 717, 718, 719, 725, 729, 730, 731, 732, 733, 738, 739, 741, 743, 744, 748, 749, 753, 758, 763, 768, 769, 770, 774, 776, 777, 781, 782, 785, 786, 787, 791, 792, 800, 802, 807, 808, 809, 810, 814, 817, 818, 820, 823, 826, 827, 829, 830, 831, 832, 834, 835, 836, 838, 839, 846, 848, 849, 850, 852, 853, 854, 855, 857, 858, 860, 861, 862, 864, 865, 867, 869, 871, 872, 873, 874, 877, 881, 882, 885, 886, 889, 891, 895, 904, 909, 911, 913, 914, 916, 917, 918, 921, 923, 926, 929, 931, 932, 936, 938, 940, 942, 943, 945, 946, 947, 950, 951, 953, 954, 955, 957, 958, 961, 963, 964, 965, 966, 967, 969, 970, 972, 973, 975, 976, 977, 983, 984, 986, 988, 990, 991, 993, 994, 997] 
 NOO is:  356
total time is:  180.44489789
