lens of ground_truth:  59
ground_truth is: [[18, 39, 142, 246, 262, 326, 443, 507, 527, 547, 551, 564, 618, 638, 669, 721, 887, 938, 956], [72, 184, 194, 252, 383, 419, 420, 428, 432, 487, 495, 528, 541, 608, 686, 716, 733, 803, 850, 890, 938, 973, 977], [40, 113, 139, 175, 193, 227, 231, 262, 328, 420, 428, 510, 617, 640, 667, 675, 703, 721, 750, 753, 766, 774, 780, 818, 850, 868, 877, 886, 890, 891, 894, 911, 923, 936, 956, 960, 962, 965, 967, 968, 971, 976, 981, 982, 985, 986, 988, 992, 995, 996], [3, 43, 149, 188, 193, 249, 262, 346, 374, 401, 422, 481, 567, 569, 626, 648, 655, 689, 690, 713, 736, 741, 750, 784, 790, 865, 873, 883, 884, 890, 898, 912, 918, 924, 927, 931, 936, 990], [14, 51, 86, 113, 138, 193, 320, 376, 404, 427, 430, 451, 484, 579, 596, 604, 637, 643, 644, 662, 779, 816, 833, 836, 866, 871, 872, 905, 906, 908, 917, 918, 984, 989, 993], [139, 170, 214, 228, 279, 315, 372, 398, 423, 458, 469, 482, 542, 543, 761, 850, 952, 993], [1, 270, 275, 276, 314, 318, 336, 519, 540, 600, 611, 625, 645, 656, 683, 691, 706, 851, 952, 957], [113, 121, 149, 245, 277, 317, 347, 393, 398, 404, 424, 437, 455, 492, 511, 522, 601, 633, 644, 666, 709, 712, 742, 747, 761, 782, 789, 790, 805, 851, 877, 883, 893, 894, 902, 909, 913, 914, 933, 953, 956, 967, 977, 980, 981, 985, 987, 988, 991, 997], [98, 115, 201, 215, 235, 239, 283, 311, 549, 586, 610, 647, 655, 756, 778, 783, 797, 802, 803, 816, 835, 843, 853, 857, 874, 886, 893, 945, 988, 994, 999, 1000], [114, 203, 208, 253, 261, 312, 324, 607, 780, 929, 975, 992], [37, 104, 111, 145, 150, 303, 339, 360, 441, 445, 446, 514, 530, 873, 981], [77, 248, 262, 299, 302, 306, 368, 396, 489, 533, 579, 605, 620, 661, 670, 689, 712, 745, 748, 757, 760, 769, 779, 780, 786, 788, 812, 845, 861, 936, 945], [40, 108, 139, 166, 185, 207, 355, 424, 455, 556, 567, 607, 610, 614, 627, 654, 699, 704, 800, 816, 841, 850, 858, 890, 893, 915, 945, 953, 957, 965, 970, 999], [15, 52, 101, 318, 335, 366, 388, 420, 461, 465, 476, 524, 548, 556, 567, 574, 660, 746, 747, 765, 777, 791, 894, 911, 970, 1000], [44, 149, 206, 263, 270, 318, 398, 439, 556, 567, 581, 591, 610, 623, 677, 695, 730, 772, 782, 787, 815, 824, 826, 838, 864, 915, 928, 1000], [20, 22, 49, 57, 97, 120, 644, 826, 877, 985], [23, 47, 204, 267, 270, 318, 364, 414, 421, 440, 467, 520, 562, 588, 609, 658, 668, 705, 742, 747, 775, 780, 789, 795, 967, 989, 994], [54, 102, 105, 124, 131, 156, 158, 191, 293, 340, 344, 420, 424, 639, 641, 890, 911, 952], [36, 143, 185, 270, 289, 404, 428, 437, 455, 492, 601, 631, 644, 657, 709, 712, 722, 735, 747, 761, 762, 773, 780, 782, 818, 832, 855, 864, 869, 870, 873, 883, 887, 897, 913, 918, 933, 940, 946, 953, 970, 988, 989, 995], [40, 88, 176, 229, 259, 353, 401, 431, 442, 525, 531, 556, 559, 566, 642, 663, 682, 715, 725, 727, 750, 767, 770, 938, 973, 1000], [140, 157, 185, 223, 230, 250, 297, 352, 356, 373, 397, 406, 709, 851], [48, 69, 180, 308, 330, 359, 387, 395, 409, 444, 479, 549, 977, 990], [67, 74, 76, 172, 177, 247, 322, 333, 341, 425, 750, 873, 984], [30, 46, 50, 82, 108, 185, 202, 492, 589, 864, 999], [13, 19, 29, 59, 87, 129, 195, 196, 556, 803, 990], [5, 42, 61, 73, 117, 189, 210, 212, 266, 841, 883], [21, 103, 162, 222, 269, 280, 285, 367, 375, 403, 480, 508, 515, 887, 965], [154, 183, 316, 338, 411, 417, 420, 454, 455, 472, 523, 537, 607, 680, 681, 714, 719, 721, 729, 744, 758, 785, 794, 808, 821, 826, 841, 852, 907, 913, 945, 953, 968, 970], [40, 90, 109, 113, 181, 221, 251, 331, 369, 380, 382, 391, 460, 471, 851], [40, 149, 288, 306, 307, 329, 347, 398, 456, 535, 582, 589, 601, 613, 694, 696, 709, 711, 721, 742, 747, 774, 782, 789, 790, 792, 834, 850, 879, 903, 920, 921, 926, 928, 930, 995], [83, 192, 197, 295, 318, 437, 470, 488, 494, 502, 513, 610, 621, 678, 687, 804, 807, 816, 841, 844, 847, 880, 883, 889, 893, 899, 911, 957, 970, 973, 975, 999], [4, 6, 118, 141, 175, 185, 198, 260, 325, 370, 499, 536, 589, 689, 792, 968], [32, 89, 122, 147, 175, 319, 400, 404, 427, 434, 493, 500, 589, 601, 619, 653, 655, 684, 712, 723, 738, 740, 761, 763, 790, 818, 827, 841, 882, 885, 892, 918, 993], [17, 62, 81, 113, 119, 127, 225, 404, 428, 447, 464, 492, 539, 592, 601, 607, 617, 665, 701, 703, 709, 712, 724, 726, 754, 761, 776, 789, 790, 806, 877, 886, 894, 895, 900, 933, 935, 944, 950, 951, 953, 954, 961, 963, 965, 967, 974, 975, 978, 993], [10, 55, 92, 107, 232, 238, 610, 803, 886, 975, 999], [99, 100, 116, 153, 165, 237, 264, 272, 273, 305, 306, 378, 408], [9, 12, 123, 126, 132, 137, 152, 240, 589, 981, 994], [38, 96, 151, 234, 290, 306, 401, 427, 452, 478, 534, 553, 578, 629, 650, 676, 700, 755, 796, 873, 929, 956, 973, 984, 994], [34, 58, 63, 187, 211, 301, 364, 371, 379, 405, 412, 413, 463, 503, 526, 632, 651, 679, 685, 720, 728, 734, 864], [41, 60, 94, 112, 146, 175, 292, 294, 306, 337, 424, 473, 549, 572, 579, 590, 628, 655, 689, 739, 743, 751, 810, 820, 863, 864, 877, 888, 904, 913, 916, 933, 938, 942, 948, 957, 959, 966, 968, 972, 979, 984, 989, 994], [80, 108, 139, 327, 363, 437, 475, 504, 617, 622, 624, 652, 703, 732, 742, 759, 764, 768, 771, 774, 782, 789, 792, 813, 818, 825, 826, 831, 840, 875, 894, 933, 934, 936, 943, 947, 949, 964, 975, 977, 985, 992], [31, 159, 174, 182, 193, 219, 236, 309, 349, 418, 466, 490, 956, 995, 1000], [66, 258, 321, 386, 427, 438, 496, 497, 501, 506, 545, 571, 576, 584, 742, 918, 973], [139, 161, 164, 270, 287, 350, 385, 433, 532, 544, 565, 583, 597, 774, 826, 928, 929, 952], [7, 26, 28, 71, 135, 169, 175, 178, 209, 218, 220, 347, 477, 560, 573, 598, 616, 851, 990], [284, 286, 351, 364, 410, 424, 459, 468, 492, 549, 575, 579, 602, 603, 644, 655, 659, 702, 774, 792, 811, 814, 816, 819, 829, 878, 887, 896, 901, 910, 913, 919, 922, 932, 939, 977, 989, 990], [78, 91, 95, 160, 168, 205, 256, 332, 348, 362, 384, 407, 985], [2, 110, 167, 243, 281, 282, 323, 342, 498, 546, 557, 558, 561, 595, 606, 929, 938], [53, 134, 163, 199, 217, 304, 310, 345, 779, 792, 915, 967, 988], [65, 233, 242, 262, 334, 347, 428, 437, 474, 607, 612, 617, 630, 636, 646, 693, 697, 703, 718, 721, 737, 749, 752, 793, 798, 809, 823, 828, 830, 837, 846, 862, 876, 881, 886, 887, 925, 936, 937, 941, 945, 955, 958, 965, 969, 983, 992, 993, 998], [70, 108, 144, 149, 216, 274, 298, 343, 398, 401, 426, 450, 549, 552, 567, 568, 671, 688, 698, 799, 818, 893, 915, 928, 957, 995], [85, 133, 171, 241, 291, 365, 390, 402, 415, 462, 512, 517, 521, 555, 580, 615, 673, 750, 803, 911], [8, 11, 25, 33, 35, 64, 93, 106, 128, 929], [16, 68, 155, 257, 278, 296, 313, 364, 435, 485, 486, 505, 529, 585, 587, 594, 599, 634, 692, 915, 984], [84, 108, 130, 148, 186, 224, 254, 255, 265, 271, 300, 981], [79, 179, 364, 453, 457, 538, 577, 579, 649, 672, 689, 707, 708, 717, 731, 779, 781, 801, 817, 822, 839, 842, 848, 849, 854, 856, 859, 860, 867], [27, 56, 200, 213, 268, 401, 436, 449, 455, 518, 550, 617, 635, 664, 674, 703, 710, 928, 952, 968], [45, 125, 136, 193, 226, 244, 347, 357, 358, 361, 381, 394, 427, 429, 448, 483, 509], [24, 75, 173, 190, 354, 377, 389, 392, 399, 416, 491, 516, 554, 563, 570, 593, 779, 992]]
nodes: [408, 424, 427, 492, 549, 567, 589, 599, 601, 606, 607, 634, 651, 655, 703, 709, 721, 742, 750, 761, 774, 782, 789, 790, 792, 816, 818, 841, 845, 846, 851, 864, 867, 873, 883, 886, 887, 888, 911, 913, 918, 933, 936, 952, 957, 965, 967, 968, 970, 973, 977, 981, 984, 985, 990, 992, 995, 1000] num of nodes:  58
[[100, 165, 305, 264, 273, 408, 153, 378, 272], [424, 800, 858, 699], [427, 905, 908, 917], [30, 999, 202, 492], [387, 444, 479, 549], [567, 912, 931, 924, 927], [30, 999, 202, 46, 589], [257, 529, 594, 692, 585, 435, 505, 599], [601, 997, 987, 980, 991], [167, 546, 323, 557, 558, 561, 498, 282, 595, 342, 606], [253, 324, 261, 312, 607], [257, 529, 594, 692, 585, 435, 505, 634], [301, 679, 685, 720, 728, 734, 651, 379, 371], [655, 835, 857, 874, 756], [635, 674, 710, 664, 703], [352, 397, 406, 709, 373], [246, 618, 669, 638, 721, 564], [742, 987, 980, 997, 902, 991], [750, 912, 898, 931, 924, 927], [214, 482, 542, 543, 761, 279], [287, 544, 583, 565, 597, 774], [735, 946, 869, 782, 832, 773], [705, 775, 795, 789, 520, 588], [653, 882, 827, 723, 892, 790], [260, 325, 536, 370, 499, 792], [470, 880, 899, 844, 889, 816], [631, 897, 870, 940, 946, 818], [42, 73, 266, 189, 210, 61, 841], [489, 769, 812, 620, 745, 748, 845, 605, 786, 760, 788, 757, 861, 670], [718, 958, 837, 998, 823, 983, 876, 881, 862, 937, 955, 925, 830, 846, 752, 828], [611, 706, 645, 683, 656, 691, 851], [730, 772, 838, 815, 824, 787, 864], [649, 672, 801, 859, 707, 867, 708, 822, 839, 817, 842, 781, 717, 848, 856, 849, 731, 860, 854], [339, 514, 360, 873, 530, 445, 446], [5, 210, 189, 266, 212, 117, 883], [55, 999, 232, 107, 238, 92, 886], [443, 669, 527, 638, 547, 887, 507], [572, 948, 739, 966, 743, 904, 810, 972, 942, 751, 628, 979, 888, 916, 959, 820, 863], [890, 960, 996, 976, 986, 971, 982, 911], [722, 946, 940, 855, 869, 897, 762, 913], [723, 827, 882, 892, 738, 763, 885, 918], [825, 964, 934, 943, 947, 949, 933, 875], [923, 960, 962, 996, 971, 976, 982, 986, 936], [540, 952, 706, 611, 645, 656, 600, 625, 683, 691], [600, 706, 611, 645, 683, 656, 625, 691, 957], [891, 960, 962, 996, 971, 976, 982, 986, 923, 965], [805, 997, 914, 980, 987, 991, 902, 909, 967, 988], [891, 960, 962, 996, 971, 976, 982, 986, 923, 968], [621, 899, 804, 807, 844, 847, 880, 889, 999, 970], [478, 578, 676, 796, 553, 755, 973, 700, 629], [633, 997, 805, 902, 909, 914, 987, 980, 991, 977], [666, 991, 997, 805, 902, 909, 914, 987, 980, 981], [833, 866, 836, 871, 872, 905, 906, 908, 917, 984], [666, 991, 997, 805, 902, 909, 914, 987, 980, 985], [741, 990, 865, 784, 898, 912, 884, 931, 924, 927], [813, 964, 934, 947, 949, 943, 840, 992, 825, 831], [631, 897, 870, 940, 946, 832, 855, 869, 762, 995], [623, 772, 677, 838, 1000, 824, 815, 730, 787, 695]]
len of cliques:  58
length of seeds:  58
seeds:  [[649, 672, 801, 859, 707, 867, 708, 822, 839, 817, 842, 781, 717, 848, 856, 849, 731, 860, 854], [572, 948, 739, 966, 743, 904, 810, 972, 942, 751, 628, 979, 888, 916, 959, 820, 863], [718, 958, 837, 998, 823, 983, 876, 881, 862, 937, 955, 925, 830, 846, 752, 828], [489, 769, 812, 620, 745, 748, 845, 605, 786, 760, 788, 757, 861, 670], [167, 546, 323, 557, 558, 561, 498, 282, 595, 342, 606], [540, 952, 706, 611, 645, 656, 600, 625, 683, 691], [891, 960, 962, 996, 971, 976, 982, 986, 923, 965], [805, 997, 914, 980, 987, 991, 902, 909, 967, 988], [891, 960, 962, 996, 971, 976, 982, 986, 923, 968], [621, 899, 804, 807, 844, 847, 880, 889, 999, 970], [633, 997, 805, 902, 909, 914, 987, 980, 991, 977], [666, 991, 997, 805, 902, 909, 914, 987, 980, 981], [833, 866, 836, 871, 872, 905, 906, 908, 917, 984], [666, 991, 997, 805, 902, 909, 914, 987, 980, 985], [741, 990, 865, 784, 898, 912, 884, 931, 924, 927], [813, 964, 934, 947, 949, 943, 840, 992, 825, 831], [631, 897, 870, 940, 946, 832, 855, 869, 762, 995], [623, 772, 677, 838, 1000, 824, 815, 730, 787, 695], [100, 165, 305, 264, 273, 408, 153, 378, 272], [301, 679, 685, 720, 728, 734, 651, 379, 371], [923, 960, 962, 996, 971, 976, 982, 986, 936], [600, 706, 611, 645, 683, 656, 625, 691, 957], [478, 578, 676, 796, 553, 755, 973, 700, 629], [257, 529, 594, 692, 585, 435, 505, 599], [257, 529, 594, 692, 585, 435, 505, 634], [890, 960, 996, 976, 986, 971, 982, 911], [722, 946, 940, 855, 869, 897, 762, 913], [723, 827, 882, 892, 738, 763, 885, 918], [825, 964, 934, 943, 947, 949, 933, 875], [42, 73, 266, 189, 210, 61, 841], [611, 706, 645, 683, 656, 691, 851], [730, 772, 838, 815, 824, 787, 864], [339, 514, 360, 873, 530, 445, 446], [5, 210, 189, 266, 212, 117, 883], [55, 999, 232, 107, 238, 92, 886], [443, 669, 527, 638, 547, 887, 507], [246, 618, 669, 638, 721, 564], [742, 987, 980, 997, 902, 991], [750, 912, 898, 931, 924, 927], [214, 482, 542, 543, 761, 279], [287, 544, 583, 565, 597, 774], [735, 946, 869, 782, 832, 773], [705, 775, 795, 789, 520, 588], [653, 882, 827, 723, 892, 790], [260, 325, 536, 370, 499, 792], [470, 880, 899, 844, 889, 816], [631, 897, 870, 940, 946, 818], [567, 912, 931, 924, 927], [30, 999, 202, 46, 589], [601, 997, 987, 980, 991], [253, 324, 261, 312, 607], [655, 835, 857, 874, 756], [635, 674, 710, 664, 703], [352, 397, 406, 709, 373], [424, 800, 858, 699], [427, 905, 908, 917], [30, 999, 202, 492], [387, 444, 479, 549]]
seeds_fitness [0.6666666666666666, 0.4394184168012924, 0.33946251768033947, 0.4727272727272727, 0.6179775280898876, 0.27692307692307694, 0.12345679012345678, 0.1, 0.13274336283185842, 0.1274787535410765, 0.13953488372093023, 0.14106583072100312, 0.16333938294010888, 0.13274336283185842, 0.16216216216216217, 0.1282051282051282, 0.14308426073131955, 0.20833333333333334, 0.6486486486486487, 0.34615384615384615, 0.10198300283286119, 0.20869565217391303, 0.18652849740932642, 0.32, 0.3181818181818182, 0.07988587731811697, 0.0975609756097561, 0.1330166270783848, 0.08602150537634409, 0.28, 0.1794871794871795, 0.1494661921708185, 0.1990521327014218, 0.23333333333333334, 0.1024390243902439, 0.1728395061728395, 0.15873015873015872, 0.06607929515418502, 0.07633587786259542, 0.16042780748663102, 0.15625, 0.06550218340611354, 0.11152416356877323, 0.08695652173913043, 0.1910828025477707, 0.07936507936507936, 0.07177033492822966, 0.06042296072507553, 0.07194244604316546, 0.045351473922902494, 0.1834862385321101, 0.06711409395973154, 0.09950248756218906, 0.14492753623188406, 0.061855670103092786, 0.03773584905660377, 0.04225352112676056, 0.10434782608695652]
after sort list of tuple: [(0, 0.6666666666666666), (18, 0.6486486486486487), (4, 0.6179775280898876), (3, 0.4727272727272727), (1, 0.4394184168012924), (19, 0.34615384615384615), (2, 0.33946251768033947), (23, 0.32), (24, 0.3181818181818182), (29, 0.28), (5, 0.27692307692307694), (33, 0.23333333333333334), (21, 0.20869565217391303), (17, 0.20833333333333334), (32, 0.1990521327014218), (44, 0.1910828025477707), (22, 0.18652849740932642), (50, 0.1834862385321101), (30, 0.1794871794871795), (35, 0.1728395061728395), (12, 0.16333938294010888), (14, 0.16216216216216217), (39, 0.16042780748663102), (36, 0.15873015873015872), (40, 0.15625), (31, 0.1494661921708185), (53, 0.14492753623188406), (16, 0.14308426073131955), (11, 0.14106583072100312), (10, 0.13953488372093023), (27, 0.1330166270783848), (8, 0.13274336283185842), (13, 0.13274336283185842), (15, 0.1282051282051282), (9, 0.1274787535410765), (6, 0.12345679012345678), (42, 0.11152416356877323), (57, 0.10434782608695652), (34, 0.1024390243902439), (20, 0.10198300283286119), (7, 0.1), (52, 0.09950248756218906), (26, 0.0975609756097561), (43, 0.08695652173913043), (28, 0.08602150537634409), (25, 0.07988587731811697), (45, 0.07936507936507936), (38, 0.07633587786259542), (48, 0.07194244604316546), (46, 0.07177033492822966), (51, 0.06711409395973154), (37, 0.06607929515418502), (41, 0.06550218340611354), (54, 0.061855670103092786), (47, 0.06042296072507553), (49, 0.045351473922902494), (56, 0.04225352112676056), (55, 0.03773584905660377)]
seeds_sorted [[649, 672, 801, 859, 707, 867, 708, 822, 839, 817, 842, 781, 717, 848, 856, 849, 731, 860, 854], [100, 165, 305, 264, 273, 408, 153, 378, 272], [167, 546, 323, 557, 558, 561, 498, 282, 595, 342, 606], [489, 769, 812, 620, 745, 748, 845, 605, 786, 760, 788, 757, 861, 670], [572, 948, 739, 966, 743, 904, 810, 972, 942, 751, 628, 979, 888, 916, 959, 820, 863], [301, 679, 685, 720, 728, 734, 651, 379, 371], [718, 958, 837, 998, 823, 983, 876, 881, 862, 937, 955, 925, 830, 846, 752, 828], [257, 529, 594, 692, 585, 435, 505, 599], [257, 529, 594, 692, 585, 435, 505, 634], [42, 73, 266, 189, 210, 61, 841], [540, 952, 706, 611, 645, 656, 600, 625, 683, 691], [5, 210, 189, 266, 212, 117, 883], [600, 706, 611, 645, 683, 656, 625, 691, 957], [623, 772, 677, 838, 1000, 824, 815, 730, 787, 695], [339, 514, 360, 873, 530, 445, 446], [260, 325, 536, 370, 499, 792], [478, 578, 676, 796, 553, 755, 973, 700, 629], [253, 324, 261, 312, 607], [611, 706, 645, 683, 656, 691, 851], [443, 669, 527, 638, 547, 887, 507], [833, 866, 836, 871, 872, 905, 906, 908, 917, 984], [741, 990, 865, 784, 898, 912, 884, 931, 924, 927], [214, 482, 542, 543, 761, 279], [246, 618, 669, 638, 721, 564], [287, 544, 583, 565, 597, 774], [730, 772, 838, 815, 824, 787, 864], [352, 397, 406, 709, 373], [631, 897, 870, 940, 946, 832, 855, 869, 762, 995], [666, 991, 997, 805, 902, 909, 914, 987, 980, 981], [633, 997, 805, 902, 909, 914, 987, 980, 991, 977], [723, 827, 882, 892, 738, 763, 885, 918], [891, 960, 962, 996, 971, 976, 982, 986, 923, 968], [666, 991, 997, 805, 902, 909, 914, 987, 980, 985], [813, 964, 934, 947, 949, 943, 840, 992, 825, 831], [621, 899, 804, 807, 844, 847, 880, 889, 999, 970], [891, 960, 962, 996, 971, 976, 982, 986, 923, 965], [705, 775, 795, 789, 520, 588], [387, 444, 479, 549], [55, 999, 232, 107, 238, 92, 886], [923, 960, 962, 996, 971, 976, 982, 986, 936], [805, 997, 914, 980, 987, 991, 902, 909, 967, 988], [635, 674, 710, 664, 703], [722, 946, 940, 855, 869, 897, 762, 913], [653, 882, 827, 723, 892, 790], [825, 964, 934, 943, 947, 949, 933, 875], [890, 960, 996, 976, 986, 971, 982, 911], [470, 880, 899, 844, 889, 816], [750, 912, 898, 931, 924, 927], [30, 999, 202, 46, 589], [631, 897, 870, 940, 946, 818], [655, 835, 857, 874, 756], [742, 987, 980, 997, 902, 991], [735, 946, 869, 782, 832, 773], [424, 800, 858, 699], [567, 912, 931, 924, 927], [601, 997, 987, 980, 991], [30, 999, 202, 492], [427, 905, 908, 917]]
args__________ ([[649, 672, 801, 859, 707, 867, 708, 822, 839, 817, 842, 781, 717, 848, 856, 849, 731, 860, 854], [427, 905, 908, 917]],)
args__________ ([[100, 165, 305, 264, 273, 408, 153, 378, 272], [30, 999, 202, 492]],)
args__________ ([[167, 546, 323, 557, 558, 561, 498, 282, 595, 342, 606], [601, 997, 987, 980, 991]],)
args__________ ([[489, 769, 812, 620, 745, 748, 845, 605, 786, 760, 788, 757, 861, 670], [567, 912, 931, 924, 927]],)
args__________ ([[572, 948, 739, 966, 743, 904, 810, 972, 942, 751, 628, 979, 888, 916, 959, 820, 863], [424, 800, 858, 699]],)
args__________ ([[301, 679, 685, 720, 728, 734, 651, 379, 371], [735, 946, 869, 782, 832, 773]],)
args__________ ([[718, 958, 837, 998, 823, 983, 876, 881, 862, 937, 955, 925, 830, 846, 752, 828], [742, 987, 980, 997, 902, 991]],)
args__________ ([[257, 529, 594, 692, 585, 435, 505, 599], [655, 835, 857, 874, 756]],)
args__________ ([[257, 529, 594, 692, 585, 435, 505, 634], [631, 897, 870, 940, 946, 818]],)
args__________ ([[42, 73, 266, 189, 210, 61, 841], [30, 999, 202, 46, 589]],)
args__________ ([[540, 952, 706, 611, 645, 656, 600, 625, 683, 691], [750, 912, 898, 931, 924, 927]],)
args__________ ([[5, 210, 189, 266, 212, 117, 883], [470, 880, 899, 844, 889, 816]],)
args__________ ([[600, 706, 611, 645, 683, 656, 625, 691, 957], [890, 960, 996, 976, 986, 971, 982, 911]],)
args__________ ([[623, 772, 677, 838, 1000, 824, 815, 730, 787, 695], [825, 964, 934, 943, 947, 949, 933, 875]],)
args__________ ([[339, 514, 360, 873, 530, 445, 446], [653, 882, 827, 723, 892, 790]],)
args__________ ([[260, 325, 536, 370, 499, 792], [722, 946, 940, 855, 869, 897, 762, 913]],)
args__________ ([[478, 578, 676, 796, 553, 755, 973, 700, 629], [635, 674, 710, 664, 703]],)
args__________ ([[253, 324, 261, 312, 607], [805, 997, 914, 980, 987, 991, 902, 909, 967, 988]],)
args__________ ([[611, 706, 645, 683, 656, 691, 851], [923, 960, 962, 996, 971, 976, 982, 986, 936]],)
args__________ ([[443, 669, 527, 638, 547, 887, 507], [55, 999, 232, 107, 238, 92, 886]],)
args__________ ([[833, 866, 836, 871, 872, 905, 906, 908, 917, 984], [387, 444, 479, 549]],)
args__________ ([[741, 990, 865, 784, 898, 912, 884, 931, 924, 927], [705, 775, 795, 789, 520, 588]],)
args__________ ([[214, 482, 542, 543, 761, 279], [891, 960, 962, 996, 971, 976, 982, 986, 923, 965]],)
args__________ ([[246, 618, 669, 638, 721, 564], [621, 899, 804, 807, 844, 847, 880, 889, 999, 970]],)
args__________ ([[287, 544, 583, 565, 597, 774], [813, 964, 934, 947, 949, 943, 840, 992, 825, 831]],)
args__________ ([[730, 772, 838, 815, 824, 787, 864], [666, 991, 997, 805, 902, 909, 914, 987, 980, 985]],)
args__________ ([[352, 397, 406, 709, 373]],)
args__________ ([[631, 897, 870, 940, 946, 832, 855, 869, 762, 995]],)
args__________ ([[666, 991, 997, 805, 902, 909, 914, 987, 980, 981]],)
args__________ ([[633, 997, 805, 902, 909, 914, 987, 980, 991, 977]],)
args__________ ([[723, 827, 882, 892, 738, 763, 885, 918]],)
args__________ ([[891, 960, 962, 996, 971, 976, 982, 986, 923, 968]],)
finish process___________________
seed_node 994
seed_community:  [132, 647, 9, 778, 12, 783, 152, 137, 283, 797, 802, 311, 835, 201, 586, 843, 98, 853, 215, 857, 994, 874, 235, 239, 240, 115, 756, 123, 126]
seed_node 993
seed_community:  [32, 993, 738, 827, 740, 619, 684, 653, 493, 400, 882, 147, 500, 885, 723, 89, 122, 763, 892, 434, 319]
seed_node 989
seed_community:  [832, 897, 36, 869, 870, 289, 855, 940, 946, 143, 657, 722, 773, 631, 762, 989, 735]
seed_node 978
seed_community:  [900, 776, 17, 665, 539, 806, 935, 944, 950, 951, 954, 701, 62, 447, 961, 963, 974, 592, 81, 978, 724, 726, 225, 754, 464, 119, 895, 127]
seed_node 975
seed_community:  [992, 324, 261, 10, 203, 780, 975, 208, 114, 312, 253, 607]
seed_node 953
seed_community:  [832, 897, 36, 869, 870, 289, 855, 940, 722, 143, 657, 946, 631, 953, 762, 735, 773]
seed_node 956
seed_community:  [960, 640, 962, 227, 996, 231, 328, 971, 923, 976, 753, 675, 510, 982, 891, 868, 986, 667, 956, 766]
seed_node 938
seed_community:  [546, 2, 323, 167, 938, 557, 558, 561, 498, 243, 110, 342, 281, 282, 595, 606]
seed_node 939
seed_community:  [896, 811, 901, 910, 659, 919, 922, 284, 410, 286, 932, 939, 814, 819, 829, 702, 575, 459, 468, 602, 603, 351, 878]
seed_node 945
seed_community:  [783, 98, 843, 797, 647, 201, 778, 235, 802, 239, 945, 115, 756, 853, 311, 874, 857, 835, 283, 586, 215]
seed_node 929
seed_community:  [64, 128, 35, 33, 929, 8, 106, 11, 25, 93]
seed_node 930
seed_community:  [288, 834, 613, 582, 711, 456, 329, 903, 930, 879, 920, 307, 694, 535, 696, 921, 926]
seed_node 915
seed_community:  [815, 772, 581, 838, 263, 695, 44, 206, 623, 787, 439, 824, 730, 591, 915, 677]
seed_node 928
seed_community:  [544, 385, 928, 164, 161, 583, 565, 433, 532, 597, 350, 287]
seed_node 907
seed_community:  [523, 785, 537, 794, 411, 154, 417, 808, 681, 821, 183, 316, 907, 454, 714, 719, 338, 852, 472, 729, 744, 680, 758]
seed_node 893
seed_community:  [192, 513, 899, 804, 197, 678, 295, 488, 502, 807, 844, 621, 494, 847, 880, 83, 893, 470, 889, 687, 957]
seed_node 894
seed_community:  [960, 640, 962, 227, 996, 894, 231, 328, 667, 971, 976, 753, 675, 510, 982, 891, 868, 986, 923, 766]
seed_node 877
seed_community:  [902, 393, 522, 909, 914, 20, 277, 22, 666, 805, 49, 57, 317, 980, 633, 985, 987, 991, 97, 997, 877, 245, 120, 121, 511]
seed_node 850
seed_community:  [960, 640, 962, 227, 996, 766, 231, 328, 971, 976, 753, 850, 675, 667, 982, 891, 868, 986, 923, 510]
seed_node 826
seed_community:  [97, 49, 20, 22, 985, 120, 57, 826]
seed_node 803
seed_community:  [19, 129, 803, 196, 69, 359, 330, 395, 387, 13, 48, 195, 180, 308, 87, 409, 59, 444, 29, 990, 479]
seed_node 791
seed_community:  [548, 101, 777, 746, 524, 461, 366, 335, 465, 660, 791, 388, 15, 476, 765, 574, 52]
seed_node 799
seed_community:  [144, 450, 70, 552, 298, 688, 568, 274, 343, 216, 698, 799, 426, 671]
seed_node 767
seed_community:  [431, 353, 770, 259, 229, 682, 715, 663, 642, 525, 176, 531, 725, 566, 727, 88, 442, 559, 767]
seed_node 779
seed_community:  [163, 134, 199, 779, 304, 53, 310, 345, 217]
seed_node 733
seed_community:  [608, 528, 194, 419, 487, 72, 733, 716, 686, 495, 432, 184, 252, 541, 383]
seed_node 747
seed_community:  [511, 277, 997, 902, 967, 393, 522, 747, 909, 914, 980, 245, 121, 633, 666, 987, 991, 317, 805]
seed_node 712
seed_community:  [832, 897, 36, 773, 870, 289, 712, 631, 940, 946, 143, 657, 722, 855, 762, 735, 869]
seed_node 689
seed_community:  [4, 198, 6, 141, 689, 370, 499, 118, 536, 260, 325]
seed_node 673
seed_community:  [512, 673, 291, 580, 133, 390, 615, 521, 555, 517, 365, 462, 241, 402, 171, 85, 415]
seed_node 616
seed_community:  [71, 135, 616, 169, 7, 573, 560, 209, 178, 220, 598, 218, 26, 28, 477]
seed_node 617
seed_community:  [960, 640, 962, 227, 996, 231, 328, 617, 971, 923, 976, 753, 675, 766, 982, 891, 868, 986, 667, 510]
seed_node 639
seed_community:  [641, 131, 293, 102, 105, 156, 340, 54, 344, 639, 124, 158, 191]
seed_node 644
seed_community:  [644, 902, 393, 522, 909, 914, 20, 277, 22, 666, 805, 49, 57, 317, 980, 633, 985, 987, 991, 97, 997, 113, 245, 120, 121, 511]
seed_node 570
seed_community:  [416, 354, 491, 516, 389, 392, 554, 75, 173, 399, 593, 563, 24, 377, 570, 190]
seed_node 571
seed_community:  [576, 545, 258, 321, 584, 66, 386, 496, 497, 501, 438, 506, 571]
seed_node 579
seed_community:  [643, 905, 906, 908, 14, 451, 917, 662, 430, 51, 138, 320, 833, 579, 836, 596, 86, 604, 866, 484, 871, 872, 376, 637]
seed_node 556
seed_community:  [129, 195, 196, 556, 13, 19, 87, 59, 29]
seed_node 490
seed_community:  [418, 31, 490, 236, 174, 466, 309, 182, 219, 349, 159]
seed_node 508
seed_community:  [480, 162, 515, 103, 269, 367, 403, 21, 375, 280, 508, 285, 222]
seed_node 509
seed_community:  [448, 226, 483, 357, 358, 136, 361, 394, 45, 429, 244, 381, 509, 125]
seed_node 455
seed_community:  [800, 704, 355, 614, 166, 455, 139, 108, 654, 207, 627, 858, 699]
seed_node 460
seed_community:  [391, 331, 460, 109, 369, 181, 471, 90, 251, 380, 221, 382]
seed_node 398
seed_community:  [245, 277, 997, 902, 393, 522, 909, 398, 914, 980, 805, 121, 633, 666, 987, 991, 317, 511]
seed_node 401
seed_community:  [431, 353, 770, 259, 229, 682, 715, 663, 642, 525, 176, 401, 531, 725, 566, 727, 88, 442, 559, 767]
seed_node 404
seed_community:  [832, 897, 36, 869, 870, 289, 855, 940, 722, 143, 657, 946, 404, 631, 762, 735, 773]
seed_node 407
seed_community:  [256, 384, 168, 362, 160, 332, 205, 78, 407, 91, 348, 95]
seed_node 420
seed_community:  [640, 960, 962, 227, 420, 231, 328, 971, 923, 976, 753, 675, 766, 982, 891, 868, 986, 667, 996, 510]
seed_node 425
seed_community:  [322, 67, 425, 74, 172, 333, 76, 177, 341, 247]
seed_node 428
seed_community:  [832, 897, 36, 773, 870, 289, 940, 631, 428, 722, 143, 657, 946, 855, 762, 735, 869]
seed_node 437
seed_community:  [832, 897, 36, 773, 870, 289, 631, 940, 722, 143, 657, 946, 437, 855, 762, 735, 869]
seed_node 347
seed_community:  [288, 930, 613, 582, 711, 456, 329, 903, 834, 879, 696, 307, 694, 535, 920, 921, 347, 926]
seed_node 364
seed_community:  [649, 781, 538, 672, 801, 859, 817, 179, 822, 577, 707, 708, 453, 839, 457, 842, 717, 79, 848, 849, 854, 856, 731, 860, 867, 364]
seed_node 262
seed_community:  [547, 326, 262, 39, 618, 551, 142, 527, 18, 564, 246, 443, 669, 638, 507]
seed_node 270
seed_community:  [1, 706, 611, 645, 519, 683, 270, 336, 625, 275, 276, 691, 600, 656, 540, 314]
seed_node 300
seed_community:  [224, 130, 265, 300, 271, 84, 148, 186, 254, 255]
seed_node 306
seed_community:  [769, 620, 396, 786, 788, 661, 670, 299, 812, 302, 861, 306, 77, 845, 760, 605, 489, 748, 368, 757, 745, 248, 533]
seed_node 318
seed_community:  [1, 706, 611, 645, 519, 683, 336, 625, 275, 276, 691, 600, 656, 540, 314, 318]
seed_node 149
seed_community:  [144, 450, 70, 552, 298, 688, 568, 274, 149, 343, 216, 698, 799, 426, 671]
seed_node 175
seed_community:  [904, 146, 916, 292, 294, 41, 810, 942, 175, 820, 948, 60, 959, 966, 972, 590, 337, 979, 473, 94, 863, 739, 743, 572, 751, 112, 628, 888]
seed_node 193
seed_community:  [448, 193, 226, 483, 357, 358, 136, 361, 394, 45, 381, 244, 429, 509, 125]
seed_node 40
seed_community:  [704, 800, 355, 614, 166, 40, 654, 207, 627, 858, 699]
i =  0 [649, 781, 538, 672, 801, 859, 817, 179, 822, 577, 707, 708, 453, 839, 457, 842, 717, 79, 848, 849, 854, 856, 731, 860, 867]
i =  1 [643, 905, 138, 908, 14, 917, 662, 427, 430, 51, 906, 320, 833, 451, 836, 596, 86, 604, 866, 484, 871, 872, 376, 637]
i =  2 [99, 100, 165, 273, 264, 237, 272, 305, 116, 408, 153, 378]
i =  3 [50, 999, 232, 202, 107, 492, 589, 46, 82, 238, 55, 185, 92, 10, 30]
i =  4 [546, 2, 323, 167, 557, 558, 561, 498, 243, 110, 342, 281, 282, 595, 606]
i =  5 [991, 245, 997, 902, 393, 522, 909, 914, 805, 980, 277, 633, 121, 666, 987, 601, 317, 511]
i =  6 [769, 620, 396, 786, 788, 661, 670, 299, 812, 302, 861, 77, 845, 760, 605, 489, 748, 368, 757, 745, 248, 533]
i =  7 [898, 3, 648, 912, 924, 927, 931, 422, 43, 690, 567, 569, 188, 865, 713, 346, 736, 481, 741, 626, 884, 374, 249, 784]
i =  8 [904, 146, 916, 292, 294, 41, 810, 942, 820, 948, 572, 959, 966, 972, 590, 337, 979, 473, 94, 863, 739, 743, 60, 751, 112, 628, 888]
i =  9 [800, 704, 355, 614, 166, 424, 654, 207, 627, 858, 699]
i =  10 [34, 187, 679, 651, 685, 526, 301, 720, 632, 211, 405, 463, 503, 728, 371, 58, 379, 412, 413, 734, 63]
i =  11 [832, 289, 36, 869, 870, 897, 855, 940, 722, 782, 143, 657, 946, 631, 762, 735, 773]
i =  12 [646, 793, 925, 798, 937, 941, 334, 693, 823, 697, 955, 828, 830, 65, 837, 969, 718, 846, 983, 474, 862, 737, 612, 998, 233, 876, 749, 752, 881, 242, 958, 630, 809, 636]
i =  13 [245, 902, 742, 393, 522, 909, 511, 914, 805, 980, 277, 633, 121, 666, 987, 991, 317, 997]
i =  14 [257, 68, 485, 486, 296, 585, 587, 16, 529, 594, 435, 692, 278, 599, 505, 634, 155, 313]
i =  15 [311, 802, 835, 797, 647, 201, 586, 843, 239, 98, 783, 115, 756, 853, 235, 874, 857, 283, 655, 778, 215]
i =  16 [257, 68, 485, 486, 296, 585, 587, 16, 529, 594, 435, 692, 278, 599, 505, 634, 155, 313]
i =  17 [832, 897, 36, 773, 870, 289, 855, 940, 818, 143, 657, 946, 869, 631, 722, 762, 735]
i =  18 [5, 73, 42, 189, 210, 212, 117, 841, 266, 61]
i =  19 [82, 999, 232, 202, 107, 589, 46, 50, 238, 55, 185, 92, 10, 30]
i =  20 [1, 706, 611, 645, 519, 600, 683, 656, 625, 275, 276, 691, 336, 952, 314, 540]
i =  21 [898, 3, 648, 912, 784, 924, 927, 931, 422, 43, 690, 569, 188, 865, 713, 346, 736, 481, 741, 750, 626, 884, 374, 249]
i =  22 [5, 73, 42, 61, 210, 883, 212, 117, 266, 189]
i =  23 [192, 513, 899, 804, 197, 678, 295, 488, 502, 807, 844, 621, 494, 687, 880, 83, 470, 889, 847, 816]
i =  24 [1, 706, 611, 645, 519, 683, 656, 625, 275, 276, 691, 336, 600, 314, 540, 957]
i =  25 [960, 640, 962, 227, 996, 231, 328, 971, 923, 911, 976, 753, 675, 510, 982, 891, 868, 890, 667, 986, 766]
i =  26 [815, 772, 677, 838, 263, 1000, 439, 44, 206, 591, 787, 695, 824, 730, 623, 581]
i =  27 [768, 771, 652, 933, 934, 875, 813, 943, 947, 949, 825, 831, 964, 327, 840, 80, 475, 732, 363, 622, 624, 759, 504, 764]
i =  28 [514, 37, 360, 873, 111, 145, 530, 339, 150, 104, 441, 303, 445, 446]
i =  29 [32, 738, 763, 740, 619, 684, 653, 493, 400, 434, 723, 500, 147, 790, 885, 89, 122, 827, 892, 882, 319]
i =  30 [260, 325, 198, 141, 792, 370, 499, 118, 536, 4, 6]
i =  31 [832, 897, 36, 869, 870, 289, 631, 940, 946, 143, 913, 722, 855, 657, 762, 735, 773]
i =  32 [96, 578, 676, 38, 553, 234, 290, 973, 755, 629, 534, 151, 452, 700, 650, 478, 796]
i =  33 [449, 674, 635, 518, 710, 200, 550, 268, 56, 436, 213, 664, 27, 703]
i =  34 [324, 261, 203, 208, 114, 312, 253, 607]
i =  35 [902, 393, 522, 909, 914, 277, 217, 666, 163, 805, 199, 304, 53, 310, 317, 134, 967, 980, 121, 345, 987, 988, 991, 997, 113, 245, 633, 511]
i =  36 [1, 706, 611, 645, 519, 683, 656, 336, 275, 276, 691, 625, 600, 851, 540, 314]
i =  37 [960, 640, 962, 227, 996, 766, 231, 328, 667, 971, 976, 753, 936, 675, 982, 891, 868, 986, 923, 510]
i =  38 [547, 326, 551, 618, 39, 142, 527, 18, 564, 246, 887, 443, 669, 638, 507]
i =  39 [610, 999, 232, 10, 107, 82, 238, 50, 46, 886, 55, 185, 92, 202, 30]
i =  40 [643, 905, 906, 908, 14, 917, 662, 430, 51, 138, 320, 833, 451, 836, 596, 86, 984, 604, 866, 484, 871, 872, 376, 637]
i =  41 [387, 308, 549, 359, 330, 395, 48, 180, 409, 479, 444, 69]
i =  42 [129, 898, 3, 648, 13, 912, 19, 924, 29, 927, 931, 422, 43, 690, 569, 59, 188, 195, 196, 481, 713, 87, 346, 990, 736, 865, 741, 626, 884, 374, 249, 784]
i =  43 [705, 421, 775, 520, 204, 267, 588, 562, 47, 658, 467, 789, 609, 440, 23, 795, 668, 414]
i =  44 [482, 228, 423, 458, 372, 469, 214, 279, 761, 315, 170, 542, 543]
i =  45 [960, 640, 962, 227, 996, 965, 766, 231, 328, 971, 976, 753, 675, 667, 982, 891, 868, 986, 923, 510]
i =  46 [547, 326, 39, 618, 551, 142, 527, 721, 18, 564, 246, 443, 669, 638, 507]
i =  47 [513, 899, 10, 107, 238, 30, 804, 678, 295, 46, 687, 50, 55, 57, 202, 192, 197, 970, 844, 847, 82, 83, 470, 92, 999, 488, 807, 621, 494, 880, 232, 502, 889]
i =  48 [544, 161, 164, 774, 385, 583, 597, 433, 532, 565, 350, 287]
i =  49 [768, 771, 652, 934, 875, 813, 943, 947, 949, 825, 831, 964, 327, 840, 203, 80, 475, 732, 992, 363, 622, 624, 114, 759, 504, 764]
i =  50 [864, 591, 772, 581, 838, 263, 695, 44, 206, 815, 787, 439, 824, 730, 623, 677]
i =  51 [902, 393, 522, 909, 914, 20, 277, 22, 666, 805, 49, 57, 317, 980, 121, 985, 987, 991, 97, 997, 245, 120, 633, 511]
i =  52 [352, 356, 709, 230, 297, 140, 397, 373, 406, 250, 157, 223]
i =  53 [832, 897, 995, 36, 869, 870, 289, 855, 940, 722, 143, 657, 946, 773, 631, 762, 735]
i =  54 [245, 997, 902, 393, 522, 909, 511, 981, 914, 980, 277, 633, 121, 666, 987, 991, 317, 805]
i =  55 [511, 277, 997, 902, 393, 522, 909, 977, 914, 980, 245, 121, 633, 666, 987, 991, 317, 805]
i =  56 [32, 738, 763, 740, 619, 684, 653, 493, 400, 319, 882, 723, 500, 147, 918, 89, 122, 827, 892, 434, 885]
i =  57 [960, 640, 962, 227, 996, 766, 231, 328, 753, 971, 976, 968, 675, 667, 982, 891, 868, 986, 923, 510]
i =  58 [132, 647, 9, 778, 12, 783, 152, 137, 283, 797, 802, 311, 835, 201, 586, 843, 98, 853, 215, 857, 994, 874, 235, 239, 240, 115, 756, 123, 126]
i =  59 [32, 993, 738, 827, 740, 619, 684, 653, 493, 400, 882, 147, 500, 885, 723, 89, 122, 763, 892, 434, 319]
i =  60 [832, 897, 36, 869, 870, 289, 855, 940, 946, 143, 657, 722, 773, 631, 762, 989, 735]
i =  61 [900, 776, 17, 665, 539, 806, 935, 944, 950, 951, 954, 701, 62, 447, 961, 963, 974, 592, 81, 978, 724, 726, 225, 754, 464, 119, 895, 127]
i =  62 [992, 324, 261, 10, 203, 780, 975, 208, 114, 312, 253, 607]
i =  63 [832, 897, 36, 869, 870, 289, 855, 940, 722, 143, 657, 946, 631, 953, 762, 735, 773]
i =  64 [960, 640, 962, 227, 996, 231, 328, 971, 923, 976, 753, 675, 510, 982, 891, 868, 986, 667, 956, 766]
i =  65 [546, 2, 323, 167, 938, 557, 558, 561, 498, 243, 110, 342, 281, 282, 595, 606]
i =  66 [896, 811, 901, 910, 659, 919, 922, 284, 410, 286, 932, 939, 814, 819, 829, 702, 575, 459, 468, 602, 603, 351, 878]
i =  67 [783, 98, 843, 797, 647, 201, 778, 235, 802, 239, 945, 115, 756, 853, 311, 874, 857, 835, 283, 586, 215]
i =  68 [64, 128, 35, 33, 929, 8, 106, 11, 25, 93]
i =  69 [288, 834, 613, 582, 711, 456, 329, 903, 930, 879, 920, 307, 694, 535, 696, 921, 926]
i =  70 [815, 772, 581, 838, 263, 695, 44, 206, 623, 787, 439, 824, 730, 591, 915, 677]
i =  71 [544, 385, 928, 164, 161, 583, 565, 433, 532, 597, 350, 287]
i =  72 [523, 785, 537, 794, 411, 154, 417, 808, 681, 821, 183, 316, 907, 454, 714, 719, 338, 852, 472, 729, 744, 680, 758]
i =  73 [192, 513, 899, 804, 197, 678, 295, 488, 502, 807, 844, 621, 494, 847, 880, 83, 893, 470, 889, 687, 957]
i =  74 [960, 640, 962, 227, 996, 894, 231, 328, 667, 971, 976, 753, 675, 510, 982, 891, 868, 986, 923, 766]
i =  75 [902, 393, 522, 909, 914, 20, 277, 22, 666, 805, 49, 57, 317, 980, 633, 985, 987, 991, 97, 997, 877, 245, 120, 121, 511]
i =  76 [960, 640, 962, 227, 996, 766, 231, 328, 971, 976, 753, 850, 675, 667, 982, 891, 868, 986, 923, 510]
i =  77 [97, 49, 20, 22, 985, 120, 57, 826]
i =  78 [19, 129, 803, 196, 69, 359, 330, 395, 387, 13, 48, 195, 180, 308, 87, 409, 59, 444, 29, 990, 479]
i =  79 [548, 101, 777, 746, 524, 461, 366, 335, 465, 660, 791, 388, 15, 476, 765, 574, 52]
i =  80 [144, 450, 70, 552, 298, 688, 568, 274, 343, 216, 698, 799, 426, 671]
i =  81 [431, 353, 770, 259, 229, 682, 715, 663, 642, 525, 176, 531, 725, 566, 727, 88, 442, 559, 767]
i =  82 [163, 134, 199, 779, 304, 53, 310, 345, 217]
i =  83 [608, 528, 194, 419, 487, 72, 733, 716, 686, 495, 432, 184, 252, 541, 383]
i =  84 [511, 277, 997, 902, 967, 393, 522, 747, 909, 914, 980, 245, 121, 633, 666, 987, 991, 317, 805]
i =  85 [832, 897, 36, 773, 870, 289, 712, 631, 940, 946, 143, 657, 722, 855, 762, 735, 869]
i =  86 [4, 198, 6, 141, 689, 370, 499, 118, 536, 260, 325]
i =  87 [512, 673, 291, 580, 133, 390, 615, 521, 555, 517, 365, 462, 241, 402, 171, 85, 415]
i =  88 [71, 135, 616, 169, 7, 573, 560, 209, 178, 220, 598, 218, 26, 28, 477]
i =  89 [960, 640, 962, 227, 996, 231, 328, 617, 971, 923, 976, 753, 675, 766, 982, 891, 868, 986, 667, 510]
i =  90 [641, 131, 293, 102, 105, 156, 340, 54, 344, 639, 124, 158, 191]
i =  91 [644, 902, 393, 522, 909, 914, 20, 277, 22, 666, 805, 49, 57, 317, 980, 633, 985, 987, 991, 97, 997, 113, 245, 120, 121, 511]
i =  92 [416, 354, 491, 516, 389, 392, 554, 75, 173, 399, 593, 563, 24, 377, 570, 190]
i =  93 [576, 545, 258, 321, 584, 66, 386, 496, 497, 501, 438, 506, 571]
i =  94 [643, 905, 906, 908, 14, 451, 917, 662, 430, 51, 138, 320, 833, 579, 836, 596, 86, 604, 866, 484, 871, 872, 376, 637]
i =  95 [129, 195, 196, 556, 13, 19, 87, 59, 29]
i =  96 [418, 31, 490, 236, 174, 466, 309, 182, 219, 349, 159]
i =  97 [480, 162, 515, 103, 269, 367, 403, 21, 375, 280, 508, 285, 222]
i =  98 [448, 226, 483, 357, 358, 136, 361, 394, 45, 429, 244, 381, 509, 125]
i =  99 [800, 704, 355, 614, 166, 455, 139, 108, 654, 207, 627, 858, 699]
i =  100 [391, 331, 460, 109, 369, 181, 471, 90, 251, 380, 221, 382]
i =  101 [245, 277, 997, 902, 393, 522, 909, 398, 914, 980, 805, 121, 633, 666, 987, 991, 317, 511]
i =  102 [431, 353, 770, 259, 229, 682, 715, 663, 642, 525, 176, 401, 531, 725, 566, 727, 88, 442, 559, 767]
i =  103 [832, 897, 36, 869, 870, 289, 855, 940, 722, 143, 657, 946, 404, 631, 762, 735, 773]
i =  104 [256, 384, 168, 362, 160, 332, 205, 78, 407, 91, 348, 95]
i =  105 [640, 960, 962, 227, 420, 231, 328, 971, 923, 976, 753, 675, 766, 982, 891, 868, 986, 667, 996, 510]
i =  106 [322, 67, 425, 74, 172, 333, 76, 177, 341, 247]
i =  107 [832, 897, 36, 773, 870, 289, 940, 631, 428, 722, 143, 657, 946, 855, 762, 735, 869]
i =  108 [832, 897, 36, 773, 870, 289, 631, 940, 722, 143, 657, 946, 437, 855, 762, 735, 869]
i =  109 [288, 930, 613, 582, 711, 456, 329, 903, 834, 879, 696, 307, 694, 535, 920, 921, 347, 926]
i =  110 [649, 781, 538, 672, 801, 859, 817, 179, 822, 577, 707, 708, 453, 839, 457, 842, 717, 79, 848, 849, 854, 856, 731, 860, 867, 364]
i =  111 [547, 326, 262, 39, 618, 551, 142, 527, 18, 564, 246, 443, 669, 638, 507]
i =  112 [1, 706, 611, 645, 519, 683, 270, 336, 625, 275, 276, 691, 600, 656, 540, 314]
i =  113 [224, 130, 265, 300, 271, 84, 148, 186, 254, 255]
i =  114 [769, 620, 396, 786, 788, 661, 670, 299, 812, 302, 861, 306, 77, 845, 760, 605, 489, 748, 368, 757, 745, 248, 533]
i =  115 [1, 706, 611, 645, 519, 683, 336, 625, 275, 276, 691, 600, 656, 540, 314, 318]
i =  116 [144, 450, 70, 552, 298, 688, 568, 274, 149, 343, 216, 698, 799, 426, 671]
i =  117 [904, 146, 916, 292, 294, 41, 810, 942, 175, 820, 948, 60, 959, 966, 972, 590, 337, 979, 473, 94, 863, 739, 743, 572, 751, 112, 628, 888]
i =  118 [448, 193, 226, 483, 357, 358, 136, 361, 394, 45, 381, 244, 429, 509, 125]
i =  119 [704, 800, 355, 614, 166, 40, 654, 207, 627, 858, 699]
finish get all communities
complete deal_communities
commplete get_all_nature_community
----------------------------------The detection result is: 

all communities: 
i =  1 : [99, 100, 116, 153, 165, 237, 264, 272, 273, 305, 378, 408]
i =  2 : [34, 58, 63, 187, 211, 301, 371, 379, 405, 412, 413, 463, 503, 526, 632, 651, 679, 685, 720, 728, 734]
i =  3 : [65, 233, 242, 334, 474, 612, 630, 636, 646, 693, 697, 718, 737, 749, 752, 793, 798, 809, 823, 828, 830, 837, 846, 862, 876, 881, 925, 937, 941, 955, 958, 969, 983, 998]
i =  4 : [16, 68, 155, 257, 278, 296, 313, 435, 485, 486, 505, 529, 585, 587, 594, 599, 634, 692]
i =  5 : [37, 104, 111, 145, 150, 303, 339, 360, 441, 445, 446, 514, 530, 873]
i =  6 : [38, 96, 151, 234, 290, 452, 478, 534, 553, 578, 629, 650, 676, 700, 755, 796, 973]
i =  7 : [27, 56, 200, 213, 268, 436, 449, 518, 550, 635, 664, 674, 703, 710]
i =  8 : [48, 69, 180, 308, 330, 359, 387, 395, 409, 444, 479, 549]
i =  9 : [23, 47, 204, 267, 414, 421, 440, 467, 520, 562, 588, 609, 658, 668, 705, 775, 789, 795]
i =  10 : [170, 214, 228, 279, 315, 372, 423, 458, 469, 482, 542, 543, 761]
i =  11 : [10, 30, 46, 50, 55, 57, 82, 83, 92, 107, 192, 197, 202, 232, 238, 295, 470, 488, 494, 502, 513, 621, 678, 687, 804, 807, 844, 847, 880, 889, 899, 970, 999]
i =  12 : [140, 157, 223, 230, 250, 297, 352, 356, 373, 397, 406, 709]
i =  13 : [17, 62, 81, 119, 127, 225, 447, 464, 539, 592, 665, 701, 724, 726, 754, 776, 806, 895, 900, 935, 944, 950, 951, 954, 961, 963, 974, 978]
i =  14 : [10, 114, 203, 208, 253, 261, 312, 324, 607, 780, 975, 992]
i =  15 : [2, 110, 167, 243, 281, 282, 323, 342, 498, 546, 557, 558, 561, 595, 606, 938]
i =  16 : [284, 286, 351, 410, 459, 468, 575, 602, 603, 659, 702, 811, 814, 819, 829, 878, 896, 901, 910, 919, 922, 932, 939]
i =  17 : [98, 115, 201, 215, 235, 239, 283, 311, 586, 647, 756, 778, 783, 797, 802, 835, 843, 853, 857, 874, 945]
i =  18 : [8, 11, 25, 33, 35, 64, 93, 106, 128, 929]
i =  19 : [154, 183, 316, 338, 411, 417, 454, 472, 523, 537, 680, 681, 714, 719, 729, 744, 758, 785, 794, 808, 821, 852, 907]
i =  20 : [20, 22, 49, 57, 97, 120, 826, 985]
i =  21 : [13, 19, 29, 48, 59, 69, 87, 129, 180, 195, 196, 308, 330, 359, 387, 395, 409, 444, 479, 803, 990]
i =  22 : [15, 52, 101, 335, 366, 388, 461, 465, 476, 524, 548, 574, 660, 746, 765, 777, 791]
i =  23 : [53, 134, 163, 199, 217, 304, 310, 345, 779]
i =  24 : [72, 184, 194, 252, 383, 419, 432, 487, 495, 528, 541, 608, 686, 716, 733]
i =  25 : [85, 133, 171, 241, 291, 365, 390, 402, 415, 462, 512, 517, 521, 555, 580, 615, 673]
i =  26 : [7, 26, 28, 71, 135, 169, 178, 209, 218, 220, 477, 560, 573, 598, 616]
i =  27 : [54, 102, 105, 124, 131, 156, 158, 191, 293, 340, 344, 639, 641]
i =  28 : [24, 75, 173, 190, 354, 377, 389, 392, 399, 416, 491, 516, 554, 563, 570, 593]
i =  29 : [66, 258, 321, 386, 438, 496, 497, 501, 506, 545, 571, 576, 584]
i =  30 : [13, 19, 29, 59, 87, 129, 195, 196, 556]
i =  31 : [31, 159, 174, 182, 219, 236, 309, 349, 418, 466, 490]
i =  32 : [21, 103, 162, 222, 269, 280, 285, 367, 375, 403, 480, 508, 515]
i =  33 : [90, 109, 181, 221, 251, 331, 369, 380, 382, 391, 460, 471]
i =  34 : [88, 176, 229, 259, 353, 401, 431, 442, 525, 531, 559, 566, 642, 663, 682, 715, 725, 727, 767, 770]
i =  35 : [78, 91, 95, 160, 168, 205, 256, 332, 348, 362, 384, 407]
i =  36 : [67, 74, 76, 172, 177, 247, 322, 333, 341, 425]
i =  37 : [288, 307, 329, 347, 456, 535, 582, 613, 694, 696, 711, 834, 879, 903, 920, 921, 926, 930]
i =  38 : [79, 179, 364, 453, 457, 538, 577, 649, 672, 707, 708, 717, 731, 781, 801, 817, 822, 839, 842, 848, 849, 854, 856, 859, 860, 867]
i =  39 : [84, 130, 148, 186, 224, 254, 255, 265, 271, 300]
i =  40 : [77, 248, 299, 302, 306, 368, 396, 489, 533, 605, 620, 661, 670, 745, 748, 757, 760, 769, 786, 788, 812, 845, 861]
i =  41 : [70, 144, 149, 216, 274, 298, 343, 426, 450, 552, 568, 671, 688, 698, 799]
i =  42 : [41, 60, 94, 112, 146, 175, 292, 294, 337, 473, 572, 590, 628, 739, 743, 751, 810, 820, 863, 888, 904, 916, 942, 948, 959, 966, 972, 979]
i =  43 : [45, 125, 136, 193, 226, 244, 357, 358, 361, 381, 394, 429, 448, 483, 509]
i =  44 : [10, 30, 46, 50, 55, 82, 92, 107, 185, 202, 232, 238, 492, 589, 610, 886, 999]
i =  45 : [9, 12, 98, 115, 123, 126, 132, 137, 152, 201, 215, 235, 239, 240, 283, 311, 586, 647, 655, 756, 778, 783, 797, 802, 835, 843, 853, 857, 874, 994]
i =  46 : [5, 42, 61, 73, 117, 189, 210, 212, 266, 841, 883]
i =  47 : [83, 192, 197, 295, 470, 488, 494, 502, 513, 621, 678, 687, 804, 807, 816, 844, 847, 880, 889, 893, 899, 957]
i =  48 : [80, 114, 203, 327, 363, 475, 504, 622, 624, 652, 732, 759, 764, 768, 771, 813, 825, 831, 840, 875, 933, 934, 943, 947, 949, 964, 992]
i =  49 : [4, 6, 118, 141, 198, 260, 325, 370, 499, 536, 689, 792]
i =  50 : [161, 164, 287, 350, 385, 433, 532, 544, 565, 583, 597, 774, 928]
i =  51 : [14, 51, 86, 138, 320, 376, 427, 430, 451, 484, 579, 596, 604, 637, 643, 662, 833, 836, 866, 871, 872, 905, 906, 908, 917, 984]
i =  52 : [3, 13, 19, 29, 43, 59, 87, 129, 188, 195, 196, 249, 346, 374, 422, 481, 567, 569, 626, 648, 690, 713, 736, 741, 750, 784, 865, 884, 898, 912, 924, 927, 931, 990]
i =  53 : [40, 108, 139, 166, 207, 355, 424, 455, 614, 627, 654, 699, 704, 800, 858]
i =  54 : [44, 206, 263, 439, 581, 591, 623, 677, 695, 730, 772, 787, 815, 824, 838, 864, 915, 1000]
i =  55 : [32, 89, 122, 147, 319, 400, 434, 493, 500, 619, 653, 684, 723, 738, 740, 763, 790, 827, 882, 885, 892, 918, 993]
i =  56 : [53, 113, 121, 134, 163, 199, 217, 245, 277, 304, 310, 317, 345, 393, 398, 511, 522, 633, 666, 747, 805, 902, 909, 914, 967, 980, 987, 988, 991, 997]
i =  57 : [18, 39, 142, 246, 262, 326, 443, 507, 527, 547, 551, 564, 618, 638, 669, 721, 887]
i =  58 : [1, 270, 275, 276, 314, 318, 336, 519, 540, 600, 611, 625, 645, 656, 683, 691, 706, 851, 952, 957]
i =  59 : [20, 22, 49, 57, 97, 113, 120, 121, 245, 277, 317, 393, 398, 511, 522, 601, 633, 644, 666, 742, 805, 877, 902, 909, 914, 977, 980, 981, 985, 987, 991, 997]
i =  60 : [227, 231, 328, 420, 510, 617, 640, 667, 675, 753, 766, 850, 868, 890, 891, 894, 911, 923, 936, 956, 960, 962, 965, 968, 971, 976, 982, 986, 996]
i =  61 : [36, 143, 289, 404, 428, 437, 631, 657, 712, 722, 735, 762, 773, 782, 818, 832, 855, 869, 870, 897, 913, 940, 946, 953, 989, 995]
overlapping nodes are:  [10, 13, 19, 20, 22, 29, 30, 46, 48, 49, 50, 53, 55, 57, 59, 69, 82, 83, 87, 92, 97, 98, 107, 113, 114, 115, 120, 121, 129, 134, 163, 180, 192, 195, 196, 197, 199, 201, 202, 203, 215, 217, 232, 235, 238, 239, 245, 277, 283, 295, 304, 308, 310, 311, 317, 330, 345, 359, 387, 393, 395, 398, 409, 444, 470, 479, 488, 494, 502, 511, 513, 522, 586, 621, 633, 647, 666, 678, 687, 756, 778, 783, 797, 802, 804, 805, 807, 835, 843, 844, 847, 853, 857, 874, 880, 889, 899, 902, 909, 914, 957, 980, 985, 987, 990, 991, 992, 997, 999] 
 NOO is:  109
total time is:  101.312659025
