lens of ground_truth:  63
ground_truth is: [[254, 335, 339, 347, 364, 388, 400, 468, 474, 502, 519, 551, 644, 666, 669, 711, 712, 718, 755, 867, 956, 980, 985], [15, 45, 74, 101, 104, 160, 186, 232, 329, 349, 361, 452, 557, 787, 876, 896], [93, 140, 144, 172, 188, 237, 286, 307, 336, 343, 470, 479, 494, 503, 608, 612, 628, 764, 768], [46, 62, 241, 294, 336, 339, 399, 450, 488, 515, 532, 567, 591, 657, 694, 706, 714, 717, 793, 831, 862, 876, 941, 963], [207, 233, 410, 471, 476, 483, 484, 489, 516, 531, 535, 585, 676, 682, 688, 729, 745, 763, 764, 797, 811, 827, 835, 836, 875, 896, 897, 913, 925, 927, 945, 946, 956, 958, 959, 966, 967, 986, 988, 990, 993, 995, 1000], [9, 54, 74, 180, 207, 209, 253, 271, 286, 370, 405, 434, 476, 482, 507, 530, 561, 603, 612, 632, 648, 721, 743, 816, 820, 822, 830, 835, 871, 884, 936, 945, 955, 989], [78, 113, 238, 268, 330, 351, 467, 502, 511, 586, 646, 790, 805, 842, 848, 886, 941, 972, 987, 994], [4, 37, 40, 126, 233, 256, 286, 300, 326, 476, 561, 606, 641, 664, 700, 736, 739, 750, 756, 770, 780, 792, 796, 806, 815, 844, 852, 866, 869, 872, 880, 887, 888, 889, 900, 924, 926, 936, 946, 947, 959, 960, 962, 963, 967, 970, 977, 993, 996, 997], [59, 60, 71, 74, 207, 266, 288, 292, 433, 444, 506, 550, 562, 611, 612, 623, 989, 990, 992], [2, 12, 58, 276, 304, 385, 392, 395, 401, 441, 456, 460, 585, 966], [26, 75, 118, 135, 159, 166, 222, 236, 246, 471, 972], [39, 131, 191, 223, 235, 341, 357, 378, 421, 490, 495, 544, 590, 688, 896, 936, 945], [209, 215, 372, 420, 440, 459, 497, 512, 564, 581, 583, 613, 626, 663, 693, 719, 770, 787, 798, 801, 811, 822, 852, 899, 941, 985], [43, 66, 233, 296, 300, 326, 336, 359, 373, 454, 476, 561, 700, 713, 726, 729, 730, 749, 772, 793, 795, 796, 805, 817, 844, 874, 877, 892, 896, 900, 904, 931, 934, 936, 939, 946, 949, 963, 967, 980, 984, 985, 991, 993, 994, 999], [269, 276, 298, 300, 302, 445, 447, 492, 498, 543, 561, 588, 619, 633, 634, 768, 844, 849, 965], [33, 209, 243, 286, 354, 403, 447, 453, 501, 577, 597, 643, 669, 699, 766, 773, 836, 849, 892, 941, 955, 965, 969, 999], [124, 207, 233, 326, 410, 471, 607, 635, 662, 683, 688, 758, 773, 774, 778, 781, 799, 836, 844, 850, 876, 891, 907, 909, 911, 925, 927, 937, 945, 948, 953, 956, 959, 961, 963, 966, 967, 978, 990, 992, 993, 1000], [47, 63, 145, 220, 227, 246, 286, 305, 398, 481, 525, 556, 627, 686, 691, 740, 741, 749, 751, 761, 774, 775, 778, 793, 859, 862, 883, 885, 995, 998], [53, 98, 99, 187, 213, 246, 247, 269, 410, 424, 493, 523, 549, 630, 636, 703, 707, 765, 771, 849, 899, 955, 969, 980], [202, 414, 417, 466, 469, 509, 538, 571, 595, 614, 653, 654, 672, 707, 716, 758, 773, 814, 816, 817, 829, 837, 840, 865, 867, 870, 879, 886, 910, 916, 966, 969, 995, 1000], [14, 21, 29, 217, 273, 299, 309, 353, 384, 394, 787, 830, 877], [114, 120, 261, 336, 367, 473, 478, 480, 485, 533, 546, 758, 877, 955, 956, 964], [7, 10, 73, 85, 87, 91, 774, 778, 936, 987], [28, 132, 189, 218, 275, 316, 483, 526, 528, 585, 625, 637, 640, 673, 708, 727, 728, 749, 774, 814, 842, 965], [90, 106, 162, 224, 258, 365, 382, 437, 454, 461, 502, 564, 568, 624, 649, 661, 674, 678, 700, 734, 739, 768, 816, 817, 832, 862, 990], [31, 34, 48, 79, 123, 154, 157, 183, 564, 830, 989], [88, 167, 170, 209, 340, 346, 356, 380, 472, 491, 496, 554, 574, 816, 830, 849], [17, 44, 219, 244, 267, 317, 328, 360, 409, 419, 700, 749, 811, 844], [314, 336, 438, 447, 454, 471, 502, 574, 580, 600, 603, 700, 723, 731, 742, 749, 758, 770, 791, 818, 822, 831, 833, 834, 856, 876, 894, 899, 901, 917, 918, 927, 929, 940, 972, 992, 994, 998], [47, 194, 210, 262, 300, 430, 442, 454, 542, 558, 559, 601, 603, 610, 669, 705, 733, 770, 776, 790, 804, 807, 838, 873, 886, 899, 931, 995], [151, 209, 276, 290, 333, 447, 499, 514, 592, 604, 642, 645, 669, 715, 722, 770, 830, 886, 941, 964, 965, 989], [138, 193, 274, 276, 277, 332, 402, 477, 540, 569, 598, 615, 617, 677, 698, 701, 787, 814, 849, 892, 955, 969, 987, 999], [173, 205, 269, 336, 389, 527, 539, 561, 618, 650, 658, 659, 668, 685, 747, 764, 784, 796, 800, 805, 812, 817, 842, 848, 854, 867, 868, 873, 896, 898, 903, 908, 919, 925, 999], [64, 117, 190, 229, 272, 276, 315, 331, 363, 561, 787, 965, 980], [47, 208, 374, 379, 418, 471, 483, 570, 585, 603, 707, 746, 760, 764, 790, 805, 816, 821, 831, 835, 839, 862, 863, 873, 900, 906, 927, 931, 944, 946, 952, 956, 959, 963, 967, 975, 976, 989, 990, 993, 995, 999, 1000], [5, 57, 74, 177, 209, 283, 339, 413, 422, 436, 483, 560, 574, 576, 582, 594, 638, 675, 738, 754, 809, 821, 831, 836, 845, 941, 987, 994], [65, 97, 129, 146, 192, 198, 204, 245, 282, 313, 345, 793, 805, 862], [175, 196, 252, 269, 310, 376, 423, 426, 475, 522, 603, 612, 681, 692, 777, 796, 808, 813, 814, 817, 821, 841, 847, 848, 857, 867, 873, 876, 905, 925, 931, 936, 964, 969, 987], [89, 130, 149, 153, 178, 221, 225, 270, 427, 458, 573, 605, 612, 616, 655, 687, 689, 704, 842, 994, 1000], [52, 77, 109, 121, 122, 136, 141, 142, 150, 158, 773], [69, 226, 276, 320, 416, 454, 483, 500, 502, 534, 548, 574, 585, 707, 729, 752, 770, 789, 810, 814, 816, 822, 836, 843, 846, 873, 882, 893, 900, 915, 917, 933, 938, 950, 969, 987, 992, 998], [42, 174, 176, 265, 287, 334, 339, 350, 406, 517, 536, 555, 621, 773, 814, 848, 886, 999], [3, 6, 49, 83, 137, 234, 289, 291, 293, 368, 447, 448, 465, 830, 892], [30, 70, 108, 119, 161, 179, 182, 263, 286, 322, 852, 917], [116, 165, 246, 390, 435, 454, 520, 564, 572, 603, 652, 695, 696, 732, 737, 739, 753, 759, 785, 802, 824, 826, 852, 861, 899, 917, 972, 992], [11, 13, 16, 25, 27, 50, 51, 81, 82, 955], [201, 269, 285, 312, 319, 339, 375, 412, 425, 455, 462, 463, 541, 564, 579, 667, 762, 790, 811, 867, 931, 980, 985], [102, 139, 197, 300, 371, 451, 476, 574, 587, 596, 599, 622, 656, 748, 758, 767, 768, 779, 786, 794, 803, 811, 822, 860, 864, 892, 896, 900, 912, 914, 917, 921, 922, 923, 925, 928, 935, 943, 957, 998], [100, 143, 171, 249, 300, 321, 325, 339, 342, 348, 521, 524, 537, 585, 629, 665, 684, 724, 735, 739, 758, 835, 848], [127, 168, 248, 250, 259, 260, 279, 280, 306, 366, 410, 447, 574, 612, 631, 647, 679, 697, 848, 849, 1000], [38, 92, 112, 155, 264, 326, 377, 396, 407, 415, 464, 486, 552, 563, 593, 729, 842], [74, 95, 207, 233, 246, 323, 326, 393, 404, 410, 432, 471, 504, 547, 564, 609, 620, 688, 729, 749, 757, 778, 782, 831, 835, 844, 852, 876, 890, 927, 932, 945, 946, 954, 959, 966, 971, 972, 974, 981, 982, 992, 995], [1, 20, 36, 61, 68, 72, 86, 790, 852, 917], [35, 125, 134, 211, 257, 308, 311, 327, 337, 446, 518, 578, 589, 602, 651, 660, 707, 720, 764, 790, 821, 836], [47, 105, 181, 230, 251, 295, 383, 397, 487, 508, 513, 529, 669, 688, 773, 787], [24, 41, 111, 115, 128, 152, 164, 200, 284, 892, 946], [18, 110, 185, 203, 206, 214, 269, 338, 358, 362, 369, 457, 553, 639, 680, 690, 702, 778, 980, 985, 994], [55, 74, 107, 184, 212, 216, 228, 231, 297, 408, 428, 768, 774, 877, 900], [47, 147, 148, 233, 240, 381, 386, 410, 439, 476, 502, 545, 669, 725, 729, 739, 744, 764, 788, 796, 821, 823, 835, 862, 873, 881, 899, 925, 927, 930, 942, 951, 956, 959, 963, 964, 967, 989, 990, 993, 998], [47, 96, 207, 239, 242, 246, 255, 281, 303, 352, 449, 510, 565, 566, 688, 710, 774, 778, 783, 793, 811, 822, 842, 855, 858, 878, 886, 895, 902, 945, 964, 966, 972, 998], [19, 23, 56, 76, 84, 94, 156, 793, 867, 931], [8, 22, 32, 67, 163, 169, 199, 318, 387, 411, 429, 431, 443, 505, 575, 584, 670, 671, 700, 707, 709, 739, 768, 769, 796, 805, 817, 819, 821, 825, 828, 831, 851, 853, 877, 920, 964, 965, 968, 973, 979, 983, 985], [80, 103, 133, 195, 278, 301, 324, 326, 344, 355, 391, 483, 877]]
nodes: [286, 339, 483, 491, 502, 561, 564, 574, 585, 688, 700, 707, 729, 739, 749, 758, 764, 768, 770, 773, 774, 778, 790, 793, 796, 805, 814, 821, 822, 831, 835, 836, 842, 844, 862, 867, 873, 876, 877, 889, 892, 896, 899, 900, 917, 921, 925, 927, 931, 945, 946, 955, 956, 959, 963, 964, 965, 966, 967, 969, 972, 980, 985, 987, 989, 990, 992, 993, 994, 995, 998, 1000] num of nodes:  72
[[286, 608, 628], [312, 762, 339], [483, 640, 728, 727], [88, 356, 170, 554, 491, 496, 472, 340, 346, 380], [351, 646, 586, 502], [619, 633, 634, 561], [48, 157, 183, 564], [472, 496, 554, 574], [304, 456, 460, 585], [490, 590, 544, 688, 495], [996, 997, 977, 970, 700], [636, 771, 703, 765, 707], [729, 938, 915, 933, 950], [802, 824, 826, 861, 739], [673, 708, 727, 728, 749], [473, 546, 533, 478, 758], [470, 608, 479, 494, 764], [228, 428, 408, 768, 231], [372, 801, 798, 581, 770], [109, 150, 121, 158, 773], [7, 91, 10, 87, 774], [7, 91, 10, 87, 778], [1, 86, 72, 20, 790], [19, 23, 156, 94, 793], [681, 847, 841, 796, 813], [805, 976, 944, 952, 975], [814, 837, 916, 870, 910, 879], [821, 952, 944, 976, 906, 975], [721, 871, 884, 822, 820, 743], [591, 717, 694, 706, 714, 831], [827, 913, 988, 986, 835, 875], [577, 643, 699, 766, 597, 836], [268, 646, 586, 330, 351, 842], [543, 619, 633, 634, 588, 844], [568, 832, 661, 624, 734, 862], [644, 712, 718, 755, 867, 711], [733, 804, 838, 807, 776, 873], [160, 557, 329, 452, 349, 876], [184, 297, 428, 408, 212, 877], [996, 997, 977, 970, 962, 926, 947, 960, 924, 880, 888, 866, 869, 806, 872, 887, 889, 815, 780, 792, 756, 736], [3, 448, 289, 465, 892, 368], [378, 590, 544, 490, 896, 421], [440, 512, 801, 719, 626, 798, 899], [900, 960, 977, 962, 970, 947, 997], [108, 322, 263, 179, 182, 119, 917], [587, 928, 864, 803, 935, 957, 779, 748, 786, 943, 912, 914, 921, 794, 922, 923, 860, 767], [692, 905, 857, 925, 808, 777, 813], [856, 929, 901, 940, 918, 894, 927], [376, 777, 841, 847, 905, 857, 931], [783, 902, 878, 855, 858, 895, 945], [797, 897, 913, 986, 988, 958, 946, 827], [11, 50, 13, 16, 81, 51, 82, 955], [827, 913, 988, 986, 897, 958, 875, 956], [827, 913, 988, 986, 897, 958, 875, 959], [874, 934, 904, 939, 949, 984, 991, 963], [367, 480, 546, 473, 964, 485, 533, 478], [117, 331, 229, 363, 272, 315, 190, 965], [304, 456, 460, 385, 392, 401, 441, 966], [797, 897, 913, 986, 988, 958, 875, 967], [243, 577, 643, 699, 501, 766, 969, 597], [75, 166, 135, 972, 236, 222, 118, 159], [117, 331, 229, 363, 272, 315, 190, 980], [497, 801, 581, 613, 719, 693, 798, 985], [7, 91, 10, 87, 936, 73, 987, 85], [31, 79, 48, 183, 123, 154, 157, 989], [797, 897, 913, 986, 988, 958, 875, 827, 990], [907, 911, 961, 937, 978, 948, 953, 909, 992], [797, 897, 913, 986, 988, 958, 875, 827, 993], [795, 934, 904, 874, 939, 984, 949, 991, 994], [740, 883, 885, 859, 741, 761, 775, 751, 995], [740, 883, 885, 859, 741, 761, 775, 751, 998], [672, 865, 837, 840, 910, 879, 916, 829, 1000]]
len of cliques:  72
length of seeds:  72
seeds:  [[996, 997, 977, 970, 962, 926, 947, 960, 924, 880, 888, 866, 869, 806, 872, 887, 889, 815, 780, 792, 756, 736], [587, 928, 864, 803, 935, 957, 779, 748, 786, 943, 912, 914, 921, 794, 922, 923, 860, 767], [88, 356, 170, 554, 491, 496, 472, 340, 346, 380], [797, 897, 913, 986, 988, 958, 875, 827, 990], [907, 911, 961, 937, 978, 948, 953, 909, 992], [797, 897, 913, 986, 988, 958, 875, 827, 993], [795, 934, 904, 874, 939, 984, 949, 991, 994], [740, 883, 885, 859, 741, 761, 775, 751, 995], [740, 883, 885, 859, 741, 761, 775, 751, 998], [672, 865, 837, 840, 910, 879, 916, 829, 1000], [797, 897, 913, 986, 988, 958, 946, 827], [11, 50, 13, 16, 81, 51, 82, 955], [827, 913, 988, 986, 897, 958, 875, 956], [827, 913, 988, 986, 897, 958, 875, 959], [874, 934, 904, 939, 949, 984, 991, 963], [367, 480, 546, 473, 964, 485, 533, 478], [117, 331, 229, 363, 272, 315, 190, 965], [304, 456, 460, 385, 392, 401, 441, 966], [797, 897, 913, 986, 988, 958, 875, 967], [243, 577, 643, 699, 501, 766, 969, 597], [75, 166, 135, 972, 236, 222, 118, 159], [117, 331, 229, 363, 272, 315, 190, 980], [497, 801, 581, 613, 719, 693, 798, 985], [7, 91, 10, 87, 936, 73, 987, 85], [31, 79, 48, 183, 123, 154, 157, 989], [440, 512, 801, 719, 626, 798, 899], [900, 960, 977, 962, 970, 947, 997], [108, 322, 263, 179, 182, 119, 917], [692, 905, 857, 925, 808, 777, 813], [856, 929, 901, 940, 918, 894, 927], [376, 777, 841, 847, 905, 857, 931], [783, 902, 878, 855, 858, 895, 945], [814, 837, 916, 870, 910, 879], [821, 952, 944, 976, 906, 975], [721, 871, 884, 822, 820, 743], [591, 717, 694, 706, 714, 831], [827, 913, 988, 986, 835, 875], [577, 643, 699, 766, 597, 836], [268, 646, 586, 330, 351, 842], [543, 619, 633, 634, 588, 844], [568, 832, 661, 624, 734, 862], [644, 712, 718, 755, 867, 711], [733, 804, 838, 807, 776, 873], [160, 557, 329, 452, 349, 876], [184, 297, 428, 408, 212, 877], [3, 448, 289, 465, 892, 368], [378, 590, 544, 490, 896, 421], [490, 590, 544, 688, 495], [996, 997, 977, 970, 700], [636, 771, 703, 765, 707], [729, 938, 915, 933, 950], [802, 824, 826, 861, 739], [673, 708, 727, 728, 749], [473, 546, 533, 478, 758], [470, 608, 479, 494, 764], [228, 428, 408, 768, 231], [372, 801, 798, 581, 770], [109, 150, 121, 158, 773], [7, 91, 10, 87, 774], [7, 91, 10, 87, 778], [1, 86, 72, 20, 790], [19, 23, 156, 94, 793], [681, 847, 841, 796, 813], [805, 976, 944, 952, 975], [483, 640, 728, 727], [351, 646, 586, 502], [619, 633, 634, 561], [48, 157, 183, 564], [472, 496, 554, 574], [304, 456, 460, 585], [286, 608, 628], [312, 762, 339]]
seeds_fitness [0.5506555423122765, 0.4722222222222222, 0.6666666666666666, 0.09917355371900827, 0.11612903225806452, 0.0903387703889586, 0.12926391382405744, 0.15031315240083507, 0.14845360824742268, 0.12265758091993186, 0.08615384615384615, 0.28865979381443296, 0.08139534883720931, 0.07547169811320754, 0.0873634945397816, 0.21374045801526717, 0.22764227642276422, 0.21621621621621623, 0.0749665327978581, 0.1661721068249258, 0.22580645161290322, 0.24347826086956523, 0.15176151761517614, 0.16716417910447762, 0.2178988326848249, 0.13815789473684212, 0.05698778833107191, 0.22105263157894736, 0.09813084112149532, 0.08624229979466119, 0.09813084112149532, 0.09567198177676538, 0.07672634271099744, 0.06864988558352403, 0.09740259740259741, 0.10909090909090909, 0.058823529411764705, 0.12875536480686695, 0.15151515151515152, 0.16759776536312848, 0.10344827586206896, 0.11363636363636363, 0.09646302250803858, 0.16304347826086957, 0.17341040462427745, 0.17045454545454544, 0.136986301369863, 0.11627906976744186, 0.035650623885918005, 0.10101010101010101, 0.058823529411764705, 0.07604562737642585, 0.09852216748768473, 0.12578616352201258, 0.11834319526627218, 0.15037593984962405, 0.07434944237918216, 0.17699115044247787, 0.18181818181818182, 0.17543859649122806, 0.20202020202020202, 0.18518518518518517, 0.05555555555555555, 0.047961630695443645, 0.06666666666666667, 0.09022556390977443, 0.09302325581395349, 0.15384615384615385, 0.1, 0.10810810810810811, 0.05042016806722689, 0.04054054054054054]
after sort list of tuple: [(2, 0.6666666666666666), (0, 0.5506555423122765), (1, 0.4722222222222222), (11, 0.28865979381443296), (21, 0.24347826086956523), (16, 0.22764227642276422), (20, 0.22580645161290322), (27, 0.22105263157894736), (24, 0.2178988326848249), (17, 0.21621621621621623), (15, 0.21374045801526717), (60, 0.20202020202020202), (61, 0.18518518518518517), (58, 0.18181818181818182), (57, 0.17699115044247787), (59, 0.17543859649122806), (44, 0.17341040462427745), (45, 0.17045454545454544), (39, 0.16759776536312848), (23, 0.16716417910447762), (19, 0.1661721068249258), (43, 0.16304347826086957), (67, 0.15384615384615385), (22, 0.15176151761517614), (38, 0.15151515151515152), (55, 0.15037593984962405), (7, 0.15031315240083507), (8, 0.14845360824742268), (25, 0.13815789473684212), (46, 0.136986301369863), (6, 0.12926391382405744), (37, 0.12875536480686695), (53, 0.12578616352201258), (9, 0.12265758091993186), (54, 0.11834319526627218), (47, 0.11627906976744186), (4, 0.11612903225806452), (41, 0.11363636363636363), (35, 0.10909090909090909), (69, 0.10810810810810811), (40, 0.10344827586206896), (49, 0.10101010101010101), (68, 0.1), (3, 0.09917355371900827), (52, 0.09852216748768473), (28, 0.09813084112149532), (30, 0.09813084112149532), (34, 0.09740259740259741), (42, 0.09646302250803858), (31, 0.09567198177676538), (66, 0.09302325581395349), (5, 0.0903387703889586), (65, 0.09022556390977443), (14, 0.0873634945397816), (29, 0.08624229979466119), (10, 0.08615384615384615), (12, 0.08139534883720931), (32, 0.07672634271099744), (51, 0.07604562737642585), (13, 0.07547169811320754), (18, 0.0749665327978581), (56, 0.07434944237918216), (33, 0.06864988558352403), (64, 0.06666666666666667), (36, 0.058823529411764705), (50, 0.058823529411764705), (26, 0.05698778833107191), (62, 0.05555555555555555), (70, 0.05042016806722689), (63, 0.047961630695443645), (71, 0.04054054054054054), (48, 0.035650623885918005)]
seeds_sorted [[88, 356, 170, 554, 491, 496, 472, 340, 346, 380], [996, 997, 977, 970, 962, 926, 947, 960, 924, 880, 888, 866, 869, 806, 872, 887, 889, 815, 780, 792, 756, 736], [587, 928, 864, 803, 935, 957, 779, 748, 786, 943, 912, 914, 921, 794, 922, 923, 860, 767], [11, 50, 13, 16, 81, 51, 82, 955], [117, 331, 229, 363, 272, 315, 190, 980], [117, 331, 229, 363, 272, 315, 190, 965], [75, 166, 135, 972, 236, 222, 118, 159], [108, 322, 263, 179, 182, 119, 917], [31, 79, 48, 183, 123, 154, 157, 989], [304, 456, 460, 385, 392, 401, 441, 966], [367, 480, 546, 473, 964, 485, 533, 478], [1, 86, 72, 20, 790], [19, 23, 156, 94, 793], [7, 91, 10, 87, 774], [109, 150, 121, 158, 773], [7, 91, 10, 87, 778], [184, 297, 428, 408, 212, 877], [3, 448, 289, 465, 892, 368], [543, 619, 633, 634, 588, 844], [7, 91, 10, 87, 936, 73, 987, 85], [243, 577, 643, 699, 501, 766, 969, 597], [160, 557, 329, 452, 349, 876], [48, 157, 183, 564], [497, 801, 581, 613, 719, 693, 798, 985], [268, 646, 586, 330, 351, 842], [228, 428, 408, 768, 231], [740, 883, 885, 859, 741, 761, 775, 751, 995], [740, 883, 885, 859, 741, 761, 775, 751, 998], [440, 512, 801, 719, 626, 798, 899], [378, 590, 544, 490, 896, 421], [795, 934, 904, 874, 939, 984, 949, 991, 994], [577, 643, 699, 766, 597, 836], [473, 546, 533, 478, 758], [672, 865, 837, 840, 910, 879, 916, 829, 1000], [470, 608, 479, 494, 764], [490, 590, 544, 688, 495], [907, 911, 961, 937, 978, 948, 953, 909, 992], [644, 712, 718, 755, 867, 711], [591, 717, 694, 706, 714, 831], [304, 456, 460, 585], [568, 832, 661, 624, 734, 862], [636, 771, 703, 765, 707], [472, 496, 554, 574], [797, 897, 913, 986, 988, 958, 875, 827, 990], [673, 708, 727, 728, 749], [692, 905, 857, 925, 808, 777, 813], [376, 777, 841, 847, 905, 857, 931], [721, 871, 884, 822, 820, 743], [733, 804, 838, 807, 776, 873], [783, 902, 878, 855, 858, 895, 945], [619, 633, 634, 561], [797, 897, 913, 986, 988, 958, 875, 827, 993], [351, 646, 586, 502], [874, 934, 904, 939, 949, 984, 991, 963], [856, 929, 901, 940, 918, 894, 927], [797, 897, 913, 986, 988, 958, 946, 827], [827, 913, 988, 986, 897, 958, 875, 956], [814, 837, 916, 870, 910, 879], [802, 824, 826, 861, 739], [827, 913, 988, 986, 897, 958, 875, 959], [797, 897, 913, 986, 988, 958, 875, 967], [372, 801, 798, 581, 770], [821, 952, 944, 976, 906, 975], [483, 640, 728, 727], [827, 913, 988, 986, 835, 875], [729, 938, 915, 933, 950], [900, 960, 977, 962, 970, 947, 997], [681, 847, 841, 796, 813], [286, 608, 628], [805, 976, 944, 952, 975], [312, 762, 339], [996, 997, 977, 970, 700]]
args__________ ([[88, 356, 170, 554, 491, 496, 472, 340, 346, 380], [483, 640, 728, 727], [827, 913, 988, 986, 835, 875]],)
args__________ ([[996, 997, 977, 970, 962, 926, 947, 960, 924, 880, 888, 866, 869, 806, 872, 887, 889, 815, 780, 792, 756, 736], [821, 952, 944, 976, 906, 975], [729, 938, 915, 933, 950]],)
args__________ ([[587, 928, 864, 803, 935, 957, 779, 748, 786, 943, 912, 914, 921, 794, 922, 923, 860, 767], [372, 801, 798, 581, 770], [900, 960, 977, 962, 970, 947, 997]],)
args__________ ([[11, 50, 13, 16, 81, 51, 82, 955], [797, 897, 913, 986, 988, 958, 875, 967], [681, 847, 841, 796, 813]],)
args__________ ([[117, 331, 229, 363, 272, 315, 190, 980], [827, 913, 988, 986, 897, 958, 875, 959], [286, 608, 628]],)
args__________ ([[117, 331, 229, 363, 272, 315, 190, 965], [802, 824, 826, 861, 739], [805, 976, 944, 952, 975]],)
args__________ ([[75, 166, 135, 972, 236, 222, 118, 159], [814, 837, 916, 870, 910, 879], [312, 762, 339]],)
args__________ ([[108, 322, 263, 179, 182, 119, 917], [827, 913, 988, 986, 897, 958, 875, 956], [996, 997, 977, 970, 700]],)
args__________ ([[31, 79, 48, 183, 123, 154, 157, 989], [797, 897, 913, 986, 988, 958, 946, 827]],)
args__________ ([[304, 456, 460, 385, 392, 401, 441, 966], [856, 929, 901, 940, 918, 894, 927]],)
args__________ ([[367, 480, 546, 473, 964, 485, 533, 478], [874, 934, 904, 939, 949, 984, 991, 963]],)
args__________ ([[1, 86, 72, 20, 790], [351, 646, 586, 502]],)
args__________ ([[19, 23, 156, 94, 793], [797, 897, 913, 986, 988, 958, 875, 827, 993]],)
args__________ ([[7, 91, 10, 87, 774], [619, 633, 634, 561]],)
args__________ ([[109, 150, 121, 158, 773], [783, 902, 878, 855, 858, 895, 945]],)
args__________ ([[7, 91, 10, 87, 778], [733, 804, 838, 807, 776, 873]],)
args__________ ([[184, 297, 428, 408, 212, 877], [721, 871, 884, 822, 820, 743]],)
args__________ ([[3, 448, 289, 465, 892, 368], [376, 777, 841, 847, 905, 857, 931]],)
args__________ ([[543, 619, 633, 634, 588, 844], [692, 905, 857, 925, 808, 777, 813]],)
args__________ ([[7, 91, 10, 87, 936, 73, 987, 85], [673, 708, 727, 728, 749]],)
args__________ ([[243, 577, 643, 699, 501, 766, 969, 597], [797, 897, 913, 986, 988, 958, 875, 827, 990]],)
args__________ ([[160, 557, 329, 452, 349, 876], [472, 496, 554, 574]],)
args__________ ([[48, 157, 183, 564], [636, 771, 703, 765, 707]],)
args__________ ([[497, 801, 581, 613, 719, 693, 798, 985], [568, 832, 661, 624, 734, 862]],)
args__________ ([[268, 646, 586, 330, 351, 842], [304, 456, 460, 585]],)
args__________ ([[228, 428, 408, 768, 231], [591, 717, 694, 706, 714, 831]],)
args__________ ([[740, 883, 885, 859, 741, 761, 775, 751, 995], [644, 712, 718, 755, 867, 711]],)
args__________ ([[740, 883, 885, 859, 741, 761, 775, 751, 998], [907, 911, 961, 937, 978, 948, 953, 909, 992]],)
args__________ ([[440, 512, 801, 719, 626, 798, 899], [490, 590, 544, 688, 495]],)
args__________ ([[378, 590, 544, 490, 896, 421], [470, 608, 479, 494, 764]],)
args__________ ([[795, 934, 904, 874, 939, 984, 949, 991, 994], [672, 865, 837, 840, 910, 879, 916, 829, 1000]],)
args__________ ([[577, 643, 699, 766, 597, 836], [473, 546, 533, 478, 758]],)
finish process___________________
seed_node 999
seed_community:  [66, 43, 772, 934, 999, 904, 713, 874, 939, 359, 296, 373, 726, 984, 730, 795, 991, 949]
seed_node 983
seed_community:  [769, 387, 8, 22, 920, 411, 670, 671, 32, 163, 169, 429, 431, 968, 819, 825, 443, 828, 318, 575, 67, 709, 199, 584, 973, 979, 853, 983, 851, 505]
seed_node 974
seed_community:  [757, 609, 547, 932, 393, 971, 620, 974, 432, 323, 404, 782, 982, 504, 890, 95, 954, 981]
seed_node 951
seed_community:  [545, 386, 439, 744, 823, 930, 942, 240, 881, 147, 788, 725, 951, 148, 381]
seed_node 941
seed_community:  [512, 801, 798, 420, 613, 583, 459, 941, 719, 497, 626, 372, 693, 663, 440, 215, 581]
seed_node 919
seed_community:  [800, 898, 539, 868, 389, 903, 812, 650, 747, 908, 205, 685, 784, 173, 658, 659, 854, 919, 527, 668, 618]
seed_node 886
seed_community:  [517, 265, 42, 555, 621, 334, 176, 886, 174, 406, 536, 350, 287]
seed_node 845
seed_community:  [576, 738, 675, 422, 582, 809, 845, 560, 177, 754, 436, 57, 594, 283, 413, 638, 5]
seed_node 848
seed_community:  [175, 196, 423, 808, 777, 426, 813, 681, 847, 848, 905, 692, 310, 841, 376, 857, 475, 252, 522]
seed_node 849
seed_community:  [98, 771, 549, 424, 523, 493, 849, 703, 99, 213, 630, 247, 187, 636, 765, 53]
seed_node 852
seed_community:  [161, 322, 70, 263, 108, 179, 852, 182, 119, 30]
seed_node 830
seed_community:  [384, 353, 394, 299, 14, 273, 309, 217, 29, 830, 21]
seed_node 816
seed_community:  [482, 743, 648, 9, 871, 434, 530, 271, 816, 721, 370, 180, 405, 54, 632, 820, 507, 253, 884]
seed_node 817
seed_community:  [66, 43, 772, 934, 359, 296, 713, 874, 939, 817, 904, 373, 726, 984, 730, 795, 991, 949]
seed_node 811
seed_community:  [419, 17, 360, 811, 44, 328, 244, 267, 409, 219, 317]
seed_node 787
seed_community:  [512, 801, 798, 420, 613, 583, 459, 719, 497, 626, 787, 372, 693, 663, 440, 215, 581]
seed_node 735
seed_community:  [321, 100, 325, 521, 171, 684, 143, 724, 629, 342, 537, 665, 249, 348, 524, 735]
seed_node 715
seed_community:  [290, 645, 715, 514, 333, 592, 722, 499, 642, 151, 604]
seed_node 720
seed_community:  [257, 578, 35, 134, 518, 327, 651, 589, 720, 337, 211, 660, 311, 308, 602, 125, 446]
seed_node 687
seed_community:  [704, 225, 130, 616, 573, 458, 427, 270, 687, 689, 178, 149, 89, 153, 655, 221, 605]
seed_node 697
seed_community:  [259, 260, 679, 168, 647, 366, 280, 306, 279, 248, 697, 250, 631, 127]
seed_node 698
seed_community:  [193, 677, 615, 617, 138, 332, 402, 477, 274, 277, 598, 569, 698, 540, 701]
seed_node 702
seed_community:  [358, 680, 553, 362, 203, 338, 690, 110, 369, 18, 206, 214, 457, 185, 702, 639]
seed_node 669
seed_community:  [514, 645, 715, 333, 592, 722, 499, 276, 642, 151, 290, 604, 669, 965]
seed_node 603
seed_community:  [705, 194, 804, 262, 838, 807, 776, 610, 558, 559, 210, 430, 601, 442, 603, 733, 542]
seed_node 611
seed_community:  [288, 611, 292, 550, 71, 444, 266, 623, 433, 562, 506, 59, 60]
seed_node 612
seed_community:  [608, 612, 140, 343, 172, 237, 494, 144, 307, 628, 470, 503, 188, 93, 479]
seed_node 563
seed_community:  [464, 38, 486, 552, 396, 112, 593, 563, 407, 377, 155, 92, 264, 415]
seed_node 529
seed_community:  [513, 230, 487, 105, 295, 397, 529, 181, 251, 508, 383]
seed_node 471
seed_community:  [166, 135, 75, 236, 118, 471, 26, 222, 159]
seed_node 476
seed_community:  [482, 743, 648, 9, 871, 370, 530, 271, 721, 434, 180, 405, 54, 632, 820, 507, 476, 253, 884]
seed_node 447
seed_community:  [33, 354, 643, 453, 577, 447, 403, 243, 597, 699, 766, 501]
seed_node 454
seed_community:  [832, 224, 258, 678, 454, 649, 106, 162, 461, 624, 661, 365, 437, 674, 568, 90, 382, 734]
seed_node 391
seed_community:  [355, 324, 133, 103, 391, 301, 80, 195, 278, 344]
seed_node 300
seed_community:  [705, 194, 804, 262, 838, 807, 776, 300, 610, 558, 559, 210, 430, 601, 442, 733, 542]
seed_node 313
seed_community:  [192, 65, 97, 198, 129, 204, 146, 245, 313, 345, 282]
seed_node 326
seed_community:  [195, 324, 133, 326, 391, 103, 301, 80, 355, 278, 344]
seed_node 336
seed_community:  [480, 546, 261, 367, 336, 114, 533, 120, 473, 478, 485]
seed_node 200
seed_community:  [128, 164, 200, 41, 111, 24, 115, 152, 284]
seed_node 207
seed_community:  [482, 180, 871, 648, 9, 743, 434, 207, 271, 721, 530, 884, 405, 54, 632, 820, 507, 253, 370]
seed_node 209
seed_community:  [512, 801, 420, 613, 583, 459, 719, 209, 626, 497, 372, 693, 663, 440, 215, 798, 581]
seed_node 233
seed_community:  [961, 683, 781, 233, 907, 909, 207, 911, 124, 978, 948, 662, 937, 891, 953, 607, 635, 850, 799]
seed_node 269
seed_community:  [98, 771, 549, 424, 523, 269, 493, 53, 99, 213, 630, 247, 187, 636, 765, 703]
seed_node 47
seed_community:  [705, 194, 804, 838, 262, 807, 776, 610, 558, 47, 210, 430, 601, 442, 559, 733, 542]
seed_node 74
seed_community:  [288, 611, 292, 550, 71, 60, 266, 623, 433, 562, 506, 59, 444, 74]
i =  0 [356, 167, 170, 491, 496, 472, 340, 88, 346, 380, 554]
i =  1 [640, 673, 483, 132, 316, 526, 637, 528, 625, 275, 727, 728, 708, 218, 28, 189]
i =  2 [897, 835, 676, 763, 489, 682, 875, 484, 913, 531, 535, 745, 516, 986, 827, 988, 797, 958]
i =  3 [256, 641, 4, 780, 664, 792, 924, 926, 37, 806, 40, 815, 947, 960, 962, 970, 977, 606, 869, 736, 866, 996, 997, 872, 750, 880, 756, 887, 888, 889, 126]
i =  4 [976, 418, 839, 906, 208, 975, 944, 760, 821, 374, 952, 570, 379, 746, 863]
i =  5 [320, 416, 226, 548, 933, 938, 843, 846, 893, 752, 882, 915, 500, 789, 534, 950, 729, 810, 69]
i =  6 [779, 912, 914, 921, 922, 923, 794, 928, 803, 139, 935, 943, 957, 451, 197, 587, 596, 599, 860, 864, 656, 102, 748, 786, 622, 371, 767]
i =  7 [512, 801, 770, 420, 581, 583, 459, 719, 497, 626, 372, 693, 663, 440, 215, 798, 613]
i =  8 [256, 641, 900, 780, 664, 792, 4, 924, 926, 37, 806, 40, 815, 947, 960, 962, 970, 977, 606, 869, 736, 866, 996, 997, 872, 750, 880, 756, 887, 888, 889, 126]
i =  9 [27, 82, 11, 13, 16, 81, 50, 51, 25, 955]
i =  10 [897, 827, 676, 967, 489, 682, 875, 516, 913, 531, 535, 745, 484, 986, 763, 988, 797, 958]
i =  11 [475, 196, 423, 808, 841, 426, 777, 813, 847, 905, 692, 252, 310, 681, 376, 857, 175, 796, 522]
i =  12 [64, 331, 229, 363, 272, 980, 117, 315, 190]
i =  13 [897, 763, 676, 489, 682, 875, 516, 986, 913, 531, 535, 745, 484, 410, 827, 988, 797, 958, 959]
i =  14 [608, 172, 343, 140, 237, 494, 144, 307, 628, 470, 503, 188, 93, 286, 479]
i =  15 [64, 331, 229, 363, 272, 117, 315, 190, 965]
i =  16 [737, 802, 739, 165, 390, 785, 520, 572, 759, 652, 753, 435, 116, 695, 824, 696, 826, 732, 861]
i =  17 [976, 418, 944, 805, 839, 746, 975, 208, 760, 374, 952, 570, 379, 906, 863]
i =  18 [246, 166, 135, 972, 75, 236, 118, 26, 222, 159]
i =  19 [653, 910, 916, 538, 414, 672, 417, 814, 571, 829, 837, 840, 202, 716, 466, 595, 654, 865, 870, 614, 879, 509, 469]
i =  20 [579, 455, 425, 375, 462, 463, 339, 285, 201, 312, 762, 667, 412, 541, 319]
i =  21 [161, 322, 70, 263, 108, 179, 917, 182, 119, 30]
i =  22 [897, 763, 676, 489, 682, 875, 484, 913, 531, 956, 535, 745, 516, 986, 827, 988, 797, 958]
i =  23 [256, 641, 4, 780, 664, 792, 924, 926, 37, 806, 40, 815, 947, 700, 960, 962, 970, 977, 606, 869, 736, 866, 996, 997, 872, 750, 880, 756, 887, 888, 889, 126]
i =  24 [34, 989, 79, 48, 183, 154, 123, 157, 31]
i =  25 [897, 763, 676, 535, 745, 682, 875, 516, 913, 946, 531, 489, 484, 986, 827, 988, 797, 958]
i =  26 [385, 2, 966, 456, 12, 395, 460, 304, 401, 392, 441, 58]
i =  27 [929, 834, 580, 901, 742, 833, 940, 600, 818, 723, 438, 918, 791, 856, 314, 731, 894, 927]
i =  28 [480, 546, 964, 485, 367, 114, 533, 120, 473, 478, 261]
i =  29 [66, 963, 772, 934, 359, 904, 713, 874, 43, 939, 296, 373, 726, 984, 949, 730, 795, 991]
i =  30 [1, 36, 86, 72, 20, 790, 68, 61]
i =  31 [646, 586, 268, 78, 113, 467, 238, 502, 511, 330, 351]
i =  32 [76, 19, 84, 23, 56, 793, 156, 94]
i =  33 [897, 763, 676, 993, 489, 682, 875, 516, 913, 531, 967, 535, 745, 484, 986, 827, 988, 797, 958]
i =  34 [774, 7, 73, 10, 85, 87, 91]
i =  35 [588, 298, 619, 492, 302, 561, 498, 633, 634, 445, 543]
i =  36 [773, 136, 109, 141, 142, 77, 52, 150, 121, 122, 158]
i =  37 [96, 449, 895, 710, 902, 566, 878, 239, 945, 242, 565, 352, 855, 281, 858, 303, 783, 510, 255]
i =  38 [7, 73, 10, 85, 87, 91, 778]
i =  39 [705, 194, 804, 262, 838, 807, 776, 873, 610, 558, 559, 210, 430, 601, 442, 733, 542]
i =  40 [228, 231, 297, 107, 428, 877, 408, 212, 55, 184, 216]
i =  41 [482, 54, 743, 648, 9, 871, 434, 271, 721, 530, 180, 405, 822, 820, 632, 370, 507, 253, 884]
i =  42 [448, 289, 83, 3, 293, 6, 49, 137, 234, 368, 465, 291, 892]
i =  43 [931, 196, 423, 808, 905, 426, 813, 681, 847, 692, 841, 310, 777, 376, 857, 175, 252, 522, 475]
i =  44 [588, 298, 619, 844, 302, 498, 633, 634, 492, 445, 543]
i =  45 [175, 196, 423, 808, 905, 522, 813, 681, 847, 692, 841, 310, 777, 376, 857, 475, 252, 925, 426]
i =  46 [987, 7, 936, 73, 10, 85, 87, 91]
i =  47 [640, 673, 708, 316, 749, 526, 637, 528, 625, 275, 727, 728, 132, 218, 28, 189]
i =  48 [33, 354, 643, 453, 577, 969, 403, 243, 501, 699, 766, 597]
i =  49 [897, 763, 676, 489, 682, 875, 516, 913, 531, 990, 535, 745, 484, 986, 827, 988, 797, 958]
i =  50 [160, 452, 101, 232, 329, 876, 557, 45, 104, 361, 186, 15, 349]
i =  51 [356, 167, 554, 491, 496, 88, 340, 472, 346, 380, 170, 574]
i =  52 [34, 79, 48, 564, 183, 154, 123, 157, 31]
i =  53 [98, 99, 549, 424, 523, 493, 707, 53, 630, 247, 771, 213, 187, 636, 765, 703]
i =  54 [512, 801, 420, 613, 583, 459, 719, 497, 626, 372, 693, 663, 440, 985, 215, 798, 581]
i =  55 [832, 224, 162, 678, 649, 106, 461, 437, 365, 624, 258, 661, 674, 568, 90, 382, 862, 734]
i =  56 [646, 586, 268, 78, 113, 467, 238, 511, 330, 842, 351]
i =  57 [385, 2, 456, 585, 395, 460, 12, 304, 401, 392, 441, 58]
i =  58 [768, 228, 231, 297, 107, 428, 216, 212, 55, 408, 184]
i =  59 [706, 515, 294, 657, 488, 714, 717, 46, 591, 450, 241, 532, 694, 567, 399, 62, 831]
i =  60 [627, 481, 305, 995, 740, 741, 775, 883, 556, 525, 686, 751, 145, 691, 227, 398, 885, 761, 859, 220, 63]
i =  61 [867, 644, 519, 712, 551, 364, 711, 335, 400, 755, 468, 718, 388, 474, 347, 666, 254]
i =  62 [481, 305, 227, 740, 741, 998, 775, 859, 556, 525, 686, 751, 145, 627, 691, 398, 885, 761, 883, 220, 63]
i =  63 [992, 961, 907, 799, 937, 683, 909, 781, 635, 124, 978, 948, 662, 891, 953, 911, 850, 607]
i =  64 [512, 801, 899, 420, 613, 583, 459, 719, 497, 626, 372, 693, 663, 440, 215, 798, 581]
i =  65 [544, 131, 357, 39, 421, 490, 235, 590, 495, 688, 341, 378, 191, 223]
i =  66 [544, 896, 131, 223, 357, 39, 490, 235, 590, 495, 341, 378, 191, 421]
i =  67 [608, 188, 140, 343, 172, 237, 494, 144, 307, 628, 470, 503, 764, 93, 479]
i =  68 [994, 43, 772, 934, 359, 904, 713, 874, 939, 66, 296, 373, 726, 984, 949, 730, 795, 991]
i =  69 [653, 910, 916, 538, 414, 672, 417, 571, 829, 837, 840, 202, 716, 466, 595, 654, 865, 870, 614, 1000, 879, 509, 469]
i =  70 [577, 354, 643, 836, 453, 33, 243, 403, 597, 699, 766, 501]
i =  71 [480, 546, 261, 367, 114, 533, 758, 120, 473, 478, 485]
i =  72 [66, 43, 772, 934, 999, 904, 713, 874, 939, 359, 296, 373, 726, 984, 730, 795, 991, 949]
i =  73 [769, 387, 8, 22, 920, 411, 670, 671, 32, 163, 169, 429, 431, 968, 819, 825, 443, 828, 318, 575, 67, 709, 199, 584, 973, 979, 853, 983, 851, 505]
i =  74 [757, 609, 547, 932, 393, 971, 620, 974, 432, 323, 404, 782, 982, 504, 890, 95, 954, 981]
i =  75 [545, 386, 439, 744, 823, 930, 942, 240, 881, 147, 788, 725, 951, 148, 381]
i =  76 [512, 801, 798, 420, 613, 583, 459, 941, 719, 497, 626, 372, 693, 663, 440, 215, 581]
i =  77 [800, 898, 539, 868, 389, 903, 812, 650, 747, 908, 205, 685, 784, 173, 658, 659, 854, 919, 527, 668, 618]
i =  78 [517, 265, 42, 555, 621, 334, 176, 886, 174, 406, 536, 350, 287]
i =  79 [576, 738, 675, 422, 582, 809, 845, 560, 177, 754, 436, 57, 594, 283, 413, 638, 5]
i =  80 [175, 196, 423, 808, 777, 426, 813, 681, 847, 848, 905, 692, 310, 841, 376, 857, 475, 252, 522]
i =  81 [98, 771, 549, 424, 523, 493, 849, 703, 99, 213, 630, 247, 187, 636, 765, 53]
i =  82 [161, 322, 70, 263, 108, 179, 852, 182, 119, 30]
i =  83 [384, 353, 394, 299, 14, 273, 309, 217, 29, 830, 21]
i =  84 [482, 743, 648, 9, 871, 434, 530, 271, 816, 721, 370, 180, 405, 54, 632, 820, 507, 253, 884]
i =  85 [66, 43, 772, 934, 359, 296, 713, 874, 939, 817, 904, 373, 726, 984, 730, 795, 991, 949]
i =  86 [419, 17, 360, 811, 44, 328, 244, 267, 409, 219, 317]
i =  87 [512, 801, 798, 420, 613, 583, 459, 719, 497, 626, 787, 372, 693, 663, 440, 215, 581]
i =  88 [321, 100, 325, 521, 171, 684, 143, 724, 629, 342, 537, 665, 249, 348, 524, 735]
i =  89 [290, 645, 715, 514, 333, 592, 722, 499, 642, 151, 604]
i =  90 [257, 578, 35, 134, 518, 327, 651, 589, 720, 337, 211, 660, 311, 308, 602, 125, 446]
i =  91 [704, 225, 130, 616, 573, 458, 427, 270, 687, 689, 178, 149, 89, 153, 655, 221, 605]
i =  92 [259, 260, 679, 168, 647, 366, 280, 306, 279, 248, 697, 250, 631, 127]
i =  93 [193, 677, 615, 617, 138, 332, 402, 477, 274, 277, 598, 569, 698, 540, 701]
i =  94 [358, 680, 553, 362, 203, 338, 690, 110, 369, 18, 206, 214, 457, 185, 702, 639]
i =  95 [514, 645, 715, 333, 592, 722, 499, 276, 642, 151, 290, 604, 669, 965]
i =  96 [705, 194, 804, 262, 838, 807, 776, 610, 558, 559, 210, 430, 601, 442, 603, 733, 542]
i =  97 [288, 611, 292, 550, 71, 444, 266, 623, 433, 562, 506, 59, 60]
i =  98 [608, 612, 140, 343, 172, 237, 494, 144, 307, 628, 470, 503, 188, 93, 479]
i =  99 [464, 38, 486, 552, 396, 112, 593, 563, 407, 377, 155, 92, 264, 415]
i =  100 [513, 230, 487, 105, 295, 397, 529, 181, 251, 508, 383]
i =  101 [166, 135, 75, 236, 118, 471, 26, 222, 159]
i =  102 [482, 743, 648, 9, 871, 370, 530, 271, 721, 434, 180, 405, 54, 632, 820, 507, 476, 253, 884]
i =  103 [33, 354, 643, 453, 577, 447, 403, 243, 597, 699, 766, 501]
i =  104 [832, 224, 258, 678, 454, 649, 106, 162, 461, 624, 661, 365, 437, 674, 568, 90, 382, 734]
i =  105 [355, 324, 133, 103, 391, 301, 80, 195, 278, 344]
i =  106 [705, 194, 804, 262, 838, 807, 776, 300, 610, 558, 559, 210, 430, 601, 442, 733, 542]
i =  107 [192, 65, 97, 198, 129, 204, 146, 245, 313, 345, 282]
i =  108 [195, 324, 133, 326, 391, 103, 301, 80, 355, 278, 344]
i =  109 [480, 546, 261, 367, 336, 114, 533, 120, 473, 478, 485]
i =  110 [128, 164, 200, 41, 111, 24, 115, 152, 284]
i =  111 [482, 180, 871, 648, 9, 743, 434, 207, 271, 721, 530, 884, 405, 54, 632, 820, 507, 253, 370]
i =  112 [512, 801, 420, 613, 583, 459, 719, 209, 626, 497, 372, 693, 663, 440, 215, 798, 581]
i =  113 [961, 683, 781, 233, 907, 909, 207, 911, 124, 978, 948, 662, 937, 891, 953, 607, 635, 850, 799]
i =  114 [98, 771, 549, 424, 523, 269, 493, 53, 99, 213, 630, 247, 187, 636, 765, 703]
i =  115 [705, 194, 804, 838, 262, 807, 776, 610, 558, 47, 210, 430, 601, 442, 559, 733, 542]
i =  116 [288, 611, 292, 550, 71, 60, 266, 623, 433, 562, 506, 59, 444, 74]
finish get all communities
complete deal_communities
commplete get_all_nature_community
----------------------------------The detection result is: 

all communities: 
i =  1 : [69, 226, 320, 416, 500, 534, 548, 729, 752, 789, 810, 843, 846, 882, 893, 915, 933, 938, 950]
i =  2 : [102, 139, 197, 371, 451, 587, 596, 599, 622, 656, 748, 767, 779, 786, 794, 803, 860, 864, 912, 914, 921, 922, 923, 928, 935, 943, 957]
i =  3 : [11, 13, 16, 25, 27, 50, 51, 81, 82, 955]
i =  4 : [64, 117, 190, 229, 272, 315, 331, 363, 980]
i =  5 : [64, 117, 190, 229, 272, 315, 331, 363, 965]
i =  6 : [116, 165, 390, 435, 520, 572, 652, 695, 696, 732, 737, 739, 753, 759, 785, 802, 824, 826, 861]
i =  7 : [26, 75, 118, 135, 159, 166, 222, 236, 246, 972]
i =  8 : [201, 285, 312, 319, 339, 375, 412, 425, 455, 462, 463, 541, 579, 667, 762]
i =  9 : [31, 34, 48, 79, 123, 154, 157, 183, 989]
i =  10 : [314, 438, 580, 600, 723, 731, 742, 791, 818, 833, 834, 856, 894, 901, 918, 927, 929, 940]
i =  11 : [1, 20, 36, 61, 68, 72, 86, 790]
i =  12 : [19, 23, 56, 76, 84, 94, 156, 793]
i =  13 : [52, 77, 109, 121, 122, 136, 141, 142, 150, 158, 773]
i =  14 : [96, 239, 242, 255, 281, 303, 352, 449, 510, 565, 566, 710, 783, 855, 858, 878, 895, 902, 945]
i =  15 : [3, 6, 49, 83, 137, 234, 289, 291, 293, 368, 448, 465, 892]
i =  16 : [7, 10, 73, 85, 87, 91, 936, 987]
i =  17 : [15, 45, 101, 104, 160, 186, 232, 329, 349, 361, 452, 557, 876]
i =  18 : [88, 167, 170, 340, 346, 356, 380, 472, 491, 496, 554, 574]
i =  19 : [31, 34, 48, 79, 123, 154, 157, 183, 564]
i =  20 : [46, 62, 241, 294, 399, 450, 488, 515, 532, 567, 591, 657, 694, 706, 714, 717, 831]
i =  21 : [254, 335, 347, 364, 388, 400, 468, 474, 519, 551, 644, 666, 711, 712, 718, 755, 867]
i =  22 : [8, 22, 32, 67, 163, 169, 199, 318, 387, 411, 429, 431, 443, 505, 575, 584, 670, 671, 709, 769, 819, 825, 828, 851, 853, 920, 968, 973, 979, 983]
i =  23 : [95, 323, 393, 404, 432, 504, 547, 609, 620, 757, 782, 890, 932, 954, 971, 974, 981, 982]
i =  24 : [147, 148, 240, 381, 386, 439, 545, 725, 744, 788, 823, 881, 930, 942, 951]
i =  25 : [173, 205, 389, 527, 539, 618, 650, 658, 659, 668, 685, 747, 784, 800, 812, 854, 868, 898, 903, 908, 919]
i =  26 : [42, 174, 176, 265, 287, 334, 350, 406, 517, 536, 555, 621, 886]
i =  27 : [5, 57, 177, 283, 413, 422, 436, 560, 576, 582, 594, 638, 675, 738, 754, 809, 845]
i =  28 : [14, 21, 29, 217, 273, 299, 309, 353, 384, 394, 830]
i =  29 : [17, 44, 219, 244, 267, 317, 328, 360, 409, 419, 811]
i =  30 : [100, 143, 171, 249, 321, 325, 342, 348, 521, 524, 537, 629, 665, 684, 724, 735]
i =  31 : [35, 125, 134, 211, 257, 308, 311, 327, 337, 446, 518, 578, 589, 602, 651, 660, 720]
i =  32 : [89, 130, 149, 153, 178, 221, 225, 270, 427, 458, 573, 605, 616, 655, 687, 689, 704]
i =  33 : [127, 168, 248, 250, 259, 260, 279, 280, 306, 366, 631, 647, 679, 697]
i =  34 : [138, 193, 274, 277, 332, 402, 477, 540, 569, 598, 615, 617, 677, 698, 701]
i =  35 : [18, 110, 185, 203, 206, 214, 338, 358, 362, 369, 457, 553, 639, 680, 690, 702]
i =  36 : [151, 276, 290, 333, 499, 514, 592, 604, 642, 645, 669, 715, 722, 965]
i =  37 : [38, 92, 112, 155, 264, 377, 396, 407, 415, 464, 486, 552, 563, 593]
i =  38 : [105, 181, 230, 251, 295, 383, 397, 487, 508, 513, 529]
i =  39 : [26, 75, 118, 135, 159, 166, 222, 236, 471]
i =  40 : [65, 97, 129, 146, 192, 198, 204, 245, 282, 313, 345]
i =  41 : [80, 103, 133, 195, 278, 301, 324, 326, 344, 355, 391]
i =  42 : [24, 41, 111, 115, 128, 152, 164, 200, 284]
i =  43 : [59, 60, 71, 74, 266, 288, 292, 433, 444, 506, 550, 562, 611, 623]
i =  44 : [28, 132, 189, 218, 275, 316, 483, 526, 528, 625, 637, 640, 673, 708, 727, 728, 749]
i =  45 : [208, 374, 379, 418, 570, 746, 760, 805, 821, 839, 863, 906, 944, 952, 975, 976]
i =  46 : [4, 37, 40, 126, 256, 606, 641, 664, 700, 736, 750, 756, 780, 792, 806, 815, 866, 869, 872, 880, 887, 888, 889, 900, 924, 926, 947, 960, 962, 970, 977, 996, 997]
i =  47 : [202, 414, 417, 466, 469, 509, 538, 571, 595, 614, 653, 654, 672, 716, 814, 829, 837, 840, 865, 870, 879, 910, 916, 1000]
i =  48 : [30, 70, 108, 119, 161, 179, 182, 263, 322, 852, 917]
i =  49 : [2, 12, 58, 304, 385, 392, 395, 401, 441, 456, 460, 585, 966]
i =  50 : [78, 113, 238, 268, 330, 351, 467, 502, 511, 586, 646, 842]
i =  51 : [7, 10, 73, 85, 87, 91, 774, 778]
i =  52 : [298, 302, 445, 492, 498, 543, 561, 588, 619, 633, 634, 844]
i =  53 : [55, 107, 184, 212, 216, 228, 231, 297, 408, 428, 768, 877]
i =  54 : [90, 106, 162, 224, 258, 365, 382, 437, 454, 461, 568, 624, 649, 661, 674, 678, 734, 832, 862]
i =  55 : [63, 145, 220, 227, 305, 398, 481, 525, 556, 627, 686, 691, 740, 741, 751, 761, 775, 859, 883, 885, 995, 998]
i =  56 : [124, 207, 233, 607, 635, 662, 683, 781, 799, 850, 891, 907, 909, 911, 937, 948, 953, 961, 978, 992]
i =  57 : [39, 131, 191, 223, 235, 341, 357, 378, 421, 490, 495, 544, 590, 688, 896]
i =  58 : [93, 140, 144, 172, 188, 237, 286, 307, 343, 470, 479, 494, 503, 608, 612, 628, 764]
i =  59 : [114, 120, 261, 336, 367, 473, 478, 480, 485, 533, 546, 758, 964]
i =  60 : [33, 243, 354, 403, 447, 453, 501, 577, 597, 643, 699, 766, 836, 969]
i =  61 : [53, 98, 99, 187, 213, 247, 269, 424, 493, 523, 549, 630, 636, 703, 707, 765, 771, 849]
i =  62 : [175, 196, 252, 310, 376, 423, 426, 475, 522, 681, 692, 777, 796, 808, 813, 841, 847, 848, 857, 905, 925, 931]
i =  63 : [43, 66, 296, 359, 373, 713, 726, 730, 772, 795, 817, 874, 904, 934, 939, 949, 963, 984, 991, 994, 999]
i =  64 : [47, 194, 210, 262, 300, 430, 442, 542, 558, 559, 601, 603, 610, 705, 733, 776, 804, 807, 838, 873]
i =  65 : [9, 54, 180, 207, 253, 271, 370, 405, 434, 476, 482, 507, 530, 632, 648, 721, 743, 816, 820, 822, 871, 884]
i =  66 : [410, 484, 489, 516, 531, 535, 676, 682, 745, 763, 797, 827, 835, 875, 897, 913, 946, 956, 958, 959, 967, 986, 988, 990, 993]
i =  67 : [209, 215, 372, 420, 440, 459, 497, 512, 581, 583, 613, 626, 663, 693, 719, 770, 787, 798, 801, 899, 941, 985]
overlapping nodes are:  [7, 10, 26, 31, 34, 48, 64, 73, 75, 79, 85, 87, 91, 117, 118, 123, 135, 154, 157, 159, 166, 183, 190, 207, 222, 229, 236, 272, 315, 331, 363, 965] 
 NOO is:  32
total time is:  62.9326019287
