lens of ground_truth:  43
ground_truth is: [[99, 144, 206, 218, 234, 249, 315, 328, 447, 478, 516, 553, 582, 606, 626, 629, 680, 728, 774, 981], [63, 69, 79, 147, 153, 175, 188, 205, 277, 302, 331, 337, 350, 363, 394, 541, 588, 648, 662, 666, 668, 674, 711, 718, 723, 751, 772, 776, 786, 806, 859, 864, 883, 897, 899, 904, 906, 928, 950, 953, 963, 968, 988], [38, 95, 103, 138, 145, 148, 162, 375, 425, 454, 460, 538, 539, 660, 707, 713, 753, 782, 810, 816, 824, 827, 847, 893], [6, 25, 27, 48, 51, 80, 95, 96, 237, 339, 352, 395, 458, 466, 483, 515, 544, 564, 599, 617, 621, 642, 736, 778, 854, 860, 921], [52, 72, 85, 98, 164, 203, 227, 300, 310, 313, 316, 327, 389, 412, 426, 444, 481, 525, 536, 572, 608, 675, 763, 825, 845, 876, 925, 940], [1, 118, 173, 202, 217, 292, 383, 433, 467, 489, 504, 537, 565, 612, 620, 643, 676, 681, 688, 694, 759, 897], [86, 101, 117, 221, 222, 246, 248, 282, 294, 340, 343, 367, 442, 450, 456, 501, 527, 547, 633, 636, 645, 658, 765, 767, 817, 838, 850, 868, 871, 915, 941], [17, 105, 140, 161, 165, 223, 255, 384, 402, 645, 941], [54, 64, 113, 128, 224, 329, 390, 406, 421, 470, 479, 554, 587, 589, 647, 658, 670, 717, 792], [24, 31, 42, 47, 66, 151, 192, 195, 228, 235, 264, 323, 378, 436, 540, 550, 567, 592, 618, 637, 649, 664, 714, 730, 749, 776, 779, 780, 852, 853, 891, 924, 932, 935, 939, 964, 978, 983, 985, 987], [36, 75, 79, 81, 85, 116, 173, 194, 215, 219, 239, 253, 276, 299, 344, 349, 359, 397, 399, 427, 457, 547, 552, 594, 602, 606, 644, 663, 696, 705, 727, 762, 781, 814, 831, 833, 836, 842, 846, 858, 872, 902, 913, 916, 956, 960, 962, 973, 976, 995], [88, 92, 125, 154, 155, 210, 250, 259, 338, 387, 400, 411, 422, 423, 429, 441, 471, 475, 488, 499, 503, 563, 613, 634, 697, 745, 760, 818, 840, 933, 957, 974, 977, 982], [26, 61, 177, 178, 191, 226, 256, 311, 372, 391, 426, 542, 557, 560, 640, 728], [2, 11, 90, 91, 109, 134, 142, 157, 184, 279, 438, 476, 579, 596, 667, 678, 682, 765], [94, 97, 233, 236, 263, 332, 333, 338, 370, 440, 443, 482, 492, 505, 603, 614, 623, 638, 656, 672, 797, 822, 829], [3, 78, 120, 126, 146, 151, 152, 268, 270, 286, 301, 312, 342, 467, 523, 531, 561, 562, 611, 677, 690, 701, 706, 725, 731, 738, 821, 844, 856, 857, 862, 874, 882, 895, 900, 903, 905, 920, 923, 926, 936, 942, 970, 971, 972, 980, 984, 997, 1000], [86, 149, 172, 185, 201, 251, 262, 290, 302, 306, 336, 416, 432, 533, 568, 576, 610, 635, 661, 671, 695, 710, 791, 815, 855, 865, 887, 888, 931, 938, 965, 966], [44, 57, 111, 204, 216, 241, 293, 303, 430, 462, 726, 781], [14, 21, 106, 168, 193, 212, 257, 321, 358, 364, 474, 477, 508, 514, 551, 646, 652, 684, 719, 768, 775, 828, 867, 875, 879, 907, 908], [23, 46, 52, 67, 108, 129, 247, 258, 267, 284, 318, 326, 468, 491, 495, 506, 510, 512, 517, 650, 703, 724, 766, 843, 886, 923], [33, 56, 115, 119, 132, 283, 524, 699, 748, 867], [150, 198, 211, 243, 245, 269, 291, 376, 487, 497, 532, 543, 813], [37, 41, 180, 244, 252, 351, 373, 420, 447, 529, 811], [5, 100, 312, 318, 357, 431, 534, 556, 575, 604, 686, 699, 702, 716, 740, 742, 794, 803, 804, 974], [7, 18, 74, 82, 84, 112, 122, 174, 175, 199, 231, 307, 345, 348, 409, 451, 520, 573, 574, 577, 619, 708, 726, 739, 804, 832, 834, 835, 878, 901, 917, 918, 924, 930, 934, 955, 959, 990, 991, 992, 996, 997], [30, 40, 73, 232, 238, 281, 298, 335, 434, 455, 493, 529, 546], [8, 16, 29, 71, 126, 220, 319, 362, 369, 407, 469, 519, 535, 545, 687, 689, 709, 743, 746, 747, 757, 823, 861, 892, 896], [207, 230, 242, 266, 287, 314, 324, 388, 428, 571, 653, 655, 700, 733, 737, 758, 764, 812], [20, 53, 89, 141, 143, 308, 382, 393, 398, 448, 566, 580, 584, 627, 685, 715, 841], [7, 34, 45, 50, 59, 187, 196, 246, 285, 295, 344, 379, 445, 511, 630, 632, 661, 673, 698, 712, 732, 744, 769, 798, 802, 808, 848, 849, 870, 885, 889, 922, 937, 954, 967], [22, 35, 81, 120, 135, 322, 359, 361, 371, 408, 415, 418, 494, 509, 522, 528, 530, 549, 552, 593, 594, 596, 622, 663, 714, 722, 735, 762, 787, 799, 801, 805, 830, 863, 869, 872, 873, 881, 885, 898, 912, 943, 960, 962, 970, 971, 975, 979, 986, 999], [39, 62, 65, 68, 107, 160, 355, 365, 380, 381, 799], [4, 32, 84, 87, 104, 110, 127, 183, 208, 240, 273, 274, 275, 296, 350, 453, 454, 459, 520, 531, 559, 578, 624, 639, 641, 651, 659, 693, 705, 741, 754, 760, 813, 824, 839, 841, 848, 887, 909, 911, 917, 930, 947, 948, 994, 998], [5, 43, 148, 158, 179, 209, 214, 272, 297, 410, 490, 507, 519, 581, 590, 607, 631, 752, 784, 788, 800, 819, 826, 870, 880, 910, 929, 952, 989], [15, 139, 156, 167, 176, 197, 280, 304, 341, 396, 484, 485, 591], [114, 121, 153, 260, 356, 480, 518, 609, 615, 618, 657, 675, 750, 761, 770, 773, 777, 790, 793], [70, 136, 200, 225, 366, 374, 386, 405, 461, 486, 502, 595, 597, 641], [10, 19, 76, 83, 166, 171, 189, 261, 271, 325, 385, 392, 413, 437, 446, 472, 500, 600, 616, 667, 730, 755, 785, 789, 820, 837, 877, 884, 890, 892, 894, 927, 945, 949, 951, 961, 993], [93, 102, 123, 130, 169, 186, 278, 377, 414, 419, 475, 583, 586, 669, 729, 863, 909], [13, 28, 72, 163, 170, 181, 213, 241, 305, 317, 334, 353, 360, 435, 439, 449, 463, 524, 548, 555, 570, 595, 601, 654, 665, 704, 748, 756, 807, 809, 812, 851], [9, 12, 49, 58, 254, 265, 309, 354, 368, 404, 424, 464, 513, 625, 679, 721, 734, 771, 798], [60, 133, 159, 182, 190, 320, 346, 347, 417, 452, 465, 613], [55, 77, 124, 131, 137, 229, 288, 289, 330, 401, 403, 473, 496, 498, 521, 526, 558, 569, 585, 598, 605, 628, 683, 691, 692, 720, 721, 772, 783, 795, 796, 802, 811, 833, 866, 891, 914, 919, 944, 946, 958, 963, 969, 981, 989]]
print random_nodes: [[132], [101], [541], [433], [489], [178], [117], [96], [146], [732], [916], [784], [515], [767], [215], [317], [406], [776], [918], [908], [919], [941], [242], [272], [104], [921], [456], [52], [535], [261], [817], [765]]
args__________ ([[132]],)
args__________ ([[101]],)
args__________ ([[541]],)
args__________ ([[433]],)
args__________ ([[489]],)
args__________ ([[178]],)
args__________ ([[117]],)
args__________ ([[96]],)
args__________ ([[146]],)
args__________ ([[732]],)
args__________ ([[916]],)
args__________ ([[784]],)
args__________ ([[515]],)
args__________ ([[767]],)
args__________ ([[215]],)
args__________ ([[317]],)
args__________ ([[406]],)
args__________ ([[776]],)
args__________ ([[918]],)
args__________ ([[908]],)
args__________ ([[919]],)
args__________ ([[941]],)
args__________ ([[242]],)
args__________ ([[272]],)
args__________ ([[104]],)
args__________ ([[921]],)
args__________ ([[456]],)
args__________ ([[52]],)
args__________ ([[535]],)
args__________ ([[261]],)
args__________ ([[817]],)
args__________ ([[765]],)
finish process_num processes get single node nature community___________________
length of left_nodes_list__________:  590
print random_nodes: [[975], [125], [66], [39], [233], [357], [881], [606], [444], [534], [696], [755], [552], [703], [302], [408], [389], [480], [135], [831], [365], [686], [626], [812], [63], [342], [42], [785], [774], [583], [169], [315]]
args__________ ([[975]],)
args__________ ([[125]],)
args__________ ([[66]],)
args__________ ([[39]],)
args__________ ([[233]],)
args__________ ([[357]],)
args__________ ([[881]],)
args__________ ([[606]],)
args__________ ([[444]],)
args__________ ([[534]],)
args__________ ([[696]],)
args__________ ([[755]],)
args__________ ([[552]],)
args__________ ([[703]],)
args__________ ([[302]],)
args__________ ([[408]],)
args__________ ([[389]],)
args__________ ([[480]],)
args__________ ([[135]],)
args__________ ([[831]],)
args__________ ([[365]],)
args__________ ([[686]],)
args__________ ([[626]],)
args__________ ([[812]],)
args__________ ([[63]],)
args__________ ([[342]],)
args__________ ([[42]],)
args__________ ([[785]],)
args__________ ([[774]],)
args__________ ([[583]],)
args__________ ([[169]],)
args__________ ([[315]],)
finish process_num processes get single node nature community___________________
length of left_nodes_list__________:  281
print random_nodes: [[176], [780], [394], [246], [338], [936], [598], [243], [77], [863], [359], [821], [403], [641], [953], [710], [989], [970], [337], [897], [692], [344], [862], [857], [532], [760], [813], [796], [859], [987], [802], [798]]
args__________ ([[176]],)
args__________ ([[780]],)
args__________ ([[394]],)
args__________ ([[246]],)
args__________ ([[338]],)
args__________ ([[936]],)
args__________ ([[598]],)
args__________ ([[243]],)
args__________ ([[77]],)
args__________ ([[863]],)
args__________ ([[359]],)
args__________ ([[821]],)
args__________ ([[403]],)
args__________ ([[641]],)
args__________ ([[953]],)
args__________ ([[710]],)
args__________ ([[989]],)
args__________ ([[970]],)
args__________ ([[337]],)
args__________ ([[897]],)
args__________ ([[692]],)
args__________ ([[344]],)
args__________ ([[862]],)
args__________ ([[857]],)
args__________ ([[532]],)
args__________ ([[760]],)
args__________ ([[813]],)
args__________ ([[796]],)
args__________ ([[859]],)
args__________ ([[987]],)
args__________ ([[802]],)
args__________ ([[798]],)
finish process_num processes get single node nature community___________________
length of left_nodes_list__________:  111
print random_nodes: [[609], [848], [618], [1000], [518], [885], [447], [971], [917], [531], [611], [856], [5], [750], [3], [887], [942], [874], [375], [690], [827], [790], [312], [615], [770], [844], [725], [761], [882], [425], [730], [893]]
args__________ ([[609]],)
args__________ ([[848]],)
args__________ ([[618]],)
args__________ ([[1000]],)
args__________ ([[518]],)
args__________ ([[885]],)
args__________ ([[447]],)
args__________ ([[971]],)
args__________ ([[917]],)
args__________ ([[531]],)
args__________ ([[611]],)
args__________ ([[856]],)
args__________ ([[5]],)
args__________ ([[750]],)
args__________ ([[3]],)
args__________ ([[887]],)
args__________ ([[942]],)
args__________ ([[874]],)
args__________ ([[375]],)
args__________ ([[690]],)
args__________ ([[827]],)
args__________ ([[790]],)
args__________ ([[312]],)
args__________ ([[615]],)
args__________ ([[770]],)
args__________ ([[844]],)
args__________ ([[725]],)
args__________ ([[761]],)
args__________ ([[882]],)
args__________ ([[425]],)
args__________ ([[730]],)
args__________ ([[893]],)
finish process_num processes get single node nature community___________________
length of left_nodes_list__________:  39
print random_nodes: [[663], [811], [547], [519], [804], [594], [924], [475], [891], [762], [714], [148], [318], [705], [675], [331], [909], [981], [658], [721], [974], [661], [7], [613], [426], [892], [772], [960], [841], [997], [930], [923]]
args__________ ([[663]],)
args__________ ([[811]],)
args__________ ([[547]],)
args__________ ([[519]],)
args__________ ([[804]],)
args__________ ([[594]],)
args__________ ([[924]],)
args__________ ([[475]],)
args__________ ([[891]],)
args__________ ([[762]],)
args__________ ([[714]],)
args__________ ([[148]],)
args__________ ([[318]],)
args__________ ([[705]],)
args__________ ([[675]],)
args__________ ([[331]],)
args__________ ([[909]],)
args__________ ([[981]],)
args__________ ([[658]],)
args__________ ([[721]],)
args__________ ([[974]],)
args__________ ([[661]],)
args__________ ([[7]],)
args__________ ([[613]],)
args__________ ([[426]],)
args__________ ([[892]],)
args__________ ([[772]],)
args__________ ([[960]],)
args__________ ([[841]],)
args__________ ([[997]],)
args__________ ([[930]],)
args__________ ([[923]],)
finish process_num processes get single node nature community___________________
length of left_nodes_list__________:  6
print random_nodes: [[872], [824], [963], [870], [595], [962]]
args__________ ([[872]],)
args__________ ([[824]],)
args__________ ([[963]],)
args__________ ([[870]],)
args__________ ([[595]],)
args__________ ([[962]],)
finish process_num processes get single node nature community___________________
length of left_nodes_list__________:  0
commplete get_all_nature_community, length:  166
after deal_communities, length:______________ 126
fits_dic 126
above ave fitness communities 66 [0.4305835010060362, 0.46504559270516715, 0.3644544431946007, 0.46504559270516715, 0.3779310344827586, 0.44623655913978494, 0.46504559270516715, 0.4961832061068702, 0.4056737588652482, 0.3326226012793177, 0.4306784660766962, 0.3544857768052516, 0.37988826815642457, 0.3669724770642202, 0.4, 0.36879432624113473, 0.35990888382687924, 0.35792019347037485, 0.4344569288389513, 0.3761939750183688, 0.3776595744680851, 0.4134078212290503, 0.3464114832535885, 0.32265446224256294, 0.3399014778325123, 0.34551495016611294, 0.4796747967479675, 0.40217391304347827, 0.4200743494423792, 0.3271461716937355, 0.425531914893617, 0.32581818181818184, 0.3713646532438479, 0.3820047355958958, 0.4218009478672986, 0.3553008595988539, 0.41134751773049644, 0.4732142857142857, 0.3929273084479371, 0.4195121951219512, 0.43537414965986393, 0.3723502304147465, 0.36996336996337, 0.4532871972318339, 0.3316582914572864, 0.37714285714285717, 0.45234248788368336, 0.3421383647798742, 0.3556851311953353, 0.391304347826087, 0.34812286689419797, 0.5150214592274678, 0.3882783882783883, 0.3228511530398323, 0.32727272727272727, 0.43333333333333335, 0.3333333333333333, 0.33610648918469216, 0.355359765051395, 0.3573200992555831, 0.3848396501457726, 0.3741339491916859, 0.43309002433090027, 0.35609103078982596, 0.3463203463203463, 0.5]
----------------------------------The detection result is: 

all communities: 
i =  1 : [1, 118, 202, 217, 292, 383, 433, 467, 489, 504, 537, 565, 612, 620, 643, 676, 681, 688, 694, 759]
i =  2 : [6, 25, 27, 48, 51, 80, 96, 237, 339, 352, 395, 458, 466, 483, 515, 544, 564, 599, 617, 621, 642, 736, 778, 854, 860, 921]
i =  3 : [43, 78, 152, 158, 179, 209, 214, 272, 297, 410, 490, 507, 581, 590, 607, 631, 752, 784, 788, 800, 819, 826, 880, 910, 929, 952]
i =  4 : [6, 25, 27, 48, 51, 80, 96, 237, 339, 352, 395, 458, 466, 483, 515, 544, 564, 599, 617, 621, 642, 736, 778, 854, 860, 921]
i =  5 : [86, 101, 117, 221, 222, 248, 282, 294, 340, 343, 367, 442, 450, 456, 501, 527, 633, 636, 767, 817, 838, 850, 868, 871, 915]
i =  6 : [14, 21, 106, 168, 193, 212, 257, 321, 358, 364, 474, 477, 508, 514, 551, 646, 652, 684, 719, 768, 775, 828, 875, 879, 907, 908]
i =  7 : [6, 25, 27, 48, 51, 80, 96, 237, 339, 352, 395, 458, 466, 483, 515, 544, 564, 599, 617, 621, 642, 736, 778, 854, 860, 921]
i =  8 : [94, 97, 233, 236, 263, 332, 333, 370, 440, 443, 482, 492, 505, 603, 614, 623, 638, 656, 672, 797, 822, 829]
i =  9 : [52, 98, 164, 203, 227, 300, 310, 313, 316, 327, 357, 389, 412, 444, 481, 525, 536, 572, 608, 763, 825, 845, 876, 925, 940]
i =  10 : [76, 99, 144, 171, 206, 218, 234, 249, 315, 328, 478, 516, 553, 582, 606, 626, 629, 680, 774]
i =  11 : [52, 85, 98, 164, 203, 227, 300, 310, 313, 316, 327, 389, 412, 444, 481, 525, 536, 572, 608, 763, 825, 845, 876, 925, 940]
i =  12 : [9, 12, 49, 58, 254, 265, 309, 354, 368, 404, 424, 464, 513, 625, 679, 734, 755, 771]
i =  13 : [8, 16, 29, 71, 220, 276, 319, 362, 369, 407, 469, 535, 545, 552, 687, 689, 709, 743, 746, 747, 757, 823, 861, 896]
i =  14 : [20, 53, 89, 141, 143, 308, 371, 382, 393, 398, 408, 448, 566, 580, 584, 627, 685, 715]
i =  15 : [93, 102, 123, 130, 169, 186, 278, 377, 389, 414, 419, 583, 586, 669, 729]
i =  16 : [88, 92, 125, 154, 155, 175, 210, 250, 259, 387, 400, 411, 422, 423, 429, 441, 471, 480, 488, 499, 503, 563, 634, 697, 745, 818, 840, 933, 957, 977, 982]
i =  17 : [69, 76, 100, 357, 431, 534, 556, 575, 604, 686, 702, 716, 740, 742, 794, 803]
i =  18 : [13, 28, 55, 124, 129, 163, 170, 181, 213, 305, 317, 334, 353, 360, 435, 439, 449, 463, 548, 555, 570, 601, 654, 665, 704, 756, 807, 809, 812, 851]
i =  19 : [42, 93, 102, 123, 130, 169, 186, 278, 377, 414, 419, 583, 586, 669, 729]
i =  20 : [10, 19, 56, 72, 76, 83, 166, 171, 189, 261, 271, 325, 385, 392, 413, 437, 446, 472, 500, 600, 616, 755, 785, 789, 820, 837, 877, 884, 890, 894, 927, 945, 949, 951, 961, 993]
i =  21 : [10, 99, 144, 206, 218, 234, 249, 315, 328, 478, 516, 553, 582, 626, 629, 680, 774]
i =  22 : [39, 62, 65, 68, 107, 160, 315, 355, 365, 380, 381]
i =  23 : [88, 92, 121, 125, 154, 155, 210, 250, 259, 387, 394, 400, 411, 422, 423, 429, 441, 471, 488, 499, 503, 563, 634, 697, 745, 818, 840, 933, 957, 977, 982]
i =  24 : [71, 101, 117, 221, 222, 236, 246, 248, 282, 294, 340, 343, 367, 442, 450, 456, 501, 527, 633, 636, 767, 817, 838, 850, 868, 871, 915]
i =  25 : [22, 43, 93, 102, 123, 130, 169, 186, 278, 377, 414, 419, 583, 586, 669, 729, 863]
i =  26 : [150, 164, 198, 211, 243, 245, 269, 291, 359, 376, 487, 497, 532, 543]
i =  27 : [70, 136, 200, 225, 366, 374, 386, 405, 461, 486, 502, 597, 641]
i =  28 : [39, 62, 65, 68, 107, 160, 337, 355, 365, 380, 381]
i =  29 : [1, 118, 202, 217, 292, 383, 433, 489, 504, 537, 565, 612, 620, 643, 676, 681, 688, 694, 759, 897]
i =  30 : [71, 101, 117, 221, 222, 246, 248, 282, 294, 340, 343, 344, 367, 442, 450, 456, 501, 527, 633, 636, 767, 817, 838, 850, 868, 871, 915]
i =  31 : [150, 198, 211, 243, 245, 269, 291, 376, 487, 497, 532, 543, 813]
i =  32 : [55, 77, 116, 124, 131, 137, 229, 288, 289, 330, 401, 403, 473, 496, 498, 521, 526, 558, 569, 585, 598, 605, 628, 683, 691, 692, 720, 783, 795, 796, 866, 914, 919, 944, 946, 958, 969]
i =  33 : [63, 69, 147, 153, 188, 205, 277, 337, 363, 394, 541, 588, 648, 662, 666, 668, 674, 711, 718, 723, 751, 786, 806, 859, 864, 883, 899, 904, 906, 928, 950, 953, 968, 988]
i =  34 : [24, 31, 42, 47, 66, 192, 195, 228, 235, 264, 323, 378, 436, 540, 550, 567, 592, 637, 649, 664, 749, 779, 780, 852, 853, 932, 935, 939, 964, 978, 983, 985, 987]
i =  35 : [9, 12, 49, 58, 254, 265, 309, 354, 368, 404, 424, 464, 513, 625, 679, 734, 771, 798]
i =  36 : [26, 61, 177, 178, 191, 226, 256, 311, 372, 391, 542, 557, 560, 609, 640]
i =  37 : [37, 41, 180, 244, 252, 351, 373, 420, 447]
i =  38 : [5, 70, 136, 200, 225, 366, 374, 386, 405, 461, 486, 502, 597]
i =  39 : [103, 114, 121, 260, 356, 480, 518, 609, 615, 657, 750, 761, 770, 773, 777, 790, 793]
i =  40 : [38, 52, 103, 114, 138, 145, 162, 375, 425, 460, 538, 539, 660, 707, 713, 753, 782, 810, 816, 827, 847, 893]
i =  41 : [8, 38, 103, 138, 145, 162, 375, 425, 460, 538, 539, 660, 707, 713, 753, 782, 810, 816, 827, 847, 893]
i =  42 : [75, 149, 172, 185, 201, 251, 262, 290, 306, 312, 336, 416, 432, 533, 568, 576, 610, 635, 671, 695, 710, 791, 815, 855, 865, 888, 931, 938, 965, 966]
i =  43 : [45, 104, 114, 121, 260, 356, 480, 518, 609, 615, 657, 750, 761, 770, 773, 777, 790, 793]
i =  44 : [38, 95, 103, 138, 145, 162, 375, 425, 460, 538, 539, 660, 707, 713, 753, 782, 810, 816, 827, 847, 893]
i =  45 : [201, 207, 215, 230, 242, 266, 287, 314, 324, 388, 428, 571, 653, 655, 663, 700, 733, 737, 758, 764]
i =  46 : [37, 41, 180, 244, 252, 351, 373, 420, 811]
i =  47 : [8, 16, 29, 71, 220, 319, 362, 369, 407, 469, 519, 535, 545, 687, 689, 709, 743, 746, 747, 757, 823, 861, 896]
i =  48 : [13, 28, 163, 170, 181, 213, 305, 317, 334, 353, 360, 435, 439, 449, 463, 548, 555, 570, 601, 654, 665, 704, 756, 804, 807, 809, 851]
i =  49 : [23, 46, 67, 108, 129, 247, 258, 267, 276, 284, 326, 468, 491, 495, 506, 510, 512, 517, 594, 650, 703, 724, 766, 843, 886]
i =  50 : [70, 136, 200, 225, 302, 366, 374, 386, 405, 461, 475, 486, 502, 597]
i =  51 : [150, 198, 211, 243, 245, 269, 291, 376, 487, 497, 532, 543, 762]
i =  52 : [15, 139, 148, 156, 167, 176, 197, 280, 304, 341, 396, 484, 485, 591]
i =  53 : [30, 40, 73, 101, 232, 238, 281, 298, 318, 335, 434, 455, 493, 546]
i =  54 : [52, 98, 100, 164, 201, 203, 206, 215, 227, 300, 310, 313, 316, 327, 389, 412, 444, 481, 525, 536, 572, 608, 675, 763, 825, 845, 876, 925, 940]
i =  55 : [66, 99, 144, 206, 218, 234, 249, 315, 328, 331, 478, 516, 553, 582, 626, 629, 680, 774]
i =  56 : [54, 64, 113, 128, 224, 238, 329, 390, 406, 421, 470, 479, 554, 587, 589, 647, 658, 670, 717, 792]
i =  57 : [39, 49, 62, 65, 68, 107, 160, 355, 365, 380, 381, 721]
i =  58 : [5, 47, 88, 92, 125, 154, 155, 210, 250, 259, 387, 400, 411, 422, 423, 429, 441, 471, 475, 488, 499, 503, 563, 634, 697, 745, 818, 840, 933, 957, 974, 977, 982]
i =  59 : [23, 46, 67, 108, 129, 247, 258, 267, 284, 326, 468, 491, 495, 506, 510, 512, 517, 650, 661, 703, 724, 766, 843, 886]
i =  60 : [7, 52, 98, 164, 203, 227, 300, 310, 313, 316, 327, 389, 412, 444, 481, 525, 536, 568, 572, 608, 763, 825, 845, 876, 925, 940]
i =  61 : [24, 26, 61, 177, 178, 191, 226, 256, 311, 372, 391, 426, 542, 557, 560, 640]
i =  62 : [9, 12, 49, 58, 254, 265, 309, 354, 368, 404, 424, 464, 513, 625, 679, 734, 771, 772]
i =  63 : [20, 53, 89, 141, 143, 308, 382, 393, 398, 448, 566, 580, 584, 627, 685, 715, 841]
i =  64 : [23, 46, 67, 89, 108, 129, 247, 258, 267, 284, 326, 468, 491, 495, 506, 510, 512, 517, 650, 703, 724, 766, 843, 886, 923]
i =  65 : [20, 53, 69, 89, 141, 143, 308, 382, 393, 398, 448, 566, 580, 584, 627, 685, 715, 824]
i =  66 : [70, 136, 200, 225, 366, 374, 386, 405, 461, 486, 502, 595, 597]
overlapping nodes are:  [1, 5, 6, 8, 9, 10, 12, 13, 16, 20, 23, 24, 25, 26, 27, 28, 29, 37, 38, 39, 41, 42, 43, 46, 47, 48, 49, 51, 52, 53, 55, 58, 61, 62, 65, 66, 67, 68, 69, 70, 71, 76, 80, 88, 89, 92, 93, 96, 98, 99, 100, 101, 102, 103, 107, 108, 114, 117, 118, 121, 123, 124, 125, 129, 130, 136, 138, 141, 143, 144, 145, 150, 154, 155, 160, 162, 163, 164, 169, 170, 171, 177, 178, 180, 181, 186, 191, 198, 200, 201, 202, 203, 206, 210, 211, 213, 215, 217, 218, 220, 221, 222, 225, 226, 227, 234, 236, 237, 238, 243, 244, 245, 246, 247, 248, 249, 250, 252, 254, 256, 258, 259, 260, 265, 267, 269, 276, 278, 282, 284, 291, 292, 294, 300, 305, 308, 309, 310, 311, 313, 315, 316, 317, 319, 326, 327, 328, 334, 337, 339, 340, 343, 351, 352, 353, 354, 355, 356, 357, 360, 362, 365, 366, 367, 368, 369, 372, 373, 374, 375, 376, 377, 380, 381, 382, 383, 386, 387, 389, 391, 393, 394, 395, 398, 400, 404, 405, 407, 411, 412, 414, 419, 420, 422, 423, 424, 425, 429, 433, 435, 439, 441, 442, 444, 448, 449, 450, 456, 458, 460, 461, 463, 464, 466, 468, 469, 471, 475, 478, 480, 481, 483, 486, 487, 488, 489, 491, 495, 497, 499, 501, 502, 503, 504, 506, 510, 512, 513, 515, 516, 517, 518, 525, 527, 532, 535, 536, 537, 538, 539, 542, 543, 544, 545, 548, 553, 555, 557, 560, 563, 564, 565, 566, 568, 570, 572, 580, 582, 583, 584, 586, 597, 599, 601, 608, 609, 612, 615, 617, 620, 621, 625, 626, 627, 629, 633, 634, 636, 640, 642, 643, 650, 654, 657, 660, 665, 669, 676, 679, 680, 681, 685, 687, 688, 689, 694, 697, 703, 704, 707, 709, 713, 715, 724, 729, 734, 736, 743, 745, 746, 747, 750, 753, 755, 756, 757, 759, 761, 763, 766, 767, 770, 771, 773, 774, 777, 778, 782, 790, 793, 807, 809, 810, 816, 817, 818, 823, 825, 827, 838, 840, 843, 845, 847, 850, 851, 854, 860, 861, 868, 871, 876, 886, 893, 896, 915, 921, 925, 933, 940, 957, 977, 982] 
 NOO is:  373
total time is:  210.627071142
