lens of ground_truth:  49
ground_truth is: [[14, 16, 32, 62, 87, 128, 156, 157, 165, 169, 171, 191, 202, 224, 281, 293, 339, 345, 391, 495, 499, 561, 563, 596, 604, 613, 651, 655, 673, 678, 774, 810, 812, 834, 843, 901, 916, 923, 935, 953, 958, 961, 969, 976, 984, 990, 997], [53, 73, 84, 134, 173, 209, 238, 285, 313, 322, 348, 480, 681, 766], [11, 111, 112, 124, 144, 162, 179, 235, 241, 264, 330, 349, 364, 410, 425, 433, 447, 452, 483, 490, 501, 504, 518, 525, 552, 578, 619, 629, 655, 662, 667, 700, 706, 727, 790, 804, 813, 822, 842, 870, 887, 902, 907, 917, 929, 954, 969, 991], [76, 194, 231, 251, 304, 331, 374, 394, 455, 463, 464, 469, 470, 547, 567, 661, 760, 781, 820, 844, 855, 861, 862, 916, 931, 988], [15, 52, 59, 76, 99, 102, 127, 161, 185, 222, 225, 242, 246, 266, 277, 302, 308, 345, 346, 376, 431, 442, 484, 508, 522, 533, 557, 563, 565, 609, 633, 635, 672, 695, 709, 724, 737, 791, 798, 820, 833, 867, 895, 909, 928, 932, 947, 980, 986, 988], [22, 48, 52, 56, 78, 79, 96, 118, 119, 127, 148, 278, 301, 402, 509, 532, 578, 583, 623, 626, 667, 708, 751, 782, 796, 809, 878, 891, 924, 937, 971, 973, 988, 992, 998], [26, 37, 114, 121, 134, 304, 471, 520, 621, 648, 684, 685, 686, 689, 695, 742, 745, 768, 779, 782, 828, 875, 876, 880, 896, 908, 974], [39, 50, 104, 117, 153, 197, 233, 272, 274, 383, 458, 550, 647, 710, 743, 744, 797, 808, 811, 847, 878, 937, 966], [24, 33, 64, 76, 163, 267, 276, 304, 332, 336, 360, 424, 430, 436, 514, 557, 592, 611, 665, 674, 688, 691, 693, 801, 816, 846, 848, 852, 886, 900, 911, 918, 919, 921, 942, 955, 966, 969, 977, 982, 985, 1000], [41, 45, 60, 65, 123, 227, 286, 302, 321, 329, 435], [19, 34, 66, 115, 182, 234, 294, 362, 368, 477, 635], [10, 99, 101, 175, 195, 216, 232, 249, 283, 326, 371, 376, 387, 404, 426, 448, 463, 493, 502, 506, 574, 631, 635, 666, 692, 725, 740, 819, 829, 879, 903, 914, 920, 936, 941, 949, 968], [16, 30, 36, 140, 220, 258, 338, 386, 407, 415, 516, 622, 625, 641, 679, 681, 690, 773, 841, 845, 860, 869, 882, 956, 976], [105, 132, 221, 252, 357, 487, 488, 496, 568, 590, 682, 698, 699, 717, 738, 753, 766, 771, 777, 788, 801, 852, 854], [27, 116, 138, 151, 164, 203, 255, 382, 420, 908], [44, 58, 77, 152, 228, 269, 467, 519, 544, 890, 931, 983], [16, 51, 106, 172, 246, 256, 268, 498, 518, 956], [49, 61, 113, 143, 171, 205, 332, 391, 461, 553, 584, 595, 614, 696, 731, 747, 749, 757, 786, 787, 838], [4, 186, 290, 335, 389, 399, 421, 472, 486, 527, 593, 612, 657, 833, 976], [42, 201, 206, 208, 217, 314, 323, 341, 381, 446, 456, 526, 573, 581], [17, 47, 75, 87, 97, 148, 171, 360, 429, 453, 492, 536, 588, 630, 686, 694, 712, 718, 783, 789, 832, 850, 856, 864, 874, 888, 926, 927, 959, 960, 974, 986], [2, 103, 150, 184, 248, 378, 401, 478, 481, 503, 570, 643, 652, 683, 714, 754, 759, 764, 776, 782, 792, 818, 823, 859, 993], [109, 154, 199, 207, 265, 318, 320, 340, 369, 465, 489, 505, 598, 618, 704, 781, 821], [14, 54, 87, 156, 159, 174, 181, 214, 243, 244, 245, 246, 262, 337, 377, 395, 428, 469, 555, 624, 639, 645, 671, 705, 732, 755, 840, 853, 871, 898, 916, 938, 964, 974], [8, 35, 145, 149, 187, 188, 247, 270, 303, 342, 559, 577, 695, 983, 993], [12, 131, 136, 275, 295, 325, 328, 375, 397, 471, 476, 560, 562, 591, 597, 613, 627, 675, 693, 719, 729, 752, 770, 785, 849, 944], [13, 156, 168, 204, 218, 229, 345, 347, 370, 437, 441, 445, 521, 572, 579, 605, 669, 702, 723, 765, 766, 794, 806, 813, 877, 890, 905, 927, 940], [72, 108, 166, 250, 316, 385, 393, 576, 606, 608, 638, 833, 870, 937], [1, 18, 29, 43, 139, 384, 405, 463, 523, 551, 602, 644, 656, 668, 688, 697, 720, 803, 826, 836, 837, 839], [81, 95, 98, 146, 196, 320, 324, 361, 364, 367, 403, 409, 449, 546, 655, 722, 734, 741, 748, 758, 780, 805, 825, 883, 889, 917, 934, 939, 945, 950], [86, 132, 135, 219, 296, 373, 381, 387, 395, 413, 419, 451, 457, 479, 481, 510, 528, 540, 601, 620, 650, 653, 677, 716, 775, 884, 908, 925], [20, 57, 91, 155, 224, 280, 282, 359, 366, 381, 414, 443, 468, 564, 599, 600, 617, 624, 728, 777, 781, 820, 872, 966], [63, 70, 99, 120, 134, 147, 224, 261, 279, 291, 307, 469, 543, 556], [67, 82, 129, 130, 317, 351, 392, 482, 529, 558, 569, 575, 578, 586, 885], [40, 180, 254, 286, 364, 391, 498, 507, 518, 610, 615, 616, 646, 660, 665, 686, 687, 703, 746, 777, 827, 862, 875, 897, 913, 944, 983], [52, 62, 160, 178, 190, 235, 286, 287, 302, 344, 398, 459, 474, 481, 497, 563, 588, 634, 659, 664, 667, 676, 681, 726, 763, 774, 784, 795, 799, 802, 816, 822, 835, 858, 866, 894, 904, 912, 930, 942, 951, 952, 962, 967, 975, 986, 995], [35, 85, 100, 176, 183, 215, 243, 297, 387, 524, 534, 565, 585, 628, 637, 640, 730, 736, 756, 767, 817, 822, 824, 830, 857, 862, 870, 873, 892, 910, 922, 943, 963], [38, 71, 92, 141, 235, 288, 298, 305, 363, 406], [3, 89, 126, 192, 200, 240, 292, 311, 466, 494, 548, 755, 993], [5, 25, 69, 110, 150, 158, 230, 260, 309, 372, 460, 485, 511, 613, 707, 711, 721, 735, 750, 761, 815, 821, 868, 875, 878], [21, 28, 54, 55, 109, 133, 148, 167, 198, 289, 439, 498, 515, 594], [177, 299, 354, 358, 388, 400, 402, 412, 440, 531, 535, 693, 821], [80, 122, 125, 210, 213, 379, 475, 500, 512, 537, 554, 566, 571, 589, 649, 670, 701], [6, 7, 23, 93, 94, 137, 142, 236, 273, 332, 355, 423, 607, 624, 663, 885], [54, 68, 74, 107, 211, 253, 271, 284, 306, 315, 333, 343, 411, 416, 417, 418, 438, 462, 545, 557, 582, 638, 713, 715, 739, 762, 865, 890, 915], [9, 31, 62, 78, 88, 127, 263, 295, 312, 350, 376, 396, 434, 444, 471, 538, 539, 565, 588, 632, 636, 638, 654, 665, 680, 774, 793, 801, 807, 814, 816, 851, 906, 917, 927, 946, 965, 970, 996], [226, 239, 259, 310, 334, 352, 365, 422, 432, 450, 491, 513, 530, 542, 603, 885, 942], [14, 46, 83, 132, 170, 189, 193, 237, 243, 257, 300, 319, 353, 356, 360, 380, 390, 427, 473, 502, 587, 632, 642, 733, 769, 800, 812, 831, 863, 881, 893, 899, 931, 944, 956, 978, 981, 987, 994], [35, 78, 90, 109, 150, 212, 223, 295, 320, 327, 395, 402, 408, 454, 502, 517, 541, 549, 580, 632, 658, 688, 755, 772, 778, 812, 813, 852, 933, 948, 957, 972, 979, 989, 999]]
print random_nodes: [[166], [205], [879], [154], [701], [425], [328], [620], [696], [679], [440], [218], [566], [57], [90], [571], [171], [439], [714], [896], [801], [565], [294], [721], [983], [574], [540], [92], [636], [298], [397], [922]]
args__________ ([[166]],)
args__________ ([[205]],)
args__________ ([[879]],)
args__________ ([[154]],)
args__________ ([[701]],)
args__________ ([[425]],)
args__________ ([[328]],)
args__________ ([[620]],)
args__________ ([[696]],)
args__________ ([[679]],)
args__________ ([[440]],)
args__________ ([[218]],)
args__________ ([[566]],)
args__________ ([[57]],)
args__________ ([[90]],)
args__________ ([[571]],)
args__________ ([[171]],)
args__________ ([[439]],)
args__________ ([[714]],)
args__________ ([[896]],)
args__________ ([[801]],)
args__________ ([[565]],)
args__________ ([[294]],)
args__________ ([[721]],)
args__________ ([[983]],)
args__________ ([[574]],)
args__________ ([[540]],)
args__________ ([[92]],)
args__________ ([[636]],)
args__________ ([[298]],)
args__________ ([[397]],)
args__________ ([[922]],)
finish process_num processes get single node nature community___________________
length of left_nodes_list__________:  584
print random_nodes: [[863], [286], [933], [678], [699], [18], [958], [421], [843], [128], [664], [463], [835], [4], [634], [83], [197], [517], [501], [852], [203], [541], [267], [206], [130], [56], [777], [924], [916], [814], [72], [700]]
args__________ ([[863]],)
args__________ ([[286]],)
args__________ ([[933]],)
args__________ ([[678]],)
args__________ ([[699]],)
args__________ ([[18]],)
args__________ ([[958]],)
args__________ ([[421]],)
args__________ ([[843]],)
args__________ ([[128]],)
args__________ ([[664]],)
args__________ ([[463]],)
args__________ ([[835]],)
args__________ ([[4]],)
args__________ ([[634]],)
args__________ ([[83]],)
args__________ ([[197]],)
args__________ ([[517]],)
args__________ ([[501]],)
args__________ ([[852]],)
args__________ ([[203]],)
args__________ ([[541]],)
args__________ ([[267]],)
args__________ ([[206]],)
args__________ ([[130]],)
args__________ ([[56]],)
args__________ ([[777]],)
args__________ ([[924]],)
args__________ ([[916]],)
args__________ ([[814]],)
args__________ ([[72]],)
args__________ ([[700]],)
finish process_num processes get single node nature community___________________
length of left_nodes_list__________:  317
print random_nodes: [[74], [364], [563], [185], [449], [913], [284], [939], [54], [244], [969], [522], [422], [804], [525], [980], [926], [783], [453], [693], [890], [582], [504], [674], [1000], [853], [791], [47], [533], [886], [960], [418]]
args__________ ([[74]],)
args__________ ([[364]],)
args__________ ([[563]],)
args__________ ([[185]],)
args__________ ([[449]],)
args__________ ([[913]],)
args__________ ([[284]],)
args__________ ([[939]],)
args__________ ([[54]],)
args__________ ([[244]],)
args__________ ([[969]],)
args__________ ([[522]],)
args__________ ([[422]],)
args__________ ([[804]],)
args__________ ([[525]],)
args__________ ([[980]],)
args__________ ([[926]],)
args__________ ([[783]],)
args__________ ([[453]],)
args__________ ([[693]],)
args__________ ([[890]],)
args__________ ([[582]],)
args__________ ([[504]],)
args__________ ([[674]],)
args__________ ([[1000]],)
args__________ ([[853]],)
args__________ ([[791]],)
args__________ ([[47]],)
args__________ ([[533]],)
args__________ ([[886]],)
args__________ ([[960]],)
args__________ ([[418]],)
finish process_num processes get single node nature community___________________
length of left_nodes_list__________:  95
print random_nodes: [[224], [870], [665], [820], [402], [344], [833], [578], [243], [930], [944], [988], [942], [894], [976], [190], [858], [474], [781], [156], [966], [360], [613], [160], [975], [246], [376], [695], [799], [471], [635], [287]]
args__________ ([[224]],)
args__________ ([[870]],)
args__________ ([[665]],)
args__________ ([[820]],)
args__________ ([[402]],)
args__________ ([[344]],)
args__________ ([[833]],)
args__________ ([[578]],)
args__________ ([[243]],)
args__________ ([[930]],)
args__________ ([[944]],)
args__________ ([[988]],)
args__________ ([[942]],)
args__________ ([[894]],)
args__________ ([[976]],)
args__________ ([[190]],)
args__________ ([[858]],)
args__________ ([[474]],)
args__________ ([[781]],)
args__________ ([[156]],)
args__________ ([[966]],)
args__________ ([[360]],)
args__________ ([[613]],)
args__________ ([[160]],)
args__________ ([[975]],)
args__________ ([[246]],)
args__________ ([[376]],)
args__________ ([[695]],)
args__________ ([[799]],)
args__________ ([[471]],)
args__________ ([[635]],)
args__________ ([[287]],)
finish process_num processes get single node nature community___________________
length of left_nodes_list__________:  45
print random_nodes: [[638], [387], [655], [878], [822], [937], [974], [812], [502], [557], [127], [821], [688], [624], [302], [632], [588], [986], [766], [956], [481], [109], [295], [774], [395], [391], [862], [681], [875], [816], [469], [320]]
args__________ ([[638]],)
args__________ ([[387]],)
args__________ ([[655]],)
args__________ ([[878]],)
args__________ ([[822]],)
args__________ ([[937]],)
args__________ ([[974]],)
args__________ ([[812]],)
args__________ ([[502]],)
args__________ ([[557]],)
args__________ ([[127]],)
args__________ ([[821]],)
args__________ ([[688]],)
args__________ ([[624]],)
args__________ ([[302]],)
args__________ ([[632]],)
args__________ ([[588]],)
args__________ ([[986]],)
args__________ ([[766]],)
args__________ ([[956]],)
args__________ ([[481]],)
args__________ ([[109]],)
args__________ ([[295]],)
args__________ ([[774]],)
args__________ ([[395]],)
args__________ ([[391]],)
args__________ ([[862]],)
args__________ ([[681]],)
args__________ ([[875]],)
args__________ ([[816]],)
args__________ ([[469]],)
args__________ ([[320]],)
finish process_num processes get single node nature community___________________
length of left_nodes_list__________:  13
print random_nodes: [[686], [304], [132], [345], [908], [667], [917], [885], [927], [993], [782], [931], [813]]
args__________ ([[686]],)
args__________ ([[304]],)
args__________ ([[132]],)
args__________ ([[345]],)
args__________ ([[908]],)
args__________ ([[667]],)
args__________ ([[917]],)
args__________ ([[885]],)
args__________ ([[927]],)
args__________ ([[993]],)
args__________ ([[782]],)
args__________ ([[931]],)
args__________ ([[813]],)
finish process_num processes get single node nature community___________________
length of left_nodes_list__________:  0
commplete get_all_nature_community, length:  173
after deal_communities, length:______________ 132
fits_dic 132
above ave fitness communities 77 [0.42990654205607476, 0.3829787234042553, 0.3875598086124402, 0.3412698412698413, 0.3215686274509804, 0.34169653524492233, 0.4519774011299435, 0.4599659284497445, 0.38434163701067614, 0.3717948717948718, 0.3712574850299401, 0.33530571992110453, 0.32075471698113206, 0.43243243243243246, 0.33444259567387685, 0.5263157894736842, 0.3207331042382589, 0.37264957264957266, 0.4716636197440585, 0.33112582781456956, 0.3236514522821577, 0.37137989778534924, 0.3755868544600939, 0.4142857142857143, 0.3494736842105263, 0.3665893271461717, 0.3205944798301486, 0.4165390505359878, 0.410958904109589, 0.38005390835579517, 0.3461259956553222, 0.4228395061728395, 0.32202052091554856, 0.36412556053811657, 0.34297520661157027, 0.36723910171730517, 0.3269230769230769, 0.3328220858895706, 0.4880952380952381, 0.3412698412698413, 0.36792452830188677, 0.43137254901960786, 0.3323170731707317, 0.3487858719646799, 0.3713450292397661, 0.34210526315789475, 0.3674540682414698, 0.3303964757709251, 0.32989690721649484, 0.37142857142857144, 0.38859180035650626, 0.3380281690140845, 0.3888888888888889, 0.48314606741573035, 0.37, 0.3504273504273504, 0.3961038961038961, 0.34210526315789475, 0.3487179487179487, 0.4435146443514644, 0.49645390070921985, 0.3215258855585831, 0.3458646616541353, 0.33970276008492567, 0.33064516129032256, 0.3719512195121951, 0.32878909382518046, 0.4018264840182648, 0.3665086887835703, 0.44919786096256686, 0.42391304347826086, 0.40186915887850466, 0.4417808219178082, 0.4122137404580153, 0.36283185840707965, 0.3877551020408163, 0.334841628959276]
----------------------------------The detection result is: 

all communities: 
i =  1 : [13, 39, 49, 61, 113, 143, 205, 461, 553, 584, 595, 614, 696, 731, 747, 749, 757, 786, 787, 838]
i =  2 : [10, 101, 175, 195, 216, 232, 249, 283, 326, 371, 404, 426, 448, 493, 506, 574, 631, 666, 692, 725, 740, 819, 829, 879, 903, 914, 920, 936, 941, 949, 968]
i =  3 : [20, 57, 91, 155, 280, 282, 359, 366, 381, 414, 425, 443, 468, 564, 599, 600, 617, 728, 872]
i =  4 : [3, 89, 126, 136, 192, 200, 240, 292, 311, 328, 466, 494, 548]
i =  5 : [53, 73, 84, 131, 173, 209, 238, 285, 313, 322, 348, 480, 620]
i =  6 : [10, 13, 135, 161, 168, 204, 218, 229, 237, 347, 370, 437, 441, 445, 521, 572, 579, 605, 669, 702, 723, 765, 794, 806, 877, 905, 940]
i =  7 : [63, 70, 120, 147, 171, 261, 279, 291, 307, 543, 556]
i =  8 : [2, 103, 184, 248, 378, 401, 478, 503, 570, 643, 652, 683, 714, 754, 759, 764, 776, 792, 818, 823, 859]
i =  9 : [26, 37, 114, 121, 520, 621, 648, 684, 685, 689, 742, 745, 768, 779, 828, 876, 880, 896]
i =  10 : [154, 199, 207, 265, 318, 340, 369, 465, 489, 505, 565, 598, 618, 704]
i =  11 : [5, 25, 51, 69, 106, 110, 158, 172, 230, 256, 260, 268, 309, 372, 460, 485, 498, 511, 518, 707, 711, 721, 735, 750, 761, 815, 868]
i =  12 : [8, 35, 44, 58, 77, 145, 149, 152, 187, 188, 228, 247, 269, 270, 303, 342, 467, 519, 544, 559, 577, 983]
i =  13 : [6, 7, 23, 93, 94, 137, 142, 175, 236, 273, 355, 423, 574, 607, 663]
i =  14 : [12, 131, 136, 225, 275, 325, 328, 375, 397, 476, 560, 562, 591, 597, 627, 675, 719, 729, 752, 770, 785, 849]
i =  15 : [40, 46, 83, 170, 189, 193, 237, 257, 300, 319, 353, 356, 380, 390, 427, 473, 587, 642, 733, 769, 800, 831, 863, 881, 893, 899, 978, 981, 987, 994]
i =  16 : [41, 45, 60, 65, 123, 227, 286, 321, 329, 435]
i =  17 : [90, 140, 212, 223, 327, 408, 454, 517, 541, 549, 580, 658, 772, 778, 933, 948, 957, 972, 979, 989, 999]
i =  18 : [29, 43, 87, 105, 221, 252, 357, 487, 488, 496, 568, 590, 682, 698, 699, 717, 738, 753, 771, 788, 854]
i =  19 : [1, 18, 29, 43, 91, 139, 384, 405, 523, 551, 602, 644, 656, 668, 697, 720, 803, 826, 836, 837, 839]
i =  20 : [6, 7, 23, 93, 94, 137, 142, 236, 273, 355, 423, 607, 663, 664]
i =  21 : [21, 28, 55, 133, 167, 198, 289, 439, 515, 594, 634]
i =  22 : [5, 25, 69, 110, 158, 230, 260, 309, 372, 460, 485, 511, 517, 707, 711, 721, 735, 750, 761, 815, 868]
i =  23 : [53, 73, 84, 173, 209, 238, 285, 313, 322, 348, 480, 501]
i =  24 : [67, 82, 119, 129, 130, 317, 351, 392, 482, 529, 558, 569, 575, 586]
i =  25 : [20, 57, 91, 155, 225, 280, 282, 359, 366, 414, 443, 468, 564, 599, 600, 617, 728, 777, 872]
i =  26 : [22, 48, 56, 79, 96, 118, 119, 278, 301, 509, 532, 583, 623, 626, 708, 751, 796, 809, 891, 924, 971, 973, 992, 998]
i =  27 : [9, 29, 31, 88, 263, 312, 350, 396, 434, 444, 538, 539, 636, 654, 680, 793, 807, 814, 851, 906, 946, 965, 970, 996]
i =  28 : [68, 74, 107, 125, 211, 253, 271, 284, 306, 315, 333, 343, 411, 416, 417, 418, 438, 462, 545, 582, 713, 715, 739, 762, 865, 915]
i =  29 : [4, 186, 290, 335, 364, 389, 399, 421, 472, 486, 527, 593, 612, 657]
i =  30 : [13, 61, 168, 185, 204, 218, 229, 347, 370, 437, 441, 445, 521, 572, 579, 605, 669, 702, 723, 765, 794, 806, 877, 905, 940]
i =  31 : [3, 13, 39, 81, 89, 95, 98, 126, 146, 192, 196, 200, 240, 292, 311, 324, 361, 367, 403, 409, 449, 466, 494, 546, 548, 722, 734, 741, 748, 755, 758, 780, 805, 825, 883, 889, 934, 939, 945, 950]
i =  32 : [54, 68, 74, 107, 211, 253, 271, 284, 306, 315, 333, 343, 411, 416, 417, 418, 438, 462, 545, 582, 713, 715, 739, 762, 865, 915]
i =  33 : [15, 52, 59, 99, 102, 161, 185, 222, 225, 242, 266, 277, 308, 346, 431, 442, 484, 508, 522, 533, 609, 633, 672, 709, 724, 737, 791, 798, 867, 895, 909, 928, 932, 947, 980]
i =  34 : [17, 38, 47, 71, 75, 92, 97, 141, 288, 298, 305, 363, 406, 429, 453, 492, 536, 630, 694, 712, 718, 783, 789, 832, 850, 856, 864, 874, 888, 926, 959, 960]
i =  35 : [17, 47, 57, 75, 97, 429, 453, 492, 536, 630, 694, 712, 718, 783, 789, 832, 850, 856, 864, 874, 888, 926, 959, 960]
i =  36 : [68, 74, 75, 78, 107, 211, 253, 271, 284, 306, 315, 333, 343, 411, 416, 417, 418, 438, 453, 462, 545, 582, 713, 715, 739, 762, 865, 915]
i =  37 : [44, 58, 77, 152, 228, 269, 467, 519, 544, 890]
i =  38 : [24, 33, 64, 163, 267, 276, 332, 336, 424, 430, 436, 514, 592, 611, 674, 691, 846, 848, 886, 900, 911, 918, 919, 921, 955, 977, 982, 985, 1000]
i =  39 : [63, 70, 120, 147, 224, 261, 279, 291, 307, 543, 556]
i =  40 : [72, 108, 166, 250, 316, 385, 393, 576, 606, 608, 870]
i =  41 : [20, 57, 91, 155, 280, 282, 359, 366, 414, 443, 468, 564, 599, 600, 617, 665, 728, 872]
i =  42 : [177, 299, 354, 358, 388, 400, 402, 412, 440, 531, 535]
i =  43 : [5, 25, 69, 76, 110, 158, 230, 260, 309, 372, 460, 485, 511, 707, 711, 721, 735, 750, 761, 815, 833, 868]
i =  44 : [20, 57, 91, 155, 280, 282, 349, 359, 366, 414, 443, 468, 564, 578, 599, 600, 617, 728, 872]
i =  45 : [12, 131, 136, 275, 325, 328, 375, 397, 476, 560, 562, 591, 597, 627, 675, 719, 729, 752, 770, 785, 849, 944]
i =  46 : [197, 226, 239, 259, 310, 334, 352, 365, 422, 432, 450, 491, 513, 530, 542, 603, 942]
i =  47 : [30, 36, 140, 220, 258, 338, 386, 407, 415, 516, 622, 625, 641, 679, 690, 773, 841, 845, 860, 869, 882, 976]
i =  48 : [190, 194, 231, 251, 331, 374, 394, 455, 464, 470, 547, 567, 661, 760, 844, 855, 861]
i =  49 : [75, 154, 199, 207, 265, 318, 340, 369, 465, 489, 505, 598, 618, 704, 781]
i =  50 : [20, 57, 91, 155, 280, 282, 359, 366, 414, 443, 468, 564, 599, 600, 613, 617, 728, 872]
i =  51 : [39, 50, 104, 117, 153, 160, 197, 233, 272, 274, 383, 458, 550, 647, 710, 743, 744, 797, 808, 811, 847]
i =  52 : [38, 64, 71, 92, 141, 288, 298, 305, 363, 406, 695]
i =  53 : [177, 299, 354, 358, 388, 400, 412, 440, 471, 531, 535]
i =  54 : [19, 34, 66, 115, 182, 234, 294, 362, 368, 477, 635]
i =  55 : [72, 108, 166, 250, 316, 385, 387, 393, 576, 606, 608]
i =  56 : [19, 34, 66, 115, 182, 234, 294, 362, 368, 390, 477, 502]
i =  57 : [42, 118, 201, 206, 208, 217, 314, 323, 341, 446, 456, 526, 557, 573, 581]
i =  58 : [6, 7, 23, 33, 93, 94, 127, 137, 142, 236, 273, 355, 356, 423, 607, 663]
i =  59 : [27, 116, 138, 151, 164, 203, 255, 382, 420, 688]
i =  60 : [6, 7, 23, 93, 94, 137, 142, 236, 273, 355, 423, 607, 624, 663]
i =  61 : [41, 45, 60, 65, 123, 227, 302, 321, 329, 435]
i =  62 : [154, 199, 207, 216, 265, 318, 340, 369, 465, 489, 505, 588, 598, 618, 704]
i =  63 : [9, 31, 53, 73, 84, 173, 209, 238, 285, 313, 322, 348, 480, 766]
i =  64 : [10, 20, 57, 91, 155, 156, 280, 282, 359, 366, 414, 443, 468, 481, 564, 599, 600, 617, 728, 872]
i =  65 : [40, 180, 254, 295, 507, 610, 615, 616, 646, 660, 687, 703, 746, 827, 897, 913]
i =  66 : [4, 12, 186, 290, 335, 389, 395, 399, 421, 472, 486, 527, 593, 612, 657]
i =  67 : [24, 85, 100, 176, 183, 194, 215, 297, 524, 534, 585, 628, 637, 640, 730, 736, 756, 767, 817, 824, 830, 857, 862, 873, 892, 910, 922, 943, 963]
i =  68 : [53, 73, 84, 173, 209, 238, 285, 313, 322, 348, 480, 681]
i =  69 : [5, 25, 69, 110, 150, 158, 230, 260, 309, 372, 460, 485, 511, 707, 711, 721, 735, 750, 761, 815, 868, 875]
i =  70 : [63, 70, 120, 147, 261, 279, 291, 307, 469, 543, 556]
i =  71 : [21, 28, 55, 133, 167, 198, 289, 320, 439, 515, 594]
i =  72 : [3, 89, 126, 192, 200, 240, 292, 311, 466, 494, 548, 686]
i =  73 : [86, 132, 135, 219, 296, 373, 413, 419, 451, 457, 479, 510, 528, 540, 601, 620, 650, 653, 677, 716, 775, 884, 925]
i =  74 : [13, 168, 204, 218, 345, 347, 370, 437, 441, 445, 521, 572, 579, 605, 669, 702, 723, 765, 794, 806, 877, 905, 940]
i =  75 : [27, 116, 138, 151, 164, 203, 255, 382, 420, 908]
i =  76 : [6, 7, 23, 93, 94, 137, 142, 236, 273, 355, 423, 607, 663, 885]
i =  77 : [13, 61, 168, 204, 218, 229, 347, 370, 437, 441, 445, 521, 572, 579, 605, 669, 702, 723, 765, 794, 806, 877, 905, 927, 940]
overlapping nodes are:  [3, 4, 5, 6, 7, 9, 10, 12, 13, 17, 19, 20, 21, 23, 24, 25, 27, 28, 29, 31, 33, 34, 38, 39, 40, 41, 43, 44, 45, 47, 53, 55, 57, 58, 60, 61, 63, 64, 65, 66, 68, 69, 70, 71, 72, 73, 74, 75, 77, 84, 89, 91, 92, 93, 94, 97, 107, 108, 110, 115, 116, 118, 119, 120, 123, 126, 131, 133, 135, 136, 137, 138, 140, 141, 142, 147, 151, 152, 154, 155, 158, 161, 164, 166, 167, 168, 173, 175, 177, 182, 185, 186, 192, 194, 197, 198, 199, 200, 203, 204, 207, 209, 211, 216, 218, 225, 227, 228, 229, 230, 234, 236, 237, 238, 240, 250, 253, 255, 260, 261, 265, 269, 271, 273, 275, 279, 280, 282, 284, 285, 288, 289, 290, 291, 292, 294, 298, 299, 305, 306, 307, 309, 311, 313, 315, 316, 318, 321, 322, 325, 328, 329, 333, 335, 340, 343, 347, 348, 354, 355, 356, 358, 359, 362, 363, 366, 368, 369, 370, 372, 375, 382, 385, 388, 389, 390, 393, 397, 399, 400, 406, 411, 412, 414, 416, 417, 418, 420, 421, 423, 429, 435, 437, 438, 439, 440, 441, 443, 445, 453, 460, 462, 465, 466, 467, 468, 472, 476, 477, 480, 485, 486, 489, 492, 494, 505, 511, 515, 517, 519, 521, 527, 531, 535, 536, 543, 544, 545, 548, 556, 560, 562, 564, 572, 574, 576, 579, 582, 591, 593, 594, 597, 598, 599, 600, 605, 606, 607, 608, 612, 617, 618, 620, 627, 630, 657, 663, 669, 675, 694, 702, 704, 707, 711, 712, 713, 715, 718, 719, 721, 723, 728, 729, 735, 739, 750, 752, 761, 762, 765, 770, 783, 785, 789, 794, 806, 815, 832, 849, 850, 856, 864, 865, 868, 872, 874, 877, 888, 905, 915, 926, 940, 959, 960] 
 NOO is:  304
total time is:  221.210854053
