lens of ground_truth:  52
ground_truth is: [[91, 94, 174, 253, 331, 414, 458, 485, 491, 503, 533, 566, 664, 687, 706, 727, 827, 948, 950], [9, 14, 85, 111, 126, 128, 150, 278, 281, 292, 378, 422, 473], [72, 129, 152, 213, 230, 257, 276, 331, 333, 339, 359, 384, 396, 409, 432, 444, 485, 490, 494, 547, 557, 590, 652, 672, 682, 686, 727, 733, 740, 745, 747, 794, 840, 863, 900, 913, 933, 961, 963, 980, 996], [88, 206, 244, 248, 316, 394, 427, 440, 457, 530, 679, 925], [47, 108, 147, 188, 246, 258, 324, 420, 428, 431, 432, 450, 524, 599, 621, 652, 654, 735, 804, 820, 859, 861, 901, 918, 938, 954, 960, 976], [21, 25, 66, 140, 275, 277, 382, 448, 531, 532, 630, 639, 726, 965, 976], [74, 77, 107, 234, 267, 288, 333, 383, 403, 406, 423, 480, 490, 491, 526, 531, 592, 601, 626, 634, 656, 673, 682, 736, 770, 809, 870, 871, 881, 884, 885, 910, 913, 923, 926, 960, 964, 965, 967, 969, 975, 981, 990, 996, 997], [15, 16, 17, 105, 133, 178, 184, 232, 424, 486, 493, 529, 538, 554, 616, 628, 629, 652, 663, 703, 719, 752, 836, 839, 842, 851, 856, 894, 920, 937, 945, 949, 963, 967, 970], [10, 59, 77, 83, 124, 197, 210, 223, 323, 488, 502, 527, 605, 607, 827, 909], [20, 147, 216, 220, 221, 286, 326, 370, 682, 704], [25, 95, 116, 175, 185, 209, 227, 243, 307, 311, 366], [22, 109, 127, 159, 170, 179, 305, 325, 371, 405, 408, 435, 442, 477, 497, 568, 582, 691, 701, 822, 954], [15, 25, 77, 80, 90, 141, 155, 176, 182, 204, 297, 349, 387, 419, 456, 503, 550, 612, 622, 683, 685, 696, 705, 712, 718, 725, 760, 778, 787, 791, 860, 876, 931, 982], [6, 57, 102, 120, 143, 222, 249, 272, 364, 894], [2, 44, 68, 151, 181, 294, 363, 367, 389, 431, 938], [10, 14, 119, 178, 186, 190, 191, 199, 269, 288, 316, 344, 377, 396, 454, 480, 489, 490, 531, 544, 594, 595, 601, 623, 634, 658, 714, 726, 729, 745, 793, 831, 847, 850, 868, 903, 913, 917, 923, 948, 967, 969, 977, 988, 996], [7, 92, 138, 224, 310, 336, 399, 404, 413, 484, 504, 559, 771], [38, 118, 146, 204, 230, 343, 393, 445, 480, 501, 569, 571, 599, 642, 654, 704, 720, 727, 762, 769, 782, 811, 824, 846, 886, 892, 902, 906, 926, 967], [17, 112, 122, 146, 149, 178, 325, 331, 432, 433, 446, 465, 467, 477, 521, 535, 543, 547, 578, 670, 679, 696, 727, 733, 754, 827, 852, 867, 870, 894, 895, 905, 932, 936, 946, 951, 955, 958, 970, 976, 986], [10, 36, 37, 89, 202, 204, 234, 429, 462, 525, 539, 575, 648, 655, 680, 868, 950], [17, 19, 32, 86, 171, 203, 380, 418, 431, 483, 495, 513, 517, 590, 631, 653, 675, 738, 741, 745, 764, 780, 784, 788, 790, 817, 835, 846, 849, 912, 922, 923, 943, 944, 951, 976, 1000], [65, 98, 105, 236, 293, 340, 375, 431, 449, 479, 509, 540, 634, 643, 694, 728, 743, 771, 808, 812, 816, 837, 857, 868, 970], [7, 30, 50, 61, 198, 295, 360, 368, 459, 461, 549, 564, 597, 624], [29, 54, 163, 183, 242, 243, 319, 329, 350, 391, 455, 485, 503, 585, 600, 601, 618, 684, 694, 728, 799, 814, 817, 821, 838, 845, 909, 925, 930, 938, 941, 961, 962, 974, 975, 982], [23, 99, 134, 192, 207, 218, 424, 495, 617, 632, 634, 657, 673, 678, 695, 712, 730, 737, 739, 776, 796, 798, 823, 833, 866, 882, 902, 909, 935, 942, 975, 981], [24, 70, 208, 239, 317, 328, 453, 456, 508, 552, 556, 587, 599, 619, 711, 715, 721, 765, 819, 825, 832, 833], [27, 80, 81, 114, 145, 168, 169, 193, 228, 290, 322, 325, 379, 428, 432, 456, 464, 474, 477, 541, 555, 602, 659, 704, 754, 759, 927, 962, 982], [8, 52, 105, 154, 156, 252, 261, 356, 376, 383, 415, 438, 511, 574, 918], [204, 240, 279, 285, 338, 357, 397, 505, 507, 519, 523, 599, 609, 635, 669, 671, 692, 746, 754, 757, 766, 768, 806, 813, 846, 916, 918, 929, 954, 960], [225, 229, 255, 270, 271, 283, 318, 321, 328, 383, 430, 471, 498, 528, 548, 584, 591, 620, 661, 681, 694, 699, 712, 805, 815, 883, 904, 914, 919, 941, 942, 961, 966, 975, 992, 998], [14, 15, 35, 53, 105, 178, 260, 268, 331, 333, 335, 355, 365, 395, 396, 398, 402, 480, 490, 492, 510, 531, 601, 606, 662, 665, 672, 677, 696, 704, 726, 728, 733, 744, 801, 817, 853, 870, 874, 911, 913, 915, 921, 923, 926, 948, 957, 963, 996], [14, 26, 96, 98, 160, 180, 241, 247, 287, 289, 416, 482, 518, 520, 573, 638, 641, 698, 795, 830, 848, 864, 871, 951, 970], [25, 58, 98, 167, 172, 187, 218, 304, 334, 393, 428, 485, 503, 580, 588, 654, 708, 712, 721, 844, 861, 871, 873, 902, 909, 928, 942, 952, 961, 962, 973, 978, 981, 987], [28, 69, 71, 109, 211, 320, 325, 437, 506, 570, 625, 636, 649, 650, 676, 688, 689, 713, 726, 758, 763, 774, 833, 865, 894], [93, 98, 100, 104, 106, 123, 200, 201, 230, 234, 235, 237, 243, 254, 265, 284, 288, 296, 328, 373, 401, 407, 428, 452, 499, 560, 645, 673, 709, 732, 742, 771, 783, 785, 834, 841, 888, 890, 891, 908, 938, 940, 941, 948, 968, 969, 984], [10, 56, 80, 82, 135, 147, 218, 219, 226, 234, 256, 280, 312, 383, 424, 425, 463, 491, 558, 583, 586, 611, 654, 667, 668, 728, 779, 786, 833, 846, 861, 868, 869, 871, 872, 954, 960, 983, 993, 994], [18, 51, 63, 121, 130, 146, 158, 196, 393, 469, 598, 610, 615, 679, 754, 962], [49, 113, 125, 157, 217, 314, 362, 381, 451, 536, 596, 637, 724, 733, 734, 748, 751, 755], [11, 41, 60, 73, 75, 212, 288, 299, 309, 316, 327, 328, 333, 392, 393, 396, 421, 443, 481, 487, 512, 522, 542, 547, 553, 614, 646, 660, 721, 753, 761, 767, 792, 807, 817, 818, 858, 877, 896, 925, 926, 941, 947, 969, 982], [3, 45, 48, 144, 148, 194, 298, 316, 351, 361, 476], [13, 64, 101, 177, 238, 273, 303, 306, 341, 918], [12, 31, 43, 205, 245, 308, 424, 436, 441, 545, 551, 572, 603, 608, 640, 694], [84, 146, 161, 266, 353, 369, 388, 426, 470, 496, 500, 679], [40, 76, 132, 137, 162, 189, 214, 264, 274, 348], [109, 115, 117, 243, 291, 330, 412, 417, 460, 495, 547, 561, 613, 633, 647, 702, 710, 731, 749, 775, 828, 878, 879, 880, 887, 889, 965], [87, 136, 233, 332, 342, 385, 390, 411, 477, 491, 515, 537, 563, 576, 577, 590, 604, 644, 652, 672, 690, 777, 802, 810, 826, 827, 843, 854, 870, 893, 897, 898, 907, 925, 939, 950, 953, 963, 981, 991, 999], [5, 7, 17, 39, 78, 109, 139, 315, 345, 358, 495, 516, 581, 589, 590, 593, 651, 672, 674, 696, 700, 716, 745, 756, 772, 773, 797, 924, 934, 950, 951, 956, 959, 972, 979, 985, 995], [34, 67, 97, 166, 259, 302, 313, 374, 386, 434, 478, 514, 546, 673], [46, 79, 153, 165, 218, 231, 250, 251, 410, 565, 567, 682, 721, 965], [1, 7, 15, 110, 164, 346, 372, 456, 468, 475, 579, 693, 697, 707, 717, 722, 723, 750, 781, 800], [33, 55, 131, 147, 195, 262, 282, 347, 354, 400], [4, 42, 62, 77, 80, 103, 142, 173, 215, 230, 263, 300, 301, 337, 352, 439, 447, 466, 472, 534, 562, 627, 666, 771, 789, 803, 829, 855, 861, 862, 875, 899, 902, 942, 971, 989]]
print random_nodes: [[331], [228], [763], [733], [613], [853], [56], [837], [393], [714], [187], [896], [483], [848], [340], [865], [839], [526], [569], [857], [338], [409], [737], [188], [787], [462], [862], [965], [727], [876], [445], [812]]
args__________ ([[331]],)
args__________ ([[228]],)
args__________ ([[763]],)
args__________ ([[733]],)
args__________ ([[613]],)
args__________ ([[853]],)
args__________ ([[56]],)
args__________ ([[837]],)
args__________ ([[393]],)
args__________ ([[714]],)
args__________ ([[187]],)
args__________ ([[896]],)
args__________ ([[483]],)
args__________ ([[848]],)
args__________ ([[340]],)
args__________ ([[865]],)
args__________ ([[839]],)
args__________ ([[526]],)
args__________ ([[569]],)
args__________ ([[857]],)
args__________ ([[338]],)
args__________ ([[409]],)
args__________ ([[737]],)
args__________ ([[188]],)
args__________ ([[787]],)
args__________ ([[462]],)
args__________ ([[862]],)
args__________ ([[965]],)
args__________ ([[727]],)
args__________ ([[876]],)
args__________ ([[445]],)
args__________ ([[812]],)
finish process_num processes get single node nature community___________________
length of left_nodes_list__________:  563
print random_nodes: [[374], [620], [238], [634], [417], [303], [722], [690], [432], [189], [494], [608], [348], [436], [446], [669], [721], [86], [972], [938], [178], [115], [524], [201], [57], [535], [775], [14], [1], [295], [485], [909]]
args__________ ([[374]],)
args__________ ([[620]],)
args__________ ([[238]],)
args__________ ([[634]],)
args__________ ([[417]],)
args__________ ([[303]],)
args__________ ([[722]],)
args__________ ([[690]],)
args__________ ([[432]],)
args__________ ([[189]],)
args__________ ([[494]],)
args__________ ([[608]],)
args__________ ([[348]],)
args__________ ([[436]],)
args__________ ([[446]],)
args__________ ([[669]],)
args__________ ([[721]],)
args__________ ([[86]],)
args__________ ([[972]],)
args__________ ([[938]],)
args__________ ([[178]],)
args__________ ([[115]],)
args__________ ([[524]],)
args__________ ([[201]],)
args__________ ([[57]],)
args__________ ([[535]],)
args__________ ([[775]],)
args__________ ([[14]],)
args__________ ([[1]],)
args__________ ([[295]],)
args__________ ([[485]],)
args__________ ([[909]],)
finish process_num processes get single node nature community___________________
length of left_nodes_list__________:  346
print random_nodes: [[257], [671], [488], [917], [599], [742], [827], [122], [426], [765], [453], [491], [381], [112], [771], [780], [217], [401], [233], [515], [852], [84], [204], [357], [362], [230], [841], [580], [431], [543], [454], [942]]
args__________ ([[257]],)
args__________ ([[671]],)
args__________ ([[488]],)
args__________ ([[917]],)
args__________ ([[599]],)
args__________ ([[742]],)
args__________ ([[827]],)
args__________ ([[122]],)
args__________ ([[426]],)
args__________ ([[765]],)
args__________ ([[453]],)
args__________ ([[491]],)
args__________ ([[381]],)
args__________ ([[112]],)
args__________ ([[771]],)
args__________ ([[780]],)
args__________ ([[217]],)
args__________ ([[401]],)
args__________ ([[233]],)
args__________ ([[515]],)
args__________ ([[852]],)
args__________ ([[84]],)
args__________ ([[204]],)
args__________ ([[357]],)
args__________ ([[362]],)
args__________ ([[230]],)
args__________ ([[841]],)
args__________ ([[580]],)
args__________ ([[431]],)
args__________ ([[543]],)
args__________ ([[454]],)
args__________ ([[942]],)
finish process_num processes get single node nature community___________________
length of left_nodes_list__________:  157
print random_nodes: [[806], [609], [873], [172], [939], [530], [547], [457], [952], [477], [383], [961], [582], [334], [967], [639], [371], [923], [777], [630], [701], [928], [897], [408], [728], [442], [902], [810], [844], [846], [948], [532]]
args__________ ([[806]],)
args__________ ([[609]],)
args__________ ([[873]],)
args__________ ([[172]],)
args__________ ([[939]],)
args__________ ([[530]],)
args__________ ([[547]],)
args__________ ([[457]],)
args__________ ([[952]],)
args__________ ([[477]],)
args__________ ([[383]],)
args__________ ([[961]],)
args__________ ([[582]],)
args__________ ([[334]],)
args__________ ([[967]],)
args__________ ([[639]],)
args__________ ([[371]],)
args__________ ([[923]],)
args__________ ([[777]],)
args__________ ([[630]],)
args__________ ([[701]],)
args__________ ([[928]],)
args__________ ([[897]],)
args__________ ([[408]],)
args__________ ([[728]],)
args__________ ([[442]],)
args__________ ([[902]],)
args__________ ([[810]],)
args__________ ([[844]],)
args__________ ([[846]],)
args__________ ([[948]],)
args__________ ([[532]],)
finish process_num processes get single node nature community___________________
length of left_nodes_list__________:  53
print random_nodes: [[531], [328], [918], [316], [861], [704], [652], [926], [981], [712], [941], [679], [975], [950], [672], [243], [951], [109], [424], [503], [333], [894], [105], [962], [218], [817], [754], [673], [913], [325], [960], [495]]
args__________ ([[531]],)
args__________ ([[328]],)
args__________ ([[918]],)
args__________ ([[316]],)
args__________ ([[861]],)
args__________ ([[704]],)
args__________ ([[652]],)
args__________ ([[926]],)
args__________ ([[981]],)
args__________ ([[712]],)
args__________ ([[941]],)
args__________ ([[679]],)
args__________ ([[975]],)
args__________ ([[950]],)
args__________ ([[672]],)
args__________ ([[243]],)
args__________ ([[951]],)
args__________ ([[109]],)
args__________ ([[424]],)
args__________ ([[503]],)
args__________ ([[333]],)
args__________ ([[894]],)
args__________ ([[105]],)
args__________ ([[962]],)
args__________ ([[218]],)
args__________ ([[817]],)
args__________ ([[754]],)
args__________ ([[673]],)
args__________ ([[913]],)
args__________ ([[325]],)
args__________ ([[960]],)
args__________ ([[495]],)
finish process_num processes get single node nature community___________________
length of left_nodes_list__________:  21
print random_nodes: [[696], [969], [976], [456], [428], [925], [682], [871], [982], [745], [694], [590], [954], [970], [963], [868], [726], [870], [654], [833], [996]]
args__________ ([[696]],)
args__________ ([[969]],)
args__________ ([[976]],)
args__________ ([[456]],)
args__________ ([[428]],)
args__________ ([[925]],)
args__________ ([[682]],)
args__________ ([[871]],)
args__________ ([[982]],)
args__________ ([[745]],)
args__________ ([[694]],)
args__________ ([[590]],)
args__________ ([[954]],)
args__________ ([[970]],)
args__________ ([[963]],)
args__________ ([[868]],)
args__________ ([[726]],)
args__________ ([[870]],)
args__________ ([[654]],)
args__________ ([[833]],)
args__________ ([[996]],)
finish process_num processes get single node nature community___________________
length of left_nodes_list__________:  0
commplete get_all_nature_community, length:  181
after deal_communities, length:______________ 140
fits_dic 140
above ave fitness communities 67 [0.3541666666666667, 0.36210526315789476, 0.41694915254237286, 0.3246899661781285, 0.3722943722943723, 0.3344262295081967, 0.32413793103448274, 0.3459915611814346, 0.4765957446808511, 0.3722334004024145, 0.3658119658119658, 0.33472803347280333, 0.3683453237410072, 0.313588850174216, 0.3451492537313433, 0.43478260869565216, 0.33304721030042916, 0.49537037037037035, 0.3293172690763052, 0.4158415841584158, 0.33755274261603374, 0.4158415841584158, 0.32222222222222224, 0.36319218241042345, 0.32098765432098764, 0.38028169014084506, 0.43859649122807015, 0.49230769230769234, 0.34, 0.37402597402597404, 0.41841004184100417, 0.32248939179632247, 0.32432432432432434, 0.43400447427293065, 0.37305699481865284, 0.3292181069958848, 0.4121212121212121, 0.352557127312296, 0.42718446601941745, 0.4927536231884058, 0.445859872611465, 0.3546099290780142, 0.3335679099225897, 0.4, 0.3333333333333333, 0.345679012345679, 0.3247232472324723, 0.39631336405529954, 0.3202979515828678, 0.5030674846625767, 0.3870967741935484, 0.37656903765690375, 0.3225806451612903, 0.4226044226044226, 0.321285140562249, 0.49261083743842365, 0.4444444444444444, 0.3345724907063197, 0.4326241134751773, 0.3942307692307692, 0.37606837606837606, 0.36324786324786323, 0.5208333333333334, 0.32167832167832167, 0.3787878787878788, 0.3157894736842105, 0.33986928104575165]
----------------------------------The detection result is: 

all communities: 
i =  1 : [27, 81, 114, 145, 168, 169, 193, 228, 290, 322, 331, 379, 464, 474, 541, 555, 602, 659, 759, 927]
i =  2 : [27, 81, 114, 145, 168, 169, 193, 228, 245, 290, 322, 379, 464, 474, 541, 555, 602, 659, 759, 927]
i =  3 : [28, 69, 71, 144, 211, 320, 437, 506, 570, 625, 636, 649, 650, 676, 688, 689, 713, 758, 763, 774, 865]
i =  4 : [17, 56, 82, 135, 219, 226, 256, 280, 312, 425, 463, 558, 583, 586, 611, 667, 668, 779, 786, 869, 872, 983, 993, 994]
i =  5 : [18, 51, 63, 121, 130, 158, 196, 393, 469, 598, 610, 615]
i =  6 : [92, 138, 187, 224, 310, 336, 399, 404, 413, 484, 504, 559, 577]
i =  7 : [11, 41, 60, 73, 75, 212, 299, 309, 327, 392, 396, 421, 443, 481, 487, 512, 522, 542, 553, 614, 646, 660, 753, 761, 767, 792, 807, 818, 858, 877, 896, 947]
i =  8 : [3, 45, 48, 71, 144, 148, 194, 298, 351, 361, 476, 483]
i =  9 : [26, 96, 160, 180, 241, 247, 287, 289, 416, 482, 518, 520, 573, 638, 641, 698, 795, 830, 848, 864]
i =  10 : [16, 133, 184, 232, 486, 493, 529, 538, 554, 616, 628, 629, 663, 703, 719, 752, 836, 839, 842, 851, 856, 920, 937, 945, 949]
i =  11 : [38, 118, 343, 445, 501, 569, 571, 642, 720, 762, 769, 782, 811, 824, 886, 892, 906]
i =  12 : [46, 79, 153, 165, 191, 231, 250, 251, 338, 410, 565, 567]
i =  13 : [23, 99, 134, 192, 207, 617, 632, 657, 678, 695, 730, 737, 739, 776, 796, 798, 823, 866, 882, 935]
i =  14 : [46, 79, 153, 165, 231, 250, 251, 410, 565, 567, 965]
i =  15 : [15, 20, 25, 77, 80, 90, 141, 155, 176, 182, 216, 220, 221, 286, 297, 326, 349, 370, 387, 419, 550, 612, 622, 683, 685, 705, 718, 725, 760, 778, 787, 791, 860, 876, 931]
i =  16 : [9, 85, 111, 126, 128, 150, 278, 281, 292, 378, 422, 445, 473]
i =  17 : [4, 42, 62, 98, 103, 142, 173, 207, 215, 263, 300, 301, 337, 352, 417, 439, 447, 466, 472, 534, 562, 627, 666, 789, 803, 829, 855, 862, 875, 899, 971, 989]
i =  18 : [1, 110, 164, 346, 372, 468, 475, 579, 693, 697, 707, 717, 722, 723, 750, 781, 800]
i =  19 : [225, 229, 255, 270, 271, 283, 318, 321, 430, 432, 471, 498, 528, 548, 584, 591, 620, 661, 681, 699, 805, 815, 883, 904, 914, 919, 966, 992, 998]
i =  20 : [30, 50, 61, 198, 295, 360, 368, 459, 461, 494, 549, 564, 597, 624]
i =  21 : [40, 76, 132, 137, 162, 189, 214, 264, 274, 348, 669]
i =  22 : [46, 79, 153, 165, 231, 250, 251, 410, 565, 567, 721]
i =  23 : [56, 82, 86, 135, 219, 226, 256, 280, 312, 425, 463, 558, 583, 586, 611, 667, 668, 779, 786, 869, 872, 983, 993, 994]
i =  24 : [5, 17, 39, 78, 82, 139, 315, 345, 358, 516, 581, 589, 593, 651, 674, 700, 716, 756, 772, 773, 797, 924, 934, 956, 959, 972, 979, 985, 995]
i =  25 : [2, 44, 68, 151, 181, 294, 363, 367, 389, 938]
i =  26 : [115, 117, 147, 291, 330, 412, 417, 460, 561, 613, 633, 647, 702, 710, 731, 749, 775, 828, 878, 879, 880, 887, 889]
i =  27 : [9, 85, 111, 126, 128, 150, 278, 281, 292, 378, 422, 473, 524]
i =  28 : [7, 30, 50, 61, 198, 295, 360, 368, 459, 461, 549, 564, 597, 624]
i =  29 : [8, 52, 94, 96, 154, 156, 252, 261, 356, 376, 415, 438, 485, 511, 574]
i =  30 : [12, 31, 43, 84, 205, 245, 308, 436, 441, 545, 551, 572, 603, 608, 640, 671]
i =  31 : [59, 83, 124, 197, 210, 223, 323, 488, 502, 527, 599, 605, 607]
i =  32 : [58, 80, 93, 100, 104, 106, 123, 200, 201, 235, 237, 254, 265, 284, 296, 373, 401, 407, 452, 499, 560, 645, 709, 732, 742, 783, 785, 834, 841, 888, 890, 891, 908, 940, 968, 984]
i =  33 : [60, 91, 94, 174, 253, 414, 458, 491, 533, 566, 664, 687, 706]
i =  34 : [19, 49, 113, 125, 157, 217, 314, 362, 381, 451, 536, 596, 637, 724, 734, 748, 751, 755]
i =  35 : [33, 55, 131, 195, 262, 282, 347, 354, 400, 771]
i =  36 : [19, 28, 32, 86, 171, 203, 380, 418, 483, 513, 517, 631, 653, 675, 738, 741, 764, 780, 784, 788, 790, 835, 849, 912, 922, 943, 944, 1000]
i =  37 : [13, 64, 101, 177, 217, 238, 273, 303, 306, 341]
i =  38 : [112, 122, 149, 433, 446, 465, 467, 521, 535, 543, 578, 670, 852, 867, 895, 905, 932, 936, 946, 955, 958, 986]
i =  39 : [84, 161, 204, 266, 353, 369, 388, 426, 470, 496, 500]
i =  40 : [6, 57, 102, 120, 143, 222, 230, 249, 272, 364]
i =  41 : [2, 44, 68, 151, 181, 294, 363, 367, 389, 431]
i =  42 : [240, 265, 279, 285, 338, 357, 397, 505, 507, 519, 523, 609, 635, 669, 671, 692, 746, 757, 766, 768, 806, 813, 916, 929]
i =  43 : [87, 94, 136, 233, 332, 342, 385, 390, 411, 515, 537, 563, 576, 577, 604, 644, 690, 777, 802, 810, 826, 843, 854, 893, 897, 898, 907, 939, 953, 991, 999]
i =  44 : [18, 88, 206, 244, 248, 394, 427, 440, 457, 530]
i =  45 : [2, 25, 44, 68, 151, 181, 294, 363, 367, 389, 547]
i =  46 : [40, 73, 76, 132, 137, 162, 189, 212, 214, 264, 274, 348, 477]
i =  47 : [18, 51, 63, 121, 130, 146, 158, 196, 383, 469, 598, 610, 615]
i =  48 : [22, 62, 75, 127, 159, 170, 179, 305, 371, 405, 408, 435, 442, 497, 568, 582, 691, 701, 822]
i =  49 : [27, 49, 81, 114, 145, 168, 169, 193, 228, 290, 322, 328, 379, 464, 474, 541, 555, 602, 659, 759, 927]
i =  50 : [3, 45, 48, 144, 148, 194, 298, 316, 351, 361, 476]
i =  51 : [95, 116, 175, 185, 209, 227, 307, 311, 366, 704]
i =  52 : [18, 51, 63, 121, 130, 158, 196, 469, 598, 610, 615, 679]
i =  53 : [10, 59, 83, 112, 124, 197, 210, 223, 243, 280, 323, 488, 502, 527, 605, 607]
i =  54 : [22, 109, 127, 159, 170, 179, 305, 371, 405, 408, 435, 442, 497, 568, 582, 691, 701, 822]
i =  55 : [6, 57, 69, 102, 120, 143, 222, 249, 272, 364, 894]
i =  56 : [8, 52, 105, 154, 156, 252, 261, 356, 376, 415, 438, 511, 574]
i =  57 : [46, 79, 153, 165, 218, 231, 250, 251, 410, 565, 567]
i =  58 : [18, 51, 63, 121, 130, 158, 196, 469, 598, 610, 615, 754]
i =  59 : [34, 67, 97, 166, 259, 302, 313, 374, 386, 434, 478, 514, 546, 673]
i =  60 : [40, 76, 132, 137, 162, 189, 214, 239, 264, 274, 325, 348]
i =  61 : [20, 216, 220, 221, 286, 326, 370, 495]
i =  62 : [22, 127, 159, 170, 179, 305, 371, 405, 408, 435, 442, 497, 568, 582, 691, 696, 701, 822]
i =  63 : [9, 85, 111, 126, 128, 150, 278, 281, 292, 378, 422, 456, 473]
i =  64 : [20, 108, 216, 220, 221, 286, 326, 370, 428]
i =  65 : [20, 216, 220, 221, 286, 326, 370, 682]
i =  66 : [5, 10, 59, 83, 124, 197, 210, 223, 323, 488, 502, 527, 605, 607, 694]
i =  67 : [9, 14, 85, 111, 126, 128, 150, 278, 281, 292, 378, 422, 473, 833]
overlapping nodes are:  [2, 3, 5, 6, 8, 9, 10, 17, 18, 19, 20, 22, 25, 27, 28, 30, 40, 44, 45, 46, 48, 49, 50, 51, 52, 56, 57, 59, 60, 61, 62, 63, 68, 69, 71, 73, 75, 76, 79, 80, 81, 82, 83, 84, 85, 86, 94, 96, 102, 111, 112, 114, 120, 121, 124, 126, 127, 128, 130, 132, 135, 137, 143, 144, 145, 148, 150, 151, 153, 154, 156, 158, 159, 162, 165, 168, 169, 170, 179, 181, 189, 193, 194, 196, 197, 198, 207, 210, 212, 214, 216, 217, 219, 220, 221, 222, 223, 226, 228, 231, 245, 249, 250, 251, 252, 256, 261, 264, 265, 272, 274, 278, 280, 281, 286, 290, 292, 294, 295, 298, 305, 312, 322, 323, 326, 338, 348, 351, 356, 360, 361, 363, 364, 367, 368, 370, 371, 376, 378, 379, 389, 405, 408, 410, 415, 417, 422, 425, 435, 438, 442, 445, 459, 461, 463, 464, 469, 473, 474, 476, 483, 488, 497, 502, 511, 527, 541, 549, 555, 558, 564, 565, 567, 568, 574, 577, 582, 583, 586, 597, 598, 602, 605, 607, 610, 611, 615, 624, 659, 667, 668, 669, 671, 691, 701, 759, 779, 786, 822, 869, 872, 927, 983, 993, 994] 
 NOO is:  205
total time is:  192.928493023
