lens of ground_truth:  55
ground_truth is: [[35, 143, 209, 352, 366, 368, 370, 377, 386, 396, 433, 532, 551, 608, 616, 682, 722, 746, 754, 776, 780, 802, 816, 880, 901, 922, 945, 974, 999], [120, 175, 182, 220, 223, 275, 278, 279, 327, 873, 1000], [5, 19, 40, 62, 85, 119, 192, 294, 377, 477, 508, 512, 563, 594, 597, 627, 635, 654, 685, 697, 699, 741, 766, 820, 823, 830, 874, 890, 907, 908, 919, 953], [9, 47, 148, 199, 200, 231, 344, 358, 362, 377, 386, 473, 498, 556, 562, 568, 591, 616, 619, 641, 675, 681, 801, 858, 901, 945, 951, 974, 999], [28, 31, 36, 45, 69, 129, 197, 260, 268, 306, 347, 408, 454, 458, 486, 588, 589, 595, 717, 769, 797, 810, 971, 985, 1000], [145, 148, 170, 268, 318, 377, 399, 457, 469, 471, 490, 558, 630, 652, 665, 674, 688, 695, 704, 780, 787, 880, 884, 885, 896, 945, 956], [1, 20, 49, 88, 124, 125, 139, 149, 224, 244, 335, 357, 372, 386, 393, 396, 612, 690, 697, 723, 728, 824, 832, 834], [35, 51, 60, 98, 113, 137, 162, 165, 176, 264, 341, 362, 385, 396, 415, 442, 530, 563, 572, 573, 594, 626, 644, 688, 709, 736, 775, 790, 803, 828, 833, 848, 897, 932, 953, 967, 971, 972, 989], [74, 148, 150, 155, 206, 295, 326, 333, 354, 392, 736], [60, 85, 87, 114, 146, 171, 179, 237, 249, 311, 314, 317, 336, 438, 457, 459, 486, 500, 550, 563, 593, 594, 597, 627, 634, 654, 685, 710, 720, 752, 794, 813, 836, 841, 849, 851, 862, 869, 870, 874, 876, 892, 911, 930, 935, 958], [79, 118, 207, 222, 246, 293, 313, 383, 425, 964, 971], [23, 54, 85, 154, 174, 208, 250, 300, 353, 895, 922], [2, 58, 98, 112, 134, 248, 386, 398, 475, 476, 489, 492, 575, 622, 802, 873], [20, 30, 41, 197, 209, 296, 305, 325, 335, 337, 362, 410, 438, 520, 557, 568, 581, 585, 596, 604, 624, 633, 639, 744, 756, 798, 860, 868, 873, 912, 918, 936, 938, 940, 990], [14, 70, 126, 128, 142, 183, 280, 335, 351, 369, 432, 736], [55, 99, 110, 128, 179, 228, 268, 329, 408, 486, 496, 536, 591, 605, 606, 666, 712, 738, 747, 793, 817, 837, 840, 883, 971], [60, 83, 98, 133, 341, 362, 385, 408, 438, 446, 458, 461, 534, 542, 556, 564, 568, 570, 591, 611, 631, 660, 701, 802, 854, 880, 916, 929, 937, 938, 939, 956, 964], [38, 48, 52, 82, 90, 164, 186, 255, 269, 365, 406], [10, 81, 202, 244, 322, 335, 401, 409, 419, 424, 477, 523, 529, 568, 579, 586, 625, 654, 688, 708, 720, 812, 814, 864, 901, 910, 944, 946, 947, 987], [64, 65, 239, 244, 245, 256, 288, 578, 614, 655, 699, 706, 719, 731, 745, 757, 807, 869, 874, 925], [73, 138, 144, 168, 235, 290, 291, 420, 437, 472, 503, 528, 558, 856], [15, 25, 103, 226, 292, 315, 338, 346, 417, 422, 483, 539, 603, 656, 667, 677, 874], [21, 225, 244, 253, 259, 379, 411, 412, 414, 423, 443, 484, 513, 569, 584, 609, 646, 649, 713, 855, 925, 975], [77, 86, 130, 181, 197, 265, 272, 285, 356, 375, 428, 439, 441, 458, 463, 491, 493, 540, 550, 576, 594, 619, 627, 629, 699, 787, 788, 804, 806, 820, 823, 842, 846, 851, 871, 874, 892, 911, 925, 931, 934, 953, 958, 963], [35, 37, 65, 84, 160, 161, 163, 191, 244, 271, 283, 288, 305, 389, 521, 525, 658, 685, 713, 721, 764, 899], [48, 108, 113, 178, 190, 211, 217, 247, 268, 288, 466, 468, 485, 582, 590, 617, 676, 699, 714, 716, 729, 767, 792, 869, 901], [16, 85, 136, 196, 240, 394, 413, 427, 450, 464, 465, 479, 545, 597, 616, 692, 780, 802], [121, 128, 152, 203, 350, 390, 546, 580, 620, 623, 683, 686, 752, 756, 901, 975, 1000], [26, 60, 65, 98, 177, 180, 202, 210, 286, 305, 382, 385, 442, 447, 513, 543, 555, 573, 598, 619, 643, 648, 686, 732, 762, 795, 811, 820, 831, 843, 851, 873, 898, 930, 938, 964, 977, 978, 985, 995, 997], [26, 122, 123, 179, 209, 284, 305, 380, 396, 401, 438, 457, 565, 583, 610, 654, 680, 684, 685, 699, 705, 720, 721, 739, 740, 750, 752, 756, 759, 774, 786, 851, 856, 872, 875, 892, 895, 911, 920, 933, 958, 964, 966, 973, 975], [98, 100, 105, 140, 147, 212, 330, 391, 395, 418, 429, 445], [4, 101, 215, 263, 374, 376, 388, 407, 438, 456, 591, 597], [42, 63, 86, 128, 202, 229, 281, 331, 339, 371, 449, 477, 508, 563, 573, 616, 618, 619, 640, 686, 694, 697, 721, 724, 736, 743, 751, 791, 796, 819, 831, 862, 899, 917, 922, 932, 948, 954, 961, 985, 1000], [3, 20, 32, 179, 236, 277, 282, 316, 332, 342, 361, 457, 519, 533, 548, 558, 653, 663, 727, 766, 789, 808, 809, 818, 826, 859, 891, 902, 921, 926, 930, 956, 986, 991, 992, 996, 998], [7, 71, 76, 96, 113, 132, 201, 204, 266, 460, 513, 517, 535, 558, 651, 662, 668, 670, 688, 696, 721, 768, 889, 905, 971], [26, 57, 85, 113, 148, 157, 162, 202, 234, 241, 334, 377, 474, 477, 495, 522, 544, 599, 621, 671, 672, 686, 687, 697, 726, 752, 787, 821, 823, 827, 850, 856, 862, 867, 869, 893, 913, 938, 945, 953, 962], [43, 197, 209, 242, 276, 355, 455, 501, 504, 524, 554, 577, 600, 678, 718, 763, 799, 800, 825, 831, 845, 987, 999], [20, 48, 188, 277, 302, 308, 340, 345, 384, 467, 516, 527, 541, 550, 613, 637, 679, 691, 735, 742, 822, 839, 899], [39, 48, 50, 187, 251, 289, 386, 402, 444, 458, 488, 922], [8, 29, 35, 65, 162, 167, 198, 214, 218, 233, 273, 341, 385, 507, 571, 601, 616, 669, 686, 777, 778, 820, 829, 835, 877, 879, 886, 906, 959, 960, 961, 970, 974], [89, 169, 238, 257, 258, 277, 312, 335, 349, 497, 502, 550, 560, 657, 711, 713, 733, 737, 781, 987], [20, 26, 56, 86, 195, 202, 243, 287, 301, 310, 359, 385, 403, 431, 442, 452, 487, 513, 526, 563, 573, 615, 697, 730, 752, 820, 823, 831, 851, 856, 861, 863, 869, 888, 903, 911, 923, 925, 930, 932, 952, 961, 968, 982, 985, 1000], [44, 65, 80, 93, 104, 109, 166, 185, 197, 221, 304, 341, 348, 360, 494, 508, 556, 591, 650, 689, 693, 698, 720, 748, 802, 805, 887, 899, 915, 941, 964, 969, 974, 979, 981], [33, 53, 75, 106, 107, 117, 151, 274, 288, 401, 426, 448, 453, 462, 499, 506, 559, 566, 654, 700, 772, 785, 838, 852, 857, 865, 895, 914, 922, 987], [22, 86, 141, 232, 261, 381, 478, 510, 514, 531, 880, 895, 925], [13, 46, 91, 193, 267, 299, 323, 364, 434, 451, 480, 482, 537, 780], [11, 24, 111, 328, 400, 404, 405, 442, 458, 508, 549, 553, 592, 602, 628, 725, 761, 773, 782, 866, 881, 909, 924, 928, 945, 950, 961, 987, 999], [17, 27, 68, 115, 116, 173, 216, 277, 297, 515, 552, 587, 632, 702, 703, 707, 713, 749, 899], [26, 61, 95, 127, 128, 158, 172, 209, 213, 262, 288, 298, 396, 401, 421, 435, 440, 457, 470, 486, 513, 518, 550, 607, 627, 636, 645, 661, 685, 713, 715, 720, 721, 753, 758, 766, 779, 784, 856, 892, 911, 930, 942, 943, 956, 957, 958, 976, 983, 993], [12, 34, 67, 184, 227, 277, 341, 373, 387, 397, 416, 481, 556, 642, 755, 956, 974, 975, 999], [113, 162, 179, 252, 270, 303, 305, 307, 401, 408, 477, 508, 556, 594, 597, 627, 647, 659, 736, 756, 766, 770, 771, 783, 787, 844, 853, 862, 892, 894, 895, 900, 932, 953, 955, 958, 965, 975], [6, 59, 66, 72, 92, 94, 131, 153, 194, 766], [18, 60, 102, 148, 156, 159, 268, 362, 378, 408, 436, 486, 505, 547, 558, 561, 574, 664, 673, 688, 780, 787, 847, 862, 880], [35, 78, 86, 97, 162, 219, 321, 324, 343, 442, 509, 511, 568, 573, 619, 638, 734, 756, 760, 765, 815, 823, 831, 873, 878, 882, 904, 927, 932, 938, 949, 961, 980, 984, 985, 988, 994], [48, 135, 189, 205, 230, 254, 309, 319, 320, 363, 367, 430, 538, 567]]
print random_nodes: [[621], [700], [507], [422], [143], [747], [583], [419], [21], [286], [926], [364], [184], [73], [360], [991], [159], [102], [216], [989], [628], [633], [692], [554], [724], [965], [779], [821], [929], [848], [191], [441]]
args__________ ([[621]],)
args__________ ([[700]],)
args__________ ([[507]],)
args__________ ([[422]],)
args__________ ([[143]],)
args__________ ([[747]],)
args__________ ([[583]],)
args__________ ([[419]],)
args__________ ([[21]],)
args__________ ([[286]],)
args__________ ([[926]],)
args__________ ([[364]],)
args__________ ([[184]],)
args__________ ([[73]],)
args__________ ([[360]],)
args__________ ([[991]],)
args__________ ([[159]],)
args__________ ([[102]],)
args__________ ([[216]],)
args__________ ([[989]],)
args__________ ([[628]],)
args__________ ([[633]],)
args__________ ([[692]],)
args__________ ([[554]],)
args__________ ([[724]],)
args__________ ([[965]],)
args__________ ([[779]],)
args__________ ([[821]],)
args__________ ([[929]],)
args__________ ([[848]],)
args__________ ([[191]],)
args__________ ([[441]],)
finish process_num processes get single node nature community___________________
length of left_nodes_list__________:  607
print random_nodes: [[252], [894], [146], [622], [209], [314], [710], [601], [732], [759], [442], [358], [639], [327], [295], [822], [386], [132], [476], [584], [92], [452], [882], [546], [832], [280], [435], [443], [627], [279], [263], [932]]
args__________ ([[252]],)
args__________ ([[894]],)
args__________ ([[146]],)
args__________ ([[622]],)
args__________ ([[209]],)
args__________ ([[314]],)
args__________ ([[710]],)
args__________ ([[601]],)
args__________ ([[732]],)
args__________ ([[759]],)
args__________ ([[442]],)
args__________ ([[358]],)
args__________ ([[639]],)
args__________ ([[327]],)
args__________ ([[295]],)
args__________ ([[822]],)
args__________ ([[386]],)
args__________ ([[132]],)
args__________ ([[476]],)
args__________ ([[584]],)
args__________ ([[92]],)
args__________ ([[452]],)
args__________ ([[882]],)
args__________ ([[546]],)
args__________ ([[832]],)
args__________ ([[280]],)
args__________ ([[435]],)
args__________ ([[443]],)
args__________ ([[627]],)
args__________ ([[279]],)
args__________ ([[263]],)
args__________ ([[932]],)
finish process_num processes get single node nature community___________________
length of left_nodes_list__________:  302
print random_nodes: [[961], [977], [256], [320], [558], [774], [487], [907], [86], [665], [245], [766], [509], [508], [888], [761], [689], [930], [310], [78], [553], [135], [890], [486], [402], [780], [869], [978], [958], [684], [243], [1000]]
args__________ ([[961]],)
args__________ ([[977]],)
args__________ ([[256]],)
args__________ ([[320]],)
args__________ ([[558]],)
args__________ ([[774]],)
args__________ ([[487]],)
args__________ ([[907]],)
args__________ ([[86]],)
args__________ ([[665]],)
args__________ ([[245]],)
args__________ ([[766]],)
args__________ ([[509]],)
args__________ ([[508]],)
args__________ ([[888]],)
args__________ ([[761]],)
args__________ ([[689]],)
args__________ ([[930]],)
args__________ ([[310]],)
args__________ ([[78]],)
args__________ ([[553]],)
args__________ ([[135]],)
args__________ ([[890]],)
args__________ ([[486]],)
args__________ ([[402]],)
args__________ ([[780]],)
args__________ ([[869]],)
args__________ ([[978]],)
args__________ ([[958]],)
args__________ ([[684]],)
args__________ ([[243]],)
args__________ ([[1000]],)
finish process_num processes get single node nature community___________________
length of left_nodes_list__________:  156
print random_nodes: [[985], [999], [592], [304], [277], [979], [974], [887], [980], [835], [214], [348], [823], [685], [901], [925], [829], [111], [736], [288], [880], [924], [556], [879], [874], [202], [597], [802], [218], [93], [971], [513]]
args__________ ([[985]],)
args__________ ([[999]],)
args__________ ([[592]],)
args__________ ([[304]],)
args__________ ([[277]],)
args__________ ([[979]],)
args__________ ([[974]],)
args__________ ([[887]],)
args__________ ([[980]],)
args__________ ([[835]],)
args__________ ([[214]],)
args__________ ([[348]],)
args__________ ([[823]],)
args__________ ([[685]],)
args__________ ([[901]],)
args__________ ([[925]],)
args__________ ([[829]],)
args__________ ([[111]],)
args__________ ([[736]],)
args__________ ([[288]],)
args__________ ([[880]],)
args__________ ([[924]],)
args__________ ([[556]],)
args__________ ([[879]],)
args__________ ([[874]],)
args__________ ([[202]],)
args__________ ([[597]],)
args__________ ([[802]],)
args__________ ([[218]],)
args__________ ([[93]],)
args__________ ([[971]],)
args__________ ([[513]],)
finish process_num processes get single node nature community___________________
length of left_nodes_list__________:  68
print random_nodes: [[48], [148], [945], [654], [686], [608], [720], [568], [816], [341], [892], [721], [851], [975], [551], [688], [964], [752], [305], [697], [873], [746], [573], [477], [776], [754], [722], [953], [457], [396], [591], [368]]
args__________ ([[48]],)
args__________ ([[148]],)
args__________ ([[945]],)
args__________ ([[654]],)
args__________ ([[686]],)
args__________ ([[608]],)
args__________ ([[720]],)
args__________ ([[568]],)
args__________ ([[816]],)
args__________ ([[341]],)
args__________ ([[892]],)
args__________ ([[721]],)
args__________ ([[851]],)
args__________ ([[975]],)
args__________ ([[551]],)
args__________ ([[688]],)
args__________ ([[964]],)
args__________ ([[752]],)
args__________ ([[305]],)
args__________ ([[697]],)
args__________ ([[873]],)
args__________ ([[746]],)
args__________ ([[573]],)
args__________ ([[477]],)
args__________ ([[776]],)
args__________ ([[754]],)
args__________ ([[722]],)
args__________ ([[953]],)
args__________ ([[457]],)
args__________ ([[396]],)
args__________ ([[591]],)
args__________ ([[368]],)
finish process_num processes get single node nature community___________________
length of left_nodes_list__________:  28
print random_nodes: [[401], [922], [756], [563], [699], [899], [619], [862], [458], [362], [820], [616], [438], [856], [244], [831], [911], [713], [938], [162], [385], [787], [335], [550], [408], [956], [987], [60]]
args__________ ([[401]],)
args__________ ([[922]],)
args__________ ([[756]],)
args__________ ([[563]],)
args__________ ([[699]],)
args__________ ([[899]],)
args__________ ([[619]],)
args__________ ([[862]],)
args__________ ([[458]],)
args__________ ([[362]],)
args__________ ([[820]],)
args__________ ([[616]],)
args__________ ([[438]],)
args__________ ([[856]],)
args__________ ([[244]],)
args__________ ([[831]],)
args__________ ([[911]],)
args__________ ([[713]],)
args__________ ([[938]],)
args__________ ([[162]],)
args__________ ([[385]],)
args__________ ([[787]],)
args__________ ([[335]],)
args__________ ([[550]],)
args__________ ([[408]],)
args__________ ([[956]],)
args__________ ([[987]],)
args__________ ([[60]],)
finish process_num processes get single node nature community___________________
length of left_nodes_list__________:  0
commplete get_all_nature_community, length:  188
after deal_communities, length:______________ 155
fits_dic 155
above ave fitness communities 78 [0.3826879271070615, 0.41622574955908287, 0.39429928741092635, 0.39334341906202724, 0.4778761061946903, 0.3691275167785235, 0.3595505617977528, 0.4514851485148515, 0.36418816388467373, 0.3384253819036428, 0.3647342995169082, 0.43162393162393164, 0.3473389355742297, 0.44324324324324327, 0.3521739130434783, 0.3507751937984496, 0.4166666666666667, 0.46808510638297873, 0.43724696356275305, 0.39800995024875624, 0.34532374100719426, 0.35802469135802467, 0.6231155778894473, 0.47413793103448276, 0.3711340206185567, 0.3392070484581498, 0.367816091954023, 0.45016077170418006, 0.42487046632124353, 0.4173027989821883, 0.3333333333333333, 0.3392070484581498, 0.35517970401691334, 0.4049382716049383, 0.34393404004711425, 0.3615819209039548, 0.388551604509974, 0.36587677725118484, 0.3357142857142857, 0.3691275167785235, 0.40846824408468246, 0.3958333333333333, 0.43548387096774194, 0.37527593818984545, 0.4045226130653266, 0.40669856459330145, 0.41134751773049644, 0.34856175972927245, 0.3575638506876228, 0.4931506849315068, 0.4609375, 0.3368421052631579, 0.35036496350364965, 0.3916083916083916, 0.34173669467787116, 0.3464052287581699, 0.3755868544600939, 0.36180904522613067, 0.3525835866261398, 0.3811659192825112, 0.42159383033419023, 0.39779005524861877, 0.33993399339933994, 0.3805309734513274, 0.334841628959276, 0.46551724137931033, 0.4053156146179402, 0.4280701754385965, 0.36607142857142855, 0.3655913978494624, 0.3665594855305466, 0.46551724137931033, 0.3491686460807601, 0.34810126582278483, 0.3892100192678227, 0.39384615384615385, 0.4088669950738916, 0.5052631578947369]
----------------------------------The detection result is: 

all communities: 
i =  1 : [17, 27, 68, 115, 116, 173, 216, 297, 515, 552, 587, 621, 632, 702, 703, 707, 749]
i =  2 : [55, 99, 110, 112, 228, 329, 496, 536, 605, 606, 666, 712, 738, 747, 793, 817, 837, 840, 883]
i =  3 : [15, 25, 53, 103, 226, 292, 315, 338, 346, 417, 422, 483, 539, 583, 603, 656, 667, 677]
i =  4 : [10, 81, 322, 409, 419, 424, 523, 529, 579, 586, 625, 708, 812, 814, 864, 910, 944, 946, 947]
i =  5 : [21, 73, 138, 144, 168, 235, 290, 291, 420, 437, 472, 503, 528]
i =  6 : [17, 73, 138, 144, 168, 235, 286, 290, 291, 420, 437, 472, 503, 528]
i =  7 : [28, 31, 36, 45, 69, 129, 260, 306, 347, 360, 454, 588, 589, 595, 717, 769, 797, 810]
i =  8 : [43, 242, 276, 355, 455, 501, 504, 524, 554, 577, 600, 678, 718, 763, 799, 800, 825, 845]
i =  9 : [42, 63, 229, 281, 331, 339, 371, 449, 618, 640, 694, 724, 743, 751, 791, 796, 819, 917, 948, 954]
i =  10 : [57, 106, 157, 234, 241, 334, 474, 495, 522, 544, 599, 621, 671, 672, 687, 726, 821, 827, 850, 867, 893, 913, 962]
i =  11 : [51, 137, 165, 176, 264, 415, 530, 572, 626, 644, 709, 775, 790, 803, 828, 833, 848, 897, 967, 972, 989]
i =  12 : [108, 178, 190, 209, 211, 217, 247, 466, 468, 485, 582, 590, 617, 676, 714, 716, 729, 767, 792]
i =  13 : [13, 16, 46, 91, 193, 267, 299, 323, 364, 434, 451, 480, 482, 537, 571, 601]
i =  14 : [89, 169, 238, 257, 258, 312, 349, 442, 497, 502, 560, 657, 711, 733, 737, 781]
i =  15 : [9, 47, 128, 199, 200, 231, 344, 358, 473, 498, 562, 641, 675, 681, 801, 858, 951]
i =  16 : [30, 41, 197, 296, 325, 337, 410, 520, 557, 581, 585, 596, 604, 624, 633, 639, 744, 798, 860, 868, 912, 918, 936, 940, 990]
i =  17 : [17, 20, 188, 302, 308, 340, 345, 384, 467, 516, 527, 541, 613, 637, 679, 691, 735, 742, 822, 839]
i =  18 : [2, 58, 112, 134, 248, 386, 398, 475, 476, 489, 492, 575, 622]
i =  19 : [7, 71, 76, 96, 132, 201, 204, 266, 460, 517, 535, 651, 662, 668, 670, 696, 768, 889, 905]
i =  20 : [121, 152, 203, 350, 390, 546, 580, 620, 623, 683]
i =  21 : [42, 61, 63, 95, 127, 158, 172, 213, 262, 298, 421, 435, 440, 470, 518, 607, 636, 645, 661, 715, 753, 758, 779, 784, 942, 943, 957, 976, 983, 993]
i =  22 : [39, 50, 187, 251, 256, 289, 402, 444, 488]
i =  23 : [135, 189, 205, 230, 254, 309, 319, 320, 363, 367, 430, 538, 567]
i =  24 : [73, 138, 144, 168, 235, 290, 291, 420, 437, 472, 503, 528, 558]
i =  25 : [4, 101, 215, 263, 374, 376, 388, 407, 456, 487]
i =  26 : [5, 19, 40, 62, 119, 192, 294, 512, 635, 741, 830, 890, 907, 908, 919]
i =  27 : [104, 145, 170, 318, 399, 469, 471, 490, 630, 652, 665, 674, 695, 704, 884, 885, 896]
i =  28 : [64, 239, 245, 256, 578, 614, 655, 706, 719, 731, 745, 757, 807]
i =  29 : [15, 25, 103, 226, 292, 315, 338, 346, 417, 422, 483, 509, 539, 603, 656, 667, 677]
i =  30 : [15, 25, 103, 226, 292, 315, 338, 346, 417, 422, 483, 539, 603, 656, 667, 677, 689]
i =  31 : [15, 25, 103, 213, 226, 243, 292, 310, 315, 338, 346, 349, 417, 422, 483, 539, 603, 656, 667, 677]
i =  32 : [5, 19, 40, 62, 119, 192, 294, 512, 635, 741, 830, 890, 907, 908, 919]
i =  33 : [28, 31, 36, 45, 69, 129, 260, 268, 306, 347, 454, 486, 588, 589, 595, 717, 769, 797, 810]
i =  34 : [15, 25, 103, 226, 292, 315, 338, 346, 417, 422, 483, 539, 603, 656, 667, 677, 869]
i =  35 : [33, 53, 75, 106, 107, 117, 151, 274, 426, 448, 453, 462, 499, 506, 559, 566, 592, 700, 772, 785, 838, 852, 857, 865, 914]
i =  36 : [18, 102, 156, 159, 304, 378, 436, 505, 547, 561, 574, 664, 673, 847]
i =  37 : [13, 44, 46, 80, 91, 93, 104, 109, 166, 185, 193, 221, 267, 299, 304, 323, 348, 360, 364, 434, 451, 480, 482, 494, 537, 650, 689, 693, 698, 748, 805, 887, 915, 941, 969, 979, 981]
i =  38 : [39, 44, 50, 80, 93, 104, 109, 166, 185, 187, 221, 251, 289, 304, 348, 360, 402, 444, 488, 494, 650, 689, 693, 698, 748, 805, 887, 915, 941, 969, 979, 981]
i =  39 : [12, 34, 67, 184, 214, 227, 373, 387, 397, 416, 481, 642, 755]
i =  40 : [37, 84, 160, 161, 163, 191, 271, 283, 389, 521, 525, 658, 685, 764]
i =  41 : [8, 29, 167, 198, 214, 218, 233, 273, 507, 571, 601, 669, 777, 778, 829, 835, 877, 879, 886, 906, 959, 960, 970]
i =  42 : [74, 150, 155, 206, 295, 326, 333, 354, 392, 736]
i =  43 : [37, 84, 160, 161, 163, 191, 271, 283, 288, 389, 521, 525, 658, 764]
i =  44 : [89, 169, 238, 257, 258, 312, 349, 377, 497, 502, 560, 657, 711, 733, 737, 781, 880]
i =  45 : [11, 24, 111, 328, 400, 404, 405, 549, 553, 592, 602, 628, 725, 761, 773, 782, 866, 881, 909, 924, 928, 950]
i =  46 : [15, 25, 103, 226, 292, 315, 338, 346, 417, 422, 483, 539, 603, 656, 667, 677, 874]
i =  47 : [39, 50, 187, 202, 251, 289, 402, 444, 488]
i =  48 : [1, 49, 88, 117, 124, 125, 139, 149, 224, 334, 357, 372, 393, 597, 612, 690, 723, 728, 824, 832, 834]
i =  49 : [21, 225, 253, 259, 345, 379, 411, 412, 414, 423, 443, 484, 513, 569, 584, 609, 646, 649, 855]
i =  50 : [74, 148, 150, 155, 206, 295, 326, 333, 354, 392]
i =  51 : [13, 46, 91, 193, 267, 299, 323, 364, 434, 451, 480, 482, 537, 686]
i =  52 : [18, 102, 156, 159, 378, 436, 505, 547, 561, 574, 664, 673, 720, 847]
i =  53 : [12, 34, 67, 184, 227, 341, 373, 387, 397, 416, 481, 642, 755]
i =  54 : [37, 84, 160, 161, 163, 191, 271, 283, 389, 521, 525, 658, 721, 764]
i =  55 : [16, 136, 196, 240, 394, 413, 427, 450, 464, 465, 479, 545, 692, 851]
i =  56 : [37, 84, 160, 161, 163, 191, 271, 283, 389, 521, 525, 658, 688, 764]
i =  57 : [38, 52, 82, 90, 164, 186, 255, 269, 365, 406, 752]
i =  58 : [14, 70, 126, 142, 183, 280, 351, 369, 432, 697]
i =  59 : [2, 58, 112, 134, 248, 398, 475, 476, 489, 492, 575, 622, 873]
i =  60 : [17, 27, 35, 68, 115, 116, 173, 216, 297, 515, 552, 587, 632, 702, 703, 707, 746, 749]
i =  61 : [89, 169, 238, 257, 258, 312, 349, 497, 502, 560, 573, 657, 711, 733, 737, 781]
i =  62 : [14, 70, 126, 142, 183, 280, 351, 369, 432, 477]
i =  63 : [108, 143, 178, 190, 211, 217, 247, 466, 468, 485, 582, 590, 617, 676, 714, 716, 729, 767, 776, 792]
i =  64 : [17, 27, 35, 68, 115, 116, 173, 216, 297, 515, 552, 587, 632, 702, 703, 707, 749, 754]
i =  65 : [14, 70, 126, 142, 183, 280, 351, 369, 432, 457, 594]
i =  66 : [73, 138, 144, 168, 235, 290, 291, 396, 420, 437, 472, 503, 528]
i =  67 : [16, 136, 196, 240, 394, 413, 427, 450, 464, 465, 479, 545, 591, 692]
i =  68 : [16, 136, 196, 240, 394, 401, 413, 427, 450, 464, 465, 479, 545, 692]
i =  69 : [89, 169, 238, 257, 258, 312, 349, 497, 502, 560, 657, 711, 733, 737, 781, 899]
i =  70 : [79, 118, 207, 222, 246, 293, 313, 383, 425, 619]
i =  71 : [188, 302, 308, 340, 345, 384, 467, 516, 527, 541, 613, 637, 679, 691, 735, 742, 822, 839, 862]
i =  72 : [73, 138, 144, 168, 235, 290, 291, 420, 437, 458, 472, 503, 528]
i =  73 : [33, 53, 75, 106, 107, 117, 151, 274, 334, 362, 426, 448, 453, 462, 499, 506, 559, 566, 700, 772, 785, 838, 852, 857, 865, 914]
i =  74 : [37, 84, 160, 161, 163, 191, 271, 283, 389, 521, 525, 658, 713, 764]
i =  75 : [108, 178, 190, 211, 217, 247, 385, 466, 468, 485, 582, 590, 617, 676, 714, 716, 729, 767, 792]
i =  76 : [18, 102, 156, 159, 335, 378, 436, 505, 547, 561, 574, 664, 673, 847]
i =  77 : [15, 25, 103, 181, 226, 292, 315, 338, 346, 408, 417, 422, 483, 539, 603, 656, 667, 677]
i =  78 : [60, 100, 105, 140, 147, 212, 330, 391, 395, 418, 429, 445]
overlapping nodes are:  [2, 5, 12, 13, 14, 15, 16, 17, 18, 19, 21, 25, 27, 28, 31, 33, 34, 35, 36, 37, 39, 40, 42, 44, 45, 46, 50, 53, 58, 62, 63, 67, 68, 69, 70, 73, 74, 75, 80, 84, 89, 91, 93, 102, 103, 104, 106, 107, 108, 109, 112, 115, 116, 117, 119, 126, 129, 134, 136, 138, 142, 144, 150, 151, 155, 156, 159, 160, 161, 163, 166, 168, 169, 173, 178, 183, 184, 185, 187, 188, 190, 191, 192, 193, 196, 206, 211, 213, 214, 216, 217, 221, 226, 227, 235, 238, 240, 247, 248, 251, 256, 257, 258, 260, 267, 271, 274, 280, 283, 289, 290, 291, 292, 294, 295, 297, 299, 302, 304, 306, 308, 312, 315, 323, 326, 333, 334, 338, 340, 345, 346, 347, 348, 349, 351, 354, 360, 364, 369, 373, 378, 384, 387, 389, 392, 394, 397, 398, 402, 413, 416, 417, 420, 422, 426, 427, 432, 434, 436, 437, 444, 448, 450, 451, 453, 454, 462, 464, 465, 466, 467, 468, 472, 475, 476, 479, 480, 481, 482, 483, 485, 488, 489, 492, 494, 497, 499, 502, 503, 505, 506, 512, 515, 516, 521, 525, 527, 528, 537, 539, 541, 545, 547, 552, 559, 560, 561, 566, 571, 574, 575, 582, 587, 588, 589, 590, 592, 595, 601, 603, 613, 617, 621, 622, 632, 635, 637, 642, 650, 656, 657, 658, 664, 667, 673, 676, 677, 679, 689, 691, 692, 693, 698, 700, 702, 703, 707, 711, 714, 716, 717, 729, 733, 735, 737, 741, 742, 748, 749, 755, 764, 767, 769, 772, 781, 785, 792, 797, 805, 810, 822, 830, 838, 839, 847, 852, 857, 865, 887, 890, 907, 908, 914, 915, 919, 941, 969, 979, 981] 
 NOO is:  289
total time is:  195.055112123
