lens of ground_truth:  59
ground_truth is: [[11, 36, 119, 155, 171, 218, 229, 233, 234, 242, 302, 333, 432, 472, 482, 487, 513, 516, 556, 568, 588, 596, 616, 619, 621, 658, 670, 676, 683, 730, 744, 753, 771, 805, 829, 832, 847, 879, 884, 892, 895, 914, 918, 920, 926, 974, 976, 981, 985, 991], [67, 163, 225, 253, 271, 277, 282, 349, 368, 478, 868, 928], [4, 21, 32, 41, 155, 163, 171, 255, 313, 328, 382, 383, 435, 445, 446, 468, 546, 578, 617, 649, 658, 669, 721, 732, 745, 754, 763, 767, 787, 797, 806, 824, 837, 845, 862, 869, 875, 878, 928, 940, 942, 955, 981, 983, 994, 997], [72, 125, 139, 210, 235, 319, 328, 344, 388, 411, 573, 593, 618, 845, 920], [28, 58, 103, 126, 163, 270, 330, 355, 428, 546, 658], [139, 187, 233, 234, 264, 302, 328, 342, 358, 435, 446, 512, 518, 565, 571, 619, 645, 649, 658, 676, 678, 683, 711, 715, 726, 740, 763, 795, 804, 819, 838, 859, 869, 871, 875, 879, 881, 890, 914, 942, 946, 971, 976, 977, 981, 995, 1000], [120, 137, 155, 169, 171, 187, 280, 291, 435, 464, 492, 499, 541, 546, 579, 599, 624, 663, 736, 745, 764, 766, 777, 783, 786, 805, 840, 841, 869, 898, 899, 926, 928, 958, 962, 975, 977, 999], [34, 78, 93, 111, 150, 313, 317, 332, 372, 465, 482, 484, 494, 510, 537, 589, 717, 723, 762, 827, 828, 848, 904, 910, 963, 994], [23, 31, 66, 281, 374, 391, 398, 407, 411, 530, 570, 676, 745, 934, 942, 977, 994], [7, 35, 70, 179, 196, 207, 234, 244, 250, 258, 310, 332, 342, 351, 405, 482, 488, 532, 547, 570, 571, 606, 619, 636, 654, 658, 670, 703, 809, 824, 835, 861, 871, 879, 890, 912, 926, 959, 963, 976, 993], [18, 35, 37, 45, 49, 64, 233, 252, 335, 359, 389, 411, 435, 450, 452, 471, 490, 524, 531, 551, 561, 565, 578, 603, 637, 641, 646, 801, 805, 834, 837, 849, 869, 874, 936, 940, 956, 964, 965, 978, 982, 996], [5, 30, 73, 160, 169, 171, 192, 235, 245, 332, 405, 469, 571, 580, 683, 720, 741, 763, 772, 794, 871, 911, 958, 983, 985], [30, 126, 135, 139, 199, 202, 244, 246, 254, 307, 379, 401, 415, 431, 460, 528, 565, 657, 685, 727, 829, 837, 839, 903, 985], [187, 228, 249, 321, 356, 359, 364, 386, 419, 483, 536, 545, 575, 683, 944, 946, 983], [17, 56, 85, 108, 134, 151, 156, 168, 171, 177, 406, 486, 589, 627, 630, 716, 747, 763, 918, 963, 978, 994, 999], [8, 61, 91, 105, 112, 118, 221, 269, 359, 369, 416, 433, 434, 451, 546, 629, 700, 742, 758, 763, 946], [87, 101, 108, 145, 184, 186, 187, 263, 387, 505, 541, 565, 586, 694, 702, 709, 773, 983, 998], [10, 16, 20, 30, 83, 113, 200, 242, 435, 456, 625, 667, 692, 704, 963, 978, 993], [35, 52, 80, 131, 153, 154, 199, 322, 332, 365, 416, 527, 538, 549, 594, 642, 647, 662, 689, 808, 820, 853, 861, 868, 882, 900, 925], [32, 60, 108, 126, 136, 169, 170, 199, 242, 314, 316, 338, 440, 491, 511, 548, 626, 635, 845], [80, 151, 169, 188, 235, 242, 244, 250, 356, 411, 462, 495, 506, 670, 714, 719, 752, 763, 769, 779, 850, 852, 855, 919, 920, 940, 944, 958, 978, 983, 985], [12, 139, 155, 163, 187, 232, 247, 279, 302, 342, 347, 367, 398, 435, 446, 452, 468, 535, 541, 542, 567, 578, 581, 639, 696, 710, 717, 818, 875, 889, 891, 900, 907, 923, 934, 936, 943, 944, 946, 978, 981, 988], [89, 234, 242, 266, 354, 399, 424, 439, 479, 489, 553, 582, 589, 745, 762, 765, 770, 775, 828, 865], [44, 117, 124, 172, 250, 278, 301, 304, 452, 496, 509, 557, 560, 562, 587, 679, 718, 796, 853, 928, 958, 994], [234, 250, 262, 313, 332, 405, 459, 541, 546, 558, 571, 589, 619, 649, 670, 683, 688, 705, 734, 754, 762, 785, 824, 835, 837, 861, 868, 875, 879, 888, 890, 896, 905, 915, 926, 940, 942, 945, 958, 963, 976, 984, 987, 993, 998], [47, 65, 90, 126, 148, 162, 199, 226, 303, 311, 329, 356, 362, 381, 523, 543, 591, 670, 674, 749, 756, 816, 821, 861, 868, 871, 890, 909, 913, 957, 999], [39, 40, 76, 80, 126, 144, 151, 178, 183, 233, 273, 302, 340, 397, 446, 602, 607, 638, 655, 658, 659, 685, 724, 738, 760, 802, 817, 824, 829, 833, 835, 857, 858, 861, 866, 869, 936, 946, 967, 973, 993], [29, 98, 129, 161, 167, 336, 393, 398, 404, 408, 461, 570, 686, 835, 903, 993], [80, 99, 123, 235, 239, 241, 244, 250, 308, 356, 390, 443, 463, 534, 604, 628, 685, 687, 693, 748, 793, 826, 860, 870, 903, 905, 949, 983, 985], [15, 80, 108, 151, 171, 175, 197, 216, 235, 242, 299, 315, 356, 405, 426, 454, 519, 570, 612, 670, 676, 685, 698, 825, 829, 830, 837, 864, 885, 903, 905, 924, 926, 932, 937, 951, 959, 972, 979, 980, 990], [97, 158, 209, 219, 318, 320, 411, 476, 485, 649, 903, 905], [1, 14, 59, 109, 164, 201, 238, 259, 289, 361, 370, 437, 466, 497, 668, 914], [25, 30, 102, 115, 130, 163, 187, 359, 411, 416, 418, 442, 446, 482, 526, 539, 546, 563, 578, 648, 717, 790, 805, 811, 853, 865, 894, 900, 905, 908, 928, 929, 934, 936, 941, 968, 969, 977], [32, 35, 108, 110, 193, 233, 248, 328, 343, 414, 449, 452, 565, 570, 571, 577, 589, 610, 615, 619, 644, 649, 651, 671, 673, 676, 681, 683, 731, 776, 782, 824, 831, 835, 869, 877, 890, 897, 920, 940, 942, 946, 948, 959, 963, 981, 993, 998], [157, 176, 185, 305, 337, 378, 395, 452, 468, 940], [19, 75, 108, 132, 146, 151, 198, 205, 233, 267, 275, 412, 416, 578, 590, 600, 620, 691, 728, 787, 792, 813, 863, 865, 867, 934], [3, 48, 77, 79, 138, 224, 235, 292, 357, 470, 498, 564, 605, 633, 656, 680, 787], [53, 88, 92, 260, 285, 328, 331, 394, 403, 457, 502, 554, 592, 914, 934], [2, 32, 116, 139, 140, 155, 236, 255, 302, 327, 398, 400, 416, 438, 482, 574, 595, 737, 762, 787, 798, 828, 837, 856, 865, 880, 901, 905, 933, 944, 950, 953, 970, 978], [26, 68, 133, 231, 261, 309, 334, 342, 717, 829], [82, 86, 151, 155, 199, 255, 272, 283, 296, 313, 366, 385, 398, 405, 410, 417, 446, 566, 652, 754, 757, 762, 768, 787, 814, 845, 883, 886, 906, 918, 994, 999], [63, 142, 190, 206, 230, 265, 284, 294, 350, 392, 423], [24, 35, 104, 139, 147, 163, 180, 213, 223, 237, 255, 341, 353, 421, 474, 481, 525, 541, 544, 550, 650, 684, 707, 725, 754, 778, 781, 805, 842, 845, 887, 893, 914, 916, 918, 920, 921, 922, 944, 960, 961, 977, 986, 989, 992, 998], [9, 13, 81, 94, 100, 128, 194, 250, 256, 345, 447, 468, 569, 598, 903], [27, 32, 35, 62, 169, 227, 234, 295, 328, 342, 380, 396, 405, 425, 520, 565, 572, 589, 609, 619, 622, 676, 713, 717, 824, 835, 879, 890, 920, 936, 938, 958, 959, 966, 976, 981, 998], [149, 173, 191, 274, 346, 352, 359, 416, 448, 455, 468, 555, 614, 623, 828, 900, 998], [42, 80, 152, 240, 244, 251, 363, 422, 430, 436, 475, 503, 660, 685, 746, 754, 780, 791, 799, 810, 815, 829, 836, 853, 868, 930, 935, 954, 985], [30, 84, 127, 189, 244, 255, 302, 313, 339, 398, 468, 477, 482, 517, 706, 717, 762, 774, 787, 800, 822, 828, 845, 851, 853, 865, 872, 914, 917, 928], [32, 46, 208, 325, 377, 467, 507, 541, 576, 735, 743, 751, 784, 788, 843, 844, 846, 854, 876, 900, 902, 918, 926, 927, 934, 936, 939, 944], [43, 50, 287, 360, 371, 493, 500, 514, 578, 583, 653, 661, 675, 677, 701, 708], [38, 166, 268, 276, 286, 290, 323, 754, 875, 918], [6, 22, 71, 143, 174, 255, 359, 409, 429, 559, 597, 699, 729, 733, 745, 789, 803, 805, 828, 865], [30, 54, 96, 126, 181, 199, 220, 332, 356, 444, 521, 585, 632, 665, 722, 739, 750, 807, 812, 823, 861, 868, 871, 873, 931, 947, 952, 977, 999], [106, 141, 159, 211, 215, 306, 342, 348, 375, 376, 413, 427, 584, 601, 608, 664, 959], [33, 55, 107, 212, 257, 288, 293, 300, 313, 402, 473, 522, 672, 682, 690, 712, 745, 976], [114, 165, 169, 195, 203, 204, 373, 420, 452, 570, 611, 613, 643, 666, 685, 697, 755, 759, 761], [214, 217, 298, 458, 480, 501, 515, 540, 631, 634, 640, 649, 695, 871, 879, 942, 959], [121, 122, 182, 243, 297, 326, 384, 453, 504, 508, 529, 533, 853, 875], [51, 57, 69, 74, 95, 222, 312, 324, 441, 552, 571, 900, 999]]
print random_nodes: [[961], [909], [822], [157], [951], [687], [821], [586], [850], [765], [559], [794], [655], [54], [543], [119], [481], [325], [350], [310], [868], [344], [313], [867], [846], [564], [676], [436], [637], [27], [930], [623]]
args__________ ([[961]],)
args__________ ([[909]],)
args__________ ([[822]],)
args__________ ([[157]],)
args__________ ([[951]],)
args__________ ([[687]],)
args__________ ([[821]],)
args__________ ([[586]],)
args__________ ([[850]],)
args__________ ([[765]],)
args__________ ([[559]],)
args__________ ([[794]],)
args__________ ([[655]],)
args__________ ([[54]],)
args__________ ([[543]],)
args__________ ([[119]],)
args__________ ([[481]],)
args__________ ([[325]],)
args__________ ([[350]],)
args__________ ([[310]],)
args__________ ([[868]],)
args__________ ([[344]],)
args__________ ([[313]],)
args__________ ([[867]],)
args__________ ([[846]],)
args__________ ([[564]],)
args__________ ([[676]],)
args__________ ([[436]],)
args__________ ([[637]],)
args__________ ([[27]],)
args__________ ([[930]],)
args__________ ([[623]],)
finish process_num processes get single node nature community___________________
length of left_nodes_list__________:  620
print random_nodes: [[264], [312], [232], [636], [273], [611], [595], [110], [450], [241], [356], [657], [896], [272], [86], [31], [949], [609], [402], [731], [441], [404], [231], [309], [871], [199], [335], [155], [307], [379], [999], [860]]
args__________ ([[264]],)
args__________ ([[312]],)
args__________ ([[232]],)
args__________ ([[636]],)
args__________ ([[273]],)
args__________ ([[611]],)
args__________ ([[595]],)
args__________ ([[110]],)
args__________ ([[450]],)
args__________ ([[241]],)
args__________ ([[356]],)
args__________ ([[657]],)
args__________ ([[896]],)
args__________ ([[272]],)
args__________ ([[86]],)
args__________ ([[31]],)
args__________ ([[949]],)
args__________ ([[609]],)
args__________ ([[402]],)
args__________ ([[731]],)
args__________ ([[441]],)
args__________ ([[404]],)
args__________ ([[231]],)
args__________ ([[309]],)
args__________ ([[871]],)
args__________ ([[199]],)
args__________ ([[335]],)
args__________ ([[155]],)
args__________ ([[307]],)
args__________ ([[379]],)
args__________ ([[999]],)
args__________ ([[860]],)
finish process_num processes get single node nature community___________________
length of left_nodes_list__________:  393
print random_nodes: [[696], [365], [490], [740], [964], [678], [514], [397], [878], [252], [511], [998], [592], [235], [647], [811], [668], [596], [804], [131], [677], [766], [361], [201], [333], [965], [548], [442], [43], [437], [694], [247]]
args__________ ([[696]],)
args__________ ([[365]],)
args__________ ([[490]],)
args__________ ([[740]],)
args__________ ([[964]],)
args__________ ([[678]],)
args__________ ([[514]],)
args__________ ([[397]],)
args__________ ([[878]],)
args__________ ([[252]],)
args__________ ([[511]],)
args__________ ([[998]],)
args__________ ([[592]],)
args__________ ([[235]],)
args__________ ([[647]],)
args__________ ([[811]],)
args__________ ([[668]],)
args__________ ([[596]],)
args__________ ([[804]],)
args__________ ([[131]],)
args__________ ([[677]],)
args__________ ([[766]],)
args__________ ([[361]],)
args__________ ([[201]],)
args__________ ([[333]],)
args__________ ([[965]],)
args__________ ([[548]],)
args__________ ([[442]],)
args__________ ([[43]],)
args__________ ([[437]],)
args__________ ([[694]],)
args__________ ([[247]],)
finish process_num processes get single node nature community___________________
length of left_nodes_list__________:  200
print random_nodes: [[570], [931], [797], [518], [767], [977], [968], [838], [236], [116], [382], [745], [589], [873], [181], [936], [823], [806], [952], [953], [718], [683], [812], [795], [908], [955], [398], [1000], [405], [981], [35], [962]]
args__________ ([[570]],)
args__________ ([[931]],)
args__________ ([[797]],)
args__________ ([[518]],)
args__________ ([[767]],)
args__________ ([[977]],)
args__________ ([[968]],)
args__________ ([[838]],)
args__________ ([[236]],)
args__________ ([[116]],)
args__________ ([[382]],)
args__________ ([[745]],)
args__________ ([[589]],)
args__________ ([[873]],)
args__________ ([[181]],)
args__________ ([[936]],)
args__________ ([[823]],)
args__________ ([[806]],)
args__________ ([[952]],)
args__________ ([[953]],)
args__________ ([[718]],)
args__________ ([[683]],)
args__________ ([[812]],)
args__________ ([[795]],)
args__________ ([[908]],)
args__________ ([[955]],)
args__________ ([[398]],)
args__________ ([[1000]],)
args__________ ([[405]],)
args__________ ([[981]],)
args__________ ([[35]],)
args__________ ([[962]],)
finish process_num processes get single node nature community___________________
length of left_nodes_list__________:  94
print random_nodes: [[685], [166], [837], [244], [928], [905], [840], [452], [777], [872], [940], [468], [903], [302], [492], [985], [898], [975], [163], [786], [250], [890], [736], [137], [959], [963], [917], [875], [942], [571], [841], [255]]
args__________ ([[685]],)
args__________ ([[166]],)
args__________ ([[837]],)
args__________ ([[244]],)
args__________ ([[928]],)
args__________ ([[905]],)
args__________ ([[840]],)
args__________ ([[452]],)
args__________ ([[777]],)
args__________ ([[872]],)
args__________ ([[940]],)
args__________ ([[468]],)
args__________ ([[903]],)
args__________ ([[302]],)
args__________ ([[492]],)
args__________ ([[985]],)
args__________ ([[898]],)
args__________ ([[975]],)
args__________ ([[163]],)
args__________ ([[786]],)
args__________ ([[250]],)
args__________ ([[890]],)
args__________ ([[736]],)
args__________ ([[137]],)
args__________ ([[959]],)
args__________ ([[963]],)
args__________ ([[917]],)
args__________ ([[875]],)
args__________ ([[942]],)
args__________ ([[571]],)
args__________ ([[841]],)
args__________ ([[255]],)
finish process_num processes get single node nature community___________________
length of left_nodes_list__________:  47
print random_nodes: [[944], [865], [824], [541], [649], [435], [762], [108], [482], [332], [342], [658], [978], [169], [918], [754], [983], [869], [416], [446], [578], [619], [879], [934], [914], [993], [565], [958], [717], [861], [926], [242]]
args__________ ([[944]],)
args__________ ([[865]],)
args__________ ([[824]],)
args__________ ([[541]],)
args__________ ([[649]],)
args__________ ([[435]],)
args__________ ([[762]],)
args__________ ([[108]],)
args__________ ([[482]],)
args__________ ([[332]],)
args__________ ([[342]],)
args__________ ([[658]],)
args__________ ([[978]],)
args__________ ([[169]],)
args__________ ([[918]],)
args__________ ([[754]],)
args__________ ([[983]],)
args__________ ([[869]],)
args__________ ([[416]],)
args__________ ([[446]],)
args__________ ([[578]],)
args__________ ([[619]],)
args__________ ([[879]],)
args__________ ([[934]],)
args__________ ([[914]],)
args__________ ([[993]],)
args__________ ([[565]],)
args__________ ([[958]],)
args__________ ([[717]],)
args__________ ([[861]],)
args__________ ([[926]],)
args__________ ([[242]],)
finish process_num processes get single node nature community___________________
length of left_nodes_list__________:  15
print random_nodes: [[920], [946], [994], [853], [835], [828], [845], [976], [805], [829], [787], [900], [411], [670], [763]]
args__________ ([[920]],)
args__________ ([[946]],)
args__________ ([[994]],)
args__________ ([[853]],)
args__________ ([[835]],)
args__________ ([[828]],)
args__________ ([[845]],)
args__________ ([[976]],)
args__________ ([[805]],)
args__________ ([[829]],)
args__________ ([[787]],)
args__________ ([[900]],)
args__________ ([[411]],)
args__________ ([[670]],)
args__________ ([[763]],)
finish process_num processes get single node nature community___________________
length of left_nodes_list__________:  0
commplete get_all_nature_community, length:  207
after deal_communities, length:______________ 162
fits_dic 162
above ave fitness communities 86 [0.34328358208955223, 0.40236686390532544, 0.3179765130984643, 0.35348837209302325, 0.47586206896551725, 0.4721311475409836, 0.37966101694915255, 0.32751091703056767, 0.3930635838150289, 0.4355300859598854, 0.3069306930693069, 0.451063829787234, 0.3488843813387424, 0.3202416918429003, 0.3220338983050847, 0.3257328990228013, 0.3893805309734513, 0.3568075117370892, 0.3515151515151515, 0.3967611336032389, 0.3697478991596639, 0.35294117647058826, 0.334841628959276, 0.40162271805273836, 0.32941176470588235, 0.32558139534883723, 0.38860103626943004, 0.34805194805194806, 0.3072100313479624, 0.39363241678726485, 0.3451910408432148, 0.41366223908918404, 0.37092264678471576, 0.37092264678471576, 0.3072289156626506, 0.3308270676691729, 0.3514644351464435, 0.41366223908918404, 0.31545741324921134, 0.32065217391304346, 0.4595300261096606, 0.31683168316831684, 0.4083333333333333, 0.4367816091954023, 0.42524916943521596, 0.3118556701030928, 0.32119914346895073, 0.40329218106995884, 0.31399317406143346, 0.35960044395116536, 0.33548387096774196, 0.35467980295566504, 0.32447552447552447, 0.4260869565217391, 0.3119266055045872, 0.3470031545741325, 0.3143507972665148, 0.33093525179856115, 0.416, 0.3728813559322034, 0.41621621621621624, 0.3165876777251185, 0.34404145077720205, 0.4645161290322581, 0.3257328990228013, 0.3493975903614458, 0.3793584379358438, 0.40431266846361186, 0.31336405529953915, 0.5108695652173914, 0.3464566929133858, 0.31683168316831684, 0.3464566929133858, 0.41836734693877553, 0.45348837209302323, 0.31654676258992803, 0.3069306930693069, 0.30684931506849317, 0.3562753036437247, 0.35294117647058826, 0.3062645011600928, 0.43243243243243246, 0.35555555555555557, 0.350109409190372, 0.3404255319148936, 0.3127035830618892]
----------------------------------The detection result is: 

all communities: 
i =  1 : [24, 93, 104, 147, 150, 180, 213, 223, 237, 341, 353, 421, 474, 481, 525, 544, 550, 650, 684, 707, 725, 778, 781, 842, 887, 893, 916, 921, 922, 960, 961, 986, 989, 992]
i =  2 : [47, 60, 65, 90, 148, 162, 226, 303, 311, 329, 362, 381, 523, 543, 591, 674, 749, 756, 816, 821, 909, 913, 957]
i =  3 : [15, 60, 80, 136, 175, 197, 216, 299, 315, 426, 454, 519, 612, 698, 825, 830, 864, 885, 924, 932, 937, 951, 972, 979, 980, 990]
i =  4 : [8, 61, 91, 105, 112, 118, 221, 269, 369, 433, 434, 451, 629, 687, 700, 742, 758]
i =  5 : [89, 266, 354, 399, 424, 439, 479, 489, 553, 582, 765, 770, 775]
i =  6 : [6, 22, 71, 143, 174, 409, 429, 559, 597, 699, 729, 733, 789, 803]
i =  7 : [5, 73, 160, 192, 245, 469, 580, 720, 741, 772, 794, 911]
i =  8 : [106, 141, 159, 211, 215, 306, 328, 348, 375, 376, 413, 427, 584, 601, 608, 655, 664]
i =  9 : [25, 47, 65, 90, 148, 162, 226, 303, 311, 329, 362, 381, 523, 543, 591, 674, 749, 756, 816, 821, 909, 913, 957]
i =  10 : [8, 61, 91, 105, 112, 118, 119, 221, 269, 369, 433, 434, 451, 629, 700, 742, 758]
i =  11 : [188, 214, 217, 298, 325, 458, 480, 501, 515, 540, 631, 634, 640, 695]
i =  12 : [19, 75, 132, 146, 198, 205, 267, 275, 412, 590, 600, 620, 691, 728, 792, 813, 863, 867]
i =  13 : [28, 46, 58, 103, 126, 208, 270, 325, 330, 355, 377, 428, 467, 507, 576, 735, 743, 751, 784, 788, 843, 844, 846, 854, 876, 902, 927, 939]
i =  14 : [17, 56, 85, 134, 156, 168, 177, 406, 486, 627, 630, 676, 716, 747]
i =  15 : [25, 121, 122, 182, 243, 297, 326, 384, 436, 453, 504, 508, 529, 533]
i =  16 : [9, 13, 81, 94, 100, 126, 128, 194, 256, 345, 447, 569, 598, 637]
i =  17 : [27, 28, 58, 103, 270, 330, 355, 428]
i =  18 : [42, 53, 64, 152, 240, 251, 363, 422, 430, 436, 475, 503, 660, 746, 780, 791, 799, 810, 815, 836, 930, 935, 954]
i =  19 : [121, 122, 175, 182, 232, 243, 279, 297, 326, 384, 453, 504, 508, 529, 533]
i =  20 : [149, 173, 191, 273, 274, 346, 352, 448, 455, 555, 614, 623]
i =  21 : [26, 68, 110, 133, 231, 261, 309, 334]
i =  22 : [7, 10, 16, 20, 83, 113, 123, 200, 241, 456, 625, 667, 692, 704]
i =  23 : [36, 72, 125, 210, 319, 344, 356, 388, 573, 593, 618]
i =  24 : [82, 86, 272, 283, 296, 366, 385, 410, 417, 566, 652, 757, 768, 814, 883, 886, 906]
i =  25 : [6, 24, 80, 99, 123, 239, 241, 308, 390, 401, 443, 463, 534, 604, 628, 687, 693, 748, 793, 826, 860, 870, 949]
i =  26 : [27, 62, 227, 295, 380, 396, 425, 520, 572, 609, 622, 713, 938, 966]
i =  27 : [106, 141, 159, 211, 215, 306, 348, 375, 376, 413, 427, 584, 601, 608, 664, 871]
i =  28 : [71, 135, 199, 202, 246, 254, 307, 379, 401, 415, 431, 460, 528, 657, 727, 839]
i =  29 : [34, 78, 93, 111, 150, 155, 317, 372, 465, 484, 494, 499, 510, 537, 723, 827, 848, 904, 910]
i =  30 : [47, 65, 90, 148, 162, 226, 303, 307, 311, 329, 362, 381, 523, 543, 591, 674, 749, 756, 816, 821, 909, 913, 957]
i =  31 : [12, 232, 247, 279, 347, 367, 535, 542, 567, 581, 639, 696, 710, 818, 889, 891, 907, 923, 943, 988]
i =  32 : [52, 131, 153, 154, 322, 365, 527, 538, 549, 594, 642, 647, 662, 689, 808, 820, 882, 925]
i =  33 : [18, 37, 45, 49, 64, 252, 335, 389, 450, 471, 490, 524, 531, 551, 561, 603, 637, 641, 646, 801, 834, 849, 874, 956, 964, 965, 982, 996]
i =  34 : [18, 37, 45, 49, 64, 252, 335, 389, 450, 471, 490, 524, 531, 551, 561, 603, 637, 641, 646, 801, 834, 849, 874, 956, 964, 965, 982, 996]
i =  35 : [9, 13, 81, 94, 100, 128, 155, 194, 256, 264, 345, 447, 569, 598, 678]
i =  36 : [50, 228, 249, 321, 364, 386, 419, 483, 514, 536, 545, 575]
i =  37 : [39, 40, 76, 89, 144, 178, 183, 273, 340, 397, 602, 607, 638, 655, 659, 724, 738, 760, 802, 817, 833, 857, 858, 866, 967, 973]
i =  38 : [52, 131, 153, 154, 322, 365, 527, 538, 549, 594, 642, 647, 662, 689, 808, 820, 882, 925]
i =  39 : [9, 13, 25, 81, 94, 100, 128, 194, 256, 345, 447, 569, 598, 811]
i =  40 : [11, 36, 119, 218, 229, 333, 432, 472, 487, 513, 516, 556, 568, 588, 596, 616, 621, 730, 744, 753, 771, 832, 847, 884, 892, 895, 974, 991]
i =  41 : [21, 43, 50, 287, 360, 371, 493, 500, 514, 583, 653, 661, 675, 677, 701, 708]
i =  42 : [87, 101, 145, 184, 186, 263, 387, 505, 586, 694, 702, 709, 766, 773]
i =  43 : [9, 13, 81, 94, 100, 128, 194, 256, 333, 345, 447, 569, 598]
i =  44 : [32, 60, 136, 170, 314, 316, 338, 440, 491, 511, 548, 626, 635]
i =  45 : [12, 87, 101, 145, 184, 186, 263, 387, 505, 586, 694, 702, 709, 773]
i =  46 : [25, 56, 101, 102, 115, 130, 418, 442, 526, 539, 563, 648, 790, 811, 894, 908, 929, 941, 968, 969]
i =  47 : [33, 55, 107, 212, 257, 288, 293, 300, 402, 473, 522, 672, 682, 690, 712, 838]
i =  48 : [116, 149, 173, 191, 274, 346, 352, 448, 455, 555, 614, 623]
i =  49 : [47, 65, 90, 148, 162, 226, 248, 295, 303, 311, 329, 362, 381, 382, 523, 543, 591, 674, 749, 756, 816, 821, 909, 913, 957]
i =  50 : [6, 9, 13, 54, 81, 94, 96, 100, 128, 181, 194, 220, 256, 345, 444, 447, 521, 569, 585, 598, 632, 665, 722, 739, 750, 807, 812, 823, 873, 931, 947]
i =  51 : [9, 13, 54, 81, 94, 100, 128, 181, 194, 256, 345, 447, 569, 586, 598]
i =  52 : [9, 13, 30, 54, 81, 94, 96, 100, 128, 181, 194, 220, 256, 345, 444, 447, 521, 569, 585, 598, 632, 665, 722, 739, 750, 807, 812, 823, 873, 931, 947, 952]
i =  53 : [2, 32, 116, 140, 236, 327, 400, 438, 574, 595, 737, 798, 856, 880, 901, 933, 950, 953, 970]
i =  54 : [149, 173, 191, 244, 274, 346, 352, 448, 455, 555, 614, 623]
i =  55 : [1, 14, 40, 59, 109, 164, 201, 238, 259, 289, 361, 370, 437, 466, 497, 668, 928]
i =  56 : [71, 120, 137, 280, 291, 464, 492, 499, 579, 599, 624, 663, 736, 764, 766, 777, 783, 786, 840, 841, 898, 899, 962, 975]
i =  57 : [37, 84, 127, 189, 339, 477, 517, 706, 774, 800, 822, 851, 872, 917]
i =  58 : [157, 176, 185, 305, 337, 378, 395, 468]
i =  59 : [9, 13, 81, 94, 100, 128, 194, 256, 345, 447, 569, 598, 903]
i =  60 : [38, 166, 268, 276, 286, 290, 302, 323]
i =  61 : [3, 47, 48, 77, 79, 138, 224, 292, 357, 470, 492, 498, 564, 605, 633, 656, 680]
i =  62 : [35, 78, 120, 137, 159, 280, 291, 464, 492, 499, 579, 599, 624, 663, 736, 764, 766, 777, 783, 786, 840, 841, 898, 899, 962, 975]
i =  63 : [63, 92, 120, 137, 280, 291, 464, 492, 499, 579, 599, 624, 663, 736, 764, 766, 777, 783, 786, 840, 841, 898, 899, 962, 975]
i =  64 : [67, 163, 225, 253, 271, 277, 282, 349, 368, 478]
i =  65 : [149, 173, 191, 250, 274, 346, 352, 448, 455, 464, 555, 614, 623]
i =  66 : [121, 122, 182, 243, 297, 326, 384, 453, 504, 508, 529, 533, 875]
i =  67 : [47, 65, 90, 148, 162, 226, 303, 311, 329, 362, 381, 523, 541, 543, 591, 674, 749, 756, 816, 821, 909, 913, 957]
i =  68 : [33, 55, 107, 212, 257, 288, 293, 300, 402, 473, 522, 649, 672, 682, 690, 712]
i =  69 : [39, 40, 76, 144, 178, 183, 273, 296, 340, 397, 602, 607, 638, 655, 659, 724, 738, 760, 762, 802, 817, 833, 857, 858, 866, 967, 973]
i =  70 : [63, 108, 142, 190, 206, 230, 265, 284, 294, 350, 392, 423]
i =  71 : [38, 166, 268, 276, 286, 290, 323, 482]
i =  72 : [10, 16, 20, 83, 113, 182, 200, 332, 456, 508, 625, 667, 692, 704]
i =  73 : [157, 176, 185, 305, 337, 342, 378, 395]
i =  74 : [44, 117, 124, 169, 172, 278, 301, 304, 496, 509, 557, 560, 562, 587, 679, 718, 796]
i =  75 : [8, 61, 91, 105, 112, 118, 221, 269, 369, 416, 433, 434, 451, 629, 700, 742, 758]
i =  76 : [29, 98, 129, 161, 167, 267, 336, 393, 404, 408, 446, 461, 686]
i =  77 : [214, 217, 298, 310, 458, 480, 501, 515, 540, 619, 631, 634, 640, 695]
i =  78 : [53, 80, 88, 92, 260, 285, 331, 394, 403, 457, 502, 554, 592, 914]
i =  79 : [29, 98, 129, 161, 167, 336, 393, 404, 408, 461, 565, 686]
i =  80 : [26, 68, 133, 231, 261, 309, 334, 717]
i =  81 : [135, 202, 246, 254, 307, 379, 401, 415, 431, 460, 528, 657, 727, 839, 861]
i =  82 : [87, 101, 145, 184, 186, 242, 263, 387, 505, 586, 694, 702, 709, 773]
i =  83 : [87, 101, 145, 184, 186, 263, 387, 505, 586, 694, 702, 709, 773, 853]
i =  84 : [3, 48, 62, 77, 79, 138, 223, 224, 292, 357, 470, 498, 564, 605, 633, 656, 680, 787]
i =  85 : [51, 57, 69, 74, 95, 222, 312, 324, 441, 552, 900]
i =  86 : [7, 10, 16, 20, 83, 113, 123, 200, 456, 625, 667, 670, 692, 704]
overlapping nodes are:  [3, 6, 7, 8, 9, 10, 12, 13, 16, 18, 20, 24, 25, 26, 27, 28, 29, 32, 33, 36, 37, 38, 39, 40, 45, 47, 48, 49, 50, 52, 53, 54, 55, 56, 58, 60, 61, 62, 63, 64, 65, 68, 71, 76, 77, 78, 79, 80, 81, 83, 87, 89, 90, 91, 92, 93, 94, 96, 98, 100, 101, 103, 105, 106, 107, 112, 113, 116, 118, 119, 120, 121, 122, 123, 126, 128, 129, 131, 133, 135, 136, 137, 138, 141, 144, 145, 148, 149, 150, 153, 154, 155, 157, 159, 161, 162, 166, 167, 173, 175, 176, 178, 181, 182, 183, 184, 185, 186, 191, 194, 200, 202, 211, 212, 214, 215, 217, 220, 221, 223, 224, 226, 231, 232, 241, 243, 246, 252, 254, 256, 257, 261, 263, 267, 268, 269, 270, 273, 274, 276, 279, 280, 286, 288, 290, 291, 292, 293, 295, 296, 297, 298, 300, 303, 305, 306, 307, 309, 311, 322, 323, 325, 326, 329, 330, 333, 334, 335, 336, 337, 340, 345, 346, 348, 352, 355, 357, 362, 365, 369, 375, 376, 378, 379, 381, 384, 387, 389, 393, 395, 397, 401, 402, 404, 408, 413, 415, 427, 428, 431, 433, 434, 436, 444, 447, 448, 450, 451, 453, 455, 456, 458, 460, 461, 464, 470, 471, 473, 480, 490, 492, 498, 499, 501, 504, 505, 508, 514, 515, 521, 522, 523, 524, 527, 528, 529, 531, 533, 538, 540, 543, 549, 551, 555, 561, 564, 569, 579, 584, 585, 586, 591, 594, 598, 599, 601, 602, 603, 605, 607, 608, 614, 623, 624, 625, 629, 631, 632, 633, 634, 637, 638, 640, 641, 642, 646, 647, 655, 656, 657, 659, 662, 663, 664, 665, 667, 672, 674, 680, 682, 686, 687, 689, 690, 692, 694, 695, 700, 702, 704, 709, 712, 722, 724, 727, 736, 738, 739, 742, 749, 750, 756, 758, 760, 764, 766, 773, 777, 783, 786, 801, 802, 807, 808, 811, 812, 816, 817, 820, 821, 823, 833, 834, 839, 840, 841, 849, 857, 858, 866, 873, 874, 882, 898, 899, 909, 913, 925, 931, 947, 956, 957, 962, 964, 965, 967, 973, 975, 982, 996] 
 NOO is:  360
total time is:  180.437038898
