lens of ground_truth:  68
ground_truth is: [[95, 149, 156, 179, 233, 308, 369, 429, 459, 522, 566, 675, 677, 835, 847, 958, 961], [40, 113, 158, 263, 287, 299, 317, 321, 427, 439, 557, 616, 628, 698, 831, 841, 917, 977], [4, 38, 93, 104, 196, 231, 236, 268, 310, 330, 340, 387, 400, 436, 567, 699, 779, 792, 810, 831, 832, 844, 845, 854, 908, 910, 921, 936, 943, 946, 951, 953, 955, 961, 962, 970, 973, 985, 986, 995, 998, 1000], [18, 149, 266, 294, 349, 369, 388, 396, 503, 510, 528, 649, 664, 779, 879], [187, 266, 281, 286, 298, 325, 336, 453, 483, 498, 503, 532, 537, 584, 585, 603, 667, 693, 820, 828, 840, 843, 852, 859, 866, 921, 922, 923, 938, 974], [54, 92, 186, 203, 237, 266, 292, 369, 391, 392, 423, 439, 584, 610, 634, 654, 673, 755, 835, 841, 862, 885, 899, 991], [9, 70, 80, 123, 148, 173, 184, 319, 324, 339, 430, 447, 539, 617, 625, 641, 659, 729, 739, 857, 970], [6, 50, 53, 223, 239, 260, 300, 375, 391, 456, 519, 584, 591, 929, 935, 961, 998], [19, 169, 192, 205, 210, 215, 325, 345, 351, 411, 978], [4, 6, 14, 88, 93, 99, 107, 149, 235, 310, 406, 503, 633, 682, 724, 759, 792, 825, 831, 867, 881, 889, 891, 894, 898, 908, 917, 924, 936, 970, 973, 980, 982, 990, 993], [56, 69, 141, 157, 245, 262, 310, 344, 369, 584, 592, 611, 658, 704, 731, 764, 773, 788, 885, 914], [10, 12, 14, 19, 43, 108, 143, 149, 275, 347, 374, 439, 557, 634, 642, 645, 671, 687, 769, 827, 835, 853, 868, 997], [19, 93, 106, 149, 155, 175, 335, 425, 456, 507, 632, 647, 683, 684, 701, 749, 808, 847, 929, 953, 973, 997], [20, 37, 181, 219, 327, 355, 364, 377, 445, 458, 492, 516, 563, 885], [2, 33, 36, 138, 140, 206, 301, 337, 413, 439, 493, 517, 825, 832], [10, 16, 59, 95, 104, 370, 428, 456, 473, 488, 505, 557, 650, 666, 681, 694, 728, 742, 755, 764, 767, 772, 818, 832, 860, 897, 898, 899, 913, 934, 952, 959, 971, 972, 979, 981, 983, 998], [147, 151, 204, 257, 311, 332, 407, 418, 577, 651, 653, 841, 879, 904, 936, 978, 998], [72, 95, 160, 166, 351, 368, 426, 443, 471, 474, 550, 562, 650], [42, 79, 91, 110, 144, 152, 241, 268, 325, 341, 351, 462, 489, 491, 505, 585, 650, 691, 737, 743, 828, 834, 836, 877, 912, 931, 982, 997], [22, 91, 112, 119, 122, 248, 272, 304, 376, 400, 431, 847, 855, 924], [79, 97, 103, 110, 152, 241, 252, 312, 373, 403, 405, 434, 446, 511, 530, 541, 578, 598, 657, 725, 817, 883, 901, 924, 974, 991], [16, 25, 46, 117, 167, 190, 277, 360, 391, 410, 961], [4, 16, 73, 92, 114, 196, 249, 272, 296, 512, 521, 529, 562, 615, 709, 713, 799, 806, 810, 822, 855, 862, 882, 958, 970, 977, 991], [19, 27, 55, 162, 180, 182, 354, 391, 401, 439, 504, 524, 526, 531, 549, 586, 703, 785, 793, 825, 826, 865, 869, 943], [61, 66, 117, 172, 351, 428, 463, 503, 546, 610, 685, 692, 714, 727, 764, 781, 825, 829, 839, 841, 861, 892, 896, 900, 904, 919, 921, 935, 974, 998], [75, 93, 100, 117, 217, 259, 386, 394, 397, 439, 543, 623, 640, 662, 707, 746, 798, 898, 902, 912, 921], [7, 29, 66, 92, 93, 96, 110, 131, 139, 163, 272, 273, 278, 303, 320, 428, 439, 580, 584, 627, 697, 705, 757, 810, 831, 862, 908, 916, 920, 921, 943, 948, 958, 970, 973], [10, 19, 44, 66, 71, 110, 150, 202, 231, 246, 266, 268, 309, 351, 353, 400, 428, 442, 475, 503, 567, 598, 610, 620, 714, 716, 768, 776, 784, 825, 832, 885, 899, 902, 904, 910, 911, 914, 919, 921, 935, 953, 957, 968, 969, 973, 986, 998], [6, 14, 52, 183, 232, 265, 362, 391, 400, 448, 496, 554, 609, 624, 637, 708, 902, 919], [124, 322, 352, 452, 453, 514, 559, 572, 581, 596, 601, 630, 690, 764, 879, 898, 935], [104, 128, 222, 242, 274, 297, 393, 409, 455, 478, 542, 585, 899], [4, 105, 168, 170, 228, 231, 268, 283, 340, 385, 465, 547, 568, 576, 585, 646, 719, 738, 786, 819, 824, 830, 977], [28, 63, 198, 220, 234, 314, 326, 402, 404, 417, 919], [7, 65, 199, 241, 325, 358, 369, 453, 456, 460, 463, 469, 564, 648, 650, 690, 693, 720, 722, 740, 779, 841, 847, 848, 884, 886, 899, 902, 929, 954, 977, 978], [16, 92, 93, 109, 178, 213, 272, 276, 369, 389, 419, 428, 494, 589, 663, 765, 770, 790, 803, 813, 935, 961, 986], [51, 78, 120, 161, 266, 279, 328, 381, 503, 505, 506, 536, 553, 562, 598, 610, 693, 714, 716, 744, 764, 771, 810, 855, 856, 871, 906, 908, 914, 918, 919, 950, 975, 976], [26, 39, 66, 85, 92, 310, 351, 400, 501, 518, 562, 610, 634, 711, 714, 718, 782, 792, 809, 825, 846, 851, 898, 902, 914, 915, 936, 939, 942, 943, 963, 965, 991], [11, 23, 110, 115, 159, 194, 261, 272, 350, 792], [16, 81, 89, 92, 272, 361, 378, 383, 399, 412, 562, 615, 660, 695, 710, 754, 797, 855, 862, 924, 929, 958, 991], [48, 49, 154, 176, 229, 338, 515, 579, 610, 613, 614, 885, 904, 977], [19, 95, 171, 333, 416, 463, 468, 472, 567, 574, 612, 665, 828, 879, 898, 914, 943], [31, 79, 104, 196, 269, 440, 466, 513, 557, 598, 600, 606, 672, 716, 734, 857, 879, 912], [6, 7, 91, 93, 196, 266, 340, 363, 367, 400, 453, 487, 533, 544, 565, 732, 750, 779, 792, 810, 838, 849, 857, 912, 917, 924, 925, 933, 940, 941, 982], [21, 104, 152, 164, 241, 271, 284, 325, 480, 505, 557, 583, 650, 674, 700, 730, 768, 783, 789, 828, 870, 878, 887, 895, 902, 909, 974, 997], [8, 15, 47, 62, 118, 185, 289, 329, 340, 408, 502, 558, 656, 715, 779, 857, 936], [6, 66, 104, 189, 225, 422, 454, 463, 520, 561, 570, 588, 590, 755, 760, 779, 917, 961, 977], [79, 83, 91, 152, 241, 243, 293, 325, 343, 380, 435, 456, 505, 508, 571, 622, 634, 690, 696, 756, 796, 807, 810, 821, 835, 919, 930, 947, 960, 978, 982, 997], [10, 14, 19, 66, 82, 117, 177, 231, 238, 323, 369, 428, 442, 463, 479, 503, 557, 567, 593, 598, 610, 690, 693, 714, 716, 717, 764, 768, 825, 831, 832, 833, 875, 904, 908, 910, 928, 932, 935, 953, 964, 974, 978, 986, 989, 996], [6, 7, 17, 121, 193, 196, 288, 318, 340, 424, 484, 634, 712, 755, 774, 775, 794, 857, 858, 872, 876, 908, 924, 961, 970], [90, 95, 130, 136, 247, 285, 291, 420, 535, 595, 604, 629, 668, 676, 689, 706, 898], [3, 24, 34, 132, 153, 195, 270, 295, 505, 768], [7, 13, 129, 165, 209, 216, 231, 251, 307, 453, 582, 615, 618, 650], [4, 10, 14, 16, 74, 77, 196, 231, 266, 310, 340, 391, 442, 449, 545, 567, 598, 615, 655, 714, 716, 755, 768, 777, 792, 831, 832, 835, 855, 862, 864, 899, 910, 914, 929, 936, 943, 949, 953, 958, 966, 973, 978, 986, 987, 988, 991, 998], [32, 67, 68, 111, 133, 174, 211, 221, 268, 366, 382, 457], [57, 91, 95, 126, 149, 200, 218, 415, 433, 486, 497, 538, 602, 639, 758, 766, 778, 802, 841, 974], [1, 86, 116, 191, 230, 255, 290, 331, 356, 467, 540, 569, 599, 635, 644, 753, 755, 847, 908], [5, 60, 127, 282, 302, 348, 357, 912, 924, 970], [7, 14, 79, 94, 117, 134, 146, 149, 152, 224, 359, 428, 432, 442, 456, 470, 575, 585, 608, 615, 636, 652, 690, 693, 726, 823, 832, 850, 855, 873, 879, 888, 903, 904, 910, 914, 917, 919, 926, 944, 945, 956, 967, 992, 997], [35, 76, 135, 137, 258, 280, 305, 391, 414, 477, 499, 879], [87, 101, 102, 240, 256, 310, 421, 476, 500, 584, 678, 679, 735, 751, 762, 779, 857, 862, 917], [84, 188, 208, 253, 316, 346, 451, 453, 534, 607, 643, 661, 669, 688, 690, 721, 761, 763, 812, 978], [41, 45, 79, 91, 95, 110, 152, 226, 334, 395, 441, 444, 495, 560, 573, 585, 587, 615, 716, 733, 795, 805, 828, 835, 899, 912, 982, 997], [79, 110, 117, 145, 152, 241, 254, 268, 313, 325, 340, 371, 438, 442, 463, 505, 527, 555, 567, 585, 598, 634, 690, 693, 702, 716, 741, 748, 768, 800, 804, 815, 828, 835, 880, 904, 910, 912, 921, 935, 953, 974, 982, 986], [4, 6, 16, 30, 92, 196, 310, 315, 372, 379, 450, 463, 485, 490, 509, 551, 562, 584, 615, 787, 810, 855, 862, 890, 905, 958, 991], [10, 58, 98, 125, 201, 207, 241, 250, 264, 272, 437, 523, 597, 621, 631, 638, 650, 670, 736, 747, 752, 811, 847, 863, 893, 929], [4, 10, 14, 66, 117, 142, 214, 231, 244, 268, 306, 351, 384, 398, 400, 442, 461, 464, 556, 557, 562, 567, 594, 605, 714, 764, 768, 791, 792, 816, 831, 874, 902, 907, 910, 927, 936, 937, 943, 953, 958, 973, 984, 986, 994, 999], [7, 64, 91, 104, 212, 342, 390, 442, 481, 482, 548, 552, 693, 723, 755, 857, 885, 917, 982], [197, 227, 267, 365, 453, 456, 525, 619, 626, 634, 680, 686, 745, 780, 801, 814, 828, 837, 841, 842, 847, 885, 929, 977]]
print random_nodes: [[258], [797], [394], [19], [950], [184], [656], [580], [262], [48], [919], [811], [948], [510], [37], [314], [774], [549], [177], [648], [185], [741], [594], [392], [476], [114], [864], [140], [858], [468], [63], [6]]
args__________ ([[258]],)
args__________ ([[797]],)
args__________ ([[394]],)
args__________ ([[19]],)
args__________ ([[950]],)
args__________ ([[184]],)
args__________ ([[656]],)
args__________ ([[580]],)
args__________ ([[262]],)
args__________ ([[48]],)
args__________ ([[919]],)
args__________ ([[811]],)
args__________ ([[948]],)
args__________ ([[510]],)
args__________ ([[37]],)
args__________ ([[314]],)
args__________ ([[774]],)
args__________ ([[549]],)
args__________ ([[177]],)
args__________ ([[648]],)
args__________ ([[185]],)
args__________ ([[741]],)
args__________ ([[594]],)
args__________ ([[392]],)
args__________ ([[476]],)
args__________ ([[114]],)
args__________ ([[864]],)
args__________ ([[140]],)
args__________ ([[858]],)
args__________ ([[468]],)
args__________ ([[63]],)
args__________ ([[6]],)
finish process_num processes get single node nature community___________________
length of left_nodes_list__________:  644
print random_nodes: [[857], [677], [209], [764], [398], [667], [686], [545], [542], [415], [873], [485], [222], [560], [159], [241], [283], [282], [191], [265], [847], [742], [94], [690], [781], [95], [635], [379], [609], [434], [618], [867]]
args__________ ([[857]],)
args__________ ([[677]],)
args__________ ([[209]],)
args__________ ([[764]],)
args__________ ([[398]],)
args__________ ([[667]],)
args__________ ([[686]],)
args__________ ([[545]],)
args__________ ([[542]],)
args__________ ([[415]],)
args__________ ([[873]],)
args__________ ([[485]],)
args__________ ([[222]],)
args__________ ([[560]],)
args__________ ([[159]],)
args__________ ([[241]],)
args__________ ([[283]],)
args__________ ([[282]],)
args__________ ([[191]],)
args__________ ([[265]],)
args__________ ([[847]],)
args__________ ([[742]],)
args__________ ([[94]],)
args__________ ([[690]],)
args__________ ([[781]],)
args__________ ([[95]],)
args__________ ([[635]],)
args__________ ([[379]],)
args__________ ([[609]],)
args__________ ([[434]],)
args__________ ([[618]],)
args__________ ([[867]],)
finish process_num processes get single node nature community___________________
length of left_nodes_list__________:  428
print random_nodes: [[908], [575], [193], [121], [106], [4], [161], [833], [381], [685], [813], [612], [311], [977], [716], [939], [732], [567], [840], [834], [823], [827], [964], [683], [851], [979], [110], [936], [489], [934], [583], [325]]
args__________ ([[908]],)
args__________ ([[575]],)
args__________ ([[193]],)
args__________ ([[121]],)
args__________ ([[106]],)
args__________ ([[4]],)
args__________ ([[161]],)
args__________ ([[833]],)
args__________ ([[381]],)
args__________ ([[685]],)
args__________ ([[813]],)
args__________ ([[612]],)
args__________ ([[311]],)
args__________ ([[977]],)
args__________ ([[716]],)
args__________ ([[939]],)
args__________ ([[732]],)
args__________ ([[567]],)
args__________ ([[840]],)
args__________ ([[834]],)
args__________ ([[823]],)
args__________ ([[827]],)
args__________ ([[964]],)
args__________ ([[683]],)
args__________ ([[851]],)
args__________ ([[979]],)
args__________ ([[110]],)
args__________ ([[936]],)
args__________ ([[489]],)
args__________ ([[934]],)
args__________ ([[583]],)
args__________ ([[325]],)
finish process_num processes get single node nature community___________________
length of left_nodes_list__________:  284
print random_nodes: [[639], [482], [480], [321], [841], [918], [955], [759], [514], [831], [861], [958], [572], [978], [351], [927], [946], [537], [856], [439], [142], [40], [943], [923], [922], [655], [878], [992], [870], [456], [136], [825]]
args__________ ([[639]],)
args__________ ([[482]],)
args__________ ([[480]],)
args__________ ([[321]],)
args__________ ([[841]],)
args__________ ([[918]],)
args__________ ([[955]],)
args__________ ([[759]],)
args__________ ([[514]],)
args__________ ([[831]],)
args__________ ([[861]],)
args__________ ([[958]],)
args__________ ([[572]],)
args__________ ([[978]],)
args__________ ([[351]],)
args__________ ([[927]],)
args__________ ([[946]],)
args__________ ([[537]],)
args__________ ([[856]],)
args__________ ([[439]],)
args__________ ([[142]],)
args__________ ([[40]],)
args__________ ([[943]],)
args__________ ([[923]],)
args__________ ([[922]],)
args__________ ([[655]],)
args__________ ([[878]],)
args__________ ([[992]],)
args__________ ([[870]],)
args__________ ([[456]],)
args__________ ([[136]],)
args__________ ([[825]],)
finish process_num processes get single node nature community___________________
length of left_nodes_list__________:  146
print random_nodes: [[610], [835], [693], [982], [879], [681], [426], [689], [471], [949], [839], [196], [912], [889], [845], [952], [998], [107], [443], [556], [855], [997], [706], [894], [989], [929], [160], [595], [961], [714], [727], [905]]
args__________ ([[610]],)
args__________ ([[835]],)
args__________ ([[693]],)
args__________ ([[982]],)
args__________ ([[879]],)
args__________ ([[681]],)
args__________ ([[426]],)
args__________ ([[689]],)
args__________ ([[471]],)
args__________ ([[949]],)
args__________ ([[839]],)
args__________ ([[196]],)
args__________ ([[912]],)
args__________ ([[889]],)
args__________ ([[845]],)
args__________ ([[952]],)
args__________ ([[998]],)
args__________ ([[107]],)
args__________ ([[443]],)
args__________ ([[556]],)
args__________ ([[855]],)
args__________ ([[997]],)
args__________ ([[706]],)
args__________ ([[894]],)
args__________ ([[989]],)
args__________ ([[929]],)
args__________ ([[160]],)
args__________ ([[595]],)
args__________ ([[961]],)
args__________ ([[714]],)
args__________ ([[727]],)
args__________ ([[905]],)
finish process_num processes get single node nature community___________________
length of left_nodes_list__________:  79
print random_nodes: [[310], [885], [699], [960], [369], [935], [779], [995], [463], [962], [914], [117], [981], [666], [986], [862], [584], [917], [983], [728], [694], [973], [966], [810], [951], [792], [988], [937], [860], [387], [897], [987]]
args__________ ([[310]],)
args__________ ([[885]],)
args__________ ([[699]],)
args__________ ([[960]],)
args__________ ([[369]],)
args__________ ([[935]],)
args__________ ([[779]],)
args__________ ([[995]],)
args__________ ([[463]],)
args__________ ([[962]],)
args__________ ([[914]],)
args__________ ([[117]],)
args__________ ([[981]],)
args__________ ([[666]],)
args__________ ([[986]],)
args__________ ([[862]],)
args__________ ([[584]],)
args__________ ([[917]],)
args__________ ([[983]],)
args__________ ([[728]],)
args__________ ([[694]],)
args__________ ([[973]],)
args__________ ([[966]],)
args__________ ([[810]],)
args__________ ([[951]],)
args__________ ([[792]],)
args__________ ([[988]],)
args__________ ([[937]],)
args__________ ([[860]],)
args__________ ([[387]],)
args__________ ([[897]],)
args__________ ([[987]],)
finish process_num processes get single node nature community___________________
length of left_nodes_list__________:  28
print random_nodes: [[974], [505], [910], [924], [503], [899], [991], [953], [898], [832], [428], [231], [828], [768], [902], [400], [585], [598], [557], [904], [650], [615], [562], [921], [92], [755], [970], [442]]
args__________ ([[974]],)
args__________ ([[505]],)
args__________ ([[910]],)
args__________ ([[924]],)
args__________ ([[503]],)
args__________ ([[899]],)
args__________ ([[991]],)
args__________ ([[953]],)
args__________ ([[898]],)
args__________ ([[832]],)
args__________ ([[428]],)
args__________ ([[231]],)
args__________ ([[828]],)
args__________ ([[768]],)
args__________ ([[902]],)
args__________ ([[400]],)
args__________ ([[585]],)
args__________ ([[598]],)
args__________ ([[557]],)
args__________ ([[904]],)
args__________ ([[650]],)
args__________ ([[615]],)
args__________ ([[562]],)
args__________ ([[921]],)
args__________ ([[92]],)
args__________ ([[755]],)
args__________ ([[970]],)
args__________ ([[442]],)
finish process_num processes get single node nature community___________________
length of left_nodes_list__________:  0
commplete get_all_nature_community, length:  220
after deal_communities, length:______________ 168
fits_dic 168
above ave fitness communities 80 [0.3670886075949367, 0.47435897435897434, 0.44, 0.378698224852071, 0.474025974025974, 0.37857142857142856, 0.4425087108013937, 0.3949843260188088, 0.3600605143721634, 0.3304042179261863, 0.4626334519572954, 0.42105263157894735, 0.3387096774193548, 0.4607329842931937, 0.36429872495446264, 0.39111111111111113, 0.3815789473684211, 0.3062645011600928, 0.33840304182509506, 0.3688888888888889, 0.46153846153846156, 0.3904382470119522, 0.3922518159806295, 0.4271047227926078, 0.41509433962264153, 0.35514018691588783, 0.3510204081632653, 0.3208955223880597, 0.3813559322033898, 0.41346153846153844, 0.34573304157549234, 0.3087971274685817, 0.33587786259541985, 0.345679012345679, 0.3964285714285714, 0.432258064516129, 0.305019305019305, 0.36363636363636365, 0.5060975609756098, 0.3281733746130031, 0.36162361623616235, 0.462882096069869, 0.462882096069869, 0.4423076923076923, 0.31061806656101426, 0.3291592128801431, 0.36108324974924777, 0.49710982658959535, 0.3862520458265139, 0.34686346863468637, 0.3120567375886525, 0.48695652173913045, 0.36363636363636365, 0.31978319783197834, 0.3122238586156112, 0.3123644251626898, 0.3407917383820998, 0.3187250996015936, 0.30656934306569344, 0.4732394366197183, 0.31527093596059114, 0.3492063492063492, 0.36503856041131105, 0.30881378396288933, 0.30174081237911027, 0.31528662420382164, 0.3192771084337349, 0.48627450980392156, 0.42700729927007297, 0.34202898550724636, 0.3137254901960784, 0.42452830188679247, 0.37894736842105264, 0.3384615384615385, 0.30824372759856633, 0.35294117647058826, 0.34951456310679613, 0.42424242424242425, 0.38848920863309355, 0.3092105263157895]
----------------------------------The detection result is: 

all communities: 
i =  1 : [16, 81, 89, 361, 378, 383, 399, 412, 660, 695, 710, 754, 797]
i =  2 : [75, 100, 217, 259, 386, 394, 397, 543, 623, 640, 662, 707, 746, 798]
i =  3 : [19, 169, 192, 205, 210, 215, 345, 411]
i =  4 : [17, 20, 37, 181, 219, 327, 355, 364, 377, 445, 458, 492, 516, 563, 580]
i =  5 : [56, 69, 141, 157, 245, 262, 344, 592, 611, 658, 704, 731, 773, 788]
i =  6 : [84, 188, 208, 253, 316, 346, 451, 534, 607, 643, 661, 669, 688, 721, 761, 763, 812, 919]
i =  7 : [58, 98, 125, 201, 207, 250, 264, 437, 523, 597, 621, 631, 638, 670, 736, 747, 752, 811, 863, 893]
i =  8 : [17, 20, 37, 181, 219, 327, 355, 364, 377, 445, 458, 492, 516, 563, 774]
i =  9 : [27, 38, 55, 71, 109, 162, 180, 182, 354, 401, 504, 524, 526, 531, 549, 586, 703, 785, 793, 826, 865, 869]
i =  10 : [83, 177, 243, 293, 343, 380, 435, 508, 571, 622, 696, 756, 796, 807, 821, 930, 947]
i =  11 : [87, 101, 102, 240, 256, 421, 476, 500, 678, 679, 735, 751, 762]
i =  12 : [73, 114, 249, 296, 512, 521, 529, 709, 713, 799, 806, 822, 882]
i =  13 : [17, 20, 37, 181, 219, 327, 355, 364, 377, 445, 458, 492, 516, 563, 858]
i =  14 : [32, 63, 67, 68, 111, 133, 174, 211, 221, 366, 382, 457]
i =  15 : [9, 70, 80, 123, 148, 173, 184, 319, 324, 339, 430, 447, 539, 617, 625, 641, 659, 729, 739, 857]
i =  16 : [149, 156, 179, 233, 308, 429, 459, 522, 566, 675, 677]
i =  17 : [3, 24, 34, 132, 153, 195, 270, 295, 398]
i =  18 : [5, 35, 60, 76, 127, 135, 137, 217, 258, 280, 282, 302, 305, 348, 357, 414, 477, 499, 667]
i =  19 : [181, 197, 227, 267, 365, 525, 619, 626, 680, 686, 745, 780, 801, 814, 837, 842]
i =  20 : [1, 86, 116, 157, 191, 230, 255, 290, 331, 356, 467, 540, 569, 599, 635, 644, 753, 847]
i =  21 : [94, 105, 168, 170, 228, 283, 385, 465, 547, 568, 576, 646, 719, 738, 786, 819, 824, 830]
i =  22 : [9, 70, 80, 123, 148, 173, 184, 319, 324, 339, 430, 447, 539, 617, 625, 641, 659, 690, 729, 739]
i =  23 : [1, 86, 95, 116, 191, 230, 255, 290, 331, 356, 444, 467, 540, 569, 599, 635, 644, 753]
i =  24 : [97, 103, 252, 312, 373, 403, 405, 434, 446, 511, 530, 541, 578, 657, 725, 817, 883, 901]
i =  25 : [31, 35, 76, 135, 137, 193, 258, 280, 305, 414, 477, 499]
i =  26 : [17, 36, 121, 193, 288, 318, 424, 484, 712, 774, 775, 794, 858, 872, 876]
i =  27 : [28, 63, 106, 198, 220, 234, 314, 326, 402, 404, 417, 438]
i =  28 : [48, 49, 55, 154, 161, 176, 229, 338, 515, 579, 613, 614]
i =  29 : [2, 33, 36, 138, 140, 206, 301, 337, 381, 413, 493, 517]
i =  30 : [35, 76, 135, 137, 258, 280, 305, 414, 477, 499, 685]
i =  31 : [35, 105, 109, 178, 213, 276, 389, 419, 494, 589, 663, 765, 770, 790, 803, 813]
i =  32 : [285, 291, 363, 367, 487, 533, 544, 565, 732, 750, 838, 849, 925, 933, 940, 941]
i =  33 : [5, 60, 127, 282, 302, 348, 357, 567]
i =  34 : [6, 42, 144, 341, 462, 489, 491, 691, 737, 743, 834, 836, 877, 931]
i =  35 : [3, 12, 24, 34, 43, 108, 132, 143, 153, 195, 270, 275, 295, 347, 374, 642, 645, 671, 687, 769, 827, 853, 868]
i =  36 : [106, 155, 175, 335, 425, 507, 632, 647, 683, 684, 701, 749, 808]
i =  37 : [51, 109, 178, 213, 276, 389, 419, 494, 583, 589, 663, 765, 770, 790, 803, 813]
i =  38 : [22, 112, 119, 122, 248, 304, 325, 376, 431]
i =  39 : [57, 126, 200, 218, 415, 433, 486, 497, 538, 602, 639, 758, 766, 778, 802]
i =  40 : [40, 113, 158, 263, 287, 299, 317, 321, 427, 616, 628, 698, 841]
i =  41 : [9, 70, 80, 123, 148, 173, 184, 319, 324, 339, 430, 447, 539, 617, 625, 641, 659, 729, 739, 759]
i =  42 : [124, 322, 352, 452, 514, 559, 572, 581, 596, 601, 630]
i =  43 : [124, 322, 352, 452, 514, 559, 572, 581, 596, 601, 630]
i =  44 : [2, 33, 36, 138, 140, 206, 301, 337, 413, 439, 493, 517]
i =  45 : [21, 142, 164, 197, 271, 284, 480, 583, 674, 700, 730, 783, 789, 870, 878, 887, 895, 909]
i =  46 : [28, 63, 79, 187, 198, 220, 234, 281, 286, 298, 314, 326, 336, 402, 404, 417, 483, 498, 532, 537, 603, 667, 820, 840, 843, 852, 859, 866, 922, 923, 938]
i =  47 : [94, 134, 146, 224, 359, 432, 470, 575, 608, 636, 652, 726, 823, 850, 873, 888, 903, 926, 944, 945, 956, 967, 992]
i =  48 : [35, 76, 135, 137, 258, 280, 305, 414, 456, 477, 499]
i =  49 : [27, 55, 136, 162, 180, 182, 275, 354, 401, 504, 524, 526, 531, 549, 586, 703, 785, 793, 826, 865, 869]
i =  50 : [2, 33, 36, 138, 140, 206, 301, 337, 413, 493, 517, 825]
i =  51 : [25, 46, 167, 190, 277, 360, 410, 693]
i =  52 : [7, 90, 130, 136, 247, 285, 291, 420, 535, 595, 604, 629, 668, 676, 689, 706]
i =  53 : [96, 104, 128, 196, 222, 242, 274, 297, 393, 409, 455, 478, 542]
i =  54 : [8, 15, 47, 62, 118, 185, 289, 329, 408, 502, 558, 656, 715, 845]
i =  55 : [59, 105, 168, 170, 228, 283, 385, 465, 547, 568, 576, 646, 719, 738, 786, 819, 824, 830, 952]
i =  56 : [41, 45, 136, 226, 334, 395, 441, 444, 495, 560, 573, 587, 706, 733, 795, 805]
i =  57 : [9, 70, 80, 123, 148, 173, 184, 319, 324, 339, 430, 447, 539, 617, 625, 641, 659, 729, 739, 929]
i =  58 : [83, 109, 178, 213, 276, 389, 419, 494, 589, 663, 727, 765, 770, 790, 803, 813]
i =  59 : [4, 6, 16, 30, 315, 372, 379, 450, 485, 490, 509, 551, 787, 890, 905]
i =  60 : [90, 130, 136, 247, 285, 291, 310, 420, 535, 595, 604, 629, 668, 676, 689, 706]
i =  61 : [29, 96, 131, 139, 163, 273, 278, 303, 320, 580, 627, 697, 699, 705, 757, 916, 920, 948]
i =  62 : [11, 23, 115, 159, 194, 261, 350, 369]
i =  63 : [41, 45, 226, 334, 395, 441, 444, 463, 495, 560, 573, 587, 733, 795, 805]
i =  64 : [16, 22, 59, 112, 119, 122, 248, 272, 304, 370, 376, 431, 473, 488, 666, 681, 694, 728, 742, 767, 772, 818, 860, 897, 913, 934, 952, 959, 971, 972, 979, 981, 983]
i =  65 : [109, 178, 213, 276, 389, 419, 494, 589, 663, 666, 765, 770, 790, 803, 813]
i =  66 : [9, 70, 80, 123, 126, 148, 173, 184, 319, 324, 339, 430, 447, 539, 617, 625, 641, 659, 729, 739, 862]
i =  67 : [25, 46, 167, 190, 277, 360, 370, 391, 410, 473, 488, 666, 681, 694, 728, 742, 767, 772, 818, 860, 897, 913, 934, 952, 959, 971, 972]
i =  68 : [20, 37, 181, 219, 327, 355, 364, 377, 445, 458, 492, 503, 516, 563]
i =  69 : [27, 55, 162, 180, 182, 231, 354, 401, 504, 524, 526, 531, 549, 586, 703, 785, 793, 826, 865, 869]
i =  70 : [8, 15, 47, 62, 118, 185, 289, 329, 408, 502, 558, 656, 715, 828]
i =  71 : [3, 24, 34, 92, 132, 153, 195, 270, 295, 768]
i =  72 : [128, 222, 242, 274, 297, 393, 409, 455, 478, 542, 585]
i =  73 : [72, 160, 166, 368, 426, 443, 471, 474, 550, 598]
i =  74 : [11, 23, 115, 159, 194, 261, 350, 557]
i =  75 : [35, 76, 135, 137, 258, 280, 305, 414, 477, 499, 904]
i =  76 : [18, 294, 349, 388, 396, 510, 528, 649, 650, 664]
i =  77 : [18, 294, 349, 388, 396, 510, 528, 615, 649, 664]
i =  78 : [48, 49, 92, 154, 176, 229, 338, 515, 579, 613, 614]
i =  79 : [1, 86, 116, 191, 230, 255, 290, 331, 356, 467, 540, 569, 599, 635, 644, 753, 755]
i =  80 : [18, 189, 225, 422, 442, 454, 520, 561, 570, 588, 590, 760]
overlapping nodes are:  [1, 2, 3, 5, 6, 8, 9, 11, 15, 16, 17, 18, 20, 22, 23, 24, 25, 27, 28, 33, 34, 35, 36, 37, 41, 45, 46, 47, 48, 49, 55, 59, 60, 62, 63, 70, 76, 80, 83, 86, 90, 92, 94, 96, 105, 106, 109, 112, 115, 116, 118, 119, 122, 123, 124, 126, 127, 128, 130, 132, 135, 136, 137, 138, 140, 148, 153, 154, 157, 159, 162, 167, 168, 170, 173, 176, 178, 180, 181, 182, 184, 185, 190, 191, 193, 194, 195, 197, 198, 206, 213, 217, 219, 220, 222, 226, 228, 229, 230, 234, 242, 247, 248, 255, 258, 261, 270, 274, 275, 276, 277, 280, 282, 283, 285, 289, 290, 291, 294, 295, 297, 301, 302, 304, 305, 314, 319, 322, 324, 326, 327, 329, 331, 334, 337, 338, 339, 348, 349, 350, 352, 354, 355, 356, 357, 360, 364, 370, 376, 377, 385, 388, 389, 393, 395, 396, 401, 402, 404, 408, 409, 410, 413, 414, 417, 419, 420, 430, 431, 441, 444, 445, 447, 452, 455, 458, 465, 467, 473, 477, 478, 488, 492, 493, 494, 495, 499, 502, 504, 510, 514, 515, 516, 517, 524, 526, 528, 531, 535, 539, 540, 542, 547, 549, 558, 559, 560, 563, 568, 569, 572, 573, 576, 579, 580, 581, 583, 586, 587, 589, 595, 596, 599, 601, 604, 613, 614, 617, 625, 629, 630, 635, 641, 644, 646, 649, 656, 659, 663, 664, 666, 667, 668, 676, 681, 689, 694, 703, 706, 715, 719, 728, 729, 733, 738, 739, 742, 753, 765, 767, 770, 772, 774, 785, 786, 790, 793, 795, 803, 805, 813, 818, 819, 824, 826, 830, 858, 860, 865, 869, 897, 913, 934, 952, 959, 971, 972] 
 NOO is:  287
total time is:  191.540349007
