lens of ground_truth:  66
ground_truth is: [[8, 13, 191, 193, 205, 220, 274, 279, 345, 441, 518, 521, 554, 576, 634, 658, 697, 700, 707, 709, 734, 759, 794, 847, 860, 879, 905, 940, 947, 967, 973, 976, 980, 981, 983], [61, 185, 199, 220, 236, 398, 405, 432, 467, 486, 497, 521, 537, 596, 642, 657, 706, 709, 730, 733, 763, 791, 794, 800, 806, 853, 879, 904, 936, 967, 992], [61, 90, 99, 220, 279, 323, 488, 497, 518, 669, 697, 700, 709, 739, 755, 759, 794, 823, 849, 859, 871, 879, 881, 917, 923, 933, 936, 942, 944, 950, 957, 967, 973, 977, 980, 991, 992], [25, 42, 61, 339, 377, 405, 501, 549, 626, 647, 665, 697, 713, 731, 741, 768, 774, 793, 881, 938], [170, 236, 292, 320, 336, 431, 432, 567, 617, 678, 709, 736, 744, 754, 780, 861, 881, 902, 938, 985, 988], [8, 25, 34, 61, 121, 150, 163, 185, 279, 323, 383, 410, 429, 457, 497, 518, 521, 574, 605, 606, 618, 658, 661, 676, 726, 730, 759, 764, 783, 791, 794, 839, 846, 852, 865, 879, 894, 901, 920, 936, 948, 958, 967, 973, 979, 980, 982, 988, 989], [10, 24, 34, 99, 134, 148, 150, 213, 226, 236, 399, 434, 537, 542, 578, 652, 677, 710, 762, 791, 835, 880, 897, 902, 907, 910, 987, 1000], [31, 110, 269, 273, 285, 333, 353, 373, 398, 445, 497, 704, 783, 948], [1, 82, 250, 253, 274, 310, 326, 367, 437, 456, 461, 516, 520, 599, 936], [10, 60, 183, 379, 396, 463, 513, 556, 582, 642, 675, 679, 705, 731, 773, 777, 791, 811, 825, 843, 848, 879, 899, 905, 973, 988], [8, 67, 104, 247, 370, 439, 463, 479, 579, 595, 597, 603, 604, 620, 623, 694, 723, 731, 741, 749, 771, 776, 857, 861, 902, 988], [22, 51, 127, 191, 223, 256, 273, 301, 474, 561, 571, 704, 741, 777, 851, 935], [17, 57, 173, 233, 259, 299, 370, 407, 416, 417, 419, 549, 623, 697, 718, 733, 784, 788, 837, 845, 846, 850, 944, 973], [35, 41, 49, 69, 146, 153, 158, 261, 346, 355, 518, 550, 733], [34, 61, 90, 120, 150, 185, 191, 227, 236, 246, 277, 321, 323, 394, 398, 400, 405, 409, 432, 445, 497, 521, 542, 572, 618, 656, 661, 700, 702, 726, 730, 747, 759, 783, 795, 801, 803, 817, 839, 852, 861, 905, 938, 948, 980, 994, 997], [107, 182, 204, 290, 369, 405, 463, 466, 521, 549, 590, 611, 618, 687, 697, 709, 724, 779, 791, 798, 803, 858, 898, 915, 967, 985, 988], [10, 61, 174, 322, 400, 435, 440, 476, 521, 618, 627, 710, 718, 852, 944], [34, 61, 90, 113, 117, 185, 191, 198, 234, 246, 296, 374, 387, 497, 518, 536, 573, 618, 656, 658, 661, 688, 701, 730, 759, 770, 790, 794, 809, 822, 827, 834, 838, 839, 846, 905, 936, 970, 987], [19, 36, 93, 117, 209, 281, 344, 401, 487, 646, 688, 714, 718, 720, 726, 744, 778, 803, 813, 829, 830, 867, 879, 894, 902, 922, 938, 967, 987, 1000], [162, 172, 214, 274, 319, 356, 432, 442, 477, 491, 531, 642, 674, 988, 989], [90, 99, 150, 237, 246, 273, 323, 332, 345, 353, 363, 405, 445, 454, 485, 518, 546, 605, 642, 644, 656, 658, 661, 688, 700, 704, 711, 725, 726, 730, 777, 780, 783, 805, 832, 838, 839, 852, 861, 881, 905, 912, 925, 938, 944, 971, 974, 989], [16, 83, 84, 203, 305, 349, 371, 415, 445, 534, 586, 588, 614, 671, 709, 880], [25, 119, 137, 179, 278, 294, 450, 537, 542, 642, 681, 700, 710, 718, 745, 765, 791, 802, 870, 876, 878, 880, 902, 907, 919, 926, 935, 987], [90, 111, 167, 183, 272, 273, 314, 323, 350, 351, 414, 483, 591, 674, 899], [27, 125, 126, 133, 183, 287, 353, 375, 537, 542, 581, 655, 674, 725, 733, 775, 804, 851, 856, 872, 877, 880, 889, 899, 903, 907, 908, 935, 954, 955, 969, 987, 988, 1000], [56, 61, 99, 117, 150, 154, 191, 230, 232, 246, 257, 347, 361, 398, 445, 507, 542, 572, 584, 612, 618, 658, 663, 697, 700, 726, 744, 759, 782, 787, 794, 839, 840, 852, 879, 881, 884, 930, 935, 936, 948, 962, 965, 978], [74, 124, 136, 139, 151, 190, 197, 225, 241, 293, 348, 400, 446, 506, 526], [45, 183, 185, 251, 282, 286, 352, 370, 388, 465, 469, 493, 518, 552, 605, 709, 741, 780, 821, 842, 846, 861, 881, 895, 902, 911, 951, 952, 976, 980], [48, 94, 114, 147, 155, 216, 254, 340, 345, 405], [25, 77, 99, 138, 176, 264, 353, 358, 402, 403, 487, 503, 512, 522, 572, 608, 623, 682, 684, 704, 708, 710, 772, 791, 808, 816, 839, 880, 894, 907, 921, 934, 940, 975, 985, 987, 989, 995, 999, 1000], [32, 103, 117, 166, 185, 220, 262, 273, 302, 323, 405, 470, 585, 600, 630, 693, 718, 731, 737, 750, 818, 854, 1000], [10, 25, 34, 35, 122, 189, 195, 236, 246, 365, 443, 445, 448, 457, 487, 537, 538, 564, 605, 623, 661, 674, 710, 726, 738, 761, 780, 846, 851, 861, 875, 899, 907, 918, 938, 976, 985, 987, 992, 1000], [8, 50, 52, 53, 66, 220, 291, 385, 430, 509, 537, 618, 803, 944], [34, 90, 99, 150, 164, 191, 279, 307, 323, 345, 398, 457, 463, 572, 642, 656, 658, 688, 700, 704, 725, 727, 730, 759, 777, 783, 800, 820, 828, 838, 852, 861, 902, 905, 909, 924, 948, 968, 971, 986, 989], [20, 35, 54, 95, 177, 236, 325, 341, 398, 458, 463, 487, 537, 542, 613, 642, 654, 662, 674, 733, 803, 824, 846, 851, 866, 893, 899, 907, 931, 936, 937, 972, 976, 984], [100, 129, 131, 185, 219, 265, 274, 279, 280, 380, 517, 544, 566, 580, 605, 636, 638, 769, 815, 851, 936, 967, 973], [92, 96, 169, 192, 207, 229, 230, 267, 268, 273, 311, 313, 342, 741], [75, 178, 202, 230, 274, 308, 312, 362, 418, 487, 519, 616, 641, 666, 689, 731, 881, 1000], [8, 10, 35, 115, 117, 150, 156, 217, 390, 398, 424, 436, 445, 489, 543, 555, 572, 642, 661, 664, 670, 683, 715, 725, 726, 731, 800, 803, 839, 861, 863, 883, 888, 894, 902, 906, 935, 959, 966, 976, 987, 1000], [59, 63, 160, 185, 284, 464, 502, 563, 570, 601, 602, 718, 777, 851], [12, 47, 161, 191, 249, 275, 306, 331, 413, 444, 460, 530, 553, 659, 992], [25, 35, 90, 300, 323, 324, 370, 432, 463, 494, 535, 548, 558, 568, 607, 623, 648, 656, 710, 719, 733, 741, 786, 826, 836, 874, 880, 892, 907, 913, 929, 941, 985, 992], [8, 35, 128, 183, 220, 433, 521, 527, 549, 672, 673, 697, 709, 744, 780, 796, 799, 831, 841, 855, 869, 880, 967, 973, 980], [5, 6, 220, 289, 381, 420, 449, 524, 539, 623, 851, 948, 989], [3, 34, 55, 171, 196, 242, 327, 378, 438, 471, 497, 894], [9, 236, 412, 428, 447, 453, 457, 496, 510, 515, 549, 618, 992], [18, 21, 201, 334, 372, 376, 427, 432, 499, 545, 549, 632, 640, 651, 658, 668, 699, 938, 976], [38, 43, 149, 150, 187, 395, 400, 408, 656, 783, 846], [46, 85, 186, 252, 258, 298, 317, 370, 426, 475, 528, 529, 557, 615, 625, 735, 744, 751, 777, 781, 803, 985], [117, 180, 183, 246, 263, 273, 274, 318, 393, 484, 487, 514, 521, 560, 575, 592, 594, 623, 631, 718, 759, 777, 789, 844, 886, 891, 900, 928, 939, 945, 946, 960], [108, 141, 230, 255, 274, 279, 329, 389, 400, 497, 504, 547, 583, 605, 622, 635, 674, 688, 728, 746, 767, 792, 794, 810, 879, 896, 940, 944, 956, 961, 973], [30, 78, 230, 315, 404, 432, 472, 481, 492, 495, 498, 551, 637, 692, 743, 752, 800, 838, 935], [10, 35, 109, 112, 143, 246, 248, 279, 328, 345, 353, 386, 405, 411, 445, 457, 605, 624, 656, 686, 688, 691, 718, 725, 733, 800, 873, 887, 890, 894, 899, 905, 940, 949, 971, 985, 989, 993], [81, 116, 117, 183, 200, 273, 357, 370, 400, 462, 468, 480, 487, 542, 623, 643, 661, 696, 716, 722, 741, 744, 756, 791, 803, 846, 851, 881, 938, 944, 976, 992], [68, 105, 132, 159, 183, 188, 228, 271, 370, 478, 482, 569, 577, 629, 653, 690, 717, 729, 731, 797, 812, 833], [64, 89, 117, 152, 240, 245, 382, 384, 400, 459, 500, 511, 523, 549, 628, 650, 685, 698, 710, 712, 731, 740, 748, 864, 885, 980], [4, 10, 34, 70, 86, 99, 102, 231, 246, 345, 353, 421, 422, 425, 457, 518, 542, 562, 572, 587, 609, 649, 656, 658, 660, 661, 688, 700, 704, 721, 725, 783, 800, 814, 838, 839, 852, 868, 894, 905, 916, 940, 948, 953, 963, 971, 990, 998], [7, 10, 25, 29, 35, 44, 238, 303, 338, 345, 353, 364, 463, 487, 610, 674, 704, 710, 725, 732, 733, 766, 780, 785, 807, 838, 899, 907, 927, 940, 943, 971, 976, 985], [11, 14, 23, 26, 76, 98, 130, 212, 215, 304, 335, 345, 353, 397, 423, 457, 463, 490, 505, 549, 593, 605, 725, 753, 777, 780, 800, 838, 880, 882, 899, 940, 948, 964, 971, 980], [8, 39, 73, 97, 140, 218, 230, 279, 316, 366, 392, 451, 473, 533, 559, 598, 619, 741, 744, 760, 935], [71, 90, 99, 106, 118, 144, 191, 221, 224, 236, 239, 260, 274, 283, 337, 359, 368, 398, 406, 457, 508, 541, 572, 621, 633, 674, 688, 704, 726, 730, 744, 780, 783, 800, 852, 862, 914, 932, 940, 971, 989, 996], [25, 37, 58, 101, 157, 210, 222, 297, 400, 455, 565, 589, 639, 794, 992], [15, 28, 40, 72, 184, 235, 243, 276, 354, 944], [2, 8, 62, 65, 80, 123, 145, 165, 175, 194, 220, 230, 244, 295, 309, 525, 532, 572, 697, 838, 935], [79, 88, 135, 142, 181, 208, 211, 288, 330, 343, 370, 391, 432, 667, 680, 695, 988], [33, 87, 91, 168, 206, 230, 266, 270, 360, 452, 537, 540, 645, 703, 730, 742, 757, 758, 819, 894, 971]]
print random_nodes: [[101], [994], [70], [722], [455], [854], [142], [562], [389], [938], [144], [368], [20], [410], [490], [660], [687], [503], [570], [911], [32], [264], [559], [23], [846], [174], [435], [38], [374], [313], [700], [198]]
args__________ ([[101]],)
args__________ ([[994]],)
args__________ ([[70]],)
args__________ ([[722]],)
args__________ ([[455]],)
args__________ ([[854]],)
args__________ ([[142]],)
args__________ ([[562]],)
args__________ ([[389]],)
args__________ ([[938]],)
args__________ ([[144]],)
args__________ ([[368]],)
args__________ ([[20]],)
args__________ ([[410]],)
args__________ ([[490]],)
args__________ ([[660]],)
args__________ ([[687]],)
args__________ ([[503]],)
args__________ ([[570]],)
args__________ ([[911]],)
args__________ ([[32]],)
args__________ ([[264]],)
args__________ ([[559]],)
args__________ ([[23]],)
args__________ ([[846]],)
args__________ ([[174]],)
args__________ ([[435]],)
args__________ ([[38]],)
args__________ ([[374]],)
args__________ ([[313]],)
args__________ ([[700]],)
args__________ ([[198]],)
finish process_num processes get single node nature community___________________
length of left_nodes_list__________:  709
print random_nodes: [[475], [74], [355], [822], [711], [893], [860], [300], [755], [499], [958], [975], [832], [367], [981], [513], [861], [345], [961], [744], [710], [792], [223], [182], [751], [632], [53], [950], [466], [446], [706], [52]]
args__________ ([[475]],)
args__________ ([[74]],)
args__________ ([[355]],)
args__________ ([[822]],)
args__________ ([[711]],)
args__________ ([[893]],)
args__________ ([[860]],)
args__________ ([[300]],)
args__________ ([[755]],)
args__________ ([[499]],)
args__________ ([[958]],)
args__________ ([[975]],)
args__________ ([[832]],)
args__________ ([[367]],)
args__________ ([[981]],)
args__________ ([[513]],)
args__________ ([[861]],)
args__________ ([[345]],)
args__________ ([[961]],)
args__________ ([[744]],)
args__________ ([[710]],)
args__________ ([[792]],)
args__________ ([[223]],)
args__________ ([[182]],)
args__________ ([[751]],)
args__________ ([[632]],)
args__________ ([[53]],)
args__________ ([[950]],)
args__________ ([[466]],)
args__________ ([[446]],)
args__________ ([[706]],)
args__________ ([[52]],)
finish process_num processes get single node nature community___________________
length of left_nodes_list__________:  490
print random_nodes: [[966], [494], [798], [965], [907], [128], [709], [646], [574], [217], [204], [672], [978], [338], [655], [887], [918], [236], [383], [973], [940], [305], [1000], [183], [478], [745], [903], [228], [555], [844], [180], [353]]
args__________ ([[966]],)
args__________ ([[494]],)
args__________ ([[798]],)
args__________ ([[965]],)
args__________ ([[907]],)
args__________ ([[128]],)
args__________ ([[709]],)
args__________ ([[646]],)
args__________ ([[574]],)
args__________ ([[217]],)
args__________ ([[204]],)
args__________ ([[672]],)
args__________ ([[978]],)
args__________ ([[338]],)
args__________ ([[655]],)
args__________ ([[887]],)
args__________ ([[918]],)
args__________ ([[236]],)
args__________ ([[383]],)
args__________ ([[973]],)
args__________ ([[940]],)
args__________ ([[305]],)
args__________ ([[1000]],)
args__________ ([[183]],)
args__________ ([[478]],)
args__________ ([[745]],)
args__________ ([[903]],)
args__________ ([[228]],)
args__________ ([[555]],)
args__________ ([[844]],)
args__________ ([[180]],)
args__________ ([[353]],)
finish process_num processes get single node nature community___________________
length of left_nodes_list__________:  318
print random_nodes: [[647], [768], [573], [929], [226], [521], [723], [579], [891], [296], [835], [757], [637], [900], [717], [992], [606], [820], [463], [743], [770], [841], [607], [134], [577], [834], [749], [800], [993], [481], [758], [945]]
args__________ ([[647]],)
args__________ ([[768]],)
args__________ ([[573]],)
args__________ ([[929]],)
args__________ ([[226]],)
args__________ ([[521]],)
args__________ ([[723]],)
args__________ ([[579]],)
args__________ ([[891]],)
args__________ ([[296]],)
args__________ ([[835]],)
args__________ ([[757]],)
args__________ ([[637]],)
args__________ ([[900]],)
args__________ ([[717]],)
args__________ ([[992]],)
args__________ ([[606]],)
args__________ ([[820]],)
args__________ ([[463]],)
args__________ ([[743]],)
args__________ ([[770]],)
args__________ ([[841]],)
args__________ ([[607]],)
args__________ ([[134]],)
args__________ ([[577]],)
args__________ ([[834]],)
args__________ ([[749]],)
args__________ ([[800]],)
args__________ ([[993]],)
args__________ ([[481]],)
args__________ ([[758]],)
args__________ ([[945]],)
finish process_num processes get single node nature community___________________
length of left_nodes_list__________:  180
print random_nodes: [[957], [902], [741], [582], [36], [986], [859], [191], [725], [432], [892], [259], [943], [813], [487], [568], [307], [784], [535], [829], [548], [941], [99], [838], [982], [605], [323], [826], [705], [57], [324], [676]]
args__________ ([[957]],)
args__________ ([[902]],)
args__________ ([[741]],)
args__________ ([[582]],)
args__________ ([[36]],)
args__________ ([[986]],)
args__________ ([[859]],)
args__________ ([[191]],)
args__________ ([[725]],)
args__________ ([[432]],)
args__________ ([[892]],)
args__________ ([[259]],)
args__________ ([[943]],)
args__________ ([[813]],)
args__________ ([[487]],)
args__________ ([[568]],)
args__________ ([[307]],)
args__________ ([[784]],)
args__________ ([[535]],)
args__________ ([[829]],)
args__________ ([[548]],)
args__________ ([[941]],)
args__________ ([[99]],)
args__________ ([[838]],)
args__________ ([[982]],)
args__________ ([[605]],)
args__________ ([[323]],)
args__________ ([[826]],)
args__________ ([[705]],)
args__________ ([[57]],)
args__________ ([[324]],)
args__________ ([[676]],)
finish process_num processes get single node nature community___________________
length of left_nodes_list__________:  98
print random_nodes: [[656], [905], [806], [704], [865], [726], [398], [617], [803], [661], [791], [736], [567], [987], [852], [935], [25], [572], [542], [764], [697], [780], [794], [967], [497], [968], [880], [336], [851], [963], [894], [977]]
args__________ ([[656]],)
args__________ ([[905]],)
args__________ ([[806]],)
args__________ ([[704]],)
args__________ ([[865]],)
args__________ ([[726]],)
args__________ ([[398]],)
args__________ ([[617]],)
args__________ ([[803]],)
args__________ ([[661]],)
args__________ ([[791]],)
args__________ ([[736]],)
args__________ ([[567]],)
args__________ ([[987]],)
args__________ ([[852]],)
args__________ ([[935]],)
args__________ ([[25]],)
args__________ ([[572]],)
args__________ ([[542]],)
args__________ ([[764]],)
args__________ ([[697]],)
args__________ ([[780]],)
args__________ ([[794]],)
args__________ ([[967]],)
args__________ ([[497]],)
args__________ ([[968]],)
args__________ ([[880]],)
args__________ ([[336]],)
args__________ ([[851]],)
args__________ ([[963]],)
args__________ ([[894]],)
args__________ ([[977]],)
finish process_num processes get single node nature community___________________
length of left_nodes_list__________:  52
print random_nodes: [[777], [988], [537], [839], [718], [428], [991], [453], [920], [879], [370], [730], [759], [10], [989], [733], [976], [518], [688], [642], [515], [924], [273], [510], [944], [447], [618], [899], [936], [405], [948], [971]]
args__________ ([[777]],)
args__________ ([[988]],)
args__________ ([[537]],)
args__________ ([[839]],)
args__________ ([[718]],)
args__________ ([[428]],)
args__________ ([[991]],)
args__________ ([[453]],)
args__________ ([[920]],)
args__________ ([[879]],)
args__________ ([[370]],)
args__________ ([[730]],)
args__________ ([[759]],)
args__________ ([[10]],)
args__________ ([[989]],)
args__________ ([[733]],)
args__________ ([[976]],)
args__________ ([[518]],)
args__________ ([[688]],)
args__________ ([[642]],)
args__________ ([[515]],)
args__________ ([[924]],)
args__________ ([[273]],)
args__________ ([[510]],)
args__________ ([[944]],)
args__________ ([[447]],)
args__________ ([[618]],)
args__________ ([[899]],)
args__________ ([[936]],)
args__________ ([[405]],)
args__________ ([[948]],)
args__________ ([[971]],)
finish process_num processes get single node nature community___________________
length of left_nodes_list__________:  17
print random_nodes: [[674], [623], [985], [185], [942], [998], [901], [246], [230], [980], [457], [881], [979], [731], [279], [783], [549]]
args__________ ([[674]],)
args__________ ([[623]],)
args__________ ([[985]],)
args__________ ([[185]],)
args__________ ([[942]],)
args__________ ([[998]],)
args__________ ([[901]],)
args__________ ([[246]],)
args__________ ([[230]],)
args__________ ([[980]],)
args__________ ([[457]],)
args__________ ([[881]],)
args__________ ([[979]],)
args__________ ([[731]],)
args__________ ([[279]],)
args__________ ([[783]],)
args__________ ([[549]],)
finish process_num processes get single node nature community___________________
length of left_nodes_list__________:  0
commplete get_all_nature_community, length:  241
after deal_communities, length:______________ 187
fits_dic 187
above ave fitness communities 93 [0.45045045045045046, 0.3364485981308411, 0.43448275862068964, 0.3115942028985507, 0.34536082474226804, 0.39197530864197533, 0.3195739014647137, 0.3829787234042553, 0.36909871244635195, 0.324435318275154, 0.31711145996860285, 0.31680773881499397, 0.33539412673879443, 0.30701754385964913, 0.42962962962962964, 0.3241167434715822, 0.3217391304347826, 0.39050131926121373, 0.3161512027491409, 0.32867132867132864, 0.33371958285052145, 0.3830734966592428, 0.329608938547486, 0.43902439024390244, 0.40131578947368424, 0.3228454172366621, 0.4566929133858268, 0.32894736842105265, 0.3804347826086957, 0.42, 0.39622641509433965, 0.36054421768707484, 0.3563636363636364, 0.45692883895131087, 0.4168260038240918, 0.3274336283185841, 0.43373493975903615, 0.3073394495412844, 0.30526315789473685, 0.4295774647887324, 0.3651452282157676, 0.3867403314917127, 0.3234323432343234, 0.3274336283185841, 0.3310810810810811, 0.40823970037453183, 0.34552845528455284, 0.3333333333333333, 0.33210332103321033, 0.35634743875278396, 0.426890756302521, 0.36314363143631434, 0.39361702127659576, 0.3438320209973753, 0.357487922705314, 0.3910891089108911, 0.3340471092077088, 0.3209509658246657, 0.3719512195121951, 0.4172661870503597, 0.30985915492957744, 0.3700234192037471, 0.37735849056603776, 0.3977272727272727, 0.3853211009174312, 0.35121951219512193, 0.3215686274509804, 0.35233160621761656, 0.4318936877076412, 0.4444444444444444, 0.3313253012048193, 0.3485714285714286, 0.3446327683615819, 0.3464566929133858, 0.3197969543147208, 0.43097643097643096, 0.37606837606837606, 0.4409448818897638, 0.36585365853658536, 0.30864197530864196, 0.45555555555555555, 0.3728813559322034, 0.4050632911392405, 0.48314606741573035, 0.3333333333333333, 0.3157894736842105, 0.453125, 0.3625, 0.36129032258064514, 0.3153084539223153, 0.38028169014084506, 0.44280442804428044, 0.3176895306859206]
----------------------------------The detection result is: 

all communities: 
i =  1 : [32, 103, 166, 262, 302, 470, 585, 600, 630, 693, 737, 750, 818, 854]
i =  2 : [2, 62, 65, 80, 123, 145, 165, 175, 194, 244, 295, 309, 389, 525, 532]
i =  3 : [12, 47, 161, 249, 275, 306, 331, 410, 413, 444, 460, 530, 553, 659]
i =  4 : [92, 96, 169, 192, 207, 229, 267, 268, 311, 313, 342, 660]
i =  5 : [30, 79, 88, 107, 135, 142, 181, 208, 211, 288, 330, 343, 391, 667, 680, 687, 695]
i =  6 : [64, 89, 152, 240, 245, 382, 384, 459, 500, 503, 511, 523, 628, 650, 685, 698, 712, 740, 748, 864, 885]
i =  7 : [71, 106, 118, 144, 176, 221, 224, 239, 260, 264, 283, 337, 359, 368, 406, 508, 541, 621, 633, 862, 914, 932, 996]
i =  8 : [23, 111, 167, 272, 314, 350, 351, 414, 483, 591]
i =  9 : [59, 63, 160, 284, 374, 464, 502, 563, 570, 601, 602]
i =  10 : [100, 129, 131, 198, 219, 265, 280, 347, 380, 517, 544, 566, 580, 636, 638, 769, 815]
i =  11 : [20, 54, 95, 177, 325, 341, 458, 613, 654, 662, 824, 866, 893, 931, 937, 972, 984]
i =  12 : [27, 64, 89, 126, 152, 240, 245, 382, 384, 402, 459, 500, 511, 523, 628, 650, 685, 698, 712, 740, 748, 755, 864, 885]
i =  13 : [2, 62, 65, 77, 80, 123, 138, 145, 165, 175, 176, 194, 244, 264, 295, 309, 358, 402, 403, 503, 512, 522, 525, 532, 608, 682, 684, 708, 772, 808, 816, 921, 934, 975, 995, 999]
i =  14 : [15, 28, 40, 72, 184, 235, 243, 276, 354, 368, 513]
i =  15 : [48, 94, 114, 147, 155, 216, 254, 340, 345]
i =  16 : [38, 39, 43, 73, 97, 108, 140, 141, 187, 218, 255, 316, 329, 366, 389, 392, 395, 408, 451, 473, 504, 513, 527, 533, 547, 556, 559, 583, 598, 619, 622, 635, 728, 746, 760, 767, 792, 810, 896, 956, 961]
i =  17 : [162, 172, 214, 319, 356, 442, 477, 491, 531, 744]
i =  18 : [18, 21, 201, 334, 372, 376, 427, 499, 545, 632, 640, 651, 668, 699, 710]
i =  19 : [93, 108, 141, 174, 255, 322, 329, 389, 435, 440, 476, 504, 547, 583, 622, 627, 635, 728, 746, 767, 792, 810, 896, 956, 961]
i =  20 : [45, 182, 251, 282, 286, 352, 388, 465, 469, 493, 552, 821, 842, 895, 911, 951, 952]
i =  21 : [38, 43, 115, 149, 156, 187, 217, 390, 395, 408, 424, 436, 489, 543, 555, 664, 670, 683, 715, 863, 883, 888, 906, 959, 966]
i =  22 : [30, 107, 182, 204, 290, 369, 466, 590, 611, 687, 724, 779, 798, 858, 898, 915]
i =  23 : [2, 75, 178, 202, 308, 312, 362, 418, 519, 616, 641, 666, 689, 709]
i =  24 : [12, 47, 161, 249, 275, 306, 331, 413, 444, 460, 530, 553, 646, 659]
i =  25 : [74, 124, 136, 139, 151, 190, 197, 225, 241, 293, 348, 446, 506, 526, 574]
i =  26 : [47, 56, 154, 232, 257, 347, 361, 507, 584, 612, 663, 782, 787, 840, 884, 930, 962, 965, 978]
i =  27 : [48, 94, 114, 147, 155, 216, 236, 254, 340]
i =  28 : [18, 21, 201, 334, 372, 376, 383, 427, 439, 499, 545, 632, 640, 651, 668, 699]
i =  29 : [15, 28, 40, 72, 184, 235, 243, 271, 276, 354, 478]
i =  30 : [12, 47, 161, 249, 275, 306, 331, 413, 444, 460, 530, 553, 555, 659]
i =  31 : [59, 63, 160, 180, 284, 464, 502, 563, 570, 601, 602]
i =  32 : [41, 42, 339, 377, 501, 626, 647, 665, 713, 768, 774, 793]
i =  33 : [37, 58, 101, 157, 210, 222, 297, 455, 565, 573, 589, 639]
i =  34 : [74, 124, 136, 139, 151, 190, 197, 225, 241, 293, 348, 446, 506, 521, 526]
i =  35 : [67, 91, 104, 247, 439, 479, 579, 595, 597, 603, 604, 620, 694, 723, 749, 771, 776, 857]
i =  36 : [24, 134, 148, 213, 226, 399, 434, 578, 652, 677, 762, 835, 897, 910]
i =  37 : [68, 92, 96, 105, 132, 159, 169, 188, 192, 207, 228, 229, 267, 268, 271, 311, 313, 342, 478, 482, 569, 577, 629, 653, 690, 717, 729, 797, 812, 833]
i =  38 : [75, 79, 88, 135, 142, 181, 208, 211, 288, 330, 343, 391, 667, 680, 695, 992]
i =  39 : [48, 94, 114, 147, 155, 216, 254, 340, 606]
i =  40 : [74, 124, 136, 139, 151, 190, 197, 225, 241, 293, 348, 446, 506, 526, 820]
i =  41 : [68, 92, 96, 169, 192, 207, 229, 267, 268, 311, 313, 342, 463]
i =  42 : [5, 6, 30, 78, 289, 315, 381, 404, 420, 449, 472, 481, 492, 495, 498, 524, 539, 551, 637, 692, 743, 752]
i =  43 : [113, 120, 198, 234, 296, 374, 387, 536, 573, 701, 770, 790, 809, 822, 827, 834, 970]
i =  44 : [24, 134, 148, 213, 226, 399, 434, 578, 652, 677, 762, 835, 897, 910]
i =  45 : [20, 113, 198, 234, 296, 374, 387, 536, 573, 701, 770, 790, 809, 822, 827, 834, 970]
i =  46 : [67, 77, 104, 247, 439, 479, 579, 595, 597, 603, 604, 620, 694, 723, 749, 771, 776, 857]
i =  47 : [109, 112, 143, 248, 328, 386, 411, 624, 686, 691, 873, 887, 890, 949, 993]
i =  48 : [74, 124, 136, 139, 151, 167, 190, 197, 225, 241, 293, 348, 446, 506, 526, 902]
i =  49 : [27, 92, 96, 169, 192, 207, 229, 267, 268, 311, 313, 342, 741]
i =  50 : [17, 57, 173, 233, 259, 299, 407, 416, 417, 419, 582, 784, 788, 837, 845, 850]
i =  51 : [36, 64, 89, 152, 240, 245, 382, 384, 459, 500, 511, 523, 628, 650, 685, 698, 712, 740, 748, 864, 885]
i =  52 : [79, 88, 135, 142, 177, 181, 191, 208, 211, 288, 330, 343, 391, 527, 667, 680, 695]
i =  53 : [162, 172, 214, 319, 356, 432, 442, 477, 491, 531]
i =  54 : [102, 300, 324, 494, 535, 548, 558, 568, 607, 648, 719, 786, 826, 836, 874, 892, 913, 929, 941]
i =  55 : [7, 29, 44, 238, 303, 338, 364, 610, 732, 766, 785, 807, 927, 943]
i =  56 : [100, 129, 131, 219, 265, 280, 380, 487, 517, 544, 566, 580, 636, 638, 769, 815]
i =  57 : [100, 129, 131, 219, 265, 280, 380, 517, 544, 566, 568, 580, 636, 638, 769, 815]
i =  58 : [19, 36, 38, 43, 93, 149, 187, 209, 281, 344, 395, 401, 408, 646, 714, 720, 778, 813, 829, 830, 867, 922]
i =  59 : [1, 82, 250, 253, 310, 326, 367, 437, 456, 461, 516, 520, 548, 599]
i =  60 : [33, 87, 91, 99, 168, 206, 266, 270, 360, 452, 540, 645, 703, 742, 757, 758, 819]
i =  61 : [2, 62, 65, 80, 123, 145, 165, 175, 194, 244, 295, 309, 525, 532, 838]
i =  62 : [100, 129, 131, 219, 265, 280, 380, 517, 544, 566, 580, 605, 636, 638, 769, 815]
i =  63 : [60, 379, 396, 513, 556, 582, 675, 679, 705, 773, 811, 825, 843, 848]
i =  64 : [15, 28, 40, 57, 72, 184, 235, 243, 276, 299, 354]
i =  65 : [12, 47, 161, 249, 275, 306, 331, 413, 444, 460, 530, 553, 659, 676]
i =  66 : [22, 51, 127, 223, 256, 301, 474, 561, 571, 704]
i =  67 : [41, 49, 67, 69, 146, 153, 158, 261, 346, 355, 550, 726]
i =  68 : [15, 28, 40, 72, 184, 235, 243, 276, 354, 852]
i =  69 : [79, 88, 135, 142, 181, 208, 211, 288, 330, 343, 391, 572, 667, 680, 695]
i =  70 : [16, 83, 84, 203, 305, 349, 371, 415, 534, 542, 586, 588, 614, 671]
i =  71 : [2, 62, 65, 80, 123, 145, 165, 175, 194, 244, 295, 309, 525, 532, 697]
i =  72 : [1, 82, 250, 253, 310, 326, 367, 437, 456, 461, 516, 520, 599, 794]
i =  73 : [74, 124, 136, 139, 151, 190, 197, 225, 241, 293, 348, 446, 506, 526, 968]
i =  74 : [68, 92, 96, 169, 192, 207, 229, 267, 268, 311, 313, 336, 342]
i =  75 : [1, 82, 195, 250, 253, 310, 326, 367, 437, 456, 461, 516, 520, 599, 894]
i =  76 : [12, 47, 82, 161, 249, 275, 306, 331, 413, 444, 460, 530, 537, 553, 659]
i =  77 : [70, 79, 88, 135, 142, 181, 208, 211, 288, 330, 343, 391, 667, 680, 695, 718]
i =  78 : [9, 412, 428, 447, 453, 496, 510, 515]
i =  79 : [39, 73, 97, 140, 218, 316, 366, 392, 451, 473, 533, 559, 598, 619, 730, 760]
i =  80 : [18, 21, 137, 201, 334, 372, 376, 427, 499, 545, 632, 640, 651, 668, 699, 759]
i =  81 : [41, 49, 69, 146, 153, 158, 261, 346, 355, 518, 550]
i =  82 : [30, 78, 315, 404, 472, 481, 492, 495, 498, 551, 637, 688, 692, 743, 752]
i =  83 : [16, 83, 84, 203, 305, 349, 371, 415, 534, 586, 588, 614, 642, 671]
i =  84 : [92, 96, 169, 192, 207, 229, 267, 268, 273, 311, 313, 342]
i =  85 : [15, 28, 40, 72, 184, 235, 243, 276, 354, 944]
i =  86 : [79, 88, 135, 142, 181, 202, 208, 211, 288, 330, 343, 391, 667, 680, 695, 936]
i =  87 : [48, 94, 114, 147, 155, 216, 254, 340, 405]
i =  88 : [48, 94, 114, 147, 155, 216, 254, 340, 674]
i =  89 : [41, 49, 69, 146, 153, 158, 174, 185, 261, 322, 346, 355, 435, 440, 476, 550, 627]
i =  90 : [1, 4, 70, 82, 86, 102, 231, 250, 253, 310, 326, 367, 421, 422, 425, 437, 456, 461, 516, 520, 562, 587, 599, 609, 649, 660, 721, 814, 868, 916, 953, 963, 990, 998]
i =  91 : [2, 62, 65, 80, 123, 145, 165, 175, 194, 230, 244, 295, 309, 525, 532]
i =  92 : [68, 105, 132, 159, 188, 228, 271, 457, 478, 482, 569, 577, 629, 653, 690, 717, 729, 797, 812, 833]
i =  93 : [92, 96, 112, 169, 192, 207, 229, 267, 268, 311, 313, 342, 731]
overlapping nodes are:  [1, 2, 12, 15, 16, 18, 20, 21, 24, 27, 28, 30, 36, 38, 39, 40, 41, 43, 47, 48, 49, 57, 59, 62, 63, 64, 65, 67, 68, 69, 70, 72, 73, 74, 75, 77, 78, 79, 80, 82, 83, 84, 88, 89, 91, 92, 93, 94, 96, 97, 100, 102, 104, 105, 107, 108, 112, 113, 114, 123, 124, 129, 131, 132, 134, 135, 136, 139, 140, 141, 142, 145, 146, 147, 148, 149, 151, 152, 153, 155, 158, 159, 160, 161, 162, 165, 167, 169, 172, 174, 175, 176, 177, 181, 182, 184, 187, 188, 190, 192, 194, 197, 198, 201, 202, 203, 207, 208, 211, 213, 214, 216, 218, 219, 225, 226, 228, 229, 234, 235, 240, 241, 243, 244, 245, 247, 249, 250, 253, 254, 255, 261, 264, 265, 267, 268, 271, 275, 276, 280, 284, 288, 293, 295, 296, 299, 305, 306, 309, 310, 311, 313, 315, 316, 319, 322, 326, 329, 330, 331, 334, 340, 342, 343, 346, 347, 348, 349, 354, 355, 356, 366, 367, 368, 371, 372, 374, 376, 380, 382, 384, 387, 389, 391, 392, 395, 399, 402, 404, 408, 413, 415, 427, 434, 435, 437, 439, 440, 442, 444, 446, 451, 456, 459, 460, 461, 464, 472, 473, 476, 477, 478, 479, 481, 482, 491, 492, 495, 498, 499, 500, 502, 503, 504, 506, 511, 513, 516, 517, 520, 523, 525, 526, 527, 530, 531, 532, 533, 534, 536, 544, 545, 547, 548, 550, 551, 553, 555, 556, 559, 563, 566, 568, 569, 570, 573, 577, 578, 579, 580, 582, 583, 586, 588, 595, 597, 598, 599, 601, 602, 603, 604, 614, 619, 620, 622, 627, 628, 629, 632, 635, 636, 637, 638, 640, 646, 650, 651, 652, 653, 659, 660, 667, 668, 671, 677, 680, 685, 687, 690, 692, 694, 695, 698, 699, 701, 712, 717, 723, 728, 729, 740, 743, 746, 748, 749, 752, 760, 762, 767, 769, 770, 771, 776, 790, 792, 797, 809, 810, 812, 815, 822, 827, 833, 834, 835, 857, 864, 885, 896, 897, 910, 956, 961, 970] 
 NOO is:  345
total time is:  220.292063951
