setting... -N 1000
setting... -k 20
setting... -maxk 50
setting... -mu 0.1
setting... -t1 2
setting... -t2 1
setting... -minc 10
setting... -maxc 50
setting... -on 200
setting... -om 2

**************************************************************
number of nodes:	1000
average degree:	20
maximum degree:	50
exponent for the degree distribution:	2
exponent for the community size distribution:	1
mixing parameter:	0.1
number of overlapping nodes:	200
number of memberships of the overlapping nodes:	2
community size range set equal to [10 , 50]
**************************************************************

building communities... 
sorry, I need to change the degree distribution a little bit (one less link)
connecting communities... 
recording network...


---------------------------------------------------------------------------
network of 1000 vertices and 9642 edges;	 average degree = 19.284

average mixing parameter: 0.100647 +/- 0.0263178
p_in: 0.65775	p_out: 0.00554769


i =200: 
mutual3:	0.694142
