lens of ground_truth:  52
ground_truth is: [[15, 26, 80, 129, 144, 148, 286, 419, 567, 581, 586, 605, 613, 620, 662, 694, 742, 754, 763, 789, 793, 809, 819, 827, 828, 829, 837, 858, 868, 870, 908, 909, 910, 925, 942, 952, 959, 966, 985, 995, 997], [57, 70, 91, 100, 105, 160, 176, 182, 217, 342, 357, 373, 421, 469, 500, 514, 531, 540, 556, 562, 701, 722, 745, 832, 1000], [102, 140, 167, 207, 297, 335, 364, 371, 373, 409, 467, 525, 557, 599, 708, 710, 735, 768, 769, 781, 787, 823, 825, 831, 860, 862, 883, 898, 911, 919, 951, 973, 996], [43, 56, 155, 166, 215, 294, 374, 389, 414, 432, 521, 564, 569, 612, 627, 760, 790, 940, 990], [47, 66, 103, 126, 134, 331, 372, 412, 422, 790, 919], [9, 125, 132, 156, 240, 377, 386, 406, 489, 565, 607, 648, 653, 688, 726, 736, 743, 784, 788, 800, 811, 812, 822, 834, 845, 857, 863, 865, 891, 894, 901, 916, 926, 934, 944, 945, 957, 995, 1000], [40, 53, 106, 136, 142, 189, 218, 383, 836, 844, 854], [29, 37, 51, 153, 169, 325, 338, 363, 388, 427, 465, 467, 493, 542, 563, 668, 671, 753, 778, 797, 839, 892, 909], [20, 24, 187, 190, 225, 242, 244, 266, 295, 339, 423, 768, 939, 960], [137, 191, 212, 229, 272, 278, 304, 321, 332, 352, 474, 485, 543, 733, 853, 914], [67, 356, 362, 415, 450, 457, 484, 532, 536, 551, 569, 579, 625, 690, 762, 810, 850, 921, 930, 935, 968, 976], [23, 58, 210, 216, 276, 327, 337, 440, 490, 523, 547, 597, 617, 657, 659, 672, 879, 881, 895, 940], [71, 121, 131, 164, 220, 240, 249, 257, 280, 317, 318, 326, 386, 427, 435, 463, 525, 545, 550, 557, 596, 690, 717, 767, 773, 798, 799, 835, 841, 846, 863, 869, 873, 906, 931, 933, 938, 943, 961, 984, 988], [86, 193, 336, 341, 400, 401, 417, 495, 499, 515, 516, 522, 533, 594, 595, 606, 616, 638, 639, 647, 674, 678, 862, 901, 965], [26, 54, 64, 89, 234, 300, 303, 305, 309, 438, 443, 447, 470, 779, 873], [30, 49, 92, 98, 110, 157, 161, 171, 184, 194, 810], [12, 22, 85, 133, 252, 256, 311, 315, 330, 425, 449, 464, 497, 560, 646, 652, 709, 733, 749, 751, 758, 813, 814, 819, 824, 971, 977], [43, 44, 366, 387, 393, 416, 441, 477, 480, 498, 632, 658, 679, 689, 706, 756, 774, 780, 792, 797, 826, 827, 851, 864, 878, 894, 897, 910, 924, 928, 987, 999], [6, 292, 358, 384, 477, 517, 534, 539, 554, 650, 673, 677, 681, 716, 730, 734, 746, 770, 781, 791, 867, 880, 881, 992], [21, 70, 99, 170, 277, 312, 340, 365, 381, 394, 403, 471, 506, 509, 510, 555, 629, 723, 737, 752, 783, 846, 866, 879, 882, 885, 890, 904, 912, 913, 918, 921, 934, 955, 975, 980, 994], [14, 129, 132, 177, 218, 221, 223, 232, 307, 359, 412, 499, 574, 591, 637, 667, 675, 692, 795, 817, 832, 833, 834, 875, 935, 960, 999], [39, 60, 120, 162, 174, 253, 331, 334, 355, 398, 429, 452, 566, 579, 727], [31, 38, 55, 73, 296, 308, 310, 428, 456, 507, 519, 541, 582, 588, 619, 669, 711, 720, 825, 882, 917, 991], [19, 69, 159, 228, 250, 273, 292, 354, 411, 445, 468, 475, 481, 488, 501, 513, 583, 696, 703, 764, 765, 772, 880, 992], [33, 59, 173, 222, 274, 298, 367, 380, 421, 422, 451, 503, 608, 660, 727, 776, 836, 986], [1, 195, 220, 279, 320, 351, 381, 390, 392, 404, 431, 505, 511, 526, 572, 590, 598, 685, 704, 731, 785, 786, 951, 980], [11, 44, 96, 97, 138, 176, 235, 260, 264, 346, 395, 420, 461, 496, 529, 628, 673, 679, 684, 744, 775, 793, 803, 861, 867, 872, 893, 899, 923, 929, 937, 939, 954, 963, 964, 972, 973, 974, 991, 993], [128, 183, 233, 239, 255, 261, 319, 369, 408, 426, 497, 519, 526, 527, 644, 691, 697, 699, 738, 755, 782, 891, 917, 953], [29, 150, 214, 259, 326, 333, 376, 391, 446, 524, 566, 593, 614, 635, 676, 680, 686, 711, 741, 767, 965], [104, 185, 243, 247, 248, 275, 315, 378, 385, 458, 492, 502, 779, 869, 956], [11, 181, 252, 383, 473, 533, 535, 588, 631, 661, 705, 717, 719, 735, 761, 771, 794, 804, 806, 807, 816, 821, 838, 849, 926, 930, 950, 956, 968, 974, 987, 990], [149, 158, 268, 286, 328, 347, 405, 413, 494, 504, 537, 585, 601, 604, 658, 706, 988], [2, 87, 94, 118, 124, 139, 141, 154, 172, 227, 236, 349, 361, 453], [50, 52, 63, 101, 113, 196, 230, 281, 287, 316, 348, 379, 589, 603, 634, 636, 651, 698, 718, 739, 747, 850], [62, 106, 111, 164, 168, 179, 192, 219, 238, 306, 360, 375, 409, 430, 433, 476, 507, 512, 538, 553, 578, 587, 640, 660, 700, 732, 760, 777, 840, 887, 889, 895, 900, 915, 920, 922, 927, 936, 946, 958, 969], [32, 74, 76, 130, 135, 226, 254, 258, 288, 368, 478, 592, 602, 611, 633, 665, 806, 977], [46, 117, 118, 143, 224, 246, 289, 301, 313, 370, 439, 462, 472, 518, 521, 755, 997], [111, 160, 200, 269, 410, 479, 510, 546, 558, 570, 577, 580, 584, 600, 629, 642, 643, 670, 721, 818, 820, 844, 848, 854, 871, 876, 877, 884, 886, 893, 902, 905, 912, 915, 941, 948, 949, 978, 979, 982, 983, 984, 998], [13, 16, 48, 65, 75, 84, 93, 144, 152, 655], [5, 18, 88, 95, 145, 151, 165, 201, 267, 293, 296, 454, 455, 460, 861], [17, 35, 42, 78, 282, 323, 350, 397, 434, 444, 498, 530, 552, 573, 609, 666, 688, 736, 888, 966], [33, 91, 128, 138, 302, 345, 448, 466, 508, 528, 548, 596, 649, 654, 664, 687, 713, 715, 724, 776, 853, 922, 971, 996], [6, 79, 82, 147, 262, 291, 424, 482, 559, 565, 575, 576, 622, 632, 645, 663, 693, 725, 728, 729, 740, 748, 808, 843, 852, 855, 924, 998], [25, 27, 81, 83, 114, 146, 169, 186, 209, 251, 575, 975], [4, 8, 36, 45, 109, 208, 270, 271, 285, 291, 382, 402, 418, 442, 607, 945], [77, 112, 198, 207, 249, 299, 322, 343, 372, 437, 491, 562, 571, 605, 641, 682, 742, 757, 759, 805, 815, 829, 830, 839, 842, 847, 856, 874, 885, 896, 903, 907, 932, 947, 950, 953, 962, 967, 970, 976, 979, 981, 985, 986, 989], [10, 68, 108, 116, 122, 180, 188, 655, 675, 888, 941], [7, 61, 115, 202, 213, 231, 237, 241, 329, 353, 399, 529, 938, 955], [99, 107, 203, 204, 206, 265, 283, 344, 396, 459, 483, 485, 486, 520, 610, 623, 648, 682, 683, 684, 702, 750, 914, 994], [28, 72, 90, 107, 123, 127, 163, 175, 178, 205, 245, 665], [3, 34, 41, 56, 197, 199, 284, 324, 407, 544, 549, 561, 615, 618, 621, 624, 626, 630, 656, 671, 712, 714, 766, 796, 801, 802, 859, 875, 892], [62, 119, 211, 263, 290, 314, 400, 436, 463, 464, 487, 568, 635, 683, 695, 707, 928, 942, 970, 993]]
nodes: [107, 453, 455, 657, 679, 693, 739, 768, 829, 836, 839, 873, 885, 892, 914, 915, 917, 941, 942, 945, 965, 966, 974, 976, 977, 980, 988, 990, 992, 996, 997, 998, 999, 1000] num of nodes:  34
[[107, 994, 283, 483, 702, 750], [2, 453, 361, 349, 141, 227, 94], [5, 454, 455, 460, 861, 18, 293, 267], [210, 672, 617, 940, 659, 597, 490, 440, 657, 547], [679, 899, 929, 963, 964, 744, 937, 954, 923, 972], [693, 843, 855, 852, 808, 725, 728, 729, 748, 622, 924], [63, 739, 747, 718, 634, 636, 379, 651, 589], [20, 960, 423, 939, 768, 244, 225, 339], [759, 962, 989, 829, 874, 847, 981, 985, 947, 903], [40, 836, 136, 844, 383, 189, 53, 142, 854], [805, 962, 989, 981, 896, 839, 907, 947, 967, 856], [89, 438, 873, 779, 300, 447, 443, 309, 470, 303], [842, 981, 967, 989, 896, 885, 907, 947, 932, 903], [549, 801, 796, 656, 859, 766, 802, 892, 714], [212, 914, 853, 543, 321, 474, 304, 272, 229], [430, 946, 969, 887, 920, 889, 958, 900, 840, 936, 915], [38, 456, 619, 991, 669, 917, 310, 720], [10, 108, 941, 116, 180, 888, 122, 188, 675], [211, 928, 993, 707, 487, 970, 942, 568, 314, 695, 290], [784, 944, 957, 916, 865, 800, 945, 857, 811, 812], [333, 676, 741, 614, 391, 680, 376, 686, 593, 965], [586, 952, 959, 966, 837, 858, 828, 809, 754, 868], [744, 929, 964, 937, 972, 963, 954, 923, 775, 803, 872, 974, 973, 991], [571, 962, 932, 815, 989, 981, 896, 976, 979, 842, 903], [646, 709, 971, 813, 749, 814, 977, 758, 824, 819, 652, 751], [279, 685, 785, 786, 980, 731, 511, 704, 505, 951], [149, 604, 328, 585, 494, 405, 504, 601, 537, 988, 413], [535, 804, 838, 816, 849, 950, 771, 821, 794, 990, 956], [384, 992, 770, 677, 681, 554, 534, 746, 791, 730, 650, 539], [364, 898, 911, 883, 860, 769, 996, 787, 831, 823, 973, 710], [117, 997, 518, 370, 439, 224, 472, 462], [998, 645, 843, 855, 852, 740, 748, 808, 725, 728, 576, 924, 622], [689, 897, 999, 756, 878, 864, 780, 826, 987, 928, 792, 774], [726, 944, 957, 800, 865, 995, 812, 822, 788, 1000]]
len of cliques:  34
length of seeds:  34
seeds:  [[744, 929, 964, 937, 972, 963, 954, 923, 775, 803, 872, 974, 973, 991], [998, 645, 843, 855, 852, 740, 748, 808, 725, 728, 576, 924, 622], [646, 709, 971, 813, 749, 814, 977, 758, 824, 819, 652, 751], [384, 992, 770, 677, 681, 554, 534, 746, 791, 730, 650, 539], [364, 898, 911, 883, 860, 769, 996, 787, 831, 823, 973, 710], [689, 897, 999, 756, 878, 864, 780, 826, 987, 928, 792, 774], [693, 843, 855, 852, 808, 725, 728, 729, 748, 622, 924], [430, 946, 969, 887, 920, 889, 958, 900, 840, 936, 915], [211, 928, 993, 707, 487, 970, 942, 568, 314, 695, 290], [571, 962, 932, 815, 989, 981, 896, 976, 979, 842, 903], [149, 604, 328, 585, 494, 405, 504, 601, 537, 988, 413], [535, 804, 838, 816, 849, 950, 771, 821, 794, 990, 956], [210, 672, 617, 940, 659, 597, 490, 440, 657, 547], [679, 899, 929, 963, 964, 744, 937, 954, 923, 972], [759, 962, 989, 829, 874, 847, 981, 985, 947, 903], [805, 962, 989, 981, 896, 839, 907, 947, 967, 856], [89, 438, 873, 779, 300, 447, 443, 309, 470, 303], [842, 981, 967, 989, 896, 885, 907, 947, 932, 903], [784, 944, 957, 916, 865, 800, 945, 857, 811, 812], [333, 676, 741, 614, 391, 680, 376, 686, 593, 965], [586, 952, 959, 966, 837, 858, 828, 809, 754, 868], [279, 685, 785, 786, 980, 731, 511, 704, 505, 951], [726, 944, 957, 800, 865, 995, 812, 822, 788, 1000], [63, 739, 747, 718, 634, 636, 379, 651, 589], [40, 836, 136, 844, 383, 189, 53, 142, 854], [549, 801, 796, 656, 859, 766, 802, 892, 714], [212, 914, 853, 543, 321, 474, 304, 272, 229], [10, 108, 941, 116, 180, 888, 122, 188, 675], [5, 454, 455, 460, 861, 18, 293, 267], [20, 960, 423, 939, 768, 244, 225, 339], [38, 456, 619, 991, 669, 917, 310, 720], [117, 997, 518, 370, 439, 224, 472, 462], [2, 453, 361, 349, 141, 227, 94], [107, 994, 283, 483, 702, 750]]
seeds_fitness [0.16530426884650318, 0.22773722627737225, 0.19584569732937684, 0.28820960698689957, 0.17483443708609273, 0.16176470588235295, 0.24663677130044842, 0.17713365539452497, 0.12373453318335208, 0.11853448275862069, 0.3416149068322981, 0.1423027166882277, 0.2786377708978328, 0.1618705035971223, 0.10909090909090909, 0.13493253373313344, 0.3103448275862069, 0.1337295690936107, 0.16853932584269662, 0.25936599423631124, 0.14423076923076922, 0.16666666666666666, 0.11378002528445007, 0.34951456310679613, 0.2099125364431487, 0.18997361477572558, 0.20689655172413793, 0.1925133689839572, 0.25, 0.11991434689507495, 0.11359026369168357, 0.18666666666666668, 0.42, 0.08379888268156424]
after sort list of tuple: [(32, 0.42), (23, 0.34951456310679613), (10, 0.3416149068322981), (16, 0.3103448275862069), (3, 0.28820960698689957), (12, 0.2786377708978328), (19, 0.25936599423631124), (28, 0.25), (6, 0.24663677130044842), (1, 0.22773722627737225), (24, 0.2099125364431487), (26, 0.20689655172413793), (2, 0.19584569732937684), (27, 0.1925133689839572), (25, 0.18997361477572558), (31, 0.18666666666666668), (7, 0.17713365539452497), (4, 0.17483443708609273), (18, 0.16853932584269662), (21, 0.16666666666666666), (0, 0.16530426884650318), (13, 0.1618705035971223), (5, 0.16176470588235295), (20, 0.14423076923076922), (11, 0.1423027166882277), (15, 0.13493253373313344), (17, 0.1337295690936107), (8, 0.12373453318335208), (29, 0.11991434689507495), (9, 0.11853448275862069), (22, 0.11378002528445007), (30, 0.11359026369168357), (14, 0.10909090909090909), (33, 0.08379888268156424)]
seeds_sorted [[2, 453, 361, 349, 141, 227, 94], [63, 739, 747, 718, 634, 636, 379, 651, 589], [149, 604, 328, 585, 494, 405, 504, 601, 537, 988, 413], [89, 438, 873, 779, 300, 447, 443, 309, 470, 303], [384, 992, 770, 677, 681, 554, 534, 746, 791, 730, 650, 539], [210, 672, 617, 940, 659, 597, 490, 440, 657, 547], [333, 676, 741, 614, 391, 680, 376, 686, 593, 965], [5, 454, 455, 460, 861, 18, 293, 267], [693, 843, 855, 852, 808, 725, 728, 729, 748, 622, 924], [998, 645, 843, 855, 852, 740, 748, 808, 725, 728, 576, 924, 622], [40, 836, 136, 844, 383, 189, 53, 142, 854], [212, 914, 853, 543, 321, 474, 304, 272, 229], [646, 709, 971, 813, 749, 814, 977, 758, 824, 819, 652, 751], [10, 108, 941, 116, 180, 888, 122, 188, 675], [549, 801, 796, 656, 859, 766, 802, 892, 714], [117, 997, 518, 370, 439, 224, 472, 462], [430, 946, 969, 887, 920, 889, 958, 900, 840, 936, 915], [364, 898, 911, 883, 860, 769, 996, 787, 831, 823, 973, 710], [784, 944, 957, 916, 865, 800, 945, 857, 811, 812], [279, 685, 785, 786, 980, 731, 511, 704, 505, 951], [744, 929, 964, 937, 972, 963, 954, 923, 775, 803, 872, 974, 973, 991], [679, 899, 929, 963, 964, 744, 937, 954, 923, 972], [689, 897, 999, 756, 878, 864, 780, 826, 987, 928, 792, 774], [586, 952, 959, 966, 837, 858, 828, 809, 754, 868], [535, 804, 838, 816, 849, 950, 771, 821, 794, 990, 956], [805, 962, 989, 981, 896, 839, 907, 947, 967, 856], [842, 981, 967, 989, 896, 885, 907, 947, 932, 903], [211, 928, 993, 707, 487, 970, 942, 568, 314, 695, 290], [20, 960, 423, 939, 768, 244, 225, 339], [571, 962, 932, 815, 989, 981, 896, 976, 979, 842, 903], [726, 944, 957, 800, 865, 995, 812, 822, 788, 1000], [38, 456, 619, 991, 669, 917, 310, 720], [759, 962, 989, 829, 874, 847, 981, 985, 947, 903], [107, 994, 283, 483, 702, 750]]
args__________ ([[2, 453, 361, 349, 141, 227, 94], [107, 994, 283, 483, 702, 750]],)
args__________ ([[63, 739, 747, 718, 634, 636, 379, 651, 589], [759, 962, 989, 829, 874, 847, 981, 985, 947, 903]],)
args__________ ([[149, 604, 328, 585, 494, 405, 504, 601, 537, 988, 413]],)
args__________ ([[89, 438, 873, 779, 300, 447, 443, 309, 470, 303]],)
args__________ ([[384, 992, 770, 677, 681, 554, 534, 746, 791, 730, 650, 539]],)
args__________ ([[210, 672, 617, 940, 659, 597, 490, 440, 657, 547]],)
args__________ ([[333, 676, 741, 614, 391, 680, 376, 686, 593, 965]],)
args__________ ([[5, 454, 455, 460, 861, 18, 293, 267]],)
args__________ ([[693, 843, 855, 852, 808, 725, 728, 729, 748, 622, 924]],)
args__________ ([[998, 645, 843, 855, 852, 740, 748, 808, 725, 728, 576, 924, 622]],)
args__________ ([[40, 836, 136, 844, 383, 189, 53, 142, 854]],)
args__________ ([[212, 914, 853, 543, 321, 474, 304, 272, 229]],)
args__________ ([[646, 709, 971, 813, 749, 814, 977, 758, 824, 819, 652, 751]],)
args__________ ([[10, 108, 941, 116, 180, 888, 122, 188, 675]],)
args__________ ([[549, 801, 796, 656, 859, 766, 802, 892, 714]],)
args__________ ([[117, 997, 518, 370, 439, 224, 472, 462]],)
args__________ ([[430, 946, 969, 887, 920, 889, 958, 900, 840, 936, 915]],)
args__________ ([[364, 898, 911, 883, 860, 769, 996, 787, 831, 823, 973, 710]],)
args__________ ([[784, 944, 957, 916, 865, 800, 945, 857, 811, 812]],)
args__________ ([[279, 685, 785, 786, 980, 731, 511, 704, 505, 951]],)
args__________ ([[744, 929, 964, 937, 972, 963, 954, 923, 775, 803, 872, 974, 973, 991]],)
args__________ ([[679, 899, 929, 963, 964, 744, 937, 954, 923, 972]],)
args__________ ([[689, 897, 999, 756, 878, 864, 780, 826, 987, 928, 792, 774]],)
args__________ ([[586, 952, 959, 966, 837, 858, 828, 809, 754, 868]],)
args__________ ([[535, 804, 838, 816, 849, 950, 771, 821, 794, 990, 956]],)
args__________ ([[805, 962, 989, 981, 896, 839, 907, 947, 967, 856]],)
args__________ ([[842, 981, 967, 989, 896, 885, 907, 947, 932, 903]],)
args__________ ([[211, 928, 993, 707, 487, 970, 942, 568, 314, 695, 290]],)
args__________ ([[20, 960, 423, 939, 768, 244, 225, 339]],)
args__________ ([[571, 962, 932, 815, 989, 981, 896, 976, 979, 842, 903]],)
args__________ ([[726, 944, 957, 800, 865, 995, 812, 822, 788, 1000]],)
args__________ ([[38, 456, 619, 991, 669, 917, 310, 720]],)
finish process___________________
seed_node 983
seed_community:  [642, 643, 902, 905, 269, 410, 670, 546, 558, 200, 818, 948, 949, 820, 570, 577, 580, 584, 848, 721, 978, 982, 983, 600, 479, 871, 876, 877, 884, 886]
seed_node 984
seed_community:  [257, 131, 773, 906, 268, 149, 280, 537, 413, 158, 799, 545, 931, 164, 933, 550, 988, 427, 943, 435, 798, 841, 317, 318, 961, 835, 71, 328, 585, 463, 984, 601, 347, 604, 494, 504, 121, 405]
seed_node 968
seed_community:  [385, 771, 389, 136, 142, 275, 532, 661, 535, 536, 794, 155, 414, 415, 816, 930, 804, 294, 807, 40, 432, 627, 564, 821, 569, 956, 189, 53, 705, 450, 67, 374, 838, 968, 457, 458, 631, 588, 484, 719, 849, 215, 473, 762, 990, 181, 612, 166, 104, 362, 551, 492, 356, 625, 243, 185, 502, 247, 248, 761, 378, 252, 383]
seed_node 953
seed_community:  [896, 641, 903, 907, 962, 408, 932, 805, 299, 815, 947, 437, 953, 571, 830, 319, 322, 198, 967, 842, 77, 847, 981, 343, 856, 985, 989, 233, 874, 491, 239, 112, 757, 759, 249]
seed_node 986
seed_community:  [896, 641, 903, 907, 13, 759, 16, 274, 152, 932, 805, 298, 299, 173, 815, 48, 947, 437, 571, 830, 65, 322, 451, 198, 967, 842, 75, 77, 847, 84, 981, 343, 856, 986, 989, 222, 608, 962, 59, 874, 491, 93, 367, 112, 372, 757, 503, 249, 380]
seed_node 934
seed_community:  [1, 390, 392, 394, 783, 913, 786, 403, 404, 277, 918, 279, 704, 934, 170, 555, 685, 431, 904, 312, 572, 320, 195, 846, 723, 980, 590, 598, 471, 731, 220, 890, 351, 737, 866, 99, 785, 340, 365, 509, 752, 505, 506, 21, 381, 510, 511]
seed_node 935
seed_community:  [771, 450, 67, 532, 21, 535, 536, 921, 794, 157, 30, 415, 161, 930, 804, 935, 810, 171, 816, 49, 181, 184, 569, 821, 705, 194, 579, 838, 968, 457, 484, 719, 976, 849, 850, 473, 92, 98, 356, 362, 551, 110, 625, 807, 631, 761, 762, 661]
seed_node 922
seed_community:  [776, 649, 138, 654, 528, 274, 660, 278, 664, 922, 543, 33, 548, 297, 298, 173, 302, 687, 304, 137, 59, 608, 191, 448, 321, 451, 713, 715, 332, 466, 724, 853, 345, 474, 91, 733, 222, 352, 272, 996, 229, 508, 971, 367, 503, 212, 380]
seed_node 926
seed_community:  [771, 389, 661, 414, 535, 794, 155, 926, 432, 804, 166, 807, 816, 564, 821, 181, 705, 838, 719, 849, 215, 473, 990, 612, 294, 627, 374, 631, 761]
seed_node 955
seed_community:  [353, 7, 329, 202, 231, 938, 237, 399, 241, 115, 213, 955, 61]
seed_node 975
seed_community:  [251, 81, 169, 114, 975, 209, 146, 83, 25, 186, 27]
seed_node 909
seed_community:  [388, 37, 325, 753, 668, 778, 363, 909, 493, 465, 338, 51, 563, 153, 892, 29, 542, 671]
seed_node 910
seed_community:  [897, 387, 774, 393, 780, 14, 17, 658, 878, 792, 416, 43, 44, 689, 441, 826, 827, 480, 706, 268, 851, 910, 477, 223, 864, 999, 366, 498, 756]
seed_node 912
seed_community:  [642, 643, 902, 905, 269, 912, 410, 670, 546, 558, 200, 818, 948, 949, 820, 570, 577, 580, 584, 848, 721, 978, 979, 982, 983, 600, 479, 871, 876, 877, 884, 886]
seed_node 891
seed_community:  [9, 653, 784, 788, 406, 156, 800, 811, 812, 944, 822, 957, 845, 726, 857, 865, 743, 489, 377, 916, 891, 125]
seed_node 893
seed_community:  [899, 260, 775, 264, 44, 11, 972, 529, 235, 923, 669, 31, 929, 803, 420, 38, 937, 428, 541, 176, 308, 310, 55, 954, 963, 964, 582, 456, 73, 588, 461, 974, 720, 346, 395, 991, 96, 97, 744, 619, 496, 872, 628, 507, 893]
seed_node 894
seed_community:  [9, 653, 784, 788, 406, 156, 926, 800, 811, 812, 944, 822, 957, 845, 726, 377, 857, 865, 743, 489, 916, 125, 894]
seed_node 895
seed_community:  [389, 523, 657, 659, 276, 23, 155, 414, 672, 547, 166, 940, 432, 564, 440, 58, 327, 337, 210, 597, 215, 216, 612, 294, 617, 490, 627, 374, 895]
seed_node 901
seed_community:  [4, 901, 8, 9, 653, 270, 271, 784, 402, 788, 406, 156, 285, 800, 418, 36, 811, 812, 45, 944, 945, 822, 442, 957, 845, 208, 86, 857, 607, 865, 743, 489, 109, 240, 726, 377, 916, 125, 382]
seed_node 875
seed_community:  [387, 266, 14, 20, 24, 795, 415, 416, 675, 244, 295, 875, 221, 177, 307, 692, 935, 999, 441, 187, 574, 960, 833, 667, 591, 339, 689, 817, 223, 225, 359, 232, 423, 242, 499, 756, 190, 637]
seed_node 879
seed_community:  [672, 547, 327, 617, 490, 523, 879, 440, 337, 210, 659, 276, 597, 23, 657, 58, 216]
seed_node 881
seed_community:  [384, 513, 770, 772, 517, 6, 650, 273, 19, 534, 791, 411, 159, 539, 292, 677, 681, 554, 696, 445, 703, 69, 583, 716, 468, 730, 475, 734, 992, 481, 354, 228, 358, 488, 746, 880, 881, 501, 250, 764, 765]
seed_node 882
seed_community:  [904, 394, 783, 913, 403, 277, 918, 934, 170, 555, 312, 723, 340, 471, 506, 737, 866, 365, 752, 882, 890, 509, 21]
seed_node 862
seed_community:  [769, 898, 134, 264, 140, 911, 787, 919, 420, 422, 167, 297, 47, 371, 823, 831, 66, 708, 710, 973, 335, 467, 599, 860, 862, 996, 102, 103, 364, 883, 508, 126]
seed_node 863
seed_community:  [386, 9, 653, 784, 788, 406, 156, 800, 811, 812, 944, 822, 957, 845, 726, 857, 863, 865, 995, 743, 489, 377, 916, 125]
seed_node 867
seed_community:  [899, 260, 775, 264, 684, 395, 923, 929, 803, 420, 679, 937, 44, 954, 963, 964, 673, 972, 973, 461, 346, 96, 97, 867, 744, 235, 496, 872, 628]
seed_node 869
seed_community:  [385, 869, 104, 275, 458, 492, 243, 502, 247, 248, 185, 378, 315, 956]
seed_node 832
seed_community:  [960, 387, 132, 266, 14, 20, 24, 795, 412, 415, 675, 295, 875, 359, 177, 307, 692, 935, 441, 187, 574, 832, 833, 667, 591, 817, 339, 689, 221, 223, 225, 999, 232, 423, 242, 499, 244, 190, 637]
seed_node 834
seed_community:  [514, 132, 726, 9, 653, 784, 531, 788, 406, 857, 156, 800, 540, 811, 812, 944, 565, 822, 57, 957, 556, 834, 182, 845, 386, 722, 469, 342, 217, 865, 100, 357, 743, 1000, 105, 745, 701, 240, 500, 489, 377, 916, 125]
seed_node 806
seed_community:  [288, 32, 258, 611, 806, 135, 74, 76, 226, 592, 977, 254, 368, 633, 602, 478, 130]
seed_node 793
seed_community:  [899, 260, 775, 264, 395, 963, 793, 923, 929, 803, 420, 937, 954, 11, 964, 972, 461, 346, 96, 97, 744, 235, 496, 872, 628]
seed_node 797
seed_community:  [897, 387, 774, 393, 780, 14, 658, 878, 792, 797, 416, 43, 44, 689, 441, 826, 864, 706, 268, 851, 223, 480, 999, 366, 756]
seed_node 767
seed_community:  [257, 131, 773, 906, 280, 798, 799, 545, 931, 164, 933, 550, 943, 435, 317, 318, 961, 835, 326, 71, 841, 984, 121, 767]
seed_node 781
seed_community:  [384, 513, 770, 772, 517, 6, 650, 781, 273, 19, 534, 791, 411, 159, 539, 292, 677, 681, 554, 696, 445, 703, 69, 583, 716, 468, 730, 475, 734, 992, 481, 354, 228, 358, 488, 746, 880, 501, 250, 764, 765]
seed_node 782
seed_community:  [697, 738, 891, 644, 261, 519, 233, 426, 183, 255, 782, 239, 369, 691, 917, 9, 408, 953, 699, 527, 319]
seed_node 755
seed_community:  [224, 289, 997, 518, 301, 46, 143, 370, 755, 462, 246, 439, 472, 313, 118, 117]
seed_node 760
seed_community:  [389, 134, 521, 523, 657, 659, 276, 790, 23, 155, 414, 672, 547, 166, 43, 940, 47, 432, 564, 56, 569, 58, 66, 327, 337, 210, 597, 215, 216, 990, 612, 294, 103, 617, 490, 440, 627, 374, 760, 126]
seed_node 727
seed_community:  [162, 355, 452, 39, 429, 398, 334, 174, 727, 120, 60, 253]
seed_node 735
seed_community:  [705, 771, 804, 838, 807, 535, 719, 816, 849, 821, 631, 761, 473, 794, 735, 181, 661]
seed_node 736
seed_community:  [9, 653, 784, 788, 406, 156, 800, 811, 812, 944, 822, 957, 845, 726, 857, 736, 865, 743, 489, 377, 916, 125]
seed_node 717
seed_community:  [257, 131, 773, 906, 280, 798, 799, 545, 931, 164, 933, 550, 943, 435, 317, 318, 961, 835, 71, 841, 717, 984, 121]
seed_node 674
seed_community:  [515, 516, 901, 647, 522, 401, 150, 417, 674, 678, 193, 965, 336, 594, 595, 341, 86, 606, 616, 495, 638, 639]
seed_node 682
seed_community:  [994, 483, 486, 520, 265, 682, 107, 396, 610, 750, 623, 204, 206, 203, 344, 283, 459, 702]
seed_node 688
seed_community:  [9, 653, 784, 788, 406, 156, 800, 944, 811, 812, 688, 822, 957, 845, 726, 857, 865, 743, 489, 377, 916, 125]
seed_node 690
seed_community:  [257, 131, 773, 906, 280, 798, 799, 545, 931, 164, 933, 550, 943, 690, 435, 317, 318, 961, 835, 71, 841, 984, 121]
seed_node 648
seed_community:  [386, 648, 9, 653, 784, 788, 406, 156, 800, 811, 812, 944, 822, 957, 845, 726, 857, 865, 743, 489, 240, 377, 916, 125]
seed_node 629
seed_community:  [642, 643, 902, 905, 269, 410, 670, 546, 558, 584, 818, 820, 949, 948, 570, 577, 580, 200, 848, 721, 978, 982, 983, 600, 479, 871, 876, 877, 884, 629, 886]
seed_node 632
seed_community:  [864, 897, 387, 774, 792, 780, 366, 43, 44, 878, 689, 416, 756, 480, 393, 632, 441, 851, 826]
seed_node 575
seed_community:  [27, 81, 169, 114, 975, 209, 146, 83, 25, 186, 251, 575]
seed_node 596
seed_community:  [257, 131, 773, 7, 906, 399, 280, 798, 799, 545, 931, 164, 933, 550, 938, 943, 435, 841, 317, 318, 961, 835, 71, 329, 202, 596, 213, 121, 220, 353, 231, 237, 61, 240, 241, 115, 249]
seed_node 605
seed_community:  [896, 641, 903, 907, 322, 278, 290, 932, 805, 299, 815, 947, 436, 437, 695, 568, 314, 571, 970, 830, 757, 962, 707, 198, 967, 842, 759, 77, 847, 211, 981, 343, 856, 989, 263, 487, 874, 491, 237, 112, 885, 119, 249, 605]
seed_node 525
seed_community:  [769, 898, 134, 264, 140, 525, 911, 787, 919, 420, 422, 167, 297, 47, 883, 823, 831, 66, 708, 710, 973, 335, 467, 599, 860, 102, 103, 364, 371, 126]
seed_node 526
seed_community:  [320, 1, 195, 390, 351, 392, 572, 685, 526, 431, 785, 786, 404, 590, 598, 279, 505, 731, 704, 511]
seed_node 533
seed_community:  [515, 516, 647, 522, 401, 533, 150, 417, 674, 678, 193, 965, 336, 594, 595, 341, 86, 606, 616, 495, 638, 639]
seed_node 557
seed_community:  [769, 898, 996, 102, 710, 167, 883, 297, 823, 140, 557, 911, 371, 599, 787, 708, 335, 860, 508, 364, 831]
seed_node 566
seed_community:  [259, 676, 741, 614, 391, 680, 566, 524, 333, 686, 593, 616, 214, 150, 376, 635, 86, 446, 965]
seed_node 421
seed_community:  [160, 514, 100, 357, 70, 1000, 745, 469, 556, 182, 722, 531, 500, 373, 342, 57, 217, 105, 540, 701, 421]
seed_node 409
seed_community:  [409, 769, 898, 996, 710, 102, 167, 883, 140, 823, 364, 860, 911, 371, 599, 787, 708, 335, 508, 297, 831]
seed_node 291
seed_community:  [418, 291, 4, 8, 45, 270, 109, 208, 945, 402, 36, 442, 271, 285, 382, 607]
seed_node 331
seed_community:  [162, 579, 452, 39, 331, 429, 334, 355, 174, 398, 120, 60, 253]
seed_node 205
seed_community:  [163, 72, 205, 175, 178, 245, 665, 90, 123, 28, 127]
seed_node 207
seed_community:  [769, 898, 996, 710, 102, 167, 883, 297, 823, 140, 207, 371, 911, 599, 787, 708, 335, 860, 508, 364, 831]
seed_node 111
seed_community:  [512, 640, 900, 777, 887, 920, 538, 927, 168, 553, 946, 430, 433, 306, 179, 700, 958, 192, 578, 840, 969, 587, 219, 476, 732, 360, 238, 111, 936, 375, 889]
seed_node 128
seed_community:  [128, 448, 996, 713, 715, 654, 687, 528, 466, 724, 302, 649, 664, 548, 508, 297, 345]
seed_node 129
seed_community:  [129, 908, 15, 148, 789, 662, 26, 925, 837, 419, 809, 694, 567, 952, 828, 959, 581, 586, 80, 858, 868, 613, 870, 620, 754, 763]
i =  0 [2, 227, 453, 361, 139, 172, 141, 236, 87, 154, 124, 349, 94]
i =  1 [994, 483, 486, 520, 265, 107, 396, 610, 750, 623, 204, 206, 203, 344, 283, 459, 702]
i =  2 [603, 739, 196, 101, 230, 348, 747, 589, 718, 287, 113, 50, 52, 651, 316, 281, 634, 379, 636, 698, 63]
i =  3 [896, 641, 903, 907, 322, 932, 805, 299, 815, 947, 437, 571, 829, 830, 962, 198, 967, 842, 77, 847, 981, 343, 856, 985, 989, 742, 874, 491, 112, 757, 759]
i =  4 [604, 328, 585, 268, 494, 149, 537, 504, 601, 347, 988, 413, 158, 405]
i =  5 [64, 443, 470, 873, 234, 779, 300, 303, 305, 309, 438, 89, 54, 447]
i =  6 [384, 513, 770, 772, 517, 650, 273, 19, 534, 791, 539, 159, 411, 292, 677, 681, 554, 696, 445, 703, 69, 583, 716, 468, 730, 475, 734, 992, 481, 354, 228, 358, 488, 746, 880, 501, 250, 764, 765]
i =  7 [389, 523, 657, 659, 276, 23, 155, 414, 672, 547, 166, 940, 432, 564, 440, 58, 327, 337, 210, 597, 215, 216, 612, 294, 617, 490, 627, 374]
i =  8 [259, 676, 741, 614, 391, 680, 524, 333, 686, 593, 616, 446, 214, 376, 635, 86, 150, 965]
i =  9 [165, 454, 455, 201, 267, 460, 145, 18, 151, 88, 95, 5, 861, 293]
i =  10 [645, 262, 147, 663, 924, 808, 559, 693, 576, 843, 79, 82, 852, 725, 855, 728, 729, 482, 740, 748, 622, 424]
i =  11 [645, 262, 147, 663, 924, 808, 559, 693, 576, 843, 79, 82, 852, 725, 855, 728, 729, 482, 740, 998, 748, 622, 424]
i =  12 [836, 40, 106, 844, 142, 136, 53, 854, 218, 189, 383]
i =  13 [352, 321, 229, 485, 137, 332, 272, 304, 914, 212, 853, 278, 474, 191, 543]
i =  14 [256, 258, 133, 646, 135, 649, 652, 130, 654, 528, 302, 22, 664, 665, 32, 548, 425, 813, 814, 687, 560, 819, 311, 824, 315, 74, 448, 449, 715, 709, 713, 330, 971, 76, 288, 592, 977, 466, 724, 85, 345, 602, 478, 464, 226, 611, 508, 749, 12, 751, 368, 497, 758, 633, 252, 254]
i =  15 [65, 675, 68, 16, 10, 75, 108, 941, 93, 655, 48, 152, 144, 84, 888, 180, 122, 188, 13, 116]
i =  16 [3, 656, 407, 284, 544, 801, 802, 549, 41, 561, 324, 197, 199, 712, 714, 34, 859, 796, 615, 618, 621, 624, 626, 630, 892, 766]
i =  17 [224, 289, 997, 518, 301, 462, 143, 370, 46, 246, 439, 472, 313, 118, 117]
i =  18 [640, 512, 375, 900, 777, 915, 920, 538, 927, 936, 553, 946, 430, 433, 306, 179, 700, 958, 192, 578, 840, 969, 587, 219, 476, 732, 360, 238, 168, 887, 889]
i =  19 [769, 898, 134, 264, 140, 911, 787, 919, 422, 167, 297, 47, 371, 823, 831, 66, 708, 710, 973, 335, 467, 599, 860, 996, 102, 103, 364, 883, 508, 126]
i =  20 [386, 4, 8, 9, 653, 270, 271, 784, 402, 788, 406, 156, 285, 800, 418, 36, 811, 812, 45, 944, 945, 822, 442, 957, 845, 208, 726, 857, 607, 865, 743, 489, 109, 240, 377, 916, 125, 382]
i =  21 [1, 390, 392, 320, 785, 786, 404, 279, 685, 431, 951, 572, 704, 195, 590, 980, 598, 731, 351, 505, 381, 511]
i =  22 [899, 260, 775, 264, 428, 138, 395, 235, 923, 541, 31, 929, 803, 420, 38, 937, 44, 669, 176, 308, 310, 55, 825, 954, 963, 964, 582, 456, 73, 972, 973, 974, 461, 11, 346, 991, 96, 97, 102, 872, 619, 496, 744, 628, 507, 720]
i =  23 [899, 260, 775, 264, 395, 923, 929, 803, 420, 679, 937, 44, 954, 963, 964, 972, 461, 346, 96, 97, 744, 235, 496, 872, 628]
i =  24 [897, 387, 774, 263, 393, 780, 14, 17, 658, 366, 792, 928, 290, 43, 44, 689, 436, 695, 568, 441, 826, 62, 416, 706, 707, 314, 268, 851, 987, 477, 223, 480, 864, 999, 487, 878, 498, 211, 756, 119]
i =  25 [908, 397, 15, 17, 530, 148, 789, 662, 666, 282, 286, 581, 419, 552, 809, 42, 925, 434, 694, 567, 952, 828, 573, 959, 323, 837, 966, 586, 78, 80, 35, 858, 26, 350, 609, 868, 613, 870, 444, 620, 754, 763]
i =  26 [385, 771, 389, 275, 661, 535, 794, 155, 414, 816, 804, 166, 807, 432, 627, 564, 181, 950, 185, 315, 956, 821, 705, 374, 838, 458, 247, 719, 849, 215, 473, 990, 612, 294, 104, 492, 243, 502, 631, 248, 761, 378, 252]
i =  27 [896, 641, 903, 907, 322, 932, 805, 299, 815, 947, 437, 571, 830, 962, 198, 967, 842, 77, 847, 981, 343, 856, 989, 874, 491, 112, 839, 757, 759]
i =  28 [896, 641, 903, 907, 962, 932, 805, 299, 815, 947, 437, 571, 830, 885, 322, 198, 967, 842, 77, 847, 981, 343, 856, 989, 874, 491, 112, 757, 759]
i =  29 [263, 400, 928, 290, 683, 44, 942, 436, 695, 568, 314, 62, 707, 97, 970, 463, 464, 211, 96, 993, 487, 235, 119, 635]
i =  30 [960, 768, 235, 295, 423, 266, 939, 14, 242, 339, 244, 190, 24, 20, 187, 225]
i =  31 [896, 641, 903, 907, 322, 532, 536, 415, 932, 805, 551, 299, 815, 562, 947, 437, 571, 830, 962, 67, 198, 967, 457, 842, 77, 847, 450, 979, 981, 343, 856, 356, 989, 976, 484, 874, 491, 112, 625, 372, 757, 759, 762, 362]
i =  32 [514, 132, 342, 9, 653, 784, 531, 788, 406, 217, 156, 800, 540, 811, 812, 944, 565, 822, 57, 957, 556, 182, 845, 722, 469, 726, 857, 865, 995, 100, 357, 743, 1000, 105, 745, 701, 500, 489, 377, 916, 125]
i =  33 [582, 38, 519, 456, 73, 619, 428, 711, 541, 720, 296, 308, 917, 310, 55, 346, 31, 669, 991]
i =  34 [642, 643, 902, 905, 269, 410, 670, 546, 558, 200, 818, 948, 949, 820, 570, 577, 580, 584, 848, 721, 978, 982, 983, 600, 479, 871, 876, 877, 884, 886]
i =  35 [257, 131, 773, 906, 268, 149, 280, 537, 413, 158, 799, 545, 931, 164, 933, 550, 988, 427, 943, 435, 798, 841, 317, 318, 961, 835, 71, 328, 585, 463, 984, 601, 347, 604, 494, 504, 121, 405]
i =  36 [385, 771, 389, 136, 142, 275, 532, 661, 535, 536, 794, 155, 414, 415, 816, 930, 804, 294, 807, 40, 432, 627, 564, 821, 569, 956, 189, 53, 705, 450, 67, 374, 838, 968, 457, 458, 631, 588, 484, 719, 849, 215, 473, 762, 990, 181, 612, 166, 104, 362, 551, 492, 356, 625, 243, 185, 502, 247, 248, 761, 378, 252, 383]
i =  37 [896, 641, 903, 907, 962, 408, 932, 805, 299, 815, 947, 437, 953, 571, 830, 319, 322, 198, 967, 842, 77, 847, 981, 343, 856, 985, 989, 233, 874, 491, 239, 112, 757, 759, 249]
i =  38 [896, 641, 903, 907, 13, 759, 16, 274, 152, 932, 805, 298, 299, 173, 815, 48, 947, 437, 571, 830, 65, 322, 451, 198, 967, 842, 75, 77, 847, 84, 981, 343, 856, 986, 989, 222, 608, 962, 59, 874, 491, 93, 367, 112, 372, 757, 503, 249, 380]
i =  39 [1, 390, 392, 394, 783, 913, 786, 403, 404, 277, 918, 279, 704, 934, 170, 555, 685, 431, 904, 312, 572, 320, 195, 846, 723, 980, 590, 598, 471, 731, 220, 890, 351, 737, 866, 99, 785, 340, 365, 509, 752, 505, 506, 21, 381, 510, 511]
i =  40 [771, 450, 67, 532, 21, 535, 536, 921, 794, 157, 30, 415, 161, 930, 804, 935, 810, 171, 816, 49, 181, 184, 569, 821, 705, 194, 579, 838, 968, 457, 484, 719, 976, 849, 850, 473, 92, 98, 356, 362, 551, 110, 625, 807, 631, 761, 762, 661]
i =  41 [776, 649, 138, 654, 528, 274, 660, 278, 664, 922, 543, 33, 548, 297, 298, 173, 302, 687, 304, 137, 59, 608, 191, 448, 321, 451, 713, 715, 332, 466, 724, 853, 345, 474, 91, 733, 222, 352, 272, 996, 229, 508, 971, 367, 503, 212, 380]
i =  42 [771, 389, 661, 414, 535, 794, 155, 926, 432, 804, 166, 807, 816, 564, 821, 181, 705, 838, 719, 849, 215, 473, 990, 612, 294, 627, 374, 631, 761]
i =  43 [353, 7, 329, 202, 231, 938, 237, 399, 241, 115, 213, 955, 61]
i =  44 [251, 81, 169, 114, 975, 209, 146, 83, 25, 186, 27]
i =  45 [388, 37, 325, 753, 668, 778, 363, 909, 493, 465, 338, 51, 563, 153, 892, 29, 542, 671]
i =  46 [897, 387, 774, 393, 780, 14, 17, 658, 878, 792, 416, 43, 44, 689, 441, 826, 827, 480, 706, 268, 851, 910, 477, 223, 864, 999, 366, 498, 756]
i =  47 [642, 643, 902, 905, 269, 912, 410, 670, 546, 558, 200, 818, 948, 949, 820, 570, 577, 580, 584, 848, 721, 978, 979, 982, 983, 600, 479, 871, 876, 877, 884, 886]
i =  48 [9, 653, 784, 788, 406, 156, 800, 811, 812, 944, 822, 957, 845, 726, 857, 865, 743, 489, 377, 916, 891, 125]
i =  49 [899, 260, 775, 264, 44, 11, 972, 529, 235, 923, 669, 31, 929, 803, 420, 38, 937, 428, 541, 176, 308, 310, 55, 954, 963, 964, 582, 456, 73, 588, 461, 974, 720, 346, 395, 991, 96, 97, 744, 619, 496, 872, 628, 507, 893]
i =  50 [9, 653, 784, 788, 406, 156, 926, 800, 811, 812, 944, 822, 957, 845, 726, 377, 857, 865, 743, 489, 916, 125, 894]
i =  51 [389, 523, 657, 659, 276, 23, 155, 414, 672, 547, 166, 940, 432, 564, 440, 58, 327, 337, 210, 597, 215, 216, 612, 294, 617, 490, 627, 374, 895]
i =  52 [4, 901, 8, 9, 653, 270, 271, 784, 402, 788, 406, 156, 285, 800, 418, 36, 811, 812, 45, 944, 945, 822, 442, 957, 845, 208, 86, 857, 607, 865, 743, 489, 109, 240, 726, 377, 916, 125, 382]
i =  53 [387, 266, 14, 20, 24, 795, 415, 416, 675, 244, 295, 875, 221, 177, 307, 692, 935, 999, 441, 187, 574, 960, 833, 667, 591, 339, 689, 817, 223, 225, 359, 232, 423, 242, 499, 756, 190, 637]
i =  54 [672, 547, 327, 617, 490, 523, 879, 440, 337, 210, 659, 276, 597, 23, 657, 58, 216]
i =  55 [384, 513, 770, 772, 517, 6, 650, 273, 19, 534, 791, 411, 159, 539, 292, 677, 681, 554, 696, 445, 703, 69, 583, 716, 468, 730, 475, 734, 992, 481, 354, 228, 358, 488, 746, 880, 881, 501, 250, 764, 765]
i =  56 [904, 394, 783, 913, 403, 277, 918, 934, 170, 555, 312, 723, 340, 471, 506, 737, 866, 365, 752, 882, 890, 509, 21]
i =  57 [769, 898, 134, 264, 140, 911, 787, 919, 420, 422, 167, 297, 47, 371, 823, 831, 66, 708, 710, 973, 335, 467, 599, 860, 862, 996, 102, 103, 364, 883, 508, 126]
i =  58 [386, 9, 653, 784, 788, 406, 156, 800, 811, 812, 944, 822, 957, 845, 726, 857, 863, 865, 995, 743, 489, 377, 916, 125]
i =  59 [899, 260, 775, 264, 684, 395, 923, 929, 803, 420, 679, 937, 44, 954, 963, 964, 673, 972, 973, 461, 346, 96, 97, 867, 744, 235, 496, 872, 628]
i =  60 [385, 869, 104, 275, 458, 492, 243, 502, 247, 248, 185, 378, 315, 956]
i =  61 [960, 387, 132, 266, 14, 20, 24, 795, 412, 415, 675, 295, 875, 359, 177, 307, 692, 935, 441, 187, 574, 832, 833, 667, 591, 817, 339, 689, 221, 223, 225, 999, 232, 423, 242, 499, 244, 190, 637]
i =  62 [514, 132, 726, 9, 653, 784, 531, 788, 406, 857, 156, 800, 540, 811, 812, 944, 565, 822, 57, 957, 556, 834, 182, 845, 386, 722, 469, 342, 217, 865, 100, 357, 743, 1000, 105, 745, 701, 240, 500, 489, 377, 916, 125]
i =  63 [288, 32, 258, 611, 806, 135, 74, 76, 226, 592, 977, 254, 368, 633, 602, 478, 130]
i =  64 [899, 260, 775, 264, 395, 963, 793, 923, 929, 803, 420, 937, 954, 11, 964, 972, 461, 346, 96, 97, 744, 235, 496, 872, 628]
i =  65 [897, 387, 774, 393, 780, 14, 658, 878, 792, 797, 416, 43, 44, 689, 441, 826, 864, 706, 268, 851, 223, 480, 999, 366, 756]
i =  66 [257, 131, 773, 906, 280, 798, 799, 545, 931, 164, 933, 550, 943, 435, 317, 318, 961, 835, 326, 71, 841, 984, 121, 767]
i =  67 [384, 513, 770, 772, 517, 6, 650, 781, 273, 19, 534, 791, 411, 159, 539, 292, 677, 681, 554, 696, 445, 703, 69, 583, 716, 468, 730, 475, 734, 992, 481, 354, 228, 358, 488, 746, 880, 501, 250, 764, 765]
i =  68 [697, 738, 891, 644, 261, 519, 233, 426, 183, 255, 782, 239, 369, 691, 917, 9, 408, 953, 699, 527, 319]
i =  69 [224, 289, 997, 518, 301, 46, 143, 370, 755, 462, 246, 439, 472, 313, 118, 117]
i =  70 [389, 134, 521, 523, 657, 659, 276, 790, 23, 155, 414, 672, 547, 166, 43, 940, 47, 432, 564, 56, 569, 58, 66, 327, 337, 210, 597, 215, 216, 990, 612, 294, 103, 617, 490, 440, 627, 374, 760, 126]
i =  71 [162, 355, 452, 39, 429, 398, 334, 174, 727, 120, 60, 253]
i =  72 [705, 771, 804, 838, 807, 535, 719, 816, 849, 821, 631, 761, 473, 794, 735, 181, 661]
i =  73 [9, 653, 784, 788, 406, 156, 800, 811, 812, 944, 822, 957, 845, 726, 857, 736, 865, 743, 489, 377, 916, 125]
i =  74 [257, 131, 773, 906, 280, 798, 799, 545, 931, 164, 933, 550, 943, 435, 317, 318, 961, 835, 71, 841, 717, 984, 121]
i =  75 [515, 516, 901, 647, 522, 401, 150, 417, 674, 678, 193, 965, 336, 594, 595, 341, 86, 606, 616, 495, 638, 639]
i =  76 [994, 483, 486, 520, 265, 682, 107, 396, 610, 750, 623, 204, 206, 203, 344, 283, 459, 702]
i =  77 [9, 653, 784, 788, 406, 156, 800, 944, 811, 812, 688, 822, 957, 845, 726, 857, 865, 743, 489, 377, 916, 125]
i =  78 [257, 131, 773, 906, 280, 798, 799, 545, 931, 164, 933, 550, 943, 690, 435, 317, 318, 961, 835, 71, 841, 984, 121]
i =  79 [386, 648, 9, 653, 784, 788, 406, 156, 800, 811, 812, 944, 822, 957, 845, 726, 857, 865, 743, 489, 240, 377, 916, 125]
i =  80 [642, 643, 902, 905, 269, 410, 670, 546, 558, 584, 818, 820, 949, 948, 570, 577, 580, 200, 848, 721, 978, 982, 983, 600, 479, 871, 876, 877, 884, 629, 886]
i =  81 [864, 897, 387, 774, 792, 780, 366, 43, 44, 878, 689, 416, 756, 480, 393, 632, 441, 851, 826]
i =  82 [27, 81, 169, 114, 975, 209, 146, 83, 25, 186, 251, 575]
i =  83 [257, 131, 773, 7, 906, 399, 280, 798, 799, 545, 931, 164, 933, 550, 938, 943, 435, 841, 317, 318, 961, 835, 71, 329, 202, 596, 213, 121, 220, 353, 231, 237, 61, 240, 241, 115, 249]
i =  84 [896, 641, 903, 907, 322, 278, 290, 932, 805, 299, 815, 947, 436, 437, 695, 568, 314, 571, 970, 830, 757, 962, 707, 198, 967, 842, 759, 77, 847, 211, 981, 343, 856, 989, 263, 487, 874, 491, 237, 112, 885, 119, 249, 605]
i =  85 [769, 898, 134, 264, 140, 525, 911, 787, 919, 420, 422, 167, 297, 47, 883, 823, 831, 66, 708, 710, 973, 335, 467, 599, 860, 102, 103, 364, 371, 126]
i =  86 [320, 1, 195, 390, 351, 392, 572, 685, 526, 431, 785, 786, 404, 590, 598, 279, 505, 731, 704, 511]
i =  87 [515, 516, 647, 522, 401, 533, 150, 417, 674, 678, 193, 965, 336, 594, 595, 341, 86, 606, 616, 495, 638, 639]
i =  88 [769, 898, 996, 102, 710, 167, 883, 297, 823, 140, 557, 911, 371, 599, 787, 708, 335, 860, 508, 364, 831]
i =  89 [259, 676, 741, 614, 391, 680, 566, 524, 333, 686, 593, 616, 214, 150, 376, 635, 86, 446, 965]
i =  90 [160, 514, 100, 357, 70, 1000, 745, 469, 556, 182, 722, 531, 500, 373, 342, 57, 217, 105, 540, 701, 421]
i =  91 [409, 769, 898, 996, 710, 102, 167, 883, 140, 823, 364, 860, 911, 371, 599, 787, 708, 335, 508, 297, 831]
i =  92 [418, 291, 4, 8, 45, 270, 109, 208, 945, 402, 36, 442, 271, 285, 382, 607]
i =  93 [162, 579, 452, 39, 331, 429, 334, 355, 174, 398, 120, 60, 253]
i =  94 [163, 72, 205, 175, 178, 245, 665, 90, 123, 28, 127]
i =  95 [769, 898, 996, 710, 102, 167, 883, 297, 823, 140, 207, 371, 911, 599, 787, 708, 335, 860, 508, 364, 831]
i =  96 [512, 640, 900, 777, 887, 920, 538, 927, 168, 553, 946, 430, 433, 306, 179, 700, 958, 192, 578, 840, 969, 587, 219, 476, 732, 360, 238, 111, 936, 375, 889]
i =  97 [128, 448, 996, 713, 715, 654, 687, 528, 466, 724, 302, 649, 664, 548, 508, 297, 345]
i =  98 [129, 908, 15, 148, 789, 662, 26, 925, 837, 419, 809, 694, 567, 952, 828, 959, 581, 586, 80, 858, 868, 613, 870, 620, 754, 763]
finish get all communities
complete deal_communities
commplete get_all_nature_community
----------------------------------The detection result is: 

all communities: 
i =  1 : [2, 87, 94, 124, 139, 141, 154, 172, 227, 236, 349, 361, 453]
i =  2 : [50, 52, 63, 101, 113, 196, 230, 281, 287, 316, 348, 379, 589, 603, 634, 636, 651, 698, 718, 739, 747]
i =  3 : [54, 64, 89, 234, 300, 303, 305, 309, 438, 443, 447, 470, 779, 873]
i =  4 : [5, 18, 88, 95, 145, 151, 165, 201, 267, 293, 454, 455, 460, 861]
i =  5 : [79, 82, 147, 262, 424, 482, 559, 576, 622, 645, 663, 693, 725, 728, 729, 740, 748, 808, 843, 852, 855, 924, 998]
i =  6 : [40, 53, 106, 136, 142, 189, 218, 383, 836, 844, 854]
i =  7 : [137, 191, 212, 229, 272, 278, 304, 321, 332, 352, 474, 485, 543, 853, 914]
i =  8 : [12, 22, 32, 74, 76, 85, 130, 133, 135, 226, 252, 254, 256, 258, 288, 302, 311, 315, 330, 345, 368, 425, 448, 449, 464, 466, 478, 497, 508, 528, 548, 560, 592, 602, 611, 633, 646, 649, 652, 654, 664, 665, 687, 709, 713, 715, 724, 749, 751, 758, 813, 814, 819, 824, 971, 977]
i =  9 : [10, 13, 16, 48, 65, 68, 75, 84, 93, 108, 116, 122, 144, 152, 180, 188, 655, 675, 888, 941]
i =  10 : [3, 34, 41, 197, 199, 284, 324, 407, 544, 549, 561, 615, 618, 621, 624, 626, 630, 656, 712, 714, 766, 796, 801, 802, 859, 892]
i =  11 : [44, 62, 96, 97, 119, 211, 235, 263, 290, 314, 400, 436, 463, 464, 487, 568, 635, 683, 695, 707, 928, 942, 970, 993]
i =  12 : [14, 20, 24, 187, 190, 225, 235, 242, 244, 266, 295, 339, 423, 768, 939, 960]
i =  13 : [67, 77, 112, 198, 299, 322, 343, 356, 362, 372, 415, 437, 450, 457, 484, 491, 532, 536, 551, 562, 571, 625, 641, 757, 759, 762, 805, 815, 830, 842, 847, 856, 874, 896, 903, 907, 932, 947, 962, 967, 976, 979, 981, 989]
i =  14 : [31, 38, 55, 73, 296, 308, 310, 346, 428, 456, 519, 541, 582, 619, 669, 711, 720, 917, 991]
i =  15 : [13, 16, 48, 59, 65, 75, 77, 84, 93, 112, 152, 173, 198, 222, 249, 274, 298, 299, 322, 343, 367, 372, 380, 437, 451, 491, 503, 571, 608, 641, 757, 759, 805, 815, 830, 842, 847, 856, 874, 896, 903, 907, 932, 947, 962, 967, 981, 986, 989]
i =  16 : [1, 21, 99, 170, 195, 220, 277, 279, 312, 320, 340, 351, 365, 381, 390, 392, 394, 403, 404, 431, 471, 505, 506, 509, 510, 511, 555, 572, 590, 598, 685, 704, 723, 731, 737, 752, 783, 785, 786, 846, 866, 890, 904, 913, 918, 934, 980]
i =  17 : [21, 30, 49, 67, 92, 98, 110, 157, 161, 171, 181, 184, 194, 356, 362, 415, 450, 457, 473, 484, 532, 535, 536, 551, 569, 579, 625, 631, 661, 705, 719, 761, 762, 771, 794, 804, 807, 810, 816, 821, 838, 849, 850, 921, 930, 935, 968, 976]
i =  18 : [33, 59, 91, 137, 138, 173, 191, 212, 222, 229, 272, 274, 278, 297, 298, 302, 304, 321, 332, 345, 352, 367, 380, 448, 451, 466, 474, 503, 508, 528, 543, 548, 608, 649, 654, 660, 664, 687, 713, 715, 724, 733, 776, 853, 922, 971, 996]
i =  19 : [155, 166, 181, 215, 294, 374, 389, 414, 432, 473, 535, 564, 612, 627, 631, 661, 705, 719, 761, 771, 794, 804, 807, 816, 821, 838, 849, 926, 990]
i =  20 : [7, 61, 115, 202, 213, 231, 237, 241, 329, 353, 399, 938, 955]
i =  21 : [29, 37, 51, 153, 325, 338, 363, 388, 465, 493, 542, 563, 668, 671, 753, 778, 892, 909]
i =  22 : [23, 58, 155, 166, 210, 215, 216, 276, 294, 327, 337, 374, 389, 414, 432, 440, 490, 523, 547, 564, 597, 612, 617, 627, 657, 659, 672, 895, 940]
i =  23 : [23, 58, 210, 216, 276, 327, 337, 440, 490, 523, 547, 597, 617, 657, 659, 672, 879]
i =  24 : [21, 170, 277, 312, 340, 365, 394, 403, 471, 506, 509, 555, 723, 737, 752, 783, 866, 882, 890, 904, 913, 918, 934]
i =  25 : [104, 185, 243, 247, 248, 275, 315, 378, 385, 458, 492, 502, 869, 956]
i =  26 : [32, 74, 76, 130, 135, 226, 254, 258, 288, 368, 478, 592, 602, 611, 633, 806, 977]
i =  27 : [9, 183, 233, 239, 255, 261, 319, 369, 408, 426, 519, 527, 644, 691, 697, 699, 738, 782, 891, 917, 953]
i =  28 : [46, 117, 118, 143, 224, 246, 289, 301, 313, 370, 439, 462, 472, 518, 755, 997]
i =  29 : [23, 43, 47, 56, 58, 66, 103, 126, 134, 155, 166, 210, 215, 216, 276, 294, 327, 337, 374, 389, 414, 432, 440, 490, 521, 523, 547, 564, 569, 597, 612, 617, 627, 657, 659, 672, 760, 790, 940, 990]
i =  30 : [39, 60, 120, 162, 174, 253, 334, 355, 398, 429, 452, 727]
i =  31 : [181, 473, 535, 631, 661, 705, 719, 735, 761, 771, 794, 804, 807, 816, 821, 838, 849]
i =  32 : [107, 203, 204, 206, 265, 283, 344, 396, 459, 483, 486, 520, 610, 623, 682, 702, 750, 994]
i =  33 : [43, 44, 366, 387, 393, 416, 441, 480, 632, 689, 756, 774, 780, 792, 826, 851, 864, 878, 897]
i =  34 : [25, 27, 81, 83, 114, 146, 169, 186, 209, 251, 575, 975]
i =  35 : [7, 61, 71, 115, 121, 131, 164, 202, 213, 220, 231, 237, 240, 241, 249, 257, 280, 317, 318, 329, 353, 399, 435, 545, 550, 596, 773, 798, 799, 835, 841, 906, 931, 933, 938, 943, 961]
i =  36 : [77, 112, 119, 198, 211, 237, 249, 263, 278, 290, 299, 314, 322, 343, 436, 437, 487, 491, 568, 571, 605, 641, 695, 707, 757, 759, 805, 815, 830, 842, 847, 856, 874, 885, 896, 903, 907, 932, 947, 962, 967, 970, 981, 989]
i =  37 : [86, 150, 214, 259, 333, 376, 391, 446, 524, 566, 593, 614, 616, 635, 676, 680, 686, 741, 965]
i =  38 : [57, 70, 100, 105, 160, 182, 217, 342, 357, 373, 421, 469, 500, 514, 531, 540, 556, 701, 722, 745, 1000]
i =  39 : [4, 8, 36, 45, 109, 208, 270, 271, 285, 291, 382, 402, 418, 442, 607, 945]
i =  40 : [39, 60, 120, 162, 174, 253, 331, 334, 355, 398, 429, 452, 579]
i =  41 : [28, 72, 90, 123, 127, 163, 175, 178, 205, 245, 665]
i =  42 : [128, 297, 302, 345, 448, 466, 508, 528, 548, 649, 654, 664, 687, 713, 715, 724, 996]
i =  43 : [111, 168, 179, 192, 219, 238, 306, 360, 375, 430, 433, 476, 512, 538, 553, 578, 587, 640, 700, 732, 777, 840, 887, 889, 900, 915, 920, 927, 936, 946, 958, 969]
i =  44 : [4, 8, 9, 36, 45, 86, 109, 125, 156, 208, 240, 270, 271, 285, 377, 382, 386, 402, 406, 418, 442, 489, 607, 653, 726, 743, 784, 788, 800, 811, 812, 822, 845, 857, 865, 901, 916, 944, 945, 957]
i =  45 : [1, 195, 279, 320, 351, 381, 390, 392, 404, 431, 505, 511, 526, 572, 590, 598, 685, 704, 731, 785, 786, 951, 980]
i =  46 : [11, 31, 38, 44, 55, 73, 96, 97, 102, 138, 176, 235, 260, 264, 308, 310, 346, 395, 420, 428, 456, 461, 496, 507, 529, 541, 582, 588, 619, 628, 669, 720, 744, 775, 803, 825, 872, 893, 899, 923, 929, 937, 954, 963, 964, 972, 973, 974, 991]
i =  47 : [15, 17, 26, 35, 42, 78, 80, 129, 148, 282, 286, 323, 350, 397, 419, 434, 444, 530, 552, 567, 573, 581, 586, 609, 613, 620, 662, 666, 694, 754, 763, 789, 809, 828, 837, 858, 868, 870, 908, 925, 952, 959, 966]
i =  48 : [40, 53, 67, 104, 136, 142, 155, 166, 181, 185, 189, 215, 243, 247, 248, 252, 275, 294, 315, 356, 362, 374, 378, 383, 385, 389, 414, 415, 432, 450, 457, 458, 473, 484, 492, 502, 532, 535, 536, 551, 564, 569, 588, 612, 625, 627, 631, 661, 705, 719, 761, 762, 771, 794, 804, 807, 816, 821, 838, 849, 930, 950, 956, 968, 990]
i =  49 : [9, 57, 100, 105, 125, 132, 156, 182, 217, 240, 342, 357, 377, 386, 406, 469, 489, 500, 514, 531, 540, 556, 565, 653, 701, 722, 726, 743, 745, 784, 788, 800, 811, 812, 822, 834, 845, 857, 865, 916, 944, 957, 995, 1000]
i =  50 : [200, 269, 410, 479, 546, 558, 570, 577, 580, 584, 600, 629, 642, 643, 670, 721, 818, 820, 848, 871, 876, 877, 884, 886, 902, 905, 912, 948, 949, 978, 979, 982, 983]
i =  51 : [14, 20, 24, 132, 177, 187, 190, 221, 223, 225, 232, 242, 244, 266, 295, 307, 339, 359, 387, 412, 415, 416, 423, 441, 499, 574, 591, 637, 667, 675, 689, 692, 756, 795, 817, 832, 833, 875, 935, 960, 999]
i =  52 : [6, 19, 69, 159, 228, 250, 273, 292, 354, 358, 384, 411, 445, 468, 475, 481, 488, 501, 513, 517, 534, 539, 554, 583, 650, 677, 681, 696, 703, 716, 730, 734, 746, 764, 765, 770, 772, 781, 791, 880, 881, 992]
i =  53 : [47, 66, 102, 103, 126, 134, 140, 167, 264, 297, 335, 364, 371, 420, 422, 467, 508, 525, 599, 708, 710, 769, 787, 823, 831, 860, 862, 883, 898, 911, 919, 973, 996]
i =  54 : [11, 44, 96, 97, 235, 260, 264, 346, 395, 420, 461, 496, 628, 673, 679, 684, 744, 775, 793, 803, 867, 872, 899, 923, 929, 937, 954, 963, 964, 972, 973]
i =  55 : [86, 150, 193, 336, 341, 401, 417, 495, 515, 516, 522, 533, 594, 595, 606, 616, 638, 639, 647, 674, 678, 901, 965]
i =  56 : [77, 112, 198, 233, 239, 249, 299, 319, 322, 343, 408, 437, 491, 571, 641, 742, 757, 759, 805, 815, 829, 830, 839, 842, 847, 856, 874, 896, 903, 907, 932, 947, 953, 962, 967, 981, 985, 989]
i =  57 : [14, 17, 43, 44, 62, 119, 211, 223, 263, 268, 290, 314, 366, 387, 393, 416, 436, 441, 477, 480, 487, 498, 568, 658, 689, 695, 706, 707, 756, 774, 780, 792, 797, 826, 827, 851, 864, 878, 897, 910, 928, 987, 999]
i =  58 : [102, 140, 167, 207, 297, 335, 364, 371, 409, 508, 557, 599, 708, 710, 769, 787, 823, 831, 860, 883, 898, 911, 996]
i =  59 : [71, 121, 131, 149, 158, 164, 257, 268, 280, 317, 318, 326, 328, 347, 405, 413, 427, 435, 463, 494, 504, 537, 545, 550, 585, 601, 604, 690, 717, 767, 773, 798, 799, 835, 841, 906, 931, 933, 943, 961, 984, 988]
i =  60 : [9, 125, 156, 240, 377, 386, 406, 489, 648, 653, 688, 726, 736, 743, 784, 788, 800, 811, 812, 822, 845, 857, 863, 865, 891, 894, 916, 926, 944, 957, 995]
overlapping nodes are:  [1, 4, 7, 8, 9, 11, 13, 14, 16, 17, 20, 21, 23, 24, 31, 32, 36, 38, 39, 40, 43, 44, 45, 47, 48, 53, 55, 57, 58, 59, 60, 61, 62, 65, 66, 67, 71, 73, 74, 75, 76, 77, 84, 86, 93, 96, 97, 100, 102, 103, 104, 105, 109, 112, 115, 119, 120, 121, 125, 126, 130, 131, 132, 134, 135, 136, 137, 138, 140, 142, 150, 152, 155, 156, 162, 164, 166, 167, 170, 173, 174, 181, 182, 185, 187, 189, 190, 191, 195, 198, 202, 208, 210, 211, 212, 213, 215, 216, 217, 220, 222, 223, 225, 226, 229, 231, 233, 235, 237, 239, 240, 241, 242, 243, 244, 247, 248, 249, 252, 253, 254, 257, 258, 260, 263, 264, 266, 268, 270, 271, 272, 274, 275, 276, 277, 278, 279, 280, 285, 288, 290, 294, 295, 297, 298, 299, 302, 304, 308, 310, 312, 314, 315, 317, 318, 319, 320, 321, 322, 327, 329, 332, 334, 335, 337, 339, 340, 342, 343, 345, 346, 351, 352, 353, 355, 356, 357, 362, 364, 365, 366, 367, 368, 371, 372, 374, 377, 378, 380, 381, 382, 383, 385, 386, 387, 389, 390, 392, 393, 394, 395, 398, 399, 402, 403, 404, 406, 408, 414, 415, 416, 418, 420, 423, 428, 429, 431, 432, 435, 436, 437, 440, 441, 442, 448, 450, 451, 452, 456, 457, 458, 461, 463, 464, 466, 469, 471, 473, 474, 478, 480, 484, 487, 489, 490, 491, 492, 496, 500, 502, 503, 505, 506, 508, 509, 511, 514, 519, 523, 528, 531, 532, 535, 536, 540, 541, 543, 545, 547, 548, 550, 551, 555, 556, 564, 568, 569, 571, 572, 579, 582, 588, 590, 592, 597, 598, 599, 602, 607, 608, 611, 612, 616, 617, 619, 625, 627, 628, 631, 633, 635, 641, 649, 653, 654, 657, 659, 661, 664, 665, 669, 672, 675, 685, 687, 689, 695, 701, 704, 705, 707, 708, 710, 713, 715, 719, 720, 722, 723, 724, 726, 731, 737, 743, 744, 745, 752, 756, 757, 759, 761, 762, 769, 771, 773, 774, 775, 780, 783, 784, 785, 786, 787, 788, 792, 794, 798, 799, 800, 803, 804, 805, 807, 811, 812, 815, 816, 821, 822, 823, 826, 830, 831, 835, 838, 841, 842, 845, 847, 849, 851, 853, 856, 857, 860, 864, 865, 866, 872, 874, 878, 883, 890, 891, 892, 896, 897, 898, 899, 901, 903, 904, 906, 907, 911, 913, 916, 917, 918, 923, 926, 928, 929, 930, 931, 932, 933, 934, 935, 937, 938, 940, 943, 944, 945, 947, 953, 954, 956, 957, 960, 961, 962, 963, 964, 965, 967, 968, 970, 971, 972, 973, 976, 977, 979, 980, 981, 989, 990, 991, 995, 996, 999, 1000] 
 NOO is:  454
total time is:  172.827683926
