lens of ground_truth:  50
ground_truth is: [[12, 107, 112, 152, 182, 200, 245, 284, 287, 309, 703, 900], [138, 141, 143, 162, 175, 195, 267, 302, 303, 412, 571, 825, 945, 964], [4, 61, 73, 140, 179, 203, 273, 288, 296, 352, 356, 396, 397, 399, 449, 509, 511, 524, 593, 625, 637, 660, 684, 738, 759, 766, 792, 856, 880, 883, 914, 973, 1000], [42, 127, 161, 269, 283, 304, 344, 393, 395, 444, 451, 461, 530, 547, 554, 568, 616, 621, 695, 718, 723, 724, 760, 797, 804, 818, 824, 852, 858, 886, 908, 976], [11, 21, 34, 66, 147, 178, 181, 196, 241, 289, 687, 782], [85, 164, 185, 194, 217, 221, 311, 419, 642, 754, 914, 936], [27, 32, 133, 177, 261, 284, 331, 358, 366, 370, 437, 460, 525, 536, 540, 542, 552, 690, 701, 710, 755, 782], [5, 26, 100, 206, 220, 247, 271, 338, 351, 433, 456, 459, 478, 492, 541, 566, 614, 668, 683, 707, 711, 740, 757, 759, 770, 772, 795, 821, 828, 835, 845, 879, 900, 932, 973, 978, 988, 996], [4, 23, 38, 115, 139, 304, 321, 359, 365, 384, 443, 586, 596, 611, 649, 659, 672, 676, 715, 721, 722, 755, 762, 768, 775, 778, 793, 842, 850, 918, 923, 924, 929, 931, 933, 944, 949, 950, 975, 981, 983], [2, 89, 104, 140, 152, 153, 212, 228, 234, 244, 310, 340, 350, 360, 381, 385, 401, 432, 499, 508, 528, 560, 582, 626, 653, 734, 752, 777, 819, 831, 837, 838, 862, 874, 910, 934, 937, 946, 948, 955, 958, 961, 962, 963, 976, 977, 984, 991, 996], [35, 93, 94, 126, 168, 248, 297, 321, 330, 340, 371, 372, 546, 628, 629, 649, 650, 665, 696, 750, 807, 845, 902], [90, 124, 225, 243, 246, 254, 263, 307, 308, 369, 394, 398, 422, 475, 515, 533, 534, 558, 609, 624, 647, 680, 708, 741, 830, 857, 876, 899, 901, 922, 940, 975, 985, 993], [13, 35, 42, 45, 53, 58, 85, 100, 176, 298, 319, 343, 362, 363, 440, 445, 457, 463, 489, 570, 572, 588, 612, 678, 680, 692, 747, 773, 785, 826, 827, 833, 872, 897, 904, 946, 994], [81, 113, 151, 188, 255, 371, 464, 477, 504, 535, 537, 550, 606, 619, 639, 652, 669, 725, 748, 834, 871, 951, 974], [26, 39, 43, 52, 83, 120, 150, 293, 473, 847, 902], [9, 146, 149, 176, 259, 306, 355, 447, 452, 474, 495, 497, 515, 517, 532, 539, 595, 605, 656, 668, 726, 745, 756, 764, 780, 807, 811, 865, 960, 979, 994], [8, 22, 50, 92, 96, 108, 123, 137, 513, 922], [31, 175, 239, 328, 351, 368, 401, 402, 434, 471, 516, 547, 589, 651, 677, 698, 769, 869, 877, 894, 960, 971, 982], [62, 67, 159, 163, 214, 260, 275, 317, 603, 724, 889, 990], [25, 70, 128, 199, 212, 213, 227, 232, 274, 278, 305, 313, 339, 386, 481, 555, 617, 638, 689, 697, 714, 715, 768, 783, 797, 812, 844, 893, 920, 940, 979], [18, 31, 105, 130, 202, 275, 294, 334, 418, 484, 518, 556, 612, 622, 628, 661, 685, 758, 825, 860, 869, 889, 972, 998], [15, 54, 83, 106, 144, 251, 272, 301, 330, 345, 571, 573, 586, 589, 646, 688, 814, 831, 905, 989, 1000], [3, 30, 55, 78, 98, 121, 161, 206, 211, 255, 266, 281, 352, 413, 436, 507, 527, 549, 562, 563, 609, 615, 712, 721, 728, 798, 804, 822, 829, 866, 882, 908, 913, 926, 939, 949, 957, 969, 971], [16, 80, 84, 132, 154, 186, 216, 318, 346, 465, 472, 687, 733, 907], [69, 97, 184, 237, 249, 334, 398, 411, 415, 438, 441, 444, 454, 556, 573, 643, 663, 671, 675, 729, 749, 760, 791, 794, 808, 809, 839, 856, 859, 874, 890, 896, 903, 967, 968, 980], [5, 51, 69, 119, 139, 187, 295, 302, 329, 357, 383, 414, 415, 462, 466, 489, 526, 591, 597, 827], [91, 103, 215, 226, 258, 262, 265, 276, 300, 306, 312, 377, 417, 423, 435, 462, 522, 529, 590, 627, 637, 667, 699, 700, 717, 751, 788, 802, 811, 843, 972], [38, 57, 148, 171, 258, 296, 316, 322, 341, 453, 482, 483, 502, 521, 584, 587, 610, 704, 705, 851, 884, 893, 982], [44, 121, 204, 254, 280, 290, 337, 378, 382, 384, 385, 405, 410, 468, 476, 479, 501, 507, 512, 523, 537, 572, 607, 618, 642, 657, 716, 722, 735, 796, 814, 864, 881, 892, 906, 932, 943, 951, 959, 967, 988, 995], [2, 129, 197, 198, 235, 292, 375, 404, 424, 475, 541, 545, 569, 575, 604, 632, 867, 954], [86, 136, 142, 189, 193, 207, 220, 317, 325, 338, 367, 369, 403, 493, 538, 544, 585, 645, 674, 681, 686, 761, 915, 935, 957], [1, 44, 81, 203, 223, 282, 314, 322, 324, 327, 333, 373, 407, 425, 486, 561, 583, 613, 664, 682, 696, 739, 742, 753, 779, 803, 823, 853, 870, 872, 877, 987, 997], [63, 66, 137, 160, 173, 299, 308, 315, 332, 391, 446, 491, 554, 557, 848, 961, 980], [7, 59, 65, 76, 95, 102, 109, 144, 214, 222], [75, 135, 202, 264, 359, 389, 406, 469, 485, 510, 564, 581, 603, 685, 898, 962, 983], [125, 135, 180, 219, 229, 234, 244, 252, 274, 310, 311, 345, 347, 354, 374, 378, 379, 382, 387, 429, 440, 501, 516, 531, 544, 579, 599, 694, 777, 789, 816, 887, 894, 927, 947, 963, 968, 970, 981, 984, 989, 999], [17, 110, 134, 157, 170, 180, 209, 290, 323, 336, 344, 349, 406, 408, 409, 420, 439, 457, 480, 499, 505, 534, 578, 585, 600, 688, 725, 737, 772, 800, 805, 873, 954], [68, 209, 242, 252, 256, 277, 353, 442, 470, 473, 484, 500, 565, 626, 655, 683, 691, 702, 706, 730, 749, 783, 786, 790, 799, 806, 815, 820, 832, 846, 848, 852, 854, 892, 909, 916, 956, 970], [40, 49, 115, 169, 172, 222, 233, 240, 270, 596, 731, 754], [10, 64, 74, 88, 119, 191, 402, 513, 632, 969], [145, 238, 291, 348, 426, 450, 487, 506, 520, 525, 543, 548, 574, 588, 593, 623, 640, 644, 654, 703, 746, 753, 776, 787, 813, 840, 849, 898, 955, 964, 999], [72, 96, 117, 166, 210, 279, 280, 301, 342, 361, 376, 405, 411, 431, 458, 519, 576, 598, 602, 670, 679, 713, 744, 850, 855, 863, 868, 875, 928, 941], [24, 77, 87, 156, 190, 192, 218, 257, 266, 364, 374, 421, 463, 481, 494, 546, 641, 647, 648, 666, 719, 720, 731, 771, 801, 828, 834, 867, 891, 917, 920, 921, 941, 942, 945, 952, 974, 995, 998], [13, 33, 99, 114, 153, 250, 268, 305, 320, 350, 392, 428, 449, 496, 551, 559, 592, 608, 658, 672, 686, 706, 712, 743, 763, 794, 810, 817, 847, 851, 861, 871, 885, 905, 911, 912, 919, 925, 953, 956, 966, 978, 985, 990, 992], [14, 19, 36, 71, 82, 215, 243, 253, 342, 430, 448, 490, 497, 536, 567, 594, 682, 736, 752, 765, 767, 774, 784, 791, 921, 928, 936, 987, 991, 993], [101, 122, 131, 167, 174, 183, 201, 208, 224, 808, 840], [29, 45, 79, 116, 125, 182, 326, 335, 363, 416, 419, 454, 455, 467, 493, 577, 602, 618, 631, 662, 673, 693, 710, 818, 822, 837, 841, 915], [30, 37, 46, 47, 56, 230, 236, 263, 286, 380, 388, 427, 488, 498, 503, 526, 562, 578, 580, 620, 633, 634, 635, 636, 727, 728, 733, 766, 781, 819, 836, 878, 884, 888, 895, 907, 929, 930, 935, 938, 950, 959, 965, 986], [20, 41, 111, 155, 158, 165, 205, 273, 285, 390, 400, 514, 553, 601, 630, 645, 709, 732, 806, 823, 860, 865, 887, 997], [6, 28, 46, 48, 60, 116, 118, 130, 173, 229, 231, 447, 692]]
nodes: [571, 618, 645, 687, 690, 696, 728, 731, 814, 827, 837, 843, 845, 874, 900, 909, 914, 932, 941, 950, 954, 955, 957, 959, 962, 969, 976, 978, 979, 980, 982, 987, 990, 993, 998, 999] num of nodes:  36
[[138, 964, 945, 825, 412, 162, 303, 267, 571], [335, 841, 662, 673, 631, 915, 618], [367, 674, 761, 645, 915, 935], [11, 289, 782, 687, 241, 181, 147, 178, 34], [27, 690, 552, 366, 331, 540, 701], [373, 739, 853, 803, 696, 779, 742], [580, 930, 938, 986, 965, 728, 620, 895], [40, 233, 169, 172, 270, 240, 754, 731, 49], [15, 646, 1000, 905, 989, 814, 251, 831], [51, 357, 591, 597, 827, 383, 187], [508, 837, 977, 958, 984, 734, 948], [226, 522, 843, 667, 802, 529, 435, 751], [126, 750, 650, 629, 845, 168, 665], [643, 874, 890, 859, 675, 903, 839, 671], [12, 900, 309, 200, 112, 287, 107, 245, 703], [353, 909, 815, 730, 832, 854, 820, 799], [164, 936, 754, 914, 217, 221, 185, 194, 642], [492, 770, 932, 973, 996, 879, 795, 711], [376, 868, 713, 875, 855, 863, 744, 679, 670, 941], [762, 944, 924, 931, 950, 918, 983, 793, 933, 842, 923, 775], [198, 424, 404, 375, 569, 954, 604, 575, 545, 235], [734, 977, 958, 937, 910, 838, 963, 984, 955, 948], [436, 939, 913, 882, 926, 829, 957, 798, 549, 822], [634, 930, 965, 895, 938, 986, 878, 959, 635], [264, 962, 898, 389, 485, 581, 983, 564, 685, 469, 510], [413, 866, 939, 913, 615, 926, 882, 969, 829, 798], [734, 977, 958, 937, 910, 838, 934, 996, 976, 862], [817, 992, 911, 885, 978, 861, 912, 905, 925], [232, 812, 617, 844, 714, 689, 979, 768], [160, 961, 491, 391, 299, 332, 848, 315, 980, 557, 446], [368, 971, 769, 677, 434, 982, 471, 698, 894, 960, 869], [997, 870, 853, 742, 987, 803, 613, 664, 739], [392, 992, 966, 911, 885, 861, 817, 953, 990, 912, 925], [307, 899, 876, 558, 830, 901, 993, 533, 857, 741], [418, 998, 661, 758, 860, 972, 518, 825, 889, 622], [379, 816, 947, 789, 927, 999, 694, 970, 599]]
len of cliques:  36
length of seeds:  36
seeds:  [[762, 944, 924, 931, 950, 918, 983, 793, 933, 842, 923, 775], [264, 962, 898, 389, 485, 581, 983, 564, 685, 469, 510], [160, 961, 491, 391, 299, 332, 848, 315, 980, 557, 446], [368, 971, 769, 677, 434, 982, 471, 698, 894, 960, 869], [392, 992, 966, 911, 885, 861, 817, 953, 990, 912, 925], [376, 868, 713, 875, 855, 863, 744, 679, 670, 941], [198, 424, 404, 375, 569, 954, 604, 575, 545, 235], [734, 977, 958, 937, 910, 838, 963, 984, 955, 948], [436, 939, 913, 882, 926, 829, 957, 798, 549, 822], [413, 866, 939, 913, 615, 926, 882, 969, 829, 798], [734, 977, 958, 937, 910, 838, 934, 996, 976, 862], [307, 899, 876, 558, 830, 901, 993, 533, 857, 741], [418, 998, 661, 758, 860, 972, 518, 825, 889, 622], [138, 964, 945, 825, 412, 162, 303, 267, 571], [11, 289, 782, 687, 241, 181, 147, 178, 34], [40, 233, 169, 172, 270, 240, 754, 731, 49], [12, 900, 309, 200, 112, 287, 107, 245, 703], [164, 936, 754, 914, 217, 221, 185, 194, 642], [634, 930, 965, 895, 938, 986, 878, 959, 635], [817, 992, 911, 885, 978, 861, 912, 905, 925], [997, 870, 853, 742, 987, 803, 613, 664, 739], [379, 816, 947, 789, 927, 999, 694, 970, 599], [580, 930, 938, 986, 965, 728, 620, 895], [15, 646, 1000, 905, 989, 814, 251, 831], [226, 522, 843, 667, 802, 529, 435, 751], [643, 874, 890, 859, 675, 903, 839, 671], [353, 909, 815, 730, 832, 854, 820, 799], [492, 770, 932, 973, 996, 879, 795, 711], [232, 812, 617, 844, 714, 689, 979, 768], [335, 841, 662, 673, 631, 915, 618], [27, 690, 552, 366, 331, 540, 701], [373, 739, 853, 803, 696, 779, 742], [51, 357, 591, 597, 827, 383, 187], [508, 837, 977, 958, 984, 734, 948], [126, 750, 650, 629, 845, 168, 665], [367, 674, 761, 645, 915, 935]]
seeds_fitness [0.17983651226158037, 0.16442451420029897, 0.2029520295202952, 0.13205282112845138, 0.18900343642611683, 0.2112676056338028, 0.3488372093023256, 0.10440835266821345, 0.16544117647058823, 0.21377672209026127, 0.10804321728691477, 0.18867924528301888, 0.12278308321964529, 0.1522198731501057, 0.35294117647058826, 0.3257918552036199, 0.2975206611570248, 0.17777777777777778, 0.11650485436893204, 0.10013908205841446, 0.1152, 0.11009174311926606, 0.10486891385767791, 0.07567567567567568, 0.21212121212121213, 0.13176470588235295, 0.14698162729658792, 0.0749665327978581, 0.11666666666666667, 0.11864406779661017, 0.24561403508771928, 0.12844036697247707, 0.2079207920792079, 0.0637329286798179, 0.1875, 0.06912442396313365]
after sort list of tuple: [(14, 0.35294117647058826), (6, 0.3488372093023256), (15, 0.3257918552036199), (16, 0.2975206611570248), (30, 0.24561403508771928), (9, 0.21377672209026127), (24, 0.21212121212121213), (5, 0.2112676056338028), (32, 0.2079207920792079), (2, 0.2029520295202952), (4, 0.18900343642611683), (11, 0.18867924528301888), (34, 0.1875), (0, 0.17983651226158037), (17, 0.17777777777777778), (8, 0.16544117647058823), (1, 0.16442451420029897), (13, 0.1522198731501057), (26, 0.14698162729658792), (3, 0.13205282112845138), (25, 0.13176470588235295), (31, 0.12844036697247707), (12, 0.12278308321964529), (29, 0.11864406779661017), (28, 0.11666666666666667), (18, 0.11650485436893204), (20, 0.1152), (21, 0.11009174311926606), (10, 0.10804321728691477), (22, 0.10486891385767791), (7, 0.10440835266821345), (19, 0.10013908205841446), (23, 0.07567567567567568), (27, 0.0749665327978581), (35, 0.06912442396313365), (33, 0.0637329286798179)]
seeds_sorted [[11, 289, 782, 687, 241, 181, 147, 178, 34], [198, 424, 404, 375, 569, 954, 604, 575, 545, 235], [40, 233, 169, 172, 270, 240, 754, 731, 49], [12, 900, 309, 200, 112, 287, 107, 245, 703], [27, 690, 552, 366, 331, 540, 701], [413, 866, 939, 913, 615, 926, 882, 969, 829, 798], [226, 522, 843, 667, 802, 529, 435, 751], [376, 868, 713, 875, 855, 863, 744, 679, 670, 941], [51, 357, 591, 597, 827, 383, 187], [160, 961, 491, 391, 299, 332, 848, 315, 980, 557, 446], [392, 992, 966, 911, 885, 861, 817, 953, 990, 912, 925], [307, 899, 876, 558, 830, 901, 993, 533, 857, 741], [126, 750, 650, 629, 845, 168, 665], [762, 944, 924, 931, 950, 918, 983, 793, 933, 842, 923, 775], [164, 936, 754, 914, 217, 221, 185, 194, 642], [436, 939, 913, 882, 926, 829, 957, 798, 549, 822], [264, 962, 898, 389, 485, 581, 983, 564, 685, 469, 510], [138, 964, 945, 825, 412, 162, 303, 267, 571], [353, 909, 815, 730, 832, 854, 820, 799], [368, 971, 769, 677, 434, 982, 471, 698, 894, 960, 869], [643, 874, 890, 859, 675, 903, 839, 671], [373, 739, 853, 803, 696, 779, 742], [418, 998, 661, 758, 860, 972, 518, 825, 889, 622], [335, 841, 662, 673, 631, 915, 618], [232, 812, 617, 844, 714, 689, 979, 768], [634, 930, 965, 895, 938, 986, 878, 959, 635], [997, 870, 853, 742, 987, 803, 613, 664, 739], [379, 816, 947, 789, 927, 999, 694, 970, 599], [734, 977, 958, 937, 910, 838, 934, 996, 976, 862], [580, 930, 938, 986, 965, 728, 620, 895], [734, 977, 958, 937, 910, 838, 963, 984, 955, 948], [817, 992, 911, 885, 978, 861, 912, 905, 925], [15, 646, 1000, 905, 989, 814, 251, 831], [492, 770, 932, 973, 996, 879, 795, 711], [367, 674, 761, 645, 915, 935], [508, 837, 977, 958, 984, 734, 948]]
args__________ ([[11, 289, 782, 687, 241, 181, 147, 178, 34], [508, 837, 977, 958, 984, 734, 948]],)
args__________ ([[198, 424, 404, 375, 569, 954, 604, 575, 545, 235], [367, 674, 761, 645, 915, 935]],)
args__________ ([[40, 233, 169, 172, 270, 240, 754, 731, 49], [492, 770, 932, 973, 996, 879, 795, 711]],)
args__________ ([[12, 900, 309, 200, 112, 287, 107, 245, 703], [15, 646, 1000, 905, 989, 814, 251, 831]],)
args__________ ([[27, 690, 552, 366, 331, 540, 701]],)
args__________ ([[413, 866, 939, 913, 615, 926, 882, 969, 829, 798]],)
args__________ ([[226, 522, 843, 667, 802, 529, 435, 751]],)
args__________ ([[376, 868, 713, 875, 855, 863, 744, 679, 670, 941]],)
args__________ ([[51, 357, 591, 597, 827, 383, 187]],)
args__________ ([[160, 961, 491, 391, 299, 332, 848, 315, 980, 557, 446]],)
args__________ ([[392, 992, 966, 911, 885, 861, 817, 953, 990, 912, 925]],)
args__________ ([[307, 899, 876, 558, 830, 901, 993, 533, 857, 741]],)
args__________ ([[126, 750, 650, 629, 845, 168, 665]],)
args__________ ([[762, 944, 924, 931, 950, 918, 983, 793, 933, 842, 923, 775]],)
args__________ ([[164, 936, 754, 914, 217, 221, 185, 194, 642]],)
args__________ ([[436, 939, 913, 882, 926, 829, 957, 798, 549, 822]],)
args__________ ([[264, 962, 898, 389, 485, 581, 983, 564, 685, 469, 510]],)
args__________ ([[138, 964, 945, 825, 412, 162, 303, 267, 571]],)
args__________ ([[353, 909, 815, 730, 832, 854, 820, 799]],)
args__________ ([[368, 971, 769, 677, 434, 982, 471, 698, 894, 960, 869]],)
args__________ ([[643, 874, 890, 859, 675, 903, 839, 671]],)
args__________ ([[373, 739, 853, 803, 696, 779, 742]],)
args__________ ([[418, 998, 661, 758, 860, 972, 518, 825, 889, 622]],)
args__________ ([[335, 841, 662, 673, 631, 915, 618]],)
args__________ ([[232, 812, 617, 844, 714, 689, 979, 768]],)
args__________ ([[634, 930, 965, 895, 938, 986, 878, 959, 635]],)
args__________ ([[997, 870, 853, 742, 987, 803, 613, 664, 739]],)
args__________ ([[379, 816, 947, 789, 927, 999, 694, 970, 599]],)
args__________ ([[734, 977, 958, 937, 910, 838, 934, 996, 976, 862]],)
args__________ ([[580, 930, 938, 986, 965, 728, 620, 895]],)
args__________ ([[734, 977, 958, 937, 910, 838, 963, 984, 955, 948]],)
args__________ ([[817, 992, 911, 885, 978, 861, 912, 905, 925]],)
finish process___________________
seed_node 994
seed_community:  [259, 517, 9, 780, 656, 146, 532, 149, 539, 447, 452, 595, 726, 474, 605, 994, 355, 745, 495, 979, 756, 764]
seed_node 995
seed_community:  [641, 771, 518, 257, 648, 364, 266, 151, 652, 18, 661, 535, 24, 666, 156, 669, 801, 418, 421, 550, 647, 942, 952, 188, 190, 192, 834, 77, 974, 719, 720, 81, 87, 218, 477, 606, 481, 995, 294, 998, 639, 105, 619, 748, 494, 113, 464, 758, 504, 891, 622, 917]
seed_node 988
seed_community:  [512, 906, 523, 657, 405, 254, 280, 537, 410, 796, 476, 44, 943, 479, 735, 204, 716, 337, 468, 988, 607, 864, 618, 881, 501, 121, 378, 507, 382]
seed_node 991
seed_community:  [774, 14, 784, 19, 536, 928, 36, 430, 567, 448, 71, 594, 342, 215, 991, 736, 993, 490, 82, 765, 243, 253, 767]
seed_node 981
seed_community:  [389, 775, 264, 778, 139, 659, 406, 23, 793, 923, 924, 931, 676, 933, 944, 564, 918, 443, 581, 842, 75, 981, 983, 611, 485, 359, 365, 762, 510, 469]
seed_node 985
seed_community:  [260, 763, 392, 268, 13, 911, 912, 658, 22, 919, 925, 159, 33, 163, 551, 810, 428, 559, 817, 50, 990, 953, 62, 320, 608, 67, 966, 592, 985, 92, 861, 350, 96, 99, 992, 743, 108, 496, 114, 885, 8, 250, 123]
seed_node 975
seed_community:  [389, 775, 264, 778, 139, 659, 406, 23, 793, 923, 924, 931, 676, 933, 38, 944, 564, 918, 443, 581, 842, 75, 975, 469, 983, 611, 485, 359, 365, 762, 510]
seed_node 967
seed_community:  [896, 643, 903, 663, 671, 160, 675, 809, 299, 557, 438, 184, 441, 315, 446, 63, 66, 69, 454, 839, 332, 334, 980, 729, 859, 97, 391, 491, 237, 967, 249, 890]
seed_node 968
seed_community:  [896, 643, 903, 663, 415, 160, 675, 809, 299, 557, 438, 184, 441, 671, 446, 63, 66, 69, 454, 839, 968, 332, 334, 980, 729, 859, 97, 315, 391, 491, 237, 967, 249, 890]
seed_node 956
seed_community:  [392, 268, 911, 912, 658, 919, 925, 33, 551, 810, 428, 559, 817, 953, 956, 320, 608, 966, 592, 985, 861, 992, 99, 743, 496, 114, 885, 250, 763]
seed_node 949
seed_community:  [30, 3, 10, 527, 913, 281, 413, 926, 549, 939, 563, 436, 798, 55, 829, 949, 64, 969, 74, 866, 78, 211, 206, 88, 98, 615, 882, 191]
seed_node 951
seed_community:  [648, 535, 652, 151, 537, 156, 669, 550, 951, 188, 190, 834, 77, 974, 464, 81, 477, 606, 619, 748, 113, 504, 639]
seed_node 940
seed_community:  [899, 901, 8, 137, 394, 398, 533, 534, 23, 22, 922, 422, 940, 558, 50, 307, 308, 830, 708, 876, 975, 857, 90, 92, 96, 225, 741, 108, 624, 369, 243, 246, 123, 124, 254]
seed_node 946
seed_community:  [2, 140, 653, 910, 528, 350, 152, 153, 432, 838, 934, 937, 560, 946, 948, 862, 958, 582, 976, 977, 212, 89, 734, 228, 104, 360, 499, 340, 508, 381, 127]
seed_node 929
seed_community:  [388, 620, 781, 23, 580, 30, 929, 930, 37, 938, 427, 46, 47, 286, 950, 56, 836, 965, 727, 986, 230, 488, 380, 236, 878, 498, 503, 888, 633, 634, 635, 636, 895]
seed_node 920
seed_community:  [257, 771, 641, 648, 920, 917, 24, 666, 156, 801, 421, 942, 952, 190, 192, 77, 719, 720, 87, 218, 995, 364, 494, 891]
seed_node 921
seed_community:  [641, 771, 257, 648, 266, 917, 24, 921, 666, 156, 801, 421, 942, 952, 190, 192, 77, 719, 720, 87, 218, 364, 494, 891]
seed_node 904
seed_community:  [897, 747, 773, 904, 785, 414, 678, 295, 298, 45, 176, 946, 51, 53, 329, 826, 827, 445, 319, 833, 457, 463, 466, 597, 343, 591, 58, 570, 100, 357, 489, 362, 363, 187, 383, 85]
seed_node 908
seed_community:  [3, 908, 527, 913, 530, 281, 413, 926, 161, 804, 549, 939, 563, 436, 798, 55, 957, 451, 98, 206, 211, 78, 866, 615, 616, 829, 882, 127]
seed_node 892
seed_community:  [256, 854, 909, 655, 786, 916, 277, 790, 799, 815, 691, 820, 565, 442, 702, 832, 68, 846, 470, 730, 353, 242, 500, 892]
seed_node 893
seed_community:  [704, 705, 610, 483, 453, 584, 521, 171, 482, 851, 148, 341, 502, 587, 57, 316, 893, 884]
seed_node 886
seed_community:  [451, 616, 393, 395, 461, 718, 621, 976, 824, 530, 723, 269, 886, 695, 568, 858, 283, 127]
seed_node 887
seed_community:  [387, 135, 274, 531, 789, 927, 219, 429, 816, 947, 180, 694, 311, 440, 579, 970, 981, 599, 347, 354, 999, 887, 379, 252]
seed_node 865
seed_community:  [1, 514, 390, 12, 400, 20, 155, 285, 158, 287, 165, 41, 309, 823, 709, 200, 205, 601, 860, 865, 732, 997, 107, 111, 112, 245, 630, 553]
seed_node 867
seed_community:  [545, 867, 292, 197, 198, 129, 424, 235, 404, 375, 569, 954, 604, 575]
seed_node 871
seed_community:  [648, 535, 652, 151, 537, 156, 669, 550, 951, 188, 190, 834, 77, 974, 464, 81, 477, 606, 871, 619, 748, 494, 113, 371, 504, 639]
seed_node 872
seed_community:  [1, 514, 390, 779, 400, 742, 20, 407, 664, 282, 155, 285, 158, 803, 165, 425, 327, 44, 561, 823, 314, 324, 709, 583, 203, 333, 205, 81, 853, 601, 987, 732, 613, 223, 739, 870, 486, 872, 111, 373, 630, 41, 553, 997]
seed_node 873
seed_community:  [129, 134, 17, 404, 406, 408, 409, 157, 800, 545, 290, 420, 805, 424, 170, 180, 439, 569, 954, 575, 323, 197, 198, 336, 209, 600, 292, 604, 349, 480, 737, 873, 235, 110, 375, 505]
seed_node 907
seed_community:  [132, 620, 907, 781, 16, 216, 23, 388, 154, 986, 30, 930, 37, 938, 427, 46, 47, 286, 950, 56, 186, 318, 836, 965, 80, 580, 84, 727, 472, 346, 733, 230, 465, 488, 636, 236, 878, 498, 503, 888, 633, 634, 635, 380, 895]
seed_node 856
seed_community:  [896, 643, 903, 663, 671, 160, 675, 809, 299, 557, 438, 184, 441, 315, 446, 63, 66, 69, 454, 967, 332, 334, 980, 856, 729, 859, 97, 391, 491, 237, 839, 249, 890]
seed_node 849
seed_community:  [640, 644, 776, 654, 145, 787, 543, 291, 548, 426, 813, 520, 574, 450, 849, 219, 348, 999, 746, 487, 238, 623, 506]
seed_node 850
seed_community:  [389, 775, 264, 778, 139, 659, 918, 23, 793, 923, 924, 931, 676, 933, 38, 944, 564, 443, 581, 842, 75, 850, 469, 983, 611, 485, 359, 365, 762, 510]
seed_node 852
seed_community:  [451, 616, 393, 42, 395, 461, 718, 621, 976, 824, 530, 723, 269, 886, 695, 568, 852, 858, 283, 127]
seed_node 828
seed_community:  [257, 771, 641, 648, 917, 24, 666, 156, 801, 421, 941, 942, 952, 828, 190, 192, 77, 719, 720, 87, 218, 481, 995, 364, 494, 891]
seed_node 902
seed_community:  [293, 902, 39, 43, 847, 83, 52, 150, 120, 473, 26]
seed_node 806
seed_community:  [256, 854, 909, 655, 786, 916, 277, 790, 799, 806, 815, 691, 820, 565, 442, 702, 832, 68, 846, 470, 730, 353, 242, 500]
seed_node 807
seed_community:  [259, 452, 517, 807, 745, 355, 780, 495, 656, 146, 595, 756, 149, 726, 9, 532, 474, 539, 764, 605, 979]
seed_node 811
seed_community:  [518, 265, 522, 529, 276, 667, 417, 802, 262, 294, 423, 811, 300, 435, 312, 699, 700, 843, 972, 717, 590, 377, 91, 226, 103, 751, 627, 788]
seed_node 818
seed_community:  [451, 530, 616, 393, 42, 395, 621, 718, 461, 824, 818, 723, 269, 886, 695, 568, 858, 283, 127]
seed_node 791
seed_community:  [896, 643, 391, 791, 663, 299, 671, 160, 675, 809, 903, 557, 438, 184, 441, 315, 446, 63, 66, 69, 454, 839, 332, 334, 980, 729, 859, 97, 491, 237, 249, 890]
seed_node 794
seed_community:  [392, 268, 911, 912, 658, 919, 794, 925, 33, 551, 810, 428, 559, 817, 953, 320, 608, 966, 592, 861, 992, 99, 743, 496, 114, 885, 250, 763]
seed_node 797
seed_community:  [451, 616, 393, 395, 461, 718, 269, 824, 530, 723, 886, 695, 568, 127, 858, 283, 797, 621]
seed_node 840
seed_community:  [224, 131, 101, 167, 808, 201, 174, 208, 840, 183, 122]
seed_node 772
seed_community:  [800, 480, 408, 323, 420, 805, 134, 737, 873, 170, 110, 349, 336, 17, 772, 439, 600, 505, 157, 409]
seed_node 783
seed_community:  [768, 128, 386, 783, 278, 25, 555, 812, 689, 697, 70, 199, 714, 844, 339, 213, 313, 227, 232, 617, 979, 638]
seed_node 752
seed_community:  [774, 14, 784, 19, 928, 164, 936, 430, 567, 185, 36, 448, 194, 71, 594, 342, 217, 221, 736, 993, 490, 82, 253, 752, 243, 765, 767]
seed_node 753
seed_community:  [1, 486, 779, 407, 664, 282, 803, 425, 583, 561, 314, 223, 324, 327, 333, 853, 613, 739, 870, 742, 753, 373]
seed_node 755
seed_community:  [611, 676, 933, 38, 775, 842, 139, 923, 365, 944, 931, 659, 918, 755, 23, 793, 762, 443, 924, 778]
seed_node 760
seed_community:  [896, 643, 903, 663, 671, 160, 675, 809, 299, 557, 438, 184, 441, 315, 444, 446, 63, 66, 69, 454, 839, 332, 334, 980, 729, 859, 97, 391, 491, 237, 967, 760, 249, 890]
seed_node 749
seed_community:  [896, 643, 903, 749, 663, 411, 415, 675, 809, 967, 438, 184, 441, 671, 69, 839, 968, 729, 859, 97, 237, 249, 890]
seed_node 706
seed_community:  [256, 854, 909, 655, 786, 916, 277, 790, 799, 815, 691, 820, 565, 442, 956, 702, 832, 706, 68, 846, 470, 730, 353, 242, 500]
seed_node 710
seed_community:  [577, 136, 142, 403, 662, 538, 29, 416, 673, 674, 419, 710, 681, 693, 182, 189, 193, 325, 326, 455, 841, 79, 207, 467, 86, 335, 493, 367, 915, 631, 761, 125]
seed_node 712
seed_community:  [513, 3, 769, 8, 10, 651, 527, 913, 402, 22, 281, 413, 798, 549, 926, 939, 50, 328, 434, 563, 436, 30, 55, 698, 266, 191, 64, 829, 712, 957, 74, 971, 98, 78, 211, 206, 471, 88, 92, 677, 352, 866, 615, 969, 108, 239, 368, 882, 119, 123, 255]
seed_node 715
seed_community:  [611, 676, 933, 38, 359, 762, 778, 715, 365, 944, 775, 443, 931, 139, 918, 23, 793, 659, 923, 924, 842]
seed_node 721
seed_community:  [98, 3, 549, 615, 939, 866, 78, 527, 913, 882, 211, 436, 926, 563, 55, 413, 281, 721, 829, 798]
seed_node 722
seed_community:  [384, 611, 676, 933, 38, 775, 443, 778, 139, 365, 944, 722, 931, 659, 918, 23, 793, 762, 923, 924, 842]
seed_node 724
seed_community:  [67, 260, 163, 392, 114, 275, 724, 990, 214, 889, 603, 317, 62, 159]
seed_node 725
seed_community:  [648, 535, 652, 151, 156, 669, 421, 550, 188, 190, 834, 77, 974, 464, 81, 725, 477, 606, 871, 619, 748, 494, 113, 504, 639]
seed_node 682
seed_community:  [774, 14, 784, 19, 164, 936, 682, 430, 567, 185, 36, 448, 194, 71, 594, 217, 221, 736, 993, 490, 82, 253, 243, 765, 767]
seed_node 683
seed_community:  [256, 854, 909, 655, 786, 916, 277, 790, 799, 683, 815, 691, 820, 565, 442, 956, 702, 832, 68, 846, 470, 730, 353, 242, 500]
seed_node 686
seed_community:  [392, 268, 911, 912, 658, 919, 925, 33, 551, 810, 428, 686, 559, 817, 953, 320, 608, 966, 592, 861, 992, 99, 743, 496, 114, 885, 250, 763]
seed_node 692
seed_community:  [130, 229, 6, 231, 60, 48, 692, 118, 116, 28, 447]
seed_node 668
seed_community:  [770, 900, 5, 12, 271, 835, 26, 795, 668, 541, 287, 433, 309, 566, 821, 707, 711, 456, 459, 978, 757, 740, 220, 996, 478, 100, 614, 107, 492, 879, 112, 245, 247, 200]
seed_node 672
seed_community:  [392, 268, 911, 912, 658, 919, 925, 672, 33, 551, 810, 428, 559, 817, 953, 320, 608, 966, 592, 861, 992, 99, 743, 496, 114, 885, 250, 763]
seed_node 680
seed_community:  [513, 899, 901, 263, 8, 137, 394, 533, 534, 857, 22, 922, 422, 680, 558, 50, 307, 308, 830, 708, 993, 876, 975, 88, 985, 90, 92, 225, 741, 108, 624, 243, 246, 123, 124]
seed_node 632
seed_community:  [64, 513, 8, 969, 10, 108, 402, 96, 632, 50, 22, 119, 88, 137, 123, 92, 74, 191]
seed_node 649
seed_community:  [775, 649, 778, 139, 659, 918, 23, 793, 923, 924, 931, 676, 933, 38, 944, 443, 321, 842, 611, 359, 365, 762]
seed_node 596
seed_community:  [194, 164, 40, 233, 172, 270, 240, 49, 754, 115, 596, 85, 169, 185, 217, 731, 221, 222]
seed_node 602
seed_community:  [342, 519, 14, 279, 670, 928, 166, 679, 430, 431, 576, 72, 713, 458, 850, 598, 855, 602, 863, 96, 868, 744, 361, 875, 210, 117, 376]
seed_node 609
seed_community:  [899, 901, 8, 137, 394, 398, 533, 534, 23, 22, 922, 422, 940, 558, 50, 307, 308, 830, 708, 609, 876, 975, 857, 90, 92, 96, 225, 741, 108, 624, 369, 243, 246, 123, 124, 254]
seed_node 626
seed_community:  [2, 140, 653, 910, 528, 350, 152, 153, 432, 582, 934, 937, 560, 948, 862, 310, 958, 228, 838, 976, 977, 212, 89, 734, 996, 104, 360, 626, 499, 340, 508, 381]
seed_node 562
seed_community:  [98, 3, 549, 615, 939, 882, 78, 527, 913, 562, 211, 436, 798, 563, 55, 413, 281, 866, 829, 926]
seed_node 572
seed_community:  [833, 363, 773, 678, 897, 904, 298, 747, 445, 570, 785, 53, 343, 826, 58, 572, 362, 319]
seed_node 578
seed_community:  [388, 236, 781, 836, 286, 930, 37, 938, 427, 46, 47, 56, 959, 578, 580, 965, 727, 986, 230, 488, 380, 620, 878, 498, 503, 888, 633, 634, 635, 636, 895]
seed_node 585
seed_community:  [193, 674, 325, 136, 681, 142, 367, 403, 86, 585, 761, 538, 207, 915, 189]
seed_node 588
seed_community:  [833, 570, 773, 678, 897, 904, 362, 747, 588, 463, 785, 58, 53, 343, 826, 298, 445, 319]
seed_node 525
seed_community:  [32, 133, 358, 552, 331, 460, 525, 366, 177, 370, 437, 690, 27, 540, 701, 542, 261]
seed_node 526
seed_community:  [357, 295, 329, 526, 591, 466, 51, 597, 187, 414, 383]
seed_node 544
seed_community:  [544, 193, 674, 325, 136, 681, 686, 207, 403, 142, 86, 761, 538, 367, 189]
seed_node 546
seed_community:  [257, 771, 518, 641, 648, 266, 18, 917, 24, 921, 666, 156, 801, 418, 421, 294, 942, 952, 190, 192, 546, 77, 720, 87, 218, 719, 481, 998, 105, 364, 494, 758, 891, 622, 661]
seed_node 547
seed_community:  [769, 516, 651, 401, 402, 31, 547, 677, 175, 434, 698, 960, 328, 971, 589, 982, 471, 351, 869, 877, 239, 368, 894]
seed_node 554
seed_community:  [160, 961, 66, 299, 391, 137, 554, 491, 332, 557, 173, 848, 980, 315, 446, 63]
seed_node 475
seed_community:  [545, 867, 292, 197, 198, 129, 424, 235, 404, 375, 569, 954, 475, 604, 575]
seed_node 497
seed_community:  [769, 259, 517, 9, 651, 780, 239, 656, 146, 532, 149, 539, 677, 807, 434, 698, 447, 960, 452, 328, 595, 726, 471, 474, 605, 865, 355, 745, 495, 368, 497, 756, 764]
seed_node 515
seed_community:  [513, 515, 901, 263, 8, 137, 394, 899, 533, 534, 857, 22, 922, 422, 680, 558, 50, 307, 308, 830, 708, 225, 876, 975, 88, 985, 90, 92, 993, 741, 108, 624, 243, 246, 123, 124]
seed_node 462
seed_community:  [357, 295, 329, 462, 591, 466, 51, 597, 187, 414, 383]
seed_node 374
seed_community:  [387, 516, 646, 135, 15, 272, 274, 531, 789, 927, 347, 429, 816, 947, 310, 311, 440, 579, 54, 981, 599, 345, 219, 989, 354, 379, 106, 694, 374, 251, 252, 125, 963]
seed_node 304
seed_community:  [384, 775, 778, 139, 659, 918, 23, 793, 923, 924, 304, 931, 676, 933, 944, 443, 842, 981, 611, 359, 365, 115, 762]
seed_node 305
seed_community:  [861, 392, 268, 911, 912, 658, 919, 153, 925, 33, 551, 810, 428, 559, 305, 953, 320, 992, 706, 966, 592, 817, 608, 99, 743, 496, 114, 885, 250, 763]
seed_node 306
seed_community:  [262, 265, 522, 529, 276, 667, 417, 802, 423, 300, 306, 435, 312, 699, 700, 843, 717, 590, 91, 226, 103, 751, 627, 788, 377]
seed_node 322
seed_community:  [704, 705, 322, 483, 453, 584, 521, 171, 610, 482, 851, 148, 341, 502, 587, 57, 316]
seed_node 338
seed_community:  [770, 900, 5, 12, 271, 707, 152, 26, 795, 284, 541, 287, 932, 988, 433, 309, 566, 821, 835, 711, 456, 459, 204, 973, 206, 338, 757, 220, 478, 740, 614, 107, 492, 879, 112, 245, 247, 200]
seed_node 344
seed_community:  [344, 451, 616, 393, 395, 908, 621, 718, 269, 824, 530, 723, 886, 695, 568, 461, 283, 858, 127]
seed_node 258
seed_community:  [258, 262, 265, 522, 529, 788, 667, 417, 802, 423, 300, 435, 312, 699, 700, 843, 717, 590, 377, 91, 226, 103, 751, 627, 276]
seed_node 35
seed_community:  [35, 168, 297, 650, 126, 750, 372, 629, 248, 665, 93, 94]
i =  0 [289, 34, 196, 11, 66, 782, 687, 241, 178, 147, 181, 21]
i =  1 [385, 2, 387, 516, 389, 135, 264, 777, 140, 653, 910, 557, 528, 401, 531, 789, 406, 345, 153, 947, 927, 160, 560, 347, 862, 838, 934, 937, 391, 429, 125, 432, 819, 180, 734, 310, 510, 564, 948, 446, 816, 961, 962, 579, 581, 582, 75, 332, 977, 212, 469, 599, 88, 89, 984, 219, 350, 354, 315, 228, 485, 104, 63, 234, 491, 694, 360, 837, 499, 244, 958, 963, 501, 340, 379, 508, 381, 299]
i =  2 [545, 292, 197, 198, 129, 424, 235, 404, 375, 569, 954, 604, 575]
i =  3 [193, 674, 645, 935, 136, 681, 142, 367, 369, 403, 86, 761, 538, 207, 915, 189, 325]
i =  4 [194, 164, 40, 233, 172, 270, 240, 49, 754, 115, 85, 169, 185, 217, 731, 221, 222]
i =  5 [770, 900, 5, 12, 271, 835, 26, 795, 284, 541, 287, 932, 433, 821, 566, 309, 707, 711, 456, 459, 973, 245, 996, 478, 740, 614, 107, 492, 879, 112, 757, 247, 200]
i =  6 [245, 900, 200, 107, 12, 112, 309, 182, 152, 703, 284, 287]
i =  7 [4, 646, 905, 524, 397, 15, 272, 273, 914, 660, 217, 792, 288, 164, 296, 684, 301, 814, 221, 688, 179, 54, 311, 185, 571, 637, 573, 831, 449, 194, 586, 73, 330, 203, 589, 593, 83, 345, 399, 989, 144, 738, 356, 1000, 106, 61, 880, 625, 140, 883, 759, 396, 251, 509, 766, 511]
i =  8 [32, 133, 358, 552, 331, 460, 370, 366, 177, 690, 437, 27, 540, 701, 542, 261]
i =  9 [30, 3, 10, 527, 913, 281, 413, 926, 549, 939, 563, 436, 798, 55, 829, 191, 64, 969, 74, 98, 78, 211, 206, 88, 866, 615, 882]
i =  10 [262, 265, 522, 529, 276, 667, 417, 802, 423, 300, 435, 312, 699, 700, 843, 717, 590, 91, 226, 103, 751, 627, 788, 377]
i =  11 [576, 868, 166, 679, 744, 713, 458, 875, 941, 519, 431, 72, 210, 117, 598, 279, 376, 855, 361, 670, 863]
i =  12 [827, 357, 295, 329, 591, 466, 51, 597, 187, 414, 383]
i =  13 [160, 961, 66, 299, 391, 137, 491, 332, 557, 173, 848, 980, 315, 446, 63]
i =  14 [260, 392, 268, 13, 911, 912, 658, 22, 919, 925, 159, 33, 163, 551, 810, 428, 559, 817, 50, 953, 62, 320, 96, 67, 966, 592, 92, 861, 990, 608, 99, 992, 743, 108, 496, 114, 123, 885, 8, 250, 763]
i =  15 [899, 901, 8, 108, 394, 533, 22, 922, 422, 558, 50, 307, 830, 708, 993, 857, 90, 92, 225, 741, 876, 624, 243, 246, 123, 124]
i =  16 [168, 297, 650, 94, 845, 750, 372, 629, 248, 665, 93, 126]
i =  17 [389, 775, 264, 778, 139, 659, 918, 23, 793, 923, 924, 931, 676, 933, 944, 564, 950, 443, 581, 842, 75, 469, 983, 611, 485, 359, 365, 762, 510]
i =  18 [194, 419, 164, 936, 169, 172, 914, 270, 240, 49, 754, 40, 85, 642, 311, 185, 217, 233, 221]
i =  19 [98, 3, 549, 211, 615, 957, 939, 866, 78, 527, 913, 882, 563, 436, 798, 822, 55, 281, 829, 413, 926]
i =  20 [962, 389, 359, 264, 202, 75, 685, 564, 469, 406, 983, 485, 898, 603, 135, 510, 581]
i =  21 [162, 195, 964, 138, 267, 141, 302, 143, 945, 303, 175, 825, 571, 412]
i =  22 [256, 854, 909, 655, 786, 916, 277, 790, 799, 815, 691, 820, 565, 442, 702, 832, 68, 846, 470, 730, 353, 242, 500]
i =  23 [769, 516, 651, 401, 402, 31, 677, 175, 434, 698, 960, 328, 971, 589, 982, 471, 351, 869, 877, 239, 368, 894]
i =  24 [896, 97, 675, 69, 729, 903, 809, 874, 839, 237, 643, 438, 663, 184, 441, 890, 249, 859, 671]
i =  25 [1, 779, 870, 407, 664, 282, 803, 425, 583, 561, 696, 314, 223, 324, 327, 333, 853, 613, 739, 742, 486, 373]
i =  26 [130, 260, 389, 518, 7, 264, 138, 267, 141, 143, 144, 18, 275, 276, 661, 406, 412, 159, 417, 418, 163, 262, 294, 556, 685, 303, 91, 564, 825, 31, 317, 62, 65, 67, 581, 76, 202, 75, 972, 162, 334, 469, 214, 484, 603, 860, 222, 95, 59, 612, 485, 998, 359, 105, 109, 622, 628, 758, 889, 102, 510, 195]
i =  27 [193, 136, 142, 403, 662, 538, 29, 416, 673, 674, 681, 693, 182, 189, 577, 325, 326, 455, 841, 79, 335, 467, 86, 207, 618, 493, 367, 915, 116, 631, 761, 125]
i =  28 [768, 128, 386, 227, 70, 199, 232, 812, 714, 555, 844, 697, 689, 979, 213, 278, 617, 25, 313, 638, 339]
i =  29 [388, 236, 781, 836, 286, 930, 37, 938, 427, 46, 47, 56, 959, 580, 965, 727, 986, 230, 488, 636, 620, 878, 498, 503, 888, 633, 634, 635, 380, 895]
i =  30 [1, 514, 390, 486, 779, 400, 20, 870, 407, 664, 282, 155, 285, 158, 803, 165, 425, 583, 44, 561, 823, 314, 324, 709, 327, 203, 333, 205, 81, 853, 601, 987, 732, 223, 739, 613, 742, 111, 373, 630, 41, 553, 997]
i =  31 [387, 135, 274, 531, 789, 927, 347, 429, 816, 947, 180, 694, 311, 440, 579, 970, 599, 219, 354, 999, 379, 252]
i =  32 [2, 140, 653, 910, 528, 152, 153, 734, 560, 582, 934, 937, 432, 948, 350, 958, 228, 838, 976, 977, 212, 89, 862, 996, 104, 360, 499, 340, 508, 381, 127]
i =  33 [388, 236, 781, 836, 286, 930, 37, 938, 427, 46, 47, 56, 580, 965, 727, 728, 986, 230, 488, 636, 620, 878, 498, 503, 888, 633, 634, 635, 380, 895]
i =  34 [385, 2, 387, 516, 389, 135, 264, 777, 140, 653, 910, 557, 528, 401, 531, 350, 789, 406, 345, 153, 927, 160, 560, 180, 838, 934, 937, 391, 429, 432, 947, 564, 734, 310, 381, 948, 347, 955, 446, 816, 961, 962, 963, 581, 582, 75, 332, 977, 340, 469, 599, 88, 89, 219, 862, 354, 315, 228, 485, 360, 63, 234, 491, 694, 104, 579, 499, 984, 958, 299, 501, 212, 510, 379, 508, 244, 819]
i =  35 [392, 905, 268, 13, 911, 912, 658, 22, 919, 925, 33, 551, 810, 428, 559, 817, 50, 953, 320, 96, 966, 592, 978, 15, 92, 861, 608, 99, 992, 743, 108, 496, 114, 123, 885, 8, 250, 763]
i =  36 [259, 517, 9, 780, 656, 146, 532, 149, 539, 447, 452, 595, 726, 474, 605, 994, 355, 745, 495, 979, 756, 764]
i =  37 [641, 771, 518, 257, 648, 364, 266, 151, 652, 18, 661, 535, 24, 666, 156, 669, 801, 418, 421, 550, 647, 942, 952, 188, 190, 192, 834, 77, 974, 719, 720, 81, 87, 218, 477, 606, 481, 995, 294, 998, 639, 105, 619, 748, 494, 113, 464, 758, 504, 891, 622, 917]
i =  38 [512, 906, 523, 657, 405, 254, 280, 537, 410, 796, 476, 44, 943, 479, 735, 204, 716, 337, 468, 988, 607, 864, 618, 881, 501, 121, 378, 507, 382]
i =  39 [774, 14, 784, 19, 536, 928, 36, 430, 567, 448, 71, 594, 342, 215, 991, 736, 993, 490, 82, 765, 243, 253, 767]
i =  40 [389, 775, 264, 778, 139, 659, 406, 23, 793, 923, 924, 931, 676, 933, 944, 564, 918, 443, 581, 842, 75, 981, 983, 611, 485, 359, 365, 762, 510, 469]
i =  41 [260, 763, 392, 268, 13, 911, 912, 658, 22, 919, 925, 159, 33, 163, 551, 810, 428, 559, 817, 50, 990, 953, 62, 320, 608, 67, 966, 592, 985, 92, 861, 350, 96, 99, 992, 743, 108, 496, 114, 885, 8, 250, 123]
i =  42 [389, 775, 264, 778, 139, 659, 406, 23, 793, 923, 924, 931, 676, 933, 38, 944, 564, 918, 443, 581, 842, 75, 975, 469, 983, 611, 485, 359, 365, 762, 510]
i =  43 [896, 643, 903, 663, 671, 160, 675, 809, 299, 557, 438, 184, 441, 315, 446, 63, 66, 69, 454, 839, 332, 334, 980, 729, 859, 97, 391, 491, 237, 967, 249, 890]
i =  44 [896, 643, 903, 663, 415, 160, 675, 809, 299, 557, 438, 184, 441, 671, 446, 63, 66, 69, 454, 839, 968, 332, 334, 980, 729, 859, 97, 315, 391, 491, 237, 967, 249, 890]
i =  45 [392, 268, 911, 912, 658, 919, 925, 33, 551, 810, 428, 559, 817, 953, 956, 320, 608, 966, 592, 985, 861, 992, 99, 743, 496, 114, 885, 250, 763]
i =  46 [30, 3, 10, 527, 913, 281, 413, 926, 549, 939, 563, 436, 798, 55, 829, 949, 64, 969, 74, 866, 78, 211, 206, 88, 98, 615, 882, 191]
i =  47 [648, 535, 652, 151, 537, 156, 669, 550, 951, 188, 190, 834, 77, 974, 464, 81, 477, 606, 619, 748, 113, 504, 639]
i =  48 [899, 901, 8, 137, 394, 398, 533, 534, 23, 22, 922, 422, 940, 558, 50, 307, 308, 830, 708, 876, 975, 857, 90, 92, 96, 225, 741, 108, 624, 369, 243, 246, 123, 124, 254]
i =  49 [2, 140, 653, 910, 528, 350, 152, 153, 432, 838, 934, 937, 560, 946, 948, 862, 958, 582, 976, 977, 212, 89, 734, 228, 104, 360, 499, 340, 508, 381, 127]
i =  50 [388, 620, 781, 23, 580, 30, 929, 930, 37, 938, 427, 46, 47, 286, 950, 56, 836, 965, 727, 986, 230, 488, 380, 236, 878, 498, 503, 888, 633, 634, 635, 636, 895]
i =  51 [257, 771, 641, 648, 920, 917, 24, 666, 156, 801, 421, 942, 952, 190, 192, 77, 719, 720, 87, 218, 995, 364, 494, 891]
i =  52 [641, 771, 257, 648, 266, 917, 24, 921, 666, 156, 801, 421, 942, 952, 190, 192, 77, 719, 720, 87, 218, 364, 494, 891]
i =  53 [897, 747, 773, 904, 785, 414, 678, 295, 298, 45, 176, 946, 51, 53, 329, 826, 827, 445, 319, 833, 457, 463, 466, 597, 343, 591, 58, 570, 100, 357, 489, 362, 363, 187, 383, 85]
i =  54 [3, 908, 527, 913, 530, 281, 413, 926, 161, 804, 549, 939, 563, 436, 798, 55, 957, 451, 98, 206, 211, 78, 866, 615, 616, 829, 882, 127]
i =  55 [256, 854, 909, 655, 786, 916, 277, 790, 799, 815, 691, 820, 565, 442, 702, 832, 68, 846, 470, 730, 353, 242, 500, 892]
i =  56 [704, 705, 610, 483, 453, 584, 521, 171, 482, 851, 148, 341, 502, 587, 57, 316, 893, 884]
i =  57 [451, 616, 393, 395, 461, 718, 621, 976, 824, 530, 723, 269, 886, 695, 568, 858, 283, 127]
i =  58 [387, 135, 274, 531, 789, 927, 219, 429, 816, 947, 180, 694, 311, 440, 579, 970, 981, 599, 347, 354, 999, 887, 379, 252]
i =  59 [1, 514, 390, 12, 400, 20, 155, 285, 158, 287, 165, 41, 309, 823, 709, 200, 205, 601, 860, 865, 732, 997, 107, 111, 112, 245, 630, 553]
i =  60 [545, 867, 292, 197, 198, 129, 424, 235, 404, 375, 569, 954, 604, 575]
i =  61 [648, 535, 652, 151, 537, 156, 669, 550, 951, 188, 190, 834, 77, 974, 464, 81, 477, 606, 871, 619, 748, 494, 113, 371, 504, 639]
i =  62 [1, 514, 390, 779, 400, 742, 20, 407, 664, 282, 155, 285, 158, 803, 165, 425, 327, 44, 561, 823, 314, 324, 709, 583, 203, 333, 205, 81, 853, 601, 987, 732, 613, 223, 739, 870, 486, 872, 111, 373, 630, 41, 553, 997]
i =  63 [129, 134, 17, 404, 406, 408, 409, 157, 800, 545, 290, 420, 805, 424, 170, 180, 439, 569, 954, 575, 323, 197, 198, 336, 209, 600, 292, 604, 349, 480, 737, 873, 235, 110, 375, 505]
i =  64 [132, 620, 907, 781, 16, 216, 23, 388, 154, 986, 30, 930, 37, 938, 427, 46, 47, 286, 950, 56, 186, 318, 836, 965, 80, 580, 84, 727, 472, 346, 733, 230, 465, 488, 636, 236, 878, 498, 503, 888, 633, 634, 635, 380, 895]
i =  65 [896, 643, 903, 663, 671, 160, 675, 809, 299, 557, 438, 184, 441, 315, 446, 63, 66, 69, 454, 967, 332, 334, 980, 856, 729, 859, 97, 391, 491, 237, 839, 249, 890]
i =  66 [640, 644, 776, 654, 145, 787, 543, 291, 548, 426, 813, 520, 574, 450, 849, 219, 348, 999, 746, 487, 238, 623, 506]
i =  67 [389, 775, 264, 778, 139, 659, 918, 23, 793, 923, 924, 931, 676, 933, 38, 944, 564, 443, 581, 842, 75, 850, 469, 983, 611, 485, 359, 365, 762, 510]
i =  68 [451, 616, 393, 42, 395, 461, 718, 621, 976, 824, 530, 723, 269, 886, 695, 568, 852, 858, 283, 127]
i =  69 [257, 771, 641, 648, 917, 24, 666, 156, 801, 421, 941, 942, 952, 828, 190, 192, 77, 719, 720, 87, 218, 481, 995, 364, 494, 891]
i =  70 [293, 902, 39, 43, 847, 83, 52, 150, 120, 473, 26]
i =  71 [256, 854, 909, 655, 786, 916, 277, 790, 799, 806, 815, 691, 820, 565, 442, 702, 832, 68, 846, 470, 730, 353, 242, 500]
i =  72 [259, 452, 517, 807, 745, 355, 780, 495, 656, 146, 595, 756, 149, 726, 9, 532, 474, 539, 764, 605, 979]
i =  73 [518, 265, 522, 529, 276, 667, 417, 802, 262, 294, 423, 811, 300, 435, 312, 699, 700, 843, 972, 717, 590, 377, 91, 226, 103, 751, 627, 788]
i =  74 [451, 530, 616, 393, 42, 395, 621, 718, 461, 824, 818, 723, 269, 886, 695, 568, 858, 283, 127]
i =  75 [896, 643, 391, 791, 663, 299, 671, 160, 675, 809, 903, 557, 438, 184, 441, 315, 446, 63, 66, 69, 454, 839, 332, 334, 980, 729, 859, 97, 491, 237, 249, 890]
i =  76 [392, 268, 911, 912, 658, 919, 794, 925, 33, 551, 810, 428, 559, 817, 953, 320, 608, 966, 592, 861, 992, 99, 743, 496, 114, 885, 250, 763]
i =  77 [451, 616, 393, 395, 461, 718, 269, 824, 530, 723, 886, 695, 568, 127, 858, 283, 797, 621]
i =  78 [224, 131, 101, 167, 808, 201, 174, 208, 840, 183, 122]
i =  79 [800, 480, 408, 323, 420, 805, 134, 737, 873, 170, 110, 349, 336, 17, 772, 439, 600, 505, 157, 409]
i =  80 [768, 128, 386, 783, 278, 25, 555, 812, 689, 697, 70, 199, 714, 844, 339, 213, 313, 227, 232, 617, 979, 638]
i =  81 [774, 14, 784, 19, 928, 164, 936, 430, 567, 185, 36, 448, 194, 71, 594, 342, 217, 221, 736, 993, 490, 82, 253, 752, 243, 765, 767]
i =  82 [1, 486, 779, 407, 664, 282, 803, 425, 583, 561, 314, 223, 324, 327, 333, 853, 613, 739, 870, 742, 753, 373]
i =  83 [611, 676, 933, 38, 775, 842, 139, 923, 365, 944, 931, 659, 918, 755, 23, 793, 762, 443, 924, 778]
i =  84 [896, 643, 903, 663, 671, 160, 675, 809, 299, 557, 438, 184, 441, 315, 444, 446, 63, 66, 69, 454, 839, 332, 334, 980, 729, 859, 97, 391, 491, 237, 967, 760, 249, 890]
i =  85 [896, 643, 903, 749, 663, 411, 415, 675, 809, 967, 438, 184, 441, 671, 69, 839, 968, 729, 859, 97, 237, 249, 890]
i =  86 [256, 854, 909, 655, 786, 916, 277, 790, 799, 815, 691, 820, 565, 442, 956, 702, 832, 706, 68, 846, 470, 730, 353, 242, 500]
i =  87 [577, 136, 142, 403, 662, 538, 29, 416, 673, 674, 419, 710, 681, 693, 182, 189, 193, 325, 326, 455, 841, 79, 207, 467, 86, 335, 493, 367, 915, 631, 761, 125]
i =  88 [513, 3, 769, 8, 10, 651, 527, 913, 402, 22, 281, 413, 798, 549, 926, 939, 50, 328, 434, 563, 436, 30, 55, 698, 266, 191, 64, 829, 712, 957, 74, 971, 98, 78, 211, 206, 471, 88, 92, 677, 352, 866, 615, 969, 108, 239, 368, 882, 119, 123, 255]
i =  89 [611, 676, 933, 38, 359, 762, 778, 715, 365, 944, 775, 443, 931, 139, 918, 23, 793, 659, 923, 924, 842]
i =  90 [98, 3, 549, 615, 939, 866, 78, 527, 913, 882, 211, 436, 926, 563, 55, 413, 281, 721, 829, 798]
i =  91 [384, 611, 676, 933, 38, 775, 443, 778, 139, 365, 944, 722, 931, 659, 918, 23, 793, 762, 923, 924, 842]
i =  92 [67, 260, 163, 392, 114, 275, 724, 990, 214, 889, 603, 317, 62, 159]
i =  93 [648, 535, 652, 151, 156, 669, 421, 550, 188, 190, 834, 77, 974, 464, 81, 725, 477, 606, 871, 619, 748, 494, 113, 504, 639]
i =  94 [774, 14, 784, 19, 164, 936, 682, 430, 567, 185, 36, 448, 194, 71, 594, 217, 221, 736, 993, 490, 82, 253, 243, 765, 767]
i =  95 [256, 854, 909, 655, 786, 916, 277, 790, 799, 683, 815, 691, 820, 565, 442, 956, 702, 832, 68, 846, 470, 730, 353, 242, 500]
i =  96 [392, 268, 911, 912, 658, 919, 925, 33, 551, 810, 428, 686, 559, 817, 953, 320, 608, 966, 592, 861, 992, 99, 743, 496, 114, 885, 250, 763]
i =  97 [130, 229, 6, 231, 60, 48, 692, 118, 116, 28, 447]
i =  98 [770, 900, 5, 12, 271, 835, 26, 795, 668, 541, 287, 433, 309, 566, 821, 707, 711, 456, 459, 978, 757, 740, 220, 996, 478, 100, 614, 107, 492, 879, 112, 245, 247, 200]
i =  99 [392, 268, 911, 912, 658, 919, 925, 672, 33, 551, 810, 428, 559, 817, 953, 320, 608, 966, 592, 861, 992, 99, 743, 496, 114, 885, 250, 763]
i =  100 [513, 899, 901, 263, 8, 137, 394, 533, 534, 857, 22, 922, 422, 680, 558, 50, 307, 308, 830, 708, 993, 876, 975, 88, 985, 90, 92, 225, 741, 108, 624, 243, 246, 123, 124]
i =  101 [64, 513, 8, 969, 10, 108, 402, 96, 632, 50, 22, 119, 88, 137, 123, 92, 74, 191]
i =  102 [775, 649, 778, 139, 659, 918, 23, 793, 923, 924, 931, 676, 933, 38, 944, 443, 321, 842, 611, 359, 365, 762]
i =  103 [194, 164, 40, 233, 172, 270, 240, 49, 754, 115, 596, 85, 169, 185, 217, 731, 221, 222]
i =  104 [342, 519, 14, 279, 670, 928, 166, 679, 430, 431, 576, 72, 713, 458, 850, 598, 855, 602, 863, 96, 868, 744, 361, 875, 210, 117, 376]
i =  105 [899, 901, 8, 137, 394, 398, 533, 534, 23, 22, 922, 422, 940, 558, 50, 307, 308, 830, 708, 609, 876, 975, 857, 90, 92, 96, 225, 741, 108, 624, 369, 243, 246, 123, 124, 254]
i =  106 [2, 140, 653, 910, 528, 350, 152, 153, 432, 582, 934, 937, 560, 948, 862, 310, 958, 228, 838, 976, 977, 212, 89, 734, 996, 104, 360, 626, 499, 340, 508, 381]
i =  107 [98, 3, 549, 615, 939, 882, 78, 527, 913, 562, 211, 436, 798, 563, 55, 413, 281, 866, 829, 926]
i =  108 [833, 363, 773, 678, 897, 904, 298, 747, 445, 570, 785, 53, 343, 826, 58, 572, 362, 319]
i =  109 [388, 236, 781, 836, 286, 930, 37, 938, 427, 46, 47, 56, 959, 578, 580, 965, 727, 986, 230, 488, 380, 620, 878, 498, 503, 888, 633, 634, 635, 636, 895]
i =  110 [193, 674, 325, 136, 681, 142, 367, 403, 86, 585, 761, 538, 207, 915, 189]
i =  111 [833, 570, 773, 678, 897, 904, 362, 747, 588, 463, 785, 58, 53, 343, 826, 298, 445, 319]
i =  112 [32, 133, 358, 552, 331, 460, 525, 366, 177, 370, 437, 690, 27, 540, 701, 542, 261]
i =  113 [357, 295, 329, 526, 591, 466, 51, 597, 187, 414, 383]
i =  114 [544, 193, 674, 325, 136, 681, 686, 207, 403, 142, 86, 761, 538, 367, 189]
i =  115 [257, 771, 518, 641, 648, 266, 18, 917, 24, 921, 666, 156, 801, 418, 421, 294, 942, 952, 190, 192, 546, 77, 720, 87, 218, 719, 481, 998, 105, 364, 494, 758, 891, 622, 661]
i =  116 [769, 516, 651, 401, 402, 31, 547, 677, 175, 434, 698, 960, 328, 971, 589, 982, 471, 351, 869, 877, 239, 368, 894]
i =  117 [160, 961, 66, 299, 391, 137, 554, 491, 332, 557, 173, 848, 980, 315, 446, 63]
i =  118 [545, 867, 292, 197, 198, 129, 424, 235, 404, 375, 569, 954, 475, 604, 575]
i =  119 [769, 259, 517, 9, 651, 780, 239, 656, 146, 532, 149, 539, 677, 807, 434, 698, 447, 960, 452, 328, 595, 726, 471, 474, 605, 865, 355, 745, 495, 368, 497, 756, 764]
i =  120 [513, 515, 901, 263, 8, 137, 394, 899, 533, 534, 857, 22, 922, 422, 680, 558, 50, 307, 308, 830, 708, 225, 876, 975, 88, 985, 90, 92, 993, 741, 108, 624, 243, 246, 123, 124]
i =  121 [357, 295, 329, 462, 591, 466, 51, 597, 187, 414, 383]
i =  122 [387, 516, 646, 135, 15, 272, 274, 531, 789, 927, 347, 429, 816, 947, 310, 311, 440, 579, 54, 981, 599, 345, 219, 989, 354, 379, 106, 694, 374, 251, 252, 125, 963]
i =  123 [384, 775, 778, 139, 659, 918, 23, 793, 923, 924, 304, 931, 676, 933, 944, 443, 842, 981, 611, 359, 365, 115, 762]
i =  124 [861, 392, 268, 911, 912, 658, 919, 153, 925, 33, 551, 810, 428, 559, 305, 953, 320, 992, 706, 966, 592, 817, 608, 99, 743, 496, 114, 885, 250, 763]
i =  125 [262, 265, 522, 529, 276, 667, 417, 802, 423, 300, 306, 435, 312, 699, 700, 843, 717, 590, 91, 226, 103, 751, 627, 788, 377]
i =  126 [704, 705, 322, 483, 453, 584, 521, 171, 610, 482, 851, 148, 341, 502, 587, 57, 316]
i =  127 [770, 900, 5, 12, 271, 707, 152, 26, 795, 284, 541, 287, 932, 988, 433, 309, 566, 821, 835, 711, 456, 459, 204, 973, 206, 338, 757, 220, 478, 740, 614, 107, 492, 879, 112, 245, 247, 200]
i =  128 [344, 451, 616, 393, 395, 908, 621, 718, 269, 824, 530, 723, 886, 695, 568, 461, 283, 858, 127]
i =  129 [258, 262, 265, 522, 529, 788, 667, 417, 802, 423, 300, 435, 312, 699, 700, 843, 717, 590, 377, 91, 226, 103, 751, 627, 276]
i =  130 [35, 168, 297, 650, 126, 750, 372, 629, 248, 665, 93, 94]
finish get all communities
complete deal_communities
commplete get_all_nature_community
----------------------------------The detection result is: 

all communities: 
i =  1 : [11, 21, 34, 66, 147, 178, 181, 196, 241, 289, 687, 782]
i =  2 : [12, 107, 112, 152, 182, 200, 245, 284, 287, 309, 703, 900]
i =  3 : [4, 15, 54, 61, 73, 83, 106, 140, 144, 164, 179, 185, 194, 203, 217, 221, 251, 272, 273, 288, 296, 301, 311, 330, 345, 356, 396, 397, 399, 449, 509, 511, 524, 571, 573, 586, 589, 593, 625, 637, 646, 660, 684, 688, 738, 759, 766, 792, 814, 831, 880, 883, 905, 914, 989, 1000]
i =  4 : [72, 117, 166, 210, 279, 361, 376, 431, 458, 519, 576, 598, 670, 679, 713, 744, 855, 863, 868, 875, 941]
i =  5 : [40, 49, 85, 164, 169, 172, 185, 194, 217, 221, 233, 240, 270, 311, 419, 642, 754, 914, 936]
i =  6 : [75, 135, 202, 264, 359, 389, 406, 469, 485, 510, 564, 581, 603, 685, 898, 962, 983]
i =  7 : [138, 141, 143, 162, 175, 195, 267, 302, 303, 412, 571, 825, 945, 964]
i =  8 : [7, 18, 31, 59, 62, 65, 67, 75, 76, 91, 95, 102, 105, 109, 130, 138, 141, 143, 144, 159, 162, 163, 195, 202, 214, 222, 260, 262, 264, 267, 275, 276, 294, 303, 317, 334, 359, 389, 406, 412, 417, 418, 469, 484, 485, 510, 518, 556, 564, 581, 603, 612, 622, 628, 661, 685, 758, 825, 860, 889, 972, 998]
i =  9 : [18, 24, 77, 81, 87, 105, 113, 151, 156, 188, 190, 192, 218, 257, 266, 294, 364, 418, 421, 464, 477, 481, 494, 504, 518, 535, 550, 606, 619, 622, 639, 641, 647, 648, 652, 661, 666, 669, 719, 720, 748, 758, 771, 801, 834, 891, 917, 942, 952, 974, 995, 998]
i =  10 : [44, 121, 204, 254, 280, 337, 378, 382, 405, 410, 468, 476, 479, 501, 507, 512, 523, 537, 607, 618, 657, 716, 735, 796, 864, 881, 906, 943, 988]
i =  11 : [45, 51, 53, 58, 85, 100, 176, 187, 295, 298, 319, 329, 343, 357, 362, 363, 383, 414, 445, 457, 463, 466, 489, 570, 591, 597, 678, 747, 773, 785, 826, 827, 833, 897, 904, 946]
i =  12 : [135, 180, 219, 252, 274, 311, 347, 354, 379, 387, 429, 440, 531, 579, 599, 694, 789, 816, 887, 927, 947, 970, 981, 999]
i =  13 : [1, 12, 20, 41, 107, 111, 112, 155, 158, 165, 200, 205, 245, 285, 287, 309, 390, 400, 514, 553, 601, 630, 709, 732, 823, 860, 865, 997]
i =  14 : [1, 20, 41, 44, 81, 111, 155, 158, 165, 203, 205, 223, 282, 285, 314, 324, 327, 333, 373, 390, 400, 407, 425, 486, 514, 553, 561, 583, 601, 613, 630, 664, 709, 732, 739, 742, 779, 803, 823, 853, 870, 872, 987, 997]
i =  15 : [17, 110, 129, 134, 157, 170, 180, 197, 198, 209, 235, 290, 292, 323, 336, 349, 375, 404, 406, 408, 409, 420, 424, 439, 480, 505, 545, 569, 575, 600, 604, 737, 800, 805, 873, 954]
i =  16 : [145, 219, 238, 291, 348, 426, 450, 487, 506, 520, 543, 548, 574, 623, 640, 644, 654, 746, 776, 787, 813, 849, 999]
i =  17 : [26, 39, 43, 52, 83, 120, 150, 293, 473, 847, 902]
i =  18 : [101, 122, 131, 167, 174, 183, 201, 208, 224, 808, 840]
i =  19 : [17, 110, 134, 157, 170, 323, 336, 349, 408, 409, 420, 439, 480, 505, 600, 737, 772, 800, 805, 873]
i =  20 : [25, 70, 128, 199, 213, 227, 232, 278, 313, 339, 386, 555, 617, 638, 689, 697, 714, 768, 783, 812, 844, 979]
i =  21 : [3, 8, 10, 22, 30, 50, 55, 64, 74, 78, 88, 92, 98, 108, 119, 123, 191, 206, 211, 239, 255, 266, 281, 328, 352, 368, 402, 413, 434, 436, 471, 513, 527, 549, 563, 615, 651, 677, 698, 712, 769, 798, 829, 866, 882, 913, 926, 939, 957, 969, 971]
i =  22 : [62, 67, 114, 159, 163, 214, 260, 275, 317, 392, 603, 724, 889, 990]
i =  23 : [6, 28, 48, 60, 116, 118, 130, 229, 231, 447, 692]
i =  24 : [8, 10, 22, 50, 64, 74, 88, 92, 96, 108, 119, 123, 137, 191, 402, 513, 632, 969]
i =  25 : [40, 49, 85, 115, 164, 169, 172, 185, 194, 217, 221, 222, 233, 240, 270, 596, 731, 754]
i =  26 : [14, 72, 96, 117, 166, 210, 279, 342, 361, 376, 430, 431, 458, 519, 576, 598, 602, 670, 679, 713, 744, 850, 855, 863, 868, 875, 928]
i =  27 : [8, 22, 23, 50, 90, 92, 96, 108, 123, 124, 137, 225, 243, 246, 254, 307, 308, 369, 394, 398, 422, 533, 534, 558, 609, 624, 708, 741, 830, 857, 876, 899, 901, 922, 940, 975]
i =  28 : [27, 32, 133, 177, 261, 331, 358, 366, 370, 437, 460, 525, 540, 542, 552, 690, 701]
i =  29 : [86, 136, 142, 189, 193, 207, 325, 367, 403, 538, 544, 674, 681, 686, 761]
i =  30 : [18, 24, 77, 87, 105, 156, 190, 192, 218, 257, 266, 294, 364, 418, 421, 481, 494, 518, 546, 622, 641, 648, 661, 666, 719, 720, 758, 771, 801, 891, 917, 921, 942, 952, 998]
i =  31 : [31, 175, 239, 328, 351, 368, 401, 402, 434, 471, 516, 547, 589, 651, 677, 698, 769, 869, 877, 894, 960, 971, 982]
i =  32 : [63, 66, 137, 160, 173, 299, 315, 332, 391, 446, 491, 554, 557, 848, 961, 980]
i =  33 : [129, 197, 198, 235, 292, 375, 404, 424, 475, 545, 569, 575, 604, 867, 954]
i =  34 : [9, 146, 149, 239, 259, 328, 355, 368, 434, 447, 452, 471, 474, 495, 497, 517, 532, 539, 595, 605, 651, 656, 677, 698, 726, 745, 756, 764, 769, 780, 807, 865, 960]
i =  35 : [8, 22, 50, 88, 90, 92, 108, 123, 124, 137, 225, 243, 246, 263, 307, 308, 394, 422, 513, 515, 533, 534, 558, 624, 680, 708, 741, 830, 857, 876, 899, 901, 922, 975, 985, 993]
i =  36 : [15, 54, 106, 125, 135, 219, 251, 252, 272, 274, 310, 311, 345, 347, 354, 374, 379, 387, 429, 440, 516, 531, 579, 599, 646, 694, 789, 816, 927, 947, 963, 981, 989]
i =  37 : [2, 63, 75, 88, 89, 104, 125, 135, 140, 153, 160, 180, 212, 219, 228, 234, 244, 264, 299, 310, 315, 332, 340, 345, 347, 350, 354, 360, 379, 381, 385, 387, 389, 391, 401, 406, 429, 432, 446, 469, 485, 491, 499, 501, 508, 510, 516, 528, 531, 557, 560, 564, 579, 581, 582, 599, 653, 694, 734, 777, 789, 816, 819, 837, 838, 862, 910, 927, 934, 937, 947, 948, 955, 958, 961, 962, 963, 977, 984]
i =  38 : [86, 136, 142, 189, 193, 207, 325, 367, 369, 403, 538, 585, 645, 674, 681, 761, 915, 935]
i =  39 : [35, 93, 94, 126, 168, 248, 297, 372, 629, 650, 665, 750, 845]
i =  40 : [3, 55, 78, 98, 127, 161, 206, 211, 281, 413, 436, 451, 527, 530, 549, 563, 615, 616, 798, 804, 822, 829, 866, 882, 908, 913, 926, 939, 957]
i =  41 : [69, 97, 184, 237, 249, 411, 415, 438, 441, 643, 663, 671, 675, 729, 749, 809, 839, 859, 874, 890, 896, 903, 967, 968]
i =  42 : [1, 223, 282, 314, 324, 327, 333, 373, 407, 425, 486, 561, 583, 613, 664, 696, 739, 742, 753, 779, 803, 853, 870]
i =  43 : [29, 79, 86, 116, 125, 136, 142, 182, 189, 193, 207, 325, 326, 335, 367, 403, 416, 419, 455, 467, 493, 538, 577, 618, 631, 662, 673, 674, 681, 693, 710, 761, 841, 915]
i =  44 : [9, 146, 149, 259, 355, 447, 452, 474, 495, 517, 532, 539, 595, 605, 656, 726, 745, 756, 764, 780, 807, 979, 994]
i =  45 : [2, 89, 104, 127, 140, 152, 153, 212, 228, 310, 340, 350, 360, 381, 432, 499, 508, 528, 560, 582, 626, 653, 734, 838, 862, 910, 934, 937, 946, 948, 958, 976, 977, 996]
i =  46 : [24, 77, 87, 156, 190, 192, 218, 257, 364, 421, 481, 494, 641, 648, 666, 719, 720, 771, 801, 828, 891, 917, 920, 941, 942, 952, 995]
i =  47 : [57, 148, 171, 316, 322, 341, 453, 482, 483, 502, 521, 584, 587, 610, 704, 705, 851, 884, 893]
i =  48 : [77, 81, 113, 151, 156, 188, 190, 371, 421, 464, 477, 494, 504, 535, 537, 550, 606, 619, 639, 648, 652, 669, 725, 748, 834, 871, 951, 974]
i =  49 : [53, 58, 298, 319, 343, 362, 363, 445, 463, 570, 572, 588, 678, 747, 773, 785, 826, 833, 897, 904]
i =  50 : [51, 187, 295, 329, 357, 383, 414, 462, 466, 526, 591, 597]
i =  51 : [5, 12, 26, 100, 107, 112, 152, 200, 204, 206, 220, 245, 247, 271, 284, 287, 309, 338, 433, 456, 459, 478, 492, 541, 566, 614, 668, 707, 711, 740, 757, 770, 795, 821, 835, 879, 900, 932, 973, 978, 988, 996]
i =  52 : [14, 19, 36, 71, 82, 164, 185, 194, 215, 217, 221, 243, 253, 342, 430, 448, 490, 536, 567, 594, 682, 736, 752, 765, 767, 774, 784, 928, 936, 991, 993]
i =  53 : [3, 10, 30, 55, 64, 74, 78, 88, 98, 191, 206, 211, 281, 413, 436, 527, 549, 562, 563, 615, 721, 798, 829, 866, 882, 913, 926, 939, 949, 969]
i =  54 : [91, 103, 226, 258, 262, 265, 276, 294, 300, 306, 312, 377, 417, 423, 435, 518, 522, 529, 590, 627, 667, 699, 700, 717, 751, 788, 802, 811, 843, 972]
i =  55 : [16, 23, 30, 37, 46, 47, 56, 80, 84, 132, 154, 186, 216, 230, 236, 286, 318, 346, 380, 388, 427, 465, 472, 488, 498, 503, 578, 580, 620, 633, 634, 635, 636, 727, 728, 733, 781, 836, 878, 888, 895, 907, 929, 930, 938, 950, 959, 965, 986]
i =  56 : [63, 66, 69, 97, 160, 184, 237, 249, 299, 315, 332, 334, 391, 415, 438, 441, 444, 446, 454, 491, 557, 643, 663, 671, 675, 729, 760, 791, 809, 839, 856, 859, 890, 896, 903, 967, 968, 980]
i =  57 : [68, 242, 256, 277, 353, 442, 470, 500, 565, 655, 683, 691, 702, 706, 730, 786, 790, 799, 806, 815, 820, 832, 846, 854, 892, 909, 916, 956]
i =  58 : [42, 127, 269, 283, 344, 393, 395, 451, 461, 530, 568, 616, 621, 695, 718, 723, 797, 818, 824, 852, 858, 886, 908, 976]
i =  59 : [8, 13, 15, 22, 33, 50, 62, 67, 92, 96, 99, 108, 114, 123, 153, 159, 163, 250, 260, 268, 305, 320, 350, 392, 428, 496, 551, 559, 592, 608, 658, 672, 686, 706, 743, 763, 794, 810, 817, 861, 885, 905, 911, 912, 919, 925, 953, 956, 966, 978, 985, 990, 992]
i =  60 : [23, 38, 75, 115, 139, 264, 304, 321, 359, 365, 384, 389, 406, 443, 469, 485, 510, 564, 581, 611, 649, 659, 676, 715, 722, 755, 762, 775, 778, 793, 842, 850, 918, 923, 924, 931, 933, 944, 950, 975, 981, 983]
overlapping nodes are:  [1, 2, 3, 8, 9, 10, 12, 14, 15, 17, 18, 20, 22, 23, 24, 26, 30, 31, 40, 41, 44, 49, 50, 51, 53, 54, 55, 58, 62, 63, 64, 66, 67, 69, 72, 74, 75, 77, 78, 81, 83, 85, 86, 87, 88, 89, 90, 91, 92, 96, 97, 98, 100, 104, 105, 106, 107, 108, 110, 111, 112, 113, 114, 115, 116, 117, 119, 123, 124, 125, 127, 129, 130, 134, 135, 136, 137, 138, 140, 141, 142, 143, 144, 146, 149, 151, 152, 153, 155, 156, 157, 158, 159, 160, 162, 163, 164, 165, 166, 169, 170, 172, 175, 180, 182, 184, 185, 187, 188, 189, 190, 191, 192, 193, 194, 195, 197, 198, 200, 202, 203, 204, 205, 206, 207, 210, 211, 212, 214, 217, 218, 219, 221, 222, 223, 225, 228, 233, 235, 237, 239, 240, 243, 245, 246, 249, 251, 252, 254, 257, 259, 260, 262, 264, 266, 267, 270, 272, 274, 275, 276, 279, 281, 282, 284, 285, 287, 292, 294, 295, 298, 299, 303, 307, 308, 309, 310, 311, 314, 315, 317, 319, 323, 324, 325, 327, 328, 329, 332, 333, 334, 336, 340, 342, 343, 345, 347, 349, 350, 354, 355, 357, 359, 360, 361, 362, 363, 364, 367, 368, 369, 373, 375, 376, 379, 381, 383, 387, 389, 390, 391, 392, 394, 400, 401, 402, 403, 404, 406, 407, 408, 409, 412, 413, 414, 415, 417, 418, 419, 420, 421, 422, 424, 425, 429, 430, 431, 432, 434, 436, 438, 439, 440, 441, 445, 446, 447, 451, 452, 458, 463, 464, 466, 469, 471, 474, 477, 480, 481, 485, 486, 491, 494, 495, 499, 501, 504, 505, 508, 510, 513, 514, 516, 517, 518, 519, 527, 528, 530, 531, 532, 533, 534, 535, 537, 538, 539, 545, 549, 550, 553, 557, 558, 560, 561, 563, 564, 569, 570, 571, 575, 576, 579, 581, 582, 583, 589, 591, 595, 597, 598, 599, 600, 601, 603, 604, 605, 606, 613, 615, 616, 618, 619, 622, 624, 630, 639, 641, 643, 646, 648, 651, 652, 653, 656, 661, 663, 664, 666, 669, 670, 671, 674, 675, 677, 678, 679, 681, 685, 686, 694, 698, 706, 708, 709, 713, 719, 720, 726, 729, 732, 734, 737, 739, 741, 742, 744, 745, 747, 748, 754, 756, 758, 761, 764, 769, 771, 773, 779, 780, 785, 789, 798, 800, 801, 803, 805, 807, 809, 816, 823, 825, 826, 829, 830, 833, 834, 838, 839, 850, 853, 855, 857, 859, 860, 862, 863, 865, 866, 868, 870, 873, 875, 876, 882, 889, 890, 891, 896, 897, 899, 900, 901, 903, 904, 905, 908, 910, 913, 914, 915, 917, 922, 926, 927, 928, 934, 936, 937, 939, 941, 942, 946, 947, 948, 950, 952, 954, 956, 957, 958, 960, 961, 962, 963, 967, 968, 969, 971, 972, 974, 975, 976, 977, 978, 979, 980, 981, 983, 985, 988, 989, 990, 993, 995, 996, 997, 998, 999] 
 NOO is:  489
total time is:  224.837309122
