lens of ground_truth:  53
ground_truth is: [[4, 67, 76, 110, 143, 158, 177, 181, 217, 329, 338, 354, 358, 387, 423, 435, 508, 549, 613, 628, 633, 648, 654, 711, 716, 721, 745, 756, 764, 796, 797, 805, 816, 824, 828, 832, 847, 866, 875, 877, 893, 897, 907, 924, 927, 935, 950, 964, 978, 979], [14, 23, 29, 125, 150, 159, 285, 289, 320, 335, 358, 521, 541, 569, 606, 618, 730, 774, 875, 876, 889, 908, 951, 990], [78, 170, 177, 188, 229, 294, 297, 436, 507, 562, 695, 812], [13, 101, 218, 268, 278, 287, 327, 333, 420, 501, 554, 566, 569, 610, 623, 630, 655, 674, 701, 726, 746, 778, 800, 828, 846, 851, 869, 879, 883, 895, 914, 939, 957, 970, 989], [24, 64, 79, 103, 208, 268, 270, 302, 303, 315, 363, 444, 448, 492, 577, 602, 631, 685, 713, 761, 764, 765, 773, 823, 829, 831, 856, 867, 891, 896, 900, 904, 907, 919, 925, 936, 999], [16, 85, 104, 126, 175, 216, 230, 237, 254, 361, 383, 413, 422, 436, 497, 525, 530, 531, 552, 561, 564, 615, 626, 644, 694, 710, 724, 765, 769, 784, 790, 794, 834, 849, 850, 864, 870, 881, 909, 911, 920, 926, 972, 984], [6, 26, 29, 132, 190, 191, 224, 275, 282, 293, 341, 372, 378, 463, 502, 525, 543, 550, 558, 576, 577, 581, 588, 592, 593, 651, 682, 718, 743, 744, 762, 820, 836, 878, 889, 899, 954], [18, 169, 200, 237, 261, 422, 464, 614, 770, 901, 926], [9, 32, 59, 94, 109, 115, 235, 532, 641, 831], [13, 58, 106, 204, 255, 336, 376, 406, 423, 449, 453, 528, 532, 544, 557, 595, 636, 671, 688, 690, 692, 702, 722, 732, 735, 748, 787, 818, 858, 906, 914, 915, 960, 976, 978], [17, 41, 54, 63, 69, 93, 113, 209, 234, 259, 690, 708], [14, 42, 52, 68, 96, 153, 223, 274, 313, 351, 446, 461, 550, 568, 575, 673, 729, 751, 813, 839, 862, 872, 878, 892, 958, 975, 977, 994, 996], [10, 26, 77, 119, 143, 165, 166, 193, 246, 253, 277, 284, 292, 295, 386, 388, 418, 482, 485, 545, 559, 565, 572, 574, 586, 601, 604, 618, 631, 639, 640, 648, 684, 793, 795, 841, 895, 923, 931, 962, 968, 995, 1000], [65, 110, 133, 162, 184, 205, 344, 393, 466, 481, 584, 743, 817, 915, 954], [2, 25, 130, 133, 138, 160, 227, 250, 383, 400, 411, 426, 479, 498, 539, 570, 573, 585, 642, 652, 663, 675, 703, 717, 727, 735, 739, 747, 752, 786, 789, 790, 817, 838, 845, 855, 873, 936, 944, 947, 952], [161, 174, 183, 191, 195, 247, 325, 363, 390, 444, 456, 474, 505, 535, 598, 651, 664, 680, 738, 821, 836, 858, 864, 981], [27, 36, 51, 84, 108, 117, 151, 160, 225, 232, 239, 305, 311, 337, 347, 362, 425, 428, 447, 448, 471, 476, 494, 567, 655, 674, 707, 718, 723, 744, 768, 770, 777, 796, 890, 917, 953, 955, 977, 990, 996], [127, 175, 198, 248, 249, 286, 287, 330, 352, 384, 395, 452, 457, 460, 562, 596, 612, 666, 694, 824, 912, 933], [70, 81, 170, 174, 223, 306, 314, 319, 334, 366, 399, 509, 568, 592, 653, 961], [7, 222, 226, 244, 305, 326, 396, 402, 412, 428, 542, 600, 609, 883], [77, 82, 90, 163, 189, 212, 219, 220, 264, 324, 375, 413, 425, 445, 469, 483, 488, 499, 511, 540, 546, 643, 681, 781, 783, 803, 811, 822, 827, 852, 863, 887, 933, 951, 988], [62, 71, 87, 121, 157, 178, 185, 225, 235, 311, 357, 415, 455, 468, 472, 510, 515, 523, 579, 580, 581, 583, 668, 673, 696, 755, 776, 802, 842, 862, 872, 882, 921, 934, 948, 965], [22, 139, 146, 196, 231, 354, 382, 533, 628, 780, 913, 920], [4, 34, 74, 83, 107, 111, 179, 291, 360, 408, 503, 511, 595, 620, 644, 650, 726, 750, 753, 795, 948, 983], [33, 64, 112, 163, 167, 322, 346, 389, 433, 529, 574, 691, 733, 839], [154, 155, 197, 228, 256, 257, 258, 345, 696, 712, 753, 788], [28, 35, 80, 100, 150, 166, 196, 251, 283, 296, 308, 397, 487, 491, 495, 552, 615, 634, 638, 658, 715, 734, 748, 756, 763, 792, 803, 819, 833, 856, 859, 905, 981, 986], [72, 92, 99, 105, 134, 149, 207, 220, 368, 388, 392, 441, 500, 517, 547, 601, 625, 646, 822, 989], [15, 113, 115, 152, 186, 284, 309, 312, 348, 369, 419, 442, 470, 482, 519, 524, 531, 533, 536, 602, 608, 643, 737, 771, 825, 848, 910, 966], [31, 62, 79, 86, 91, 144, 148, 152, 203, 214, 241, 310, 454, 465, 486, 493, 496, 560, 591, 596, 600, 627, 637, 645, 689, 691, 697, 701, 710, 725, 807, 816, 821, 835, 840, 852, 866, 902, 916, 919, 922, 943, 980, 985, 988], [55, 125, 140, 213, 238, 240, 266, 280, 343, 409, 450, 733, 992], [19, 28, 67, 129, 136, 192, 242, 249, 306, 443, 467, 469, 477, 504, 587, 609, 630, 659, 841, 847, 959, 960], [49, 53, 76, 89, 144, 161, 185, 347, 387, 405, 447, 450, 495, 502, 522, 549, 571, 583, 584, 622, 629, 632, 660, 695, 709, 716, 731, 887, 888, 912, 937, 971, 975, 992, 998], [89, 141, 187, 242, 271, 276, 286, 355, 394, 424, 434, 480, 501, 513, 537, 560, 582, 605, 617, 621, 662, 678, 687, 698, 712, 714], [8, 20, 36, 176, 178, 180, 236, 246, 333, 355, 370, 371, 375, 432, 499, 524, 548, 558, 563, 564, 578, 607, 627, 647, 661, 683, 736, 785, 798, 807, 814, 844, 867, 868, 886, 913, 921, 938, 946, 949, 983], [137, 172, 206, 215, 299, 379, 380, 403, 507, 678, 755, 900, 937, 941], [47, 58, 91, 201, 252, 321, 325, 369, 415, 494, 515, 516, 526, 553, 555, 665, 669, 676, 754, 766, 767, 775, 808, 810, 834, 885, 910, 952, 956, 958, 966, 998], [25, 40, 61, 123, 199, 226, 273, 301, 317, 327, 349, 473, 594, 635, 939], [1, 20, 101, 102, 120, 122, 124, 142, 145, 245, 260, 292, 302, 356, 364, 368, 397, 433, 453, 497, 512, 565, 590, 624, 637, 653, 667, 682, 693, 699, 700, 721, 745, 793, 809, 825, 837, 871, 901, 927, 930, 932, 942, 959, 961, 973, 987, 991, 993, 995], [96, 128, 265, 275, 279, 351, 381, 518, 545, 610, 611, 619, 633, 672, 708, 715, 720, 729, 751, 758, 759, 772, 782, 829, 843, 865, 892, 941, 997], [21, 88, 116, 171, 179, 341, 353, 401, 410, 421, 440, 459, 686, 837], [10, 87, 97, 118, 145, 147, 165, 239, 273, 288, 295, 313, 386, 480, 514, 527, 547, 589, 612, 624, 632, 634, 639, 670, 698, 704, 705, 706, 742, 773, 788, 826, 827, 830, 844, 857, 874, 879, 908, 928, 931, 940, 956, 963, 965], [30, 37, 38, 46, 75, 95, 98, 282, 590, 681], [269, 272, 283, 304, 328, 366, 367, 385, 430, 445, 640, 647, 679, 973], [48, 60, 106, 126, 164, 194, 323, 345, 350, 359, 374, 391, 398, 408, 417, 489, 512, 542, 554, 588, 597, 599, 604, 635, 720, 749, 799, 815, 853, 860, 870, 884, 894, 904, 911, 918, 945, 974], [5, 44, 56, 114, 202, 267, 279, 288, 402, 416, 429, 438, 464, 649, 658, 741, 818, 865, 968], [39, 73, 85, 187, 233, 245, 280, 290, 316, 434, 435, 465, 493, 506, 534, 603, 641, 757, 760, 769, 784, 792, 819, 891, 946, 986, 999, 1000], [45, 54, 108, 156, 205, 218, 330, 331, 338, 395, 431, 439, 490, 516, 572, 594, 597, 611, 614, 616, 656, 677, 679, 680, 723, 740, 779, 780, 787, 797, 804, 806, 861, 876, 880, 903, 924, 925, 929, 967, 969, 970, 971, 974, 976, 982, 984, 997], [2, 3, 8, 11, 50, 66, 105, 168, 182, 243, 342, 365, 404, 414, 475, 520, 570, 636, 652, 741], [12, 42, 57, 131, 261, 263, 298, 318, 396, 586, 598, 813], [221, 307, 373, 377, 427, 442, 462, 488, 491, 496, 503, 527, 529, 556, 620, 650, 657, 663, 676, 686, 719, 728, 791, 801, 809, 854, 898, 935, 953, 957, 969, 972], [173, 210, 211, 262, 281, 339, 401, 407, 412, 437, 451, 458, 693, 734, 761, 812], [43, 135, 153, 300, 312, 332, 340, 455, 461, 478, 484, 538, 551, 740, 873, 896, 994]]
nodes: [396, 532, 570, 598, 652, 681, 695, 696, 708, 714, 748, 751, 774, 787, 816, 820, 824, 837, 839, 848, 865, 890, 900, 921, 923, 925, 936, 939, 940, 945, 954, 959, 961, 965, 969, 972, 978, 981, 983, 984, 988, 989, 996, 998, 1000] num of nodes:  45
[[12, 131, 263, 298, 813, 318, 396], [9, 32, 641, 109, 831, 59, 532, 94], [570, 944, 855, 752, 498], [12, 131, 263, 298, 813, 318, 57, 586, 598], [652, 944, 947, 855, 838, 845], [30, 98, 37, 681, 590, 75, 38, 46, 95], [78, 229, 294, 297, 812, 507, 562, 695], [154, 256, 257, 258, 197, 788, 155, 696, 753], [17, 259, 708, 234, 209, 690, 41, 69], [141, 714, 582, 513, 537, 621, 687], [449, 960, 722, 748, 544, 914, 702], [619, 997, 782, 751, 843, 758, 892, 941], [320, 774, 521, 951, 875, 876, 730, 908], [656, 967, 982, 861, 787, 806, 903], [148, 916, 980, 902, 985, 816, 821], [190, 899, 820, 293, 378, 743], [127, 933, 912, 384, 824, 248], [21, 353, 459, 421, 837, 171, 686, 440, 410], [33, 322, 389, 839, 346, 112, 733, 691], [348, 966, 848, 737, 608, 536, 910, 825], [518, 772, 997, 843, 782, 941, 759, 892, 829, 865], [362, 777, 917, 471, 955, 977, 990, 890], [172, 900, 937, 941, 206, 403, 379, 380, 215, 299], [371, 814, 949, 886, 785, 938, 921, 798], [193, 995, 931, 923, 841, 559], [490, 967, 982, 929, 861, 656, 925, 806, 903], [573, 944, 838, 747, 947, 786, 936, 675], [746, 869, 800, 846, 851, 828, 778, 939, 895], [97, 940, 963, 857, 826, 706, 874, 742], [323, 945, 918, 860, 894, 815, 799, 853, 884, 749], [65, 481, 743, 817, 393, 344, 184, 466, 954, 915], [19, 959, 960, 841, 587, 659, 504, 443], [1, 993, 987, 871, 991, 930, 699, 961], [455, 802, 965, 776, 842, 882, 668, 934], [156, 804, 967, 929, 880, 656, 969, 982], [496, 801, 898, 953, 719, 972, 854, 791], [508, 964, 950, 979, 935, 828, 978], [390, 738, 981, 535, 505, 664, 858, 821], [548, 949, 938, 683, 886, 563, 798, 983], [331, 967, 903, 982, 970, 984, 924], [310, 902, 985, 980, 922, 697, 988, 866, 835], [746, 869, 800, 846, 851, 828, 778, 970, 989], [362, 777, 917, 471, 955, 977, 990, 996], [998, 885, 808, 775, 767, 952, 754, 766, 669, 526], [506, 1000, 760, 946, 603, 757, 769, 986, 819]]
len of cliques:  45
length of seeds:  45
seeds:  [[518, 772, 997, 843, 782, 941, 759, 892, 829, 865], [172, 900, 937, 941, 206, 403, 379, 380, 215, 299], [323, 945, 918, 860, 894, 815, 799, 853, 884, 749], [65, 481, 743, 817, 393, 344, 184, 466, 954, 915], [998, 885, 808, 775, 767, 952, 754, 766, 669, 526], [12, 131, 263, 298, 813, 318, 57, 586, 598], [30, 98, 37, 681, 590, 75, 38, 46, 95], [154, 256, 257, 258, 197, 788, 155, 696, 753], [21, 353, 459, 421, 837, 171, 686, 440, 410], [490, 967, 982, 929, 861, 656, 925, 806, 903], [746, 869, 800, 846, 851, 828, 778, 939, 895], [310, 902, 985, 980, 922, 697, 988, 866, 835], [746, 869, 800, 846, 851, 828, 778, 970, 989], [506, 1000, 760, 946, 603, 757, 769, 986, 819], [9, 32, 641, 109, 831, 59, 532, 94], [78, 229, 294, 297, 812, 507, 562, 695], [17, 259, 708, 234, 209, 690, 41, 69], [619, 997, 782, 751, 843, 758, 892, 941], [320, 774, 521, 951, 875, 876, 730, 908], [33, 322, 389, 839, 346, 112, 733, 691], [348, 966, 848, 737, 608, 536, 910, 825], [362, 777, 917, 471, 955, 977, 990, 890], [371, 814, 949, 886, 785, 938, 921, 798], [573, 944, 838, 747, 947, 786, 936, 675], [97, 940, 963, 857, 826, 706, 874, 742], [19, 959, 960, 841, 587, 659, 504, 443], [1, 993, 987, 871, 991, 930, 699, 961], [455, 802, 965, 776, 842, 882, 668, 934], [156, 804, 967, 929, 880, 656, 969, 982], [496, 801, 898, 953, 719, 972, 854, 791], [390, 738, 981, 535, 505, 664, 858, 821], [548, 949, 938, 683, 886, 563, 798, 983], [362, 777, 917, 471, 955, 977, 990, 996], [12, 131, 263, 298, 813, 318, 396], [141, 714, 582, 513, 537, 621, 687], [449, 960, 722, 748, 544, 914, 702], [656, 967, 982, 861, 787, 806, 903], [148, 916, 980, 902, 985, 816, 821], [508, 964, 950, 979, 935, 828, 978], [331, 967, 903, 982, 970, 984, 924], [652, 944, 947, 855, 838, 845], [190, 899, 820, 293, 378, 743], [127, 933, 912, 384, 824, 248], [193, 995, 931, 923, 841, 559], [570, 944, 855, 752, 498]]
seeds_fitness [0.11764705882352941, 0.20689655172413793, 0.24193548387096775, 0.20179372197309417, 0.15254237288135594, 0.31718061674008813, 0.4161849710982659, 0.27586206896551724, 0.2737642585551331, 0.12743362831858407, 0.1316270566727605, 0.11232449297971919, 0.10778443113772455, 0.10359712230215827, 0.29473684210526313, 0.2074074074074074, 0.3111111111111111, 0.09061488673139159, 0.09621993127147767, 0.20363636363636364, 0.10980392156862745, 0.09256198347107437, 0.11864406779661017, 0.11940298507462686, 0.1407035175879397, 0.12844036697247707, 0.1076923076923077, 0.12362030905077263, 0.0963855421686747, 0.09722222222222222, 0.11570247933884298, 0.11789473684210526, 0.08615384615384615, 0.24705882352941178, 0.22950819672131148, 0.07253886010362694, 0.08383233532934131, 0.07678244972577697, 0.05533596837944664, 0.04994054696789536, 0.07263922518159806, 0.09900990099009901, 0.07712082262210797, 0.04643962848297214, 0.052083333333333336]
after sort list of tuple: [(6, 0.4161849710982659), (5, 0.31718061674008813), (16, 0.3111111111111111), (14, 0.29473684210526313), (7, 0.27586206896551724), (8, 0.2737642585551331), (33, 0.24705882352941178), (2, 0.24193548387096775), (34, 0.22950819672131148), (15, 0.2074074074074074), (1, 0.20689655172413793), (19, 0.20363636363636364), (3, 0.20179372197309417), (4, 0.15254237288135594), (24, 0.1407035175879397), (10, 0.1316270566727605), (25, 0.12844036697247707), (9, 0.12743362831858407), (27, 0.12362030905077263), (23, 0.11940298507462686), (22, 0.11864406779661017), (31, 0.11789473684210526), (0, 0.11764705882352941), (30, 0.11570247933884298), (11, 0.11232449297971919), (20, 0.10980392156862745), (12, 0.10778443113772455), (26, 0.1076923076923077), (13, 0.10359712230215827), (41, 0.09900990099009901), (29, 0.09722222222222222), (28, 0.0963855421686747), (18, 0.09621993127147767), (21, 0.09256198347107437), (17, 0.09061488673139159), (32, 0.08615384615384615), (36, 0.08383233532934131), (42, 0.07712082262210797), (37, 0.07678244972577697), (40, 0.07263922518159806), (35, 0.07253886010362694), (38, 0.05533596837944664), (44, 0.052083333333333336), (39, 0.04994054696789536), (43, 0.04643962848297214)]
seeds_sorted [[30, 98, 37, 681, 590, 75, 38, 46, 95], [12, 131, 263, 298, 813, 318, 57, 586, 598], [17, 259, 708, 234, 209, 690, 41, 69], [9, 32, 641, 109, 831, 59, 532, 94], [154, 256, 257, 258, 197, 788, 155, 696, 753], [21, 353, 459, 421, 837, 171, 686, 440, 410], [12, 131, 263, 298, 813, 318, 396], [323, 945, 918, 860, 894, 815, 799, 853, 884, 749], [141, 714, 582, 513, 537, 621, 687], [78, 229, 294, 297, 812, 507, 562, 695], [172, 900, 937, 941, 206, 403, 379, 380, 215, 299], [33, 322, 389, 839, 346, 112, 733, 691], [65, 481, 743, 817, 393, 344, 184, 466, 954, 915], [998, 885, 808, 775, 767, 952, 754, 766, 669, 526], [97, 940, 963, 857, 826, 706, 874, 742], [746, 869, 800, 846, 851, 828, 778, 939, 895], [19, 959, 960, 841, 587, 659, 504, 443], [490, 967, 982, 929, 861, 656, 925, 806, 903], [455, 802, 965, 776, 842, 882, 668, 934], [573, 944, 838, 747, 947, 786, 936, 675], [371, 814, 949, 886, 785, 938, 921, 798], [548, 949, 938, 683, 886, 563, 798, 983], [518, 772, 997, 843, 782, 941, 759, 892, 829, 865], [390, 738, 981, 535, 505, 664, 858, 821], [310, 902, 985, 980, 922, 697, 988, 866, 835], [348, 966, 848, 737, 608, 536, 910, 825], [746, 869, 800, 846, 851, 828, 778, 970, 989], [1, 993, 987, 871, 991, 930, 699, 961], [506, 1000, 760, 946, 603, 757, 769, 986, 819], [190, 899, 820, 293, 378, 743], [496, 801, 898, 953, 719, 972, 854, 791], [156, 804, 967, 929, 880, 656, 969, 982], [320, 774, 521, 951, 875, 876, 730, 908], [362, 777, 917, 471, 955, 977, 990, 890], [619, 997, 782, 751, 843, 758, 892, 941], [362, 777, 917, 471, 955, 977, 990, 996], [656, 967, 982, 861, 787, 806, 903], [127, 933, 912, 384, 824, 248], [148, 916, 980, 902, 985, 816, 821], [652, 944, 947, 855, 838, 845], [449, 960, 722, 748, 544, 914, 702], [508, 964, 950, 979, 935, 828, 978], [570, 944, 855, 752, 498], [331, 967, 903, 982, 970, 984, 924], [193, 995, 931, 923, 841, 559]]
args__________ ([[30, 98, 37, 681, 590, 75, 38, 46, 95], [193, 995, 931, 923, 841, 559]],)
args__________ ([[12, 131, 263, 298, 813, 318, 57, 586, 598], [331, 967, 903, 982, 970, 984, 924]],)
args__________ ([[17, 259, 708, 234, 209, 690, 41, 69], [570, 944, 855, 752, 498]],)
args__________ ([[9, 32, 641, 109, 831, 59, 532, 94], [508, 964, 950, 979, 935, 828, 978]],)
args__________ ([[154, 256, 257, 258, 197, 788, 155, 696, 753], [449, 960, 722, 748, 544, 914, 702]],)
args__________ ([[21, 353, 459, 421, 837, 171, 686, 440, 410], [652, 944, 947, 855, 838, 845]],)
args__________ ([[12, 131, 263, 298, 813, 318, 396], [148, 916, 980, 902, 985, 816, 821]],)
args__________ ([[323, 945, 918, 860, 894, 815, 799, 853, 884, 749], [127, 933, 912, 384, 824, 248]],)
args__________ ([[141, 714, 582, 513, 537, 621, 687], [656, 967, 982, 861, 787, 806, 903]],)
args__________ ([[78, 229, 294, 297, 812, 507, 562, 695], [362, 777, 917, 471, 955, 977, 990, 996]],)
args__________ ([[172, 900, 937, 941, 206, 403, 379, 380, 215, 299], [619, 997, 782, 751, 843, 758, 892, 941]],)
args__________ ([[33, 322, 389, 839, 346, 112, 733, 691], [362, 777, 917, 471, 955, 977, 990, 890]],)
args__________ ([[65, 481, 743, 817, 393, 344, 184, 466, 954, 915], [320, 774, 521, 951, 875, 876, 730, 908]],)
args__________ ([[998, 885, 808, 775, 767, 952, 754, 766, 669, 526]],)
args__________ ([[97, 940, 963, 857, 826, 706, 874, 742]],)
args__________ ([[746, 869, 800, 846, 851, 828, 778, 939, 895]],)
args__________ ([[19, 959, 960, 841, 587, 659, 504, 443]],)
args__________ ([[490, 967, 982, 929, 861, 656, 925, 806, 903]],)
args__________ ([[455, 802, 965, 776, 842, 882, 668, 934]],)
args__________ ([[573, 944, 838, 747, 947, 786, 936, 675]],)
args__________ ([[371, 814, 949, 886, 785, 938, 921, 798]],)
args__________ ([[548, 949, 938, 683, 886, 563, 798, 983]],)
args__________ ([[518, 772, 997, 843, 782, 941, 759, 892, 829, 865]],)
args__________ ([[390, 738, 981, 535, 505, 664, 858, 821]],)
args__________ ([[310, 902, 985, 980, 922, 697, 988, 866, 835]],)
args__________ ([[348, 966, 848, 737, 608, 536, 910, 825]],)
args__________ ([[746, 869, 800, 846, 851, 828, 778, 970, 989]],)
args__________ ([[1, 993, 987, 871, 991, 930, 699, 961]],)
args__________ ([[506, 1000, 760, 946, 603, 757, 769, 986, 819]],)
args__________ ([[190, 899, 820, 293, 378, 743]],)
args__________ ([[496, 801, 898, 953, 719, 972, 854, 791]],)
args__________ ([[156, 804, 967, 929, 880, 656, 969, 982]],)
finish process___________________
seed_node 999
seed_community:  [641, 280, 769, 103, 905, 266, 891, 140, 435, 270, 493, 784, 792, 534, 495, 24, 409, 283, 28, 32, 290, 35, 39, 552, 685, 303, 434, 819, 308, 9, 59, 444, 831, 833, 603, 713, 187, 55, 80, 465, 757, 85, 213, 823, 343, 856, 986, 859, 94, 208, 251, 100, 999, 1000, 316, 487, 492, 109, 238, 73, 240, 296, 115, 245, 268, 233, 760, 315, 506, 763, 638, 946]
seed_node 976
seed_community:  [449, 393, 906, 13, 528, 914, 915, 406, 671, 544, 162, 557, 688, 692, 184, 58, 702, 65, 204, 976, 722, 595, 344, 732, 481, 106, 466, 336, 376, 255]
seed_node 975
seed_community:  [571, 709, 522, 629, 622, 975, 49, 660, 405, 502, 888, 89, 731, 53]
seed_node 971
seed_community:  [903, 779, 656, 156, 925, 929, 804, 677, 806, 45, 431, 439, 395, 967, 330, 971, 594, 982, 331, 861, 616, 490, 880]
seed_node 974
seed_community:  [391, 398, 918, 799, 417, 164, 815, 48, 945, 60, 194, 323, 974, 853, 599, 860, 350, 359, 489, 749, 884, 374, 894]
seed_node 956
seed_community:  [771, 775, 910, 15, 536, 665, 669, 419, 808, 553, 810, 555, 47, 309, 58, 956, 321, 966, 201, 848, 526, 470, 91, 348, 186, 608, 737, 519, 369, 754, 885, 252, 766, 767]
seed_node 957
seed_community:  [898, 650, 657, 791, 801, 935, 427, 556, 307, 442, 957, 969, 462, 719, 854, 728, 221, 529, 488, 620, 373, 503, 377]
seed_node 958
seed_community:  [771, 775, 526, 15, 536, 665, 669, 419, 808, 553, 810, 555, 47, 309, 312, 58, 958, 321, 966, 201, 848, 910, 470, 91, 348, 186, 608, 737, 519, 369, 754, 885, 252, 766, 767]
seed_node 994
seed_community:  [896, 994, 484, 551, 873, 43, 300, 461, 274, 340, 153, 332, 68, 538, 135, 478]
seed_node 948
seed_community:  [34, 291, 644, 360, 74, 107, 620, 750, 111, 753, 595, 179, 948, 983, 503, 83, 408, 795, 650, 4, 511]
seed_node 927
seed_community:  [993, 930, 987, 932, 102, 871, 356, 942, 991, 364, 397, 142, 124, 667, 1, 120, 260, 122, 699, 700, 927]
seed_node 973
seed_community:  [640, 385, 679, 328, 647, 304, 269, 430, 973, 272, 367, 366, 283]
seed_node 992
seed_community:  [992, 450, 266, 343, 140, 238, 733, 240, 213, 55, 280, 409, 125]
seed_node 919
seed_community:  [645, 902, 148, 919, 922, 31, 214, 943, 689, 310, 697, 835, 454, 840, 203, 591, 980, 725, 86, 985, 486, 241, 916]
seed_node 904
seed_community:  [391, 904, 398, 911, 918, 799, 417, 164, 815, 48, 945, 60, 194, 323, 853, 599, 860, 350, 359, 489, 749, 884, 374, 894]
seed_node 907
seed_community:  [832, 897, 964, 805, 711, 329, 924, 907, 877, 110, 613, 979, 654, 950, 217, 633, 508, 893, 158, 181]
seed_node 909
seed_community:  [909, 237, 16, 18, 794, 413, 926, 422, 169, 175, 561, 200, 849, 850, 724, 216, 230, 104, 361, 530, 881, 626, 126, 254]
seed_node 887
seed_community:  [546, 483, 324, 264, 220, 811, 781, 77, 783, 488, 82, 499, 212, 189, 887, 90, 219, 540, 445, 863]
seed_node 879
seed_community:  [778, 268, 13, 655, 273, 914, 278, 879, 287, 800, 674, 420, 40, 939, 301, 317, 566, 61, 327, 846, 851, 726, 473, 218, 349, 199, 869, 101, 746, 623, 501, 630, 123, 895]
seed_node 870
seed_community:  [391, 398, 911, 918, 799, 417, 164, 604, 815, 48, 945, 60, 194, 323, 974, 853, 599, 860, 350, 870, 359, 489, 749, 884, 894, 374, 126, 597]
seed_node 872
seed_community:  [776, 523, 668, 157, 673, 802, 934, 52, 696, 62, 579, 580, 71, 842, 468, 87, 472, 862, 357, 872, 882, 121, 510]
seed_node 878
seed_community:  [1, 2, 3, 4, 5, 6, 7, 8, 9, 10, 11, 12, 13, 14, 15, 16, 17, 18, 19, 20, 21, 22, 23, 24, 25, 26, 27, 28, 29, 30, 31, 32, 33, 34, 35, 36, 37, 38, 39, 40, 41, 42, 43, 44, 45, 46, 47, 48, 49, 50, 51, 52, 53, 54, 55, 56, 57, 58, 59, 60, 61, 62, 63, 64, 65, 66, 67, 68, 69, 70, 71, 72, 73, 74, 75, 76, 77, 78, 79, 80, 81, 82, 83, 84, 85, 86, 87, 88, 89, 90, 91, 92, 93, 94, 95, 96, 97, 98, 99, 100, 101, 102, 103, 104, 105, 106, 107, 108, 109, 110, 111, 112, 113, 114, 115, 116, 117, 118, 119, 120, 121, 122, 123, 124, 125, 126, 127, 128, 129, 130, 131, 132, 133, 134, 135, 136, 137, 138, 139, 140, 141, 142, 143, 144, 145, 146, 147, 148, 149, 150, 151, 152, 153, 154, 155, 156, 157, 158, 159, 160, 161, 162, 163, 164, 165, 166, 167, 168, 169, 170, 171, 172, 173, 174, 175, 176, 177, 178, 179, 180, 181, 182, 183, 184, 185, 186, 187, 188, 189, 190, 191, 192, 193, 194, 195, 196, 197, 198, 199, 200, 201, 202, 203, 204, 205, 206, 207, 208, 209, 210, 211, 212, 213, 214, 215, 216, 217, 218, 219, 220, 221, 222, 223, 224, 225, 226, 227, 228, 229, 230, 231, 232, 233, 234, 235, 236, 237, 238, 239, 240, 241, 242, 243, 244, 245, 246, 247, 248, 249, 250, 251, 252, 253, 254, 255, 256, 257, 258, 259, 260, 261, 262, 263, 264, 265, 266, 267, 268, 269, 270, 271, 272, 273, 274, 275, 276, 277, 278, 279, 280, 281, 282, 283, 284, 285, 286, 287, 288, 289, 290, 291, 292, 293, 294, 295, 296, 297, 298, 299, 300, 301, 302, 303, 304, 305, 306, 307, 308, 309, 310, 311, 312, 313, 314, 315, 316, 317, 318, 319, 320, 321, 322, 323, 324, 325, 326, 327, 328, 329, 330, 331, 332, 333, 334, 335, 336, 337, 338, 339, 340, 341, 342, 343, 344, 345, 346, 347, 348, 349, 350, 351, 352, 353, 354, 355, 356, 357, 358, 359, 360, 361, 362, 363, 364, 365, 366, 367, 368, 369, 370, 371, 372, 373, 374, 375, 376, 377, 378, 379, 380, 381, 382, 383, 384, 385, 386, 387, 388, 389, 390, 391, 392, 393, 394, 395, 396, 397, 398, 399, 400, 401, 402, 403, 404, 405, 406, 407, 408, 409, 410, 411, 412, 413, 414, 415, 416, 417, 418, 419, 420, 421, 422, 423, 424, 425, 426, 427, 428, 429, 430, 431, 432, 433, 434, 435, 436, 437, 438, 439, 440, 441, 442, 443, 444, 445, 446, 447, 448, 449, 450, 451, 452, 453, 454, 455, 456, 457, 458, 459, 460, 461, 462, 463, 464, 465, 466, 467, 468, 469, 470, 471, 472, 473, 474, 475, 476, 477, 478, 479, 480, 481, 482, 483, 484, 485, 486, 487, 488, 489, 490, 491, 492, 493, 494, 495, 496, 497, 498, 499, 500, 501, 502, 503, 504, 505, 506, 507, 508, 509, 510, 511, 512, 513, 514, 515, 516, 517, 518, 519, 520, 521, 522, 523, 524, 525, 526, 527, 528, 529, 530, 531, 532, 533, 534, 535, 536, 537, 538, 539, 540, 541, 542, 543, 544, 545, 546, 547, 548, 549, 550, 551, 552, 553, 554, 555, 556, 557, 558, 559, 560, 561, 562, 563, 564, 565, 566, 567, 568, 569, 570, 571, 572, 573, 574, 575, 576, 577, 578, 579, 580, 581, 582, 583, 584, 585, 586, 587, 588, 589, 590, 591, 592, 593, 594, 595, 596, 597, 598, 599, 600, 601, 602, 603, 604, 605, 606, 607, 608, 609, 610, 611, 612, 613, 614, 615, 616, 617, 618, 619, 620, 621, 622, 623, 624, 625, 626, 627, 628, 629, 630, 631, 632, 633, 634, 635, 636, 637, 638, 639, 640, 641, 642, 643, 644, 645, 646, 647, 648, 649, 650, 651, 652, 653, 654, 655, 656, 657, 658, 659, 660, 661, 662, 663, 664, 665, 666, 667, 668, 669, 670, 671, 672, 673, 674, 675, 676, 677, 678, 679, 680, 681, 682, 683, 684, 685, 686, 687, 688, 689, 690, 691, 692, 693, 694, 695, 696, 697, 698, 699, 700, 701, 702, 703, 704, 705, 706, 707, 708, 709, 710, 711, 712, 713, 714, 715, 716, 717, 718, 719, 720, 721, 722, 723, 724, 725, 726, 727, 728, 729, 730, 731, 732, 733, 734, 735, 736, 737, 738, 739, 740, 741, 742, 743, 744, 745, 746, 747, 748, 749, 750, 751, 752, 753, 754, 755, 756, 757, 758, 759, 760, 761, 762, 763, 764, 765, 766, 767, 768, 769, 770, 771, 772, 773, 774, 775, 776, 777, 778, 779, 780, 781, 782, 783, 784, 785, 786, 787, 788, 789, 790, 791, 792, 793, 794, 795, 796, 797, 798, 799, 800, 801, 802, 803, 804, 805, 806, 807, 808, 809, 810, 811, 812, 813, 814, 815, 816, 817, 818, 819, 820, 821, 822, 823, 824, 825, 826, 827, 828, 829, 830, 831, 832, 833, 834, 835, 836, 837, 838, 839, 840, 841, 842, 843, 844, 845, 846, 847, 848, 849, 850, 851, 852, 853, 854, 855, 856, 857, 858, 859, 860, 861, 862, 863, 864, 865, 866, 867, 868, 869, 870, 871, 872, 873, 874, 875, 876, 877, 878, 879, 880, 881, 882, 883, 884, 885, 886, 887, 888, 889, 890, 891, 892, 893, 894, 895, 896, 897, 898, 899, 900, 901, 902, 903, 904, 905, 906, 907, 908, 909, 910, 911, 912, 913, 914, 915, 916, 917, 918, 919, 920, 921, 922, 923, 924, 925, 926, 927, 928, 929, 930, 931, 932, 933, 934, 935, 936, 937, 938, 939, 940, 941, 942, 943, 944, 945, 946, 947, 948, 949, 950, 951, 952, 953, 954, 955, 956, 957, 958, 959, 960, 961, 962, 963, 964, 965, 966, 967, 968, 969, 970, 971, 972, 973, 974, 975, 976, 977, 978, 979, 980, 981, 982, 983, 984, 985, 986, 987, 988, 989, 990, 991, 992, 993, 994, 995, 996, 997, 998, 999, 1000]
i =  0 [98, 37, 38, 681, 75, 590, 46, 30, 95]
i =  1 [640, 386, 388, 5, 44, 10, 267, 143, 277, 279, 793, 26, 923, 284, 288, 545, 418, 931, 292, 165, 166, 295, 684, 429, 559, 565, 438, 649, 56, 572, 193, 962, 968, 841, 202, 77, 416, 601, 604, 865, 482, 995, 485, 795, 114, 246, 119, 253, 639]
i =  2 [131, 261, 263, 396, 586, 12, 813, 42, 598, 57, 298, 318]
i =  3 [903, 779, 656, 156, 797, 929, 804, 677, 806, 924, 45, 431, 439, 970, 395, 967, 330, 331, 205, 338, 982, 984, 218, 861, 611, 616, 490, 108, 880]
i =  4 [259, 708, 69, 209, 41, 234, 17, 690, 113, 54, 93, 63]
i =  5 [130, 138, 855, 642, 400, 786, 789, 25, 539, 675, 426, 944, 947, 570, 411, 573, 703, 838, 585, 845, 717, 739, 727, 479, 227, 747, 752, 498, 250]
i =  6 [32, 641, 9, 235, 109, 115, 532, 59, 94, 831]
i =  7 [897, 387, 648, 139, 654, 143, 146, 22, 158, 549, 935, 177, 181, 950, 828, 832, 67, 964, 711, 329, 76, 978, 979, 217, 805, 354, 613, 231, 877, 110, 628, 633, 508, 893, 382]
i =  8 [256, 257, 258, 228, 197, 753, 788, 696, 154, 155]
i =  9 [129, 136, 906, 192, 13, 528, 914, 19, 406, 28, 671, 544, 557, 688, 690, 692, 58, 443, 702, 960, 449, 587, 204, 336, 504, 722, 467, 659, 732, 477, 106, 748, 595, 630, 376, 636, 255]
i =  10 [353, 459, 837, 171, 686, 401, 179, 116, 341, 440, 88, 410, 21, 421]
i =  11 [2, 138, 855, 652, 130, 400, 786, 789, 25, 539, 675, 426, 944, 947, 411, 573, 703, 838, 585, 845, 717, 227, 642, 727, 479, 739, 747, 752, 498, 250]
i =  12 [131, 586, 261, 263, 396, 298, 12, 813, 598, 57, 42, 318]
i =  13 [645, 902, 148, 922, 86, 31, 943, 816, 689, 821, 310, 697, 835, 454, 840, 203, 591, 980, 725, 214, 985, 486, 241, 916]
i =  14 [391, 398, 918, 799, 417, 164, 815, 48, 945, 60, 194, 323, 853, 599, 860, 350, 359, 489, 749, 884, 374, 894]
i =  15 [384, 352, 452, 933, 198, 457, 330, 395, 460, 175, 912, 824, 694, 248, 249, 666, 612, 286, 127]
i =  16 [513, 582, 424, 617, 714, 141, 621, 687, 276, 662, 537, 271, 605, 394]
i =  17 [903, 395, 656, 787, 156, 929, 804, 677, 806, 45, 431, 439, 779, 967, 330, 331, 338, 982, 861, 616, 490, 108, 880]
i =  18 [229, 294, 297, 170, 812, 78, 177, 562, 436, 695, 507, 188]
i =  19 [768, 770, 777, 14, 274, 917, 151, 27, 160, 36, 425, 428, 305, 51, 52, 567, 955, 446, 447, 448, 707, 68, 200, 977, 84, 471, 347, 476, 990, 996, 337, 232, 362, 108, 18, 494, 239, 117, 169, 890, 575]
i =  20 [507, 900, 678, 265, 299, 172, 941, 206, 403, 755, 302, 937, 137, 379, 380, 215]
i =  21 [128, 259, 772, 518, 265, 782, 17, 274, 275, 279, 672, 545, 41, 299, 172, 941, 52, 54, 137, 829, 446, 63, 708, 69, 843, 206, 209, 215, 729, 93, 351, 96, 997, 380, 234, 619, 751, 113, 403, 758, 759, 379, 892, 381]
i =  22 [64, 33, 322, 163, 389, 839, 167, 112, 433, 691, 529, 346, 733, 574]
i =  23 [768, 770, 777, 14, 274, 917, 151, 27, 160, 36, 425, 428, 305, 51, 52, 567, 955, 446, 447, 448, 707, 68, 200, 977, 84, 471, 347, 476, 990, 996, 337, 232, 362, 108, 18, 494, 239, 117, 169, 890, 575]
i =  24 [65, 162, 293, 743, 584, 393, 205, 110, 817, 466, 481, 344, 954, 184, 915, 378, 190]
i =  25 [320, 289, 774, 521, 618, 875, 908, 876, 335, 29, 285, 14, 951, 23, 889, 730, 541, 125, 606, 159]
i =  26 [321, 998, 775, 808, 201, 810, 555, 526, 47, 754, 885, 553, 952, 665, 252, 669, 766, 767]
i =  27 [704, 97, 706, 963, 742, 705, 874, 940, 514, 589, 928, 147, 830, 118, 857, 826, 670]
i =  28 [778, 268, 13, 273, 278, 800, 420, 40, 939, 301, 317, 566, 828, 61, 327, 846, 851, 473, 349, 199, 869, 226, 101, 746, 623, 630, 123, 895]
i =  29 [960, 192, 129, 136, 841, 587, 467, 242, 19, 659, 469, 609, 504, 249, 443, 477, 959]
i =  30 [929, 779, 804, 677, 806, 967, 616, 490, 331, 45, 431, 880, 594, 903, 982, 439, 656, 156, 925, 861]
i =  31 [802, 579, 580, 965, 934, 455, 776, 842, 523, 882, 468, 62, 87, 472, 121, 71, 668, 157, 510, 357]
i =  32 [642, 138, 727, 2, 400, 786, 789, 539, 675, 936, 426, 944, 947, 411, 573, 703, 838, 585, 845, 717, 739, 855, 130, 479, 227, 747, 752, 498, 250]
i =  33 [8, 785, 20, 661, 921, 798, 176, 548, 938, 683, 814, 432, 178, 563, 180, 949, 578, 607, 736, 868, 236, 370, 371, 886]
i =  34 [8, 785, 20, 661, 798, 176, 34, 291, 548, 938, 683, 814, 432, 563, 180, 949, 578, 74, 83, 983, 36, 607, 736, 868, 360, 107, 236, 750, 111, 370, 371, 886, 375]
i =  35 [128, 259, 772, 5, 518, 649, 267, 782, 429, 17, 274, 275, 279, 265, 672, 545, 41, 299, 44, 941, 172, 52, 54, 137, 56, 829, 446, 63, 416, 708, 69, 202, 843, 206, 288, 464, 209, 215, 729, 93, 351, 96, 865, 997, 438, 380, 234, 619, 751, 113, 114, 403, 758, 759, 379, 892, 381]
i =  36 [161, 738, 195, 390, 456, 821, 535, 680, 981, 183, 664, 505, 474, 247, 858, 191]
i =  37 [645, 902, 144, 916, 152, 922, 86, 31, 943, 689, 310, 697, 835, 454, 840, 203, 591, 980, 725, 214, 985, 988, 866, 486, 241, 852, 148]
i =  38 [771, 519, 910, 15, 152, 531, 533, 536, 665, 284, 669, 419, 113, 808, 553, 810, 555, 47, 309, 312, 825, 186, 321, 966, 201, 848, 526, 470, 602, 348, 442, 608, 737, 775, 369, 754, 115, 643, 885, 252, 766, 767]
i =  39 [635, 517, 134, 7, 392, 778, 268, 13, 655, 273, 149, 278, 61, 25, 412, 287, 800, 674, 420, 646, 40, 554, 939, 428, 301, 349, 305, 566, 569, 244, 828, 317, 326, 199, 72, 396, 970, 333, 846, 207, 851, 84, 441, 473, 218, 92, 989, 222, 101, 609, 226, 99, 869, 105, 610, 327, 623, 625, 883, 500, 501, 630, 123, 746]
i =  40 [1, 260, 653, 142, 399, 667, 930, 932, 942, 314, 699, 700, 319, 961, 70, 334, 81, 987, 991, 993, 356, 101, 102, 871, 364, 368, 120, 122, 124, 509]
i =  41 [769, 905, 784, 534, 792, 290, 35, 39, 296, 946, 434, 819, 308, 187, 316, 833, 603, 73, 80, 85, 986, 859, 251, 100, 487, 1000, 233, 615, 552, 757, 760, 506, 763, 638]
i =  42 [899, 132, 6, 393, 282, 543, 162, 293, 820, 184, 954, 190, 576, 65, 463, 593, 466, 344, 378, 224, 481, 743, 372, 762]
i =  43 [898, 650, 657, 791, 801, 427, 556, 307, 953, 442, 972, 462, 719, 854, 728, 221, 529, 232, 620, 237, 496, 373, 503, 377]
i =  44 [903, 779, 656, 156, 929, 804, 677, 806, 45, 431, 439, 395, 967, 969, 330, 331, 338, 982, 218, 861, 616, 490, 108, 880]
i =  45 [641, 280, 769, 103, 905, 266, 891, 140, 435, 270, 493, 784, 792, 534, 495, 24, 409, 283, 28, 32, 290, 35, 39, 552, 685, 303, 434, 819, 308, 9, 59, 444, 831, 833, 603, 713, 187, 55, 80, 465, 757, 85, 213, 823, 343, 856, 986, 859, 94, 208, 251, 100, 999, 1000, 316, 487, 492, 109, 238, 73, 240, 296, 115, 245, 268, 233, 760, 315, 506, 763, 638, 946]
i =  46 [449, 393, 906, 13, 528, 914, 915, 406, 671, 544, 162, 557, 688, 692, 184, 58, 702, 65, 204, 976, 722, 595, 344, 732, 481, 106, 466, 336, 376, 255]
i =  47 [571, 709, 522, 629, 622, 975, 49, 660, 405, 502, 888, 89, 731, 53]
i =  48 [903, 779, 656, 156, 925, 929, 804, 677, 806, 45, 431, 439, 395, 967, 330, 971, 594, 982, 331, 861, 616, 490, 880]
i =  49 [391, 398, 918, 799, 417, 164, 815, 48, 945, 60, 194, 323, 974, 853, 599, 860, 350, 359, 489, 749, 884, 374, 894]
i =  50 [771, 775, 910, 15, 536, 665, 669, 419, 808, 553, 810, 555, 47, 309, 58, 956, 321, 966, 201, 848, 526, 470, 91, 348, 186, 608, 737, 519, 369, 754, 885, 252, 766, 767]
i =  51 [898, 650, 657, 791, 801, 935, 427, 556, 307, 442, 957, 969, 462, 719, 854, 728, 221, 529, 488, 620, 373, 503, 377]
i =  52 [771, 775, 526, 15, 536, 665, 669, 419, 808, 553, 810, 555, 47, 309, 312, 58, 958, 321, 966, 201, 848, 910, 470, 91, 348, 186, 608, 737, 519, 369, 754, 885, 252, 766, 767]
i =  53 [896, 994, 484, 551, 873, 43, 300, 461, 274, 340, 153, 332, 68, 538, 135, 478]
i =  54 [34, 291, 644, 360, 74, 107, 620, 750, 111, 753, 595, 179, 948, 983, 503, 83, 408, 795, 650, 4, 511]
i =  55 [993, 930, 987, 932, 102, 871, 356, 942, 991, 364, 397, 142, 124, 667, 1, 120, 260, 122, 699, 700, 927]
i =  56 [640, 385, 679, 328, 647, 304, 269, 430, 973, 272, 367, 366, 283]
i =  57 [992, 450, 266, 343, 140, 238, 733, 240, 213, 55, 280, 409, 125]
i =  58 [645, 902, 148, 919, 922, 31, 214, 943, 689, 310, 697, 835, 454, 840, 203, 591, 980, 725, 86, 985, 486, 241, 916]
i =  59 [391, 904, 398, 911, 918, 799, 417, 164, 815, 48, 945, 60, 194, 323, 853, 599, 860, 350, 359, 489, 749, 884, 374, 894]
i =  60 [832, 897, 964, 805, 711, 329, 924, 907, 877, 110, 613, 979, 654, 950, 217, 633, 508, 893, 158, 181]
i =  61 [909, 237, 16, 18, 794, 413, 926, 422, 169, 175, 561, 200, 849, 850, 724, 216, 230, 104, 361, 530, 881, 626, 126, 254]
i =  62 [546, 483, 324, 264, 220, 811, 781, 77, 783, 488, 82, 499, 212, 189, 887, 90, 219, 540, 445, 863]
i =  63 [778, 268, 13, 655, 273, 914, 278, 879, 287, 800, 674, 420, 40, 939, 301, 317, 566, 61, 327, 846, 851, 726, 473, 218, 349, 199, 869, 101, 746, 623, 501, 630, 123, 895]
i =  64 [391, 398, 911, 918, 799, 417, 164, 604, 815, 48, 945, 60, 194, 323, 974, 853, 599, 860, 350, 870, 359, 489, 749, 884, 894, 374, 126, 597]
i =  65 [776, 523, 668, 157, 673, 802, 934, 52, 696, 62, 579, 580, 71, 842, 468, 87, 472, 862, 357, 872, 882, 121, 510]
i =  66 [1, 2, 3, 4, 5, 6, 7, 8, 9, 10, 11, 12, 13, 14, 15, 16, 17, 18, 19, 20, 21, 22, 23, 24, 25, 26, 27, 28, 29, 30, 31, 32, 33, 34, 35, 36, 37, 38, 39, 40, 41, 42, 43, 44, 45, 46, 47, 48, 49, 50, 51, 52, 53, 54, 55, 56, 57, 58, 59, 60, 61, 62, 63, 64, 65, 66, 67, 68, 69, 70, 71, 72, 73, 74, 75, 76, 77, 78, 79, 80, 81, 82, 83, 84, 85, 86, 87, 88, 89, 90, 91, 92, 93, 94, 95, 96, 97, 98, 99, 100, 101, 102, 103, 104, 105, 106, 107, 108, 109, 110, 111, 112, 113, 114, 115, 116, 117, 118, 119, 120, 121, 122, 123, 124, 125, 126, 127, 128, 129, 130, 131, 132, 133, 134, 135, 136, 137, 138, 139, 140, 141, 142, 143, 144, 145, 146, 147, 148, 149, 150, 151, 152, 153, 154, 155, 156, 157, 158, 159, 160, 161, 162, 163, 164, 165, 166, 167, 168, 169, 170, 171, 172, 173, 174, 175, 176, 177, 178, 179, 180, 181, 182, 183, 184, 185, 186, 187, 188, 189, 190, 191, 192, 193, 194, 195, 196, 197, 198, 199, 200, 201, 202, 203, 204, 205, 206, 207, 208, 209, 210, 211, 212, 213, 214, 215, 216, 217, 218, 219, 220, 221, 222, 223, 224, 225, 226, 227, 228, 229, 230, 231, 232, 233, 234, 235, 236, 237, 238, 239, 240, 241, 242, 243, 244, 245, 246, 247, 248, 249, 250, 251, 252, 253, 254, 255, 256, 257, 258, 259, 260, 261, 262, 263, 264, 265, 266, 267, 268, 269, 270, 271, 272, 273, 274, 275, 276, 277, 278, 279, 280, 281, 282, 283, 284, 285, 286, 287, 288, 289, 290, 291, 292, 293, 294, 295, 296, 297, 298, 299, 300, 301, 302, 303, 304, 305, 306, 307, 308, 309, 310, 311, 312, 313, 314, 315, 316, 317, 318, 319, 320, 321, 322, 323, 324, 325, 326, 327, 328, 329, 330, 331, 332, 333, 334, 335, 336, 337, 338, 339, 340, 341, 342, 343, 344, 345, 346, 347, 348, 349, 350, 351, 352, 353, 354, 355, 356, 357, 358, 359, 360, 361, 362, 363, 364, 365, 366, 367, 368, 369, 370, 371, 372, 373, 374, 375, 376, 377, 378, 379, 380, 381, 382, 383, 384, 385, 386, 387, 388, 389, 390, 391, 392, 393, 394, 395, 396, 397, 398, 399, 400, 401, 402, 403, 404, 405, 406, 407, 408, 409, 410, 411, 412, 413, 414, 415, 416, 417, 418, 419, 420, 421, 422, 423, 424, 425, 426, 427, 428, 429, 430, 431, 432, 433, 434, 435, 436, 437, 438, 439, 440, 441, 442, 443, 444, 445, 446, 447, 448, 449, 450, 451, 452, 453, 454, 455, 456, 457, 458, 459, 460, 461, 462, 463, 464, 465, 466, 467, 468, 469, 470, 471, 472, 473, 474, 475, 476, 477, 478, 479, 480, 481, 482, 483, 484, 485, 486, 487, 488, 489, 490, 491, 492, 493, 494, 495, 496, 497, 498, 499, 500, 501, 502, 503, 504, 505, 506, 507, 508, 509, 510, 511, 512, 513, 514, 515, 516, 517, 518, 519, 520, 521, 522, 523, 524, 525, 526, 527, 528, 529, 530, 531, 532, 533, 534, 535, 536, 537, 538, 539, 540, 541, 542, 543, 544, 545, 546, 547, 548, 549, 550, 551, 552, 553, 554, 555, 556, 557, 558, 559, 560, 561, 562, 563, 564, 565, 566, 567, 568, 569, 570, 571, 572, 573, 574, 575, 576, 577, 578, 579, 580, 581, 582, 583, 584, 585, 586, 587, 588, 589, 590, 591, 592, 593, 594, 595, 596, 597, 598, 599, 600, 601, 602, 603, 604, 605, 606, 607, 608, 609, 610, 611, 612, 613, 614, 615, 616, 617, 618, 619, 620, 621, 622, 623, 624, 625, 626, 627, 628, 629, 630, 631, 632, 633, 634, 635, 636, 637, 638, 639, 640, 641, 642, 643, 644, 645, 646, 647, 648, 649, 650, 651, 652, 653, 654, 655, 656, 657, 658, 659, 660, 661, 662, 663, 664, 665, 666, 667, 668, 669, 670, 671, 672, 673, 674, 675, 676, 677, 678, 679, 680, 681, 682, 683, 684, 685, 686, 687, 688, 689, 690, 691, 692, 693, 694, 695, 696, 697, 698, 699, 700, 701, 702, 703, 704, 705, 706, 707, 708, 709, 710, 711, 712, 713, 714, 715, 716, 717, 718, 719, 720, 721, 722, 723, 724, 725, 726, 727, 728, 729, 730, 731, 732, 733, 734, 735, 736, 737, 738, 739, 740, 741, 742, 743, 744, 745, 746, 747, 748, 749, 750, 751, 752, 753, 754, 755, 756, 757, 758, 759, 760, 761, 762, 763, 764, 765, 766, 767, 768, 769, 770, 771, 772, 773, 774, 775, 776, 777, 778, 779, 780, 781, 782, 783, 784, 785, 786, 787, 788, 789, 790, 791, 792, 793, 794, 795, 796, 797, 798, 799, 800, 801, 802, 803, 804, 805, 806, 807, 808, 809, 810, 811, 812, 813, 814, 815, 816, 817, 818, 819, 820, 821, 822, 823, 824, 825, 826, 827, 828, 829, 830, 831, 832, 833, 834, 835, 836, 837, 838, 839, 840, 841, 842, 843, 844, 845, 846, 847, 848, 849, 850, 851, 852, 853, 854, 855, 856, 857, 858, 859, 860, 861, 862, 863, 864, 865, 866, 867, 868, 869, 870, 871, 872, 873, 874, 875, 876, 877, 878, 879, 880, 881, 882, 883, 884, 885, 886, 887, 888, 889, 890, 891, 892, 893, 894, 895, 896, 897, 898, 899, 900, 901, 902, 903, 904, 905, 906, 907, 908, 909, 910, 911, 912, 913, 914, 915, 916, 917, 918, 919, 920, 921, 922, 923, 924, 925, 926, 927, 928, 929, 930, 931, 932, 933, 934, 935, 936, 937, 938, 939, 940, 941, 942, 943, 944, 945, 946, 947, 948, 949, 950, 951, 952, 953, 954, 955, 956, 957, 958, 959, 960, 961, 962, 963, 964, 965, 966, 967, 968, 969, 970, 971, 972, 973, 974, 975, 976, 977, 978, 979, 980, 981, 982, 983, 984, 985, 986, 987, 988, 989, 990, 991, 992, 993, 994, 995, 996, 997, 998, 999, 1000]
finish get all communities
complete deal_communities
commplete get_all_nature_community
----------------------------------The detection result is: 

all communities: 
i =  1 : [30, 37, 38, 46, 75, 95, 98, 590, 681]
i =  2 : [5, 10, 26, 44, 56, 77, 114, 119, 143, 165, 166, 193, 202, 246, 253, 267, 277, 279, 284, 288, 292, 295, 386, 388, 416, 418, 429, 438, 482, 485, 545, 559, 565, 572, 601, 604, 639, 640, 649, 684, 793, 795, 841, 865, 923, 931, 962, 968, 995]
i =  3 : [12, 42, 57, 131, 261, 263, 298, 318, 396, 586, 598, 813]
i =  4 : [17, 41, 54, 63, 69, 93, 113, 209, 234, 259, 690, 708]
i =  5 : [9, 32, 59, 94, 109, 115, 235, 532, 641, 831]
i =  6 : [22, 67, 76, 110, 139, 143, 146, 158, 177, 181, 217, 231, 329, 354, 382, 387, 508, 549, 613, 628, 633, 648, 654, 711, 805, 828, 832, 877, 893, 897, 935, 950, 964, 978, 979]
i =  7 : [154, 155, 197, 228, 256, 257, 258, 696, 753, 788]
i =  8 : [13, 19, 28, 58, 106, 129, 136, 192, 204, 255, 336, 376, 406, 443, 449, 467, 477, 504, 528, 544, 557, 587, 595, 630, 636, 659, 671, 688, 690, 692, 702, 722, 732, 748, 906, 914, 960]
i =  9 : [21, 88, 116, 171, 179, 341, 353, 401, 410, 421, 440, 459, 686, 837]
i =  10 : [127, 175, 198, 248, 249, 286, 330, 352, 384, 395, 452, 457, 460, 612, 666, 694, 824, 912, 933]
i =  11 : [141, 271, 276, 394, 424, 513, 537, 582, 605, 617, 621, 662, 687, 714]
i =  12 : [78, 170, 177, 188, 229, 294, 297, 436, 507, 562, 695, 812]
i =  13 : [14, 18, 27, 36, 51, 52, 68, 84, 108, 117, 151, 160, 169, 200, 232, 239, 274, 305, 337, 347, 362, 425, 428, 446, 447, 448, 471, 476, 494, 567, 575, 707, 768, 770, 777, 890, 917, 955, 977, 990, 996]
i =  14 : [137, 172, 206, 215, 265, 299, 302, 379, 380, 403, 507, 678, 755, 900, 937, 941]
i =  15 : [33, 64, 112, 163, 167, 322, 346, 389, 433, 529, 574, 691, 733, 839]
i =  16 : [65, 110, 162, 184, 190, 205, 293, 344, 378, 393, 466, 481, 584, 743, 817, 915, 954]
i =  17 : [14, 23, 29, 125, 159, 285, 289, 320, 335, 521, 541, 606, 618, 730, 774, 875, 876, 889, 908, 951]
i =  18 : [47, 201, 252, 321, 526, 553, 555, 665, 669, 754, 766, 767, 775, 808, 810, 885, 952, 998]
i =  19 : [97, 118, 147, 514, 589, 670, 704, 705, 706, 742, 826, 830, 857, 874, 928, 940, 963]
i =  20 : [19, 129, 136, 192, 242, 249, 443, 467, 469, 477, 504, 587, 609, 659, 841, 959, 960]
i =  21 : [8, 20, 176, 178, 180, 236, 370, 371, 432, 548, 563, 578, 607, 661, 683, 736, 785, 798, 814, 868, 886, 921, 938, 949]
i =  22 : [8, 20, 34, 36, 74, 83, 107, 111, 176, 180, 236, 291, 360, 370, 371, 375, 432, 548, 563, 578, 607, 661, 683, 736, 750, 785, 798, 814, 868, 886, 938, 949, 983]
i =  23 : [5, 17, 41, 44, 52, 54, 56, 63, 69, 93, 96, 113, 114, 128, 137, 172, 202, 206, 209, 215, 234, 259, 265, 267, 274, 275, 279, 288, 299, 351, 379, 380, 381, 403, 416, 429, 438, 446, 464, 518, 545, 619, 649, 672, 708, 729, 751, 758, 759, 772, 782, 829, 843, 865, 892, 941, 997]
i =  24 : [161, 183, 191, 195, 247, 390, 456, 474, 505, 535, 664, 680, 738, 821, 858, 981]
i =  25 : [7, 13, 25, 40, 61, 72, 84, 92, 99, 101, 105, 123, 134, 149, 199, 207, 218, 222, 226, 244, 268, 273, 278, 287, 301, 305, 317, 326, 327, 333, 349, 392, 396, 412, 420, 428, 441, 473, 500, 501, 517, 554, 566, 569, 609, 610, 623, 625, 630, 635, 646, 655, 674, 746, 778, 800, 828, 846, 851, 869, 883, 939, 970, 989]
i =  26 : [1, 70, 81, 101, 102, 120, 122, 124, 142, 260, 314, 319, 334, 356, 364, 368, 399, 509, 653, 667, 699, 700, 871, 930, 932, 942, 961, 987, 991, 993]
i =  27 : [35, 39, 73, 80, 85, 100, 187, 233, 251, 290, 296, 308, 316, 434, 487, 506, 534, 552, 603, 615, 638, 757, 760, 763, 769, 784, 792, 819, 833, 859, 905, 946, 986, 1000]
i =  28 : [6, 65, 132, 162, 184, 190, 224, 282, 293, 344, 372, 378, 393, 463, 466, 481, 543, 576, 593, 743, 762, 820, 899, 954]
i =  29 : [221, 232, 237, 307, 373, 377, 427, 442, 462, 496, 503, 529, 556, 620, 650, 657, 719, 728, 791, 801, 854, 898, 953, 972]
i =  30 : [9, 24, 28, 32, 35, 39, 55, 59, 73, 80, 85, 94, 100, 103, 109, 115, 140, 187, 208, 213, 233, 238, 240, 245, 251, 266, 268, 270, 280, 283, 290, 296, 303, 308, 315, 316, 343, 409, 434, 435, 444, 465, 487, 492, 493, 495, 506, 534, 552, 603, 638, 641, 685, 713, 757, 760, 763, 769, 784, 792, 819, 823, 831, 833, 856, 859, 891, 905, 946, 986, 999, 1000]
i =  31 : [13, 58, 65, 106, 162, 184, 204, 255, 336, 344, 376, 393, 406, 449, 466, 481, 528, 544, 557, 595, 671, 688, 692, 702, 722, 732, 906, 914, 915, 976]
i =  32 : [49, 53, 89, 405, 502, 522, 571, 622, 629, 660, 709, 731, 888, 975]
i =  33 : [221, 307, 373, 377, 427, 442, 462, 488, 503, 529, 556, 620, 650, 657, 719, 728, 791, 801, 854, 898, 935, 957, 969]
i =  34 : [43, 68, 135, 153, 274, 300, 332, 340, 461, 478, 484, 538, 551, 873, 896, 994]
i =  35 : [4, 34, 74, 83, 107, 111, 179, 291, 360, 408, 503, 511, 595, 620, 644, 650, 750, 753, 795, 948, 983]
i =  36 : [1, 102, 120, 122, 124, 142, 260, 356, 364, 397, 667, 699, 700, 871, 927, 930, 932, 942, 987, 991, 993]
i =  37 : [269, 272, 283, 304, 328, 366, 367, 385, 430, 640, 647, 679, 973]
i =  38 : [55, 125, 140, 213, 238, 240, 266, 280, 343, 409, 450, 733, 992]
i =  39 : [110, 158, 181, 217, 329, 508, 613, 633, 654, 711, 805, 832, 877, 893, 897, 907, 924, 950, 964, 979]
i =  40 : [16, 18, 104, 126, 169, 175, 200, 216, 230, 237, 254, 361, 413, 422, 530, 561, 626, 724, 794, 849, 850, 881, 909, 926]
i =  41 : [77, 82, 90, 189, 212, 219, 220, 264, 324, 445, 483, 488, 499, 540, 546, 781, 783, 811, 863, 887]
i =  42 : [13, 40, 61, 101, 123, 199, 218, 226, 268, 273, 278, 287, 301, 317, 327, 349, 420, 473, 501, 566, 623, 630, 655, 674, 726, 746, 778, 800, 828, 846, 851, 869, 879, 895, 914, 939]
i =  43 : [52, 62, 71, 87, 121, 157, 357, 455, 468, 472, 510, 523, 579, 580, 668, 673, 696, 776, 802, 842, 862, 872, 882, 934, 965]
i =  44 : [48, 60, 126, 164, 194, 323, 350, 359, 374, 391, 398, 417, 489, 597, 599, 604, 749, 799, 815, 853, 860, 870, 884, 894, 904, 911, 918, 945, 974]
i =  45 : [2, 25, 130, 138, 227, 250, 400, 411, 426, 479, 498, 539, 570, 573, 585, 642, 652, 675, 703, 717, 727, 739, 747, 752, 786, 789, 838, 845, 855, 936, 944, 947]
i =  46 : [31, 86, 144, 148, 152, 203, 214, 241, 310, 454, 486, 591, 645, 689, 697, 725, 816, 821, 835, 840, 852, 866, 902, 916, 919, 922, 943, 980, 985, 988]
i =  47 : [15, 47, 58, 91, 113, 115, 152, 186, 201, 252, 284, 309, 312, 321, 348, 369, 419, 442, 470, 519, 526, 531, 533, 536, 553, 555, 602, 608, 643, 665, 669, 737, 754, 766, 767, 771, 775, 808, 810, 825, 848, 885, 910, 956, 958, 966]
i =  48 : [45, 108, 156, 205, 218, 330, 331, 338, 395, 431, 439, 490, 594, 611, 616, 656, 677, 779, 787, 797, 804, 806, 861, 880, 903, 924, 925, 929, 967, 969, 970, 971, 982, 984]
overlapping nodes are:  [1, 5, 8, 9, 13, 14, 17, 18, 19, 20, 25, 28, 32, 34, 35, 36, 39, 40, 41, 44, 47, 52, 54, 55, 56, 58, 59, 61, 63, 65, 68, 69, 73, 74, 77, 80, 83, 84, 85, 93, 94, 100, 101, 102, 106, 107, 108, 109, 110, 111, 113, 114, 115, 120, 122, 123, 124, 125, 126, 129, 136, 137, 140, 142, 143, 152, 158, 162, 169, 172, 175, 176, 177, 179, 180, 181, 184, 187, 190, 192, 199, 200, 201, 202, 204, 205, 206, 209, 213, 215, 217, 218, 221, 226, 232, 233, 234, 236, 237, 238, 240, 249, 251, 252, 255, 259, 260, 265, 266, 267, 268, 273, 274, 278, 279, 280, 283, 284, 287, 288, 290, 291, 293, 296, 299, 301, 305, 307, 308, 316, 317, 321, 327, 329, 330, 336, 343, 344, 349, 356, 360, 364, 370, 371, 373, 376, 377, 378, 379, 380, 393, 395, 396, 403, 406, 409, 416, 420, 427, 428, 429, 432, 434, 438, 442, 443, 446, 449, 462, 466, 467, 473, 477, 481, 487, 488, 501, 503, 504, 506, 507, 508, 526, 528, 529, 534, 544, 545, 548, 552, 553, 555, 556, 557, 563, 566, 578, 587, 595, 603, 604, 607, 609, 613, 620, 623, 630, 633, 638, 640, 641, 649, 650, 654, 655, 657, 659, 661, 665, 667, 669, 671, 674, 683, 688, 690, 692, 696, 699, 700, 702, 708, 711, 719, 722, 728, 732, 733, 736, 743, 746, 750, 753, 754, 757, 760, 763, 766, 767, 769, 775, 778, 784, 785, 791, 792, 795, 798, 800, 801, 805, 808, 810, 814, 819, 821, 828, 831, 832, 833, 841, 846, 851, 854, 859, 865, 868, 869, 871, 877, 885, 886, 893, 897, 898, 905, 906, 914, 915, 924, 930, 932, 935, 938, 939, 941, 942, 946, 949, 950, 954, 960, 964, 969, 970, 979, 983, 986, 987, 991, 993, 1000] 
 NOO is:  312
total time is:  101.973838091
