lens of ground_truth:  26
ground_truth is: [[6, 22, 30, 102, 108, 140, 145, 169, 237, 259, 328, 334, 345, 379, 380, 456, 485, 486, 541, 551, 642, 655, 685, 739, 750, 751, 809, 889], [45, 48, 52, 81, 98, 118, 138, 139, 168, 178, 208, 246, 261, 284, 302, 305, 312, 323, 326, 339, 356, 362, 413, 434, 438, 475, 488, 516, 521, 536, 554, 556, 592, 605, 626, 631, 659, 688, 696, 757, 766, 789, 808, 826, 858, 861, 870, 901, 909, 913, 951, 979], [9, 16, 17, 33, 50, 76, 91, 93, 95, 103, 121, 125, 131, 142, 164, 180, 181, 183, 201, 212, 213, 218, 220, 225, 246, 251, 254, 271, 278, 285, 291, 306, 307, 331, 342, 357, 369, 396, 400, 410, 414, 448, 454, 458, 460, 465, 467, 469, 479, 502, 503, 534, 552, 559, 601, 604, 629, 637, 652, 674, 708, 709, 713, 715, 718, 734, 736, 759, 773, 776, 819, 844, 848, 849, 855, 895, 904, 907, 914, 925, 928, 933, 935, 940, 952, 965, 978, 984, 985, 986, 992], [20, 69, 114, 145, 176, 227, 240, 257, 303, 409, 416, 455, 465, 476, 496, 510, 517, 676, 706, 730, 764, 800, 810, 927], [14, 68, 74, 93, 154, 157, 199, 204, 223, 290, 300, 374, 387, 457, 474, 489, 490, 501, 569, 602, 617, 624, 643, 648, 668, 683, 704, 753, 795, 888, 915], [13, 77, 85, 92, 143, 217, 236, 256, 273, 289, 319, 375, 493, 497, 561, 593, 615, 619, 625, 641, 673, 680, 690, 721, 799, 842, 871, 874, 898, 903, 954, 962, 975], [31, 40, 88, 166, 241, 329, 344, 439, 462, 471, 499, 504, 528, 579, 630, 650, 656, 703, 744, 748, 777, 823, 847, 872, 892], [8, 25, 27, 49, 104, 109, 158, 159, 162, 174, 177, 210, 276, 311, 317, 368, 376, 399, 400, 429, 433, 443, 447, 454, 478, 480, 487, 519, 524, 527, 597, 613, 623, 627, 636, 651, 667, 676, 677, 717, 734, 742, 743, 774, 802, 803, 816, 821, 851, 858, 862, 886, 916, 931, 939, 949, 953, 957, 980, 995], [62, 111, 116, 122, 127, 141, 155, 224, 229, 230, 242, 260, 336, 337, 364, 385, 436, 464, 468, 492, 512, 542, 587, 638, 644, 653, 686, 720, 756, 765, 767, 829, 878, 884, 885, 929, 956], [43, 56, 112, 124, 304, 316, 358, 361, 373, 441, 484, 520, 574, 585, 591, 639, 664, 678, 732, 737, 786, 790, 831, 838, 839, 906, 911, 998], [26, 51, 65, 99, 106, 146, 165, 299, 301, 340, 347, 388, 422, 500, 507, 555, 567, 571, 581, 608, 622, 637, 669, 687, 733, 745, 768, 779, 806, 807, 818, 876, 902, 914, 960, 990], [9, 24, 37, 39, 41, 94, 96, 126, 134, 153, 181, 182, 184, 194, 195, 202, 213, 235, 237, 245, 251, 267, 278, 282, 294, 307, 324, 335, 343, 350, 359, 368, 369, 382, 388, 389, 393, 419, 427, 444, 539, 566, 580, 584, 590, 601, 603, 604, 612, 640, 654, 689, 705, 713, 769, 815, 833, 836, 846, 850, 856, 865, 880, 904, 920, 927, 930, 938, 940, 961, 964, 968, 978, 986, 989, 992], [4, 12, 63, 64, 86, 89, 97, 147, 150, 167, 186, 272, 276, 297, 352, 365, 367, 401, 410, 437, 450, 477, 514, 518, 525, 537, 550, 578, 663, 714, 729, 754, 783, 796, 840, 912, 923, 946, 966, 988], [42, 73, 144, 193, 214, 279, 286, 292, 392, 420, 453, 482, 540, 606, 611, 632, 645, 657, 682, 775, 785, 788, 792, 820], [11, 35, 53, 87, 113, 231, 253, 312, 348, 384, 407, 466, 582, 675, 712, 731, 740, 760, 774, 866], [5, 15, 36, 61, 66, 71, 79, 130, 196, 197, 198, 200, 203, 232, 234, 250, 262, 277, 281, 309, 313, 321, 341, 353, 354, 390, 412, 415, 425, 470, 513, 514, 546, 586, 592, 616, 652, 655, 660, 666, 672, 685, 693, 784, 791, 804, 805, 812, 817, 824, 834, 873, 877, 881, 917, 981, 993], [23, 29, 46, 72, 80, 187, 209, 310, 332, 355, 383, 397, 421, 451, 491, 509, 523, 576, 588, 589, 594, 598, 695, 827], [21, 128, 133, 216, 222, 228, 243, 318, 378, 391, 394, 426, 461, 560, 618, 620, 700, 701, 716, 723, 741, 863, 930, 977], [28, 38, 44, 55, 67, 113, 119, 188, 265, 266, 280, 338, 360, 398, 423, 446, 481, 505, 558, 570, 607, 647, 746, 835, 859, 867, 882, 883, 941, 943, 955], [47, 78, 120, 123, 137, 179, 190, 207, 244, 295, 333, 351, 370, 402, 406, 417, 425, 452, 483, 494, 508, 513, 538, 543, 568, 575, 583, 681, 691, 699, 722, 725, 756, 860, 864, 884, 905, 910, 932, 934, 942, 963, 967, 974, 977, 997, 1000], [32, 34, 54, 151, 161, 163, 173, 248, 255, 268, 314, 315, 330, 349, 365, 381, 418, 435, 506, 515, 535, 557, 565, 573, 610, 614, 649, 658, 692, 695, 825, 841, 922, 926, 945, 950, 982, 994], [1, 2, 83, 100, 110, 131, 149, 226, 233, 258, 308, 363, 391, 442, 495, 564, 577, 662, 665, 671, 694, 697, 702, 707, 763, 782, 793, 834, 857, 891, 896, 899, 972, 998], [33, 56, 59, 70, 90, 101, 105, 107, 115, 116, 117, 119, 135, 136, 137, 172, 185, 206, 219, 221, 244, 264, 287, 293, 296, 322, 338, 342, 345, 346, 371, 372, 374, 377, 396, 430, 431, 445, 448, 449, 498, 502, 529, 533, 542, 544, 546, 552, 562, 563, 570, 572, 609, 621, 633, 634, 651, 661, 670, 728, 735, 738, 762, 770, 771, 777, 778, 814, 822, 828, 829, 833, 837, 844, 845, 854, 875, 879, 887, 890, 893, 919, 942, 947, 958, 976, 987, 995, 999], [10, 18, 84, 132, 148, 160, 168, 182, 205, 239, 252, 269, 298, 320, 366, 386, 403, 404, 405, 424, 428, 530, 532, 595, 635, 679, 684, 781, 784, 787, 797, 801, 813, 832, 869, 918, 970, 991, 996], [3, 7, 12, 19, 52, 57, 60, 75, 82, 129, 152, 170, 189, 192, 195, 200, 211, 212, 215, 228, 238, 247, 263, 270, 274, 275, 283, 288, 322, 326, 327, 384, 395, 445, 459, 463, 472, 473, 511, 522, 531, 539, 545, 547, 548, 549, 564, 572, 600, 628, 646, 698, 710, 711, 726, 727, 738, 747, 758, 772, 780, 791, 794, 811, 830, 843, 866, 868, 906, 908, 919, 921, 937, 944, 958, 959, 973, 983, 984, 985], [58, 156, 171, 175, 191, 249, 325, 408, 411, 432, 440, 526, 553, 596, 599, 719, 724, 749, 752, 755, 761, 798, 852, 853, 894, 897, 900, 924, 936, 948, 969, 971]]
nodes: [651, 705, 730, 753, 757, 769, 771, 774, 775, 782, 783, 789, 794, 801, 809, 827, 849, 852, 873, 885, 892, 903, 904, 906, 916, 919, 935, 951, 955, 956, 968, 977, 983, 984, 986, 988, 990, 992, 993, 994, 995, 998, 999, 1000] num of nodes:  44
[[613, 939, 953, 821, 651], [153, 989, 850, 705], [257, 800, 810, 730, 510, 496], [490, 915, 888, 683, 753, 602, 501], [305, 901, 913, 909, 757], [153, 989, 850, 846, 769], [372, 875, 771, 987], [348, 740, 582, 712, 760, 731, 774], [144, 775, 820, 788, 792, 785, 682], [707, 891, 972, 763, 896, 697, 782, 793, 857], [272, 946, 578, 783, 912, 754], [339, 861, 979, 909, 789], [472, 794, 772, 937, 959], [679, 996, 991, 970, 801, 787, 781, 813], [140, 889, 739, 750, 456, 809], [355, 827, 523, 576, 594, 588], [220, 965, 849, 819], [724, 894, 936, 969, 971, 752, 755, 948, 853, 924, 897, 761, 852], [313, 873, 616, 354, 812], [492, 767, 929, 765, 653, 885], [329, 872, 847, 823, 892, 703, 462, 499], [561, 962, 898, 975, 954, 871, 903, 842, 874, 619], [580, 961, 938, 880, 904], [906, 911, 678, 839, 664, 786, 732], [49, 862, 916, 851, 717], [57, 868, 545, 919], [715, 907, 952, 933, 935], [475, 870, 951, 808, 909, 766], [481, 955, 867, 835, 746, 941, 859, 882, 607, 883, 943], [492, 767, 929, 765, 653, 956, 878], [419, 938, 968, 920, 961], [394, 741, 560, 723, 701, 863, 977], [395, 921, 908, 772, 983], [263, 758, 646, 984], [534, 895, 940, 986, 855], [4, 966, 754, 988, 946, 714, 550], [507, 902, 745, 876, 990, 806, 768, 779], [718, 952, 928, 992, 925], [5, 993, 660, 804, 805, 917], [32, 994, 950, 922, 614, 926, 945], [104, 953, 957, 995, 597], [998, 896, 972, 857, 793, 697, 891, 763], [117, 947, 890, 572, 999], [123, 967, 905, 1000, 963, 934]]
len of cliques:  44
downsides after: [[724, 894, 936, 969, 971, 752, 755, 948, 853, 924, 897, 761, 852], [481, 955, 867, 835, 746, 941, 859, 882, 607, 883, 943], [561, 962, 898, 975, 954, 871, 903, 842, 874, 619], [707, 891, 972, 763, 896, 697, 782, 793, 857], [679, 996, 991, 970, 801, 787, 781, 813], [329, 872, 847, 823, 892, 703, 462, 499], [507, 902, 745, 876, 990, 806, 768, 779], [998, 896, 972, 857, 793, 697, 891, 763], [490, 915, 888, 683, 753, 602, 501], [348, 740, 582, 712, 760, 731, 774], [144, 775, 820, 788, 792, 785, 682], [906, 911, 678, 839, 664, 786, 732], [492, 767, 929, 765, 653, 956, 878], [394, 741, 560, 723, 701, 863, 977], [4, 966, 754, 988, 946, 714, 550], [32, 994, 950, 922, 614, 926, 945], [257, 800, 810, 730, 510, 496], [272, 946, 578, 783, 912, 754], [140, 889, 739, 750, 456, 809], [355, 827, 523, 576, 594, 588], [492, 767, 929, 765, 653, 885], [475, 870, 951, 808, 909, 766], [5, 993, 660, 804, 805, 917], [123, 967, 905, 1000, 963, 934], [613, 939, 953, 821, 651], [305, 901, 913, 909, 757], [153, 989, 850, 846, 769], [339, 861, 979, 909, 789], [472, 794, 772, 937, 959], [313, 873, 616, 354, 812], [580, 961, 938, 880, 904], [49, 862, 916, 851, 717], [715, 907, 952, 933, 935], [419, 938, 968, 920, 961], [395, 921, 908, 772, 983], [534, 895, 940, 986, 855], [718, 952, 928, 992, 925], [104, 953, 957, 995, 597], [117, 947, 890, 572, 999], [153, 989, 850, 705], [372, 875, 771, 987], [220, 965, 849, 819], [57, 868, 545, 919], [263, 758, 646, 984]]
number of downsided seeds: 44
[[724, 894, 936, 969, 971, 752, 755, 948, 853, 924, 897, 761, 852], [481, 955, 867, 835, 746, 941, 859, 882, 607, 883, 943], [561, 962, 898, 975, 954, 871, 903, 842, 874, 619], [707, 891, 972, 763, 896, 697, 782, 793, 857], [679, 996, 991, 970, 801, 787, 781, 813], [329, 872, 847, 823, 892, 703, 462, 499], [507, 902, 745, 876, 990, 806, 768, 779], [998, 896, 972, 857, 793, 697, 891, 763], [490, 915, 888, 683, 753, 602, 501], [348, 740, 582, 712, 760, 731, 774], [144, 775, 820, 788, 792, 785, 682], [906, 911, 678, 839, 664, 786, 732], [492, 767, 929, 765, 653, 956, 878], [394, 741, 560, 723, 701, 863, 977], [4, 966, 754, 988, 946, 714, 550], [32, 994, 950, 922, 614, 926, 945], [257, 800, 810, 730, 510, 496], [272, 946, 578, 783, 912, 754], [140, 889, 739, 750, 456, 809], [355, 827, 523, 576, 594, 588], [492, 767, 929, 765, 653, 885], [475, 870, 951, 808, 909, 766], [5, 993, 660, 804, 805, 917], [123, 967, 905, 1000, 963, 934], [613, 939, 953, 821, 651], [305, 901, 913, 909, 757], [153, 989, 850, 846, 769], [339, 861, 979, 909, 789], [472, 794, 772, 937, 959], [313, 873, 616, 354, 812], [580, 961, 938, 880, 904], [49, 862, 916, 851, 717], [715, 907, 952, 933, 935], [419, 938, 968, 920, 961], [395, 921, 908, 772, 983], [534, 895, 940, 986, 855], [718, 952, 928, 992, 925], [104, 953, 957, 995, 597], [117, 947, 890, 572, 999], [153, 989, 850, 705], [372, 875, 771, 987], [220, 965, 849, 819], [57, 868, 545, 919], [263, 758, 646, 984]]
after sorted:  [[724, 894, 936, 969, 971, 752, 755, 948, 853, 924, 897, 761, 852], [481, 955, 867, 835, 746, 941, 859, 882, 607, 883, 943], [561, 962, 898, 975, 954, 871, 903, 842, 874, 619], [707, 891, 972, 763, 896, 697, 782, 793, 857], [679, 996, 991, 970, 801, 787, 781, 813], [329, 872, 847, 823, 892, 703, 462, 499], [507, 902, 745, 876, 990, 806, 768, 779], [998, 896, 972, 857, 793, 697, 891, 763], [490, 915, 888, 683, 753, 602, 501], [348, 740, 582, 712, 760, 731, 774], [144, 775, 820, 788, 792, 785, 682], [906, 911, 678, 839, 664, 786, 732], [492, 767, 929, 765, 653, 956, 878], [394, 741, 560, 723, 701, 863, 977], [4, 966, 754, 988, 946, 714, 550], [32, 994, 950, 922, 614, 926, 945], [257, 800, 810, 730, 510, 496], [272, 946, 578, 783, 912, 754], [140, 889, 739, 750, 456, 809], [355, 827, 523, 576, 594, 588], [492, 767, 929, 765, 653, 885], [475, 870, 951, 808, 909, 766], [5, 993, 660, 804, 805, 917], [123, 967, 905, 1000, 963, 934], [613, 939, 953, 821, 651], [305, 901, 913, 909, 757], [153, 989, 850, 846, 769], [339, 861, 979, 909, 789], [472, 794, 772, 937, 959], [313, 873, 616, 354, 812], [580, 961, 938, 880, 904], [49, 862, 916, 851, 717], [715, 907, 952, 933, 935], [419, 938, 968, 920, 961], [395, 921, 908, 772, 983], [534, 895, 940, 986, 855], [718, 952, 928, 992, 925], [104, 953, 957, 995, 597], [117, 947, 890, 572, 999], [153, 989, 850, 705], [372, 875, 771, 987], [220, 965, 849, 819], [57, 868, 545, 919], [263, 758, 646, 984]]
before num:  44
befor deal_cliques:  44
after deal_cliques:  44
length of seeds:  44
seeds:  [set([897, 936, 969, 971, 752, 755, 724, 853, 852, 761, 948, 924, 894]), set([481, 955, 867, 746, 941, 943, 882, 883, 835, 859, 607]), set([962, 871, 842, 619, 898, 975, 561, 903, 954, 874]), set([896, 707, 697, 891, 972, 782, 793, 857, 763]), set([801, 996, 679, 970, 781, 813, 787, 991]), set([872, 329, 462, 847, 499, 823, 892, 703]), set([768, 806, 902, 745, 779, 876, 507, 990]), set([896, 891, 998, 972, 857, 697, 763, 793]), set([753, 915, 501, 888, 490, 683, 602]), set([760, 740, 582, 774, 712, 731, 348]), set([144, 785, 788, 775, 792, 820, 682]), set([786, 678, 839, 664, 906, 732, 911]), set([929, 956, 767, 492, 653, 878, 765]), set([560, 977, 723, 741, 394, 701, 863]), set([946, 4, 966, 550, 714, 988, 754]), set([32, 945, 994, 950, 614, 922, 926]), set([800, 257, 496, 810, 730, 510]), set([912, 272, 578, 946, 754, 783]), set([739, 889, 456, 809, 140, 750]), set([576, 594, 355, 827, 523, 588]), set([929, 885, 767, 492, 653, 765]), set([870, 951, 808, 475, 909, 766]), set([993, 804, 805, 660, 5, 917]), set([963, 934, 967, 1000, 905, 123]), set([953, 939, 651, 613, 821]), set([901, 305, 909, 913, 757]), set([153, 850, 989, 846, 769]), set([909, 339, 789, 979, 861]), set([472, 937, 794, 772, 959]), set([616, 313, 354, 812, 873]), set([880, 961, 938, 904, 580]), set([49, 851, 916, 717, 862]), set([952, 715, 907, 933, 935]), set([968, 920, 938, 419, 961]), set([921, 395, 908, 772, 983]), set([986, 895, 940, 534, 855]), set([952, 928, 992, 718, 925]), set([104, 953, 995, 957, 597]), set([890, 947, 572, 117, 999]), set([153, 850, 989, 705]), set([875, 771, 372, 987]), set([849, 819, 220, 965]), set([57, 868, 545, 919]), set([984, 758, 646, 263])]
seeds_fitness [0.21727019498607242, 0.21568627450980393, 0.17208413001912046, 0.1782178217821782, 0.11222444889779559, 0.1891891891891892, 0.1362530413625304, 0.1050656660412758, 0.14788732394366197, 0.18502202643171806, 0.15789473684210525, 0.11413043478260869, 0.11351351351351352, 0.11898016997167139, 0.1016949152542373, 0.09722222222222222, 0.15228426395939088, 0.08498583569405099, 0.12658227848101267, 0.15384615384615385, 0.09554140127388536, 0.07263922518159806, 0.0702576112412178, 0.05905511811023622, 0.04524886877828054, 0.0488997555012225, 0.050761421319796954, 0.05037783375314862, 0.04424778761061947, 0.07352941176470588, 0.038535645472061654, 0.04962779156327544, 0.04008016032064128, 0.038314176245210725, 0.042105263157894736, 0.0375234521575985, 0.03502626970227671, 0.038461538461538464, 0.03968253968253968, 0.03488372093023256, 0.031007751937984496, 0.033707865168539325, 0.04363636363636364, 0.03896103896103896]
after sort list of tuple: [(0, 0.21727019498607242), (1, 0.21568627450980393), (5, 0.1891891891891892), (9, 0.18502202643171806), (3, 0.1782178217821782), (2, 0.17208413001912046), (10, 0.15789473684210525), (19, 0.15384615384615385), (16, 0.15228426395939088), (8, 0.14788732394366197), (6, 0.1362530413625304), (18, 0.12658227848101267), (13, 0.11898016997167139), (11, 0.11413043478260869), (12, 0.11351351351351352), (4, 0.11222444889779559), (7, 0.1050656660412758), (14, 0.1016949152542373), (15, 0.09722222222222222), (20, 0.09554140127388536), (17, 0.08498583569405099), (29, 0.07352941176470588), (21, 0.07263922518159806), (22, 0.0702576112412178), (23, 0.05905511811023622), (26, 0.050761421319796954), (27, 0.05037783375314862), (31, 0.04962779156327544), (25, 0.0488997555012225), (24, 0.04524886877828054), (28, 0.04424778761061947), (42, 0.04363636363636364), (34, 0.042105263157894736), (32, 0.04008016032064128), (38, 0.03968253968253968), (43, 0.03896103896103896), (30, 0.038535645472061654), (37, 0.038461538461538464), (33, 0.038314176245210725), (35, 0.0375234521575985), (36, 0.03502626970227671), (39, 0.03488372093023256), (41, 0.033707865168539325), (40, 0.031007751937984496)]
seeds_sorted [set([897, 936, 969, 971, 752, 755, 724, 853, 852, 761, 948, 924, 894]), set([481, 955, 867, 746, 941, 943, 882, 883, 835, 859, 607]), set([872, 329, 462, 847, 499, 823, 892, 703]), set([760, 740, 582, 774, 712, 731, 348]), set([896, 707, 697, 891, 972, 782, 793, 857, 763]), set([962, 871, 842, 619, 898, 975, 561, 903, 954, 874]), set([144, 785, 788, 775, 792, 820, 682]), set([576, 594, 355, 827, 523, 588]), set([800, 257, 496, 810, 730, 510]), set([753, 915, 501, 888, 490, 683, 602]), set([768, 806, 902, 745, 779, 876, 507, 990]), set([739, 889, 456, 809, 140, 750]), set([560, 977, 723, 741, 394, 701, 863]), set([786, 678, 839, 664, 906, 732, 911]), set([929, 956, 767, 492, 653, 878, 765]), set([801, 996, 679, 970, 781, 813, 787, 991]), set([896, 891, 998, 972, 857, 697, 763, 793]), set([946, 4, 966, 550, 714, 988, 754]), set([32, 945, 994, 950, 614, 922, 926]), set([929, 885, 767, 492, 653, 765]), set([912, 272, 578, 946, 754, 783]), set([616, 313, 354, 812, 873]), set([870, 951, 808, 475, 909, 766]), set([993, 804, 805, 660, 5, 917]), set([963, 934, 967, 1000, 905, 123]), set([153, 850, 989, 846, 769]), set([909, 339, 789, 979, 861]), set([49, 851, 916, 717, 862]), set([901, 305, 909, 913, 757]), set([953, 939, 651, 613, 821]), set([472, 937, 794, 772, 959]), set([57, 868, 545, 919]), set([921, 395, 908, 772, 983]), set([952, 715, 907, 933, 935]), set([890, 947, 572, 117, 999]), set([984, 758, 646, 263]), set([880, 961, 938, 904, 580]), set([104, 953, 995, 957, 597]), set([968, 920, 938, 419, 961]), set([986, 895, 940, 534, 855]), set([952, 928, 992, 718, 925]), set([153, 850, 989, 705]), set([849, 819, 220, 965]), set([875, 771, 372, 987])]
args__________ ([set([897, 936, 969, 971, 752, 755, 724, 853, 852, 761, 948, 924, 894]), set([875, 771, 372, 987])],)
args__________ ([set([481, 955, 867, 746, 941, 943, 882, 883, 835, 859, 607]), set([849, 819, 220, 965])],)
args__________ ([set([872, 329, 462, 847, 499, 823, 892, 703]), set([153, 850, 989, 705])],)
args__________ ([set([760, 740, 582, 774, 712, 731, 348]), set([952, 928, 992, 718, 925])],)
args__________ ([set([896, 707, 697, 891, 972, 782, 793, 857, 763]), set([986, 895, 940, 534, 855])],)
args__________ ([set([962, 871, 842, 619, 898, 975, 561, 903, 954, 874]), set([968, 920, 938, 419, 961])],)
args__________ ([set([144, 785, 788, 775, 792, 820, 682]), set([104, 953, 995, 957, 597])],)
args__________ ([set([576, 594, 355, 827, 523, 588]), set([880, 961, 938, 904, 580])],)
args__________ ([set([800, 257, 496, 810, 730, 510]), set([984, 758, 646, 263])],)
args__________ ([set([753, 915, 501, 888, 490, 683, 602]), set([890, 947, 572, 117, 999])],)
args__________ ([set([768, 806, 902, 745, 779, 876, 507, 990]), set([952, 715, 907, 933, 935])],)
args__________ ([set([739, 889, 456, 809, 140, 750]), set([921, 395, 908, 772, 983])],)
args__________ ([set([560, 977, 723, 741, 394, 701, 863])],)
args__________ ([set([786, 678, 839, 664, 906, 732, 911])],)
args__________ ([set([929, 956, 767, 492, 653, 878, 765])],)
args__________ ([set([801, 996, 679, 970, 781, 813, 787, 991])],)
args__________ ([set([896, 891, 998, 972, 857, 697, 763, 793])],)
args__________ ([set([946, 4, 966, 550, 714, 988, 754])],)
args__________ ([set([32, 945, 994, 950, 614, 922, 926])],)
args__________ ([set([929, 885, 767, 492, 653, 765])],)
args__________ ([set([912, 272, 578, 946, 754, 783])],)
args__________ ([set([616, 313, 354, 812, 873])],)
args__________ ([set([870, 951, 808, 475, 909, 766])],)
args__________ ([set([993, 804, 805, 660, 5, 917])],)
args__________ ([set([963, 934, 967, 1000, 905, 123])],)
args__________ ([set([153, 850, 989, 846, 769])],)
args__________ ([set([909, 339, 789, 979, 861])],)
args__________ ([set([49, 851, 916, 717, 862])],)
args__________ ([set([901, 305, 909, 913, 757])],)
args__________ ([set([953, 939, 651, 613, 821])],)
args__________ ([set([472, 937, 794, 772, 959])],)
args__________ ([set([57, 868, 545, 919])],)
finish process___________________
sorted nodes by betweenness [12, 52, 85, 113, 116, 119, 137, 145, 161, 168, 200, 206, 237, 276, 280, 301, 312, 326, 338, 345, 365, 368, 374, 384, 388, 391, 425, 445, 449, 454, 513, 514, 529, 542, 546, 552, 564, 592, 601, 637, 652, 655, 673, 676, 685, 693, 695, 734, 738, 756, 777, 784, 791, 829, 833, 834, 844, 858, 866, 884, 914, 927, 930, 942, 958, 978, 985]
args__________ ([[12, 966, 923, 578]],)
args__________ ([[52, 979, 413, 951]],)
args__________ ([[85, 673, 962, 842, 954, 975, 721]],)
args__________ ([[113, 941, 882, 955]],)
args__________ ([[116, 765, 885]],)
args__________ ([[119, 867, 955, 941, 943]],)
args__________ ([[137, 449, 987]],)
args__________ ([[145, 810, 176, 510]],)
args__________ ([[161, 994, 535, 982, 841, 692]],)
args__________ ([[168, 970, 801, 781]],)
args__________ ([[200, 549, 985]],)
args__________ ([[206, 875, 845]],)
args__________ ([[237, 961, 927, 815]],)
args__________ ([[276, 667, 527, 931, 949]],)
args__________ ([[280, 835, 859, 883, 867, 955, 941, 943]],)
args__________ ([[301, 960, 902, 990, 567, 669]],)
args__________ ([[253, 760, 312, 740]],)
args__________ ([[326, 901, 592]],)
args__________ ([[338, 943, 941, 955, 446]],)
args__________ ([[169, 889, 809, 345]],)
args__________ ([[365, 578, 946, 923, 796]],)
args__________ ([[158, 368, 957]],)
args__________ ([[74, 888, 915, 795, 374]],)
args__________ ([[253, 760, 712, 731, 384]],)
args__________ ([[388, 960, 990, 571]],)
args__________ ([[391, 618, 716, 863, 930]],)
args__________ ([[425, 993, 877, 470]],)
args__________ ([[430, 879, 445, 919]],)
args__________ ([[137, 449, 987]],)
args__________ ([[331, 454, 935]],)
args__________ ([[513, 932, 1000, 860, 967]],)
args__________ ([[514, 988, 796, 946, 923]],)
finish single seed process___________________
sorted nodes by betweenness [542, 546, 564, 601, 637, 652, 655, 676, 685, 693, 695, 734, 738, 756, 777, 784, 791, 829, 833, 834, 844, 858, 866, 884, 914, 942, 958, 978]
args__________ ([[364, 956, 929, 638, 542]],)
args__________ ([[546, 993, 804, 655]],)
args__________ ([[564, 899, 972, 702]],)
args__________ ([[601, 992, 836, 964]],)
args__________ ([[571, 960, 818, 990, 669, 637]],)
args__________ ([[469, 776, 759, 652]],)
args__________ ([[30, 739, 889, 750, 751, 655]],)
args__________ ([[227, 706, 676, 800, 810]],)
args__________ ([[196, 917, 993, 685]],)
args__________ ([[36, 881, 514, 693]],)
args__________ ([[435, 994, 945, 825, 922, 926, 695]],)
args__________ ([[519, 803, 953, 734, 886]],)
args__________ ([[533, 976, 987, 738]],)
args__________ ([[224, 929, 885, 720, 756]],)
args__________ ([[40, 847, 872, 892, 823, 777]],)
args__________ ([[679, 996, 991, 970, 801, 784, 684]],)
args__________ ([[791, 811, 794, 959]],)
args__________ ([[638, 767, 929, 829, 956, 878]],)
args__________ ([[105, 947, 833, 854]],)
args__________ ([[782, 834, 891, 857, 665]],)
args__________ ([[844, 895, 928, 925]],)
args__________ ([[284, 979, 826, 858]],)
args__________ ([[53, 675, 582, 712, 760, 731, 866]],)
args__________ ([[722, 884, 934, 967, 997, 974]],)
args__________ ([[299, 960, 806, 876, 990, 914, 818]],)
args__________ ([[494, 963, 997, 942, 905, 974, 725]],)
args__________ ([[395, 921, 747, 866, 958]],)
args__________ ([[235, 961, 978, 992]],)
finish single seed process___________________
i =  0 [897, 900, 526, 408, 411, 156, 798, 936, 553, 171, 175, 432, 948, 440, 58, 191, 325, 969, 971, 719, 596, 853, 599, 852, 924, 749, 752, 755, 724, 761, 249, 894]
i =  1 [770, 771, 135, 136, 778, 371, 762, 563, 533, 90, 670, 287, 544, 219, 293, 296, 875, 172, 814, 431, 264, 562, 947, 822, 185, 59, 828, 322, 837, 70, 845, 976, 430, 854, 633, 728, 346, 987, 101, 221, 735, 609, 634, 999, 105, 107, 621, 879, 498, 115, 372, 117, 887, 377, 890, 893, 661]
i =  2 [647, 265, 266, 398, 835, 28, 38, 423, 44, 941, 558, 943, 55, 955, 188, 446, 67, 859, 607, 481, 867, 360, 746, 882, 883, 505]
i =  3 [131, 773, 776, 907, 142, 271, 16, 17, 534, 925, 414, 965, 928, 674, 291, 164, 933, 935, 306, 559, 50, 819, 180, 183, 952, 95, 448, 715, 708, 709, 201, 458, 331, 76, 718, 848, 849, 467, 469, 855, 91, 220, 55, 479, 736, 225, 357, 465, 502, 103, 759, 285, 629, 246, 503, 121, 251, 460, 125, 254, 895]
i =  4 [650, 656, 88, 31, 166, 40, 439, 703, 579, 329, 823, 462, 847, 872, 471, 344, 528, 744, 748, 241, 499, 630, 504, 892]
i =  5 [640, 769, 389, 134, 961, 324, 393, 267, 654, 920, 968, 24, 153, 282, 539, 964, 419, 37, 294, 39, 41, 938, 427, 815, 689, 94, 566, 184, 444, 705, 194, 580, 584, 202, 590, 335, 850, 382, 846, 343, 856, 603, 989, 350, 96, 865, 612, 359, 235, 880, 245, 836, 126]
i =  6 [35, 740, 582, 774, 231, 712, 11, 466, 675, 53, 407, 760, 87, 731, 348, 253]
i =  7 [131, 132, 773, 776, 907, 142, 271, 16, 17, 534, 410, 285, 414, 965, 928, 33, 674, 291, 164, 933, 935, 604, 178, 925, 50, 819, 180, 181, 183, 952, 95, 736, 331, 708, 709, 201, 458, 715, 460, 718, 848, 849, 467, 213, 342, 855, 218, 91, 220, 93, 479, 992, 225, 357, 103, 306, 125, 76, 369, 629, 502, 503, 121, 895, 759, 254, 469]
i =  8 [896, 1, 258, 899, 2, 782, 149, 662, 665, 793, 671, 308, 694, 697, 442, 702, 577, 707, 972, 83, 857, 226, 891, 100, 233, 363, 110, 495, 763]
i =  9 [773, 503, 776, 9, 907, 142, 271, 16, 17, 534, 925, 414, 709, 928, 674, 291, 164, 933, 294, 935, 220, 713, 278, 940, 306, 307, 559, 986, 50, 819, 180, 181, 183, 952, 479, 715, 708, 965, 201, 458, 203, 460, 718, 848, 849, 467, 469, 331, 855, 218, 91, 604, 95, 736, 225, 357, 103, 76, 369, 285, 629, 759, 121, 251, 125, 254, 895]
i =  10 [256, 641, 898, 903, 13, 143, 273, 799, 289, 625, 680, 615, 561, 690, 871, 954, 319, 962, 842, 77, 975, 593, 217, 92, 721, 874, 619, 236, 493, 497, 375]
i =  11 [640, 769, 389, 134, 705, 393, 267, 654, 580, 920, 24, 153, 282, 964, 419, 37, 294, 39, 41, 938, 427, 815, 584, 350, 182, 184, 444, 961, 194, 324, 566, 968, 202, 590, 335, 850, 382, 846, 343, 856, 689, 603, 989, 94, 96, 865, 612, 359, 235, 880, 245, 836, 126]
i =  12 [645, 775, 392, 144, 785, 788, 279, 792, 540, 286, 420, 682, 820, 193, 453, 73, 214, 292, 606, 482, 611, 657, 632, 42]
i =  13 [519, 8, 524, 399, 916, 25, 667, 158, 159, 162, 931, 862, 677, 49, 623, 939, 429, 174, 816, 177, 821, 311, 953, 443, 317, 949, 802, 717, 433, 210, 803, 980, 597, 851, 527, 478, 480, 995, 613, 742, 487, 104, 743, 109, 957, 27, 627, 886, 376, 447, 636]
i =  14 [827, 523, 397, 23, 29, 421, 46, 310, 187, 576, 451, 72, 588, 332, 589, 80, 209, 594, 598, 355, 491, 509, 383]
i =  15 [640, 769, 389, 134, 705, 904, 9, 267, 654, 24, 278, 153, 920, 324, 282, 964, 382, 419, 37, 294, 39, 41, 938, 427, 815, 689, 307, 350, 566, 393, 184, 444, 961, 194, 580, 968, 202, 584, 335, 850, 846, 590, 343, 856, 603, 989, 94, 96, 865, 612, 359, 235, 880, 245, 836, 126]
i =  16 [800, 257, 706, 227, 517, 455, 764, 810, 240, 303, 176, 114, 416, 20, 496, 409, 730, 476, 510, 69]
i =  17 [129, 3, 772, 646, 263, 522, 983, 780, 270, 600, 274, 275, 152, 921, 794, 283, 288, 545, 547, 548, 549, 937, 170, 7, 944, 215, 57, 698, 60, 189, 830, 959, 192, 395, 710, 711, 908, 75, 973, 811, 463, 531, 82, 211, 212, 726, 727, 984, 473, 459, 327, 868, 843, 747, 238, 19, 628, 472, 758, 247, 396, 511]
i =  18 [387, 648, 14, 915, 154, 795, 668, 157, 474, 290, 683, 300, 569, 704, 68, 199, 457, 74, 204, 602, 223, 617, 490, 624, 753, 643, 501, 489, 888]
i =  19 [770, 771, 135, 136, 778, 371, 762, 563, 107, 533, 572, 346, 670, 287, 544, 219, 293, 296, 172, 814, 431, 264, 562, 947, 822, 56, 185, 59, 828, 322, 837, 70, 845, 976, 430, 854, 377, 728, 90, 987, 101, 221, 735, 609, 634, 999, 105, 875, 621, 879, 498, 115, 372, 117, 887, 633, 890, 893, 661]
i =  20 [768, 299, 902, 779, 146, 26, 669, 165, 806, 807, 555, 687, 818, 51, 567, 571, 960, 65, 581, 340, 347, 733, 990, 608, 99, 422, 745, 106, 876, 622, 500, 507]
i =  21 [213, 773, 503, 776, 907, 142, 271, 16, 17, 534, 285, 414, 965, 928, 674, 291, 164, 933, 935, 306, 925, 50, 819, 180, 183, 952, 479, 331, 708, 709, 201, 458, 715, 76, 718, 848, 849, 467, 469, 855, 218, 91, 220, 93, 95, 736, 225, 357, 103, 629, 759, 121, 460, 125, 254, 895]
i =  22 [642, 259, 6, 140, 22, 541, 30, 551, 809, 456, 328, 334, 739, 485, 486, 108, 750, 751, 169, 889, 379, 380, 102]
i =  23 [129, 3, 772, 646, 7, 522, 395, 908, 270, 600, 274, 531, 152, 921, 794, 283, 288, 545, 547, 548, 549, 937, 170, 811, 944, 215, 57, 698, 60, 189, 830, 959, 192, 459, 710, 711, 275, 780, 75, 973, 727, 463, 82, 211, 212, 726, 983, 472, 473, 263, 327, 868, 843, 747, 238, 19, 628, 758, 247, 121, 511]
i =  24 [128, 133, 618, 741, 716, 426, 620, 461, 222, 560, 977, 243, 21, 723, 394, 216, 378, 700, 701, 318, 863]
i =  25 [520, 906, 911, 786, 790, 664, 678, 43, 304, 441, 316, 574, 831, 838, 839, 585, 591, 732, 737, 484, 358, 361, 112, 373, 124, 639]
i =  26 [512, 385, 644, 492, 653, 260, 155, 929, 686, 436, 956, 62, 587, 141, 464, 337, 468, 224, 720, 229, 230, 364, 878, 111, 336, 242, 885, 122, 127, 765, 638, 767]
i =  27 [832, 386, 132, 684, 10, 781, 530, 403, 148, 405, 918, 797, 160, 801, 679, 424, 298, 428, 813, 320, 532, 970, 205, 269, 595, 84, 991, 996, 869, 18, 366, 239, 787, 404, 635, 252]
i =  28 [896, 1, 2, 899, 258, 782, 149, 662, 665, 793, 671, 308, 694, 697, 442, 702, 577, 707, 972, 83, 857, 226, 763, 100, 998, 233, 363, 110, 495, 891]
i =  29 [912, 4, 518, 525, 783, 272, 401, 147, 150, 663, 537, 923, 796, 550, 167, 297, 946, 437, 186, 63, 64, 450, 966, 840, 714, 578, 86, 729, 988, 477, 352, 97, 367, 754, 89]
i =  30 [515, 649, 151, 268, 173, 658, 610, 535, 922, 926, 32, 418, 163, 557, 945, 435, 692, 565, 54, 825, 314, 315, 573, 950, 841, 330, 34, 982, 349, 994, 614, 248, 506, 381, 255]
i =  31 [512, 385, 644, 492, 653, 260, 155, 929, 686, 436, 956, 62, 587, 141, 464, 337, 468, 224, 720, 229, 230, 364, 878, 111, 336, 242, 885, 122, 127, 765, 638, 767]
i =  32 [4, 518, 525, 783, 912, 401, 147, 150, 663, 537, 923, 796, 550, 167, 297, 946, 437, 186, 63, 64, 450, 966, 840, 714, 578, 86, 729, 988, 477, 352, 97, 272, 367, 754, 89]
i =  33 [130, 5, 390, 15, 660, 277, 917, 281, 666, 412, 415, 672, 804, 805, 881, 812, 817, 309, 824, 313, 61, 321, 66, 196, 197, 198, 71, 586, 203, 79, 341, 470, 36, 993, 354, 616, 873, 234, 877, 353, 232, 262, 981]
i =  34 [516, 261, 521, 138, 139, 909, 913, 659, 789, 536, 284, 413, 901, 48, 808, 554, 556, 45, 302, 861, 688, 305, 434, 438, 951, 696, 826, 323, 208, 81, 979, 475, 605, 98, 356, 870, 178, 488, 362, 626, 339, 757, 118, 631, 766]
i =  35 [130, 5, 262, 341, 15, 660, 277, 281, 666, 412, 415, 672, 804, 805, 881, 812, 817, 309, 824, 313, 61, 321, 66, 196, 197, 198, 71, 586, 203, 79, 981, 470, 36, 390, 993, 354, 232, 873, 234, 877, 353, 616, 250, 917]
i =  36 [905, 910, 402, 691, 406, 538, 543, 417, 932, 934, 295, 681, 967, 47, 179, 568, 699, 190, 575, 963, 452, 583, 333, 78, 207, 722, 974, 860, 351, 864, 483, 997, 1000, 494, 370, 244, 120, 123, 508, 725]
i =  37 [640, 769, 389, 134, 705, 393, 267, 654, 580, 920, 24, 153, 282, 539, 964, 419, 37, 294, 39, 41, 938, 427, 815, 584, 307, 350, 566, 184, 444, 961, 194, 195, 324, 968, 202, 846, 335, 850, 382, 590, 343, 856, 689, 603, 989, 94, 96, 865, 612, 359, 235, 880, 245, 836, 126]
i =  38 [516, 901, 521, 138, 139, 909, 913, 659, 789, 536, 284, 413, 261, 48, 808, 554, 556, 45, 302, 688, 305, 434, 438, 951, 696, 826, 323, 208, 81, 339, 475, 861, 98, 356, 870, 178, 488, 362, 626, 979, 757, 118, 631, 766]
i =  39 [519, 8, 524, 399, 400, 916, 478, 25, 27, 158, 159, 162, 931, 677, 49, 939, 429, 174, 816, 177, 821, 311, 953, 443, 317, 949, 667, 957, 802, 717, 433, 210, 803, 980, 597, 851, 527, 862, 480, 613, 742, 487, 104, 743, 109, 623, 627, 886, 376, 447, 636]
i =  40 [516, 901, 521, 138, 139, 909, 913, 659, 789, 536, 284, 413, 261, 688, 808, 554, 556, 45, 302, 605, 48, 305, 178, 438, 951, 696, 826, 323, 208, 81, 339, 475, 861, 98, 356, 870, 488, 362, 434, 626, 979, 757, 631, 766]
i =  41 [519, 8, 651, 524, 399, 916, 25, 27, 158, 159, 162, 931, 862, 677, 433, 623, 939, 429, 174, 816, 49, 821, 311, 953, 443, 317, 447, 667, 802, 717, 210, 803, 980, 597, 949, 851, 527, 478, 480, 613, 742, 743, 104, 487, 109, 957, 627, 886, 376, 636]
i =  42 [129, 3, 772, 646, 7, 522, 395, 780, 270, 472, 274, 531, 152, 921, 794, 283, 288, 545, 547, 548, 549, 937, 170, 811, 944, 215, 57, 698, 60, 189, 830, 959, 192, 19, 195, 710, 711, 908, 75, 973, 727, 463, 82, 211, 726, 983, 600, 473, 459, 263, 327, 868, 843, 747, 238, 275, 628, 758, 247, 511]
i =  43 [129, 3, 772, 646, 263, 522, 983, 908, 270, 472, 274, 275, 919, 152, 921, 794, 283, 288, 545, 547, 548, 549, 937, 170, 7, 944, 727, 57, 570, 60, 189, 830, 959, 192, 75, 228, 710, 711, 780, 843, 973, 811, 463, 531, 82, 211, 726, 215, 600, 473, 219, 395, 698, 459, 327, 868, 747, 621, 238, 19, 628, 758, 247, 511]
i =  44 [912, 4, 518, 12, 525, 783, 272, 401, 147, 150, 663, 537, 923, 796, 550, 167, 297, 946, 437, 186, 63, 64, 578, 966, 840, 714, 450, 86, 729, 988, 477, 352, 97, 367, 754, 89]
i =  45 [516, 261, 521, 138, 139, 909, 913, 659, 789, 536, 284, 413, 901, 48, 808, 554, 556, 45, 302, 605, 688, 305, 178, 52, 438, 951, 696, 826, 323, 208, 81, 979, 475, 861, 98, 356, 870, 488, 362, 434, 626, 339, 757, 631, 766]
i =  46 [256, 641, 898, 903, 13, 143, 273, 799, 289, 497, 680, 615, 561, 690, 871, 954, 319, 962, 673, 842, 77, 975, 593, 85, 217, 92, 721, 874, 619, 236, 493, 625, 375]
i =  47 [647, 265, 266, 398, 835, 280, 28, 38, 423, 44, 941, 558, 943, 55, 955, 188, 446, 67, 859, 607, 481, 867, 360, 746, 113, 882, 883, 505]
i =  48 [512, 385, 644, 364, 653, 155, 929, 686, 436, 956, 62, 587, 141, 464, 337, 468, 224, 336, 229, 230, 492, 878, 111, 242, 116, 885, 122, 127, 720, 765, 638, 767]
i =  49 [647, 265, 266, 398, 835, 280, 28, 38, 423, 44, 941, 558, 943, 55, 955, 188, 446, 67, 859, 607, 481, 867, 360, 746, 882, 883, 119, 505]
i =  50 [770, 771, 135, 136, 137, 778, 115, 529, 107, 533, 90, 670, 287, 544, 33, 219, 293, 296, 172, 498, 814, 431, 264, 562, 947, 822, 185, 59, 828, 449, 322, 837, 70, 887, 845, 206, 976, 338, 854, 633, 728, 346, 987, 762, 735, 609, 634, 101, 999, 105, 875, 563, 621, 879, 221, 371, 372, 117, 430, 377, 890, 893, 661]
i =  51 [800, 257, 706, 227, 69, 455, 764, 810, 240, 303, 176, 145, 114, 416, 20, 496, 409, 730, 476, 510, 517]
i =  52 [515, 649, 535, 268, 173, 658, 610, 151, 922, 926, 32, 161, 418, 163, 557, 945, 435, 692, 565, 54, 825, 314, 315, 573, 950, 841, 330, 34, 982, 349, 994, 614, 248, 506, 381, 255]
i =  53 [832, 386, 132, 684, 10, 781, 18, 403, 148, 405, 918, 797, 160, 801, 679, 168, 298, 428, 813, 320, 970, 205, 269, 595, 84, 991, 996, 869, 404, 530, 366, 239, 424, 787, 532, 635, 252]
i =  54 [827, 523, 397, 451, 23, 29, 549, 46, 72, 310, 187, 60, 576, 67, 70, 200, 332, 588, 589, 80, 209, 594, 598, 985, 421, 355, 491, 509, 383]
i =  55 [770, 771, 135, 136, 778, 371, 762, 529, 533, 90, 670, 287, 544, 219, 293, 296, 875, 172, 814, 431, 264, 562, 947, 822, 185, 59, 828, 449, 322, 837, 70, 887, 845, 206, 976, 854, 377, 728, 346, 987, 101, 221, 735, 609, 634, 999, 105, 107, 563, 621, 879, 498, 115, 372, 117, 430, 633, 890, 893, 661]
i =  56 [640, 769, 389, 134, 705, 584, 393, 267, 654, 580, 24, 920, 153, 282, 964, 927, 419, 37, 294, 39, 41, 938, 427, 815, 689, 350, 566, 184, 444, 961, 194, 324, 968, 202, 126, 846, 335, 850, 590, 343, 856, 603, 989, 94, 96, 865, 612, 359, 235, 237, 880, 245, 836, 382]
i =  57 [519, 8, 524, 399, 276, 478, 25, 667, 158, 159, 162, 931, 677, 49, 939, 429, 174, 816, 177, 821, 311, 953, 443, 317, 447, 454, 957, 802, 717, 433, 210, 803, 980, 597, 949, 851, 527, 862, 480, 613, 742, 743, 104, 487, 109, 623, 27, 627, 886, 376, 916, 636]
i =  58 [647, 265, 266, 398, 835, 280, 28, 38, 423, 44, 941, 558, 943, 55, 955, 188, 446, 67, 859, 607, 481, 867, 360, 746, 882, 883, 505]
i =  59 [768, 299, 902, 779, 146, 26, 669, 165, 806, 807, 555, 301, 687, 818, 51, 567, 571, 960, 65, 581, 340, 347, 733, 990, 608, 99, 422, 745, 106, 876, 622, 500, 507]
i =  60 [675, 740, 582, 231, 712, 11, 312, 466, 35, 53, 407, 760, 87, 731, 348, 253]
i =  61 [516, 901, 521, 138, 139, 909, 913, 659, 789, 536, 284, 413, 261, 48, 808, 554, 556, 45, 302, 605, 688, 305, 434, 438, 951, 696, 826, 323, 326, 592, 312, 339, 475, 861, 208, 98, 356, 870, 81, 488, 178, 626, 979, 757, 118, 631, 362, 766]
i =  62 [647, 265, 266, 398, 835, 280, 28, 38, 423, 44, 941, 558, 943, 55, 955, 188, 446, 67, 338, 859, 607, 481, 867, 360, 746, 882, 883, 119, 505]
i =  63 [642, 259, 6, 140, 22, 541, 30, 551, 169, 456, 328, 334, 345, 739, 485, 486, 108, 750, 751, 809, 889, 379, 380, 102]
i =  64 [912, 4, 518, 525, 783, 272, 401, 147, 150, 663, 537, 923, 796, 550, 167, 297, 946, 437, 186, 63, 64, 578, 966, 840, 714, 450, 86, 729, 988, 477, 352, 97, 365, 367, 754, 89]
i =  65 [519, 8, 524, 399, 916, 478, 25, 667, 158, 159, 162, 803, 677, 49, 623, 939, 429, 174, 816, 177, 821, 311, 953, 443, 317, 949, 802, 717, 433, 210, 931, 980, 597, 851, 527, 862, 480, 613, 742, 487, 104, 743, 109, 957, 368, 27, 627, 886, 376, 447, 636]
i =  66 [643, 648, 14, 915, 154, 795, 668, 157, 474, 290, 683, 300, 569, 704, 68, 199, 457, 74, 204, 602, 223, 489, 490, 387, 624, 753, 501, 374, 617, 888]
i =  67 [384, 35, 740, 582, 231, 712, 11, 466, 675, 53, 407, 760, 87, 731, 348, 253]
i =  68 [768, 299, 388, 902, 779, 146, 26, 669, 165, 422, 807, 555, 687, 818, 51, 567, 571, 960, 65, 581, 340, 347, 733, 990, 608, 99, 806, 745, 106, 876, 622, 500, 507]
i =  69 [128, 133, 391, 394, 21, 930, 426, 560, 700, 701, 318, 716, 461, 723, 216, 222, 863, 741, 618, 620, 243, 378]
i =  70 [130, 981, 5, 262, 15, 660, 277, 281, 666, 412, 415, 672, 804, 805, 881, 425, 812, 817, 309, 824, 313, 61, 321, 66, 196, 197, 198, 71, 586, 203, 79, 341, 470, 36, 390, 993, 354, 232, 873, 234, 877, 353, 616, 250, 917]
i =  71 [770, 771, 135, 136, 778, 60, 115, 529, 107, 533, 919, 280, 28, 90, 670, 287, 544, 33, 890, 219, 293, 116, 552, 172, 814, 431, 264, 562, 947, 822, 56, 185, 570, 59, 828, 445, 449, 322, 837, 70, 887, 845, 206, 976, 338, 430, 854, 377, 728, 345, 346, 987, 221, 735, 609, 634, 101, 999, 105, 875, 563, 621, 879, 296, 498, 371, 372, 117, 119, 633, 762, 893, 661]
i =  72 [770, 771, 135, 136, 137, 778, 115, 529, 107, 533, 90, 670, 287, 544, 33, 219, 293, 296, 172, 498, 814, 431, 264, 562, 947, 822, 185, 59, 828, 449, 322, 837, 70, 887, 845, 206, 976, 338, 854, 633, 728, 346, 987, 762, 735, 609, 634, 101, 999, 105, 875, 563, 621, 879, 221, 371, 372, 117, 430, 377, 890, 893, 661]
i =  73 [131, 133, 776, 907, 142, 271, 16, 17, 534, 925, 414, 773, 928, 674, 291, 164, 933, 935, 895, 306, 559, 49, 50, 819, 180, 183, 952, 479, 331, 708, 965, 454, 201, 458, 715, 460, 77, 718, 848, 849, 467, 213, 855, 218, 91, 220, 93, 55, 95, 736, 225, 251, 357, 103, 125, 76, 285, 629, 503, 121, 709, 759, 254, 469]
i =  74 [513, 905, 910, 402, 691, 406, 538, 543, 417, 932, 934, 295, 681, 967, 47, 179, 568, 699, 190, 575, 963, 452, 583, 333, 78, 207, 722, 974, 860, 351, 864, 483, 997, 1000, 494, 370, 120, 123, 508, 725]
i =  75 [514, 4, 518, 525, 783, 272, 401, 147, 150, 663, 537, 923, 796, 550, 167, 297, 946, 437, 186, 63, 64, 450, 966, 97, 840, 714, 578, 86, 729, 988, 477, 352, 912, 367, 754, 89]
i =  76 [512, 385, 644, 492, 653, 260, 155, 542, 929, 686, 436, 956, 62, 587, 141, 464, 337, 468, 224, 336, 229, 230, 364, 878, 111, 242, 885, 122, 767, 720, 765, 638, 127]
i =  77 [130, 981, 5, 262, 15, 660, 277, 281, 666, 412, 415, 672, 546, 804, 805, 881, 812, 817, 309, 824, 313, 61, 693, 321, 66, 196, 197, 198, 71, 586, 203, 79, 341, 470, 36, 655, 390, 993, 354, 616, 873, 234, 877, 353, 232, 250, 917]
i =  78 [896, 1, 2, 899, 258, 782, 149, 662, 665, 793, 671, 308, 564, 694, 697, 442, 702, 577, 707, 972, 83, 857, 226, 891, 100, 233, 363, 110, 495, 763]
i =  79 [640, 769, 389, 134, 961, 584, 393, 267, 654, 580, 920, 24, 153, 282, 964, 291, 37, 294, 39, 41, 938, 427, 815, 689, 307, 94, 566, 184, 444, 705, 194, 324, 968, 202, 590, 335, 850, 419, 846, 343, 856, 601, 603, 989, 350, 96, 865, 612, 992, 359, 235, 880, 369, 245, 836, 125, 126]
i =  80 [768, 299, 902, 779, 146, 26, 669, 165, 422, 807, 555, 301, 687, 818, 51, 567, 571, 960, 65, 581, 340, 347, 733, 990, 608, 99, 806, 745, 106, 876, 622, 500, 507, 637]
i =  81 [131, 773, 503, 776, 907, 652, 142, 271, 16, 17, 534, 925, 414, 709, 928, 674, 291, 164, 933, 935, 306, 559, 50, 819, 180, 183, 952, 95, 448, 331, 708, 965, 201, 458, 715, 76, 718, 848, 849, 467, 469, 855, 91, 220, 93, 479, 736, 225, 357, 103, 285, 629, 759, 121, 251, 460, 125, 254, 895]
i =  82 [642, 259, 6, 140, 655, 22, 541, 30, 551, 169, 328, 456, 334, 739, 485, 486, 108, 750, 751, 809, 889, 379, 380, 102]
i =  83 [800, 416, 706, 227, 676, 69, 257, 764, 810, 455, 303, 240, 114, 20, 496, 176, 409, 730, 476, 510, 517]
i =  84 [130, 5, 262, 341, 15, 660, 277, 281, 666, 412, 415, 672, 804, 805, 881, 812, 685, 817, 309, 824, 313, 61, 321, 66, 196, 197, 198, 71, 586, 203, 79, 981, 470, 36, 390, 993, 354, 616, 873, 234, 877, 353, 232, 917]
i =  85 [514, 5, 262, 130, 15, 660, 277, 917, 281, 666, 412, 415, 672, 36, 805, 425, 812, 817, 309, 824, 313, 61, 693, 321, 66, 196, 197, 198, 71, 200, 616, 586, 203, 79, 981, 470, 804, 390, 993, 354, 232, 873, 234, 877, 353, 881, 250, 341]
i =  86 [515, 649, 151, 268, 173, 658, 610, 535, 922, 926, 32, 418, 163, 557, 945, 435, 692, 565, 54, 695, 825, 314, 315, 573, 950, 841, 330, 34, 982, 349, 994, 614, 248, 506, 381, 255]
i =  87 [519, 8, 524, 527, 916, 25, 667, 158, 159, 734, 802, 803, 677, 49, 623, 939, 429, 174, 816, 177, 478, 311, 953, 443, 317, 821, 162, 717, 433, 210, 931, 980, 597, 949, 851, 399, 862, 480, 613, 742, 743, 104, 487, 109, 957, 27, 627, 886, 376, 447, 636]
i =  88 [770, 771, 135, 136, 778, 371, 762, 60, 529, 533, 90, 670, 287, 544, 33, 987, 293, 116, 296, 875, 172, 814, 431, 562, 947, 822, 185, 244, 59, 828, 449, 322, 837, 70, 845, 206, 976, 338, 430, 854, 633, 728, 345, 346, 219, 101, 221, 735, 609, 738, 634, 999, 105, 107, 563, 621, 879, 498, 115, 372, 117, 887, 377, 890, 893, 661]
i =  89 [512, 385, 644, 492, 141, 155, 929, 686, 436, 116, 956, 62, 587, 653, 464, 337, 468, 224, 336, 229, 230, 364, 878, 111, 242, 756, 885, 122, 127, 720, 765, 638, 767]
i =  90 [777, 650, 528, 88, 31, 166, 40, 439, 703, 579, 329, 823, 462, 847, 872, 471, 344, 656, 744, 748, 241, 499, 630, 504, 892]
i =  91 [832, 386, 132, 684, 10, 781, 784, 530, 787, 148, 405, 918, 797, 160, 801, 679, 424, 298, 428, 813, 320, 532, 970, 205, 269, 595, 84, 991, 996, 869, 18, 366, 239, 403, 404, 635, 252]
i =  92 [129, 3, 772, 646, 7, 264, 522, 395, 780, 270, 472, 274, 275, 238, 791, 152, 921, 794, 283, 288, 545, 547, 548, 549, 937, 170, 811, 944, 215, 57, 698, 60, 189, 830, 959, 192, 19, 195, 228, 710, 711, 200, 908, 75, 973, 727, 463, 82, 211, 212, 726, 983, 600, 473, 459, 263, 327, 868, 843, 747, 12, 531, 628, 758, 247, 511]
i =  93 [512, 385, 644, 364, 653, 260, 155, 929, 686, 436, 956, 829, 62, 587, 141, 720, 337, 468, 224, 336, 229, 230, 492, 878, 111, 242, 464, 885, 122, 127, 765, 638, 767]
i =  94 [770, 771, 135, 264, 778, 762, 115, 529, 533, 346, 670, 287, 544, 219, 293, 296, 875, 172, 814, 431, 136, 562, 947, 822, 185, 59, 828, 833, 322, 837, 70, 845, 206, 976, 338, 430, 854, 633, 728, 90, 987, 101, 221, 735, 609, 634, 999, 105, 107, 563, 621, 879, 498, 371, 372, 117, 887, 377, 890, 449, 893, 661]
i =  95 [896, 1, 2, 899, 258, 782, 149, 662, 793, 665, 671, 308, 694, 697, 442, 702, 577, 834, 707, 972, 83, 857, 226, 891, 100, 233, 363, 110, 495, 763]
i =  96 [773, 503, 776, 907, 142, 271, 16, 17, 534, 925, 414, 965, 928, 674, 291, 164, 933, 935, 50, 559, 306, 819, 180, 183, 952, 479, 331, 708, 709, 201, 458, 715, 844, 718, 848, 849, 467, 469, 855, 218, 91, 220, 95, 736, 225, 357, 103, 76, 285, 629, 759, 121, 251, 460, 125, 254, 895]
i =  97 [516, 261, 521, 138, 139, 909, 913, 659, 789, 536, 284, 413, 901, 48, 808, 554, 556, 45, 302, 605, 688, 305, 178, 438, 951, 696, 826, 323, 208, 81, 339, 858, 475, 861, 98, 356, 870, 488, 362, 434, 626, 979, 757, 631, 766]
i =  98 [866, 675, 740, 582, 231, 712, 11, 466, 35, 53, 407, 760, 87, 731, 348, 253]
i =  99 [905, 910, 402, 691, 406, 538, 543, 417, 932, 934, 295, 681, 967, 47, 179, 568, 699, 190, 575, 963, 452, 583, 333, 974, 207, 722, 78, 860, 351, 864, 483, 997, 1000, 494, 370, 884, 120, 123, 508, 725]
i =  100 [768, 299, 902, 779, 914, 26, 669, 165, 422, 807, 555, 301, 687, 818, 51, 567, 571, 960, 65, 581, 340, 347, 733, 990, 608, 99, 806, 745, 106, 876, 146, 622, 500, 507]
i =  101 [905, 910, 402, 691, 406, 538, 543, 417, 932, 934, 295, 681, 967, 942, 47, 179, 568, 699, 190, 575, 963, 452, 583, 333, 974, 207, 722, 78, 860, 351, 864, 483, 997, 1000, 494, 370, 120, 123, 508, 725]
i =  102 [384, 129, 3, 772, 646, 7, 522, 395, 908, 270, 472, 274, 275, 868, 152, 921, 794, 283, 288, 545, 547, 548, 549, 937, 170, 811, 944, 215, 57, 698, 60, 189, 830, 959, 192, 19, 322, 75, 710, 711, 780, 459, 973, 727, 463, 82, 211, 726, 983, 600, 473, 263, 866, 228, 843, 747, 238, 531, 628, 958, 758, 247, 327, 511]
i =  103 [640, 769, 389, 134, 705, 904, 393, 267, 94, 654, 580, 920, 278, 24, 153, 282, 382, 291, 324, 37, 294, 39, 41, 938, 427, 815, 584, 307, 181, 566, 184, 444, 961, 194, 964, 968, 202, 846, 335, 978, 419, 590, 343, 856, 689, 603, 989, 350, 96, 865, 612, 992, 359, 235, 850, 880, 369, 245, 836, 125, 126]
finish get all communities
complete deal_communities
commplete get_all_nature_community
----------------------------------The detection result is: 

all communities: 
i =  1 : [58, 156, 171, 175, 191, 249, 325, 408, 411, 432, 440, 526, 553, 596, 599, 719, 724, 749, 752, 755, 761, 798, 852, 853, 894, 897, 900, 924, 936, 948, 969, 971]
i =  2 : [42, 73, 144, 193, 214, 279, 286, 292, 392, 420, 453, 482, 540, 606, 611, 632, 645, 657, 682, 775, 785, 788, 792, 820]
i =  3 : [43, 112, 124, 304, 316, 358, 361, 373, 441, 484, 520, 574, 585, 591, 639, 664, 678, 732, 737, 786, 790, 831, 838, 839, 906, 911]
i =  4 : [13, 77, 85, 92, 143, 217, 236, 256, 273, 289, 319, 375, 493, 497, 561, 593, 615, 619, 625, 641, 673, 680, 690, 721, 799, 842, 871, 874, 898, 903, 954, 962, 975]
i =  5 : [23, 29, 46, 60, 67, 70, 72, 80, 187, 200, 209, 310, 332, 355, 383, 397, 421, 451, 491, 509, 523, 549, 576, 588, 589, 594, 598, 827, 985]
i =  6 : [14, 68, 74, 154, 157, 199, 204, 223, 290, 300, 374, 387, 457, 474, 489, 490, 501, 569, 602, 617, 624, 643, 648, 668, 683, 704, 753, 795, 888, 915]
i =  7 : [31, 40, 88, 166, 241, 329, 344, 439, 462, 471, 499, 504, 528, 579, 630, 650, 656, 703, 744, 748, 777, 823, 847, 872, 892]
i =  8 : [21, 128, 133, 216, 222, 243, 318, 378, 391, 394, 426, 461, 560, 618, 620, 700, 701, 716, 723, 741, 863, 930, 977]
i =  9 : [28, 38, 44, 55, 67, 113, 119, 188, 265, 266, 280, 338, 360, 398, 423, 446, 481, 505, 558, 607, 647, 746, 835, 859, 867, 882, 883, 941, 943, 955]
i =  10 : [20, 69, 114, 145, 176, 227, 240, 257, 303, 409, 416, 455, 476, 496, 510, 517, 676, 706, 730, 764, 800, 810]
i =  11 : [32, 34, 54, 151, 161, 163, 173, 248, 255, 268, 314, 315, 330, 349, 381, 418, 435, 506, 515, 535, 557, 565, 573, 610, 614, 649, 658, 692, 695, 825, 841, 922, 926, 945, 950, 982, 994]
i =  12 : [10, 18, 84, 132, 148, 160, 168, 205, 239, 252, 269, 298, 320, 366, 386, 403, 404, 405, 424, 428, 530, 532, 595, 635, 679, 684, 781, 784, 787, 797, 801, 813, 832, 869, 918, 970, 991, 996]
i =  13 : [6, 22, 30, 102, 108, 140, 169, 259, 328, 334, 345, 379, 380, 456, 485, 486, 541, 551, 642, 655, 739, 750, 751, 809, 889]
i =  14 : [1, 2, 83, 100, 110, 149, 226, 233, 258, 308, 363, 442, 495, 564, 577, 662, 665, 671, 694, 697, 702, 707, 763, 782, 793, 834, 857, 891, 896, 899, 972, 998]
i =  15 : [4, 12, 63, 64, 86, 89, 97, 147, 150, 167, 186, 272, 297, 352, 365, 367, 401, 437, 450, 477, 514, 518, 525, 537, 550, 578, 663, 714, 729, 754, 783, 796, 840, 912, 923, 946, 966, 988]
i =  16 : [45, 48, 52, 81, 98, 118, 138, 139, 178, 208, 261, 284, 302, 305, 312, 323, 326, 339, 356, 362, 413, 434, 438, 475, 488, 516, 521, 536, 554, 556, 592, 605, 626, 631, 659, 688, 696, 757, 766, 789, 808, 826, 858, 861, 870, 901, 909, 913, 951, 979]
i =  17 : [26, 51, 65, 99, 106, 146, 165, 299, 301, 340, 347, 388, 422, 500, 507, 555, 567, 571, 581, 608, 622, 637, 669, 687, 733, 745, 768, 779, 806, 807, 818, 876, 902, 914, 960, 990]
i =  18 : [62, 111, 116, 122, 127, 141, 155, 224, 229, 230, 242, 260, 336, 337, 364, 385, 436, 464, 468, 492, 512, 542, 587, 638, 644, 653, 686, 720, 756, 765, 767, 829, 878, 885, 929, 956]
i =  19 : [5, 15, 36, 61, 66, 71, 79, 130, 196, 197, 198, 200, 203, 232, 234, 250, 262, 277, 281, 309, 313, 321, 341, 353, 354, 390, 412, 415, 425, 470, 514, 546, 586, 616, 655, 660, 666, 672, 685, 693, 804, 805, 812, 817, 824, 873, 877, 881, 917, 981, 993]
i =  20 : [11, 35, 53, 87, 231, 253, 312, 348, 384, 407, 466, 582, 675, 712, 731, 740, 760, 774, 866]
i =  21 : [47, 78, 120, 123, 179, 190, 207, 244, 295, 333, 351, 370, 402, 406, 417, 452, 483, 494, 508, 513, 538, 543, 568, 575, 583, 681, 691, 699, 722, 725, 860, 864, 884, 905, 910, 932, 934, 942, 963, 967, 974, 997, 1000]
i =  22 : [3, 7, 12, 19, 57, 60, 75, 82, 121, 129, 152, 170, 189, 192, 195, 200, 211, 212, 215, 219, 228, 238, 247, 263, 264, 270, 274, 275, 283, 288, 322, 327, 384, 395, 396, 459, 463, 472, 473, 511, 522, 531, 545, 547, 548, 549, 570, 600, 621, 628, 646, 698, 710, 711, 726, 727, 747, 758, 772, 780, 791, 794, 811, 830, 843, 866, 868, 908, 919, 921, 937, 944, 958, 959, 973, 983, 984]
i =  23 : [28, 33, 56, 59, 60, 70, 90, 101, 105, 107, 115, 116, 117, 119, 135, 136, 137, 172, 185, 206, 219, 221, 244, 264, 280, 287, 293, 296, 322, 338, 345, 346, 371, 372, 377, 430, 431, 445, 449, 498, 529, 533, 544, 552, 562, 563, 570, 572, 609, 621, 633, 634, 661, 670, 728, 735, 738, 762, 770, 771, 778, 814, 822, 828, 833, 837, 845, 854, 875, 879, 887, 890, 893, 919, 947, 976, 987, 999]
i =  24 : [9, 16, 17, 33, 49, 50, 55, 76, 77, 91, 93, 95, 103, 121, 125, 131, 132, 133, 142, 164, 178, 180, 181, 183, 201, 203, 213, 218, 220, 225, 246, 251, 254, 271, 278, 285, 291, 294, 306, 307, 331, 342, 357, 369, 410, 414, 448, 454, 458, 460, 465, 467, 469, 479, 502, 503, 534, 559, 604, 629, 652, 674, 708, 709, 713, 715, 718, 736, 759, 773, 776, 819, 844, 848, 849, 855, 895, 907, 925, 928, 933, 935, 940, 952, 965, 986, 992]
i =  25 : [9, 24, 37, 39, 41, 94, 96, 125, 126, 134, 153, 181, 182, 184, 194, 195, 202, 235, 237, 245, 267, 278, 282, 291, 294, 307, 324, 335, 343, 350, 359, 369, 382, 389, 393, 419, 427, 444, 539, 566, 580, 584, 590, 601, 603, 612, 640, 654, 689, 705, 769, 815, 836, 846, 850, 856, 865, 880, 904, 920, 927, 938, 961, 964, 968, 978, 989, 992]
i =  26 : [8, 25, 27, 49, 104, 109, 158, 159, 162, 174, 177, 210, 276, 311, 317, 368, 376, 399, 400, 429, 433, 443, 447, 454, 478, 480, 487, 519, 524, 527, 597, 613, 623, 627, 636, 651, 667, 677, 717, 734, 742, 743, 802, 803, 816, 821, 851, 862, 886, 916, 931, 939, 949, 953, 957, 980, 995]
overlapping nodes are:  [9, 12, 28, 33, 49, 55, 60, 67, 70, 77, 116, 119, 121, 125, 132, 133, 178, 181, 195, 200, 203, 219, 244, 264, 278, 280, 291, 294, 307, 312, 322, 338, 345, 369, 384, 454, 514, 549, 570, 621, 655, 866, 919, 992] 
 NOO is:  44
total time is:  237.599824905
