lens of ground_truth:  25
ground_truth is: [[4, 32, 40, 50, 66, 77, 100, 101, 108, 113, 114, 125, 156, 257, 260, 278, 288, 299, 320, 353, 363, 398, 408, 426, 441, 449, 460, 462, 470, 471, 521, 540, 541, 557, 618, 737, 775, 777, 805, 816, 824, 829, 845, 855, 887, 898, 899, 951, 956, 957, 962, 963, 994], [30, 79, 121, 148, 204, 238, 311, 405, 415, 445, 457, 505, 510, 608, 653, 654, 665, 669, 704, 722, 724, 764, 819, 875, 890], [1, 5, 9, 23, 59, 103, 111, 120, 126, 147, 174, 175, 183, 200, 202, 209, 218, 221, 304, 360, 390, 434, 456, 490, 516, 523, 527, 528, 534, 537, 540, 576, 585, 616, 633, 636, 639, 659, 670, 684, 692, 696, 708, 713, 727, 741, 749, 761, 773, 776, 785, 786, 792, 793, 808, 821, 822, 827, 829, 840, 846, 869, 885, 888, 899, 915, 920, 930, 947, 966, 968, 981, 983], [17, 22, 84, 109, 123, 162, 163, 256, 265, 295, 374, 384, 427, 428, 479, 494, 574, 579, 614, 623, 637, 667, 681, 683, 703, 717, 730, 770, 847, 896, 907, 917, 953, 969], [9, 28, 52, 58, 90, 109, 114, 117, 122, 127, 128, 135, 138, 141, 146, 192, 200, 208, 229, 231, 239, 240, 242, 245, 266, 269, 274, 289, 303, 306, 325, 333, 356, 366, 371, 377, 397, 400, 403, 410, 411, 425, 435, 440, 461, 477, 481, 501, 505, 520, 522, 535, 541, 550, 558, 562, 578, 596, 623, 629, 636, 640, 645, 678, 697, 707, 711, 734, 738, 742, 760, 780, 784, 785, 796, 798, 814, 822, 836, 843, 848, 854, 875, 880, 882, 886, 923, 925, 928, 936, 938, 941, 955, 958, 962, 980], [12, 26, 27, 29, 38, 42, 57, 275, 358, 389, 396, 429, 442, 515, 547, 556, 572, 647, 677, 709, 728, 740, 767, 780, 781, 812, 830, 838, 858, 932, 954, 965, 970, 975], [37, 41, 58, 73, 75, 85, 102, 121, 128, 133, 147, 165, 178, 191, 193, 213, 227, 234, 246, 250, 333, 362, 373, 391, 405, 436, 453, 471, 488, 495, 502, 531, 541, 548, 576, 583, 639, 672, 705, 706, 734, 790, 797, 806, 881, 883, 901, 909, 920, 926, 942, 961, 971, 981, 995], [9, 10, 18, 58, 60, 81, 82, 118, 127, 131, 132, 139, 143, 152, 170, 180, 181, 182, 219, 222, 262, 274, 297, 306, 313, 314, 336, 337, 345, 356, 368, 373, 416, 420, 437, 439, 469, 471, 497, 505, 529, 539, 543, 560, 562, 570, 588, 593, 627, 635, 638, 639, 667, 680, 687, 697, 711, 725, 742, 757, 772, 780, 791, 801, 803, 805, 836, 852, 854, 860, 862, 903, 918, 928, 931, 938, 950, 973, 983, 988, 991], [21, 83, 87, 126, 129, 130, 158, 186, 190, 198, 220, 254, 290, 302, 334, 373, 376, 406, 411, 447, 473, 499, 509, 512, 536, 655, 675, 712, 755, 763, 785, 788, 811, 864, 891, 927, 944, 949, 998], [11, 62, 63, 99, 137, 197, 243, 261, 312, 315, 329, 338, 342, 379, 385, 390, 472, 544, 552, 573, 580, 610, 620, 633, 642, 658, 685, 732, 789, 809, 839, 840, 844, 851, 921, 935, 952, 977, 986], [3, 19, 34, 75, 96, 153, 154, 195, 235, 237, 273, 285, 292, 293, 305, 323, 354, 383, 496, 511, 517, 546, 550, 577, 598, 603, 606, 625, 651, 710, 750, 754], [16, 50, 51, 70, 94, 112, 160, 170, 184, 185, 188, 196, 200, 201, 203, 228, 255, 263, 279, 296, 317, 324, 325, 327, 348, 349, 367, 374, 377, 380, 387, 399, 402, 464, 466, 514, 566, 586, 595, 608, 612, 613, 617, 630, 646, 660, 690, 691, 698, 715, 747, 752, 756, 769, 771, 779, 797, 810, 813, 822, 853, 867, 869, 871, 875, 884, 892, 928, 938, 958, 961, 962, 980, 981, 992], [109, 155, 159, 164, 167, 194, 207, 244, 264, 271, 272, 277, 300, 352, 386, 432, 465, 561, 632, 676, 714, 795, 807, 836, 889], [6, 7, 35, 54, 95, 117, 124, 127, 214, 230, 247, 258, 282, 298, 301, 342, 347, 357, 431, 451, 482, 519, 554, 568, 571, 589, 601, 641, 650, 673, 679, 688, 689, 711, 766, 802, 811, 825, 914, 924, 939, 945, 958, 978, 980, 990, 996], [25, 76, 78, 92, 97, 117, 157, 172, 189, 193, 210, 230, 251, 281, 287, 330, 355, 365, 394, 450, 485, 506, 523, 533, 540, 600, 615, 622, 664, 667, 693, 723, 738, 774, 782, 787, 811, 834, 850, 859, 861, 866, 868, 893, 899, 960, 974], [65, 106, 187, 321, 328, 350, 370, 446, 467, 492, 493, 508, 553, 576, 594, 609, 631, 663, 697, 701, 702, 716, 721, 856, 897], [8, 16, 62, 74, 88, 107, 115, 119, 126, 134, 140, 151, 161, 177, 206, 229, 230, 232, 233, 236, 239, 253, 263, 294, 308, 309, 310, 319, 325, 332, 344, 382, 387, 407, 409, 418, 420, 425, 487, 501, 504, 518, 524, 538, 550, 555, 559, 565, 575, 591, 633, 634, 646, 648, 652, 657, 700, 743, 783, 799, 820, 826, 831, 878, 913, 919, 923, 929, 948, 976, 985, 997], [71, 110, 116, 142, 168, 226, 286, 292, 307, 326, 359, 425, 440, 454, 480, 486, 498, 562, 567, 590, 611, 649, 731, 736, 762, 804, 833, 885], [15, 47, 53, 55, 143, 149, 225, 262, 263, 274, 339, 340, 369, 405, 413, 444, 463, 476, 500, 532, 584, 588, 623, 626, 628, 682, 718, 726, 739, 746, 842, 895, 900, 904, 922, 943, 946], [16, 33, 44, 50, 64, 72, 75, 121, 143, 147, 150, 166, 169, 171, 188, 215, 262, 276, 316, 328, 333, 343, 377, 378, 381, 387, 392, 422, 438, 443, 452, 455, 523, 530, 553, 582, 592, 597, 608, 621, 624, 636, 643, 646, 662, 742, 751, 765, 797, 818, 832, 840, 869, 870, 874, 885, 894, 916, 920, 961, 967, 987, 993], [49, 56, 104, 173, 176, 280, 283, 331, 371, 403, 416, 424, 483, 503, 599, 666, 694, 720, 729, 735, 794, 817], [20, 31, 36, 45, 62, 69, 74, 93, 98, 122, 145, 188, 205, 211, 212, 224, 229, 239, 249, 252, 306, 318, 322, 335, 341, 344, 371, 393, 395, 414, 420, 423, 440, 448, 474, 504, 507, 526, 563, 564, 569, 587, 602, 604, 661, 674, 686, 734, 744, 793, 823, 873, 880, 902, 910, 913, 940, 972, 982, 984], [39, 46, 48, 61, 74, 105, 122, 144, 179, 193, 217, 259, 291, 292, 328, 342, 344, 346, 356, 374, 375, 388, 390, 401, 403, 411, 416, 417, 419, 458, 459, 468, 475, 478, 489, 501, 504, 513, 542, 549, 551, 605, 619, 671, 695, 719, 733, 748, 753, 758, 768, 793, 835, 841, 849, 854, 857, 863, 876, 877, 879, 880, 906, 911, 913, 923, 934, 937, 964, 979, 983, 989], [2, 13, 24, 82, 86, 89, 114, 136, 170, 199, 223, 241, 248, 267, 284, 404, 484, 491, 588, 656, 738, 745, 778, 800, 828, 829, 837, 905, 912, 933], [14, 43, 67, 68, 80, 82, 91, 128, 216, 268, 270, 351, 361, 364, 372, 412, 421, 430, 433, 525, 545, 553, 581, 607, 644, 668, 699, 759, 805, 815, 865, 872, 908, 959, 999, 1000]]
nodes: [603, 667, 697, 714, 716, 726, 735, 736, 747, 748, 750, 754, 759, 760, 773, 804, 821, 839, 853, 861, 871, 881, 886, 887, 890, 893, 906, 914, 917, 927, 933, 941, 944, 946, 955, 959, 965, 966, 967, 976, 980, 981, 982, 985, 986, 987, 988, 989, 991, 993, 994, 995] num of nodes:  52
[[153, 710, 577, 603, 606], [667, 770, 969, 953, 907], [446, 897, 697, 609, 594, 702], [159, 889, 676, 561, 795, 714], [493, 897, 716, 663, 856, 702, 508, 631], [444, 739, 922, 842, 726, 626, 718], [56, 817, 729, 794, 735, 104, 720], [286, 736, 480, 833, 498, 762], [185, 867, 771, 747], [468, 768, 964, 748, 733], [154, 651, 511, 750, 598], [19, 237, 754, 625], [421, 865, 999, 872, 1000, 908, 433, 759], [400, 640, 558, 760], [684, 773, 776, 930, 915], [286, 804, 480, 762, 833, 498], [175, 821, 827, 708], [658, 952, 809, 921, 851, 935, 839], [201, 992, 367, 853], [782, 960, 974, 861, 850, 859, 868], [317, 992, 660, 769, 884, 871], [495, 971, 942, 901, 881, 909], [397, 843, 848, 925, 886], [113, 449, 951, 898, 824, 887], [445, 665, 890, 764, 654, 724, 819, 653], [664, 960, 974, 868, 893, 859, 782], [733, 863, 879, 979, 906, 768], [301, 914, 990, 939, 689, 978], [681, 717, 896, 969, 730, 953, 683, 917], [129, 998, 949, 509, 712, 927], [404, 656, 837, 933, 778, 912, 828, 905, 800, 484], [90, 941, 289, 629], [129, 998, 949, 509, 712, 944], [463, 922, 904, 895, 946, 842, 739, 718], [28, 936, 955, 796, 678], [372, 999, 865, 872, 1000, 815, 699, 908, 959], [709, 965, 975, 932, 740, 858, 970, 728, 954, 767], [528, 966, 888, 786, 659], [597, 832, 967, 818, 870], [538, 997, 783, 976, 831], [357, 939, 978, 980, 945, 990], [705, 531, 909, 981, 790], [31, 972, 744, 569, 982], [308, 997, 652, 657, 985, 948], [312, 952, 986, 935, 851, 544, 921], [33, 987, 916, 597], [297, 973, 988, 918, 983], [542, 979, 719, 989, 849, 876], [10, 991, 803, 635, 801], [343, 381, 993, 874, 870], [108, 963, 994, 777, 956, 951], [995, 942, 971, 806, 883, 583]]
len of cliques:  52
downsides after: [[404, 656, 837, 933, 778, 912, 828, 905, 800, 484], [709, 965, 975, 932, 740, 858, 970, 728, 954, 767], [372, 999, 865, 872, 1000, 815, 699, 908, 959], [493, 897, 716, 663, 856, 702, 508, 631], [421, 865, 999, 872, 1000, 908, 433, 759], [445, 665, 890, 764, 654, 724, 819, 653], [681, 717, 896, 969, 730, 953, 683, 917], [463, 922, 904, 895, 946, 842, 739, 718], [444, 739, 922, 842, 726, 626, 718], [56, 817, 729, 794, 735, 104, 720], [658, 952, 809, 921, 851, 935, 839], [782, 960, 974, 861, 850, 859, 868], [664, 960, 974, 868, 893, 859, 782], [312, 952, 986, 935, 851, 544, 921], [446, 897, 697, 609, 594, 702], [159, 889, 676, 561, 795, 714], [286, 736, 480, 833, 498, 762], [286, 804, 480, 762, 833, 498], [317, 992, 660, 769, 884, 871], [495, 971, 942, 901, 881, 909], [113, 449, 951, 898, 824, 887], [733, 863, 879, 979, 906, 768], [301, 914, 990, 939, 689, 978], [129, 998, 949, 509, 712, 927], [129, 998, 949, 509, 712, 944], [357, 939, 978, 980, 945, 990], [308, 997, 652, 657, 985, 948], [542, 979, 719, 989, 849, 876], [108, 963, 994, 777, 956, 951], [995, 942, 971, 806, 883, 583], [153, 710, 577, 603, 606], [667, 770, 969, 953, 907], [468, 768, 964, 748, 733], [154, 651, 511, 750, 598], [684, 773, 776, 930, 915], [397, 843, 848, 925, 886], [28, 936, 955, 796, 678], [528, 966, 888, 786, 659], [597, 832, 967, 818, 870], [538, 997, 783, 976, 831], [705, 531, 909, 981, 790], [31, 972, 744, 569, 982], [297, 973, 988, 918, 983], [10, 991, 803, 635, 801], [343, 381, 993, 874, 870], [185, 867, 771, 747], [19, 237, 754, 625], [400, 640, 558, 760], [175, 821, 827, 708], [201, 992, 367, 853], [90, 941, 289, 629], [33, 987, 916, 597]]
number of downsided seeds: 52
[[404, 656, 837, 933, 778, 912, 828, 905, 800, 484], [709, 965, 975, 932, 740, 858, 970, 728, 954, 767], [372, 999, 865, 872, 1000, 815, 699, 908, 959], [493, 897, 716, 663, 856, 702, 508, 631], [421, 865, 999, 872, 1000, 908, 433, 759], [445, 665, 890, 764, 654, 724, 819, 653], [681, 717, 896, 969, 730, 953, 683, 917], [463, 922, 904, 895, 946, 842, 739, 718], [444, 739, 922, 842, 726, 626, 718], [56, 817, 729, 794, 735, 104, 720], [658, 952, 809, 921, 851, 935, 839], [782, 960, 974, 861, 850, 859, 868], [664, 960, 974, 868, 893, 859, 782], [312, 952, 986, 935, 851, 544, 921], [446, 897, 697, 609, 594, 702], [159, 889, 676, 561, 795, 714], [286, 736, 480, 833, 498, 762], [286, 804, 480, 762, 833, 498], [317, 992, 660, 769, 884, 871], [495, 971, 942, 901, 881, 909], [113, 449, 951, 898, 824, 887], [733, 863, 879, 979, 906, 768], [301, 914, 990, 939, 689, 978], [129, 998, 949, 509, 712, 927], [129, 998, 949, 509, 712, 944], [357, 939, 978, 980, 945, 990], [308, 997, 652, 657, 985, 948], [542, 979, 719, 989, 849, 876], [108, 963, 994, 777, 956, 951], [995, 942, 971, 806, 883, 583], [153, 710, 577, 603, 606], [667, 770, 969, 953, 907], [468, 768, 964, 748, 733], [154, 651, 511, 750, 598], [684, 773, 776, 930, 915], [397, 843, 848, 925, 886], [28, 936, 955, 796, 678], [528, 966, 888, 786, 659], [597, 832, 967, 818, 870], [538, 997, 783, 976, 831], [705, 531, 909, 981, 790], [31, 972, 744, 569, 982], [297, 973, 988, 918, 983], [10, 991, 803, 635, 801], [343, 381, 993, 874, 870], [185, 867, 771, 747], [19, 237, 754, 625], [400, 640, 558, 760], [175, 821, 827, 708], [201, 992, 367, 853], [90, 941, 289, 629], [33, 987, 916, 597]]
after sorted:  [[404, 656, 837, 933, 778, 912, 828, 905, 800, 484], [709, 965, 975, 932, 740, 858, 970, 728, 954, 767], [372, 999, 865, 872, 1000, 815, 699, 908, 959], [493, 897, 716, 663, 856, 702, 508, 631], [421, 865, 999, 872, 1000, 908, 433, 759], [445, 665, 890, 764, 654, 724, 819, 653], [681, 717, 896, 969, 730, 953, 683, 917], [463, 922, 904, 895, 946, 842, 739, 718], [444, 739, 922, 842, 726, 626, 718], [56, 817, 729, 794, 735, 104, 720], [658, 952, 809, 921, 851, 935, 839], [782, 960, 974, 861, 850, 859, 868], [664, 960, 974, 868, 893, 859, 782], [312, 952, 986, 935, 851, 544, 921], [446, 897, 697, 609, 594, 702], [159, 889, 676, 561, 795, 714], [286, 736, 480, 833, 498, 762], [286, 804, 480, 762, 833, 498], [317, 992, 660, 769, 884, 871], [495, 971, 942, 901, 881, 909], [113, 449, 951, 898, 824, 887], [733, 863, 879, 979, 906, 768], [301, 914, 990, 939, 689, 978], [129, 998, 949, 509, 712, 927], [129, 998, 949, 509, 712, 944], [357, 939, 978, 980, 945, 990], [308, 997, 652, 657, 985, 948], [542, 979, 719, 989, 849, 876], [108, 963, 994, 777, 956, 951], [995, 942, 971, 806, 883, 583], [153, 710, 577, 603, 606], [667, 770, 969, 953, 907], [468, 768, 964, 748, 733], [154, 651, 511, 750, 598], [684, 773, 776, 930, 915], [397, 843, 848, 925, 886], [28, 936, 955, 796, 678], [528, 966, 888, 786, 659], [597, 832, 967, 818, 870], [538, 997, 783, 976, 831], [705, 531, 909, 981, 790], [31, 972, 744, 569, 982], [297, 973, 988, 918, 983], [10, 991, 803, 635, 801], [343, 381, 993, 874, 870], [185, 867, 771, 747], [19, 237, 754, 625], [400, 640, 558, 760], [175, 821, 827, 708], [201, 992, 367, 853], [90, 941, 289, 629], [33, 987, 916, 597]]
before num:  52
befor deal_cliques:  52
after deal_cliques:  50
length of seeds:  50
seeds:  [set([800, 656, 484, 837, 905, 778, 912, 404, 828, 933]), set([965, 740, 709, 970, 975, 728, 932, 858, 954, 767]), set([865, 999, 872, 908, 815, 1000, 372, 699, 959]), set([897, 663, 716, 493, 631, 856, 508, 702]), set([865, 421, 999, 872, 908, 1000, 433, 759]), set([653, 654, 819, 724, 665, 890, 764, 445]), set([896, 681, 683, 717, 917, 969, 953, 730]), set([739, 904, 842, 718, 463, 946, 922, 895]), set([626, 739, 726, 842, 444, 922, 718]), set([720, 817, 56, 104, 729, 794, 735]), set([921, 658, 851, 935, 952, 809, 839]), set([960, 850, 868, 782, 859, 861, 974]), set([960, 868, 782, 664, 859, 893, 974]), set([544, 312, 851, 935, 952, 921, 986]), set([736, 480, 498, 804, 833, 762, 286]), set([944, 129, 949, 998, 712, 509, 927]), set([897, 594, 702, 609, 697, 446]), set([561, 676, 889, 714, 795, 159]), set([992, 769, 660, 871, 884, 317]), set([881, 901, 971, 909, 942, 495]), set([449, 898, 113, 887, 824, 951]), set([768, 979, 906, 863, 733, 879]), set([978, 689, 914, 939, 301, 990]), set([945, 978, 980, 357, 939, 990]), set([657, 308, 997, 985, 948, 652]), set([849, 979, 876, 989, 542, 719]), set([994, 963, 951, 777, 956, 108]), set([995, 806, 583, 883, 971, 942]), set([153, 603, 710, 606, 577]), set([969, 770, 667, 907, 953]), set([768, 468, 964, 748, 733]), set([154, 651, 750, 598, 511]), set([776, 930, 915, 684, 773]), set([848, 843, 397, 886, 925]), set([936, 28, 955, 796, 678]), set([528, 888, 786, 659, 966]), set([832, 818, 597, 870, 967]), set([976, 538, 783, 997, 831]), set([705, 531, 909, 790, 981]), set([744, 569, 972, 982, 31]), set([297, 988, 973, 918, 983]), set([801, 10, 635, 803, 991]), set([993, 874, 381, 870, 343]), set([867, 185, 771, 747]), set([625, 754, 19, 237]), set([400, 640, 760, 558]), set([827, 708, 821, 175]), set([992, 201, 853, 367]), set([289, 90, 941, 629]), set([33, 987, 916, 597])]
seeds_fitness [0.22959183673469388, 0.16697588126159554, 0.1592920353982301, 0.2007168458781362, 0.1375921375921376, 0.208955223880597, 0.14507772020725387, 0.1382716049382716, 0.1276595744680851, 0.1875, 0.09744779582366589, 0.08786610878661087, 0.08768267223382047, 0.09722222222222222, 0.16597510373443983, 0.09950248756218906, 0.12, 0.14563106796116504, 0.06711409395973154, 0.06711409395973154, 0.06880733944954129, 0.061601642710472276, 0.066815144766147, 0.055970149253731345, 0.06276150627615062, 0.056074766355140186, 0.06423982869379015, 0.06741573033707865, 0.11235955056179775, 0.05714285714285714, 0.05420054200542006, 0.10582010582010581, 0.047961630695443645, 0.05141388174807198, 0.056022408963585436, 0.053475935828877004, 0.05167958656330749, 0.0437636761487965, 0.04938271604938271, 0.053763440860215055, 0.04081632653061224, 0.05361930294906166, 0.05390835579514825, 0.044444444444444446, 0.08759124087591241, 0.06818181818181818, 0.046153846153846156, 0.041237113402061855, 0.061224489795918366, 0.036923076923076927]
after sort list of tuple: [(0, 0.22959183673469388), (5, 0.208955223880597), (3, 0.2007168458781362), (9, 0.1875), (1, 0.16697588126159554), (14, 0.16597510373443983), (2, 0.1592920353982301), (17, 0.14563106796116504), (6, 0.14507772020725387), (7, 0.1382716049382716), (4, 0.1375921375921376), (8, 0.1276595744680851), (16, 0.12), (28, 0.11235955056179775), (31, 0.10582010582010581), (15, 0.09950248756218906), (10, 0.09744779582366589), (13, 0.09722222222222222), (11, 0.08786610878661087), (12, 0.08768267223382047), (44, 0.08759124087591241), (20, 0.06880733944954129), (45, 0.06818181818181818), (27, 0.06741573033707865), (18, 0.06711409395973154), (19, 0.06711409395973154), (22, 0.066815144766147), (26, 0.06423982869379015), (24, 0.06276150627615062), (21, 0.061601642710472276), (48, 0.061224489795918366), (29, 0.05714285714285714), (25, 0.056074766355140186), (34, 0.056022408963585436), (23, 0.055970149253731345), (30, 0.05420054200542006), (42, 0.05390835579514825), (39, 0.053763440860215055), (41, 0.05361930294906166), (35, 0.053475935828877004), (36, 0.05167958656330749), (33, 0.05141388174807198), (38, 0.04938271604938271), (32, 0.047961630695443645), (46, 0.046153846153846156), (43, 0.044444444444444446), (37, 0.0437636761487965), (47, 0.041237113402061855), (40, 0.04081632653061224), (49, 0.036923076923076927)]
seeds_sorted [set([800, 656, 484, 837, 905, 778, 912, 404, 828, 933]), set([653, 654, 819, 724, 665, 890, 764, 445]), set([897, 663, 716, 493, 631, 856, 508, 702]), set([720, 817, 56, 104, 729, 794, 735]), set([965, 740, 709, 970, 975, 728, 932, 858, 954, 767]), set([736, 480, 498, 804, 833, 762, 286]), set([865, 999, 872, 908, 815, 1000, 372, 699, 959]), set([561, 676, 889, 714, 795, 159]), set([896, 681, 683, 717, 917, 969, 953, 730]), set([739, 904, 842, 718, 463, 946, 922, 895]), set([865, 421, 999, 872, 908, 1000, 433, 759]), set([626, 739, 726, 842, 444, 922, 718]), set([897, 594, 702, 609, 697, 446]), set([153, 603, 710, 606, 577]), set([154, 651, 750, 598, 511]), set([944, 129, 949, 998, 712, 509, 927]), set([921, 658, 851, 935, 952, 809, 839]), set([544, 312, 851, 935, 952, 921, 986]), set([960, 850, 868, 782, 859, 861, 974]), set([960, 868, 782, 664, 859, 893, 974]), set([625, 754, 19, 237]), set([449, 898, 113, 887, 824, 951]), set([400, 640, 760, 558]), set([995, 806, 583, 883, 971, 942]), set([992, 769, 660, 871, 884, 317]), set([881, 901, 971, 909, 942, 495]), set([978, 689, 914, 939, 301, 990]), set([994, 963, 951, 777, 956, 108]), set([657, 308, 997, 985, 948, 652]), set([768, 979, 906, 863, 733, 879]), set([289, 90, 941, 629]), set([969, 770, 667, 907, 953]), set([849, 979, 876, 989, 542, 719]), set([936, 28, 955, 796, 678]), set([945, 978, 980, 357, 939, 990]), set([768, 468, 964, 748, 733]), set([993, 874, 381, 870, 343]), set([744, 569, 972, 982, 31]), set([801, 10, 635, 803, 991]), set([528, 888, 786, 659, 966]), set([832, 818, 597, 870, 967]), set([848, 843, 397, 886, 925]), set([705, 531, 909, 790, 981]), set([776, 930, 915, 684, 773]), set([827, 708, 821, 175]), set([867, 185, 771, 747]), set([976, 538, 783, 997, 831]), set([992, 201, 853, 367]), set([297, 988, 973, 918, 983]), set([33, 987, 916, 597])]
args__________ ([set([800, 656, 484, 837, 905, 778, 912, 404, 828, 933]), set([33, 987, 916, 597])],)
args__________ ([set([653, 654, 819, 724, 665, 890, 764, 445]), set([297, 988, 973, 918, 983])],)
args__________ ([set([897, 663, 716, 493, 631, 856, 508, 702]), set([992, 201, 853, 367])],)
args__________ ([set([720, 817, 56, 104, 729, 794, 735]), set([976, 538, 783, 997, 831])],)
args__________ ([set([965, 740, 709, 970, 975, 728, 932, 858, 954, 767]), set([867, 185, 771, 747])],)
args__________ ([set([736, 480, 498, 804, 833, 762, 286]), set([827, 708, 821, 175])],)
args__________ ([set([865, 999, 872, 908, 815, 1000, 372, 699, 959]), set([776, 930, 915, 684, 773])],)
args__________ ([set([561, 676, 889, 714, 795, 159]), set([705, 531, 909, 790, 981])],)
args__________ ([set([896, 681, 683, 717, 917, 969, 953, 730]), set([848, 843, 397, 886, 925])],)
args__________ ([set([739, 904, 842, 718, 463, 946, 922, 895]), set([832, 818, 597, 870, 967])],)
args__________ ([set([865, 421, 999, 872, 908, 1000, 433, 759]), set([528, 888, 786, 659, 966])],)
args__________ ([set([626, 739, 726, 842, 444, 922, 718]), set([801, 10, 635, 803, 991])],)
args__________ ([set([897, 594, 702, 609, 697, 446]), set([744, 569, 972, 982, 31])],)
args__________ ([set([153, 603, 710, 606, 577]), set([993, 874, 381, 870, 343])],)
args__________ ([set([154, 651, 750, 598, 511]), set([768, 468, 964, 748, 733])],)
args__________ ([set([944, 129, 949, 998, 712, 509, 927]), set([945, 978, 980, 357, 939, 990])],)
args__________ ([set([921, 658, 851, 935, 952, 809, 839]), set([936, 28, 955, 796, 678])],)
args__________ ([set([544, 312, 851, 935, 952, 921, 986]), set([849, 979, 876, 989, 542, 719])],)
args__________ ([set([960, 850, 868, 782, 859, 861, 974])],)
args__________ ([set([960, 868, 782, 664, 859, 893, 974])],)
args__________ ([set([625, 754, 19, 237])],)
args__________ ([set([449, 898, 113, 887, 824, 951])],)
args__________ ([set([400, 640, 760, 558])],)
args__________ ([set([995, 806, 583, 883, 971, 942])],)
args__________ ([set([992, 769, 660, 871, 884, 317])],)
args__________ ([set([881, 901, 971, 909, 942, 495])],)
args__________ ([set([978, 689, 914, 939, 301, 990])],)
args__________ ([set([994, 963, 951, 777, 956, 108])],)
args__________ ([set([657, 308, 997, 985, 948, 652])],)
args__________ ([set([768, 979, 906, 863, 733, 879])],)
args__________ ([set([289, 90, 941, 629])],)
args__________ ([set([969, 770, 667, 907, 953])],)
finish process___________________
sorted nodes by betweenness [9, 16, 58, 62, 76, 82, 109, 114, 117, 121, 122, 126, 128, 135, 143, 147, 188, 193, 229, 230, 262, 274, 292, 306, 328, 333, 342, 344, 356, 371, 373, 374, 377, 387, 390, 403, 405, 411, 416, 420, 425, 440, 471, 501, 504, 505, 523, 540, 541, 550, 553, 562, 576, 588, 608, 623, 633, 636, 639, 646, 711, 734, 738, 742, 780, 785, 793, 797, 805, 811, 822, 829, 836, 840, 854, 869, 875, 880, 885, 899, 913, 920, 923, 928, 938, 958, 961, 962]
args__________ ([[9, 947, 955]],)
args__________ ([[16, 818, 824]],)
args__________ ([[58, 784, 882]],)
args__________ ([[62, 744, 668]],)
args__________ ([[76, 960, 974, 834]],)
args__________ ([[82, 999, 1000]],)
args__________ ([[109, 896, 969, 917]],)
args__________ ([[114, 933, 912]],)
args__________ ([[117, 679, 914]],)
args__________ ([[654, 890, 704, 121]],)
args__________ ([[122, 972, 984, 674]],)
args__________ ([[126, 998, 944]],)
args__________ ([[128, 999, 1000]],)
args__________ ([[135, 678, 522]],)
args__________ ([[143, 781, 950]],)
args__________ ([[147, 968, 792, 846]],)
args__________ ([[188, 992, 690]],)
args__________ ([[193, 608, 906]],)
args__________ ([[229, 814, 796]],)
args__________ ([[230, 866, 960, 974]],)
args__________ ([[262, 922, 946, 746]],)
args__________ ([[274, 904, 922, 943]],)
args__________ ([[577, 292, 913]],)
args__________ ([[306, 674, 984, 972]],)
args__________ ([[328, 897, 856, 492, 701]],)
args__________ ([[333, 962, 955]],)
args__________ ([[342, 935, 921, 986]],)
args__________ ([[344, 748, 695]],)
args__________ ([[222, 356, 687]],)
args__________ ([[371, 817, 729, 794]],)
args__________ ([[931, 373, 988, 973]],)
args__________ ([[374, 907, 953, 917, 574]],)
finish single seed process___________________
sorted nodes by betweenness [387, 390, 403, 405, 411, 416, 420, 425, 440, 471, 501, 504, 505, 523, 540, 550, 553, 562, 576, 588, 623, 633, 636, 639, 646, 711, 734, 738, 742, 780, 785, 793, 797, 805, 811, 822, 829, 836, 840, 854, 869, 875, 880, 885, 899, 920, 923, 928, 938, 958, 961]
args__________ ([[387, 987, 624, 894]],)
args__________ ([[390, 986, 977, 658]],)
args__________ ([[403, 817, 794, 503]],)
args__________ ([[476, 943, 405, 900]],)
args__________ ([[411, 864, 712, 998]],)
args__________ ([[416, 817, 666, 694]],)
args__________ ([[420, 976, 538, 831]],)
args__________ ([[134, 820, 425]],)
args__________ ([[486, 833, 736, 440]],)
args__________ ([[257, 963, 471]],)
args__________ ([[501, 879, 983]],)
args__________ ([[487, 913, 985, 504]],)
args__________ ([[505, 764, 665, 890, 819]],)
args__________ ([[189, 523, 893]],)
args__________ ([[540, 824, 994, 951]],)
args__________ ([[550, 826, 929, 919]],)
args__________ ([[65, 897, 856, 553]],)
args__________ ([[562, 833, 762, 736]],)
args__________ ([[553, 897, 576, 856]],)
args__________ ([[588, 946, 904, 842, 900]],)
args__________ ([[623, 896, 969, 953, 770, 847]],)
args__________ ([[308, 997, 633, 985, 948]],)
args__________ ([[269, 936, 886, 636]],)
args__________ ([[995, 926, 909, 639]],)
args__________ ([[617, 813, 867, 646]],)
args__________ ([[35, 711, 725]],)
args__________ ([[995, 942, 971, 734, 806]],)
args__________ ([[484, 800, 905, 738]],)
args__________ ([[452, 742, 765, 894]],)
args__________ ([[780, 858, 965, 970, 975, 838]],)
args__________ ([[712, 785, 864, 944, 949, 998]],)
args__________ ([[713, 981, 793, 930]],)
finish single seed process___________________
sorted nodes by betweenness [797, 805, 811, 822, 829, 836, 840, 854, 869, 875, 880, 885, 899, 920, 923, 928, 938, 958, 961]
args__________ ([[548, 901, 909, 971, 797]],)
args__________ ([[644, 999, 1000, 805, 959, 815]],)
args__________ ([[802, 939, 924, 978, 914, 811]],)
args__________ ([[279, 992, 756, 822]],)
args__________ ([[284, 800, 905, 912, 828, 933, 829]],)
args__________ ([[264, 889, 676, 714, 836]],)
args__________ ([[580, 986, 844, 977, 840]],)
args__________ ([[28, 936, 955, 854]],)
args__________ ([[399, 992, 871, 869]],)
args__________ ([[445, 665, 890, 764, 875, 819, 724]],)
args__________ ([[564, 744, 880, 972]],)
args__________ ([[307, 731, 486, 833, 885]],)
args__________ ([[299, 951, 994, 899, 963]],)
args__________ ([[881, 883, 971, 942, 920, 901]],)
args__________ ([[841, 989, 849, 979, 923]],)
args__________ ([[784, 928, 941, 882]],)
args__________ ([[529, 988, 772, 938]],)
args__________ ([[650, 990, 673, 958, 689, 978]],)
args__________ ([[488, 961, 881, 883, 583]],)
finish single seed process___________________
i =  0 [2, 136, 905, 778, 267, 13, 656, 404, 24, 284, 800, 933, 828, 837, 199, 86, 89, 223, 912, 484, 745, 491, 241, 248]
i =  1 [64, 643, 150, 392, 343, 530, 916, 662, 33, 422, 169, 171, 44, 818, 50, 438, 443, 316, 832, 765, 452, 582, 967, 72, 592, 597, 215, 987, 993, 166, 870, 874, 621, 751, 624, 276, 378, 381, 894, 455]
i =  2 [704, 669, 148, 510, 457, 204, 653, 654, 79, 722, 819, 724, 238, 311, 665, 890, 764, 445, 30, 415]
i =  3 [131, 132, 903, 10, 139, 222, 529, 18, 918, 791, 152, 772, 539, 543, 801, 931, 680, 297, 687, 560, 180, 437, 950, 439, 313, 570, 991, 60, 181, 182, 973, 336, 337, 803, 852, 469, 983, 345, 219, 860, 314, 862, 95, 81, 988, 593, 368, 497, 627, 757, 118, 635, 638, 725]
i =  4 [897, 609, 65, 321, 492, 106, 631, 716, 493, 721, 370, 467, 594, 446, 663, 856, 187, 508, 701, 350, 702]
i =  5 [769, 514, 771, 263, 779, 399, 402, 660, 691, 279, 324, 884, 160, 752, 296, 810, 813, 690, 51, 566, 184, 185, 698, 317, 203, 196, 70, 327, 201, 586, 715, 464, 466, 595, 853, 228, 348, 349, 94, 992, 867, 612, 613, 871, 617, 747, 367, 112, 756, 630, 892, 380, 255]
i =  6 [176, 483, 503, 49, 424, 331, 173, 720, 817, 56, 694, 599, 280, 729, 794, 283, 666, 104, 735]
i =  7 [17, 518, 8, 648, 151, 652, 783, 657, 407, 409, 538, 743, 799, 929, 418, 134, 294, 555, 559, 177, 308, 309, 310, 820, 826, 948, 700, 831, 325, 161, 524, 74, 332, 565, 206, 591, 976, 919, 88, 985, 997, 487, 232, 233, 107, 236, 878, 319, 140, 115, 119, 634, 575, 253, 382]
i =  8 [515, 389, 647, 556, 396, 781, 275, 26, 27, 29, 965, 547, 932, 677, 38, 42, 812, 429, 57, 954, 572, 830, 709, 838, 12, 970, 975, 728, 858, 442, 740, 358, 767]
i =  9 [769, 514, 771, 779, 399, 402, 660, 691, 279, 196, 160, 112, 296, 810, 813, 690, 51, 756, 566, 184, 185, 698, 317, 203, 324, 70, 327, 201, 586, 715, 464, 466, 595, 853, 228, 348, 349, 94, 992, 867, 612, 613, 871, 617, 747, 367, 752, 884, 630, 892, 380, 255]
i =  10 [649, 142, 286, 804, 326, 168, 307, 567, 833, 454, 71, 590, 480, 731, 736, 226, 611, 486, 359, 110, 498, 116, 762]
i =  11 [1, 516, 773, 776, 527, 528, 786, 659, 534, 23, 792, 537, 670, 5, 930, 585, 808, 684, 174, 175, 304, 456, 434, 947, 692, 821, 183, 696, 827, 708, 966, 968, 713, 202, 846, 209, 727, 218, 91, 221, 98, 59, 741, 103, 616, 490, 749, 111, 360, 915, 888, 761, 120]
i =  12 [644, 908, 525, 14, 668, 545, 421, 43, 430, 815, 433, 607, 699, 959, 67, 68, 581, 268, 80, 270, 216, 91, 351, 865, 999, 1000, 361, 364, 872, 372, 759]
i =  13 [1, 516, 773, 776, 527, 528, 786, 915, 534, 23, 792, 537, 670, 5, 930, 808, 684, 174, 175, 304, 968, 434, 947, 692, 821, 713, 696, 59, 708, 966, 456, 585, 202, 183, 846, 209, 727, 218, 221, 827, 741, 103, 360, 490, 749, 111, 616, 659, 888, 761, 120]
i =  14 [386, 264, 271, 272, 277, 155, 159, 795, 164, 807, 300, 432, 561, 194, 714, 207, 465, 676, 352, 167, 244, 632, 889]
i =  15 [133, 391, 909, 531, 790, 981, 926, 901, 672, 548, 165, 806, 41, 942, 178, 436, 191, 705, 706, 971, 453, 583, 73, 75, 227, 213, 37, 246, 995, 102, 488, 362, 495, 881, 883, 502, 250, 234, 85]
i =  16 [896, 256, 770, 427, 265, 907, 17, 384, 917, 22, 162, 163, 295, 681, 683, 428, 953, 574, 703, 579, 969, 717, 847, 84, 730, 479, 614, 494, 123, 637]
i =  17 [640, 645, 520, 266, 269, 784, 146, 558, 535, 410, 28, 925, 798, 289, 678, 936, 796, 941, 814, 303, 435, 52, 955, 138, 629, 192, 522, 707, 843, 461, 397, 848, 141, 578, 90, 477, 481, 231, 242, 208, 366, 240, 400, 245, 886, 760, 596, 882]
i =  18 [900, 904, 15, 532, 149, 922, 47, 413, 682, 943, 946, 53, 55, 628, 444, 584, 842, 718, 463, 339, 340, 726, 476, 225, 739, 746, 369, 626, 500, 895]
i =  19 [64, 643, 150, 392, 215, 530, 916, 662, 33, 166, 169, 171, 44, 818, 438, 443, 316, 832, 765, 452, 582, 967, 72, 592, 597, 343, 987, 993, 422, 870, 874, 621, 751, 624, 276, 378, 381, 894, 455]
i =  20 [644, 908, 525, 14, 412, 545, 421, 668, 43, 430, 815, 433, 607, 699, 959, 67, 68, 581, 268, 80, 270, 216, 91, 351, 865, 999, 1000, 361, 364, 872, 372, 759]
i =  21 [1, 516, 773, 776, 527, 528, 786, 659, 534, 23, 792, 537, 670, 5, 930, 808, 684, 174, 175, 304, 456, 434, 947, 692, 821, 713, 696, 59, 708, 966, 968, 585, 202, 183, 846, 209, 727, 218, 221, 827, 741, 103, 616, 490, 749, 111, 360, 915, 888, 761, 120]
i =  22 [900, 904, 15, 532, 149, 922, 943, 413, 682, 47, 946, 53, 55, 500, 444, 584, 842, 718, 463, 339, 340, 726, 476, 225, 739, 746, 369, 626, 628, 895]
i =  23 [131, 772, 903, 10, 139, 529, 18, 918, 791, 152, 132, 539, 543, 801, 803, 862, 680, 988, 170, 687, 560, 180, 437, 950, 439, 313, 570, 60, 181, 182, 973, 336, 81, 931, 852, 469, 345, 219, 860, 314, 222, 991, 337, 593, 368, 497, 627, 757, 118, 297, 635, 638, 725]
i =  24 [897, 321, 663, 697, 187, 701, 446, 65, 716, 721, 594, 467, 856, 350, 609, 106, 492, 493, 370, 702, 631, 508]
i =  25 [902, 393, 395, 910, 145, 20, 661, 474, 414, 31, 674, 36, 423, 940, 45, 686, 563, 564, 823, 569, 318, 448, 322, 69, 587, 972, 205, 335, 211, 212, 526, 982, 984, 602, 604, 93, 224, 98, 744, 873, 249, 507, 252, 341]
i =  26 [3, 517, 651, 273, 195, 153, 154, 285, 34, 293, 305, 577, 323, 710, 546, 598, 603, 606, 96, 354, 235, 237, 750, 496, 625, 754, 19, 511, 383]
i =  27 [832, 643, 150, 392, 215, 530, 276, 662, 33, 422, 169, 171, 44, 818, 438, 443, 316, 64, 765, 452, 582, 967, 72, 592, 597, 343, 987, 993, 166, 870, 874, 621, 751, 624, 916, 378, 381, 894, 455]
i =  28 [3, 517, 651, 273, 195, 153, 154, 285, 34, 293, 305, 577, 323, 710, 546, 598, 603, 606, 96, 354, 235, 237, 750, 496, 625, 754, 19, 511, 383]
i =  29 [768, 513, 259, 388, 876, 906, 911, 144, 401, 375, 217, 542, 671, 417, 419, 549, 934, 39, 937, 46, 733, 619, 179, 695, 61, 835, 964, 841, 458, 459, 719, 849, 291, 468, 857, 346, 475, 989, 478, 863, 105, 551, 748, 877, 879, 753, 979, 758, 489, 605]
i =  30 [512, 129, 130, 655, 788, 21, 406, 536, 158, 927, 290, 675, 302, 944, 755, 949, 186, 190, 447, 198, 712, 334, 83, 87, 473, 220, 864, 763, 998, 499, 376, 891, 509, 254]
i =  31 [641, 258, 6, 7, 650, 914, 282, 924, 673, 802, 35, 679, 298, 939, 301, 431, 688, 945, 54, 568, 825, 571, 689, 451, 589, 978, 980, 214, 601, 347, 990, 95, 482, 996, 357, 519, 247, 124, 554, 766]
i =  32 [385, 642, 261, 137, 11, 658, 789, 921, 544, 935, 552, 809, 685, 312, 315, 573, 63, 580, 197, 839, 329, 844, 952, 338, 851, 472, 986, 732, 610, 99, 977, 620, 243, 379]
i =  33 [640, 645, 520, 266, 397, 400, 146, 814, 535, 410, 796, 925, 798, 289, 678, 936, 28, 941, 558, 303, 435, 52, 955, 138, 629, 192, 578, 707, 522, 461, 269, 848, 141, 596, 90, 477, 481, 231, 843, 208, 366, 239, 240, 242, 245, 886, 760, 882, 784, 127]
i =  34 [385, 642, 261, 137, 11, 658, 789, 921, 544, 935, 552, 809, 685, 312, 315, 573, 63, 580, 197, 839, 329, 844, 952, 338, 851, 472, 986, 732, 610, 99, 977, 620, 243, 379]
i =  35 [768, 513, 259, 388, 748, 906, 911, 144, 401, 217, 542, 671, 417, 419, 549, 934, 39, 937, 46, 989, 48, 179, 619, 695, 61, 835, 964, 841, 458, 459, 719, 849, 291, 468, 105, 857, 346, 475, 733, 478, 863, 489, 551, 876, 877, 879, 753, 979, 758, 375, 605]
i =  36 [774, 394, 834, 782, 365, 787, 533, 281, 664, 25, 157, 287, 172, 693, 189, 960, 450, 330, 974, 210, 723, 78, 600, 859, 92, 861, 97, 866, 355, 868, 485, 615, 850, 622, 506, 251, 893]
i =  37 [774, 394, 450, 782, 365, 787, 533, 281, 664, 25, 157, 287, 172, 693, 189, 960, 834, 330, 974, 850, 723, 78, 600, 859, 92, 861, 97, 866, 355, 868, 485, 615, 210, 622, 506, 251, 893]
i =  38 [3, 517, 651, 273, 19, 153, 154, 285, 546, 293, 305, 577, 323, 710, 34, 598, 603, 606, 96, 354, 195, 235, 237, 750, 496, 625, 754, 383, 511]
i =  39 [257, 898, 4, 775, 521, 398, 278, 408, 260, 156, 288, 40, 426, 299, 777, 557, 816, 50, 951, 824, 441, 956, 957, 320, 32, 66, 963, 353, 460, 77, 462, 845, 470, 855, 737, 994, 100, 101, 618, 363, 108, 113, 887, 449, 125]
i =  40 [640, 645, 520, 522, 397, 400, 146, 814, 535, 410, 796, 925, 798, 289, 678, 936, 28, 941, 558, 303, 435, 52, 266, 955, 138, 629, 192, 578, 707, 200, 843, 461, 269, 848, 141, 596, 90, 477, 481, 231, 208, 366, 240, 242, 245, 886, 760, 882, 784]
i =  41 [133, 391, 909, 531, 790, 926, 901, 672, 548, 165, 806, 41, 942, 178, 436, 191, 705, 706, 453, 583, 73, 971, 995, 85, 37, 227, 102, 488, 502, 234, 495, 881, 883, 246, 250, 362, 213]
i =  42 [769, 514, 771, 779, 399, 402, 660, 691, 279, 324, 884, 160, 112, 296, 810, 813, 690, 51, 566, 184, 185, 698, 317, 203, 196, 70, 327, 201, 586, 715, 464, 466, 595, 853, 228, 348, 349, 94, 992, 867, 612, 613, 871, 617, 747, 367, 752, 756, 630, 892, 380, 255]
i =  43 [901, 391, 909, 531, 790, 926, 133, 672, 548, 165, 806, 41, 942, 178, 436, 191, 705, 706, 453, 583, 73, 971, 995, 213, 37, 246, 227, 102, 488, 234, 495, 881, 883, 502, 250, 362, 85]
i =  44 [641, 258, 6, 519, 650, 914, 282, 924, 673, 802, 35, 679, 554, 939, 301, 431, 688, 689, 54, 568, 825, 571, 451, 589, 978, 214, 7, 601, 347, 990, 95, 945, 482, 996, 357, 247, 124, 298, 766]
i =  45 [257, 898, 4, 775, 777, 398, 278, 408, 260, 156, 288, 521, 40, 426, 299, 557, 816, 951, 824, 441, 956, 957, 320, 449, 66, 963, 32, 460, 77, 462, 845, 470, 855, 737, 994, 100, 101, 618, 363, 108, 353, 113, 887, 125]
i =  46 [17, 518, 8, 236, 648, 151, 524, 783, 657, 407, 409, 538, 799, 161, 418, 134, 294, 555, 559, 177, 308, 565, 310, 820, 826, 948, 700, 831, 325, 929, 652, 74, 332, 206, 591, 976, 919, 88, 985, 309, 997, 487, 232, 233, 107, 743, 878, 140, 115, 119, 575, 634, 319, 382]
i =  47 [768, 513, 259, 388, 876, 906, 911, 144, 401, 217, 542, 671, 417, 419, 549, 934, 39, 937, 46, 733, 179, 695, 61, 835, 964, 841, 458, 459, 551, 719, 849, 291, 468, 857, 346, 475, 989, 478, 863, 489, 105, 619, 748, 877, 879, 753, 979, 758, 375, 605]
i =  48 [640, 645, 520, 266, 397, 400, 146, 814, 535, 410, 28, 925, 798, 289, 678, 936, 796, 941, 558, 303, 435, 52, 955, 138, 245, 192, 578, 707, 522, 461, 269, 848, 141, 596, 90, 477, 481, 231, 843, 208, 366, 240, 242, 629, 886, 760, 882, 784]
i =  49 [256, 384, 770, 427, 265, 907, 17, 917, 22, 667, 162, 163, 295, 681, 683, 428, 953, 574, 703, 579, 969, 717, 847, 84, 896, 730, 479, 614, 494, 123, 637]
i =  50 [1, 516, 5, 776, 9, 527, 528, 786, 659, 534, 23, 792, 537, 670, 773, 930, 585, 808, 684, 174, 175, 304, 968, 434, 947, 692, 821, 183, 696, 955, 708, 966, 456, 713, 202, 846, 120, 727, 218, 91, 221, 59, 741, 827, 360, 490, 103, 749, 111, 616, 915, 888, 761]
i =  51 [257, 898, 4, 775, 521, 398, 16, 278, 408, 260, 156, 288, 290, 40, 426, 299, 777, 557, 816, 818, 951, 824, 441, 956, 957, 320, 32, 66, 963, 353, 460, 845, 462, 77, 470, 855, 737, 994, 100, 101, 618, 363, 108, 113, 887, 449, 125]
i =  52 [640, 645, 520, 266, 141, 400, 146, 269, 814, 535, 410, 796, 541, 798, 289, 678, 936, 28, 941, 558, 303, 435, 52, 58, 955, 138, 629, 192, 578, 707, 200, 522, 461, 925, 397, 848, 596, 90, 477, 481, 231, 843, 208, 366, 240, 242, 245, 886, 760, 377, 882, 784]
i =  53 [3, 517, 651, 273, 195, 153, 154, 668, 285, 546, 293, 305, 62, 577, 323, 710, 34, 598, 603, 606, 96, 354, 744, 235, 237, 750, 496, 625, 754, 19, 511, 383]
i =  54 [774, 394, 450, 782, 787, 533, 25, 664, 281, 157, 287, 172, 693, 850, 189, 960, 834, 330, 76, 974, 210, 723, 78, 600, 859, 92, 861, 97, 866, 355, 868, 485, 615, 365, 622, 506, 251, 893]
i =  55 [644, 908, 525, 14, 412, 545, 421, 668, 43, 430, 815, 433, 351, 699, 959, 67, 68, 581, 268, 80, 82, 270, 216, 91, 607, 865, 999, 1000, 361, 364, 872, 372, 759]
i =  56 [896, 256, 770, 427, 265, 907, 17, 384, 917, 22, 162, 163, 295, 681, 683, 428, 953, 574, 703, 579, 969, 717, 847, 84, 730, 479, 614, 109, 494, 123, 637]
i =  57 [2, 136, 905, 778, 267, 13, 656, 404, 24, 284, 800, 933, 828, 837, 199, 86, 89, 223, 912, 484, 745, 491, 241, 114, 248]
i =  58 [641, 258, 6, 519, 650, 914, 282, 924, 673, 802, 35, 679, 554, 939, 301, 431, 688, 945, 54, 568, 825, 571, 689, 451, 589, 978, 214, 7, 601, 347, 990, 95, 482, 996, 357, 117, 247, 124, 298, 766]
i =  59 [704, 445, 724, 665, 457, 204, 653, 654, 79, 510, 722, 819, 148, 238, 311, 121, 890, 764, 669, 30, 415]
i =  60 [902, 393, 395, 910, 145, 20, 661, 474, 414, 31, 674, 36, 423, 940, 45, 686, 306, 563, 564, 823, 569, 318, 448, 322, 69, 587, 972, 205, 335, 211, 212, 526, 982, 984, 602, 604, 93, 224, 98, 744, 873, 249, 122, 507, 252, 341]
i =  61 [512, 129, 130, 655, 788, 21, 406, 536, 158, 927, 290, 675, 302, 944, 755, 949, 186, 190, 447, 198, 712, 334, 83, 87, 473, 220, 864, 891, 998, 499, 126, 376, 763, 509, 254]
i =  62 [128, 644, 908, 525, 14, 412, 545, 421, 668, 43, 430, 815, 433, 351, 959, 67, 68, 581, 268, 80, 270, 216, 91, 607, 865, 699, 999, 1000, 361, 364, 872, 372, 759]
i =  63 [5, 678, 135, 520, 522, 596, 28]
i =  64 [131, 132, 903, 10, 139, 781, 143, 529, 18, 918, 791, 152, 772, 539, 543, 801, 931, 862, 680, 860, 170, 687, 560, 180, 181, 950, 439, 313, 570, 60, 437, 182, 973, 336, 337, 803, 852, 469, 345, 219, 988, 314, 222, 991, 81, 593, 368, 497, 627, 757, 118, 297, 635, 638, 725]
i =  65 [1, 516, 5, 776, 527, 528, 786, 147, 534, 23, 792, 537, 670, 773, 930, 585, 808, 684, 174, 175, 304, 456, 434, 947, 692, 821, 183, 696, 59, 708, 966, 968, 713, 202, 846, 209, 727, 218, 91, 915, 221, 827, 741, 103, 360, 490, 749, 111, 616, 659, 888, 761, 120]
i =  66 [769, 514, 771, 779, 399, 402, 660, 691, 279, 324, 160, 112, 296, 810, 813, 690, 51, 756, 566, 184, 185, 698, 188, 317, 203, 196, 70, 327, 201, 586, 715, 464, 466, 595, 853, 228, 348, 349, 94, 992, 867, 612, 613, 871, 617, 747, 367, 752, 884, 630, 892, 380, 255]
i =  67 [768, 513, 259, 388, 876, 906, 911, 144, 401, 375, 217, 542, 671, 417, 291, 549, 934, 39, 937, 46, 733, 48, 179, 695, 61, 193, 835, 964, 753, 841, 458, 459, 719, 849, 419, 468, 857, 346, 475, 989, 478, 863, 608, 105, 551, 748, 877, 879, 619, 979, 758, 489, 605]
i =  68 [640, 645, 520, 138, 269, 400, 146, 558, 535, 410, 796, 925, 798, 289, 37, 678, 936, 28, 941, 814, 303, 51, 52, 58, 955, 266, 629, 192, 578, 707, 435, 461, 397, 848, 141, 596, 522, 90, 477, 481, 229, 231, 843, 208, 366, 240, 242, 245, 886, 760, 882, 784]
i =  69 [774, 394, 834, 782, 365, 787, 533, 281, 664, 25, 157, 287, 172, 693, 189, 960, 450, 330, 76, 974, 210, 723, 78, 600, 859, 92, 861, 97, 866, 355, 868, 485, 230, 615, 850, 622, 506, 251, 893]
i =  70 [900, 262, 904, 15, 532, 149, 922, 943, 413, 682, 47, 946, 53, 55, 500, 444, 584, 842, 718, 463, 339, 340, 726, 476, 225, 739, 746, 369, 626, 628, 895]
i =  71 [900, 904, 15, 274, 532, 149, 922, 943, 413, 682, 47, 946, 53, 55, 500, 444, 584, 842, 718, 463, 339, 340, 726, 476, 225, 739, 746, 369, 626, 628, 895]
i =  72 [3, 517, 651, 913, 195, 153, 154, 285, 34, 292, 293, 305, 577, 323, 710, 546, 598, 603, 606, 354, 273, 235, 237, 750, 496, 625, 754, 19, 511, 383]
i =  73 [902, 393, 395, 910, 145, 20, 661, 474, 414, 31, 674, 36, 423, 940, 45, 686, 306, 563, 564, 823, 569, 318, 448, 322, 69, 587, 972, 205, 335, 211, 212, 526, 982, 984, 602, 604, 93, 224, 98, 744, 873, 249, 122, 507, 252, 341]
i =  74 [897, 321, 663, 187, 701, 446, 65, 328, 716, 721, 594, 467, 856, 350, 609, 106, 492, 493, 370, 702, 631, 508]
i =  75 [640, 645, 135, 520, 9, 266, 397, 400, 146, 269, 814, 535, 410, 28, 925, 798, 289, 678, 936, 796, 941, 558, 303, 435, 52, 955, 138, 245, 192, 578, 707, 522, 461, 333, 848, 141, 596, 90, 477, 962, 481, 231, 843, 208, 366, 240, 242, 629, 886, 760, 882, 784]
i =  76 [385, 642, 261, 137, 11, 658, 789, 921, 544, 935, 552, 809, 685, 312, 315, 573, 63, 580, 197, 839, 329, 844, 952, 338, 851, 342, 472, 986, 732, 610, 99, 977, 620, 243, 379]
i =  77 [3, 517, 266, 651, 273, 19, 235, 152, 153, 154, 285, 546, 293, 305, 695, 577, 323, 710, 75, 34, 139, 85, 598, 344, 603, 93, 606, 96, 354, 195, 107, 748, 237, 750, 496, 625, 754, 147, 118, 511, 383]
i =  78 [18, 356, 222, 687]
i =  79 [176, 483, 503, 49, 424, 331, 173, 720, 817, 371, 56, 694, 599, 280, 729, 794, 283, 666, 104, 735]
i =  80 [131, 772, 903, 10, 139, 222, 529, 18, 918, 791, 152, 132, 539, 543, 801, 931, 680, 297, 687, 560, 180, 181, 950, 439, 313, 314, 60, 437, 182, 373, 973, 336, 81, 803, 852, 469, 345, 219, 860, 570, 862, 991, 337, 988, 593, 368, 497, 627, 757, 118, 635, 638, 725]
i =  81 [256, 896, 770, 427, 265, 907, 17, 384, 917, 22, 162, 163, 295, 681, 683, 428, 953, 574, 703, 579, 969, 717, 847, 84, 730, 479, 614, 494, 374, 123, 637]
i =  82 [64, 387, 150, 392, 215, 530, 643, 916, 662, 33, 422, 169, 171, 44, 818, 438, 443, 316, 832, 765, 452, 582, 967, 72, 592, 597, 343, 987, 993, 166, 870, 874, 621, 751, 624, 276, 378, 381, 894, 455]
i =  83 [385, 642, 261, 390, 137, 11, 658, 789, 921, 544, 935, 552, 809, 685, 952, 315, 573, 63, 580, 197, 839, 329, 844, 312, 338, 851, 472, 986, 732, 610, 99, 977, 620, 243, 379]
i =  84 [720, 483, 49, 424, 599, 331, 173, 176, 817, 403, 104, 694, 503, 56, 729, 794, 283, 666, 280, 735]
i =  85 [900, 904, 15, 532, 149, 922, 943, 413, 405, 682, 47, 946, 53, 55, 500, 444, 584, 842, 718, 463, 339, 340, 726, 476, 225, 739, 746, 369, 626, 628, 895]
i =  86 [512, 129, 130, 655, 788, 21, 406, 536, 411, 158, 927, 290, 675, 302, 944, 755, 949, 186, 190, 447, 198, 712, 334, 83, 87, 473, 220, 864, 763, 998, 499, 376, 891, 509, 254]
i =  87 [416, 176, 483, 503, 49, 424, 331, 173, 720, 817, 280, 694, 599, 56, 729, 666, 283, 794, 104, 735]
i =  88 [17, 518, 8, 648, 151, 652, 783, 657, 407, 409, 538, 743, 799, 161, 418, 420, 134, 294, 555, 559, 177, 308, 309, 310, 820, 826, 948, 700, 831, 325, 929, 524, 74, 332, 565, 206, 591, 976, 919, 88, 985, 997, 487, 232, 233, 107, 236, 878, 140, 115, 119, 575, 634, 319, 253, 382]
i =  89 [147, 134, 425, 332, 16, 115, 820, 85, 126]
i =  90 [649, 142, 286, 804, 454, 168, 307, 567, 440, 833, 326, 71, 590, 480, 731, 736, 226, 611, 486, 359, 110, 498, 116, 762]
i =  91 [257, 898, 260, 775, 521, 471, 398, 278, 408, 4, 156, 288, 40, 426, 299, 557, 816, 777, 824, 441, 956, 957, 320, 449, 66, 963, 32, 951, 460, 77, 462, 845, 470, 855, 737, 994, 100, 101, 618, 363, 108, 353, 113, 887, 125]
i =  92 [768, 513, 259, 388, 748, 906, 911, 144, 401, 857, 542, 671, 417, 419, 549, 934, 39, 40, 937, 46, 989, 48, 179, 105, 695, 61, 835, 964, 841, 458, 459, 551, 719, 849, 291, 468, 983, 217, 346, 475, 733, 478, 863, 489, 619, 876, 877, 879, 753, 979, 501, 758, 375, 605]
i =  93 [17, 134, 648, 236, 151, 652, 783, 913, 919, 657, 409, 538, 799, 161, 418, 518, 294, 555, 559, 48, 177, 308, 565, 310, 23, 820, 826, 948, 700, 62, 831, 407, 325, 929, 140, 74, 332, 206, 591, 976, 524, 88, 985, 309, 93, 344, 997, 487, 232, 233, 107, 743, 878, 115, 8, 119, 504, 575, 634, 319, 253, 382]
i =  94 [704, 669, 148, 510, 457, 311, 204, 653, 238, 79, 722, 819, 724, 654, 665, 505, 890, 764, 445, 30, 415]
i =  95 [774, 394, 523, 834, 782, 365, 787, 533, 281, 664, 25, 157, 287, 172, 693, 189, 960, 450, 330, 76, 974, 210, 723, 78, 600, 859, 92, 861, 97, 866, 355, 868, 485, 615, 850, 622, 506, 251, 893]
i =  96 [257, 898, 4, 775, 521, 398, 278, 408, 260, 156, 288, 40, 540, 426, 299, 777, 557, 816, 951, 824, 441, 956, 957, 320, 449, 66, 963, 353, 460, 845, 462, 77, 470, 855, 737, 994, 100, 101, 618, 363, 108, 113, 32, 887, 125]
i =  97 [17, 518, 8, 648, 151, 524, 783, 657, 407, 409, 538, 743, 799, 929, 418, 134, 294, 555, 559, 177, 820, 565, 310, 308, 826, 948, 700, 831, 325, 161, 652, 74, 332, 206, 591, 976, 919, 88, 985, 309, 997, 550, 487, 232, 233, 107, 236, 878, 140, 115, 119, 575, 634, 319, 253, 382]
i =  98 [897, 321, 663, 553, 187, 701, 446, 65, 716, 721, 594, 467, 856, 350, 609, 106, 492, 493, 370, 702, 631, 508]
i =  99 [649, 142, 286, 804, 454, 168, 562, 307, 567, 833, 326, 71, 590, 480, 731, 736, 226, 611, 486, 359, 110, 498, 116, 762]
i =  100 [897, 321, 663, 553, 187, 701, 446, 576, 65, 716, 721, 594, 467, 856, 350, 609, 106, 492, 493, 370, 702, 631, 508]
i =  101 [900, 904, 15, 532, 149, 922, 943, 413, 682, 47, 946, 53, 55, 628, 444, 584, 842, 588, 718, 463, 339, 340, 726, 476, 225, 739, 746, 369, 626, 500, 895]
i =  102 [896, 384, 770, 427, 265, 907, 256, 17, 917, 22, 162, 163, 295, 681, 683, 428, 953, 574, 703, 579, 969, 717, 847, 84, 730, 479, 614, 494, 623, 123, 637]
i =  103 [518, 8, 236, 648, 151, 524, 783, 657, 407, 409, 538, 799, 161, 418, 134, 294, 487, 555, 559, 177, 308, 309, 310, 820, 826, 948, 700, 831, 325, 929, 652, 74, 332, 565, 206, 591, 976, 919, 88, 985, 575, 997, 17, 232, 233, 107, 743, 878, 140, 115, 119, 633, 634, 319, 253, 382]
i =  104 [640, 645, 520, 266, 269, 400, 146, 814, 535, 410, 796, 925, 798, 289, 678, 936, 28, 941, 558, 303, 435, 52, 955, 138, 629, 192, 578, 707, 522, 461, 397, 848, 141, 596, 90, 477, 481, 231, 843, 208, 366, 240, 242, 245, 886, 760, 636, 882, 784]
i =  105 [133, 391, 909, 531, 790, 926, 901, 672, 548, 165, 806, 41, 942, 178, 436, 191, 705, 706, 971, 453, 583, 73, 75, 227, 213, 37, 246, 995, 102, 362, 495, 881, 883, 502, 250, 234, 85, 639]
i =  106 [769, 514, 771, 646, 779, 399, 402, 660, 691, 279, 324, 160, 752, 296, 810, 813, 690, 51, 756, 566, 184, 185, 698, 317, 203, 196, 70, 327, 201, 586, 715, 464, 466, 595, 853, 228, 348, 349, 94, 992, 867, 612, 613, 871, 617, 747, 367, 112, 884, 630, 892, 380, 255]
i =  107 [128, 131, 772, 903, 10, 139, 222, 529, 18, 918, 791, 152, 132, 539, 543, 801, 35, 680, 297, 687, 560, 180, 181, 182, 439, 313, 570, 60, 931, 437, 950, 711, 75, 973, 336, 81, 82, 803, 852, 469, 345, 219, 860, 314, 862, 991, 337, 988, 593, 368, 497, 627, 757, 118, 635, 638, 725]
i =  108 [133, 391, 909, 531, 790, 926, 901, 672, 548, 165, 806, 41, 942, 178, 436, 191, 705, 706, 453, 583, 73, 971, 995, 213, 734, 37, 246, 227, 102, 488, 234, 495, 881, 883, 502, 250, 362, 85]
i =  109 [2, 136, 905, 778, 267, 13, 656, 404, 24, 284, 800, 933, 828, 837, 199, 86, 89, 223, 912, 738, 484, 745, 491, 241, 248]
i =  110 [832, 643, 150, 392, 215, 530, 916, 662, 33, 422, 169, 171, 44, 818, 438, 381, 443, 316, 64, 452, 582, 967, 72, 592, 597, 343, 987, 993, 742, 870, 874, 621, 751, 624, 276, 378, 455, 765, 894, 166]
i =  111 [515, 389, 647, 812, 780, 781, 275, 26, 27, 29, 709, 547, 932, 677, 38, 42, 556, 429, 57, 442, 572, 830, 965, 838, 12, 970, 975, 728, 858, 954, 740, 358, 396, 767]
i =  112 [512, 129, 130, 655, 785, 788, 21, 406, 536, 158, 927, 290, 675, 302, 944, 755, 949, 186, 190, 447, 198, 712, 334, 83, 87, 473, 220, 864, 891, 998, 499, 376, 763, 509, 254]
i =  113 [1, 516, 5, 134, 776, 527, 528, 786, 915, 537, 534, 23, 792, 793, 670, 773, 930, 585, 808, 684, 174, 175, 304, 968, 434, 947, 692, 821, 183, 696, 59, 708, 966, 456, 713, 202, 332, 846, 209, 981, 727, 218, 91, 221, 827, 741, 103, 616, 490, 749, 111, 360, 659, 888, 761, 120]
i =  114 [901, 391, 909, 531, 790, 797, 926, 133, 672, 548, 165, 806, 41, 942, 178, 436, 191, 705, 706, 75, 453, 583, 73, 971, 995, 213, 37, 246, 227, 102, 488, 234, 495, 881, 883, 502, 250, 362, 85]
i =  115 [644, 908, 525, 14, 668, 545, 805, 43, 430, 815, 433, 351, 607, 699, 959, 67, 68, 581, 268, 80, 270, 216, 91, 421, 865, 999, 1000, 361, 364, 872, 372, 759]
i =  116 [641, 258, 939, 6, 519, 650, 914, 282, 924, 673, 802, 35, 679, 554, 811, 301, 431, 688, 945, 54, 568, 825, 571, 689, 451, 589, 978, 214, 7, 601, 347, 990, 95, 482, 996, 357, 247, 124, 298, 766]
i =  117 [769, 514, 771, 779, 399, 402, 660, 691, 279, 324, 884, 160, 752, 296, 810, 813, 690, 51, 822, 184, 185, 698, 317, 203, 196, 566, 70, 327, 201, 586, 715, 464, 466, 595, 853, 228, 348, 349, 94, 992, 867, 612, 613, 871, 617, 747, 367, 112, 756, 630, 892, 380, 255]
i =  118 [2, 136, 905, 778, 267, 13, 656, 404, 24, 284, 800, 933, 828, 829, 837, 199, 86, 89, 223, 912, 484, 745, 491, 241, 248]
i =  119 [386, 264, 271, 272, 277, 795, 159, 155, 164, 807, 300, 432, 561, 194, 836, 714, 207, 465, 676, 352, 167, 244, 632, 889]
i =  120 [385, 642, 261, 137, 11, 658, 789, 921, 544, 935, 552, 809, 685, 952, 315, 573, 63, 580, 197, 839, 840, 329, 844, 312, 338, 851, 472, 986, 732, 610, 99, 977, 620, 243, 379]
i =  121 [640, 645, 135, 520, 266, 141, 784, 146, 814, 535, 397, 410, 28, 925, 798, 289, 678, 936, 796, 941, 558, 303, 435, 52, 955, 138, 629, 192, 578, 707, 522, 461, 269, 848, 596, 854, 90, 477, 481, 231, 242, 843, 208, 366, 239, 240, 400, 245, 886, 760, 882]
i =  122 [769, 514, 771, 779, 399, 402, 660, 691, 279, 324, 884, 160, 112, 296, 810, 813, 690, 51, 566, 184, 185, 698, 317, 203, 196, 70, 327, 201, 586, 715, 464, 466, 595, 853, 612, 348, 349, 94, 613, 992, 867, 228, 869, 871, 617, 747, 367, 752, 756, 630, 892, 380, 255]
i =  123 [704, 669, 510, 665, 457, 875, 204, 653, 238, 79, 722, 819, 148, 654, 311, 724, 890, 764, 445, 30, 415]
i =  124 [86, 902, 393, 395, 910, 145, 20, 661, 474, 414, 31, 674, 36, 423, 940, 45, 686, 563, 564, 823, 569, 318, 448, 322, 69, 587, 972, 205, 335, 211, 212, 526, 982, 984, 602, 604, 93, 224, 98, 744, 873, 880, 249, 507, 252, 341]
i =  125 [649, 142, 286, 804, 454, 168, 307, 567, 833, 326, 71, 590, 480, 731, 736, 226, 611, 486, 359, 110, 498, 116, 885, 762]
i =  126 [257, 898, 899, 4, 775, 521, 398, 278, 408, 260, 156, 288, 40, 426, 299, 777, 557, 816, 951, 824, 441, 956, 957, 320, 449, 66, 963, 737, 460, 77, 462, 845, 470, 855, 353, 994, 100, 101, 618, 363, 108, 113, 32, 887, 125]
i =  127 [133, 391, 909, 531, 790, 920, 926, 901, 672, 548, 165, 806, 41, 942, 178, 436, 191, 705, 706, 75, 453, 583, 73, 971, 995, 85, 37, 246, 227, 102, 488, 234, 495, 881, 883, 502, 250, 362, 213]
i =  128 [768, 513, 259, 388, 748, 906, 911, 144, 401, 217, 923, 542, 671, 417, 291, 549, 934, 39, 937, 46, 989, 179, 695, 61, 835, 964, 841, 458, 459, 551, 719, 849, 419, 468, 105, 857, 346, 475, 733, 478, 863, 489, 619, 876, 877, 879, 753, 979, 758, 375, 605]
i =  129 [640, 645, 520, 266, 397, 400, 146, 814, 535, 410, 796, 925, 798, 928, 289, 678, 936, 28, 941, 558, 303, 435, 52, 58, 955, 138, 629, 192, 578, 707, 843, 461, 269, 848, 141, 596, 522, 90, 477, 481, 231, 208, 366, 240, 242, 245, 886, 760, 882, 784]
i =  130 [257, 131, 772, 903, 10, 139, 529, 18, 918, 791, 152, 132, 539, 543, 801, 931, 862, 680, 297, 938, 687, 560, 306, 180, 437, 182, 439, 313, 570, 60, 181, 950, 973, 336, 337, 803, 852, 469, 345, 219, 988, 314, 222, 991, 81, 860, 593, 368, 497, 627, 757, 118, 635, 638, 725]
i =  131 [641, 258, 939, 6, 7, 650, 914, 282, 924, 673, 802, 35, 945, 298, 519, 301, 431, 688, 689, 54, 568, 825, 571, 958, 451, 589, 978, 214, 601, 347, 990, 95, 482, 996, 357, 679, 247, 124, 554, 766]
i =  132 [133, 391, 909, 531, 790, 926, 901, 672, 548, 165, 806, 41, 942, 178, 436, 705, 191, 961, 706, 75, 453, 583, 73, 971, 227, 85, 37, 995, 102, 488, 502, 234, 495, 881, 883, 246, 250, 362, 213]
finish get all communities
complete deal_communities
commplete get_all_nature_community
----------------------------------The detection result is: 

all communities: 
i =  1 : [5, 28, 135, 520, 522, 596, 678]
i =  2 : [18, 222, 356, 687]
i =  3 : [16, 85, 115, 126, 134, 147, 332, 425, 820]
i =  4 : [12, 26, 27, 29, 38, 42, 57, 275, 358, 389, 396, 429, 442, 515, 547, 556, 572, 647, 677, 709, 728, 740, 767, 780, 781, 812, 830, 838, 858, 932, 954, 965, 970, 975]
i =  5 : [155, 159, 164, 167, 194, 207, 244, 264, 271, 272, 277, 300, 352, 386, 432, 465, 561, 632, 676, 714, 795, 807, 836, 889]
i =  6 : [20, 31, 36, 45, 69, 86, 93, 98, 122, 145, 205, 211, 212, 224, 249, 252, 306, 318, 322, 335, 341, 393, 395, 414, 423, 448, 474, 507, 526, 563, 564, 569, 587, 602, 604, 661, 674, 686, 744, 823, 873, 880, 902, 910, 940, 972, 982, 984]
i =  7 : [25, 76, 78, 92, 97, 157, 172, 189, 210, 230, 251, 281, 287, 330, 355, 365, 394, 450, 485, 506, 523, 533, 600, 615, 622, 664, 693, 723, 774, 782, 787, 834, 850, 859, 861, 866, 868, 893, 960, 974]
i =  8 : [33, 44, 50, 64, 72, 150, 166, 169, 171, 215, 276, 316, 343, 378, 381, 387, 392, 422, 438, 443, 452, 455, 530, 582, 592, 597, 621, 624, 643, 662, 742, 751, 765, 818, 832, 870, 874, 894, 916, 967, 987, 993]
i =  9 : [65, 106, 187, 321, 328, 350, 370, 446, 467, 492, 493, 508, 553, 576, 594, 609, 631, 663, 697, 701, 702, 716, 721, 856, 897]
i =  10 : [3, 19, 34, 62, 75, 85, 93, 96, 107, 118, 139, 147, 152, 153, 154, 195, 235, 237, 266, 273, 285, 292, 293, 305, 323, 344, 354, 383, 496, 511, 517, 546, 577, 598, 603, 606, 625, 651, 668, 695, 710, 744, 748, 750, 754, 913]
i =  11 : [14, 43, 67, 68, 80, 82, 91, 128, 216, 268, 270, 351, 361, 364, 372, 412, 421, 430, 433, 525, 545, 581, 607, 644, 668, 699, 759, 805, 815, 865, 872, 908, 959, 999, 1000]
i =  12 : [2, 13, 24, 86, 89, 114, 136, 199, 223, 241, 248, 267, 284, 404, 484, 491, 656, 738, 745, 778, 800, 828, 829, 837, 905, 912, 933]
i =  13 : [30, 79, 121, 148, 204, 238, 311, 415, 445, 457, 505, 510, 653, 654, 665, 669, 704, 722, 724, 764, 819, 875, 890]
i =  14 : [21, 83, 87, 126, 129, 130, 158, 186, 190, 198, 220, 254, 290, 302, 334, 376, 406, 411, 447, 473, 499, 509, 512, 536, 655, 675, 712, 755, 763, 785, 788, 864, 891, 927, 944, 949, 998]
i =  15 : [39, 40, 46, 48, 61, 105, 144, 179, 193, 217, 259, 291, 346, 375, 388, 401, 417, 419, 458, 459, 468, 475, 478, 489, 501, 513, 542, 549, 551, 605, 608, 619, 671, 695, 719, 733, 748, 753, 758, 768, 835, 841, 849, 857, 863, 876, 877, 879, 906, 911, 923, 934, 937, 964, 979, 983, 989]
i =  16 : [11, 63, 99, 137, 197, 243, 261, 312, 315, 329, 338, 342, 379, 385, 390, 472, 544, 552, 573, 580, 610, 620, 642, 658, 685, 732, 789, 809, 839, 840, 844, 851, 921, 935, 952, 977, 986]
i =  17 : [49, 56, 104, 173, 176, 280, 283, 331, 371, 403, 416, 424, 483, 503, 599, 666, 694, 720, 729, 735, 794, 817]
i =  18 : [71, 110, 116, 142, 168, 226, 286, 307, 326, 359, 440, 454, 480, 486, 498, 562, 567, 590, 611, 649, 731, 736, 762, 804, 833, 885]
i =  19 : [1, 5, 9, 23, 59, 91, 98, 103, 111, 120, 134, 147, 174, 175, 183, 202, 209, 218, 221, 304, 332, 360, 434, 456, 490, 516, 527, 528, 534, 537, 585, 616, 659, 670, 684, 692, 696, 708, 713, 727, 741, 749, 761, 773, 776, 786, 792, 793, 808, 821, 827, 846, 888, 915, 930, 947, 955, 966, 968, 981]
i =  20 : [6, 7, 35, 54, 95, 117, 124, 214, 247, 258, 282, 298, 301, 347, 357, 431, 451, 482, 519, 554, 568, 571, 589, 601, 641, 650, 673, 679, 688, 689, 766, 802, 811, 825, 914, 924, 939, 945, 958, 978, 980, 990, 996]
i =  21 : [17, 22, 84, 109, 123, 162, 163, 256, 265, 295, 374, 384, 427, 428, 479, 494, 574, 579, 614, 623, 637, 667, 681, 683, 703, 717, 730, 770, 847, 896, 907, 917, 953, 969]
i =  22 : [15, 47, 53, 55, 149, 225, 262, 274, 339, 340, 369, 405, 413, 444, 463, 476, 500, 532, 584, 588, 626, 628, 682, 718, 726, 739, 746, 842, 895, 900, 904, 922, 943, 946]
i =  23 : [8, 17, 23, 48, 62, 74, 88, 93, 107, 115, 119, 134, 140, 151, 161, 177, 206, 232, 233, 236, 253, 294, 308, 309, 310, 319, 325, 332, 344, 382, 407, 409, 418, 420, 487, 504, 518, 524, 538, 550, 555, 559, 565, 575, 591, 633, 634, 648, 652, 657, 700, 743, 783, 799, 820, 826, 831, 878, 913, 919, 929, 948, 976, 985, 997]
i =  24 : [10, 18, 35, 60, 75, 81, 82, 95, 118, 128, 131, 132, 139, 143, 152, 170, 180, 181, 182, 219, 222, 257, 297, 306, 313, 314, 336, 337, 345, 368, 373, 437, 439, 469, 497, 529, 539, 543, 560, 570, 593, 627, 635, 638, 680, 687, 711, 725, 757, 772, 781, 791, 801, 803, 852, 860, 862, 903, 918, 931, 938, 950, 973, 983, 988, 991]
i =  25 : [51, 70, 94, 112, 160, 184, 185, 188, 196, 201, 203, 228, 255, 263, 279, 296, 317, 324, 327, 348, 349, 367, 380, 399, 402, 464, 466, 514, 566, 586, 595, 612, 613, 617, 630, 646, 660, 690, 691, 698, 715, 747, 752, 756, 769, 771, 779, 810, 813, 822, 853, 867, 869, 871, 884, 892, 992]
i =  26 : [4, 16, 32, 40, 50, 66, 77, 100, 101, 108, 113, 125, 156, 257, 260, 278, 288, 290, 299, 320, 353, 363, 398, 408, 426, 441, 449, 460, 462, 470, 471, 521, 540, 557, 618, 737, 775, 777, 816, 818, 824, 845, 855, 887, 898, 899, 951, 956, 957, 963, 994]
i =  27 : [37, 41, 73, 75, 85, 102, 133, 165, 178, 191, 213, 227, 234, 246, 250, 362, 391, 436, 453, 488, 495, 502, 531, 548, 583, 639, 672, 705, 706, 734, 790, 797, 806, 881, 883, 901, 909, 920, 926, 942, 961, 971, 981, 995]
i =  28 : [9, 28, 37, 51, 52, 58, 90, 127, 135, 138, 141, 146, 192, 200, 208, 229, 231, 239, 240, 242, 245, 266, 269, 289, 303, 333, 366, 377, 397, 400, 410, 435, 461, 477, 481, 520, 522, 535, 541, 558, 578, 596, 629, 636, 640, 645, 678, 707, 760, 784, 796, 798, 814, 843, 848, 854, 882, 886, 925, 928, 936, 941, 955, 962]
overlapping nodes are:  [5, 9, 16, 17, 18, 23, 28, 35, 37, 40, 48, 50, 51, 62, 75, 82, 85, 86, 91, 93, 95, 98, 107, 115, 118, 126, 128, 134, 135, 139, 147, 152, 222, 257, 266, 290, 306, 332, 344, 520, 522, 596, 668, 678, 687, 695, 744, 748, 781, 818, 820, 913, 955, 981, 983] 
 NOO is:  55
total time is:  274.262554169
