lens of ground_truth:  35
ground_truth is: [[17, 69, 81, 159, 160, 161, 166, 172, 176, 185, 186, 187, 213, 222, 276, 285, 291, 295, 304, 310, 333, 354, 389, 447, 455, 468, 509, 526, 543, 549, 553, 563, 572, 607, 637, 645, 701, 780, 789, 843, 853, 862, 874, 894, 914, 930, 938, 949, 956, 968, 975, 981, 984, 985, 988, 991], [17, 19, 43, 47, 69, 122, 145, 148, 149, 153, 156, 159, 161, 164, 166, 168, 176, 179, 206, 208, 216, 222, 243, 259, 268, 270, 276, 283, 285, 290, 291, 292, 299, 304, 306, 335, 340, 344, 361, 389, 390, 419, 439, 447, 455, 461, 472, 483, 488, 490, 523, 549, 563, 569, 572, 573, 618, 620, 624, 631, 646, 648, 661, 667, 681, 688, 703, 716, 741, 744, 750, 759, 762, 777, 780, 782, 785, 794, 798, 820, 851, 865, 876, 882, 892, 894, 898, 910, 927, 932, 938, 939, 945, 952, 969, 974, 980, 984, 995], [25, 38, 50, 72, 74, 142, 164, 245, 261, 296, 384, 393, 450, 474, 477, 485, 488, 513, 521, 535, 564, 570, 571, 580, 606, 629, 658, 680, 689, 690, 699, 759, 761, 782, 795, 821, 850, 865, 878, 927, 932, 938, 953, 979, 1000], [8, 9, 13, 14, 98, 149, 153, 157, 161, 195, 257, 264, 331, 382, 396, 409, 441, 475, 480, 483, 484, 491, 555, 556, 575, 631, 637, 639, 643, 670, 705, 732, 736, 759, 780, 794, 824, 829, 833, 853, 858, 882, 898, 900, 919, 936, 952, 969, 972, 984], [79, 89, 280, 283, 287, 319, 328, 420, 421, 484, 486, 509, 530, 580, 610, 612, 633, 638, 655, 671, 711, 780, 839, 845, 849, 881, 889, 911, 924, 952], [31, 51, 61, 67, 84, 87, 92, 94, 113, 181, 201, 233, 256, 269, 356, 357, 422, 617, 622, 623, 627, 687, 704, 789, 847], [17, 28, 33, 69, 76, 100, 115, 142, 145, 149, 156, 159, 161, 166, 176, 179, 180, 191, 208, 215, 246, 268, 283, 285, 291, 292, 299, 304, 306, 317, 336, 359, 364, 381, 388, 389, 390, 391, 392, 396, 419, 444, 447, 455, 457, 483, 490, 491, 509, 549, 563, 572, 574, 609, 618, 623, 624, 631, 646, 656, 662, 667, 678, 684, 692, 698, 709, 726, 733, 741, 750, 755, 780, 782, 784, 785, 789, 851, 864, 870, 874, 875, 882, 894, 938, 947, 950, 986, 990, 994], [27, 47, 83, 85, 118, 153, 175, 192, 200, 205, 254, 344, 404, 427, 447, 449, 456, 488, 498, 524, 550, 570, 614, 630, 683, 688, 711, 757, 784, 785, 815, 840, 856, 865, 871, 882, 888, 898, 912, 932, 946, 970, 974], [71, 107, 116, 121, 123, 140, 150, 177, 207, 232, 251, 293, 301, 377, 402, 463, 472, 598, 637, 652, 760, 795, 799, 835], [8, 17, 21, 22, 33, 75, 76, 77, 80, 106, 130, 145, 148, 149, 153, 156, 166, 179, 183, 210, 222, 245, 283, 290, 291, 299, 306, 311, 317, 346, 349, 375, 389, 390, 396, 435, 447, 468, 483, 490, 491, 515, 549, 563, 570, 572, 580, 618, 620, 623, 624, 631, 646, 666, 667, 669, 699, 712, 724, 736, 750, 758, 759, 766, 779, 793, 818, 820, 874, 882, 894, 896, 918, 927, 938, 952, 964, 969, 974, 983, 984, 998], [1, 8, 24, 40, 49, 73, 154, 162, 182, 188, 222, 273, 281, 344, 373, 440, 458, 484, 499, 547, 571, 651, 741, 772, 817, 838, 851, 867, 868, 969], [6, 66, 68, 112, 142, 143, 145, 176, 230, 253, 260, 272, 335, 399, 452, 495, 505, 507, 565, 635, 649, 688, 706, 736, 749, 782, 784, 794, 797, 832, 850, 857, 940], [64, 81, 96, 128, 159, 199, 211, 231, 267, 271, 277, 316, 344, 358, 438, 459, 466, 491, 533, 540, 579, 702, 735, 768, 826], [45, 59, 99, 184, 193, 194, 323, 334, 385, 387, 400, 414, 417, 455, 484, 512, 517, 548, 583, 595, 646, 650, 685, 688, 737, 804, 814, 853, 883, 931, 935, 969], [17, 30, 69, 86, 132, 173, 223, 278, 299, 329, 342, 362, 395, 454, 471, 542, 558, 590, 631, 642, 686, 707, 715, 776, 813, 825, 979], [2, 23, 196, 245, 247, 303, 372, 398, 425, 484, 541, 563, 596, 599, 611, 659, 671, 699, 708, 721, 723, 773, 775, 781, 783, 860, 877, 879, 899, 969], [36, 76, 101, 111, 135, 138, 152, 158, 204, 274, 302, 309, 351, 396, 475, 514, 571, 667, 671, 695, 710, 738, 741, 747, 778, 784, 806, 810, 848, 850, 880, 885, 957, 959, 979], [10, 39, 41, 47, 76, 114, 146, 148, 164, 176, 222, 237, 298, 320, 321, 325, 344, 406, 469, 472, 475, 488, 493, 504, 529, 534, 554, 680, 688, 722, 741, 771, 785, 788, 794, 795, 831, 865, 895, 898, 909, 928, 932], [8, 33, 34, 76, 81, 126, 131, 145, 149, 153, 164, 179, 244, 245, 285, 290, 308, 313, 376, 390, 396, 418, 419, 464, 474, 549, 559, 567, 588, 625, 628, 646, 699, 732, 736, 759, 787, 789, 853, 854, 874, 884, 923, 938, 952, 954, 965, 974, 984, 987], [8, 33, 54, 65, 81, 83, 97, 102, 151, 153, 161, 166, 176, 179, 222, 242, 276, 289, 290, 299, 312, 335, 371, 396, 419, 429, 431, 460, 468, 474, 483, 490, 560, 586, 594, 623, 637, 675, 728, 732, 742, 780, 789, 802, 803, 853, 904, 906, 934, 958, 974, 989], [12, 62, 81, 83, 137, 145, 148, 156, 212, 214, 262, 263, 288, 306, 397, 416, 472, 475, 531, 582, 640, 673, 677, 720, 741, 785, 791, 801, 816, 834, 851, 882, 932, 941, 966], [11, 53, 57, 70, 109, 120, 142, 161, 208, 268, 276, 284, 304, 344, 401, 442, 443, 448, 455, 468, 472, 475, 487, 500, 501, 502, 516, 532, 539, 561, 566, 589, 593, 623, 626, 671, 736, 741, 743, 750, 763, 785, 794, 822, 872, 921, 925, 961, 982], [17, 33, 47, 55, 69, 82, 83, 88, 95, 142, 148, 159, 164, 189, 224, 245, 290, 291, 292, 299, 305, 317, 335, 339, 367, 389, 390, 423, 447, 462, 472, 475, 490, 525, 537, 538, 563, 570, 572, 580, 600, 618, 620, 624, 631, 664, 667, 680, 711, 714, 736, 782, 784, 789, 794, 795, 820, 850, 851, 852, 873, 874, 882, 894, 898, 905, 907, 913, 927, 929, 932, 933, 960, 973, 977, 979, 992, 997], [16, 37, 46, 139, 147, 164, 221, 234, 292, 314, 355, 370, 413, 426, 437, 468, 490, 491, 571, 587, 601, 605, 644, 688, 700, 711, 748, 915, 926], [7, 47, 76, 103, 110, 125, 142, 163, 164, 170, 179, 208, 220, 238, 239, 250, 268, 275, 283, 307, 348, 383, 410, 475, 488, 492, 509, 510, 545, 546, 557, 615, 618, 620, 621, 637, 674, 680, 736, 750, 753, 764, 782, 784, 795, 850, 865, 886, 901, 942, 996], [48, 119, 129, 133, 179, 218, 258, 286, 300, 337, 411, 424, 451, 467, 503, 536, 581, 584, 680, 696, 711, 734, 786], [8, 17, 33, 52, 58, 81, 145, 148, 149, 156, 161, 166, 209, 229, 241, 276, 285, 290, 304, 306, 315, 317, 327, 335, 366, 415, 419, 455, 474, 489, 490, 491, 506, 518, 519, 528, 549, 576, 580, 620, 623, 624, 637, 641, 646, 699, 727, 732, 745, 770, 774, 792, 820, 853, 863, 874, 898, 902, 903, 927, 938, 948, 951, 952, 978, 984], [15, 26, 78, 169, 326, 332, 347, 405, 419, 434, 478, 551, 613, 668, 694, 699, 732, 790, 796, 807, 827, 841], [18, 83, 142, 219, 268, 304, 317, 433, 473, 483, 497, 571, 572, 577, 585, 660, 671, 680, 711, 713, 719, 765, 767, 789, 795, 800, 805, 820, 823, 828, 865, 866, 891, 908, 920, 937, 962, 971, 979], [32, 35, 42, 83, 105, 117, 134, 155, 178, 202, 245, 266, 268, 297, 322, 363, 379, 380, 407, 453, 474, 481, 484, 494, 562, 570, 571, 603, 679, 717, 730, 732, 751, 812, 844, 887, 943, 955, 969, 974], [29, 47, 81, 83, 93, 104, 144, 148, 149, 156, 159, 190, 197, 208, 240, 268, 276, 283, 292, 299, 306, 317, 344, 345, 446, 482, 488, 508, 509, 511, 570, 571, 618, 620, 624, 631, 653, 665, 667, 671, 680, 693, 699, 711, 725, 750, 756, 784, 795, 808, 820, 850, 855, 859, 865, 869, 890, 898, 916, 927, 932, 979, 993], [3, 8, 20, 33, 44, 47, 60, 69, 124, 136, 141, 153, 156, 159, 166, 198, 208, 226, 245, 248, 249, 252, 255, 265, 283, 285, 290, 291, 294, 306, 317, 335, 338, 350, 360, 365, 369, 386, 390, 394, 396, 403, 419, 430, 447, 455, 468, 470, 474, 479, 483, 488, 491, 496, 509, 522, 527, 549, 572, 578, 580, 597, 618, 620, 623, 624, 632, 637, 654, 663, 667, 671, 672, 676, 691, 731, 746, 750, 752, 769, 780, 782, 809, 811, 820, 850, 851, 861, 874, 893, 894, 897, 922, 944, 952, 963, 974, 984], [56, 167, 174, 203, 225, 227, 318, 335, 343, 352, 374, 389, 432, 445, 465, 484, 636, 688, 729, 739, 759, 819, 830, 837, 842, 846, 917, 927], [5, 69, 108, 127, 171, 176, 208, 222, 228, 235, 236, 276, 285, 291, 292, 304, 324, 330, 353, 368, 389, 390, 408, 412, 428, 436, 468, 472, 474, 476, 509, 520, 552, 563, 570, 580, 592, 602, 604, 608, 616, 634, 647, 657, 718, 732, 740, 759, 785, 794, 851, 853, 894, 967, 976, 999], [4, 63, 76, 90, 91, 165, 217, 279, 282, 292, 341, 378, 544, 568, 591, 619, 646, 682, 697, 754, 836, 979]]
nodes: [637, 689, 712, 752, 776, 781, 783, 786, 804, 814, 824, 826, 833, 835, 841, 846, 847, 848, 855, 857, 868, 884, 891, 906, 924, 925, 926, 927, 928, 929, 943, 945, 946, 963, 966, 969, 974, 978, 979, 984, 986, 991, 993, 996, 999] num of nodes:  45
[[177, 637, 760], [513, 1000, 821, 953, 690, 689], [75, 896, 918, 712, 998, 964], [338, 944, 632, 752, 897], [223, 776, 825, 642, 707, 813, 278], [541, 899, 781, 877, 723, 860, 721, 879, 773], [596, 877, 723, 860, 899, 773, 879, 721, 783], [133, 786, 451, 536, 584, 300], [414, 548, 935, 883, 737, 650, 804, 685], [512, 935, 883, 548, 737, 417, 814], [382, 936, 900, 858, 829, 824, 441], [358, 768, 826, 540, 533, 702, 735], [264, 833, 705, 936, 900, 829, 639], [107, 835, 652, 799, 760, 123], [326, 668, 694, 551, 807, 841, 796, 827, 332, 790], [343, 739, 837, 842, 846, 819, 917, 432, 729, 830], [256, 704, 617, 627, 847, 269, 622], [274, 848, 738, 806, 778, 880, 695, 959, 885, 957], [653, 808, 869, 665, 725, 855, 756, 890], [68, 649, 940, 857, 797, 832, 635], [24, 651, 867, 817, 868, 499, 772, 838], [567, 987, 965, 588, 625, 787, 628, 954, 923, 884, 854], [660, 800, 962, 866, 805, 713, 937, 971, 908, 719, 823, 920, 891, 828, 765, 767], [242, 371, 742, 904, 906, 989, 958, 934], [421, 612, 839, 881, 845, 911, 655, 849, 889, 924, 633], [502, 961, 822, 872, 921, 925, 982, 743], [16, 644, 748, 601, 915, 700, 605, 926], [445, 830, 819, 917, 927], [320, 928, 909, 788, 529, 493, 771], [525, 907, 997, 933, 973, 852, 929, 977, 913], [562, 679, 812, 844, 730, 751, 943], [19, 995, 945, 523, 716], [449, 888, 871, 970, 840, 912, 946, 524], [522, 944, 769, 632, 963], [531, 673, 834, 677, 966, 941, 791, 720, 816, 640], [499, 867, 838, 651, 969], [376, 923, 965, 954, 987, 974], [315, 903, 978, 902, 863, 745, 951], [747, 806, 810, 957, 959, 979], [854, 987, 954, 923, 965, 984], [870, 678, 733, 990, 864, 986, 684], [543, 930, 968, 956, 843, 975, 914, 949, 981, 985, 988, 701, 862, 991], [653, 808, 869, 665, 725, 993, 859, 890, 756], [125, 996, 942, 753, 764, 510], [235, 602, 999, 967, 520, 976, 647]]
len of cliques:  45
downsides after: [[660, 800, 962, 866, 805, 713, 937, 971, 908, 719, 823, 920, 891, 828, 765, 767], [543, 930, 968, 956, 843, 975, 914, 949, 981, 985, 988, 701, 862, 991], [567, 987, 965, 588, 625, 787, 628, 954, 923, 884, 854], [421, 612, 839, 881, 845, 911, 655, 849, 889, 924, 633], [326, 668, 694, 551, 807, 841, 796, 827, 332, 790], [343, 739, 837, 842, 846, 819, 917, 432, 729, 830], [274, 848, 738, 806, 778, 880, 695, 959, 885, 957], [531, 673, 834, 677, 966, 941, 791, 720, 816, 640], [541, 899, 781, 877, 723, 860, 721, 879, 773], [596, 877, 723, 860, 899, 773, 879, 721, 783], [525, 907, 997, 933, 973, 852, 929, 977, 913], [653, 808, 869, 665, 725, 993, 859, 890, 756], [414, 548, 935, 883, 737, 650, 804, 685], [653, 808, 869, 665, 725, 855, 756, 890], [24, 651, 867, 817, 868, 499, 772, 838], [242, 371, 742, 904, 906, 989, 958, 934], [502, 961, 822, 872, 921, 925, 982, 743], [16, 644, 748, 601, 915, 700, 605, 926], [449, 888, 871, 970, 840, 912, 946, 524], [223, 776, 825, 642, 707, 813, 278], [512, 935, 883, 548, 737, 417, 814], [382, 936, 900, 858, 829, 824, 441], [358, 768, 826, 540, 533, 702, 735], [264, 833, 705, 936, 900, 829, 639], [256, 704, 617, 627, 847, 269, 622], [68, 649, 940, 857, 797, 832, 635], [320, 928, 909, 788, 529, 493, 771], [562, 679, 812, 844, 730, 751, 943], [315, 903, 978, 902, 863, 745, 951], [870, 678, 733, 990, 864, 986, 684], [235, 602, 999, 967, 520, 976, 647], [513, 1000, 821, 953, 690, 689], [75, 896, 918, 712, 998, 964], [133, 786, 451, 536, 584, 300], [107, 835, 652, 799, 760, 123], [376, 923, 965, 954, 987, 974], [747, 806, 810, 957, 959, 979], [854, 987, 954, 923, 965, 984], [125, 996, 942, 753, 764, 510], [338, 944, 632, 752, 897], [445, 830, 819, 917, 927], [19, 995, 945, 523, 716], [522, 944, 769, 632, 963], [499, 867, 838, 651, 969]]
number of downsided seeds: 44
[[660, 800, 962, 866, 805, 713, 937, 971, 908, 719, 823, 920, 891, 828, 765, 767], [543, 930, 968, 956, 843, 975, 914, 949, 981, 985, 988, 701, 862, 991], [567, 987, 965, 588, 625, 787, 628, 954, 923, 884, 854], [421, 612, 839, 881, 845, 911, 655, 849, 889, 924, 633], [326, 668, 694, 551, 807, 841, 796, 827, 332, 790], [343, 739, 837, 842, 846, 819, 917, 432, 729, 830], [274, 848, 738, 806, 778, 880, 695, 959, 885, 957], [531, 673, 834, 677, 966, 941, 791, 720, 816, 640], [541, 899, 781, 877, 723, 860, 721, 879, 773], [596, 877, 723, 860, 899, 773, 879, 721, 783], [525, 907, 997, 933, 973, 852, 929, 977, 913], [653, 808, 869, 665, 725, 993, 859, 890, 756], [414, 548, 935, 883, 737, 650, 804, 685], [653, 808, 869, 665, 725, 855, 756, 890], [24, 651, 867, 817, 868, 499, 772, 838], [242, 371, 742, 904, 906, 989, 958, 934], [502, 961, 822, 872, 921, 925, 982, 743], [16, 644, 748, 601, 915, 700, 605, 926], [449, 888, 871, 970, 840, 912, 946, 524], [223, 776, 825, 642, 707, 813, 278], [512, 935, 883, 548, 737, 417, 814], [382, 936, 900, 858, 829, 824, 441], [358, 768, 826, 540, 533, 702, 735], [264, 833, 705, 936, 900, 829, 639], [256, 704, 617, 627, 847, 269, 622], [68, 649, 940, 857, 797, 832, 635], [320, 928, 909, 788, 529, 493, 771], [562, 679, 812, 844, 730, 751, 943], [315, 903, 978, 902, 863, 745, 951], [870, 678, 733, 990, 864, 986, 684], [235, 602, 999, 967, 520, 976, 647], [513, 1000, 821, 953, 690, 689], [75, 896, 918, 712, 998, 964], [133, 786, 451, 536, 584, 300], [107, 835, 652, 799, 760, 123], [376, 923, 965, 954, 987, 974], [747, 806, 810, 957, 959, 979], [854, 987, 954, 923, 965, 984], [125, 996, 942, 753, 764, 510], [338, 944, 632, 752, 897], [445, 830, 819, 917, 927], [19, 995, 945, 523, 716], [522, 944, 769, 632, 963], [499, 867, 838, 651, 969]]
after sorted:  [[660, 800, 962, 866, 805, 713, 937, 971, 908, 719, 823, 920, 891, 828, 765, 767], [543, 930, 968, 956, 843, 975, 914, 949, 981, 985, 988, 701, 862, 991], [567, 987, 965, 588, 625, 787, 628, 954, 923, 884, 854], [421, 612, 839, 881, 845, 911, 655, 849, 889, 924, 633], [326, 668, 694, 551, 807, 841, 796, 827, 332, 790], [343, 739, 837, 842, 846, 819, 917, 432, 729, 830], [274, 848, 738, 806, 778, 880, 695, 959, 885, 957], [531, 673, 834, 677, 966, 941, 791, 720, 816, 640], [541, 899, 781, 877, 723, 860, 721, 879, 773], [596, 877, 723, 860, 899, 773, 879, 721, 783], [525, 907, 997, 933, 973, 852, 929, 977, 913], [653, 808, 869, 665, 725, 993, 859, 890, 756], [414, 548, 935, 883, 737, 650, 804, 685], [653, 808, 869, 665, 725, 855, 756, 890], [24, 651, 867, 817, 868, 499, 772, 838], [242, 371, 742, 904, 906, 989, 958, 934], [502, 961, 822, 872, 921, 925, 982, 743], [16, 644, 748, 601, 915, 700, 605, 926], [449, 888, 871, 970, 840, 912, 946, 524], [223, 776, 825, 642, 707, 813, 278], [512, 935, 883, 548, 737, 417, 814], [382, 936, 900, 858, 829, 824, 441], [358, 768, 826, 540, 533, 702, 735], [264, 833, 705, 936, 900, 829, 639], [256, 704, 617, 627, 847, 269, 622], [68, 649, 940, 857, 797, 832, 635], [320, 928, 909, 788, 529, 493, 771], [562, 679, 812, 844, 730, 751, 943], [315, 903, 978, 902, 863, 745, 951], [870, 678, 733, 990, 864, 986, 684], [235, 602, 999, 967, 520, 976, 647], [513, 1000, 821, 953, 690, 689], [75, 896, 918, 712, 998, 964], [133, 786, 451, 536, 584, 300], [107, 835, 652, 799, 760, 123], [376, 923, 965, 954, 987, 974], [747, 806, 810, 957, 959, 979], [854, 987, 954, 923, 965, 984], [125, 996, 942, 753, 764, 510], [338, 944, 632, 752, 897], [445, 830, 819, 917, 927], [19, 995, 945, 523, 716], [522, 944, 769, 632, 963], [499, 867, 838, 651, 969]]
before num:  44
befor deal_cliques:  44
after deal_cliques:  44
length of seeds:  44
seeds:  [set([962, 713, 971, 908, 719, 660, 920, 800, 866, 805, 937, 823, 891, 828, 765, 767]), set([930, 968, 956, 843, 975, 914, 949, 543, 985, 991, 988, 701, 862, 981]), set([987, 965, 588, 625, 787, 628, 854, 567, 884, 954, 923]), set([612, 421, 839, 845, 911, 881, 889, 633, 655, 924, 849]), set([694, 326, 807, 841, 551, 332, 790, 827, 668, 796]), set([739, 837, 842, 846, 432, 819, 917, 343, 729, 830]), set([848, 738, 806, 778, 880, 274, 885, 695, 957, 959]), set([640, 673, 834, 677, 966, 941, 720, 531, 791, 816]), set([899, 773, 877, 781, 721, 723, 879, 860, 541]), set([899, 773, 877, 879, 721, 723, 596, 783, 860]), set([929, 933, 977, 907, 973, 525, 913, 852, 997]), set([993, 869, 808, 653, 756, 725, 665, 890, 859]), set([737, 548, 935, 650, 685, 883, 804, 414]), set([869, 808, 653, 756, 725, 855, 665, 890]), set([867, 868, 838, 651, 817, 499, 24, 772]), set([742, 934, 904, 906, 242, 371, 989, 958]), set([961, 822, 743, 872, 502, 982, 921, 925]), set([644, 748, 16, 915, 601, 700, 605, 926]), set([449, 871, 840, 970, 524, 912, 946, 888]), set([642, 707, 278, 776, 825, 813, 223]), set([512, 737, 883, 548, 417, 935, 814]), set([824, 900, 936, 441, 858, 829, 382]), set([768, 533, 358, 826, 540, 702, 735]), set([833, 936, 900, 705, 264, 829, 639]), set([256, 704, 627, 617, 269, 622, 847]), set([832, 68, 857, 649, 635, 940, 797]), set([320, 928, 771, 788, 529, 493, 909]), set([562, 679, 844, 730, 943, 812, 751]), set([978, 315, 902, 903, 745, 951, 863]), set([864, 678, 870, 986, 684, 733, 990]), set([976, 999, 967, 520, 602, 235, 647]), set([513, 690, 821, 689, 1000, 953]), set([896, 964, 918, 998, 712, 75]), set([536, 786, 451, 133, 584, 300]), set([123, 835, 760, 107, 652, 799]), set([923, 965, 376, 954, 987, 974]), set([979, 806, 810, 747, 957, 959]), set([987, 965, 854, 984, 954, 923]), set([753, 996, 510, 764, 125, 942]), set([944, 632, 338, 752, 897]), set([917, 819, 445, 830, 927]), set([19, 945, 523, 716, 995]), set([944, 769, 522, 963, 632]), set([969, 867, 651, 838, 499])]
seeds_fitness [0.2807017543859649, 0.1814556331006979, 0.1864406779661017, 0.23758099352051837, 0.29411764705882354, 0.24193548387096775, 0.20134228187919462, 0.2102803738317757, 0.18274111675126903, 0.18848167539267016, 0.10495626822157435, 0.14937759336099585, 0.17777777777777778, 0.14507772020725387, 0.2066420664206642, 0.13270142180094788, 0.11336032388663968, 0.1958041958041958, 0.1258426966292135, 0.17355371900826447, 0.13125, 0.11666666666666667, 0.1826086956521739, 0.11666666666666667, 0.20689655172413793, 0.14093959731543623, 0.14, 0.11634349030470914, 0.09190371991247265, 0.07720588235294118, 0.11023622047244094, 0.07936507936507936, 0.06896551724137931, 0.18292682926829268, 0.16042780748663102, 0.06012024048096192, 0.05893909626719057, 0.05128205128205128, 0.09868421052631579, 0.06153846153846154, 0.062111801242236024, 0.05747126436781609, 0.055865921787709494, 0.062111801242236024]
after sort list of tuple: [(4, 0.29411764705882354), (0, 0.2807017543859649), (5, 0.24193548387096775), (3, 0.23758099352051837), (7, 0.2102803738317757), (24, 0.20689655172413793), (14, 0.2066420664206642), (6, 0.20134228187919462), (17, 0.1958041958041958), (9, 0.18848167539267016), (2, 0.1864406779661017), (33, 0.18292682926829268), (8, 0.18274111675126903), (22, 0.1826086956521739), (1, 0.1814556331006979), (12, 0.17777777777777778), (19, 0.17355371900826447), (34, 0.16042780748663102), (11, 0.14937759336099585), (13, 0.14507772020725387), (25, 0.14093959731543623), (26, 0.14), (15, 0.13270142180094788), (20, 0.13125), (18, 0.1258426966292135), (21, 0.11666666666666667), (23, 0.11666666666666667), (27, 0.11634349030470914), (16, 0.11336032388663968), (30, 0.11023622047244094), (10, 0.10495626822157435), (38, 0.09868421052631579), (28, 0.09190371991247265), (31, 0.07936507936507936), (29, 0.07720588235294118), (32, 0.06896551724137931), (40, 0.062111801242236024), (43, 0.062111801242236024), (39, 0.06153846153846154), (35, 0.06012024048096192), (36, 0.05893909626719057), (41, 0.05747126436781609), (42, 0.055865921787709494), (37, 0.05128205128205128)]
seeds_sorted [set([694, 326, 807, 841, 551, 332, 790, 827, 668, 796]), set([962, 713, 971, 908, 719, 660, 920, 800, 866, 805, 937, 823, 891, 828, 765, 767]), set([739, 837, 842, 846, 432, 819, 917, 343, 729, 830]), set([612, 421, 839, 845, 911, 881, 889, 633, 655, 924, 849]), set([640, 673, 834, 677, 966, 941, 720, 531, 791, 816]), set([256, 704, 627, 617, 269, 622, 847]), set([867, 868, 838, 651, 817, 499, 24, 772]), set([848, 738, 806, 778, 880, 274, 885, 695, 957, 959]), set([644, 748, 16, 915, 601, 700, 605, 926]), set([899, 773, 877, 879, 721, 723, 596, 783, 860]), set([987, 965, 588, 625, 787, 628, 854, 567, 884, 954, 923]), set([536, 786, 451, 133, 584, 300]), set([899, 773, 877, 781, 721, 723, 879, 860, 541]), set([768, 533, 358, 826, 540, 702, 735]), set([930, 968, 956, 843, 975, 914, 949, 543, 985, 991, 988, 701, 862, 981]), set([737, 548, 935, 650, 685, 883, 804, 414]), set([642, 707, 278, 776, 825, 813, 223]), set([123, 835, 760, 107, 652, 799]), set([993, 869, 808, 653, 756, 725, 665, 890, 859]), set([869, 808, 653, 756, 725, 855, 665, 890]), set([832, 68, 857, 649, 635, 940, 797]), set([320, 928, 771, 788, 529, 493, 909]), set([742, 934, 904, 906, 242, 371, 989, 958]), set([512, 737, 883, 548, 417, 935, 814]), set([449, 871, 840, 970, 524, 912, 946, 888]), set([824, 900, 936, 441, 858, 829, 382]), set([833, 936, 900, 705, 264, 829, 639]), set([562, 679, 844, 730, 943, 812, 751]), set([961, 822, 743, 872, 502, 982, 921, 925]), set([976, 999, 967, 520, 602, 235, 647]), set([929, 933, 977, 907, 973, 525, 913, 852, 997]), set([753, 996, 510, 764, 125, 942]), set([978, 315, 902, 903, 745, 951, 863]), set([513, 690, 821, 689, 1000, 953]), set([864, 678, 870, 986, 684, 733, 990]), set([896, 964, 918, 998, 712, 75]), set([917, 819, 445, 830, 927]), set([969, 867, 651, 838, 499]), set([944, 632, 338, 752, 897]), set([923, 965, 376, 954, 987, 974]), set([979, 806, 810, 747, 957, 959]), set([19, 945, 523, 716, 995]), set([944, 769, 522, 963, 632]), set([987, 965, 854, 984, 954, 923])]
args__________ ([set([694, 326, 807, 841, 551, 332, 790, 827, 668, 796]), set([987, 965, 854, 984, 954, 923])],)
args__________ ([set([962, 713, 971, 908, 719, 660, 920, 800, 866, 805, 937, 823, 891, 828, 765, 767]), set([944, 769, 522, 963, 632])],)
args__________ ([set([739, 837, 842, 846, 432, 819, 917, 343, 729, 830]), set([19, 945, 523, 716, 995])],)
args__________ ([set([612, 421, 839, 845, 911, 881, 889, 633, 655, 924, 849]), set([979, 806, 810, 747, 957, 959])],)
args__________ ([set([640, 673, 834, 677, 966, 941, 720, 531, 791, 816]), set([923, 965, 376, 954, 987, 974])],)
args__________ ([set([256, 704, 627, 617, 269, 622, 847]), set([944, 632, 338, 752, 897])],)
args__________ ([set([867, 868, 838, 651, 817, 499, 24, 772]), set([969, 867, 651, 838, 499])],)
args__________ ([set([848, 738, 806, 778, 880, 274, 885, 695, 957, 959]), set([917, 819, 445, 830, 927])],)
args__________ ([set([644, 748, 16, 915, 601, 700, 605, 926]), set([896, 964, 918, 998, 712, 75])],)
args__________ ([set([899, 773, 877, 879, 721, 723, 596, 783, 860]), set([864, 678, 870, 986, 684, 733, 990])],)
args__________ ([set([987, 965, 588, 625, 787, 628, 854, 567, 884, 954, 923]), set([513, 690, 821, 689, 1000, 953])],)
args__________ ([set([536, 786, 451, 133, 584, 300]), set([978, 315, 902, 903, 745, 951, 863])],)
args__________ ([set([899, 773, 877, 781, 721, 723, 879, 860, 541])],)
args__________ ([set([768, 533, 358, 826, 540, 702, 735])],)
args__________ ([set([930, 968, 956, 843, 975, 914, 949, 543, 985, 991, 988, 701, 862, 981])],)
args__________ ([set([737, 548, 935, 650, 685, 883, 804, 414])],)
args__________ ([set([642, 707, 278, 776, 825, 813, 223])],)
args__________ ([set([123, 835, 760, 107, 652, 799])],)
args__________ ([set([993, 869, 808, 653, 756, 725, 665, 890, 859])],)
args__________ ([set([869, 808, 653, 756, 725, 855, 665, 890])],)
args__________ ([set([832, 68, 857, 649, 635, 940, 797])],)
args__________ ([set([320, 928, 771, 788, 529, 493, 909])],)
args__________ ([set([742, 934, 904, 906, 242, 371, 989, 958])],)
args__________ ([set([512, 737, 883, 548, 417, 935, 814])],)
args__________ ([set([449, 871, 840, 970, 524, 912, 946, 888])],)
args__________ ([set([824, 900, 936, 441, 858, 829, 382])],)
args__________ ([set([833, 936, 900, 705, 264, 829, 639])],)
args__________ ([set([562, 679, 844, 730, 943, 812, 751])],)
args__________ ([set([961, 822, 743, 872, 502, 982, 921, 925])],)
args__________ ([set([976, 999, 967, 520, 602, 235, 647])],)
args__________ ([set([929, 933, 977, 907, 973, 525, 913, 852, 997])],)
args__________ ([set([753, 996, 510, 764, 125, 942])],)
finish process___________________
sorted nodes by betweenness [4, 8, 17, 33, 47, 63, 69, 76, 81, 83, 90, 91, 142, 145, 148, 149, 153, 156, 159, 161, 164, 165, 166, 176, 179, 187, 208, 217, 222, 245, 268, 276, 279, 282, 283, 285, 290, 291, 292, 299, 304, 306, 317, 335, 341, 344, 378, 389, 390, 396, 408, 419, 447, 455, 468, 472, 474, 475, 483, 484, 488, 490, 491, 509, 544, 549, 563, 568, 570, 571, 572, 580, 591, 618, 619, 620, 623, 624, 631, 637, 646, 667, 671, 680, 682, 688, 697, 699, 711, 732, 736, 741, 750, 754, 759, 780, 782, 784, 785, 789, 794, 795, 820, 836, 850, 851, 853, 865, 874, 882, 894, 898, 932, 938, 952]
args__________ ([[4, 836, 619, 568, 544, 682]],)
args__________ ([[8, 984, 987]],)
args__________ ([[17, 971, 779]],)
args__________ ([[908, 33, 983]],)
args__________ ([[47, 417]],)
args__________ ([[63, 619, 836, 697, 754, 682, 568]],)
args__________ ([[69, 897]],)
args__________ ([[76, 771, 996]],)
args__________ ([[81, 968, 858]],)
args__________ ([[83, 934, 113]],)
args__________ ([[4, 836, 619, 568, 544, 90]],)
args__________ ([[91, 836, 591, 754, 544, 279]],)
args__________ ([[142, 878, 513]],)
args__________ ([[145, 952, 980]],)
args__________ ([[148, 892, 926]],)
args__________ ([[523, 149, 980]],)
args__________ ([[123, 153]],)
args__________ ([[156, 995, 980]],)
args__________ ([[159, 992, 735]],)
args__________ ([[161, 943, 728]],)
args__________ ([[164, 973, 884]],)
args__________ ([[165, 836, 682, 591, 754, 568, 697]],)
args__________ ([[166, 956, 925]],)
args__________ ([[176, 928, 934]],)
args__________ ([[179, 553, 949]],)
args__________ ([[187, 968, 956, 985, 975, 988, 981, 991]],)
args__________ ([[86, 825, 208]],)
args__________ ([[217, 836, 682, 697, 754, 378, 619]],)
args__________ ([[222, 968, 975]],)
args__________ ([[245, 943, 985]],)
args__________ ([[268, 937, 942]],)
args__________ ([[276, 975, 985]],)
finish single seed process___________________
sorted nodes by betweenness [283, 285, 290, 291, 292, 299, 304, 306, 335, 344, 389, 390, 396, 408, 419, 447, 455, 468, 472, 474, 475, 484, 488, 509, 563, 570, 571, 572, 580, 618, 620, 623, 624, 631, 637, 646, 667, 671, 680, 688, 699, 711, 732, 736, 741, 750, 759, 780, 782, 784, 785, 789, 794, 795, 820, 850, 851, 853, 865, 874, 882, 894, 898, 932, 938]
args__________ ([[283, 648, 995]],)
args__________ ([[122, 939, 285]],)
args__________ ([[290, 896, 818]],)
args__________ ([[291, 968, 985]],)
args__________ ([[292, 933, 980]],)
args__________ ([[299, 964, 924]],)
args__________ ([[304, 980, 762]],)
args__________ ([[994, 990, 306]],)
args__________ ([[335, 940, 857]],)
args__________ ([[115, 344, 246]],)
args__________ ([[870, 389, 917]],)
args__________ ([[390, 960, 954]],)
args__________ ([[396, 864, 986]],)
args__________ ([[408, 999, 967, 552, 520]],)
args__________ ([[419, 480, 980]],)
args__________ ([[447, 577, 896]],)
args__________ ([[455, 931, 935]],)
args__________ ([[468, 934, 989]],)
args__________ ([[140, 835, 799, 472]],)
args__________ ([[474, 965, 984, 854]],)
args__________ ([[433, 475, 972]],)
args__________ ([[484, 737, 935]],)
args__________ ([[488, 928, 831]],)
args__________ ([[362, 976, 509]],)
args__________ ([[346, 957, 563]],)
args__________ ([[248, 570, 963]],)
args__________ ([[571, 962, 971]],)
args__________ ([[572, 768, 971]],)
args__________ ([[580, 977, 973]],)
args__________ ([[43, 618, 995]],)
args__________ ([[423, 960, 620]],)
args__________ ([[92, 687, 623]],)
finish single seed process___________________
sorted nodes by betweenness [624, 631, 637, 646, 667, 671, 680, 688, 699, 711, 732, 736, 741, 750, 759, 780, 782, 784, 785, 789, 794, 795, 820, 850, 851, 853, 865, 874, 882, 894, 898, 932, 938]
args__________ ([[184, 883, 624]],)
args__________ ([[707, 813, 631]],)
args__________ ([[177, 637, 760]],)
args__________ ([[528, 646, 945]],)
args__________ ([[43, 939, 667]],)
args__________ ([[633, 889, 924, 671]],)
args__________ ([[493, 680, 909, 895]],)
args__________ ([[688, 970, 888, 815]],)
args__________ ([[297, 943, 699]],)
args__________ ([[711, 924, 849, 889]],)
args__________ ([[371, 934, 958, 732]],)
args__________ ([[736, 832, 940, 749]],)
args__________ ([[547, 838, 817, 741]],)
args__________ ([[666, 964, 750, 793]],)
args__________ ([[480, 972, 759, 833]],)
args__________ ([[889, 780, 924, 911]],)
args__________ ([[450, 1000, 689, 782]],)
args__________ ([[138, 957, 959, 784]],)
args__________ ([[785, 834, 941, 966]],)
args__________ ([[180, 947, 990, 789]],)
args__________ ([[763, 961, 982, 794]],)
args__________ ([[463, 835, 652, 795]],)
args__________ ([[714, 820, 992, 973]],)
args__________ ([[505, 797, 850, 832]],)
args__________ ([[791, 966, 941, 851]],)
args__________ ([[853, 988, 914, 981, 991]],)
args__________ ([[865, 979, 937, 962, 971]],)
args__________ ([[628, 987, 954, 923, 874]],)
args__________ ([[582, 966, 941, 882]],)
args__________ ([[894, 981, 985, 914, 956]],)
args__________ ([[298, 928, 898, 895]],)
args__________ ([[237, 928, 909, 932, 831]],)
finish single seed process___________________
sorted nodes by betweenness [938]
args__________ ([[787, 938, 923, 987, 965]],)
finish single seed process___________________
i =  0 [668, 347, 694, 326, 807, 841, 551, 332, 78, 15, 434, 405, 790, 169, 26, 827, 796, 478, 613]
i =  1 [131, 787, 923, 884, 34, 559, 308, 567, 244, 954, 965, 588, 418, 464, 854, 313, 984, 987, 625, 628, 376, 126]
i =  2 [908, 823, 18, 660, 920, 800, 805, 937, 433, 713, 828, 577, 962, 585, 971, 719, 473, 219, 866, 497, 891, 765, 767]
i =  3 [769, 386, 3, 897, 136, 265, 522, 141, 654, 527, 403, 20, 663, 922, 672, 496, 676, 294, 809, 811, 44, 430, 944, 691, 60, 394, 578, 963, 198, 248, 338, 470, 731, 861, 350, 479, 226, 360, 252, 746, 365, 752, 369, 632, 249, 124, 893, 255]
i =  4 [917, 167, 174, 432, 819, 56, 445, 830, 837, 842, 203, 846, 465, 227, 343, 729, 352, 225, 739, 318, 374, 636]
i =  5 [259, 648, 777, 523, 910, 43, 19, 661, 798, 168, 681, 939, 945, 439, 569, 573, 703, 716, 461, 206, 340, 270, 216, 122, 995, 744, 361, 876, 243, 980, 762, 892]
i =  6 [655, 530, 280, 924, 287, 420, 421, 319, 839, 328, 845, 79, 849, 633, 89, 911, 610, 612, 486, 881, 889, 638]
i =  7 [514, 135, 778, 274, 152, 158, 36, 806, 810, 302, 309, 138, 695, 957, 959, 710, 204, 848, 979, 351, 738, 101, 747, 111, 880, 885]
i =  8 [640, 262, 263, 137, 12, 397, 531, 791, 288, 801, 677, 941, 816, 62, 416, 834, 966, 673, 582, 720, 212, 214]
i =  9 [131, 787, 923, 884, 34, 559, 308, 567, 244, 954, 965, 588, 418, 974, 464, 854, 313, 987, 625, 628, 376, 126]
i =  10 [256, 269, 31, 422, 687, 51, 181, 61, 704, 67, 201, 847, 84, 87, 92, 94, 356, 357, 617, 622, 113, 627, 233]
i =  11 [897, 386, 3, 769, 136, 265, 522, 141, 654, 527, 403, 20, 663, 922, 672, 496, 676, 294, 809, 811, 44, 430, 944, 691, 60, 394, 578, 963, 198, 248, 338, 597, 470, 731, 861, 350, 479, 226, 360, 252, 746, 365, 752, 369, 632, 249, 124, 893, 255]
i =  12 [1, 772, 651, 273, 24, 281, 154, 162, 547, 817, 40, 49, 182, 440, 188, 838, 73, 458, 867, 868, 499, 373]
i =  13 [1, 772, 651, 273, 24, 281, 154, 162, 547, 817, 40, 49, 182, 73, 440, 188, 838, 969, 458, 867, 868, 499, 373]
i =  14 [514, 135, 778, 274, 152, 158, 36, 806, 810, 302, 309, 138, 695, 957, 959, 710, 204, 848, 351, 738, 101, 747, 111, 880, 885]
i =  15 [917, 927, 167, 174, 432, 819, 56, 445, 318, 837, 842, 203, 846, 465, 739, 343, 729, 352, 225, 227, 830, 374, 636]
i =  16 [355, 644, 37, 926, 426, 587, 748, 46, 221, 16, 370, 915, 139, 147, 605, 601, 314, 700, 413, 234, 437]
i =  17 [896, 130, 515, 22, 779, 21, 918, 793, 666, 669, 818, 435, 311, 964, 712, 75, 77, 80, 210, 724, 983, 346, 349, 998, 106, 758, 375, 183, 766]
i =  18 [2, 899, 773, 775, 781, 398, 783, 659, 23, 708, 541, 425, 303, 196, 721, 723, 596, 599, 860, 611, 877, 879, 372, 247]
i =  19 [388, 391, 392, 656, 662, 755, 28, 678, 684, 947, 180, 950, 692, 698, 444, 574, 191, 709, 457, 336, 726, 215, 986, 733, 990, 864, 609, 994, 100, 870, 359, 875, 364, 115, 246, 381]
i =  20 [34, 131, 965, 884, 588, 418, 987, 559, 464, 625, 313, 787, 628, 854, 567, 376, 308, 244, 923, 954, 126]
i =  21 [384, 513, 261, 521, 658, 535, 25, 38, 296, 690, 689, 50, 564, 821, 393, 953, 450, 72, 74, 477, 606, 485, 1000, 878, 629, 761]
i =  22 [129, 258, 451, 133, 584, 119, 300, 48, 337, 786, 467, 734, 424, 503, 536, 696, 218, 411, 286, 581]
i =  23 [641, 770, 774, 519, 528, 792, 415, 518, 903, 52, 951, 948, 58, 315, 576, 327, 209, 978, 902, 727, 863, 229, 489, 366, 241, 745, 506]
i =  24 [2, 899, 773, 775, 781, 398, 783, 659, 23, 196, 541, 425, 303, 708, 721, 723, 596, 599, 860, 611, 877, 879, 372, 247]
i =  25 [768, 64, 579, 459, 358, 231, 96, 128, 267, 533, 271, 466, 211, 316, 277, 438, 199, 826, 540, 702, 735]
i =  26 [645, 526, 914, 543, 160, 930, 295, 553, 172, 949, 310, 185, 186, 607, 956, 701, 968, 843, 333, 975, 981, 985, 988, 862, 991, 354, 213]
i =  27 [512, 385, 387, 517, 650, 685, 400, 414, 417, 931, 548, 935, 45, 814, 184, 59, 193, 194, 323, 583, 334, 595, 804, 737, 99, 883]
i =  28 [642, 132, 86, 776, 395, 173, 686, 278, 30, 813, 558, 542, 825, 707, 454, 329, 715, 590, 342, 471, 223, 362]
i =  29 [835, 293, 71, 232, 140, 107, 652, 301, 207, 177, 402, 116, 598, 121, 760, 377, 251, 123, 463, 150, 799]
i =  30 [653, 144, 916, 665, 29, 808, 693, 446, 197, 725, 855, 345, 859, 93, 993, 482, 869, 104, 240, 756, 190, 890, 508, 511]
i =  31 [482, 859, 869, 808, 665, 693, 653, 93, 240, 104, 756, 725, 446, 855, 345, 890, 511, 508, 29, 190, 197]
i =  32 [260, 6, 649, 706, 143, 272, 452, 797, 940, 565, 832, 66, 68, 857, 399, 507, 230, 749, 495, 112, 505, 635, 253]
i =  33 [771, 406, 10, 909, 237, 529, 146, 788, 534, 928, 39, 41, 554, 831, 320, 321, 325, 722, 469, 493, 114, 504, 298, 895]
i =  34 [904, 906, 151, 289, 802, 803, 934, 429, 431, 560, 54, 312, 958, 65, 586, 460, 594, 675, 728, 989, 97, 102, 742, 242, 371]
i =  35 [512, 385, 387, 517, 650, 45, 400, 414, 417, 931, 548, 935, 685, 814, 184, 59, 193, 194, 323, 583, 334, 595, 804, 737, 99, 883]
i =  36 [683, 524, 912, 404, 815, 27, 550, 427, 175, 456, 946, 192, 449, 118, 200, 970, 205, 840, 85, 856, 614, 871, 498, 757, 630, 888, 254]
i =  37 [257, 643, 900, 833, 264, 9, 13, 14, 919, 409, 157, 670, 936, 555, 556, 824, 441, 829, 575, 705, 195, 331, 972, 858, 480, 98, 382, 639]
i =  38 [257, 643, 900, 705, 264, 9, 13, 14, 919, 409, 157, 670, 936, 555, 556, 824, 441, 829, 575, 833, 195, 331, 972, 858, 480, 98, 382, 639]
i =  39 [134, 266, 407, 155, 32, 35, 679, 297, 42, 812, 562, 943, 178, 955, 322, 453, 202, 844, 717, 730, 603, 481, 105, 363, 494, 751, 117, 887, 379, 380]
i =  40 [516, 11, 401, 532, 921, 539, 284, 925, 561, 53, 822, 57, 442, 443, 448, 961, 566, 70, 589, 593, 982, 487, 872, 743, 109, 626, 500, 501, 502, 120, 763]
i =  41 [5, 647, 520, 108, 657, 412, 552, 476, 171, 428, 436, 324, 967, 330, 718, 976, 740, 602, 604, 608, 592, 228, 999, 616, 235, 236, 353, 368, 634, 127]
i =  42 [905, 907, 525, 913, 664, 537, 538, 929, 933, 423, 305, 55, 189, 960, 992, 714, 973, 462, 977, 82, 339, 852, 88, 95, 224, 997, 600, 873, 367]
i =  43 [901, 7, 275, 110, 410, 545, 546, 163, 220, 170, 557, 942, 307, 674, 348, 996, 615, 103, 492, 621, 238, 239, 753, 886, 250, 764, 125, 510, 383]
i =  44 [544, 282, 836, 165, 697, 682, 619, 591, 754, 341, 279, 568, 217, 378, 91, 90, 4, 63]
i =  45 [131, 8, 18, 787, 21, 923, 30, 34, 244, 559, 308, 567, 884, 954, 965, 588, 418, 464, 854, 313, 984, 987, 625, 628, 376, 126]
i =  46 [896, 130, 515, 918, 577, 779, 908, 17, 18, 660, 21, 22, 920, 793, 666, 669, 800, 805, 585, 937, 176, 433, 818, 435, 311, 828, 65, 962, 75, 964, 712, 713, 971, 77, 719, 80, 210, 724, 823, 983, 473, 346, 219, 349, 866, 483, 998, 490, 765, 497, 106, 758, 375, 891, 183, 766, 767]
i =  47 [896, 130, 515, 22, 577, 10, 779, 908, 18, 660, 21, 918, 920, 793, 666, 669, 800, 33, 549, 166, 937, 433, 818, 435, 823, 828, 317, 585, 65, 962, 11, 964, 712, 713, 311, 77, 719, 80, 75, 724, 983, 473, 346, 219, 349, 805, 866, 483, 998, 490, 491, 210, 971, 765, 497, 106, 758, 375, 891, 183, 766, 767]
i =  48 [417, 197, 13, 47, 144, 276]
i =  49 [544, 836, 165, 378, 697, 682, 619, 591, 754, 341, 279, 568, 217, 90, 91, 282, 4, 63]
i =  50 [897, 386, 3, 769, 8, 265, 394, 141, 654, 527, 403, 20, 663, 922, 672, 496, 676, 294, 809, 811, 44, 430, 944, 136, 691, 60, 522, 578, 963, 69, 198, 338, 597, 470, 731, 861, 350, 479, 226, 360, 124, 746, 365, 752, 369, 248, 249, 252, 893, 255]
i =  51 [771, 901, 7, 275, 238, 410, 545, 546, 163, 220, 170, 557, 942, 307, 76, 674, 348, 996, 615, 103, 492, 621, 110, 239, 753, 886, 250, 764, 125, 510, 383]
i =  52 [257, 643, 900, 833, 264, 9, 13, 14, 919, 409, 157, 670, 160, 295, 936, 555, 556, 824, 441, 829, 575, 705, 194, 195, 968, 331, 972, 333, 81, 185, 858, 480, 98, 382, 639]
i =  53 [904, 906, 151, 289, 802, 675, 934, 429, 431, 560, 54, 312, 803, 958, 65, 586, 460, 594, 83, 728, 989, 97, 102, 742, 113, 242, 371]
i =  54 [544, 282, 836, 165, 697, 682, 619, 591, 754, 341, 279, 568, 217, 378, 91, 90, 4, 63]
i =  55 [544, 282, 836, 165, 697, 682, 619, 591, 754, 341, 279, 568, 217, 378, 91, 90, 4, 63]
i =  56 [384, 513, 261, 521, 142, 658, 535, 25, 38, 296, 690, 689, 50, 564, 821, 393, 953, 450, 72, 74, 477, 606, 485, 1000, 878, 629, 761]
i =  57 [3, 648, 777, 523, 910, 145, 19, 661, 798, 168, 681, 939, 945, 439, 952, 569, 573, 703, 716, 461, 206, 340, 270, 43, 216, 762, 995, 259, 361, 876, 744, 243, 980, 122, 892, 149]
i =  58 [644, 139, 16, 915, 148, 413, 926, 37, 426, 46, 221, 437, 314, 700, 587, 601, 605, 355, 234, 748, 370, 147, 892]
i =  59 [43, 648, 777, 523, 910, 19, 149, 798, 168, 681, 939, 945, 439, 569, 573, 703, 716, 461, 206, 340, 270, 216, 762, 995, 259, 361, 876, 744, 243, 980, 122, 892, 661]
i =  60 [140, 402, 150, 153, 799, 293, 301, 177, 835, 71, 652, 207, 598, 377, 463, 251, 232, 107, 116, 760, 121, 123]
i =  61 [43, 648, 777, 523, 910, 19, 661, 156, 798, 168, 681, 939, 945, 439, 569, 573, 703, 716, 461, 206, 340, 270, 216, 762, 995, 259, 361, 876, 744, 243, 980, 122]
i =  62 [905, 907, 525, 913, 277, 664, 537, 538, 29, 159, 929, 933, 423, 305, 55, 735, 189, 960, 224, 714, 973, 462, 977, 82, 339, 852, 88, 95, 992, 997, 231, 600, 873, 367]
i =  63 [134, 266, 407, 155, 32, 161, 35, 679, 297, 42, 812, 562, 943, 178, 955, 322, 453, 202, 844, 717, 728, 730, 603, 481, 105, 363, 494, 117, 887, 379, 380]
i =  64 [131, 418, 787, 923, 884, 34, 164, 559, 308, 567, 244, 954, 965, 588, 973, 464, 854, 313, 987, 625, 628, 376, 126]
i =  65 [544, 217, 836, 165, 378, 682, 619, 591, 754, 341, 279, 568, 697, 282, 91, 90, 4, 63]
i =  66 [516, 11, 401, 532, 921, 539, 284, 925, 166, 561, 53, 822, 57, 442, 443, 956, 448, 961, 566, 70, 589, 593, 982, 186, 310, 487, 872, 743, 109, 626, 500, 501, 502, 120, 763]
i =  67 [771, 534, 10, 909, 237, 529, 146, 788, 406, 928, 934, 39, 41, 554, 176, 831, 320, 321, 325, 722, 469, 493, 114, 504, 298, 895]
i =  68 [645, 526, 914, 543, 160, 930, 35, 295, 553, 172, 179, 949, 310, 185, 186, 991, 956, 701, 968, 843, 333, 975, 213, 985, 988, 862, 607, 354, 187, 981]
i =  69 [645, 526, 914, 543, 160, 930, 607, 295, 553, 172, 949, 310, 185, 186, 187, 956, 701, 968, 843, 333, 975, 981, 985, 988, 862, 991, 354, 213]
i =  70 [642, 132, 86, 776, 395, 173, 686, 278, 30, 813, 558, 542, 825, 707, 454, 329, 715, 590, 208, 342, 471, 223]
i =  71 [544, 217, 836, 165, 682, 619, 591, 282, 754, 341, 279, 568, 697, 378, 91, 90, 4, 63]
i =  72 [645, 526, 914, 543, 160, 930, 862, 295, 553, 172, 176, 949, 310, 185, 186, 187, 956, 701, 991, 968, 843, 333, 975, 981, 985, 988, 222, 607, 354, 213]
i =  73 [134, 266, 407, 155, 32, 35, 679, 297, 42, 812, 562, 943, 178, 955, 117, 160, 322, 453, 202, 844, 717, 985, 730, 603, 481, 105, 363, 494, 751, 245, 887, 379, 380]
i =  74 [901, 7, 268, 275, 238, 410, 545, 546, 163, 937, 170, 557, 942, 307, 674, 220, 348, 996, 103, 615, 492, 621, 110, 239, 753, 886, 250, 764, 125, 510, 383]
i =  75 [645, 526, 914, 276, 543, 160, 930, 295, 553, 172, 949, 310, 185, 186, 187, 956, 701, 991, 968, 843, 333, 975, 981, 985, 988, 862, 607, 354, 213]
i =  76 [259, 648, 777, 523, 910, 43, 19, 661, 283, 798, 168, 681, 939, 945, 439, 569, 573, 703, 716, 461, 206, 340, 270, 216, 122, 995, 744, 361, 876, 243, 980, 762, 892]
i =  77 [259, 648, 777, 523, 270, 43, 19, 661, 285, 798, 168, 681, 939, 945, 439, 569, 573, 703, 716, 461, 206, 340, 910, 216, 762, 995, 744, 361, 876, 243, 980, 122, 892]
i =  78 [896, 130, 515, 918, 779, 21, 22, 793, 666, 669, 33, 290, 818, 435, 311, 65, 964, 712, 75, 77, 80, 210, 724, 983, 346, 349, 998, 106, 758, 375, 183, 766]
i =  79 [645, 526, 914, 543, 160, 930, 291, 295, 553, 172, 949, 310, 185, 186, 187, 956, 701, 991, 968, 843, 333, 975, 213, 985, 988, 862, 607, 354, 981]
i =  80 [43, 648, 777, 523, 270, 19, 661, 798, 292, 933, 168, 681, 939, 945, 439, 569, 573, 703, 716, 461, 206, 340, 910, 216, 762, 995, 259, 361, 876, 744, 243, 980, 122, 892, 149]
i =  81 [896, 130, 515, 22, 779, 26, 21, 918, 793, 666, 924, 669, 299, 818, 712, 50, 435, 311, 319, 964, 72, 75, 77, 80, 210, 724, 983, 89, 346, 349, 998, 106, 758, 375, 183, 766]
i =  82 [259, 648, 777, 523, 270, 43, 19, 661, 798, 168, 681, 939, 304, 945, 439, 569, 573, 703, 716, 461, 206, 340, 910, 216, 122, 995, 744, 361, 876, 243, 980, 762, 892]
i =  83 [388, 391, 392, 656, 662, 755, 28, 678, 306, 947, 692, 950, 180, 698, 444, 574, 191, 709, 457, 336, 726, 215, 986, 733, 990, 864, 609, 994, 100, 870, 359, 875, 364, 115, 246, 381]
i =  84 [260, 6, 649, 706, 143, 272, 452, 797, 940, 565, 832, 66, 68, 335, 857, 399, 635, 230, 749, 495, 112, 505, 507, 253]
i =  85 [344, 33, 115, 246]
i =  86 [389, 917, 167, 174, 432, 819, 56, 445, 318, 837, 842, 203, 846, 465, 739, 343, 729, 352, 225, 227, 870, 830, 374, 636]
i =  87 [131, 390, 787, 923, 884, 34, 559, 308, 567, 244, 954, 960, 965, 588, 418, 464, 854, 313, 987, 625, 628, 376, 126]
i =  88 [388, 391, 392, 396, 656, 662, 755, 28, 678, 684, 947, 180, 950, 692, 698, 444, 574, 191, 709, 457, 336, 726, 215, 986, 733, 990, 864, 609, 994, 100, 870, 359, 875, 364, 115, 246, 381]
i =  89 [5, 647, 520, 236, 657, 408, 412, 552, 476, 171, 428, 436, 324, 967, 330, 718, 592, 740, 602, 604, 608, 976, 228, 999, 616, 235, 108, 353, 368, 634, 127]
i =  90 [43, 648, 777, 523, 910, 19, 149, 798, 419, 168, 681, 939, 945, 439, 569, 573, 703, 716, 461, 206, 980, 270, 216, 762, 480, 995, 259, 361, 876, 744, 243, 340, 122, 892, 661]
i =  91 [896, 130, 515, 22, 779, 21, 918, 793, 666, 669, 818, 435, 311, 447, 64, 577, 964, 712, 75, 76, 77, 80, 81, 210, 724, 983, 346, 349, 998, 106, 758, 375, 183, 766]
i =  92 [512, 385, 387, 517, 650, 685, 400, 414, 417, 931, 804, 935, 455, 45, 814, 184, 59, 193, 194, 323, 583, 334, 595, 548, 737, 99, 883]
i =  93 [904, 906, 151, 289, 802, 675, 934, 429, 431, 560, 54, 312, 958, 65, 586, 460, 594, 803, 468, 728, 989, 97, 102, 742, 242, 371]
i =  94 [652, 402, 150, 799, 293, 301, 177, 835, 71, 140, 207, 598, 377, 472, 463, 251, 232, 107, 116, 760, 121, 123]
i =  95 [131, 787, 923, 884, 418, 559, 308, 567, 244, 954, 965, 588, 34, 464, 854, 313, 984, 474, 987, 625, 628, 376, 126]
i =  96 [257, 643, 900, 833, 8, 9, 13, 14, 919, 409, 157, 670, 936, 555, 556, 433, 824, 441, 829, 575, 705, 195, 331, 972, 858, 475, 480, 98, 264, 382, 639]
i =  97 [512, 385, 387, 517, 650, 685, 400, 414, 417, 931, 804, 935, 45, 814, 184, 59, 193, 194, 323, 583, 334, 595, 548, 737, 99, 484, 883]
i =  98 [771, 406, 10, 909, 493, 529, 146, 788, 534, 928, 39, 41, 298, 831, 320, 321, 325, 722, 469, 488, 237, 114, 504, 554, 895]
i =  99 [5, 647, 520, 108, 657, 412, 552, 476, 171, 428, 436, 324, 967, 330, 718, 592, 740, 602, 604, 608, 976, 228, 999, 616, 362, 235, 236, 353, 368, 634, 511, 509, 127]
i =  100 [514, 135, 778, 12, 274, 152, 158, 36, 806, 810, 302, 563, 309, 138, 695, 957, 959, 710, 204, 848, 346, 351, 738, 101, 747, 111, 880, 885]
i =  101 [769, 386, 3, 897, 136, 265, 394, 141, 654, 527, 403, 20, 663, 922, 672, 944, 676, 294, 809, 811, 44, 430, 48, 752, 691, 570, 60, 522, 578, 963, 198, 632, 338, 470, 218, 731, 861, 350, 479, 226, 360, 252, 746, 365, 496, 369, 248, 249, 124, 893, 255]
i =  102 [908, 823, 18, 660, 920, 800, 805, 937, 433, 713, 571, 828, 577, 962, 585, 971, 719, 473, 219, 866, 497, 891, 765, 767]
i =  103 [768, 128, 267, 271, 17, 18, 533, 576, 540, 438, 826, 572, 702, 64, 579, 199, 971, 466, 211, 219, 459, 735, 96, 358, 231, 316, 277]
i =  104 [905, 907, 525, 913, 664, 537, 538, 929, 933, 423, 305, 55, 189, 960, 992, 580, 714, 973, 462, 977, 82, 339, 852, 88, 95, 224, 997, 600, 873, 367]
i =  105 [259, 648, 777, 523, 910, 43, 19, 661, 798, 168, 681, 939, 945, 439, 569, 573, 703, 716, 461, 206, 340, 270, 216, 762, 995, 744, 361, 618, 876, 243, 980, 122, 892]
i =  106 [384, 513, 261, 521, 658, 535, 25, 34, 38, 423, 296, 690, 689, 50, 564, 821, 393, 953, 960, 450, 72, 74, 477, 606, 485, 1000, 620, 878, 629, 761]
i =  107 [256, 269, 31, 422, 687, 51, 181, 61, 704, 67, 201, 847, 84, 87, 92, 94, 356, 357, 617, 622, 623, 113, 627, 233]
i =  108 [512, 385, 387, 517, 650, 45, 400, 414, 417, 931, 804, 935, 685, 814, 184, 59, 193, 194, 323, 583, 334, 595, 548, 737, 99, 624, 883]
i =  109 [642, 132, 86, 776, 395, 173, 558, 278, 30, 813, 686, 542, 825, 707, 454, 329, 715, 590, 342, 471, 223, 362, 631]
i =  110 [140, 402, 150, 799, 293, 301, 177, 835, 71, 652, 207, 598, 377, 463, 251, 232, 107, 116, 760, 121, 123, 637]
i =  111 [259, 646, 648, 777, 523, 910, 528, 43, 19, 661, 798, 168, 681, 939, 945, 439, 569, 573, 703, 716, 461, 206, 340, 270, 216, 762, 995, 744, 361, 876, 243, 980, 122, 892]
i =  112 [259, 648, 777, 523, 270, 43, 19, 661, 667, 798, 168, 681, 939, 945, 439, 569, 573, 703, 716, 461, 206, 340, 910, 216, 762, 995, 744, 361, 876, 243, 980, 122, 892]
i =  113 [655, 530, 280, 924, 287, 420, 421, 671, 319, 839, 328, 845, 79, 849, 889, 89, 911, 610, 612, 486, 881, 633, 638]
i =  114 [771, 534, 10, 909, 237, 529, 146, 788, 406, 928, 39, 680, 41, 554, 831, 320, 321, 325, 722, 469, 493, 114, 504, 298, 895]
i =  115 [683, 524, 912, 404, 815, 27, 550, 427, 175, 688, 840, 946, 192, 449, 118, 456, 970, 205, 85, 856, 614, 871, 498, 757, 630, 888, 200, 254]
i =  116 [134, 266, 407, 155, 32, 35, 679, 297, 42, 812, 562, 943, 178, 699, 322, 453, 202, 844, 717, 730, 603, 481, 955, 105, 363, 494, 751, 117, 887, 379, 380]
i =  117 [655, 530, 280, 924, 287, 420, 421, 711, 319, 839, 328, 845, 79, 849, 889, 89, 911, 610, 612, 486, 881, 633, 638]
i =  118 [904, 906, 151, 289, 802, 803, 934, 429, 431, 560, 54, 312, 958, 65, 586, 460, 594, 675, 728, 732, 989, 97, 102, 742, 242, 371]
i =  119 [260, 6, 649, 706, 143, 272, 452, 797, 940, 565, 832, 66, 68, 857, 399, 736, 635, 230, 749, 495, 112, 505, 507, 253]
i =  120 [1, 772, 651, 273, 24, 281, 154, 162, 547, 817, 40, 49, 182, 440, 188, 838, 73, 458, 867, 868, 741, 499, 373]
i =  121 [896, 130, 515, 22, 779, 21, 918, 793, 666, 669, 818, 435, 311, 75, 964, 712, 183, 77, 80, 210, 724, 983, 346, 349, 998, 106, 750, 758, 375, 766]
i =  122 [257, 643, 900, 705, 264, 9, 13, 14, 919, 409, 157, 670, 936, 555, 556, 824, 441, 829, 575, 833, 195, 331, 972, 858, 480, 98, 759, 382, 639]
i =  123 [780, 655, 530, 280, 924, 287, 420, 421, 319, 839, 328, 845, 79, 849, 889, 89, 911, 610, 612, 486, 881, 633, 638]
i =  124 [384, 513, 261, 521, 782, 658, 535, 25, 38, 296, 690, 689, 50, 564, 821, 393, 953, 450, 72, 74, 477, 606, 485, 1000, 878, 629, 761]
i =  125 [514, 135, 778, 784, 274, 152, 158, 36, 806, 810, 302, 309, 138, 695, 957, 959, 710, 204, 848, 351, 738, 101, 747, 111, 880, 885]
i =  126 [640, 262, 263, 137, 12, 397, 785, 531, 791, 288, 801, 677, 941, 816, 62, 416, 834, 582, 673, 720, 212, 214, 966]
i =  127 [388, 391, 392, 656, 789, 662, 755, 28, 678, 947, 692, 950, 180, 698, 444, 574, 191, 709, 457, 336, 726, 215, 986, 733, 990, 864, 609, 994, 100, 870, 359, 875, 364, 115, 246, 381]
i =  128 [516, 11, 401, 532, 921, 794, 539, 284, 925, 561, 53, 822, 57, 442, 443, 448, 961, 566, 70, 589, 593, 982, 743, 872, 487, 109, 626, 500, 501, 502, 120, 763]
i =  129 [140, 402, 150, 795, 799, 293, 301, 177, 835, 71, 652, 207, 598, 377, 463, 251, 232, 107, 116, 760, 121, 123]
i =  130 [905, 907, 525, 913, 664, 537, 538, 929, 933, 423, 305, 820, 55, 189, 960, 224, 714, 973, 462, 977, 82, 339, 852, 88, 95, 992, 997, 600, 873, 367]
i =  131 [260, 6, 649, 706, 143, 272, 452, 797, 940, 565, 832, 66, 68, 850, 857, 399, 507, 230, 749, 495, 112, 505, 635, 253]
i =  132 [640, 262, 263, 137, 12, 397, 531, 791, 416, 673, 677, 941, 816, 62, 288, 834, 582, 801, 720, 851, 212, 214, 966]
i =  133 [213, 645, 526, 914, 543, 160, 930, 295, 553, 172, 949, 310, 185, 186, 991, 956, 701, 968, 843, 333, 975, 981, 985, 988, 862, 607, 354, 187, 853]
i =  134 [908, 18, 660, 920, 800, 805, 937, 713, 433, 823, 828, 577, 962, 585, 971, 719, 979, 473, 219, 865, 866, 497, 891, 765, 767]
i =  135 [131, 787, 923, 884, 34, 559, 308, 567, 628, 954, 965, 588, 418, 464, 854, 313, 987, 874, 625, 244, 376, 126]
i =  136 [640, 262, 263, 137, 12, 397, 531, 791, 288, 673, 677, 941, 816, 62, 416, 834, 582, 801, 720, 212, 214, 966, 882]
i =  137 [645, 526, 914, 543, 160, 930, 295, 553, 172, 949, 310, 185, 186, 187, 956, 701, 991, 968, 843, 333, 975, 981, 985, 988, 862, 607, 354, 894, 213]
i =  138 [898, 771, 406, 10, 909, 493, 529, 146, 788, 534, 928, 39, 41, 554, 831, 320, 321, 325, 722, 469, 237, 114, 504, 298, 895]
i =  139 [771, 406, 10, 909, 237, 529, 146, 788, 534, 928, 932, 39, 41, 298, 831, 320, 321, 325, 722, 469, 493, 114, 504, 554, 895]
i =  140 [131, 787, 923, 884, 34, 938, 559, 308, 567, 244, 954, 965, 588, 418, 464, 854, 313, 987, 625, 628, 376, 126]
finish get all communities
complete deal_communities
commplete get_all_nature_community
----------------------------------The detection result is: 

all communities: 
i =  1 : [15, 26, 78, 169, 326, 332, 347, 405, 434, 478, 551, 613, 668, 694, 790, 796, 807, 827, 841]
i =  2 : [2, 23, 196, 247, 303, 372, 398, 425, 541, 596, 599, 611, 659, 708, 721, 723, 773, 775, 781, 783, 860, 877, 879, 899]
i =  3 : [48, 119, 129, 133, 218, 258, 286, 300, 337, 411, 424, 451, 467, 503, 536, 581, 584, 696, 734, 786]
i =  4 : [52, 58, 209, 229, 241, 315, 327, 366, 415, 489, 506, 518, 519, 528, 576, 641, 727, 745, 770, 774, 792, 863, 902, 903, 948, 951, 978]
i =  5 : [29, 93, 104, 144, 190, 197, 240, 345, 446, 482, 508, 511, 653, 665, 693, 725, 756, 808, 855, 859, 869, 890, 916, 993]
i =  6 : [4, 63, 90, 91, 165, 217, 279, 282, 341, 378, 544, 568, 591, 619, 682, 697, 754, 836]
i =  7 : [13, 47, 144, 197, 276, 417]
i =  8 : [16, 37, 46, 139, 147, 148, 221, 234, 314, 355, 370, 413, 426, 437, 587, 601, 605, 644, 700, 748, 892, 915, 926]
i =  9 : [33, 115, 246, 344]
i =  10 : [17, 18, 64, 96, 128, 199, 211, 219, 231, 267, 271, 277, 316, 358, 438, 459, 466, 533, 540, 572, 576, 579, 702, 735, 768, 826, 971]
i =  11 : [31, 51, 61, 67, 84, 87, 92, 94, 113, 181, 201, 233, 256, 269, 356, 357, 422, 617, 622, 623, 627, 687, 704, 847]
i =  12 : [27, 85, 118, 175, 192, 200, 205, 254, 404, 427, 449, 456, 498, 524, 550, 614, 630, 683, 688, 757, 815, 840, 856, 871, 888, 912, 946, 970]
i =  13 : [1, 24, 40, 49, 73, 154, 162, 182, 188, 273, 281, 373, 440, 458, 499, 547, 651, 741, 772, 817, 838, 867, 868, 969]
i =  14 : [56, 167, 174, 203, 225, 227, 318, 343, 352, 374, 389, 432, 445, 465, 636, 729, 739, 819, 830, 837, 842, 846, 870, 917, 927]
i =  15 : [10, 11, 17, 18, 21, 22, 33, 65, 75, 77, 80, 106, 130, 166, 176, 183, 210, 219, 311, 317, 346, 349, 375, 433, 435, 473, 483, 490, 491, 497, 515, 549, 577, 585, 660, 666, 669, 712, 713, 719, 724, 758, 765, 766, 767, 779, 793, 800, 805, 818, 823, 828, 866, 891, 896, 908, 918, 920, 937, 962, 964, 971, 983, 998]
i =  16 : [3, 8, 20, 44, 48, 60, 69, 124, 136, 141, 198, 218, 226, 248, 249, 252, 255, 265, 294, 338, 350, 360, 365, 369, 386, 394, 403, 430, 470, 479, 496, 522, 527, 570, 578, 597, 632, 654, 663, 672, 676, 691, 731, 746, 752, 769, 809, 811, 861, 893, 897, 922, 944, 963]
i =  17 : [7, 76, 103, 110, 125, 163, 170, 220, 238, 239, 250, 268, 275, 307, 348, 383, 410, 492, 510, 545, 546, 557, 615, 621, 674, 753, 764, 771, 886, 901, 937, 942, 996]
i =  18 : [11, 53, 57, 70, 109, 120, 166, 186, 284, 310, 401, 442, 443, 448, 487, 500, 501, 502, 516, 532, 539, 561, 566, 589, 593, 626, 743, 763, 794, 822, 872, 921, 925, 956, 961, 982]
i =  19 : [30, 86, 132, 173, 208, 223, 278, 329, 342, 362, 395, 454, 471, 542, 558, 590, 631, 642, 686, 707, 715, 776, 813, 825]
i =  20 : [5, 108, 127, 171, 228, 235, 236, 324, 330, 353, 362, 368, 408, 412, 428, 436, 476, 509, 511, 520, 552, 592, 602, 604, 608, 616, 634, 647, 657, 718, 740, 967, 976, 999]
i =  21 : [18, 219, 433, 473, 497, 571, 577, 585, 660, 713, 719, 765, 767, 800, 805, 823, 828, 865, 866, 891, 908, 920, 937, 962, 971, 979]
i =  22 : [12, 36, 101, 111, 135, 138, 152, 158, 204, 274, 302, 309, 346, 351, 514, 563, 695, 710, 738, 747, 778, 784, 806, 810, 848, 880, 885, 957, 959, 979]
i =  23 : [8, 9, 13, 14, 81, 98, 157, 160, 185, 194, 195, 257, 264, 295, 331, 333, 382, 409, 433, 441, 475, 480, 555, 556, 575, 639, 643, 670, 705, 759, 824, 829, 833, 858, 900, 919, 936, 968, 972]
i =  24 : [54, 65, 83, 97, 102, 113, 151, 242, 289, 312, 371, 429, 431, 460, 468, 560, 586, 594, 675, 728, 732, 742, 802, 803, 904, 906, 934, 958, 989]
i =  25 : [25, 34, 38, 50, 72, 74, 142, 261, 296, 384, 393, 423, 450, 477, 485, 513, 521, 535, 564, 606, 620, 629, 658, 689, 690, 761, 782, 821, 878, 953, 960, 1000]
i =  26 : [29, 55, 82, 88, 95, 159, 189, 224, 231, 277, 305, 339, 367, 423, 462, 525, 537, 538, 580, 600, 664, 714, 735, 820, 852, 873, 905, 907, 913, 929, 933, 960, 973, 977, 992, 997]
i =  27 : [32, 35, 42, 105, 117, 134, 155, 160, 161, 178, 202, 245, 266, 297, 322, 363, 379, 380, 407, 453, 481, 494, 562, 603, 679, 699, 717, 728, 730, 751, 812, 844, 887, 943, 955, 985]
i =  28 : [28, 100, 115, 180, 191, 215, 246, 306, 336, 359, 364, 381, 388, 391, 392, 396, 444, 457, 574, 609, 656, 662, 678, 684, 692, 698, 709, 726, 733, 755, 789, 864, 870, 875, 947, 950, 986, 990, 994]
i =  29 : [6, 66, 68, 112, 143, 230, 253, 260, 272, 335, 399, 452, 495, 505, 507, 565, 635, 649, 706, 736, 749, 797, 832, 850, 857, 940]
i =  30 : [45, 59, 99, 184, 193, 194, 323, 334, 385, 387, 400, 414, 417, 455, 484, 512, 517, 548, 583, 595, 624, 650, 685, 737, 804, 814, 883, 931, 935]
i =  31 : [79, 89, 280, 287, 319, 328, 420, 421, 486, 530, 610, 612, 633, 638, 655, 671, 711, 780, 839, 845, 849, 881, 889, 911, 924]
i =  32 : [12, 62, 137, 212, 214, 262, 263, 288, 397, 416, 531, 582, 640, 673, 677, 720, 785, 791, 801, 816, 834, 851, 882, 941, 966]
i =  33 : [71, 107, 116, 121, 123, 140, 150, 153, 177, 207, 232, 251, 293, 301, 377, 402, 463, 472, 598, 637, 652, 760, 795, 799, 835]
i =  34 : [21, 22, 26, 33, 50, 64, 65, 72, 75, 76, 77, 80, 81, 89, 106, 130, 183, 210, 290, 299, 311, 319, 346, 349, 375, 435, 447, 515, 577, 666, 669, 712, 724, 750, 758, 766, 779, 793, 818, 896, 918, 924, 964, 983, 998]
i =  35 : [10, 39, 41, 114, 146, 176, 237, 298, 320, 321, 325, 406, 469, 488, 493, 504, 529, 534, 554, 680, 722, 771, 788, 831, 895, 898, 909, 928, 932, 934]
i =  36 : [35, 160, 172, 176, 179, 185, 186, 187, 213, 222, 276, 291, 295, 310, 333, 354, 526, 543, 553, 607, 645, 701, 843, 853, 862, 894, 914, 930, 949, 956, 968, 975, 981, 985, 988, 991]
i =  37 : [8, 18, 21, 30, 34, 126, 131, 164, 244, 308, 313, 376, 390, 418, 464, 474, 559, 567, 588, 625, 628, 787, 854, 874, 884, 923, 938, 954, 960, 965, 973, 974, 984, 987]
i =  38 : [3, 19, 43, 122, 145, 149, 156, 168, 206, 216, 243, 259, 270, 283, 285, 292, 304, 340, 361, 419, 439, 461, 480, 523, 528, 569, 573, 618, 646, 648, 661, 667, 681, 703, 716, 744, 762, 777, 798, 876, 892, 910, 933, 939, 945, 952, 980, 995]
overlapping nodes are:  [3, 8, 10, 11, 12, 13, 17, 18, 21, 22, 26, 29, 30, 33, 34, 35, 48, 50, 64, 65, 72, 75, 76, 77, 80, 81, 89, 106, 113, 115, 130, 144, 160, 166, 176, 183, 185, 186, 194, 197, 210, 218, 219, 231, 246, 276, 277, 295, 310, 311, 319, 333, 346, 349, 362, 375, 417, 423, 433, 435, 473, 480, 497, 511, 515, 528, 576, 577, 585, 660, 666, 669, 712, 713, 719, 724, 728, 735, 758, 765, 766, 767, 771, 779, 793, 800, 805, 818, 823, 828, 866, 870, 891, 892, 896, 908, 918, 920, 924, 933, 934, 937, 956, 960, 962, 964, 968, 971, 973, 979, 983, 985, 998] 
 NOO is:  113
total time is:  282.11855793
