lens of ground_truth:  32
ground_truth is: [[1, 6, 17, 26, 45, 52, 57, 64, 70, 83, 91, 133, 136, 146, 165, 174, 206, 234, 265, 268, 270, 275, 276, 309, 316, 339, 354, 355, 407, 431, 441, 450, 455, 456, 481, 510, 517, 536, 542, 551, 568, 572, 610, 623, 624, 641, 652, 670, 691, 710, 747, 767, 769, 788, 791, 794, 840, 841, 874, 875, 916, 918, 948, 972, 977, 988], [49, 62, 90, 101, 144, 160, 170, 175, 176, 190, 213, 229, 252, 276, 303, 305, 308, 325, 327, 328, 360, 365, 376, 385, 418, 439, 508, 522, 529, 531, 542, 547, 562, 571, 580, 603, 609, 639, 663, 716, 779, 781, 806, 813, 881, 888, 896, 923, 957, 964, 979], [24, 57, 64, 78, 79, 97, 102, 121, 150, 171, 174, 203, 263, 265, 266, 270, 275, 309, 316, 322, 324, 390, 414, 431, 455, 459, 479, 489, 495, 504, 525, 535, 550, 578, 627, 629, 630, 635, 641, 657, 663, 692, 698, 709, 743, 765, 787, 788, 840, 849, 940, 948], [1, 3, 22, 68, 72, 125, 151, 164, 170, 177, 213, 269, 279, 286, 309, 315, 320, 351, 376, 418, 485, 494, 499, 521, 542, 557, 562, 580, 598, 611, 639, 705, 733, 735, 767, 776, 783, 789, 797, 841, 856, 883, 948, 955, 978], [35, 46, 63, 64, 75, 110, 220, 223, 248, 266, 372, 411, 439, 455, 497, 512, 566, 679, 687, 690, 701, 703, 714, 717, 723, 737, 766, 795, 797, 855, 861, 868], [22, 25, 31, 49, 52, 77, 89, 109, 144, 160, 170, 181, 188, 213, 247, 265, 271, 311, 339, 354, 376, 377, 388, 396, 405, 439, 461, 473, 489, 505, 518, 522, 531, 545, 551, 559, 563, 568, 589, 590, 603, 617, 632, 639, 657, 661, 665, 668, 696, 727, 738, 743, 764, 767, 785, 791, 798, 806, 811, 813, 833, 846, 850, 855, 865, 885, 898, 902, 918, 920, 927, 928, 979, 983, 988, 995], [3, 13, 18, 27, 73, 112, 147, 148, 272, 290, 296, 312, 340, 400, 415, 418, 466, 518, 543, 552, 583, 607, 642, 674, 678, 718, 733, 780, 784, 877, 899, 912, 948], [1, 11, 30, 31, 53, 64, 121, 130, 136, 137, 143, 158, 171, 174, 181, 185, 188, 203, 234, 247, 270, 271, 275, 276, 283, 316, 334, 339, 343, 354, 355, 375, 378, 383, 391, 430, 431, 433, 438, 439, 446, 451, 455, 496, 501, 506, 517, 559, 561, 568, 580, 590, 591, 599, 603, 609, 610, 635, 641, 652, 657, 663, 668, 671, 680, 710, 719, 724, 764, 770, 775, 788, 791, 798, 799, 806, 814, 819, 840, 846, 855, 857, 872, 886, 918, 930, 972, 974], [3, 8, 22, 49, 53, 60, 82, 106, 121, 123, 129, 132, 137, 143, 144, 151, 160, 170, 213, 309, 336, 374, 376, 387, 414, 418, 435, 438, 446, 468, 483, 501, 508, 518, 524, 548, 556, 592, 599, 609, 611, 635, 645, 660, 685, 688, 733, 749, 797, 805, 808, 821, 841, 943, 967, 980, 981, 986, 988], [3, 128, 129, 145, 151, 160, 170, 180, 213, 224, 234, 280, 284, 304, 363, 373, 389, 414, 418, 424, 443, 471, 474, 482, 496, 531, 542, 549, 562, 564, 606, 637, 640, 644, 663, 695, 732, 800, 905, 917, 918], [1, 22, 23, 49, 53, 88, 92, 108, 129, 137, 140, 143, 144, 160, 175, 181, 182, 188, 213, 237, 242, 247, 250, 291, 302, 309, 323, 339, 355, 386, 393, 438, 439, 441, 446, 480, 489, 493, 508, 522, 531, 562, 590, 599, 605, 609, 632, 639, 665, 666, 685, 721, 743, 746, 764, 791, 798, 806, 813, 815, 834, 840, 846, 864, 873, 893, 894, 898, 903, 952, 976, 979, 986, 989], [7, 40, 51, 85, 94, 127, 137, 151, 156, 168, 219, 265, 273, 307, 338, 487, 498, 519, 615, 626, 676, 700, 722, 725, 731, 751, 853, 887, 890], [1, 9, 19, 31, 53, 57, 64, 65, 121, 126, 136, 137, 143, 171, 173, 174, 181, 188, 207, 215, 234, 247, 256, 261, 265, 266, 270, 271, 275, 276, 285, 299, 316, 317, 318, 337, 339, 354, 355, 403, 408, 431, 438, 441, 455, 496, 501, 517, 518, 538, 546, 551, 559, 568, 586, 587, 590, 599, 603, 632, 635, 638, 641, 648, 650, 652, 657, 665, 668, 685, 710, 712, 720, 764, 788, 791, 797, 798, 810, 817, 840, 846, 855, 911, 918, 919, 954, 972, 973, 986, 988], [10, 50, 54, 57, 159, 199, 214, 232, 253, 265, 266, 300, 301, 313, 341, 392, 423, 490, 580, 610, 669, 706, 710, 736, 759, 767, 792, 796, 836, 842, 925, 935, 968, 986], [3, 14, 29, 37, 53, 114, 139, 143, 144, 151, 160, 162, 170, 188, 201, 218, 221, 230, 255, 282, 333, 354, 355, 361, 417, 418, 419, 438, 441, 444, 446, 464, 508, 518, 522, 531, 540, 542, 562, 573, 580, 599, 609, 611, 620, 632, 639, 646, 652, 665, 683, 685, 726, 741, 752, 753, 767, 797, 798, 806, 824, 826, 841, 846, 855, 979, 986], [20, 34, 41, 42, 58, 66, 100, 103, 144, 170, 227, 264, 277, 289, 326, 344, 346, 376, 381, 409, 410, 421, 432, 439, 508, 518, 531, 551, 570, 580, 611, 613, 635, 665, 668, 715, 813, 841, 863, 876, 878, 882, 901, 910, 921, 932, 962, 971, 972, 975, 979, 990, 993], [49, 61, 76, 131, 142, 151, 196, 200, 209, 251, 401, 437, 514, 584, 595, 600, 604, 659, 740, 767, 813, 822, 838, 840, 851, 898, 900, 906], [36, 43, 129, 144, 151, 152, 192, 226, 244, 369, 425, 429, 436, 454, 472, 511, 522, 596, 597, 602, 631, 636, 761, 772, 831, 892, 895, 904], [1, 31, 32, 53, 55, 57, 64, 87, 121, 124, 136, 137, 143, 171, 174, 178, 181, 188, 194, 203, 247, 265, 266, 270, 271, 275, 276, 288, 316, 330, 335, 339, 349, 354, 355, 362, 398, 404, 414, 438, 441, 446, 455, 488, 489, 496, 500, 501, 517, 532, 551, 559, 568, 581, 590, 599, 603, 610, 632, 633, 635, 641, 649, 652, 657, 668, 681, 697, 710, 743, 764, 767, 788, 791, 798, 818, 828, 840, 846, 848, 855, 918, 926, 937, 948, 970, 972, 986], [3, 5, 21, 57, 122, 157, 160, 161, 170, 175, 198, 228, 347, 358, 366, 370, 402, 463, 465, 502, 507, 509, 527, 537, 553, 647, 654, 655, 682, 684, 733, 797, 829, 845, 879, 945, 987], [22, 49, 52, 111, 116, 129, 134, 171, 175, 183, 203, 234, 235, 265, 345, 379, 413, 414, 431, 439, 442, 447, 496, 513, 522, 574, 582, 593, 616, 628, 641, 657, 663, 667, 672, 685, 730, 743, 745, 754, 788, 806, 813, 820, 825, 869, 898, 948, 950, 966, 979, 998], [1, 2, 22, 31, 33, 49, 52, 69, 129, 136, 175, 184, 197, 203, 210, 234, 247, 276, 297, 332, 339, 354, 394, 414, 420, 431, 445, 489, 491, 517, 522, 526, 541, 559, 568, 590, 603, 621, 625, 632, 652, 657, 662, 663, 664, 668, 672, 686, 710, 734, 743, 764, 768, 791, 798, 806, 812, 813, 844, 855, 898, 914, 918, 929, 931, 933, 948, 953, 958, 972, 979, 988], [1, 28, 52, 80, 113, 136, 153, 225, 236, 266, 271, 274, 329, 348, 368, 486, 544, 562, 610, 641, 668, 672, 748, 760, 778, 804, 807, 832, 847, 897, 934, 944, 946, 949], [16, 47, 49, 52, 64, 93, 120, 121, 154, 172, 174, 175, 186, 240, 254, 270, 271, 275, 316, 319, 321, 331, 356, 489, 496, 517, 559, 560, 565, 588, 610, 611, 663, 739, 755, 788, 802, 866, 898, 913, 915, 936, 941, 965, 972, 988], [15, 22, 53, 84, 95, 129, 136, 155, 160, 175, 181, 188, 191, 213, 231, 245, 260, 276, 354, 376, 406, 414, 418, 441, 489, 501, 508, 518, 531, 542, 551, 562, 575, 580, 590, 599, 601, 603, 609, 611, 632, 639, 656, 665, 699, 733, 743, 750, 757, 774, 790, 803, 846, 855, 870, 889, 898, 908, 938, 939, 942, 947, 956, 963, 982, 997, 1000], [3, 22, 31, 39, 48, 57, 117, 119, 129, 137, 143, 151, 167, 171, 181, 188, 193, 202, 213, 246, 247, 249, 271, 295, 309, 316, 339, 350, 355, 376, 414, 418, 428, 438, 441, 446, 503, 508, 520, 530, 542, 551, 558, 559, 562, 567, 568, 580, 590, 594, 603, 609, 611, 618, 622, 632, 639, 665, 685, 711, 733, 764, 777, 791, 797, 798, 806, 809, 841, 846, 858, 860, 880, 960, 991], [3, 4, 31, 64, 99, 121, 136, 166, 169, 174, 179, 187, 203, 205, 266, 270, 275, 292, 316, 342, 353, 359, 364, 367, 395, 416, 422, 431, 453, 455, 477, 484, 496, 515, 517, 579, 610, 634, 635, 641, 657, 672, 702, 710, 742, 756, 758, 764, 767, 788, 793, 797, 830, 862, 884, 918, 922, 948, 984, 988], [12, 74, 104, 149, 195, 211, 233, 241, 243, 257, 267, 294, 306, 309, 380, 397, 449, 452, 460, 501, 518, 555, 576, 672, 704, 733, 762, 773, 782, 891, 907, 909, 969], [31, 52, 56, 71, 105, 115, 121, 138, 163, 171, 174, 175, 181, 189, 203, 212, 217, 234, 238, 239, 247, 271, 275, 287, 293, 298, 314, 355, 382, 431, 441, 448, 455, 478, 489, 501, 517, 523, 528, 551, 559, 585, 614, 619, 639, 652, 653, 658, 663, 668, 672, 675, 677, 693, 710, 713, 733, 743, 839, 840, 898, 961, 972, 988, 992, 994, 999], [38, 52, 57, 81, 86, 107, 204, 234, 266, 270, 357, 371, 412, 426, 440, 446, 458, 467, 476, 492, 533, 568, 610, 635, 643, 651, 672, 685, 707, 729, 786, 816, 841, 852, 854, 924, 951, 996], [59, 67, 96, 259, 281, 427, 434, 469, 475, 496, 539, 554, 569, 608, 612, 672, 673, 694, 744, 771, 801, 835, 859, 871, 986], [44, 53, 98, 118, 135, 137, 141, 143, 144, 171, 203, 208, 216, 222, 258, 262, 276, 278, 309, 310, 352, 376, 384, 399, 438, 439, 446, 457, 462, 470, 501, 508, 516, 522, 531, 534, 542, 577, 599, 609, 611, 652, 665, 685, 689, 708, 728, 763, 813, 823, 827, 837, 841, 843, 867, 959, 979, 985, 986]]
nodes: [609, 611, 712, 765, 770, 771, 789, 792, 800, 802, 826, 827, 839, 853, 856, 861, 864, 875, 885, 886, 895, 900, 902, 905, 912, 918, 920, 922, 933, 945, 946, 948, 950, 957, 969, 970, 971, 972, 976, 986, 988, 991, 996, 1000] num of nodes:  44
[[250, 989, 609], [592, 611, 773], [19, 712, 954, 586, 973], [79, 940, 849, 322, 765], [375, 770, 974, 930, 724], [554, 673, 835, 771, 871, 744, 859, 608, 569], [177, 776, 883, 789, 978, 955, 735], [301, 836, 968, 759, 796, 925, 792, 842], [443, 800, 644, 695, 606, 637], [560, 739, 965, 936, 802, 941, 913, 915, 755, 866], [139, 826, 417, 824, 444], [141, 837, 959, 867, 728, 985, 827], [239, 992, 961, 994, 658, 839], [487, 853, 676, 725, 890, 887, 751, 731], [68, 883, 856, 955, 978, 499], [248, 795, 737, 861, 687, 679], [88, 903, 873, 952, 989, 864, 893], [536, 623, 977, 794, 875], [473, 995, 850, 811, 833, 885], [158, 930, 886, 974, 680], [472, 772, 904, 636, 761, 602, 831, 892, 895], [401, 740, 900, 838, 906, 851, 437, 584, 822], [311, 995, 902, 850, 505, 983], [145, 917, 905, 564, 304, 732], [13, 899, 912, 543, 552, 674, 780], [332, 918, 914, 958], [405, 850, 545, 995, 983, 920], [364, 884, 984, 922, 862, 793, 579], [526, 953, 929, 844, 734, 933, 931], [5, 845, 987, 945, 553, 347], [544, 832, 897, 804, 934, 807, 778, 748, 944, 760, 946, 949, 847], [279, 955, 948, 978], [998, 950, 966, 820, 745, 628, 667, 754], [716, 781, 957, 896, 881, 547, 923], [306, 969, 907, 909, 555, 782, 449, 891], [633, 828, 649, 937, 970, 818], [613, 878, 993, 932, 901, 971, 910, 975, 990, 921, 876], [913, 965, 936, 941, 972], [666, 903, 873, 815, 989, 976, 952], [374, 967, 943, 980, 986], [621, 929, 844, 914, 988], [193, 991, 711, 880, 530, 858], [467, 996, 854, 951, 924, 816, 786, 729, 852], [750, 997, 963, 1000, 938, 939, 757, 982, 942, 803, 956, 947]]
len of cliques:  44
downsides after: [[544, 832, 897, 804, 934, 807, 778, 748, 944, 760, 946, 949, 847], [750, 997, 963, 1000, 938, 939, 757, 982, 942, 803, 956, 947], [613, 878, 993, 932, 901, 971, 910, 975, 990, 921, 876], [560, 739, 965, 936, 802, 941, 913, 915, 755, 866], [554, 673, 835, 771, 871, 744, 859, 608, 569], [472, 772, 904, 636, 761, 602, 831, 892, 895], [401, 740, 900, 838, 906, 851, 437, 584, 822], [467, 996, 854, 951, 924, 816, 786, 729, 852], [301, 836, 968, 759, 796, 925, 792, 842], [487, 853, 676, 725, 890, 887, 751, 731], [998, 950, 966, 820, 745, 628, 667, 754], [306, 969, 907, 909, 555, 782, 449, 891], [177, 776, 883, 789, 978, 955, 735], [141, 837, 959, 867, 728, 985, 827], [88, 903, 873, 952, 989, 864, 893], [13, 899, 912, 543, 552, 674, 780], [364, 884, 984, 922, 862, 793, 579], [526, 953, 929, 844, 734, 933, 931], [716, 781, 957, 896, 881, 547, 923], [666, 903, 873, 815, 989, 976, 952], [443, 800, 644, 695, 606, 637], [239, 992, 961, 994, 658, 839], [68, 883, 856, 955, 978, 499], [248, 795, 737, 861, 687, 679], [473, 995, 850, 811, 833, 885], [311, 995, 902, 850, 505, 983], [145, 917, 905, 564, 304, 732], [405, 850, 545, 995, 983, 920], [5, 845, 987, 945, 553, 347], [633, 828, 649, 937, 970, 818], [193, 991, 711, 880, 530, 858], [19, 712, 954, 586, 973], [79, 940, 849, 322, 765], [375, 770, 974, 930, 724], [139, 826, 417, 824, 444], [536, 623, 977, 794, 875], [158, 930, 886, 974, 680], [913, 965, 936, 941, 972], [374, 967, 943, 980, 986], [621, 929, 844, 914, 988], [332, 918, 914, 958], [279, 955, 948, 978]]
number of downsided seeds: 42
[[544, 832, 897, 804, 934, 807, 778, 748, 944, 760, 946, 949, 847], [750, 997, 963, 1000, 938, 939, 757, 982, 942, 803, 956, 947], [613, 878, 993, 932, 901, 971, 910, 975, 990, 921, 876], [560, 739, 965, 936, 802, 941, 913, 915, 755, 866], [554, 673, 835, 771, 871, 744, 859, 608, 569], [472, 772, 904, 636, 761, 602, 831, 892, 895], [401, 740, 900, 838, 906, 851, 437, 584, 822], [467, 996, 854, 951, 924, 816, 786, 729, 852], [301, 836, 968, 759, 796, 925, 792, 842], [487, 853, 676, 725, 890, 887, 751, 731], [998, 950, 966, 820, 745, 628, 667, 754], [306, 969, 907, 909, 555, 782, 449, 891], [177, 776, 883, 789, 978, 955, 735], [141, 837, 959, 867, 728, 985, 827], [88, 903, 873, 952, 989, 864, 893], [13, 899, 912, 543, 552, 674, 780], [364, 884, 984, 922, 862, 793, 579], [526, 953, 929, 844, 734, 933, 931], [716, 781, 957, 896, 881, 547, 923], [666, 903, 873, 815, 989, 976, 952], [443, 800, 644, 695, 606, 637], [239, 992, 961, 994, 658, 839], [68, 883, 856, 955, 978, 499], [248, 795, 737, 861, 687, 679], [473, 995, 850, 811, 833, 885], [311, 995, 902, 850, 505, 983], [145, 917, 905, 564, 304, 732], [405, 850, 545, 995, 983, 920], [5, 845, 987, 945, 553, 347], [633, 828, 649, 937, 970, 818], [193, 991, 711, 880, 530, 858], [19, 712, 954, 586, 973], [79, 940, 849, 322, 765], [375, 770, 974, 930, 724], [139, 826, 417, 824, 444], [536, 623, 977, 794, 875], [158, 930, 886, 974, 680], [913, 965, 936, 941, 972], [374, 967, 943, 980, 986], [621, 929, 844, 914, 988], [332, 918, 914, 958], [279, 955, 948, 978]]
after sorted:  [[544, 832, 897, 804, 934, 807, 778, 748, 944, 760, 946, 949, 847], [750, 997, 963, 1000, 938, 939, 757, 982, 942, 803, 956, 947], [613, 878, 993, 932, 901, 971, 910, 975, 990, 921, 876], [560, 739, 965, 936, 802, 941, 913, 915, 755, 866], [554, 673, 835, 771, 871, 744, 859, 608, 569], [472, 772, 904, 636, 761, 602, 831, 892, 895], [401, 740, 900, 838, 906, 851, 437, 584, 822], [467, 996, 854, 951, 924, 816, 786, 729, 852], [301, 836, 968, 759, 796, 925, 792, 842], [487, 853, 676, 725, 890, 887, 751, 731], [998, 950, 966, 820, 745, 628, 667, 754], [306, 969, 907, 909, 555, 782, 449, 891], [177, 776, 883, 789, 978, 955, 735], [141, 837, 959, 867, 728, 985, 827], [88, 903, 873, 952, 989, 864, 893], [13, 899, 912, 543, 552, 674, 780], [364, 884, 984, 922, 862, 793, 579], [526, 953, 929, 844, 734, 933, 931], [716, 781, 957, 896, 881, 547, 923], [666, 903, 873, 815, 989, 976, 952], [443, 800, 644, 695, 606, 637], [239, 992, 961, 994, 658, 839], [68, 883, 856, 955, 978, 499], [248, 795, 737, 861, 687, 679], [473, 995, 850, 811, 833, 885], [311, 995, 902, 850, 505, 983], [145, 917, 905, 564, 304, 732], [405, 850, 545, 995, 983, 920], [5, 845, 987, 945, 553, 347], [633, 828, 649, 937, 970, 818], [193, 991, 711, 880, 530, 858], [19, 712, 954, 586, 973], [79, 940, 849, 322, 765], [375, 770, 974, 930, 724], [139, 826, 417, 824, 444], [536, 623, 977, 794, 875], [158, 930, 886, 974, 680], [913, 965, 936, 941, 972], [374, 967, 943, 980, 986], [621, 929, 844, 914, 988], [332, 918, 914, 958], [279, 955, 948, 978]]
before num:  42
befor deal_cliques:  42
after deal_cliques:  42
length of seeds:  42
seeds:  [set([544, 832, 804, 934, 807, 778, 748, 847, 944, 946, 949, 760, 897]), set([963, 997, 1000, 938, 939, 942, 803, 750, 982, 956, 947, 757]), set([993, 932, 613, 971, 876, 878, 975, 910, 921, 990, 901]), set([802, 739, 965, 936, 941, 560, 913, 915, 755, 866]), set([608, 673, 771, 871, 744, 554, 835, 569, 859]), set([772, 904, 636, 472, 761, 602, 831, 892, 895]), set([900, 838, 584, 906, 401, 851, 437, 822, 740]), set([996, 816, 786, 467, 852, 854, 951, 729, 924]), set([836, 968, 842, 301, 759, 792, 796, 925]), set([676, 487, 751, 725, 887, 890, 731, 853]), set([966, 998, 745, 754, 820, 950, 628, 667]), set([449, 907, 969, 555, 909, 782, 306, 891]), set([177, 978, 883, 789, 776, 955, 735]), set([867, 837, 728, 985, 827, 141, 959]), set([864, 88, 903, 952, 873, 893, 989]), set([912, 674, 899, 552, 780, 13, 543]), set([579, 884, 984, 793, 922, 364, 862]), set([734, 929, 931, 933, 953, 844, 526]), set([896, 881, 547, 923, 716, 781, 957]), set([976, 903, 952, 873, 666, 989, 815]), set([800, 644, 695, 443, 637, 606]), set([992, 961, 994, 839, 658, 239]), set([978, 499, 68, 856, 883, 955]), set([737, 679, 248, 795, 861, 687]), set([833, 850, 995, 885, 473, 811]), set([850, 995, 902, 311, 505, 983]), set([304, 145, 564, 917, 905, 732]), set([545, 850, 995, 405, 983, 920]), set([945, 347, 5, 553, 987, 845]), set([818, 633, 649, 937, 970, 828]), set([880, 193, 530, 711, 858, 991]), set([712, 954, 19, 586, 973]), set([849, 322, 940, 765, 79]), set([770, 724, 930, 974, 375]), set([824, 417, 826, 139, 444]), set([536, 977, 794, 875, 623]), set([680, 930, 886, 974, 158]), set([936, 913, 972, 965, 941]), set([986, 967, 980, 374, 943]), set([844, 929, 914, 988, 621]), set([914, 332, 918, 958]), set([978, 955, 948, 279])]
seeds_fitness [0.2694300518134715, 0.15789473684210525, 0.15214384508990317, 0.18036072144288579, 0.23300970873786409, 0.2360655737704918, 0.21114369501466276, 0.16941176470588235, 0.1568627450980392, 0.1958041958041958, 0.13895781637717122, 0.17445482866043613, 0.12316715542521994, 0.109375, 0.09170305676855896, 0.1590909090909091, 0.11170212765957446, 0.09722222222222222, 0.11475409836065574, 0.08536585365853659, 0.13392857142857142, 0.08, 0.09090909090909091, 0.12987012987012986, 0.07246376811594203, 0.0702576112412178, 0.1171875, 0.07042253521126761, 0.09868421052631579, 0.08130081300813008, 0.09740259740259741, 0.06622516556291391, 0.0823045267489712, 0.06097560975609756, 0.10810810810810811, 0.06578947368421052, 0.057803468208092484, 0.049019607843137254, 0.04158004158004158, 0.04310344827586207, 0.0345821325648415, 0.034782608695652174]
after sort list of tuple: [(0, 0.2694300518134715), (5, 0.2360655737704918), (4, 0.23300970873786409), (6, 0.21114369501466276), (9, 0.1958041958041958), (3, 0.18036072144288579), (11, 0.17445482866043613), (7, 0.16941176470588235), (15, 0.1590909090909091), (1, 0.15789473684210525), (8, 0.1568627450980392), (2, 0.15214384508990317), (10, 0.13895781637717122), (20, 0.13392857142857142), (23, 0.12987012987012986), (12, 0.12316715542521994), (26, 0.1171875), (18, 0.11475409836065574), (16, 0.11170212765957446), (13, 0.109375), (34, 0.10810810810810811), (28, 0.09868421052631579), (30, 0.09740259740259741), (17, 0.09722222222222222), (14, 0.09170305676855896), (22, 0.09090909090909091), (19, 0.08536585365853659), (32, 0.0823045267489712), (29, 0.08130081300813008), (21, 0.08), (24, 0.07246376811594203), (27, 0.07042253521126761), (25, 0.0702576112412178), (31, 0.06622516556291391), (35, 0.06578947368421052), (33, 0.06097560975609756), (36, 0.057803468208092484), (37, 0.049019607843137254), (39, 0.04310344827586207), (38, 0.04158004158004158), (41, 0.034782608695652174), (40, 0.0345821325648415)]
seeds_sorted [set([544, 832, 804, 934, 807, 778, 748, 847, 944, 946, 949, 760, 897]), set([772, 904, 636, 472, 761, 602, 831, 892, 895]), set([608, 673, 771, 871, 744, 554, 835, 569, 859]), set([900, 838, 584, 906, 401, 851, 437, 822, 740]), set([676, 487, 751, 725, 887, 890, 731, 853]), set([802, 739, 965, 936, 941, 560, 913, 915, 755, 866]), set([449, 907, 969, 555, 909, 782, 306, 891]), set([996, 816, 786, 467, 852, 854, 951, 729, 924]), set([912, 674, 899, 552, 780, 13, 543]), set([963, 997, 1000, 938, 939, 942, 803, 750, 982, 956, 947, 757]), set([836, 968, 842, 301, 759, 792, 796, 925]), set([993, 932, 613, 971, 876, 878, 975, 910, 921, 990, 901]), set([966, 998, 745, 754, 820, 950, 628, 667]), set([800, 644, 695, 443, 637, 606]), set([737, 679, 248, 795, 861, 687]), set([177, 978, 883, 789, 776, 955, 735]), set([304, 145, 564, 917, 905, 732]), set([896, 881, 547, 923, 716, 781, 957]), set([579, 884, 984, 793, 922, 364, 862]), set([867, 837, 728, 985, 827, 141, 959]), set([824, 417, 826, 139, 444]), set([945, 347, 5, 553, 987, 845]), set([880, 193, 530, 711, 858, 991]), set([734, 929, 931, 933, 953, 844, 526]), set([864, 88, 903, 952, 873, 893, 989]), set([978, 499, 68, 856, 883, 955]), set([976, 903, 952, 873, 666, 989, 815]), set([849, 322, 940, 765, 79]), set([818, 633, 649, 937, 970, 828]), set([992, 961, 994, 839, 658, 239]), set([833, 850, 995, 885, 473, 811]), set([545, 850, 995, 405, 983, 920]), set([850, 995, 902, 311, 505, 983]), set([712, 954, 19, 586, 973]), set([536, 977, 794, 875, 623]), set([770, 724, 930, 974, 375]), set([680, 930, 886, 974, 158]), set([936, 913, 972, 965, 941]), set([844, 929, 914, 988, 621]), set([986, 967, 980, 374, 943]), set([978, 955, 948, 279]), set([914, 332, 918, 958])]
args__________ ([set([544, 832, 804, 934, 807, 778, 748, 847, 944, 946, 949, 760, 897]), set([914, 332, 918, 958])],)
args__________ ([set([772, 904, 636, 472, 761, 602, 831, 892, 895]), set([978, 955, 948, 279])],)
args__________ ([set([608, 673, 771, 871, 744, 554, 835, 569, 859]), set([986, 967, 980, 374, 943])],)
args__________ ([set([900, 838, 584, 906, 401, 851, 437, 822, 740]), set([844, 929, 914, 988, 621])],)
args__________ ([set([676, 487, 751, 725, 887, 890, 731, 853]), set([936, 913, 972, 965, 941])],)
args__________ ([set([802, 739, 965, 936, 941, 560, 913, 915, 755, 866]), set([680, 930, 886, 974, 158])],)
args__________ ([set([449, 907, 969, 555, 909, 782, 306, 891]), set([770, 724, 930, 974, 375])],)
args__________ ([set([996, 816, 786, 467, 852, 854, 951, 729, 924]), set([536, 977, 794, 875, 623])],)
args__________ ([set([912, 674, 899, 552, 780, 13, 543]), set([712, 954, 19, 586, 973])],)
args__________ ([set([963, 997, 1000, 938, 939, 942, 803, 750, 982, 956, 947, 757]), set([850, 995, 902, 311, 505, 983])],)
args__________ ([set([836, 968, 842, 301, 759, 792, 796, 925])],)
args__________ ([set([993, 932, 613, 971, 876, 878, 975, 910, 921, 990, 901])],)
args__________ ([set([966, 998, 745, 754, 820, 950, 628, 667])],)
args__________ ([set([800, 644, 695, 443, 637, 606])],)
args__________ ([set([737, 679, 248, 795, 861, 687])],)
args__________ ([set([177, 978, 883, 789, 776, 955, 735])],)
args__________ ([set([304, 145, 564, 917, 905, 732])],)
args__________ ([set([896, 881, 547, 923, 716, 781, 957])],)
args__________ ([set([579, 884, 984, 793, 922, 364, 862])],)
args__________ ([set([867, 837, 728, 985, 827, 141, 959])],)
args__________ ([set([824, 417, 826, 139, 444])],)
args__________ ([set([945, 347, 5, 553, 987, 845])],)
args__________ ([set([880, 193, 530, 711, 858, 991])],)
args__________ ([set([734, 929, 931, 933, 953, 844, 526])],)
args__________ ([set([864, 88, 903, 952, 873, 893, 989])],)
args__________ ([set([978, 499, 68, 856, 883, 955])],)
args__________ ([set([976, 903, 952, 873, 666, 989, 815])],)
args__________ ([set([849, 322, 940, 765, 79])],)
args__________ ([set([818, 633, 649, 937, 970, 828])],)
args__________ ([set([992, 961, 994, 839, 658, 239])],)
args__________ ([set([833, 850, 995, 885, 473, 811])],)
args__________ ([set([545, 850, 995, 405, 983, 920])],)
finish process___________________
sorted nodes by betweenness [1, 3, 18, 22, 24, 31, 49, 52, 53, 57, 64, 104, 121, 129, 136, 137, 143, 144, 151, 160, 170, 171, 174, 175, 181, 188, 194, 203, 213, 234, 247, 265, 266, 270, 271, 275, 276, 309, 316, 339, 354, 355, 376, 414, 418, 431, 438, 439, 441, 446, 455, 489, 496, 501, 508, 517, 518, 522, 531, 542, 551, 559, 562, 568, 580, 590, 599, 603, 609, 610, 611, 632, 635, 639, 641, 652, 657, 663, 665, 668, 672, 685, 710, 733, 743, 764, 767, 788, 791, 797, 798, 806, 813, 840, 841, 846, 855, 872, 898, 979]
args__________ ([[1, 930, 776]],)
args__________ ([[3, 640]],)
args__________ ([[312, 18, 899, 678, 607]],)
args__________ ([[22, 995, 700]],)
args__________ ([[535, 940, 550, 24, 692]],)
args__________ ([[31, 865, 872]],)
args__________ ([[49, 608, 983]],)
args__________ ([[52, 936, 946]],)
args__________ ([[53, 963]],)
args__________ ([[57, 996, 987]],)
args__________ ([[64, 966, 972]],)
args__________ ([[104, 969, 704, 762, 907]],)
args__________ ([[121, 943, 849]],)
args__________ ([[128, 129]],)
args__________ ([[35, 136]],)
args__________ ([[137, 962, 970]],)
args__________ ([[143, 741, 991]],)
args__________ ([[144, 899]],)
args__________ ([[106, 151]],)
args__________ ([[160, 917, 987]],)
args__________ ([[170, 928, 246]],)
args__________ ([[29, 171, 957]],)
args__________ ([[174, 930]],)
args__________ ([[175, 768]],)
args__________ ([[181, 974, 991]],)
args__________ ([[188, 972, 941]],)
args__________ ([[194, 697, 330]],)
args__________ ([[203, 840, 994]],)
args__________ ([[148, 213]],)
args__________ ([[931, 968, 234]],)
args__________ ([[247, 995, 902]],)
args__________ ([[265, 931, 968]],)
finish single seed process___________________
sorted nodes by betweenness [266, 270, 271, 275, 276, 309, 316, 354, 355, 376, 414, 418, 431, 438, 439, 441, 446, 455, 489, 496, 501, 508, 517, 518, 522, 531, 542, 551, 562, 568, 580, 599, 603, 609, 611, 632, 635, 639, 641, 657, 663, 665, 668, 672, 685, 710, 733, 743, 764, 767, 788, 791, 797, 798, 806, 813, 841, 846, 855, 898, 979]
args__________ ([[266, 995, 984]],)
args__________ ([[270, 640]],)
args__________ ([[271, 840, 872]],)
args__________ ([[275, 973, 941]],)
args__________ ([[276, 976, 903]],)
args__________ ([[309, 995, 605]],)
args__________ ([[316, 960, 947]],)
args__________ ([[354, 875, 817]],)
args__________ ([[355, 769, 977]],)
args__________ ([[376, 705, 978]],)
args__________ ([[958, 964, 414]],)
args__________ ([[418, 960, 956]],)
args__________ ([[431, 872, 724]],)
args__________ ([[113, 804, 438]],)
args__________ ([[439, 716, 957]],)
args__________ ([[441, 903, 873]],)
args__________ ([[446, 960, 996]],)
args__________ ([[455, 869, 766]],)
args__________ ([[266, 713, 489]],)
args__________ ([[496, 549, 905]],)
args__________ ([[501, 967, 988, 980]],)
args__________ ([[508, 967, 980]],)
args__________ ([[517, 936, 972]],)
args__________ ([[518, 912, 796]],)
args__________ ([[385, 923, 522]],)
args__________ ([[302, 989, 531]],)
args__________ ([[542, 964, 888]],)
args__________ ([[68, 962, 551]],)
args__________ ([[176, 881, 562]],)
args__________ ([[568, 911, 973, 885]],)
args__________ ([[580, 838, 983]],)
args__________ ([[599, 932, 646]],)
finish single seed process___________________
sorted nodes by betweenness [603, 609, 611, 632, 635, 639, 657, 663, 665, 668, 672, 685, 710, 733, 743, 764, 767, 788, 791, 797, 798, 806, 813, 841, 846, 855, 898, 979]
args__________ ([[311, 603, 850]],)
args__________ ([[250, 989, 609]],)
args__________ ([[592, 611, 773]],)
args__________ ([[361, 785, 632]],)
args__________ ([[525, 940, 635]],)
args__________ ([[639, 896, 781]],)
args__________ ([[479, 698, 657]],)
args__________ ([[365, 781, 663]],)
args__________ ([[665, 901, 975]],)
args__________ ([[194, 668, 990]],)
args__________ ([[672, 994, 839]],)
args__________ ([[178, 685, 797]],)
args__________ ([[133, 710, 712]],)
args__________ ([[733, 997, 1000, 980]],)
args__________ ([[364, 869, 743]],)
args__________ ([[109, 928, 764, 927]],)
args__________ ([[91, 977, 767]],)
args__________ ([[657, 919, 788]],)
args__________ ([[572, 769, 874, 791]],)
args__________ ([[315, 883, 955, 797]],)
args__________ ([[696, 798, 738, 983]],)
args__________ ([[865, 995, 920, 806]],)
args__________ ([[589, 920, 983, 813]],)
args__________ ([[499, 856, 955, 841]],)
args__________ ([[430, 680, 846]],)
args__________ ([[153, 949, 855]],)
args__________ ([[963, 997, 1000, 982, 898]],)
args__________ ([[625, 953, 929, 734, 979]],)
finish single seed process___________________
i =  0 [897, 748, 778, 274, 153, 28, 544, 804, 934, 807, 944, 946, 949, 832, 329, 847, 80, 348, 225, 486, 236, 368, 113, 760]
i =  1 [768, 2, 918, 394, 526, 914, 662, 664, 541, 69, 929, 931, 420, 933, 297, 812, 686, 184, 953, 445, 958, 197, 33, 332, 844, 210, 734, 491, 621, 625]
i =  2 [772, 904, 152, 36, 425, 43, 429, 436, 831, 192, 454, 596, 597, 472, 602, 226, 892, 369, 244, 631, 761, 895, 636, 511]
i =  3 [776, 521, 269, 783, 789, 279, 286, 164, 557, 177, 883, 948, 955, 735, 320, 705, 68, 72, 978, 598, 856, 351, 315, 485, 494, 499, 125]
i =  4 [259, 771, 281, 539, 673, 475, 554, 427, 434, 694, 569, 59, 608, 67, 801, 469, 859, 96, 612, 871, 744, 835]
i =  5 [387, 132, 645, 8, 524, 660, 548, 805, 808, 556, 943, 688, 435, 821, 60, 967, 336, 82, 980, 981, 986, 592, 483, 106, 749, 374, 468, 123]
i =  6 [514, 131, 900, 906, 142, 401, 659, 200, 437, 822, 61, 196, 838, 584, 76, 209, 595, 600, 604, 740, 851, 251]
i =  7 [768, 2, 394, 526, 914, 662, 664, 541, 69, 929, 931, 420, 933, 297, 812, 686, 184, 953, 445, 958, 197, 33, 332, 844, 210, 988, 734, 491, 621, 625]
i =  8 [51, 7, 273, 853, 156, 219, 676, 40, 519, 498, 307, 700, 338, 725, 731, 94, 487, 615, 722, 751, 168, 626, 887, 890, 85, 127]
i =  9 [16, 913, 915, 154, 802, 936, 172, 941, 47, 560, 565, 186, 319, 321, 965, 972, 331, 588, 93, 866, 739, 356, 240, 755, 120, 254]
i =  10 [16, 913, 915, 154, 802, 936, 172, 941, 47, 560, 565, 186, 319, 321, 965, 331, 588, 93, 866, 739, 356, 240, 755, 120, 254]
i =  11 [770, 391, 11, 130, 430, 283, 158, 671, 930, 433, 680, 775, 814, 561, 819, 30, 185, 799, 451, 974, 719, 724, 334, 343, 857, 591, 506, 886, 375, 378, 383]
i =  12 [257, 773, 907, 12, 909, 782, 149, 704, 294, 555, 306, 576, 449, 195, 452, 969, 74, 460, 397, 211, 267, 233, 241, 243, 762, 891, 380]
i =  13 [770, 391, 11, 130, 814, 283, 158, 671, 930, 433, 680, 775, 430, 561, 819, 30, 185, 799, 451, 974, 719, 724, 334, 343, 857, 591, 506, 886, 375, 378, 383]
i =  14 [643, 854, 651, 786, 533, 412, 38, 924, 426, 816, 951, 440, 707, 458, 204, 81, 467, 852, 86, 729, 476, 996, 357, 107, 492, 371]
i =  15 [769, 747, 133, 6, 268, 17, 146, 916, 407, 536, 794, 26, 670, 165, 45, 691, 572, 450, 70, 456, 206, 977, 83, 91, 481, 874, 875, 623, 624, 510]
i =  16 [642, 899, 780, 13, 912, 147, 148, 27, 543, 290, 678, 552, 312, 415, 583, 73, 674, 718, 466, 340, 607, 272, 877, 112, 296, 400, 784]
i =  17 [256, 261, 648, 9, 650, 911, 19, 919, 408, 538, 285, 546, 810, 299, 173, 817, 954, 317, 318, 65, 712, 586, 587, 973, 207, 720, 337, 215, 403, 638, 126]
i =  18 [260, 790, 774, 908, 15, 656, 406, 155, 803, 938, 939, 942, 947, 699, 956, 191, 963, 757, 84, 982, 601, 95, 997, 870, 231, 1000, 750, 245, 889, 575]
i =  19 [388, 902, 727, 396, 785, 661, 89, 920, 25, 461, 927, 928, 545, 811, 563, 311, 696, 377, 833, 589, 77, 850, 983, 473, 865, 738, 995, 617, 109, 885, 505, 405]
i =  20 [392, 10, 792, 796, 669, 159, 423, 300, 301, 925, 50, 54, 313, 706, 836, 199, 968, 842, 341, 214, 736, 232, 490, 935, 759, 253]
i =  21 [901, 264, 66, 910, 20, 277, 409, 921, 410, 289, 34, 932, 421, 41, 42, 432, 58, 962, 715, 326, 971, 975, 344, 346, 570, 990, 863, 993, 227, 100, 613, 103, 876, 878, 882, 381]
i =  22 [513, 134, 667, 413, 116, 966, 820, 950, 183, 825, 442, 574, 447, 582, 593, 345, 730, 869, 998, 616, 745, 235, 111, 754, 628, 379]
i =  23 [128, 640, 644, 389, 905, 145, 917, 280, 284, 800, 549, 424, 304, 180, 695, 564, 443, 471, 474, 732, 606, 224, 482, 363, 373, 637]
i =  24 [512, 795, 35, 679, 46, 687, 690, 566, 411, 701, 703, 714, 75, 717, 723, 220, 861, 223, 737, 868, 110, 497, 372, 248, 63, 766]
i =  25 [776, 521, 269, 783, 789, 279, 286, 164, 557, 177, 883, 955, 735, 320, 705, 68, 72, 978, 598, 856, 351, 315, 485, 494, 499, 125]
i =  26 [640, 128, 644, 389, 905, 145, 917, 280, 284, 800, 549, 424, 304, 564, 695, 180, 443, 471, 474, 732, 606, 224, 482, 363, 373, 637]
i =  27 [896, 385, 779, 781, 529, 923, 547, 303, 176, 305, 308, 571, 957, 190, 964, 325, 327, 328, 716, 90, 229, 101, 360, 365, 881, 62, 888, 252]
i =  28 [515, 4, 395, 793, 922, 416, 292, 166, 169, 179, 756, 187, 702, 579, 453, 205, 342, 984, 477, 862, 353, 99, 484, 422, 742, 359, 364, 367, 884, 830, 758, 634]
i =  29 [384, 258, 516, 534, 262, 135, 141, 399, 216, 278, 44, 689, 310, 823, 827, 959, 577, 708, 837, 457, 843, 462, 208, 470, 728, 985, 222, 352, 98, 867, 118, 763]
i =  30 [646, 139, 14, 282, 540, 29, 417, 162, 419, 37, 683, 824, 826, 444, 573, 201, 333, 464, 726, 218, 221, 741, 230, 361, 620, 752, 753, 114, 255]
i =  31 [5, 647, 654, 527, 402, 21, 537, 157, 161, 987, 553, 682, 684, 945, 829, 198, 845, 463, 465, 347, 655, 228, 358, 366, 879, 370, 502, 122, 507, 509]
i =  32 [520, 777, 530, 39, 295, 809, 428, 558, 48, 567, 960, 193, 711, 202, 119, 594, 858, 860, 350, 991, 618, 167, 622, 880, 117, 246, 503, 249]
i =  33 [768, 2, 394, 526, 914, 662, 664, 541, 69, 929, 931, 420, 933, 297, 812, 686, 184, 953, 445, 958, 197, 33, 332, 844, 210, 734, 491, 621, 625]
i =  34 [386, 903, 393, 140, 237, 23, 666, 291, 302, 815, 182, 952, 480, 834, 323, 976, 721, 88, 92, 989, 864, 873, 746, 108, 493, 242, 605, 250, 893, 894]
i =  35 [776, 521, 269, 783, 789, 279, 286, 164, 557, 177, 351, 499, 315, 320, 705, 68, 72, 978, 598, 856, 735, 955, 485, 494, 883, 125]
i =  36 [386, 903, 393, 140, 237, 23, 666, 291, 302, 815, 182, 952, 864, 834, 323, 976, 721, 88, 92, 989, 480, 873, 746, 108, 493, 242, 894, 250, 893, 605]
i =  37 [390, 263, 322, 787, 150, 535, 550, 940, 692, 698, 578, 324, 709, 459, 78, 525, 849, 79, 479, 97, 102, 495, 627, 629, 630, 504, 765]
i =  38 [649, 398, 404, 926, 32, 681, 818, 178, 55, 697, 828, 330, 288, 581, 970, 335, 848, 87, 349, 488, 362, 532, 500, 937, 633, 124]
i =  39 [138, 523, 653, 528, 658, 287, 675, 293, 298, 71, 693, 713, 56, 314, 189, 448, 961, 839, 585, 163, 212, 217, 478, 677, 992, 994, 614, 999, 105, 619, 238, 239, 115, 382]
i =  40 [388, 902, 983, 396, 785, 405, 89, 920, 25, 461, 927, 928, 545, 811, 563, 311, 696, 377, 833, 589, 77, 850, 727, 473, 865, 738, 995, 617, 109, 885, 505, 661]
i =  41 [388, 902, 983, 396, 785, 661, 473, 920, 25, 461, 927, 928, 545, 811, 563, 311, 696, 377, 833, 589, 77, 850, 727, 89, 865, 738, 995, 617, 109, 885, 505, 405]
i =  42 [1, 776, 521, 269, 783, 789, 279, 286, 930, 164, 557, 177, 499, 955, 735, 320, 705, 68, 72, 978, 598, 856, 351, 315, 485, 494, 883, 125]
i =  43 [640, 128, 3, 644, 389, 905, 145, 917, 280, 284, 800, 549, 38, 424, 304, 564, 695, 180, 443, 471, 474, 732, 606, 224, 482, 363, 373, 637]
i =  44 [642, 899, 780, 13, 912, 18, 147, 148, 27, 543, 290, 678, 552, 312, 415, 583, 73, 674, 718, 466, 340, 607, 400, 877, 272, 112, 296, 784]
i =  45 [7, 307, 273, 22, 25, 156, 34, 219, 676, 40, 519, 853, 498, 51, 700, 338, 725, 731, 94, 995, 487, 615, 722, 751, 168, 626, 887, 890, 85, 127]
i =  46 [390, 263, 525, 787, 150, 535, 24, 550, 940, 692, 698, 578, 324, 709, 459, 322, 78, 79, 849, 479, 97, 102, 495, 627, 629, 630, 504, 765]
i =  47 [130, 391, 11, 770, 15, 814, 283, 30, 31, 930, 433, 680, 775, 430, 561, 819, 158, 185, 671, 799, 451, 974, 719, 724, 334, 343, 857, 591, 378, 865, 872, 886, 375, 506, 383]
i =  48 [259, 771, 281, 539, 801, 475, 554, 427, 49, 434, 694, 569, 59, 608, 67, 673, 469, 983, 859, 96, 612, 871, 744, 835]
i =  49 [16, 913, 915, 154, 802, 936, 172, 941, 47, 560, 946, 52, 565, 186, 319, 321, 965, 331, 588, 93, 866, 739, 356, 240, 755, 120, 254]
i =  50 [6, 7, 139, 14, 15, 282, 540, 29, 417, 162, 419, 646, 683, 51, 53, 824, 826, 444, 573, 191, 963, 201, 333, 206, 464, 774, 726, 218, 221, 37, 481, 741, 230, 361, 620, 752, 753, 114, 255]
i =  51 [3, 5, 647, 654, 655, 402, 21, 537, 157, 161, 347, 38, 553, 682, 684, 945, 57, 829, 198, 204, 845, 463, 465, 527, 228, 987, 996, 358, 107, 366, 879, 370, 371, 502, 122, 507, 509]
i =  52 [769, 2, 747, 133, 6, 7, 11, 268, 17, 146, 916, 407, 536, 794, 26, 670, 134, 45, 691, 572, 64, 450, 966, 456, 203, 972, 206, 977, 83, 91, 165, 481, 70, 874, 875, 623, 624, 582, 510]
i =  53 [257, 773, 267, 12, 909, 782, 149, 576, 294, 555, 306, 704, 449, 195, 452, 969, 74, 460, 397, 211, 104, 233, 907, 241, 243, 762, 891, 380]
i =  54 [387, 132, 645, 8, 524, 660, 548, 805, 808, 556, 943, 688, 435, 821, 60, 967, 336, 849, 82, 468, 981, 592, 483, 106, 749, 374, 121, 123, 980]
i =  55 [128, 129, 247]
i =  56 [136, 35]
i =  57 [649, 652, 194, 398, 404, 137, 410, 926, 31, 32, 165, 681, 42, 818, 178, 55, 697, 828, 970, 288, 66, 581, 633, 330, 590, 335, 848, 87, 349, 962, 227, 488, 362, 532, 500, 937, 20, 124]
i =  58 [520, 777, 10, 143, 530, 39, 295, 809, 428, 558, 48, 567, 960, 193, 711, 202, 119, 594, 858, 860, 350, 991, 741, 618, 167, 622, 880, 117, 246, 503, 249]
i =  59 [642, 899, 780, 13, 912, 18, 147, 148, 27, 543, 290, 678, 552, 312, 415, 583, 73, 674, 718, 466, 340, 607, 144, 877, 272, 112, 296, 400, 784]
i =  60 [106, 151]
i =  61 [128, 640, 644, 389, 647, 905, 654, 655, 145, 402, 917, 280, 537, 284, 157, 5, 160, 161, 347, 549, 424, 553, 682, 684, 304, 945, 564, 695, 180, 443, 829, 800, 198, 509, 845, 463, 465, 471, 527, 474, 987, 732, 606, 224, 482, 228, 358, 363, 366, 879, 370, 373, 502, 122, 507, 637, 21]
i =  62 [520, 777, 530, 39, 928, 295, 809, 170, 428, 558, 559, 48, 50, 54, 567, 960, 193, 711, 202, 119, 77, 594, 858, 860, 350, 991, 618, 167, 109, 622, 880, 117, 246, 503, 249]
i =  63 [896, 385, 171, 779, 781, 529, 923, 29, 547, 43, 303, 176, 305, 308, 571, 957, 190, 964, 325, 327, 328, 716, 90, 229, 101, 360, 365, 881, 62, 888, 252]
i =  64 [1, 770, 391, 11, 130, 814, 283, 158, 671, 930, 430, 433, 680, 775, 174, 561, 819, 30, 185, 799, 451, 334, 719, 724, 974, 343, 857, 591, 506, 610, 886, 375, 378, 383]
i =  65 [768, 2, 394, 526, 914, 662, 664, 541, 197, 33, 931, 420, 933, 297, 812, 686, 175, 184, 953, 445, 958, 69, 929, 332, 844, 205, 210, 734, 491, 621, 625]
i =  66 [520, 777, 10, 530, 167, 39, 809, 171, 428, 558, 48, 181, 567, 960, 193, 711, 202, 119, 974, 594, 858, 860, 350, 991, 618, 295, 622, 880, 117, 246, 503, 249]
i =  67 [2, 7, 11, 16, 913, 915, 154, 802, 936, 172, 941, 47, 560, 565, 186, 188, 319, 321, 965, 972, 331, 588, 93, 866, 739, 356, 240, 755, 120, 254]
i =  68 [136, 649, 398, 404, 926, 288, 681, 178, 818, 55, 697, 828, 970, 32, 194, 581, 633, 330, 335, 848, 87, 349, 488, 362, 500, 937, 532, 124]
i =  69 [138, 523, 653, 528, 658, 287, 675, 677, 298, 839, 693, 585, 56, 314, 189, 448, 961, 71, 840, 713, 203, 163, 212, 217, 478, 293, 992, 994, 614, 999, 105, 619, 238, 239, 115, 382]
i =  70 [19, 65, 198, 586, 207, 339, 148, 213, 650]
i =  71 [669, 2, 392, 265, 10, 528, 792, 796, 541, 159, 931, 423, 300, 301, 925, 50, 54, 313, 706, 836, 199, 968, 842, 341, 214, 736, 232, 490, 935, 759, 234, 253]
i =  72 [388, 902, 983, 396, 785, 661, 473, 920, 25, 589, 927, 928, 545, 811, 563, 311, 696, 377, 833, 461, 77, 850, 727, 89, 865, 738, 995, 617, 109, 885, 247, 505, 405]
i =  73 [669, 2, 392, 265, 10, 528, 792, 796, 541, 159, 931, 423, 300, 301, 925, 50, 54, 313, 706, 836, 199, 968, 842, 341, 214, 736, 232, 490, 935, 759, 234, 253]
i =  74 [515, 4, 266, 395, 793, 922, 416, 292, 166, 169, 179, 756, 187, 830, 579, 453, 205, 995, 342, 984, 477, 862, 353, 99, 484, 422, 742, 359, 364, 367, 884, 702, 758, 634]
i =  75 [640, 128, 3, 644, 389, 905, 270, 145, 917, 280, 284, 800, 549, 38, 424, 304, 564, 695, 180, 443, 471, 474, 732, 606, 224, 482, 363, 373, 637]
i =  76 [770, 391, 11, 130, 271, 814, 283, 30, 799, 930, 433, 680, 775, 430, 561, 819, 158, 185, 671, 451, 840, 334, 719, 724, 974, 343, 857, 591, 378, 872, 886, 375, 506, 383]
i =  77 [256, 645, 321, 648, 9, 650, 911, 16, 913, 19, 254, 919, 408, 154, 285, 261, 802, 936, 810, 299, 172, 941, 174, 47, 560, 817, 755, 565, 954, 316, 317, 318, 319, 65, 331, 196, 965, 712, 586, 587, 588, 546, 973, 720, 173, 215, 538, 207, 186, 866, 739, 356, 337, 275, 93, 240, 915, 126, 120, 403, 638]
i =  78 [386, 903, 393, 140, 237, 276, 23, 666, 291, 302, 815, 182, 952, 864, 834, 323, 976, 721, 88, 92, 989, 480, 873, 746, 108, 493, 242, 605, 250, 893, 894]
i =  79 [386, 903, 393, 140, 493, 22, 23, 25, 666, 34, 291, 302, 815, 309, 182, 952, 480, 834, 323, 77, 976, 721, 88, 92, 989, 864, 995, 873, 746, 108, 237, 242, 605, 250, 893, 894]
i =  80 [3, 520, 777, 530, 295, 167, 809, 428, 558, 48, 947, 567, 60, 960, 193, 711, 202, 119, 594, 858, 860, 350, 991, 316, 618, 39, 622, 880, 117, 246, 503, 249]
i =  81 [641, 747, 133, 6, 769, 268, 17, 146, 916, 407, 536, 26, 794, 670, 165, 45, 817, 691, 572, 450, 70, 456, 206, 977, 83, 91, 481, 354, 874, 875, 623, 624, 510]
i =  82 [769, 747, 133, 6, 268, 17, 146, 916, 407, 536, 26, 794, 670, 165, 45, 691, 572, 450, 70, 456, 206, 977, 83, 91, 481, 355, 874, 875, 623, 624, 510]
i =  83 [776, 521, 269, 783, 789, 279, 286, 164, 557, 177, 351, 883, 315, 320, 705, 68, 72, 978, 598, 856, 735, 955, 485, 494, 499, 376, 125]
i =  84 [768, 896, 2, 22, 385, 394, 779, 12, 781, 526, 365, 529, 914, 662, 664, 923, 541, 414, 69, 929, 931, 420, 933, 325, 881, 297, 812, 686, 303, 176, 305, 308, 184, 953, 571, 445, 958, 964, 197, 327, 328, 716, 844, 190, 888, 210, 547, 332, 90, 734, 101, 229, 360, 491, 621, 957, 625, 62, 376, 33, 252]
i =  85 [3, 520, 777, 530, 39, 418, 295, 809, 428, 558, 48, 567, 60, 960, 193, 711, 202, 119, 594, 84, 858, 860, 350, 991, 956, 618, 167, 622, 880, 117, 246, 503, 249]
i =  86 [130, 391, 11, 770, 814, 283, 30, 671, 930, 433, 680, 775, 430, 431, 561, 819, 158, 185, 799, 451, 974, 719, 724, 334, 343, 857, 591, 378, 872, 886, 375, 506, 383]
i =  87 [138, 523, 653, 528, 658, 153, 287, 675, 804, 677, 298, 839, 693, 438, 713, 56, 314, 189, 448, 961, 71, 585, 78, 163, 212, 217, 478, 293, 992, 994, 614, 999, 105, 619, 238, 239, 112, 113, 115, 382]
i =  88 [896, 385, 779, 781, 529, 923, 547, 303, 176, 305, 308, 439, 571, 957, 62, 964, 325, 327, 328, 716, 90, 101, 229, 360, 365, 881, 190, 888, 252]
i =  89 [386, 903, 393, 140, 237, 23, 666, 291, 302, 815, 182, 952, 441, 480, 834, 323, 976, 721, 88, 92, 989, 864, 873, 746, 108, 493, 242, 605, 250, 893, 894]
i =  90 [3, 86, 520, 777, 651, 530, 643, 533, 412, 816, 38, 39, 809, 426, 428, 558, 48, 567, 440, 60, 458, 446, 295, 960, 193, 707, 711, 202, 951, 204, 81, 594, 467, 852, 854, 729, 858, 476, 350, 991, 107, 996, 357, 860, 924, 167, 492, 786, 622, 880, 371, 117, 246, 503, 249, 119, 618]
i =  91 [512, 24, 795, 35, 679, 46, 687, 690, 566, 411, 701, 703, 455, 714, 75, 717, 723, 220, 861, 223, 737, 868, 869, 110, 497, 372, 248, 63, 766]
i =  92 [266, 523, 653, 528, 658, 287, 675, 677, 298, 839, 174, 693, 138, 585, 56, 314, 189, 448, 961, 71, 713, 163, 212, 217, 478, 293, 992, 994, 614, 999, 105, 619, 238, 239, 115, 489, 382]
i =  93 [128, 640, 644, 389, 905, 145, 917, 280, 284, 800, 549, 424, 304, 180, 695, 564, 443, 471, 474, 732, 606, 224, 482, 363, 496, 373, 637]
i =  94 [387, 132, 645, 8, 524, 660, 548, 805, 808, 556, 943, 688, 435, 821, 60, 967, 336, 82, 980, 981, 988, 592, 483, 106, 749, 501, 374, 468, 123]
i =  95 [387, 132, 645, 8, 524, 660, 548, 805, 808, 556, 943, 688, 435, 821, 60, 967, 336, 82, 980, 981, 592, 483, 106, 749, 374, 468, 123, 508]
i =  96 [2, 517, 7, 11, 16, 913, 915, 154, 802, 936, 172, 941, 47, 560, 565, 186, 319, 321, 965, 972, 331, 588, 93, 866, 739, 356, 240, 755, 120, 254]
i =  97 [642, 3, 518, 9, 10, 780, 13, 272, 18, 147, 148, 27, 796, 543, 290, 678, 552, 312, 415, 583, 73, 674, 718, 466, 340, 607, 912, 877, 112, 296, 400, 899, 784]
i =  98 [896, 385, 522, 779, 781, 529, 923, 547, 303, 176, 305, 308, 571, 957, 62, 964, 325, 327, 328, 716, 90, 101, 229, 360, 365, 881, 190, 888, 252]
i =  99 [386, 903, 393, 140, 493, 531, 23, 666, 291, 302, 815, 53, 182, 952, 480, 834, 323, 976, 721, 88, 92, 989, 864, 873, 746, 108, 237, 242, 605, 250, 893, 894]
i =  100 [896, 385, 779, 781, 529, 923, 542, 547, 303, 176, 305, 308, 571, 957, 62, 964, 325, 327, 328, 716, 90, 101, 229, 360, 365, 881, 190, 888, 252]
i =  101 [901, 264, 66, 910, 20, 277, 921, 409, 410, 289, 34, 932, 421, 551, 41, 42, 432, 58, 962, 971, 68, 326, 715, 975, 344, 346, 570, 990, 863, 993, 227, 100, 613, 103, 876, 878, 882, 381]
i =  102 [896, 385, 779, 781, 529, 923, 547, 303, 176, 305, 562, 308, 58, 571, 957, 62, 964, 325, 327, 328, 716, 90, 101, 229, 360, 365, 881, 190, 888, 252]
i =  103 [256, 261, 648, 9, 650, 911, 19, 919, 408, 538, 285, 546, 810, 299, 173, 817, 568, 954, 317, 318, 65, 712, 586, 587, 973, 207, 720, 337, 215, 638, 403, 885, 126]
i =  104 [514, 131, 900, 906, 142, 401, 659, 196, 49, 437, 822, 61, 580, 838, 584, 76, 209, 595, 983, 600, 604, 740, 851, 505, 251, 200]
i =  105 [901, 646, 264, 66, 910, 20, 277, 409, 921, 410, 289, 34, 932, 421, 41, 42, 432, 58, 962, 715, 326, 971, 975, 599, 344, 346, 570, 990, 863, 993, 227, 100, 613, 103, 876, 878, 882, 381]
i =  106 [388, 902, 727, 396, 785, 405, 89, 920, 25, 461, 927, 928, 545, 811, 563, 311, 696, 833, 505, 589, 77, 850, 983, 473, 603, 865, 738, 995, 617, 109, 885, 377, 661]
i =  107 [386, 903, 393, 140, 237, 23, 666, 291, 302, 815, 182, 952, 480, 834, 323, 976, 721, 88, 92, 989, 864, 609, 873, 746, 108, 493, 242, 605, 250, 893, 894]
i =  108 [257, 3, 132, 773, 907, 12, 397, 782, 149, 704, 294, 555, 306, 576, 449, 195, 452, 969, 74, 460, 909, 592, 211, 267, 611, 233, 241, 243, 762, 891, 380]
i =  109 [133, 6, 139, 14, 785, 282, 540, 29, 417, 162, 419, 646, 683, 824, 826, 444, 573, 201, 333, 464, 726, 218, 221, 37, 98, 741, 230, 361, 620, 752, 753, 114, 632, 255]
i =  110 [390, 263, 525, 787, 150, 535, 24, 550, 940, 692, 698, 578, 324, 709, 459, 322, 78, 79, 849, 479, 97, 102, 495, 627, 629, 630, 504, 635, 765]
i =  111 [896, 385, 779, 781, 529, 923, 547, 303, 176, 305, 308, 571, 957, 62, 964, 325, 327, 328, 716, 90, 101, 229, 360, 365, 881, 190, 888, 252, 639]
i =  112 [390, 263, 322, 657, 787, 150, 535, 24, 550, 940, 692, 698, 578, 324, 709, 459, 78, 525, 849, 79, 479, 97, 102, 495, 627, 629, 630, 504, 765]
i =  113 [896, 385, 779, 781, 529, 663, 923, 547, 303, 176, 305, 308, 571, 957, 190, 964, 325, 327, 328, 716, 90, 229, 101, 360, 365, 239, 881, 62, 888, 252]
i =  114 [901, 264, 66, 910, 921, 20, 277, 409, 665, 410, 289, 34, 932, 421, 41, 42, 432, 58, 962, 715, 326, 971, 975, 344, 346, 570, 990, 863, 993, 227, 100, 613, 103, 876, 878, 882, 381]
i =  115 [901, 6, 264, 66, 14, 20, 277, 921, 409, 410, 668, 289, 34, 932, 421, 41, 42, 432, 570, 194, 971, 326, 715, 975, 910, 344, 346, 58, 990, 863, 962, 993, 227, 100, 613, 103, 876, 878, 882, 381]
i =  116 [138, 523, 653, 528, 658, 287, 672, 675, 677, 298, 71, 693, 713, 56, 314, 189, 448, 961, 839, 585, 163, 212, 217, 478, 293, 992, 994, 614, 999, 105, 619, 238, 239, 115, 382]
i =  117 [649, 398, 404, 797, 926, 32, 937, 171, 685, 221, 178, 55, 697, 828, 970, 288, 194, 581, 70, 330, 335, 848, 87, 349, 488, 362, 107, 29, 532, 500, 681, 633, 818, 124]
i =  118 [256, 133, 6, 648, 9, 650, 14, 911, 19, 919, 408, 538, 285, 261, 546, 810, 299, 173, 817, 954, 317, 318, 65, 710, 712, 586, 587, 973, 207, 720, 337, 215, 403, 638, 126]
i =  119 [260, 790, 774, 908, 15, 656, 406, 155, 947, 803, 938, 939, 942, 435, 699, 956, 575, 963, 245, 84, 982, 601, 733, 95, 997, 870, 231, 1000, 750, 757, 889, 191, 980]
i =  120 [513, 134, 667, 413, 116, 966, 820, 950, 183, 825, 442, 574, 447, 582, 74, 593, 345, 730, 869, 998, 743, 616, 745, 235, 364, 111, 754, 628, 379]
i =  121 [388, 902, 983, 396, 785, 405, 473, 920, 25, 589, 927, 928, 545, 811, 563, 311, 696, 377, 833, 461, 77, 850, 727, 89, 865, 738, 995, 617, 109, 885, 505, 764, 661]
i =  122 [769, 875, 133, 6, 268, 17, 146, 916, 407, 536, 26, 794, 670, 165, 45, 691, 572, 450, 70, 456, 206, 977, 83, 91, 481, 874, 747, 623, 624, 510, 767]
i =  123 [256, 261, 7, 648, 9, 650, 173, 17, 19, 788, 919, 408, 538, 285, 546, 810, 299, 45, 817, 51, 954, 317, 318, 65, 450, 712, 586, 587, 973, 207, 720, 337, 215, 474, 911, 657, 114, 403, 638, 126]
i =  124 [769, 875, 133, 6, 791, 268, 17, 146, 916, 407, 536, 26, 794, 670, 165, 45, 691, 572, 450, 70, 456, 206, 977, 83, 91, 481, 874, 747, 623, 624, 510]
i =  125 [776, 521, 269, 783, 789, 279, 797, 286, 164, 557, 177, 351, 883, 955, 320, 705, 68, 72, 978, 598, 856, 735, 315, 485, 494, 499, 125]
i =  126 [388, 902, 983, 396, 785, 661, 473, 920, 25, 461, 798, 927, 928, 545, 811, 563, 311, 696, 377, 833, 589, 77, 850, 727, 89, 865, 738, 995, 617, 109, 885, 505, 405]
i =  127 [388, 902, 983, 396, 785, 405, 473, 920, 25, 589, 927, 928, 545, 806, 811, 563, 311, 696, 377, 833, 461, 77, 850, 727, 89, 865, 738, 995, 617, 109, 885, 505, 661]
i =  128 [388, 902, 727, 396, 785, 661, 89, 920, 25, 461, 927, 928, 545, 811, 813, 563, 311, 696, 377, 833, 589, 77, 850, 983, 473, 865, 738, 995, 617, 109, 885, 505, 405]
i =  129 [776, 521, 269, 783, 789, 279, 286, 164, 557, 177, 883, 315, 735, 320, 705, 68, 72, 841, 978, 598, 856, 351, 955, 485, 494, 499, 125]
i =  130 [770, 391, 11, 130, 430, 283, 158, 799, 930, 433, 680, 775, 814, 561, 819, 334, 30, 185, 671, 451, 846, 719, 724, 974, 343, 857, 591, 506, 872, 886, 375, 378, 383]
i =  131 [897, 748, 778, 271, 16, 274, 153, 28, 544, 368, 804, 934, 807, 944, 946, 949, 309, 832, 329, 78, 847, 80, 855, 348, 225, 486, 236, 112, 113, 760]
i =  132 [898, 260, 406, 774, 908, 15, 656, 790, 155, 803, 938, 939, 942, 947, 699, 956, 191, 963, 757, 84, 982, 601, 95, 997, 870, 231, 1000, 750, 245, 889, 575]
i =  133 [768, 2, 394, 526, 914, 662, 664, 541, 197, 929, 931, 420, 933, 297, 812, 686, 184, 953, 445, 958, 69, 33, 332, 844, 210, 979, 734, 491, 621, 625]
finish get all communities
complete deal_communities
commplete get_all_nature_community
----------------------------------The detection result is: 

all communities: 
i =  1 : [36, 43, 152, 192, 226, 244, 369, 425, 429, 436, 454, 472, 511, 596, 597, 602, 631, 636, 761, 772, 831, 892, 895, 904]
i =  2 : [44, 98, 118, 135, 141, 208, 216, 222, 258, 262, 278, 310, 352, 384, 399, 457, 462, 470, 516, 534, 577, 689, 708, 728, 763, 823, 827, 837, 843, 867, 959, 985]
i =  3 : [7, 22, 25, 34, 40, 51, 85, 94, 127, 156, 168, 219, 273, 307, 338, 487, 498, 519, 615, 626, 676, 700, 722, 725, 731, 751, 853, 887, 890, 995]
i =  4 : [49, 59, 67, 96, 259, 281, 427, 434, 469, 475, 539, 554, 569, 608, 612, 673, 694, 744, 771, 801, 835, 859, 871, 983]
i =  5 : [3, 5, 21, 38, 57, 107, 122, 157, 161, 198, 204, 228, 347, 358, 366, 370, 371, 402, 463, 465, 502, 507, 509, 527, 537, 553, 647, 654, 655, 682, 684, 829, 845, 879, 945, 987, 996]
i =  6 : [128, 129, 247]
i =  7 : [35, 136]
i =  8 : [106, 151]
i =  9 : [5, 21, 122, 128, 145, 157, 160, 161, 180, 198, 224, 228, 280, 284, 304, 347, 358, 363, 366, 370, 373, 389, 402, 424, 443, 463, 465, 471, 474, 482, 502, 507, 509, 527, 537, 549, 553, 564, 606, 637, 640, 644, 647, 654, 655, 682, 684, 695, 732, 800, 829, 845, 879, 905, 917, 945, 987]
i =  10 : [19, 65, 148, 198, 207, 213, 339, 586, 650]
i =  11 : [2, 10, 50, 54, 159, 199, 214, 232, 234, 253, 265, 300, 301, 313, 341, 392, 423, 490, 528, 541, 669, 706, 736, 759, 792, 796, 836, 842, 925, 931, 935, 968]
i =  12 : [4, 99, 166, 169, 179, 187, 205, 266, 292, 342, 353, 359, 364, 367, 395, 416, 422, 453, 477, 484, 515, 579, 634, 702, 742, 756, 758, 793, 830, 862, 884, 922, 984, 995]
i =  13 : [9, 16, 19, 47, 65, 93, 120, 126, 154, 172, 173, 174, 186, 196, 207, 215, 240, 254, 256, 261, 275, 285, 299, 316, 317, 318, 319, 321, 331, 337, 356, 403, 408, 538, 546, 560, 565, 586, 587, 588, 638, 645, 648, 650, 712, 720, 739, 755, 802, 810, 817, 866, 911, 913, 915, 919, 936, 941, 954, 965, 973]
i =  14 : [2, 12, 22, 33, 62, 69, 90, 101, 176, 184, 190, 197, 210, 229, 252, 297, 303, 305, 308, 325, 327, 328, 332, 360, 365, 376, 385, 394, 414, 420, 445, 491, 526, 529, 541, 547, 571, 621, 625, 662, 664, 686, 716, 734, 768, 779, 781, 812, 844, 881, 888, 896, 914, 923, 929, 931, 933, 953, 957, 958, 964]
i =  15 : [3, 38, 39, 48, 60, 81, 86, 107, 117, 119, 167, 193, 202, 204, 246, 249, 295, 350, 357, 371, 412, 426, 428, 440, 446, 458, 467, 476, 492, 503, 520, 530, 533, 558, 567, 594, 618, 622, 643, 651, 707, 711, 729, 777, 786, 809, 816, 852, 854, 858, 860, 880, 924, 951, 960, 991, 996]
i =  16 : [24, 35, 46, 63, 75, 110, 220, 223, 248, 372, 411, 455, 497, 512, 566, 679, 687, 690, 701, 703, 714, 717, 723, 737, 766, 795, 861, 868, 869]
i =  17 : [49, 61, 76, 131, 142, 196, 200, 209, 251, 401, 437, 505, 514, 580, 584, 595, 600, 604, 659, 740, 822, 838, 851, 900, 906, 983]
i =  18 : [74, 111, 116, 134, 183, 235, 345, 364, 379, 413, 442, 447, 513, 574, 582, 593, 616, 628, 667, 730, 743, 745, 754, 820, 825, 869, 950, 966, 998]
i =  19 : [16, 28, 78, 80, 112, 113, 153, 225, 236, 271, 274, 309, 329, 348, 368, 486, 544, 748, 760, 778, 804, 807, 832, 847, 855, 897, 934, 944, 946, 949]
i =  20 : [6, 7, 14, 15, 29, 37, 51, 53, 98, 114, 133, 139, 162, 191, 201, 206, 218, 221, 230, 255, 282, 333, 361, 417, 419, 444, 464, 481, 540, 573, 620, 632, 646, 683, 726, 741, 752, 753, 774, 785, 824, 826, 963]
i =  21 : [3, 12, 74, 104, 132, 149, 195, 211, 233, 241, 243, 257, 267, 294, 306, 380, 397, 449, 452, 460, 555, 576, 592, 611, 704, 762, 773, 782, 891, 907, 909, 969]
i =  22 : [3, 9, 10, 13, 18, 27, 73, 112, 144, 147, 148, 272, 290, 296, 312, 340, 400, 415, 466, 518, 543, 552, 583, 607, 642, 674, 678, 718, 780, 784, 796, 877, 899, 912]
i =  23 : [3, 38, 128, 145, 180, 224, 270, 280, 284, 304, 363, 373, 389, 424, 443, 471, 474, 482, 496, 549, 564, 606, 637, 640, 644, 695, 732, 800, 905, 917]
i =  24 : [24, 78, 79, 97, 102, 150, 263, 322, 324, 390, 459, 479, 495, 504, 525, 535, 550, 578, 627, 629, 630, 635, 657, 692, 698, 709, 765, 787, 849, 940]
i =  25 : [15, 84, 95, 155, 191, 231, 245, 260, 406, 435, 575, 601, 656, 699, 733, 750, 757, 774, 790, 803, 870, 889, 898, 908, 938, 939, 942, 947, 956, 963, 980, 982, 997, 1000]
i =  26 : [2, 7, 11, 16, 47, 52, 93, 120, 154, 172, 186, 188, 240, 254, 319, 321, 331, 356, 517, 560, 565, 588, 739, 755, 802, 866, 913, 915, 936, 941, 946, 965, 972]
i =  27 : [20, 29, 31, 32, 42, 55, 66, 70, 87, 107, 124, 136, 137, 165, 171, 178, 194, 221, 227, 288, 330, 335, 349, 362, 398, 404, 410, 488, 500, 532, 581, 590, 633, 649, 652, 681, 685, 697, 797, 818, 828, 848, 926, 937, 962, 970]
i =  28 : [6, 7, 9, 14, 17, 19, 45, 51, 65, 114, 126, 133, 173, 207, 215, 256, 261, 285, 299, 317, 318, 337, 403, 408, 450, 474, 538, 546, 568, 586, 587, 638, 648, 650, 657, 710, 712, 720, 788, 810, 817, 885, 911, 919, 954, 973]
i =  29 : [2, 33, 69, 175, 184, 197, 205, 210, 297, 332, 394, 420, 445, 491, 526, 541, 621, 625, 662, 664, 686, 734, 768, 812, 844, 914, 918, 929, 931, 933, 953, 958, 979, 988]
i =  30 : [8, 60, 82, 106, 121, 123, 132, 336, 374, 387, 435, 468, 483, 501, 508, 524, 548, 556, 592, 645, 660, 688, 749, 805, 808, 821, 849, 943, 967, 980, 981, 986, 988]
i =  31 : [56, 71, 78, 105, 112, 113, 115, 138, 153, 163, 174, 189, 203, 212, 217, 238, 239, 266, 287, 293, 298, 314, 382, 438, 448, 478, 489, 523, 528, 585, 614, 619, 653, 658, 672, 675, 677, 693, 713, 804, 839, 840, 961, 992, 994, 999]
i =  32 : [6, 14, 20, 34, 41, 42, 58, 66, 68, 100, 103, 194, 227, 264, 277, 289, 326, 344, 346, 381, 409, 410, 421, 432, 551, 570, 599, 613, 646, 665, 668, 715, 863, 876, 878, 882, 901, 910, 921, 932, 962, 971, 975, 990, 993]
i =  33 : [1, 68, 72, 125, 164, 177, 269, 279, 286, 315, 320, 351, 376, 485, 494, 499, 521, 557, 598, 705, 735, 776, 783, 789, 797, 841, 856, 883, 930, 948, 955, 978]
i =  34 : [1, 11, 15, 30, 31, 130, 158, 174, 185, 271, 283, 334, 343, 375, 378, 383, 391, 430, 431, 433, 451, 506, 561, 591, 610, 671, 680, 719, 724, 770, 775, 799, 814, 819, 840, 846, 857, 865, 872, 886, 930, 974]
i =  35 : [2, 6, 7, 11, 17, 26, 45, 64, 70, 83, 91, 133, 134, 146, 165, 203, 206, 268, 354, 355, 407, 450, 456, 481, 510, 536, 572, 582, 623, 624, 641, 670, 691, 747, 767, 769, 791, 794, 817, 874, 875, 916, 966, 972, 977]
i =  36 : [3, 10, 39, 48, 50, 54, 60, 77, 84, 109, 117, 119, 143, 167, 170, 171, 181, 193, 202, 246, 249, 295, 316, 350, 418, 428, 503, 520, 530, 558, 559, 567, 594, 618, 622, 711, 741, 777, 809, 858, 860, 880, 928, 947, 956, 960, 974, 991]
i =  37 : [22, 23, 25, 34, 53, 77, 88, 92, 108, 140, 182, 237, 242, 250, 276, 291, 302, 309, 323, 386, 393, 441, 480, 493, 531, 605, 609, 666, 721, 746, 815, 834, 864, 873, 893, 894, 903, 952, 976, 989, 995]
i =  38 : [25, 77, 89, 109, 247, 311, 377, 388, 396, 405, 461, 473, 505, 545, 563, 589, 603, 617, 661, 696, 727, 738, 764, 785, 798, 806, 811, 813, 833, 850, 865, 885, 902, 920, 927, 928, 983, 995]
i =  39 : [29, 43, 58, 62, 90, 101, 171, 176, 190, 229, 239, 252, 303, 305, 308, 325, 327, 328, 360, 365, 385, 439, 522, 529, 542, 547, 562, 571, 639, 663, 716, 779, 781, 881, 888, 896, 923, 957, 964]
overlapping nodes are:  [1, 2, 3, 5, 6, 7, 9, 10, 11, 12, 14, 15, 16, 17, 19, 20, 21, 22, 24, 25, 29, 31, 33, 34, 35, 38, 39, 42, 43, 45, 47, 48, 49, 50, 51, 53, 54, 58, 60, 62, 65, 66, 68, 69, 70, 74, 77, 78, 84, 90, 93, 98, 101, 106, 107, 109, 112, 113, 114, 117, 119, 120, 122, 126, 128, 132, 133, 134, 136, 145, 148, 153, 154, 157, 161, 165, 167, 171, 172, 173, 174, 176, 180, 184, 186, 190, 191, 193, 194, 196, 197, 198, 202, 203, 204, 205, 206, 207, 210, 215, 221, 224, 227, 228, 229, 239, 240, 246, 247, 249, 252, 254, 256, 261, 266, 271, 280, 284, 285, 295, 297, 299, 303, 304, 305, 308, 309, 316, 317, 318, 319, 321, 325, 327, 328, 331, 332, 337, 347, 350, 356, 358, 360, 363, 364, 365, 366, 370, 371, 373, 376, 385, 389, 394, 402, 403, 408, 410, 420, 424, 428, 435, 443, 445, 450, 463, 465, 471, 474, 481, 482, 491, 502, 503, 505, 507, 509, 520, 526, 527, 528, 529, 530, 537, 538, 541, 546, 547, 549, 553, 558, 560, 564, 565, 567, 571, 582, 586, 587, 588, 592, 594, 606, 618, 621, 622, 625, 637, 638, 640, 644, 645, 646, 647, 648, 650, 654, 655, 657, 662, 664, 682, 684, 686, 695, 711, 712, 716, 720, 732, 734, 739, 741, 755, 768, 774, 777, 779, 781, 785, 796, 797, 800, 802, 804, 809, 810, 812, 817, 829, 840, 844, 845, 849, 858, 860, 865, 866, 869, 879, 880, 881, 885, 888, 896, 905, 911, 913, 914, 915, 917, 919, 923, 928, 929, 930, 931, 933, 936, 941, 945, 946, 947, 953, 954, 956, 957, 958, 960, 962, 963, 964, 965, 966, 972, 973, 974, 980, 983, 987, 988, 991, 995, 996] 
 NOO is:  304
total time is:  233.947553873
