setting... -N 5000
setting... -k 20
setting... -maxk 50
setting... -mu 0.1
setting... -t1 2
setting... -t2 1
setting... -minc 20
setting... -maxc 100
setting... -on 500
setting... -om 4

**************************************************************
number of nodes:	5000
average degree:	20
maximum degree:	50
exponent for the degree distribution:	2
exponent for the community size distribution:	1
mixing parameter:	0.1
number of overlapping nodes:	500
number of memberships of the overlapping nodes:	4
community size range set equal to [20 , 100]
**************************************************************

building communities... 
connecting communities... 
recording network...


---------------------------------------------------------------------------
network of 5000 vertices and 48859 edges;	 average degree = 19.5436

average mixing parameter: 0.0999701 +/- 0.0244518
p_in: 0.327623	p_out: 0.00118428


i =4: 
mutual3:	0.829605
