nodes: [1, 2, 3, 4, 7, 10, 11, 12, 13, 17, 28, 40, 49, 72, 76, 119] num of nodes:  16
[[1, 41, 14, 57, 62], [2, 39, 79, 125, 103], [3, 15, 9, 69, 24], [4, 98, 50, 71], [7, 64, 65, 35, 44], [10, 32, 34, 18, 33], [11, 100, 92, 125], [12, 67, 19, 57, 93], [13, 51, 79, 73, 81], [5, 73, 104, 17], [28, 46, 88, 63, 47], [19, 102, 40, 55, 122], [19, 102, 49, 122, 55], [23, 70, 72, 64, 115], [42, 76, 127, 110, 99], [36, 109, 81, 92, 119]]
len of cliques:  16
length of seeds:  16
i =  0 [128, 1, 6, 12, 14, 19, 20, 21, 25, 27, 40, 41, 43, 49, 55, 56, 57, 61, 62, 67, 75, 78, 84, 87, 93, 95, 102, 107, 108, 117, 121, 122]
i =  1 [2, 5, 11, 13, 17, 31, 36, 39, 51, 53, 54, 60, 73, 74, 79, 80, 81, 85, 86, 92, 97, 100, 101, 103, 104, 105, 109, 111, 112, 116, 119, 125]
i =  2 [3, 9, 10, 15, 16, 18, 22, 24, 26, 28, 29, 30, 32, 33, 34, 37, 45, 46, 47, 48, 52, 58, 63, 69, 88, 90, 96, 106, 113, 114, 118, 123]
i =  3 [4, 7, 8, 23, 35, 38, 42, 44, 50, 59, 64, 65, 66, 68, 70, 71, 72, 76, 77, 82, 83, 89, 91, 94, 98, 99, 110, 115, 120, 124, 126, 127]
i =  4 [3, 9, 10, 15, 16, 18, 22, 24, 26, 28, 29, 30, 32, 33, 34, 37, 45, 46, 47, 48, 52, 58, 63, 69, 88, 90, 96, 106, 113, 114, 118, 123]
i =  5 [128, 1, 6, 12, 14, 19, 20, 21, 25, 27, 40, 41, 43, 49, 55, 56, 57, 61, 62, 67, 75, 78, 84, 87, 93, 95, 102, 107, 108, 117, 121, 122]
i =  6 [2, 5, 11, 13, 17, 31, 36, 39, 51, 53, 54, 60, 73, 74, 79, 80, 81, 85, 86, 92, 97, 100, 101, 103, 104, 105, 109, 111, 112, 116, 119, 125]
i =  7 [3, 9, 10, 15, 16, 18, 22, 24, 26, 28, 29, 30, 32, 33, 34, 37, 45, 46, 47, 48, 52, 58, 63, 69, 88, 90, 96, 106, 113, 114, 118, 123]
i =  8 [128, 1, 6, 12, 14, 19, 20, 21, 25, 27, 40, 41, 43, 49, 55, 56, 57, 61, 62, 67, 75, 78, 84, 87, 93, 95, 102, 107, 108, 117, 121, 122]
i =  9 [128, 1, 6, 12, 14, 19, 20, 21, 25, 27, 40, 41, 43, 49, 55, 56, 57, 61, 62, 67, 75, 78, 84, 87, 93, 95, 102, 107, 108, 117, 121, 122]
i =  10 [4, 7, 8, 23, 35, 38, 42, 44, 50, 59, 64, 65, 66, 68, 70, 71, 72, 76, 77, 82, 83, 89, 91, 94, 98, 99, 110, 115, 120, 124, 126, 127]
i =  11 [4, 7, 8, 23, 35, 38, 42, 44, 50, 59, 64, 65, 66, 68, 70, 71, 72, 76, 77, 82, 83, 89, 91, 94, 98, 99, 110, 115, 120, 124, 126, 127]
i =  12 [2, 5, 11, 13, 17, 31, 36, 39, 51, 53, 54, 60, 73, 74, 79, 80, 81, 85, 86, 92, 97, 100, 101, 103, 104, 105, 109, 111, 112, 116, 119, 125]
i =  13 [4, 7, 8, 23, 35, 38, 42, 44, 50, 59, 64, 65, 66, 68, 70, 71, 72, 76, 77, 82, 83, 89, 91, 94, 98, 99, 110, 115, 120, 124, 126, 127]
i =  14 [2, 5, 11, 13, 17, 31, 36, 39, 51, 53, 54, 60, 73, 74, 79, 80, 81, 85, 86, 92, 97, 100, 101, 103, 104, 105, 109, 111, 112, 116, 119, 125]
i =  15 [2, 5, 11, 13, 17, 31, 36, 39, 51, 53, 54, 60, 73, 74, 79, 80, 81, 85, 86, 92, 97, 100, 101, 103, 104, 105, 109, 111, 112, 116, 119, 125]
complete deal_communities
commplete get_all_nature_community
----------------------------------The detection result is: 

all communities: 
i =  1 : [1, 6, 12, 14, 19, 20, 21, 25, 27, 40, 41, 43, 49, 55, 56, 57, 61, 62, 67, 75, 78, 84, 87, 93, 95, 102, 107, 108, 117, 121, 122, 128]
i =  2 : [2, 5, 11, 13, 17, 31, 36, 39, 51, 53, 54, 60, 73, 74, 79, 80, 81, 85, 86, 92, 97, 100, 101, 103, 104, 105, 109, 111, 112, 116, 119, 125]
i =  3 : [3, 9, 10, 15, 16, 18, 22, 24, 26, 28, 29, 30, 32, 33, 34, 37, 45, 46, 47, 48, 52, 58, 63, 69, 88, 90, 96, 106, 113, 114, 118, 123]
i =  4 : [4, 7, 8, 23, 35, 38, 42, 44, 50, 59, 64, 65, 66, 68, 70, 71, 72, 76, 77, 82, 83, 89, 91, 94, 98, 99, 110, 115, 120, 124, 126, 127]
overlapping nodes are:  [] 
 NOO is:  0
total time is:  9.93684697151
