nodes: [52, 59, 97, 102, 134, 151, 163, 169, 191, 222, 235, 254, 279, 296, 303, 315, 338, 342, 350, 359, 370, 402, 421, 425, 431, 446, 453, 457, 472, 482, 487, 490, 491, 527, 535, 761, 772, 786, 801, 803, 828, 830, 841, 850, 863, 874, 931, 975, 992] num of nodes:  49
[[23, 241, 649, 178, 52, 141, 142, 726, 890, 608, 483, 347], [59, 105, 752, 613, 717, 257, 223], [3, 332, 25, 281, 673, 7, 709, 853, 97, 494, 891, 769, 785, 437, 857, 971, 641, 139, 507, 228, 680, 400, 62, 895, 881, 364, 753, 79, 875, 596], [48, 102, 735, 311, 224, 65], [83, 187, 95, 408, 176, 322, 775, 880, 134, 656, 104, 233, 272, 10, 308, 541], [17, 742, 642, 151, 716, 231, 514, 182, 74, 441, 147, 741, 136, 157, 941, 607, 19, 526], [163, 998, 989, 900, 748, 620], [83, 187, 834, 169, 577, 880, 925, 322, 656, 233], [9, 672, 873, 969, 764, 114, 191, 702, 317, 206, 150], [165, 682, 222, 372, 935, 540, 784, 429, 237], [235, 570, 713, 555, 325], [50, 685, 593, 251, 254, 360, 464], [20, 808, 279, 439, 985, 82, 386, 835, 843, 532], [130, 296, 423, 711, 493, 401, 436], [303, 810, 371, 635, 410], [41, 352, 842, 504, 315, 765, 552], [31, 219, 290, 928, 937, 802, 590, 376, 412, 650, 462, 248, 506, 708, 449, 609, 34, 580, 614, 551, 305, 762, 338, 409, 249, 922, 250, 510, 799], [30, 342, 947, 166, 588, 230, 744, 760, 239], [196, 598, 640, 390, 503, 910, 350, 994, 387, 202, 964, 634, 955, 517], [1, 755, 359, 45, 575], [9, 672, 873, 969, 764, 114, 370, 317, 702, 206, 150], [40, 549, 263, 394, 402, 276, 440, 88, 887], [1, 755, 421, 779, 45, 575], [13, 22, 425, 818, 508, 718, 262], [106, 160, 705, 181, 341, 583, 220, 523, 621, 302, 431, 403, 212, 821, 565, 217, 699, 892, 893, 566], [446, 656, 938, 322, 834, 775, 880, 408, 104, 272, 233, 187, 10], [47, 268, 129, 791, 453, 84, 781, 324, 567, 664, 395], [85, 636, 128, 666, 623, 326, 455, 501, 457, 951, 424, 186, 949, 920, 794, 264, 270, 348], [29, 472, 993, 939, 209, 193, 70, 851, 671, 560, 418], [80, 482, 861, 719, 396, 460], [473, 308, 541, 988, 367, 882, 869, 658, 622, 749, 156, 215, 487], [115, 490, 754, 837, 669, 152, 914, 226, 374, 866], [21, 280, 554, 957, 839, 491, 312, 53, 967, 373, 653, 888, 534, 578, 579, 172, 594, 120, 66, 242, 668], [137, 528, 450, 527, 277, 240], [67, 485, 358, 535, 745, 722, 273, 466, 858, 663], [31, 219, 290, 928, 937, 802, 590, 376, 761, 609, 580, 614, 462, 305, 248, 506, 250, 510, 799], [146, 820, 772, 633, 734, 856, 444, 836, 864], [110, 644, 651, 536, 786, 140, 179, 586, 896, 132, 720, 210, 203, 474, 824, 912, 321, 870], [72, 736, 801, 894, 884], [87, 452, 604, 398, 625, 661, 124, 606, 803, 299, 809, 627], [49, 547, 295, 763, 966, 330, 108, 767, 783, 828, 428, 563], [53, 280, 554, 312, 839, 830, 578, 120, 242, 579, 373, 534], [71, 736, 229, 894, 72, 841, 628], [146, 820, 850, 633, 734, 856, 444, 836, 864], [38, 456, 792, 57, 863, 782, 595, 430, 963, 518, 381, 638, 557, 161, 245, 122, 960, 43, 76, 605, 823], [91, 686, 721, 874, 757, 907, 704, 840, 363, 383, 727, 913, 407, 448, 183, 562, 258, 511], [32, 978, 931, 413, 539, 962, 379, 174, 854, 119], [131, 194, 475, 932, 975, 657, 530, 283, 445, 926], [116, 153, 950, 665, 694, 992, 111, 432, 499, 965, 759, 378, 961, 806, 333, 291, 647, 700, 655, 252, 797, 349]]
len of cliques:  49
length of seeds:  49
i =  0 [641, 3, 7, 521, 139, 400, 785, 278, 919, 281, 495, 289, 881, 680, 304, 51, 437, 697, 769, 189, 62, 709, 673, 971, 332, 484, 79, 596, 853, 344, 857, 753, 476, 221, 97, 891, 228, 875, 364, 494, 879, 385, 25, 507, 895]
i =  1 [5, 556, 398, 661, 282, 27, 803, 809, 170, 299, 300, 452, 591, 848, 87, 860, 606, 604, 103, 878, 625, 627, 500, 118, 124]
i =  2 [643, 772, 393, 397, 146, 790, 537, 678, 942, 820, 313, 444, 480, 836, 331, 974, 850, 470, 983, 856, 734, 351, 864, 611, 612, 746, 633]
i =  3 [736, 801, 98, 229, 519, 72, 329, 970, 615, 841, 368, 884, 599, 628, 71, 602, 894]
i =  4 [902, 265, 650, 271, 660, 409, 580, 922, 802, 412, 31, 928, 290, 731, 551, 937, 305, 691, 953, 799, 449, 708, 198, 327, 34, 590, 847, 376, 338, 462, 761, 984, 730, 219, 250, 862, 609, 614, 248, 249, 762, 510, 506]
i =  5 [259, 133, 783, 286, 547, 933, 295, 426, 428, 687, 49, 563, 954, 828, 576, 833, 966, 330, 459, 979, 469, 991, 234, 108, 496, 763, 767]
i =  6 [643, 772, 393, 397, 146, 790, 537, 678, 942, 820, 313, 444, 480, 836, 331, 974, 850, 470, 983, 856, 734, 351, 864, 611, 612, 746, 633]
i =  7 [2, 647, 655, 18, 153, 665, 797, 624, 291, 293, 806, 553, 391, 432, 694, 568, 825, 700, 961, 965, 333, 950, 855, 349, 479, 992, 238, 111, 112, 499, 116, 759, 378, 123, 252]
i =  8 [86, 6, 653, 148, 21, 534, 280, 668, 554, 171, 172, 626, 945, 819, 53, 312, 571, 957, 830, 66, 579, 246, 839, 584, 120, 594, 578, 982, 232, 617, 491, 242, 373, 967, 888, 380]
i =  9 [416, 257, 613, 8, 105, 717, 581, 973, 752, 177, 59, 223]
i =  10 [86, 6, 653, 148, 21, 534, 280, 668, 554, 171, 172, 626, 945, 819, 53, 312, 571, 957, 830, 66, 579, 246, 839, 584, 120, 594, 578, 982, 232, 617, 491, 242, 373, 967, 888, 380]
i =  11 [384, 388, 9, 906, 524, 269, 14, 405, 150, 793, 414, 672, 675, 301, 317, 702, 703, 969, 206, 981, 114, 873, 498, 370, 885, 191, 764, 637]
i =  12 [356, 454, 360, 685, 464, 593, 50, 164, 251, 254]
i =  13 [192, 518, 776, 909, 782, 320, 915, 792, 346, 415, 161, 419, 805, 38, 297, 43, 557, 430, 816, 823, 57, 543, 960, 963, 456, 76, 595, 214, 218, 605, 863, 738, 739, 245, 681, 122, 381, 638, 639]
i =  14 [384, 388, 9, 906, 524, 269, 14, 405, 150, 793, 414, 672, 675, 301, 317, 702, 703, 969, 206, 981, 114, 873, 498, 370, 885, 191, 764, 637]
i =  15 [130, 486, 711, 296, 362, 423, 493, 814, 401, 436, 852, 154, 859, 81, 319]
i =  16 [513, 392, 523, 780, 403, 916, 158, 160, 807, 302, 431, 181, 566, 699, 572, 821, 705, 583, 458, 565, 212, 341, 121, 217, 987, 220, 616, 361, 618, 621, 244, 106, 468, 892, 893, 127]
i =  17 [512, 129, 520, 522, 395, 268, 781, 791, 664, 548, 677, 294, 42, 47, 180, 567, 56, 451, 324, 453, 84, 267, 357, 886, 505]
i =  18 [352, 58, 552, 41, 842, 461, 275, 310, 504, 377, 698, 315, 765, 318, 63]
i =  19 [902, 265, 650, 271, 660, 409, 922, 802, 412, 799, 928, 290, 731, 551, 937, 305, 691, 953, 31, 449, 580, 198, 327, 34, 590, 847, 376, 338, 462, 249, 984, 730, 219, 250, 862, 609, 708, 614, 248, 761, 762, 510, 506]
i =  20 [897, 418, 867, 996, 710, 70, 993, 193, 939, 12, 366, 477, 208, 209, 851, 337, 560, 472, 314, 29, 671]
i =  21 [195, 582, 262, 425, 13, 718, 818, 502, 889, 22, 667, 508]
i =  22 [768, 642, 516, 136, 138, 514, 526, 143, 17, 147, 151, 26, 285, 800, 37, 940, 941, 157, 182, 184, 441, 714, 323, 74, 716, 952, 729, 607, 96, 354, 227, 741, 742, 231, 497, 19, 382]
i =  23 [134, 775, 904, 905, 10, 652, 322, 272, 658, 473, 408, 156, 541, 288, 676, 774, 679, 169, 938, 683, 925, 176, 946, 908, 308, 309, 948, 187, 446, 577, 834, 968, 73, 205, 28, 83, 724, 215, 600, 89, 988, 990, 95, 353, 869, 487, 104, 233, 144, 999, 492, 749, 622, 367, 880, 882, 478, 656, 298]
i =  24 [736, 801, 98, 229, 71, 72, 329, 970, 519, 841, 368, 628, 599, 615, 884, 602, 894]
i =  25 [128, 135, 264, 270, 531, 920, 794, 923, 666, 927, 936, 424, 559, 949, 822, 951, 696, 186, 832, 326, 455, 457, 587, 463, 467, 85, 471, 348, 623, 113, 501, 636, 597]
i =  26 [386, 515, 11, 771, 532, 279, 411, 546, 808, 813, 46, 439, 701, 64, 835, 68, 843, 674, 465, 82, 339, 985, 55, 865, 355, 489, 619, 756, 20, 126]
i =  27 [224, 65, 102, 977, 48, 529, 213, 311, 601, 159, 735]
i =  28 [896, 899, 644, 389, 778, 651, 140, 654, 912, 786, 917, 536, 132, 167, 168, 811, 943, 433, 690, 179, 824, 316, 321, 75, 586, 203, 720, 210, 725, 216, 474, 94, 481, 101, 870, 110, 16]
i =  29 [914, 152, 669, 544, 561, 692, 569, 442, 829, 190, 837, 866, 980, 345, 732, 226, 490, 236, 109, 369, 754, 115, 574, 374]
i =  30 [162, 163, 900, 773, 998, 648, 620, 748, 707, 631, 989, 255]
i =  31 [448, 258, 777, 907, 911, 913, 149, 407, 603, 292, 427, 686, 817, 562, 183, 827, 188, 831, 704, 840, 589, 976, 721, 727, 804, 986, 91, 336, 99, 849, 1000, 874, 363, 883, 757, 375, 383, 511]
i =  32 [256, 67, 100, 485, 358, 745, 663, 466, 846, 175, 273, 722, 659, 789, 630, 535, 858, 815, 751]
i =  33 [1, 359, 868, 421, 737, 779, 45, 750, 755, 155, 575]
i =  34 [134, 775, 904, 905, 10, 652, 834, 272, 658, 473, 408, 156, 541, 288, 676, 774, 679, 28, 938, 683, 925, 176, 946, 908, 308, 309, 948, 187, 446, 577, 322, 968, 73, 205, 83, 724, 215, 600, 89, 988, 990, 95, 353, 869, 487, 104, 233, 144, 999, 492, 749, 622, 367, 880, 882, 169, 478, 656, 298]
i =  35 [32, 545, 962, 931, 379, 747, 844, 434, 174, 207, 978, 35, 558, 854, 119, 24, 539, 413]
i =  36 [482, 396, 460, 876, 719, 80, 243, 201, 921, 861]
i =  37 [640, 770, 387, 517, 390, 910, 918, 964, 795, 542, 261, 929, 420, 39, 435, 564, 955, 60, 573, 706, 196, 199, 200, 202, 77, 78, 335, 334, 598, 350, 994, 443, 740, 117, 503, 634]
i =  38 [194, 131, 932, 44, 715, 972, 845, 975, 944, 657, 530, 723, 926, 54, 260, 283, 924, 445, 475]
i =  39 [240, 450, 197, 743, 137, 898, 527, 528, 787, 277, 343]
i =  40 [134, 775, 904, 905, 10, 652, 322, 272, 658, 473, 408, 156, 541, 288, 676, 774, 679, 28, 938, 683, 925, 176, 946, 908, 308, 309, 948, 187, 446, 577, 834, 968, 73, 205, 83, 724, 215, 600, 89, 988, 990, 95, 353, 869, 487, 104, 233, 144, 999, 492, 749, 622, 367, 880, 882, 169, 478, 656, 298]
i =  41 [165, 550, 935, 284, 682, 812, 429, 15, 784, 645, 237, 372, 404, 399, 540, 222, 796]
i =  42 [610, 555, 4, 325, 713, 235, 61, 693, 185, 570, 253, 670]
i =  43 [134, 775, 904, 905, 10, 652, 322, 272, 658, 473, 408, 156, 541, 288, 676, 774, 679, 28, 938, 683, 925, 176, 946, 908, 308, 309, 948, 187, 446, 577, 834, 968, 73, 205, 83, 724, 215, 600, 89, 988, 990, 95, 353, 869, 487, 104, 233, 144, 999, 492, 749, 622, 367, 880, 882, 169, 478, 656, 298]
i =  44 [166, 230, 438, 744, 588, 173, 662, 239, 145, 306, 947, 838, 342, 760, 712, 872, 30, 406]
i =  45 [422, 903, 810, 303, 371, 695, 410, 635, 733, 959]
i =  46 [649, 141, 142, 274, 23, 538, 287, 33, 688, 689, 178, 52, 585, 726, 728, 347, 92, 608, 483, 997, 107, 241, 758, 247, 632, 890, 125, 766]
i =  47 [225, 549, 263, 40, 394, 871, 204, 592, 88, 402, 276, 533, 887, 440, 901]
i =  48 [737, 1, 421, 359, 779, 45, 750, 755, 868, 155, 575]
i =  49 [930, 995, 69, 211, 488, 266, 328, 307, 340, 788, 826, 956, 798]
i =  50 [417, 36, 934, 646, 877, 93, 525, 629, 365, 509, 958, 447]
i =  51 [5, 684, 398, 661, 282, 27, 803, 809, 170, 299, 300, 556, 452, 591, 848, 87, 604, 606, 103, 860, 878, 625, 627, 500, 118, 124]
i =  52 [896, 899, 644, 389, 778, 651, 140, 654, 912, 786, 917, 536, 132, 474, 167, 168, 811, 943, 433, 690, 179, 824, 316, 321, 203, 586, 75, 720, 210, 725, 216, 90, 94, 481, 101, 16, 870, 110]
complete deal_communities
commplete get_all_nature_community
----------------------------------The detection result is: 

all communities: 
i =  1 : [3, 7, 25, 51, 62, 79, 97, 139, 189, 221, 228, 278, 281, 289, 304, 332, 344, 364, 385, 400, 437, 476, 484, 494, 495, 507, 521, 596, 641, 673, 680, 697, 709, 753, 769, 785, 853, 857, 875, 879, 881, 891, 895, 919, 971]
i =  2 : [146, 313, 331, 351, 393, 397, 444, 470, 480, 537, 611, 612, 633, 643, 678, 734, 746, 772, 790, 820, 836, 850, 856, 864, 942, 974, 983]
i =  3 : [71, 72, 98, 229, 329, 368, 519, 599, 602, 615, 628, 736, 801, 841, 884, 894, 970]
i =  4 : [31, 34, 198, 219, 248, 249, 250, 265, 271, 290, 305, 327, 338, 376, 409, 412, 449, 462, 506, 510, 551, 580, 590, 609, 614, 650, 660, 691, 708, 730, 731, 761, 762, 799, 802, 847, 862, 902, 922, 928, 937, 953, 984]
i =  5 : [49, 108, 133, 234, 259, 286, 295, 330, 426, 428, 459, 469, 496, 547, 563, 576, 687, 763, 767, 783, 828, 833, 933, 954, 966, 979, 991]
i =  6 : [2, 18, 111, 112, 116, 123, 153, 238, 252, 291, 293, 333, 349, 378, 391, 432, 479, 499, 553, 568, 624, 647, 655, 665, 694, 700, 759, 797, 806, 825, 855, 950, 961, 965, 992]
i =  7 : [6, 21, 53, 66, 86, 120, 148, 171, 172, 232, 242, 246, 280, 312, 373, 380, 491, 534, 554, 571, 578, 579, 584, 594, 617, 626, 653, 668, 819, 830, 839, 888, 945, 957, 967, 982]
i =  8 : [8, 59, 105, 177, 223, 257, 416, 581, 613, 717, 752, 973]
i =  9 : [9, 14, 114, 150, 191, 206, 269, 301, 317, 370, 384, 388, 405, 414, 498, 524, 637, 672, 675, 702, 703, 764, 793, 873, 885, 906, 969, 981]
i =  10 : [50, 164, 251, 254, 356, 360, 454, 464, 593, 685]
i =  11 : [38, 43, 57, 76, 122, 161, 192, 214, 218, 245, 297, 320, 346, 381, 415, 419, 430, 456, 518, 543, 557, 595, 605, 638, 639, 681, 738, 739, 776, 782, 792, 805, 816, 823, 863, 909, 915, 960, 963]
i =  12 : [81, 130, 154, 296, 319, 362, 401, 423, 436, 486, 493, 711, 814, 852, 859]
i =  13 : [106, 121, 127, 158, 160, 181, 212, 217, 220, 244, 302, 341, 361, 392, 403, 431, 458, 468, 513, 523, 565, 566, 572, 583, 616, 618, 621, 699, 705, 780, 807, 821, 892, 893, 916, 987]
i =  14 : [42, 47, 56, 84, 129, 180, 267, 268, 294, 324, 357, 395, 451, 453, 505, 512, 520, 522, 548, 567, 664, 677, 781, 791, 886]
i =  15 : [41, 58, 63, 275, 310, 315, 318, 352, 377, 461, 504, 552, 698, 765, 842]
i =  16 : [12, 29, 70, 193, 208, 209, 314, 337, 366, 418, 472, 477, 560, 671, 710, 851, 867, 897, 939, 993, 996]
i =  17 : [13, 22, 195, 262, 425, 502, 508, 582, 667, 718, 818, 889]
i =  18 : [17, 19, 26, 37, 74, 96, 136, 138, 143, 147, 151, 157, 182, 184, 227, 231, 285, 323, 354, 382, 441, 497, 514, 516, 526, 607, 642, 714, 716, 729, 741, 742, 768, 800, 940, 941, 952]
i =  19 : [10, 28, 73, 83, 89, 95, 104, 134, 144, 156, 169, 176, 187, 205, 215, 233, 272, 288, 298, 308, 309, 322, 353, 367, 408, 446, 473, 478, 487, 492, 541, 577, 600, 622, 652, 656, 658, 676, 679, 683, 724, 749, 774, 775, 834, 869, 880, 882, 904, 905, 908, 925, 938, 946, 948, 968, 988, 990, 999]
i =  20 : [85, 113, 128, 135, 186, 264, 270, 326, 348, 424, 455, 457, 463, 467, 471, 501, 531, 559, 587, 597, 623, 636, 666, 696, 794, 822, 832, 920, 923, 927, 936, 949, 951]
i =  21 : [11, 20, 46, 55, 64, 68, 82, 126, 279, 339, 355, 386, 411, 439, 465, 489, 515, 532, 546, 619, 674, 701, 756, 771, 808, 813, 835, 843, 865, 985]
i =  22 : [48, 65, 102, 159, 213, 224, 311, 529, 601, 735, 977]
i =  23 : [109, 115, 152, 190, 226, 236, 345, 369, 374, 442, 490, 544, 561, 569, 574, 669, 692, 732, 754, 829, 837, 866, 914, 980]
i =  24 : [162, 163, 255, 620, 631, 648, 707, 748, 773, 900, 989, 998]
i =  25 : [91, 99, 149, 183, 188, 258, 292, 336, 363, 375, 383, 407, 427, 448, 511, 562, 589, 603, 686, 704, 721, 727, 757, 777, 804, 817, 827, 831, 840, 849, 874, 883, 907, 911, 913, 976, 986, 1000]
i =  26 : [67, 100, 175, 256, 273, 358, 466, 485, 535, 630, 659, 663, 722, 745, 751, 789, 815, 846, 858]
i =  27 : [1, 45, 155, 359, 421, 575, 737, 750, 755, 779, 868]
i =  28 : [24, 32, 35, 119, 174, 207, 379, 413, 434, 539, 545, 558, 747, 844, 854, 931, 962, 978]
i =  29 : [80, 201, 243, 396, 460, 482, 719, 861, 876, 921]
i =  30 : [39, 60, 77, 78, 117, 196, 199, 200, 202, 261, 334, 335, 350, 387, 390, 420, 435, 443, 503, 517, 542, 564, 573, 598, 634, 640, 706, 740, 770, 795, 910, 918, 929, 955, 964, 994]
i =  31 : [44, 54, 131, 194, 260, 283, 445, 475, 530, 657, 715, 723, 845, 924, 926, 932, 944, 972, 975]
i =  32 : [137, 197, 240, 277, 343, 450, 527, 528, 743, 787, 898]
i =  33 : [15, 165, 222, 237, 284, 372, 399, 404, 429, 540, 550, 645, 682, 784, 796, 812, 935]
i =  34 : [4, 61, 185, 235, 253, 325, 555, 570, 610, 670, 693, 713]
i =  35 : [30, 145, 166, 173, 230, 239, 306, 342, 406, 438, 588, 662, 712, 744, 760, 838, 872, 947]
i =  36 : [303, 371, 410, 422, 635, 695, 733, 810, 903, 959]
i =  37 : [23, 33, 52, 92, 107, 125, 141, 142, 178, 241, 247, 274, 287, 347, 483, 538, 585, 608, 632, 649, 688, 689, 726, 728, 758, 766, 890, 997]
i =  38 : [40, 88, 204, 225, 263, 276, 394, 402, 440, 533, 549, 592, 871, 887, 901]
i =  39 : [69, 211, 266, 307, 328, 340, 488, 788, 798, 826, 930, 956, 995]
i =  40 : [36, 93, 365, 417, 447, 509, 525, 629, 646, 877, 934, 958]
i =  41 : [5, 27, 87, 103, 118, 124, 170, 282, 299, 300, 398, 452, 500, 556, 591, 604, 606, 625, 627, 661, 684, 803, 809, 848, 860, 878]
i =  42 : [16, 75, 90, 94, 101, 110, 132, 140, 167, 168, 179, 203, 210, 216, 316, 321, 389, 433, 474, 481, 536, 586, 644, 651, 654, 690, 720, 725, 778, 786, 811, 824, 870, 896, 899, 912, 917, 943]
overlapping nodes are:  [] 
 NOO is:  0
total time is:  206.424396992
