nodes: [39, 50, 61, 85, 92, 98, 157, 189, 213, 225, 248, 309, 320, 327, 342, 353, 364, 366, 383, 491, 501, 505, 535, 570, 585, 687, 704, 757, 793, 834, 857, 858, 876, 900, 905, 970, 985] num of nodes:  37
[[39, 835, 906, 531, 936, 766, 572, 530], [50, 991, 138, 278, 606, 257, 577, 748, 393, 26, 485, 859, 304, 222, 470, 477, 744, 321, 879], [5, 256, 875, 979, 652, 461, 61], [19, 145, 675, 812, 204, 243, 711, 405, 795, 306, 85, 616, 370, 409, 661], [92, 645, 228, 124, 975, 209, 467, 203, 441, 989], [98, 841, 285, 552, 422], [18, 157, 957, 449, 421, 199], [71, 804, 730, 787, 189, 893, 597], [15, 213, 387, 216, 69, 809, 558, 749, 235], [2, 225, 579, 101, 614, 902, 534, 559, 564, 20, 953, 573, 488, 630, 224], [58, 423, 971, 396, 443, 313, 878, 127, 437, 697, 513, 782, 248, 406, 707, 963, 571, 432, 184], [41, 309, 774, 378, 237, 322, 57, 952, 755], [55, 320, 716, 480, 452, 374, 959], [8, 993, 454, 327, 146, 340, 486, 316, 775, 556, 886], [137, 865, 973, 539, 885, 342], [13, 960, 352, 353, 647, 200, 183, 508, 95, 345, 171, 141, 750, 121, 543], [108, 566, 332, 831, 196, 949, 221, 150, 909, 998, 364, 244, 403, 455, 888, 492, 214, 392], [73, 162, 366, 901, 873, 153, 872], [9, 293, 12, 504, 383, 635, 783, 815, 651, 211, 694], [3, 259, 536, 305, 346, 850, 719, 491, 890, 641, 135, 708, 864, 612, 712, 602, 773, 6, 705, 976, 496, 887, 509, 769, 822], [11, 428, 837, 977, 267, 398, 574, 198, 501, 475, 424, 269, 796, 898, 290], [44, 771, 518, 926, 869, 505, 932, 897, 706, 325, 315, 67, 742, 646, 810, 173, 683, 724, 49, 595], [47, 70, 535, 763, 292, 308, 247, 664, 764, 533], [112, 274, 746, 570, 592, 249, 251], [21, 433, 400, 840, 65, 585, 481, 967, 642, 613, 791, 871, 164, 81, 758, 862, 64, 227, 907, 220, 116, 408, 154, 418, 626], [181, 334, 687, 490, 600], [136, 704, 844, 459, 965, 283, 983], [34, 770, 982, 757, 632, 326], [4, 917, 937, 197, 624, 845, 793, 484, 523, 950, 63, 838, 109, 691, 780], [35, 834, 929, 430, 442, 456, 439, 877, 723], [94, 1000, 367, 114, 857, 696, 735, 261, 699, 978, 258, 684, 460, 178, 753, 583, 119, 126, 333, 563, 252, 191], [54, 736, 554, 653, 858, 598, 576, 681, 762], [161, 266, 876, 790, 253, 685, 870, 390, 337, 545, 759, 880, 436], [11, 428, 837, 977, 267, 398, 574, 368, 796, 269, 900, 557, 382], [51, 905, 514, 818, 962, 590, 472, 426, 655, 688, 667, 471, 528, 56, 74, 310, 207, 218, 954, 447], [72, 970, 689, 152, 842, 609, 779, 726, 301, 849, 856, 851, 314, 852], [1, 640, 194, 372, 985, 826, 922, 553, 792, 798, 386, 819, 619]]
len of cliques:  37
length of seeds:  37
i =  0 [641, 259, 773, 6, 769, 300, 657, 3, 277, 536, 346, 31, 676, 945, 40, 425, 555, 172, 305, 53, 822, 649, 705, 708, 712, 76, 719, 976, 850, 981, 855, 602, 591, 135, 350, 864, 612, 360, 491, 110, 381, 496, 887, 890, 509]
i =  1 [640, 1, 386, 515, 388, 389, 519, 781, 270, 401, 915, 792, 922, 798, 896, 295, 553, 819, 948, 695, 826, 445, 703, 194, 582, 589, 450, 985, 100, 619, 372, 507]
i =  2 [192, 449, 482, 547, 421, 199, 957, 18, 537, 157, 159]
i =  3 [642, 907, 142, 400, 21, 791, 408, 154, 669, 418, 931, 164, 166, 429, 433, 871, 693, 187, 188, 64, 65, 967, 840, 585, 972, 81, 339, 84, 420, 731, 220, 506, 862, 481, 227, 613, 231, 487, 498, 116, 626, 758, 250]
i =  4 [775, 8, 10, 399, 146, 404, 282, 410, 36, 677, 839, 556, 59, 316, 454, 327, 75, 465, 340, 993, 611, 486, 745, 495, 113, 886, 376, 123]
i =  5 [865, 163, 709, 137, 620, 973, 622, 813, 483, 885, 342, 169, 539]
i =  6 [258, 261, 521, 143, 666, 517, 800, 165, 881, 604, 684, 560, 178, 563, 696, 607, 699, 700, 191, 710, 583, 460, 333, 978, 857, 860, 94, 735, 96, 1000, 367, 753, 114, 883, 119, 252, 126]
i =  7 [741, 783, 229, 293, 9, 651, 12, 686, 815, 211, 694, 617, 504, 23, 635, 499, 383]
i =  8 [34, 326, 588, 770, 45, 757, 982, 632, 281, 828, 930]
i =  9 [897, 771, 646, 599, 271, 273, 916, 540, 926, 932, 518, 810, 683, 44, 173, 176, 49, 947, 692, 825, 315, 829, 706, 67, 580, 325, 713, 330, 974, 595, 724, 343, 601, 474, 610, 869, 742, 754, 884, 505]
i =  10 [645, 272, 920, 799, 674, 291, 817, 92, 174, 177, 441, 956, 586, 830, 458, 203, 975, 208, 209, 467, 732, 989, 734, 80, 866, 228, 882, 627, 124, 510]
i =  11 [32, 98, 422, 615, 552, 841, 268, 578, 943, 144, 338, 662, 312, 217, 987, 285]
i =  12 [514, 260, 134, 263, 905, 395, 655, 528, 984, 532, 667, 412, 670, 37, 678, 284, 426, 299, 688, 818, 51, 542, 310, 56, 954, 714, 62, 565, 962, 74, 77, 590, 207, 440, 471, 472, 218, 219, 784, 739, 629, 120, 656, 447, 254, 895]
i =  13 [385, 130, 264, 139, 533, 535, 664, 158, 33, 292, 296, 47, 648, 562, 308, 319, 70, 846, 463, 469, 90, 236, 240, 247, 763, 764]
i =  14 [516, 444, 490, 747, 334, 687, 181, 600, 729, 348, 605]
i =  15 [257, 577, 393, 138, 527, 913, 147, 278, 26, 155, 668, 29, 538, 803, 427, 690, 942, 477, 304, 50, 52, 222, 411, 958, 321, 451, 328, 980, 470, 859, 861, 606, 991, 995, 485, 744, 106, 748, 879, 104, 702, 246, 639]
i =  16 [801, 387, 69, 379, 809, 235, 717, 14, 15, 749, 659, 558, 233, 216, 397, 91, 541, 213]
i =  17 [513, 133, 215, 908, 782, 911, 921, 402, 963, 406, 151, 25, 27, 287, 416, 805, 423, 680, 303, 432, 437, 184, 697, 58, 571, 60, 832, 66, 707, 581, 396, 971, 205, 248, 313, 88, 479, 97, 443, 997, 102, 105, 107, 878, 239, 117, 863, 889, 127]
i =  18 [128, 544, 322, 262, 774, 168, 41, 331, 237, 82, 755, 276, 309, 407, 952, 57, 698, 378, 122]
i =  19 [512, 7, 392, 492, 909, 403, 150, 280, 68, 811, 221, 435, 949, 566, 364, 831, 196, 455, 332, 214, 344, 347, 93, 990, 998, 361, 363, 108, 244, 888]
i =  20 [526, 149, 414, 415, 929, 35, 430, 820, 182, 439, 442, 927, 833, 834, 417, 456, 969, 202, 462, 723, 357, 877, 373]
i =  21 [132, 772, 654, 661, 145, 19, 789, 919, 409, 795, 28, 286, 928, 675, 938, 43, 812, 306, 711, 584, 204, 594, 212, 85, 476, 355, 356, 616, 362, 370, 243, 500, 511, 405]
i =  22 [736, 576, 354, 54, 762, 681, 554, 587, 653, 494, 546, 245, 598, 329, 986, 858, 671]
i =  23 [2, 22, 902, 903, 525, 912, 275, 20, 534, 802, 180, 167, 559, 564, 953, 573, 992, 579, 468, 86, 185, 224, 225, 867, 101, 614, 103, 488, 874, 359, 365, 630, 760, 596, 636]
i =  24 [835, 836, 39, 936, 906, 567, 493, 302, 497, 530, 531, 148, 46, 823, 572, 766, 575]
i =  25 [131, 647, 13, 786, 24, 543, 288, 171, 175, 48, 179, 183, 827, 960, 193, 200, 141, 853, 633, 345, 672, 95, 352, 353, 621, 750, 121, 508, 255]
i =  26 [256, 899, 548, 5, 966, 743, 968, 170, 875, 652, 461, 910, 806, 478, 854, 234, 568, 761, 61, 979]
i =  27 [384, 898, 643, 900, 776, 778, 267, 524, 269, 398, 658, 918, 796, 925, 673, 290, 294, 807, 424, 924, 428, 557, 752, 951, 186, 955, 522, 574, 11, 837, 198, 718, 977, 722, 318, 475, 733, 351, 99, 358, 232, 618, 701, 368, 501, 118, 377, 125, 382, 767]
i =  28 [804, 549, 71, 434, 189, 210, 787, 597, 438, 730, 893, 446]
i =  29 [768, 4, 523, 780, 529, 917, 793, 923, 933, 937, 682, 691, 950, 63, 195, 197, 838, 457, 843, 845, 336, 341, 89, 484, 230, 109, 624, 115, 892, 765, 894]
i =  30 [320, 480, 452, 551, 520, 777, 375, 716, 78, 623, 369, 466, 374, 503, 665, 223, 297, 55, 959]
i =  31 [779, 140, 16, 914, 788, 152, 413, 940, 301, 689, 628, 314, 842, 190, 72, 970, 206, 335, 849, 851, 852, 726, 727, 856, 996, 609, 740, 241, 242, 756]
i =  32 [162, 901, 38, 679, 872, 73, 650, 663, 366, 111, 307, 873, 728, 153, 569, 317]
i =  33 [390, 391, 904, 266, 790, 794, 797, 161, 550, 685, 814, 431, 816, 561, 436, 637, 453, 545, 631, 847, 848, 337, 725, 473, 603, 720, 870, 737, 876, 751, 880, 759, 891, 253]
i =  34 [289, 489, 324, 660, 201, 746, 946, 112, 593, 274, 464, 502, 87, 592, 249, 570, 251, 634, 638]
i =  35 [384, 898, 643, 900, 776, 778, 11, 524, 269, 398, 658, 918, 796, 925, 673, 290, 294, 807, 424, 924, 428, 557, 752, 951, 186, 955, 522, 574, 501, 267, 837, 198, 718, 977, 722, 475, 733, 351, 99, 358, 232, 618, 701, 368, 318, 118, 377, 125, 382, 767]
i =  36 [704, 448, 226, 419, 964, 965, 999, 136, 459, 844, 785, 83, 935, 983, 608, 283, 349]
i =  37 [961, 738, 868, 934, 808, 265, 298, 939, 941, 238, 79, 944, 721, 371, 821, 311]
i =  38 [514, 260, 134, 263, 905, 395, 655, 528, 472, 532, 667, 284, 542, 440, 37, 678, 412, 426, 299, 688, 818, 51, 670, 310, 56, 954, 74, 62, 565, 962, 714, 77, 590, 207, 824, 471, 984, 218, 219, 784, 739, 629, 120, 656, 447, 254, 895]
i =  39 [160, 129, 323, 644, 156, 394, 715, 279, 380, 988, 30]
i =  40 [131, 647, 13, 786, 24, 543, 288, 193, 171, 175, 48, 179, 183, 827, 960, 672, 200, 141, 853, 121, 345, 95, 352, 353, 621, 750, 625, 633, 508, 255]
i =  41 [775, 8, 10, 399, 146, 404, 282, 410, 36, 677, 839, 556, 59, 316, 454, 327, 75, 465, 340, 993, 994, 611, 486, 745, 495, 113, 886, 376, 123]
i =  42 [769, 259, 773, 6, 135, 300, 17, 3, 277, 536, 602, 31, 676, 945, 40, 425, 555, 172, 305, 53, 822, 649, 641, 705, 708, 712, 76, 591, 976, 850, 981, 855, 346, 719, 350, 864, 612, 657, 360, 491, 110, 381, 496, 887, 890, 509]
i =  43 [641, 3, 773, 6, 769, 300, 657, 259, 277, 536, 602, 31, 676, 945, 40, 425, 42, 555, 172, 305, 53, 822, 649, 705, 708, 712, 76, 591, 976, 850, 981, 855, 346, 719, 135, 350, 864, 612, 360, 491, 110, 381, 496, 887, 890, 509]
complete deal_communities
commplete get_all_nature_community
----------------------------------The detection result is: 

all communities: 
i =  1 : [1, 100, 194, 270, 295, 372, 386, 388, 389, 401, 445, 450, 507, 515, 519, 553, 582, 589, 619, 640, 695, 703, 781, 792, 798, 819, 826, 896, 915, 922, 948, 985]
i =  2 : [18, 157, 159, 192, 199, 421, 449, 482, 537, 547, 957]
i =  3 : [21, 64, 65, 81, 84, 116, 142, 154, 164, 166, 187, 188, 220, 227, 231, 250, 339, 400, 408, 418, 420, 429, 433, 481, 487, 498, 506, 585, 613, 626, 642, 669, 693, 731, 758, 791, 840, 862, 871, 907, 931, 967, 972]
i =  4 : [137, 163, 169, 342, 483, 539, 620, 622, 709, 813, 865, 885, 973]
i =  5 : [94, 96, 114, 119, 126, 143, 165, 178, 191, 252, 258, 261, 333, 367, 460, 517, 521, 560, 563, 583, 604, 607, 666, 684, 696, 699, 700, 710, 735, 753, 800, 857, 860, 881, 883, 978, 1000]
i =  6 : [9, 12, 23, 211, 229, 293, 383, 499, 504, 617, 635, 651, 686, 694, 741, 783, 815]
i =  7 : [34, 45, 281, 326, 588, 632, 757, 770, 828, 930, 982]
i =  8 : [44, 49, 67, 173, 176, 271, 273, 315, 325, 330, 343, 474, 505, 518, 540, 580, 595, 599, 601, 610, 646, 683, 692, 706, 713, 724, 742, 754, 771, 810, 825, 829, 869, 884, 897, 916, 926, 932, 947, 974]
i =  9 : [80, 92, 124, 174, 177, 203, 208, 209, 228, 272, 291, 441, 458, 467, 510, 586, 627, 645, 674, 732, 734, 799, 817, 830, 866, 882, 920, 956, 975, 989]
i =  10 : [32, 98, 144, 217, 268, 285, 312, 338, 422, 552, 578, 615, 662, 841, 943, 987]
i =  11 : [33, 47, 70, 90, 130, 139, 158, 236, 240, 247, 264, 292, 296, 308, 319, 385, 463, 469, 533, 535, 562, 648, 664, 763, 764, 846]
i =  12 : [181, 334, 348, 444, 490, 516, 600, 605, 687, 729, 747]
i =  13 : [26, 29, 50, 52, 104, 106, 138, 147, 155, 222, 246, 257, 278, 304, 321, 328, 393, 411, 427, 451, 470, 477, 485, 527, 538, 577, 606, 639, 668, 690, 702, 744, 748, 803, 859, 861, 879, 913, 942, 958, 980, 991, 995]
i =  14 : [14, 15, 69, 91, 213, 216, 233, 235, 379, 387, 397, 541, 558, 659, 717, 749, 801, 809]
i =  15 : [25, 27, 58, 60, 66, 88, 97, 102, 105, 107, 117, 127, 133, 151, 184, 205, 215, 239, 248, 287, 303, 313, 396, 402, 406, 416, 423, 432, 437, 443, 479, 513, 571, 581, 680, 697, 707, 782, 805, 832, 863, 878, 889, 908, 911, 921, 963, 971, 997]
i =  16 : [41, 57, 82, 122, 128, 168, 237, 262, 276, 309, 322, 331, 378, 407, 544, 698, 755, 774, 952]
i =  17 : [7, 68, 93, 108, 150, 196, 214, 221, 244, 280, 332, 344, 347, 361, 363, 364, 392, 403, 435, 455, 492, 512, 566, 811, 831, 888, 909, 949, 990, 998]
i =  18 : [35, 149, 182, 202, 357, 373, 414, 415, 417, 430, 439, 442, 456, 462, 526, 723, 820, 833, 834, 877, 927, 929, 969]
i =  19 : [19, 28, 43, 85, 132, 145, 204, 212, 243, 286, 306, 355, 356, 362, 370, 405, 409, 476, 500, 511, 584, 594, 616, 654, 661, 675, 711, 772, 789, 795, 812, 919, 928, 938]
i =  20 : [54, 245, 329, 354, 494, 546, 554, 576, 587, 598, 653, 671, 681, 736, 762, 858, 986]
i =  21 : [2, 20, 22, 86, 101, 103, 167, 180, 185, 224, 225, 275, 359, 365, 468, 488, 525, 534, 559, 564, 573, 579, 596, 614, 630, 636, 760, 802, 867, 874, 902, 903, 912, 953, 992]
i =  22 : [39, 46, 148, 302, 493, 497, 530, 531, 567, 572, 575, 766, 823, 835, 836, 906, 936]
i =  23 : [5, 61, 170, 234, 256, 461, 478, 548, 568, 652, 743, 761, 806, 854, 875, 899, 910, 966, 968, 979]
i =  24 : [11, 99, 118, 125, 186, 198, 232, 267, 269, 290, 294, 318, 351, 358, 368, 377, 382, 384, 398, 424, 428, 475, 501, 522, 524, 557, 574, 618, 643, 658, 673, 701, 718, 722, 733, 752, 767, 776, 778, 796, 807, 837, 898, 900, 918, 924, 925, 951, 955, 977]
i =  25 : [71, 189, 210, 434, 438, 446, 549, 597, 730, 787, 804, 893]
i =  26 : [4, 63, 89, 109, 115, 195, 197, 230, 336, 341, 457, 484, 523, 529, 624, 682, 691, 765, 768, 780, 793, 838, 843, 845, 892, 894, 917, 923, 933, 937, 950]
i =  27 : [55, 78, 223, 297, 320, 369, 374, 375, 452, 466, 480, 503, 520, 551, 623, 665, 716, 777, 959]
i =  28 : [16, 72, 140, 152, 190, 206, 241, 242, 301, 314, 335, 413, 609, 628, 689, 726, 727, 740, 756, 779, 788, 842, 849, 851, 852, 856, 914, 940, 970, 996]
i =  29 : [38, 73, 111, 153, 162, 307, 317, 366, 569, 650, 663, 679, 728, 872, 873, 901]
i =  30 : [161, 253, 266, 337, 390, 391, 431, 436, 453, 473, 545, 550, 561, 603, 631, 637, 685, 720, 725, 737, 751, 759, 790, 794, 797, 814, 816, 847, 848, 870, 876, 880, 891, 904]
i =  31 : [87, 112, 201, 249, 251, 274, 289, 324, 464, 489, 502, 570, 592, 593, 634, 638, 660, 746, 946]
i =  32 : [83, 136, 226, 283, 349, 419, 448, 459, 608, 704, 785, 844, 935, 964, 965, 983, 999]
i =  33 : [79, 238, 265, 298, 311, 371, 721, 738, 808, 821, 868, 934, 939, 941, 944, 961]
i =  34 : [37, 51, 56, 62, 74, 77, 120, 134, 207, 218, 219, 254, 260, 263, 284, 299, 310, 395, 412, 426, 440, 447, 471, 472, 514, 528, 532, 542, 565, 590, 629, 655, 656, 667, 670, 678, 688, 714, 739, 784, 818, 824, 895, 905, 954, 962, 984]
i =  35 : [30, 129, 156, 160, 279, 323, 380, 394, 644, 715, 988]
i =  36 : [13, 24, 48, 95, 121, 131, 141, 171, 175, 179, 183, 193, 200, 255, 288, 345, 352, 353, 508, 543, 621, 625, 633, 647, 672, 750, 786, 827, 853, 960]
i =  37 : [8, 10, 36, 59, 75, 113, 123, 146, 282, 316, 327, 340, 376, 399, 404, 410, 454, 465, 486, 495, 556, 611, 677, 745, 775, 839, 886, 993, 994]
i =  38 : [3, 6, 17, 31, 40, 42, 53, 76, 110, 135, 172, 259, 277, 300, 305, 346, 350, 360, 381, 425, 491, 496, 509, 536, 555, 591, 602, 612, 641, 649, 657, 676, 705, 708, 712, 719, 769, 773, 822, 850, 855, 864, 887, 890, 945, 976, 981]
overlapping nodes are:  [] 
 NOO is:  0
total time is:  338.015576124
