nodes: [39, 77, 150, 180, 187, 193, 231, 261, 297, 315, 328, 340, 372, 385, 403, 404, 415, 480, 561, 576, 616, 624, 657, 661, 663, 778, 779, 807, 849, 864, 879, 891, 916, 919, 944, 964, 973, 991] num of nodes:  38
[[39, 161, 388, 348, 80, 184, 458, 788, 192, 49, 569], [10, 267, 77, 189, 785], [150, 706, 910, 413, 742, 256, 649], [25, 748, 180, 818, 961, 767, 287, 152], [43, 168, 188, 187, 383, 695, 834, 448, 937, 86, 749, 326], [323, 87, 911, 775, 20, 1, 307, 522, 270, 574, 740, 869, 801, 193, 100, 243, 885, 631, 511, 534, 322, 397, 636, 994, 470, 363], [75, 231, 617, 239, 815, 535, 983], [15, 771, 159, 204, 830, 754, 261, 301, 380, 467, 906, 132, 990, 622], [8, 800, 64, 98, 325, 207, 297, 989, 120, 751, 764, 222, 870, 933, 857, 893, 271], [65, 185, 839, 717, 798, 582, 315, 992, 901, 638, 595, 78, 198, 703], [54, 294, 308, 720, 611, 474, 499, 509, 541, 237, 328, 196, 836, 66, 104, 265, 162, 781, 867, 210, 899, 528], [42, 171, 673, 997, 144, 486, 938, 845, 471, 917, 88, 603, 572, 340, 855], [92, 372, 346, 895, 138, 880], [19, 385, 905, 230, 126, 975, 797, 512, 112, 472, 958], [133, 1000, 403, 761, 852, 344, 183, 447, 621], [23, 288, 500, 404, 915], [11, 415, 701, 332, 814, 968, 604, 876, 378, 765, 441, 907, 715, 22, 854, 45, 791], [26, 923, 825, 345, 480, 352, 195, 709, 365, 38, 539, 768, 490, 492, 147, 826, 957, 72, 868], [148, 561, 753, 724, 858, 707, 537, 202], [13, 576, 296, 99, 143, 48, 514, 744, 361, 732, 229, 349, 615, 888], [12, 616, 774, 974, 496, 334, 477, 59, 696, 431, 770, 872, 884, 186, 887], [6, 763, 700, 620, 218, 552, 508, 714, 136, 234, 802, 398, 949, 355, 624, 628, 468, 629, 735, 520, 125], [272, 428, 913, 712, 657, 450], [124, 235, 645, 521, 908, 661, 455, 817, 461, 252, 160, 681, 527, 642, 253, 255, 432, 936], [73, 981, 861, 663, 966], [58, 668, 722, 778, 473, 423, 382, 547, 758, 339, 91, 488, 581, 489, 698, 699, 350], [335, 779, 809, 384, 844, 762, 670, 945, 585, 601], [24, 359, 164, 205, 116, 807, 557, 792, 708, 736, 176, 734, 291, 550, 71, 772, 731, 782, 226], [233, 687, 667, 849, 264, 254], [155, 587, 864, 874, 338, 475, 563, 948, 729], [65, 185, 839, 717, 798, 582, 879, 901, 992, 584, 595, 638, 703, 249, 78, 198, 828, 375, 786], [61, 69, 553, 891, 556, 912, 827, 379, 406, 225], [79, 916, 688, 111, 343], [51, 525, 823, 662, 919, 497, 114, 564, 371, 789, 606, 566, 756, 476, 396, 493], [9, 918, 929, 697, 244, 721, 555, 808, 685, 944, 793, 988, 35, 577], [17, 494, 953, 331, 409, 964, 513, 523], [29, 973, 215, 914, 579], [140, 393, 269, 175, 991, 373, 399, 203, 813, 299, 881, 909, 429]]
len of cliques:  38
length of seeds:  38
i =  0 [1, 391, 522, 651, 397, 142, 911, 529, 531, 20, 277, 534, 279, 801, 679, 775, 257, 304, 307, 310, 574, 575, 193, 322, 323, 33, 201, 970, 463, 336, 270, 470, 87, 100, 478, 208, 994, 740, 869, 363, 853, 243, 885, 631, 636, 511]
i =  1 [811, 260, 262, 9, 401, 660, 149, 918, 793, 27, 540, 929, 34, 35, 808, 555, 685, 944, 177, 697, 317, 577, 716, 721, 988, 93, 862, 608, 273, 491, 680, 244, 630, 127]
i =  2 [672, 163, 676, 773, 264, 233, 300, 333, 687, 849, 83, 667, 254]
i =  3 [899, 265, 66, 109, 528, 532, 405, 836, 541, 286, 162, 932, 294, 308, 54, 820, 954, 446, 224, 962, 196, 328, 781, 720, 210, 867, 474, 96, 611, 357, 104, 237, 238, 370, 499, 366, 509]
i =  4 [904, 393, 140, 909, 399, 794, 299, 940, 813, 175, 565, 203, 269, 466, 429, 860, 991, 609, 738, 995, 103, 495, 240, 881, 373, 759]
i =  5 [580, 10, 267, 77, 750, 976, 785, 602, 284, 189]
i =  6 [6, 763, 520, 137, 139, 398, 802, 390, 678, 935, 552, 560, 136, 434, 949, 364, 735, 700, 714, 588, 594, 468, 218, 479, 355, 871, 892, 234, 620, 624, 628, 629, 123, 508, 125]
i =  7 [129, 16, 18, 158, 290, 168, 937, 43, 309, 695, 570, 187, 60, 448, 834, 326, 456, 86, 188, 749, 242, 894, 383]
i =  8 [288, 897, 646, 745, 74, 369, 274, 915, 404, 23, 500, 223]
i =  9 [768, 515, 516, 392, 266, 147, 121, 985, 920, 26, 923, 538, 32, 539, 805, 38, 41, 941, 822, 567, 440, 313, 826, 957, 318, 63, 705, 195, 68, 709, 967, 72, 459, 931, 480, 825, 345, 352, 868, 102, 490, 492, 365, 625, 633, 886, 760, 377]
i =  10 [388, 145, 788, 151, 161, 39, 424, 49, 184, 569, 955, 573, 192, 969, 458, 80, 348, 356, 613, 626, 755, 376, 635]
i =  11 [966, 167, 73, 939, 174, 368, 980, 981, 663, 861]
i =  12 [772, 925, 452, 782, 783, 784, 24, 46, 792, 708, 669, 291, 164, 549, 550, 807, 557, 942, 303, 176, 946, 435, 55, 324, 837, 71, 330, 205, 847, 848, 675, 526, 731, 734, 736, 246, 226, 614, 359, 610, 487, 878, 116, 374, 637]
i =  13 [512, 385, 194, 928, 37, 230, 905, 524, 354, 975, 112, 19, 436, 958, 599, 472, 640, 859, 797, 126, 799]
i =  14 [259, 421, 316, 79, 111, 812, 655, 688, 916, 343, 250, 47, 956, 31]
i =  15 [769, 901, 518, 786, 787, 407, 798, 545, 418, 582, 554, 327, 840, 821, 185, 315, 828, 703, 65, 451, 198, 839, 584, 717, 78, 595, 727, 219, 992, 865, 362, 879, 375, 504, 249, 638]
i =  16 [384, 898, 439, 228, 517, 593, 585, 810, 779, 844, 335, 945, 693, 809, 601, 217, 762, 670, 639]
i =  17 [579, 612, 838, 394, 973, 914, 483, 790, 215, 883, 29]
i =  18 [642, 875, 645, 134, 521, 908, 527, 661, 666, 5, 160, 165, 166, 295, 936, 681, 430, 432, 305, 179, 455, 460, 461, 846, 719, 817, 482, 360, 124, 235, 236, 122, 252, 253, 255]
i =  19 [832, 225, 891, 36, 69, 827, 553, 556, 987, 912, 113, 402, 718, 406, 634, 379, 156, 61, 351]
i =  20 [643, 644, 8, 271, 922, 796, 800, 933, 297, 692, 437, 694, 56, 64, 325, 70, 590, 207, 710, 469, 857, 989, 222, 98, 870, 110, 751, 169, 120, 764, 893]
i =  21 [387, 133, 652, 530, 403, 412, 157, 414, 543, 551, 425, 181, 183, 447, 850, 852, 344, 1000, 621, 232, 503, 761]
i =  22 [131, 11, 22, 791, 285, 415, 546, 420, 677, 45, 814, 950, 824, 57, 701, 62, 907, 968, 715, 332, 464, 977, 851, 854, 441, 604, 863, 353, 739, 998, 105, 876, 445, 118, 378, 765, 766]
i =  23 [864, 419, 358, 776, 874, 587, 562, 686, 337, 338, 563, 948, 245, 462, 729, 155, 427, 475, 52]
i =  24 [2, 647, 778, 28, 453, 547, 423, 668, 302, 689, 50, 58, 699, 190, 191, 960, 578, 581, 457, 722, 339, 84, 342, 473, 91, 698, 350, 488, 489, 747, 498, 758, 873, 382]
i =  25 [961, 674, 711, 95, 748, 653, 559, 433, 818, 180, 438, 152, 25, 282, 411, 767, 287]
i =  26 [386, 396, 525, 654, 789, 662, 919, 306, 51, 564, 566, 823, 963, 97, 209, 211, 596, 476, 606, 481, 493, 497, 114, 371, 756, 119]
i =  27 [707, 4, 753, 202, 465, 106, 724, 561, 537, 148, 858, 586, 94]
i =  28 [258, 3, 471, 144, 658, 21, 927, 673, 603, 934, 42, 171, 684, 572, 845, 340, 855, 88, 347, 656, 997, 486, 502, 938, 917]
i =  29 [513, 67, 964, 422, 743, 523, 141, 494, 367, 505, 17, 659, 804, 568, 726, 953, 856, 409, 331, 135, 280]
i =  30 [896, 770, 389, 774, 648, 12, 533, 416, 930, 682, 431, 206, 696, 186, 59, 829, 835, 268, 972, 589, 974, 592, 334, 982, 986, 477, 741, 996, 101, 616, 877, 496, 872, 115, 884, 887, 213]
i =  31 [256, 706, 214, 742, 200, 649, 298, 619, 108, 910, 150, 311, 248, 413, 247]
i =  32 [771, 132, 261, 906, 780, 15, 275, 159, 44, 301, 558, 816, 819, 951, 830, 833, 204, 82, 467, 733, 990, 485, 618, 622, 752, 754, 757, 380, 381]
i =  33 [130, 292, 231, 617, 75, 239, 983, 535, 281, 815, 199]
i =  34 [769, 901, 518, 786, 787, 407, 798, 545, 418, 582, 554, 327, 840, 821, 185, 315, 828, 703, 65, 451, 198, 839, 584, 717, 78, 595, 727, 219, 992, 865, 362, 879, 375, 504, 249, 638]
i =  35 [632, 138, 843, 623, 880, 984, 372, 278, 728, 889, 346, 959, 92, 895]
i =  36 [641, 514, 13, 143, 400, 536, 665, 417, 296, 605, 48, 53, 576, 449, 965, 81, 730, 732, 349, 99, 484, 229, 615, 744, 361, 107, 117, 888]
i =  37 [289, 450, 583, 712, 713, 428, 272, 913, 690, 600, 657, 890, 702, 607]
i =  38 [128, 737, 227, 900, 293, 806, 7, 40, 777, 542, 947, 725, 664, 89, 314, 251, 30, 319]
i =  39 [321, 519, 444, 501, 178, 978, 627, 597, 598, 154, 571, 924, 442, 410, 341]
i =  40 [507, 926, 999, 746, 971, 173, 14, 85, 182, 153, 795, 842, 510]
i =  41 [704, 993, 803, 454, 650, 76, 146, 882, 952, 831, 220, 671]
i =  42 [866, 903, 329, 683, 172, 979, 276, 212, 506, 283]
i =  43 [548, 197, 841, 395, 943, 408, 312, 921, 591, 443]
i =  44 [320, 544, 902, 263, 170, 241, 691, 723, 216, 426]
i =  45 [641, 514, 13, 143, 400, 536, 665, 417, 296, 349, 48, 53, 576, 449, 965, 81, 730, 732, 221, 99, 484, 229, 615, 744, 361, 107, 117, 888, 605]
i =  46 [864, 419, 358, 776, 874, 587, 338, 686, 337, 562, 563, 948, 245, 462, 729, 90, 155, 427, 475, 52]
complete deal_communities
commplete get_all_nature_community
----------------------------------The detection result is: 

all communities: 
i =  1 : [1, 20, 33, 87, 100, 142, 193, 201, 208, 243, 257, 270, 277, 279, 304, 307, 310, 322, 323, 336, 363, 391, 397, 463, 470, 478, 511, 522, 529, 531, 534, 574, 575, 631, 636, 651, 679, 740, 775, 801, 853, 869, 885, 911, 970, 994]
i =  2 : [9, 27, 34, 35, 93, 127, 149, 177, 244, 260, 262, 273, 317, 401, 491, 540, 555, 577, 608, 630, 660, 680, 685, 697, 716, 721, 793, 808, 811, 862, 918, 929, 944, 988]
i =  3 : [83, 163, 233, 254, 264, 300, 333, 667, 672, 676, 687, 773, 849]
i =  4 : [54, 66, 96, 104, 109, 162, 196, 210, 224, 237, 238, 265, 286, 294, 308, 328, 357, 366, 370, 405, 446, 474, 499, 509, 528, 532, 541, 611, 720, 781, 820, 836, 867, 899, 932, 954, 962]
i =  5 : [103, 140, 175, 203, 240, 269, 299, 373, 393, 399, 429, 466, 495, 565, 609, 738, 759, 794, 813, 860, 881, 904, 909, 940, 991, 995]
i =  6 : [10, 77, 189, 267, 284, 580, 602, 750, 785, 976]
i =  7 : [6, 123, 125, 136, 137, 139, 218, 234, 355, 364, 390, 398, 434, 468, 479, 508, 520, 552, 560, 588, 594, 620, 624, 628, 629, 678, 700, 714, 735, 763, 802, 871, 892, 935, 949]
i =  8 : [16, 18, 43, 60, 86, 129, 158, 168, 187, 188, 242, 290, 309, 326, 383, 448, 456, 570, 695, 749, 834, 894, 937]
i =  9 : [23, 74, 223, 274, 288, 369, 404, 500, 646, 745, 897, 915]
i =  10 : [26, 32, 38, 41, 63, 68, 72, 102, 121, 147, 195, 266, 313, 318, 345, 352, 365, 377, 392, 440, 459, 480, 490, 492, 515, 516, 538, 539, 567, 625, 633, 705, 709, 760, 768, 805, 822, 825, 826, 868, 886, 920, 923, 931, 941, 957, 967, 985]
i =  11 : [39, 49, 80, 145, 151, 161, 184, 192, 348, 356, 376, 388, 424, 458, 569, 573, 613, 626, 635, 755, 788, 955, 969]
i =  12 : [73, 167, 174, 368, 663, 861, 939, 966, 980, 981]
i =  13 : [24, 46, 55, 71, 116, 164, 176, 205, 226, 246, 291, 303, 324, 330, 359, 374, 435, 452, 487, 526, 549, 550, 557, 610, 614, 637, 669, 675, 708, 731, 734, 736, 772, 782, 783, 784, 792, 807, 837, 847, 848, 878, 925, 942, 946]
i =  14 : [19, 37, 112, 126, 194, 230, 354, 385, 436, 472, 512, 524, 599, 640, 797, 799, 859, 905, 928, 958, 975]
i =  15 : [31, 47, 79, 111, 250, 259, 316, 343, 421, 655, 688, 812, 916, 956]
i =  16 : [65, 78, 185, 198, 219, 249, 315, 327, 362, 375, 407, 418, 451, 504, 518, 545, 554, 582, 584, 595, 638, 703, 717, 727, 769, 786, 787, 798, 821, 828, 839, 840, 865, 879, 901, 992]
i =  17 : [217, 228, 335, 384, 439, 517, 585, 593, 601, 639, 670, 693, 762, 779, 809, 810, 844, 898, 945]
i =  18 : [29, 215, 394, 483, 579, 612, 790, 838, 883, 914, 973]
i =  19 : [5, 122, 124, 134, 160, 165, 166, 179, 235, 236, 252, 253, 255, 295, 305, 360, 430, 432, 455, 460, 461, 482, 521, 527, 642, 645, 661, 666, 681, 719, 817, 846, 875, 908, 936]
i =  20 : [36, 61, 69, 113, 156, 225, 351, 379, 402, 406, 553, 556, 634, 718, 827, 832, 891, 912, 987]
i =  21 : [8, 56, 64, 70, 98, 110, 120, 169, 207, 222, 271, 297, 325, 437, 469, 590, 643, 644, 692, 694, 710, 751, 764, 796, 800, 857, 870, 893, 922, 933, 989]
i =  22 : [133, 157, 181, 183, 232, 344, 387, 403, 412, 414, 425, 447, 503, 530, 543, 551, 621, 652, 761, 850, 852, 1000]
i =  23 : [11, 22, 45, 57, 62, 105, 118, 131, 285, 332, 353, 378, 415, 420, 441, 445, 464, 546, 604, 677, 701, 715, 739, 765, 766, 791, 814, 824, 851, 854, 863, 876, 907, 950, 968, 977, 998]
i =  24 : [2, 28, 50, 58, 84, 91, 190, 191, 302, 339, 342, 350, 382, 423, 453, 457, 473, 488, 489, 498, 547, 578, 581, 647, 668, 689, 698, 699, 722, 747, 758, 778, 873, 960]
i =  25 : [25, 95, 152, 180, 282, 287, 411, 433, 438, 559, 653, 674, 711, 748, 767, 818, 961]
i =  26 : [51, 97, 114, 119, 209, 211, 306, 371, 386, 396, 476, 481, 493, 497, 525, 564, 566, 596, 606, 654, 662, 756, 789, 823, 919, 963]
i =  27 : [4, 94, 106, 148, 202, 465, 537, 561, 586, 707, 724, 753, 858]
i =  28 : [3, 21, 42, 88, 144, 171, 258, 340, 347, 471, 486, 502, 572, 603, 656, 658, 673, 684, 845, 855, 917, 927, 934, 938, 997]
i =  29 : [17, 67, 135, 141, 280, 331, 367, 409, 422, 494, 505, 513, 523, 568, 659, 726, 743, 804, 856, 953, 964]
i =  30 : [12, 59, 101, 115, 186, 206, 213, 268, 334, 389, 416, 431, 477, 496, 533, 589, 592, 616, 648, 682, 696, 741, 770, 774, 829, 835, 872, 877, 884, 887, 896, 930, 972, 974, 982, 986, 996]
i =  31 : [108, 150, 200, 214, 247, 248, 256, 298, 311, 413, 619, 649, 706, 742, 910]
i =  32 : [15, 44, 82, 132, 159, 204, 261, 275, 301, 380, 381, 467, 485, 558, 618, 622, 733, 752, 754, 757, 771, 780, 816, 819, 830, 833, 906, 951, 990]
i =  33 : [75, 130, 199, 231, 239, 281, 292, 535, 617, 815, 983]
i =  34 : [92, 138, 278, 346, 372, 623, 632, 728, 843, 880, 889, 895, 959, 984]
i =  35 : [272, 289, 428, 450, 583, 600, 607, 657, 690, 702, 712, 713, 890, 913]
i =  36 : [7, 30, 40, 89, 128, 227, 251, 293, 314, 319, 542, 664, 725, 737, 777, 806, 900, 947]
i =  37 : [154, 178, 321, 341, 410, 442, 444, 501, 519, 571, 597, 598, 627, 924, 978]
i =  38 : [14, 85, 153, 173, 182, 507, 510, 746, 795, 842, 926, 971, 999]
i =  39 : [76, 146, 220, 454, 650, 671, 704, 803, 831, 882, 952, 993]
i =  40 : [172, 212, 276, 283, 329, 506, 683, 866, 903, 979]
i =  41 : [197, 312, 395, 408, 443, 548, 591, 841, 921, 943]
i =  42 : [170, 216, 241, 263, 320, 426, 544, 691, 723, 902]
i =  43 : [13, 48, 53, 81, 99, 107, 117, 143, 221, 229, 296, 349, 361, 400, 417, 449, 484, 514, 536, 576, 605, 615, 641, 665, 730, 732, 744, 888, 965]
i =  44 : [52, 90, 155, 245, 337, 338, 358, 419, 427, 462, 475, 562, 563, 587, 686, 729, 776, 864, 874, 948]
overlapping nodes are:  [] 
 NOO is:  0
total time is:  181.117708921
