nodes: [14, 30, 41, 57, 74, 138, 238, 243, 263, 268, 334, 353, 386, 387, 400, 405, 429, 471, 475, 503, 509, 542, 589, 631, 661, 666, 667, 700, 776, 834, 897, 911, 941, 944, 983] num of nodes:  35
[[14, 563, 504, 971, 520, 885, 18, 800, 876, 880, 209, 846, 116, 247, 255, 663, 374, 675, 882, 672, 722], [30, 275, 62, 378, 937, 298, 981, 822, 513, 730, 380, 441], [41, 306, 527, 304, 935], [6, 97, 57, 99, 393, 753, 884, 951, 188, 638], [8, 287, 134, 869, 74, 64, 484, 649, 805, 877, 536, 311, 556, 763], [138, 492, 570, 969, 585, 925, 147], [29, 392, 406, 44, 238, 678, 861, 60, 859, 933], [42, 736, 801, 872, 243, 604, 321, 584, 852, 811], [303, 317, 491, 263, 804, 597, 992, 651, 92, 677, 277, 121, 411, 305, 20, 56, 177, 118, 908, 95], [3, 391, 956, 626, 227, 360, 652, 423, 12, 55, 442, 702, 268, 369, 786, 571], [168, 334, 717, 200, 844, 346, 276], [19, 353, 581, 101, 845, 879, 178, 659, 189, 665, 802, 96], [65, 156, 384, 577, 386, 912, 517, 282, 113, 712, 810, 79, 625, 788, 984, 987, 922, 698, 816], [13, 387, 747, 588, 248, 817, 839, 587, 856, 986, 993, 241, 33, 123, 564, 413, 314], [10, 400, 54, 210, 537, 460, 734, 408, 435, 936], [46, 701, 782, 405, 409, 544, 614, 383, 719, 566, 893, 819, 71, 710, 575, 419, 414], [44, 264, 392, 429, 847, 861, 790, 207], [8, 287, 134, 869, 471, 64, 484, 805, 489, 917, 536, 763, 649, 311, 556], [61, 519, 903, 477, 475, 80, 482, 818, 399, 724, 86, 158, 289, 562, 233, 673], [84, 269, 995, 720, 294, 231, 503, 799, 330, 140, 728, 848, 128], [103, 142, 509, 997, 549, 462, 340, 345, 206, 283, 595, 286], [3, 391, 956, 626, 227, 360, 652, 423, 12, 55, 442, 702, 542, 571], [143, 905, 809, 589, 784, 628, 149, 591, 991, 260, 249, 197, 923], [100, 631, 886, 336], [146, 661, 757, 479, 318, 938, 183, 617, 493, 212, 605], [114, 666, 176, 299, 533, 295], [26, 635, 667, 633, 952, 498], [24, 627, 700, 779, 687, 483, 646, 623], [164, 776, 873, 891, 706, 950, 774, 760, 499], [182, 834, 840, 315, 446, 539, 389], [150, 370, 895, 959, 377, 897, 497, 313, 552, 208, 970], [23, 133, 36, 901, 807, 871, 296, 1000, 907, 898, 911, 245, 887, 985, 511, 415, 768, 634, 37, 534], [44, 406, 392, 941, 418, 790, 222, 60, 88], [129, 682, 352, 201, 944, 205, 966, 430, 366, 690, 151, 735, 456, 349, 291, 237], [218, 743, 620, 823, 599, 983, 709, 251, 239]]
len of cliques:  35
length of seeds:  35
i =  0 [775, 520, 525, 14, 913, 18, 663, 920, 800, 161, 675, 680, 563, 310, 445, 960, 672, 457, 971, 846, 209, 722, 83, 220, 221, 350, 228, 616, 876, 658, 880, 882, 116, 885, 374, 247, 504, 250, 764, 766, 255]
i =  1 [896, 902, 521, 267, 142, 787, 148, 280, 283, 668, 286, 290, 795, 549, 428, 829, 70, 711, 204, 206, 463, 976, 595, 340, 462, 345, 607, 165, 997, 103, 509, 894]
i =  2 [448, 1, 523, 667, 167, 875, 224, 505, 337, 498, 561, 235, 952, 633, 26, 635, 157, 126]
i =  3 [363, 263, 266, 651, 908, 656, 20, 277, 279, 664, 411, 288, 804, 677, 166, 305, 424, 297, 303, 177, 438, 56, 317, 447, 451, 326, 329, 335, 433, 338, 597, 215, 90, 92, 95, 992, 491, 117, 118, 121, 381, 127]
i =  4 [528, 914, 661, 422, 938, 47, 949, 183, 318, 146, 962, 323, 841, 212, 605, 479, 480, 617, 493, 878, 757, 507, 636]
i =  5 [731, 38, 455, 136, 41, 935, 527, 304, 306, 367, 375, 7, 119, 572]
i =  6 [768, 256, 898, 133, 262, 907, 2, 911, 21, 534, 23, 415, 36, 37, 807, 296, 683, 901, 830, 191, 67, 76, 465, 978, 642, 985, 890, 862, 871, 1000, 107, 245, 887, 634, 511]
i =  7 [640, 897, 396, 404, 150, 552, 815, 560, 313, 959, 328, 970, 208, 850, 472, 741, 998, 362, 749, 497, 370, 632, 377, 895]
i =  8 [963, 100, 886, 526, 495, 336, 657, 502, 631, 569]
i =  9 [384, 386, 643, 517, 577, 912, 600, 274, 788, 610, 152, 282, 156, 922, 670, 625, 810, 816, 181, 698, 699, 309, 65, 965, 712, 716, 98, 79, 979, 980, 984, 987, 994, 358, 361, 113, 467, 916, 637]
i =  10 [770, 773, 6, 393, 785, 927, 420, 551, 242, 686, 951, 184, 57, 186, 31, 188, 73, 78, 478, 223, 97, 99, 240, 753, 754, 884, 373, 761, 638]
i =  11 [387, 516, 13, 910, 529, 530, 797, 474, 33, 547, 174, 413, 817, 564, 821, 185, 314, 843, 582, 839, 587, 588, 468, 856, 601, 986, 94, 351, 608, 993, 102, 747, 494, 241, 248, 123]
i =  12 [899, 790, 392, 139, 141, 429, 144, 110, 406, 919, 281, 27, 924, 29, 418, 803, 933, 678, 171, 44, 941, 264, 51, 308, 693, 694, 439, 60, 831, 449, 708, 69, 973, 207, 342, 88, 473, 859, 860, 861, 222, 847, 999, 364, 238, 624, 881, 630, 124]
i =  13 [512, 647, 395, 782, 271, 405, 89, 409, 414, 544, 419, 292, 293, 553, 46, 559, 819, 566, 312, 697, 826, 701, 319, 192, 578, 710, 71, 968, 586, 719, 592, 211, 857, 865, 614, 232, 748, 750, 383, 575, 893, 639]
i =  14 [257, 514, 772, 929, 42, 811, 948, 567, 842, 321, 195, 836, 801, 584, 714, 339, 852, 726, 217, 604, 736, 612, 872, 243]
i =  15 [3, 391, 12, 397, 398, 786, 403, 412, 542, 932, 421, 423, 681, 427, 175, 55, 954, 571, 956, 957, 702, 705, 450, 453, 967, 652, 590, 593, 524, 854, 442, 737, 227, 360, 746, 365, 369, 626, 371, 268, 759, 510]
i =  16 [644, 9, 10, 400, 532, 25, 408, 537, 550, 936, 435, 54, 190, 460, 77, 210, 734, 354, 740, 486, 487, 105, 751, 574]
i =  17 [555, 645, 903, 399, 794, 541, 158, 159, 289, 35, 425, 554, 519, 562, 814, 818, 820, 565, 692, 61, 576, 673, 333, 80, 977, 931, 724, 213, 86, 216, 475, 477, 606, 482, 867, 742, 233, 619, 622, 755]
i =  18 [706, 187, 164, 774, 883, 776, 873, 394, 173, 718, 499, 904, 307, 180, 950, 760, 900, 858, 891, 796, 426]
i =  19 [129, 130, 4, 5, 781, 915, 662, 151, 921, 410, 284, 928, 291, 934, 682, 430, 944, 690, 955, 958, 704, 966, 327, 456, 201, 75, 205, 81, 596, 341, 347, 349, 735, 352, 226, 996, 870, 108, 237, 366, 111]
i =  20 [899, 790, 392, 139, 141, 429, 144, 110, 406, 919, 281, 27, 924, 29, 418, 803, 933, 678, 171, 44, 941, 264, 51, 308, 693, 694, 439, 60, 831, 449, 708, 69, 973, 207, 342, 88, 473, 859, 860, 861, 222, 847, 999, 364, 238, 624, 881, 630, 124]
i =  21 [641, 388, 134, 8, 649, 909, 654, 15, 579, 917, 918, 536, 964, 538, 287, 545, 805, 39, 170, 556, 311, 696, 63, 64, 66, 707, 452, 74, 332, 684, 82, 723, 471, 485, 611, 484, 869, 359, 489, 106, 877, 613, 372, 888, 763, 765, 767]
i =  22 [258, 11, 43, 688, 823, 828, 703, 580, 709, 203, 855, 983, 599, 218, 476, 356, 743, 745, 620, 239, 506, 251, 254]
i =  23 [641, 388, 134, 8, 649, 909, 654, 15, 579, 917, 918, 536, 964, 538, 287, 545, 805, 39, 170, 556, 311, 696, 63, 64, 66, 707, 452, 74, 332, 684, 82, 723, 471, 485, 611, 484, 869, 359, 489, 106, 877, 613, 372, 888, 763, 765, 767]
i =  24 [899, 406, 264, 139, 141, 429, 144, 110, 790, 919, 281, 27, 924, 29, 418, 803, 933, 678, 171, 44, 941, 392, 51, 308, 693, 694, 439, 60, 831, 449, 708, 69, 973, 207, 342, 88, 473, 859, 860, 861, 222, 847, 999, 364, 238, 624, 881, 630, 124]
i =  25 [3, 391, 12, 397, 398, 786, 403, 412, 542, 932, 421, 423, 681, 427, 175, 55, 954, 571, 956, 957, 702, 705, 450, 453, 967, 652, 590, 593, 524, 854, 442, 737, 227, 360, 746, 365, 369, 626, 371, 268, 759, 510]
i =  26 [515, 646, 827, 779, 535, 24, 540, 160, 942, 687, 953, 59, 700, 573, 193, 458, 972, 849, 853, 602, 483, 490, 623, 627]
i =  27 [128, 140, 269, 531, 671, 806, 679, 302, 943, 691, 799, 835, 330, 848, 739, 84, 598, 728, 348, 720, 995, 294, 231, 618, 503]
i =  28 [172, 496, 229, 969, 650, 492, 28, 655, 48, 17, 147, 138, 585, 570, 732, 925]
i =  29 [260, 905, 522, 109, 143, 784, 149, 923, 325, 676, 809, 558, 436, 316, 197, 454, 72, 715, 589, 591, 727, 219, 990, 991, 104, 621, 628, 249, 762, 508]
i =  30 [58, 669, 930, 390, 168, 844, 717, 334, 461, 145, 851, 276, 301, 346, 603, 200, 285, 863]
i =  31 [513, 275, 30, 674, 937, 298, 939, 940, 557, 822, 440, 441, 62, 824, 981, 87, 730, 122, 864, 378, 380, 125]
i =  32 [32, 246, 834, 539, 196, 389, 840, 34, 975, 50, 470, 791, 315, 989, 446, 182]
i =  33 [518, 19, 665, 153, 155, 802, 548, 178, 437, 444, 189, 324, 581, 845, 594, 343, 988, 733, 96, 353, 866, 101, 615, 879, 659, 501, 382]
i =  34 [331, 198, 295, 744, 777, 874, 299, 946, 906, 176, 114, 500, 533, 793, 666, 91, 234]
i =  35 [775, 520, 663, 525, 14, 913, 18, 407, 920, 800, 161, 675, 680, 563, 310, 445, 960, 672, 457, 971, 846, 209, 722, 83, 220, 221, 350, 228, 616, 876, 658, 880, 882, 116, 885, 374, 247, 504, 250, 764, 766, 255]
i =  36 [481, 259, 417, 648, 202, 583, 270, 385, 272, 808, 466, 725, 22, 344, 93]
i =  37 [129, 130, 4, 5, 781, 915, 662, 151, 921, 410, 284, 928, 291, 934, 682, 430, 944, 690, 568, 955, 958, 704, 966, 327, 456, 201, 75, 205, 81, 596, 341, 347, 349, 735, 352, 226, 996, 870, 108, 237, 366, 111]
i =  38 [320, 833, 162, 355, 225, 459, 738, 752, 689, 695, 825]
i =  39 [357, 40, 169, 974, 464, 945, 115, 278, 154, 252]
i =  40 [261, 780, 713, 778, 812, 45, 402, 368, 434, 660, 892]
i =  41 [961, 546, 131, 868, 300, 685, 85, 376, 443, 629]
i =  42 [416, 769, 322, 401, 236, 112, 49, 432, 756, 947]
i =  43 [832, 230, 488, 265, 721, 179, 52, 469, 214, 543]
i =  44 [798, 163, 132, 199, 137, 653, 813, 273, 789, 926]
i =  45 [609, 194, 379, 982, 431, 244, 53, 758, 120, 729, 783]
i =  46 [899, 790, 392, 139, 141, 429, 144, 238, 406, 919, 792, 281, 27, 29, 418, 803, 933, 678, 171, 44, 941, 264, 51, 308, 693, 694, 439, 60, 831, 449, 708, 69, 973, 207, 342, 88, 473, 859, 860, 861, 222, 847, 999, 364, 110, 624, 881, 630, 124]
i =  47 [641, 388, 134, 8, 649, 909, 654, 15, 707, 917, 918, 536, 452, 538, 287, 545, 805, 39, 170, 684, 253, 311, 696, 556, 64, 66, 579, 964, 63, 74, 332, 82, 723, 471, 869, 611, 484, 485, 359, 489, 106, 877, 613, 372, 888, 763, 765, 767]
i =  48 [528, 914, 661, 422, 938, 47, 949, 183, 318, 146, 962, 323, 841, 212, 605, 479, 480, 617, 493, 878, 757, 889, 507, 636]
i =  49 [644, 9, 10, 400, 532, 25, 408, 537, 550, 936, 435, 54, 190, 68, 460, 77, 210, 734, 354, 740, 486, 487, 105, 751, 574]
i =  50 [258, 135, 11, 43, 688, 823, 828, 703, 580, 709, 203, 855, 983, 599, 218, 476, 356, 743, 745, 620, 239, 506, 251, 254]
i =  51 [641, 388, 134, 763, 8, 649, 909, 654, 15, 707, 917, 918, 536, 452, 538, 287, 545, 805, 39, 170, 684, 311, 696, 556, 64, 66, 579, 964, 837, 74, 332, 82, 723, 471, 869, 611, 484, 485, 359, 489, 106, 877, 613, 372, 888, 63, 765, 767]
i =  52 [3, 391, 652, 397, 398, 786, 403, 412, 542, 932, 421, 423, 681, 427, 175, 55, 954, 571, 956, 957, 702, 705, 450, 453, 838, 967, 524, 590, 593, 854, 442, 737, 227, 360, 746, 365, 12, 369, 626, 371, 268, 759, 510]
i =  53 [513, 16, 275, 30, 674, 937, 298, 939, 940, 557, 822, 824, 441, 62, 440, 981, 87, 730, 378, 864, 122, 380, 125]
i =  54 [129, 130, 771, 4, 5, 781, 915, 662, 151, 921, 410, 284, 928, 291, 934, 682, 430, 944, 690, 955, 958, 704, 966, 327, 456, 201, 75, 205, 81, 596, 341, 347, 349, 735, 352, 226, 996, 870, 108, 237, 366, 111]
complete deal_communities
commplete get_all_nature_community
----------------------------------The detection result is: 

all communities: 
i =  1 : [70, 103, 142, 148, 165, 204, 206, 267, 280, 283, 286, 290, 340, 345, 428, 462, 463, 509, 521, 549, 595, 607, 668, 711, 787, 795, 829, 894, 896, 902, 976, 997]
i =  2 : [1, 26, 126, 157, 167, 224, 235, 337, 448, 498, 505, 523, 561, 633, 635, 667, 875, 952]
i =  3 : [20, 56, 90, 92, 95, 117, 118, 121, 127, 166, 177, 215, 263, 266, 277, 279, 288, 297, 303, 305, 317, 326, 329, 335, 338, 363, 381, 411, 424, 433, 438, 447, 451, 491, 597, 651, 656, 664, 677, 804, 908, 992]
i =  4 : [7, 38, 41, 119, 136, 304, 306, 367, 375, 455, 527, 572, 731, 935]
i =  5 : [2, 21, 23, 36, 37, 67, 76, 107, 133, 191, 245, 256, 262, 296, 415, 465, 511, 534, 634, 642, 683, 768, 807, 830, 862, 871, 887, 890, 898, 901, 907, 911, 978, 985, 1000]
i =  6 : [150, 208, 313, 328, 362, 370, 377, 396, 404, 472, 497, 552, 560, 632, 640, 741, 749, 815, 850, 895, 897, 959, 970, 998]
i =  7 : [100, 336, 495, 502, 526, 569, 631, 657, 886, 963]
i =  8 : [65, 79, 98, 113, 152, 156, 181, 274, 282, 309, 358, 361, 384, 386, 467, 517, 577, 600, 610, 625, 637, 643, 670, 698, 699, 712, 716, 788, 810, 816, 912, 916, 922, 965, 979, 980, 984, 987, 994]
i =  9 : [6, 31, 57, 73, 78, 97, 99, 184, 186, 188, 223, 240, 242, 373, 393, 420, 478, 551, 638, 686, 753, 754, 761, 770, 773, 785, 884, 927, 951]
i =  10 : [13, 33, 94, 102, 123, 174, 185, 241, 248, 314, 351, 387, 413, 468, 474, 494, 516, 529, 530, 547, 564, 582, 587, 588, 601, 608, 747, 797, 817, 821, 839, 843, 856, 910, 986, 993]
i =  11 : [46, 71, 89, 192, 211, 232, 271, 292, 293, 312, 319, 383, 395, 405, 409, 414, 419, 512, 544, 553, 559, 566, 575, 578, 586, 592, 614, 639, 647, 697, 701, 710, 719, 748, 750, 782, 819, 826, 857, 865, 893, 968]
i =  12 : [42, 195, 217, 243, 257, 321, 339, 514, 567, 584, 604, 612, 714, 726, 736, 772, 801, 811, 836, 842, 852, 872, 929, 948]
i =  13 : [35, 61, 80, 86, 158, 159, 213, 216, 233, 289, 333, 399, 425, 475, 477, 482, 519, 541, 554, 555, 562, 565, 576, 606, 619, 622, 645, 673, 692, 724, 742, 755, 794, 814, 818, 820, 867, 903, 931, 977]
i =  14 : [164, 173, 180, 187, 307, 394, 426, 499, 706, 718, 760, 774, 776, 796, 858, 873, 883, 891, 900, 904, 950]
i =  15 : [24, 59, 160, 193, 458, 483, 490, 515, 535, 540, 573, 602, 623, 627, 646, 687, 700, 779, 827, 849, 853, 942, 953, 972]
i =  16 : [84, 128, 140, 231, 269, 294, 302, 330, 348, 503, 531, 598, 618, 671, 679, 691, 720, 728, 739, 799, 806, 835, 848, 943, 995]
i =  17 : [17, 28, 48, 138, 147, 172, 229, 492, 496, 570, 585, 650, 655, 732, 925, 969]
i =  18 : [72, 104, 109, 143, 149, 197, 219, 249, 260, 316, 325, 436, 454, 508, 522, 558, 589, 591, 621, 628, 676, 715, 727, 762, 784, 809, 905, 923, 990, 991]
i =  19 : [58, 145, 168, 200, 276, 285, 301, 334, 346, 390, 461, 603, 669, 717, 844, 851, 863, 930]
i =  20 : [32, 34, 50, 182, 196, 246, 315, 389, 446, 470, 539, 791, 834, 840, 975, 989]
i =  21 : [19, 96, 101, 153, 155, 178, 189, 324, 343, 353, 382, 437, 444, 501, 518, 548, 581, 594, 615, 659, 665, 733, 802, 845, 866, 879, 988]
i =  22 : [91, 114, 176, 198, 234, 295, 299, 331, 500, 533, 666, 744, 777, 793, 874, 906, 946]
i =  23 : [14, 18, 83, 116, 161, 209, 220, 221, 228, 247, 250, 255, 310, 350, 374, 407, 445, 457, 504, 520, 525, 563, 616, 658, 663, 672, 675, 680, 722, 764, 766, 775, 800, 846, 876, 880, 882, 885, 913, 920, 960, 971]
i =  24 : [22, 93, 202, 259, 270, 272, 344, 385, 417, 466, 481, 583, 648, 725, 808]
i =  25 : [162, 225, 320, 355, 459, 689, 695, 738, 752, 825, 833]
i =  26 : [40, 115, 154, 169, 252, 278, 357, 464, 945, 974]
i =  27 : [45, 261, 368, 402, 434, 660, 713, 778, 780, 812, 892]
i =  28 : [85, 131, 300, 376, 443, 546, 629, 685, 868, 961]
i =  29 : [49, 112, 236, 322, 401, 416, 432, 756, 769, 947]
i =  30 : [52, 179, 214, 230, 265, 469, 488, 543, 721, 832]
i =  31 : [132, 137, 163, 199, 273, 653, 789, 798, 813, 926]
i =  32 : [53, 120, 194, 244, 379, 431, 609, 729, 758, 783, 982]
i =  33 : [47, 146, 183, 212, 318, 323, 422, 479, 480, 493, 507, 528, 605, 617, 636, 661, 757, 841, 878, 889, 914, 938, 949, 962]
i =  34 : [9, 10, 25, 54, 68, 77, 105, 190, 210, 354, 400, 408, 435, 460, 486, 487, 532, 537, 550, 574, 644, 734, 740, 751, 936]
i =  35 : [11, 43, 135, 203, 218, 239, 251, 254, 258, 356, 476, 506, 580, 599, 620, 688, 703, 709, 743, 745, 823, 828, 855, 983]
i =  36 : [3, 12, 55, 175, 227, 268, 360, 365, 369, 371, 391, 397, 398, 403, 412, 421, 423, 427, 442, 450, 453, 510, 524, 542, 571, 590, 593, 626, 652, 681, 702, 705, 737, 746, 759, 786, 838, 854, 932, 954, 956, 957, 967]
i =  37 : [16, 30, 62, 87, 122, 125, 275, 298, 378, 380, 440, 441, 513, 557, 674, 730, 822, 824, 864, 937, 939, 940, 981]
i =  38 : [27, 29, 44, 51, 60, 69, 88, 110, 124, 139, 141, 144, 171, 207, 222, 238, 264, 281, 308, 342, 364, 392, 406, 418, 429, 439, 449, 473, 624, 630, 678, 693, 694, 708, 790, 792, 803, 831, 847, 859, 860, 861, 881, 899, 919, 924, 933, 941, 973, 999]
i =  39 : [4, 5, 75, 81, 108, 111, 129, 130, 151, 201, 205, 226, 237, 284, 291, 327, 341, 347, 349, 352, 366, 410, 430, 456, 568, 596, 662, 682, 690, 704, 735, 771, 781, 870, 915, 921, 928, 934, 944, 955, 958, 966, 996]
i =  40 : [8, 15, 39, 63, 64, 66, 74, 82, 106, 134, 170, 253, 287, 311, 332, 359, 372, 388, 452, 471, 484, 485, 489, 536, 538, 545, 556, 579, 611, 613, 641, 649, 654, 684, 696, 707, 723, 763, 765, 767, 805, 837, 869, 877, 888, 909, 917, 918, 964]
overlapping nodes are:  [] 
 NOO is:  0
total time is:  945.557631969
