nodes: [116, 119, 130, 169, 225, 230, 241, 246, 275, 299, 311, 320, 341, 348, 371, 401, 410, 426, 434, 463, 468, 534, 556, 567, 587, 604, 615, 640, 698, 701, 718, 771, 780, 831, 833, 863, 867, 873, 910, 912, 916, 938, 994] num of nodes:  43
[[116, 398, 992, 467, 155, 479, 356, 325], [27, 451, 607, 119, 720, 853, 671], [16, 132, 572, 180, 774, 72, 130, 914, 287, 577, 211], [31, 232, 484, 473, 167, 169, 670, 861], [16, 132, 572, 180, 774, 72, 225, 914, 287, 577, 211], [117, 230, 271, 288, 993, 790, 505, 293, 678, 656, 519], [13, 801, 714, 465, 108, 120, 241, 370, 864, 600, 589], [204, 246, 944, 521, 682, 704, 987, 161, 667], [275, 402, 527, 392, 895, 368], [147, 299, 679, 715, 362, 346], [342, 657, 884, 988, 510, 991, 530, 598, 311], [50, 242, 320, 886, 807, 725, 512, 883, 376, 602], [3, 649, 24, 142, 171, 427, 57, 341, 783, 328, 755, 429, 668, 597, 974], [26, 190, 348, 38, 384, 794, 766, 934, 743, 940, 400, 736, 846, 983, 857, 820, 926], [32, 939, 371, 336, 852], [28, 401, 959, 637, 902, 932, 63], [188, 193, 769, 740, 490, 982, 410, 574, 213, 318], [234, 426, 417, 411, 326, 310, 313, 796, 759], [135, 964, 280, 434, 205, 733, 312], [73, 385, 81, 779, 869, 463, 529, 999, 757, 645, 316, 273, 160], [64, 468, 677, 548, 284, 644, 442, 865], [155, 467, 534, 479, 992, 949, 222, 662], [37, 131, 539, 899, 556, 294], [216, 567, 651, 419, 472, 700, 415], [101, 524, 587, 721, 828, 185, 471], [47, 962, 604, 358, 737, 825, 157], [204, 615, 521, 667, 508, 161, 987], [14, 268, 576, 640, 708, 719, 665, 802, 309], [91, 296, 881, 698, 102, 511, 144, 95], [6, 962, 358, 47, 337, 825, 122, 701], [47, 962, 718, 358, 825, 122, 157], [73, 385, 81, 779, 869, 771, 529, 421, 645, 273, 316, 757, 601], [8, 868, 780, 231, 43, 226, 202, 30, 781], [18, 831, 948, 96, 317, 880, 134, 976, 920, 476, 614], [67, 833, 762, 996, 437, 703, 203, 756, 608, 347, 350, 856], [4, 863, 504, 139, 150, 900, 891, 523, 723], [85, 867, 536, 553, 593, 351], [10, 702, 873, 693, 514, 892], [15, 910, 560, 54, 907, 927, 393, 250], [44, 532, 912, 164, 811, 49, 322, 244], [140, 200, 840, 916, 859, 958, 433, 441], [1, 374, 438, 482, 938, 612, 357, 103, 300, 432, 849, 56, 409, 685], [510, 988, 530, 657, 598, 809, 994, 884]]
len of cliques:  43
length of seeds:  43
i =  0 [384, 517, 903, 400, 26, 794, 926, 418, 934, 39, 681, 940, 689, 563, 820, 952, 314, 190, 321, 965, 224, 846, 86, 983, 857, 348, 736, 38, 359, 743, 830, 125, 766]
i =  1 [576, 640, 802, 708, 263, 586, 268, 365, 14, 719, 304, 286, 309, 665, 638, 21]
i =  2 [772, 133, 651, 216, 278, 285, 415, 419, 173, 174, 567, 315, 700, 961, 580, 848, 215, 472, 990, 866, 360, 877, 104, 503, 252]
i =  3 [128, 3, 901, 391, 649, 142, 783, 276, 919, 24, 668, 427, 799, 416, 936, 171, 429, 821, 137, 57, 328, 842, 974, 341, 470, 345, 399, 745, 237, 882, 755, 372, 597]
i =  4 [226, 875, 868, 709, 231, 8, 202, 43, 780, 781, 913, 83, 500, 566, 836, 219, 669, 30]
i =  5 [66, 611, 101, 198, 620, 106, 587, 524, 390, 687, 48, 721, 691, 212, 471, 185, 105, 828, 55, 639]
i =  6 [1, 387, 12, 655, 403, 406, 409, 551, 938, 300, 685, 432, 945, 692, 438, 56, 591, 849, 207, 480, 482, 612, 357, 103, 747, 492, 751, 112, 374, 126]
i =  7 [149, 181, 2, 523, 900, 613, 742, 11, 414, 723, 139, 483, 724, 533, 918, 504, 4, 835, 891, 150, 863]
i =  8 [768, 6, 265, 269, 782, 659, 405, 792, 666, 157, 930, 162, 165, 199, 47, 817, 819, 693, 825, 186, 701, 705, 962, 502, 70, 967, 712, 841, 330, 76, 34, 718, 337, 730, 604, 93, 549, 737, 738, 486, 358, 111, 754, 628, 189, 761, 122, 767]
i =  9 [256, 385, 771, 645, 262, 650, 779, 528, 273, 160, 421, 423, 168, 955, 316, 61, 73, 716, 463, 81, 601, 506, 827, 869, 529, 999, 876, 110, 757, 632, 121, 634, 124]
i =  10 [896, 386, 662, 398, 222, 534, 153, 155, 412, 541, 5, 544, 546, 36, 113, 680, 156, 45, 46, 177, 949, 568, 445, 832, 834, 325, 329, 971, 78, 467, 462, 88, 100, 349, 94, 479, 992, 354, 356, 870, 616, 924, 236, 109, 622, 240, 753, 979, 116, 630, 633, 635, 981]
i =  11 [388, 904, 521, 525, 729, 324, 943, 161, 35, 804, 935, 40, 682, 557, 431, 944, 306, 713, 191, 704, 196, 289, 585, 588, 82, 980, 667, 344, 985, 858, 987, 615, 363, 112, 625, 498, 204, 246, 508, 469]
i =  12 [256, 385, 771, 645, 262, 650, 779, 528, 273, 160, 421, 423, 168, 955, 316, 61, 73, 716, 463, 81, 601, 506, 827, 869, 529, 999, 876, 110, 757, 632, 121, 634, 124]
i =  13 [643, 647, 905, 911, 531, 922, 27, 670, 671, 928, 420, 167, 552, 169, 42, 813, 302, 52, 59, 829, 451, 69, 710, 31, 460, 720, 853, 728, 473, 731, 861, 734, 607, 187, 484, 232, 618, 879, 115, 245, 119, 893, 981]
i =  14 [768, 6, 265, 269, 782, 659, 405, 792, 666, 157, 930, 162, 165, 199, 47, 817, 819, 693, 825, 186, 701, 705, 962, 502, 70, 967, 712, 841, 330, 76, 34, 718, 337, 730, 604, 93, 549, 737, 738, 486, 358, 111, 754, 628, 189, 761, 122, 767]
i =  15 [906, 267, 856, 29, 675, 681, 428, 437, 703, 833, 194, 67, 966, 203, 984, 347, 350, 608, 996, 485, 361, 621, 366, 624, 499, 756, 762]
i =  16 [644, 145, 146, 284, 548, 677, 170, 178, 563, 442, 64, 578, 97, 590, 79, 468, 726, 855, 217, 865, 872, 369, 382]
i =  17 [997, 327, 392, 683, 749, 527, 368, 402, 275, 735, 895]
i =  18 [130, 132, 389, 774, 136, 109, 16, 914, 19, 788, 661, 572, 925, 287, 674, 166, 298, 558, 561, 180, 954, 956, 577, 72, 887, 334, 211, 225, 229, 617, 489, 493, 247, 380, 509]
i =  19 [896, 386, 662, 398, 222, 534, 153, 155, 412, 541, 5, 544, 546, 36, 753, 680, 156, 45, 46, 177, 949, 568, 445, 832, 834, 325, 329, 971, 78, 467, 462, 88, 100, 349, 94, 479, 992, 354, 356, 870, 616, 924, 236, 109, 622, 240, 113, 979, 116, 630, 633, 635, 981]
i =  20 [871, 715, 679, 362, 299, 301, 147, 758, 739, 346, 810, 255]
i =  21 [130, 132, 389, 774, 136, 109, 16, 914, 19, 788, 661, 572, 925, 287, 674, 166, 298, 558, 561, 180, 954, 956, 577, 72, 887, 334, 211, 225, 229, 617, 489, 493, 247, 380, 509]
i =  22 [352, 355, 102, 296, 9, 95, 850, 144, 881, 690, 118, 698, 91, 511]
i =  23 [676, 131, 260, 37, 294, 497, 425, 554, 556, 270, 209, 899, 343, 921, 539, 785]
i =  24 [898, 515, 518, 519, 648, 777, 396, 258, 271, 656, 787, 494, 790, 154, 288, 293, 678, 823, 579, 584, 331, 888, 340, 599, 761, 218, 993, 610, 230, 871, 233, 238, 239, 627, 117, 760, 505, 789]
i =  25 [768, 6, 265, 269, 782, 659, 405, 792, 666, 157, 930, 162, 165, 199, 47, 817, 819, 693, 825, 186, 701, 705, 962, 70, 967, 712, 841, 330, 76, 34, 718, 189, 337, 730, 604, 93, 549, 737, 738, 486, 358, 111, 754, 628, 502, 761, 122, 767]
i =  26 [867, 998, 422, 305, 553, 908, 658, 593, 626, 660, 85, 22, 536, 826, 351]
i =  27 [129, 266, 13, 143, 277, 159, 801, 803, 430, 559, 253, 443, 573, 197, 71, 714, 589, 465, 600, 864, 353, 741, 998, 108, 367, 241, 370, 481, 631, 120, 763, 381]
i =  28 [208, 706, 99, 822, 393, 907, 910, 15, 560, 308, 501, 54, 697, 250, 335, 860, 605, 927]
i =  29 [514, 931, 261, 70, 873, 458, 221, 10, 74, 693, 41, 892, 522, 702, 447]
i =  30 [96, 976, 550, 614, 744, 436, 844, 653, 477, 880, 18, 948, 62, 920, 722, 476, 317, 134, 831]
i =  31 [192, 322, 164, 811, 44, 750, 303, 912, 49, 532, 526, 950, 183, 244, 732, 564, 377]
i =  32 [32, 641, 227, 228, 292, 138, 939, 845, 654, 336, 371, 404, 695, 824, 84, 282, 852, 575]
i =  33 [512, 778, 915, 163, 807, 424, 114, 175, 50, 320, 449, 195, 453, 968, 466, 725, 214, 602, 242, 883, 886, 376, 251]
i =  34 [603, 283, 7, 200, 843, 140, 818, 752, 433, 946, 916, 446, 840, 20, 441, 859, 958]
i =  35 [769, 982, 193, 395, 652, 664, 410, 933, 555, 694, 951, 188, 318, 448, 65, 837, 717, 210, 213, 854, 220, 609, 740, 490, 623, 574, 874]
i =  36 [897, 259, 342, 257, 264, 23, 784, 657, 530, 279, 793, 540, 798, 800, 929, 809, 775, 942, 816, 562, 311, 953, 223, 323, 407, 545, 456, 970, 98, 80, 254, 981, 598, 475, 988, 606, 991, 994, 884, 510, 248, 123, 281, 894, 383]
i =  37 [388, 904, 521, 525, 985, 324, 943, 161, 35, 804, 935, 40, 682, 557, 431, 944, 306, 713, 191, 704, 196, 289, 585, 588, 82, 980, 667, 344, 729, 858, 987, 615, 363, 112, 625, 498, 204, 246, 508, 469]
i =  38 [643, 647, 905, 911, 531, 922, 27, 670, 671, 928, 420, 167, 552, 169, 42, 813, 302, 52, 59, 829, 451, 69, 710, 31, 460, 720, 853, 728, 473, 731, 861, 734, 607, 187, 484, 232, 618, 879, 115, 245, 119, 893, 981]
i =  39 [897, 259, 342, 257, 264, 23, 784, 657, 530, 279, 793, 540, 798, 800, 929, 809, 775, 942, 816, 562, 311, 953, 223, 323, 407, 545, 456, 970, 98, 80, 981, 598, 475, 988, 606, 991, 994, 894, 884, 254, 248, 123, 281, 510, 383]
i =  40 [672, 932, 805, 902, 28, 394, 684, 957, 60, 401, 274, 947, 53, 152, 889, 63, 764, 637, 917, 959]
i =  41 [417, 290, 547, 581, 326, 234, 235, 973, 307, 148, 310, 759, 313, 411, 796, 426, 127]
i =  42 [256, 516, 773, 135, 272, 963, 686, 22, 535, 280, 537, 179, 941, 814, 815, 434, 51, 312, 319, 707, 964, 583, 972, 205, 333, 464, 977, 978, 854, 986, 733, 592, 379, 373, 746, 619, 878, 495, 885, 375, 890, 507]
i =  43 [226, 43, 868, 709, 231, 8, 202, 875, 780, 781, 913, 83, 500, 566, 663, 836, 219, 669, 30]
i =  44 [960, 450, 75, 582, 969, 107, 332, 688, 595, 151, 249, 538, 699, 92, 862]
i =  45 [643, 647, 905, 911, 531, 922, 27, 670, 671, 928, 420, 167, 552, 169, 42, 813, 302, 435, 52, 59, 829, 451, 69, 710, 31, 460, 720, 853, 728, 473, 731, 861, 734, 607, 187, 484, 232, 618, 879, 115, 245, 119, 893, 981]
i =  46 [496, 291, 839, 520, 975, 176, 488, 243, 25, 569, 89, 58]
i =  47 [636, 770, 454, 201, 491, 172, 642, 542, 696, 378, 444, 158]
i =  48 [452, 487, 776, 457, 87, 812, 206, 847, 1000, 851, 439, 68, 90]
i =  49 [768, 34, 6, 265, 269, 782, 659, 405, 792, 666, 923, 157, 930, 165, 967, 47, 817, 819, 693, 825, 186, 701, 705, 962, 502, 70, 199, 712, 841, 330, 76, 162, 718, 337, 730, 604, 93, 549, 737, 738, 358, 486, 111, 754, 628, 189, 761, 122, 767]
i =  50 [390, 524, 795, 687, 48, 55, 185, 828, 66, 198, 587, 77, 721, 212, 471, 478, 611, 101, 105, 106, 620, 639]
i =  51 [806, 295, 141, 461, 786, 727, 408, 570, 797, 543]
i =  52 [33, 455, 808, 364, 397, 594, 339, 513, 629, 440]
i =  53 [838, 937, 909, 17, 338, 565, 182, 184, 989]
i =  54 [417, 290, 547, 581, 326, 673, 234, 235, 973, 307, 148, 310, 759, 313, 411, 796, 426, 127]
i =  55 [388, 904, 521, 525, 985, 324, 431, 161, 35, 804, 935, 40, 682, 557, 943, 944, 306, 585, 191, 704, 196, 289, 713, 459, 588, 82, 980, 667, 344, 729, 858, 987, 615, 363, 112, 625, 498, 204, 246, 508, 469]
i =  56 [388, 904, 521, 525, 985, 324, 431, 161, 35, 804, 935, 40, 682, 557, 943, 944, 306, 585, 191, 704, 196, 289, 713, 588, 82, 980, 667, 344, 729, 858, 987, 615, 363, 112, 625, 498, 204, 246, 508, 765, 469]
i =  57 [898, 515, 518, 519, 648, 777, 396, 258, 271, 656, 787, 238, 790, 154, 474, 288, 293, 678, 823, 579, 584, 331, 505, 760, 340, 599, 218, 993, 610, 230, 871, 233, 494, 239, 627, 117, 888, 761, 789]
i =  58 [256, 385, 771, 645, 262, 650, 779, 528, 529, 791, 160, 421, 423, 168, 955, 316, 61, 73, 716, 463, 81, 601, 634, 827, 869, 273, 999, 876, 110, 757, 632, 121, 506, 124]
i =  59 [640, 576, 802, 708, 263, 586, 268, 365, 14, 719, 304, 638, 309, 665, 413, 286, 21]
i =  60 [258, 515, 518, 519, 648, 777, 396, 898, 271, 656, 787, 494, 790, 154, 288, 293, 678, 823, 571, 579, 584, 331, 760, 340, 599, 761, 218, 993, 610, 230, 871, 233, 238, 239, 627, 117, 888, 505, 789]
i =  61 [772, 133, 646, 651, 216, 278, 285, 415, 419, 173, 174, 567, 315, 700, 961, 580, 848, 215, 472, 990, 866, 360, 877, 104, 503, 252]
i =  62 [772, 133, 651, 472, 278, 285, 415, 419, 173, 174, 567, 315, 700, 961, 580, 848, 215, 216, 990, 866, 360, 748, 877, 104, 503, 252]
i =  63 [32, 641, 227, 228, 84, 297, 138, 939, 845, 654, 336, 371, 404, 695, 824, 292, 282, 852, 575]
i =  64 [603, 283, 7, 200, 843, 140, 752, 840, 946, 596, 958, 433, 441, 20, 916, 859, 446]
i =  65 [897, 259, 598, 257, 264, 23, 784, 657, 530, 279, 793, 540, 798, 800, 929, 809, 775, 942, 816, 562, 311, 953, 991, 323, 407, 711, 456, 970, 994, 80, 254, 981, 342, 510, 475, 988, 606, 223, 98, 884, 545, 248, 123, 281, 894, 383]
i =  66 [995, 838, 937, 909, 17, 338, 565, 182, 184, 989]
complete deal_communities
commplete get_all_nature_community
----------------------------------The detection result is: 

all communities: 
i =  1 : [26, 38, 39, 86, 125, 190, 224, 314, 321, 348, 359, 384, 400, 418, 517, 563, 681, 689, 736, 743, 766, 794, 820, 830, 846, 857, 903, 926, 934, 940, 952, 965, 983]
i =  2 : [3, 24, 57, 128, 137, 142, 171, 237, 276, 328, 341, 345, 372, 391, 399, 416, 427, 429, 470, 597, 649, 668, 745, 755, 783, 799, 821, 842, 882, 901, 919, 936, 974]
i =  3 : [1, 12, 56, 103, 112, 126, 207, 300, 357, 374, 387, 403, 406, 409, 432, 438, 480, 482, 492, 551, 591, 612, 655, 685, 692, 747, 751, 849, 938, 945]
i =  4 : [2, 4, 11, 139, 149, 150, 181, 414, 483, 504, 523, 533, 613, 723, 724, 742, 835, 863, 891, 900, 918]
i =  5 : [5, 36, 45, 46, 78, 88, 94, 100, 109, 113, 116, 153, 155, 156, 177, 222, 236, 240, 325, 329, 349, 354, 356, 386, 398, 412, 445, 462, 467, 479, 534, 541, 544, 546, 568, 616, 622, 630, 633, 635, 662, 680, 753, 832, 834, 870, 896, 924, 949, 971, 979, 981, 992]
i =  6 : [29, 67, 194, 203, 267, 347, 350, 361, 366, 428, 437, 485, 499, 608, 621, 624, 675, 681, 703, 756, 762, 833, 856, 906, 966, 984, 996]
i =  7 : [64, 79, 97, 145, 146, 170, 178, 217, 284, 369, 382, 442, 468, 548, 563, 578, 590, 644, 677, 726, 855, 865, 872]
i =  8 : [275, 327, 368, 392, 402, 527, 683, 735, 749, 895, 997]
i =  9 : [16, 19, 72, 109, 130, 132, 136, 166, 180, 211, 225, 229, 247, 287, 298, 334, 380, 389, 489, 493, 509, 558, 561, 572, 577, 617, 661, 674, 774, 788, 887, 914, 925, 954, 956]
i =  10 : [147, 255, 299, 301, 346, 362, 679, 715, 739, 758, 810, 871]
i =  11 : [9, 91, 95, 102, 118, 144, 296, 352, 355, 511, 690, 698, 850, 881]
i =  12 : [37, 131, 209, 260, 270, 294, 343, 425, 497, 539, 554, 556, 676, 785, 899, 921]
i =  13 : [22, 85, 305, 351, 422, 536, 553, 593, 626, 658, 660, 826, 867, 908, 998]
i =  14 : [13, 71, 108, 120, 129, 143, 159, 197, 241, 253, 266, 277, 353, 367, 370, 381, 430, 443, 465, 481, 559, 573, 589, 600, 631, 714, 741, 763, 801, 803, 864, 998]
i =  15 : [15, 54, 99, 208, 250, 308, 335, 393, 501, 560, 605, 697, 706, 822, 860, 907, 910, 927]
i =  16 : [10, 41, 70, 74, 221, 261, 447, 458, 514, 522, 693, 702, 873, 892, 931]
i =  17 : [18, 62, 96, 134, 317, 436, 476, 477, 550, 614, 653, 722, 744, 831, 844, 880, 920, 948, 976]
i =  18 : [44, 49, 164, 183, 192, 244, 303, 322, 377, 526, 532, 564, 732, 750, 811, 912, 950]
i =  19 : [50, 114, 163, 175, 195, 214, 242, 251, 320, 376, 424, 449, 453, 466, 512, 602, 725, 778, 807, 883, 886, 915, 968]
i =  20 : [65, 188, 193, 210, 213, 220, 318, 395, 410, 448, 490, 555, 574, 609, 623, 652, 664, 694, 717, 740, 769, 837, 854, 874, 933, 951, 982]
i =  21 : [28, 53, 60, 63, 152, 274, 394, 401, 637, 672, 684, 764, 805, 889, 902, 917, 932, 947, 957, 959]
i =  22 : [22, 51, 135, 179, 205, 256, 272, 280, 312, 319, 333, 373, 375, 379, 434, 464, 495, 507, 516, 535, 537, 583, 592, 619, 686, 707, 733, 746, 773, 814, 815, 854, 878, 885, 890, 941, 963, 964, 972, 977, 978, 986]
i =  23 : [8, 30, 43, 83, 202, 219, 226, 231, 500, 566, 663, 669, 709, 780, 781, 836, 868, 875, 913]
i =  24 : [75, 92, 107, 151, 249, 332, 450, 538, 582, 595, 688, 699, 862, 960, 969]
i =  25 : [27, 31, 42, 52, 59, 69, 115, 119, 167, 169, 187, 232, 245, 302, 420, 435, 451, 460, 473, 484, 531, 552, 607, 618, 643, 647, 670, 671, 710, 720, 728, 731, 734, 813, 829, 853, 861, 879, 893, 905, 911, 922, 928, 981]
i =  26 : [25, 58, 89, 176, 243, 291, 488, 496, 520, 569, 839, 975]
i =  27 : [158, 172, 201, 378, 444, 454, 491, 542, 636, 642, 696, 770]
i =  28 : [68, 87, 90, 206, 439, 452, 457, 487, 776, 812, 847, 851, 1000]
i =  29 : [6, 34, 47, 70, 76, 93, 111, 122, 157, 162, 165, 186, 189, 199, 265, 269, 330, 337, 358, 405, 486, 502, 549, 604, 628, 659, 666, 693, 701, 705, 712, 718, 730, 737, 738, 754, 761, 767, 768, 782, 792, 817, 819, 825, 841, 923, 930, 962, 967]
i =  30 : [141, 295, 408, 461, 543, 570, 727, 786, 797, 806]
i =  31 : [33, 339, 364, 397, 440, 455, 513, 594, 629, 808]
i =  32 : [127, 148, 234, 235, 290, 307, 310, 313, 326, 411, 417, 426, 547, 581, 673, 759, 796, 973]
i =  33 : [61, 73, 81, 110, 121, 124, 160, 168, 256, 262, 273, 316, 385, 421, 423, 463, 506, 528, 529, 601, 632, 634, 645, 650, 716, 757, 771, 779, 791, 827, 869, 876, 955, 999]
i =  34 : [14, 21, 263, 268, 286, 304, 309, 365, 413, 576, 586, 638, 640, 665, 708, 719, 802]
i =  35 : [32, 84, 138, 227, 228, 282, 292, 297, 336, 371, 404, 575, 641, 654, 695, 824, 845, 852, 939]
i =  36 : [23, 80, 98, 123, 223, 248, 254, 257, 259, 264, 279, 281, 311, 323, 342, 383, 407, 456, 475, 510, 530, 540, 545, 562, 598, 606, 657, 711, 775, 784, 793, 798, 800, 809, 816, 884, 894, 897, 929, 942, 953, 970, 981, 988, 991, 994]
i =  37 : [17, 182, 184, 338, 565, 838, 909, 937, 989, 995]
i =  38 : [48, 55, 66, 77, 101, 105, 106, 185, 198, 212, 390, 471, 478, 524, 587, 611, 620, 639, 687, 691, 721, 795, 828]
i =  39 : [7, 20, 140, 200, 283, 433, 441, 446, 596, 603, 752, 818, 840, 843, 859, 916, 946, 958]
i =  40 : [35, 40, 82, 112, 161, 191, 196, 204, 246, 289, 306, 324, 344, 363, 388, 431, 459, 469, 498, 508, 521, 525, 557, 585, 588, 615, 625, 667, 682, 704, 713, 729, 765, 804, 858, 904, 935, 943, 944, 980, 985, 987]
i =  41 : [117, 154, 218, 230, 233, 238, 239, 258, 271, 288, 293, 331, 340, 396, 474, 494, 505, 515, 518, 519, 571, 579, 584, 599, 610, 627, 648, 656, 678, 760, 761, 777, 787, 789, 790, 823, 871, 888, 898, 993]
i =  42 : [104, 133, 173, 174, 215, 216, 252, 278, 285, 315, 360, 415, 419, 472, 503, 567, 580, 646, 651, 700, 748, 772, 848, 866, 877, 961, 990]
overlapping nodes are:  [22, 70, 109, 112, 256, 563, 681, 693, 761, 854, 871, 981, 998] 
 NOO is:  13
total time is:  1385.54049921
