nodes: [43, 63, 75, 87, 91, 108, 116, 157, 256, 260, 271, 322, 347, 348, 444, 454, 461, 482, 512, 555, 569, 576, 588, 591, 731, 736, 803, 832, 847, 853, 878, 895, 919, 935, 946, 952, 995] num of nodes:  37
[[43, 223, 958, 323, 252, 428, 144, 50, 772, 677, 704, 128], [17, 63, 730, 38, 111], [24, 795, 75, 491, 363, 336, 923, 470, 558], [16, 424, 620, 814, 754, 957, 87, 860, 221, 383, 899, 243, 71, 18, 331], [23, 91, 737, 69, 722, 502, 800, 162, 889, 652, 371], [108, 538, 557, 838, 742, 810, 785, 297, 866], [116, 197, 807, 466, 624, 183, 304, 905], [20, 157, 651, 826], [81, 564, 256, 837, 735, 272, 522, 784, 533, 244, 989, 953, 597], [17, 432, 647, 730, 260, 38, 230, 372], [271, 312, 577, 419, 613, 821], [60, 322, 708, 829, 582, 515, 769, 122, 269, 815], [21, 191, 347, 551, 977, 285, 333], [44, 896, 546, 872, 219, 348, 882, 237, 112], [24, 444, 558, 491, 923, 336, 363, 470], [160, 454, 326, 894, 224, 665, 802, 325, 353], [29, 345, 902, 295, 202, 461, 305, 310, 696, 634, 603, 156, 733, 158], [386, 482, 508, 540, 879, 710], [67, 770, 611, 619, 994, 906, 518, 512], [104, 555, 585, 970, 161, 883, 790], [39, 187, 215, 586, 656, 507, 393, 569], [31, 690, 576, 96, 430, 147, 52, 516, 580, 387, 592, 42, 763, 900], [209, 268, 389, 674, 588, 684, 499, 263, 302, 222, 706, 645, 811], [231, 591, 689, 711, 361], [86, 731, 967, 595, 425, 925, 340, 93, 639], [104, 658, 736, 161, 585, 790, 883, 970], [196, 803, 198, 469, 858, 817, 852, 816, 827, 965], [56, 448, 578, 608, 832, 559, 648, 572, 475], [55, 797, 847, 743, 195, 972, 127], [259, 486, 853, 319, 278, 748, 776, 758], [39, 187, 878, 656, 916, 709], [15, 296, 98, 895, 449, 844, 143, 431], [46, 570, 771, 870, 616, 307, 974, 720, 919, 275, 286, 185, 377], [321, 935, 992, 741, 627, 963, 959], [101, 907, 946, 668, 159, 583, 138, 715, 498, 541, 316, 349], [344, 952, 755, 414, 910, 631, 854, 530, 439], [242, 995, 726, 545, 459]]
len of cliques:  37
length of seeds:  37
i =  0 [899, 644, 7, 471, 16, 18, 276, 174, 152, 36, 424, 814, 441, 188, 957, 194, 324, 71, 840, 331, 460, 87, 474, 860, 221, 358, 620, 754, 243, 379, 383]
i =  1 [1, 648, 396, 403, 151, 921, 28, 928, 832, 548, 936, 682, 559, 392, 309, 56, 955, 572, 448, 578, 836, 712, 330, 467, 212, 855, 88, 475, 604, 608, 609, 99, 484, 490, 368, 753, 121, 123, 124, 106, 510]
i =  2 [635, 521, 778, 523, 12, 525, 654, 656, 529, 916, 622, 279, 283, 453, 33, 930, 36, 39, 554, 45, 561, 434, 393, 569, 187, 828, 317, 961, 709, 968, 908, 586, 951, 973, 719, 855, 982, 215, 856, 335, 990, 226, 507, 744, 874, 878, 626, 891]
i =  3 [902, 401, 153, 156, 29, 158, 165, 295, 305, 179, 565, 310, 695, 696, 700, 701, 250, 452, 390, 202, 203, 461, 345, 603, 733, 607, 610, 227, 998, 492, 114, 634]
i =  4 [514, 598, 910, 530, 670, 933, 809, 947, 414, 439, 952, 962, 72, 462, 854, 343, 344, 293, 746, 239, 755, 630, 631]
i =  5 [107, 260, 647, 11, 526, 17, 26, 667, 288, 418, 675, 38, 553, 903, 432, 563, 820, 566, 825, 442, 574, 63, 68, 840, 457, 332, 80, 730, 356, 806, 230, 913, 488, 745, 103, 236, 238, 111, 752, 27, 372, 391, 886, 575, 509, 638]
i =  6 [387, 516, 650, 400, 147, 793, 900, 31, 552, 681, 42, 430, 690, 52, 671, 576, 450, 580, 247, 592, 724, 41, 988, 96, 370, 759, 763]
i =  7 [32, 97, 197, 897, 679, 129, 905, 807, 850, 304, 466, 115, 116, 245, 937, 440, 624, 183]
i =  8 [641, 422, 231, 361, 711, 205, 591, 689, 692, 984, 796, 351]
i =  9 [256, 9, 522, 272, 533, 542, 547, 166, 169, 688, 562, 564, 181, 137, 953, 837, 327, 458, 81, 597, 989, 735, 784, 614, 102, 233, 495, 244, 767]
i =  10 [107, 260, 647, 11, 526, 17, 26, 667, 288, 418, 675, 38, 553, 903, 432, 563, 820, 566, 825, 574, 575, 68, 840, 457, 332, 80, 730, 356, 806, 230, 913, 488, 103, 236, 238, 111, 752, 27, 372, 391, 886, 63, 509, 638]
i =  11 [544, 545, 995, 292, 618, 459, 524, 242, 500, 405, 726, 887, 764, 765, 478]
i =  12 [389, 646, 263, 268, 398, 155, 645, 801, 674, 811, 684, 302, 309, 182, 57, 543, 706, 969, 842, 588, 206, 209, 729, 222, 738, 488, 617, 234, 875, 494, 1000, 499, 373, 120]
i =  13 [642, 3, 139, 527, 24, 153, 922, 795, 491, 589, 287, 923, 934, 680, 558, 359, 442, 444, 702, 705, 75, 73, 971, 205, 335, 848, 82, 470, 473, 975, 220, 94, 352, 336, 867, 550, 864, 999, 489, 363, 493, 190, 505, 890, 166]
i =  14 [149, 193, 775, 651, 653, 686, 20, 629, 150, 826, 157, 95]
i =  15 [771, 275, 919, 947, 286, 35, 933, 550, 46, 177, 307, 185, 186, 443, 446, 65, 974, 720, 723, 377, 859, 58, 734, 570, 870, 616, 249, 251]
i =  16 [512, 258, 518, 906, 770, 142, 216, 274, 25, 669, 415, 163, 134, 306, 309, 438, 311, 568, 571, 64, 67, 950, 966, 865, 843, 590, 339, 213, 728, 225, 994, 611, 873, 619, 365, 381, 632, 253]
i =  17 [128, 939, 772, 517, 135, 777, 144, 672, 677, 43, 428, 945, 50, 435, 223, 958, 704, 323, 70, 714, 717, 983, 217, 476, 350, 549, 881, 117, 252, 893]
i =  18 [635, 521, 778, 523, 12, 525, 654, 656, 529, 916, 878, 279, 283, 709, 33, 930, 36, 39, 554, 45, 561, 434, 393, 569, 187, 828, 317, 961, 453, 968, 908, 586, 951, 973, 719, 855, 982, 215, 856, 335, 990, 226, 507, 744, 874, 622, 626, 891]
i =  19 [136, 138, 395, 411, 668, 541, 159, 290, 583, 173, 946, 316, 907, 455, 715, 721, 349, 991, 101, 615, 497, 498]
i =  20 [960, 555, 773, 779, 912, 658, 790, 663, 154, 161, 421, 298, 427, 48, 436, 437, 823, 180, 956, 53, 320, 835, 585, 970, 204, 980, 214, 736, 993, 104, 105, 235, 883, 501, 118, 831, 892, 125]
i =  21 [132, 262, 652, 23, 664, 800, 162, 91, 301, 315, 62, 69, 201, 376, 210, 761, 987, 861, 862, 737, 722, 371, 502, 760, 889, 378, 380, 255]
i =  22 [259, 740, 758, 486, 776, 587, 748, 146, 479, 978, 884, 853, 278, 920, 633, 699, 926, 868, 319]
i =  23 [769, 322, 515, 708, 582, 519, 808, 412, 556, 813, 14, 269, 208, 282, 851, 388, 122, 463, 60, 829, 815]
i =  24 [449, 98, 673, 296, 844, 941, 15, 904, 661, 599, 409, 431, 143, 382, 895]
i =  25 [384, 273, 707, 788, 666, 30, 816, 803, 164, 817, 938, 944, 433, 698, 827, 834, 451, 196, 965, 198, 852, 469, 858, 606, 863, 623, 766]
i =  26 [551, 841, 394, 364, 333, 61, 560, 977, 84, 885, 567, 347, 21, 285, 126, 191]
i =  27 [642, 3, 139, 527, 24, 153, 922, 795, 491, 589, 287, 923, 934, 680, 558, 359, 442, 444, 702, 705, 75, 73, 971, 205, 335, 848, 82, 470, 473, 975, 220, 94, 352, 864, 867, 550, 999, 489, 363, 493, 336, 190, 505, 890, 166]
i =  28 [320, 555, 773, 779, 912, 658, 790, 663, 154, 161, 421, 298, 427, 48, 436, 437, 823, 180, 956, 53, 960, 835, 585, 970, 204, 980, 214, 736, 993, 104, 105, 235, 883, 501, 118, 831, 892, 125]
i =  29 [866, 100, 229, 742, 297, 810, 108, 557, 750, 877, 785, 838, 110, 601, 538, 924, 805]
i =  30 [34, 195, 797, 342, 743, 145, 300, 972, 847, 337, 786, 534, 55, 346, 799, 593, 127]
i =  31 [896, 397, 277, 546, 291, 348, 44, 429, 943, 51, 573, 703, 833, 74, 77, 464, 600, 219, 92, 477, 478, 354, 872, 618, 237, 366, 112, 882, 504]
i =  32 [992, 321, 963, 741, 294, 935, 264, 649, 257, 685, 718, 369, 818, 627, 148, 822, 985, 979, 959]
i =  33 [643, 13, 782, 660, 406, 407, 665, 325, 160, 802, 454, 423, 434, 948, 694, 954, 581, 326, 839, 596, 855, 224, 353, 867, 485, 496, 281, 894]
i =  34 [481, 419, 357, 577, 747, 271, 465, 594, 931, 308, 821, 792, 314, 312, 90, 798, 613]
i =  35 [480, 289, 131, 869, 967, 425, 447, 940, 876, 93, 176, 178, 595, 340, 334, 86, 248, 787, 731, 925, 639]
i =  36 [768, 386, 710, 508, 780, 482, 879, 819, 918, 89, 540]
i =  37 [2, 4, 133, 520, 10, 130, 783, 19, 404, 791, 536, 410, 413, 40, 168, 189, 374, 199, 849, 341, 232, 625, 246, 506]
i =  38 [66, 612, 167, 170, 303, 240, 49, 531, 468, 911, 54, 824, 657, 762, 655, 284, 318]
i =  39 [898, 683, 804, 265, 267, 781, 207, 976, 113, 338, 725, 662, 218, 986, 254, 927]
i =  40 [417, 355, 385, 360, 362, 140, 270, 880, 200, 739, 756, 528, 727, 280, 637, 830]
i =  41 [192, 328, 676, 456, 299, 241, 628, 981, 22, 732, 445, 949]
i =  42 [128, 939, 772, 517, 135, 777, 144, 672, 677, 43, 428, 945, 50, 435, 958, 704, 323, 70, 714, 717, 983, 217, 476, 350, 223, 252, 549, 881, 117, 636, 893]
i =  43 [5, 584, 426, 172, 399, 211, 472, 539, 605, 511]
i =  44 [929, 228, 109, 749, 846, 47, 914, 691, 757, 857, 602]
i =  45 [513, 483, 901, 871, 713, 171, 716, 845, 751, 579, 119]
i =  46 [932, 261, 909, 78, 367, 693, 375, 794, 687, 789]
i =  47 [640, 964, 37, 8, 266, 79, 184, 697, 408, 313]
i =  48 [2, 4, 133, 520, 10, 130, 783, 402, 19, 404, 791, 536, 410, 413, 625, 40, 189, 246, 199, 849, 341, 232, 168, 374, 506]
i =  49 [866, 100, 805, 742, 76, 810, 108, 557, 750, 877, 785, 838, 110, 297, 601, 538, 924, 229]
i =  50 [132, 262, 652, 23, 664, 800, 162, 91, 812, 301, 315, 62, 69, 201, 376, 210, 83, 889, 987, 861, 862, 737, 722, 371, 502, 760, 761, 378, 380, 255]
i =  51 [389, 646, 263, 268, 398, 659, 155, 645, 801, 674, 811, 684, 302, 309, 182, 57, 543, 706, 969, 842, 588, 206, 209, 729, 222, 738, 488, 617, 234, 875, 494, 1000, 499, 373, 120]
i =  52 [512, 770, 774, 906, 258, 142, 216, 274, 25, 669, 415, 163, 518, 306, 309, 438, 311, 568, 571, 134, 64, 67, 950, 966, 225, 843, 590, 339, 213, 728, 865, 994, 611, 873, 619, 365, 381, 632, 253]
i =  53 [132, 262, 652, 23, 664, 800, 162, 91, 812, 301, 59, 62, 69, 201, 760, 210, 83, 889, 987, 861, 862, 737, 315, 722, 371, 502, 376, 761, 378, 380, 255]
i =  54 [34, 195, 797, 534, 743, 972, 300, 337, 847, 145, 786, 917, 342, 55, 346, 799, 593, 127]
i =  55 [643, 13, 782, 660, 406, 407, 665, 325, 160, 802, 454, 423, 562, 434, 948, 694, 954, 581, 326, 839, 329, 596, 855, 224, 353, 867, 485, 496, 281, 894]
i =  56 [645, 646, 263, 268, 398, 155, 389, 801, 674, 811, 684, 302, 309, 182, 57, 543, 706, 969, 842, 588, 206, 209, 729, 222, 738, 487, 488, 617, 234, 875, 494, 1000, 499, 373, 120]
i =  57 [192, 328, 676, 456, 299, 656, 241, 628, 981, 22, 888, 732, 445, 949]
i =  58 [393, 778, 523, 12, 525, 654, 656, 529, 916, 878, 279, 283, 453, 33, 930, 36, 39, 554, 45, 561, 434, 521, 891, 569, 187, 828, 317, 215, 961, 709, 968, 908, 586, 951, 973, 719, 85, 982, 855, 856, 335, 990, 226, 507, 744, 874, 622, 626, 635]
i =  59 [642, 3, 139, 527, 535, 24, 153, 922, 795, 491, 287, 923, 934, 680, 558, 550, 442, 444, 190, 705, 75, 73, 971, 205, 589, 848, 82, 470, 473, 975, 220, 94, 352, 864, 867, 678, 999, 489, 359, 493, 336, 702, 505, 890]
i =  60 [960, 427, 773, 779, 912, 658, 790, 663, 154, 161, 421, 298, 555, 942, 48, 180, 437, 823, 436, 956, 53, 320, 835, 585, 970, 204, 980, 214, 736, 993, 104, 105, 235, 883, 501, 118, 831, 892, 125]
i =  61 [866, 100, 805, 742, 297, 810, 108, 877, 110, 557, 141, 785, 838, 750, 601, 538, 924, 229]
i =  62 [1, 648, 396, 403, 151, 921, 28, 928, 832, 548, 936, 682, 559, 392, 309, 56, 955, 572, 448, 416, 578, 836, 712, 330, 467, 212, 855, 88, 475, 604, 608, 609, 99, 484, 490, 368, 753, 121, 123, 124, 106, 510]
i =  63 [898, 683, 804, 6, 265, 267, 781, 207, 976, 113, 338, 725, 662, 218, 986, 254, 927]
i =  64 [256, 9, 522, 272, 533, 542, 547, 166, 169, 688, 562, 564, 181, 137, 953, 837, 327, 458, 81, 597, 989, 735, 784, 102, 614, 233, 621, 495, 244, 767]
i =  65 [320, 555, 773, 779, 912, 658, 915, 790, 663, 154, 161, 421, 298, 427, 48, 180, 437, 823, 436, 956, 53, 960, 835, 585, 970, 204, 980, 214, 736, 993, 104, 105, 235, 883, 501, 118, 831, 892, 125]
i =  66 [260, 903, 11, 526, 913, 26, 667, 288, 418, 675, 38, 553, 647, 432, 563, 820, 566, 825, 574, 63, 68, 457, 332, 80, 356, 730, 996, 806, 230, 17, 488, 107, 236, 238, 111, 752, 372, 391, 886, 575, 638]
i =  67 [416, 1, 678, 934, 193, 95, 651, 653, 686, 335, 775, 20, 629, 150, 24, 826, 175, 220, 157, 149]
i =  68 [1, 648, 396, 403, 921, 28, 928, 832, 420, 936, 682, 559, 392, 309, 56, 955, 572, 448, 416, 578, 836, 712, 330, 467, 212, 88, 548, 475, 604, 608, 609, 99, 484, 106, 368, 753, 121, 123, 124, 490, 510]
i =  69 [259, 740, 758, 486, 776, 587, 748, 978, 319, 146, 884, 853, 278, 503, 920, 633, 699, 926, 479]
i =  70 [132, 262, 652, 532, 23, 664, 800, 162, 987, 812, 301, 315, 62, 69, 201, 760, 210, 83, 889, 91, 861, 862, 737, 722, 371, 502, 376, 761, 378, 380, 255]
i =  71 [449, 98, 537, 673, 904, 844, 941, 431, 296, 661, 599, 409, 15, 143, 382, 895]
i =  72 [132, 262, 652, 23, 664, 800, 162, 91, 812, 301, 315, 62, 69, 201, 760, 210, 83, 761, 987, 861, 862, 737, 997, 722, 371, 502, 376, 889, 378, 380, 255]
complete deal_communities
commplete get_all_nature_community
----------------------------------The detection result is: 

all communities: 
i =  1 : [7, 16, 18, 36, 71, 87, 152, 174, 188, 194, 221, 243, 276, 324, 331, 358, 379, 383, 424, 441, 460, 471, 474, 620, 644, 754, 814, 840, 860, 899, 957]
i =  2 : [29, 114, 153, 156, 158, 165, 179, 202, 203, 227, 250, 295, 305, 310, 345, 390, 401, 452, 461, 492, 565, 603, 607, 610, 634, 695, 696, 700, 701, 733, 902, 998]
i =  3 : [72, 239, 293, 343, 344, 414, 439, 462, 514, 530, 598, 630, 631, 670, 746, 755, 809, 854, 910, 933, 947, 952, 962]
i =  4 : [31, 41, 42, 52, 96, 147, 247, 370, 387, 400, 430, 450, 516, 552, 576, 580, 592, 650, 671, 681, 690, 724, 759, 763, 793, 900, 988]
i =  5 : [32, 97, 115, 116, 129, 183, 197, 245, 304, 440, 466, 624, 679, 807, 850, 897, 905, 937]
i =  6 : [205, 231, 351, 361, 422, 591, 641, 689, 692, 711, 796, 984]
i =  7 : [242, 292, 405, 459, 478, 500, 524, 544, 545, 618, 726, 764, 765, 887, 995]
i =  8 : [35, 46, 58, 65, 177, 185, 186, 249, 251, 275, 286, 307, 377, 443, 446, 550, 570, 616, 720, 723, 734, 771, 859, 870, 919, 933, 947, 974]
i =  9 : [101, 136, 138, 159, 173, 290, 316, 349, 395, 411, 455, 497, 498, 541, 583, 615, 668, 715, 721, 907, 946, 991]
i =  10 : [14, 60, 122, 208, 269, 282, 322, 388, 412, 463, 515, 519, 556, 582, 708, 769, 808, 813, 815, 829, 851]
i =  11 : [30, 164, 196, 198, 273, 384, 433, 451, 469, 606, 623, 666, 698, 707, 766, 788, 803, 816, 817, 827, 834, 852, 858, 863, 938, 944, 965]
i =  12 : [21, 61, 84, 126, 191, 285, 333, 347, 364, 394, 551, 560, 567, 841, 885, 977]
i =  13 : [44, 51, 74, 77, 92, 112, 219, 237, 277, 291, 348, 354, 366, 397, 429, 464, 477, 478, 504, 546, 573, 600, 618, 703, 833, 872, 882, 896, 943]
i =  14 : [148, 257, 264, 294, 321, 369, 627, 649, 685, 718, 741, 818, 822, 935, 959, 963, 979, 985, 992]
i =  15 : [90, 271, 308, 312, 314, 357, 419, 465, 481, 577, 594, 613, 747, 792, 798, 821, 931]
i =  16 : [86, 93, 131, 176, 178, 248, 289, 334, 340, 425, 447, 480, 595, 639, 731, 787, 869, 876, 925, 940, 967]
i =  17 : [89, 386, 482, 508, 540, 710, 768, 780, 819, 879, 918]
i =  18 : [49, 54, 66, 167, 170, 240, 284, 303, 318, 468, 531, 612, 655, 657, 762, 824, 911]
i =  19 : [140, 200, 270, 280, 355, 360, 362, 385, 417, 528, 637, 727, 739, 756, 830, 880]
i =  20 : [43, 50, 70, 117, 128, 135, 144, 217, 223, 252, 323, 350, 428, 435, 476, 517, 549, 636, 672, 677, 704, 714, 717, 772, 777, 881, 893, 939, 945, 958, 983]
i =  21 : [5, 172, 211, 399, 426, 472, 511, 539, 584, 605]
i =  22 : [47, 109, 228, 602, 691, 749, 757, 846, 857, 914, 929]
i =  23 : [119, 171, 483, 513, 579, 713, 716, 751, 845, 871, 901]
i =  24 : [78, 261, 367, 375, 687, 693, 789, 794, 909, 932]
i =  25 : [8, 37, 79, 184, 266, 313, 408, 640, 697, 964]
i =  26 : [2, 4, 10, 19, 40, 130, 133, 168, 189, 199, 232, 246, 341, 374, 402, 404, 410, 413, 506, 520, 536, 625, 783, 791, 849]
i =  27 : [25, 64, 67, 134, 142, 163, 213, 216, 225, 253, 258, 274, 306, 309, 311, 339, 365, 381, 415, 438, 512, 518, 568, 571, 590, 611, 619, 632, 669, 728, 770, 774, 843, 865, 873, 906, 950, 966, 994]
i =  28 : [34, 55, 127, 145, 195, 300, 337, 342, 346, 534, 593, 743, 786, 797, 799, 847, 917, 972]
i =  29 : [13, 160, 224, 281, 325, 326, 329, 353, 406, 407, 423, 434, 454, 485, 496, 562, 581, 596, 643, 660, 665, 694, 782, 802, 839, 855, 867, 894, 948, 954]
i =  30 : [22, 192, 241, 299, 328, 445, 456, 628, 656, 676, 732, 888, 949, 981]
i =  31 : [12, 33, 36, 39, 45, 85, 187, 215, 226, 279, 283, 317, 335, 393, 434, 453, 507, 521, 523, 525, 529, 554, 561, 569, 586, 622, 626, 635, 654, 656, 709, 719, 744, 778, 828, 855, 856, 874, 878, 891, 908, 916, 930, 951, 961, 968, 973, 982, 990]
i =  32 : [6, 113, 207, 218, 254, 265, 267, 338, 662, 683, 725, 781, 804, 898, 927, 976, 986]
i =  33 : [9, 81, 102, 137, 166, 169, 181, 233, 244, 256, 272, 327, 458, 495, 522, 533, 542, 547, 562, 564, 597, 614, 621, 688, 735, 767, 784, 837, 953, 989]
i =  34 : [1, 20, 24, 95, 149, 150, 157, 175, 193, 220, 335, 416, 629, 651, 653, 678, 686, 775, 826, 934]
i =  35 : [15, 98, 143, 296, 382, 409, 431, 449, 537, 599, 661, 673, 844, 895, 904, 941]
i =  36 : [11, 17, 26, 27, 38, 63, 68, 80, 103, 107, 111, 230, 236, 238, 260, 288, 332, 356, 372, 391, 418, 432, 442, 457, 488, 509, 526, 553, 563, 566, 574, 575, 638, 647, 667, 675, 730, 745, 752, 806, 820, 825, 840, 886, 903, 913, 996]
i =  37 : [146, 259, 278, 319, 479, 486, 503, 587, 633, 699, 740, 748, 758, 776, 853, 868, 884, 920, 926, 978]
i =  38 : [3, 24, 73, 75, 82, 94, 139, 153, 166, 190, 205, 220, 287, 335, 336, 352, 359, 363, 442, 444, 470, 473, 489, 491, 493, 505, 527, 535, 550, 558, 589, 642, 678, 680, 702, 705, 795, 848, 864, 867, 890, 922, 923, 934, 971, 975, 999]
i =  39 : [76, 100, 108, 110, 141, 229, 297, 538, 557, 601, 742, 750, 785, 805, 810, 838, 866, 877, 924]
i =  40 : [57, 120, 155, 182, 206, 209, 222, 234, 263, 268, 302, 309, 373, 389, 398, 487, 488, 494, 499, 543, 588, 617, 645, 646, 659, 674, 684, 706, 729, 738, 801, 811, 842, 875, 969, 1000]
i =  41 : [48, 53, 104, 105, 118, 125, 154, 161, 180, 204, 214, 235, 298, 320, 421, 427, 436, 437, 501, 555, 585, 658, 663, 736, 773, 779, 790, 823, 831, 835, 883, 892, 912, 915, 942, 956, 960, 970, 980, 993]
i =  42 : [1, 28, 56, 88, 99, 106, 121, 123, 124, 151, 212, 309, 330, 368, 392, 396, 403, 416, 420, 448, 467, 475, 484, 490, 510, 548, 559, 572, 578, 604, 608, 609, 648, 682, 712, 753, 832, 836, 855, 921, 928, 936, 955]
i =  43 : [23, 59, 62, 69, 83, 91, 132, 162, 201, 210, 255, 262, 301, 315, 371, 376, 378, 380, 502, 532, 652, 664, 722, 737, 760, 761, 800, 812, 861, 862, 889, 987, 997]
overlapping nodes are:  [1, 24, 36, 153, 166, 205, 220, 309, 335, 416, 434, 442, 478, 488, 550, 562, 618, 656, 678, 840, 855, 867, 933, 934, 947] 
 NOO is:  25
total time is:  1814.66415715
