nodes: [67, 133, 137, 146, 159, 165, 171, 180, 229, 231, 254, 257, 258, 279, 287, 371, 406, 426, 478, 479, 489, 506, 512, 540, 558, 559, 592, 630, 646, 706, 737, 746, 760, 780, 788, 796, 810, 812, 852, 870, 882, 887, 915, 970, 975, 987] num of nodes:  46
[[67, 459, 832, 169], [51, 133, 776], [95, 137, 866, 538], [112, 146, 691, 519, 319], [36, 224, 264, 159], [71, 165, 688], [32, 681, 865, 171], [98, 180, 482, 192], [115, 229, 833, 988], [58, 907, 166, 231], [226, 395, 637, 254], [193, 257, 409, 482], [258, 651, 580, 637, 504], [80, 279, 886, 296], [4, 72, 287], [194, 371, 563, 655], [42, 515, 406, 655], [64, 426, 450, 113, 256], [35, 173, 316, 478], [124, 569, 873, 479], [98, 193, 192, 489], [24, 506, 931, 240], [246, 605, 512, 385], [233, 606, 540, 430], [64, 262, 307, 558], [65, 427, 448, 559, 439], [400, 607, 592, 587, 628], [72, 537, 630, 727], [130, 971, 523, 646, 334], [51, 14, 706, 603], [6, 261, 737], [18, 746, 961, 182], [24, 404, 472, 760], [24, 644, 780, 271], [51, 428, 396, 788], [92, 649, 288, 796, 333], [50, 775, 810], [226, 395, 637, 812], [232, 451, 668, 852], [32, 870, 360, 124], [37, 714, 882, 269], [709, 887, 794, 14], [115, 915, 596], [315, 664, 970, 345, 546], [723, 462, 978, 569, 975], [248, 303, 987]]
len of cliques:  46
length of seeds:  46
i =  0 [304, 578, 995, 774, 519, 680, 266, 167, 684, 431, 112, 721, 146, 691, 378, 31, 766, 319]
i =  1 [135, 395, 921, 795, 286, 415, 497, 549, 679, 808, 556, 542, 571, 702, 703, 194, 835, 839, 328, 204, 210, 979, 470, 510, 218, 860, 989, 226, 699, 488, 745, 749, 765, 368, 753, 190, 379, 637, 254, 639]
i =  2 [259, 708, 121, 358, 721, 215, 780, 271, 465, 178, 611, 148, 990, 151, 24, 644, 122, 367, 634, 350, 666]
i =  3 [383, 258, 580, 839, 328, 28, 651, 44, 642, 925, 497, 210, 339, 504, 639, 860, 637, 862, 415]
i =  4 [257, 386, 131, 132, 773, 774, 57, 912, 273, 107, 533, 663, 408, 409, 28, 31, 929, 930, 163, 932, 293, 116, 423, 809, 430, 436, 821, 564, 699, 320, 193, 323, 991, 481, 328, 73, 715, 337, 851, 87, 548, 604, 250, 606, 479, 353, 482, 827, 102, 615, 744, 233, 807, 238, 879, 656, 243, 235, 153, 890]
i =  5 [396, 656, 913, 147, 788, 408, 281, 418, 548, 428, 45, 47, 51, 949, 952, 699, 338, 346, 475, 738, 752, 244]
i =  6 [256, 402, 7, 648, 393, 398, 401, 274, 660, 790, 23, 29, 31, 800, 162, 113, 426, 683, 174, 157, 179, 309, 696, 863, 958, 64, 705, 450, 579, 69, 839, 206, 207, 339, 85, 599, 612, 986, 351, 97, 610, 100, 90, 358, 581, 747, 108, 749, 613, 369, 121, 250, 379, 382]
i =  7 [802, 326, 421, 518, 7, 296, 279, 386, 335, 80, 690, 886, 55, 22, 38, 222, 901]
i =  8 [1, 2, 3, 4, 5, 6, 7, 8, 9, 10, 11, 12, 13, 14, 15, 16, 17, 18, 19, 20, 21, 22, 23, 24, 25, 26, 27, 28, 29, 30, 31, 32, 33, 34, 35, 36, 37, 38, 39, 40, 41, 42, 43, 44, 45, 46, 47, 48, 49, 50, 51, 52, 53, 54, 55, 56, 57, 58, 59, 60, 61, 62, 63, 64, 65, 66, 67, 68, 69, 70, 71, 72, 73, 74, 75, 76, 77, 78, 79, 80, 81, 82, 83, 84, 85, 86, 87, 88, 89, 90, 91, 92, 93, 94, 95, 96, 97, 98, 99, 100, 101, 102, 103, 104, 105, 106, 107, 108, 109, 110, 111, 112, 113, 114, 115, 116, 117, 118, 119, 120, 121, 122, 123, 124, 125, 126, 127, 128, 129, 130, 131, 132, 133, 134, 135, 136, 137, 138, 139, 140, 141, 142, 143, 144, 145, 146, 147, 148, 149, 150, 151, 152, 153, 154, 155, 156, 157, 158, 159, 160, 161, 162, 163, 164, 165, 166, 167, 168, 169, 170, 171, 172, 173, 174, 175, 176, 177, 178, 179, 180, 181, 182, 183, 184, 185, 186, 187, 188, 189, 190, 191, 192, 193, 194, 195, 196, 197, 198, 199, 200, 201, 202, 203, 204, 205, 206, 207, 208, 209, 210, 211, 212, 213, 214, 215, 216, 217, 218, 219, 220, 221, 222, 223, 224, 225, 226, 227, 228, 229, 230, 231, 232, 233, 234, 235, 236, 237, 238, 239, 240, 241, 242, 243, 244, 245, 246, 247, 248, 249, 250, 251, 252, 253, 254, 255, 256, 257, 258, 259, 260, 261, 262, 263, 264, 265, 266, 267, 268, 269, 270, 271, 272, 273, 274, 275, 276, 277, 278, 279, 280, 281, 282, 283, 284, 285, 286, 287, 288, 289, 290, 291, 292, 293, 294, 295, 296, 297, 298, 299, 300, 301, 302, 303, 304, 305, 306, 307, 308, 309, 310, 311, 312, 313, 314, 315, 316, 317, 318, 319, 320, 321, 322, 323, 324, 325, 326, 327, 328, 329, 330, 331, 332, 333, 334, 335, 336, 337, 338, 339, 340, 341, 342, 343, 344, 345, 346, 347, 348, 349, 350, 351, 352, 353, 354, 355, 356, 357, 358, 359, 360, 361, 362, 363, 364, 365, 366, 367, 368, 369, 370, 371, 372, 373, 374, 375, 376, 377, 378, 379, 380, 381, 382, 383, 384, 385, 386, 387, 388, 389, 390, 391, 392, 393, 394, 395, 396, 397, 398, 399, 400, 401, 402, 403, 404, 405, 406, 407, 408, 409, 410, 411, 412, 413, 414, 415, 416, 417, 418, 419, 420, 421, 422, 423, 424, 425, 426, 427, 428, 429, 430, 431, 432, 433, 434, 435, 436, 437, 438, 439, 440, 441, 442, 443, 444, 445, 446, 447, 448, 449, 450, 451, 452, 453, 454, 455, 456, 457, 458, 459, 460, 461, 462, 463, 464, 465, 466, 467, 468, 469, 470, 471, 472, 473, 474, 475, 476, 477, 478, 479, 480, 481, 482, 483, 484, 485, 486, 487, 488, 489, 490, 491, 492, 493, 494, 495, 496, 497, 498, 499, 500, 501, 502, 503, 504, 505, 506, 507, 508, 509, 510, 511, 512, 513, 514, 515, 516, 517, 518, 519, 520, 521, 522, 523, 524, 525, 526, 527, 528, 529, 530, 531, 532, 533, 534, 535, 536, 537, 538, 539, 540, 541, 542, 543, 544, 545, 546, 547, 548, 549, 550, 551, 552, 553, 554, 555, 556, 557, 558, 559, 560, 561, 562, 563, 564, 565, 566, 567, 568, 569, 570, 571, 572, 573, 574, 575, 576, 577, 578, 579, 580, 581, 582, 583, 584, 585, 586, 587, 588, 589, 590, 591, 592, 593, 594, 595, 596, 597, 598, 599, 600, 601, 602, 603, 604, 605, 606, 607, 608, 609, 610, 611, 612, 613, 614, 615, 616, 617, 618, 619, 620, 621, 622, 623, 624, 625, 626, 627, 628, 629, 630, 631, 632, 633, 634, 635, 636, 637, 638, 639, 640, 641, 642, 643, 644, 645, 646, 647, 648, 649, 650, 651, 652, 653, 654, 655, 656, 657, 658, 659, 660, 661, 662, 663, 664, 665, 666, 667, 668, 669, 670, 671, 672, 673, 674, 675, 676, 677, 678, 679, 680, 681, 682, 683, 684, 685, 686, 687, 688, 689, 690, 691, 692, 693, 694, 695, 696, 697, 698, 699, 700, 701, 702, 703, 704, 705, 706, 707, 708, 709, 710, 711, 712, 713, 714, 715, 716, 717, 718, 719, 720, 721, 722, 723, 724, 725, 726, 727, 728, 729, 730, 731, 732, 733, 734, 735, 736, 737, 738, 739, 740, 741, 742, 743, 744, 745, 746, 747, 748, 749, 750, 751, 752, 753, 754, 755, 756, 757, 758, 759, 760, 761, 762, 763, 764, 765, 766, 767, 768, 769, 770, 771, 772, 773, 774, 775, 776, 777, 778, 779, 780, 781, 782, 783, 784, 785, 786, 787, 788, 789, 790, 791, 792, 793, 794, 795, 796, 797, 798, 799, 800, 801, 802, 803, 804, 805, 806, 807, 808, 809, 810, 811, 812, 813, 814, 815, 816, 817, 818, 819, 820, 821, 822, 823, 824, 825, 826, 827, 828, 829, 830, 831, 832, 833, 834, 835, 836, 837, 838, 839, 840, 841, 842, 843, 844, 845, 846, 847, 848, 849, 850, 851, 852, 853, 854, 855, 856, 857, 858, 859, 860, 861, 862, 863, 864, 865, 866, 867, 868, 869, 870, 871, 872, 873, 874, 875, 876, 877, 878, 879, 880, 881, 882, 883, 884, 885, 886, 887, 888, 889, 890, 891, 892, 893, 894, 895, 896, 897, 898, 899, 900, 901, 902, 903, 904, 905, 906, 907, 908, 909, 910, 911, 912, 913, 914, 915, 916, 917, 918, 919, 920, 921, 922, 923, 924, 925, 926, 927, 928, 929, 930, 931, 932, 933, 934, 935, 936, 937, 938, 939, 940, 941, 942, 943, 944, 945, 946, 947, 948, 949, 950, 951, 952, 953, 954, 955, 956, 957, 958, 959, 960, 961, 962, 963, 964, 965, 966, 967, 968, 969, 970, 971, 972, 973, 974, 975, 976, 977, 978, 979, 980, 981, 982, 983, 984, 985, 986, 987, 988, 989, 990, 991, 992, 993, 994, 995, 996, 997, 998, 999, 1000]
i =  9 [448, 65, 491, 517, 745, 427, 397, 559, 439, 93, 30]
i =  10 [898, 2, 655, 147, 28, 346, 548, 679, 563, 194, 835, 331, 848, 984, 217, 218, 350, 615, 233, 368, 371, 633]
i =  11 [896, 2, 388, 520, 266, 779, 140, 275, 918, 151, 536, 283, 668, 416, 547, 548, 934, 40, 304, 434, 249, 544, 451, 456, 588, 973, 852, 215, 729, 730, 991, 609, 867, 485, 232, 749, 89, 761, 508, 766, 639]
i =  12 [592, 418, 260, 854, 902, 337, 584, 587, 588, 223, 239, 400, 241, 628, 790, 920, 244, 475, 285, 607]
i =  13 [515, 135, 655, 656, 406, 921, 549, 809, 42, 45, 840, 329, 331, 979, 677, 614, 615, 752, 753, 502, 120, 633, 638, 383]
i =  14 [135, 905, 266, 658, 659, 157, 30, 32, 161, 421, 199, 304, 948, 327, 330, 973, 206, 979, 218, 549, 870, 360, 110, 368, 631, 890, 124, 766]
i =  15 [480, 130, 971, 708, 646, 523, 460, 578, 334, 879, 131, 283]
i =  16 [736, 35, 259, 708, 805, 266, 876, 173, 973, 304, 465, 211, 84, 586, 246, 151, 739, 316, 234, 478, 223]
i =  17 [608, 384, 195, 100, 37, 967, 714, 269, 238, 685, 882, 916, 138, 778, 946]
i =  18 [386, 518, 649, 778, 401, 531, 796, 288, 673, 557, 560, 183, 697, 835, 581, 967, 333, 341, 612, 859, 92, 100, 195, 762, 382, 85]
i =  19 [273, 659, 28, 31, 928, 803, 293, 553, 683, 44, 948, 436, 962, 323, 569, 327, 328, 715, 87, 604, 479, 864, 873, 243, 500, 233, 888, 890, 124]
i =  20 [672, 549, 805, 295, 30, 631, 110, 14, 339, 78, 887, 921, 794, 135, 541, 979, 709]
i =  21 [384, 138, 270, 528, 274, 793, 664, 665, 546, 298, 43, 302, 950, 952, 315, 970, 522, 710, 583, 586, 467, 345, 617, 234, 620, 626, 778, 891]
i =  22 [640, 320, 773, 902, 135, 9, 266, 15, 482, 790, 919, 408, 921, 286, 688, 931, 165, 167, 936, 304, 694, 830, 192, 193, 578, 837, 710, 839, 586, 203, 973, 848, 979, 857, 219, 222, 549, 864, 98, 484, 998, 489, 234, 875, 620, 879, 242, 745, 890]
i =  23 [97, 259, 708, 133, 776, 809, 138, 44, 45, 685, 656, 465, 946, 51, 916, 151, 698, 348, 991]
i =  24 [260, 902, 135, 778, 914, 151, 921, 418, 676, 549, 44, 302, 48, 56, 569, 830, 708, 967, 841, 588, 462, 975, 978, 723, 983, 94, 354, 102, 107, 880, 979, 62]
i =  25 [899, 644, 147, 919, 24, 368, 931, 355, 172, 686, 817, 850, 227, 218, 506, 350, 991, 611, 100, 358, 998, 367, 240, 629, 634]
i =  26 [640, 160, 165, 135, 840, 492, 586, 71, 620, 239, 688, 242, 979, 659, 217, 921, 199, 549]
i =  27 [5, 135, 659, 921, 798, 802, 549, 169, 199, 45, 56, 832, 67, 327, 459, 979, 725, 218, 618, 368, 888, 597]
i =  28 [512, 385, 547, 196, 777, 972, 973, 47, 304, 59, 148, 533, 246, 446, 212, 954, 187, 348, 541, 605, 959]
i =  29 [4, 967, 72, 233, 778, 375, 516, 47, 744, 338, 83, 625, 408, 68, 28, 287]
i =  30 [2, 137, 985, 151, 536, 538, 925, 928, 932, 826, 578, 708, 85, 214, 471, 548, 731, 989, 734, 95, 866, 876, 764]
i =  31 [163, 337, 807, 233, 423, 430, 273, 553, 87, 540, 606, 31]
i =  32 [737, 386, 261, 6, 135, 973, 304, 818, 979, 921, 549]
i =  33 [224, 36, 390, 264, 45, 557, 560, 516, 314, 731, 159]
i =  34 [131, 262, 11, 656, 531, 148, 23, 412, 542, 552, 809, 45, 558, 307, 991, 702, 959, 64, 834, 471, 844, 974, 599, 858, 223, 864, 888, 250, 123, 764]
i =  35 [775, 656, 401, 541, 30, 293, 553, 810, 135, 556, 45, 302, 50, 320, 963, 199, 972, 78, 979, 983, 612, 367, 631]
i =  36 [131, 773, 684, 157, 32, 804, 39, 681, 171, 556, 285, 562, 826, 190, 704, 578, 74, 75, 718, 721, 85, 471, 89, 218, 858, 442, 865, 612, 488, 362, 167, 877, 879, 368, 497, 884, 702, 349, 121, 764, 765]
i =  37 [68, 2, 323, 932, 72, 727, 206, 753, 402, 243, 630, 537, 56, 548, 867, 764, 4]
i =  38 [131, 652, 402, 915, 790, 408, 798, 800, 674, 38, 174, 47, 181, 440, 56, 596, 90, 731, 734, 115, 122, 379]
i =  39 [900, 773, 520, 656, 793, 218, 931, 677, 679, 809, 684, 45, 925, 564, 180, 826, 192, 96, 482, 471, 602, 94, 991, 864, 98, 484, 368, 626, 116, 764]
i =  40 [387, 260, 135, 14, 921, 916, 533, 791, 793, 541, 30, 672, 418, 475, 805, 295, 433, 51, 949, 706, 323, 709, 201, 78, 979, 603, 549, 352, 614, 110, 243, 631, 122]
i =  41 [263, 612, 581, 967, 553, 778, 683, 303, 401, 503, 657, 601, 987, 248, 863]
i =  42 [386, 656, 790, 293, 934, 809, 45, 686, 440, 833, 323, 588, 210, 215, 90, 731, 988, 485, 229, 241, 115, 633]
i =  43 [135, 402, 147, 790, 281, 156, 90, 291, 807, 44, 686, 821, 182, 952, 961, 199, 206, 463, 979, 346, 480, 746, 18, 251]
i =  44 [513, 131, 388, 517, 777, 907, 524, 912, 532, 277, 534, 408, 281, 925, 773, 928, 802, 166, 817, 278, 541, 561, 952, 58, 31, 574, 191, 203, 68, 454, 584, 331, 972, 77, 78, 696, 84, 341, 87, 216, 729, 93, 528, 355, 231, 104, 236, 879, 881, 187, 62, 633, 533]
i =  45 [770, 683, 900, 518, 263, 142, 557, 784, 657, 147, 404, 24, 346, 541, 414, 928, 673, 731, 134, 38, 936, 553, 682, 811, 45, 925, 560, 826, 831, 964, 454, 848, 472, 601, 474, 859, 720, 611, 997, 358, 367, 752, 425, 760, 656, 123]
complete deal_communities
commplete get_all_nature_community
----------------------------------The detection result is: 

all communities: 
i =  1 : [31, 112, 146, 167, 266, 304, 319, 378, 431, 519, 578, 680, 684, 691, 721, 766, 774, 995]
i =  2 : [135, 190, 194, 204, 210, 218, 226, 254, 286, 328, 368, 379, 395, 415, 470, 488, 497, 510, 542, 549, 556, 571, 637, 639, 679, 699, 702, 703, 745, 749, 753, 765, 795, 808, 835, 839, 860, 921, 979, 989]
i =  3 : [24, 121, 122, 148, 151, 178, 215, 259, 271, 350, 358, 367, 465, 611, 634, 644, 666, 708, 721, 780, 990]
i =  4 : [28, 44, 210, 258, 328, 339, 383, 415, 497, 504, 580, 637, 639, 642, 651, 839, 860, 862, 925]
i =  5 : [28, 31, 57, 73, 87, 102, 107, 116, 131, 132, 153, 163, 193, 233, 235, 238, 243, 250, 257, 273, 293, 320, 323, 328, 337, 353, 386, 408, 409, 423, 430, 436, 479, 481, 482, 533, 548, 564, 604, 606, 615, 656, 663, 699, 715, 744, 773, 774, 807, 809, 821, 827, 851, 879, 890, 912, 929, 930, 932, 991]
i =  6 : [45, 47, 51, 147, 244, 281, 338, 346, 396, 408, 418, 428, 475, 548, 656, 699, 738, 752, 788, 913, 949, 952]
i =  7 : [7, 23, 29, 31, 64, 69, 85, 90, 97, 100, 108, 113, 121, 157, 162, 174, 179, 206, 207, 250, 256, 274, 309, 339, 351, 358, 369, 379, 382, 393, 398, 401, 402, 426, 450, 579, 581, 599, 610, 612, 613, 648, 660, 683, 696, 705, 747, 749, 790, 800, 839, 863, 958, 986]
i =  8 : [7, 22, 38, 55, 80, 222, 279, 296, 326, 335, 386, 421, 518, 690, 802, 886, 901]
i =  9 : [30, 65, 93, 397, 427, 439, 448, 491, 517, 559, 745]
i =  10 : [2, 28, 147, 194, 217, 218, 233, 331, 346, 350, 368, 371, 548, 563, 615, 633, 655, 679, 835, 848, 898, 984]
i =  11 : [2, 40, 89, 140, 151, 215, 232, 249, 266, 275, 283, 304, 388, 416, 434, 451, 456, 485, 508, 520, 536, 544, 547, 548, 588, 609, 639, 668, 729, 730, 749, 761, 766, 779, 852, 867, 896, 918, 934, 973, 991]
i =  12 : [223, 239, 241, 244, 260, 285, 337, 400, 418, 475, 584, 587, 588, 592, 607, 628, 790, 854, 902, 920]
i =  13 : [42, 45, 120, 135, 329, 331, 383, 406, 502, 515, 549, 614, 615, 633, 638, 655, 656, 677, 752, 753, 809, 840, 921, 979]
i =  14 : [30, 32, 110, 124, 135, 157, 161, 199, 206, 218, 266, 304, 327, 330, 360, 368, 421, 549, 631, 658, 659, 766, 870, 890, 905, 948, 973, 979]
i =  15 : [130, 131, 283, 334, 460, 480, 523, 578, 646, 708, 879, 971]
i =  16 : [35, 84, 151, 173, 211, 223, 234, 246, 259, 266, 304, 316, 465, 478, 586, 708, 736, 739, 805, 876, 973]
i =  17 : [37, 100, 138, 195, 238, 269, 384, 608, 685, 714, 778, 882, 916, 946, 967]
i =  18 : [85, 92, 100, 183, 195, 288, 333, 341, 382, 386, 401, 518, 531, 557, 560, 581, 612, 649, 673, 697, 762, 778, 796, 835, 859, 967]
i =  19 : [28, 31, 44, 87, 124, 233, 243, 273, 293, 323, 327, 328, 436, 479, 500, 553, 569, 604, 659, 683, 715, 803, 864, 873, 888, 890, 928, 948, 962]
i =  20 : [14, 30, 78, 110, 135, 295, 339, 541, 549, 631, 672, 709, 794, 805, 887, 921, 979]
i =  21 : [43, 138, 234, 270, 274, 298, 302, 315, 345, 384, 467, 522, 528, 546, 583, 586, 617, 620, 626, 664, 665, 710, 778, 793, 891, 950, 952, 970]
i =  22 : [9, 15, 98, 135, 165, 167, 192, 193, 203, 219, 222, 234, 242, 266, 286, 304, 320, 408, 482, 484, 489, 549, 578, 586, 620, 640, 688, 694, 710, 745, 773, 790, 830, 837, 839, 848, 857, 864, 875, 879, 890, 902, 919, 921, 931, 936, 973, 979, 998]
i =  23 : [44, 45, 51, 97, 133, 138, 151, 259, 348, 465, 656, 685, 698, 708, 776, 809, 916, 946, 991]
i =  24 : [44, 48, 56, 62, 94, 102, 107, 135, 151, 260, 302, 354, 418, 462, 549, 569, 588, 676, 708, 723, 778, 830, 841, 880, 902, 914, 921, 967, 975, 978, 979, 983]
i =  25 : [24, 100, 147, 172, 218, 227, 240, 350, 355, 358, 367, 368, 506, 611, 629, 634, 644, 686, 817, 850, 899, 919, 931, 991, 998]
i =  26 : [71, 135, 160, 165, 199, 217, 239, 242, 492, 549, 586, 620, 640, 659, 688, 840, 921, 979]
i =  27 : [5, 45, 56, 67, 135, 169, 199, 218, 327, 368, 459, 549, 597, 618, 659, 725, 798, 802, 832, 888, 921, 979]
i =  28 : [47, 59, 148, 187, 196, 212, 246, 304, 348, 385, 446, 512, 533, 541, 547, 605, 777, 954, 959, 972, 973]
i =  29 : [4, 28, 47, 68, 72, 83, 233, 287, 338, 375, 408, 516, 625, 744, 778, 967]
i =  30 : [2, 85, 95, 137, 151, 214, 471, 536, 538, 548, 578, 708, 731, 734, 764, 826, 866, 876, 925, 928, 932, 985, 989]
i =  31 : [31, 87, 163, 233, 273, 337, 423, 430, 540, 553, 606, 807]
i =  32 : [6, 135, 261, 304, 386, 549, 737, 818, 921, 973, 979]
i =  33 : [36, 45, 159, 224, 264, 314, 390, 516, 557, 560, 731]
i =  34 : [11, 23, 45, 64, 123, 131, 148, 223, 250, 262, 307, 412, 471, 531, 542, 552, 558, 599, 656, 702, 764, 809, 834, 844, 858, 864, 888, 959, 974, 991]
i =  35 : [30, 45, 50, 78, 135, 199, 293, 302, 320, 367, 401, 541, 553, 556, 612, 631, 656, 775, 810, 963, 972, 979, 983]
i =  36 : [32, 39, 74, 75, 85, 89, 121, 131, 157, 167, 171, 190, 218, 285, 349, 362, 368, 442, 471, 488, 497, 556, 562, 578, 612, 681, 684, 702, 704, 718, 721, 764, 765, 773, 804, 826, 858, 865, 877, 879, 884]
i =  37 : [2, 4, 56, 68, 72, 206, 243, 323, 402, 537, 548, 630, 727, 753, 764, 867, 932]
i =  38 : [38, 47, 56, 90, 115, 122, 131, 174, 181, 379, 402, 408, 440, 596, 652, 674, 731, 734, 790, 798, 800, 915]
i =  39 : [45, 94, 96, 98, 116, 180, 192, 218, 368, 471, 482, 484, 520, 564, 602, 626, 656, 677, 679, 684, 764, 773, 793, 809, 826, 864, 900, 925, 931, 991]
i =  40 : [14, 30, 51, 78, 110, 122, 135, 201, 243, 260, 295, 323, 352, 387, 418, 433, 475, 533, 541, 549, 603, 614, 631, 672, 706, 709, 791, 793, 805, 916, 921, 949, 979]
i =  41 : [248, 263, 303, 401, 503, 553, 581, 601, 612, 657, 683, 778, 863, 967, 987]
i =  42 : [45, 90, 115, 210, 215, 229, 241, 293, 323, 386, 440, 485, 588, 633, 656, 686, 731, 790, 809, 833, 934, 988]
i =  43 : [18, 44, 90, 135, 147, 156, 182, 199, 206, 251, 281, 291, 346, 402, 463, 480, 686, 746, 790, 807, 821, 952, 961, 979]
i =  44 : [31, 58, 62, 68, 77, 78, 84, 87, 93, 104, 131, 166, 187, 191, 203, 216, 231, 236, 277, 278, 281, 331, 341, 355, 388, 408, 454, 513, 517, 524, 528, 532, 533, 534, 541, 561, 574, 584, 633, 696, 729, 773, 777, 802, 817, 879, 881, 907, 912, 925, 928, 952, 972]
i =  45 : [24, 38, 45, 123, 134, 142, 147, 263, 346, 358, 367, 404, 414, 425, 454, 472, 474, 518, 541, 553, 557, 560, 601, 611, 656, 657, 673, 682, 683, 720, 731, 752, 760, 770, 784, 811, 826, 831, 848, 859, 900, 925, 928, 936, 964, 997]
overlapping nodes are:  [2, 4, 7, 14, 23, 24, 28, 30, 31, 32, 38, 44, 45, 47, 51, 56, 62, 64, 68, 72, 78, 84, 85, 87, 89, 90, 93, 94, 97, 98, 100, 102, 107, 110, 115, 116, 121, 122, 123, 124, 131, 135, 138, 147, 148, 151, 157, 163, 165, 167, 174, 187, 190, 192, 193, 194, 195, 199, 203, 206, 210, 215, 217, 218, 222, 223, 233, 234, 238, 239, 241, 242, 243, 244, 246, 250, 259, 260, 263, 266, 273, 274, 281, 283, 285, 286, 293, 295, 302, 304, 320, 323, 327, 328, 331, 337, 338, 339, 341, 346, 348, 350, 355, 358, 367, 368, 379, 382, 383, 384, 386, 388, 401, 402, 408, 415, 418, 421, 423, 430, 436, 440, 454, 465, 471, 475, 479, 480, 482, 484, 485, 488, 497, 516, 517, 518, 520, 528, 531, 533, 536, 541, 542, 547, 548, 549, 553, 556, 557, 560, 564, 569, 578, 581, 584, 586, 588, 599, 601, 604, 606, 611, 612, 614, 615, 620, 626, 631, 633, 634, 637, 639, 640, 644, 655, 656, 657, 659, 672, 673, 677, 679, 683, 684, 685, 686, 688, 696, 699, 702, 708, 709, 710, 715, 721, 729, 731, 734, 744, 745, 749, 752, 753, 764, 765, 766, 773, 774, 777, 778, 790, 793, 798, 800, 802, 805, 807, 809, 817, 821, 826, 830, 835, 839, 840, 848, 858, 859, 860, 863, 864, 867, 876, 879, 888, 890, 900, 902, 912, 916, 919, 921, 925, 928, 931, 932, 934, 936, 946, 948, 949, 952, 959, 967, 972, 973, 979, 983, 989, 991, 998] 
 NOO is:  261
total time is:  13348.360651
