nodes: [61, 62, 93, 121, 132, 151, 219, 224, 242, 247, 263, 283, 300, 337, 347, 430, 480, 492, 518, 555, 557, 563, 577, 605, 634, 635, 662, 681, 685, 695, 748, 752, 756, 773, 776, 835, 842, 848, 891, 895, 906, 932, 938, 953, 993] num of nodes:  45
[[61, 7, 493], [52, 553, 880, 593, 62], [93, 7, 657, 873], [121, 815, 168, 529, 506, 196], [35, 132, 214], [48, 860, 151], [52, 274, 219, 806], [25, 914, 224], [242, 836, 449, 825], [247, 958, 355, 622], [170, 263, 529, 874], [21, 283, 384], [17, 300, 213, 319], [337, 836, 698, 894], [2, 347, 640], [38, 430, 234], [76, 344, 480], [492, 736, 764, 788, 923], [9, 691, 518, 697], [60, 560, 468, 89, 555], [17, 180, 557], [9, 161, 563], [9, 691, 577], [165, 753, 698, 605], [92, 837, 634], [113, 141, 635], [4, 608, 662, 793], [87, 329, 681, 837], [500, 753, 685, 882], [21, 695, 272, 763], [14, 38, 748, 543], [239, 654, 752, 528, 596], [478, 806, 756, 992, 616], [152, 854, 773, 936], [23, 776, 939], [234, 835, 441, 931], [69, 298, 842, 157, 991], [85, 514, 87, 848], [170, 320, 891, 181], [177, 137, 180, 895], [21, 134, 906, 564], [113, 932, 489], [98, 271, 938, 126], [234, 953, 441, 472], [392, 993, 515, 223]]
len of cliques:  45
length of seeds:  45
i =  0 [7, 273, 781, 912, 529, 658, 918, 920, 164, 805, 168, 937, 302, 815, 606, 196, 588, 269, 340, 377, 473, 94, 996, 657, 1000, 877, 121, 506]
i =  1 [642, 4, 646, 386, 269, 662, 793, 920, 516, 805, 295, 302, 310, 573, 197, 70, 77, 589, 80, 340, 608, 742, 615, 745, 252]
i =  2 [16, 130, 100, 133, 649, 106, 619, 45, 718, 48, 20, 567, 151, 860]
i =  3 [269, 273, 405, 410, 541, 158, 545, 34, 553, 427, 686, 285, 52, 567, 62, 846, 80, 593, 989, 863, 742, 365, 880, 757]
i =  4 [3, 5, 262, 523, 397, 911, 658, 277, 918, 665, 415, 805, 166, 295, 40, 681, 432, 817, 309, 310, 287, 53, 962, 837, 329, 721, 466, 725, 87, 473, 783, 221, 866, 357, 486, 872, 762, 508]
i =  5 [901, 135, 523, 908, 914, 919, 24, 25, 539, 5, 672, 34, 423, 302, 224, 743, 1000, 618, 876, 879, 502, 255]
i =  6 [736, 768, 163, 742, 266, 651, 492, 523, 80, 788, 406, 852, 762, 287, 764, 923, 863]
i =  7 [609, 962, 643, 486, 664, 523, 620, 685, 987, 365, 753, 882, 500, 658, 184, 473, 879, 988, 303, 946]
i =  8 [384, 1, 516, 903, 397, 399, 21, 535, 283, 287, 675, 820, 962, 80, 340, 985, 221, 609, 100, 742, 486, 872, 888, 889, 762, 508, 125]
i =  9 [642, 771, 516, 903, 909, 918, 407, 414, 287, 800, 424, 555, 812, 175, 560, 883, 820, 60, 573, 576, 706, 70, 456, 77, 78, 397, 721, 980, 470, 89, 221, 607, 615, 872, 112, 114, 499, 468, 762, 508]
i =  10 [384, 643, 903, 272, 658, 21, 535, 28, 797, 820, 695, 704, 962, 630, 70, 589, 80, 473, 609, 740, 742, 486, 758, 888, 889, 763]
i =  11 [640, 96, 2, 324, 140, 194, 822, 377, 217, 347, 861]
i =  12 [353, 579, 790, 711, 295, 140, 654, 239, 528, 596, 309, 694, 567, 377, 235, 783, 124, 752, 559, 789]
i =  13 [516, 6, 14, 452, 410, 287, 933, 38, 40, 45, 814, 432, 310, 55, 543, 702, 964, 74, 718, 979, 340, 223, 865, 100, 748, 497, 805, 762]
i =  14 [516, 11, 20, 407, 413, 158, 287, 803, 805, 38, 40, 41, 45, 430, 983, 432, 310, 573, 331, 340, 470, 343, 221, 549, 865, 422, 234, 762, 508]
i =  15 [992, 289, 324, 581, 806, 359, 616, 394, 255, 879, 945, 756, 853, 534, 919, 24, 340, 379, 893, 478, 447]
i =  16 [936, 773, 871, 744, 77, 46, 15, 424, 627, 854, 152, 957, 190]
i =  17 [516, 903, 779, 414, 800, 33, 808, 175, 820, 573, 64, 327, 76, 77, 78, 344, 480, 610, 867, 615, 499, 375]
i =  18 [130, 516, 645, 778, 11, 642, 783, 656, 414, 157, 30, 549, 298, 941, 558, 559, 309, 573, 67, 69, 73, 842, 720, 466, 851, 725, 983, 220, 991, 615, 877, 370, 374]
i =  19 [135, 525, 144, 708, 919, 24, 964, 285, 415, 672, 289, 34, 931, 941, 413, 50, 948, 53, 310, 55, 441, 699, 313, 447, 835, 452, 336, 467, 927, 953, 220, 351, 784, 871, 234, 491, 112]
i =  20 [5, 523, 781, 17, 150, 539, 901, 423, 557, 302, 303, 180, 825, 64, 716, 982, 604, 485, 997, 743, 879, 626, 116]
i =  21 [387, 7, 397, 399, 657, 407, 287, 292, 40, 559, 50, 309, 63, 834, 470, 221, 606, 872, 873, 93, 883, 762, 508]
i =  22 [288, 514, 360, 393, 491, 848, 287, 50, 85, 87, 762, 379, 508, 221, 670, 959]
i =  23 [516, 262, 9, 397, 783, 277, 31, 161, 546, 940, 559, 305, 563, 309, 287, 466, 595, 340, 221, 866, 872, 488, 762, 508]
i =  24 [448, 3, 321, 780, 401, 274, 22, 919, 24, 921, 538, 413, 800, 546, 547, 70, 806, 296, 42, 940, 370, 175, 433, 52, 445, 447, 576, 705, 451, 454, 199, 338, 340, 219, 861, 734, 607, 992, 294, 359, 747, 237, 240, 498, 114, 379]
i =  25 [192, 131, 393, 320, 576, 538, 47, 414, 800, 33, 170, 175, 50, 181, 956, 64, 321, 720, 466, 595, 727, 485, 360, 491, 114, 891]
i =  26 [642, 262, 9, 10, 396, 277, 282, 927, 546, 940, 305, 691, 183, 952, 697, 318, 577, 66, 324, 735, 486, 371, 118, 124, 127]
i =  27 [449, 836, 901, 833, 242, 658, 47, 210, 883, 277, 918, 473, 952, 825, 954, 485]
i =  28 [3, 516, 534, 646, 903, 137, 269, 273, 658, 797, 22, 920, 794, 413, 414, 287, 800, 496, 805, 422, 39, 40, 175, 177, 180, 393, 820, 948, 703, 962, 587, 967, 459, 588, 653, 336, 340, 569, 218, 862, 945, 354, 868, 359, 360, 491, 237, 750, 240, 499, 366, 630, 959, 895]
i =  29 [904, 523, 397, 783, 277, 287, 292, 40, 559, 309, 837, 839, 724, 856, 985, 92, 634, 365, 879, 625, 221, 762, 508]
i =  30 [897, 16, 273, 622, 534, 410, 424, 50, 308, 958, 710, 586, 995, 218, 355, 401, 360, 745, 106, 491, 366, 211, 247, 379]
i =  31 [1, 2, 3, 4, 5, 6, 7, 8, 9, 10, 11, 12, 13, 14, 15, 16, 17, 18, 19, 20, 21, 22, 23, 24, 25, 26, 27, 28, 29, 30, 31, 32, 33, 34, 35, 36, 37, 38, 39, 40, 41, 42, 43, 44, 45, 46, 47, 48, 49, 50, 51, 52, 53, 54, 55, 56, 57, 58, 59, 60, 61, 62, 63, 64, 65, 66, 67, 68, 69, 70, 71, 72, 73, 74, 75, 76, 77, 78, 79, 80, 81, 82, 83, 84, 85, 86, 87, 88, 89, 90, 91, 92, 93, 94, 95, 96, 97, 98, 99, 100, 101, 102, 103, 104, 105, 106, 107, 108, 109, 110, 111, 112, 113, 114, 115, 116, 117, 118, 119, 120, 121, 122, 123, 124, 125, 126, 127, 128, 129, 130, 131, 132, 133, 134, 135, 136, 137, 138, 139, 140, 141, 142, 143, 144, 145, 146, 147, 148, 149, 150, 151, 152, 153, 154, 155, 156, 157, 158, 159, 160, 161, 162, 163, 164, 165, 166, 167, 168, 169, 170, 171, 172, 173, 174, 175, 176, 177, 178, 179, 180, 181, 182, 183, 184, 185, 186, 187, 188, 189, 190, 191, 192, 193, 194, 195, 196, 197, 198, 199, 200, 201, 202, 203, 204, 205, 206, 207, 208, 209, 210, 211, 212, 213, 214, 215, 216, 217, 218, 219, 220, 221, 222, 223, 224, 225, 226, 227, 228, 229, 230, 231, 232, 233, 234, 235, 236, 237, 238, 239, 240, 241, 242, 243, 244, 245, 246, 247, 248, 249, 250, 251, 252, 253, 254, 255, 256, 257, 258, 259, 260, 261, 262, 263, 264, 265, 266, 267, 268, 269, 270, 271, 272, 273, 274, 275, 276, 277, 278, 279, 280, 281, 282, 283, 284, 285, 286, 287, 288, 289, 290, 291, 292, 293, 294, 295, 296, 297, 298, 299, 300, 301, 302, 303, 304, 305, 306, 307, 308, 309, 310, 311, 312, 313, 314, 315, 316, 317, 318, 319, 320, 321, 322, 323, 324, 325, 326, 327, 328, 329, 330, 331, 332, 333, 334, 335, 336, 337, 338, 339, 340, 341, 342, 343, 344, 345, 346, 347, 348, 349, 350, 351, 352, 353, 354, 355, 356, 357, 358, 359, 360, 361, 362, 363, 364, 365, 366, 367, 368, 369, 370, 371, 372, 373, 374, 375, 376, 377, 378, 379, 380, 381, 382, 383, 384, 385, 386, 387, 388, 389, 390, 391, 392, 393, 394, 395, 396, 397, 398, 399, 400, 401, 402, 403, 404, 405, 406, 407, 408, 409, 410, 411, 412, 413, 414, 415, 416, 417, 418, 419, 420, 421, 422, 423, 424, 425, 426, 427, 428, 429, 430, 431, 432, 433, 434, 435, 436, 437, 438, 439, 440, 441, 442, 443, 444, 445, 446, 447, 448, 449, 450, 451, 452, 453, 454, 455, 456, 457, 458, 459, 460, 461, 462, 463, 464, 465, 466, 467, 468, 469, 470, 471, 472, 473, 474, 475, 476, 477, 478, 479, 480, 481, 482, 483, 484, 485, 486, 487, 488, 489, 490, 491, 492, 493, 494, 495, 496, 497, 498, 499, 500, 501, 502, 503, 504, 505, 506, 507, 508, 509, 510, 511, 512, 513, 514, 515, 516, 517, 518, 519, 520, 521, 522, 523, 524, 525, 526, 527, 528, 529, 530, 531, 532, 533, 534, 535, 536, 537, 538, 539, 540, 541, 542, 543, 544, 545, 546, 547, 548, 549, 550, 551, 552, 553, 554, 555, 556, 557, 558, 559, 560, 561, 562, 563, 564, 565, 566, 567, 568, 569, 570, 571, 572, 573, 574, 575, 576, 577, 578, 579, 580, 581, 582, 583, 584, 585, 586, 587, 588, 589, 590, 591, 592, 593, 594, 595, 596, 597, 598, 599, 600, 601, 602, 603, 604, 605, 606, 607, 608, 609, 610, 611, 612, 613, 614, 615, 616, 617, 618, 619, 620, 621, 622, 623, 624, 625, 626, 627, 628, 629, 630, 631, 632, 633, 634, 635, 636, 637, 638, 639, 640, 641, 642, 643, 644, 645, 646, 647, 648, 649, 650, 651, 652, 653, 654, 655, 656, 657, 658, 659, 660, 661, 662, 663, 664, 665, 666, 667, 668, 669, 670, 671, 672, 673, 674, 675, 676, 677, 678, 679, 680, 681, 682, 683, 684, 685, 686, 687, 688, 689, 690, 691, 692, 693, 694, 695, 696, 697, 698, 699, 700, 701, 702, 703, 704, 705, 706, 707, 708, 709, 710, 711, 712, 713, 714, 715, 716, 717, 718, 719, 720, 721, 722, 723, 724, 725, 726, 727, 728, 729, 730, 731, 732, 733, 734, 735, 736, 737, 738, 739, 740, 741, 742, 743, 744, 745, 746, 747, 748, 749, 750, 751, 752, 753, 754, 755, 756, 757, 758, 759, 760, 761, 762, 763, 764, 765, 766, 767, 768, 769, 770, 771, 772, 773, 774, 775, 776, 777, 778, 779, 780, 781, 782, 783, 784, 785, 786, 787, 788, 789, 790, 791, 792, 793, 794, 795, 796, 797, 798, 799, 800, 801, 802, 803, 804, 805, 806, 807, 808, 809, 810, 811, 812, 813, 814, 815, 816, 817, 818, 819, 820, 821, 822, 823, 824, 825, 826, 827, 828, 829, 830, 831, 832, 833, 834, 835, 836, 837, 838, 839, 840, 841, 842, 843, 844, 845, 846, 847, 848, 849, 850, 851, 852, 853, 854, 855, 856, 857, 858, 859, 860, 861, 862, 863, 864, 865, 866, 867, 868, 869, 870, 871, 872, 873, 874, 875, 876, 877, 878, 879, 880, 881, 882, 883, 884, 885, 886, 887, 888, 889, 890, 891, 892, 893, 894, 895, 896, 897, 898, 899, 900, 901, 902, 903, 904, 905, 906, 907, 908, 909, 910, 911, 912, 913, 914, 915, 916, 917, 918, 919, 920, 921, 922, 923, 924, 925, 926, 927, 928, 929, 930, 931, 932, 933, 934, 935, 936, 937, 938, 939, 940, 941, 942, 943, 944, 945, 946, 947, 948, 949, 950, 951, 952, 953, 954, 955, 956, 957, 958, 959, 960, 961, 962, 963, 964, 965, 966, 967, 968, 969, 970, 971, 972, 973, 974, 975, 976, 977, 978, 979, 980, 981, 982, 983, 984, 985, 986, 987, 988, 989, 990, 991, 992, 993, 994, 995, 996, 997, 998, 999, 1000]
i =  32 [672, 897, 995, 934, 871, 394, 455, 141, 987, 113, 754, 387, 823, 803, 635, 313]
i =  33 [772, 263, 394, 529, 658, 918, 538, 924, 164, 170, 903, 302, 175, 176, 820, 823, 576, 330, 587, 338, 473, 353, 360, 874, 491, 754, 883, 254, 502, 379, 510]
i =  34 [194, 675, 100, 933, 938, 407, 98, 45, 784, 977, 20, 470, 919, 24, 985, 858, 271, 508, 221, 126, 127]
i =  35 [962, 395, 534, 360, 393, 939, 354, 232, 776, 50, 595, 884, 222, 658, 567, 23, 473, 379, 989, 88, 491]
i =  36 [642, 516, 903, 781, 784, 17, 148, 789, 409, 289, 300, 302, 946, 371, 820, 952, 573, 319, 66, 197, 459, 716, 77, 386, 589, 80, 851, 213, 470, 742, 743, 615, 750, 883, 117, 118, 890, 254, 127]
i =  37 [1, 2, 3, 4, 5, 6, 7, 8, 9, 10, 11, 12, 13, 14, 15, 16, 17, 18, 19, 20, 21, 22, 23, 24, 25, 26, 27, 28, 29, 30, 31, 32, 33, 34, 35, 36, 37, 38, 39, 40, 41, 42, 43, 44, 45, 46, 47, 48, 49, 50, 51, 52, 53, 54, 55, 56, 57, 58, 59, 60, 61, 62, 63, 64, 65, 66, 67, 68, 69, 70, 71, 72, 73, 74, 75, 76, 77, 78, 79, 80, 81, 82, 83, 84, 85, 86, 87, 88, 89, 90, 91, 92, 93, 94, 95, 96, 97, 98, 99, 100, 101, 102, 103, 104, 105, 106, 107, 108, 109, 110, 111, 112, 113, 114, 115, 116, 117, 118, 119, 120, 121, 122, 123, 124, 125, 126, 127, 128, 129, 130, 131, 132, 133, 134, 135, 136, 137, 138, 139, 140, 141, 142, 143, 144, 145, 146, 147, 148, 149, 150, 151, 152, 153, 154, 155, 156, 157, 158, 159, 160, 161, 162, 163, 164, 165, 166, 167, 168, 169, 170, 171, 172, 173, 174, 175, 176, 177, 178, 179, 180, 181, 182, 183, 184, 185, 186, 187, 188, 189, 190, 191, 192, 193, 194, 195, 196, 197, 198, 199, 200, 201, 202, 203, 204, 205, 206, 207, 208, 209, 210, 211, 212, 213, 214, 215, 216, 217, 218, 219, 220, 221, 222, 223, 224, 225, 226, 227, 228, 229, 230, 231, 232, 233, 234, 235, 236, 237, 238, 239, 240, 241, 242, 243, 244, 245, 246, 247, 248, 249, 250, 251, 252, 253, 254, 255, 256, 257, 258, 259, 260, 261, 262, 263, 264, 265, 266, 267, 268, 269, 270, 271, 272, 273, 274, 275, 276, 277, 278, 279, 280, 281, 282, 283, 284, 285, 286, 287, 288, 289, 290, 291, 292, 293, 294, 295, 296, 297, 298, 299, 300, 301, 302, 303, 304, 305, 306, 307, 308, 309, 310, 311, 312, 313, 314, 315, 316, 317, 318, 319, 320, 321, 322, 323, 324, 325, 326, 327, 328, 329, 330, 331, 332, 333, 334, 335, 336, 337, 338, 339, 340, 341, 342, 343, 344, 345, 346, 347, 348, 349, 350, 351, 352, 353, 354, 355, 356, 357, 358, 359, 360, 361, 362, 363, 364, 365, 366, 367, 368, 369, 370, 371, 372, 373, 374, 375, 376, 377, 378, 379, 380, 381, 382, 383, 384, 385, 386, 387, 388, 389, 390, 391, 392, 393, 394, 395, 396, 397, 398, 399, 400, 401, 402, 403, 404, 405, 406, 407, 408, 409, 410, 411, 412, 413, 414, 415, 416, 417, 418, 419, 420, 421, 422, 423, 424, 425, 426, 427, 428, 429, 430, 431, 432, 433, 434, 435, 436, 437, 438, 439, 440, 441, 442, 443, 444, 445, 446, 447, 448, 449, 450, 451, 452, 453, 454, 455, 456, 457, 458, 459, 460, 461, 462, 463, 464, 465, 466, 467, 468, 469, 470, 471, 472, 473, 474, 475, 476, 477, 478, 479, 480, 481, 482, 483, 484, 485, 486, 487, 488, 489, 490, 491, 492, 493, 494, 495, 496, 497, 498, 499, 500, 501, 502, 503, 504, 505, 506, 507, 508, 509, 510, 511, 512, 513, 514, 515, 516, 517, 518, 519, 520, 521, 522, 523, 524, 525, 526, 527, 528, 529, 530, 531, 532, 533, 534, 535, 536, 537, 538, 539, 540, 541, 542, 543, 544, 545, 546, 547, 548, 549, 550, 551, 552, 553, 554, 555, 556, 557, 558, 559, 560, 561, 562, 563, 564, 565, 566, 567, 568, 569, 570, 571, 572, 573, 574, 575, 576, 577, 578, 579, 580, 581, 582, 583, 584, 585, 586, 587, 588, 589, 590, 591, 592, 593, 594, 595, 596, 597, 598, 599, 600, 601, 602, 603, 604, 605, 606, 607, 608, 609, 610, 611, 612, 613, 614, 615, 616, 617, 618, 619, 620, 621, 622, 623, 624, 625, 626, 627, 628, 629, 630, 631, 632, 633, 634, 635, 636, 637, 638, 639, 640, 641, 642, 643, 644, 645, 646, 647, 648, 649, 650, 651, 652, 653, 654, 655, 656, 657, 658, 659, 660, 661, 662, 663, 664, 665, 666, 667, 668, 669, 670, 671, 672, 673, 674, 675, 676, 677, 678, 679, 680, 681, 682, 683, 684, 685, 686, 687, 688, 689, 690, 691, 692, 693, 694, 695, 696, 697, 698, 699, 700, 701, 702, 703, 704, 705, 706, 707, 708, 709, 710, 711, 712, 713, 714, 715, 716, 717, 718, 719, 720, 721, 722, 723, 724, 725, 726, 727, 728, 729, 730, 731, 732, 733, 734, 735, 736, 737, 738, 739, 740, 741, 742, 743, 744, 745, 746, 747, 748, 749, 750, 751, 752, 753, 754, 755, 756, 757, 758, 759, 760, 761, 762, 763, 764, 765, 766, 767, 768, 769, 770, 771, 772, 773, 774, 775, 776, 777, 778, 779, 780, 781, 782, 783, 784, 785, 786, 787, 788, 789, 790, 791, 792, 793, 794, 795, 796, 797, 798, 799, 800, 801, 802, 803, 804, 805, 806, 807, 808, 809, 810, 811, 812, 813, 814, 815, 816, 817, 818, 819, 820, 821, 822, 823, 824, 825, 826, 827, 828, 829, 830, 831, 832, 833, 834, 835, 836, 837, 838, 839, 840, 841, 842, 843, 844, 845, 846, 847, 848, 849, 850, 851, 852, 853, 854, 855, 856, 857, 858, 859, 860, 861, 862, 863, 864, 865, 866, 867, 868, 869, 870, 871, 872, 873, 874, 875, 876, 877, 878, 879, 880, 881, 882, 883, 884, 885, 886, 887, 888, 889, 890, 891, 892, 893, 894, 895, 896, 897, 898, 899, 900, 901, 902, 903, 904, 905, 906, 907, 908, 909, 910, 911, 912, 913, 914, 915, 916, 917, 918, 919, 920, 921, 922, 923, 924, 925, 926, 927, 928, 929, 930, 931, 932, 933, 934, 935, 936, 937, 938, 939, 940, 941, 942, 943, 944, 945, 946, 947, 948, 949, 950, 951, 952, 953, 954, 955, 956, 957, 958, 959, 960, 961, 962, 963, 964, 965, 966, 967, 968, 969, 970, 971, 972, 973, 974, 975, 976, 977, 978, 979, 980, 981, 982, 983, 984, 985, 986, 987, 988, 989, 990, 991, 992, 993, 994, 995, 996, 997, 998, 999, 1000]
i =  38 [932, 489, 335, 113, 254, 989, 222, 191]
i =  39 [896, 642, 516, 903, 904, 778, 909, 16, 787, 20, 789, 254, 857, 28, 669, 935, 682, 433, 819, 820, 440, 698, 573, 191, 194, 836, 197, 331, 337, 978, 851, 342, 985, 735, 864, 784, 740, 615, 747, 883, 117, 889, 217, 894, 149]
i =  40 [515, 392, 905, 397, 287, 40, 941, 307, 309, 567, 827, 706, 843, 462, 983, 223, 993, 356, 358, 106, 495, 762]
i =  41 [672, 256, 546, 324, 262, 518, 625, 9, 642, 450, 305, 754, 691, 277, 823, 697]
i =  42 [7, 653, 493, 273, 269, 534, 920, 541, 800, 33, 805, 554, 175, 61, 703, 588, 335, 218, 877, 366, 254, 767]
i =  43 [258, 131, 516, 649, 386, 20, 407, 920, 165, 682, 45, 605, 948, 440, 698, 573, 839, 585, 77, 269, 340, 470, 856, 221, 898, 805, 365, 494, 753, 508]
i =  44 [66, 35, 132, 214, 646, 903, 360, 393, 491, 269, 50, 820, 373, 790, 952, 569, 282, 379, 118, 862]
complete deal_communities
commplete get_all_nature_community
----------------------------------The detection result is: 

all communities: 
i =  1 : [7, 94, 121, 164, 168, 196, 269, 273, 302, 340, 377, 473, 506, 529, 588, 606, 657, 658, 781, 805, 815, 877, 912, 918, 920, 937, 996, 1000]
i =  2 : [4, 70, 77, 80, 197, 252, 269, 295, 302, 310, 340, 386, 516, 573, 589, 608, 615, 642, 646, 662, 742, 745, 793, 805, 920]
i =  3 : [16, 20, 45, 48, 100, 106, 130, 133, 151, 567, 619, 649, 718, 860]
i =  4 : [34, 52, 62, 80, 158, 269, 273, 285, 365, 405, 410, 427, 541, 545, 553, 567, 593, 686, 742, 757, 846, 863, 880, 989]
i =  5 : [3, 5, 40, 53, 87, 166, 221, 262, 277, 287, 295, 309, 310, 329, 357, 397, 415, 432, 466, 473, 486, 508, 523, 658, 665, 681, 721, 725, 762, 783, 805, 817, 837, 866, 872, 911, 918, 962]
i =  6 : [5, 24, 25, 34, 135, 224, 255, 302, 423, 502, 523, 539, 618, 672, 743, 876, 879, 901, 908, 914, 919, 1000]
i =  7 : [80, 163, 266, 287, 406, 492, 523, 651, 736, 742, 762, 764, 768, 788, 852, 863, 923]
i =  8 : [184, 303, 365, 473, 486, 500, 523, 609, 620, 643, 658, 664, 685, 753, 879, 882, 946, 962, 987, 988]
i =  9 : [1, 21, 80, 100, 125, 221, 283, 287, 340, 384, 397, 399, 486, 508, 516, 535, 609, 675, 742, 762, 820, 872, 888, 889, 903, 962, 985]
i =  10 : [60, 70, 77, 78, 89, 112, 114, 175, 221, 287, 397, 407, 414, 424, 456, 468, 470, 499, 508, 516, 555, 560, 573, 576, 607, 615, 642, 706, 721, 762, 771, 800, 812, 820, 872, 883, 903, 909, 918, 980]
i =  11 : [21, 28, 70, 80, 272, 384, 473, 486, 535, 589, 609, 630, 643, 658, 695, 704, 740, 742, 758, 763, 797, 820, 888, 889, 903, 962]
i =  12 : [2, 96, 140, 194, 217, 324, 347, 377, 640, 822, 861]
i =  13 : [124, 140, 235, 239, 295, 309, 353, 377, 528, 559, 567, 579, 596, 654, 694, 711, 752, 783, 789, 790]
i =  14 : [6, 14, 38, 40, 45, 55, 74, 100, 223, 287, 310, 340, 410, 432, 452, 497, 516, 543, 702, 718, 748, 762, 805, 814, 865, 933, 964, 979]
i =  15 : [11, 20, 38, 40, 41, 45, 158, 221, 234, 287, 310, 331, 340, 343, 407, 413, 422, 430, 432, 470, 508, 516, 549, 573, 762, 803, 805, 865, 983]
i =  16 : [24, 255, 289, 324, 340, 359, 379, 394, 447, 478, 534, 581, 616, 756, 806, 853, 879, 893, 919, 945, 992]
i =  17 : [15, 46, 77, 152, 190, 424, 627, 744, 773, 854, 871, 936, 957]
i =  18 : [33, 64, 76, 77, 78, 175, 327, 344, 375, 414, 480, 499, 516, 573, 610, 615, 779, 800, 808, 820, 867, 903]
i =  19 : [11, 30, 67, 69, 73, 130, 157, 220, 298, 309, 370, 374, 414, 466, 516, 549, 558, 559, 573, 615, 642, 645, 656, 720, 725, 778, 783, 842, 851, 877, 941, 983, 991]
i =  20 : [24, 34, 50, 53, 55, 112, 135, 144, 220, 234, 285, 289, 310, 313, 336, 351, 413, 415, 441, 447, 452, 467, 491, 525, 672, 699, 708, 784, 835, 871, 919, 927, 931, 941, 948, 953, 964]
i =  21 : [5, 17, 64, 116, 150, 180, 302, 303, 423, 485, 523, 539, 557, 604, 626, 716, 743, 781, 825, 879, 901, 982, 997]
i =  22 : [7, 40, 50, 63, 93, 221, 287, 292, 309, 387, 397, 399, 407, 470, 508, 559, 606, 657, 762, 834, 872, 873, 883]
i =  23 : [50, 85, 87, 221, 287, 288, 360, 379, 393, 491, 508, 514, 670, 762, 848, 959]
i =  24 : [9, 31, 161, 221, 262, 277, 287, 305, 309, 340, 397, 466, 488, 508, 516, 546, 559, 563, 595, 762, 783, 866, 872, 940]
i =  25 : [3, 22, 24, 42, 52, 70, 114, 175, 199, 219, 237, 240, 274, 294, 296, 321, 338, 340, 359, 370, 379, 401, 413, 433, 445, 447, 448, 451, 454, 498, 538, 546, 547, 576, 607, 705, 734, 747, 780, 800, 806, 861, 919, 921, 940, 992]
i =  26 : [33, 47, 50, 64, 114, 131, 170, 175, 181, 192, 320, 321, 360, 393, 414, 466, 485, 491, 538, 576, 595, 720, 727, 800, 891, 956]
i =  27 : [9, 10, 66, 118, 124, 127, 183, 262, 277, 282, 305, 318, 324, 371, 396, 486, 546, 577, 642, 691, 697, 735, 927, 940, 952]
i =  28 : [47, 210, 242, 277, 449, 473, 485, 658, 825, 833, 836, 883, 901, 918, 952, 954]
i =  29 : [3, 22, 39, 40, 137, 175, 177, 180, 218, 237, 240, 269, 273, 287, 336, 340, 354, 359, 360, 366, 393, 413, 414, 422, 459, 491, 496, 499, 516, 534, 569, 587, 588, 630, 646, 653, 658, 703, 750, 794, 797, 800, 805, 820, 862, 868, 895, 903, 920, 945, 948, 959, 962, 967]
i =  30 : [40, 92, 221, 277, 287, 292, 309, 365, 397, 508, 523, 559, 625, 634, 724, 762, 783, 837, 839, 856, 879, 904, 985]
i =  31 : [16, 50, 106, 211, 218, 247, 273, 308, 355, 360, 366, 379, 401, 410, 424, 491, 534, 586, 622, 710, 745, 897, 958, 995]
i =  32 : [113, 141, 313, 387, 394, 455, 635, 672, 754, 803, 823, 871, 897, 934, 987, 995]
i =  33 : [164, 170, 175, 176, 254, 263, 302, 330, 338, 353, 360, 379, 394, 473, 491, 502, 510, 529, 538, 576, 587, 658, 754, 772, 820, 823, 874, 883, 903, 918, 924]
i =  34 : [20, 24, 45, 98, 100, 126, 127, 194, 221, 271, 407, 470, 508, 675, 784, 858, 919, 933, 938, 977, 985]
i =  35 : [23, 50, 88, 222, 232, 354, 360, 379, 393, 395, 473, 491, 534, 567, 595, 658, 776, 884, 939, 962, 989]
i =  36 : [17, 66, 77, 80, 117, 118, 127, 148, 197, 213, 254, 289, 300, 302, 319, 371, 386, 409, 459, 470, 516, 573, 589, 615, 642, 716, 742, 743, 750, 781, 784, 789, 820, 851, 883, 890, 903, 946, 952]
i =  37 : [113, 191, 222, 254, 335, 489, 932, 989]
i =  38 : [16, 20, 28, 117, 149, 191, 194, 197, 217, 254, 331, 337, 342, 433, 440, 516, 573, 615, 642, 669, 682, 698, 735, 740, 747, 778, 784, 787, 789, 819, 820, 836, 851, 857, 864, 883, 889, 894, 896, 903, 904, 909, 935, 978, 985]
i =  39 : [40, 106, 223, 287, 307, 309, 356, 358, 392, 397, 462, 495, 515, 567, 706, 762, 827, 843, 905, 941, 983, 993]
i =  40 : [9, 256, 262, 277, 305, 324, 450, 518, 546, 625, 642, 672, 691, 697, 754, 823]
i =  41 : [7, 33, 61, 175, 218, 254, 269, 273, 335, 366, 493, 534, 541, 554, 588, 653, 703, 767, 800, 805, 877, 920]
i =  42 : [20, 45, 77, 131, 165, 221, 258, 269, 340, 365, 386, 407, 440, 470, 494, 508, 516, 573, 585, 605, 649, 682, 698, 753, 805, 839, 856, 898, 920, 948]
i =  43 : [35, 50, 66, 118, 132, 214, 269, 282, 360, 373, 379, 393, 491, 569, 646, 790, 820, 862, 903, 952]
overlapping nodes are:  [3, 5, 7, 9, 11, 16, 17, 20, 21, 22, 24, 28, 33, 34, 38, 40, 45, 47, 50, 52, 53, 55, 64, 66, 70, 77, 78, 80, 87, 100, 106, 112, 113, 114, 117, 118, 124, 127, 130, 131, 135, 140, 158, 164, 170, 175, 180, 191, 194, 197, 217, 218, 220, 221, 222, 223, 234, 237, 240, 254, 255, 262, 269, 273, 277, 282, 285, 287, 289, 292, 295, 302, 303, 305, 309, 310, 313, 321, 324, 331, 335, 336, 338, 340, 353, 354, 359, 360, 365, 366, 370, 371, 377, 379, 384, 386, 387, 393, 394, 397, 399, 401, 407, 410, 413, 414, 415, 422, 423, 424, 432, 433, 440, 447, 452, 459, 466, 470, 473, 485, 486, 491, 499, 502, 508, 516, 523, 529, 534, 535, 538, 539, 541, 546, 549, 559, 567, 569, 573, 576, 587, 588, 589, 595, 606, 607, 609, 615, 625, 630, 642, 643, 646, 649, 653, 657, 658, 672, 675, 682, 691, 697, 698, 703, 706, 716, 718, 720, 721, 725, 735, 740, 742, 743, 745, 747, 750, 753, 754, 762, 778, 781, 783, 784, 789, 790, 797, 800, 803, 805, 806, 820, 823, 825, 836, 837, 839, 851, 856, 861, 862, 863, 865, 866, 871, 872, 877, 879, 883, 888, 889, 897, 901, 903, 904, 909, 918, 919, 920, 927, 933, 940, 941, 945, 946, 948, 952, 959, 962, 964, 983, 985, 987, 989, 992, 995, 1000] 
 NOO is:  237
total time is:  15710.6712909
