lens of ground_truth:  21
ground_truth is: [[7, 9, 13, 48, 63, 64, 70, 84, 86, 92, 112, 114, 122, 123, 154, 166, 171, 177, 181, 186, 201, 246, 268, 283, 284, 309, 329, 366, 395, 399, 471, 506, 522, 553, 608, 616, 619, 631, 638, 670, 696, 697, 698, 712, 739, 762, 770, 773, 803, 807, 809, 819, 861, 893, 908, 923, 950, 974, 983, 985, 987], [27, 28, 31, 35, 36, 47, 50, 53, 71, 131, 141, 158, 163, 172, 189, 194, 203, 215, 217, 223, 243, 280, 296, 304, 311, 314, 328, 332, 339, 344, 348, 384, 398, 416, 428, 434, 436, 448, 449, 450, 455, 462, 472, 478, 548, 556, 559, 566, 577, 592, 602, 606, 612, 613, 654, 661, 663, 669, 671, 719, 727, 742, 747, 774, 779, 792, 820, 838, 856, 860, 862, 867, 868, 888, 894, 898, 919, 938, 939, 944, 945, 977, 980], [3, 4, 33, 38, 41, 45, 62, 66, 110, 115, 121, 127, 135, 155, 187, 199, 226, 236, 240, 247, 258, 290, 294, 327, 355, 362, 387, 392, 409, 441, 451, 461, 477, 490, 493, 554, 555, 578, 580, 605, 621, 622, 638, 646, 673, 685, 720, 732, 754, 782, 784, 815, 831, 833, 854, 865, 873, 875, 877, 883, 886, 915, 928, 929, 936, 950, 957, 971, 979], [46, 95, 106, 153, 168, 190, 221, 232, 293, 345, 509, 568, 582, 586, 609, 610, 703, 717, 729, 771, 976], [2, 11, 58, 65, 101, 102, 143, 156, 250, 331, 407, 429, 465, 473, 495, 647, 668, 686, 693, 745, 788, 797, 804, 886], [12, 15, 19, 23, 34, 44, 59, 98, 152, 173, 174, 193, 196, 198, 202, 212, 226, 278, 301, 340, 351, 391, 431, 445, 466, 474, 476, 546, 549, 565, 583, 585, 596, 657, 658, 678, 721, 724, 725, 772, 805, 859, 866, 896, 905, 918, 968, 976, 980, 991, 994], [14, 55, 60, 75, 78, 105, 107, 140, 209, 220, 234, 238, 289, 292, 321, 357, 361, 370, 372, 376, 382, 389, 393, 404, 406, 415, 422, 438, 439, 446, 457, 502, 504, 534, 535, 550, 562, 598, 628, 649, 667, 672, 708, 734, 776, 777, 781, 834, 863, 871, 872, 876, 880, 882, 911, 917, 922, 953, 964, 965, 973, 993, 995], [1, 52, 111, 118, 126, 134, 211, 237, 271, 279, 281, 338, 356, 499, 508, 518, 538, 545, 624, 659, 755, 842, 889, 906, 910, 926, 931, 967], [24, 34, 91, 99, 120, 125, 180, 200, 216, 218, 222, 225, 230, 231, 262, 272, 273, 274, 286, 299, 301, 330, 347, 367, 373, 376, 388, 413, 442, 444, 450, 452, 459, 484, 486, 488, 516, 530, 536, 541, 560, 570, 574, 590, 614, 625, 635, 644, 664, 666, 675, 679, 682, 714, 715, 722, 738, 741, 744, 750, 785, 796, 826, 840, 897, 904, 960, 961, 967, 972, 997, 999], [36, 39, 67, 73, 87, 114, 117, 129, 139, 208, 249, 263, 346, 364, 375, 403, 424, 433, 439, 496, 510, 531, 542, 561, 579, 591, 601, 617, 636, 684, 688, 718, 759, 766, 813, 847, 870, 887, 900, 943, 952, 959, 971, 981], [77, 94, 103, 124, 170, 192, 195, 277, 326, 349, 354, 371, 411, 423, 437, 497, 507, 525, 702, 767, 799, 812, 814, 827, 832, 841, 914], [40, 56, 81, 83, 119, 162, 175, 208, 233, 245, 265, 312, 319, 335, 397, 399, 405, 425, 440, 539, 575, 576, 639, 695, 726, 758, 835, 839], [8, 16, 51, 157, 161, 169, 200, 235, 264, 275, 318, 353, 359, 363, 368, 369, 381, 385, 418, 419, 447, 454, 524, 552, 569, 581, 584, 589, 615, 640, 692, 705, 723, 748, 749, 762, 790, 791, 817, 850, 853, 861, 879, 892, 899, 901, 912, 941, 946, 948, 956, 982, 990, 992], [17, 25, 29, 89, 144, 147, 188, 287, 307, 352, 412, 421, 460, 481, 513, 536, 557, 572, 582, 588, 632, 656, 662, 706, 710, 730, 731, 740, 753, 783, 798, 801, 857, 892, 921, 930, 932, 947, 996], [37, 53, 100, 116, 239, 291, 316, 317, 337, 342, 380, 417, 494, 528, 540, 551, 634, 644, 660, 701, 848, 922], [22, 23, 26, 27, 33, 37, 62, 64, 73, 80, 96, 132, 133, 159, 178, 207, 210, 214, 224, 225, 244, 253, 261, 266, 267, 269, 295, 298, 305, 306, 324, 342, 353, 377, 378, 383, 394, 401, 402, 427, 430, 432, 443, 464, 467, 472, 482, 485, 502, 512, 514, 515, 517, 556, 563, 573, 629, 637, 648, 653, 681, 700, 709, 713, 716, 721, 735, 742, 743, 744, 774, 789, 800, 802, 805, 806, 829, 830, 836, 844, 852, 878, 896, 903, 924, 927, 949, 963, 970, 974, 975, 997, 998], [5, 72, 76, 90, 93, 101, 138, 205, 228, 297, 300, 311, 323, 341, 358, 387, 453, 458, 475, 479, 514, 595, 604, 642, 680, 689, 699, 728, 787, 821, 851, 858, 907, 934, 958, 962, 988, 989], [26, 30, 31, 49, 79, 109, 135, 145, 146, 149, 151, 183, 184, 213, 251, 252, 254, 257, 266, 270, 282, 293, 313, 350, 374, 379, 386, 396, 400, 456, 470, 484, 498, 500, 508, 519, 520, 523, 527, 533, 537, 544, 558, 571, 593, 597, 600, 603, 618, 626, 627, 629, 630, 642, 646, 652, 665, 683, 690, 696, 704, 718, 731, 737, 757, 761, 765, 769, 775, 778, 786, 795, 810, 824, 843, 884, 891, 909, 916, 920, 925, 937, 940, 942, 949, 955, 957, 965, 966, 985], [5, 18, 20, 32, 38, 41, 42, 68, 69, 84, 88, 104, 108, 113, 128, 137, 148, 160, 176, 179, 191, 197, 204, 206, 217, 239, 241, 251, 259, 288, 320, 323, 325, 333, 334, 343, 347, 365, 469, 491, 493, 501, 503, 505, 511, 515, 521, 526, 532, 564, 567, 571, 587, 589, 599, 603, 620, 628, 655, 672, 676, 681, 687, 691, 694, 707, 711, 733, 751, 752, 756, 760, 763, 768, 811, 816, 818, 822, 837, 846, 849, 864, 868, 869, 885, 902, 913, 939, 961, 969, 990], [6, 54, 57, 61, 74, 82, 97, 136, 142, 165, 167, 193, 210, 242, 260, 276, 308, 315, 360, 390, 410, 435, 483, 487, 489, 517, 594, 611, 641, 650, 663, 677, 764, 780, 793, 823, 845, 874, 933, 956, 984], [10, 21, 43, 85, 130, 150, 164, 182, 185, 201, 219, 227, 229, 248, 255, 256, 285, 302, 303, 310, 322, 336, 408, 414, 420, 426, 463, 468, 480, 492, 529, 543, 547, 560, 607, 623, 633, 643, 645, 651, 659, 674, 694, 713, 736, 746, 794, 808, 824, 825, 828, 855, 881, 890, 895, 935, 951, 954, 978, 986, 1000]]
nodes: [628, 698, 708, 714, 727, 746, 788, 795, 796, 817, 819, 820, 836, 839, 849, 854, 866, 869, 878, 882, 914, 917, 924, 935, 936, 939, 945, 946, 947, 952, 953, 957, 965, 967, 970, 976, 979, 980, 981, 984, 985, 989, 990, 998, 1000] num of nodes:  45
[[14, 995, 628, 973], [670, 983, 908, 698, 923], [289, 973, 438, 708], [714, 972, 960, 741, 826], [215, 938, 977, 727], [310, 986, 746, 954, 547], [156, 804, 797, 788, 647, 686], [558, 909, 891, 795], [388, 530, 796, 972, 999], [418, 941, 879, 992, 817], [284, 987, 739, 819, 923, 983], [47, 898, 820, 719], [402, 829, 836, 802], [56, 835, 639, 758, 726, 839], [599, 752, 849, 816, 885], [451, 784, 915, 605, 854], [546, 994, 905, 585, 866, 991], [68, 869, 811, 511], [443, 806, 716, 878], [534, 993, 882, 872, 880], [77, 832, 812, 914, 827, 841, 411], [777, 995, 917, 993, 880, 964], [96, 852, 963, 924], [150, 954, 492, 935, 951], [38, 936, 928, 875], [449, 939, 747, 977], [856, 860, 898, 945, 919], [749, 899, 941, 879, 946, 850, 982], [588, 930, 932, 947, 730, 632, 783], [636, 870, 959, 943, 952, 684, 759], [393, 964, 776, 953, 911], [782, 875, 915, 929, 957], [105, 995, 993, 776, 965], [499, 931, 967, 842, 889, 538, 906, 910, 926], [80, 709, 970, 975], [46, 610, 771, 976, 729, 717, 609], [451, 784, 915, 833, 979], [445, 905, 991, 724, 980], [617, 870, 959, 813, 887, 981, 971], [242, 984, 956, 793, 435, 611], [522, 987, 770, 985, 923, 983], [475, 962, 988, 989, 821, 699, 858, 689, 958], [723, 982, 850, 941, 749, 990], [998, 927, 716, 974, 975], [322, 808, 1000, 978, 890, 828]]
len of cliques:  45
length of seeds:  45
seeds:  [[499, 931, 967, 842, 889, 538, 906, 910, 926], [475, 962, 988, 989, 821, 699, 858, 689, 958], [77, 832, 812, 914, 827, 841, 411], [749, 899, 941, 879, 946, 850, 982], [588, 930, 932, 947, 730, 632, 783], [636, 870, 959, 943, 952, 684, 759], [46, 610, 771, 976, 729, 717, 609], [617, 870, 959, 813, 887, 981, 971], [156, 804, 797, 788, 647, 686], [284, 987, 739, 819, 923, 983], [56, 835, 639, 758, 726, 839], [546, 994, 905, 585, 866, 991], [777, 995, 917, 993, 880, 964], [242, 984, 956, 793, 435, 611], [522, 987, 770, 985, 923, 983], [723, 982, 850, 941, 749, 990], [322, 808, 1000, 978, 890, 828], [670, 983, 908, 698, 923], [714, 972, 960, 741, 826], [310, 986, 746, 954, 547], [388, 530, 796, 972, 999], [418, 941, 879, 992, 817], [599, 752, 849, 816, 885], [451, 784, 915, 605, 854], [534, 993, 882, 872, 880], [150, 954, 492, 935, 951], [856, 860, 898, 945, 919], [393, 964, 776, 953, 911], [782, 875, 915, 929, 957], [105, 995, 993, 776, 965], [451, 784, 915, 833, 979], [445, 905, 991, 724, 980], [998, 927, 716, 974, 975], [14, 995, 628, 973], [289, 973, 438, 708], [215, 938, 977, 727], [558, 909, 891, 795], [47, 898, 820, 719], [402, 829, 836, 802], [68, 869, 811, 511], [443, 806, 716, 878], [96, 852, 963, 924], [38, 936, 928, 875], [449, 939, 747, 977], [80, 709, 970, 975]]
seeds_fitness [0.14173228346456693, 0.1422924901185771, 0.1453287197231834, 0.06942148760330578, 0.10319410319410319, 0.08955223880597014, 0.14, 0.07355516637478109, 0.13953488372093023, 0.06224066390041494, 0.1276595744680851, 0.06787330316742081, 0.04838709677419355, 0.07425742574257425, 0.05244755244755245, 0.048939641109298535, 0.055350553505535055, 0.04640371229698376, 0.04219409282700422, 0.0468384074941452, 0.04854368932038835, 0.04158004158004158, 0.058823529411764705, 0.052770448548812667, 0.04024144869215292, 0.046189376443418015, 0.03577817531305903, 0.04149377593360996, 0.035650623885918005, 0.03466204506065858, 0.04434589800443459, 0.04158004158004158, 0.031007751937984496, 0.028708133971291867, 0.042105263157894736, 0.03260869565217391, 0.03234501347708895, 0.04067796610169491, 0.04225352112676056, 0.05714285714285714, 0.045627376425855515, 0.030612244897959183, 0.028037383177570093, 0.03125, 0.031088082901554404]
after sort list of tuple: [(2, 0.1453287197231834), (1, 0.1422924901185771), (0, 0.14173228346456693), (6, 0.14), (8, 0.13953488372093023), (10, 0.1276595744680851), (4, 0.10319410319410319), (5, 0.08955223880597014), (13, 0.07425742574257425), (7, 0.07355516637478109), (3, 0.06942148760330578), (11, 0.06787330316742081), (9, 0.06224066390041494), (22, 0.058823529411764705), (39, 0.05714285714285714), (16, 0.055350553505535055), (23, 0.052770448548812667), (14, 0.05244755244755245), (15, 0.048939641109298535), (20, 0.04854368932038835), (12, 0.04838709677419355), (19, 0.0468384074941452), (17, 0.04640371229698376), (25, 0.046189376443418015), (40, 0.045627376425855515), (30, 0.04434589800443459), (38, 0.04225352112676056), (18, 0.04219409282700422), (34, 0.042105263157894736), (21, 0.04158004158004158), (31, 0.04158004158004158), (27, 0.04149377593360996), (37, 0.04067796610169491), (24, 0.04024144869215292), (26, 0.03577817531305903), (28, 0.035650623885918005), (29, 0.03466204506065858), (35, 0.03260869565217391), (36, 0.03234501347708895), (43, 0.03125), (44, 0.031088082901554404), (32, 0.031007751937984496), (41, 0.030612244897959183), (33, 0.028708133971291867), (42, 0.028037383177570093)]
seeds_sorted [[77, 832, 812, 914, 827, 841, 411], [475, 962, 988, 989, 821, 699, 858, 689, 958], [499, 931, 967, 842, 889, 538, 906, 910, 926], [46, 610, 771, 976, 729, 717, 609], [156, 804, 797, 788, 647, 686], [56, 835, 639, 758, 726, 839], [588, 930, 932, 947, 730, 632, 783], [636, 870, 959, 943, 952, 684, 759], [242, 984, 956, 793, 435, 611], [617, 870, 959, 813, 887, 981, 971], [749, 899, 941, 879, 946, 850, 982], [546, 994, 905, 585, 866, 991], [284, 987, 739, 819, 923, 983], [599, 752, 849, 816, 885], [68, 869, 811, 511], [322, 808, 1000, 978, 890, 828], [451, 784, 915, 605, 854], [522, 987, 770, 985, 923, 983], [723, 982, 850, 941, 749, 990], [388, 530, 796, 972, 999], [777, 995, 917, 993, 880, 964], [310, 986, 746, 954, 547], [670, 983, 908, 698, 923], [150, 954, 492, 935, 951], [443, 806, 716, 878], [451, 784, 915, 833, 979], [402, 829, 836, 802], [714, 972, 960, 741, 826], [289, 973, 438, 708], [418, 941, 879, 992, 817], [445, 905, 991, 724, 980], [393, 964, 776, 953, 911], [47, 898, 820, 719], [534, 993, 882, 872, 880], [856, 860, 898, 945, 919], [782, 875, 915, 929, 957], [105, 995, 993, 776, 965], [215, 938, 977, 727], [558, 909, 891, 795], [449, 939, 747, 977], [80, 709, 970, 975], [998, 927, 716, 974, 975], [96, 852, 963, 924], [14, 995, 628, 973], [38, 936, 928, 875]]
args__________ ([[77, 832, 812, 914, 827, 841, 411], [38, 936, 928, 875]],)
args__________ ([[475, 962, 988, 989, 821, 699, 858, 689, 958], [14, 995, 628, 973]],)
args__________ ([[499, 931, 967, 842, 889, 538, 906, 910, 926], [96, 852, 963, 924]],)
args__________ ([[46, 610, 771, 976, 729, 717, 609], [998, 927, 716, 974, 975]],)
args__________ ([[156, 804, 797, 788, 647, 686], [80, 709, 970, 975]],)
args__________ ([[56, 835, 639, 758, 726, 839], [449, 939, 747, 977]],)
args__________ ([[588, 930, 932, 947, 730, 632, 783], [558, 909, 891, 795]],)
args__________ ([[636, 870, 959, 943, 952, 684, 759], [215, 938, 977, 727]],)
args__________ ([[242, 984, 956, 793, 435, 611], [105, 995, 993, 776, 965]],)
args__________ ([[617, 870, 959, 813, 887, 981, 971], [782, 875, 915, 929, 957]],)
args__________ ([[749, 899, 941, 879, 946, 850, 982], [856, 860, 898, 945, 919]],)
args__________ ([[546, 994, 905, 585, 866, 991], [534, 993, 882, 872, 880]],)
args__________ ([[284, 987, 739, 819, 923, 983], [47, 898, 820, 719]],)
args__________ ([[599, 752, 849, 816, 885]],)
args__________ ([[68, 869, 811, 511]],)
args__________ ([[322, 808, 1000, 978, 890, 828]],)
args__________ ([[451, 784, 915, 605, 854]],)
args__________ ([[522, 987, 770, 985, 923, 983]],)
args__________ ([[723, 982, 850, 941, 749, 990]],)
args__________ ([[388, 530, 796, 972, 999]],)
args__________ ([[777, 995, 917, 993, 880, 964]],)
args__________ ([[310, 986, 746, 954, 547]],)
args__________ ([[670, 983, 908, 698, 923]],)
args__________ ([[150, 954, 492, 935, 951]],)
args__________ ([[443, 806, 716, 878]],)
args__________ ([[451, 784, 915, 833, 979]],)
args__________ ([[402, 829, 836, 802]],)
args__________ ([[714, 972, 960, 741, 826]],)
args__________ ([[289, 973, 438, 708]],)
args__________ ([[418, 941, 879, 992, 817]],)
args__________ ([[445, 905, 991, 724, 980]],)
args__________ ([[393, 964, 776, 953, 911]],)
finish process___________________
seed_node 997
seed_community:  [897, 635, 516, 262, 904, 614, 272, 785, 274, 24, 388, 666, 796, 541, 286, 231, 675, 679, 682, 299, 413, 91, 180, 570, 444, 330, 574, 960, 459, 452, 840, 714, 715, 972, 590, 722, 216, 218, 347, 442, 741, 738, 99, 230, 486, 273, 488, 664, 999, 530, 750, 367, 625, 373, 120, 826, 997, 125]
seed_node 961
seed_community:  [897, 388, 262, 904, 486, 272, 273, 530, 24, 516, 666, 796, 413, 286, 231, 675, 679, 682, 299, 541, 200, 180, 826, 444, 714, 574, 960, 961, 715, 452, 840, 330, 459, 972, 590, 722, 216, 218, 91, 442, 222, 741, 738, 99, 230, 614, 785, 488, 664, 999, 274, 750, 367, 570, 625, 373, 120, 635, 125]
seed_node 949
seed_community:  [257, 386, 537, 470, 519, 520, 533, 778, 523, 652, 909, 270, 527, 400, 145, 146, 916, 149, 254, 151, 920, 665, 282, 795, 925, 30, 544, 33, 937, 810, 683, 940, 626, 942, 49, 690, 949, 183, 184, 313, 955, 769, 109, 704, 884, 966, 456, 396, 843, 79, 593, 597, 642, 600, 350, 737, 571, 374, 379, 618, 786, 775, 498, 627, 500, 757, 630, 761, 558, 252, 765, 891, 213]
seed_node 950
seed_community:  [258, 3, 4, 65, 392, 66, 782, 685, 784, 915, 110, 409, 155, 928, 929, 290, 294, 936, 41, 554, 555, 45, 815, 115, 950, 441, 187, 831, 833, 578, 451, 580, 673, 461, 720, 979, 854, 732, 477, 199, 621, 865, 327, 355, 38, 873, 362, 875, 877, 622, 240, 754, 883, 247, 121, 490, 605, 127]
seed_node 922
seed_community:  [417, 291, 100, 634, 551, 540, 494, 239, 848, 337, 660, 317, 528, 116, 922, 316, 701, 380]
seed_node 892
seed_community:  [513, 783, 144, 17, 947, 147, 662, 89, 921, 412, 29, 798, 287, 801, 930, 932, 421, 557, 307, 188, 706, 710, 588, 460, 857, 730, 996, 352, 481, 740, 572, 753, 25, 632, 656, 892]
seed_node 896
seed_community:  [896, 772, 918, 391, 905, 12, 15, 657, 658, 19, 278, 152, 994, 546, 549, 678, 44, 173, 174, 431, 351, 565, 59, 445, 196, 198, 583, 968, 585, 202, 866, 466, 340, 725, 474, 859, 476, 991, 98, 596, 724, 212]
seed_node 886
seed_community:  [2, 647, 11, 143, 788, 407, 156, 797, 804, 668, 429, 686, 693, 58, 65, 331, 465, 473, 102, 745, 495, 886, 250]
seed_node 868
seed_community:  [128, 768, 259, 179, 902, 137, 469, 343, 526, 655, 913, 18, 20, 325, 32, 176, 197, 676, 113, 42, 811, 760, 687, 816, 818, 691, 564, 822, 521, 191, 320, 160, 707, 68, 69, 620, 711, 969, 567, 837, 333, 334, 288, 505, 849, 846, 599, 88, 204, 733, 864, 587, 868, 869, 104, 491, 108, 365, 532, 751, 752, 241, 756, 885, 503, 501, 148, 763, 206, 511]
seed_node 861
seed_community:  [640, 385, 899, 901, 264, 524, 912, 275, 790, 791, 157, 161, 418, 419, 552, 169, 941, 359, 817, 946, 51, 692, 948, 318, 447, 705, 581, 454, 584, 850, 723, 853, 982, 569, 861, 992, 16, 615, 363, 748, 749, 879, 368, 369, 235, 8, 381]
seed_node 824
seed_community:  [256, 130, 643, 645, 10, 651, 529, 21, 150, 408, 794, 285, 414, 543, 674, 547, 420, 935, 808, 426, 43, 302, 303, 310, 951, 824, 185, 954, 828, 480, 322, 182, 825, 463, 336, 978, 468, 85, 855, 164, 986, 219, 607, 736, 227, 229, 1000, 746, 492, 623, 881, 248, 633, 890, 255, 895]
seed_node 805
seed_community:  [772, 278, 391, 905, 12, 15, 657, 658, 19, 918, 152, 994, 546, 805, 678, 44, 173, 174, 431, 565, 991, 445, 196, 198, 583, 968, 585, 202, 98, 466, 340, 725, 859, 476, 351, 866, 59, 549, 596, 724, 212]
seed_node 762
seed_community:  [770, 773, 7, 9, 522, 395, 908, 13, 154, 283, 284, 670, 803, 166, 807, 553, 171, 48, 177, 819, 309, 696, 697, 186, 63, 181, 70, 712, 329, 631, 923, 268, 86, 983, 985, 987, 92, 698, 471, 608, 506, 739, 616, 762, 619, 366, 246, 809, 122, 123, 893]
seed_node 774
seed_community:  [384, 898, 131, 774, 449, 556, 779, 141, 398, 280, 661, 919, 792, 47, 28, 669, 158, 671, 416, 944, 35, 548, 296, 348, 938, 71, 172, 50, 559, 304, 945, 434, 820, 606, 566, 436, 314, 428, 189, 215, 448, 577, 450, 838, 455, 328, 339, 203, 332, 462, 719, 592, 977, 163, 654, 727, 856, 217, 602, 860, 862, 223, 344, 867, 612, 613, 194, 747, 243, 888, 478, 894]
seed_node 742
seed_community:  [384, 898, 131, 577, 779, 141, 398, 792, 661, 919, 280, 559, 28, 669, 158, 671, 416, 304, 163, 548, 296, 860, 938, 455, 428, 50, 47, 944, 945, 434, 436, 862, 566, 820, 314, 189, 215, 448, 449, 838, 71, 328, 339, 203, 332, 462, 719, 592, 977, 35, 654, 727, 344, 217, 602, 348, 606, 223, 867, 612, 613, 742, 747, 856, 243, 888, 478, 894]
seed_node 744
seed_community:  [897, 388, 262, 904, 272, 785, 530, 24, 516, 666, 796, 413, 286, 230, 675, 679, 682, 299, 541, 347, 180, 999, 442, 444, 330, 574, 960, 459, 452, 840, 714, 715, 972, 590, 722, 625, 216, 218, 91, 826, 222, 741, 738, 99, 614, 486, 273, 744, 664, 231, 274, 750, 367, 570, 488, 373, 120, 635, 125]
seed_node 713
seed_community:  [256, 130, 643, 645, 10, 651, 529, 21, 150, 408, 794, 285, 414, 543, 674, 547, 420, 935, 808, 426, 43, 302, 303, 310, 951, 185, 954, 828, 480, 322, 182, 713, 825, 463, 336, 978, 468, 85, 855, 164, 986, 219, 607, 736, 227, 229, 1000, 746, 492, 623, 881, 248, 633, 890, 255, 895]
seed_node 718
seed_community:  [129, 375, 900, 263, 139, 403, 542, 433, 424, 684, 813, 943, 688, 561, 952, 510, 959, 67, 887, 718, 847, 981, 87, 601, 346, 591, 870, 617, 39, 364, 496, 579, 531, 117, 759, 249, 636, 766]
seed_node 721
seed_community:  [772, 918, 391, 905, 12, 15, 657, 658, 19, 278, 152, 994, 546, 549, 678, 44, 173, 174, 431, 565, 991, 445, 193, 196, 198, 583, 968, 585, 202, 98, 721, 466, 596, 725, 474, 859, 476, 351, 866, 59, 212, 724, 340]
seed_node 731
seed_community:  [513, 783, 144, 17, 947, 147, 662, 25, 921, 412, 29, 798, 287, 801, 930, 932, 421, 557, 307, 188, 706, 710, 588, 460, 857, 730, 731, 996, 352, 481, 740, 572, 753, 89, 632, 656]
seed_node 694
seed_community:  [256, 130, 643, 645, 10, 651, 529, 21, 150, 408, 794, 855, 285, 414, 543, 674, 547, 420, 935, 808, 426, 43, 302, 303, 694, 951, 185, 954, 828, 736, 322, 182, 463, 336, 978, 468, 85, 825, 164, 986, 219, 607, 480, 227, 229, 1000, 746, 492, 623, 310, 881, 248, 633, 890, 255, 895]
seed_node 672
seed_community:  [389, 776, 393, 140, 781, 14, 911, 404, 917, 534, 667, 415, 672, 289, 292, 422, 777, 882, 562, 871, 438, 649, 953, 60, 446, 406, 321, 834, 964, 457, 75, 973, 78, 209, 598, 220, 734, 863, 993, 995, 550, 357, 872, 105, 234, 107, 876, 238, 880, 370, 361, 504, 55, 382]
seed_node 681
seed_community:  [128, 768, 259, 5, 902, 521, 599, 13, 526, 655, 885, 913, 18, 707, 20, 691, 26, 239, 325, 32, 176, 197, 676, 113, 681, 42, 811, 687, 816, 108, 818, 179, 436, 822, 137, 564, 191, 320, 160, 323, 68, 69, 711, 969, 567, 76, 333, 334, 288, 505, 849, 846, 469, 343, 88, 89, 204, 603, 733, 864, 587, 869, 104, 491, 620, 365, 532, 751, 752, 241, 206, 756, 501, 503, 760, 148, 763, 837, 511]
seed_node 644
seed_community:  [417, 291, 644, 100, 551, 316, 494, 701, 848, 337, 116, 528, 660, 634, 380, 317, 540]
seed_node 646
seed_community:  [258, 3, 4, 646, 135, 392, 66, 782, 45, 784, 915, 110, 409, 928, 929, 290, 294, 936, 41, 554, 555, 685, 815, 115, 441, 187, 831, 833, 578, 451, 580, 33, 461, 720, 979, 854, 121, 875, 732, 605, 199, 865, 226, 355, 877, 873, 490, 327, 236, 621, 622, 240, 754, 883, 247, 673, 477, 362, 127]
seed_node 659
seed_community:  [1, 134, 906, 910, 271, 659, 279, 281, 538, 926, 545, 931, 518, 755, 52, 842, 338, 211, 356, 237, 111, 624, 499, 118, 889, 126]
seed_node 663
seed_community:  [641, 260, 6, 136, 650, 780, 142, 276, 663, 793, 410, 165, 167, 435, 308, 54, 823, 57, 315, 61, 390, 74, 845, 594, 611, 984, 933, 97, 483, 487, 360, 489, 874, 82, 677, 242, 764]
seed_node 629
seed_community:  [769, 386, 537, 470, 519, 520, 778, 523, 652, 909, 270, 527, 400, 145, 786, 916, 149, 151, 920, 665, 282, 795, 925, 30, 544, 937, 810, 683, 940, 498, 942, 49, 690, 183, 184, 313, 955, 109, 629, 704, 630, 966, 456, 396, 843, 79, 593, 597, 642, 600, 257, 350, 737, 500, 891, 558, 618, 146, 775, 626, 627, 884, 757, 374, 213, 761, 379, 252, 765, 254, 533]
seed_node 638
seed_community:  [258, 3, 4, 392, 578, 782, 685, 784, 915, 622, 409, 155, 928, 929, 290, 294, 936, 41, 554, 555, 45, 815, 883, 441, 187, 957, 62, 831, 833, 66, 451, 580, 327, 461, 720, 979, 854, 121, 732, 605, 199, 621, 865, 355, 873, 362, 875, 236, 877, 110, 240, 754, 115, 247, 673, 477, 490, 638, 127]
seed_node 582
seed_community:  [609, 610, 771, 582, 168, 586, 717, 46, 221, 976, 232, 703, 345, 153, 568, 729, 509, 106, 190, 95]
seed_node 589
seed_community:  [640, 385, 899, 901, 8, 524, 912, 275, 790, 791, 363, 157, 161, 418, 419, 552, 169, 941, 817, 946, 51, 692, 569, 948, 318, 447, 705, 581, 454, 584, 589, 850, 723, 853, 982, 992, 16, 615, 359, 748, 749, 879, 368, 369, 235, 381, 264]
seed_node 514
seed_community:  [514, 5, 138, 907, 787, 90, 934, 680, 297, 300, 93, 689, 821, 699, 958, 962, 453, 72, 458, 76, 205, 595, 341, 728, 858, 475, 988, 989, 479, 604, 228, 358, 851]
seed_node 515
seed_community:  [512, 253, 130, 515, 132, 261, 903, 648, 394, 267, 653, 401, 402, 789, 22, 836, 26, 27, 924, 133, 800, 802, 806, 295, 298, 427, 178, 430, 432, 305, 306, 563, 443, 700, 266, 62, 96, 963, 324, 709, 844, 970, 716, 269, 80, 210, 467, 852, 927, 214, 207, 735, 224, 464, 482, 485, 975, 743, 878, 829, 244, 830, 377, 378, 573, 637, 998, 383]
seed_node 517
seed_community:  [512, 132, 133, 903, 648, 394, 267, 653, 401, 402, 789, 22, 324, 26, 924, 261, 800, 802, 37, 806, 295, 298, 427, 517, 178, 430, 432, 305, 306, 563, 443, 700, 573, 830, 637, 224, 963, 836, 709, 73, 970, 844, 269, 464, 467, 852, 927, 214, 207, 735, 96, 80, 482, 485, 998, 743, 716, 878, 829, 244, 629, 377, 378, 975, 253, 383]
seed_node 536
seed_community:  [513, 783, 144, 17, 147, 662, 89, 536, 921, 412, 947, 798, 287, 801, 930, 932, 421, 557, 29, 307, 188, 706, 710, 460, 588, 857, 730, 996, 352, 481, 740, 572, 753, 25, 632, 656]
seed_node 560
seed_community:  [256, 130, 643, 645, 10, 651, 529, 21, 150, 408, 794, 855, 285, 414, 543, 674, 547, 164, 935, 808, 426, 43, 302, 303, 560, 310, 951, 185, 954, 828, 736, 322, 182, 201, 463, 336, 978, 468, 85, 825, 420, 986, 219, 607, 480, 227, 229, 1000, 746, 492, 623, 881, 248, 633, 890, 255, 895]
seed_node 472
seed_community:  [384, 898, 131, 577, 172, 862, 779, 141, 398, 856, 661, 919, 280, 47, 28, 669, 158, 671, 416, 304, 163, 548, 296, 348, 938, 71, 428, 50, 559, 944, 945, 434, 436, 727, 566, 820, 314, 189, 556, 448, 449, 194, 838, 455, 328, 339, 203, 332, 462, 719, 592, 977, 35, 980, 654, 215, 472, 217, 602, 860, 606, 223, 344, 867, 612, 613, 747, 792, 243, 888, 478, 894]
seed_node 484
seed_community:  [769, 386, 537, 775, 520, 558, 778, 523, 396, 909, 270, 527, 400, 145, 146, 916, 149, 151, 920, 665, 282, 795, 925, 30, 544, 937, 810, 683, 940, 626, 942, 49, 690, 183, 184, 313, 955, 109, 704, 630, 966, 456, 652, 843, 79, 593, 597, 470, 600, 257, 350, 737, 500, 891, 484, 533, 519, 618, 786, 498, 627, 884, 757, 374, 761, 379, 252, 765, 254, 213]
seed_node 493
seed_community:  [258, 3, 4, 392, 66, 782, 685, 784, 915, 622, 409, 928, 929, 290, 294, 936, 41, 554, 555, 45, 815, 115, 441, 187, 831, 833, 578, 451, 580, 673, 461, 720, 979, 854, 732, 605, 199, 621, 865, 327, 355, 877, 873, 362, 875, 493, 110, 240, 754, 883, 247, 121, 477, 490, 127]
seed_node 502
seed_community:  [389, 776, 393, 140, 781, 14, 911, 404, 917, 534, 667, 415, 289, 292, 550, 649, 777, 370, 562, 438, 55, 953, 60, 446, 406, 321, 834, 964, 457, 75, 973, 78, 209, 598, 220, 734, 863, 993, 995, 422, 357, 872, 105, 234, 871, 876, 238, 880, 882, 502, 361, 504, 382]
seed_node 508
seed_community:  [1, 134, 906, 910, 271, 279, 281, 538, 926, 545, 931, 518, 499, 52, 842, 338, 211, 356, 237, 111, 624, 755, 118, 889, 508, 126]
seed_node 439
seed_community:  [107, 389, 776, 393, 140, 781, 14, 911, 404, 917, 534, 535, 708, 922, 667, 415, 289, 292, 550, 777, 370, 562, 438, 649, 953, 446, 406, 321, 834, 75, 964, 457, 439, 973, 78, 209, 598, 220, 734, 863, 993, 995, 422, 357, 872, 105, 234, 871, 876, 238, 880, 882, 372, 361, 504, 55, 382]
seed_node 387
seed_community:  [387, 138, 907, 787, 90, 934, 680, 297, 300, 93, 689, 821, 699, 958, 962, 453, 72, 458, 76, 205, 595, 341, 728, 858, 475, 988, 989, 479, 604, 228, 101, 358, 851]
seed_node 301
seed_community:  [772, 278, 391, 905, 12, 301, 657, 658, 19, 918, 152, 994, 546, 549, 678, 44, 173, 174, 431, 351, 565, 59, 445, 196, 198, 583, 968, 585, 202, 98, 466, 596, 725, 474, 859, 476, 991, 866, 212, 15, 724, 340]
seed_node 342
seed_community:  [417, 291, 100, 701, 551, 316, 494, 528, 848, 337, 660, 342, 116, 634, 540, 317, 380]
seed_node 208
seed_community:  [129, 900, 263, 139, 403, 542, 433, 424, 684, 813, 943, 688, 561, 952, 959, 579, 375, 591, 208, 981, 87, 601, 346, 847, 887, 766, 67, 870, 617, 39, 364, 496, 114, 531, 117, 759, 249, 636, 510]
seed_node 225
seed_community:  [897, 388, 262, 904, 486, 142, 272, 785, 274, 24, 516, 666, 796, 413, 286, 231, 675, 679, 682, 299, 541, 91, 180, 826, 444, 714, 574, 960, 715, 452, 225, 840, 330, 459, 972, 590, 120, 722, 214, 216, 218, 347, 442, 222, 741, 97, 738, 99, 230, 614, 273, 488, 664, 999, 530, 750, 367, 570, 625, 373, 376, 635, 125]
seed_node 251
seed_community:  [257, 386, 519, 520, 778, 523, 396, 909, 270, 527, 400, 145, 146, 916, 533, 254, 151, 920, 537, 282, 795, 925, 30, 544, 665, 810, 683, 940, 500, 942, 49, 690, 183, 184, 313, 786, 955, 769, 757, 704, 884, 966, 456, 652, 843, 79, 593, 213, 597, 470, 600, 985, 350, 737, 379, 374, 558, 618, 109, 775, 498, 627, 696, 626, 630, 937, 761, 251, 252, 765, 891, 149]
seed_node 53
seed_community:  [417, 291, 100, 551, 316, 317, 528, 494, 239, 848, 337, 116, 53, 342, 660, 634, 540, 701, 380]
i =  0 [192, 525, 914, 277, 411, 799, 423, 170, 812, 814, 437, 827, 702, 832, 195, 326, 841, 77, 349, 94, 354, 103, 497, 371, 507, 124, 767]
i =  1 [258, 3, 4, 392, 578, 782, 45, 784, 915, 110, 409, 155, 928, 929, 290, 294, 936, 41, 554, 555, 685, 815, 115, 441, 187, 831, 833, 66, 451, 580, 33, 461, 720, 979, 854, 673, 732, 477, 199, 865, 327, 355, 38, 877, 873, 362, 875, 236, 621, 622, 240, 754, 883, 247, 121, 490, 605, 127]
i =  2 [138, 907, 787, 90, 934, 680, 297, 300, 93, 689, 821, 699, 958, 962, 453, 72, 458, 76, 205, 595, 341, 728, 858, 475, 604, 989, 479, 228, 358, 988, 851]
i =  3 [389, 776, 393, 140, 781, 14, 911, 404, 917, 534, 535, 708, 667, 415, 289, 292, 550, 649, 372, 370, 562, 438, 777, 953, 60, 446, 406, 321, 834, 964, 457, 75, 973, 78, 209, 598, 220, 734, 863, 993, 995, 422, 357, 872, 105, 234, 871, 876, 238, 880, 882, 628, 361, 504, 55, 382]
i =  4 [1, 518, 906, 910, 271, 279, 281, 538, 926, 545, 931, 134, 755, 52, 967, 842, 338, 211, 356, 237, 111, 624, 499, 118, 889, 126]
i =  5 [512, 132, 133, 903, 648, 394, 267, 653, 401, 402, 789, 22, 23, 836, 26, 924, 261, 800, 802, 37, 806, 295, 298, 427, 306, 430, 432, 305, 178, 563, 159, 700, 829, 830, 637, 224, 963, 324, 709, 844, 970, 716, 269, 464, 467, 852, 927, 214, 207, 735, 96, 80, 482, 443, 485, 975, 743, 105, 878, 573, 244, 377, 378, 253, 998, 383]
i =  6 [609, 610, 771, 232, 586, 717, 46, 221, 976, 168, 345, 106, 729, 568, 153, 703, 509, 190, 95]
i =  7 [512, 253, 132, 133, 903, 648, 394, 267, 269, 401, 402, 789, 22, 836, 26, 924, 261, 800, 802, 806, 295, 298, 427, 306, 430, 432, 305, 178, 563, 443, 700, 573, 830, 64, 96, 963, 324, 709, 73, 970, 844, 974, 653, 80, 467, 852, 927, 214, 464, 207, 735, 224, 353, 482, 485, 998, 743, 716, 166, 878, 829, 244, 377, 378, 975, 637, 383]
i =  8 [2, 647, 11, 143, 788, 407, 668, 797, 804, 156, 429, 686, 693, 58, 65, 331, 465, 473, 102, 745, 495, 250]
i =  9 [512, 253, 132, 133, 903, 648, 394, 267, 653, 401, 402, 789, 22, 836, 26, 924, 261, 800, 802, 806, 295, 298, 427, 306, 430, 432, 305, 178, 563, 443, 700, 573, 830, 96, 963, 324, 709, 716, 970, 844, 269, 80, 467, 852, 927, 214, 207, 735, 224, 464, 482, 485, 975, 743, 878, 829, 244, 377, 378, 637, 998, 383]
i =  10 [265, 397, 405, 56, 539, 312, 162, 40, 425, 175, 695, 440, 575, 576, 835, 839, 335, 81, 83, 726, 233, 245, 758, 119, 319, 639]
i =  11 [384, 898, 131, 577, 556, 862, 779, 141, 398, 856, 661, 919, 280, 47, 28, 669, 158, 31, 416, 304, 163, 548, 296, 348, 938, 939, 428, 50, 559, 944, 945, 434, 436, 727, 566, 820, 314, 671, 189, 448, 449, 838, 71, 328, 339, 203, 332, 462, 719, 592, 977, 35, 654, 215, 344, 217, 602, 860, 606, 223, 867, 612, 613, 455, 747, 792, 27, 243, 888, 478, 894]
i =  12 [513, 307, 783, 144, 17, 147, 662, 25, 921, 412, 29, 798, 287, 801, 930, 932, 421, 557, 947, 188, 706, 710, 460, 588, 857, 730, 996, 352, 481, 740, 572, 753, 89, 632, 656]
i =  13 [257, 642, 537, 519, 520, 778, 523, 652, 909, 270, 527, 400, 145, 146, 916, 533, 151, 920, 665, 282, 795, 925, 30, 544, 293, 937, 810, 683, 940, 498, 942, 49, 690, 183, 184, 313, 786, 955, 769, 704, 630, 966, 456, 396, 843, 79, 593, 597, 470, 600, 350, 737, 500, 379, 558, 618, 109, 775, 626, 627, 884, 757, 374, 213, 761, 891, 765, 254, 149]
i =  14 [129, 900, 263, 139, 759, 531, 542, 561, 424, 684, 813, 943, 688, 433, 952, 959, 67, 375, 591, 981, 87, 601, 346, 847, 766, 870, 39, 364, 496, 579, 403, 117, 887, 249, 636, 510]
i =  15 [384, 898, 131, 577, 172, 779, 141, 398, 856, 661, 919, 280, 47, 28, 669, 158, 671, 416, 944, 163, 548, 296, 348, 938, 71, 428, 434, 559, 304, 945, 50, 436, 606, 566, 820, 314, 189, 215, 556, 448, 449, 838, 455, 328, 339, 203, 332, 462, 719, 592, 977, 35, 654, 727, 344, 217, 602, 860, 862, 223, 867, 612, 613, 747, 792, 243, 888, 478, 894]
i =  16 [641, 260, 6, 136, 650, 780, 142, 276, 793, 410, 82, 933, 167, 435, 308, 54, 823, 57, 315, 956, 61, 390, 74, 845, 210, 483, 984, 677, 97, 611, 165, 487, 360, 489, 874, 594, 242, 764]
i =  17 [389, 422, 776, 393, 140, 781, 14, 911, 404, 917, 534, 535, 667, 415, 289, 292, 550, 777, 370, 562, 438, 649, 953, 60, 446, 406, 321, 834, 964, 965, 457, 75, 973, 78, 209, 598, 220, 734, 863, 993, 995, 357, 871, 872, 105, 234, 107, 876, 238, 880, 882, 372, 361, 504, 55, 382]
i =  18 [129, 900, 263, 139, 759, 579, 542, 561, 424, 684, 813, 943, 688, 433, 952, 959, 67, 971, 591, 531, 981, 87, 601, 346, 847, 887, 766, 870, 617, 39, 364, 496, 403, 117, 375, 249, 636, 510]
i =  19 [258, 3, 4, 392, 578, 782, 45, 784, 915, 622, 409, 155, 928, 929, 290, 294, 936, 41, 554, 555, 685, 815, 883, 441, 187, 957, 831, 833, 66, 451, 580, 199, 461, 720, 979, 854, 732, 605, 673, 621, 865, 327, 355, 873, 362, 875, 236, 877, 110, 240, 754, 115, 247, 121, 477, 490, 127]
i =  20 [640, 385, 899, 901, 8, 524, 912, 275, 790, 791, 363, 157, 161, 418, 419, 552, 169, 941, 817, 946, 51, 692, 948, 318, 447, 705, 581, 454, 584, 850, 723, 853, 982, 569, 992, 16, 615, 359, 748, 749, 879, 368, 369, 235, 381, 264]
i =  21 [384, 898, 131, 577, 428, 779, 141, 398, 344, 661, 919, 280, 47, 28, 669, 158, 671, 416, 944, 163, 548, 296, 348, 938, 71, 172, 50, 559, 304, 945, 434, 243, 436, 862, 566, 820, 314, 189, 215, 556, 448, 449, 838, 455, 328, 203, 332, 462, 719, 592, 977, 35, 654, 727, 856, 217, 602, 860, 606, 223, 867, 612, 613, 747, 792, 339, 888, 478, 894]
i =  22 [772, 918, 391, 905, 12, 15, 657, 658, 19, 278, 152, 98, 546, 549, 678, 44, 173, 174, 431, 565, 991, 445, 196, 198, 583, 968, 585, 202, 866, 466, 724, 725, 859, 476, 351, 994, 59, 212, 596, 340]
i =  23 [389, 776, 649, 140, 781, 14, 911, 404, 917, 534, 535, 708, 667, 415, 289, 292, 550, 777, 370, 562, 438, 393, 953, 60, 446, 406, 321, 834, 964, 457, 75, 973, 78, 209, 598, 220, 734, 863, 993, 995, 422, 357, 872, 361, 234, 871, 876, 238, 880, 882, 372, 105, 504, 55, 382]
i =  24 [770, 773, 7, 9, 522, 395, 908, 13, 399, 154, 283, 284, 670, 803, 166, 807, 553, 171, 48, 177, 819, 181, 329, 697, 698, 63, 309, 70, 712, 201, 923, 86, 983, 987, 92, 186, 471, 608, 246, 739, 616, 619, 809, 366, 112, 114, 268, 631, 506, 123, 893]
i =  25 [384, 898, 131, 449, 862, 779, 141, 398, 856, 661, 919, 280, 559, 27, 28, 669, 158, 671, 416, 304, 163, 548, 35, 296, 860, 938, 71, 428, 434, 47, 944, 945, 50, 820, 727, 566, 311, 436, 314, 189, 448, 577, 838, 455, 328, 203, 332, 462, 719, 592, 977, 339, 654, 215, 344, 36, 602, 348, 606, 223, 867, 612, 613, 747, 792, 243, 888, 478, 217, 894]
i =  26 [768, 128, 259, 902, 137, 343, 526, 655, 913, 18, 707, 148, 691, 239, 325, 288, 816, 197, 676, 511, 241, 42, 811, 687, 176, 818, 179, 564, 822, 521, 756, 501, 191, 320, 160, 323, 68, 69, 711, 969, 567, 837, 333, 334, 849, 84, 846, 599, 88, 217, 733, 20, 864, 587, 32, 869, 104, 491, 620, 365, 532, 751, 752, 113, 204, 885, 503, 760, 505, 763, 206, 469]
i =  27 [128, 768, 259, 179, 902, 521, 599, 526, 655, 913, 18, 148, 239, 325, 32, 176, 197, 676, 113, 42, 811, 760, 687, 816, 818, 691, 564, 822, 137, 756, 571, 191, 320, 160, 707, 68, 69, 620, 711, 969, 567, 837, 333, 334, 288, 849, 511, 846, 343, 88, 217, 733, 20, 864, 587, 869, 104, 491, 108, 365, 532, 751, 752, 241, 204, 885, 503, 501, 505, 763, 206, 469]
i =  28 [256, 130, 643, 645, 10, 651, 529, 21, 150, 408, 794, 285, 414, 543, 674, 547, 164, 935, 808, 426, 43, 302, 303, 310, 951, 185, 954, 828, 480, 322, 182, 825, 463, 336, 978, 468, 85, 855, 420, 986, 219, 607, 736, 227, 229, 1000, 746, 492, 623, 881, 248, 633, 890, 255, 895]
i =  29 [258, 3, 4, 392, 578, 782, 45, 784, 915, 622, 409, 928, 929, 290, 294, 936, 41, 554, 555, 685, 815, 883, 441, 187, 831, 833, 66, 451, 580, 327, 461, 720, 979, 854, 121, 732, 605, 199, 865, 355, 877, 873, 362, 875, 621, 110, 240, 754, 115, 247, 673, 477, 490, 127]
i =  30 [770, 773, 7, 9, 522, 395, 908, 13, 154, 283, 284, 670, 803, 166, 807, 809, 171, 48, 177, 819, 181, 329, 696, 697, 186, 63, 309, 70, 712, 201, 923, 122, 86, 983, 985, 987, 92, 698, 471, 608, 246, 739, 553, 616, 619, 366, 112, 268, 631, 506, 123, 893]
i =  31 [640, 385, 899, 901, 8, 524, 912, 275, 790, 791, 363, 157, 161, 418, 419, 552, 169, 941, 817, 946, 51, 692, 948, 318, 447, 705, 581, 454, 584, 850, 723, 853, 982, 569, 990, 992, 16, 615, 359, 748, 749, 879, 368, 369, 235, 381, 264]
i =  32 [897, 388, 230, 904, 486, 273, 272, 785, 530, 24, 516, 666, 796, 541, 286, 675, 679, 682, 299, 413, 91, 51, 180, 442, 444, 714, 574, 960, 715, 452, 840, 330, 459, 972, 590, 722, 216, 218, 347, 826, 738, 99, 741, 614, 231, 488, 664, 999, 274, 750, 367, 570, 625, 373, 120, 635, 125]
i =  33 [389, 776, 649, 140, 781, 14, 911, 404, 917, 534, 535, 708, 667, 415, 289, 292, 550, 777, 882, 562, 871, 438, 393, 953, 446, 406, 321, 834, 964, 457, 75, 973, 78, 209, 598, 220, 734, 863, 993, 995, 422, 357, 872, 105, 234, 107, 876, 238, 880, 370, 372, 361, 504, 55, 382]
i =  34 [256, 130, 643, 645, 10, 651, 529, 21, 150, 408, 794, 285, 414, 543, 674, 547, 164, 935, 808, 426, 43, 302, 303, 310, 951, 185, 954, 828, 480, 322, 182, 825, 463, 336, 978, 468, 85, 855, 420, 986, 219, 607, 736, 227, 229, 1000, 746, 492, 623, 881, 248, 633, 890, 895, 255]
i =  35 [770, 773, 7, 9, 522, 395, 908, 13, 154, 283, 284, 670, 923, 166, 807, 553, 171, 48, 177, 819, 309, 697, 698, 63, 70, 712, 329, 268, 803, 86, 983, 987, 92, 186, 471, 608, 739, 616, 619, 809, 366, 246, 631, 506, 123, 893]
i =  36 [256, 130, 643, 645, 10, 651, 529, 21, 150, 408, 794, 285, 414, 543, 674, 547, 420, 935, 808, 426, 43, 302, 310, 951, 185, 954, 828, 736, 322, 182, 825, 463, 336, 978, 468, 85, 855, 164, 986, 219, 607, 480, 227, 229, 1000, 746, 492, 623, 881, 248, 633, 890, 895, 255]
i =  37 [512, 253, 132, 133, 903, 648, 394, 267, 653, 401, 402, 789, 22, 836, 26, 924, 261, 800, 802, 806, 295, 298, 427, 306, 430, 432, 305, 178, 563, 159, 700, 829, 830, 96, 963, 324, 709, 844, 970, 716, 269, 464, 467, 852, 927, 214, 207, 735, 224, 80, 482, 443, 485, 975, 743, 878, 573, 244, 377, 378, 637, 998, 383]
i =  38 [258, 3, 4, 392, 66, 782, 685, 784, 915, 110, 409, 928, 929, 290, 294, 936, 41, 554, 555, 45, 815, 883, 441, 187, 831, 833, 578, 451, 580, 327, 461, 720, 979, 854, 121, 732, 605, 199, 865, 355, 877, 873, 362, 875, 621, 622, 240, 754, 115, 247, 673, 477, 490, 127]
i =  39 [512, 253, 132, 133, 903, 648, 394, 267, 269, 401, 402, 789, 22, 836, 26, 924, 261, 800, 802, 806, 295, 298, 427, 306, 430, 432, 305, 178, 563, 159, 700, 829, 830, 224, 963, 324, 709, 716, 970, 844, 653, 80, 467, 852, 927, 214, 207, 735, 96, 464, 482, 443, 485, 975, 743, 878, 573, 244, 377, 378, 637, 998, 383]
i =  40 [897, 388, 262, 904, 614, 272, 273, 274, 664, 516, 666, 796, 541, 286, 230, 34, 675, 679, 682, 299, 413, 347, 180, 826, 444, 330, 574, 960, 785, 459, 452, 840, 714, 715, 972, 590, 120, 722, 24, 216, 218, 91, 442, 222, 738, 99, 741, 486, 999, 488, 231, 530, 750, 367, 570, 625, 373, 376, 635, 125]
i =  41 [389, 776, 393, 140, 781, 14, 911, 404, 917, 534, 535, 708, 667, 415, 289, 292, 504, 550, 777, 882, 562, 438, 649, 953, 60, 446, 406, 321, 834, 964, 457, 75, 973, 78, 209, 598, 220, 734, 863, 993, 995, 422, 357, 872, 105, 234, 871, 876, 238, 880, 370, 372, 361, 376, 55, 382]
i =  42 [640, 385, 235, 901, 8, 524, 912, 275, 790, 791, 157, 161, 418, 419, 552, 169, 615, 941, 817, 946, 51, 692, 569, 948, 318, 447, 705, 581, 454, 584, 850, 723, 853, 982, 992, 16, 359, 363, 748, 749, 879, 368, 369, 899, 381, 264]
i =  43 [772, 918, 391, 905, 12, 15, 657, 658, 19, 278, 152, 994, 546, 549, 678, 44, 173, 174, 431, 565, 351, 445, 196, 198, 583, 968, 585, 202, 98, 466, 596, 725, 474, 859, 476, 991, 866, 59, 212, 724, 340, 980]
i =  44 [389, 776, 649, 140, 781, 14, 911, 404, 917, 534, 535, 708, 667, 415, 289, 292, 422, 777, 882, 562, 871, 438, 393, 953, 60, 446, 406, 321, 834, 964, 457, 75, 973, 78, 209, 598, 220, 734, 863, 993, 995, 550, 357, 872, 105, 234, 107, 876, 238, 880, 370, 372, 361, 504, 55, 382]
i =  45 [897, 635, 516, 262, 904, 614, 272, 785, 274, 24, 388, 666, 796, 541, 286, 231, 675, 679, 682, 299, 413, 91, 180, 570, 444, 330, 574, 960, 459, 452, 840, 714, 715, 972, 590, 722, 216, 218, 347, 442, 741, 738, 99, 230, 486, 273, 488, 664, 999, 530, 750, 367, 625, 373, 120, 826, 997, 125]
i =  46 [897, 388, 262, 904, 486, 272, 273, 530, 24, 516, 666, 796, 413, 286, 231, 675, 679, 682, 299, 541, 200, 180, 826, 444, 714, 574, 960, 961, 715, 452, 840, 330, 459, 972, 590, 722, 216, 218, 91, 442, 222, 741, 738, 99, 230, 614, 785, 488, 664, 999, 274, 750, 367, 570, 625, 373, 120, 635, 125]
i =  47 [257, 386, 537, 470, 519, 520, 533, 778, 523, 652, 909, 270, 527, 400, 145, 146, 916, 149, 254, 151, 920, 665, 282, 795, 925, 30, 544, 33, 937, 810, 683, 940, 626, 942, 49, 690, 949, 183, 184, 313, 955, 769, 109, 704, 884, 966, 456, 396, 843, 79, 593, 597, 642, 600, 350, 737, 571, 374, 379, 618, 786, 775, 498, 627, 500, 757, 630, 761, 558, 252, 765, 891, 213]
i =  48 [258, 3, 4, 65, 392, 66, 782, 685, 784, 915, 110, 409, 155, 928, 929, 290, 294, 936, 41, 554, 555, 45, 815, 115, 950, 441, 187, 831, 833, 578, 451, 580, 673, 461, 720, 979, 854, 732, 477, 199, 621, 865, 327, 355, 38, 873, 362, 875, 877, 622, 240, 754, 883, 247, 121, 490, 605, 127]
i =  49 [417, 291, 100, 634, 551, 540, 494, 239, 848, 337, 660, 317, 528, 116, 922, 316, 701, 380]
i =  50 [513, 783, 144, 17, 947, 147, 662, 89, 921, 412, 29, 798, 287, 801, 930, 932, 421, 557, 307, 188, 706, 710, 588, 460, 857, 730, 996, 352, 481, 740, 572, 753, 25, 632, 656, 892]
i =  51 [896, 772, 918, 391, 905, 12, 15, 657, 658, 19, 278, 152, 994, 546, 549, 678, 44, 173, 174, 431, 351, 565, 59, 445, 196, 198, 583, 968, 585, 202, 866, 466, 340, 725, 474, 859, 476, 991, 98, 596, 724, 212]
i =  52 [2, 647, 11, 143, 788, 407, 156, 797, 804, 668, 429, 686, 693, 58, 65, 331, 465, 473, 102, 745, 495, 886, 250]
i =  53 [128, 768, 259, 179, 902, 137, 469, 343, 526, 655, 913, 18, 20, 325, 32, 176, 197, 676, 113, 42, 811, 760, 687, 816, 818, 691, 564, 822, 521, 191, 320, 160, 707, 68, 69, 620, 711, 969, 567, 837, 333, 334, 288, 505, 849, 846, 599, 88, 204, 733, 864, 587, 868, 869, 104, 491, 108, 365, 532, 751, 752, 241, 756, 885, 503, 501, 148, 763, 206, 511]
i =  54 [640, 385, 899, 901, 264, 524, 912, 275, 790, 791, 157, 161, 418, 419, 552, 169, 941, 359, 817, 946, 51, 692, 948, 318, 447, 705, 581, 454, 584, 850, 723, 853, 982, 569, 861, 992, 16, 615, 363, 748, 749, 879, 368, 369, 235, 8, 381]
i =  55 [256, 130, 643, 645, 10, 651, 529, 21, 150, 408, 794, 285, 414, 543, 674, 547, 420, 935, 808, 426, 43, 302, 303, 310, 951, 824, 185, 954, 828, 480, 322, 182, 825, 463, 336, 978, 468, 85, 855, 164, 986, 219, 607, 736, 227, 229, 1000, 746, 492, 623, 881, 248, 633, 890, 255, 895]
i =  56 [772, 278, 391, 905, 12, 15, 657, 658, 19, 918, 152, 994, 546, 805, 678, 44, 173, 174, 431, 565, 991, 445, 196, 198, 583, 968, 585, 202, 98, 466, 340, 725, 859, 476, 351, 866, 59, 549, 596, 724, 212]
i =  57 [770, 773, 7, 9, 522, 395, 908, 13, 154, 283, 284, 670, 803, 166, 807, 553, 171, 48, 177, 819, 309, 696, 697, 186, 63, 181, 70, 712, 329, 631, 923, 268, 86, 983, 985, 987, 92, 698, 471, 608, 506, 739, 616, 762, 619, 366, 246, 809, 122, 123, 893]
i =  58 [384, 898, 131, 774, 449, 556, 779, 141, 398, 280, 661, 919, 792, 47, 28, 669, 158, 671, 416, 944, 35, 548, 296, 348, 938, 71, 172, 50, 559, 304, 945, 434, 820, 606, 566, 436, 314, 428, 189, 215, 448, 577, 450, 838, 455, 328, 339, 203, 332, 462, 719, 592, 977, 163, 654, 727, 856, 217, 602, 860, 862, 223, 344, 867, 612, 613, 194, 747, 243, 888, 478, 894]
i =  59 [384, 898, 131, 577, 779, 141, 398, 792, 661, 919, 280, 559, 28, 669, 158, 671, 416, 304, 163, 548, 296, 860, 938, 455, 428, 50, 47, 944, 945, 434, 436, 862, 566, 820, 314, 189, 215, 448, 449, 838, 71, 328, 339, 203, 332, 462, 719, 592, 977, 35, 654, 727, 344, 217, 602, 348, 606, 223, 867, 612, 613, 742, 747, 856, 243, 888, 478, 894]
i =  60 [897, 388, 262, 904, 272, 785, 530, 24, 516, 666, 796, 413, 286, 230, 675, 679, 682, 299, 541, 347, 180, 999, 442, 444, 330, 574, 960, 459, 452, 840, 714, 715, 972, 590, 722, 625, 216, 218, 91, 826, 222, 741, 738, 99, 614, 486, 273, 744, 664, 231, 274, 750, 367, 570, 488, 373, 120, 635, 125]
i =  61 [256, 130, 643, 645, 10, 651, 529, 21, 150, 408, 794, 285, 414, 543, 674, 547, 420, 935, 808, 426, 43, 302, 303, 310, 951, 185, 954, 828, 480, 322, 182, 713, 825, 463, 336, 978, 468, 85, 855, 164, 986, 219, 607, 736, 227, 229, 1000, 746, 492, 623, 881, 248, 633, 890, 255, 895]
i =  62 [129, 375, 900, 263, 139, 403, 542, 433, 424, 684, 813, 943, 688, 561, 952, 510, 959, 67, 887, 718, 847, 981, 87, 601, 346, 591, 870, 617, 39, 364, 496, 579, 531, 117, 759, 249, 636, 766]
i =  63 [772, 918, 391, 905, 12, 15, 657, 658, 19, 278, 152, 994, 546, 549, 678, 44, 173, 174, 431, 565, 991, 445, 193, 196, 198, 583, 968, 585, 202, 98, 721, 466, 596, 725, 474, 859, 476, 351, 866, 59, 212, 724, 340]
i =  64 [513, 783, 144, 17, 947, 147, 662, 25, 921, 412, 29, 798, 287, 801, 930, 932, 421, 557, 307, 188, 706, 710, 588, 460, 857, 730, 731, 996, 352, 481, 740, 572, 753, 89, 632, 656]
i =  65 [256, 130, 643, 645, 10, 651, 529, 21, 150, 408, 794, 855, 285, 414, 543, 674, 547, 420, 935, 808, 426, 43, 302, 303, 694, 951, 185, 954, 828, 736, 322, 182, 463, 336, 978, 468, 85, 825, 164, 986, 219, 607, 480, 227, 229, 1000, 746, 492, 623, 310, 881, 248, 633, 890, 255, 895]
i =  66 [389, 776, 393, 140, 781, 14, 911, 404, 917, 534, 667, 415, 672, 289, 292, 422, 777, 882, 562, 871, 438, 649, 953, 60, 446, 406, 321, 834, 964, 457, 75, 973, 78, 209, 598, 220, 734, 863, 993, 995, 550, 357, 872, 105, 234, 107, 876, 238, 880, 370, 361, 504, 55, 382]
i =  67 [128, 768, 259, 5, 902, 521, 599, 13, 526, 655, 885, 913, 18, 707, 20, 691, 26, 239, 325, 32, 176, 197, 676, 113, 681, 42, 811, 687, 816, 108, 818, 179, 436, 822, 137, 564, 191, 320, 160, 323, 68, 69, 711, 969, 567, 76, 333, 334, 288, 505, 849, 846, 469, 343, 88, 89, 204, 603, 733, 864, 587, 869, 104, 491, 620, 365, 532, 751, 752, 241, 206, 756, 501, 503, 760, 148, 763, 837, 511]
i =  68 [417, 291, 644, 100, 551, 316, 494, 701, 848, 337, 116, 528, 660, 634, 380, 317, 540]
i =  69 [258, 3, 4, 646, 135, 392, 66, 782, 45, 784, 915, 110, 409, 928, 929, 290, 294, 936, 41, 554, 555, 685, 815, 115, 441, 187, 831, 833, 578, 451, 580, 33, 461, 720, 979, 854, 121, 875, 732, 605, 199, 865, 226, 355, 877, 873, 490, 327, 236, 621, 622, 240, 754, 883, 247, 673, 477, 362, 127]
i =  70 [1, 134, 906, 910, 271, 659, 279, 281, 538, 926, 545, 931, 518, 755, 52, 842, 338, 211, 356, 237, 111, 624, 499, 118, 889, 126]
i =  71 [641, 260, 6, 136, 650, 780, 142, 276, 663, 793, 410, 165, 167, 435, 308, 54, 823, 57, 315, 61, 390, 74, 845, 594, 611, 984, 933, 97, 483, 487, 360, 489, 874, 82, 677, 242, 764]
i =  72 [769, 386, 537, 470, 519, 520, 778, 523, 652, 909, 270, 527, 400, 145, 786, 916, 149, 151, 920, 665, 282, 795, 925, 30, 544, 937, 810, 683, 940, 498, 942, 49, 690, 183, 184, 313, 955, 109, 629, 704, 630, 966, 456, 396, 843, 79, 593, 597, 642, 600, 257, 350, 737, 500, 891, 558, 618, 146, 775, 626, 627, 884, 757, 374, 213, 761, 379, 252, 765, 254, 533]
i =  73 [258, 3, 4, 392, 578, 782, 685, 784, 915, 622, 409, 155, 928, 929, 290, 294, 936, 41, 554, 555, 45, 815, 883, 441, 187, 957, 62, 831, 833, 66, 451, 580, 327, 461, 720, 979, 854, 121, 732, 605, 199, 621, 865, 355, 873, 362, 875, 236, 877, 110, 240, 754, 115, 247, 673, 477, 490, 638, 127]
i =  74 [609, 610, 771, 582, 168, 586, 717, 46, 221, 976, 232, 703, 345, 153, 568, 729, 509, 106, 190, 95]
i =  75 [640, 385, 899, 901, 8, 524, 912, 275, 790, 791, 363, 157, 161, 418, 419, 552, 169, 941, 817, 946, 51, 692, 569, 948, 318, 447, 705, 581, 454, 584, 589, 850, 723, 853, 982, 992, 16, 615, 359, 748, 749, 879, 368, 369, 235, 381, 264]
i =  76 [514, 5, 138, 907, 787, 90, 934, 680, 297, 300, 93, 689, 821, 699, 958, 962, 453, 72, 458, 76, 205, 595, 341, 728, 858, 475, 988, 989, 479, 604, 228, 358, 851]
i =  77 [512, 253, 130, 515, 132, 261, 903, 648, 394, 267, 653, 401, 402, 789, 22, 836, 26, 27, 924, 133, 800, 802, 806, 295, 298, 427, 178, 430, 432, 305, 306, 563, 443, 700, 266, 62, 96, 963, 324, 709, 844, 970, 716, 269, 80, 210, 467, 852, 927, 214, 207, 735, 224, 464, 482, 485, 975, 743, 878, 829, 244, 830, 377, 378, 573, 637, 998, 383]
i =  78 [512, 132, 133, 903, 648, 394, 267, 653, 401, 402, 789, 22, 324, 26, 924, 261, 800, 802, 37, 806, 295, 298, 427, 517, 178, 430, 432, 305, 306, 563, 443, 700, 573, 830, 637, 224, 963, 836, 709, 73, 970, 844, 269, 464, 467, 852, 927, 214, 207, 735, 96, 80, 482, 485, 998, 743, 716, 878, 829, 244, 629, 377, 378, 975, 253, 383]
i =  79 [513, 783, 144, 17, 147, 662, 89, 536, 921, 412, 947, 798, 287, 801, 930, 932, 421, 557, 29, 307, 188, 706, 710, 460, 588, 857, 730, 996, 352, 481, 740, 572, 753, 25, 632, 656]
i =  80 [256, 130, 643, 645, 10, 651, 529, 21, 150, 408, 794, 855, 285, 414, 543, 674, 547, 164, 935, 808, 426, 43, 302, 303, 560, 310, 951, 185, 954, 828, 736, 322, 182, 201, 463, 336, 978, 468, 85, 825, 420, 986, 219, 607, 480, 227, 229, 1000, 746, 492, 623, 881, 248, 633, 890, 255, 895]
i =  81 [384, 898, 131, 577, 172, 862, 779, 141, 398, 856, 661, 919, 280, 47, 28, 669, 158, 671, 416, 304, 163, 548, 296, 348, 938, 71, 428, 50, 559, 944, 945, 434, 436, 727, 566, 820, 314, 189, 556, 448, 449, 194, 838, 455, 328, 339, 203, 332, 462, 719, 592, 977, 35, 980, 654, 215, 472, 217, 602, 860, 606, 223, 344, 867, 612, 613, 747, 792, 243, 888, 478, 894]
i =  82 [769, 386, 537, 775, 520, 558, 778, 523, 396, 909, 270, 527, 400, 145, 146, 916, 149, 151, 920, 665, 282, 795, 925, 30, 544, 937, 810, 683, 940, 626, 942, 49, 690, 183, 184, 313, 955, 109, 704, 630, 966, 456, 652, 843, 79, 593, 597, 470, 600, 257, 350, 737, 500, 891, 484, 533, 519, 618, 786, 498, 627, 884, 757, 374, 761, 379, 252, 765, 254, 213]
i =  83 [258, 3, 4, 392, 66, 782, 685, 784, 915, 622, 409, 928, 929, 290, 294, 936, 41, 554, 555, 45, 815, 115, 441, 187, 831, 833, 578, 451, 580, 673, 461, 720, 979, 854, 732, 605, 199, 621, 865, 327, 355, 877, 873, 362, 875, 493, 110, 240, 754, 883, 247, 121, 477, 490, 127]
i =  84 [389, 776, 393, 140, 781, 14, 911, 404, 917, 534, 667, 415, 289, 292, 550, 649, 777, 370, 562, 438, 55, 953, 60, 446, 406, 321, 834, 964, 457, 75, 973, 78, 209, 598, 220, 734, 863, 993, 995, 422, 357, 872, 105, 234, 871, 876, 238, 880, 882, 502, 361, 504, 382]
i =  85 [1, 134, 906, 910, 271, 279, 281, 538, 926, 545, 931, 518, 499, 52, 842, 338, 211, 356, 237, 111, 624, 755, 118, 889, 508, 126]
i =  86 [107, 389, 776, 393, 140, 781, 14, 911, 404, 917, 534, 535, 708, 922, 667, 415, 289, 292, 550, 777, 370, 562, 438, 649, 953, 446, 406, 321, 834, 75, 964, 457, 439, 973, 78, 209, 598, 220, 734, 863, 993, 995, 422, 357, 872, 105, 234, 871, 876, 238, 880, 882, 372, 361, 504, 55, 382]
i =  87 [387, 138, 907, 787, 90, 934, 680, 297, 300, 93, 689, 821, 699, 958, 962, 453, 72, 458, 76, 205, 595, 341, 728, 858, 475, 988, 989, 479, 604, 228, 101, 358, 851]
i =  88 [772, 278, 391, 905, 12, 301, 657, 658, 19, 918, 152, 994, 546, 549, 678, 44, 173, 174, 431, 351, 565, 59, 445, 196, 198, 583, 968, 585, 202, 98, 466, 596, 725, 474, 859, 476, 991, 866, 212, 15, 724, 340]
i =  89 [417, 291, 100, 701, 551, 316, 494, 528, 848, 337, 660, 342, 116, 634, 540, 317, 380]
i =  90 [129, 900, 263, 139, 403, 542, 433, 424, 684, 813, 943, 688, 561, 952, 959, 579, 375, 591, 208, 981, 87, 601, 346, 847, 887, 766, 67, 870, 617, 39, 364, 496, 114, 531, 117, 759, 249, 636, 510]
i =  91 [897, 388, 262, 904, 486, 142, 272, 785, 274, 24, 516, 666, 796, 413, 286, 231, 675, 679, 682, 299, 541, 91, 180, 826, 444, 714, 574, 960, 715, 452, 225, 840, 330, 459, 972, 590, 120, 722, 214, 216, 218, 347, 442, 222, 741, 97, 738, 99, 230, 614, 273, 488, 664, 999, 530, 750, 367, 570, 625, 373, 376, 635, 125]
i =  92 [257, 386, 519, 520, 778, 523, 396, 909, 270, 527, 400, 145, 146, 916, 533, 254, 151, 920, 537, 282, 795, 925, 30, 544, 665, 810, 683, 940, 500, 942, 49, 690, 183, 184, 313, 786, 955, 769, 757, 704, 884, 966, 456, 652, 843, 79, 593, 213, 597, 470, 600, 985, 350, 737, 379, 374, 558, 618, 109, 775, 498, 627, 696, 626, 630, 937, 761, 251, 252, 765, 891, 149]
i =  93 [417, 291, 100, 551, 316, 317, 528, 494, 239, 848, 337, 116, 53, 342, 660, 634, 540, 701, 380]
finish get all communities
complete deal_communities
commplete get_all_nature_community
----------------------------------The detection result is: 

all communities: 
i =  1 : [77, 94, 103, 124, 170, 192, 195, 277, 326, 349, 354, 371, 411, 423, 437, 497, 507, 525, 702, 767, 799, 812, 814, 827, 832, 841, 914]
i =  2 : [40, 56, 81, 83, 119, 162, 175, 233, 245, 265, 312, 319, 335, 397, 405, 425, 440, 539, 575, 576, 639, 695, 726, 758, 835, 839]
i =  3 : [2, 11, 58, 65, 102, 143, 156, 250, 331, 407, 429, 465, 473, 495, 647, 668, 686, 693, 745, 788, 797, 804, 886]
i =  4 : [46, 95, 106, 153, 168, 190, 221, 232, 345, 509, 568, 582, 586, 609, 610, 703, 717, 729, 771, 976]
i =  5 : [6, 54, 57, 61, 74, 82, 97, 136, 142, 165, 167, 210, 242, 260, 276, 308, 315, 360, 390, 410, 435, 483, 487, 489, 594, 611, 641, 650, 663, 677, 764, 780, 793, 823, 845, 874, 933, 956, 984]
i =  6 : [5, 72, 76, 90, 93, 101, 138, 205, 228, 297, 300, 341, 358, 387, 453, 458, 475, 479, 514, 595, 604, 680, 689, 699, 728, 787, 821, 851, 858, 907, 934, 958, 962, 988, 989]
i =  7 : [1, 52, 111, 118, 126, 134, 211, 237, 271, 279, 281, 338, 356, 499, 508, 518, 538, 545, 624, 659, 755, 842, 889, 906, 910, 926, 931, 967]
i =  8 : [39, 67, 87, 114, 117, 129, 139, 208, 249, 263, 346, 364, 375, 403, 424, 433, 496, 510, 531, 542, 561, 579, 591, 601, 617, 636, 684, 688, 718, 759, 766, 813, 847, 870, 887, 900, 943, 952, 959, 971, 981]
i =  9 : [7, 9, 13, 48, 63, 70, 86, 92, 112, 114, 122, 123, 154, 166, 171, 177, 181, 186, 201, 246, 268, 283, 284, 309, 329, 366, 395, 399, 471, 506, 522, 553, 608, 616, 619, 631, 670, 696, 697, 698, 712, 739, 762, 770, 773, 803, 807, 809, 819, 893, 908, 923, 983, 985, 987]
i =  10 : [8, 16, 51, 157, 161, 169, 235, 264, 275, 318, 359, 363, 368, 369, 381, 385, 418, 419, 447, 454, 524, 552, 569, 581, 584, 589, 615, 640, 692, 705, 723, 748, 749, 790, 791, 817, 850, 853, 861, 879, 899, 901, 912, 941, 946, 948, 982, 990, 992]
i =  11 : [53, 100, 116, 239, 291, 316, 317, 337, 342, 380, 417, 494, 528, 540, 551, 634, 644, 660, 701, 848, 922]
i =  12 : [17, 25, 29, 89, 144, 147, 188, 287, 307, 352, 412, 421, 460, 481, 513, 536, 557, 572, 588, 632, 656, 662, 706, 710, 730, 731, 740, 753, 783, 798, 801, 857, 892, 921, 930, 932, 947, 996]
i =  13 : [22, 23, 26, 27, 37, 62, 64, 73, 80, 96, 105, 130, 132, 133, 159, 166, 178, 207, 210, 214, 224, 244, 253, 261, 266, 267, 269, 295, 298, 305, 306, 324, 353, 377, 378, 383, 394, 401, 402, 427, 430, 432, 443, 464, 467, 482, 485, 512, 515, 517, 563, 573, 629, 637, 648, 653, 700, 709, 716, 735, 743, 789, 800, 802, 806, 829, 830, 836, 844, 852, 878, 903, 924, 927, 963, 970, 974, 975, 998]
i =  14 : [5, 13, 18, 20, 26, 32, 42, 68, 69, 76, 84, 88, 89, 104, 108, 113, 128, 137, 148, 160, 176, 179, 191, 197, 204, 206, 217, 239, 241, 259, 288, 320, 323, 325, 333, 334, 343, 365, 436, 469, 491, 501, 503, 505, 511, 521, 526, 532, 564, 567, 571, 587, 599, 603, 620, 655, 676, 681, 687, 691, 707, 711, 733, 751, 752, 756, 760, 763, 768, 811, 816, 818, 822, 837, 846, 849, 864, 868, 869, 885, 902, 913, 969]
i =  15 : [3, 4, 33, 38, 41, 45, 62, 65, 66, 110, 115, 121, 127, 135, 155, 187, 199, 226, 236, 240, 247, 258, 290, 294, 327, 355, 362, 392, 409, 441, 451, 461, 477, 490, 493, 554, 555, 578, 580, 605, 621, 622, 638, 646, 673, 685, 720, 732, 754, 782, 784, 815, 831, 833, 854, 865, 873, 875, 877, 883, 915, 928, 929, 936, 950, 957, 979]
i =  16 : [10, 21, 43, 85, 130, 150, 164, 182, 185, 201, 219, 227, 229, 248, 255, 256, 285, 302, 303, 310, 322, 336, 408, 414, 420, 426, 463, 468, 480, 492, 529, 543, 547, 560, 607, 623, 633, 643, 645, 651, 674, 694, 713, 736, 746, 794, 808, 824, 825, 828, 855, 881, 890, 895, 935, 951, 954, 978, 986, 1000]
i =  17 : [14, 55, 60, 75, 78, 105, 107, 140, 209, 220, 234, 238, 289, 292, 321, 357, 361, 370, 372, 376, 382, 389, 393, 404, 406, 415, 422, 438, 439, 446, 457, 502, 504, 534, 535, 550, 562, 598, 628, 649, 667, 672, 708, 734, 776, 777, 781, 834, 863, 871, 872, 876, 880, 882, 911, 917, 922, 953, 964, 965, 973, 993, 995]
i =  18 : [27, 28, 31, 35, 36, 47, 50, 71, 131, 141, 158, 163, 172, 189, 194, 203, 215, 217, 223, 243, 280, 296, 304, 311, 314, 328, 332, 339, 344, 348, 384, 398, 416, 428, 434, 436, 448, 449, 450, 455, 462, 472, 478, 548, 556, 559, 566, 577, 592, 602, 606, 612, 613, 654, 661, 669, 671, 719, 727, 742, 747, 774, 779, 792, 820, 838, 856, 860, 862, 867, 888, 894, 898, 919, 938, 939, 944, 945, 977, 980]
i =  19 : [30, 33, 49, 79, 109, 145, 146, 149, 151, 183, 184, 213, 251, 252, 254, 257, 270, 282, 293, 313, 350, 374, 379, 386, 396, 400, 456, 470, 484, 498, 500, 519, 520, 523, 527, 533, 537, 544, 558, 571, 593, 597, 600, 618, 626, 627, 629, 630, 642, 652, 665, 683, 690, 696, 704, 737, 757, 761, 765, 769, 775, 778, 786, 795, 810, 843, 884, 891, 909, 916, 920, 925, 937, 940, 942, 949, 955, 966, 985]
i =  20 : [12, 15, 19, 44, 59, 98, 152, 173, 174, 193, 196, 198, 202, 212, 278, 301, 340, 351, 391, 431, 445, 466, 474, 476, 546, 549, 565, 583, 585, 596, 657, 658, 678, 721, 724, 725, 772, 805, 859, 866, 896, 905, 918, 968, 980, 991, 994]
i =  21 : [24, 34, 51, 91, 97, 99, 120, 125, 142, 180, 200, 214, 216, 218, 222, 225, 230, 231, 262, 272, 273, 274, 286, 299, 330, 347, 367, 373, 376, 388, 413, 442, 444, 452, 459, 486, 488, 516, 530, 541, 570, 574, 590, 614, 625, 635, 664, 666, 675, 679, 682, 714, 715, 722, 738, 741, 744, 750, 785, 796, 826, 840, 897, 904, 960, 961, 972, 997, 999]
overlapping nodes are:  [5, 13, 26, 27, 33, 51, 62, 65, 76, 89, 97, 105, 114, 130, 142, 166, 201, 210, 214, 217, 239, 376, 436, 571, 629, 696, 922, 980, 985] 
 NOO is:  29
total time is:  720.013051987
