lens of ground_truth:  23
ground_truth is: [[26, 44, 67, 99, 109, 111, 112, 115, 122, 137, 138, 147, 160, 182, 206, 225, 237, 272, 283, 335, 344, 361, 369, 370, 374, 380, 401, 413, 426, 432, 433, 446, 464, 470, 479, 480, 506, 550, 557, 568, 570, 583, 593, 596, 600, 607, 638, 647, 668, 717, 719, 728, 747, 758, 763, 814, 832, 851, 859, 938, 969, 974, 976, 977, 981, 997], [25, 47, 70, 94, 102, 117, 131, 134, 143, 152, 177, 178, 188, 189, 209, 241, 270, 271, 273, 279, 297, 304, 334, 353, 360, 363, 377, 378, 380, 386, 397, 400, 440, 457, 463, 469, 478, 492, 494, 498, 499, 513, 518, 526, 562, 563, 565, 575, 592, 616, 623, 626, 632, 650, 652, 657, 687, 692, 694, 700, 704, 709, 721, 726, 739, 745, 766, 771, 778, 783, 788, 789, 799, 806, 842, 844, 859, 882, 884, 940, 951, 964, 966, 968, 970, 978, 987, 991, 992], [7, 82, 141, 149, 164, 213, 223, 233, 248, 333, 347, 391, 392, 395, 406, 411, 456, 493, 572, 589, 626, 635, 679, 685, 740, 780, 795, 804, 813, 821, 825, 847, 869, 885, 932], [35, 37, 60, 92, 96, 97, 128, 169, 170, 181, 184, 190, 221, 226, 269, 281, 290, 318, 343, 366, 390, 405, 436, 461, 466, 471, 477, 484, 540, 581, 641, 677, 700, 707, 777, 800, 860, 874, 876, 887, 914, 969, 997], [32, 36, 66, 150, 280, 282, 289, 381, 435, 496, 518, 537, 548, 569, 590, 654, 675, 676, 731, 748, 757, 838, 854, 857, 862, 864, 877, 897, 910, 929], [21, 34, 39, 48, 60, 65, 99, 126, 163, 167, 187, 193, 200, 204, 212, 251, 299, 311, 317, 324, 330, 370, 387, 398, 399, 420, 426, 429, 437, 458, 472, 515, 521, 539, 545, 547, 595, 612, 615, 628, 630, 633, 681, 684, 708, 710, 728, 730, 740, 743, 762, 768, 776, 789, 799, 802, 819, 820, 833, 843, 850, 866, 879, 891, 900, 912, 920, 930, 931, 937, 948, 963, 970, 979, 995, 999], [1, 11, 29, 84, 114, 156, 172, 208, 234, 269, 286, 313, 332, 353, 371, 409, 442, 455, 467, 481, 488, 511, 542, 579, 603, 625, 660, 693, 737, 812, 835, 841, 896, 901, 941], [8, 16, 18, 76, 78, 81, 98, 120, 139, 155, 168, 215, 298, 307, 316, 331, 376, 384, 412, 468, 501, 512, 517, 537, 555, 608, 692, 695, 742, 753, 905, 911, 918, 947, 984], [6, 10, 22, 28, 30, 34, 43, 71, 83, 91, 95, 121, 127, 146, 148, 154, 169, 173, 186, 195, 206, 212, 247, 262, 272, 274, 320, 339, 354, 356, 359, 369, 373, 382, 404, 416, 420, 423, 428, 454, 459, 460, 471, 472, 475, 476, 477, 481, 505, 524, 552, 556, 561, 574, 575, 582, 598, 609, 620, 642, 644, 662, 671, 686, 688, 690, 701, 703, 715, 716, 718, 723, 734, 761, 782, 790, 796, 801, 808, 871, 872, 875, 904, 908, 919, 923, 949, 954, 965, 971, 975, 985, 987, 988, 994], [19, 30, 53, 88, 165, 192, 199, 216, 275, 293, 295, 310, 345, 352, 406, 408, 443, 500, 502, 503, 583, 599, 648, 673, 712, 714, 741, 798, 803, 817, 868, 895, 898, 915, 919, 931, 998], [17, 48, 57, 58, 153, 173, 180, 205, 217, 263, 267, 322, 341, 359, 417, 421, 430, 490, 497, 516, 517, 532, 559, 567, 584, 587, 597, 631, 659, 665, 680, 681, 697, 750, 774, 807, 909, 942, 958, 990], [5, 8, 9, 10, 12, 27, 42, 45, 55, 87, 100, 108, 110, 120, 126, 144, 170, 245, 260, 271, 288, 300, 303, 311, 323, 358, 360, 361, 377, 379, 394, 403, 422, 435, 450, 451, 462, 482, 487, 495, 502, 524, 528, 536, 547, 551, 553, 573, 601, 611, 628, 639, 646, 658, 661, 688, 691, 710, 714, 724, 749, 752, 769, 773, 775, 794, 826, 829, 831, 845, 848, 850, 855, 862, 870, 883, 887, 903, 913, 917, 921, 935, 948, 950, 953, 955], [2, 14, 50, 52, 62, 68, 74, 75, 93, 132, 151, 160, 176, 183, 185, 201, 222, 224, 232, 243, 246, 268, 276, 277, 291, 315, 354, 375, 385, 469, 535, 576, 591, 601, 614, 618, 651, 657, 698, 699, 848, 865, 906, 928, 959, 989], [4, 51, 86, 104, 125, 133, 159, 214, 240, 244, 312, 321, 327, 333, 453, 489, 507, 513, 534, 543, 566, 578, 598, 716, 792, 797, 839, 840, 863, 865, 873], [24, 33, 38, 40, 47, 61, 72, 80, 81, 83, 85, 89, 135, 162, 228, 231, 249, 254, 256, 264, 265, 266, 292, 329, 356, 362, 364, 367, 371, 392, 407, 410, 449, 473, 476, 491, 498, 527, 529, 530, 531, 542, 544, 554, 557, 585, 594, 596, 602, 604, 606, 624, 646, 663, 669, 670, 678, 683, 706, 720, 729, 733, 738, 746, 761, 764, 770, 772, 773, 779, 791, 793, 798, 810, 823, 824, 827, 843, 867, 890, 894, 910, 913, 916, 937, 939, 957, 973, 980], [87, 103, 129, 218, 285, 286, 296, 328, 349, 388, 445, 447, 454, 486, 504, 519, 619, 627, 656, 713, 755, 765, 842, 872, 888, 902, 927], [26, 45, 49, 55, 69, 77, 101, 106, 107, 118, 179, 191, 204, 229, 235, 245, 252, 258, 259, 270, 284, 326, 331, 351, 355, 365, 391, 396, 418, 431, 449, 464, 465, 483, 520, 522, 526, 535, 567, 610, 621, 633, 643, 709, 749, 751, 760, 781, 786, 805, 818, 849, 853, 861, 868, 882, 924, 933, 943, 991], [5, 20, 90, 91, 105, 113, 136, 171, 194, 197, 203, 211, 224, 230, 238, 257, 319, 325, 336, 389, 414, 418, 424, 434, 439, 485, 525, 546, 568, 580, 586, 594, 605, 629, 636, 645, 653, 654, 672, 682, 701, 705, 747, 759, 809, 833, 846, 880, 892, 899, 907, 924, 933, 936, 941, 962, 967, 972, 973, 996, 998, 1000], [27, 54, 124, 157, 175, 219, 227, 240, 242, 253, 255, 288, 314, 342, 350, 352, 372, 419, 459, 549, 622, 637, 746, 756, 764, 828, 846, 889, 926, 946, 956, 983, 992], [174, 196, 202, 210, 308, 340, 346, 373, 383, 402, 415, 523, 577, 588, 666, 674, 696, 702, 816, 822, 829, 852, 886, 894, 899], [15, 56, 59, 79, 130, 134, 140, 236, 250, 261, 273, 287, 294, 309, 347, 362, 372, 427, 438, 444, 452, 461, 478, 483, 486, 499, 508, 514, 522, 533, 538, 541, 550, 558, 560, 561, 564, 613, 617, 629, 655, 664, 667, 669, 686, 727, 736, 767, 784, 787, 828, 841, 874, 881, 925, 951, 961, 966, 982, 986, 993], [13, 23, 31, 41, 46, 64, 73, 110, 119, 142, 143, 145, 152, 158, 164, 166, 171, 178, 180, 193, 198, 220, 230, 235, 253, 278, 301, 305, 337, 338, 340, 348, 357, 368, 393, 396, 410, 423, 425, 441, 448, 460, 509, 554, 640, 649, 652, 653, 711, 725, 732, 735, 754, 780, 785, 811, 815, 830, 834, 836, 856, 858, 878, 880, 892, 893, 914, 916, 922, 934, 944, 945, 952, 960, 968, 995], [3, 42, 63, 116, 123, 138, 161, 207, 239, 302, 306, 394, 430, 450, 474, 510, 533, 571, 634, 689, 722, 744, 837]]
nodes: [692, 706, 763, 770, 772, 776, 778, 792, 821, 822, 848, 850, 851, 860, 865, 869, 879, 897, 904, 908, 913, 918, 927, 930, 933, 935, 939, 941, 943, 953, 956, 960, 966, 968, 971, 976, 986, 987, 988, 989, 990, 991, 995, 997, 998] num of nodes:  45
[[412, 911, 947, 692], [89, 706, 407], [137, 981, 763, 814, 758], [473, 770, 793, 527], [678, 772, 957, 823], [163, 612, 819, 776], [440, 978, 778, 940], [104, 839, 792, 863, 489, 453], [213, 847, 804, 932, 825, 821], [210, 822, 852, 886, 816, 523, 588], [651, 959, 848, 699], [819, 850, 843, 963], [237, 977, 600, 851], [290, 860, 777, 874, 876], [125, 873, 865, 797, 534, 839], [82, 813, 847, 825, 869, 589], [299, 900, 820, 912, 879], [280, 877, 897, 929, 854, 857, 731, 748], [339, 871, 904, 790], [28, 985, 908, 582], [527, 791, 957, 913], [18, 742, 905, 984, 947, 911, 918], [218, 902, 888, 927, 713, 656, 755], [762, 930, 920, 819, 979], [191, 933, 849, 252], [724, 935, 870, 752, 917], [779, 957, 937, 867, 939], [156, 941, 896, 901, 234], [258, 853, 943, 882], [300, 883, 953, 955], [419, 622, 946, 756, 889, 956, 637, 926, 983], [410, 934, 944, 960, 815], [309, 966, 881, 874], [13, 878, 952, 968], [186, 971, 954, 985, 949], [111, 977, 976, 938, 981], [56, 993, 961, 881, 986], [47, 987, 978, 940], [574, 954, 620, 988, 796], [132, 928, 989, 959, 699, 591], [584, 680, 990, 942, 774, 909, 631], [77, 760, 991, 431], [725, 834, 995, 944, 815], [997, 981, 977, 638, 433], [310, 898, 599, 998, 895]]
len of cliques:  45
length of seeds:  45
seeds:  [[419, 622, 946, 756, 889, 956, 637, 926, 983], [280, 877, 897, 929, 854, 857, 731, 748], [210, 822, 852, 886, 816, 523, 588], [18, 742, 905, 984, 947, 911, 918], [218, 902, 888, 927, 713, 656, 755], [584, 680, 990, 942, 774, 909, 631], [104, 839, 792, 863, 489, 453], [213, 847, 804, 932, 825, 821], [125, 873, 865, 797, 534, 839], [82, 813, 847, 825, 869, 589], [132, 928, 989, 959, 699, 591], [137, 981, 763, 814, 758], [290, 860, 777, 874, 876], [299, 900, 820, 912, 879], [762, 930, 920, 819, 979], [724, 935, 870, 752, 917], [779, 957, 937, 867, 939], [156, 941, 896, 901, 234], [410, 934, 944, 960, 815], [186, 971, 954, 985, 949], [111, 977, 976, 938, 981], [56, 993, 961, 881, 986], [574, 954, 620, 988, 796], [725, 834, 995, 944, 815], [997, 981, 977, 638, 433], [310, 898, 599, 998, 895], [412, 911, 947, 692], [473, 770, 793, 527], [678, 772, 957, 823], [163, 612, 819, 776], [440, 978, 778, 940], [651, 959, 848, 699], [819, 850, 843, 963], [237, 977, 600, 851], [339, 871, 904, 790], [28, 985, 908, 582], [527, 791, 957, 913], [191, 933, 849, 252], [258, 853, 943, 882], [300, 883, 953, 955], [309, 966, 881, 874], [13, 878, 952, 968], [47, 987, 978, 940], [77, 760, 991, 431], [89, 706, 407]]
seeds_fitness [0.18997361477572558, 0.16045845272206305, 0.1590909090909091, 0.1111111111111111, 0.15613382899628253, 0.10579345088161209, 0.125, 0.0949367088607595, 0.10416666666666667, 0.10309278350515463, 0.0872093023255814, 0.05934718100890208, 0.06802721088435375, 0.044642857142857144, 0.03824091778202677, 0.05249343832020997, 0.03773584905660377, 0.06514657980456026, 0.04728132387706856, 0.0364963503649635, 0.042105263157894736, 0.04246284501061571, 0.044543429844097995, 0.04106776180698152, 0.04032258064516129, 0.05333333333333334, 0.04411764705882353, 0.06060606060606061, 0.03183023872679045, 0.05357142857142857, 0.031007751937984496, 0.045112781954887216, 0.03305785123966942, 0.0379746835443038, 0.043795620437956206, 0.03508771929824561, 0.034482758620689655, 0.05042016806722689, 0.043795620437956206, 0.031578947368421054, 0.03680981595092025, 0.03208556149732621, 0.027906976744186046, 0.05581395348837209, 0.06521739130434782]
after sort list of tuple: [(0, 0.18997361477572558), (1, 0.16045845272206305), (2, 0.1590909090909091), (4, 0.15613382899628253), (6, 0.125), (3, 0.1111111111111111), (5, 0.10579345088161209), (8, 0.10416666666666667), (9, 0.10309278350515463), (7, 0.0949367088607595), (10, 0.0872093023255814), (12, 0.06802721088435375), (44, 0.06521739130434782), (17, 0.06514657980456026), (27, 0.06060606060606061), (11, 0.05934718100890208), (43, 0.05581395348837209), (29, 0.05357142857142857), (25, 0.05333333333333334), (15, 0.05249343832020997), (37, 0.05042016806722689), (18, 0.04728132387706856), (31, 0.045112781954887216), (13, 0.044642857142857144), (22, 0.044543429844097995), (26, 0.04411764705882353), (34, 0.043795620437956206), (38, 0.043795620437956206), (21, 0.04246284501061571), (20, 0.042105263157894736), (23, 0.04106776180698152), (24, 0.04032258064516129), (14, 0.03824091778202677), (33, 0.0379746835443038), (16, 0.03773584905660377), (40, 0.03680981595092025), (19, 0.0364963503649635), (35, 0.03508771929824561), (36, 0.034482758620689655), (32, 0.03305785123966942), (41, 0.03208556149732621), (28, 0.03183023872679045), (39, 0.031578947368421054), (30, 0.031007751937984496), (42, 0.027906976744186046)]
seeds_sorted [[419, 622, 946, 756, 889, 956, 637, 926, 983], [280, 877, 897, 929, 854, 857, 731, 748], [210, 822, 852, 886, 816, 523, 588], [218, 902, 888, 927, 713, 656, 755], [104, 839, 792, 863, 489, 453], [18, 742, 905, 984, 947, 911, 918], [584, 680, 990, 942, 774, 909, 631], [125, 873, 865, 797, 534, 839], [82, 813, 847, 825, 869, 589], [213, 847, 804, 932, 825, 821], [132, 928, 989, 959, 699, 591], [290, 860, 777, 874, 876], [89, 706, 407], [156, 941, 896, 901, 234], [473, 770, 793, 527], [137, 981, 763, 814, 758], [77, 760, 991, 431], [163, 612, 819, 776], [310, 898, 599, 998, 895], [724, 935, 870, 752, 917], [191, 933, 849, 252], [410, 934, 944, 960, 815], [651, 959, 848, 699], [299, 900, 820, 912, 879], [574, 954, 620, 988, 796], [412, 911, 947, 692], [339, 871, 904, 790], [258, 853, 943, 882], [56, 993, 961, 881, 986], [111, 977, 976, 938, 981], [725, 834, 995, 944, 815], [997, 981, 977, 638, 433], [762, 930, 920, 819, 979], [237, 977, 600, 851], [779, 957, 937, 867, 939], [309, 966, 881, 874], [186, 971, 954, 985, 949], [28, 985, 908, 582], [527, 791, 957, 913], [819, 850, 843, 963], [13, 878, 952, 968], [678, 772, 957, 823], [300, 883, 953, 955], [440, 978, 778, 940], [47, 987, 978, 940]]
args__________ ([[419, 622, 946, 756, 889, 956, 637, 926, 983], [47, 987, 978, 940]],)
args__________ ([[280, 877, 897, 929, 854, 857, 731, 748], [440, 978, 778, 940]],)
args__________ ([[210, 822, 852, 886, 816, 523, 588], [300, 883, 953, 955]],)
args__________ ([[218, 902, 888, 927, 713, 656, 755], [678, 772, 957, 823]],)
args__________ ([[104, 839, 792, 863, 489, 453], [13, 878, 952, 968]],)
args__________ ([[18, 742, 905, 984, 947, 911, 918], [819, 850, 843, 963]],)
args__________ ([[584, 680, 990, 942, 774, 909, 631], [527, 791, 957, 913]],)
args__________ ([[125, 873, 865, 797, 534, 839], [28, 985, 908, 582]],)
args__________ ([[82, 813, 847, 825, 869, 589], [186, 971, 954, 985, 949]],)
args__________ ([[213, 847, 804, 932, 825, 821], [309, 966, 881, 874]],)
args__________ ([[132, 928, 989, 959, 699, 591], [779, 957, 937, 867, 939]],)
args__________ ([[290, 860, 777, 874, 876], [237, 977, 600, 851]],)
args__________ ([[89, 706, 407], [762, 930, 920, 819, 979]],)
args__________ ([[156, 941, 896, 901, 234]],)
args__________ ([[473, 770, 793, 527]],)
args__________ ([[137, 981, 763, 814, 758]],)
args__________ ([[77, 760, 991, 431]],)
args__________ ([[163, 612, 819, 776]],)
args__________ ([[310, 898, 599, 998, 895]],)
args__________ ([[724, 935, 870, 752, 917]],)
args__________ ([[191, 933, 849, 252]],)
args__________ ([[410, 934, 944, 960, 815]],)
args__________ ([[651, 959, 848, 699]],)
args__________ ([[299, 900, 820, 912, 879]],)
args__________ ([[574, 954, 620, 988, 796]],)
args__________ ([[412, 911, 947, 692]],)
args__________ ([[339, 871, 904, 790]],)
args__________ ([[258, 853, 943, 882]],)
args__________ ([[56, 993, 961, 881, 986]],)
args__________ ([[111, 977, 976, 938, 981]],)
args__________ ([[725, 834, 995, 944, 815]],)
args__________ ([[997, 981, 977, 638, 433]],)
finish process___________________
seed_node 1000
seed_community:  [257, 389, 136, 907, 525, 20, 414, 645, 672, 936, 546, 325, 424, 809, 682, 941, 434, 439, 319, 705, 194, 580, 197, 967, 586, 203, 972, 336, 211, 90, 605, 962, 996, 485, 1000, 105, 238, 113, 759, 636]
seed_node 992
seed_community:  [157, 926, 419, 549, 175, 946, 54, 314, 956, 342, 983, 219, 350, 992, 227, 622, 637, 242, 756, 889, 124, 253, 255]
seed_node 969
seed_community:  [647, 137, 138, 237, 401, 147, 283, 668, 413, 938, 44, 814, 432, 433, 182, 570, 479, 446, 832, 67, 758, 969, 717, 974, 335, 976, 977, 851, 981, 470, 344, 719, 506, 607, 480, 225, 593, 600, 109, 111, 112, 370, 115, 464, 374, 122, 763, 638]
seed_node 970
seed_community:  [768, 387, 900, 65, 776, 521, 398, 399, 912, 17, 515, 999, 21, 920, 324, 539, 799, 545, 930, 163, 167, 681, 299, 684, 429, 304, 819, 820, 437, 311, 187, 330, 317, 193, 963, 708, 161, 200, 458, 802, 970, 547, 212, 48, 472, 730, 979, 866, 251, 612, 615, 743, 879, 595, 630, 39, 762, 891, 126]
seed_node 973
seed_community:  [257, 645, 136, 907, 525, 20, 414, 389, 672, 546, 113, 424, 809, 682, 171, 434, 439, 319, 705, 194, 580, 325, 967, 586, 203, 972, 973, 336, 211, 197, 90, 605, 962, 996, 485, 1000, 105, 238, 936, 759, 636]
seed_node 948
seed_community:  [768, 515, 900, 776, 521, 398, 399, 912, 387, 21, 920, 324, 539, 545, 930, 163, 167, 299, 684, 429, 743, 48, 819, 948, 437, 820, 187, 317, 458, 65, 963, 708, 200, 330, 204, 802, 34, 979, 472, 730, 866, 251, 612, 999, 615, 879, 595, 630, 762, 891, 39]
seed_node 951
seed_community:  [130, 261, 134, 140, 514, 655, 784, 787, 664, 538, 667, 925, 287, 294, 558, 541, 560, 564, 309, 438, 951, 56, 59, 444, 961, 452, 79, 982, 727, 986, 15, 736, 993, 613, 617, 236, 881, 250, 508, 767]
seed_node 924
seed_community:  [257, 645, 136, 907, 525, 20, 924, 414, 389, 672, 936, 546, 424, 809, 682, 171, 434, 439, 319, 705, 194, 580, 325, 967, 586, 203, 972, 336, 211, 197, 90, 605, 962, 996, 485, 1000, 105, 238, 113, 759, 636]
seed_node 931
seed_community:  [898, 648, 216, 19, 408, 673, 803, 293, 295, 817, 53, 310, 443, 192, 199, 712, 931, 599, 88, 345, 915, 165, 352, 741, 275, 500, 503, 895]
seed_node 914
seed_community:  [128, 641, 390, 777, 914, 405, 281, 540, 800, 290, 35, 677, 92, 436, 181, 184, 190, 707, 581, 466, 343, 860, 221, 37, 96, 97, 226, 484, 876, 366, 318]
seed_node 916
seed_community:  [640, 960, 649, 13, 142, 785, 916, 278, 23, 922, 158, 31, 934, 945, 41, 811, 301, 46, 815, 944, 305, 393, 952, 441, 830, 64, 193, 834, 836, 198, 711, 73, 337, 338, 725, 856, 858, 220, 735, 425, 732, 357, 145, 878, 509, 368, 754, 348, 119, 448, 893, 166]
seed_node 919
seed_community:  [898, 648, 216, 19, 919, 408, 673, 803, 293, 295, 817, 53, 310, 443, 192, 199, 712, 599, 88, 345, 915, 165, 741, 275, 500, 503, 895]
seed_node 910
seed_community:  [897, 910, 150, 857, 280, 282, 32, 929, 675, 676, 435, 569, 36, 66, 838, 289, 590, 854, 548, 731, 864, 748, 877, 496, 757, 381]
seed_node 899
seed_community:  [899, 523, 402, 666, 415, 674, 174, 816, 308, 822, 696, 829, 702, 577, 196, 202, 588, 210, 852, 346, 886, 383]
seed_node 887
seed_community:  [128, 641, 390, 777, 405, 281, 540, 800, 290, 35, 37, 92, 436, 181, 184, 60, 190, 707, 581, 466, 343, 860, 221, 677, 96, 97, 226, 484, 876, 366, 318, 887]
seed_node 892
seed_community:  [640, 960, 649, 652, 13, 142, 145, 448, 278, 23, 922, 158, 31, 934, 945, 41, 811, 301, 46, 815, 944, 305, 393, 952, 441, 830, 64, 193, 834, 836, 198, 711, 73, 653, 337, 338, 725, 856, 858, 220, 735, 425, 732, 357, 785, 878, 893, 368, 754, 348, 119, 892, 509, 166]
seed_node 894
seed_community:  [577, 674, 196, 886, 202, 523, 588, 210, 174, 816, 402, 308, 894, 822, 696, 852, 346, 383, 666, 702, 415]
seed_node 880
seed_community:  [257, 389, 136, 907, 525, 20, 414, 645, 672, 936, 546, 424, 809, 682, 171, 434, 439, 319, 705, 194, 580, 325, 967, 586, 203, 972, 336, 211, 197, 90, 605, 962, 996, 485, 1000, 105, 238, 880, 113, 759, 636]
seed_node 872
seed_community:  [129, 388, 902, 519, 656, 285, 927, 296, 755, 445, 447, 328, 713, 888, 218, 349, 103, 872, 619, 627, 504, 765]
seed_node 859
seed_community:  [647, 137, 138, 109, 401, 344, 147, 24, 283, 668, 413, 938, 44, 814, 432, 433, 182, 570, 607, 446, 832, 67, 758, 717, 974, 335, 976, 593, 851, 596, 981, 470, 600, 859, 506, 719, 479, 480, 225, 997, 977, 237, 111, 112, 115, 464, 374, 122, 763, 638]
seed_node 862
seed_community:  [897, 150, 857, 280, 282, 32, 289, 675, 36, 435, 569, 66, 838, 929, 590, 676, 854, 548, 731, 862, 864, 748, 877, 496, 757, 381]
seed_node 868
seed_community:  [898, 648, 216, 19, 408, 673, 931, 293, 295, 817, 53, 310, 443, 192, 199, 712, 803, 599, 88, 345, 915, 165, 352, 868, 741, 275, 500, 502, 503, 895]
seed_node 837
seed_community:  [161, 3, 837, 571, 744, 306, 302, 207, 689, 722, 123, 116, 634, 239, 474, 510, 63]
seed_node 841
seed_community:  [896, 1, 901, 812, 11, 579, 660, 409, 156, 29, 172, 941, 693, 313, 442, 835, 455, 841, 332, 208, 467, 84, 603, 737, 488, 234, 625, 114, 511]
seed_node 842
seed_community:  [388, 902, 103, 328, 713, 842, 619, 519, 285, 656, 504, 627, 349, 755, 888, 445, 218, 927, 296, 765, 447]
seed_node 846
seed_community:  [157, 926, 419, 549, 175, 946, 54, 314, 956, 846, 342, 983, 219, 350, 992, 227, 622, 637, 242, 756, 889, 124, 253, 255]
seed_node 828
seed_community:  [157, 926, 419, 549, 175, 946, 54, 314, 956, 342, 983, 219, 350, 227, 828, 622, 242, 756, 889, 124, 637, 255]
seed_node 833
seed_community:  [768, 515, 900, 833, 776, 521, 398, 399, 912, 387, 21, 920, 324, 539, 545, 930, 163, 167, 681, 299, 684, 429, 48, 819, 820, 437, 615, 187, 458, 65, 963, 708, 200, 330, 802, 979, 472, 730, 866, 251, 612, 743, 999, 317, 879, 595, 630, 39, 762, 891, 126]
seed_node 780
seed_community:  [7, 395, 780, 141, 813, 149, 795, 411, 932, 679, 391, 685, 821, 825, 572, 456, 589, 847, 82, 213, 804, 347, 223, 869, 233, 493, 885, 248, 635]
seed_node 798
seed_community:  [898, 648, 88, 275, 919, 408, 798, 673, 803, 165, 295, 817, 53, 310, 443, 192, 19, 199, 712, 599, 216, 345, 293, 741, 998, 915, 500, 503, 895]
seed_node 773
seed_community:  [256, 770, 939, 772, 773, 135, 264, 265, 266, 779, 527, 529, 530, 531, 407, 24, 793, 367, 670, 544, 33, 162, 292, 38, 40, 810, 683, 557, 823, 824, 827, 61, 706, 72, 585, 663, 973, 80, 594, 980, 85, 791, 729, 602, 604, 733, 606, 720, 738, 867, 228, 678, 231, 491, 364, 356, 957, 624, 329, 254, 89, 249, 890, 473]
seed_node 749
seed_community:  [259, 520, 781, 621, 786, 643, 943, 284, 805, 431, 49, 818, 179, 191, 69, 326, 77, 749, 465, 853, 861, 351, 610, 355, 101, 849, 106, 107, 365, 751, 229, 118, 760, 252]
seed_node 761
seed_community:  [642, 875, 644, 22, 6, 904, 556, 908, 782, 146, 404, 790, 985, 148, 154, 923, 796, 671, 416, 801, 91, 420, 262, 423, 552, 28, 43, 428, 662, 690, 949, 186, 61, 574, 703, 320, 83, 195, 965, 582, 71, 454, 524, 459, 716, 718, 975, 505, 339, 598, 471, 89, 475, 988, 477, 734, 95, 481, 994, 715, 871, 359, 620, 274, 971, 954, 808, 723, 373, 609, 761, 121, 127, 382, 247]
seed_node 764
seed_community:  [157, 926, 419, 549, 175, 946, 54, 314, 956, 342, 983, 219, 350, 992, 227, 764, 622, 637, 242, 756, 889, 124, 253, 255]
seed_node 740
seed_community:  [7, 392, 395, 141, 813, 149, 795, 411, 804, 679, 685, 821, 825, 572, 456, 589, 847, 82, 213, 932, 223, 740, 869, 233, 493, 885, 248, 635]
seed_node 746
seed_community:  [157, 926, 419, 549, 175, 946, 54, 314, 956, 342, 983, 219, 350, 227, 746, 622, 242, 756, 889, 124, 637, 255]
seed_node 747
seed_community:  [257, 645, 136, 907, 962, 20, 414, 197, 672, 546, 113, 424, 809, 682, 434, 439, 319, 705, 194, 580, 325, 967, 389, 586, 203, 972, 525, 336, 211, 90, 91, 605, 996, 485, 1000, 105, 747, 238, 936, 759, 636]
seed_node 709
seed_community:  [386, 131, 134, 778, 652, 397, 526, 783, 400, 771, 788, 789, 279, 25, 806, 297, 940, 687, 304, 177, 562, 563, 565, 694, 440, 188, 650, 704, 964, 709, 70, 457, 844, 334, 463, 592, 209, 978, 270, 726, 94, 991, 992, 353, 739, 102, 721, 616, 745, 363, 492, 494, 623, 241, 882, 884, 117, 189, 632, 378, 766]
seed_node 714
seed_community:  [898, 648, 216, 19, 408, 673, 803, 165, 295, 817, 53, 310, 443, 192, 199, 712, 714, 599, 88, 345, 915, 293, 741, 998, 275, 500, 502, 503, 895]
seed_node 686
seed_community:  [514, 261, 134, 140, 130, 655, 784, 787, 686, 664, 538, 667, 925, 287, 294, 558, 541, 560, 564, 309, 438, 951, 56, 59, 444, 961, 452, 79, 982, 727, 986, 15, 736, 993, 613, 617, 236, 881, 250, 508, 767]
seed_node 701
seed_community:  [257, 645, 136, 907, 525, 20, 414, 197, 672, 546, 113, 424, 809, 682, 434, 439, 701, 319, 705, 194, 580, 325, 967, 389, 586, 203, 972, 336, 211, 90, 91, 605, 962, 996, 485, 1000, 105, 238, 936, 759, 636]
seed_node 654
seed_community:  [897, 654, 150, 857, 280, 282, 32, 929, 675, 676, 435, 569, 36, 66, 838, 289, 590, 854, 548, 731, 864, 748, 877, 496, 757, 381]
seed_node 626
seed_community:  [7, 392, 395, 141, 813, 149, 406, 795, 411, 804, 679, 685, 821, 825, 572, 456, 589, 847, 82, 213, 932, 223, 869, 233, 493, 626, 885, 248, 635]
seed_node 629
seed_community:  [257, 645, 136, 907, 525, 20, 414, 197, 672, 936, 546, 424, 809, 682, 434, 439, 319, 705, 194, 580, 325, 967, 389, 586, 203, 972, 336, 211, 90, 605, 962, 996, 485, 1000, 105, 238, 113, 629, 759, 636]
seed_node 633
seed_community:  [768, 515, 900, 65, 776, 521, 398, 912, 387, 21, 920, 708, 539, 545, 802, 163, 420, 167, 299, 684, 429, 743, 48, 819, 820, 437, 187, 317, 458, 193, 963, 324, 200, 330, 204, 930, 335, 34, 595, 472, 730, 866, 99, 612, 999, 615, 879, 979, 630, 251, 633, 762, 891, 39]
seed_node 583
seed_community:  [898, 648, 216, 19, 408, 673, 803, 293, 295, 199, 817, 53, 310, 443, 192, 583, 712, 599, 88, 345, 915, 165, 741, 275, 500, 503, 895]
seed_node 601
seed_community:  [385, 2, 132, 906, 651, 268, 14, 276, 277, 151, 928, 291, 989, 176, 50, 52, 183, 185, 698, 699, 62, 959, 576, 68, 201, 74, 75, 591, 601, 93, 222, 315, 614, 232, 618, 243, 246, 375]
seed_node 533
seed_community:  [161, 3, 837, 744, 239, 722, 302, 207, 689, 306, 123, 116, 533, 474, 571, 634, 510, 63]
seed_node 537
seed_community:  [897, 150, 857, 280, 537, 282, 32, 929, 675, 676, 435, 569, 36, 66, 838, 289, 590, 854, 548, 731, 864, 748, 877, 496, 757, 381]
seed_node 542
seed_community:  [896, 1, 901, 812, 11, 835, 660, 409, 156, 29, 542, 172, 941, 693, 313, 442, 579, 455, 332, 208, 467, 84, 603, 737, 488, 234, 625, 114, 511]
seed_node 550
seed_community:  [514, 261, 550, 140, 130, 655, 784, 787, 664, 538, 667, 925, 287, 294, 938, 427, 558, 541, 560, 564, 309, 438, 56, 59, 444, 961, 452, 461, 79, 982, 727, 986, 15, 736, 993, 613, 231, 617, 236, 881, 250, 508, 767]
seed_node 554
seed_community:  [256, 770, 939, 772, 135, 264, 265, 266, 791, 527, 529, 530, 531, 407, 24, 793, 410, 367, 156, 670, 544, 33, 162, 292, 38, 40, 554, 683, 823, 824, 827, 61, 706, 779, 72, 585, 663, 80, 596, 85, 249, 729, 602, 604, 733, 606, 720, 738, 867, 228, 678, 231, 491, 364, 356, 957, 624, 371, 329, 254, 89, 980, 890, 810, 473]
seed_node 561
seed_community:  [408, 561, 165, 199]
seed_node 567
seed_community:  [516, 774, 263, 267, 909, 17, 659, 532, 665, 153, 417, 421, 807, 680, 942, 559, 567, 697, 58, 958, 322, 584, 587, 205, 597, 57, 217, 990, 490, 750, 497, 631, 341]
seed_node 573
seed_community:  [769, 260, 773, 775, 9, 394, 87, 12, 271, 528, 913, 658, 403, 917, 536, 921, 794, 27, 5, 288, 547, 422, 551, 553, 170, 903, 300, 45, 303, 691, 950, 55, 953, 826, 955, 573, 831, 450, 323, 524, 845, 462, 661, 724, 855, 347, 144, 482, 611, 100, 870, 358, 487, 360, 361, 935, 108, 451, 495, 752, 883, 628, 245, 379, 126, 639]
seed_node 575
seed_community:  [512, 513, 386, 131, 726, 518, 778, 397, 270, 783, 400, 563, 771, 788, 789, 279, 25, 47, 799, 134, 806, 241, 168, 297, 940, 562, 687, 304, 177, 178, 307, 692, 565, 694, 440, 188, 189, 575, 704, 964, 70, 457, 844, 334, 463, 592, 209, 978, 526, 342, 94, 650, 992, 353, 739, 102, 721, 616, 700, 363, 492, 494, 623, 76, 360, 498, 499, 884, 117, 745, 632, 378, 766, 469]
seed_node 517
seed_community:  [512, 384, 517, 905, 139, 911, 16, 18, 918, 155, 412, 947, 168, 298, 555, 307, 695, 316, 76, 78, 468, 215, 984, 608, 98, 742, 753, 501, 376]
seed_node 522
seed_community:  [258, 643, 520, 522, 781, 621, 786, 259, 431, 284, 805, 943, 49, 818, 179, 191, 69, 326, 77, 849, 853, 861, 351, 610, 355, 101, 465, 106, 107, 365, 751, 229, 118, 760, 252]
seed_node 449
seed_community:  [258, 259, 520, 781, 621, 786, 643, 26, 943, 284, 30, 805, 431, 49, 818, 179, 191, 449, 69, 326, 77, 461, 849, 853, 101, 861, 351, 610, 355, 229, 465, 106, 107, 365, 751, 749, 118, 760, 252]
seed_node 460
seed_community:  [642, 875, 644, 22, 6, 904, 556, 908, 782, 272, 274, 404, 790, 148, 154, 923, 796, 671, 416, 801, 247, 91, 420, 262, 423, 808, 28, 43, 428, 662, 690, 949, 186, 574, 703, 320, 481, 195, 965, 582, 71, 454, 524, 715, 716, 718, 975, 505, 339, 598, 471, 985, 475, 988, 477, 734, 95, 609, 994, 871, 359, 620, 146, 971, 954, 552, 723, 373, 425, 121, 460, 382, 127]
seed_node 476
seed_community:  [642, 644, 790, 6, 904, 428, 908, 782, 274, 148, 22, 154, 923, 28, 671, 416, 801, 475, 262, 808, 169, 43, 556, 662, 688, 690, 871, 949, 121, 186, 61, 574, 703, 320, 195, 965, 582, 71, 328, 715, 476, 718, 975, 723, 471, 985, 91, 988, 477, 734, 95, 481, 994, 796, 359, 454, 404, 875, 620, 146, 971, 954, 552, 339, 373, 609, 505, 127, 382, 247]
seed_node 483
seed_community:  [130, 261, 140, 514, 15, 784, 787, 664, 538, 667, 925, 287, 294, 427, 558, 541, 560, 561, 564, 309, 438, 56, 59, 444, 961, 452, 461, 79, 982, 727, 986, 655, 736, 993, 483, 613, 617, 236, 881, 250, 508, 767]
seed_node 486
seed_community:  [129, 388, 902, 519, 656, 285, 927, 296, 755, 445, 447, 328, 713, 842, 504, 87, 218, 349, 486, 103, 619, 627, 888, 765]
seed_node 372
seed_community:  [157, 926, 419, 549, 175, 946, 54, 372, 314, 956, 342, 983, 219, 350, 227, 746, 622, 242, 756, 889, 124, 637, 255]
seed_node 396
seed_community:  [640, 960, 7, 145, 649, 396, 13, 142, 785, 448, 278, 23, 410, 922, 158, 31, 162, 166, 305, 41, 811, 301, 46, 815, 944, 945, 393, 952, 441, 830, 64, 834, 836, 198, 711, 73, 119, 337, 338, 725, 856, 858, 220, 735, 732, 934, 357, 878, 509, 368, 754, 348, 425, 893]
seed_node 426
seed_community:  [647, 137, 237, 401, 147, 26, 283, 668, 413, 160, 550, 426, 44, 814, 432, 433, 182, 570, 607, 446, 832, 67, 374, 717, 974, 335, 976, 977, 851, 981, 470, 344, 719, 122, 479, 480, 225, 593, 600, 109, 111, 112, 115, 464, 758, 506, 763, 938, 638]
seed_node 430
seed_community:  [161, 3, 837, 744, 239, 722, 430, 207, 689, 306, 123, 116, 302, 474, 571, 634, 510, 63]
seed_node 331
seed_community:  [512, 384, 905, 139, 911, 16, 18, 918, 155, 412, 947, 168, 298, 555, 307, 695, 316, 331, 76, 78, 468, 215, 984, 608, 98, 742, 753, 501, 376]
seed_node 333
seed_community:  [7, 392, 395, 141, 813, 149, 406, 795, 589, 411, 932, 679, 685, 821, 825, 572, 456, 333, 847, 82, 213, 804, 223, 869, 233, 493, 885, 248, 635]
seed_node 340
seed_community:  [577, 674, 196, 886, 202, 523, 588, 210, 174, 816, 402, 308, 702, 822, 696, 340, 346, 383, 666, 852, 415]
seed_node 354
seed_community:  [642, 875, 644, 22, 6, 904, 556, 908, 782, 146, 148, 662, 127, 154, 923, 796, 671, 416, 801, 475, 420, 262, 423, 808, 28, 43, 428, 686, 690, 949, 186, 574, 703, 320, 195, 965, 582, 71, 454, 524, 971, 716, 354, 206, 975, 505, 339, 718, 598, 471, 985, 91, 988, 477, 734, 95, 481, 994, 356, 715, 871, 404, 359, 620, 274, 954, 552, 723, 373, 609, 121, 790, 382, 247]
seed_node 362
seed_community:  [514, 261, 522, 140, 130, 15, 784, 787, 664, 538, 667, 925, 287, 294, 427, 558, 541, 560, 564, 309, 438, 56, 59, 444, 961, 452, 461, 79, 982, 727, 986, 655, 736, 993, 613, 617, 362, 236, 881, 250, 508, 767]
seed_node 224
seed_community:  [385, 2, 132, 906, 651, 268, 14, 276, 277, 151, 928, 291, 989, 176, 50, 52, 183, 185, 698, 315, 62, 959, 576, 68, 201, 74, 75, 591, 93, 222, 224, 699, 614, 232, 618, 243, 246, 375]
seed_node 235
seed_community:  [642, 235, 644, 662, 6, 904, 556, 10, 908, 782, 274, 148, 22, 127, 154, 923, 28, 30, 671, 416, 801, 91, 420, 262, 423, 552, 796, 43, 428, 690, 871, 949, 186, 574, 703, 320, 195, 965, 582, 71, 454, 524, 459, 716, 77, 718, 975, 505, 339, 598, 471, 985, 475, 988, 477, 734, 95, 481, 994, 715, 359, 404, 875, 620, 146, 971, 954, 808, 723, 373, 609, 121, 790, 382, 247]
seed_node 240
seed_community:  [157, 926, 419, 549, 175, 946, 54, 314, 956, 342, 983, 219, 350, 227, 622, 240, 242, 756, 889, 124, 637, 255]
seed_node 269
seed_community:  [896, 1, 901, 812, 11, 269, 835, 660, 409, 156, 29, 172, 693, 313, 442, 579, 455, 332, 208, 467, 84, 603, 737, 488, 234, 625, 114, 511]
seed_node 273
seed_community:  [386, 771, 134, 650, 652, 397, 270, 783, 400, 273, 131, 788, 279, 25, 687, 806, 297, 940, 47, 304, 177, 562, 563, 692, 565, 694, 440, 188, 189, 704, 964, 70, 778, 844, 334, 463, 592, 209, 978, 526, 726, 143, 94, 739, 102, 721, 616, 745, 363, 492, 494, 623, 241, 884, 117, 632, 378, 766]
seed_node 286
seed_community:  [129, 388, 902, 519, 656, 285, 286, 927, 296, 755, 445, 447, 328, 713, 888, 218, 349, 103, 619, 627, 504, 765]
seed_node 110
seed_community:  [640, 64, 145, 649, 11, 780, 13, 142, 785, 448, 110, 278, 23, 922, 158, 31, 166, 305, 41, 811, 301, 46, 815, 944, 945, 393, 952, 441, 830, 960, 834, 836, 198, 711, 652, 119, 337, 338, 725, 856, 858, 220, 735, 732, 934, 357, 423, 878, 73, 368, 754, 348, 893, 425, 509]
seed_node 120
seed_community:  [384, 512, 8, 905, 139, 911, 16, 18, 918, 155, 412, 947, 168, 298, 555, 307, 695, 316, 76, 78, 120, 468, 215, 984, 608, 98, 742, 753, 501, 376]
seed_node 152
seed_community:  [386, 131, 134, 650, 397, 526, 783, 400, 771, 788, 789, 279, 152, 25, 687, 799, 518, 806, 297, 940, 47, 304, 177, 562, 563, 692, 565, 694, 440, 188, 189, 704, 964, 70, 457, 842, 844, 334, 463, 592, 209, 978, 270, 726, 94, 353, 739, 102, 721, 616, 745, 363, 492, 494, 623, 241, 778, 884, 117, 632, 378, 499, 766]
seed_node 164
seed_community:  [640, 960, 649, 652, 13, 142, 785, 448, 278, 23, 922, 158, 31, 164, 934, 945, 41, 811, 301, 46, 815, 944, 305, 393, 952, 441, 830, 64, 193, 834, 836, 198, 711, 73, 337, 338, 725, 856, 858, 220, 735, 425, 732, 357, 145, 878, 893, 368, 754, 348, 119, 509, 166]
seed_node 180
seed_community:  [516, 774, 263, 267, 909, 17, 659, 532, 665, 153, 417, 421, 807, 680, 942, 559, 48, 180, 697, 58, 958, 322, 584, 587, 205, 341, 57, 217, 990, 490, 750, 497, 631, 597]
seed_node 81
seed_community:  [512, 905, 139, 911, 16, 18, 918, 155, 412, 947, 168, 298, 555, 307, 695, 316, 76, 78, 81, 468, 215, 984, 608, 98, 742, 753, 501, 376]
i =  0 [419, 549, 54, 124, 946, 622, 175, 157, 242, 227, 756, 350, 342, 983, 889, 314, 219, 956, 637, 926, 255]
i =  1 [386, 131, 134, 650, 397, 526, 783, 400, 657, 771, 788, 789, 279, 25, 687, 806, 241, 297, 940, 47, 304, 177, 562, 563, 692, 565, 694, 440, 188, 189, 704, 964, 70, 778, 844, 334, 463, 592, 209, 978, 270, 726, 987, 94, 739, 102, 721, 616, 745, 363, 492, 494, 623, 369, 882, 884, 117, 632, 378, 766]
i =  2 [897, 150, 857, 280, 282, 32, 929, 675, 36, 435, 569, 66, 838, 289, 590, 676, 854, 548, 731, 864, 748, 877, 496, 757, 381]
i =  3 [386, 131, 134, 778, 397, 526, 783, 400, 771, 788, 789, 279, 25, 687, 806, 297, 940, 47, 304, 177, 562, 563, 692, 565, 694, 440, 188, 189, 704, 964, 70, 457, 844, 334, 463, 592, 721, 978, 270, 726, 94, 650, 353, 739, 102, 209, 616, 700, 363, 492, 494, 623, 241, 882, 884, 117, 745, 632, 378, 766]
i =  4 [577, 674, 196, 822, 202, 523, 588, 402, 174, 816, 210, 852, 886, 696, 308, 346, 415, 666, 702, 383]
i =  5 [769, 260, 775, 9, 855, 12, 271, 144, 658, 403, 917, 536, 921, 794, 27, 288, 422, 551, 553, 170, 903, 300, 45, 303, 691, 950, 55, 953, 826, 955, 831, 323, 845, 462, 724, 87, 528, 482, 611, 100, 870, 358, 487, 639, 935, 108, 451, 495, 752, 883, 628, 245, 377, 379, 126, 661]
i =  6 [129, 765, 388, 902, 519, 328, 713, 619, 349, 656, 296, 627, 447, 888, 755, 504, 445, 218, 103, 285, 927]
i =  7 [256, 770, 939, 772, 135, 264, 265, 266, 663, 527, 529, 530, 531, 791, 24, 793, 670, 544, 33, 162, 292, 678, 957, 40, 810, 683, 823, 824, 827, 61, 706, 779, 407, 72, 585, 80, 83, 596, 85, 729, 602, 604, 733, 606, 720, 738, 867, 228, 38, 231, 491, 364, 356, 367, 624, 329, 254, 89, 249, 890, 980, 473]
i =  8 [4, 133, 534, 792, 86, 797, 159, 327, 51, 566, 312, 543, 321, 578, 453, 839, 840, 214, 863, 104, 489, 244, 873, 507, 125]
i =  9 [640, 64, 649, 652, 13, 142, 145, 448, 278, 23, 922, 158, 31, 934, 945, 41, 811, 301, 46, 815, 944, 305, 393, 952, 441, 830, 960, 834, 836, 198, 711, 968, 73, 119, 337, 338, 725, 856, 858, 220, 735, 732, 357, 785, 878, 509, 368, 754, 348, 425, 893, 166]
i =  10 [512, 905, 139, 911, 16, 18, 918, 155, 412, 947, 168, 298, 555, 307, 695, 316, 76, 78, 468, 215, 984, 608, 98, 742, 753, 501, 376]
i =  11 [768, 387, 900, 65, 776, 521, 398, 399, 912, 515, 21, 920, 708, 539, 799, 545, 930, 163, 167, 299, 684, 429, 743, 547, 819, 820, 437, 311, 187, 330, 317, 193, 963, 324, 710, 161, 200, 458, 843, 802, 850, 595, 472, 730, 866, 891, 612, 999, 615, 879, 979, 630, 762, 251, 39]
i =  12 [516, 774, 263, 267, 909, 17, 659, 532, 665, 153, 417, 421, 807, 680, 942, 559, 697, 58, 958, 322, 584, 587, 205, 341, 57, 217, 990, 490, 750, 497, 631, 597]
i =  13 [256, 770, 939, 772, 646, 135, 264, 265, 266, 779, 527, 913, 530, 531, 407, 24, 793, 670, 491, 544, 33, 162, 292, 38, 957, 40, 810, 683, 392, 823, 824, 827, 61, 706, 72, 585, 663, 80, 596, 85, 791, 729, 602, 604, 733, 606, 720, 738, 867, 228, 678, 529, 231, 364, 356, 367, 624, 371, 329, 254, 89, 249, 890, 980, 473]
i =  14 [4, 133, 534, 792, 86, 797, 543, 839, 51, 566, 312, 159, 321, 578, 453, 327, 840, 214, 863, 865, 104, 873, 244, 489, 507, 125]
i =  15 [642, 644, 790, 6, 904, 428, 908, 782, 274, 148, 22, 154, 923, 796, 671, 416, 801, 475, 420, 262, 423, 808, 28, 43, 556, 173, 662, 688, 690, 871, 949, 186, 574, 703, 320, 195, 965, 582, 71, 454, 524, 715, 716, 718, 975, 505, 339, 471, 985, 91, 988, 477, 734, 95, 481, 994, 359, 404, 875, 620, 146, 971, 954, 552, 723, 373, 609, 121, 247, 382, 127]
i =  16 [7, 392, 395, 141, 813, 149, 406, 411, 795, 932, 679, 685, 821, 825, 572, 456, 589, 847, 82, 213, 804, 223, 869, 233, 493, 885, 248, 635]
i =  17 [642, 644, 662, 6, 904, 428, 10, 471, 908, 782, 274, 404, 790, 148, 22, 923, 796, 154, 671, 416, 801, 91, 420, 262, 423, 552, 28, 43, 556, 359, 690, 949, 186, 574, 703, 320, 195, 965, 582, 71, 454, 524, 459, 716, 718, 975, 339, 505, 985, 475, 988, 477, 734, 95, 481, 994, 715, 871, 875, 620, 146, 971, 954, 808, 723, 373, 609, 121, 127, 382, 247]
i =  18 [7, 392, 395, 141, 813, 149, 406, 411, 795, 804, 679, 685, 821, 825, 572, 456, 589, 847, 82, 213, 932, 223, 869, 233, 493, 885, 248, 635]
i =  19 [669, 514, 261, 134, 140, 130, 15, 784, 787, 664, 538, 667, 925, 287, 294, 427, 558, 541, 560, 564, 309, 438, 56, 59, 444, 961, 452, 966, 461, 79, 982, 727, 986, 655, 478, 736, 993, 613, 617, 874, 236, 881, 250, 508, 767]
i =  20 [385, 2, 132, 906, 651, 268, 14, 276, 277, 151, 928, 291, 93, 176, 50, 52, 183, 185, 698, 699, 62, 959, 576, 68, 201, 74, 75, 591, 989, 222, 315, 614, 232, 618, 243, 246, 375]
i =  21 [256, 770, 683, 772, 135, 264, 265, 266, 779, 527, 529, 530, 531, 407, 24, 793, 410, 670, 544, 33, 162, 292, 38, 957, 40, 937, 810, 939, 329, 824, 827, 61, 706, 72, 585, 823, 663, 791, 596, 85, 729, 602, 604, 733, 606, 720, 738, 867, 228, 678, 231, 80, 491, 364, 356, 367, 624, 254, 89, 249, 890, 980, 473]
i =  22 [128, 641, 390, 777, 405, 281, 540, 800, 290, 35, 37, 92, 436, 181, 184, 60, 190, 707, 581, 466, 343, 860, 221, 677, 96, 97, 226, 484, 874, 876, 366, 318]
i =  23 [647, 137, 109, 401, 147, 26, 283, 668, 413, 938, 44, 814, 432, 433, 182, 570, 479, 446, 832, 67, 758, 717, 974, 335, 976, 977, 851, 981, 470, 728, 719, 506, 607, 480, 225, 344, 593, 600, 237, 111, 112, 115, 464, 374, 122, 763, 638]
i =  24 [706, 131, 166, 162, 407, 89, 380]
i =  25 [768, 515, 900, 776, 521, 398, 912, 387, 21, 920, 708, 539, 545, 930, 163, 167, 299, 684, 429, 48, 819, 820, 437, 615, 187, 317, 458, 65, 963, 324, 200, 330, 204, 802, 34, 979, 472, 730, 866, 251, 612, 743, 999, 879, 595, 630, 762, 891, 39]
i =  26 [896, 1, 901, 812, 11, 579, 660, 409, 156, 29, 172, 941, 693, 313, 442, 835, 455, 332, 208, 467, 84, 603, 737, 488, 234, 625, 114, 511]
i =  27 [256, 770, 939, 772, 135, 264, 265, 266, 791, 527, 529, 530, 531, 663, 24, 793, 670, 544, 33, 162, 292, 38, 40, 810, 683, 61, 823, 824, 827, 957, 706, 779, 407, 72, 585, 720, 83, 596, 85, 729, 602, 604, 733, 606, 80, 738, 867, 228, 678, 231, 491, 364, 356, 367, 624, 329, 89, 473, 249, 890, 980, 254]
i =  28 [647, 137, 138, 109, 401, 147, 283, 668, 413, 938, 44, 814, 432, 433, 182, 570, 607, 446, 832, 67, 374, 717, 974, 335, 976, 977, 851, 981, 470, 344, 719, 122, 479, 480, 225, 593, 600, 237, 111, 112, 115, 464, 758, 506, 763, 638]
i =  29 [258, 643, 520, 781, 365, 786, 259, 943, 284, 805, 431, 49, 818, 179, 351, 191, 69, 326, 77, 465, 853, 861, 991, 610, 355, 101, 849, 106, 107, 621, 751, 229, 118, 760, 252]
i =  30 [768, 387, 900, 5, 776, 521, 398, 912, 515, 21, 920, 324, 539, 545, 802, 163, 167, 299, 684, 429, 743, 48, 819, 820, 437, 187, 330, 317, 65, 963, 708, 200, 458, 204, 930, 34, 595, 472, 730, 866, 891, 612, 615, 999, 879, 979, 630, 762, 251, 39]
i =  31 [898, 648, 88, 19, 408, 673, 803, 293, 295, 817, 53, 310, 443, 192, 199, 712, 599, 216, 345, 165, 741, 998, 275, 915, 500, 503, 895]
i =  32 [769, 260, 775, 9, 10, 87, 12, 271, 528, 658, 403, 917, 536, 921, 794, 27, 288, 422, 935, 553, 42, 903, 300, 45, 303, 691, 950, 55, 953, 826, 955, 60, 394, 831, 450, 323, 524, 845, 462, 661, 724, 855, 144, 482, 611, 100, 230, 358, 487, 870, 551, 108, 451, 495, 752, 883, 628, 245, 379, 639]
i =  33 [258, 259, 520, 781, 365, 786, 643, 943, 284, 418, 805, 431, 49, 818, 179, 191, 69, 326, 204, 77, 849, 853, 861, 351, 610, 355, 101, 465, 106, 107, 621, 751, 229, 118, 760, 933, 252]
i =  34 [640, 64, 649, 13, 142, 785, 278, 23, 410, 922, 158, 31, 960, 934, 945, 41, 811, 301, 46, 815, 944, 305, 393, 952, 441, 830, 448, 834, 836, 198, 711, 73, 337, 338, 725, 856, 858, 220, 735, 425, 732, 357, 145, 878, 509, 368, 754, 348, 119, 893, 166]
i =  35 [385, 2, 132, 906, 651, 268, 14, 276, 277, 151, 928, 291, 93, 176, 50, 52, 183, 185, 698, 699, 62, 959, 576, 68, 201, 74, 75, 591, 848, 989, 222, 315, 614, 232, 618, 243, 246, 375]
i =  36 [768, 387, 900, 65, 776, 521, 398, 399, 912, 515, 21, 920, 708, 539, 545, 930, 163, 167, 299, 684, 429, 743, 819, 820, 437, 187, 330, 317, 193, 963, 324, 710, 200, 458, 802, 595, 472, 730, 866, 891, 612, 999, 615, 879, 979, 630, 762, 251, 39]
i =  37 [642, 644, 22, 6, 904, 556, 10, 908, 782, 274, 148, 790, 154, 923, 28, 30, 671, 416, 801, 91, 420, 262, 423, 808, 796, 43, 428, 662, 359, 690, 949, 186, 574, 703, 320, 195, 965, 582, 71, 454, 524, 715, 716, 718, 975, 505, 339, 598, 471, 472, 985, 475, 988, 477, 734, 95, 481, 994, 871, 404, 875, 620, 146, 971, 954, 552, 723, 373, 609, 121, 247, 382, 127]
i =  38 [512, 384, 8, 905, 139, 911, 16, 18, 918, 155, 412, 947, 168, 298, 555, 307, 692, 695, 316, 76, 78, 468, 215, 984, 608, 98, 742, 753, 501, 376]
i =  39 [642, 644, 662, 6, 904, 556, 10, 471, 908, 782, 274, 404, 790, 148, 22, 923, 28, 154, 30, 671, 416, 801, 475, 420, 262, 423, 808, 796, 43, 428, 690, 871, 949, 186, 574, 703, 320, 195, 965, 582, 71, 454, 524, 715, 716, 718, 975, 339, 505, 985, 91, 988, 477, 734, 95, 481, 994, 359, 875, 620, 146, 971, 954, 552, 723, 373, 609, 121, 247, 382, 127]
i =  40 [258, 259, 520, 781, 621, 786, 643, 535, 26, 431, 284, 805, 943, 49, 818, 179, 55, 191, 68, 69, 326, 77, 465, 853, 861, 351, 610, 355, 101, 849, 106, 107, 365, 751, 229, 882, 118, 760, 252]
i =  41 [514, 261, 140, 130, 15, 784, 787, 664, 538, 667, 541, 287, 294, 558, 925, 560, 564, 309, 438, 56, 59, 444, 961, 452, 79, 982, 727, 986, 347, 655, 736, 993, 613, 617, 236, 881, 250, 508, 767]
i =  42 [647, 137, 237, 401, 147, 283, 668, 413, 160, 938, 44, 814, 432, 433, 182, 570, 607, 446, 832, 67, 758, 717, 974, 335, 976, 977, 851, 981, 470, 600, 719, 506, 479, 480, 225, 344, 593, 109, 111, 112, 115, 464, 374, 122, 763, 638]
i =  43 [640, 448, 811, 649, 652, 13, 142, 143, 785, 278, 23, 410, 922, 158, 31, 960, 166, 945, 41, 171, 301, 46, 815, 944, 305, 253, 393, 952, 441, 830, 64, 834, 836, 198, 711, 73, 337, 338, 220, 725, 856, 858, 348, 735, 425, 995, 732, 357, 145, 878, 893, 368, 754, 934, 119, 509]
i =  44 [647, 137, 109, 401, 147, 283, 668, 413, 160, 938, 44, 814, 432, 433, 182, 568, 570, 607, 446, 832, 67, 374, 717, 974, 335, 976, 977, 851, 596, 206, 470, 344, 719, 506, 479, 480, 225, 997, 593, 600, 237, 111, 112, 115, 464, 758, 122, 763, 638, 981]
i =  45 [257, 389, 136, 907, 525, 20, 414, 645, 672, 936, 546, 325, 424, 809, 682, 941, 434, 439, 319, 705, 194, 580, 197, 967, 586, 203, 972, 336, 211, 90, 605, 962, 996, 485, 1000, 105, 238, 113, 759, 636]
i =  46 [157, 926, 419, 549, 175, 946, 54, 314, 956, 342, 983, 219, 350, 992, 227, 622, 637, 242, 756, 889, 124, 253, 255]
i =  47 [647, 137, 138, 237, 401, 147, 283, 668, 413, 938, 44, 814, 432, 433, 182, 570, 479, 446, 832, 67, 758, 969, 717, 974, 335, 976, 977, 851, 981, 470, 344, 719, 506, 607, 480, 225, 593, 600, 109, 111, 112, 370, 115, 464, 374, 122, 763, 638]
i =  48 [768, 387, 900, 65, 776, 521, 398, 399, 912, 17, 515, 999, 21, 920, 324, 539, 799, 545, 930, 163, 167, 681, 299, 684, 429, 304, 819, 820, 437, 311, 187, 330, 317, 193, 963, 708, 161, 200, 458, 802, 970, 547, 212, 48, 472, 730, 979, 866, 251, 612, 615, 743, 879, 595, 630, 39, 762, 891, 126]
i =  49 [257, 645, 136, 907, 525, 20, 414, 389, 672, 546, 113, 424, 809, 682, 171, 434, 439, 319, 705, 194, 580, 325, 967, 586, 203, 972, 973, 336, 211, 197, 90, 605, 962, 996, 485, 1000, 105, 238, 936, 759, 636]
i =  50 [768, 515, 900, 776, 521, 398, 399, 912, 387, 21, 920, 324, 539, 545, 930, 163, 167, 299, 684, 429, 743, 48, 819, 948, 437, 820, 187, 317, 458, 65, 963, 708, 200, 330, 204, 802, 34, 979, 472, 730, 866, 251, 612, 999, 615, 879, 595, 630, 762, 891, 39]
i =  51 [130, 261, 134, 140, 514, 655, 784, 787, 664, 538, 667, 925, 287, 294, 558, 541, 560, 564, 309, 438, 951, 56, 59, 444, 961, 452, 79, 982, 727, 986, 15, 736, 993, 613, 617, 236, 881, 250, 508, 767]
i =  52 [257, 645, 136, 907, 525, 20, 924, 414, 389, 672, 936, 546, 424, 809, 682, 171, 434, 439, 319, 705, 194, 580, 325, 967, 586, 203, 972, 336, 211, 197, 90, 605, 962, 996, 485, 1000, 105, 238, 113, 759, 636]
i =  53 [898, 648, 216, 19, 408, 673, 803, 293, 295, 817, 53, 310, 443, 192, 199, 712, 931, 599, 88, 345, 915, 165, 352, 741, 275, 500, 503, 895]
i =  54 [128, 641, 390, 777, 914, 405, 281, 540, 800, 290, 35, 677, 92, 436, 181, 184, 190, 707, 581, 466, 343, 860, 221, 37, 96, 97, 226, 484, 876, 366, 318]
i =  55 [640, 960, 649, 13, 142, 785, 916, 278, 23, 922, 158, 31, 934, 945, 41, 811, 301, 46, 815, 944, 305, 393, 952, 441, 830, 64, 193, 834, 836, 198, 711, 73, 337, 338, 725, 856, 858, 220, 735, 425, 732, 357, 145, 878, 509, 368, 754, 348, 119, 448, 893, 166]
i =  56 [898, 648, 216, 19, 919, 408, 673, 803, 293, 295, 817, 53, 310, 443, 192, 199, 712, 599, 88, 345, 915, 165, 741, 275, 500, 503, 895]
i =  57 [897, 910, 150, 857, 280, 282, 32, 929, 675, 676, 435, 569, 36, 66, 838, 289, 590, 854, 548, 731, 864, 748, 877, 496, 757, 381]
i =  58 [899, 523, 402, 666, 415, 674, 174, 816, 308, 822, 696, 829, 702, 577, 196, 202, 588, 210, 852, 346, 886, 383]
i =  59 [128, 641, 390, 777, 405, 281, 540, 800, 290, 35, 37, 92, 436, 181, 184, 60, 190, 707, 581, 466, 343, 860, 221, 677, 96, 97, 226, 484, 876, 366, 318, 887]
i =  60 [640, 960, 649, 652, 13, 142, 145, 448, 278, 23, 922, 158, 31, 934, 945, 41, 811, 301, 46, 815, 944, 305, 393, 952, 441, 830, 64, 193, 834, 836, 198, 711, 73, 653, 337, 338, 725, 856, 858, 220, 735, 425, 732, 357, 785, 878, 893, 368, 754, 348, 119, 892, 509, 166]
i =  61 [577, 674, 196, 886, 202, 523, 588, 210, 174, 816, 402, 308, 894, 822, 696, 852, 346, 383, 666, 702, 415]
i =  62 [257, 389, 136, 907, 525, 20, 414, 645, 672, 936, 546, 424, 809, 682, 171, 434, 439, 319, 705, 194, 580, 325, 967, 586, 203, 972, 336, 211, 197, 90, 605, 962, 996, 485, 1000, 105, 238, 880, 113, 759, 636]
i =  63 [129, 388, 902, 519, 656, 285, 927, 296, 755, 445, 447, 328, 713, 888, 218, 349, 103, 872, 619, 627, 504, 765]
i =  64 [647, 137, 138, 109, 401, 344, 147, 24, 283, 668, 413, 938, 44, 814, 432, 433, 182, 570, 607, 446, 832, 67, 758, 717, 974, 335, 976, 593, 851, 596, 981, 470, 600, 859, 506, 719, 479, 480, 225, 997, 977, 237, 111, 112, 115, 464, 374, 122, 763, 638]
i =  65 [897, 150, 857, 280, 282, 32, 289, 675, 36, 435, 569, 66, 838, 929, 590, 676, 854, 548, 731, 862, 864, 748, 877, 496, 757, 381]
i =  66 [898, 648, 216, 19, 408, 673, 931, 293, 295, 817, 53, 310, 443, 192, 199, 712, 803, 599, 88, 345, 915, 165, 352, 868, 741, 275, 500, 502, 503, 895]
i =  67 [161, 3, 837, 571, 744, 306, 302, 207, 689, 722, 123, 116, 634, 239, 474, 510, 63]
i =  68 [896, 1, 901, 812, 11, 579, 660, 409, 156, 29, 172, 941, 693, 313, 442, 835, 455, 841, 332, 208, 467, 84, 603, 737, 488, 234, 625, 114, 511]
i =  69 [388, 902, 103, 328, 713, 842, 619, 519, 285, 656, 504, 627, 349, 755, 888, 445, 218, 927, 296, 765, 447]
i =  70 [157, 926, 419, 549, 175, 946, 54, 314, 956, 846, 342, 983, 219, 350, 992, 227, 622, 637, 242, 756, 889, 124, 253, 255]
i =  71 [157, 926, 419, 549, 175, 946, 54, 314, 956, 342, 983, 219, 350, 227, 828, 622, 242, 756, 889, 124, 637, 255]
i =  72 [768, 515, 900, 833, 776, 521, 398, 399, 912, 387, 21, 920, 324, 539, 545, 930, 163, 167, 681, 299, 684, 429, 48, 819, 820, 437, 615, 187, 458, 65, 963, 708, 200, 330, 802, 979, 472, 730, 866, 251, 612, 743, 999, 317, 879, 595, 630, 39, 762, 891, 126]
i =  73 [7, 395, 780, 141, 813, 149, 795, 411, 932, 679, 391, 685, 821, 825, 572, 456, 589, 847, 82, 213, 804, 347, 223, 869, 233, 493, 885, 248, 635]
i =  74 [898, 648, 88, 275, 919, 408, 798, 673, 803, 165, 295, 817, 53, 310, 443, 192, 19, 199, 712, 599, 216, 345, 293, 741, 998, 915, 500, 503, 895]
i =  75 [256, 770, 939, 772, 773, 135, 264, 265, 266, 779, 527, 529, 530, 531, 407, 24, 793, 367, 670, 544, 33, 162, 292, 38, 40, 810, 683, 557, 823, 824, 827, 61, 706, 72, 585, 663, 973, 80, 594, 980, 85, 791, 729, 602, 604, 733, 606, 720, 738, 867, 228, 678, 231, 491, 364, 356, 957, 624, 329, 254, 89, 249, 890, 473]
i =  76 [259, 520, 781, 621, 786, 643, 943, 284, 805, 431, 49, 818, 179, 191, 69, 326, 77, 749, 465, 853, 861, 351, 610, 355, 101, 849, 106, 107, 365, 751, 229, 118, 760, 252]
i =  77 [642, 875, 644, 22, 6, 904, 556, 908, 782, 146, 404, 790, 985, 148, 154, 923, 796, 671, 416, 801, 91, 420, 262, 423, 552, 28, 43, 428, 662, 690, 949, 186, 61, 574, 703, 320, 83, 195, 965, 582, 71, 454, 524, 459, 716, 718, 975, 505, 339, 598, 471, 89, 475, 988, 477, 734, 95, 481, 994, 715, 871, 359, 620, 274, 971, 954, 808, 723, 373, 609, 761, 121, 127, 382, 247]
i =  78 [157, 926, 419, 549, 175, 946, 54, 314, 956, 342, 983, 219, 350, 992, 227, 764, 622, 637, 242, 756, 889, 124, 253, 255]
i =  79 [7, 392, 395, 141, 813, 149, 795, 411, 804, 679, 685, 821, 825, 572, 456, 589, 847, 82, 213, 932, 223, 740, 869, 233, 493, 885, 248, 635]
i =  80 [157, 926, 419, 549, 175, 946, 54, 314, 956, 342, 983, 219, 350, 227, 746, 622, 242, 756, 889, 124, 637, 255]
i =  81 [257, 645, 136, 907, 962, 20, 414, 197, 672, 546, 113, 424, 809, 682, 434, 439, 319, 705, 194, 580, 325, 967, 389, 586, 203, 972, 525, 336, 211, 90, 91, 605, 996, 485, 1000, 105, 747, 238, 936, 759, 636]
i =  82 [386, 131, 134, 778, 652, 397, 526, 783, 400, 771, 788, 789, 279, 25, 806, 297, 940, 687, 304, 177, 562, 563, 565, 694, 440, 188, 650, 704, 964, 709, 70, 457, 844, 334, 463, 592, 209, 978, 270, 726, 94, 991, 992, 353, 739, 102, 721, 616, 745, 363, 492, 494, 623, 241, 882, 884, 117, 189, 632, 378, 766]
i =  83 [898, 648, 216, 19, 408, 673, 803, 165, 295, 817, 53, 310, 443, 192, 199, 712, 714, 599, 88, 345, 915, 293, 741, 998, 275, 500, 502, 503, 895]
i =  84 [514, 261, 134, 140, 130, 655, 784, 787, 686, 664, 538, 667, 925, 287, 294, 558, 541, 560, 564, 309, 438, 951, 56, 59, 444, 961, 452, 79, 982, 727, 986, 15, 736, 993, 613, 617, 236, 881, 250, 508, 767]
i =  85 [257, 645, 136, 907, 525, 20, 414, 197, 672, 546, 113, 424, 809, 682, 434, 439, 701, 319, 705, 194, 580, 325, 967, 389, 586, 203, 972, 336, 211, 90, 91, 605, 962, 996, 485, 1000, 105, 238, 936, 759, 636]
i =  86 [897, 654, 150, 857, 280, 282, 32, 929, 675, 676, 435, 569, 36, 66, 838, 289, 590, 854, 548, 731, 864, 748, 877, 496, 757, 381]
i =  87 [7, 392, 395, 141, 813, 149, 406, 795, 411, 804, 679, 685, 821, 825, 572, 456, 589, 847, 82, 213, 932, 223, 869, 233, 493, 626, 885, 248, 635]
i =  88 [257, 645, 136, 907, 525, 20, 414, 197, 672, 936, 546, 424, 809, 682, 434, 439, 319, 705, 194, 580, 325, 967, 389, 586, 203, 972, 336, 211, 90, 605, 962, 996, 485, 1000, 105, 238, 113, 629, 759, 636]
i =  89 [768, 515, 900, 65, 776, 521, 398, 912, 387, 21, 920, 708, 539, 545, 802, 163, 420, 167, 299, 684, 429, 743, 48, 819, 820, 437, 187, 317, 458, 193, 963, 324, 200, 330, 204, 930, 335, 34, 595, 472, 730, 866, 99, 612, 999, 615, 879, 979, 630, 251, 633, 762, 891, 39]
i =  90 [898, 648, 216, 19, 408, 673, 803, 293, 295, 199, 817, 53, 310, 443, 192, 583, 712, 599, 88, 345, 915, 165, 741, 275, 500, 503, 895]
i =  91 [385, 2, 132, 906, 651, 268, 14, 276, 277, 151, 928, 291, 989, 176, 50, 52, 183, 185, 698, 699, 62, 959, 576, 68, 201, 74, 75, 591, 601, 93, 222, 315, 614, 232, 618, 243, 246, 375]
i =  92 [161, 3, 837, 744, 239, 722, 302, 207, 689, 306, 123, 116, 533, 474, 571, 634, 510, 63]
i =  93 [897, 150, 857, 280, 537, 282, 32, 929, 675, 676, 435, 569, 36, 66, 838, 289, 590, 854, 548, 731, 864, 748, 877, 496, 757, 381]
i =  94 [896, 1, 901, 812, 11, 835, 660, 409, 156, 29, 542, 172, 941, 693, 313, 442, 579, 455, 332, 208, 467, 84, 603, 737, 488, 234, 625, 114, 511]
i =  95 [514, 261, 550, 140, 130, 655, 784, 787, 664, 538, 667, 925, 287, 294, 938, 427, 558, 541, 560, 564, 309, 438, 56, 59, 444, 961, 452, 461, 79, 982, 727, 986, 15, 736, 993, 613, 231, 617, 236, 881, 250, 508, 767]
i =  96 [256, 770, 939, 772, 135, 264, 265, 266, 791, 527, 529, 530, 531, 407, 24, 793, 410, 367, 156, 670, 544, 33, 162, 292, 38, 40, 554, 683, 823, 824, 827, 61, 706, 779, 72, 585, 663, 80, 596, 85, 249, 729, 602, 604, 733, 606, 720, 738, 867, 228, 678, 231, 491, 364, 356, 957, 624, 371, 329, 254, 89, 980, 890, 810, 473]
i =  97 [408, 561, 165, 199]
i =  98 [516, 774, 263, 267, 909, 17, 659, 532, 665, 153, 417, 421, 807, 680, 942, 559, 567, 697, 58, 958, 322, 584, 587, 205, 597, 57, 217, 990, 490, 750, 497, 631, 341]
i =  99 [769, 260, 773, 775, 9, 394, 87, 12, 271, 528, 913, 658, 403, 917, 536, 921, 794, 27, 5, 288, 547, 422, 551, 553, 170, 903, 300, 45, 303, 691, 950, 55, 953, 826, 955, 573, 831, 450, 323, 524, 845, 462, 661, 724, 855, 347, 144, 482, 611, 100, 870, 358, 487, 360, 361, 935, 108, 451, 495, 752, 883, 628, 245, 379, 126, 639]
i =  100 [512, 513, 386, 131, 726, 518, 778, 397, 270, 783, 400, 563, 771, 788, 789, 279, 25, 47, 799, 134, 806, 241, 168, 297, 940, 562, 687, 304, 177, 178, 307, 692, 565, 694, 440, 188, 189, 575, 704, 964, 70, 457, 844, 334, 463, 592, 209, 978, 526, 342, 94, 650, 992, 353, 739, 102, 721, 616, 700, 363, 492, 494, 623, 76, 360, 498, 499, 884, 117, 745, 632, 378, 766, 469]
i =  101 [512, 384, 517, 905, 139, 911, 16, 18, 918, 155, 412, 947, 168, 298, 555, 307, 695, 316, 76, 78, 468, 215, 984, 608, 98, 742, 753, 501, 376]
i =  102 [258, 643, 520, 522, 781, 621, 786, 259, 431, 284, 805, 943, 49, 818, 179, 191, 69, 326, 77, 849, 853, 861, 351, 610, 355, 101, 465, 106, 107, 365, 751, 229, 118, 760, 252]
i =  103 [258, 259, 520, 781, 621, 786, 643, 26, 943, 284, 30, 805, 431, 49, 818, 179, 191, 449, 69, 326, 77, 461, 849, 853, 101, 861, 351, 610, 355, 229, 465, 106, 107, 365, 751, 749, 118, 760, 252]
i =  104 [642, 875, 644, 22, 6, 904, 556, 908, 782, 272, 274, 404, 790, 148, 154, 923, 796, 671, 416, 801, 247, 91, 420, 262, 423, 808, 28, 43, 428, 662, 690, 949, 186, 574, 703, 320, 481, 195, 965, 582, 71, 454, 524, 715, 716, 718, 975, 505, 339, 598, 471, 985, 475, 988, 477, 734, 95, 609, 994, 871, 359, 620, 146, 971, 954, 552, 723, 373, 425, 121, 460, 382, 127]
i =  105 [642, 644, 790, 6, 904, 428, 908, 782, 274, 148, 22, 154, 923, 28, 671, 416, 801, 475, 262, 808, 169, 43, 556, 662, 688, 690, 871, 949, 121, 186, 61, 574, 703, 320, 195, 965, 582, 71, 328, 715, 476, 718, 975, 723, 471, 985, 91, 988, 477, 734, 95, 481, 994, 796, 359, 454, 404, 875, 620, 146, 971, 954, 552, 339, 373, 609, 505, 127, 382, 247]
i =  106 [130, 261, 140, 514, 15, 784, 787, 664, 538, 667, 925, 287, 294, 427, 558, 541, 560, 561, 564, 309, 438, 56, 59, 444, 961, 452, 461, 79, 982, 727, 986, 655, 736, 993, 483, 613, 617, 236, 881, 250, 508, 767]
i =  107 [129, 388, 902, 519, 656, 285, 927, 296, 755, 445, 447, 328, 713, 842, 504, 87, 218, 349, 486, 103, 619, 627, 888, 765]
i =  108 [157, 926, 419, 549, 175, 946, 54, 372, 314, 956, 342, 983, 219, 350, 227, 746, 622, 242, 756, 889, 124, 637, 255]
i =  109 [640, 960, 7, 145, 649, 396, 13, 142, 785, 448, 278, 23, 410, 922, 158, 31, 162, 166, 305, 41, 811, 301, 46, 815, 944, 945, 393, 952, 441, 830, 64, 834, 836, 198, 711, 73, 119, 337, 338, 725, 856, 858, 220, 735, 732, 934, 357, 878, 509, 368, 754, 348, 425, 893]
i =  110 [647, 137, 237, 401, 147, 26, 283, 668, 413, 160, 550, 426, 44, 814, 432, 433, 182, 570, 607, 446, 832, 67, 374, 717, 974, 335, 976, 977, 851, 981, 470, 344, 719, 122, 479, 480, 225, 593, 600, 109, 111, 112, 115, 464, 758, 506, 763, 938, 638]
i =  111 [161, 3, 837, 744, 239, 722, 430, 207, 689, 306, 123, 116, 302, 474, 571, 634, 510, 63]
i =  112 [512, 384, 905, 139, 911, 16, 18, 918, 155, 412, 947, 168, 298, 555, 307, 695, 316, 331, 76, 78, 468, 215, 984, 608, 98, 742, 753, 501, 376]
i =  113 [7, 392, 395, 141, 813, 149, 406, 795, 589, 411, 932, 679, 685, 821, 825, 572, 456, 333, 847, 82, 213, 804, 223, 869, 233, 493, 885, 248, 635]
i =  114 [577, 674, 196, 886, 202, 523, 588, 210, 174, 816, 402, 308, 702, 822, 696, 340, 346, 383, 666, 852, 415]
i =  115 [642, 875, 644, 22, 6, 904, 556, 908, 782, 146, 148, 662, 127, 154, 923, 796, 671, 416, 801, 475, 420, 262, 423, 808, 28, 43, 428, 686, 690, 949, 186, 574, 703, 320, 195, 965, 582, 71, 454, 524, 971, 716, 354, 206, 975, 505, 339, 718, 598, 471, 985, 91, 988, 477, 734, 95, 481, 994, 356, 715, 871, 404, 359, 620, 274, 954, 552, 723, 373, 609, 121, 790, 382, 247]
i =  116 [514, 261, 522, 140, 130, 15, 784, 787, 664, 538, 667, 925, 287, 294, 427, 558, 541, 560, 564, 309, 438, 56, 59, 444, 961, 452, 461, 79, 982, 727, 986, 655, 736, 993, 613, 617, 362, 236, 881, 250, 508, 767]
i =  117 [385, 2, 132, 906, 651, 268, 14, 276, 277, 151, 928, 291, 989, 176, 50, 52, 183, 185, 698, 315, 62, 959, 576, 68, 201, 74, 75, 591, 93, 222, 224, 699, 614, 232, 618, 243, 246, 375]
i =  118 [642, 235, 644, 662, 6, 904, 556, 10, 908, 782, 274, 148, 22, 127, 154, 923, 28, 30, 671, 416, 801, 91, 420, 262, 423, 552, 796, 43, 428, 690, 871, 949, 186, 574, 703, 320, 195, 965, 582, 71, 454, 524, 459, 716, 77, 718, 975, 505, 339, 598, 471, 985, 475, 988, 477, 734, 95, 481, 994, 715, 359, 404, 875, 620, 146, 971, 954, 808, 723, 373, 609, 121, 790, 382, 247]
i =  119 [157, 926, 419, 549, 175, 946, 54, 314, 956, 342, 983, 219, 350, 227, 622, 240, 242, 756, 889, 124, 637, 255]
i =  120 [896, 1, 901, 812, 11, 269, 835, 660, 409, 156, 29, 172, 693, 313, 442, 579, 455, 332, 208, 467, 84, 603, 737, 488, 234, 625, 114, 511]
i =  121 [386, 771, 134, 650, 652, 397, 270, 783, 400, 273, 131, 788, 279, 25, 687, 806, 297, 940, 47, 304, 177, 562, 563, 692, 565, 694, 440, 188, 189, 704, 964, 70, 778, 844, 334, 463, 592, 209, 978, 526, 726, 143, 94, 739, 102, 721, 616, 745, 363, 492, 494, 623, 241, 884, 117, 632, 378, 766]
i =  122 [129, 388, 902, 519, 656, 285, 286, 927, 296, 755, 445, 447, 328, 713, 888, 218, 349, 103, 619, 627, 504, 765]
i =  123 [640, 64, 145, 649, 11, 780, 13, 142, 785, 448, 110, 278, 23, 922, 158, 31, 166, 305, 41, 811, 301, 46, 815, 944, 945, 393, 952, 441, 830, 960, 834, 836, 198, 711, 652, 119, 337, 338, 725, 856, 858, 220, 735, 732, 934, 357, 423, 878, 73, 368, 754, 348, 893, 425, 509]
i =  124 [384, 512, 8, 905, 139, 911, 16, 18, 918, 155, 412, 947, 168, 298, 555, 307, 695, 316, 76, 78, 120, 468, 215, 984, 608, 98, 742, 753, 501, 376]
i =  125 [386, 131, 134, 650, 397, 526, 783, 400, 771, 788, 789, 279, 152, 25, 687, 799, 518, 806, 297, 940, 47, 304, 177, 562, 563, 692, 565, 694, 440, 188, 189, 704, 964, 70, 457, 842, 844, 334, 463, 592, 209, 978, 270, 726, 94, 353, 739, 102, 721, 616, 745, 363, 492, 494, 623, 241, 778, 884, 117, 632, 378, 499, 766]
i =  126 [640, 960, 649, 652, 13, 142, 785, 448, 278, 23, 922, 158, 31, 164, 934, 945, 41, 811, 301, 46, 815, 944, 305, 393, 952, 441, 830, 64, 193, 834, 836, 198, 711, 73, 337, 338, 725, 856, 858, 220, 735, 425, 732, 357, 145, 878, 893, 368, 754, 348, 119, 509, 166]
i =  127 [516, 774, 263, 267, 909, 17, 659, 532, 665, 153, 417, 421, 807, 680, 942, 559, 48, 180, 697, 58, 958, 322, 584, 587, 205, 341, 57, 217, 990, 490, 750, 497, 631, 597]
i =  128 [512, 905, 139, 911, 16, 18, 918, 155, 412, 947, 168, 298, 555, 307, 695, 316, 76, 78, 81, 468, 215, 984, 608, 98, 742, 753, 501, 376]
finish get all communities
complete deal_communities
commplete get_all_nature_community
----------------------------------The detection result is: 

all communities: 
i =  1 : [4, 51, 86, 104, 125, 133, 159, 214, 244, 312, 321, 327, 453, 489, 507, 534, 543, 566, 578, 792, 797, 839, 840, 863, 865, 873]
i =  2 : [89, 131, 162, 166, 380, 407, 706]
i =  3 : [165, 199, 408, 561]
i =  4 : [3, 63, 116, 123, 161, 207, 239, 302, 306, 430, 474, 510, 533, 571, 634, 689, 722, 744, 837]
i =  5 : [17, 48, 57, 58, 153, 180, 205, 217, 263, 267, 322, 341, 417, 421, 490, 497, 516, 532, 559, 567, 584, 587, 597, 631, 659, 665, 680, 697, 750, 774, 807, 909, 942, 958, 990]
i =  6 : [5, 9, 10, 12, 27, 42, 45, 55, 60, 87, 100, 108, 126, 144, 170, 230, 245, 260, 271, 288, 300, 303, 323, 347, 358, 360, 361, 377, 379, 394, 403, 422, 450, 451, 462, 482, 487, 495, 524, 528, 536, 547, 551, 553, 573, 611, 628, 639, 658, 661, 691, 724, 752, 769, 773, 775, 794, 826, 831, 845, 855, 870, 883, 903, 913, 917, 921, 935, 950, 953, 955]
i =  7 : [35, 37, 60, 92, 96, 97, 128, 181, 184, 190, 221, 226, 281, 290, 318, 343, 366, 390, 405, 436, 466, 484, 540, 581, 641, 677, 707, 777, 800, 860, 874, 876, 887, 914]
i =  8 : [2, 14, 50, 52, 62, 68, 74, 75, 93, 132, 151, 176, 183, 185, 201, 222, 224, 232, 243, 246, 268, 276, 277, 291, 315, 375, 385, 576, 591, 601, 614, 618, 651, 698, 699, 848, 906, 928, 959, 989]
i =  9 : [174, 196, 202, 210, 308, 340, 346, 383, 402, 415, 523, 577, 588, 666, 674, 696, 702, 816, 822, 829, 852, 886, 894, 899]
i =  10 : [87, 103, 129, 218, 285, 286, 296, 328, 349, 388, 445, 447, 486, 504, 519, 619, 627, 656, 713, 755, 765, 842, 872, 888, 902, 927]
i =  11 : [1, 11, 29, 84, 114, 156, 172, 208, 234, 269, 313, 332, 409, 442, 455, 467, 488, 511, 542, 579, 603, 625, 660, 693, 737, 812, 835, 841, 896, 901, 941]
i =  12 : [32, 36, 66, 150, 280, 282, 289, 381, 435, 496, 537, 548, 569, 590, 654, 675, 676, 731, 748, 757, 838, 854, 857, 862, 864, 877, 897, 910, 929]
i =  13 : [19, 53, 88, 165, 192, 199, 216, 275, 293, 295, 310, 345, 352, 408, 443, 500, 502, 503, 583, 599, 648, 673, 712, 714, 741, 798, 803, 817, 868, 895, 898, 915, 919, 931, 998]
i =  14 : [7, 82, 141, 149, 213, 223, 233, 248, 333, 347, 391, 392, 395, 406, 411, 456, 493, 572, 589, 626, 635, 679, 685, 740, 780, 795, 804, 813, 821, 825, 847, 869, 885, 932]
i =  15 : [25, 47, 70, 76, 94, 102, 117, 131, 134, 143, 152, 168, 177, 178, 188, 189, 209, 241, 270, 273, 279, 297, 304, 307, 334, 342, 353, 360, 363, 369, 378, 386, 397, 400, 440, 457, 463, 469, 492, 494, 498, 499, 512, 513, 518, 526, 562, 563, 565, 575, 592, 616, 623, 632, 650, 652, 657, 687, 692, 694, 700, 704, 709, 721, 726, 739, 745, 766, 771, 778, 783, 788, 789, 799, 806, 842, 844, 882, 884, 940, 964, 978, 987, 991, 992]
i =  16 : [24, 33, 38, 40, 61, 72, 80, 83, 85, 89, 135, 156, 162, 228, 231, 249, 254, 256, 264, 265, 266, 292, 329, 356, 364, 367, 371, 392, 407, 410, 473, 491, 527, 529, 530, 531, 544, 554, 557, 585, 594, 596, 602, 604, 606, 624, 646, 663, 670, 678, 683, 706, 720, 729, 733, 738, 770, 772, 773, 779, 791, 793, 810, 823, 824, 827, 867, 890, 913, 937, 939, 957, 973, 980]
i =  17 : [24, 26, 44, 67, 109, 111, 112, 115, 122, 137, 138, 147, 160, 182, 206, 225, 237, 283, 335, 344, 370, 374, 401, 413, 426, 432, 433, 446, 464, 470, 479, 480, 506, 550, 568, 570, 593, 596, 600, 607, 638, 647, 668, 717, 719, 728, 758, 763, 814, 832, 851, 859, 938, 969, 974, 976, 977, 981, 997]
i =  18 : [26, 30, 49, 55, 68, 69, 77, 101, 106, 107, 118, 179, 191, 204, 229, 252, 258, 259, 284, 326, 351, 355, 365, 418, 431, 449, 461, 465, 520, 522, 535, 610, 621, 643, 749, 751, 760, 781, 786, 805, 818, 849, 853, 861, 882, 933, 943, 991]
i =  19 : [8, 16, 18, 76, 78, 81, 98, 120, 139, 155, 168, 215, 298, 307, 316, 331, 376, 384, 412, 468, 501, 512, 517, 555, 608, 692, 695, 742, 753, 905, 911, 918, 947, 984]
i =  20 : [54, 124, 157, 175, 219, 227, 240, 242, 253, 255, 314, 342, 350, 372, 419, 549, 622, 637, 746, 756, 764, 828, 846, 889, 926, 946, 956, 983, 992]
i =  21 : [5, 17, 21, 34, 39, 48, 65, 99, 126, 161, 163, 167, 187, 193, 200, 204, 212, 251, 299, 304, 311, 317, 324, 330, 335, 387, 398, 399, 420, 429, 437, 458, 472, 515, 521, 539, 545, 547, 595, 612, 615, 630, 633, 681, 684, 708, 710, 730, 743, 762, 768, 776, 799, 802, 819, 820, 833, 843, 850, 866, 879, 891, 900, 912, 920, 930, 948, 963, 970, 979, 999]
i =  22 : [15, 56, 59, 79, 130, 134, 140, 231, 236, 250, 261, 287, 294, 309, 347, 362, 427, 438, 444, 452, 461, 478, 483, 508, 514, 522, 538, 541, 550, 558, 560, 561, 564, 613, 617, 655, 664, 667, 669, 686, 727, 736, 767, 784, 787, 874, 881, 925, 938, 951, 961, 966, 982, 986, 993]
i =  23 : [7, 11, 13, 23, 31, 41, 46, 64, 73, 110, 119, 142, 143, 145, 158, 162, 164, 166, 171, 193, 198, 220, 253, 278, 301, 305, 337, 338, 348, 357, 368, 393, 396, 410, 423, 425, 441, 448, 509, 640, 649, 652, 653, 711, 725, 732, 735, 754, 780, 785, 811, 815, 830, 834, 836, 856, 858, 878, 892, 893, 916, 922, 934, 944, 945, 952, 960, 968, 995]
i =  24 : [6, 10, 22, 28, 30, 43, 61, 71, 77, 83, 89, 91, 95, 121, 127, 146, 148, 154, 169, 173, 186, 195, 206, 235, 247, 262, 272, 274, 320, 328, 339, 354, 356, 359, 373, 382, 404, 416, 420, 423, 425, 428, 454, 459, 460, 471, 472, 475, 476, 477, 481, 505, 524, 552, 556, 574, 582, 598, 609, 620, 642, 644, 662, 671, 686, 688, 690, 703, 715, 716, 718, 723, 734, 761, 782, 790, 796, 801, 808, 871, 875, 904, 908, 923, 949, 954, 965, 971, 975, 985, 988, 994]
i =  25 : [20, 90, 91, 105, 113, 136, 171, 194, 197, 203, 211, 238, 257, 319, 325, 336, 389, 414, 424, 434, 439, 485, 525, 546, 580, 586, 605, 629, 636, 645, 672, 682, 701, 705, 747, 759, 809, 880, 907, 924, 936, 941, 962, 967, 972, 973, 996, 1000]
overlapping nodes are:  [5, 7, 10, 11, 17, 24, 26, 30, 48, 55, 60, 61, 68, 76, 77, 83, 87, 89, 91, 126, 131, 134, 143, 156, 161, 162, 165, 166, 168, 171, 193, 199, 204, 206, 231, 253, 304, 307, 328, 335, 342, 347, 356, 360, 392, 407, 408, 410, 420, 423, 425, 461, 472, 512, 522, 524, 547, 550, 561, 596, 652, 686, 692, 706, 773, 780, 799, 842, 874, 882, 913, 938, 941, 973, 991, 992] 
 NOO is:  76
total time is:  860.855512857
