setting... -N 1000
setting... -k 20
setting... -maxk 50
setting... -mu 0.3
setting... -t1 2
setting... -t2 1
setting... -minc 20
setting... -maxc 100
setting... -on 200
setting... -om 2

**************************************************************
number of nodes:	1000
average degree:	20
maximum degree:	50
exponent for the degree distribution:	2
exponent for the community size distribution:	1
mixing parameter:	0.3
number of overlapping nodes:	200
number of memberships of the overlapping nodes:	2
community size range set equal to [20 , 100]
**************************************************************

building communities... 
connecting communities... 
recording network...


---------------------------------------------------------------------------
network of 1000 vertices and 9649 edges;	 average degree = 19.298

average mixing parameter: 0.299424 +/- 0.0266651
p_in: 0.268183	p_out: 0.00826376


i =200: 
mutual3:	0.79709
