lens of ground_truth:  31
ground_truth is: [[61, 75, 115, 120, 138, 160, 178, 214, 258, 297, 304, 316, 330, 349, 378, 387, 397, 420, 447, 471, 483, 489, 509, 523, 535, 551, 563, 585, 591, 603, 614, 625, 648, 654, 658, 716, 745, 783, 842, 854, 875, 880, 890, 905, 908, 914, 918, 932, 936, 955, 958, 964, 965, 974, 997, 1000], [3, 9, 10, 16, 25, 29, 32, 51, 73, 74, 87, 98, 102, 129, 133, 135, 144, 145, 149, 152, 153, 155, 167, 168, 169, 171, 189, 206, 270, 279, 317, 333, 339, 342, 362, 370, 386, 403, 454, 455, 457, 461, 466, 496, 499, 508, 519, 529, 541, 545, 567, 574, 586, 596, 597, 607, 623, 632, 675, 682, 688, 703, 709, 731, 733, 742, 750, 757, 759, 769, 771, 782, 789, 790, 794, 796, 797, 816, 829, 834, 840, 845, 850, 853, 861, 864, 865, 878, 884, 888, 899, 908, 910, 915, 917, 920, 925, 933, 999], [14, 26, 35, 67, 79, 96, 125, 174, 213, 234, 245, 250, 279, 322, 345, 358, 421, 426, 444, 459, 479, 492, 520, 521, 560, 581, 583, 587, 599, 616, 636, 673, 695, 698, 716, 722, 738, 772, 826, 832, 835, 844, 863, 946, 992], [32, 34, 44, 63, 70, 87, 88, 90, 102, 103, 122, 124, 129, 138, 160, 162, 170, 224, 230, 232, 269, 275, 287, 319, 351, 395, 402, 411, 419, 502, 540, 561, 573, 601, 602, 610, 648, 651, 655, 699, 700, 816, 841, 862, 869, 870, 887, 902, 975, 993], [4, 22, 128, 133, 140, 177, 198, 225, 239, 241, 298, 309, 334, 361, 400, 424, 544, 562, 584, 605, 671, 691, 727, 803, 828, 852, 911, 916, 929, 957], [2, 24, 82, 91, 93, 191, 353, 403, 493, 527, 549, 566, 600, 645, 652, 662, 709, 714, 728, 735, 775, 791, 805, 838, 883], [12, 20, 43, 47, 50, 55, 59, 81, 85, 90, 126, 127, 141, 155, 158, 159, 161, 167, 169, 188, 196, 203, 210, 211, 217, 227, 240, 241, 252, 255, 257, 258, 260, 305, 311, 312, 338, 348, 355, 372, 383, 392, 401, 409, 418, 477, 478, 490, 492, 504, 531, 533, 587, 604, 627, 628, 634, 643, 659, 686, 705, 708, 713, 721, 724, 747, 751, 754, 757, 771, 787, 793, 814, 817, 821, 829, 836, 839, 855, 861, 866, 867, 876, 886, 900, 904, 960, 968, 976, 998], [7, 26, 42, 48, 56, 72, 78, 80, 92, 117, 139, 143, 154, 182, 244, 266, 287, 293, 297, 300, 311, 323, 343, 415, 442, 460, 496, 510, 570, 622, 649, 682, 703, 717, 762, 791, 860, 930, 953, 956, 966, 972, 990], [1, 19, 54, 114, 134, 195, 276, 307, 385, 410, 412, 421, 546, 551, 559, 603, 620, 653, 661, 720, 781, 916, 930, 978], [3, 20, 28, 31, 37, 61, 65, 66, 76, 107, 136, 139, 140, 144, 164, 165, 172, 219, 235, 237, 259, 262, 264, 285, 289, 290, 310, 345, 354, 370, 376, 395, 399, 408, 417, 439, 463, 473, 474, 480, 484, 507, 516, 529, 533, 535, 542, 550, 568, 572, 615, 629, 635, 649, 679, 689, 710, 719, 743, 750, 752, 760, 764, 776, 780, 802, 805, 810, 811, 824, 848, 878, 888, 889, 907, 927, 963, 968, 977, 978, 980, 985], [7, 16, 55, 94, 98, 109, 123, 218, 252, 285, 292, 304, 359, 424, 427, 451, 538, 548, 598, 665, 680, 692, 694, 718, 741, 774, 823, 915, 953, 961], [18, 41, 56, 59, 93, 97, 145, 168, 302, 312, 340, 378, 379, 385, 417, 425, 456, 471, 513, 554, 557, 579, 621, 631, 645, 656, 670, 714, 788, 850, 912, 955, 965], [19, 23, 40, 147, 195, 254, 320, 344, 355, 398, 422, 443, 465, 511, 549, 552, 594, 608, 615, 683, 687, 785, 788, 822, 897], [8, 40, 52, 77, 101, 151, 183, 190, 204, 360, 374, 405, 524, 525, 567, 568, 614, 617, 638, 668, 695, 697, 764, 796, 798, 806, 830, 831, 833, 931, 945, 975], [36, 57, 68, 89, 105, 110, 150, 163, 205, 299, 303, 373, 383, 410, 420, 429, 434, 479, 514, 530, 612, 658, 779, 827, 849, 921, 977], [108, 149, 247, 268, 295, 318, 328, 379, 388, 512, 547, 555, 592, 618, 622, 630, 734, 749, 801, 854, 859, 868, 900, 905, 906, 909, 926, 957, 967, 991], [11, 170, 173, 179, 187, 209, 221, 234, 262, 291, 294, 327, 402, 413, 435, 449, 459, 485, 487, 522, 569, 609, 660, 704, 730, 734, 739, 756, 781, 822, 903, 931, 959, 989, 1000], [15, 39, 47, 96, 111, 119, 141, 142, 194, 223, 242, 301, 307, 335, 357, 366, 404, 406, 431, 464, 486, 550, 569, 571, 588, 643, 690, 708, 711, 753, 763, 802, 852, 872, 874, 890, 894, 898, 935, 951, 967, 973, 994], [5, 17, 34, 38, 76, 83, 88, 124, 166, 174, 184, 198, 230, 277, 316, 319, 320, 332, 334, 335, 351, 367, 368, 381, 394, 437, 468, 526, 583, 593, 667, 674, 678, 684, 701, 725, 727, 758, 761, 776, 808, 815, 847, 893, 896, 913, 932, 958, 963, 986], [6, 13, 58, 84, 118, 152, 231, 238, 267, 273, 274, 284, 310, 318, 337, 347, 354, 356, 384, 406, 411, 414, 430, 461, 483, 506, 532, 548, 585, 606, 619, 628, 629, 680, 681, 688, 737, 792, 793, 795, 809, 812, 825, 834, 839, 856, 873, 897, 901, 934, 940, 979], [17, 44, 46, 64, 131, 158, 175, 201, 216, 217, 255, 314, 391, 416, 428, 482, 486, 491, 499, 600, 613, 624, 650, 742, 774, 777, 794, 804, 855, 863, 877, 887, 896, 928, 962], [43, 57, 63, 77, 95, 106, 112, 132, 157, 173, 175, 212, 273, 278, 325, 337, 369, 393, 400, 435, 440, 450, 466, 497, 500, 518, 526, 626, 665, 674, 702, 705, 731, 732, 744, 755, 762, 765, 767, 770, 797, 807, 819, 845, 859, 860, 876, 882, 938], [21, 27, 46, 48, 49, 51, 62, 99, 112, 113, 178, 179, 206, 212, 233, 248, 249, 281, 282, 286, 308, 314, 317, 321, 326, 333, 339, 347, 352, 363, 387, 407, 448, 454, 455, 458, 462, 472, 503, 531, 546, 547, 565, 578, 617, 633, 641, 644, 646, 647, 651, 656, 672, 676, 677, 736, 740, 759, 782, 813, 824, 830, 851, 853, 858, 872, 912, 919, 922, 924, 925, 939, 943, 947, 949, 981, 982, 996], [192, 194, 202, 207, 208, 222, 265, 271, 283, 306, 380, 451, 476, 494, 537, 576, 637, 641, 657, 663, 685, 689, 706, 746, 768, 810, 820, 857, 881, 891, 923, 944, 950], [33, 69, 79, 116, 156, 180, 186, 222, 235, 244, 259, 261, 274, 290, 296, 329, 350, 372, 376, 436, 453, 470, 477, 488, 490, 528, 539, 543, 553, 563, 627, 636, 640, 679, 707, 729, 733, 741, 767, 827, 879, 885, 886, 919, 927, 969, 970, 976, 983, 984, 987], [13, 127, 165, 201, 257, 263, 280, 315, 332, 438, 536, 541, 561, 574, 590, 631, 693, 723, 784, 806, 842, 904, 920], [11, 45, 53, 60, 66, 137, 148, 176, 191, 228, 229, 236, 272, 276, 305, 324, 371, 375, 377, 389, 445, 447, 458, 501, 504, 505, 507, 515, 519, 534, 543, 575, 588, 589, 592, 595, 596, 611, 612, 618, 646, 661, 664, 669, 672, 715, 724, 726, 744, 756, 765, 773, 787, 799, 836, 838, 844, 848, 894, 947, 954, 966, 970, 988, 990, 991], [83, 181, 218, 242, 245, 253, 254, 330, 331, 336, 359, 432, 457, 558, 662, 684, 707, 786, 795, 818, 843, 921], [31, 42, 54, 80, 117, 120, 130, 146, 193, 197, 199, 246, 251, 266, 296, 313, 343, 364, 368, 398, 409, 423, 467, 469, 564, 577, 580, 606, 639, 666, 696, 783, 814, 823, 826, 837, 871, 898, 948], [29, 45, 99, 159, 187, 215, 220, 226, 256, 288, 300, 346, 350, 353, 373, 374, 433, 452, 474, 481, 498, 512, 540, 556, 619, 623, 642, 712, 748, 778, 780, 800, 868, 882, 937, 941, 950, 952, 954, 971], [30, 35, 41, 58, 65, 71, 86, 100, 104, 107, 119, 121, 185, 200, 216, 224, 228, 243, 280, 291, 303, 338, 340, 341, 356, 365, 382, 390, 396, 441, 446, 453, 465, 475, 488, 489, 491, 495, 500, 506, 517, 582, 586, 675, 729, 738, 766, 779, 792, 821, 828, 846, 869, 885, 891, 892, 895, 933, 942, 961, 964, 969, 995]]
nodes: [748, 773, 775, 781, 784, 789, 790, 813, 817, 818, 819, 848, 850, 856, 861, 871, 884, 895, 899, 916, 918, 933, 938, 940, 944, 945, 947, 949, 950, 958, 962, 975, 976, 977, 980, 981, 984, 985, 986, 990, 991, 994, 995, 998, 1000] num of nodes:  45
[[256, 937, 941, 778, 498, 971, 748], [137, 773, 744], [82, 775, 883, 728, 527, 652], [730, 931, 903, 959, 989, 781], [438, 784, 693, 904, 536, 723, 590], [206, 999, 597, 789], [709, 769, 878, 790], [813, 851, 922, 924, 982], [628, 866, 817, 686], [253, 432, 843, 786, 558, 921, 818, 662], [497, 770, 518, 626, 819], [28, 848, 889], [425, 513, 850, 621], [84, 901, 856, 825, 812], [41, 579, 861], [423, 948, 871, 639, 696, 837], [51, 853, 884], [517, 961, 969, 892, 895], [270, 899, 864, 910], [114, 559, 978, 720, 916, 653], [349, 974, 997, 905, 914, 918], [816, 917, 933, 999], [518, 770, 755, 762, 938], [284, 979, 873, 532, 940], [202, 881, 923, 944, 820, 576, 768], [204, 945, 697, 833, 525, 668], [148, 988, 575, 371, 947], [565, 578, 949, 633, 943], [288, 712, 971, 941, 952, 882, 950], [367, 808, 593, 913, 958], [131, 928, 962, 613, 877, 777, 804], [122, 975, 610, 862, 602, 870], [180, 983, 879, 528, 987, 976], [89, 849, 977, 530, 299], [28, 811, 980, 889], [282, 939, 981, 858, 925], [470, 987, 983, 553, 984, 879, 919], [354, 963, 985, 710], [678, 847, 761, 986, 725, 913], [72, 972, 990, 966, 791], [247, 906, 967, 630, 909, 991], [994, 973, 951, 935, 366, 874, 872], [365, 995, 942, 766, 475], [211, 747, 960, 604, 998], [487, 903, 989, 704, 1000, 660, 730]]
len of cliques:  45
length of seeds:  45
seeds:  [[253, 432, 843, 786, 558, 921, 818, 662], [256, 937, 941, 778, 498, 971, 748], [438, 784, 693, 904, 536, 723, 590], [202, 881, 923, 944, 820, 576, 768], [288, 712, 971, 941, 952, 882, 950], [131, 928, 962, 613, 877, 777, 804], [470, 987, 983, 553, 984, 879, 919], [994, 973, 951, 935, 366, 874, 872], [487, 903, 989, 704, 1000, 660, 730], [82, 775, 883, 728, 527, 652], [730, 931, 903, 959, 989, 781], [423, 948, 871, 639, 696, 837], [114, 559, 978, 720, 916, 653], [349, 974, 997, 905, 914, 918], [204, 945, 697, 833, 525, 668], [122, 975, 610, 862, 602, 870], [180, 983, 879, 528, 987, 976], [678, 847, 761, 986, 725, 913], [247, 906, 967, 630, 909, 991], [813, 851, 922, 924, 982], [497, 770, 518, 626, 819], [84, 901, 856, 825, 812], [517, 961, 969, 892, 895], [518, 770, 755, 762, 938], [284, 979, 873, 532, 940], [148, 988, 575, 371, 947], [565, 578, 949, 633, 943], [367, 808, 593, 913, 958], [89, 849, 977, 530, 299], [282, 939, 981, 858, 925], [72, 972, 990, 966, 791], [365, 995, 942, 766, 475], [211, 747, 960, 604, 998], [206, 999, 597, 789], [709, 769, 878, 790], [628, 866, 817, 686], [425, 513, 850, 621], [270, 899, 864, 910], [816, 917, 933, 999], [28, 811, 980, 889], [354, 963, 985, 710], [137, 773, 744], [28, 848, 889], [41, 579, 861], [51, 853, 884]]
seeds_fitness [0.18241042345276873, 0.11570247933884298, 0.17647058823529413, 0.1276595744680851, 0.07865168539325842, 0.12962962962962962, 0.07749077490774908, 0.08267716535433071, 0.09545454545454546, 0.14634146341463414, 0.06369426751592357, 0.1111111111111111, 0.09836065573770492, 0.05628517823639775, 0.11029411764705882, 0.07853403141361257, 0.061855670103092786, 0.07462686567164178, 0.062111801242236024, 0.0423728813559322, 0.08130081300813008, 0.06042296072507553, 0.04032258064516129, 0.062111801242236024, 0.06042296072507553, 0.06116207951070336, 0.047505938242280284, 0.055248618784530384, 0.08438818565400844, 0.03780718336483932, 0.04338394793926247, 0.060790273556231005, 0.05361930294906166, 0.0410958904109589, 0.04477611940298507, 0.04669260700389105, 0.06486486486486487, 0.04013377926421405, 0.02830188679245283, 0.039735099337748346, 0.0335195530726257, 0.0379746835443038, 0.034482758620689655, 0.048, 0.03870967741935484]
after sort list of tuple: [(0, 0.18241042345276873), (2, 0.17647058823529413), (9, 0.14634146341463414), (5, 0.12962962962962962), (3, 0.1276595744680851), (1, 0.11570247933884298), (11, 0.1111111111111111), (14, 0.11029411764705882), (12, 0.09836065573770492), (8, 0.09545454545454546), (28, 0.08438818565400844), (7, 0.08267716535433071), (20, 0.08130081300813008), (4, 0.07865168539325842), (15, 0.07853403141361257), (6, 0.07749077490774908), (17, 0.07462686567164178), (36, 0.06486486486486487), (10, 0.06369426751592357), (18, 0.062111801242236024), (23, 0.062111801242236024), (16, 0.061855670103092786), (25, 0.06116207951070336), (31, 0.060790273556231005), (21, 0.06042296072507553), (24, 0.06042296072507553), (13, 0.05628517823639775), (27, 0.055248618784530384), (32, 0.05361930294906166), (43, 0.048), (26, 0.047505938242280284), (35, 0.04669260700389105), (34, 0.04477611940298507), (30, 0.04338394793926247), (19, 0.0423728813559322), (33, 0.0410958904109589), (22, 0.04032258064516129), (37, 0.04013377926421405), (39, 0.039735099337748346), (44, 0.03870967741935484), (41, 0.0379746835443038), (29, 0.03780718336483932), (42, 0.034482758620689655), (40, 0.0335195530726257), (38, 0.02830188679245283)]
seeds_sorted [[253, 432, 843, 786, 558, 921, 818, 662], [438, 784, 693, 904, 536, 723, 590], [82, 775, 883, 728, 527, 652], [131, 928, 962, 613, 877, 777, 804], [202, 881, 923, 944, 820, 576, 768], [256, 937, 941, 778, 498, 971, 748], [423, 948, 871, 639, 696, 837], [204, 945, 697, 833, 525, 668], [114, 559, 978, 720, 916, 653], [487, 903, 989, 704, 1000, 660, 730], [89, 849, 977, 530, 299], [994, 973, 951, 935, 366, 874, 872], [497, 770, 518, 626, 819], [288, 712, 971, 941, 952, 882, 950], [122, 975, 610, 862, 602, 870], [470, 987, 983, 553, 984, 879, 919], [678, 847, 761, 986, 725, 913], [425, 513, 850, 621], [730, 931, 903, 959, 989, 781], [247, 906, 967, 630, 909, 991], [518, 770, 755, 762, 938], [180, 983, 879, 528, 987, 976], [148, 988, 575, 371, 947], [365, 995, 942, 766, 475], [84, 901, 856, 825, 812], [284, 979, 873, 532, 940], [349, 974, 997, 905, 914, 918], [367, 808, 593, 913, 958], [211, 747, 960, 604, 998], [41, 579, 861], [565, 578, 949, 633, 943], [628, 866, 817, 686], [709, 769, 878, 790], [72, 972, 990, 966, 791], [813, 851, 922, 924, 982], [206, 999, 597, 789], [517, 961, 969, 892, 895], [270, 899, 864, 910], [28, 811, 980, 889], [51, 853, 884], [137, 773, 744], [282, 939, 981, 858, 925], [28, 848, 889], [354, 963, 985, 710], [816, 917, 933, 999]]
args__________ ([[253, 432, 843, 786, 558, 921, 818, 662], [816, 917, 933, 999]],)
args__________ ([[438, 784, 693, 904, 536, 723, 590], [354, 963, 985, 710]],)
args__________ ([[82, 775, 883, 728, 527, 652], [28, 848, 889]],)
args__________ ([[131, 928, 962, 613, 877, 777, 804], [282, 939, 981, 858, 925]],)
args__________ ([[202, 881, 923, 944, 820, 576, 768], [137, 773, 744]],)
args__________ ([[256, 937, 941, 778, 498, 971, 748], [51, 853, 884]],)
args__________ ([[423, 948, 871, 639, 696, 837], [28, 811, 980, 889]],)
args__________ ([[204, 945, 697, 833, 525, 668], [270, 899, 864, 910]],)
args__________ ([[114, 559, 978, 720, 916, 653], [517, 961, 969, 892, 895]],)
args__________ ([[487, 903, 989, 704, 1000, 660, 730], [206, 999, 597, 789]],)
args__________ ([[89, 849, 977, 530, 299], [813, 851, 922, 924, 982]],)
args__________ ([[994, 973, 951, 935, 366, 874, 872], [72, 972, 990, 966, 791]],)
args__________ ([[497, 770, 518, 626, 819], [709, 769, 878, 790]],)
args__________ ([[288, 712, 971, 941, 952, 882, 950]],)
args__________ ([[122, 975, 610, 862, 602, 870]],)
args__________ ([[470, 987, 983, 553, 984, 879, 919]],)
args__________ ([[678, 847, 761, 986, 725, 913]],)
args__________ ([[425, 513, 850, 621]],)
args__________ ([[730, 931, 903, 959, 989, 781]],)
args__________ ([[247, 906, 967, 630, 909, 991]],)
args__________ ([[518, 770, 755, 762, 938]],)
args__________ ([[180, 983, 879, 528, 987, 976]],)
args__________ ([[148, 988, 575, 371, 947]],)
args__________ ([[365, 995, 942, 766, 475]],)
args__________ ([[84, 901, 856, 825, 812]],)
args__________ ([[284, 979, 873, 532, 940]],)
args__________ ([[349, 974, 997, 905, 914, 918]],)
args__________ ([[367, 808, 593, 913, 958]],)
args__________ ([[211, 747, 960, 604, 998]],)
args__________ ([[41, 579, 861]],)
args__________ ([[565, 578, 949, 633, 943]],)
args__________ ([[628, 866, 817, 686]],)
finish process___________________
i =  0 [336, 331, 843, 818, 558, 432, 786, 181, 662, 921, 218, 253, 254]
i =  1 [1, 2, 3, 4, 5, 6, 7, 8, 9, 10, 11, 12, 13, 14, 15, 16, 17, 18, 19, 20, 21, 22, 23, 24, 25, 26, 27, 28, 29, 30, 31, 32, 33, 34, 35, 36, 37, 38, 39, 40, 41, 42, 43, 44, 45, 46, 47, 48, 49, 50, 51, 52, 53, 54, 55, 56, 57, 58, 59, 60, 61, 62, 63, 64, 65, 66, 67, 68, 69, 70, 71, 72, 73, 74, 75, 76, 77, 78, 79, 80, 81, 82, 83, 84, 85, 86, 87, 88, 89, 90, 91, 92, 93, 94, 95, 96, 97, 98, 99, 100, 101, 102, 103, 104, 105, 106, 107, 108, 109, 110, 111, 112, 113, 114, 115, 116, 117, 118, 119, 120, 121, 122, 123, 124, 125, 126, 127, 128, 129, 130, 131, 132, 133, 134, 135, 136, 137, 138, 139, 140, 141, 142, 143, 144, 145, 146, 147, 148, 149, 150, 151, 152, 153, 154, 155, 156, 157, 158, 159, 160, 161, 162, 163, 164, 165, 166, 167, 168, 169, 170, 171, 172, 173, 174, 175, 176, 177, 178, 179, 180, 181, 182, 183, 184, 185, 186, 187, 188, 189, 190, 191, 192, 193, 194, 195, 196, 197, 198, 199, 200, 201, 202, 203, 204, 205, 206, 207, 208, 209, 210, 211, 212, 213, 214, 215, 216, 217, 218, 219, 220, 221, 222, 223, 224, 225, 226, 227, 228, 229, 230, 231, 232, 233, 234, 235, 236, 237, 238, 239, 240, 241, 242, 243, 244, 245, 246, 247, 248, 249, 250, 251, 252, 253, 254, 255, 256, 257, 258, 259, 260, 261, 262, 263, 264, 265, 266, 267, 268, 269, 270, 271, 272, 273, 274, 275, 276, 277, 278, 279, 280, 281, 282, 283, 284, 285, 286, 287, 288, 289, 290, 291, 292, 293, 294, 295, 296, 297, 298, 299, 300, 301, 302, 303, 304, 305, 306, 307, 308, 309, 310, 311, 312, 313, 314, 315, 316, 317, 318, 319, 320, 321, 322, 323, 324, 325, 326, 327, 328, 329, 330, 331, 332, 333, 334, 335, 336, 337, 338, 339, 340, 341, 342, 343, 344, 345, 346, 347, 348, 349, 350, 351, 352, 353, 354, 355, 356, 357, 358, 359, 360, 361, 362, 363, 364, 365, 366, 367, 368, 369, 370, 371, 372, 373, 374, 375, 376, 377, 378, 379, 380, 381, 382, 383, 384, 385, 386, 387, 388, 389, 390, 391, 392, 393, 394, 395, 396, 397, 398, 399, 400, 401, 402, 403, 404, 405, 406, 407, 408, 409, 410, 411, 412, 413, 414, 415, 416, 417, 418, 419, 420, 421, 422, 423, 424, 425, 426, 427, 428, 429, 430, 431, 432, 433, 434, 435, 436, 437, 438, 439, 440, 441, 442, 443, 444, 445, 446, 447, 448, 449, 450, 451, 452, 453, 454, 455, 456, 457, 458, 459, 460, 461, 462, 463, 464, 465, 466, 467, 468, 469, 470, 471, 472, 473, 474, 475, 476, 477, 478, 479, 480, 481, 482, 483, 484, 485, 486, 487, 488, 489, 490, 491, 492, 493, 494, 495, 496, 497, 498, 499, 500, 501, 502, 503, 504, 505, 506, 507, 508, 509, 510, 511, 512, 513, 514, 515, 516, 517, 518, 519, 520, 521, 522, 523, 524, 525, 526, 527, 528, 529, 530, 531, 532, 533, 534, 535, 536, 537, 538, 539, 540, 541, 542, 543, 544, 545, 546, 547, 548, 549, 550, 551, 552, 553, 554, 555, 556, 557, 558, 559, 560, 561, 562, 563, 564, 565, 566, 567, 568, 569, 570, 571, 572, 573, 574, 575, 576, 577, 578, 579, 580, 581, 582, 583, 584, 585, 586, 587, 588, 589, 590, 591, 592, 593, 594, 595, 596, 597, 598, 599, 600, 601, 602, 603, 604, 605, 606, 607, 608, 609, 610, 611, 612, 613, 614, 615, 616, 617, 618, 619, 620, 621, 622, 623, 624, 625, 626, 627, 628, 629, 630, 631, 632, 633, 634, 635, 636, 637, 638, 639, 640, 641, 642, 643, 644, 645, 646, 647, 648, 649, 650, 651, 652, 653, 654, 655, 656, 657, 658, 659, 660, 661, 662, 663, 664, 665, 666, 667, 668, 669, 670, 671, 672, 673, 674, 675, 676, 677, 678, 679, 680, 681, 682, 683, 684, 685, 686, 687, 688, 689, 690, 691, 692, 693, 694, 695, 696, 697, 698, 699, 700, 701, 702, 703, 704, 705, 706, 707, 708, 709, 710, 711, 712, 713, 714, 715, 716, 717, 718, 719, 720, 721, 722, 723, 724, 725, 726, 727, 728, 729, 730, 731, 732, 733, 734, 735, 736, 737, 738, 739, 740, 741, 742, 743, 744, 745, 746, 747, 748, 749, 750, 751, 752, 753, 754, 755, 756, 757, 758, 759, 760, 761, 762, 763, 764, 765, 766, 767, 768, 769, 770, 771, 772, 773, 774, 775, 776, 777, 778, 779, 780, 781, 782, 783, 784, 785, 786, 787, 788, 789, 790, 791, 792, 793, 794, 795, 796, 797, 798, 799, 800, 801, 802, 803, 804, 805, 806, 807, 808, 809, 810, 811, 812, 813, 814, 815, 816, 817, 818, 819, 820, 821, 822, 823, 824, 825, 826, 827, 828, 829, 830, 831, 832, 833, 834, 835, 836, 837, 838, 839, 840, 841, 842, 843, 844, 845, 846, 847, 848, 849, 850, 851, 852, 853, 854, 855, 856, 857, 858, 859, 860, 861, 862, 863, 864, 865, 866, 867, 868, 869, 870, 871, 872, 873, 874, 875, 876, 877, 878, 879, 880, 881, 882, 883, 884, 885, 886, 887, 888, 889, 890, 891, 892, 893, 894, 895, 896, 897, 898, 899, 900, 901, 902, 903, 904, 905, 906, 907, 908, 909, 910, 911, 912, 913, 914, 915, 916, 917, 918, 919, 920, 921, 922, 923, 924, 925, 926, 927, 928, 929, 930, 931, 932, 933, 934, 935, 936, 937, 938, 939, 940, 941, 942, 943, 944, 945, 946, 947, 948, 949, 950, 951, 952, 953, 954, 955, 956, 957, 958, 959, 960, 961, 962, 963, 964, 965, 966, 967, 968, 969, 970, 971, 972, 973, 974, 975, 976, 977, 978, 979, 980, 981, 982, 983, 984, 985, 986, 987, 988, 989, 990, 991, 992, 993, 994, 995, 996, 997, 998, 999, 1000]
i =  2 [263, 904, 590, 784, 280, 723, 693, 438, 536, 315, 574]
i =  3 [259, 516, 262, 264, 139, 399, 985, 408, 28, 285, 542, 31, 289, 164, 37, 811, 172, 52, 53, 439, 572, 963, 710, 74, 76, 463, 376, 980, 473, 219, 719, 165, 480, 354, 507, 484, 743, 235, 907, 237, 752, 760, 889, 635, 345]
i =  4 [2, 549, 775, 883, 191, 652, 493, 527, 24, 82, 403, 566, 728, 91, 93, 735]
i =  5 [259, 516, 262, 136, 907, 399, 473, 408, 28, 542, 31, 289, 164, 37, 811, 172, 264, 439, 572, 139, 710, 463, 848, 376, 980, 985, 219, 719, 480, 484, 743, 235, 237, 752, 760, 889, 635]
i =  6 [928, 64, 962, 131, 804, 613, 391, 777, 650, 428, 877, 624, 482, 416, 314, 255]
i =  7 [644, 647, 925, 21, 281, 282, 27, 924, 922, 286, 676, 677, 939, 813, 943, 49, 308, 565, 62, 949, 448, 321, 578, 326, 333, 462, 851, 981, 982, 249, 472, 996, 858, 736, 352, 99, 740, 233, 363, 113, 503, 248, 633]
i =  8 [768, 192, 265, 271, 657, 663, 537, 283, 923, 685, 944, 306, 820, 576, 706, 202, 207, 208, 857, 476, 746, 494, 881, 380, 637]
i =  9 [515, 773, 137, 272, 148, 534, 664, 669, 799, 389, 176, 53, 543, 60, 445, 575, 324, 715, 589, 595, 726, 377, 988, 611, 228, 229, 744, 236, 371, 501, 375, 505]
i =  10 [256, 481, 226, 452, 712, 937, 778, 971, 748, 941, 288, 433, 498, 642, 215, 952, 556, 346, 220, 800]
i =  11 [98, 133, 171, 51, 20, 853, 153, 26, 884]
i =  12 [193, 130, 251, 580, 837, 246, 871, 423, 364, 146, 467, 564, 469, 577, 696, 313, 666, 948, 197, 639]
i =  13 [516, 264, 907, 399, 985, 408, 28, 542, 31, 289, 164, 165, 811, 172, 136, 439, 568, 572, 710, 463, 980, 473, 219, 719, 37, 480, 484, 743, 237, 752, 760, 889, 635]
i =  14 [833, 798, 101, 360, 524, 183, 204, 525, 945, 52, 405, 8, 151, 697, 668, 638, 190, 831]
i =  15 [769, 386, 3, 135, 9, 10, 910, 16, 899, 789, 149, 790, 153, 25, 27, 541, 545, 129, 171, 567, 782, 454, 597, 840, 73, 74, 206, 270, 771, 607, 864, 865, 98, 999, 144, 623, 403, 884, 632, 508, 362, 917]
i =  16 [1, 114, 134, 620, 653, 559, 720, 978, 307, 916, 54, 276, 410, 412]
i =  17 [517, 390, 396, 30, 33, 942, 185, 58, 446, 961, 582, 71, 200, 969, 846, 341, 86, 441, 100, 475, 995, 356, 104, 489, 365, 495, 243, 500, 382, 121, 892, 766, 895]
i =  18 [704, 449, 739, 485, 262, 487, 1000, 522, 327, 413, 294, 209, 221, 903, 609, 660, 730, 989, 959]
i =  19 [1, 2, 3, 4, 5, 6, 7, 8, 9, 10, 11, 12, 13, 14, 15, 16, 17, 18, 19, 20, 21, 22, 23, 24, 25, 26, 27, 28, 29, 30, 31, 32, 33, 34, 35, 36, 37, 38, 39, 40, 41, 42, 43, 44, 45, 46, 47, 48, 49, 50, 51, 52, 53, 54, 55, 56, 57, 58, 59, 60, 61, 62, 63, 64, 65, 66, 67, 68, 69, 70, 71, 72, 73, 74, 75, 76, 77, 78, 79, 80, 81, 82, 83, 84, 85, 86, 87, 88, 89, 90, 91, 92, 93, 94, 95, 96, 97, 98, 99, 100, 101, 102, 103, 104, 105, 106, 107, 108, 109, 110, 111, 112, 113, 114, 115, 116, 117, 118, 119, 120, 121, 122, 123, 124, 125, 126, 127, 128, 129, 130, 131, 132, 133, 134, 135, 136, 137, 138, 139, 140, 141, 142, 143, 144, 145, 146, 147, 148, 149, 150, 151, 152, 153, 154, 155, 156, 157, 158, 159, 160, 161, 162, 163, 164, 165, 166, 167, 168, 169, 170, 171, 172, 173, 174, 175, 176, 177, 178, 179, 180, 181, 182, 183, 184, 185, 186, 187, 188, 189, 190, 191, 192, 193, 194, 195, 196, 197, 198, 199, 200, 201, 202, 203, 204, 205, 206, 207, 208, 209, 210, 211, 212, 213, 214, 215, 216, 217, 218, 219, 220, 221, 222, 223, 224, 225, 226, 227, 228, 229, 230, 231, 232, 233, 234, 235, 236, 237, 238, 239, 240, 241, 242, 243, 244, 245, 246, 247, 248, 249, 250, 251, 252, 253, 254, 255, 256, 257, 258, 259, 260, 261, 262, 263, 264, 265, 266, 267, 268, 269, 270, 271, 272, 273, 274, 275, 276, 277, 278, 279, 280, 281, 282, 283, 284, 285, 286, 287, 288, 289, 290, 291, 292, 293, 294, 295, 296, 297, 298, 299, 300, 301, 302, 303, 304, 305, 306, 307, 308, 309, 310, 311, 312, 313, 314, 315, 316, 317, 318, 319, 320, 321, 322, 323, 324, 325, 326, 327, 328, 329, 330, 331, 332, 333, 334, 335, 336, 337, 338, 339, 340, 341, 342, 343, 344, 345, 346, 347, 348, 349, 350, 351, 352, 353, 354, 355, 356, 357, 358, 359, 360, 361, 362, 363, 364, 365, 366, 367, 368, 369, 370, 371, 372, 373, 374, 375, 376, 377, 378, 379, 380, 381, 382, 383, 384, 385, 386, 387, 388, 389, 390, 391, 392, 393, 394, 395, 396, 397, 398, 399, 400, 401, 402, 403, 404, 405, 406, 407, 408, 409, 410, 411, 412, 413, 414, 415, 416, 417, 418, 419, 420, 421, 422, 423, 424, 425, 426, 427, 428, 429, 430, 431, 432, 433, 434, 435, 436, 437, 438, 439, 440, 441, 442, 443, 444, 445, 446, 447, 448, 449, 450, 451, 452, 453, 454, 455, 456, 457, 458, 459, 460, 461, 462, 463, 464, 465, 466, 467, 468, 469, 470, 471, 472, 473, 474, 475, 476, 477, 478, 479, 480, 481, 482, 483, 484, 485, 486, 487, 488, 489, 490, 491, 492, 493, 494, 495, 496, 497, 498, 499, 500, 501, 502, 503, 504, 505, 506, 507, 508, 509, 510, 511, 512, 513, 514, 515, 516, 517, 518, 519, 520, 521, 522, 523, 524, 525, 526, 527, 528, 529, 530, 531, 532, 533, 534, 535, 536, 537, 538, 539, 540, 541, 542, 543, 544, 545, 546, 547, 548, 549, 550, 551, 552, 553, 554, 555, 556, 557, 558, 559, 560, 561, 562, 563, 564, 565, 566, 567, 568, 569, 570, 571, 572, 573, 574, 575, 576, 577, 578, 579, 580, 581, 582, 583, 584, 585, 586, 587, 588, 589, 590, 591, 592, 593, 594, 595, 596, 597, 598, 599, 600, 601, 602, 603, 604, 605, 606, 607, 608, 609, 610, 611, 612, 613, 614, 615, 616, 617, 618, 619, 620, 621, 622, 623, 624, 625, 626, 627, 628, 629, 630, 631, 632, 633, 634, 635, 636, 637, 638, 639, 640, 641, 642, 643, 644, 645, 646, 647, 648, 649, 650, 651, 652, 653, 654, 655, 656, 657, 658, 659, 660, 661, 662, 663, 664, 665, 666, 667, 668, 669, 670, 671, 672, 673, 674, 675, 676, 677, 678, 679, 680, 681, 682, 683, 684, 685, 686, 687, 688, 689, 690, 691, 692, 693, 694, 695, 696, 697, 698, 699, 700, 701, 702, 703, 704, 705, 706, 707, 708, 709, 710, 711, 712, 713, 714, 715, 716, 717, 718, 719, 720, 721, 722, 723, 724, 725, 726, 727, 728, 729, 730, 731, 732, 733, 734, 735, 736, 737, 738, 739, 740, 741, 742, 743, 744, 745, 746, 747, 748, 749, 750, 751, 752, 753, 754, 755, 756, 757, 758, 759, 760, 761, 762, 763, 764, 765, 766, 767, 768, 769, 770, 771, 772, 773, 774, 775, 776, 777, 778, 779, 780, 781, 782, 783, 784, 785, 786, 787, 788, 789, 790, 791, 792, 793, 794, 795, 796, 797, 798, 799, 800, 801, 802, 803, 804, 805, 806, 807, 808, 809, 810, 811, 812, 813, 814, 815, 816, 817, 818, 819, 820, 821, 822, 823, 824, 825, 826, 827, 828, 829, 830, 831, 832, 833, 834, 835, 836, 837, 838, 839, 840, 841, 842, 843, 844, 845, 846, 847, 848, 849, 850, 851, 852, 853, 854, 855, 856, 857, 858, 859, 860, 861, 862, 863, 864, 865, 866, 867, 868, 869, 870, 871, 872, 873, 874, 875, 876, 877, 878, 879, 880, 881, 882, 883, 884, 885, 886, 887, 888, 889, 890, 891, 892, 893, 894, 895, 896, 897, 898, 899, 900, 901, 902, 903, 904, 905, 906, 907, 908, 909, 910, 911, 912, 913, 914, 915, 916, 917, 918, 919, 920, 921, 922, 923, 924, 925, 926, 927, 928, 929, 930, 931, 932, 933, 934, 935, 936, 937, 938, 939, 940, 941, 942, 943, 944, 945, 946, 947, 948, 949, 950, 951, 952, 953, 954, 955, 956, 957, 958, 959, 960, 961, 962, 963, 964, 965, 966, 967, 968, 969, 970, 971, 972, 973, 974, 975, 976, 977, 978, 979, 980, 981, 982, 983, 984, 985, 986, 987, 988, 989, 990, 991, 992, 993, 994, 995, 996, 997, 998, 999, 1000]
i =  20 [68, 514, 163, 36, 977, 105, 299, 429, 110, 205, 849, 434, 150, 89, 612, 530]
i =  21 [644, 647, 21, 407, 281, 282, 27, 924, 922, 286, 676, 677, 939, 813, 943, 48, 49, 308, 949, 317, 62, 565, 448, 321, 578, 326, 462, 352, 851, 981, 982, 633, 472, 996, 858, 736, 740, 233, 363, 113, 503, 248, 249]
i =  22 [141, 142, 15, 404, 406, 47, 935, 301, 431, 690, 951, 571, 711, 973, 464, 223, 994, 357, 872, 874, 39, 366, 111, 753, 763]
i =  23 [7, 649, 11, 143, 791, 154, 415, 293, 42, 48, 182, 311, 570, 956, 323, 966, 72, 972, 460, 717, 78, 80, 343, 92, 442, 990, 117, 510]
i =  24 [450, 132, 325, 518, 807, 393, 106, 770, 938, 369, 626, 497, 278, 755, 440, 819, 732, 157, 702, 95]
i =  25 [149, 769, 386, 899, 135, 9, 10, 910, 144, 145, 3, 789, 790, 153, 25, 155, 545, 27, 129, 171, 51, 567, 189, 782, 586, 709, 454, 597, 840, 73, 74, 206, 850, 270, 342, 771, 607, 864, 865, 98, 391, 742, 529, 362, 999, 466, 878, 317, 168, 403, 884, 759, 632, 508, 917]
i =  26 [256, 642, 778, 288, 937, 556, 941, 433, 950, 952, 800, 452, 712, 971, 215, 346, 220, 350, 481, 226, 748, 498, 882]
i =  27 [129, 902, 395, 269, 655, 275, 162, 419, 44, 699, 700, 573, 319, 70, 841, 34, 975, 88, 601, 602, 862, 351, 993, 610, 870, 103, 232, 502, 122]
i =  28 [640, 261, 528, 919, 539, 156, 69, 33, 290, 296, 553, 180, 436, 186, 453, 329, 372, 470, 983, 984, 987, 879, 627, 116, 885]
i =  29 [5, 394, 526, 913, 277, 667, 166, 808, 815, 437, 184, 701, 198, 893, 76, 847, 593, 83, 468, 725, 986, 678, 230, 367, 368, 758, 761, 38, 381]
i =  30 [97, 579, 513, 456, 425, 554, 621, 302, 557, 168, 18, 340, 41, 850, 670]
i =  31 [262, 903, 522, 11, 781, 660, 413, 931, 294, 989, 187, 959, 704, 449, 327, 209, 291, 730, 221, 609, 739, 485, 487]
i =  32 [388, 906, 268, 909, 149, 926, 801, 547, 295, 555, 318, 967, 328, 592, 991, 618, 108, 749, 622, 630, 247, 379]
i =  33 [770, 132, 518, 393, 526, 278, 157, 807, 938, 819, 440, 702, 450, 325, 497, 732, 95, 106, 369, 626, 755, 762]
i =  34 [640, 261, 528, 539, 156, 69, 33, 180, 296, 553, 436, 372, 186, 453, 329, 976, 470, 983, 984, 987, 879, 116, 885]
i =  35 [515, 773, 519, 137, 272, 148, 534, 664, 669, 799, 389, 377, 176, 947, 53, 543, 60, 445, 575, 324, 715, 589, 595, 726, 121, 988, 611, 228, 229, 236, 371, 501, 375, 505]
i =  36 [517, 390, 396, 30, 942, 303, 185, 446, 71, 200, 846, 341, 86, 441, 216, 475, 995, 100, 104, 489, 365, 495, 243, 382, 121, 892, 766, 895]
i =  37 [384, 901, 6, 940, 267, 532, 406, 284, 414, 934, 681, 812, 430, 310, 825, 461, 337, 979, 84, 856, 606, 737, 231, 873, 238, 118, 809]
i =  38 [384, 901, 6, 940, 267, 13, 532, 152, 284, 414, 934, 681, 812, 430, 310, 825, 58, 337, 979, 84, 856, 606, 737, 354, 231, 873, 238, 118, 809]
i =  39 [905, 523, 397, 654, 914, 918, 936, 304, 316, 61, 447, 330, 75, 974, 591, 214, 471, 349, 997, 614, 745, 875, 880, 625, 115, 120, 378, 509]
i =  40 [5, 394, 913, 277, 667, 678, 808, 815, 437, 184, 701, 958, 198, 893, 334, 847, 593, 83, 468, 725, 88, 986, 38, 230, 367, 368, 758, 761, 381, 166]
i =  41 [260, 392, 12, 401, 659, 155, 161, 418, 167, 604, 43, 686, 47, 817, 50, 312, 867, 960, 196, 713, 203, 721, 338, 211, 85, 90, 348, 478, 866, 227, 998, 81, 747, 492, 210, 751, 240, 241, 754, 634, 126, 127]
i =  42 [97, 579, 390, 582, 513, 456, 41, 554, 557, 302, 621, 168, 18, 340, 425, 312, 850, 861, 670]
i =  43 [644, 647, 656, 21, 281, 282, 27, 924, 922, 286, 676, 677, 939, 813, 943, 48, 49, 308, 565, 62, 949, 448, 321, 578, 326, 462, 851, 981, 982, 633, 472, 996, 858, 736, 352, 99, 740, 233, 363, 112, 113, 503, 248, 249]
i =  44 [260, 12, 161, 348, 43, 686, 817, 312, 960, 713, 338, 867, 90, 604, 478, 866, 227, 747, 751, 240, 754, 211, 628, 634, 127]
finish get all communities
complete deal_communities
commplete get_all_nature_community
----------------------------------The detection result is: 

all communities: 
i =  1 : [181, 218, 253, 254, 331, 336, 432, 558, 662, 786, 818, 843, 921]
i =  2 : [263, 280, 315, 438, 536, 574, 590, 693, 723, 784, 904]
i =  3 : [2, 24, 82, 91, 93, 191, 403, 493, 527, 549, 566, 652, 728, 735, 775, 883]
i =  4 : [64, 131, 255, 314, 391, 416, 428, 482, 613, 624, 650, 777, 804, 877, 928, 962]
i =  5 : [192, 202, 207, 208, 265, 271, 283, 306, 380, 476, 494, 537, 576, 637, 657, 663, 685, 706, 746, 768, 820, 857, 881, 923, 944]
i =  6 : [20, 26, 51, 98, 133, 153, 171, 853, 884]
i =  7 : [130, 146, 193, 197, 246, 251, 313, 364, 423, 467, 469, 564, 577, 580, 639, 666, 696, 837, 871, 948]
i =  8 : [8, 52, 101, 151, 183, 190, 204, 360, 405, 524, 525, 638, 668, 697, 798, 831, 833, 945]
i =  9 : [1, 54, 114, 134, 276, 307, 410, 412, 559, 620, 653, 720, 916, 978]
i =  10 : [36, 68, 89, 105, 110, 150, 163, 205, 299, 429, 434, 514, 530, 612, 849, 977]
i =  11 : [15, 39, 47, 111, 141, 142, 223, 301, 357, 366, 404, 406, 431, 464, 571, 690, 711, 753, 763, 872, 874, 935, 951, 973, 994]
i =  12 : [7, 11, 42, 48, 72, 78, 80, 92, 117, 143, 154, 182, 293, 311, 323, 343, 415, 442, 460, 510, 570, 649, 717, 791, 956, 966, 972, 990]
i =  13 : [215, 220, 226, 256, 288, 346, 350, 433, 452, 481, 498, 556, 642, 712, 748, 778, 800, 882, 937, 941, 950, 952, 971]
i =  14 : [34, 44, 70, 88, 103, 122, 129, 162, 232, 269, 275, 319, 351, 395, 419, 502, 573, 601, 602, 610, 655, 699, 700, 841, 862, 870, 902, 975, 993]
i =  15 : [108, 149, 247, 268, 295, 318, 328, 379, 388, 547, 555, 592, 618, 622, 630, 749, 801, 906, 909, 926, 967, 991]
i =  16 : [95, 106, 132, 157, 278, 325, 369, 393, 440, 450, 497, 518, 526, 626, 702, 732, 755, 762, 770, 807, 819, 938]
i =  17 : [61, 75, 115, 120, 214, 304, 316, 330, 349, 378, 397, 447, 471, 509, 523, 591, 614, 625, 654, 745, 875, 880, 905, 914, 918, 936, 974, 997]
i =  18 : [12, 43, 47, 50, 81, 85, 90, 126, 127, 155, 161, 167, 196, 203, 210, 211, 227, 240, 241, 260, 312, 338, 348, 392, 401, 418, 478, 492, 604, 634, 659, 686, 713, 721, 747, 751, 754, 817, 866, 867, 960, 998]
i =  19 : [18, 41, 97, 168, 302, 312, 340, 390, 425, 456, 513, 554, 557, 579, 582, 621, 670, 850, 861]
i =  20 : [12, 43, 90, 127, 161, 211, 227, 240, 260, 312, 338, 348, 478, 604, 628, 634, 686, 713, 747, 751, 754, 817, 866, 867, 960]
i =  21 : [53, 60, 121, 137, 148, 176, 228, 229, 236, 272, 324, 371, 375, 377, 389, 445, 501, 505, 515, 519, 534, 543, 575, 589, 595, 611, 664, 669, 715, 726, 744, 773, 799, 947, 988]
i =  22 : [3, 9, 10, 16, 25, 27, 51, 73, 74, 98, 129, 135, 144, 145, 149, 153, 155, 168, 171, 189, 206, 270, 317, 342, 362, 386, 391, 403, 454, 466, 508, 529, 541, 545, 567, 586, 597, 607, 623, 632, 709, 742, 759, 769, 771, 782, 789, 790, 840, 850, 864, 865, 878, 884, 899, 910, 917, 999]
i =  23 : [30, 33, 58, 71, 86, 100, 104, 121, 185, 200, 216, 243, 303, 341, 356, 365, 382, 390, 396, 441, 446, 475, 489, 495, 500, 517, 582, 766, 846, 892, 895, 942, 961, 969, 995]
i =  24 : [11, 187, 209, 221, 262, 291, 294, 327, 413, 449, 485, 487, 522, 609, 660, 704, 730, 739, 781, 903, 931, 959, 989, 1000]
i =  25 : [33, 69, 116, 156, 180, 186, 261, 290, 296, 329, 372, 436, 453, 470, 528, 539, 553, 627, 640, 879, 885, 919, 976, 983, 984, 987]
i =  26 : [5, 38, 76, 83, 88, 166, 184, 198, 230, 277, 334, 367, 368, 381, 394, 437, 468, 526, 593, 667, 678, 701, 725, 758, 761, 808, 815, 847, 893, 913, 958, 986]
i =  27 : [6, 13, 58, 84, 118, 152, 231, 238, 267, 284, 310, 337, 354, 384, 406, 414, 430, 461, 532, 606, 681, 737, 809, 812, 825, 856, 873, 901, 934, 940, 979]
i =  28 : [28, 31, 37, 52, 53, 74, 76, 136, 139, 164, 165, 172, 219, 235, 237, 259, 262, 264, 285, 289, 345, 354, 376, 399, 408, 439, 463, 473, 480, 484, 507, 516, 542, 568, 572, 635, 710, 719, 743, 752, 760, 811, 848, 889, 907, 963, 980, 985]
i =  29 : [21, 27, 48, 49, 62, 99, 112, 113, 233, 248, 249, 281, 282, 286, 308, 317, 321, 326, 333, 352, 363, 407, 448, 462, 472, 503, 565, 578, 633, 644, 647, 656, 676, 677, 736, 740, 813, 851, 858, 922, 924, 925, 939, 943, 949, 981, 982, 996]
overlapping nodes are:  [11, 12, 27, 33, 43, 47, 48, 51, 52, 53, 58, 74, 76, 88, 90, 98, 121, 127, 129, 149, 153, 155, 161, 168, 171, 211, 227, 240, 260, 262, 312, 317, 338, 348, 354, 390, 391, 403, 406, 478, 526, 582, 604, 634, 686, 713, 747, 751, 754, 817, 850, 866, 867, 884, 960] 
 NOO is:  55
total time is:  124.152777195
